<?xml version="1.0" encoding="utf-8"?>
<rss version="2.0" xmlns:media="http://search.yahoo.com/mrss/" xmlns:atom="http://www.w3.org/2005/Atom" xmlns:creativeCommons="http://backend.userland.com/creativeCommonsRssModule">
    <channel>
        <title>DeviantArt: Popular</title>
        <link>https://www.deviantart.com/?q=-in%3Aliterature</link>
        <description>DeviantArt RSS for Popular</description>
        <language>en-us</language>
        <copyright>Copyright 2019, DeviantArt.com</copyright>
        <pubDate>Thu, 21 Feb 2019 17:20:24 PST</pubDate>

        <generator>DeviantArt.com</generator>
        <docs>http://blogs.law.harvard.edu/tech/rss</docs>
        <atom:icon>https://st.deviantart.net/minish/touch-icons/android-192.png</atom:icon>
        <atom:link type="application/rss+xml" rel="self" href="https://backend.deviantart.com/rss.xml?type=deviation&amp;q=-in%3Aliterature&amp;order=11" />
        <atom:link rel="next" href="https://backend.deviantart.com/rss.xml?type=deviation&amp;q=-in%3Aliterature&amp;order=11&amp;offset=60" />
                    <item>
                <title>Daily Paint 2283. Merit Badger</title>
                <link>https://cryptid-creations.deviantart.com/art/Daily-Paint-2283-Merit-Badger-786557305</link>
                <guid isPermaLink="true">https://cryptid-creations.deviantart.com/art/Daily-Paint-2283-Merit-Badger-786557305</guid>
                <pubDate>Wed, 20 Feb 2019 19:36:05 PST</pubDate>
                        <media:title type="plain">Daily Paint 2283. Merit Badger</media:title>
        <media:keywords></media:keywords>
                        <media:rating>nonadult</media:rating>
                <media:category label="Animals">digitalart/paintings/animals</media:category>
        <media:credit role="author" scheme="urn:ebu">Cryptid-Creations</media:credit>
        <media:credit role="author" scheme="urn:ebu">https://a.deviantart.net/avatars/c/r/cryptid-creations.png?4</media:credit>
        <media:copyright url="https://cryptid-creations.deviantart.com">Copyright 2019 Cryptid-Creations</media:copyright>            <media:description type="html">&lt;b&gt;&lt;/b&gt;&lt;b&gt;&lt;/b&gt;&lt;b&gt;&lt;/b&gt;&lt;b&gt;&lt;/b&gt;&lt;b&gt;&lt;/b&gt;&lt;b&gt;&lt;/b&gt;&lt;b&gt;&lt;/b&gt;&lt;b&gt;&lt;/b&gt;&lt;b&gt;&lt;/b&gt;&lt;b&gt;&lt;/b&gt;&lt;b&gt;&lt;/b&gt;&lt;b&gt;&lt;/b&gt;&lt;b&gt;&lt;/b&gt;&lt;b&gt;&lt;/b&gt;&lt;b&gt;&lt;/b&gt;&lt;b&gt;&lt;/b&gt;&lt;b&gt;&lt;/b&gt;&lt;b&gt;&lt;/b&gt;&lt;b&gt;&lt;/b&gt;&lt;b&gt;&lt;/b&gt;&lt;b&gt;&lt;/b&gt;&lt;b&gt;&lt;/b&gt;&lt;b&gt;&lt;/b&gt;&lt;b&gt;&lt;/b&gt;&lt;b&gt;&lt;/b&gt;&lt;b&gt;&lt;/b&gt;&lt;b&gt;&lt;/b&gt;&lt;b&gt;&lt;/b&gt;&lt;b&gt;&lt;/b&gt;&lt;b&gt;&lt;/b&gt;&lt;b&gt;&lt;/b&gt;&lt;b&gt;&lt;/b&gt;&lt;b&gt;&lt;/b&gt;&lt;b&gt;&lt;/b&gt;&lt;b&gt;&lt;/b&gt;&lt;b&gt;&lt;/b&gt;&lt;b&gt;&lt;/b&gt;&lt;b&gt;&lt;/b&gt;&lt;b&gt;&lt;/b&gt;&lt;b&gt;&lt;/b&gt;&lt;b&gt;&lt;/b&gt;&lt;b&gt;&lt;/b&gt;&lt;b&gt;&lt;/b&gt;&lt;b&gt;&lt;/b&gt;&lt;b&gt;&lt;/b&gt;&lt;b&gt;&lt;/b&gt;&lt;b&gt;&lt;/b&gt;&lt;b&gt;&lt;/b&gt;&lt;b&gt;&lt;/b&gt;&lt;b&gt;&lt;/b&gt;&lt;b&gt;&lt;/b&gt;&lt;b&gt;&lt;/b&gt;&lt;b&gt;&lt;/b&gt;&lt;b&gt;&lt;/b&gt;&lt;b&gt;&lt;/b&gt;&lt;b&gt;&lt;/b&gt;&lt;b&gt;&lt;/b&gt;&lt;b&gt;&lt;/b&gt;&lt;b&gt;&lt;/b&gt;&lt;b&gt;&lt;/b&gt;&lt;b&gt;&lt;/b&gt;&lt;b&gt;&lt;/b&gt;&lt;b&gt;&lt;/b&gt;&lt;b&gt;&lt;/b&gt;&lt;b&gt;&lt;/b&gt;&lt;b&gt;&lt;/b&gt;&lt;b&gt;&lt;/b&gt;&lt;b&gt;&lt;/b&gt;&lt;b&gt;&lt;/b&gt;&lt;b&gt;&lt;/b&gt;&lt;b&gt;&lt;/b&gt;&lt;b&gt;&lt;/b&gt;&lt;b&gt;&lt;/b&gt;&lt;b&gt;&lt;/b&gt;&lt;b&gt;&lt;/b&gt;&lt;b&gt;&lt;/b&gt;&lt;b&gt;&lt;/b&gt;&lt;b&gt;&lt;/b&gt;&lt;b&gt;&lt;/b&gt;&lt;b&gt;&lt;br /&gt;&lt;a class=&quot;external&quot; href=&quot;https://www.deviantart.com/users/outgoing?http://forgepublishing.com/shop/&quot;&gt;ForgePublishing.com/shop&lt;/a&gt;&lt;br /&gt;&lt;br /&gt;&lt;br /&gt;.&lt;img src=&quot;https://e.deviantart.net/emoticons/b/bulletgreen.gif&quot; width=&quot;10&quot; height=&quot;10&quot; alt=&quot;:bulletgreen:&quot; data-embed-type=&quot;emoticon&quot; data-embed-id=&quot;209&quot; title=&quot;Bullet; Green&quot;/&gt; &lt;b&gt;A big thanks to my Patrons for supporting my work! &lt;img src=&quot;https://e.deviantart.net/emoticons/s/smile.gif&quot; width=&quot;15&quot; height=&quot;15&quot; alt=&quot;:)&quot; data-embed-type=&quot;emoticon&quot; data-embed-id=&quot;391&quot; title=&quot;:) (Smile)&quot;/&gt; For time-lapses, WIP&#039;s and other goodies ---please check out my Patreon.&lt;/b&gt;&lt;b&gt;&lt;/b&gt;&lt;b&gt;&lt;/b&gt;&lt;b&gt;&lt;/b&gt;&lt;b&gt;&lt;/b&gt;&lt;b&gt;&lt;/b&gt;&lt;b&gt;&lt;/b&gt;&lt;b&gt;&lt;/b&gt;&lt;b&gt;&lt;/b&gt;&lt;b&gt;&lt;/b&gt;&lt;b&gt;&lt;/b&gt;&lt;b&gt;&lt;/b&gt;&lt;b&gt;&lt;/b&gt;&lt;b&gt;&lt;/b&gt;&lt;b&gt;&lt;/b&gt;&lt;b&gt;&lt;/b&gt;&lt;b&gt;&lt;/b&gt;&lt;b&gt;&lt;/b&gt;&lt;b&gt;&lt;/b&gt;&lt;b&gt;&lt;/b&gt;&lt;b&gt;&lt;/b&gt;&lt;b&gt;&lt;/b&gt;&lt;b&gt;&lt;/b&gt;&lt;b&gt;&lt;/b&gt;&lt;b&gt;&lt;/b&gt;&lt;b&gt;&lt;/b&gt;&lt;b&gt;&lt;/b&gt;&lt;b&gt;&lt;/b&gt;&lt;b&gt;&lt;/b&gt;&lt;b&gt;&lt;/b&gt;&lt;b&gt;&lt;/b&gt;&lt;b&gt;&lt;/b&gt;&lt;b&gt;&lt;/b&gt;&lt;b&gt;&lt;/b&gt;&lt;b&gt;&lt;/b&gt;&lt;b&gt;&lt;/b&gt;&lt;b&gt;&lt;/b&gt;&lt;b&gt;&lt;/b&gt;&lt;b&gt;&lt;/b&gt;&lt;b&gt;&lt;/b&gt;&lt;b&gt;&lt;/b&gt;&lt;b&gt;&lt;/b&gt;&lt;b&gt;&lt;/b&gt;&lt;b&gt;&lt;/b&gt;&lt;b&gt;&lt;/b&gt;&lt;b&gt;&lt;/b&gt;&lt;b&gt;&lt;/b&gt;&lt;b&gt;&lt;/b&gt;&lt;b&gt;&lt;/b&gt;&lt;b&gt;&lt;/b&gt;&lt;b&gt;&lt;/b&gt;&lt;b&gt;&lt;/b&gt;&lt;b&gt;&lt;/b&gt;&lt;b&gt;&lt;/b&gt;&lt;b&gt;&lt;/b&gt;&lt;b&gt;&lt;/b&gt;&lt;b&gt;&lt;/b&gt;&lt;b&gt;&lt;/b&gt;&lt;b&gt;&lt;/b&gt;&lt;b&gt;&lt;/b&gt;&lt;b&gt;&lt;/b&gt;&lt;b&gt;&lt;/b&gt;&lt;b&gt;&lt;/b&gt;&lt;b&gt;&lt;/b&gt;&lt;b&gt;&lt;/b&gt;&lt;b&gt;&lt;/b&gt;&lt;b&gt;&lt;/b&gt;&lt;b&gt;&lt;/b&gt;&lt;b&gt;&lt;/b&gt;&lt;b&gt;&lt;/b&gt;&lt;b&gt;&lt;/b&gt;&lt;b&gt;&lt;/b&gt;&lt;b&gt;&lt;/b&gt;&lt;b&gt;&lt;/b&gt;&lt;b&gt;&lt;/b&gt;&lt;b&gt;&lt;/b&gt;&lt;b&gt;&lt;/b&gt;&lt;b&gt;&lt;/b&gt;&lt;b&gt;&lt;/b&gt;&lt;b&gt;&lt;/b&gt;&lt;b&gt;&lt;/b&gt;&lt;b&gt;&lt;/b&gt;&lt;b&gt;&lt;/b&gt;&lt;b&gt;&lt;/b&gt;&lt;b&gt;&lt;/b&gt;&lt;b&gt;&lt;/b&gt;&lt;b&gt;&lt;/b&gt;&lt;b&gt;&lt;/b&gt;&lt;b&gt;&lt;/b&gt;&lt;b&gt;&lt;/b&gt;&lt;b&gt;&lt;/b&gt;&lt;b&gt;&lt;/b&gt;&lt;b&gt;&lt;/b&gt;&lt;b&gt;&lt;/b&gt;&lt;b&gt;&lt;/b&gt;&lt;b&gt;&lt;/b&gt;&lt;b&gt;&lt;/b&gt;&lt;b&gt;&lt;/b&gt;&lt;b&gt;&lt;/b&gt;&lt;b&gt;&lt;/b&gt;&lt;b&gt;&lt;/b&gt;&lt;b&gt;&lt;/b&gt;&lt;b&gt;&lt;/b&gt;&lt;b&gt;&lt;/b&gt;&lt;b&gt;&lt;/b&gt;&lt;b&gt;&lt;/b&gt;&lt;b&gt;&lt;/b&gt;&lt;b&gt;&lt;/b&gt;&lt;b&gt;&lt;/b&gt;&lt;b&gt;&lt;/b&gt;&lt;b&gt;&lt;/b&gt;&lt;b&gt;&lt;/b&gt;&lt;b&gt;&lt;/b&gt;&lt;b&gt;&lt;/b&gt;&lt;b&gt;&lt;/b&gt;&lt;b&gt;&lt;/b&gt;&lt;b&gt;&lt;/b&gt;&lt;b&gt;&lt;/b&gt;&lt;b&gt;&lt;/b&gt;&lt;b&gt;&lt;/b&gt;&lt;b&gt;&lt;/b&gt;&lt;b&gt;&lt;/b&gt;&lt;b&gt;&lt;/b&gt;&lt;b&gt;&lt;/b&gt;&lt;b&gt;&lt;/b&gt;&lt;b&gt;&lt;/b&gt;&lt;b&gt;&lt;/b&gt;&lt;b&gt;&lt;/b&gt;&lt;b&gt;&lt;/b&gt;&lt;b&gt;&lt;/b&gt;&lt;b&gt;&lt;/b&gt;&lt;b&gt;&lt;/b&gt;&lt;b&gt;&lt;/b&gt;&lt;b&gt;&lt;/b&gt;&lt;b&gt;&lt;/b&gt;&lt;b&gt;&lt;/b&gt;&lt;b&gt;&lt;/b&gt;&lt;b&gt;&lt;/b&gt;&lt;b&gt;&lt;/b&gt;&lt;b&gt;&lt;/b&gt;&lt;b&gt;&lt;/b&gt;&lt;b&gt;&lt;/b&gt;&lt;b&gt;&lt;/b&gt;&lt;b&gt;&lt;/b&gt;&lt;b&gt;&lt;/b&gt;&lt;b&gt;&lt;/b&gt;&lt;b&gt;&lt;/b&gt;&lt;b&gt;&lt;/b&gt;&lt;b&gt;&lt;/b&gt;&lt;b&gt;&lt;/b&gt;&lt;b&gt;&lt;/b&gt;&lt;b&gt;&lt;/b&gt;&lt;b&gt;&lt;/b&gt;&lt;b&gt;&lt;/b&gt;&lt;b&gt;&lt;/b&gt;&lt;b&gt;&lt;/b&gt;&lt;b&gt;&lt;/b&gt;&lt;b&gt;&lt;/b&gt;&lt;b&gt;&lt;/b&gt;&lt;b&gt;&lt;/b&gt;&lt;b&gt;&lt;/b&gt;&lt;b&gt;&lt;/b&gt;&lt;b&gt;&lt;/b&gt;&lt;b&gt;&lt;/b&gt;&lt;b&gt;&lt;/b&gt;&lt;b&gt;&lt;/b&gt;&lt;b&gt;&lt;/b&gt;&lt;b&gt;&lt;/b&gt;&lt;b&gt;&lt;/b&gt;&lt;b&gt;&lt;/b&gt;&lt;b&gt;&lt;/b&gt;&lt;b&gt;&lt;/b&gt;&lt;b&gt;&lt;/b&gt;&lt;b&gt;&lt;/b&gt;&lt;b&gt;&lt;/b&gt;&lt;b&gt;&lt;/b&gt;&lt;b&gt;&lt;/b&gt;&lt;b&gt;&lt;/b&gt;&lt;b&gt;&lt;/b&gt;&lt;b&gt;&lt;/b&gt;&lt;b&gt;&lt;/b&gt;&lt;b&gt;&lt;/b&gt;&lt;b&gt;&lt;/b&gt;&lt;b&gt;&lt;/b&gt;&lt;b&gt;&lt;/b&gt;&lt;b&gt;&lt;/b&gt;&lt;b&gt;&lt;/b&gt;&lt;b&gt;&lt;/b&gt;&lt;b&gt;&lt;/b&gt;&lt;b&gt;&lt;/b&gt;&lt;b&gt;&lt;/b&gt;&lt;b&gt;&lt;/b&gt;&lt;b&gt;&lt;/b&gt;&lt;b&gt;&lt;/b&gt;&lt;b&gt;&lt;/b&gt;&lt;b&gt;&lt;/b&gt;&lt;b&gt;&lt;/b&gt;&lt;b&gt;&lt;/b&gt;&lt;b&gt;&lt;/b&gt;&lt;b&gt;&lt;/b&gt;&lt;b&gt;&lt;/b&gt;&lt;b&gt;&lt;/b&gt;&lt;b&gt;&lt;/b&gt;&lt;b&gt;&lt;/b&gt;&lt;b&gt;&lt;/b&gt;&lt;b&gt;&lt;/b&gt;&lt;b&gt;&lt;/b&gt;&lt;b&gt;&lt;/b&gt;&lt;b&gt;&lt;/b&gt;&lt;b&gt;&lt;/b&gt;&lt;b&gt;&lt;/b&gt;&lt;b&gt;&lt;/b&gt;&lt;b&gt;&lt;/b&gt;&lt;b&gt;&lt;/b&gt;&lt;b&gt;&lt;/b&gt;&lt;b&gt;&lt;/b&gt;&lt;b&gt;&lt;/b&gt;&lt;b&gt;&lt;/b&gt;&lt;b&gt;&lt;/b&gt;&lt;b&gt;&lt;/b&gt;&lt;b&gt;&lt;/b&gt;&lt;b&gt;&lt;/b&gt;&lt;b&gt;&lt;/b&gt;&lt;b&gt;&lt;/b&gt;&lt;b&gt;&lt;/b&gt;&lt;b&gt;&lt;/b&gt;&lt;b&gt;&lt;/b&gt;&lt;b&gt;&lt;/b&gt;&lt;b&gt;&lt;/b&gt;&lt;b&gt;&lt;/b&gt;&lt;b&gt;&lt;/b&gt;&lt;b&gt;&lt;/b&gt;&lt;b&gt;&lt;/b&gt;&lt;b&gt;&lt;/b&gt;&lt;b&gt;&lt;/b&gt;&lt;b&gt;&lt;/b&gt;&lt;b&gt;&lt;/b&gt;&lt;b&gt;&lt;/b&gt;&lt;b&gt;&lt;/b&gt;&lt;b&gt;&lt;/b&gt;&lt;b&gt;&lt;/b&gt;&lt;b&gt;&lt;/b&gt;&lt;b&gt;&lt;/b&gt;&lt;b&gt;&lt;/b&gt;&lt;b&gt;&lt;/b&gt;&lt;b&gt;&lt;/b&gt;&lt;b&gt;&lt;/b&gt;&lt;b&gt;&lt;/b&gt;&lt;b&gt;&lt;/b&gt;&lt;b&gt;&lt;/b&gt;&lt;b&gt;&lt;/b&gt;&lt;b&gt;&lt;/b&gt;&lt;b&gt;&lt;/b&gt;&lt;b&gt;&lt;/b&gt;&lt;b&gt;&lt;/b&gt;&lt;b&gt;&lt;/b&gt;&lt;b&gt;&lt;/b&gt;&lt;b&gt;&lt;/b&gt;&lt;b&gt;&lt;/b&gt;&lt;b&gt;&lt;/b&gt;&lt;b&gt;&lt;/b&gt;&lt;b&gt;&lt;/b&gt;&lt;b&gt;&lt;/b&gt;&lt;b&gt;&lt;/b&gt;&lt;b&gt;&lt;/b&gt;&lt;b&gt;&lt;/b&gt;&lt;b&gt;&lt;/b&gt;&lt;b&gt;&lt;/b&gt;&lt;b&gt;&lt;/b&gt;&lt;b&gt;&lt;/b&gt;&lt;b&gt;&lt;/b&gt;&lt;b&gt;&lt;/b&gt;&lt;b&gt;&lt;/b&gt;&lt;b&gt;&lt;/b&gt;&lt;b&gt;&lt;/b&gt;&lt;b&gt;&lt;/b&gt;&lt;b&gt;&lt;/b&gt;&lt;b&gt;&lt;/b&gt;&lt;b&gt;&lt;/b&gt;&lt;b&gt;&lt;/b&gt;&lt;b&gt;&lt;/b&gt;&lt;b&gt;&lt;/b&gt;&lt;b&gt;&lt;/b&gt;&lt;b&gt;&lt;/b&gt;&lt;b&gt;&lt;/b&gt;&lt;b&gt;&lt;/b&gt;&lt;b&gt;&lt;/b&gt;&lt;b&gt;&lt;/b&gt;&lt;b&gt;&lt;/b&gt;&lt;b&gt;&lt;/b&gt;&lt;b&gt;&lt;/b&gt;&lt;b&gt;&lt;/b&gt;&lt;b&gt;&lt;/b&gt;&lt;b&gt;&lt;/b&gt;&lt;b&gt;&lt;/b&gt;&lt;b&gt;&lt;/b&gt;&lt;b&gt;&lt;/b&gt;&lt;b&gt;&lt;/b&gt;&lt;b&gt;&lt;/b&gt;&lt;b&gt;&lt;/b&gt;&lt;b&gt;&lt;/b&gt;&lt;b&gt;&lt;/b&gt;&lt;b&gt;&lt;/b&gt;&lt;b&gt;&lt;/b&gt;&lt;b&gt;&lt;/b&gt;&lt;b&gt;&lt;/b&gt;&lt;b&gt;&lt;/b&gt;&lt;b&gt;&lt;/b&gt;&lt;b&gt;&lt;/b&gt;&lt;b&gt;&lt;/b&gt;&lt;b&gt;&lt;/b&gt;&lt;b&gt;&lt;/b&gt;&lt;b&gt;&lt;/b&gt;&lt;b&gt;&lt;/b&gt;&lt;b&gt;&lt;/b&gt;&lt;b&gt;&lt;/b&gt;&lt;b&gt;&lt;/b&gt;&lt;b&gt;&lt;/b&gt;&lt;b&gt;&lt;/b&gt;&lt;b&gt;&lt;/b&gt;&lt;b&gt;&lt;/b&gt;&lt;b&gt;&lt;/b&gt;&lt;b&gt;&lt;/b&gt;&lt;b&gt;&lt;/b&gt;&lt;b&gt;&lt;/b&gt;&lt;b&gt;&lt;/b&gt;&lt;b&gt;&lt;/b&gt;&lt;b&gt;&lt;/b&gt;&lt;b&gt;&lt;/b&gt;&lt;b&gt;&lt;/b&gt;&lt;b&gt;&lt;/b&gt;&lt;b&gt;&lt;/b&gt;&lt;b&gt;&lt;/b&gt;&lt;b&gt;&lt;/b&gt;&lt;b&gt;&lt;/b&gt;&lt;b&gt;&lt;/b&gt;&lt;b&gt;&lt;/b&gt;&lt;b&gt;&lt;/b&gt;&lt;b&gt;&lt;/b&gt;&lt;b&gt;&lt;/b&gt;&lt;b&gt;&lt;/b&gt;&lt;b&gt;&lt;/b&gt;&lt;b&gt;&lt;/b&gt;&lt;b&gt;&lt;/b&gt;&lt;b&gt;&lt;/b&gt;&lt;b&gt;&lt;/b&gt;&lt;b&gt;&lt;/b&gt;&lt;b&gt;&lt;/b&gt;&lt;b&gt;&lt;/b&gt;&lt;b&gt;&lt;/b&gt;&lt;b&gt;&lt;/b&gt;&lt;b&gt;&lt;/b&gt;&lt;b&gt;&lt;/b&gt;&lt;b&gt;&lt;/b&gt;&lt;b&gt;&lt;/b&gt;&lt;b&gt;&lt;/b&gt;&lt;b&gt;&lt;/b&gt;&lt;b&gt;&lt;/b&gt;&lt;b&gt;&lt;/b&gt;&lt;b&gt;&lt;/b&gt;&lt;b&gt;&lt;/b&gt;&lt;b&gt;&lt;/b&gt;&lt;b&gt;&lt;/b&gt;&lt;b&gt;&lt;/b&gt;&lt;b&gt;&lt;/b&gt;&lt;b&gt;&lt;/b&gt;&lt;b&gt;&lt;/b&gt;&lt;b&gt;&lt;/b&gt;&lt;b&gt;&lt;/b&gt;&lt;b&gt;&lt;/b&gt;&lt;b&gt;&lt;/b&gt;&lt;b&gt;&lt;/b&gt;&lt;b&gt;&lt;/b&gt;&lt;b&gt;&lt;/b&gt;&lt;b&gt;&lt;/b&gt;&lt;b&gt;&lt;/b&gt;&lt;b&gt;&lt;/b&gt;&lt;b&gt;&lt;/b&gt;&lt;b&gt;&lt;/b&gt;&lt;b&gt;&lt;/b&gt;&lt;b&gt;&lt;/b&gt;&lt;b&gt;&lt;/b&gt;&lt;b&gt;&lt;/b&gt;&lt;b&gt;&lt;/b&gt;&lt;b&gt;&lt;/b&gt;&lt;b&gt;&lt;/b&gt;&lt;b&gt;&lt;/b&gt;&lt;b&gt;&lt;/b&gt;&lt;b&gt;&lt;/b&gt;&lt;b&gt;&lt;/b&gt;&lt;b&gt;&lt;/b&gt;&lt;b&gt;&lt;/b&gt;&lt;b&gt;&lt;/b&gt;&lt;b&gt;&lt;/b&gt;&lt;b&gt;&lt;/b&gt;&lt;b&gt;&lt;/b&gt;&lt;b&gt;&lt;/b&gt;&lt;b&gt;&lt;/b&gt;&lt;b&gt;&lt;/b&gt;&lt;b&gt;&lt;/b&gt;&lt;b&gt;&lt;/b&gt;&lt;b&gt;&lt;/b&gt;&lt;b&gt;&lt;/b&gt;&lt;b&gt;&lt;/b&gt;&lt;b&gt;&lt;/b&gt;&lt;b&gt;&lt;/b&gt;&lt;b&gt;&lt;/b&gt;&lt;b&gt;&lt;/b&gt;&lt;b&gt;&lt;/b&gt;&lt;b&gt;&lt;/b&gt;&lt;b&gt;&lt;/b&gt;&lt;b&gt;&lt;/b&gt;&lt;b&gt;&lt;/b&gt;&lt;b&gt;&lt;/b&gt;&lt;b&gt;&lt;/b&gt;&lt;b&gt;&lt;/b&gt;&lt;b&gt;&lt;/b&gt;&lt;b&gt;&lt;/b&gt;&lt;b&gt;&lt;/b&gt;&lt;b&gt;&lt;/b&gt;&lt;b&gt;&lt;/b&gt;&lt;b&gt;&lt;/b&gt;&lt;b&gt;&lt;/b&gt;&lt;b&gt;&lt;/b&gt;&lt;b&gt;&lt;/b&gt;&lt;b&gt;&lt;/b&gt;&lt;b&gt;&lt;/b&gt;&lt;b&gt;&lt;/b&gt;&lt;b&gt;&lt;/b&gt;&lt;b&gt;&lt;/b&gt;&lt;b&gt;&lt;/b&gt;&lt;b&gt;&lt;/b&gt;&lt;b&gt;&lt;/b&gt;&lt;b&gt;&lt;/b&gt;&lt;b&gt;&lt;/b&gt;&lt;b&gt;&lt;/b&gt;&lt;b&gt;&lt;/b&gt;&lt;b&gt;&lt;/b&gt;&lt;b&gt;&lt;/b&gt;&lt;b&gt;&lt;/b&gt;&lt;b&gt;&lt;/b&gt;&lt;b&gt;&lt;/b&gt;&lt;b&gt;&lt;/b&gt;&lt;b&gt;&lt;/b&gt;&lt;b&gt;&lt;/b&gt;&lt;b&gt;&lt;/b&gt;&lt;b&gt;&lt;/b&gt;&lt;b&gt;&lt;/b&gt;&lt;b&gt;&lt;/b&gt;&lt;b&gt;&lt;/b&gt;&lt;b&gt;&lt;/b&gt;&lt;b&gt;&lt;/b&gt;&lt;b&gt;&lt;/b&gt;&lt;b&gt;&lt;/b&gt;&lt;b&gt;&lt;/b&gt;&lt;b&gt;&lt;/b&gt;&lt;b&gt;&lt;/b&gt;&lt;b&gt;&lt;/b&gt;&lt;b&gt;&lt;/b&gt;&lt;b&gt;&lt;/b&gt;&lt;b&gt;&lt;/b&gt;&lt;b&gt;&lt;/b&gt;&lt;b&gt;&lt;/b&gt;&lt;b&gt;&lt;/b&gt;&lt;b&gt;&lt;/b&gt;&lt;b&gt;&lt;/b&gt;&lt;b&gt;&lt;/b&gt;&lt;b&gt;&lt;/b&gt;&lt;b&gt;&lt;/b&gt;&lt;b&gt;&lt;/b&gt;&lt;b&gt;&lt;/b&gt;&lt;b&gt;&lt;/b&gt;&lt;b&gt;&lt;/b&gt;&lt;b&gt;&lt;/b&gt;&lt;b&gt;&lt;/b&gt;&lt;b&gt;&lt;/b&gt;&lt;b&gt;&lt;/b&gt;&lt;b&gt;&lt;/b&gt;&lt;b&gt;&lt;/b&gt;&lt;b&gt;&lt;/b&gt;&lt;b&gt;&lt;/b&gt;&lt;b&gt;&lt;/b&gt;&lt;b&gt;&lt;/b&gt;&lt;b&gt;&lt;/b&gt;&lt;b&gt;&lt;/b&gt;&lt;b&gt;&lt;/b&gt;&lt;b&gt;&lt;/b&gt;&lt;b&gt;&lt;br /&gt;&lt;a class=&quot;external&quot; href=&quot;https://www.deviantart.com/users/outgoing?https://www.patreon.com/user?u=457132&amp;amp;ty=c&quot;&gt;Patreon&lt;/a&gt;&lt;br /&gt;&lt;img src=&quot;https://e.deviantart.net/emoticons/b/bulletgreen.gif&quot; width=&quot;10&quot; height=&quot;10&quot; alt=&quot;:bulletgreen:&quot; data-embed-type=&quot;emoticon&quot; data-embed-id=&quot;209&quot; title=&quot;Bullet; Green&quot;/&gt; &lt;b&gt;Other sites to follow my work&lt;/b&gt;&lt;b&gt;&lt;/b&gt;&lt;b&gt;&lt;/b&gt;&lt;b&gt;&lt;/b&gt;&lt;b&gt;&lt;/b&gt;&lt;b&gt;&lt;/b&gt;&lt;b&gt;&lt;/b&gt;&lt;b&gt;&lt;/b&gt;&lt;b&gt;&lt;/b&gt;&lt;b&gt;&lt;/b&gt;&lt;b&gt;&lt;/b&gt;&lt;b&gt;&lt;/b&gt;&lt;b&gt;&lt;/b&gt;&lt;b&gt;&lt;/b&gt;&lt;b&gt;&lt;/b&gt;&lt;b&gt;&lt;/b&gt;&lt;b&gt;&lt;/b&gt;&lt;b&gt;&lt;/b&gt;&lt;b&gt;&lt;/b&gt;&lt;b&gt;&lt;/b&gt;&lt;b&gt;&lt;/b&gt;&lt;b&gt;&lt;/b&gt;&lt;b&gt;&lt;/b&gt;&lt;b&gt;&lt;/b&gt;&lt;b&gt;&lt;/b&gt;&lt;b&gt;&lt;/b&gt;&lt;b&gt;&lt;/b&gt;&lt;b&gt;&lt;/b&gt;&lt;b&gt;&lt;/b&gt;&lt;b&gt;&lt;/b&gt;&lt;b&gt;&lt;/b&gt;&lt;b&gt;&lt;/b&gt;&lt;b&gt;&lt;/b&gt;&lt;b&gt;&lt;/b&gt;&lt;b&gt;&lt;/b&gt;&lt;b&gt;&lt;/b&gt;&lt;b&gt;&lt;/b&gt;&lt;b&gt;&lt;/b&gt;&lt;b&gt;&lt;/b&gt;&lt;b&gt;&lt;/b&gt;&lt;b&gt;&lt;/b&gt;&lt;b&gt;&lt;/b&gt;&lt;b&gt;&lt;/b&gt;&lt;b&gt;&lt;/b&gt;&lt;b&gt;&lt;/b&gt;&lt;b&gt;&lt;/b&gt;&lt;b&gt;&lt;/b&gt;&lt;b&gt;&lt;/b&gt;&lt;b&gt;&lt;/b&gt;&lt;b&gt;&lt;/b&gt;&lt;b&gt;&lt;/b&gt;&lt;b&gt;&lt;/b&gt;&lt;b&gt;&lt;/b&gt;&lt;b&gt;&lt;/b&gt;&lt;b&gt;&lt;/b&gt;&lt;b&gt;&lt;/b&gt;&lt;b&gt;&lt;/b&gt;&lt;b&gt;&lt;/b&gt;&lt;b&gt;&lt;/b&gt;&lt;b&gt;&lt;/b&gt;&lt;b&gt;&lt;/b&gt;&lt;b&gt;&lt;/b&gt;&lt;b&gt;&lt;/b&gt;&lt;b&gt;&lt;/b&gt;&lt;b&gt;&lt;/b&gt;&lt;b&gt;&lt;/b&gt;&lt;b&gt;&lt;/b&gt;&lt;b&gt;&lt;/b&gt;&lt;b&gt;&lt;/b&gt;&lt;b&gt;&lt;/b&gt;&lt;b&gt;&lt;/b&gt;&lt;b&gt;&lt;/b&gt;&lt;b&gt;&lt;/b&gt;&lt;b&gt;&lt;/b&gt;&lt;b&gt;&lt;/b&gt;&lt;b&gt;&lt;/b&gt;&lt;b&gt;&lt;/b&gt;&lt;b&gt;&lt;/b&gt;&lt;b&gt;&lt;/b&gt;&lt;b&gt;&lt;/b&gt;&lt;b&gt;&lt;/b&gt;&lt;b&gt;&lt;/b&gt;&lt;b&gt;&lt;/b&gt;&lt;b&gt;&lt;/b&gt;&lt;b&gt;&lt;/b&gt;&lt;b&gt;&lt;/b&gt;&lt;b&gt;&lt;/b&gt;&lt;b&gt;&lt;/b&gt;&lt;b&gt;&lt;/b&gt;&lt;b&gt;&lt;/b&gt;&lt;b&gt;&lt;/b&gt;&lt;b&gt;&lt;/b&gt;&lt;b&gt;&lt;/b&gt;&lt;b&gt;&lt;/b&gt;&lt;b&gt;&lt;/b&gt;&lt;b&gt;&lt;/b&gt;&lt;b&gt;&lt;/b&gt;&lt;b&gt;&lt;/b&gt;&lt;b&gt;&lt;/b&gt;&lt;b&gt;&lt;/b&gt;&lt;b&gt;&lt;/b&gt;&lt;b&gt;&lt;/b&gt;&lt;b&gt;&lt;/b&gt;&lt;b&gt;&lt;/b&gt;&lt;b&gt;&lt;/b&gt;&lt;b&gt;&lt;/b&gt;&lt;b&gt;&lt;/b&gt;&lt;b&gt;&lt;/b&gt;&lt;b&gt;&lt;/b&gt;&lt;b&gt;&lt;/b&gt;&lt;b&gt;&lt;/b&gt;&lt;b&gt;&lt;/b&gt;&lt;b&gt;&lt;/b&gt;&lt;b&gt;&lt;/b&gt;&lt;b&gt;&lt;/b&gt;&lt;b&gt;&lt;/b&gt;&lt;b&gt;&lt;/b&gt;&lt;b&gt;&lt;/b&gt;&lt;b&gt;&lt;/b&gt;&lt;b&gt;&lt;/b&gt;&lt;b&gt;&lt;/b&gt;&lt;b&gt;&lt;/b&gt;&lt;b&gt;&lt;/b&gt;&lt;b&gt;&lt;/b&gt;&lt;b&gt;&lt;/b&gt;&lt;b&gt;&lt;/b&gt;&lt;b&gt;&lt;/b&gt;&lt;b&gt;&lt;/b&gt;&lt;b&gt;&lt;/b&gt;&lt;b&gt;&lt;/b&gt;&lt;b&gt;&lt;/b&gt;&lt;b&gt;&lt;/b&gt;&lt;b&gt;&lt;/b&gt;&lt;b&gt;&lt;/b&gt;&lt;b&gt;&lt;/b&gt;&lt;b&gt;&lt;/b&gt;&lt;b&gt;&lt;/b&gt;&lt;b&gt;&lt;/b&gt;&lt;b&gt;&lt;/b&gt;&lt;b&gt;&lt;/b&gt;&lt;b&gt;&lt;/b&gt;&lt;b&gt;&lt;/b&gt;&lt;b&gt;&lt;/b&gt;&lt;b&gt;&lt;/b&gt;&lt;b&gt;&lt;/b&gt;&lt;b&gt;&lt;/b&gt;&lt;b&gt;&lt;/b&gt;&lt;b&gt;&lt;/b&gt;&lt;b&gt;&lt;/b&gt;&lt;b&gt;&lt;/b&gt;&lt;b&gt;&lt;/b&gt;&lt;b&gt;&lt;/b&gt;&lt;b&gt;&lt;/b&gt;&lt;b&gt;&lt;/b&gt;&lt;b&gt;&lt;/b&gt;&lt;b&gt;&lt;/b&gt;&lt;b&gt;&lt;/b&gt;&lt;b&gt;&lt;/b&gt;&lt;b&gt;&lt;/b&gt;&lt;b&gt;&lt;/b&gt;&lt;b&gt;&lt;/b&gt;&lt;b&gt;&lt;/b&gt;&lt;b&gt;&lt;/b&gt;&lt;b&gt;&lt;/b&gt;&lt;b&gt;&lt;/b&gt;&lt;b&gt;&lt;/b&gt;&lt;b&gt;&lt;/b&gt;&lt;b&gt;&lt;/b&gt;&lt;b&gt;&lt;/b&gt;&lt;b&gt;&lt;/b&gt;&lt;b&gt;&lt;/b&gt;&lt;b&gt;&lt;/b&gt;&lt;b&gt;&lt;/b&gt;&lt;b&gt;&lt;/b&gt;&lt;b&gt;&lt;/b&gt;&lt;b&gt;&lt;/b&gt;&lt;b&gt;&lt;/b&gt;&lt;b&gt;&lt;/b&gt;&lt;b&gt;&lt;/b&gt;&lt;b&gt;&lt;/b&gt;&lt;b&gt;&lt;/b&gt;&lt;b&gt;&lt;/b&gt;&lt;b&gt;&lt;/b&gt;&lt;b&gt;&lt;/b&gt;&lt;b&gt;&lt;/b&gt;&lt;b&gt;&lt;/b&gt;&lt;b&gt;&lt;/b&gt;&lt;b&gt;&lt;/b&gt;&lt;b&gt;&lt;/b&gt;&lt;b&gt;&lt;/b&gt;&lt;b&gt;&lt;/b&gt;&lt;b&gt;&lt;/b&gt;&lt;b&gt;&lt;/b&gt;&lt;b&gt;&lt;/b&gt;&lt;b&gt;&lt;/b&gt;&lt;b&gt;&lt;/b&gt;&lt;b&gt;&lt;/b&gt;&lt;b&gt;&lt;/b&gt;&lt;b&gt;&lt;/b&gt;&lt;b&gt;&lt;/b&gt;&lt;b&gt;&lt;/b&gt;&lt;b&gt;&lt;/b&gt;&lt;b&gt;&lt;/b&gt;&lt;b&gt;&lt;/b&gt;&lt;b&gt;&lt;/b&gt;&lt;b&gt;&lt;/b&gt;&lt;b&gt;&lt;/b&gt;&lt;b&gt;&lt;/b&gt;&lt;b&gt;&lt;/b&gt;&lt;b&gt;&lt;/b&gt;&lt;b&gt;&lt;/b&gt;&lt;b&gt;&lt;/b&gt;&lt;b&gt;&lt;/b&gt;&lt;b&gt;&lt;/b&gt;&lt;b&gt;&lt;/b&gt;&lt;b&gt;&lt;/b&gt;&lt;b&gt;&lt;/b&gt;&lt;b&gt;&lt;/b&gt;&lt;b&gt;&lt;/b&gt;&lt;b&gt;&lt;/b&gt;&lt;b&gt;&lt;/b&gt;&lt;b&gt;&lt;/b&gt;&lt;b&gt;&lt;/b&gt;&lt;b&gt;&lt;/b&gt;&lt;b&gt;&lt;/b&gt;&lt;b&gt;&lt;/b&gt;&lt;b&gt;&lt;/b&gt;&lt;b&gt;&lt;/b&gt;&lt;b&gt;&lt;/b&gt;&lt;b&gt;&lt;/b&gt;&lt;b&gt;&lt;/b&gt;&lt;b&gt;&lt;/b&gt;&lt;b&gt;&lt;/b&gt;&lt;b&gt;&lt;/b&gt;&lt;b&gt;&lt;/b&gt;&lt;b&gt;&lt;/b&gt;&lt;b&gt;&lt;/b&gt;&lt;b&gt;&lt;/b&gt;&lt;b&gt;&lt;/b&gt;&lt;b&gt;&lt;/b&gt;&lt;b&gt;&lt;/b&gt;&lt;b&gt;&lt;/b&gt;&lt;b&gt;&lt;/b&gt;&lt;b&gt;&lt;/b&gt;&lt;b&gt;&lt;/b&gt;&lt;b&gt;&lt;/b&gt;&lt;b&gt;&lt;/b&gt;&lt;b&gt;&lt;/b&gt;&lt;b&gt;&lt;/b&gt;&lt;b&gt;&lt;/b&gt;&lt;b&gt;&lt;/b&gt;&lt;b&gt;&lt;/b&gt;&lt;b&gt;&lt;/b&gt;&lt;b&gt;&lt;/b&gt;&lt;b&gt;&lt;/b&gt;&lt;b&gt;&lt;/b&gt;&lt;b&gt;&lt;/b&gt;&lt;b&gt;&lt;/b&gt;&lt;b&gt;&lt;/b&gt;&lt;b&gt;&lt;/b&gt;&lt;b&gt;&lt;/b&gt;&lt;b&gt;&lt;/b&gt;&lt;b&gt;&lt;/b&gt;&lt;b&gt;&lt;/b&gt;&lt;b&gt;&lt;/b&gt;&lt;b&gt;&lt;/b&gt;&lt;b&gt;&lt;/b&gt;&lt;b&gt;&lt;/b&gt;&lt;b&gt;&lt;/b&gt;&lt;b&gt;&lt;/b&gt;&lt;b&gt;&lt;/b&gt;&lt;b&gt;&lt;/b&gt;&lt;b&gt;&lt;/b&gt;&lt;b&gt;&lt;/b&gt;&lt;b&gt;&lt;/b&gt;&lt;b&gt;&lt;/b&gt;&lt;b&gt;&lt;/b&gt;&lt;b&gt;&lt;/b&gt;&lt;b&gt;&lt;/b&gt;&lt;b&gt;&lt;/b&gt;&lt;b&gt;&lt;/b&gt;&lt;b&gt;&lt;/b&gt;&lt;b&gt;&lt;/b&gt;&lt;b&gt;&lt;/b&gt;&lt;b&gt;&lt;/b&gt;&lt;b&gt;&lt;/b&gt;&lt;b&gt;&lt;/b&gt;&lt;b&gt;&lt;/b&gt;&lt;b&gt;&lt;/b&gt;&lt;b&gt;&lt;/b&gt;&lt;b&gt;&lt;/b&gt;&lt;b&gt;&lt;/b&gt;&lt;b&gt;&lt;/b&gt;&lt;b&gt;&lt;/b&gt;&lt;b&gt;&lt;/b&gt;&lt;b&gt;&lt;/b&gt;&lt;b&gt;&lt;/b&gt;&lt;b&gt;&lt;/b&gt;&lt;b&gt;&lt;/b&gt;&lt;b&gt;&lt;/b&gt;&lt;b&gt;&lt;/b&gt;&lt;b&gt;&lt;/b&gt;&lt;b&gt;&lt;/b&gt;&lt;b&gt;&lt;/b&gt;&lt;b&gt;&lt;/b&gt;&lt;b&gt;&lt;/b&gt;&lt;b&gt;&lt;/b&gt;&lt;b&gt;&lt;/b&gt;&lt;b&gt;&lt;/b&gt;&lt;b&gt;&lt;/b&gt;&lt;b&gt;&lt;/b&gt;&lt;b&gt;&lt;/b&gt;&lt;b&gt;&lt;/b&gt;&lt;b&gt;&lt;/b&gt;&lt;b&gt;&lt;/b&gt;&lt;b&gt;&lt;/b&gt;&lt;b&gt;&lt;/b&gt;&lt;b&gt;&lt;/b&gt;&lt;b&gt;&lt;/b&gt;&lt;b&gt;&lt;/b&gt;&lt;b&gt;&lt;/b&gt;&lt;b&gt;&lt;/b&gt;&lt;b&gt;&lt;/b&gt;&lt;b&gt;&lt;/b&gt;&lt;b&gt;&lt;/b&gt;&lt;b&gt;&lt;/b&gt;&lt;b&gt;&lt;/b&gt;&lt;b&gt;&lt;/b&gt;&lt;b&gt;&lt;/b&gt;&lt;b&gt;&lt;/b&gt;&lt;b&gt;&lt;/b&gt;&lt;b&gt;&lt;/b&gt;&lt;b&gt;&lt;/b&gt;&lt;b&gt;&lt;/b&gt;&lt;b&gt;&lt;/b&gt;&lt;b&gt;&lt;/b&gt;&lt;b&gt;&lt;/b&gt;&lt;b&gt;&lt;/b&gt;&lt;b&gt;&lt;/b&gt;&lt;b&gt;&lt;/b&gt;&lt;b&gt;&lt;/b&gt;&lt;b&gt;&lt;/b&gt;&lt;b&gt;&lt;/b&gt;&lt;b&gt;&lt;/b&gt;&lt;b&gt;&lt;/b&gt;&lt;b&gt;&lt;/b&gt;&lt;b&gt;&lt;/b&gt;&lt;b&gt;&lt;/b&gt;&lt;b&gt;&lt;/b&gt;&lt;b&gt;&lt;/b&gt;&lt;b&gt;&lt;/b&gt;&lt;b&gt;&lt;/b&gt;&lt;b&gt;&lt;/b&gt;&lt;b&gt;&lt;/b&gt;&lt;b&gt;&lt;/b&gt;&lt;b&gt;&lt;/b&gt;&lt;b&gt;&lt;/b&gt;&lt;b&gt;&lt;/b&gt;&lt;b&gt;&lt;/b&gt;&lt;b&gt;&lt;/b&gt;&lt;b&gt;&lt;/b&gt;&lt;b&gt;&lt;/b&gt;&lt;b&gt;&lt;/b&gt;&lt;b&gt;&lt;/b&gt;&lt;b&gt;&lt;/b&gt;&lt;b&gt;&lt;/b&gt;&lt;b&gt;&lt;/b&gt;&lt;b&gt;&lt;/b&gt;&lt;b&gt;&lt;/b&gt;&lt;b&gt;&lt;/b&gt;&lt;b&gt;&lt;/b&gt;&lt;b&gt;&lt;/b&gt;&lt;b&gt;&lt;/b&gt;&lt;b&gt;&lt;/b&gt;&lt;b&gt;&lt;/b&gt;&lt;b&gt;&lt;/b&gt;&lt;b&gt;&lt;/b&gt;&lt;b&gt;&lt;/b&gt;&lt;b&gt;&lt;/b&gt;&lt;b&gt;&lt;/b&gt;&lt;b&gt;&lt;/b&gt;&lt;b&gt;&lt;/b&gt;&lt;b&gt;&lt;/b&gt;&lt;b&gt;&lt;/b&gt;&lt;b&gt;&lt;/b&gt;&lt;b&gt;&lt;/b&gt;&lt;b&gt;&lt;/b&gt;&lt;b&gt;&lt;/b&gt;&lt;b&gt;&lt;/b&gt;&lt;b&gt;&lt;/b&gt;&lt;b&gt;&lt;/b&gt;&lt;b&gt;&lt;/b&gt;&lt;b&gt;&lt;/b&gt;&lt;b&gt;&lt;/b&gt;&lt;b&gt;&lt;/b&gt;&lt;b&gt;&lt;/b&gt;&lt;b&gt;&lt;/b&gt;&lt;b&gt;&lt;/b&gt;&lt;b&gt;&lt;/b&gt;&lt;b&gt;&lt;/b&gt;&lt;b&gt;&lt;/b&gt;&lt;b&gt;&lt;/b&gt;&lt;b&gt;&lt;/b&gt;&lt;b&gt;&lt;/b&gt;&lt;b&gt;&lt;/b&gt;&lt;b&gt;&lt;/b&gt;&lt;b&gt;&lt;/b&gt;&lt;b&gt;&lt;/b&gt;&lt;b&gt;&lt;/b&gt;&lt;b&gt;&lt;/b&gt;&lt;b&gt;&lt;/b&gt;&lt;b&gt;&lt;/b&gt;&lt;b&gt;&lt;/b&gt;&lt;b&gt;&lt;/b&gt;&lt;b&gt;&lt;/b&gt;&lt;b&gt;&lt;/b&gt;&lt;b&gt;&lt;/b&gt;&lt;b&gt;&lt;/b&gt;&lt;b&gt;&lt;/b&gt;&lt;b&gt;&lt;/b&gt;&lt;b&gt;&lt;/b&gt;&lt;b&gt;&lt;/b&gt;&lt;b&gt;&lt;/b&gt;&lt;b&gt;&lt;/b&gt;&lt;b&gt;&lt;/b&gt;&lt;b&gt;&lt;/b&gt;&lt;b&gt;&lt;/b&gt;&lt;b&gt;&lt;/b&gt;&lt;b&gt;&lt;/b&gt;&lt;b&gt;&lt;/b&gt;&lt;b&gt;&lt;/b&gt;&lt;b&gt;&lt;/b&gt;&lt;b&gt;&lt;/b&gt;&lt;b&gt;&lt;/b&gt;&lt;b&gt;&lt;/b&gt;&lt;b&gt;&lt;/b&gt;&lt;b&gt;&lt;/b&gt;&lt;b&gt;&lt;/b&gt;&lt;b&gt;&lt;/b&gt;&lt;b&gt;&lt;/b&gt;&lt;b&gt;&lt;/b&gt;&lt;b&gt;&lt;/b&gt;&lt;b&gt;&lt;/b&gt;&lt;b&gt;&lt;/b&gt;&lt;b&gt;&lt;/b&gt;&lt;b&gt;&lt;/b&gt;&lt;b&gt;&lt;/b&gt;&lt;b&gt;&lt;/b&gt;&lt;b&gt;&lt;/b&gt;&lt;b&gt;&lt;/b&gt;&lt;b&gt;&lt;/b&gt;&lt;b&gt;&lt;/b&gt;&lt;b&gt;&lt;/b&gt;&lt;b&gt;&lt;/b&gt;&lt;b&gt;&lt;/b&gt;&lt;b&gt;&lt;/b&gt;&lt;b&gt;&lt;/b&gt;&lt;b&gt;&lt;/b&gt;&lt;b&gt;&lt;/b&gt;&lt;b&gt;&lt;/b&gt;&lt;b&gt;&lt;/b&gt;&lt;b&gt;&lt;/b&gt;&lt;b&gt;&lt;/b&gt;&lt;b&gt;&lt;/b&gt;&lt;b&gt;&lt;/b&gt;&lt;b&gt;&lt;/b&gt;&lt;b&gt;&lt;/b&gt;&lt;b&gt;&lt;/b&gt;&lt;b&gt;&lt;/b&gt;&lt;b&gt;&lt;/b&gt;&lt;b&gt;&lt;/b&gt;&lt;b&gt;&lt;/b&gt;&lt;b&gt;&lt;/b&gt;&lt;b&gt;&lt;/b&gt;&lt;b&gt;&lt;/b&gt;&lt;b&gt;&lt;/b&gt;&lt;b&gt;&lt;/b&gt;&lt;b&gt;&lt;/b&gt;&lt;b&gt;&lt;/b&gt;&lt;b&gt;&lt;/b&gt;&lt;b&gt;&lt;/b&gt;&lt;b&gt;&lt;/b&gt;&lt;b&gt;&lt;/b&gt;&lt;b&gt;&lt;/b&gt;&lt;b&gt;&lt;/b&gt;&lt;b&gt;&lt;/b&gt;&lt;b&gt;&lt;/b&gt;&lt;b&gt;&lt;br /&gt;&lt;img src=&quot;https://e.deviantart.net/emoticons/f/facebook.gif&quot; width=&quot;16&quot; height=&quot;16&quot; alt=&quot;:facebook:&quot; data-embed-type=&quot;emoticon&quot; data-embed-id=&quot;616&quot; title=&quot;Facebook&quot;/&gt; &lt;a class=&quot;external&quot; href=&quot;https://www.deviantart.com/users/outgoing?https://www.facebook.com/CryptidCreations/timeline&quot;&gt;Facebook&lt;/a&gt;&lt;br /&gt;&lt;img src=&quot;https://e.deviantart.net/emoticons/t/twitter_2.gif&quot; width=&quot;16&quot; height=&quot;16&quot; alt=&quot;:twitter:&quot; data-embed-type=&quot;emoticon&quot; data-embed-id=&quot;614&quot; title=&quot;Twitter&quot;/&gt; &lt;a class=&quot;external&quot; href=&quot;https://www.deviantart.com/users/outgoing?https://twitter.com/Piper_Thibodeau&quot;&gt;Twitter&lt;/a&gt;&lt;br /&gt;&lt;img src=&quot;https://e.deviantart.net/emoticons/b/bulletgreen.gif&quot; width=&quot;10&quot; height=&quot;10&quot; alt=&quot;:bulletgreen:&quot; data-embed-type=&quot;emoticon&quot; data-embed-id=&quot;209&quot; title=&quot;Bullet; Green&quot;/&gt; For any business related inquiries please send me an e-mail at cryptidcreations@gmail.com&lt;br /&gt;&lt;/b&gt;&lt;/b&gt;&lt;/b&gt;</media:description>            <media:thumbnail url="https://t00.deviantart.net/Lr6MTUMjKjeej-4DzYT60F_fito=/fit-in/150x150/filters:no_upscale():origin()/pre00/85c5/th/pre/f/2019/051/c/b/daily_paint_2283__merit_badger_by_cryptid_creations-dd0ani1.png" height="149" width="150"/>            <media:thumbnail url="https://t00.deviantart.net/z5HxmOqYfEDv_UpWpg-nwfeCpbQ=/fit-in/300x900/filters:no_upscale():origin()/pre00/85c5/th/pre/f/2019/051/c/b/daily_paint_2283__merit_badger_by_cryptid_creations-dd0ani1.png" height="299" width="300"/>            <media:thumbnail url="https://t00.deviantart.net/oliq4FwoUtGabsHvqC3JKNT35mY=/300x200/filters:fixed_height(100,100):origin()/pre00/85c5/th/pre/f/2019/051/c/b/daily_paint_2283__merit_badger_by_cryptid_creations-dd0ani1.png" height="200" width="201"/>            <media:content url="https://orig00.deviantart.net/18fe/f/2019/051/c/b/daily_paint_2283__merit_badger_by_cryptid_creations-dd0ani1.png" height="597" width="600" medium="image"/>            
            <description>&lt;b&gt;&lt;/b&gt;&lt;b&gt;&lt;/b&gt;&lt;b&gt;&lt;/b&gt;&lt;b&gt;&lt;/b&gt;&lt;b&gt;&lt;/b&gt;&lt;b&gt;&lt;/b&gt;&lt;b&gt;&lt;/b&gt;&lt;b&gt;&lt;/b&gt;&lt;b&gt;&lt;/b&gt;&lt;b&gt;&lt;/b&gt;&lt;b&gt;&lt;/b&gt;&lt;b&gt;&lt;/b&gt;&lt;b&gt;&lt;/b&gt;&lt;b&gt;&lt;/b&gt;&lt;b&gt;&lt;/b&gt;&lt;b&gt;&lt;/b&gt;&lt;b&gt;&lt;/b&gt;&lt;b&gt;&lt;/b&gt;&lt;b&gt;&lt;/b&gt;&lt;b&gt;&lt;/b&gt;&lt;b&gt;&lt;/b&gt;&lt;b&gt;&lt;/b&gt;&lt;b&gt;&lt;/b&gt;&lt;b&gt;&lt;/b&gt;&lt;b&gt;&lt;/b&gt;&lt;b&gt;&lt;/b&gt;&lt;b&gt;&lt;/b&gt;&lt;b&gt;&lt;/b&gt;&lt;b&gt;&lt;/b&gt;&lt;b&gt;&lt;/b&gt;&lt;b&gt;&lt;/b&gt;&lt;b&gt;&lt;/b&gt;&lt;b&gt;&lt;/b&gt;&lt;b&gt;&lt;/b&gt;&lt;b&gt;&lt;/b&gt;&lt;b&gt;&lt;/b&gt;&lt;b&gt;&lt;/b&gt;&lt;b&gt;&lt;/b&gt;&lt;b&gt;&lt;/b&gt;&lt;b&gt;&lt;/b&gt;&lt;b&gt;&lt;/b&gt;&lt;b&gt;&lt;/b&gt;&lt;b&gt;&lt;/b&gt;&lt;b&gt;&lt;/b&gt;&lt;b&gt;&lt;/b&gt;&lt;b&gt;&lt;/b&gt;&lt;b&gt;&lt;/b&gt;&lt;b&gt;&lt;/b&gt;&lt;b&gt;&lt;/b&gt;&lt;b&gt;&lt;/b&gt;&lt;b&gt;&lt;/b&gt;&lt;b&gt;&lt;/b&gt;&lt;b&gt;&lt;/b&gt;&lt;b&gt;&lt;/b&gt;&lt;b&gt;&lt;/b&gt;&lt;b&gt;&lt;/b&gt;&lt;b&gt;&lt;/b&gt;&lt;b&gt;&lt;/b&gt;&lt;b&gt;&lt;/b&gt;&lt;b&gt;&lt;/b&gt;&lt;b&gt;&lt;/b&gt;&lt;b&gt;&lt;/b&gt;&lt;b&gt;&lt;/b&gt;&lt;b&gt;&lt;/b&gt;&lt;b&gt;&lt;/b&gt;&lt;b&gt;&lt;/b&gt;&lt;b&gt;&lt;/b&gt;&lt;b&gt;&lt;/b&gt;&lt;b&gt;&lt;/b&gt;&lt;b&gt;&lt;/b&gt;&lt;b&gt;&lt;/b&gt;&lt;b&gt;&lt;/b&gt;&lt;b&gt;&lt;/b&gt;&lt;b&gt;&lt;/b&gt;&lt;b&gt;&lt;/b&gt;&lt;b&gt;&lt;/b&gt;&lt;b&gt;&lt;/b&gt;&lt;b&gt;&lt;/b&gt;&lt;b&gt;&lt;/b&gt;&lt;b&gt;&lt;br /&gt;&lt;a class=&quot;external&quot; href=&quot;https://www.deviantart.com/users/outgoing?http://forgepublishing.com/shop/&quot;&gt;ForgePublishing.com/shop&lt;/a&gt;&lt;br /&gt;&lt;br /&gt;&lt;br /&gt;.&lt;img src=&quot;https://e.deviantart.net/emoticons/b/bulletgreen.gif&quot; width=&quot;10&quot; height=&quot;10&quot; alt=&quot;:bulletgreen:&quot; data-embed-type=&quot;emoticon&quot; data-embed-id=&quot;209&quot; title=&quot;Bullet; Green&quot;/&gt; &lt;b&gt;A big thanks to my Patrons for supporting my work! &lt;img src=&quot;https://e.deviantart.net/emoticons/s/smile.gif&quot; width=&quot;15&quot; height=&quot;15&quot; alt=&quot;:)&quot; data-embed-type=&quot;emoticon&quot; data-embed-id=&quot;391&quot; title=&quot;:) (Smile)&quot;/&gt; For time-lapses, WIP&#039;s and other goodies ---please check out my Patreon.&lt;/b&gt;&lt;b&gt;&lt;/b&gt;&lt;b&gt;&lt;/b&gt;&lt;b&gt;&lt;/b&gt;&lt;b&gt;&lt;/b&gt;&lt;b&gt;&lt;/b&gt;&lt;b&gt;&lt;/b&gt;&lt;b&gt;&lt;/b&gt;&lt;b&gt;&lt;/b&gt;&lt;b&gt;&lt;/b&gt;&lt;b&gt;&lt;/b&gt;&lt;b&gt;&lt;/b&gt;&lt;b&gt;&lt;/b&gt;&lt;b&gt;&lt;/b&gt;&lt;b&gt;&lt;/b&gt;&lt;b&gt;&lt;/b&gt;&lt;b&gt;&lt;/b&gt;&lt;b&gt;&lt;/b&gt;&lt;b&gt;&lt;/b&gt;&lt;b&gt;&lt;/b&gt;&lt;b&gt;&lt;/b&gt;&lt;b&gt;&lt;/b&gt;&lt;b&gt;&lt;/b&gt;&lt;b&gt;&lt;/b&gt;&lt;b&gt;&lt;/b&gt;&lt;b&gt;&lt;/b&gt;&lt;b&gt;&lt;/b&gt;&lt;b&gt;&lt;/b&gt;&lt;b&gt;&lt;/b&gt;&lt;b&gt;&lt;/b&gt;&lt;b&gt;&lt;/b&gt;&lt;b&gt;&lt;/b&gt;&lt;b&gt;&lt;/b&gt;&lt;b&gt;&lt;/b&gt;&lt;b&gt;&lt;/b&gt;&lt;b&gt;&lt;/b&gt;&lt;b&gt;&lt;/b&gt;&lt;b&gt;&lt;/b&gt;&lt;b&gt;&lt;/b&gt;&lt;b&gt;&lt;/b&gt;&lt;b&gt;&lt;/b&gt;&lt;b&gt;&lt;/b&gt;&lt;b&gt;&lt;/b&gt;&lt;b&gt;&lt;/b&gt;&lt;b&gt;&lt;/b&gt;&lt;b&gt;&lt;/b&gt;&lt;b&gt;&lt;/b&gt;&lt;b&gt;&lt;/b&gt;&lt;b&gt;&lt;/b&gt;&lt;b&gt;&lt;/b&gt;&lt;b&gt;&lt;/b&gt;&lt;b&gt;&lt;/b&gt;&lt;b&gt;&lt;/b&gt;&lt;b&gt;&lt;/b&gt;&lt;b&gt;&lt;/b&gt;&lt;b&gt;&lt;/b&gt;&lt;b&gt;&lt;/b&gt;&lt;b&gt;&lt;/b&gt;&lt;b&gt;&lt;/b&gt;&lt;b&gt;&lt;/b&gt;&lt;b&gt;&lt;/b&gt;&lt;b&gt;&lt;/b&gt;&lt;b&gt;&lt;/b&gt;&lt;b&gt;&lt;/b&gt;&lt;b&gt;&lt;/b&gt;&lt;b&gt;&lt;/b&gt;&lt;b&gt;&lt;/b&gt;&lt;b&gt;&lt;/b&gt;&lt;b&gt;&lt;/b&gt;&lt;b&gt;&lt;/b&gt;&lt;b&gt;&lt;/b&gt;&lt;b&gt;&lt;/b&gt;&lt;b&gt;&lt;/b&gt;&lt;b&gt;&lt;/b&gt;&lt;b&gt;&lt;/b&gt;&lt;b&gt;&lt;/b&gt;&lt;b&gt;&lt;/b&gt;&lt;b&gt;&lt;/b&gt;&lt;b&gt;&lt;/b&gt;&lt;b&gt;&lt;/b&gt;&lt;b&gt;&lt;/b&gt;&lt;b&gt;&lt;/b&gt;&lt;b&gt;&lt;/b&gt;&lt;b&gt;&lt;/b&gt;&lt;b&gt;&lt;/b&gt;&lt;b&gt;&lt;/b&gt;&lt;b&gt;&lt;/b&gt;&lt;b&gt;&lt;/b&gt;&lt;b&gt;&lt;/b&gt;&lt;b&gt;&lt;/b&gt;&lt;b&gt;&lt;/b&gt;&lt;b&gt;&lt;/b&gt;&lt;b&gt;&lt;/b&gt;&lt;b&gt;&lt;/b&gt;&lt;b&gt;&lt;/b&gt;&lt;b&gt;&lt;/b&gt;&lt;b&gt;&lt;/b&gt;&lt;b&gt;&lt;/b&gt;&lt;b&gt;&lt;/b&gt;&lt;b&gt;&lt;/b&gt;&lt;b&gt;&lt;/b&gt;&lt;b&gt;&lt;/b&gt;&lt;b&gt;&lt;/b&gt;&lt;b&gt;&lt;/b&gt;&lt;b&gt;&lt;/b&gt;&lt;b&gt;&lt;/b&gt;&lt;b&gt;&lt;/b&gt;&lt;b&gt;&lt;/b&gt;&lt;b&gt;&lt;/b&gt;&lt;b&gt;&lt;/b&gt;&lt;b&gt;&lt;/b&gt;&lt;b&gt;&lt;/b&gt;&lt;b&gt;&lt;/b&gt;&lt;b&gt;&lt;/b&gt;&lt;b&gt;&lt;/b&gt;&lt;b&gt;&lt;/b&gt;&lt;b&gt;&lt;/b&gt;&lt;b&gt;&lt;/b&gt;&lt;b&gt;&lt;/b&gt;&lt;b&gt;&lt;/b&gt;&lt;b&gt;&lt;/b&gt;&lt;b&gt;&lt;/b&gt;&lt;b&gt;&lt;/b&gt;&lt;b&gt;&lt;/b&gt;&lt;b&gt;&lt;/b&gt;&lt;b&gt;&lt;/b&gt;&lt;b&gt;&lt;/b&gt;&lt;b&gt;&lt;/b&gt;&lt;b&gt;&lt;/b&gt;&lt;b&gt;&lt;/b&gt;&lt;b&gt;&lt;/b&gt;&lt;b&gt;&lt;/b&gt;&lt;b&gt;&lt;/b&gt;&lt;b&gt;&lt;/b&gt;&lt;b&gt;&lt;/b&gt;&lt;b&gt;&lt;/b&gt;&lt;b&gt;&lt;/b&gt;&lt;b&gt;&lt;/b&gt;&lt;b&gt;&lt;/b&gt;&lt;b&gt;&lt;/b&gt;&lt;b&gt;&lt;/b&gt;&lt;b&gt;&lt;/b&gt;&lt;b&gt;&lt;/b&gt;&lt;b&gt;&lt;/b&gt;&lt;b&gt;&lt;/b&gt;&lt;b&gt;&lt;/b&gt;&lt;b&gt;&lt;/b&gt;&lt;b&gt;&lt;/b&gt;&lt;b&gt;&lt;/b&gt;&lt;b&gt;&lt;/b&gt;&lt;b&gt;&lt;/b&gt;&lt;b&gt;&lt;/b&gt;&lt;b&gt;&lt;/b&gt;&lt;b&gt;&lt;/b&gt;&lt;b&gt;&lt;/b&gt;&lt;b&gt;&lt;/b&gt;&lt;b&gt;&lt;/b&gt;&lt;b&gt;&lt;/b&gt;&lt;b&gt;&lt;/b&gt;&lt;b&gt;&lt;/b&gt;&lt;b&gt;&lt;/b&gt;&lt;b&gt;&lt;/b&gt;&lt;b&gt;&lt;/b&gt;&lt;b&gt;&lt;/b&gt;&lt;b&gt;&lt;/b&gt;&lt;b&gt;&lt;/b&gt;&lt;b&gt;&lt;/b&gt;&lt;b&gt;&lt;/b&gt;&lt;b&gt;&lt;/b&gt;&lt;b&gt;&lt;/b&gt;&lt;b&gt;&lt;/b&gt;&lt;b&gt;&lt;/b&gt;&lt;b&gt;&lt;/b&gt;&lt;b&gt;&lt;/b&gt;&lt;b&gt;&lt;/b&gt;&lt;b&gt;&lt;/b&gt;&lt;b&gt;&lt;/b&gt;&lt;b&gt;&lt;/b&gt;&lt;b&gt;&lt;/b&gt;&lt;b&gt;&lt;/b&gt;&lt;b&gt;&lt;/b&gt;&lt;b&gt;&lt;/b&gt;&lt;b&gt;&lt;/b&gt;&lt;b&gt;&lt;/b&gt;&lt;b&gt;&lt;/b&gt;&lt;b&gt;&lt;/b&gt;&lt;b&gt;&lt;/b&gt;&lt;b&gt;&lt;/b&gt;&lt;b&gt;&lt;/b&gt;&lt;b&gt;&lt;/b&gt;&lt;b&gt;&lt;/b&gt;&lt;b&gt;&lt;/b&gt;&lt;b&gt;&lt;/b&gt;&lt;b&gt;&lt;/b&gt;&lt;b&gt;&lt;/b&gt;&lt;b&gt;&lt;/b&gt;&lt;b&gt;&lt;/b&gt;&lt;b&gt;&lt;/b&gt;&lt;b&gt;&lt;/b&gt;&lt;b&gt;&lt;/b&gt;&lt;b&gt;&lt;/b&gt;&lt;b&gt;&lt;/b&gt;&lt;b&gt;&lt;/b&gt;&lt;b&gt;&lt;/b&gt;&lt;b&gt;&lt;/b&gt;&lt;b&gt;&lt;/b&gt;&lt;b&gt;&lt;/b&gt;&lt;b&gt;&lt;/b&gt;&lt;b&gt;&lt;/b&gt;&lt;b&gt;&lt;/b&gt;&lt;b&gt;&lt;/b&gt;&lt;b&gt;&lt;/b&gt;&lt;b&gt;&lt;/b&gt;&lt;b&gt;&lt;/b&gt;&lt;b&gt;&lt;/b&gt;&lt;b&gt;&lt;/b&gt;&lt;b&gt;&lt;/b&gt;&lt;b&gt;&lt;/b&gt;&lt;b&gt;&lt;/b&gt;&lt;b&gt;&lt;/b&gt;&lt;b&gt;&lt;/b&gt;&lt;b&gt;&lt;/b&gt;&lt;b&gt;&lt;/b&gt;&lt;b&gt;&lt;/b&gt;&lt;b&gt;&lt;/b&gt;&lt;b&gt;&lt;/b&gt;&lt;b&gt;&lt;/b&gt;&lt;b&gt;&lt;/b&gt;&lt;b&gt;&lt;/b&gt;&lt;b&gt;&lt;/b&gt;&lt;b&gt;&lt;/b&gt;&lt;b&gt;&lt;/b&gt;&lt;b&gt;&lt;/b&gt;&lt;b&gt;&lt;/b&gt;&lt;b&gt;&lt;/b&gt;&lt;b&gt;&lt;/b&gt;&lt;b&gt;&lt;/b&gt;&lt;b&gt;&lt;/b&gt;&lt;b&gt;&lt;/b&gt;&lt;b&gt;&lt;/b&gt;&lt;b&gt;&lt;/b&gt;&lt;b&gt;&lt;/b&gt;&lt;b&gt;&lt;/b&gt;&lt;b&gt;&lt;/b&gt;&lt;b&gt;&lt;/b&gt;&lt;b&gt;&lt;/b&gt;&lt;b&gt;&lt;/b&gt;&lt;b&gt;&lt;/b&gt;&lt;b&gt;&lt;/b&gt;&lt;b&gt;&lt;/b&gt;&lt;b&gt;&lt;/b&gt;&lt;b&gt;&lt;/b&gt;&lt;b&gt;&lt;/b&gt;&lt;b&gt;&lt;/b&gt;&lt;b&gt;&lt;/b&gt;&lt;b&gt;&lt;/b&gt;&lt;b&gt;&lt;/b&gt;&lt;b&gt;&lt;/b&gt;&lt;b&gt;&lt;/b&gt;&lt;b&gt;&lt;/b&gt;&lt;b&gt;&lt;/b&gt;&lt;b&gt;&lt;/b&gt;&lt;b&gt;&lt;/b&gt;&lt;b&gt;&lt;/b&gt;&lt;b&gt;&lt;/b&gt;&lt;b&gt;&lt;/b&gt;&lt;b&gt;&lt;/b&gt;&lt;b&gt;&lt;/b&gt;&lt;b&gt;&lt;/b&gt;&lt;b&gt;&lt;/b&gt;&lt;b&gt;&lt;/b&gt;&lt;b&gt;&lt;/b&gt;&lt;b&gt;&lt;/b&gt;&lt;b&gt;&lt;/b&gt;&lt;b&gt;&lt;/b&gt;&lt;b&gt;&lt;/b&gt;&lt;b&gt;&lt;/b&gt;&lt;b&gt;&lt;/b&gt;&lt;b&gt;&lt;/b&gt;&lt;b&gt;&lt;/b&gt;&lt;b&gt;&lt;/b&gt;&lt;b&gt;&lt;/b&gt;&lt;b&gt;&lt;/b&gt;&lt;b&gt;&lt;/b&gt;&lt;b&gt;&lt;/b&gt;&lt;b&gt;&lt;/b&gt;&lt;b&gt;&lt;/b&gt;&lt;b&gt;&lt;/b&gt;&lt;b&gt;&lt;/b&gt;&lt;b&gt;&lt;/b&gt;&lt;b&gt;&lt;/b&gt;&lt;b&gt;&lt;/b&gt;&lt;b&gt;&lt;/b&gt;&lt;b&gt;&lt;/b&gt;&lt;b&gt;&lt;/b&gt;&lt;b&gt;&lt;/b&gt;&lt;b&gt;&lt;/b&gt;&lt;b&gt;&lt;/b&gt;&lt;b&gt;&lt;/b&gt;&lt;b&gt;&lt;/b&gt;&lt;b&gt;&lt;/b&gt;&lt;b&gt;&lt;/b&gt;&lt;b&gt;&lt;/b&gt;&lt;b&gt;&lt;/b&gt;&lt;b&gt;&lt;/b&gt;&lt;b&gt;&lt;/b&gt;&lt;b&gt;&lt;/b&gt;&lt;b&gt;&lt;/b&gt;&lt;b&gt;&lt;/b&gt;&lt;b&gt;&lt;/b&gt;&lt;b&gt;&lt;/b&gt;&lt;b&gt;&lt;/b&gt;&lt;b&gt;&lt;/b&gt;&lt;b&gt;&lt;/b&gt;&lt;b&gt;&lt;/b&gt;&lt;b&gt;&lt;/b&gt;&lt;b&gt;&lt;/b&gt;&lt;b&gt;&lt;/b&gt;&lt;b&gt;&lt;/b&gt;&lt;b&gt;&lt;/b&gt;&lt;b&gt;&lt;/b&gt;&lt;b&gt;&lt;/b&gt;&lt;b&gt;&lt;/b&gt;&lt;b&gt;&lt;/b&gt;&lt;b&gt;&lt;/b&gt;&lt;b&gt;&lt;/b&gt;&lt;b&gt;&lt;/b&gt;&lt;b&gt;&lt;/b&gt;&lt;b&gt;&lt;/b&gt;&lt;b&gt;&lt;/b&gt;&lt;b&gt;&lt;/b&gt;&lt;b&gt;&lt;/b&gt;&lt;b&gt;&lt;/b&gt;&lt;b&gt;&lt;/b&gt;&lt;b&gt;&lt;/b&gt;&lt;b&gt;&lt;/b&gt;&lt;b&gt;&lt;/b&gt;&lt;b&gt;&lt;/b&gt;&lt;b&gt;&lt;/b&gt;&lt;b&gt;&lt;/b&gt;&lt;b&gt;&lt;/b&gt;&lt;b&gt;&lt;/b&gt;&lt;b&gt;&lt;/b&gt;&lt;b&gt;&lt;/b&gt;&lt;b&gt;&lt;/b&gt;&lt;b&gt;&lt;/b&gt;&lt;b&gt;&lt;/b&gt;&lt;b&gt;&lt;/b&gt;&lt;b&gt;&lt;/b&gt;&lt;b&gt;&lt;/b&gt;&lt;b&gt;&lt;/b&gt;&lt;b&gt;&lt;/b&gt;&lt;b&gt;&lt;/b&gt;&lt;b&gt;&lt;/b&gt;&lt;b&gt;&lt;/b&gt;&lt;b&gt;&lt;/b&gt;&lt;b&gt;&lt;/b&gt;&lt;b&gt;&lt;/b&gt;&lt;b&gt;&lt;/b&gt;&lt;b&gt;&lt;/b&gt;&lt;b&gt;&lt;/b&gt;&lt;b&gt;&lt;/b&gt;&lt;b&gt;&lt;/b&gt;&lt;b&gt;&lt;/b&gt;&lt;b&gt;&lt;/b&gt;&lt;b&gt;&lt;/b&gt;&lt;b&gt;&lt;/b&gt;&lt;b&gt;&lt;/b&gt;&lt;b&gt;&lt;/b&gt;&lt;b&gt;&lt;/b&gt;&lt;b&gt;&lt;/b&gt;&lt;b&gt;&lt;/b&gt;&lt;b&gt;&lt;/b&gt;&lt;b&gt;&lt;/b&gt;&lt;b&gt;&lt;/b&gt;&lt;b&gt;&lt;/b&gt;&lt;b&gt;&lt;/b&gt;&lt;b&gt;&lt;/b&gt;&lt;b&gt;&lt;/b&gt;&lt;b&gt;&lt;/b&gt;&lt;b&gt;&lt;/b&gt;&lt;b&gt;&lt;/b&gt;&lt;b&gt;&lt;/b&gt;&lt;b&gt;&lt;/b&gt;&lt;b&gt;&lt;/b&gt;&lt;b&gt;&lt;/b&gt;&lt;b&gt;&lt;/b&gt;&lt;b&gt;&lt;/b&gt;&lt;b&gt;&lt;/b&gt;&lt;b&gt;&lt;/b&gt;&lt;b&gt;&lt;/b&gt;&lt;b&gt;&lt;/b&gt;&lt;b&gt;&lt;/b&gt;&lt;b&gt;&lt;/b&gt;&lt;b&gt;&lt;/b&gt;&lt;b&gt;&lt;/b&gt;&lt;b&gt;&lt;/b&gt;&lt;b&gt;&lt;/b&gt;&lt;b&gt;&lt;/b&gt;&lt;b&gt;&lt;/b&gt;&lt;b&gt;&lt;/b&gt;&lt;b&gt;&lt;/b&gt;&lt;b&gt;&lt;/b&gt;&lt;b&gt;&lt;/b&gt;&lt;b&gt;&lt;/b&gt;&lt;b&gt;&lt;/b&gt;&lt;b&gt;&lt;/b&gt;&lt;b&gt;&lt;/b&gt;&lt;b&gt;&lt;/b&gt;&lt;b&gt;&lt;/b&gt;&lt;b&gt;&lt;/b&gt;&lt;b&gt;&lt;/b&gt;&lt;b&gt;&lt;/b&gt;&lt;b&gt;&lt;/b&gt;&lt;b&gt;&lt;/b&gt;&lt;b&gt;&lt;/b&gt;&lt;b&gt;&lt;/b&gt;&lt;b&gt;&lt;/b&gt;&lt;b&gt;&lt;/b&gt;&lt;b&gt;&lt;/b&gt;&lt;b&gt;&lt;/b&gt;&lt;b&gt;&lt;/b&gt;&lt;b&gt;&lt;/b&gt;&lt;b&gt;&lt;/b&gt;&lt;b&gt;&lt;/b&gt;&lt;b&gt;&lt;/b&gt;&lt;b&gt;&lt;/b&gt;&lt;b&gt;&lt;/b&gt;&lt;b&gt;&lt;/b&gt;&lt;b&gt;&lt;/b&gt;&lt;b&gt;&lt;/b&gt;&lt;b&gt;&lt;/b&gt;&lt;b&gt;&lt;/b&gt;&lt;b&gt;&lt;/b&gt;&lt;b&gt;&lt;/b&gt;&lt;b&gt;&lt;/b&gt;&lt;b&gt;&lt;/b&gt;&lt;b&gt;&lt;/b&gt;&lt;b&gt;&lt;/b&gt;&lt;b&gt;&lt;/b&gt;&lt;b&gt;&lt;/b&gt;&lt;b&gt;&lt;/b&gt;&lt;b&gt;&lt;/b&gt;&lt;b&gt;&lt;/b&gt;&lt;b&gt;&lt;/b&gt;&lt;b&gt;&lt;/b&gt;&lt;b&gt;&lt;/b&gt;&lt;b&gt;&lt;/b&gt;&lt;b&gt;&lt;/b&gt;&lt;b&gt;&lt;/b&gt;&lt;b&gt;&lt;/b&gt;&lt;b&gt;&lt;/b&gt;&lt;b&gt;&lt;/b&gt;&lt;b&gt;&lt;/b&gt;&lt;b&gt;&lt;/b&gt;&lt;b&gt;&lt;/b&gt;&lt;b&gt;&lt;/b&gt;&lt;b&gt;&lt;/b&gt;&lt;b&gt;&lt;/b&gt;&lt;b&gt;&lt;/b&gt;&lt;b&gt;&lt;/b&gt;&lt;b&gt;&lt;/b&gt;&lt;b&gt;&lt;/b&gt;&lt;b&gt;&lt;/b&gt;&lt;b&gt;&lt;/b&gt;&lt;b&gt;&lt;/b&gt;&lt;b&gt;&lt;/b&gt;&lt;b&gt;&lt;/b&gt;&lt;b&gt;&lt;/b&gt;&lt;b&gt;&lt;/b&gt;&lt;b&gt;&lt;/b&gt;&lt;b&gt;&lt;/b&gt;&lt;b&gt;&lt;/b&gt;&lt;b&gt;&lt;/b&gt;&lt;b&gt;&lt;/b&gt;&lt;b&gt;&lt;/b&gt;&lt;b&gt;&lt;/b&gt;&lt;b&gt;&lt;/b&gt;&lt;b&gt;&lt;/b&gt;&lt;b&gt;&lt;/b&gt;&lt;b&gt;&lt;/b&gt;&lt;b&gt;&lt;/b&gt;&lt;b&gt;&lt;/b&gt;&lt;b&gt;&lt;/b&gt;&lt;b&gt;&lt;/b&gt;&lt;b&gt;&lt;/b&gt;&lt;b&gt;&lt;/b&gt;&lt;b&gt;&lt;br /&gt;&lt;a class=&quot;external&quot; href=&quot;https://www.deviantart.com/users/outgoing?https://www.patreon.com/user?u=457132&amp;amp;ty=c&quot;&gt;Patreon&lt;/a&gt;&lt;br /&gt;&lt;img src=&quot;https://e.deviantart.net/emoticons/b/bulletgreen.gif&quot; width=&quot;10&quot; height=&quot;10&quot; alt=&quot;:bulletgreen:&quot; data-embed-type=&quot;emoticon&quot; data-embed-id=&quot;209&quot; title=&quot;Bullet; Green&quot;/&gt; &lt;b&gt;Other sites to follow my work&lt;/b&gt;&lt;b&gt;&lt;/b&gt;&lt;b&gt;&lt;/b&gt;&lt;b&gt;&lt;/b&gt;&lt;b&gt;&lt;/b&gt;&lt;b&gt;&lt;/b&gt;&lt;b&gt;&lt;/b&gt;&lt;b&gt;&lt;/b&gt;&lt;b&gt;&lt;/b&gt;&lt;b&gt;&lt;/b&gt;&lt;b&gt;&lt;/b&gt;&lt;b&gt;&lt;/b&gt;&lt;b&gt;&lt;/b&gt;&lt;b&gt;&lt;/b&gt;&lt;b&gt;&lt;/b&gt;&lt;b&gt;&lt;/b&gt;&lt;b&gt;&lt;/b&gt;&lt;b&gt;&lt;/b&gt;&lt;b&gt;&lt;/b&gt;&lt;b&gt;&lt;/b&gt;&lt;b&gt;&lt;/b&gt;&lt;b&gt;&lt;/b&gt;&lt;b&gt;&lt;/b&gt;&lt;b&gt;&lt;/b&gt;&lt;b&gt;&lt;/b&gt;&lt;b&gt;&lt;/b&gt;&lt;b&gt;&lt;/b&gt;&lt;b&gt;&lt;/b&gt;&lt;b&gt;&lt;/b&gt;&lt;b&gt;&lt;/b&gt;&lt;b&gt;&lt;/b&gt;&lt;b&gt;&lt;/b&gt;&lt;b&gt;&lt;/b&gt;&lt;b&gt;&lt;/b&gt;&lt;b&gt;&lt;/b&gt;&lt;b&gt;&lt;/b&gt;&lt;b&gt;&lt;/b&gt;&lt;b&gt;&lt;/b&gt;&lt;b&gt;&lt;/b&gt;&lt;b&gt;&lt;/b&gt;&lt;b&gt;&lt;/b&gt;&lt;b&gt;&lt;/b&gt;&lt;b&gt;&lt;/b&gt;&lt;b&gt;&lt;/b&gt;&lt;b&gt;&lt;/b&gt;&lt;b&gt;&lt;/b&gt;&lt;b&gt;&lt;/b&gt;&lt;b&gt;&lt;/b&gt;&lt;b&gt;&lt;/b&gt;&lt;b&gt;&lt;/b&gt;&lt;b&gt;&lt;/b&gt;&lt;b&gt;&lt;/b&gt;&lt;b&gt;&lt;/b&gt;&lt;b&gt;&lt;/b&gt;&lt;b&gt;&lt;/b&gt;&lt;b&gt;&lt;/b&gt;&lt;b&gt;&lt;/b&gt;&lt;b&gt;&lt;/b&gt;&lt;b&gt;&lt;/b&gt;&lt;b&gt;&lt;/b&gt;&lt;b&gt;&lt;/b&gt;&lt;b&gt;&lt;/b&gt;&lt;b&gt;&lt;/b&gt;&lt;b&gt;&lt;/b&gt;&lt;b&gt;&lt;/b&gt;&lt;b&gt;&lt;/b&gt;&lt;b&gt;&lt;/b&gt;&lt;b&gt;&lt;/b&gt;&lt;b&gt;&lt;/b&gt;&lt;b&gt;&lt;/b&gt;&lt;b&gt;&lt;/b&gt;&lt;b&gt;&lt;/b&gt;&lt;b&gt;&lt;/b&gt;&lt;b&gt;&lt;/b&gt;&lt;b&gt;&lt;/b&gt;&lt;b&gt;&lt;/b&gt;&lt;b&gt;&lt;/b&gt;&lt;b&gt;&lt;/b&gt;&lt;b&gt;&lt;/b&gt;&lt;b&gt;&lt;/b&gt;&lt;b&gt;&lt;/b&gt;&lt;b&gt;&lt;/b&gt;&lt;b&gt;&lt;/b&gt;&lt;b&gt;&lt;/b&gt;&lt;b&gt;&lt;/b&gt;&lt;b&gt;&lt;/b&gt;&lt;b&gt;&lt;/b&gt;&lt;b&gt;&lt;/b&gt;&lt;b&gt;&lt;/b&gt;&lt;b&gt;&lt;/b&gt;&lt;b&gt;&lt;/b&gt;&lt;b&gt;&lt;/b&gt;&lt;b&gt;&lt;/b&gt;&lt;b&gt;&lt;/b&gt;&lt;b&gt;&lt;/b&gt;&lt;b&gt;&lt;/b&gt;&lt;b&gt;&lt;/b&gt;&lt;b&gt;&lt;/b&gt;&lt;b&gt;&lt;/b&gt;&lt;b&gt;&lt;/b&gt;&lt;b&gt;&lt;/b&gt;&lt;b&gt;&lt;/b&gt;&lt;b&gt;&lt;/b&gt;&lt;b&gt;&lt;/b&gt;&lt;b&gt;&lt;/b&gt;&lt;b&gt;&lt;/b&gt;&lt;b&gt;&lt;/b&gt;&lt;b&gt;&lt;/b&gt;&lt;b&gt;&lt;/b&gt;&lt;b&gt;&lt;/b&gt;&lt;b&gt;&lt;/b&gt;&lt;b&gt;&lt;/b&gt;&lt;b&gt;&lt;/b&gt;&lt;b&gt;&lt;/b&gt;&lt;b&gt;&lt;/b&gt;&lt;b&gt;&lt;/b&gt;&lt;b&gt;&lt;/b&gt;&lt;b&gt;&lt;/b&gt;&lt;b&gt;&lt;/b&gt;&lt;b&gt;&lt;/b&gt;&lt;b&gt;&lt;/b&gt;&lt;b&gt;&lt;/b&gt;&lt;b&gt;&lt;/b&gt;&lt;b&gt;&lt;/b&gt;&lt;b&gt;&lt;/b&gt;&lt;b&gt;&lt;/b&gt;&lt;b&gt;&lt;/b&gt;&lt;b&gt;&lt;/b&gt;&lt;b&gt;&lt;/b&gt;&lt;b&gt;&lt;/b&gt;&lt;b&gt;&lt;/b&gt;&lt;b&gt;&lt;/b&gt;&lt;b&gt;&lt;/b&gt;&lt;b&gt;&lt;/b&gt;&lt;b&gt;&lt;/b&gt;&lt;b&gt;&lt;/b&gt;&lt;b&gt;&lt;/b&gt;&lt;b&gt;&lt;/b&gt;&lt;b&gt;&lt;/b&gt;&lt;b&gt;&lt;/b&gt;&lt;b&gt;&lt;/b&gt;&lt;b&gt;&lt;/b&gt;&lt;b&gt;&lt;/b&gt;&lt;b&gt;&lt;/b&gt;&lt;b&gt;&lt;/b&gt;&lt;b&gt;&lt;/b&gt;&lt;b&gt;&lt;/b&gt;&lt;b&gt;&lt;/b&gt;&lt;b&gt;&lt;/b&gt;&lt;b&gt;&lt;/b&gt;&lt;b&gt;&lt;/b&gt;&lt;b&gt;&lt;/b&gt;&lt;b&gt;&lt;/b&gt;&lt;b&gt;&lt;/b&gt;&lt;b&gt;&lt;/b&gt;&lt;b&gt;&lt;/b&gt;&lt;b&gt;&lt;/b&gt;&lt;b&gt;&lt;/b&gt;&lt;b&gt;&lt;/b&gt;&lt;b&gt;&lt;/b&gt;&lt;b&gt;&lt;/b&gt;&lt;b&gt;&lt;/b&gt;&lt;b&gt;&lt;/b&gt;&lt;b&gt;&lt;/b&gt;&lt;b&gt;&lt;/b&gt;&lt;b&gt;&lt;/b&gt;&lt;b&gt;&lt;/b&gt;&lt;b&gt;&lt;/b&gt;&lt;b&gt;&lt;/b&gt;&lt;b&gt;&lt;/b&gt;&lt;b&gt;&lt;/b&gt;&lt;b&gt;&lt;/b&gt;&lt;b&gt;&lt;/b&gt;&lt;b&gt;&lt;/b&gt;&lt;b&gt;&lt;/b&gt;&lt;b&gt;&lt;/b&gt;&lt;b&gt;&lt;/b&gt;&lt;b&gt;&lt;/b&gt;&lt;b&gt;&lt;/b&gt;&lt;b&gt;&lt;/b&gt;&lt;b&gt;&lt;/b&gt;&lt;b&gt;&lt;/b&gt;&lt;b&gt;&lt;/b&gt;&lt;b&gt;&lt;/b&gt;&lt;b&gt;&lt;/b&gt;&lt;b&gt;&lt;/b&gt;&lt;b&gt;&lt;/b&gt;&lt;b&gt;&lt;/b&gt;&lt;b&gt;&lt;/b&gt;&lt;b&gt;&lt;/b&gt;&lt;b&gt;&lt;/b&gt;&lt;b&gt;&lt;/b&gt;&lt;b&gt;&lt;/b&gt;&lt;b&gt;&lt;/b&gt;&lt;b&gt;&lt;/b&gt;&lt;b&gt;&lt;/b&gt;&lt;b&gt;&lt;/b&gt;&lt;b&gt;&lt;/b&gt;&lt;b&gt;&lt;/b&gt;&lt;b&gt;&lt;/b&gt;&lt;b&gt;&lt;/b&gt;&lt;b&gt;&lt;/b&gt;&lt;b&gt;&lt;/b&gt;&lt;b&gt;&lt;/b&gt;&lt;b&gt;&lt;/b&gt;&lt;b&gt;&lt;/b&gt;&lt;b&gt;&lt;/b&gt;&lt;b&gt;&lt;/b&gt;&lt;b&gt;&lt;/b&gt;&lt;b&gt;&lt;/b&gt;&lt;b&gt;&lt;/b&gt;&lt;b&gt;&lt;/b&gt;&lt;b&gt;&lt;/b&gt;&lt;b&gt;&lt;/b&gt;&lt;b&gt;&lt;/b&gt;&lt;b&gt;&lt;/b&gt;&lt;b&gt;&lt;/b&gt;&lt;b&gt;&lt;/b&gt;&lt;b&gt;&lt;/b&gt;&lt;b&gt;&lt;/b&gt;&lt;b&gt;&lt;/b&gt;&lt;b&gt;&lt;/b&gt;&lt;b&gt;&lt;/b&gt;&lt;b&gt;&lt;/b&gt;&lt;b&gt;&lt;/b&gt;&lt;b&gt;&lt;/b&gt;&lt;b&gt;&lt;/b&gt;&lt;b&gt;&lt;/b&gt;&lt;b&gt;&lt;/b&gt;&lt;b&gt;&lt;/b&gt;&lt;b&gt;&lt;/b&gt;&lt;b&gt;&lt;/b&gt;&lt;b&gt;&lt;/b&gt;&lt;b&gt;&lt;/b&gt;&lt;b&gt;&lt;/b&gt;&lt;b&gt;&lt;/b&gt;&lt;b&gt;&lt;/b&gt;&lt;b&gt;&lt;/b&gt;&lt;b&gt;&lt;/b&gt;&lt;b&gt;&lt;/b&gt;&lt;b&gt;&lt;/b&gt;&lt;b&gt;&lt;/b&gt;&lt;b&gt;&lt;/b&gt;&lt;b&gt;&lt;/b&gt;&lt;b&gt;&lt;/b&gt;&lt;b&gt;&lt;/b&gt;&lt;b&gt;&lt;/b&gt;&lt;b&gt;&lt;/b&gt;&lt;b&gt;&lt;/b&gt;&lt;b&gt;&lt;/b&gt;&lt;b&gt;&lt;/b&gt;&lt;b&gt;&lt;/b&gt;&lt;b&gt;&lt;/b&gt;&lt;b&gt;&lt;/b&gt;&lt;b&gt;&lt;/b&gt;&lt;b&gt;&lt;/b&gt;&lt;b&gt;&lt;/b&gt;&lt;b&gt;&lt;/b&gt;&lt;b&gt;&lt;/b&gt;&lt;b&gt;&lt;/b&gt;&lt;b&gt;&lt;/b&gt;&lt;b&gt;&lt;/b&gt;&lt;b&gt;&lt;/b&gt;&lt;b&gt;&lt;/b&gt;&lt;b&gt;&lt;/b&gt;&lt;b&gt;&lt;/b&gt;&lt;b&gt;&lt;/b&gt;&lt;b&gt;&lt;/b&gt;&lt;b&gt;&lt;/b&gt;&lt;b&gt;&lt;/b&gt;&lt;b&gt;&lt;/b&gt;&lt;b&gt;&lt;/b&gt;&lt;b&gt;&lt;/b&gt;&lt;b&gt;&lt;/b&gt;&lt;b&gt;&lt;/b&gt;&lt;b&gt;&lt;/b&gt;&lt;b&gt;&lt;/b&gt;&lt;b&gt;&lt;/b&gt;&lt;b&gt;&lt;/b&gt;&lt;b&gt;&lt;/b&gt;&lt;b&gt;&lt;/b&gt;&lt;b&gt;&lt;/b&gt;&lt;b&gt;&lt;/b&gt;&lt;b&gt;&lt;/b&gt;&lt;b&gt;&lt;/b&gt;&lt;b&gt;&lt;/b&gt;&lt;b&gt;&lt;/b&gt;&lt;b&gt;&lt;/b&gt;&lt;b&gt;&lt;/b&gt;&lt;b&gt;&lt;/b&gt;&lt;b&gt;&lt;/b&gt;&lt;b&gt;&lt;/b&gt;&lt;b&gt;&lt;/b&gt;&lt;b&gt;&lt;/b&gt;&lt;b&gt;&lt;/b&gt;&lt;b&gt;&lt;/b&gt;&lt;b&gt;&lt;/b&gt;&lt;b&gt;&lt;/b&gt;&lt;b&gt;&lt;/b&gt;&lt;b&gt;&lt;/b&gt;&lt;b&gt;&lt;/b&gt;&lt;b&gt;&lt;/b&gt;&lt;b&gt;&lt;/b&gt;&lt;b&gt;&lt;/b&gt;&lt;b&gt;&lt;/b&gt;&lt;b&gt;&lt;/b&gt;&lt;b&gt;&lt;/b&gt;&lt;b&gt;&lt;/b&gt;&lt;b&gt;&lt;/b&gt;&lt;b&gt;&lt;/b&gt;&lt;b&gt;&lt;/b&gt;&lt;b&gt;&lt;/b&gt;&lt;b&gt;&lt;/b&gt;&lt;b&gt;&lt;/b&gt;&lt;b&gt;&lt;/b&gt;&lt;b&gt;&lt;/b&gt;&lt;b&gt;&lt;/b&gt;&lt;b&gt;&lt;/b&gt;&lt;b&gt;&lt;/b&gt;&lt;b&gt;&lt;/b&gt;&lt;b&gt;&lt;/b&gt;&lt;b&gt;&lt;/b&gt;&lt;b&gt;&lt;/b&gt;&lt;b&gt;&lt;/b&gt;&lt;b&gt;&lt;/b&gt;&lt;b&gt;&lt;/b&gt;&lt;b&gt;&lt;/b&gt;&lt;b&gt;&lt;/b&gt;&lt;b&gt;&lt;/b&gt;&lt;b&gt;&lt;/b&gt;&lt;b&gt;&lt;/b&gt;&lt;b&gt;&lt;/b&gt;&lt;b&gt;&lt;/b&gt;&lt;b&gt;&lt;/b&gt;&lt;b&gt;&lt;/b&gt;&lt;b&gt;&lt;/b&gt;&lt;b&gt;&lt;/b&gt;&lt;b&gt;&lt;/b&gt;&lt;b&gt;&lt;/b&gt;&lt;b&gt;&lt;/b&gt;&lt;b&gt;&lt;/b&gt;&lt;b&gt;&lt;/b&gt;&lt;b&gt;&lt;/b&gt;&lt;b&gt;&lt;/b&gt;&lt;b&gt;&lt;/b&gt;&lt;b&gt;&lt;/b&gt;&lt;b&gt;&lt;/b&gt;&lt;b&gt;&lt;/b&gt;&lt;b&gt;&lt;/b&gt;&lt;b&gt;&lt;/b&gt;&lt;b&gt;&lt;/b&gt;&lt;b&gt;&lt;/b&gt;&lt;b&gt;&lt;/b&gt;&lt;b&gt;&lt;/b&gt;&lt;b&gt;&lt;/b&gt;&lt;b&gt;&lt;/b&gt;&lt;b&gt;&lt;/b&gt;&lt;b&gt;&lt;/b&gt;&lt;b&gt;&lt;/b&gt;&lt;b&gt;&lt;/b&gt;&lt;b&gt;&lt;/b&gt;&lt;b&gt;&lt;/b&gt;&lt;b&gt;&lt;/b&gt;&lt;b&gt;&lt;/b&gt;&lt;b&gt;&lt;/b&gt;&lt;b&gt;&lt;/b&gt;&lt;b&gt;&lt;/b&gt;&lt;b&gt;&lt;/b&gt;&lt;b&gt;&lt;/b&gt;&lt;b&gt;&lt;/b&gt;&lt;b&gt;&lt;/b&gt;&lt;b&gt;&lt;/b&gt;&lt;b&gt;&lt;/b&gt;&lt;b&gt;&lt;/b&gt;&lt;b&gt;&lt;/b&gt;&lt;b&gt;&lt;/b&gt;&lt;b&gt;&lt;/b&gt;&lt;b&gt;&lt;/b&gt;&lt;b&gt;&lt;/b&gt;&lt;b&gt;&lt;/b&gt;&lt;b&gt;&lt;/b&gt;&lt;b&gt;&lt;/b&gt;&lt;b&gt;&lt;/b&gt;&lt;b&gt;&lt;/b&gt;&lt;b&gt;&lt;/b&gt;&lt;b&gt;&lt;/b&gt;&lt;b&gt;&lt;/b&gt;&lt;b&gt;&lt;/b&gt;&lt;b&gt;&lt;/b&gt;&lt;b&gt;&lt;/b&gt;&lt;b&gt;&lt;/b&gt;&lt;b&gt;&lt;/b&gt;&lt;b&gt;&lt;/b&gt;&lt;b&gt;&lt;/b&gt;&lt;b&gt;&lt;/b&gt;&lt;b&gt;&lt;/b&gt;&lt;b&gt;&lt;/b&gt;&lt;b&gt;&lt;/b&gt;&lt;b&gt;&lt;/b&gt;&lt;b&gt;&lt;/b&gt;&lt;b&gt;&lt;/b&gt;&lt;b&gt;&lt;/b&gt;&lt;b&gt;&lt;/b&gt;&lt;b&gt;&lt;/b&gt;&lt;b&gt;&lt;/b&gt;&lt;b&gt;&lt;/b&gt;&lt;b&gt;&lt;/b&gt;&lt;b&gt;&lt;/b&gt;&lt;b&gt;&lt;/b&gt;&lt;b&gt;&lt;/b&gt;&lt;b&gt;&lt;/b&gt;&lt;b&gt;&lt;/b&gt;&lt;b&gt;&lt;/b&gt;&lt;b&gt;&lt;/b&gt;&lt;b&gt;&lt;/b&gt;&lt;b&gt;&lt;/b&gt;&lt;b&gt;&lt;/b&gt;&lt;b&gt;&lt;/b&gt;&lt;b&gt;&lt;/b&gt;&lt;b&gt;&lt;/b&gt;&lt;b&gt;&lt;/b&gt;&lt;b&gt;&lt;/b&gt;&lt;b&gt;&lt;/b&gt;&lt;b&gt;&lt;/b&gt;&lt;b&gt;&lt;/b&gt;&lt;b&gt;&lt;/b&gt;&lt;b&gt;&lt;/b&gt;&lt;b&gt;&lt;/b&gt;&lt;b&gt;&lt;/b&gt;&lt;b&gt;&lt;/b&gt;&lt;b&gt;&lt;/b&gt;&lt;b&gt;&lt;/b&gt;&lt;b&gt;&lt;/b&gt;&lt;b&gt;&lt;/b&gt;&lt;b&gt;&lt;/b&gt;&lt;b&gt;&lt;/b&gt;&lt;b&gt;&lt;/b&gt;&lt;b&gt;&lt;/b&gt;&lt;b&gt;&lt;/b&gt;&lt;b&gt;&lt;/b&gt;&lt;b&gt;&lt;/b&gt;&lt;b&gt;&lt;/b&gt;&lt;b&gt;&lt;/b&gt;&lt;b&gt;&lt;/b&gt;&lt;b&gt;&lt;/b&gt;&lt;b&gt;&lt;/b&gt;&lt;b&gt;&lt;/b&gt;&lt;b&gt;&lt;/b&gt;&lt;b&gt;&lt;/b&gt;&lt;b&gt;&lt;/b&gt;&lt;b&gt;&lt;/b&gt;&lt;b&gt;&lt;/b&gt;&lt;b&gt;&lt;/b&gt;&lt;b&gt;&lt;/b&gt;&lt;b&gt;&lt;/b&gt;&lt;b&gt;&lt;/b&gt;&lt;b&gt;&lt;/b&gt;&lt;b&gt;&lt;/b&gt;&lt;b&gt;&lt;/b&gt;&lt;b&gt;&lt;/b&gt;&lt;b&gt;&lt;/b&gt;&lt;b&gt;&lt;/b&gt;&lt;b&gt;&lt;/b&gt;&lt;b&gt;&lt;/b&gt;&lt;b&gt;&lt;/b&gt;&lt;b&gt;&lt;/b&gt;&lt;b&gt;&lt;/b&gt;&lt;b&gt;&lt;/b&gt;&lt;b&gt;&lt;/b&gt;&lt;b&gt;&lt;/b&gt;&lt;b&gt;&lt;/b&gt;&lt;b&gt;&lt;/b&gt;&lt;b&gt;&lt;/b&gt;&lt;b&gt;&lt;/b&gt;&lt;b&gt;&lt;/b&gt;&lt;b&gt;&lt;/b&gt;&lt;b&gt;&lt;/b&gt;&lt;b&gt;&lt;/b&gt;&lt;b&gt;&lt;/b&gt;&lt;b&gt;&lt;/b&gt;&lt;b&gt;&lt;/b&gt;&lt;b&gt;&lt;/b&gt;&lt;b&gt;&lt;/b&gt;&lt;b&gt;&lt;/b&gt;&lt;b&gt;&lt;/b&gt;&lt;b&gt;&lt;/b&gt;&lt;b&gt;&lt;/b&gt;&lt;b&gt;&lt;br /&gt;&lt;img src=&quot;https://e.deviantart.net/emoticons/f/facebook.gif&quot; width=&quot;16&quot; height=&quot;16&quot; alt=&quot;:facebook:&quot; data-embed-type=&quot;emoticon&quot; data-embed-id=&quot;616&quot; title=&quot;Facebook&quot;/&gt; &lt;a class=&quot;external&quot; href=&quot;https://www.deviantart.com/users/outgoing?https://www.facebook.com/CryptidCreations/timeline&quot;&gt;Facebook&lt;/a&gt;&lt;br /&gt;&lt;img src=&quot;https://e.deviantart.net/emoticons/t/twitter_2.gif&quot; width=&quot;16&quot; height=&quot;16&quot; alt=&quot;:twitter:&quot; data-embed-type=&quot;emoticon&quot; data-embed-id=&quot;614&quot; title=&quot;Twitter&quot;/&gt; &lt;a class=&quot;external&quot; href=&quot;https://www.deviantart.com/users/outgoing?https://twitter.com/Piper_Thibodeau&quot;&gt;Twitter&lt;/a&gt;&lt;br /&gt;&lt;img src=&quot;https://e.deviantart.net/emoticons/b/bulletgreen.gif&quot; width=&quot;10&quot; height=&quot;10&quot; alt=&quot;:bulletgreen:&quot; data-embed-type=&quot;emoticon&quot; data-embed-id=&quot;209&quot; title=&quot;Bullet; Green&quot;/&gt; For any business related inquiries please send me an e-mail at cryptidcreations@gmail.com&lt;br /&gt;&lt;/b&gt;&lt;/b&gt;&lt;/b&gt;&lt;br /&gt;&lt;div&gt;&lt;img src=&quot;https://t00.deviantart.net/oliq4FwoUtGabsHvqC3JKNT35mY=/300x200/filters:fixed_height(100,100):origin()/pre00/85c5/th/pre/f/2019/051/c/b/daily_paint_2283__merit_badger_by_cryptid_creations-dd0ani1.png&quot; alt=&quot;thumbnail&quot; /&gt;&lt;/div&gt;</description>            </item>
                    <item>
                <title>Idunn</title>
                <link>https://irenhorrors.deviantart.com/art/Idunn-786590303</link>
                <guid isPermaLink="true">https://irenhorrors.deviantart.com/art/Idunn-786590303</guid>
                <pubDate>Thu, 21 Feb 2019 02:54:46 PST</pubDate>
                        <media:title type="plain">Idunn</media:title>
        <media:keywords></media:keywords>
                        <media:rating>nonadult</media:rating>
                <media:category label="Fantasy">digitalart/mixedmed/fantasy</media:category>
        <media:credit role="author" scheme="urn:ebu">IrenHorrors</media:credit>
        <media:credit role="author" scheme="urn:ebu">https://a.deviantart.net/avatars/i/r/irenhorrors.jpg?10</media:credit>
        <media:copyright url="https://irenhorrors.deviantart.com">Copyright 2019 IrenHorrors</media:copyright>             <creativeCommons:license>http://creativecommons.org/licenses/by-nc-nd/3.0/</creativeCommons:license>
                <media:description type="html">&lt;h3 align=&quot;start&quot;&gt;&lt;a class=&quot;external&quot; href=&quot;https://www.deviantart.com/users/outgoing?https://instagram.com/irenhorrors/&quot;&gt;Instagram&lt;/a&gt;&amp;nbsp;|&amp;nbsp;&lt;a class=&quot;external&quot; href=&quot;https://www.deviantart.com/users/outgoing?https://www.facebook.com/pages/Iren-Horrors/615736865167450&quot;&gt;Facebook&lt;/a&gt;&amp;nbsp;|&amp;nbsp;&lt;a class=&quot;external&quot; href=&quot;https://www.deviantart.com/users/outgoing?https://society6.com/irenhorrors&quot;&gt;Shop&lt;/a&gt;&amp;nbsp;&lt;/h3&gt;&lt;br /&gt;(Music: Wardruna - Solringen)&lt;br /&gt;&lt;br /&gt;In Norse mythology I&amp;#240;unn (Idunna) the goddess of youth or rejuvenation. She was the keeper of the magic golden apples of immortality, which the gods must eat to preserve their youth.&amp;#127822;&lt;br /&gt;&lt;span&gt;&lt;br /&gt;More&amp;nbsp;&lt;/span&gt;&lt;span&gt;Norse&amp;nbsp;&lt;/span&gt;&lt;span&gt;mythology:&lt;/span&gt;&lt;br /&gt;&lt;br /&gt;&lt;span class=&quot;shadow-holder&quot; data-embed-type=&quot;deviation&quot; data-embed-id=&quot;786334976&quot; data-embed-format=&quot;thumb&quot;&gt;&lt;span class=&quot;shadow mild&quot; &gt;&lt;a class=&quot;thumb&quot; href=&quot;https://www.deviantart.com/irenhorrors/art/Skadi-786334976&quot; title=&quot;Skadi by IrenHorrors, Feb 19, 2019 in Digital Art &amp;gt; Mixed Media &amp;gt; Fantasy&quot;data-super-img=&quot;https://images-wixmp-ed30a86b8c4ca887773594c2.wixmp.com/intermediary/f/6ec0d49d-038d-4900-b498-c8cc3863c8e8/dd05vy8-530bf24e-db73-4613-a837-f98c13adbc47.jpg/v1/fill/w_600,h_819,q_70,strp/skadi_by_irenhorrors_dd05vy8-fullview.jpg&quot; data-super-width=&quot;600&quot; data-super-height=&quot;819&quot; data-super-transparent=&quot;false&quot; data-super-alt=&quot;Skadi by IrenHorrors&quot; data-super-full-img=&quot;https://images-wixmp-ed30a86b8c4ca887773594c2.wixmp.com/intermediary/f/6ec0d49d-038d-4900-b498-c8cc3863c8e8/dd05vy8-530bf24e-db73-4613-a837-f98c13adbc47.jpg/v1/fill/w_600,h_819,q_70,strp/skadi_by_irenhorrors_dd05vy8-fullview.jpg&quot; data-super-full-width=&quot;600&quot; data-super-full-height=&quot;819&quot;        data-sigil=&quot;thumb&quot;&gt;
        &lt;i&gt;&lt;/i&gt;&lt;img   width=&quot;110&quot; height=&quot;150&quot; alt=&quot;Skadi by IrenHorrors&quot; src=&quot;https://images-wixmp-ed30a86b8c4ca887773594c2.wixmp.com/intermediary/f/6ec0d49d-038d-4900-b498-c8cc3863c8e8/dd05vy8-530bf24e-db73-4613-a837-f98c13adbc47.jpg/v1/fit/w_150,h_150,q_70,strp/skadi_by_irenhorrors_dd05vy8-150.jpg&quot; data-src=&quot;https://images-wixmp-ed30a86b8c4ca887773594c2.wixmp.com/intermediary/f/6ec0d49d-038d-4900-b498-c8cc3863c8e8/dd05vy8-530bf24e-db73-4613-a837-f98c13adbc47.jpg/v1/fit/w_150,h_150,q_70,strp/skadi_by_irenhorrors_dd05vy8-150.jpg&quot; srcset=&quot;https://images-wixmp-ed30a86b8c4ca887773594c2.wixmp.com/intermediary/f/6ec0d49d-038d-4900-b498-c8cc3863c8e8/dd05vy8-530bf24e-db73-4613-a837-f98c13adbc47.jpg/v1/fit/w_150,h_150,q_70,strp/skadi_by_irenhorrors_dd05vy8-150.jpg 110w,https://images-wixmp-ed30a86b8c4ca887773594c2.wixmp.com/intermediary/f/6ec0d49d-038d-4900-b498-c8cc3863c8e8/dd05vy8-530bf24e-db73-4613-a837-f98c13adbc47.jpg/v1/fill/w_183,h_250,q_70,strp/skadi_by_irenhorrors_dd05vy8-250t.jpg 183w,https://images-wixmp-ed30a86b8c4ca887773594c2.wixmp.com/intermediary/f/6ec0d49d-038d-4900-b498-c8cc3863c8e8/dd05vy8-530bf24e-db73-4613-a837-f98c13adbc47.jpg/v1/crop/w_256,h_350,x_0,y_0,scl_0.12261450381679,q_70,strp/skadi_by_irenhorrors_dd05vy8-350t.jpg 256w,https://images-wixmp-ed30a86b8c4ca887773594c2.wixmp.com/intermediary/f/6ec0d49d-038d-4900-b498-c8cc3863c8e8/dd05vy8-530bf24e-db73-4613-a837-f98c13adbc47.jpg/v1/fill/w_293,h_400,q_70,strp/skadi_by_irenhorrors_dd05vy8-400t.jpg 293w,https://images-wixmp-ed30a86b8c4ca887773594c2.wixmp.com/intermediary/f/6ec0d49d-038d-4900-b498-c8cc3863c8e8/dd05vy8-530bf24e-db73-4613-a837-f98c13adbc47.jpg/v1/fill/w_600,h_819,q_70,strp/skadi_by_irenhorrors_dd05vy8-fullview.jpg 600w&quot; sizes=&quot;110px&quot;&gt;&lt;/a&gt;&lt;/span&gt;&lt;!-- ^TTT --&gt;&lt;!-- TTT$ --&gt;&lt;/span&gt;&lt;span class=&quot;shadow-holder&quot; data-embed-type=&quot;deviation&quot; data-embed-id=&quot;688409867&quot; data-embed-format=&quot;thumb&quot;&gt;&lt;span class=&quot;shadow mild&quot; &gt;&lt;a class=&quot;thumb&quot; href=&quot;https://www.deviantart.com/irenhorrors/art/Loki-688409867&quot; title=&quot;Loki by IrenHorrors, Jun 24, 2017 in Digital Art &amp;gt; Mixed Media &amp;gt; Dark&quot;data-super-img=&quot;https://images-wixmp-ed30a86b8c4ca887773594c2.wixmp.com/intermediary/f/6ec0d49d-038d-4900-b498-c8cc3863c8e8/dbdv0gb-ea21d549-e4d7-4d54-a9c8-54af879e7e35.jpg/v1/fill/w_800,h_858,q_70,strp/loki_by_irenhorrors_dbdv0gb-fullview.jpg&quot; data-super-width=&quot;800&quot; data-super-height=&quot;858&quot; data-super-transparent=&quot;false&quot; data-super-alt=&quot;Loki by IrenHorrors&quot; data-super-full-img=&quot;https://images-wixmp-ed30a86b8c4ca887773594c2.wixmp.com/intermediary/f/6ec0d49d-038d-4900-b498-c8cc3863c8e8/dbdv0gb-ea21d549-e4d7-4d54-a9c8-54af879e7e35.jpg/v1/fill/w_800,h_858,q_70,strp/loki_by_irenhorrors_dbdv0gb-fullview.jpg&quot; data-super-full-width=&quot;800&quot; data-super-full-height=&quot;858&quot;        data-sigil=&quot;thumb&quot;&gt;
        &lt;i&gt;&lt;/i&gt;&lt;img   width=&quot;140&quot; height=&quot;150&quot; alt=&quot;Loki by IrenHorrors&quot; src=&quot;https://images-wixmp-ed30a86b8c4ca887773594c2.wixmp.com/intermediary/f/6ec0d49d-038d-4900-b498-c8cc3863c8e8/dbdv0gb-ea21d549-e4d7-4d54-a9c8-54af879e7e35.jpg/v1/fit/w_150,h_150,q_70,strp/loki_by_irenhorrors_dbdv0gb-150.jpg&quot; data-src=&quot;https://images-wixmp-ed30a86b8c4ca887773594c2.wixmp.com/intermediary/f/6ec0d49d-038d-4900-b498-c8cc3863c8e8/dbdv0gb-ea21d549-e4d7-4d54-a9c8-54af879e7e35.jpg/v1/fit/w_150,h_150,q_70,strp/loki_by_irenhorrors_dbdv0gb-150.jpg&quot; srcset=&quot;https://images-wixmp-ed30a86b8c4ca887773594c2.wixmp.com/intermediary/f/6ec0d49d-038d-4900-b498-c8cc3863c8e8/dbdv0gb-ea21d549-e4d7-4d54-a9c8-54af879e7e35.jpg/v1/fit/w_150,h_150,q_70,strp/loki_by_irenhorrors_dbdv0gb-150.jpg 140w,https://images-wixmp-ed30a86b8c4ca887773594c2.wixmp.com/intermediary/f/6ec0d49d-038d-4900-b498-c8cc3863c8e8/dbdv0gb-ea21d549-e4d7-4d54-a9c8-54af879e7e35.jpg/v1/fill/w_233,h_250,q_70,strp/loki_by_irenhorrors_dbdv0gb-250t.jpg 233w,https://images-wixmp-ed30a86b8c4ca887773594c2.wixmp.com/intermediary/f/6ec0d49d-038d-4900-b498-c8cc3863c8e8/dbdv0gb-ea21d549-e4d7-4d54-a9c8-54af879e7e35.jpg/v1/fill/w_326,h_350,q_70,strp/loki_by_irenhorrors_dbdv0gb-350t.jpg 326w,https://images-wixmp-ed30a86b8c4ca887773594c2.wixmp.com/intermediary/f/6ec0d49d-038d-4900-b498-c8cc3863c8e8/dbdv0gb-ea21d549-e4d7-4d54-a9c8-54af879e7e35.jpg/v1/fill/w_373,h_400,q_70,strp/loki_by_irenhorrors_dbdv0gb-400t.jpg 373w,https://images-wixmp-ed30a86b8c4ca887773594c2.wixmp.com/intermediary/f/6ec0d49d-038d-4900-b498-c8cc3863c8e8/dbdv0gb-ea21d549-e4d7-4d54-a9c8-54af879e7e35.jpg/v1/fill/w_800,h_858,q_70,strp/loki_by_irenhorrors_dbdv0gb-fullview.jpg 800w&quot; sizes=&quot;140px&quot;&gt;&lt;/a&gt;&lt;/span&gt;&lt;!-- ^TTT --&gt;&lt;!-- TTT$ --&gt;&lt;/span&gt;&amp;nbsp;&lt;span class=&quot;shadow-holder&quot; data-embed-type=&quot;deviation&quot; data-embed-id=&quot;746010563&quot; data-embed-format=&quot;thumb&quot;&gt;&lt;span class=&quot;shadow mild&quot; &gt;&lt;a class=&quot;thumb&quot; href=&quot;https://www.deviantart.com/irenhorrors/art/Freya-746010563&quot; title=&quot;Freya by IrenHorrors, May 21, 2018 in Digital Art &amp;gt; Mixed Media &amp;gt; Fantasy&quot;data-super-img=&quot;https://images-wixmp-ed30a86b8c4ca887773594c2.wixmp.com/intermediary/f/6ec0d49d-038d-4900-b498-c8cc3863c8e8/dcc5lfn-d6019616-8874-4379-8784-1417ce93e168.jpg/v1/fill/w_600,h_800,q_70,strp/freya_by_irenhorrors_dcc5lfn-fullview.jpg&quot; data-super-width=&quot;600&quot; data-super-height=&quot;800&quot; data-super-transparent=&quot;false&quot; data-super-alt=&quot;Freya by IrenHorrors&quot; data-super-full-img=&quot;https://images-wixmp-ed30a86b8c4ca887773594c2.wixmp.com/intermediary/f/6ec0d49d-038d-4900-b498-c8cc3863c8e8/dcc5lfn-d6019616-8874-4379-8784-1417ce93e168.jpg/v1/fill/w_600,h_800,q_70,strp/freya_by_irenhorrors_dcc5lfn-fullview.jpg&quot; data-super-full-width=&quot;600&quot; data-super-full-height=&quot;800&quot;        data-sigil=&quot;thumb&quot;&gt;
        &lt;i&gt;&lt;/i&gt;&lt;img   width=&quot;113&quot; height=&quot;150&quot; alt=&quot;Freya by IrenHorrors&quot; src=&quot;https://images-wixmp-ed30a86b8c4ca887773594c2.wixmp.com/intermediary/f/6ec0d49d-038d-4900-b498-c8cc3863c8e8/dcc5lfn-d6019616-8874-4379-8784-1417ce93e168.jpg/v1/fit/w_150,h_150,q_70,strp/freya_by_irenhorrors_dcc5lfn-150.jpg&quot; data-src=&quot;https://images-wixmp-ed30a86b8c4ca887773594c2.wixmp.com/intermediary/f/6ec0d49d-038d-4900-b498-c8cc3863c8e8/dcc5lfn-d6019616-8874-4379-8784-1417ce93e168.jpg/v1/fit/w_150,h_150,q_70,strp/freya_by_irenhorrors_dcc5lfn-150.jpg&quot; srcset=&quot;https://images-wixmp-ed30a86b8c4ca887773594c2.wixmp.com/intermediary/f/6ec0d49d-038d-4900-b498-c8cc3863c8e8/dcc5lfn-d6019616-8874-4379-8784-1417ce93e168.jpg/v1/fit/w_150,h_150,q_70,strp/freya_by_irenhorrors_dcc5lfn-150.jpg 113w,https://images-wixmp-ed30a86b8c4ca887773594c2.wixmp.com/intermediary/f/6ec0d49d-038d-4900-b498-c8cc3863c8e8/dcc5lfn-d6019616-8874-4379-8784-1417ce93e168.jpg/v1/crop/w_188,h_250,x_0,y_0,scl_0.088637435172089,q_70,strp/freya_by_irenhorrors_dcc5lfn-250t.jpg 188w,https://images-wixmp-ed30a86b8c4ca887773594c2.wixmp.com/intermediary/f/6ec0d49d-038d-4900-b498-c8cc3863c8e8/dcc5lfn-d6019616-8874-4379-8784-1417ce93e168.jpg/v1/crop/w_263,h_350,x_0,y_0,scl_0.12399811409712,q_70,strp/freya_by_irenhorrors_dcc5lfn-350t.jpg 263w,https://images-wixmp-ed30a86b8c4ca887773594c2.wixmp.com/intermediary/f/6ec0d49d-038d-4900-b498-c8cc3863c8e8/dcc5lfn-d6019616-8874-4379-8784-1417ce93e168.jpg/v1/fill/w_300,h_400,q_70,strp/freya_by_irenhorrors_dcc5lfn-400t.jpg 300w,https://images-wixmp-ed30a86b8c4ca887773594c2.wixmp.com/intermediary/f/6ec0d49d-038d-4900-b498-c8cc3863c8e8/dcc5lfn-d6019616-8874-4379-8784-1417ce93e168.jpg/v1/fill/w_600,h_800,q_70,strp/freya_by_irenhorrors_dcc5lfn-fullview.jpg 600w&quot; sizes=&quot;113px&quot;&gt;&lt;/a&gt;&lt;/span&gt;&lt;!-- ^TTT --&gt;&lt;!-- TTT$ --&gt;&lt;/span&gt;&amp;nbsp;&lt;span class=&quot;shadow-holder&quot; data-embed-type=&quot;deviation&quot; data-embed-id=&quot;703915555&quot; data-embed-format=&quot;thumb&quot;&gt;&lt;span class=&quot;shadow mild&quot; &gt;&lt;a class=&quot;thumb&quot; href=&quot;https://www.deviantart.com/irenhorrors/art/The-Norns-703915555&quot; title=&quot;The Norns by IrenHorrors, Sep 11, 2017 in Digital Art &amp;gt; Mixed Media &amp;gt; Dark&quot;data-super-img=&quot;https://images-wixmp-ed30a86b8c4ca887773594c2.wixmp.com/intermediary/f/6ec0d49d-038d-4900-b498-c8cc3863c8e8/dbn3cpv-a7839bd4-507f-477f-a612-57e5c9a5c84a.jpg/v1/fill/w_600,h_900,q_70,strp/the_norns_by_irenhorrors_dbn3cpv-fullview.jpg&quot; data-super-width=&quot;600&quot; data-super-height=&quot;900&quot; data-super-transparent=&quot;false&quot; data-super-alt=&quot;The Norns by IrenHorrors&quot; data-super-full-img=&quot;https://images-wixmp-ed30a86b8c4ca887773594c2.wixmp.com/intermediary/f/6ec0d49d-038d-4900-b498-c8cc3863c8e8/dbn3cpv-a7839bd4-507f-477f-a612-57e5c9a5c84a.jpg/v1/fill/w_600,h_900,q_70,strp/the_norns_by_irenhorrors_dbn3cpv-fullview.jpg&quot; data-super-full-width=&quot;600&quot; data-super-full-height=&quot;900&quot;        data-sigil=&quot;thumb&quot;&gt;
        &lt;i&gt;&lt;/i&gt;&lt;img   width=&quot;100&quot; height=&quot;150&quot; alt=&quot;The Norns by IrenHorrors&quot; src=&quot;https://images-wixmp-ed30a86b8c4ca887773594c2.wixmp.com/intermediary/f/6ec0d49d-038d-4900-b498-c8cc3863c8e8/dbn3cpv-a7839bd4-507f-477f-a612-57e5c9a5c84a.jpg/v1/fit/w_150,h_150,q_70,strp/the_norns_by_irenhorrors_dbn3cpv-150.jpg&quot; data-src=&quot;https://images-wixmp-ed30a86b8c4ca887773594c2.wixmp.com/intermediary/f/6ec0d49d-038d-4900-b498-c8cc3863c8e8/dbn3cpv-a7839bd4-507f-477f-a612-57e5c9a5c84a.jpg/v1/fit/w_150,h_150,q_70,strp/the_norns_by_irenhorrors_dbn3cpv-150.jpg&quot; srcset=&quot;https://images-wixmp-ed30a86b8c4ca887773594c2.wixmp.com/intermediary/f/6ec0d49d-038d-4900-b498-c8cc3863c8e8/dbn3cpv-a7839bd4-507f-477f-a612-57e5c9a5c84a.jpg/v1/fit/w_150,h_150,q_70,strp/the_norns_by_irenhorrors_dbn3cpv-150.jpg 100w,https://images-wixmp-ed30a86b8c4ca887773594c2.wixmp.com/intermediary/f/6ec0d49d-038d-4900-b498-c8cc3863c8e8/dbn3cpv-a7839bd4-507f-477f-a612-57e5c9a5c84a.jpg/v1/fill/w_167,h_250,q_70,strp/the_norns_by_irenhorrors_dbn3cpv-250t.jpg 167w,https://images-wixmp-ed30a86b8c4ca887773594c2.wixmp.com/intermediary/f/6ec0d49d-038d-4900-b498-c8cc3863c8e8/dbn3cpv-a7839bd4-507f-477f-a612-57e5c9a5c84a.jpg/v1/crop/w_233,h_350,x_0,y_0,scl_0.117,q_70,strp/the_norns_by_irenhorrors_dbn3cpv-350t.jpg 233w,https://images-wixmp-ed30a86b8c4ca887773594c2.wixmp.com/intermediary/f/6ec0d49d-038d-4900-b498-c8cc3863c8e8/dbn3cpv-a7839bd4-507f-477f-a612-57e5c9a5c84a.jpg/v1/fill/w_267,h_400,q_70,strp/the_norns_by_irenhorrors_dbn3cpv-400t.jpg 267w,https://images-wixmp-ed30a86b8c4ca887773594c2.wixmp.com/intermediary/f/6ec0d49d-038d-4900-b498-c8cc3863c8e8/dbn3cpv-a7839bd4-507f-477f-a612-57e5c9a5c84a.jpg/v1/fill/w_600,h_900,q_70,strp/the_norns_by_irenhorrors_dbn3cpv-fullview.jpg 600w&quot; sizes=&quot;100px&quot;&gt;&lt;/a&gt;&lt;/span&gt;&lt;!-- ^TTT --&gt;&lt;!-- TTT$ --&gt;&lt;/span&gt;&amp;nbsp;&lt;span class=&quot;shadow-holder&quot; data-embed-type=&quot;deviation&quot; data-embed-id=&quot;722653849&quot; data-embed-format=&quot;thumb&quot;&gt;&lt;span class=&quot;shadow mild&quot; &gt;&lt;a class=&quot;thumb&quot; href=&quot;https://www.deviantart.com/irenhorrors/art/Loki-s-Children-722653849&quot; title=&quot;Loki&amp;#039;s Children by IrenHorrors, Dec 30, 2017 in Digital Art &amp;gt; Mixed Media &amp;gt; Dark&quot;data-super-img=&quot;https://images-wixmp-ed30a86b8c4ca887773594c2.wixmp.com/intermediary/f/6ec0d49d-038d-4900-b498-c8cc3863c8e8/dby8za1-68894b0e-728d-43c7-a480-9bf3a5516b45.jpg/v1/fill/w_600,h_840,q_70,strp/loki_s_children_by_irenhorrors_dby8za1-fullview.jpg&quot; data-super-width=&quot;600&quot; data-super-height=&quot;840&quot; data-super-transparent=&quot;false&quot; data-super-alt=&quot;Loki&amp;#039;s Children by IrenHorrors&quot; data-super-full-img=&quot;https://images-wixmp-ed30a86b8c4ca887773594c2.wixmp.com/intermediary/f/6ec0d49d-038d-4900-b498-c8cc3863c8e8/dby8za1-68894b0e-728d-43c7-a480-9bf3a5516b45.jpg/v1/fill/w_600,h_840,q_70,strp/loki_s_children_by_irenhorrors_dby8za1-fullview.jpg&quot; data-super-full-width=&quot;600&quot; data-super-full-height=&quot;840&quot;        data-sigil=&quot;thumb&quot;&gt;
        &lt;i&gt;&lt;/i&gt;&lt;img   width=&quot;107&quot; height=&quot;150&quot; alt=&quot;Loki&amp;#039;s Children by IrenHorrors&quot; src=&quot;https://images-wixmp-ed30a86b8c4ca887773594c2.wixmp.com/intermediary/f/6ec0d49d-038d-4900-b498-c8cc3863c8e8/dby8za1-68894b0e-728d-43c7-a480-9bf3a5516b45.jpg/v1/fit/w_150,h_150,q_70,strp/loki_s_children_by_irenhorrors_dby8za1-150.jpg&quot; data-src=&quot;https://images-wixmp-ed30a86b8c4ca887773594c2.wixmp.com/intermediary/f/6ec0d49d-038d-4900-b498-c8cc3863c8e8/dby8za1-68894b0e-728d-43c7-a480-9bf3a5516b45.jpg/v1/fit/w_150,h_150,q_70,strp/loki_s_children_by_irenhorrors_dby8za1-150.jpg&quot; srcset=&quot;https://images-wixmp-ed30a86b8c4ca887773594c2.wixmp.com/intermediary/f/6ec0d49d-038d-4900-b498-c8cc3863c8e8/dby8za1-68894b0e-728d-43c7-a480-9bf3a5516b45.jpg/v1/fit/w_150,h_150,q_70,strp/loki_s_children_by_irenhorrors_dby8za1-150.jpg 107w,https://images-wixmp-ed30a86b8c4ca887773594c2.wixmp.com/intermediary/f/6ec0d49d-038d-4900-b498-c8cc3863c8e8/dby8za1-68894b0e-728d-43c7-a480-9bf3a5516b45.jpg/v1/crop/w_179,h_250,x_0,y_0,scl_0.086473429951691,q_70,strp/loki_s_children_by_irenhorrors_dby8za1-250t.jpg 179w,https://images-wixmp-ed30a86b8c4ca887773594c2.wixmp.com/intermediary/f/6ec0d49d-038d-4900-b498-c8cc3863c8e8/dby8za1-68894b0e-728d-43c7-a480-9bf3a5516b45.jpg/v1/fill/w_250,h_350,q_70,strp/loki_s_children_by_irenhorrors_dby8za1-350t.jpg 250w,https://images-wixmp-ed30a86b8c4ca887773594c2.wixmp.com/intermediary/f/6ec0d49d-038d-4900-b498-c8cc3863c8e8/dby8za1-68894b0e-728d-43c7-a480-9bf3a5516b45.jpg/v1/fill/w_286,h_400,q_70,strp/loki_s_children_by_irenhorrors_dby8za1-400t.jpg 286w,https://images-wixmp-ed30a86b8c4ca887773594c2.wixmp.com/intermediary/f/6ec0d49d-038d-4900-b498-c8cc3863c8e8/dby8za1-68894b0e-728d-43c7-a480-9bf3a5516b45.jpg/v1/fill/w_600,h_840,q_70,strp/loki_s_children_by_irenhorrors_dby8za1-fullview.jpg 600w&quot; sizes=&quot;107px&quot;&gt;&lt;/a&gt;&lt;/span&gt;&lt;!-- ^TTT --&gt;&lt;!-- TTT$ --&gt;&lt;/span&gt;</media:description>            <media:thumbnail url="https://t00.deviantart.net/6tKQ0xDMFiXDE9KoTLbbdIYiwkQ=/fit-in/150x150/filters:no_upscale():origin()/pre00/fbc0/th/pre/i/2019/052/2/2/idunn_by_irenhorrors-dd0bcyn.jpg" height="150" width="113"/>            <media:thumbnail url="https://t00.deviantart.net/ApdRAMAJHEXLmM1PZ1Nnac9ciPI=/fit-in/300x900/filters:no_upscale():origin()/pre00/fbc0/th/pre/i/2019/052/2/2/idunn_by_irenhorrors-dd0bcyn.jpg" height="398" width="300"/>            <media:thumbnail url="https://t00.deviantart.net/1CNfwLKlOcVC-cCr5KX6pb9GdyM=/300x200/filters:fixed_height(100,100):origin()/pre00/fbc0/th/pre/i/2019/052/2/2/idunn_by_irenhorrors-dd0bcyn.jpg" height="200" width="151"/>            <media:content url="https://pre00.deviantart.net/fbc0/th/pre/i/2019/052/2/2/idunn_by_irenhorrors-dd0bcyn.jpg" height="1030" width="776" medium="image"/>            
            <description>&lt;h3 align=&quot;start&quot;&gt;&lt;a class=&quot;external&quot; href=&quot;https://www.deviantart.com/users/outgoing?https://instagram.com/irenhorrors/&quot;&gt;Instagram&lt;/a&gt;&amp;nbsp;|&amp;nbsp;&lt;a class=&quot;external&quot; href=&quot;https://www.deviantart.com/users/outgoing?https://www.facebook.com/pages/Iren-Horrors/615736865167450&quot;&gt;Facebook&lt;/a&gt;&amp;nbsp;|&amp;nbsp;&lt;a class=&quot;external&quot; href=&quot;https://www.deviantart.com/users/outgoing?https://society6.com/irenhorrors&quot;&gt;Shop&lt;/a&gt;&amp;nbsp;&lt;/h3&gt;&lt;br /&gt;(Music: Wardruna - Solringen)&lt;br /&gt;&lt;br /&gt;In Norse mythology I&amp;#240;unn (Idunna) the goddess of youth or rejuvenation. She was the keeper of the magic golden apples of immortality, which the gods must eat to preserve their youth.&amp;#127822;&lt;br /&gt;&lt;span&gt;&lt;br /&gt;More&amp;nbsp;&lt;/span&gt;&lt;span&gt;Norse&amp;nbsp;&lt;/span&gt;&lt;span&gt;mythology:&lt;/span&gt;&lt;br /&gt;&lt;br /&gt;&lt;span class=&quot;shadow-holder&quot; data-embed-type=&quot;deviation&quot; data-embed-id=&quot;786334976&quot; data-embed-format=&quot;thumb&quot;&gt;&lt;span class=&quot;shadow mild&quot; &gt;&lt;a class=&quot;thumb&quot; href=&quot;https://www.deviantart.com/irenhorrors/art/Skadi-786334976&quot; title=&quot;Skadi by IrenHorrors, Feb 19, 2019 in Digital Art &amp;gt; Mixed Media &amp;gt; Fantasy&quot;data-super-img=&quot;https://images-wixmp-ed30a86b8c4ca887773594c2.wixmp.com/intermediary/f/6ec0d49d-038d-4900-b498-c8cc3863c8e8/dd05vy8-530bf24e-db73-4613-a837-f98c13adbc47.jpg/v1/fill/w_600,h_819,q_70,strp/skadi_by_irenhorrors_dd05vy8-fullview.jpg&quot; data-super-width=&quot;600&quot; data-super-height=&quot;819&quot; data-super-transparent=&quot;false&quot; data-super-alt=&quot;Skadi by IrenHorrors&quot; data-super-full-img=&quot;https://images-wixmp-ed30a86b8c4ca887773594c2.wixmp.com/intermediary/f/6ec0d49d-038d-4900-b498-c8cc3863c8e8/dd05vy8-530bf24e-db73-4613-a837-f98c13adbc47.jpg/v1/fill/w_600,h_819,q_70,strp/skadi_by_irenhorrors_dd05vy8-fullview.jpg&quot; data-super-full-width=&quot;600&quot; data-super-full-height=&quot;819&quot;        data-sigil=&quot;thumb&quot;&gt;
        &lt;i&gt;&lt;/i&gt;&lt;img   width=&quot;110&quot; height=&quot;150&quot; alt=&quot;Skadi by IrenHorrors&quot; src=&quot;https://images-wixmp-ed30a86b8c4ca887773594c2.wixmp.com/intermediary/f/6ec0d49d-038d-4900-b498-c8cc3863c8e8/dd05vy8-530bf24e-db73-4613-a837-f98c13adbc47.jpg/v1/fit/w_150,h_150,q_70,strp/skadi_by_irenhorrors_dd05vy8-150.jpg&quot; data-src=&quot;https://images-wixmp-ed30a86b8c4ca887773594c2.wixmp.com/intermediary/f/6ec0d49d-038d-4900-b498-c8cc3863c8e8/dd05vy8-530bf24e-db73-4613-a837-f98c13adbc47.jpg/v1/fit/w_150,h_150,q_70,strp/skadi_by_irenhorrors_dd05vy8-150.jpg&quot; srcset=&quot;https://images-wixmp-ed30a86b8c4ca887773594c2.wixmp.com/intermediary/f/6ec0d49d-038d-4900-b498-c8cc3863c8e8/dd05vy8-530bf24e-db73-4613-a837-f98c13adbc47.jpg/v1/fit/w_150,h_150,q_70,strp/skadi_by_irenhorrors_dd05vy8-150.jpg 110w,https://images-wixmp-ed30a86b8c4ca887773594c2.wixmp.com/intermediary/f/6ec0d49d-038d-4900-b498-c8cc3863c8e8/dd05vy8-530bf24e-db73-4613-a837-f98c13adbc47.jpg/v1/fill/w_183,h_250,q_70,strp/skadi_by_irenhorrors_dd05vy8-250t.jpg 183w,https://images-wixmp-ed30a86b8c4ca887773594c2.wixmp.com/intermediary/f/6ec0d49d-038d-4900-b498-c8cc3863c8e8/dd05vy8-530bf24e-db73-4613-a837-f98c13adbc47.jpg/v1/crop/w_256,h_350,x_0,y_0,scl_0.12261450381679,q_70,strp/skadi_by_irenhorrors_dd05vy8-350t.jpg 256w,https://images-wixmp-ed30a86b8c4ca887773594c2.wixmp.com/intermediary/f/6ec0d49d-038d-4900-b498-c8cc3863c8e8/dd05vy8-530bf24e-db73-4613-a837-f98c13adbc47.jpg/v1/fill/w_293,h_400,q_70,strp/skadi_by_irenhorrors_dd05vy8-400t.jpg 293w,https://images-wixmp-ed30a86b8c4ca887773594c2.wixmp.com/intermediary/f/6ec0d49d-038d-4900-b498-c8cc3863c8e8/dd05vy8-530bf24e-db73-4613-a837-f98c13adbc47.jpg/v1/fill/w_600,h_819,q_70,strp/skadi_by_irenhorrors_dd05vy8-fullview.jpg 600w&quot; sizes=&quot;110px&quot;&gt;&lt;/a&gt;&lt;/span&gt;&lt;!-- ^TTT --&gt;&lt;!-- TTT$ --&gt;&lt;/span&gt;&lt;span class=&quot;shadow-holder&quot; data-embed-type=&quot;deviation&quot; data-embed-id=&quot;688409867&quot; data-embed-format=&quot;thumb&quot;&gt;&lt;span class=&quot;shadow mild&quot; &gt;&lt;a class=&quot;thumb&quot; href=&quot;https://www.deviantart.com/irenhorrors/art/Loki-688409867&quot; title=&quot;Loki by IrenHorrors, Jun 24, 2017 in Digital Art &amp;gt; Mixed Media &amp;gt; Dark&quot;data-super-img=&quot;https://images-wixmp-ed30a86b8c4ca887773594c2.wixmp.com/intermediary/f/6ec0d49d-038d-4900-b498-c8cc3863c8e8/dbdv0gb-ea21d549-e4d7-4d54-a9c8-54af879e7e35.jpg/v1/fill/w_800,h_858,q_70,strp/loki_by_irenhorrors_dbdv0gb-fullview.jpg&quot; data-super-width=&quot;800&quot; data-super-height=&quot;858&quot; data-super-transparent=&quot;false&quot; data-super-alt=&quot;Loki by IrenHorrors&quot; data-super-full-img=&quot;https://images-wixmp-ed30a86b8c4ca887773594c2.wixmp.com/intermediary/f/6ec0d49d-038d-4900-b498-c8cc3863c8e8/dbdv0gb-ea21d549-e4d7-4d54-a9c8-54af879e7e35.jpg/v1/fill/w_800,h_858,q_70,strp/loki_by_irenhorrors_dbdv0gb-fullview.jpg&quot; data-super-full-width=&quot;800&quot; data-super-full-height=&quot;858&quot;        data-sigil=&quot;thumb&quot;&gt;
        &lt;i&gt;&lt;/i&gt;&lt;img   width=&quot;140&quot; height=&quot;150&quot; alt=&quot;Loki by IrenHorrors&quot; src=&quot;https://images-wixmp-ed30a86b8c4ca887773594c2.wixmp.com/intermediary/f/6ec0d49d-038d-4900-b498-c8cc3863c8e8/dbdv0gb-ea21d549-e4d7-4d54-a9c8-54af879e7e35.jpg/v1/fit/w_150,h_150,q_70,strp/loki_by_irenhorrors_dbdv0gb-150.jpg&quot; data-src=&quot;https://images-wixmp-ed30a86b8c4ca887773594c2.wixmp.com/intermediary/f/6ec0d49d-038d-4900-b498-c8cc3863c8e8/dbdv0gb-ea21d549-e4d7-4d54-a9c8-54af879e7e35.jpg/v1/fit/w_150,h_150,q_70,strp/loki_by_irenhorrors_dbdv0gb-150.jpg&quot; srcset=&quot;https://images-wixmp-ed30a86b8c4ca887773594c2.wixmp.com/intermediary/f/6ec0d49d-038d-4900-b498-c8cc3863c8e8/dbdv0gb-ea21d549-e4d7-4d54-a9c8-54af879e7e35.jpg/v1/fit/w_150,h_150,q_70,strp/loki_by_irenhorrors_dbdv0gb-150.jpg 140w,https://images-wixmp-ed30a86b8c4ca887773594c2.wixmp.com/intermediary/f/6ec0d49d-038d-4900-b498-c8cc3863c8e8/dbdv0gb-ea21d549-e4d7-4d54-a9c8-54af879e7e35.jpg/v1/fill/w_233,h_250,q_70,strp/loki_by_irenhorrors_dbdv0gb-250t.jpg 233w,https://images-wixmp-ed30a86b8c4ca887773594c2.wixmp.com/intermediary/f/6ec0d49d-038d-4900-b498-c8cc3863c8e8/dbdv0gb-ea21d549-e4d7-4d54-a9c8-54af879e7e35.jpg/v1/fill/w_326,h_350,q_70,strp/loki_by_irenhorrors_dbdv0gb-350t.jpg 326w,https://images-wixmp-ed30a86b8c4ca887773594c2.wixmp.com/intermediary/f/6ec0d49d-038d-4900-b498-c8cc3863c8e8/dbdv0gb-ea21d549-e4d7-4d54-a9c8-54af879e7e35.jpg/v1/fill/w_373,h_400,q_70,strp/loki_by_irenhorrors_dbdv0gb-400t.jpg 373w,https://images-wixmp-ed30a86b8c4ca887773594c2.wixmp.com/intermediary/f/6ec0d49d-038d-4900-b498-c8cc3863c8e8/dbdv0gb-ea21d549-e4d7-4d54-a9c8-54af879e7e35.jpg/v1/fill/w_800,h_858,q_70,strp/loki_by_irenhorrors_dbdv0gb-fullview.jpg 800w&quot; sizes=&quot;140px&quot;&gt;&lt;/a&gt;&lt;/span&gt;&lt;!-- ^TTT --&gt;&lt;!-- TTT$ --&gt;&lt;/span&gt;&amp;nbsp;&lt;span class=&quot;shadow-holder&quot; data-embed-type=&quot;deviation&quot; data-embed-id=&quot;746010563&quot; data-embed-format=&quot;thumb&quot;&gt;&lt;span class=&quot;shadow mild&quot; &gt;&lt;a class=&quot;thumb&quot; href=&quot;https://www.deviantart.com/irenhorrors/art/Freya-746010563&quot; title=&quot;Freya by IrenHorrors, May 21, 2018 in Digital Art &amp;gt; Mixed Media &amp;gt; Fantasy&quot;data-super-img=&quot;https://images-wixmp-ed30a86b8c4ca887773594c2.wixmp.com/intermediary/f/6ec0d49d-038d-4900-b498-c8cc3863c8e8/dcc5lfn-d6019616-8874-4379-8784-1417ce93e168.jpg/v1/fill/w_600,h_800,q_70,strp/freya_by_irenhorrors_dcc5lfn-fullview.jpg&quot; data-super-width=&quot;600&quot; data-super-height=&quot;800&quot; data-super-transparent=&quot;false&quot; data-super-alt=&quot;Freya by IrenHorrors&quot; data-super-full-img=&quot;https://images-wixmp-ed30a86b8c4ca887773594c2.wixmp.com/intermediary/f/6ec0d49d-038d-4900-b498-c8cc3863c8e8/dcc5lfn-d6019616-8874-4379-8784-1417ce93e168.jpg/v1/fill/w_600,h_800,q_70,strp/freya_by_irenhorrors_dcc5lfn-fullview.jpg&quot; data-super-full-width=&quot;600&quot; data-super-full-height=&quot;800&quot;        data-sigil=&quot;thumb&quot;&gt;
        &lt;i&gt;&lt;/i&gt;&lt;img   width=&quot;113&quot; height=&quot;150&quot; alt=&quot;Freya by IrenHorrors&quot; src=&quot;https://images-wixmp-ed30a86b8c4ca887773594c2.wixmp.com/intermediary/f/6ec0d49d-038d-4900-b498-c8cc3863c8e8/dcc5lfn-d6019616-8874-4379-8784-1417ce93e168.jpg/v1/fit/w_150,h_150,q_70,strp/freya_by_irenhorrors_dcc5lfn-150.jpg&quot; data-src=&quot;https://images-wixmp-ed30a86b8c4ca887773594c2.wixmp.com/intermediary/f/6ec0d49d-038d-4900-b498-c8cc3863c8e8/dcc5lfn-d6019616-8874-4379-8784-1417ce93e168.jpg/v1/fit/w_150,h_150,q_70,strp/freya_by_irenhorrors_dcc5lfn-150.jpg&quot; srcset=&quot;https://images-wixmp-ed30a86b8c4ca887773594c2.wixmp.com/intermediary/f/6ec0d49d-038d-4900-b498-c8cc3863c8e8/dcc5lfn-d6019616-8874-4379-8784-1417ce93e168.jpg/v1/fit/w_150,h_150,q_70,strp/freya_by_irenhorrors_dcc5lfn-150.jpg 113w,https://images-wixmp-ed30a86b8c4ca887773594c2.wixmp.com/intermediary/f/6ec0d49d-038d-4900-b498-c8cc3863c8e8/dcc5lfn-d6019616-8874-4379-8784-1417ce93e168.jpg/v1/crop/w_188,h_250,x_0,y_0,scl_0.088637435172089,q_70,strp/freya_by_irenhorrors_dcc5lfn-250t.jpg 188w,https://images-wixmp-ed30a86b8c4ca887773594c2.wixmp.com/intermediary/f/6ec0d49d-038d-4900-b498-c8cc3863c8e8/dcc5lfn-d6019616-8874-4379-8784-1417ce93e168.jpg/v1/crop/w_263,h_350,x_0,y_0,scl_0.12399811409712,q_70,strp/freya_by_irenhorrors_dcc5lfn-350t.jpg 263w,https://images-wixmp-ed30a86b8c4ca887773594c2.wixmp.com/intermediary/f/6ec0d49d-038d-4900-b498-c8cc3863c8e8/dcc5lfn-d6019616-8874-4379-8784-1417ce93e168.jpg/v1/fill/w_300,h_400,q_70,strp/freya_by_irenhorrors_dcc5lfn-400t.jpg 300w,https://images-wixmp-ed30a86b8c4ca887773594c2.wixmp.com/intermediary/f/6ec0d49d-038d-4900-b498-c8cc3863c8e8/dcc5lfn-d6019616-8874-4379-8784-1417ce93e168.jpg/v1/fill/w_600,h_800,q_70,strp/freya_by_irenhorrors_dcc5lfn-fullview.jpg 600w&quot; sizes=&quot;113px&quot;&gt;&lt;/a&gt;&lt;/span&gt;&lt;!-- ^TTT --&gt;&lt;!-- TTT$ --&gt;&lt;/span&gt;&amp;nbsp;&lt;span class=&quot;shadow-holder&quot; data-embed-type=&quot;deviation&quot; data-embed-id=&quot;703915555&quot; data-embed-format=&quot;thumb&quot;&gt;&lt;span class=&quot;shadow mild&quot; &gt;&lt;a class=&quot;thumb&quot; href=&quot;https://www.deviantart.com/irenhorrors/art/The-Norns-703915555&quot; title=&quot;The Norns by IrenHorrors, Sep 11, 2017 in Digital Art &amp;gt; Mixed Media &amp;gt; Dark&quot;data-super-img=&quot;https://images-wixmp-ed30a86b8c4ca887773594c2.wixmp.com/intermediary/f/6ec0d49d-038d-4900-b498-c8cc3863c8e8/dbn3cpv-a7839bd4-507f-477f-a612-57e5c9a5c84a.jpg/v1/fill/w_600,h_900,q_70,strp/the_norns_by_irenhorrors_dbn3cpv-fullview.jpg&quot; data-super-width=&quot;600&quot; data-super-height=&quot;900&quot; data-super-transparent=&quot;false&quot; data-super-alt=&quot;The Norns by IrenHorrors&quot; data-super-full-img=&quot;https://images-wixmp-ed30a86b8c4ca887773594c2.wixmp.com/intermediary/f/6ec0d49d-038d-4900-b498-c8cc3863c8e8/dbn3cpv-a7839bd4-507f-477f-a612-57e5c9a5c84a.jpg/v1/fill/w_600,h_900,q_70,strp/the_norns_by_irenhorrors_dbn3cpv-fullview.jpg&quot; data-super-full-width=&quot;600&quot; data-super-full-height=&quot;900&quot;        data-sigil=&quot;thumb&quot;&gt;
        &lt;i&gt;&lt;/i&gt;&lt;img   width=&quot;100&quot; height=&quot;150&quot; alt=&quot;The Norns by IrenHorrors&quot; src=&quot;https://images-wixmp-ed30a86b8c4ca887773594c2.wixmp.com/intermediary/f/6ec0d49d-038d-4900-b498-c8cc3863c8e8/dbn3cpv-a7839bd4-507f-477f-a612-57e5c9a5c84a.jpg/v1/fit/w_150,h_150,q_70,strp/the_norns_by_irenhorrors_dbn3cpv-150.jpg&quot; data-src=&quot;https://images-wixmp-ed30a86b8c4ca887773594c2.wixmp.com/intermediary/f/6ec0d49d-038d-4900-b498-c8cc3863c8e8/dbn3cpv-a7839bd4-507f-477f-a612-57e5c9a5c84a.jpg/v1/fit/w_150,h_150,q_70,strp/the_norns_by_irenhorrors_dbn3cpv-150.jpg&quot; srcset=&quot;https://images-wixmp-ed30a86b8c4ca887773594c2.wixmp.com/intermediary/f/6ec0d49d-038d-4900-b498-c8cc3863c8e8/dbn3cpv-a7839bd4-507f-477f-a612-57e5c9a5c84a.jpg/v1/fit/w_150,h_150,q_70,strp/the_norns_by_irenhorrors_dbn3cpv-150.jpg 100w,https://images-wixmp-ed30a86b8c4ca887773594c2.wixmp.com/intermediary/f/6ec0d49d-038d-4900-b498-c8cc3863c8e8/dbn3cpv-a7839bd4-507f-477f-a612-57e5c9a5c84a.jpg/v1/fill/w_167,h_250,q_70,strp/the_norns_by_irenhorrors_dbn3cpv-250t.jpg 167w,https://images-wixmp-ed30a86b8c4ca887773594c2.wixmp.com/intermediary/f/6ec0d49d-038d-4900-b498-c8cc3863c8e8/dbn3cpv-a7839bd4-507f-477f-a612-57e5c9a5c84a.jpg/v1/crop/w_233,h_350,x_0,y_0,scl_0.117,q_70,strp/the_norns_by_irenhorrors_dbn3cpv-350t.jpg 233w,https://images-wixmp-ed30a86b8c4ca887773594c2.wixmp.com/intermediary/f/6ec0d49d-038d-4900-b498-c8cc3863c8e8/dbn3cpv-a7839bd4-507f-477f-a612-57e5c9a5c84a.jpg/v1/fill/w_267,h_400,q_70,strp/the_norns_by_irenhorrors_dbn3cpv-400t.jpg 267w,https://images-wixmp-ed30a86b8c4ca887773594c2.wixmp.com/intermediary/f/6ec0d49d-038d-4900-b498-c8cc3863c8e8/dbn3cpv-a7839bd4-507f-477f-a612-57e5c9a5c84a.jpg/v1/fill/w_600,h_900,q_70,strp/the_norns_by_irenhorrors_dbn3cpv-fullview.jpg 600w&quot; sizes=&quot;100px&quot;&gt;&lt;/a&gt;&lt;/span&gt;&lt;!-- ^TTT --&gt;&lt;!-- TTT$ --&gt;&lt;/span&gt;&amp;nbsp;&lt;span class=&quot;shadow-holder&quot; data-embed-type=&quot;deviation&quot; data-embed-id=&quot;722653849&quot; data-embed-format=&quot;thumb&quot;&gt;&lt;span class=&quot;shadow mild&quot; &gt;&lt;a class=&quot;thumb&quot; href=&quot;https://www.deviantart.com/irenhorrors/art/Loki-s-Children-722653849&quot; title=&quot;Loki&amp;#039;s Children by IrenHorrors, Dec 30, 2017 in Digital Art &amp;gt; Mixed Media &amp;gt; Dark&quot;data-super-img=&quot;https://images-wixmp-ed30a86b8c4ca887773594c2.wixmp.com/intermediary/f/6ec0d49d-038d-4900-b498-c8cc3863c8e8/dby8za1-68894b0e-728d-43c7-a480-9bf3a5516b45.jpg/v1/fill/w_600,h_840,q_70,strp/loki_s_children_by_irenhorrors_dby8za1-fullview.jpg&quot; data-super-width=&quot;600&quot; data-super-height=&quot;840&quot; data-super-transparent=&quot;false&quot; data-super-alt=&quot;Loki&amp;#039;s Children by IrenHorrors&quot; data-super-full-img=&quot;https://images-wixmp-ed30a86b8c4ca887773594c2.wixmp.com/intermediary/f/6ec0d49d-038d-4900-b498-c8cc3863c8e8/dby8za1-68894b0e-728d-43c7-a480-9bf3a5516b45.jpg/v1/fill/w_600,h_840,q_70,strp/loki_s_children_by_irenhorrors_dby8za1-fullview.jpg&quot; data-super-full-width=&quot;600&quot; data-super-full-height=&quot;840&quot;        data-sigil=&quot;thumb&quot;&gt;
        &lt;i&gt;&lt;/i&gt;&lt;img   width=&quot;107&quot; height=&quot;150&quot; alt=&quot;Loki&amp;#039;s Children by IrenHorrors&quot; src=&quot;https://images-wixmp-ed30a86b8c4ca887773594c2.wixmp.com/intermediary/f/6ec0d49d-038d-4900-b498-c8cc3863c8e8/dby8za1-68894b0e-728d-43c7-a480-9bf3a5516b45.jpg/v1/fit/w_150,h_150,q_70,strp/loki_s_children_by_irenhorrors_dby8za1-150.jpg&quot; data-src=&quot;https://images-wixmp-ed30a86b8c4ca887773594c2.wixmp.com/intermediary/f/6ec0d49d-038d-4900-b498-c8cc3863c8e8/dby8za1-68894b0e-728d-43c7-a480-9bf3a5516b45.jpg/v1/fit/w_150,h_150,q_70,strp/loki_s_children_by_irenhorrors_dby8za1-150.jpg&quot; srcset=&quot;https://images-wixmp-ed30a86b8c4ca887773594c2.wixmp.com/intermediary/f/6ec0d49d-038d-4900-b498-c8cc3863c8e8/dby8za1-68894b0e-728d-43c7-a480-9bf3a5516b45.jpg/v1/fit/w_150,h_150,q_70,strp/loki_s_children_by_irenhorrors_dby8za1-150.jpg 107w,https://images-wixmp-ed30a86b8c4ca887773594c2.wixmp.com/intermediary/f/6ec0d49d-038d-4900-b498-c8cc3863c8e8/dby8za1-68894b0e-728d-43c7-a480-9bf3a5516b45.jpg/v1/crop/w_179,h_250,x_0,y_0,scl_0.086473429951691,q_70,strp/loki_s_children_by_irenhorrors_dby8za1-250t.jpg 179w,https://images-wixmp-ed30a86b8c4ca887773594c2.wixmp.com/intermediary/f/6ec0d49d-038d-4900-b498-c8cc3863c8e8/dby8za1-68894b0e-728d-43c7-a480-9bf3a5516b45.jpg/v1/fill/w_250,h_350,q_70,strp/loki_s_children_by_irenhorrors_dby8za1-350t.jpg 250w,https://images-wixmp-ed30a86b8c4ca887773594c2.wixmp.com/intermediary/f/6ec0d49d-038d-4900-b498-c8cc3863c8e8/dby8za1-68894b0e-728d-43c7-a480-9bf3a5516b45.jpg/v1/fill/w_286,h_400,q_70,strp/loki_s_children_by_irenhorrors_dby8za1-400t.jpg 286w,https://images-wixmp-ed30a86b8c4ca887773594c2.wixmp.com/intermediary/f/6ec0d49d-038d-4900-b498-c8cc3863c8e8/dby8za1-68894b0e-728d-43c7-a480-9bf3a5516b45.jpg/v1/fill/w_600,h_840,q_70,strp/loki_s_children_by_irenhorrors_dby8za1-fullview.jpg 600w&quot; sizes=&quot;107px&quot;&gt;&lt;/a&gt;&lt;/span&gt;&lt;!-- ^TTT --&gt;&lt;!-- TTT$ --&gt;&lt;/span&gt;&lt;br /&gt;&lt;div&gt;&lt;img src=&quot;https://t00.deviantart.net/1CNfwLKlOcVC-cCr5KX6pb9GdyM=/300x200/filters:fixed_height(100,100):origin()/pre00/fbc0/th/pre/i/2019/052/2/2/idunn_by_irenhorrors-dd0bcyn.jpg&quot; alt=&quot;thumbnail&quot; /&gt;&lt;/div&gt;</description>            </item>
                    <item>
                <title>[+Video] Commission - Nature Spirit</title>
                <link>https://hyanna-natsu.deviantart.com/art/Video-Commission-Nature-Spirit-786583370</link>
                <guid isPermaLink="true">https://hyanna-natsu.deviantart.com/art/Video-Commission-Nature-Spirit-786583370</guid>
                <pubDate>Thu, 21 Feb 2019 07:00:07 PST</pubDate>
                        <media:title type="plain">[+Video] Commission - Nature Spirit</media:title>
        <media:keywords></media:keywords>
                        <media:rating>nonadult</media:rating>
                <media:category label="Drawings">manga/digital/drawings</media:category>
        <media:credit role="author" scheme="urn:ebu">Hyanna-Natsu</media:credit>
        <media:credit role="author" scheme="urn:ebu">https://a.deviantart.net/avatars/h/y/hyanna-natsu.png?11</media:credit>
        <media:copyright url="https://hyanna-natsu.deviantart.com">Copyright 2019 Hyanna-Natsu</media:copyright>            <media:description type="html">&lt;div&gt;Colored sketch bust commission for &lt;span class=&quot;username-with-symbol u&quot;&gt;&lt;a class=&quot;u regular username&quot; href=&quot;https://www.deviantart.com/lemoncakeii&quot;&gt;LemoncakeII&lt;/a&gt;&lt;span class=&quot;user-symbol regular&quot; data-quicktip-text=&quot;&quot; data-show-tooltip=&quot;&quot; data-gruser-type=&quot;regular&quot;&gt;&lt;/span&gt;&lt;/span&gt;&lt;/div&gt;&lt;div&gt;&lt;br /&gt;&lt;/div&gt;&lt;div&gt;&lt;a href=&quot;https://www.deviantart.com/vampirehelenaharper/art/YouTube-Icon-530921372&quot; class=&quot;emoticon&quot; data-embed-type=&quot;emoticon&quot; data-embed-id=&quot;530921372&quot; data-embed-profile=&quot;deviation&quot;&gt;&lt;img src=&quot;https://images-wixmp-ed30a86b8c4ca887773594c2.wixmp.com/intermediary/f/80bda55e-e860-4969-8f37-9e9d51e43927/d8s3hjw-b4c05150-baba-4ad3-bea8-b4870929a06d.png&quot; alt=&quot;YouTube Icon&quot; style=&quot;width:16px;height:16px&quot;&gt;&lt;/a&gt;&amp;nbsp;&lt;a class=&quot;external&quot; href=&quot;https://www.deviantart.com/users/outgoing?https://youtu.be/PQI3iXMswUQ&quot;&gt;&lt;b&gt;Time-lapse video available, click here to watch!&lt;/b&gt;&lt;/a&gt; &lt;a href=&quot;https://www.deviantart.com/yesirukey/art/Pixel-tiny-plant-1-625660955&quot; class=&quot;emoticon&quot; data-embed-type=&quot;emoticon&quot; data-embed-id=&quot;625660955&quot; data-embed-profile=&quot;deviation&quot;&gt;&lt;img src=&quot;https://images-wixmp-ed30a86b8c4ca887773594c2.wixmp.com/intermediary/f/c9830e03-1dce-4018-a070-45190777c483/daci32z-a8fe2e0b-aae6-427e-a0bd-a51a838170ef.png&quot; alt=&quot;[Pixel]  tiny  plant 1&quot; style=&quot;width:14px;height:16px&quot;&gt;&lt;/a&gt;&amp;nbsp;&lt;/div&gt;&lt;div&gt;&lt;br /&gt;&lt;/div&gt;&lt;div&gt;I still struggle to draw messy bangs on the wind... Hmmmm&lt;/div&gt;&lt;div&gt;It&#039;s something I want to improve and that&#039;s why I draw them quite often~&lt;/div&gt;&lt;div&gt;Messy hair is very pretty depending the drawing, so I like the idea!&lt;/div&gt;&lt;div&gt;The pose was a bit random but I like the hands movements (&amp;#8260; &amp;#8260;&amp;gt;&amp;#8260; &amp;#9661; &amp;#8260;&amp;lt;&amp;#8260; &amp;#8260;)&lt;/div&gt;&lt;div&gt;&lt;br /&gt;&lt;/div&gt;&lt;div&gt;&amp;#8226; &amp;#8226; &amp;#8226; &lt;br /&gt;&lt;small&gt;Tablet Gaomon M106K | Paint Tool Sai | Edited in Photoshop (gaussian blur)&lt;br /&gt;&lt;b&gt;Art (c)&lt;/b&gt; &lt;span class=&quot;username-with-symbol u&quot;&gt;&lt;a class=&quot;u beta username&quot; href=&quot;https://www.deviantart.com/hyanna-natsu&quot;&gt;Hyanna-Natsu&lt;/a&gt;&lt;span class=&quot;user-symbol beta&quot; data-quicktip-text=&quot;Beta Tester&quot; data-show-tooltip=&quot;1&quot; data-gruser-type=&quot;beta&quot;&gt;&lt;/span&gt;&lt;/span&gt; | &lt;b&gt;Character (c)&lt;/b&gt; &lt;span class=&quot;username-with-symbol u&quot;&gt;&lt;a class=&quot;u regular username&quot; href=&quot;https://www.deviantart.com/lemoncakeii&quot;&gt;LemoncakeII&lt;/a&gt;&lt;span class=&quot;user-symbol regular&quot; data-quicktip-text=&quot;&quot; data-show-tooltip=&quot;&quot; data-gruser-type=&quot;regular&quot;&gt;&lt;/span&gt;&lt;/span&gt;&lt;br /&gt;&lt;b&gt;&lt;u&gt;Don&#039;t repost&lt;/u&gt;, copy, edit, sell or use without my permission.&lt;/b&gt;&lt;br /&gt;&lt;br /&gt;&lt;b&gt;&lt;a href=&quot;http://fav.me/d5tq78a&quot;&gt;Commissions info&lt;/a&gt; | &lt;a href=&quot;http://fav.me/d5wh97s&quot;&gt; FAQ&lt;/a&gt; | &lt;a class=&quot;external&quot; href=&quot;https://www.deviantart.com/users/outgoing?http://www.redbubble.com/people/hyanna&quot;&gt;Redbubble&lt;/a&gt; | &lt;a class=&quot;external&quot; href=&quot;https://www.deviantart.com/users/outgoing?https://www.youtube.com/c/Hyanna%20Natsu&quot; title=&quot;YouTube&quot;&gt;You Tube&lt;/a&gt;&lt;/b&gt;&lt;/small&gt; &lt;span class=&quot;shadow-holder&quot; data-embed-type=&quot;deviation&quot; data-embed-id=&quot;547742247&quot; data-embed-format=&quot;thumb&quot;&gt;&lt;span class=&quot;shadow mild&quot; &gt;&lt;a class=&quot;thumb&quot; href=&quot;https://www.deviantart.com/kittyrocker/art/--547742247&quot; title=&quot;* by Kittyrocker, Jul 20, 2015 in Customization &amp;gt; Emoticons &amp;gt; Chat Friendly Emotes &amp;gt; Small - up to 25x50 &amp;gt; Animated&quot;        data-sigil=&quot;thumb&quot;&gt;
        &lt;i&gt;&lt;/i&gt;&lt;img   width=&quot;10&quot; height=&quot;10&quot; alt=&quot;* by Kittyrocker&quot; src=&quot;https://orig00.deviantart.net/18bb/f/2015/201/0/6/__by_kittyrocker-d9240mf.gif&quot; data-src=&quot;https://orig00.deviantart.net/18bb/f/2015/201/0/6/__by_kittyrocker-d9240mf.gif&quot; srcset=&quot;https://orig00.deviantart.net/18bb/f/2015/201/0/6/__by_kittyrocker-d9240mf.gif 10w&quot; sizes=&quot;10px&quot;&gt;&lt;/a&gt;&lt;/span&gt;&lt;!-- ^TTT --&gt;&lt;!-- TTT$ --&gt;&lt;/span&gt;&lt;br /&gt;&lt;/div&gt;</media:description>            <media:thumbnail url="https://t00.deviantart.net/y0tur-9ZuAu0EjATNHJmwaSLUSE=/fit-in/150x150/filters:no_upscale():origin()/pre00/758c/th/pre/f/2019/052/3/0/_2019_01_17__aegeapost_by_hyanna_natsu-dd0b7m2.png" height="89" width="150"/>            <media:thumbnail url="https://t00.deviantart.net/W_vZduMciVuAgKmDzPprNEf7Wp4=/fit-in/300x900/filters:no_upscale():origin()/pre00/758c/th/pre/f/2019/052/3/0/_2019_01_17__aegeapost_by_hyanna_natsu-dd0b7m2.png" height="177" width="300"/>            <media:thumbnail url="https://t00.deviantart.net/SSYkHUfpj7otemnchQu4iUIBwHg=/300x200/filters:fixed_height(100,100):origin()/pre00/758c/th/pre/f/2019/052/3/0/_2019_01_17__aegeapost_by_hyanna_natsu-dd0b7m2.png" height="177" width="300"/>            <media:content url="https://pre00.deviantart.net/758c/th/pre/f/2019/052/3/0/_2019_01_17__aegeapost_by_hyanna_natsu-dd0b7m2.png" height="687" width="1163" medium="image"/>            
            <description>&lt;div&gt;Colored sketch bust commission for &lt;span class=&quot;username-with-symbol u&quot;&gt;&lt;a class=&quot;u regular username&quot; href=&quot;https://www.deviantart.com/lemoncakeii&quot;&gt;LemoncakeII&lt;/a&gt;&lt;span class=&quot;user-symbol regular&quot; data-quicktip-text=&quot;&quot; data-show-tooltip=&quot;&quot; data-gruser-type=&quot;regular&quot;&gt;&lt;/span&gt;&lt;/span&gt;&lt;/div&gt;&lt;div&gt;&lt;br /&gt;&lt;/div&gt;&lt;div&gt;&lt;a href=&quot;https://www.deviantart.com/vampirehelenaharper/art/YouTube-Icon-530921372&quot; class=&quot;emoticon&quot; data-embed-type=&quot;emoticon&quot; data-embed-id=&quot;530921372&quot; data-embed-profile=&quot;deviation&quot;&gt;&lt;img src=&quot;https://images-wixmp-ed30a86b8c4ca887773594c2.wixmp.com/intermediary/f/80bda55e-e860-4969-8f37-9e9d51e43927/d8s3hjw-b4c05150-baba-4ad3-bea8-b4870929a06d.png&quot; alt=&quot;YouTube Icon&quot; style=&quot;width:16px;height:16px&quot;&gt;&lt;/a&gt;&amp;nbsp;&lt;a class=&quot;external&quot; href=&quot;https://www.deviantart.com/users/outgoing?https://youtu.be/PQI3iXMswUQ&quot;&gt;&lt;b&gt;Time-lapse video available, click here to watch!&lt;/b&gt;&lt;/a&gt; &lt;a href=&quot;https://www.deviantart.com/yesirukey/art/Pixel-tiny-plant-1-625660955&quot; class=&quot;emoticon&quot; data-embed-type=&quot;emoticon&quot; data-embed-id=&quot;625660955&quot; data-embed-profile=&quot;deviation&quot;&gt;&lt;img src=&quot;https://images-wixmp-ed30a86b8c4ca887773594c2.wixmp.com/intermediary/f/c9830e03-1dce-4018-a070-45190777c483/daci32z-a8fe2e0b-aae6-427e-a0bd-a51a838170ef.png&quot; alt=&quot;[Pixel]  tiny  plant 1&quot; style=&quot;width:14px;height:16px&quot;&gt;&lt;/a&gt;&amp;nbsp;&lt;/div&gt;&lt;div&gt;&lt;br /&gt;&lt;/div&gt;&lt;div&gt;I still struggle to draw messy bangs on the wind... Hmmmm&lt;/div&gt;&lt;div&gt;It&#039;s something I want to improve and that&#039;s why I draw them quite often~&lt;/div&gt;&lt;div&gt;Messy hair is very pretty depending the drawing, so I like the idea!&lt;/div&gt;&lt;div&gt;The pose was a bit random but I like the hands movements (&amp;#8260; &amp;#8260;&amp;gt;&amp;#8260; &amp;#9661; &amp;#8260;&amp;lt;&amp;#8260; &amp;#8260;)&lt;/div&gt;&lt;div&gt;&lt;br /&gt;&lt;/div&gt;&lt;div&gt;&amp;#8226; &amp;#8226; &amp;#8226; &lt;br /&gt;&lt;small&gt;Tablet Gaomon M106K | Paint Tool Sai | Edited in Photoshop (gaussian blur)&lt;br /&gt;&lt;b&gt;Art (c)&lt;/b&gt; &lt;span class=&quot;username-with-symbol u&quot;&gt;&lt;a class=&quot;u beta username&quot; href=&quot;https://www.deviantart.com/hyanna-natsu&quot;&gt;Hyanna-Natsu&lt;/a&gt;&lt;span class=&quot;user-symbol beta&quot; data-quicktip-text=&quot;Beta Tester&quot; data-show-tooltip=&quot;1&quot; data-gruser-type=&quot;beta&quot;&gt;&lt;/span&gt;&lt;/span&gt; | &lt;b&gt;Character (c)&lt;/b&gt; &lt;span class=&quot;username-with-symbol u&quot;&gt;&lt;a class=&quot;u regular username&quot; href=&quot;https://www.deviantart.com/lemoncakeii&quot;&gt;LemoncakeII&lt;/a&gt;&lt;span class=&quot;user-symbol regular&quot; data-quicktip-text=&quot;&quot; data-show-tooltip=&quot;&quot; data-gruser-type=&quot;regular&quot;&gt;&lt;/span&gt;&lt;/span&gt;&lt;br /&gt;&lt;b&gt;&lt;u&gt;Don&#039;t repost&lt;/u&gt;, copy, edit, sell or use without my permission.&lt;/b&gt;&lt;br /&gt;&lt;br /&gt;&lt;b&gt;&lt;a href=&quot;http://fav.me/d5tq78a&quot;&gt;Commissions info&lt;/a&gt; | &lt;a href=&quot;http://fav.me/d5wh97s&quot;&gt; FAQ&lt;/a&gt; | &lt;a class=&quot;external&quot; href=&quot;https://www.deviantart.com/users/outgoing?http://www.redbubble.com/people/hyanna&quot;&gt;Redbubble&lt;/a&gt; | &lt;a class=&quot;external&quot; href=&quot;https://www.deviantart.com/users/outgoing?https://www.youtube.com/c/Hyanna%20Natsu&quot; title=&quot;YouTube&quot;&gt;You Tube&lt;/a&gt;&lt;/b&gt;&lt;/small&gt; &lt;span class=&quot;shadow-holder&quot; data-embed-type=&quot;deviation&quot; data-embed-id=&quot;547742247&quot; data-embed-format=&quot;thumb&quot;&gt;&lt;span class=&quot;shadow mild&quot; &gt;&lt;a class=&quot;thumb&quot; href=&quot;https://www.deviantart.com/kittyrocker/art/--547742247&quot; title=&quot;* by Kittyrocker, Jul 20, 2015 in Customization &amp;gt; Emoticons &amp;gt; Chat Friendly Emotes &amp;gt; Small - up to 25x50 &amp;gt; Animated&quot;        data-sigil=&quot;thumb&quot;&gt;
        &lt;i&gt;&lt;/i&gt;&lt;img   width=&quot;10&quot; height=&quot;10&quot; alt=&quot;* by Kittyrocker&quot; src=&quot;https://orig00.deviantart.net/18bb/f/2015/201/0/6/__by_kittyrocker-d9240mf.gif&quot; data-src=&quot;https://orig00.deviantart.net/18bb/f/2015/201/0/6/__by_kittyrocker-d9240mf.gif&quot; srcset=&quot;https://orig00.deviantart.net/18bb/f/2015/201/0/6/__by_kittyrocker-d9240mf.gif 10w&quot; sizes=&quot;10px&quot;&gt;&lt;/a&gt;&lt;/span&gt;&lt;!-- ^TTT --&gt;&lt;!-- TTT$ --&gt;&lt;/span&gt;&lt;br /&gt;&lt;/div&gt;&lt;br /&gt;&lt;div&gt;&lt;img src=&quot;https://t00.deviantart.net/SSYkHUfpj7otemnchQu4iUIBwHg=/300x200/filters:fixed_height(100,100):origin()/pre00/758c/th/pre/f/2019/052/3/0/_2019_01_17__aegeapost_by_hyanna_natsu-dd0b7m2.png&quot; alt=&quot;thumbnail&quot; /&gt;&lt;/div&gt;</description>            </item>
                    <item>
                <title>A sky full of stars</title>
                <link>https://ellysiumn.deviantart.com/art/A-sky-full-of-stars-785507982</link>
                <guid isPermaLink="true">https://ellysiumn.deviantart.com/art/A-sky-full-of-stars-785507982</guid>
                <pubDate>Thu, 21 Feb 2019 00:22:02 PST</pubDate>
                        <media:title type="plain">A sky full of stars</media:title>
        <media:keywords></media:keywords>
                        <media:rating>nonadult</media:rating>
                <media:category label="HDTV &amp; Widescreen">customization/wallpaper/widescreen</media:category>
        <media:credit role="author" scheme="urn:ebu">Ellysiumn</media:credit>
        <media:credit role="author" scheme="urn:ebu">https://a.deviantart.net/avatars/e/l/ellysiumn.jpg?10</media:credit>
        <media:copyright url="https://ellysiumn.deviantart.com">Copyright 2019 Ellysiumn</media:copyright>
            <media:community>
                <media:tags>@Ellysiumn</media:tags>
            </media:community>            <media:description type="html">Premium 4k wallpaper for personal use only.&lt;br /&gt;&lt;br /&gt;&lt;br /&gt;&lt;div align=&quot;left&quot;&gt;Copyright &amp;#169; by Gene Raz von Edler aka Ellysiumn. All rights reserved.&amp;nbsp;&lt;/div&gt;&lt;div align=&quot;left&quot;&gt;My artwork may not be reproduced, copied, edited, published or uploaded in any&amp;nbsp;&lt;/div&gt;&lt;div align=&quot;left&quot;&gt;way without my written permission.&lt;br /&gt;&lt;br /&gt;&lt;a class=&quot;external&quot; href=&quot;https://www.deviantart.com/users/outgoing?https://stock.adobe.com&quot;&gt;Nebula&lt;/a&gt;&lt;br /&gt;&lt;a class=&quot;external&quot; href=&quot;https://www.deviantart.com/users/outgoing?https://unsplash.com&quot;&gt;Beach&lt;/a&gt;&lt;br /&gt;Everything is painted and my own resources&lt;/div&gt;&lt;div&gt;Tools: PS CC 2018 and Wacom Intuos Pro L.&lt;br /&gt;&lt;br /&gt;&lt;br /&gt;&lt;a class=&quot;external&quot; href=&quot;https://www.deviantart.com/users/outgoing?https://www.instagram.com/ellysiumnarts/&quot;&gt;Instagram&lt;/a&gt;&lt;br /&gt;&lt;a class=&quot;external&quot; href=&quot;https://www.deviantart.com/users/outgoing?https://twitter.com/Ellysiumn&quot;&gt;Twitter&lt;/a&gt;&lt;br /&gt;&lt;a class=&quot;external&quot; href=&quot;https://www.deviantart.com/users/outgoing?https://www.artstation.com/genesisrazvonedler&quot;&gt;ArtStation&lt;/a&gt;&lt;/div&gt;</media:description>            <media:thumbnail url="https://t00.deviantart.net/B-YUJp4Pz28KgQ0fH7eWTgl3KhM=/fit-in/150x150/filters:no_upscale():origin()/pre00/861d/th/pre/i/2019/051/8/b/a_sky_full_of_stars_by_ellysiumn-dczo5u6.png" height="84" width="150"/>            <media:thumbnail url="https://t00.deviantart.net/D2B22_JarA544cLPVxXLd0Ue54A=/fit-in/300x900/filters:no_upscale():origin()/pre00/861d/th/pre/i/2019/051/8/b/a_sky_full_of_stars_by_ellysiumn-dczo5u6.png" height="169" width="300"/>            <media:thumbnail url="https://t00.deviantart.net/Tyy1R3xvfpXGV9_bc_9oJAaN9rk=/300x200/filters:fixed_height(100,100):origin()/pre00/861d/th/pre/i/2019/051/8/b/a_sky_full_of_stars_by_ellysiumn-dczo5u6.png" height="169" width="300"/>            <media:content url="https://pre00.deviantart.net/861d/th/pre/i/2019/051/8/b/a_sky_full_of_stars_by_ellysiumn-dczo5u6.png" height="670" width="1192" medium="image"/>            
            <description>Premium 4k wallpaper for personal use only.&lt;br /&gt;&lt;br /&gt;&lt;br /&gt;&lt;div align=&quot;left&quot;&gt;Copyright &amp;#169; by Gene Raz von Edler aka Ellysiumn. All rights reserved.&amp;nbsp;&lt;/div&gt;&lt;div align=&quot;left&quot;&gt;My artwork may not be reproduced, copied, edited, published or uploaded in any&amp;nbsp;&lt;/div&gt;&lt;div align=&quot;left&quot;&gt;way without my written permission.&lt;br /&gt;&lt;br /&gt;&lt;a class=&quot;external&quot; href=&quot;https://www.deviantart.com/users/outgoing?https://stock.adobe.com&quot;&gt;Nebula&lt;/a&gt;&lt;br /&gt;&lt;a class=&quot;external&quot; href=&quot;https://www.deviantart.com/users/outgoing?https://unsplash.com&quot;&gt;Beach&lt;/a&gt;&lt;br /&gt;Everything is painted and my own resources&lt;/div&gt;&lt;div&gt;Tools: PS CC 2018 and Wacom Intuos Pro L.&lt;br /&gt;&lt;br /&gt;&lt;br /&gt;&lt;a class=&quot;external&quot; href=&quot;https://www.deviantart.com/users/outgoing?https://www.instagram.com/ellysiumnarts/&quot;&gt;Instagram&lt;/a&gt;&lt;br /&gt;&lt;a class=&quot;external&quot; href=&quot;https://www.deviantart.com/users/outgoing?https://twitter.com/Ellysiumn&quot;&gt;Twitter&lt;/a&gt;&lt;br /&gt;&lt;a class=&quot;external&quot; href=&quot;https://www.deviantart.com/users/outgoing?https://www.artstation.com/genesisrazvonedler&quot;&gt;ArtStation&lt;/a&gt;&lt;/div&gt;&lt;br /&gt;&lt;div&gt;&lt;img src=&quot;https://t00.deviantart.net/Tyy1R3xvfpXGV9_bc_9oJAaN9rk=/300x200/filters:fixed_height(100,100):origin()/pre00/861d/th/pre/i/2019/051/8/b/a_sky_full_of_stars_by_ellysiumn-dczo5u6.png&quot; alt=&quot;thumbnail&quot; /&gt;&lt;/div&gt;</description>            </item>
                    <item>
                <title>Pose study 6 REMASTERED</title>
                <link>https://kate-fox.deviantart.com/art/Pose-study-6-REMASTERED-786599955</link>
                <guid isPermaLink="true">https://kate-fox.deviantart.com/art/Pose-study-6-REMASTERED-786599955</guid>
                <pubDate>Thu, 21 Feb 2019 05:26:15 PST</pubDate>
                        <media:title type="plain">Pose study 6 REMASTERED</media:title>
        <media:keywords></media:keywords>
                        <media:rating>nonadult</media:rating>
                <media:category label="Full Body">resources/stockart/model/women/fullbody</media:category>
        <media:credit role="author" scheme="urn:ebu">Kate-FoX</media:credit>
        <media:credit role="author" scheme="urn:ebu">https://a.deviantart.net/avatars/k/a/kate-fox.gif?12</media:credit>
        <media:copyright url="https://kate-fox.deviantart.com">Copyright 2019 Kate-FoX</media:copyright>            <media:description type="html">&lt;b&gt;&lt;img src=&quot;https://e.deviantart.net/emoticons/s/shamrock.gif&quot; alt=&quot;St. Patricks Day!&quot; style=&quot;width: 15px; height: 15px;&quot; data-embed-type=&quot;emoticon&quot; data-embed-id=&quot;449&quot;&gt; &lt;a class=&quot;external&quot; href=&quot;https://www.deviantart.com/users/outgoing?https://www.patreon.com/katefox&quot;&gt;&lt;b&gt;Patreon&lt;/b&gt;&lt;/a&gt; &lt;img src=&quot;https://e.deviantart.net/emoticons/s/shamrock.gif&quot; alt=&quot;St. Patricks Day!&quot; style=&quot;width: 15px; height: 15px;&quot; data-embed-type=&quot;emoticon&quot; data-embed-id=&quot;449&quot;&gt;&amp;nbsp;&lt;a class=&quot;external&quot; href=&quot;https://www.deviantart.com/users/outgoing?https://www.artstation.com/artist/Kate-FoX&quot;&gt;ArtStation&lt;/a&gt; &lt;img src=&quot;https://e.deviantart.net/emoticons/s/shamrock.gif&quot; alt=&quot;St. Patricks Day!&quot; style=&quot;width: 15px; height: 15px;&quot; data-embed-type=&quot;emoticon&quot; data-embed-id=&quot;449&quot;&gt;&amp;nbsp;&lt;a class=&quot;external&quot; href=&quot;https://www.deviantart.com/users/outgoing?https://katefoxart.tumblr.com/&quot;&gt;Tumblr&lt;/a&gt;&amp;nbsp;&lt;img src=&quot;https://e.deviantart.net/emoticons/s/shamrock.gif&quot; alt=&quot;St. Patricks Day!&quot; style=&quot;width: 15px; height: 15px;&quot; data-embed-type=&quot;emoticon&quot; data-embed-id=&quot;449&quot;&gt;&amp;nbsp; &lt;a class=&quot;external&quot; href=&quot;https://www.deviantart.com/users/outgoing?https://vk.com/whisper_of_a_ninetailed&quot;&gt;VK&lt;/a&gt;&amp;nbsp;&lt;img src=&quot;https://e.deviantart.net/emoticons/s/shamrock.gif&quot; alt=&quot;St. Patricks Day!&quot; style=&quot;width: 15px; height: 15px;&quot; data-embed-type=&quot;emoticon&quot; data-embed-id=&quot;449&quot;&gt; &lt;a class=&quot;external&quot; href=&quot;https://www.deviantart.com/users/outgoing?https://www.facebook.com/katherinesoloveva&quot;&gt;FB&lt;/a&gt;&lt;/b&gt;&lt;b&gt; &lt;img src=&quot;https://e.deviantart.net/emoticons/s/shamrock.gif&quot; alt=&quot;St. Patricks Day!&quot; style=&quot;width: 15px; height: 15px;&quot; data-embed-type=&quot;emoticon&quot; data-embed-id=&quot;449&quot;&gt;&lt;/b&gt; &lt;a class=&quot;external&quot; href=&quot;https://www.deviantart.com/users/outgoing?https://www.instagram.com/kate_fox_art/&quot;&gt;Instagram&lt;/a&gt;&lt;b&gt; &lt;img src=&quot;https://e.deviantart.net/emoticons/s/shamrock.gif&quot; alt=&quot;St. Patricks Day!&quot; style=&quot;width: 15px; height: 15px;&quot; data-embed-type=&quot;emoticon&quot; data-embed-id=&quot;449&quot;&gt;&lt;/b&gt;&lt;b&gt; &lt;a class=&quot;external&quot; href=&quot;https://www.deviantart.com/users/outgoing?https://gumroad.com/kate_fox&quot;&gt;Gumroad&lt;/a&gt;&lt;/b&gt;&lt;b&gt; &lt;img src=&quot;https://e.deviantart.net/emoticons/s/shamrock.gif&quot; alt=&quot;St. Patricks Day!&quot; style=&quot;width: 15px; height: 15px;&quot; data-embed-type=&quot;emoticon&quot; data-embed-id=&quot;449&quot;&gt;&lt;/b&gt; &lt;br /&gt;&amp;nbsp;&lt;br /&gt;&lt;span&gt;&lt;/span&gt;&lt;div&gt;&lt;div&gt;&lt;span&gt;&lt;/span&gt;&lt;/div&gt;&lt;/div&gt;&lt;span&gt;&lt;/span&gt;&lt;b&gt;&lt;span&gt;&lt;span&gt;&lt;/span&gt;&lt;/span&gt;&lt;/b&gt;&lt;span&gt;&lt;p&gt;&lt;span&gt;&lt;span&gt;Hey! &lt;span&gt;&lt;span&gt;If&lt;/span&gt; &lt;span&gt;you&lt;/span&gt; &lt;span&gt;like&lt;/span&gt; &lt;span&gt;my work&lt;/span&gt;&lt;span&gt;:&lt;/span&gt;&lt;/span&gt;&lt;br /&gt;Watch me: &lt;a href=&quot;https://kate-fox.deviantart.com/&quot;&gt;kate-fox.deviantart.com/ &lt;/a&gt;&lt;/span&gt;&lt;br /&gt;&lt;span&gt;&lt;span&gt;&lt;a class=&quot;external&quot; href=&quot;https://www.deviantart.com/users/outgoing?https://www.artstation.com/artwork/Q69z3&quot;&gt;www.artstation.com/artwork/Q69&amp;#8230;&lt;/a&gt;&lt;br /&gt;&lt;/span&gt;Support me: &lt;b&gt;&lt;a class=&quot;external&quot; href=&quot;https://www.deviantart.com/users/outgoing?https://www.patreon.com/katefox&quot;&gt;&lt;b&gt;Patreon&lt;/b&gt;&lt;/a&gt; &lt;/b&gt;&lt;b&gt;&lt;br /&gt;or&lt;br /&gt;&lt;a class=&quot;external&quot; href=&quot;https://www.deviantart.com/users/outgoing?https://ko-fi.com/V7V35LXL&quot;&gt;Buy Me a Coffee&lt;/a&gt;&lt;/b&gt;&lt;/span&gt;&lt;/span&gt;&lt;b&gt;&lt;br /&gt;&lt;br /&gt;&lt;/b&gt;&lt;/p&gt;&lt;/span&gt;&lt;h3&gt;&lt;a class=&quot;external&quot; href=&quot;https://www.deviantart.com/users/outgoing?https://www.patreon.com/katefox&quot;&gt;&lt;b&gt;High Resolution available through my patreon!&lt;/b&gt;&lt;/a&gt;&lt;/h3&gt;&lt;span&gt;&lt;p&gt;&lt;b&gt;My awesome patrons will get:&lt;/b&gt;&lt;/p&gt;&lt;p&gt;&lt;span&gt;&lt;strong&gt;- &lt;/strong&gt;&lt;/span&gt;&lt;strong&gt;Full set(12 poses) in high resolution &lt;img src=&quot;https://e.deviantart.net/emoticons/w/wink.gif&quot; alt=&quot;;) (Wink)&quot; style=&quot;width: 15px; height: 15px;&quot; data-embed-type=&quot;emoticon&quot; data-embed-id=&quot;387&quot;&gt;&lt;br /&gt;&lt;/strong&gt;&lt;br /&gt;&lt;/p&gt;&lt;/span&gt;&lt;h3&gt;&lt;strong&gt;Rules:&amp;nbsp;&lt;/strong&gt;&lt;/h3&gt;&lt;ul&gt;&lt;li&gt;You are &lt;strong&gt;free&lt;/strong&gt; &lt;strong&gt;to&lt;/strong&gt; &lt;strong&gt;use&lt;/strong&gt; this set. For example: as refs or base for your OC&#039;s, &amp;nbsp;as refs or base in non-commercial works and gifts. But &lt;strong&gt;you can&#039;t use it as base in &amp;nbsp;commercial works.&lt;/strong&gt;&lt;/li&gt;&lt;li&gt;&lt;strong&gt;Please:&lt;/strong&gt; &lt;strong&gt;DON&#039;T&lt;/strong&gt; &lt;strong&gt;TRACE&lt;/strong&gt; this sketches-pack &lt;strong&gt;IN&lt;/strong&gt; &lt;strong&gt;COMMISSIONS,&lt;/strong&gt; &lt;strong&gt;ADOPTCOMMISSIONS,&lt;/strong&gt; &lt;strong&gt;ADOPT-auctions&lt;/strong&gt; &lt;strong&gt;and&lt;/strong&gt; &lt;strong&gt;commercial&lt;/strong&gt; &lt;strong&gt;works.&lt;/strong&gt;&lt;/li&gt;&lt;/ul&gt;&lt;strong&gt;Old set: &lt;span class=&quot;shadow-holder&quot; data-embed-type=&quot;deviation&quot; data-embed-id=&quot;383587282&quot; data-embed-format=&quot;thumb&quot;&gt;&lt;span class=&quot;shadow mild&quot; &gt;&lt;a class=&quot;thumb&quot; href=&quot;https://www.deviantart.com/kate-fox/art/Pose-study6-383587282&quot; title=&quot;Pose study6 by Kate-FoX, Jul 7, 2013 in Resources &amp;amp; Stock Images &amp;gt; Stock Images &amp;gt; Model &amp;gt; Female &amp;gt; Full Body&quot;data-super-img=&quot;https://images-wixmp-ed30a86b8c4ca887773594c2.wixmp.com/intermediary/f/34ad5fb9-5141-4c02-b1a2-4dc460019e7b/d6cdlua-5554c657-249f-4b7e-b242-89ef3f338bbb.jpg/v1/fill/w_1600,h_453,q_70,strp/pose_study6_by_kate_fox_d6cdlua-fullview.jpg&quot; data-super-width=&quot;1600&quot; data-super-height=&quot;453&quot; data-super-transparent=&quot;false&quot; data-super-alt=&quot;Pose study6 by Kate-FoX&quot; data-super-full-img=&quot;https://images-wixmp-ed30a86b8c4ca887773594c2.wixmp.com/intermediary/f/34ad5fb9-5141-4c02-b1a2-4dc460019e7b/d6cdlua-5554c657-249f-4b7e-b242-89ef3f338bbb.jpg/v1/fill/w_1600,h_453,q_70,strp/pose_study6_by_kate_fox_d6cdlua-fullview.jpg&quot; data-super-full-width=&quot;1600&quot; data-super-full-height=&quot;453&quot;        data-sigil=&quot;thumb&quot;&gt;
        &lt;i&gt;&lt;/i&gt;&lt;img   width=&quot;150&quot; height=&quot;42&quot; alt=&quot;Pose study6 by Kate-FoX&quot; src=&quot;https://images-wixmp-ed30a86b8c4ca887773594c2.wixmp.com/intermediary/f/34ad5fb9-5141-4c02-b1a2-4dc460019e7b/d6cdlua-5554c657-249f-4b7e-b242-89ef3f338bbb.jpg/v1/fit/w_150,h_150,q_70,strp/pose_study6_by_kate_fox_d6cdlua-150.jpg&quot; data-src=&quot;https://images-wixmp-ed30a86b8c4ca887773594c2.wixmp.com/intermediary/f/34ad5fb9-5141-4c02-b1a2-4dc460019e7b/d6cdlua-5554c657-249f-4b7e-b242-89ef3f338bbb.jpg/v1/fit/w_150,h_150,q_70,strp/pose_study6_by_kate_fox_d6cdlua-150.jpg&quot; srcset=&quot;https://images-wixmp-ed30a86b8c4ca887773594c2.wixmp.com/intermediary/f/34ad5fb9-5141-4c02-b1a2-4dc460019e7b/d6cdlua-5554c657-249f-4b7e-b242-89ef3f338bbb.jpg/v1/fit/w_150,h_150,q_70,strp/pose_study6_by_kate_fox_d6cdlua-150.jpg 150w,https://images-wixmp-ed30a86b8c4ca887773594c2.wixmp.com/intermediary/f/34ad5fb9-5141-4c02-b1a2-4dc460019e7b/d6cdlua-5554c657-249f-4b7e-b242-89ef3f338bbb.jpg/v1/fill/w_500,h_142,q_70,strp/pose_study6_by_kate_fox_d6cdlua-250t.jpg 500w,https://images-wixmp-ed30a86b8c4ca887773594c2.wixmp.com/intermediary/f/34ad5fb9-5141-4c02-b1a2-4dc460019e7b/d6cdlua-5554c657-249f-4b7e-b242-89ef3f338bbb.jpg/v1/fill/w_700,h_198,q_70,strp/pose_study6_by_kate_fox_d6cdlua-350t.jpg 700w,https://images-wixmp-ed30a86b8c4ca887773594c2.wixmp.com/intermediary/f/34ad5fb9-5141-4c02-b1a2-4dc460019e7b/d6cdlua-5554c657-249f-4b7e-b242-89ef3f338bbb.jpg/v1/fill/w_800,h_226,q_70,strp/pose_study6_by_kate_fox_d6cdlua-400t.jpg 800w,https://images-wixmp-ed30a86b8c4ca887773594c2.wixmp.com/intermediary/f/34ad5fb9-5141-4c02-b1a2-4dc460019e7b/d6cdlua-5554c657-249f-4b7e-b242-89ef3f338bbb.jpg/v1/fill/w_1600,h_453,q_70,strp/pose_study6_by_kate_fox_d6cdlua-fullview.jpg 1600w&quot; sizes=&quot;150px&quot;&gt;&lt;/a&gt;&lt;/span&gt;&lt;!-- ^TTT --&gt;&lt;!-- TTT$ --&gt;&lt;/span&gt;&lt;/strong&gt;</media:description>            <media:thumbnail url="https://t00.deviantart.net/rgN0jXOYyPVr6a66dpa25YpK5zA=/fit-in/150x150/filters:no_upscale():origin()/pre00/79cc/th/pre/f/2019/052/c/a/ca5b93902814362aa9c80378bb3a7484-dd0bker.jpg" height="101" width="150"/>            <media:thumbnail url="https://t00.deviantart.net/7zijIBYLq7qBizLKsnFXyAyWzsE=/fit-in/300x900/filters:no_upscale():origin()/pre00/79cc/th/pre/f/2019/052/c/a/ca5b93902814362aa9c80378bb3a7484-dd0bker.jpg" height="202" width="300"/>            <media:thumbnail url="https://t00.deviantart.net/99uLrMWSS6dm6eRd_5ScCQvfCKo=/300x200/filters:fixed_height(100,100):origin()/pre00/79cc/th/pre/f/2019/052/c/a/ca5b93902814362aa9c80378bb3a7484-dd0bker.jpg" height="200" width="297"/>            <media:content url="https://orig00.deviantart.net/474a/f/2019/052/c/a/ca5b93902814362aa9c80378bb3a7484-dd0bker.jpg" height="689" width="1024" medium="image"/>            
            <description>&lt;b&gt;&lt;img src=&quot;https://e.deviantart.net/emoticons/s/shamrock.gif&quot; alt=&quot;St. Patricks Day!&quot; style=&quot;width: 15px; height: 15px;&quot; data-embed-type=&quot;emoticon&quot; data-embed-id=&quot;449&quot;&gt; &lt;a class=&quot;external&quot; href=&quot;https://www.deviantart.com/users/outgoing?https://www.patreon.com/katefox&quot;&gt;&lt;b&gt;Patreon&lt;/b&gt;&lt;/a&gt; &lt;img src=&quot;https://e.deviantart.net/emoticons/s/shamrock.gif&quot; alt=&quot;St. Patricks Day!&quot; style=&quot;width: 15px; height: 15px;&quot; data-embed-type=&quot;emoticon&quot; data-embed-id=&quot;449&quot;&gt;&amp;nbsp;&lt;a class=&quot;external&quot; href=&quot;https://www.deviantart.com/users/outgoing?https://www.artstation.com/artist/Kate-FoX&quot;&gt;ArtStation&lt;/a&gt; &lt;img src=&quot;https://e.deviantart.net/emoticons/s/shamrock.gif&quot; alt=&quot;St. Patricks Day!&quot; style=&quot;width: 15px; height: 15px;&quot; data-embed-type=&quot;emoticon&quot; data-embed-id=&quot;449&quot;&gt;&amp;nbsp;&lt;a class=&quot;external&quot; href=&quot;https://www.deviantart.com/users/outgoing?https://katefoxart.tumblr.com/&quot;&gt;Tumblr&lt;/a&gt;&amp;nbsp;&lt;img src=&quot;https://e.deviantart.net/emoticons/s/shamrock.gif&quot; alt=&quot;St. Patricks Day!&quot; style=&quot;width: 15px; height: 15px;&quot; data-embed-type=&quot;emoticon&quot; data-embed-id=&quot;449&quot;&gt;&amp;nbsp; &lt;a class=&quot;external&quot; href=&quot;https://www.deviantart.com/users/outgoing?https://vk.com/whisper_of_a_ninetailed&quot;&gt;VK&lt;/a&gt;&amp;nbsp;&lt;img src=&quot;https://e.deviantart.net/emoticons/s/shamrock.gif&quot; alt=&quot;St. Patricks Day!&quot; style=&quot;width: 15px; height: 15px;&quot; data-embed-type=&quot;emoticon&quot; data-embed-id=&quot;449&quot;&gt; &lt;a class=&quot;external&quot; href=&quot;https://www.deviantart.com/users/outgoing?https://www.facebook.com/katherinesoloveva&quot;&gt;FB&lt;/a&gt;&lt;/b&gt;&lt;b&gt; &lt;img src=&quot;https://e.deviantart.net/emoticons/s/shamrock.gif&quot; alt=&quot;St. Patricks Day!&quot; style=&quot;width: 15px; height: 15px;&quot; data-embed-type=&quot;emoticon&quot; data-embed-id=&quot;449&quot;&gt;&lt;/b&gt; &lt;a class=&quot;external&quot; href=&quot;https://www.deviantart.com/users/outgoing?https://www.instagram.com/kate_fox_art/&quot;&gt;Instagram&lt;/a&gt;&lt;b&gt; &lt;img src=&quot;https://e.deviantart.net/emoticons/s/shamrock.gif&quot; alt=&quot;St. Patricks Day!&quot; style=&quot;width: 15px; height: 15px;&quot; data-embed-type=&quot;emoticon&quot; data-embed-id=&quot;449&quot;&gt;&lt;/b&gt;&lt;b&gt; &lt;a class=&quot;external&quot; href=&quot;https://www.deviantart.com/users/outgoing?https://gumroad.com/kate_fox&quot;&gt;Gumroad&lt;/a&gt;&lt;/b&gt;&lt;b&gt; &lt;img src=&quot;https://e.deviantart.net/emoticons/s/shamrock.gif&quot; alt=&quot;St. Patricks Day!&quot; style=&quot;width: 15px; height: 15px;&quot; data-embed-type=&quot;emoticon&quot; data-embed-id=&quot;449&quot;&gt;&lt;/b&gt; &lt;br /&gt;&amp;nbsp;&lt;br /&gt;&lt;span&gt;&lt;/span&gt;&lt;div&gt;&lt;div&gt;&lt;span&gt;&lt;/span&gt;&lt;/div&gt;&lt;/div&gt;&lt;span&gt;&lt;/span&gt;&lt;b&gt;&lt;span&gt;&lt;span&gt;&lt;/span&gt;&lt;/span&gt;&lt;/b&gt;&lt;span&gt;&lt;p&gt;&lt;span&gt;&lt;span&gt;Hey! &lt;span&gt;&lt;span&gt;If&lt;/span&gt; &lt;span&gt;you&lt;/span&gt; &lt;span&gt;like&lt;/span&gt; &lt;span&gt;my work&lt;/span&gt;&lt;span&gt;:&lt;/span&gt;&lt;/span&gt;&lt;br /&gt;Watch me: &lt;a href=&quot;https://kate-fox.deviantart.com/&quot;&gt;kate-fox.deviantart.com/ &lt;/a&gt;&lt;/span&gt;&lt;br /&gt;&lt;span&gt;&lt;span&gt;&lt;a class=&quot;external&quot; href=&quot;https://www.deviantart.com/users/outgoing?https://www.artstation.com/artwork/Q69z3&quot;&gt;www.artstation.com/artwork/Q69&amp;#8230;&lt;/a&gt;&lt;br /&gt;&lt;/span&gt;Support me: &lt;b&gt;&lt;a class=&quot;external&quot; href=&quot;https://www.deviantart.com/users/outgoing?https://www.patreon.com/katefox&quot;&gt;&lt;b&gt;Patreon&lt;/b&gt;&lt;/a&gt; &lt;/b&gt;&lt;b&gt;&lt;br /&gt;or&lt;br /&gt;&lt;a class=&quot;external&quot; href=&quot;https://www.deviantart.com/users/outgoing?https://ko-fi.com/V7V35LXL&quot;&gt;Buy Me a Coffee&lt;/a&gt;&lt;/b&gt;&lt;/span&gt;&lt;/span&gt;&lt;b&gt;&lt;br /&gt;&lt;br /&gt;&lt;/b&gt;&lt;/p&gt;&lt;/span&gt;&lt;h3&gt;&lt;a class=&quot;external&quot; href=&quot;https://www.deviantart.com/users/outgoing?https://www.patreon.com/katefox&quot;&gt;&lt;b&gt;High Resolution available through my patreon!&lt;/b&gt;&lt;/a&gt;&lt;/h3&gt;&lt;span&gt;&lt;p&gt;&lt;b&gt;My awesome patrons will get:&lt;/b&gt;&lt;/p&gt;&lt;p&gt;&lt;span&gt;&lt;strong&gt;- &lt;/strong&gt;&lt;/span&gt;&lt;strong&gt;Full set(12 poses) in high resolution &lt;img src=&quot;https://e.deviantart.net/emoticons/w/wink.gif&quot; alt=&quot;;) (Wink)&quot; style=&quot;width: 15px; height: 15px;&quot; data-embed-type=&quot;emoticon&quot; data-embed-id=&quot;387&quot;&gt;&lt;br /&gt;&lt;/strong&gt;&lt;br /&gt;&lt;/p&gt;&lt;/span&gt;&lt;h3&gt;&lt;strong&gt;Rules:&amp;nbsp;&lt;/strong&gt;&lt;/h3&gt;&lt;ul&gt;&lt;li&gt;You are &lt;strong&gt;free&lt;/strong&gt; &lt;strong&gt;to&lt;/strong&gt; &lt;strong&gt;use&lt;/strong&gt; this set. For example: as refs or base for your OC&#039;s, &amp;nbsp;as refs or base in non-commercial works and gifts. But &lt;strong&gt;you can&#039;t use it as base in &amp;nbsp;commercial works.&lt;/strong&gt;&lt;/li&gt;&lt;li&gt;&lt;strong&gt;Please:&lt;/strong&gt; &lt;strong&gt;DON&#039;T&lt;/strong&gt; &lt;strong&gt;TRACE&lt;/strong&gt; this sketches-pack &lt;strong&gt;IN&lt;/strong&gt; &lt;strong&gt;COMMISSIONS,&lt;/strong&gt; &lt;strong&gt;ADOPTCOMMISSIONS,&lt;/strong&gt; &lt;strong&gt;ADOPT-auctions&lt;/strong&gt; &lt;strong&gt;and&lt;/strong&gt; &lt;strong&gt;commercial&lt;/strong&gt; &lt;strong&gt;works.&lt;/strong&gt;&lt;/li&gt;&lt;/ul&gt;&lt;strong&gt;Old set: &lt;span class=&quot;shadow-holder&quot; data-embed-type=&quot;deviation&quot; data-embed-id=&quot;383587282&quot; data-embed-format=&quot;thumb&quot;&gt;&lt;span class=&quot;shadow mild&quot; &gt;&lt;a class=&quot;thumb&quot; href=&quot;https://www.deviantart.com/kate-fox/art/Pose-study6-383587282&quot; title=&quot;Pose study6 by Kate-FoX, Jul 7, 2013 in Resources &amp;amp; Stock Images &amp;gt; Stock Images &amp;gt; Model &amp;gt; Female &amp;gt; Full Body&quot;data-super-img=&quot;https://images-wixmp-ed30a86b8c4ca887773594c2.wixmp.com/intermediary/f/34ad5fb9-5141-4c02-b1a2-4dc460019e7b/d6cdlua-5554c657-249f-4b7e-b242-89ef3f338bbb.jpg/v1/fill/w_1600,h_453,q_70,strp/pose_study6_by_kate_fox_d6cdlua-fullview.jpg&quot; data-super-width=&quot;1600&quot; data-super-height=&quot;453&quot; data-super-transparent=&quot;false&quot; data-super-alt=&quot;Pose study6 by Kate-FoX&quot; data-super-full-img=&quot;https://images-wixmp-ed30a86b8c4ca887773594c2.wixmp.com/intermediary/f/34ad5fb9-5141-4c02-b1a2-4dc460019e7b/d6cdlua-5554c657-249f-4b7e-b242-89ef3f338bbb.jpg/v1/fill/w_1600,h_453,q_70,strp/pose_study6_by_kate_fox_d6cdlua-fullview.jpg&quot; data-super-full-width=&quot;1600&quot; data-super-full-height=&quot;453&quot;        data-sigil=&quot;thumb&quot;&gt;
        &lt;i&gt;&lt;/i&gt;&lt;img   width=&quot;150&quot; height=&quot;42&quot; alt=&quot;Pose study6 by Kate-FoX&quot; src=&quot;https://images-wixmp-ed30a86b8c4ca887773594c2.wixmp.com/intermediary/f/34ad5fb9-5141-4c02-b1a2-4dc460019e7b/d6cdlua-5554c657-249f-4b7e-b242-89ef3f338bbb.jpg/v1/fit/w_150,h_150,q_70,strp/pose_study6_by_kate_fox_d6cdlua-150.jpg&quot; data-src=&quot;https://images-wixmp-ed30a86b8c4ca887773594c2.wixmp.com/intermediary/f/34ad5fb9-5141-4c02-b1a2-4dc460019e7b/d6cdlua-5554c657-249f-4b7e-b242-89ef3f338bbb.jpg/v1/fit/w_150,h_150,q_70,strp/pose_study6_by_kate_fox_d6cdlua-150.jpg&quot; srcset=&quot;https://images-wixmp-ed30a86b8c4ca887773594c2.wixmp.com/intermediary/f/34ad5fb9-5141-4c02-b1a2-4dc460019e7b/d6cdlua-5554c657-249f-4b7e-b242-89ef3f338bbb.jpg/v1/fit/w_150,h_150,q_70,strp/pose_study6_by_kate_fox_d6cdlua-150.jpg 150w,https://images-wixmp-ed30a86b8c4ca887773594c2.wixmp.com/intermediary/f/34ad5fb9-5141-4c02-b1a2-4dc460019e7b/d6cdlua-5554c657-249f-4b7e-b242-89ef3f338bbb.jpg/v1/fill/w_500,h_142,q_70,strp/pose_study6_by_kate_fox_d6cdlua-250t.jpg 500w,https://images-wixmp-ed30a86b8c4ca887773594c2.wixmp.com/intermediary/f/34ad5fb9-5141-4c02-b1a2-4dc460019e7b/d6cdlua-5554c657-249f-4b7e-b242-89ef3f338bbb.jpg/v1/fill/w_700,h_198,q_70,strp/pose_study6_by_kate_fox_d6cdlua-350t.jpg 700w,https://images-wixmp-ed30a86b8c4ca887773594c2.wixmp.com/intermediary/f/34ad5fb9-5141-4c02-b1a2-4dc460019e7b/d6cdlua-5554c657-249f-4b7e-b242-89ef3f338bbb.jpg/v1/fill/w_800,h_226,q_70,strp/pose_study6_by_kate_fox_d6cdlua-400t.jpg 800w,https://images-wixmp-ed30a86b8c4ca887773594c2.wixmp.com/intermediary/f/34ad5fb9-5141-4c02-b1a2-4dc460019e7b/d6cdlua-5554c657-249f-4b7e-b242-89ef3f338bbb.jpg/v1/fill/w_1600,h_453,q_70,strp/pose_study6_by_kate_fox_d6cdlua-fullview.jpg 1600w&quot; sizes=&quot;150px&quot;&gt;&lt;/a&gt;&lt;/span&gt;&lt;!-- ^TTT --&gt;&lt;!-- TTT$ --&gt;&lt;/span&gt;&lt;/strong&gt;&lt;br /&gt;&lt;div&gt;&lt;img src=&quot;https://t00.deviantart.net/99uLrMWSS6dm6eRd_5ScCQvfCKo=/300x200/filters:fixed_height(100,100):origin()/pre00/79cc/th/pre/f/2019/052/c/a/ca5b93902814362aa9c80378bb3a7484-dd0bker.jpg&quot; alt=&quot;thumbnail&quot; /&gt;&lt;/div&gt;</description>            </item>
                    <item>
                <title>Takao</title>
                <link>https://zumidraws.deviantart.com/art/Takao-786618492</link>
                <guid isPermaLink="true">https://zumidraws.deviantart.com/art/Takao-786618492</guid>
                <pubDate>Thu, 21 Feb 2019 08:47:47 PST</pubDate>
                        <media:title type="plain">Takao</media:title>
        <media:keywords></media:keywords>
                        <media:rating>nonadult</media:rating>
                <media:category label="Games">fanart/digital/painting/games</media:category>
        <media:credit role="author" scheme="urn:ebu">zumidraws</media:credit>
        <media:credit role="author" scheme="urn:ebu">https://a.deviantart.net/avatars/z/u/zumidraws.jpg?6</media:credit>
        <media:copyright url="https://zumidraws.deviantart.com">Copyright 2019 zumidraws</media:copyright>            <media:description type="html">&lt;b&gt;&lt;b&gt;&lt;a class=&quot;external&quot; href=&quot;https://www.deviantart.com/users/outgoing?https://www.patreon.com/zumi&quot;&gt;Patreon&lt;/a&gt;&amp;nbsp;&lt;a class=&quot;external&quot; href=&quot;https://www.deviantart.com/users/outgoing?https://gumroad.com/zumi&quot;&gt;Gumroad&lt;/a&gt;&amp;nbsp;&lt;a class=&quot;external&quot; href=&quot;https://www.deviantart.com/users/outgoing?https://www.youtube.com/channel/UCZQr5lqvJhN0-hJ84npHPeQ&quot;&gt;YouTube&lt;/a&gt;&amp;nbsp;&lt;a class=&quot;external&quot; href=&quot;https://www.deviantart.com/users/outgoing?http://zumidraws.tumblr.com/&quot;&gt;Tumblr&lt;/a&gt;&amp;nbsp;&lt;a class=&quot;external&quot; href=&quot;https://www.deviantart.com/users/outgoing?https://www.facebook.com/ZumiDraws/&quot;&gt;Facebook&lt;/a&gt;&amp;nbsp;&lt;a class=&quot;external&quot; href=&quot;https://www.deviantart.com/users/outgoing?https://twitter.com/ZumiDraws&quot;&gt;Twitter&lt;/a&gt;&amp;nbsp;&lt;a class=&quot;external&quot; href=&quot;https://www.deviantart.com/users/outgoing?https://www.instagram.com/zumidraws/&quot;&gt;Instagram&lt;/a&gt;&lt;/b&gt;&lt;br /&gt;&lt;/b&gt;&lt;span&gt;&lt;br /&gt;Finally finished the other sisterXD&lt;br /&gt;&lt;br /&gt;&lt;/span&gt;&lt;span&gt;High-res version, bude version, psd, etc. via&amp;nbsp;&lt;/span&gt;&lt;a class=&quot;external&quot; href=&quot;https://www.deviantart.com/users/outgoing?https://www.patreon.com/zumi&quot;&gt;&lt;b&gt;Patreon&lt;/b&gt;&lt;/a&gt;</media:description>            <media:thumbnail url="https://t00.deviantart.net/8ebe78VMedMs9eqJ5WUsIkzHXts=/fit-in/150x150/filters:no_upscale():origin()/pre00/266b/th/pre/f/2019/052/c/f/takao53_by_zumidraws-dd0bypo.jpg" height="150" width="106"/>            <media:thumbnail url="https://t00.deviantart.net/2_FCfT6ahIn5_pyfdbyKMBd06yg=/fit-in/300x900/filters:no_upscale():origin()/pre00/266b/th/pre/f/2019/052/c/f/takao53_by_zumidraws-dd0bypo.jpg" height="424" width="300"/>            <media:thumbnail url="https://t00.deviantart.net/mbAJneWNqm-_agJBqqrLkqeKnmY=/300x200/filters:fixed_height(100,100):origin()/pre00/266b/th/pre/f/2019/052/c/f/takao53_by_zumidraws-dd0bypo.jpg" height="200" width="141"/>            <media:content url="https://pre00.deviantart.net/266b/th/pre/f/2019/052/c/f/takao53_by_zumidraws-dd0bypo.jpg" height="1063" width="752" medium="image"/>            
            <description>&lt;b&gt;&lt;b&gt;&lt;a class=&quot;external&quot; href=&quot;https://www.deviantart.com/users/outgoing?https://www.patreon.com/zumi&quot;&gt;Patreon&lt;/a&gt;&amp;nbsp;&lt;a class=&quot;external&quot; href=&quot;https://www.deviantart.com/users/outgoing?https://gumroad.com/zumi&quot;&gt;Gumroad&lt;/a&gt;&amp;nbsp;&lt;a class=&quot;external&quot; href=&quot;https://www.deviantart.com/users/outgoing?https://www.youtube.com/channel/UCZQr5lqvJhN0-hJ84npHPeQ&quot;&gt;YouTube&lt;/a&gt;&amp;nbsp;&lt;a class=&quot;external&quot; href=&quot;https://www.deviantart.com/users/outgoing?http://zumidraws.tumblr.com/&quot;&gt;Tumblr&lt;/a&gt;&amp;nbsp;&lt;a class=&quot;external&quot; href=&quot;https://www.deviantart.com/users/outgoing?https://www.facebook.com/ZumiDraws/&quot;&gt;Facebook&lt;/a&gt;&amp;nbsp;&lt;a class=&quot;external&quot; href=&quot;https://www.deviantart.com/users/outgoing?https://twitter.com/ZumiDraws&quot;&gt;Twitter&lt;/a&gt;&amp;nbsp;&lt;a class=&quot;external&quot; href=&quot;https://www.deviantart.com/users/outgoing?https://www.instagram.com/zumidraws/&quot;&gt;Instagram&lt;/a&gt;&lt;/b&gt;&lt;br /&gt;&lt;/b&gt;&lt;span&gt;&lt;br /&gt;Finally finished the other sisterXD&lt;br /&gt;&lt;br /&gt;&lt;/span&gt;&lt;span&gt;High-res version, bude version, psd, etc. via&amp;nbsp;&lt;/span&gt;&lt;a class=&quot;external&quot; href=&quot;https://www.deviantart.com/users/outgoing?https://www.patreon.com/zumi&quot;&gt;&lt;b&gt;Patreon&lt;/b&gt;&lt;/a&gt;&lt;br /&gt;&lt;div&gt;&lt;img src=&quot;https://t00.deviantart.net/mbAJneWNqm-_agJBqqrLkqeKnmY=/300x200/filters:fixed_height(100,100):origin()/pre00/266b/th/pre/f/2019/052/c/f/takao53_by_zumidraws-dd0bypo.jpg&quot; alt=&quot;thumbnail&quot; /&gt;&lt;/div&gt;</description>            </item>
                    <item>
                <title>How to draw BUILDINGS from KEY SHAPES QUICK TIP!</title>
                <link>https://etheringtonbrothers.deviantart.com/art/How-to-draw-BUILDINGS-from-KEY-SHAPES-QUICK-TIP-786603561</link>
                <guid isPermaLink="true">https://etheringtonbrothers.deviantart.com/art/How-to-draw-BUILDINGS-from-KEY-SHAPES-QUICK-TIP-786603561</guid>
                <pubDate>Thu, 21 Feb 2019 06:08:35 PST</pubDate>
                        <media:title type="plain">How to draw BUILDINGS from KEY SHAPES QUICK TIP!</media:title>
        <media:keywords></media:keywords>
                        <media:rating>nonadult</media:rating>
                <media:category label="Other">resources/tutorials/tradart/drawing/other</media:category>
        <media:credit role="author" scheme="urn:ebu">EtheringtonBrothers</media:credit>
        <media:credit role="author" scheme="urn:ebu">https://a.deviantart.net/avatars/e/t/etheringtonbrothers.png?8</media:credit>
        <media:copyright url="https://etheringtonbrothers.deviantart.com">Copyright 2019 EtheringtonBrothers</media:copyright>            <media:description type="html">&lt;span&gt;Today&#039;s&amp;nbsp;&lt;/span&gt;&lt;b&gt;&lt;a href=&quot;https://www.deviantart.com/tag/howtothinkwhenyoudraw&quot;&gt;&lt;/a&gt;&lt;a href=&quot;https://www.deviantart.com/tag/howtothinkwhenyoudraw&quot;&gt;&lt;/a&gt;&lt;a href=&quot;https://www.deviantart.com/tag/howtothinkwhenyoudraw&quot;&gt;&lt;/a&gt;&lt;a href=&quot;https://www.deviantart.com/tag/howtothinkwhenyoudraw&quot;&gt;&lt;/a&gt;&lt;a href=&quot;https://www.deviantart.com/tag/howtothinkwhenyoudraw&quot;&gt;&lt;/a&gt;&lt;a href=&quot;https://www.deviantart.com/tag/howtothinkwhenyoudraw&quot;&gt;&lt;a class=&quot;discoverytag&quot; href=&quot;https://www.deviantart.com/tag/howtothinkwhenyoudraw&quot; data-canonical-tag=&quot;howtothinkwhenyoudraw&quot;&gt;#howtothinkwhenyoudraw&lt;/a&gt;&lt;/a&gt;&lt;/b&gt;&lt;span&gt;&amp;nbsp;&lt;/span&gt;&lt;b&gt;QUICK TIP&lt;/b&gt;&lt;span&gt;&amp;nbsp;is&amp;nbsp;all about&amp;nbsp;&lt;/span&gt;&lt;span&gt;&lt;b&gt;DESIGNING your GAME BUILDINGS using BOLD SHAPES!&lt;/b&gt;&lt;/span&gt;&lt;b&gt;&amp;nbsp;&lt;/b&gt;&lt;span&gt;Tutorials&amp;nbsp;&lt;/span&gt;&lt;b&gt;BOOKS 1 and 2&lt;/b&gt;&lt;span&gt;&amp;nbsp;coming EXCLUSIVELY to KICKSTARTER&amp;nbsp;&lt;/span&gt;&lt;b&gt;NEXT MONTH,&amp;nbsp;&lt;/b&gt;&lt;span&gt;just mail&amp;nbsp;&lt;/span&gt;&lt;i&gt;&lt;b&gt;&amp;#8220;Add me, Lorenzo!&amp;#8221;&lt;/b&gt;&lt;/i&gt;&lt;span&gt;&amp;nbsp;to&amp;nbsp;&lt;/span&gt;&lt;b&gt;misterlorenzoboy@yahoo.co.uk&lt;/b&gt;&lt;span&gt;&amp;nbsp;to be on the SECRET LAUNCH WEEK MAILING LIST - the only way to guarantee you don&amp;#8217;t miss them, since the books will&amp;nbsp;&lt;/span&gt;&lt;b&gt;&lt;i&gt;NOT&lt;/i&gt;&lt;/b&gt;&lt;span&gt;&amp;nbsp;be made available&amp;nbsp;&lt;/span&gt;&lt;b&gt;&lt;i&gt;anywhere else&lt;/i&gt;&lt;/b&gt;&lt;span&gt;&amp;nbsp;this year (online, Amazon, bookshops etc)!&lt;/span&gt;&lt;br /&gt;&lt;br /&gt;&lt;span&gt;I&#039;ve uploaded EVERY TUTORIAL I&#039;ve EVER MADE, and 1,000s of my REFERENCE SETS into one MASSIVE ENDLESS GALLERY, right&amp;nbsp;&lt;/span&gt;&lt;a class=&quot;external&quot; href=&quot;https://www.deviantart.com/users/outgoing?https://www.instagram.com/etheringtonbrothers/&quot;&gt;&lt;b&gt;HERE!&lt;/b&gt;&lt;/a&gt;&lt;br /&gt;&lt;br /&gt;&lt;span&gt;Lorenzo!&lt;/span&gt;</media:description>            <media:thumbnail url="https://t00.deviantart.net/2zQrI4hi9ysJfbrK5xrTLt4aYpE=/fit-in/150x150/filters:no_upscale():origin()/pre00/8b1a/th/pre/f/2019/052/3/3/how_to_draw_buildings_from_key_shapes_quick_tip__by_etheringtonbrothers-dd0bn6x.jpg" height="150" width="150"/>            <media:thumbnail url="https://t00.deviantart.net/WsBkX7PJ0g7CwqnxA_X75cKd1As=/fit-in/300x900/filters:no_upscale():origin()/pre00/8b1a/th/pre/f/2019/052/3/3/how_to_draw_buildings_from_key_shapes_quick_tip__by_etheringtonbrothers-dd0bn6x.jpg" height="300" width="300"/>            <media:thumbnail url="https://t00.deviantart.net/MZ6L7pXsQmTPcCtKDfq04_sIUo0=/300x200/filters:fixed_height(100,100):origin()/pre00/8b1a/th/pre/f/2019/052/3/3/how_to_draw_buildings_from_key_shapes_quick_tip__by_etheringtonbrothers-dd0bn6x.jpg" height="200" width="200"/>            <media:content url="https://orig00.deviantart.net/b3d9/f/2019/052/3/3/how_to_draw_buildings_from_key_shapes_quick_tip__by_etheringtonbrothers-dd0bn6x.jpg" height="792" width="792" medium="image"/>            
            <description>&lt;span&gt;Today&#039;s&amp;nbsp;&lt;/span&gt;&lt;b&gt;&lt;a href=&quot;https://www.deviantart.com/tag/howtothinkwhenyoudraw&quot;&gt;&lt;/a&gt;&lt;a href=&quot;https://www.deviantart.com/tag/howtothinkwhenyoudraw&quot;&gt;&lt;/a&gt;&lt;a href=&quot;https://www.deviantart.com/tag/howtothinkwhenyoudraw&quot;&gt;&lt;/a&gt;&lt;a href=&quot;https://www.deviantart.com/tag/howtothinkwhenyoudraw&quot;&gt;&lt;/a&gt;&lt;a href=&quot;https://www.deviantart.com/tag/howtothinkwhenyoudraw&quot;&gt;&lt;/a&gt;&lt;a href=&quot;https://www.deviantart.com/tag/howtothinkwhenyoudraw&quot;&gt;&lt;a class=&quot;discoverytag&quot; href=&quot;https://www.deviantart.com/tag/howtothinkwhenyoudraw&quot; data-canonical-tag=&quot;howtothinkwhenyoudraw&quot;&gt;#howtothinkwhenyoudraw&lt;/a&gt;&lt;/a&gt;&lt;/b&gt;&lt;span&gt;&amp;nbsp;&lt;/span&gt;&lt;b&gt;QUICK TIP&lt;/b&gt;&lt;span&gt;&amp;nbsp;is&amp;nbsp;all about&amp;nbsp;&lt;/span&gt;&lt;span&gt;&lt;b&gt;DESIGNING your GAME BUILDINGS using BOLD SHAPES!&lt;/b&gt;&lt;/span&gt;&lt;b&gt;&amp;nbsp;&lt;/b&gt;&lt;span&gt;Tutorials&amp;nbsp;&lt;/span&gt;&lt;b&gt;BOOKS 1 and 2&lt;/b&gt;&lt;span&gt;&amp;nbsp;coming EXCLUSIVELY to KICKSTARTER&amp;nbsp;&lt;/span&gt;&lt;b&gt;NEXT MONTH,&amp;nbsp;&lt;/b&gt;&lt;span&gt;just mail&amp;nbsp;&lt;/span&gt;&lt;i&gt;&lt;b&gt;&amp;#8220;Add me, Lorenzo!&amp;#8221;&lt;/b&gt;&lt;/i&gt;&lt;span&gt;&amp;nbsp;to&amp;nbsp;&lt;/span&gt;&lt;b&gt;misterlorenzoboy@yahoo.co.uk&lt;/b&gt;&lt;span&gt;&amp;nbsp;to be on the SECRET LAUNCH WEEK MAILING LIST - the only way to guarantee you don&amp;#8217;t miss them, since the books will&amp;nbsp;&lt;/span&gt;&lt;b&gt;&lt;i&gt;NOT&lt;/i&gt;&lt;/b&gt;&lt;span&gt;&amp;nbsp;be made available&amp;nbsp;&lt;/span&gt;&lt;b&gt;&lt;i&gt;anywhere else&lt;/i&gt;&lt;/b&gt;&lt;span&gt;&amp;nbsp;this year (online, Amazon, bookshops etc)!&lt;/span&gt;&lt;br /&gt;&lt;br /&gt;&lt;span&gt;I&#039;ve uploaded EVERY TUTORIAL I&#039;ve EVER MADE, and 1,000s of my REFERENCE SETS into one MASSIVE ENDLESS GALLERY, right&amp;nbsp;&lt;/span&gt;&lt;a class=&quot;external&quot; href=&quot;https://www.deviantart.com/users/outgoing?https://www.instagram.com/etheringtonbrothers/&quot;&gt;&lt;b&gt;HERE!&lt;/b&gt;&lt;/a&gt;&lt;br /&gt;&lt;br /&gt;&lt;span&gt;Lorenzo!&lt;/span&gt;&lt;br /&gt;&lt;div&gt;&lt;img src=&quot;https://t00.deviantart.net/MZ6L7pXsQmTPcCtKDfq04_sIUo0=/300x200/filters:fixed_height(100,100):origin()/pre00/8b1a/th/pre/f/2019/052/3/3/how_to_draw_buildings_from_key_shapes_quick_tip__by_etheringtonbrothers-dd0bn6x.jpg&quot; alt=&quot;thumbnail&quot; /&gt;&lt;/div&gt;</description>            </item>
                    <item>
                <title>All Men Are Pigs</title>
                <link>https://chibidondc.deviantart.com/art/All-Men-Are-Pigs-786628991</link>
                <guid isPermaLink="true">https://chibidondc.deviantart.com/art/All-Men-Are-Pigs-786628991</guid>
                <pubDate>Thu, 21 Feb 2019 10:58:04 PST</pubDate>
                        <media:title type="plain">All Men Are Pigs</media:title>
        <media:keywords></media:keywords>
                        <media:rating>nonadult</media:rating>
                <media:category label="Drawings">cartoons/digital/cartoons/drawings</media:category>
        <media:credit role="author" scheme="urn:ebu">ChibiDonDC</media:credit>
        <media:credit role="author" scheme="urn:ebu">https://a.deviantart.net/avatars/c/h/chibidondc.jpg?7</media:credit>
        <media:copyright url="https://chibidondc.deviantart.com">Copyright 2019 ChibiDonDC</media:copyright>            <media:description type="html">Mostly him XP&lt;br /&gt;To the speed paint:&amp;nbsp;&lt;a class=&quot;external&quot; href=&quot;https://www.deviantart.com/users/outgoing?https://www.youtube.com/watch?v=gK9YOm1Mwhw&amp;amp;feature=youtu.be&quot;&gt;www.youtube.com/watch?v=gK9YOm&amp;hellip;&lt;/a&gt;</media:description>            <media:thumbnail url="https://t00.deviantart.net/qQhJla7jzuz259swoMAn2XpwGxo=/fit-in/150x150/filters:no_upscale():origin()/pre00/c3f4/th/pre/f/2019/052/1/0/all_men_are_pigs_by_chibidondc-dd0c6tb.png" height="107" width="150"/>            <media:thumbnail url="https://t00.deviantart.net/Gj7HwGguu8A-4F82yxTQssI5ac8=/fit-in/300x900/filters:no_upscale():origin()/pre00/c3f4/th/pre/f/2019/052/1/0/all_men_are_pigs_by_chibidondc-dd0c6tb.png" height="214" width="300"/>            <media:thumbnail url="https://t00.deviantart.net/mNruaW5MF2Ppem-jdfGFF060o4g=/300x200/filters:fixed_height(100,100):origin()/pre00/c3f4/th/pre/f/2019/052/1/0/all_men_are_pigs_by_chibidondc-dd0c6tb.png" height="200" width="280"/>            <media:content url="https://pre00.deviantart.net/c3f4/th/pre/f/2019/052/1/0/all_men_are_pigs_by_chibidondc-dd0c6tb.png" height="755" width="1058" medium="image"/>            
            <description>Mostly him XP&lt;br /&gt;To the speed paint:&amp;nbsp;&lt;a class=&quot;external&quot; href=&quot;https://www.deviantart.com/users/outgoing?https://www.youtube.com/watch?v=gK9YOm1Mwhw&amp;amp;feature=youtu.be&quot;&gt;www.youtube.com/watch?v=gK9YOm&amp;hellip;&lt;/a&gt;&lt;br /&gt;&lt;div&gt;&lt;img src=&quot;https://t00.deviantart.net/mNruaW5MF2Ppem-jdfGFF060o4g=/300x200/filters:fixed_height(100,100):origin()/pre00/c3f4/th/pre/f/2019/052/1/0/all_men_are_pigs_by_chibidondc-dd0c6tb.png&quot; alt=&quot;thumbnail&quot; /&gt;&lt;/div&gt;</description>            </item>
                    <item>
                <title>Anastasia</title>
                <link>https://fdasuarez.deviantart.com/art/Anastasia-786605505</link>
                <guid isPermaLink="true">https://fdasuarez.deviantart.com/art/Anastasia-786605505</guid>
                <pubDate>Thu, 21 Feb 2019 07:39:10 PST</pubDate>
                        <media:title type="plain">Anastasia</media:title>
        <media:keywords></media:keywords>
                        <media:rating>nonadult</media:rating>
                <media:category label="Portraits">digitalart/paintings/people/portraits</media:category>
        <media:credit role="author" scheme="urn:ebu">fdasuarez</media:credit>
        <media:credit role="author" scheme="urn:ebu">https://a.deviantart.net/avatars/f/d/fdasuarez.png?5</media:credit>
        <media:copyright url="https://fdasuarez.deviantart.com">Copyright 2019 fdasuarez</media:copyright>            <media:description type="html">&lt;b&gt;If you would like to support my work and learn my process please consider supporting my&amp;nbsp;&lt;/b&gt;&lt;b&gt;&amp;nbsp;&lt;a class=&quot;external&quot; href=&quot;https://www.deviantart.com/users/outgoing?https://www.patreon.com/fdasuarez&quot;&gt;Patreon&amp;nbsp;&lt;/a&gt;&amp;nbsp;&lt;/b&gt;&lt;b&gt;and get exclusive content as rewards&amp;nbsp;&lt;/b&gt;&lt;b&gt;&amp;lt;3&amp;nbsp;&lt;/b&gt;&lt;br /&gt;&lt;br /&gt;Hey guys!,&amp;nbsp;Here is my&amp;nbsp;&lt;strong&gt;Modern Anastasia&lt;/strong&gt;,&amp;nbsp;&lt;span&gt;it was so fun to work on her, it was one of the movies I was obsessed as a kid, so it brought back all the memories.&amp;nbsp;&lt;/span&gt;I hope you like it!.&amp;nbsp;&lt;br /&gt;She is part of current&amp;nbsp;&lt;strong&gt;Term 20&lt;/strong&gt;! at my&lt;b&gt;&amp;nbsp;&lt;a class=&quot;external&quot; href=&quot;https://www.deviantart.com/users/outgoing?https://www.patreon.com/fdasuarez&quot;&gt;Patreon&amp;nbsp;&lt;/a&gt;&amp;nbsp;&lt;/b&gt;. Video process, High Res, Color Palette, Psd file &amp;amp; more on this piece there as rewards.&lt;p&gt;Have a lovely day!&lt;br /&gt;&lt;br /&gt;&amp;#10084;&amp;nbsp;&lt;b&gt;Find me on:&amp;nbsp;&lt;/b&gt;&lt;b&gt;-&amp;nbsp;&amp;nbsp;&lt;/b&gt;&lt;b&gt;&lt;a class=&quot;external&quot; href=&quot;https://www.deviantart.com/users/outgoing?https://www.youtube.com/FernandaSuarez&quot;&gt;Youtube&lt;/a&gt;&amp;nbsp; -&amp;nbsp;&lt;/b&gt;&lt;b&gt;&amp;nbsp;&lt;/b&gt;&lt;b&gt;&lt;a class=&quot;external&quot; href=&quot;https://www.deviantart.com/users/outgoing?https://www.facebook.com/fdasuarezart&quot;&gt;Facebook&lt;/a&gt;&amp;nbsp;&amp;nbsp;- &amp;nbsp;&lt;a class=&quot;external&quot; href=&quot;https://www.deviantart.com/users/outgoing?http://fdasuarez.tumblr.com/&quot;&gt;Tumblr&lt;/a&gt;&amp;nbsp;&amp;nbsp; - &amp;nbsp;&lt;a class=&quot;external&quot; href=&quot;https://www.deviantart.com/users/outgoing?https://society6.com/fernandasuarez/prints&quot;&gt;Prints&amp;nbsp;&lt;/a&gt;&amp;nbsp; - &amp;nbsp;&lt;a class=&quot;external&quot; href=&quot;https://www.deviantart.com/users/outgoing?https://www.instagram.com/fdasuarez/&quot;&gt;Instagram&lt;/a&gt;&amp;nbsp; -&amp;nbsp;&lt;/b&gt;&lt;b&gt;&amp;nbsp;&lt;a class=&quot;external&quot; href=&quot;https://www.deviantart.com/users/outgoing?https://gumroad.com/fdasuarez&quot;&gt;Gumroad&lt;/a&gt;&amp;nbsp; -&amp;nbsp;&lt;/b&gt;&lt;b&gt;&amp;nbsp;&lt;a class=&quot;external&quot; href=&quot;https://www.deviantart.com/users/outgoing?https://www.artstation.com/artist/FernandaSuarez&quot;&gt;Artstation&lt;/a&gt;&amp;nbsp; &amp;nbsp;&lt;/b&gt;&lt;b&gt;-&amp;nbsp;&amp;nbsp;&lt;a class=&quot;external&quot; href=&quot;https://www.deviantart.com/users/outgoing?https://twitter.com/fdasuarezart&quot;&gt;Twitter&lt;/a&gt;&amp;nbsp;&amp;nbsp;&lt;/b&gt;&lt;/p&gt;&lt;p&gt;&lt;b&gt;&lt;br /&gt;&lt;br /&gt;Others on the series&lt;br /&gt;&lt;br /&gt;&lt;/b&gt;&lt;b&gt;&lt;span class=&quot;shadow-holder&quot; data-embed-type=&quot;deviation&quot; data-embed-id=&quot;693718437&quot; data-embed-format=&quot;thumb&quot;&gt;&lt;span class=&quot;shadow mild&quot; &gt;&lt;a class=&quot;thumb&quot; href=&quot;https://www.deviantart.com/fdasuarez/art/Belle-693718437&quot; title=&quot;Belle by fdasuarez, Jul 20, 2017 in Digital Art &amp;gt; Drawings &amp;amp; Paintings &amp;gt; People &amp;gt; Portraits&quot;data-super-img=&quot;https://images-wixmp-ed30a86b8c4ca887773594c2.wixmp.com/intermediary/f/8596ce2e-3187-4612-b59d-249c1766697d/dbh0skl-b6fd65aa-0536-4e41-8773-5b36043087f4.jpg/v1/fill/w_775,h_1032,q_70,strp/belle_by_fdasuarez_dbh0skl-pre.jpg&quot; data-super-width=&quot;774&quot; data-super-height=&quot;1032&quot; data-super-transparent=&quot;false&quot; data-super-alt=&quot;Belle by fdasuarez&quot; data-super-full-img=&quot;https://images-wixmp-ed30a86b8c4ca887773594c2.wixmp.com/intermediary/f/8596ce2e-3187-4612-b59d-249c1766697d/dbh0skl-b6fd65aa-0536-4e41-8773-5b36043087f4.jpg/v1/fill/w_800,h_1066,q_70,strp/belle_by_fdasuarez_dbh0skl-fullview.jpg&quot; data-super-full-width=&quot;800&quot; data-super-full-height=&quot;1066&quot;        data-sigil=&quot;thumb&quot;&gt;
        &lt;i&gt;&lt;/i&gt;&lt;img   width=&quot;113&quot; height=&quot;150&quot; alt=&quot;Belle by fdasuarez&quot; src=&quot;https://images-wixmp-ed30a86b8c4ca887773594c2.wixmp.com/intermediary/f/8596ce2e-3187-4612-b59d-249c1766697d/dbh0skl-b6fd65aa-0536-4e41-8773-5b36043087f4.jpg/v1/fit/w_150,h_150,q_70,strp/belle_by_fdasuarez_dbh0skl-150.jpg&quot; data-src=&quot;https://images-wixmp-ed30a86b8c4ca887773594c2.wixmp.com/intermediary/f/8596ce2e-3187-4612-b59d-249c1766697d/dbh0skl-b6fd65aa-0536-4e41-8773-5b36043087f4.jpg/v1/fit/w_150,h_150,q_70,strp/belle_by_fdasuarez_dbh0skl-150.jpg&quot; srcset=&quot;https://images-wixmp-ed30a86b8c4ca887773594c2.wixmp.com/intermediary/f/8596ce2e-3187-4612-b59d-249c1766697d/dbh0skl-b6fd65aa-0536-4e41-8773-5b36043087f4.jpg/v1/fit/w_150,h_150,q_70,strp/belle_by_fdasuarez_dbh0skl-150.jpg 113w,https://images-wixmp-ed30a86b8c4ca887773594c2.wixmp.com/intermediary/f/8596ce2e-3187-4612-b59d-249c1766697d/dbh0skl-b6fd65aa-0536-4e41-8773-5b36043087f4.jpg/v1/fill/w_188,h_250,q_70,strp/belle_by_fdasuarez_dbh0skl-250t.jpg 188w,https://images-wixmp-ed30a86b8c4ca887773594c2.wixmp.com/intermediary/f/8596ce2e-3187-4612-b59d-249c1766697d/dbh0skl-b6fd65aa-0536-4e41-8773-5b36043087f4.jpg/v1/fill/w_263,h_350,q_70,strp/belle_by_fdasuarez_dbh0skl-350t.jpg 263w,https://images-wixmp-ed30a86b8c4ca887773594c2.wixmp.com/intermediary/f/8596ce2e-3187-4612-b59d-249c1766697d/dbh0skl-b6fd65aa-0536-4e41-8773-5b36043087f4.jpg/v1/fill/w_300,h_400,q_70,strp/belle_by_fdasuarez_dbh0skl-400t.jpg 300w,https://images-wixmp-ed30a86b8c4ca887773594c2.wixmp.com/intermediary/f/8596ce2e-3187-4612-b59d-249c1766697d/dbh0skl-b6fd65aa-0536-4e41-8773-5b36043087f4.jpg/v1/fill/w_775,h_1032,q_70,strp/belle_by_fdasuarez_dbh0skl-pre.jpg 774w&quot; sizes=&quot;113px&quot;&gt;&lt;/a&gt;&lt;/span&gt;&lt;!-- ^TTT --&gt;&lt;!-- TTT$ --&gt;&lt;/span&gt;&amp;nbsp;&amp;nbsp;&lt;span class=&quot;shadow-holder&quot; data-embed-type=&quot;deviation&quot; data-embed-id=&quot;709360655&quot; data-embed-format=&quot;thumb&quot;&gt;&lt;span class=&quot;shadow mild&quot; &gt;&lt;a class=&quot;thumb&quot; href=&quot;https://www.deviantart.com/fdasuarez/art/Nala-709360655&quot; title=&quot;Nala by fdasuarez, Oct 12, 2017 in Digital Art &amp;gt; Drawings &amp;amp; Paintings &amp;gt; People &amp;gt; Portraits&quot;data-super-img=&quot;https://images-wixmp-ed30a86b8c4ca887773594c2.wixmp.com/intermediary/f/8596ce2e-3187-4612-b59d-249c1766697d/dbqc26n-6bad9c44-01ee-42c1-8a77-e1f495d5605e.jpg/v1/fill/w_775,h_1032,q_70,strp/nala_by_fdasuarez_dbqc26n-pre.jpg&quot; data-super-width=&quot;774&quot; data-super-height=&quot;1032&quot; data-super-transparent=&quot;false&quot; data-super-alt=&quot;Nala by fdasuarez&quot; data-super-full-img=&quot;https://images-wixmp-ed30a86b8c4ca887773594c2.wixmp.com/intermediary/f/8596ce2e-3187-4612-b59d-249c1766697d/dbqc26n-6bad9c44-01ee-42c1-8a77-e1f495d5605e.jpg/v1/fill/w_800,h_1066,q_70,strp/nala_by_fdasuarez_dbqc26n-fullview.jpg&quot; data-super-full-width=&quot;800&quot; data-super-full-height=&quot;1066&quot;        data-sigil=&quot;thumb&quot;&gt;
        &lt;i&gt;&lt;/i&gt;&lt;img   width=&quot;113&quot; height=&quot;150&quot; alt=&quot;Nala by fdasuarez&quot; src=&quot;https://images-wixmp-ed30a86b8c4ca887773594c2.wixmp.com/intermediary/f/8596ce2e-3187-4612-b59d-249c1766697d/dbqc26n-6bad9c44-01ee-42c1-8a77-e1f495d5605e.jpg/v1/fit/w_150,h_150,q_70,strp/nala_by_fdasuarez_dbqc26n-150.jpg&quot; data-src=&quot;https://images-wixmp-ed30a86b8c4ca887773594c2.wixmp.com/intermediary/f/8596ce2e-3187-4612-b59d-249c1766697d/dbqc26n-6bad9c44-01ee-42c1-8a77-e1f495d5605e.jpg/v1/fit/w_150,h_150,q_70,strp/nala_by_fdasuarez_dbqc26n-150.jpg&quot; srcset=&quot;https://images-wixmp-ed30a86b8c4ca887773594c2.wixmp.com/intermediary/f/8596ce2e-3187-4612-b59d-249c1766697d/dbqc26n-6bad9c44-01ee-42c1-8a77-e1f495d5605e.jpg/v1/fit/w_150,h_150,q_70,strp/nala_by_fdasuarez_dbqc26n-150.jpg 113w,https://images-wixmp-ed30a86b8c4ca887773594c2.wixmp.com/intermediary/f/8596ce2e-3187-4612-b59d-249c1766697d/dbqc26n-6bad9c44-01ee-42c1-8a77-e1f495d5605e.jpg/v1/fill/w_188,h_250,q_70,strp/nala_by_fdasuarez_dbqc26n-250t.jpg 188w,https://images-wixmp-ed30a86b8c4ca887773594c2.wixmp.com/intermediary/f/8596ce2e-3187-4612-b59d-249c1766697d/dbqc26n-6bad9c44-01ee-42c1-8a77-e1f495d5605e.jpg/v1/fill/w_263,h_350,q_70,strp/nala_by_fdasuarez_dbqc26n-350t.jpg 263w,https://images-wixmp-ed30a86b8c4ca887773594c2.wixmp.com/intermediary/f/8596ce2e-3187-4612-b59d-249c1766697d/dbqc26n-6bad9c44-01ee-42c1-8a77-e1f495d5605e.jpg/v1/fill/w_300,h_400,q_70,strp/nala_by_fdasuarez_dbqc26n-400t.jpg 300w,https://images-wixmp-ed30a86b8c4ca887773594c2.wixmp.com/intermediary/f/8596ce2e-3187-4612-b59d-249c1766697d/dbqc26n-6bad9c44-01ee-42c1-8a77-e1f495d5605e.jpg/v1/fill/w_775,h_1032,q_70,strp/nala_by_fdasuarez_dbqc26n-pre.jpg 774w&quot; sizes=&quot;113px&quot;&gt;&lt;/a&gt;&lt;/span&gt;&lt;!-- ^TTT --&gt;&lt;!-- TTT$ --&gt;&lt;/span&gt;&amp;nbsp;&amp;nbsp;&lt;span class=&quot;shadow-holder&quot; data-embed-type=&quot;deviation&quot; data-embed-id=&quot;701944565&quot; data-embed-format=&quot;thumb&quot;&gt;&lt;span class=&quot;shadow mild&quot; &gt;&lt;a class=&quot;thumb&quot; href=&quot;https://www.deviantart.com/fdasuarez/art/Mulan-701944565&quot; title=&quot;Mulan by fdasuarez, Aug 31, 2017 in Digital Art &amp;gt; Drawings &amp;amp; Paintings &amp;gt; People &amp;gt; Portraits&quot;data-super-img=&quot;https://images-wixmp-ed30a86b8c4ca887773594c2.wixmp.com/intermediary/f/8596ce2e-3187-4612-b59d-249c1766697d/dblx3w5-5ca8924a-f374-484a-bb22-8c705697ee5b.jpg/v1/fill/w_775,h_1032,q_70,strp/mulan_by_fdasuarez_dblx3w5-pre.jpg&quot; data-super-width=&quot;774&quot; data-super-height=&quot;1032&quot; data-super-transparent=&quot;false&quot; data-super-alt=&quot;Mulan by fdasuarez&quot; data-super-full-img=&quot;https://images-wixmp-ed30a86b8c4ca887773594c2.wixmp.com/intermediary/f/8596ce2e-3187-4612-b59d-249c1766697d/dblx3w5-5ca8924a-f374-484a-bb22-8c705697ee5b.jpg/v1/fill/w_800,h_1066,q_70,strp/mulan_by_fdasuarez_dblx3w5-fullview.jpg&quot; data-super-full-width=&quot;800&quot; data-super-full-height=&quot;1066&quot;        data-sigil=&quot;thumb&quot;&gt;
        &lt;i&gt;&lt;/i&gt;&lt;img   width=&quot;113&quot; height=&quot;150&quot; alt=&quot;Mulan by fdasuarez&quot; src=&quot;https://images-wixmp-ed30a86b8c4ca887773594c2.wixmp.com/intermediary/f/8596ce2e-3187-4612-b59d-249c1766697d/dblx3w5-5ca8924a-f374-484a-bb22-8c705697ee5b.jpg/v1/fit/w_150,h_150,q_70,strp/mulan_by_fdasuarez_dblx3w5-150.jpg&quot; data-src=&quot;https://images-wixmp-ed30a86b8c4ca887773594c2.wixmp.com/intermediary/f/8596ce2e-3187-4612-b59d-249c1766697d/dblx3w5-5ca8924a-f374-484a-bb22-8c705697ee5b.jpg/v1/fit/w_150,h_150,q_70,strp/mulan_by_fdasuarez_dblx3w5-150.jpg&quot; srcset=&quot;https://images-wixmp-ed30a86b8c4ca887773594c2.wixmp.com/intermediary/f/8596ce2e-3187-4612-b59d-249c1766697d/dblx3w5-5ca8924a-f374-484a-bb22-8c705697ee5b.jpg/v1/fit/w_150,h_150,q_70,strp/mulan_by_fdasuarez_dblx3w5-150.jpg 113w,https://images-wixmp-ed30a86b8c4ca887773594c2.wixmp.com/intermediary/f/8596ce2e-3187-4612-b59d-249c1766697d/dblx3w5-5ca8924a-f374-484a-bb22-8c705697ee5b.jpg/v1/fill/w_188,h_250,q_70,strp/mulan_by_fdasuarez_dblx3w5-250t.jpg 188w,https://images-wixmp-ed30a86b8c4ca887773594c2.wixmp.com/intermediary/f/8596ce2e-3187-4612-b59d-249c1766697d/dblx3w5-5ca8924a-f374-484a-bb22-8c705697ee5b.jpg/v1/fill/w_263,h_350,q_70,strp/mulan_by_fdasuarez_dblx3w5-350t.jpg 263w,https://images-wixmp-ed30a86b8c4ca887773594c2.wixmp.com/intermediary/f/8596ce2e-3187-4612-b59d-249c1766697d/dblx3w5-5ca8924a-f374-484a-bb22-8c705697ee5b.jpg/v1/fill/w_300,h_400,q_70,strp/mulan_by_fdasuarez_dblx3w5-400t.jpg 300w,https://images-wixmp-ed30a86b8c4ca887773594c2.wixmp.com/intermediary/f/8596ce2e-3187-4612-b59d-249c1766697d/dblx3w5-5ca8924a-f374-484a-bb22-8c705697ee5b.jpg/v1/fill/w_775,h_1032,q_70,strp/mulan_by_fdasuarez_dblx3w5-pre.jpg 774w&quot; sizes=&quot;113px&quot;&gt;&lt;/a&gt;&lt;/span&gt;&lt;!-- ^TTT --&gt;&lt;!-- TTT$ --&gt;&lt;/span&gt;&amp;nbsp;&amp;nbsp;&lt;span class=&quot;shadow-holder&quot; data-embed-type=&quot;deviation&quot; data-embed-id=&quot;716532522&quot; data-embed-format=&quot;thumb&quot;&gt;&lt;span class=&quot;shadow mild&quot; &gt;&lt;a class=&quot;thumb&quot; href=&quot;https://www.deviantart.com/fdasuarez/art/Tiana-716532522&quot; title=&quot;Tiana by fdasuarez, Nov 23, 2017 in Digital Art &amp;gt; Drawings &amp;amp; Paintings &amp;gt; People &amp;gt; Portraits&quot;data-super-img=&quot;https://images-wixmp-ed30a86b8c4ca887773594c2.wixmp.com/intermediary/f/8596ce2e-3187-4612-b59d-249c1766697d/dbuls16-30ebdb75-18ac-4d84-9491-e1f30aabd377.jpg/v1/fill/w_775,h_1032,q_70,strp/tiana_by_fdasuarez_dbuls16-pre.jpg&quot; data-super-width=&quot;774&quot; data-super-height=&quot;1032&quot; data-super-transparent=&quot;false&quot; data-super-alt=&quot;Tiana by fdasuarez&quot; data-super-full-img=&quot;https://images-wixmp-ed30a86b8c4ca887773594c2.wixmp.com/intermediary/f/8596ce2e-3187-4612-b59d-249c1766697d/dbuls16-30ebdb75-18ac-4d84-9491-e1f30aabd377.jpg/v1/fill/w_800,h_1066,q_70,strp/tiana_by_fdasuarez_dbuls16-fullview.jpg&quot; data-super-full-width=&quot;800&quot; data-super-full-height=&quot;1066&quot;        data-sigil=&quot;thumb&quot;&gt;
        &lt;i&gt;&lt;/i&gt;&lt;img   width=&quot;113&quot; height=&quot;150&quot; alt=&quot;Tiana by fdasuarez&quot; src=&quot;https://images-wixmp-ed30a86b8c4ca887773594c2.wixmp.com/intermediary/f/8596ce2e-3187-4612-b59d-249c1766697d/dbuls16-30ebdb75-18ac-4d84-9491-e1f30aabd377.jpg/v1/fit/w_150,h_150,q_70,strp/tiana_by_fdasuarez_dbuls16-150.jpg&quot; data-src=&quot;https://images-wixmp-ed30a86b8c4ca887773594c2.wixmp.com/intermediary/f/8596ce2e-3187-4612-b59d-249c1766697d/dbuls16-30ebdb75-18ac-4d84-9491-e1f30aabd377.jpg/v1/fit/w_150,h_150,q_70,strp/tiana_by_fdasuarez_dbuls16-150.jpg&quot; srcset=&quot;https://images-wixmp-ed30a86b8c4ca887773594c2.wixmp.com/intermediary/f/8596ce2e-3187-4612-b59d-249c1766697d/dbuls16-30ebdb75-18ac-4d84-9491-e1f30aabd377.jpg/v1/fit/w_150,h_150,q_70,strp/tiana_by_fdasuarez_dbuls16-150.jpg 113w,https://images-wixmp-ed30a86b8c4ca887773594c2.wixmp.com/intermediary/f/8596ce2e-3187-4612-b59d-249c1766697d/dbuls16-30ebdb75-18ac-4d84-9491-e1f30aabd377.jpg/v1/fill/w_188,h_250,q_70,strp/tiana_by_fdasuarez_dbuls16-250t.jpg 188w,https://images-wixmp-ed30a86b8c4ca887773594c2.wixmp.com/intermediary/f/8596ce2e-3187-4612-b59d-249c1766697d/dbuls16-30ebdb75-18ac-4d84-9491-e1f30aabd377.jpg/v1/fill/w_263,h_350,q_70,strp/tiana_by_fdasuarez_dbuls16-350t.jpg 263w,https://images-wixmp-ed30a86b8c4ca887773594c2.wixmp.com/intermediary/f/8596ce2e-3187-4612-b59d-249c1766697d/dbuls16-30ebdb75-18ac-4d84-9491-e1f30aabd377.jpg/v1/fill/w_300,h_400,q_70,strp/tiana_by_fdasuarez_dbuls16-400t.jpg 300w,https://images-wixmp-ed30a86b8c4ca887773594c2.wixmp.com/intermediary/f/8596ce2e-3187-4612-b59d-249c1766697d/dbuls16-30ebdb75-18ac-4d84-9491-e1f30aabd377.jpg/v1/fill/w_775,h_1032,q_70,strp/tiana_by_fdasuarez_dbuls16-pre.jpg 774w&quot; sizes=&quot;113px&quot;&gt;&lt;/a&gt;&lt;/span&gt;&lt;!-- ^TTT --&gt;&lt;!-- TTT$ --&gt;&lt;/span&gt;&amp;nbsp;&amp;nbsp;&lt;span class=&quot;shadow-holder&quot; data-embed-type=&quot;deviation&quot; data-embed-id=&quot;726240180&quot; data-embed-format=&quot;thumb&quot;&gt;&lt;span class=&quot;shadow mild&quot; &gt;&lt;a class=&quot;thumb&quot; href=&quot;https://www.deviantart.com/fdasuarez/art/Alice-726240180&quot; title=&quot;Alice by fdasuarez, Jan 18, 2018 in Digital Art &amp;gt; Drawings &amp;amp; Paintings &amp;gt; People &amp;gt; Portraits&quot;data-super-img=&quot;https://images-wixmp-ed30a86b8c4ca887773594c2.wixmp.com/intermediary/f/8596ce2e-3187-4612-b59d-249c1766697d/dc0duic-8be25d02-c7b3-4fc7-aecf-e57f1c2ea0a5.jpg/v1/fill/w_775,h_1032,q_70,strp/alice_by_fdasuarez_dc0duic-pre.jpg&quot; data-super-width=&quot;774&quot; data-super-height=&quot;1032&quot; data-super-transparent=&quot;false&quot; data-super-alt=&quot;Alice by fdasuarez&quot; data-super-full-img=&quot;https://images-wixmp-ed30a86b8c4ca887773594c2.wixmp.com/intermediary/f/8596ce2e-3187-4612-b59d-249c1766697d/dc0duic-8be25d02-c7b3-4fc7-aecf-e57f1c2ea0a5.jpg/v1/fill/w_800,h_1066,q_70,strp/alice_by_fdasuarez_dc0duic-fullview.jpg&quot; data-super-full-width=&quot;800&quot; data-super-full-height=&quot;1066&quot;        data-sigil=&quot;thumb&quot;&gt;
        &lt;i&gt;&lt;/i&gt;&lt;img   width=&quot;113&quot; height=&quot;150&quot; alt=&quot;Alice by fdasuarez&quot; src=&quot;https://images-wixmp-ed30a86b8c4ca887773594c2.wixmp.com/intermediary/f/8596ce2e-3187-4612-b59d-249c1766697d/dc0duic-8be25d02-c7b3-4fc7-aecf-e57f1c2ea0a5.jpg/v1/fit/w_150,h_150,q_70,strp/alice_by_fdasuarez_dc0duic-150.jpg&quot; data-src=&quot;https://images-wixmp-ed30a86b8c4ca887773594c2.wixmp.com/intermediary/f/8596ce2e-3187-4612-b59d-249c1766697d/dc0duic-8be25d02-c7b3-4fc7-aecf-e57f1c2ea0a5.jpg/v1/fit/w_150,h_150,q_70,strp/alice_by_fdasuarez_dc0duic-150.jpg&quot; srcset=&quot;https://images-wixmp-ed30a86b8c4ca887773594c2.wixmp.com/intermediary/f/8596ce2e-3187-4612-b59d-249c1766697d/dc0duic-8be25d02-c7b3-4fc7-aecf-e57f1c2ea0a5.jpg/v1/fit/w_150,h_150,q_70,strp/alice_by_fdasuarez_dc0duic-150.jpg 113w,https://images-wixmp-ed30a86b8c4ca887773594c2.wixmp.com/intermediary/f/8596ce2e-3187-4612-b59d-249c1766697d/dc0duic-8be25d02-c7b3-4fc7-aecf-e57f1c2ea0a5.jpg/v1/fill/w_188,h_250,q_70,strp/alice_by_fdasuarez_dc0duic-250t.jpg 188w,https://images-wixmp-ed30a86b8c4ca887773594c2.wixmp.com/intermediary/f/8596ce2e-3187-4612-b59d-249c1766697d/dc0duic-8be25d02-c7b3-4fc7-aecf-e57f1c2ea0a5.jpg/v1/fill/w_263,h_350,q_70,strp/alice_by_fdasuarez_dc0duic-350t.jpg 263w,https://images-wixmp-ed30a86b8c4ca887773594c2.wixmp.com/intermediary/f/8596ce2e-3187-4612-b59d-249c1766697d/dc0duic-8be25d02-c7b3-4fc7-aecf-e57f1c2ea0a5.jpg/v1/fill/w_300,h_400,q_70,strp/alice_by_fdasuarez_dc0duic-400t.jpg 300w,https://images-wixmp-ed30a86b8c4ca887773594c2.wixmp.com/intermediary/f/8596ce2e-3187-4612-b59d-249c1766697d/dc0duic-8be25d02-c7b3-4fc7-aecf-e57f1c2ea0a5.jpg/v1/fill/w_775,h_1032,q_70,strp/alice_by_fdasuarez_dc0duic-pre.jpg 774w&quot; sizes=&quot;113px&quot;&gt;&lt;/a&gt;&lt;/span&gt;&lt;!-- ^TTT --&gt;&lt;!-- TTT$ --&gt;&lt;/span&gt;&amp;nbsp;&amp;nbsp;&lt;span class=&quot;shadow-holder&quot; data-embed-type=&quot;deviation&quot; data-embed-id=&quot;772693391&quot; data-embed-format=&quot;thumb&quot;&gt;&lt;span class=&quot;shadow mild&quot; &gt;&lt;a class=&quot;thumb&quot; href=&quot;https://www.deviantart.com/fdasuarez/art/Jane-772693391&quot; title=&quot;Jane by fdasuarez, Nov 15, 2018 in Digital Art &amp;gt; Drawings &amp;amp; Paintings &amp;gt; People &amp;gt; Portraits&quot;data-super-img=&quot;https://images-wixmp-ed30a86b8c4ca887773594c2.wixmp.com/intermediary/f/8596ce2e-3187-4612-b59d-249c1766697d/dcs1i1b-f58e37d3-89ee-4a61-ae83-21e1be5d3c01.jpg/v1/fill/w_775,h_1032,q_70,strp/jane_by_fdasuarez_dcs1i1b-pre.jpg&quot; data-super-width=&quot;774&quot; data-super-height=&quot;1032&quot; data-super-transparent=&quot;false&quot; data-super-alt=&quot;Jane by fdasuarez&quot; data-super-full-img=&quot;https://images-wixmp-ed30a86b8c4ca887773594c2.wixmp.com/intermediary/f/8596ce2e-3187-4612-b59d-249c1766697d/dcs1i1b-f58e37d3-89ee-4a61-ae83-21e1be5d3c01.jpg/v1/fill/w_800,h_1066,q_70,strp/jane_by_fdasuarez_dcs1i1b-fullview.jpg&quot; data-super-full-width=&quot;800&quot; data-super-full-height=&quot;1066&quot;        data-sigil=&quot;thumb&quot;&gt;
        &lt;i&gt;&lt;/i&gt;&lt;img   width=&quot;113&quot; height=&quot;150&quot; alt=&quot;Jane by fdasuarez&quot; src=&quot;https://images-wixmp-ed30a86b8c4ca887773594c2.wixmp.com/intermediary/f/8596ce2e-3187-4612-b59d-249c1766697d/dcs1i1b-f58e37d3-89ee-4a61-ae83-21e1be5d3c01.jpg/v1/fit/w_150,h_150,q_70,strp/jane_by_fdasuarez_dcs1i1b-150.jpg&quot; data-src=&quot;https://images-wixmp-ed30a86b8c4ca887773594c2.wixmp.com/intermediary/f/8596ce2e-3187-4612-b59d-249c1766697d/dcs1i1b-f58e37d3-89ee-4a61-ae83-21e1be5d3c01.jpg/v1/fit/w_150,h_150,q_70,strp/jane_by_fdasuarez_dcs1i1b-150.jpg&quot; srcset=&quot;https://images-wixmp-ed30a86b8c4ca887773594c2.wixmp.com/intermediary/f/8596ce2e-3187-4612-b59d-249c1766697d/dcs1i1b-f58e37d3-89ee-4a61-ae83-21e1be5d3c01.jpg/v1/fit/w_150,h_150,q_70,strp/jane_by_fdasuarez_dcs1i1b-150.jpg 113w,https://images-wixmp-ed30a86b8c4ca887773594c2.wixmp.com/intermediary/f/8596ce2e-3187-4612-b59d-249c1766697d/dcs1i1b-f58e37d3-89ee-4a61-ae83-21e1be5d3c01.jpg/v1/fill/w_188,h_250,q_70,strp/jane_by_fdasuarez_dcs1i1b-250t.jpg 188w,https://images-wixmp-ed30a86b8c4ca887773594c2.wixmp.com/intermediary/f/8596ce2e-3187-4612-b59d-249c1766697d/dcs1i1b-f58e37d3-89ee-4a61-ae83-21e1be5d3c01.jpg/v1/fill/w_263,h_350,q_70,strp/jane_by_fdasuarez_dcs1i1b-350t.jpg 263w,https://images-wixmp-ed30a86b8c4ca887773594c2.wixmp.com/intermediary/f/8596ce2e-3187-4612-b59d-249c1766697d/dcs1i1b-f58e37d3-89ee-4a61-ae83-21e1be5d3c01.jpg/v1/fill/w_300,h_400,q_70,strp/jane_by_fdasuarez_dcs1i1b-400t.jpg 300w,https://images-wixmp-ed30a86b8c4ca887773594c2.wixmp.com/intermediary/f/8596ce2e-3187-4612-b59d-249c1766697d/dcs1i1b-f58e37d3-89ee-4a61-ae83-21e1be5d3c01.jpg/v1/fill/w_775,h_1032,q_70,strp/jane_by_fdasuarez_dcs1i1b-pre.jpg 774w&quot; sizes=&quot;113px&quot;&gt;&lt;/a&gt;&lt;/span&gt;&lt;!-- ^TTT --&gt;&lt;!-- TTT$ --&gt;&lt;/span&gt;&lt;/b&gt;&lt;/p&gt;</media:description>            <media:thumbnail url="https://t00.deviantart.net/ZkvqqVNSYAsSpFtw9y-bcFTfFUU=/fit-in/150x150/filters:no_upscale():origin()/pre00/7aff/th/pre/i/2019/052/3/b/anastasia_by_fdasuarez-dd0boox.jpg" height="150" width="113"/>            <media:thumbnail url="https://t00.deviantart.net/CirvbiwM5FLRksej1fouGBkPe3I=/fit-in/300x900/filters:no_upscale():origin()/pre00/7aff/th/pre/i/2019/052/3/b/anastasia_by_fdasuarez-dd0boox.jpg" height="400" width="300"/>            <media:thumbnail url="https://t00.deviantart.net/HZ5d96KLYWL3QEZG80zy0BJauIw=/300x200/filters:fixed_height(100,100):origin()/pre00/7aff/th/pre/i/2019/052/3/b/anastasia_by_fdasuarez-dd0boox.jpg" height="200" width="150"/>            <media:content url="https://pre00.deviantart.net/7aff/th/pre/i/2019/052/3/b/anastasia_by_fdasuarez-dd0boox.jpg" height="1032" width="774" medium="image"/>            
            <description>&lt;b&gt;If you would like to support my work and learn my process please consider supporting my&amp;nbsp;&lt;/b&gt;&lt;b&gt;&amp;nbsp;&lt;a class=&quot;external&quot; href=&quot;https://www.deviantart.com/users/outgoing?https://www.patreon.com/fdasuarez&quot;&gt;Patreon&amp;nbsp;&lt;/a&gt;&amp;nbsp;&lt;/b&gt;&lt;b&gt;and get exclusive content as rewards&amp;nbsp;&lt;/b&gt;&lt;b&gt;&amp;lt;3&amp;nbsp;&lt;/b&gt;&lt;br /&gt;&lt;br /&gt;Hey guys!,&amp;nbsp;Here is my&amp;nbsp;&lt;strong&gt;Modern Anastasia&lt;/strong&gt;,&amp;nbsp;&lt;span&gt;it was so fun to work on her, it was one of the movies I was obsessed as a kid, so it brought back all the memories.&amp;nbsp;&lt;/span&gt;I hope you like it!.&amp;nbsp;&lt;br /&gt;She is part of current&amp;nbsp;&lt;strong&gt;Term 20&lt;/strong&gt;! at my&lt;b&gt;&amp;nbsp;&lt;a class=&quot;external&quot; href=&quot;https://www.deviantart.com/users/outgoing?https://www.patreon.com/fdasuarez&quot;&gt;Patreon&amp;nbsp;&lt;/a&gt;&amp;nbsp;&lt;/b&gt;. Video process, High Res, Color Palette, Psd file &amp;amp; more on this piece there as rewards.&lt;p&gt;Have a lovely day!&lt;br /&gt;&lt;br /&gt;&amp;#10084;&amp;nbsp;&lt;b&gt;Find me on:&amp;nbsp;&lt;/b&gt;&lt;b&gt;-&amp;nbsp;&amp;nbsp;&lt;/b&gt;&lt;b&gt;&lt;a class=&quot;external&quot; href=&quot;https://www.deviantart.com/users/outgoing?https://www.youtube.com/FernandaSuarez&quot;&gt;Youtube&lt;/a&gt;&amp;nbsp; -&amp;nbsp;&lt;/b&gt;&lt;b&gt;&amp;nbsp;&lt;/b&gt;&lt;b&gt;&lt;a class=&quot;external&quot; href=&quot;https://www.deviantart.com/users/outgoing?https://www.facebook.com/fdasuarezart&quot;&gt;Facebook&lt;/a&gt;&amp;nbsp;&amp;nbsp;- &amp;nbsp;&lt;a class=&quot;external&quot; href=&quot;https://www.deviantart.com/users/outgoing?http://fdasuarez.tumblr.com/&quot;&gt;Tumblr&lt;/a&gt;&amp;nbsp;&amp;nbsp; - &amp;nbsp;&lt;a class=&quot;external&quot; href=&quot;https://www.deviantart.com/users/outgoing?https://society6.com/fernandasuarez/prints&quot;&gt;Prints&amp;nbsp;&lt;/a&gt;&amp;nbsp; - &amp;nbsp;&lt;a class=&quot;external&quot; href=&quot;https://www.deviantart.com/users/outgoing?https://www.instagram.com/fdasuarez/&quot;&gt;Instagram&lt;/a&gt;&amp;nbsp; -&amp;nbsp;&lt;/b&gt;&lt;b&gt;&amp;nbsp;&lt;a class=&quot;external&quot; href=&quot;https://www.deviantart.com/users/outgoing?https://gumroad.com/fdasuarez&quot;&gt;Gumroad&lt;/a&gt;&amp;nbsp; -&amp;nbsp;&lt;/b&gt;&lt;b&gt;&amp;nbsp;&lt;a class=&quot;external&quot; href=&quot;https://www.deviantart.com/users/outgoing?https://www.artstation.com/artist/FernandaSuarez&quot;&gt;Artstation&lt;/a&gt;&amp;nbsp; &amp;nbsp;&lt;/b&gt;&lt;b&gt;-&amp;nbsp;&amp;nbsp;&lt;a class=&quot;external&quot; href=&quot;https://www.deviantart.com/users/outgoing?https://twitter.com/fdasuarezart&quot;&gt;Twitter&lt;/a&gt;&amp;nbsp;&amp;nbsp;&lt;/b&gt;&lt;/p&gt;&lt;p&gt;&lt;b&gt;&lt;br /&gt;&lt;br /&gt;Others on the series&lt;br /&gt;&lt;br /&gt;&lt;/b&gt;&lt;b&gt;&lt;span class=&quot;shadow-holder&quot; data-embed-type=&quot;deviation&quot; data-embed-id=&quot;693718437&quot; data-embed-format=&quot;thumb&quot;&gt;&lt;span class=&quot;shadow mild&quot; &gt;&lt;a class=&quot;thumb&quot; href=&quot;https://www.deviantart.com/fdasuarez/art/Belle-693718437&quot; title=&quot;Belle by fdasuarez, Jul 20, 2017 in Digital Art &amp;gt; Drawings &amp;amp; Paintings &amp;gt; People &amp;gt; Portraits&quot;data-super-img=&quot;https://images-wixmp-ed30a86b8c4ca887773594c2.wixmp.com/intermediary/f/8596ce2e-3187-4612-b59d-249c1766697d/dbh0skl-b6fd65aa-0536-4e41-8773-5b36043087f4.jpg/v1/fill/w_775,h_1032,q_70,strp/belle_by_fdasuarez_dbh0skl-pre.jpg&quot; data-super-width=&quot;774&quot; data-super-height=&quot;1032&quot; data-super-transparent=&quot;false&quot; data-super-alt=&quot;Belle by fdasuarez&quot; data-super-full-img=&quot;https://images-wixmp-ed30a86b8c4ca887773594c2.wixmp.com/intermediary/f/8596ce2e-3187-4612-b59d-249c1766697d/dbh0skl-b6fd65aa-0536-4e41-8773-5b36043087f4.jpg/v1/fill/w_800,h_1066,q_70,strp/belle_by_fdasuarez_dbh0skl-fullview.jpg&quot; data-super-full-width=&quot;800&quot; data-super-full-height=&quot;1066&quot;        data-sigil=&quot;thumb&quot;&gt;
        &lt;i&gt;&lt;/i&gt;&lt;img   width=&quot;113&quot; height=&quot;150&quot; alt=&quot;Belle by fdasuarez&quot; src=&quot;https://images-wixmp-ed30a86b8c4ca887773594c2.wixmp.com/intermediary/f/8596ce2e-3187-4612-b59d-249c1766697d/dbh0skl-b6fd65aa-0536-4e41-8773-5b36043087f4.jpg/v1/fit/w_150,h_150,q_70,strp/belle_by_fdasuarez_dbh0skl-150.jpg&quot; data-src=&quot;https://images-wixmp-ed30a86b8c4ca887773594c2.wixmp.com/intermediary/f/8596ce2e-3187-4612-b59d-249c1766697d/dbh0skl-b6fd65aa-0536-4e41-8773-5b36043087f4.jpg/v1/fit/w_150,h_150,q_70,strp/belle_by_fdasuarez_dbh0skl-150.jpg&quot; srcset=&quot;https://images-wixmp-ed30a86b8c4ca887773594c2.wixmp.com/intermediary/f/8596ce2e-3187-4612-b59d-249c1766697d/dbh0skl-b6fd65aa-0536-4e41-8773-5b36043087f4.jpg/v1/fit/w_150,h_150,q_70,strp/belle_by_fdasuarez_dbh0skl-150.jpg 113w,https://images-wixmp-ed30a86b8c4ca887773594c2.wixmp.com/intermediary/f/8596ce2e-3187-4612-b59d-249c1766697d/dbh0skl-b6fd65aa-0536-4e41-8773-5b36043087f4.jpg/v1/fill/w_188,h_250,q_70,strp/belle_by_fdasuarez_dbh0skl-250t.jpg 188w,https://images-wixmp-ed30a86b8c4ca887773594c2.wixmp.com/intermediary/f/8596ce2e-3187-4612-b59d-249c1766697d/dbh0skl-b6fd65aa-0536-4e41-8773-5b36043087f4.jpg/v1/fill/w_263,h_350,q_70,strp/belle_by_fdasuarez_dbh0skl-350t.jpg 263w,https://images-wixmp-ed30a86b8c4ca887773594c2.wixmp.com/intermediary/f/8596ce2e-3187-4612-b59d-249c1766697d/dbh0skl-b6fd65aa-0536-4e41-8773-5b36043087f4.jpg/v1/fill/w_300,h_400,q_70,strp/belle_by_fdasuarez_dbh0skl-400t.jpg 300w,https://images-wixmp-ed30a86b8c4ca887773594c2.wixmp.com/intermediary/f/8596ce2e-3187-4612-b59d-249c1766697d/dbh0skl-b6fd65aa-0536-4e41-8773-5b36043087f4.jpg/v1/fill/w_775,h_1032,q_70,strp/belle_by_fdasuarez_dbh0skl-pre.jpg 774w&quot; sizes=&quot;113px&quot;&gt;&lt;/a&gt;&lt;/span&gt;&lt;!-- ^TTT --&gt;&lt;!-- TTT$ --&gt;&lt;/span&gt;&amp;nbsp;&amp;nbsp;&lt;span class=&quot;shadow-holder&quot; data-embed-type=&quot;deviation&quot; data-embed-id=&quot;709360655&quot; data-embed-format=&quot;thumb&quot;&gt;&lt;span class=&quot;shadow mild&quot; &gt;&lt;a class=&quot;thumb&quot; href=&quot;https://www.deviantart.com/fdasuarez/art/Nala-709360655&quot; title=&quot;Nala by fdasuarez, Oct 12, 2017 in Digital Art &amp;gt; Drawings &amp;amp; Paintings &amp;gt; People &amp;gt; Portraits&quot;data-super-img=&quot;https://images-wixmp-ed30a86b8c4ca887773594c2.wixmp.com/intermediary/f/8596ce2e-3187-4612-b59d-249c1766697d/dbqc26n-6bad9c44-01ee-42c1-8a77-e1f495d5605e.jpg/v1/fill/w_775,h_1032,q_70,strp/nala_by_fdasuarez_dbqc26n-pre.jpg&quot; data-super-width=&quot;774&quot; data-super-height=&quot;1032&quot; data-super-transparent=&quot;false&quot; data-super-alt=&quot;Nala by fdasuarez&quot; data-super-full-img=&quot;https://images-wixmp-ed30a86b8c4ca887773594c2.wixmp.com/intermediary/f/8596ce2e-3187-4612-b59d-249c1766697d/dbqc26n-6bad9c44-01ee-42c1-8a77-e1f495d5605e.jpg/v1/fill/w_800,h_1066,q_70,strp/nala_by_fdasuarez_dbqc26n-fullview.jpg&quot; data-super-full-width=&quot;800&quot; data-super-full-height=&quot;1066&quot;        data-sigil=&quot;thumb&quot;&gt;
        &lt;i&gt;&lt;/i&gt;&lt;img   width=&quot;113&quot; height=&quot;150&quot; alt=&quot;Nala by fdasuarez&quot; src=&quot;https://images-wixmp-ed30a86b8c4ca887773594c2.wixmp.com/intermediary/f/8596ce2e-3187-4612-b59d-249c1766697d/dbqc26n-6bad9c44-01ee-42c1-8a77-e1f495d5605e.jpg/v1/fit/w_150,h_150,q_70,strp/nala_by_fdasuarez_dbqc26n-150.jpg&quot; data-src=&quot;https://images-wixmp-ed30a86b8c4ca887773594c2.wixmp.com/intermediary/f/8596ce2e-3187-4612-b59d-249c1766697d/dbqc26n-6bad9c44-01ee-42c1-8a77-e1f495d5605e.jpg/v1/fit/w_150,h_150,q_70,strp/nala_by_fdasuarez_dbqc26n-150.jpg&quot; srcset=&quot;https://images-wixmp-ed30a86b8c4ca887773594c2.wixmp.com/intermediary/f/8596ce2e-3187-4612-b59d-249c1766697d/dbqc26n-6bad9c44-01ee-42c1-8a77-e1f495d5605e.jpg/v1/fit/w_150,h_150,q_70,strp/nala_by_fdasuarez_dbqc26n-150.jpg 113w,https://images-wixmp-ed30a86b8c4ca887773594c2.wixmp.com/intermediary/f/8596ce2e-3187-4612-b59d-249c1766697d/dbqc26n-6bad9c44-01ee-42c1-8a77-e1f495d5605e.jpg/v1/fill/w_188,h_250,q_70,strp/nala_by_fdasuarez_dbqc26n-250t.jpg 188w,https://images-wixmp-ed30a86b8c4ca887773594c2.wixmp.com/intermediary/f/8596ce2e-3187-4612-b59d-249c1766697d/dbqc26n-6bad9c44-01ee-42c1-8a77-e1f495d5605e.jpg/v1/fill/w_263,h_350,q_70,strp/nala_by_fdasuarez_dbqc26n-350t.jpg 263w,https://images-wixmp-ed30a86b8c4ca887773594c2.wixmp.com/intermediary/f/8596ce2e-3187-4612-b59d-249c1766697d/dbqc26n-6bad9c44-01ee-42c1-8a77-e1f495d5605e.jpg/v1/fill/w_300,h_400,q_70,strp/nala_by_fdasuarez_dbqc26n-400t.jpg 300w,https://images-wixmp-ed30a86b8c4ca887773594c2.wixmp.com/intermediary/f/8596ce2e-3187-4612-b59d-249c1766697d/dbqc26n-6bad9c44-01ee-42c1-8a77-e1f495d5605e.jpg/v1/fill/w_775,h_1032,q_70,strp/nala_by_fdasuarez_dbqc26n-pre.jpg 774w&quot; sizes=&quot;113px&quot;&gt;&lt;/a&gt;&lt;/span&gt;&lt;!-- ^TTT --&gt;&lt;!-- TTT$ --&gt;&lt;/span&gt;&amp;nbsp;&amp;nbsp;&lt;span class=&quot;shadow-holder&quot; data-embed-type=&quot;deviation&quot; data-embed-id=&quot;701944565&quot; data-embed-format=&quot;thumb&quot;&gt;&lt;span class=&quot;shadow mild&quot; &gt;&lt;a class=&quot;thumb&quot; href=&quot;https://www.deviantart.com/fdasuarez/art/Mulan-701944565&quot; title=&quot;Mulan by fdasuarez, Aug 31, 2017 in Digital Art &amp;gt; Drawings &amp;amp; Paintings &amp;gt; People &amp;gt; Portraits&quot;data-super-img=&quot;https://images-wixmp-ed30a86b8c4ca887773594c2.wixmp.com/intermediary/f/8596ce2e-3187-4612-b59d-249c1766697d/dblx3w5-5ca8924a-f374-484a-bb22-8c705697ee5b.jpg/v1/fill/w_775,h_1032,q_70,strp/mulan_by_fdasuarez_dblx3w5-pre.jpg&quot; data-super-width=&quot;774&quot; data-super-height=&quot;1032&quot; data-super-transparent=&quot;false&quot; data-super-alt=&quot;Mulan by fdasuarez&quot; data-super-full-img=&quot;https://images-wixmp-ed30a86b8c4ca887773594c2.wixmp.com/intermediary/f/8596ce2e-3187-4612-b59d-249c1766697d/dblx3w5-5ca8924a-f374-484a-bb22-8c705697ee5b.jpg/v1/fill/w_800,h_1066,q_70,strp/mulan_by_fdasuarez_dblx3w5-fullview.jpg&quot; data-super-full-width=&quot;800&quot; data-super-full-height=&quot;1066&quot;        data-sigil=&quot;thumb&quot;&gt;
        &lt;i&gt;&lt;/i&gt;&lt;img   width=&quot;113&quot; height=&quot;150&quot; alt=&quot;Mulan by fdasuarez&quot; src=&quot;https://images-wixmp-ed30a86b8c4ca887773594c2.wixmp.com/intermediary/f/8596ce2e-3187-4612-b59d-249c1766697d/dblx3w5-5ca8924a-f374-484a-bb22-8c705697ee5b.jpg/v1/fit/w_150,h_150,q_70,strp/mulan_by_fdasuarez_dblx3w5-150.jpg&quot; data-src=&quot;https://images-wixmp-ed30a86b8c4ca887773594c2.wixmp.com/intermediary/f/8596ce2e-3187-4612-b59d-249c1766697d/dblx3w5-5ca8924a-f374-484a-bb22-8c705697ee5b.jpg/v1/fit/w_150,h_150,q_70,strp/mulan_by_fdasuarez_dblx3w5-150.jpg&quot; srcset=&quot;https://images-wixmp-ed30a86b8c4ca887773594c2.wixmp.com/intermediary/f/8596ce2e-3187-4612-b59d-249c1766697d/dblx3w5-5ca8924a-f374-484a-bb22-8c705697ee5b.jpg/v1/fit/w_150,h_150,q_70,strp/mulan_by_fdasuarez_dblx3w5-150.jpg 113w,https://images-wixmp-ed30a86b8c4ca887773594c2.wixmp.com/intermediary/f/8596ce2e-3187-4612-b59d-249c1766697d/dblx3w5-5ca8924a-f374-484a-bb22-8c705697ee5b.jpg/v1/fill/w_188,h_250,q_70,strp/mulan_by_fdasuarez_dblx3w5-250t.jpg 188w,https://images-wixmp-ed30a86b8c4ca887773594c2.wixmp.com/intermediary/f/8596ce2e-3187-4612-b59d-249c1766697d/dblx3w5-5ca8924a-f374-484a-bb22-8c705697ee5b.jpg/v1/fill/w_263,h_350,q_70,strp/mulan_by_fdasuarez_dblx3w5-350t.jpg 263w,https://images-wixmp-ed30a86b8c4ca887773594c2.wixmp.com/intermediary/f/8596ce2e-3187-4612-b59d-249c1766697d/dblx3w5-5ca8924a-f374-484a-bb22-8c705697ee5b.jpg/v1/fill/w_300,h_400,q_70,strp/mulan_by_fdasuarez_dblx3w5-400t.jpg 300w,https://images-wixmp-ed30a86b8c4ca887773594c2.wixmp.com/intermediary/f/8596ce2e-3187-4612-b59d-249c1766697d/dblx3w5-5ca8924a-f374-484a-bb22-8c705697ee5b.jpg/v1/fill/w_775,h_1032,q_70,strp/mulan_by_fdasuarez_dblx3w5-pre.jpg 774w&quot; sizes=&quot;113px&quot;&gt;&lt;/a&gt;&lt;/span&gt;&lt;!-- ^TTT --&gt;&lt;!-- TTT$ --&gt;&lt;/span&gt;&amp;nbsp;&amp;nbsp;&lt;span class=&quot;shadow-holder&quot; data-embed-type=&quot;deviation&quot; data-embed-id=&quot;716532522&quot; data-embed-format=&quot;thumb&quot;&gt;&lt;span class=&quot;shadow mild&quot; &gt;&lt;a class=&quot;thumb&quot; href=&quot;https://www.deviantart.com/fdasuarez/art/Tiana-716532522&quot; title=&quot;Tiana by fdasuarez, Nov 23, 2017 in Digital Art &amp;gt; Drawings &amp;amp; Paintings &amp;gt; People &amp;gt; Portraits&quot;data-super-img=&quot;https://images-wixmp-ed30a86b8c4ca887773594c2.wixmp.com/intermediary/f/8596ce2e-3187-4612-b59d-249c1766697d/dbuls16-30ebdb75-18ac-4d84-9491-e1f30aabd377.jpg/v1/fill/w_775,h_1032,q_70,strp/tiana_by_fdasuarez_dbuls16-pre.jpg&quot; data-super-width=&quot;774&quot; data-super-height=&quot;1032&quot; data-super-transparent=&quot;false&quot; data-super-alt=&quot;Tiana by fdasuarez&quot; data-super-full-img=&quot;https://images-wixmp-ed30a86b8c4ca887773594c2.wixmp.com/intermediary/f/8596ce2e-3187-4612-b59d-249c1766697d/dbuls16-30ebdb75-18ac-4d84-9491-e1f30aabd377.jpg/v1/fill/w_800,h_1066,q_70,strp/tiana_by_fdasuarez_dbuls16-fullview.jpg&quot; data-super-full-width=&quot;800&quot; data-super-full-height=&quot;1066&quot;        data-sigil=&quot;thumb&quot;&gt;
        &lt;i&gt;&lt;/i&gt;&lt;img   width=&quot;113&quot; height=&quot;150&quot; alt=&quot;Tiana by fdasuarez&quot; src=&quot;https://images-wixmp-ed30a86b8c4ca887773594c2.wixmp.com/intermediary/f/8596ce2e-3187-4612-b59d-249c1766697d/dbuls16-30ebdb75-18ac-4d84-9491-e1f30aabd377.jpg/v1/fit/w_150,h_150,q_70,strp/tiana_by_fdasuarez_dbuls16-150.jpg&quot; data-src=&quot;https://images-wixmp-ed30a86b8c4ca887773594c2.wixmp.com/intermediary/f/8596ce2e-3187-4612-b59d-249c1766697d/dbuls16-30ebdb75-18ac-4d84-9491-e1f30aabd377.jpg/v1/fit/w_150,h_150,q_70,strp/tiana_by_fdasuarez_dbuls16-150.jpg&quot; srcset=&quot;https://images-wixmp-ed30a86b8c4ca887773594c2.wixmp.com/intermediary/f/8596ce2e-3187-4612-b59d-249c1766697d/dbuls16-30ebdb75-18ac-4d84-9491-e1f30aabd377.jpg/v1/fit/w_150,h_150,q_70,strp/tiana_by_fdasuarez_dbuls16-150.jpg 113w,https://images-wixmp-ed30a86b8c4ca887773594c2.wixmp.com/intermediary/f/8596ce2e-3187-4612-b59d-249c1766697d/dbuls16-30ebdb75-18ac-4d84-9491-e1f30aabd377.jpg/v1/fill/w_188,h_250,q_70,strp/tiana_by_fdasuarez_dbuls16-250t.jpg 188w,https://images-wixmp-ed30a86b8c4ca887773594c2.wixmp.com/intermediary/f/8596ce2e-3187-4612-b59d-249c1766697d/dbuls16-30ebdb75-18ac-4d84-9491-e1f30aabd377.jpg/v1/fill/w_263,h_350,q_70,strp/tiana_by_fdasuarez_dbuls16-350t.jpg 263w,https://images-wixmp-ed30a86b8c4ca887773594c2.wixmp.com/intermediary/f/8596ce2e-3187-4612-b59d-249c1766697d/dbuls16-30ebdb75-18ac-4d84-9491-e1f30aabd377.jpg/v1/fill/w_300,h_400,q_70,strp/tiana_by_fdasuarez_dbuls16-400t.jpg 300w,https://images-wixmp-ed30a86b8c4ca887773594c2.wixmp.com/intermediary/f/8596ce2e-3187-4612-b59d-249c1766697d/dbuls16-30ebdb75-18ac-4d84-9491-e1f30aabd377.jpg/v1/fill/w_775,h_1032,q_70,strp/tiana_by_fdasuarez_dbuls16-pre.jpg 774w&quot; sizes=&quot;113px&quot;&gt;&lt;/a&gt;&lt;/span&gt;&lt;!-- ^TTT --&gt;&lt;!-- TTT$ --&gt;&lt;/span&gt;&amp;nbsp;&amp;nbsp;&lt;span class=&quot;shadow-holder&quot; data-embed-type=&quot;deviation&quot; data-embed-id=&quot;726240180&quot; data-embed-format=&quot;thumb&quot;&gt;&lt;span class=&quot;shadow mild&quot; &gt;&lt;a class=&quot;thumb&quot; href=&quot;https://www.deviantart.com/fdasuarez/art/Alice-726240180&quot; title=&quot;Alice by fdasuarez, Jan 18, 2018 in Digital Art &amp;gt; Drawings &amp;amp; Paintings &amp;gt; People &amp;gt; Portraits&quot;data-super-img=&quot;https://images-wixmp-ed30a86b8c4ca887773594c2.wixmp.com/intermediary/f/8596ce2e-3187-4612-b59d-249c1766697d/dc0duic-8be25d02-c7b3-4fc7-aecf-e57f1c2ea0a5.jpg/v1/fill/w_775,h_1032,q_70,strp/alice_by_fdasuarez_dc0duic-pre.jpg&quot; data-super-width=&quot;774&quot; data-super-height=&quot;1032&quot; data-super-transparent=&quot;false&quot; data-super-alt=&quot;Alice by fdasuarez&quot; data-super-full-img=&quot;https://images-wixmp-ed30a86b8c4ca887773594c2.wixmp.com/intermediary/f/8596ce2e-3187-4612-b59d-249c1766697d/dc0duic-8be25d02-c7b3-4fc7-aecf-e57f1c2ea0a5.jpg/v1/fill/w_800,h_1066,q_70,strp/alice_by_fdasuarez_dc0duic-fullview.jpg&quot; data-super-full-width=&quot;800&quot; data-super-full-height=&quot;1066&quot;        data-sigil=&quot;thumb&quot;&gt;
        &lt;i&gt;&lt;/i&gt;&lt;img   width=&quot;113&quot; height=&quot;150&quot; alt=&quot;Alice by fdasuarez&quot; src=&quot;https://images-wixmp-ed30a86b8c4ca887773594c2.wixmp.com/intermediary/f/8596ce2e-3187-4612-b59d-249c1766697d/dc0duic-8be25d02-c7b3-4fc7-aecf-e57f1c2ea0a5.jpg/v1/fit/w_150,h_150,q_70,strp/alice_by_fdasuarez_dc0duic-150.jpg&quot; data-src=&quot;https://images-wixmp-ed30a86b8c4ca887773594c2.wixmp.com/intermediary/f/8596ce2e-3187-4612-b59d-249c1766697d/dc0duic-8be25d02-c7b3-4fc7-aecf-e57f1c2ea0a5.jpg/v1/fit/w_150,h_150,q_70,strp/alice_by_fdasuarez_dc0duic-150.jpg&quot; srcset=&quot;https://images-wixmp-ed30a86b8c4ca887773594c2.wixmp.com/intermediary/f/8596ce2e-3187-4612-b59d-249c1766697d/dc0duic-8be25d02-c7b3-4fc7-aecf-e57f1c2ea0a5.jpg/v1/fit/w_150,h_150,q_70,strp/alice_by_fdasuarez_dc0duic-150.jpg 113w,https://images-wixmp-ed30a86b8c4ca887773594c2.wixmp.com/intermediary/f/8596ce2e-3187-4612-b59d-249c1766697d/dc0duic-8be25d02-c7b3-4fc7-aecf-e57f1c2ea0a5.jpg/v1/fill/w_188,h_250,q_70,strp/alice_by_fdasuarez_dc0duic-250t.jpg 188w,https://images-wixmp-ed30a86b8c4ca887773594c2.wixmp.com/intermediary/f/8596ce2e-3187-4612-b59d-249c1766697d/dc0duic-8be25d02-c7b3-4fc7-aecf-e57f1c2ea0a5.jpg/v1/fill/w_263,h_350,q_70,strp/alice_by_fdasuarez_dc0duic-350t.jpg 263w,https://images-wixmp-ed30a86b8c4ca887773594c2.wixmp.com/intermediary/f/8596ce2e-3187-4612-b59d-249c1766697d/dc0duic-8be25d02-c7b3-4fc7-aecf-e57f1c2ea0a5.jpg/v1/fill/w_300,h_400,q_70,strp/alice_by_fdasuarez_dc0duic-400t.jpg 300w,https://images-wixmp-ed30a86b8c4ca887773594c2.wixmp.com/intermediary/f/8596ce2e-3187-4612-b59d-249c1766697d/dc0duic-8be25d02-c7b3-4fc7-aecf-e57f1c2ea0a5.jpg/v1/fill/w_775,h_1032,q_70,strp/alice_by_fdasuarez_dc0duic-pre.jpg 774w&quot; sizes=&quot;113px&quot;&gt;&lt;/a&gt;&lt;/span&gt;&lt;!-- ^TTT --&gt;&lt;!-- TTT$ --&gt;&lt;/span&gt;&amp;nbsp;&amp;nbsp;&lt;span class=&quot;shadow-holder&quot; data-embed-type=&quot;deviation&quot; data-embed-id=&quot;772693391&quot; data-embed-format=&quot;thumb&quot;&gt;&lt;span class=&quot;shadow mild&quot; &gt;&lt;a class=&quot;thumb&quot; href=&quot;https://www.deviantart.com/fdasuarez/art/Jane-772693391&quot; title=&quot;Jane by fdasuarez, Nov 15, 2018 in Digital Art &amp;gt; Drawings &amp;amp; Paintings &amp;gt; People &amp;gt; Portraits&quot;data-super-img=&quot;https://images-wixmp-ed30a86b8c4ca887773594c2.wixmp.com/intermediary/f/8596ce2e-3187-4612-b59d-249c1766697d/dcs1i1b-f58e37d3-89ee-4a61-ae83-21e1be5d3c01.jpg/v1/fill/w_775,h_1032,q_70,strp/jane_by_fdasuarez_dcs1i1b-pre.jpg&quot; data-super-width=&quot;774&quot; data-super-height=&quot;1032&quot; data-super-transparent=&quot;false&quot; data-super-alt=&quot;Jane by fdasuarez&quot; data-super-full-img=&quot;https://images-wixmp-ed30a86b8c4ca887773594c2.wixmp.com/intermediary/f/8596ce2e-3187-4612-b59d-249c1766697d/dcs1i1b-f58e37d3-89ee-4a61-ae83-21e1be5d3c01.jpg/v1/fill/w_800,h_1066,q_70,strp/jane_by_fdasuarez_dcs1i1b-fullview.jpg&quot; data-super-full-width=&quot;800&quot; data-super-full-height=&quot;1066&quot;        data-sigil=&quot;thumb&quot;&gt;
        &lt;i&gt;&lt;/i&gt;&lt;img   width=&quot;113&quot; height=&quot;150&quot; alt=&quot;Jane by fdasuarez&quot; src=&quot;https://images-wixmp-ed30a86b8c4ca887773594c2.wixmp.com/intermediary/f/8596ce2e-3187-4612-b59d-249c1766697d/dcs1i1b-f58e37d3-89ee-4a61-ae83-21e1be5d3c01.jpg/v1/fit/w_150,h_150,q_70,strp/jane_by_fdasuarez_dcs1i1b-150.jpg&quot; data-src=&quot;https://images-wixmp-ed30a86b8c4ca887773594c2.wixmp.com/intermediary/f/8596ce2e-3187-4612-b59d-249c1766697d/dcs1i1b-f58e37d3-89ee-4a61-ae83-21e1be5d3c01.jpg/v1/fit/w_150,h_150,q_70,strp/jane_by_fdasuarez_dcs1i1b-150.jpg&quot; srcset=&quot;https://images-wixmp-ed30a86b8c4ca887773594c2.wixmp.com/intermediary/f/8596ce2e-3187-4612-b59d-249c1766697d/dcs1i1b-f58e37d3-89ee-4a61-ae83-21e1be5d3c01.jpg/v1/fit/w_150,h_150,q_70,strp/jane_by_fdasuarez_dcs1i1b-150.jpg 113w,https://images-wixmp-ed30a86b8c4ca887773594c2.wixmp.com/intermediary/f/8596ce2e-3187-4612-b59d-249c1766697d/dcs1i1b-f58e37d3-89ee-4a61-ae83-21e1be5d3c01.jpg/v1/fill/w_188,h_250,q_70,strp/jane_by_fdasuarez_dcs1i1b-250t.jpg 188w,https://images-wixmp-ed30a86b8c4ca887773594c2.wixmp.com/intermediary/f/8596ce2e-3187-4612-b59d-249c1766697d/dcs1i1b-f58e37d3-89ee-4a61-ae83-21e1be5d3c01.jpg/v1/fill/w_263,h_350,q_70,strp/jane_by_fdasuarez_dcs1i1b-350t.jpg 263w,https://images-wixmp-ed30a86b8c4ca887773594c2.wixmp.com/intermediary/f/8596ce2e-3187-4612-b59d-249c1766697d/dcs1i1b-f58e37d3-89ee-4a61-ae83-21e1be5d3c01.jpg/v1/fill/w_300,h_400,q_70,strp/jane_by_fdasuarez_dcs1i1b-400t.jpg 300w,https://images-wixmp-ed30a86b8c4ca887773594c2.wixmp.com/intermediary/f/8596ce2e-3187-4612-b59d-249c1766697d/dcs1i1b-f58e37d3-89ee-4a61-ae83-21e1be5d3c01.jpg/v1/fill/w_775,h_1032,q_70,strp/jane_by_fdasuarez_dcs1i1b-pre.jpg 774w&quot; sizes=&quot;113px&quot;&gt;&lt;/a&gt;&lt;/span&gt;&lt;!-- ^TTT --&gt;&lt;!-- TTT$ --&gt;&lt;/span&gt;&lt;/b&gt;&lt;/p&gt;&lt;br /&gt;&lt;div&gt;&lt;img src=&quot;https://t00.deviantart.net/HZ5d96KLYWL3QEZG80zy0BJauIw=/300x200/filters:fixed_height(100,100):origin()/pre00/7aff/th/pre/i/2019/052/3/b/anastasia_by_fdasuarez-dd0boox.jpg&quot; alt=&quot;thumbnail&quot; /&gt;&lt;/div&gt;</description>            </item>
                    <item>
                <title>Darksiders III - Fury</title>
                <link>https://genzoman.deviantart.com/art/Darksiders-III-Fury-786653913</link>
                <guid isPermaLink="true">https://genzoman.deviantart.com/art/Darksiders-III-Fury-786653913</guid>
                <pubDate>Thu, 21 Feb 2019 14:12:21 PST</pubDate>
                        <media:title type="plain">Darksiders III - Fury</media:title>
        <media:keywords></media:keywords>
                        <media:rating>nonadult</media:rating>
                <media:category label="Fantasy">digitalart/paintings/fantasy</media:category>
        <media:credit role="author" scheme="urn:ebu">GENZOMAN</media:credit>
        <media:credit role="author" scheme="urn:ebu">https://a.deviantart.net/avatars/g/e/genzoman.jpg?9</media:credit>
        <media:copyright url="https://genzoman.deviantart.com">Copyright 2019 GENZOMAN</media:copyright>
            <media:community>
                <media:tags>@MrGenzoman</media:tags>
            </media:community>            <media:description type="html">Hi guys! This is an image done&amp;nbsp; as a cover for the upcoming &quot;&lt;span&gt;The Art of Darksiders III&quot; published by the awesome guys at &lt;a target=&quot;_self&quot; href=&quot;https://www.deviantart.com/udoncrew&quot; &gt;&lt;img class=&quot;avatar group&quot; width=&quot;100&quot; height=&quot;50&quot; src=&quot;https://a.deviantart.net/avatars/u/d/udoncrew.png?3&quot; alt=&quot;:iconudoncrew:&quot; title=&quot;UdonCrew&quot; /&gt;&lt;/a&gt;&lt;br /&gt;I hope you like it! Lineart by the always great &lt;a target=&quot;_self&quot; href=&quot;https://www.deviantart.com/edwinhuang&quot; &gt;&lt;img class=&quot;avatar&quot; width=&quot;50&quot; height=&quot;50&quot; src=&quot;https://a.deviantart.net/avatars/e/d/edwinhuang.jpg?15&quot; alt=&quot;:iconedwinhuang:&quot; title=&quot;edwinhuang&quot; /&gt;&lt;/a&gt;, Background and colors by me.&lt;br /&gt;You can preorder the artbook right here on amazon!&lt;br /&gt;&lt;/span&gt;&lt;a class=&quot;external&quot; href=&quot;https://www.deviantart.com/users/outgoing?https://www.amazon.com/Art-Darksiders-III-THQ/dp/1772940992/ref=sr_1_1?keywords=darksiders%20III%20art&amp;qid=1550682107&amp;amp;s=gateway&amp;sr=8-1&amp;amp;fbclid=IwAR3FRvcELu75JAr0PrqReeHGUycUewh4MQBFs39DAnxJOVvfkKJp5w4T08k&quot;&gt;www.amazon.com/Art-Darksiders-&amp;hellip;&lt;/a&gt;</media:description>            <media:thumbnail url="https://t00.deviantart.net/xuQ94ycoQMNyCb7hYGxMnn3TkaA=/fit-in/150x150/filters:no_upscale():origin()/pre00/39e6/th/pre/f/2019/052/b/3/darksiders_iii___fury_by_genzoman-dd0cq1l.jpg" height="150" width="119"/>            <media:thumbnail url="https://t00.deviantart.net/fuSAaPtRrg8X811_Ljafll_l1Lc=/fit-in/300x900/filters:no_upscale():origin()/pre00/39e6/th/pre/f/2019/052/b/3/darksiders_iii___fury_by_genzoman-dd0cq1l.jpg" height="377" width="300"/>            <media:thumbnail url="https://t00.deviantart.net/KVgLlGPFweBYidADxQPMe8G8j2Q=/300x200/filters:fixed_height(100,100):origin()/pre00/39e6/th/pre/f/2019/052/b/3/darksiders_iii___fury_by_genzoman-dd0cq1l.jpg" height="200" width="159"/>            <media:content url="https://orig00.deviantart.net/8f90/f/2019/052/b/3/darksiders_iii___fury_by_genzoman-dd0cq1l.jpg" height="1000" width="796" medium="image"/>            
            <description>Hi guys! This is an image done&amp;nbsp; as a cover for the upcoming &quot;&lt;span&gt;The Art of Darksiders III&quot; published by the awesome guys at &lt;a target=&quot;_self&quot; href=&quot;https://www.deviantart.com/udoncrew&quot; &gt;&lt;img class=&quot;avatar group&quot; width=&quot;100&quot; height=&quot;50&quot; src=&quot;https://a.deviantart.net/avatars/u/d/udoncrew.png?3&quot; alt=&quot;:iconudoncrew:&quot; title=&quot;UdonCrew&quot; /&gt;&lt;/a&gt;&lt;br /&gt;I hope you like it! Lineart by the always great &lt;a target=&quot;_self&quot; href=&quot;https://www.deviantart.com/edwinhuang&quot; &gt;&lt;img class=&quot;avatar&quot; width=&quot;50&quot; height=&quot;50&quot; src=&quot;https://a.deviantart.net/avatars/e/d/edwinhuang.jpg?15&quot; alt=&quot;:iconedwinhuang:&quot; title=&quot;edwinhuang&quot; /&gt;&lt;/a&gt;, Background and colors by me.&lt;br /&gt;You can preorder the artbook right here on amazon!&lt;br /&gt;&lt;/span&gt;&lt;a class=&quot;external&quot; href=&quot;https://www.deviantart.com/users/outgoing?https://www.amazon.com/Art-Darksiders-III-THQ/dp/1772940992/ref=sr_1_1?keywords=darksiders%20III%20art&amp;qid=1550682107&amp;amp;s=gateway&amp;sr=8-1&amp;amp;fbclid=IwAR3FRvcELu75JAr0PrqReeHGUycUewh4MQBFs39DAnxJOVvfkKJp5w4T08k&quot;&gt;www.amazon.com/Art-Darksiders-&amp;hellip;&lt;/a&gt;&lt;br /&gt;&lt;div&gt;&lt;img src=&quot;https://t00.deviantart.net/KVgLlGPFweBYidADxQPMe8G8j2Q=/300x200/filters:fixed_height(100,100):origin()/pre00/39e6/th/pre/f/2019/052/b/3/darksiders_iii___fury_by_genzoman-dd0cq1l.jpg&quot; alt=&quot;thumbnail&quot; /&gt;&lt;/div&gt;</description>            </item>
                    <item>
                <title>Midday Lycanroc</title>
                <link>https://kenket.deviantart.com/art/Midday-Lycanroc-786542643</link>
                <guid isPermaLink="true">https://kenket.deviantart.com/art/Midday-Lycanroc-786542643</guid>
                <pubDate>Wed, 20 Feb 2019 17:28:56 PST</pubDate>
                        <media:title type="plain">Midday Lycanroc</media:title>
        <media:keywords></media:keywords>
                        <media:rating>nonadult</media:rating>
                <media:category label="Games">fanart/traditional/paintings/games</media:category>
        <media:credit role="author" scheme="urn:ebu">kenket</media:credit>
        <media:credit role="author" scheme="urn:ebu">https://a.deviantart.net/avatars/k/e/kenket.jpg?5</media:credit>
        <media:copyright url="https://kenket.deviantart.com">Copyright 2019 kenket</media:copyright>
            <media:community>
                <media:tags>@tessgarman</media:tags>
            </media:community>            <media:description type="html">&lt;i&gt;Here comes the sun&lt;br /&gt;and I say&lt;br /&gt;It&#039;s all right&lt;/i&gt;</media:description>            <media:thumbnail url="https://t00.deviantart.net/CLJQGdEUh2h3T1EIUKGAvXjo-jk=/fit-in/150x150/filters:no_upscale():origin()/pre00/80f7/th/pre/f/2019/051/f/6/midday_lycanroc_by_kenket-dd0ac6r.jpg" height="149" width="150"/>            <media:thumbnail url="https://t00.deviantart.net/XQBNzofdf7Ws1s2Gx5rWNPIxwwA=/fit-in/300x900/filters:no_upscale():origin()/pre00/80f7/th/pre/f/2019/051/f/6/midday_lycanroc_by_kenket-dd0ac6r.jpg" height="298" width="300"/>            <media:thumbnail url="https://t00.deviantart.net/N_ejApfCtxI1_bSjlPMubP63rOc=/300x200/filters:fixed_height(100,100):origin()/pre00/80f7/th/pre/f/2019/051/f/6/midday_lycanroc_by_kenket-dd0ac6r.jpg" height="200" width="201"/>            <media:content url="https://orig00.deviantart.net/f5a6/f/2019/051/f/6/midday_lycanroc_by_kenket-dd0ac6r.jpg" height="702" width="706" medium="image"/>            
            <description>&lt;i&gt;Here comes the sun&lt;br /&gt;and I say&lt;br /&gt;It&#039;s all right&lt;/i&gt;&lt;br /&gt;&lt;div&gt;&lt;img src=&quot;https://t00.deviantart.net/N_ejApfCtxI1_bSjlPMubP63rOc=/300x200/filters:fixed_height(100,100):origin()/pre00/80f7/th/pre/f/2019/051/f/6/midday_lycanroc_by_kenket-dd0ac6r.jpg&quot; alt=&quot;thumbnail&quot; /&gt;&lt;/div&gt;</description>            </item>
                    <item>
                <title>Mercy</title>
                <link>https://moni158.deviantart.com/art/Mercy-786588284</link>
                <guid isPermaLink="true">https://moni158.deviantart.com/art/Mercy-786588284</guid>
                <pubDate>Thu, 21 Feb 2019 02:20:42 PST</pubDate>
                        <media:title type="plain">Mercy</media:title>
        <media:keywords></media:keywords>
                        <media:rating>nonadult</media:rating>
                <media:category label="Games">fanart/digital/drawings/games</media:category>
        <media:credit role="author" scheme="urn:ebu">moni158</media:credit>
        <media:credit role="author" scheme="urn:ebu">https://a.deviantart.net/avatars/m/o/moni158.gif?15</media:credit>
        <media:copyright url="https://moni158.deviantart.com">Copyright 2019 moni158</media:copyright>            <media:description type="html">More old junk from last year&lt;br /&gt;&lt;br /&gt;Literal angel &amp;lt;3</media:description>            <media:thumbnail url="https://t00.deviantart.net/c7ChNJa-lsvFohH5HRoXNm8cGNA=/fit-in/150x150/filters:no_upscale():origin()/pre00/14cd/th/pre/i/2019/052/e/2/mercy_by_moni158-dd0bbek.png" height="150" width="106"/>            <media:thumbnail url="https://t00.deviantart.net/bo3akxj9527T9V_L9TezE-PYupo=/fit-in/300x900/filters:no_upscale():origin()/pre00/14cd/th/pre/i/2019/052/e/2/mercy_by_moni158-dd0bbek.png" height="424" width="300"/>            <media:thumbnail url="https://t00.deviantart.net/5F2RuBrueDwTrIGYlhIe9JWQJqE=/300x200/filters:fixed_height(100,100):origin()/pre00/14cd/th/pre/i/2019/052/e/2/mercy_by_moni158-dd0bbek.png" height="200" width="141"/>            <media:content url="https://img00.deviantart.net/f4ac/i/2019/052/e/2/mercy_by_moni158-dd0bbek.png" height="849" width="600" medium="image"/>            
            <description>More old junk from last year&lt;br /&gt;&lt;br /&gt;Literal angel &amp;lt;3&lt;br /&gt;&lt;div&gt;&lt;img src=&quot;https://t00.deviantart.net/5F2RuBrueDwTrIGYlhIe9JWQJqE=/300x200/filters:fixed_height(100,100):origin()/pre00/14cd/th/pre/i/2019/052/e/2/mercy_by_moni158-dd0bbek.png&quot; alt=&quot;thumbnail&quot; /&gt;&lt;/div&gt;</description>            </item>
                    <item>
                <title>Jurassic Aftermath</title>
                <link>https://erikshoemaker.deviantart.com/art/Jurassic-Aftermath-786506615</link>
                <guid isPermaLink="true">https://erikshoemaker.deviantart.com/art/Jurassic-Aftermath-786506615</guid>
                <pubDate>Thu, 21 Feb 2019 01:00:05 PST</pubDate>
                        <media:title type="plain">Jurassic Aftermath</media:title>
        <media:keywords></media:keywords>
                        <media:rating>nonadult</media:rating>
                <media:category label="Sci-Fi">digitalart/mixedmed/scifi</media:category>
        <media:credit role="author" scheme="urn:ebu">ErikShoemaker</media:credit>
        <media:credit role="author" scheme="urn:ebu">https://a.deviantart.net/avatars/e/r/erikshoemaker.gif?4</media:credit>
        <media:copyright url="https://erikshoemaker.deviantart.com">Copyright 2019 ErikShoemaker</media:copyright>             <creativeCommons:license>http://creativecommons.org/licenses/by-nc-nd/3.0/</creativeCommons:license>
                <media:description type="html">Jurassic Aftermath - in a time following &quot;Jurassic Park&quot; and &quot;Jurassic World&quot;. &lt;br /&gt;One of two works I created for the Aurora Exibition III: Orange,&amp;nbsp;&lt;a class=&quot;external&quot; href=&quot;https://www.deviantart.com/users/outgoing?https://www.projectaurora.art/exhibition-iii-orange&quot;&gt;www.projectaurora.art/exhibiti&amp;hellip;&lt;/a&gt;&lt;br /&gt;&lt;br /&gt;The idea for this image was born when I discussed with (I believe it was him) &lt;span class=&quot;username-with-symbol u&quot;&gt;&lt;a class=&quot;u beta username&quot; href=&quot;https://www.deviantart.com/jaygraphixx&quot;&gt;JayGraphixx&lt;/a&gt;&lt;span class=&quot;user-symbol beta&quot; data-quicktip-text=&quot;Beta Tester&quot; data-show-tooltip=&quot;1&quot; data-gruser-type=&quot;beta&quot;&gt;&lt;/span&gt;&lt;/span&gt; about how in all the years on DA I never made a matte painting involving dinosaurs, although they generally fascinate me.&amp;nbsp;I tried a new technique I picked up for matching tones and levels and I&#039;m happy how &quot;realistic&quot; it turned out because of it, even though I used a lot of 3D material and plastic figures in the process. I also managed to sneak in a few pictures from my recent winter vacation. &lt;img src=&quot;https://e.deviantart.net/emoticons/l/lol.gif&quot; width=&quot;15&quot; height=&quot;15&quot; alt=&quot;:lol:&quot; data-embed-type=&quot;emoticon&quot; data-embed-id=&quot;384&quot; title=&quot;LOL&quot;/&gt;&lt;br /&gt;&lt;br /&gt;As always, thanks for stopping by &amp;amp; I hope you like it!&lt;br /&gt;Do check out the other amazing pieces of the Aurora exhibition! &lt;img src=&quot;https://e.deviantart.net/emoticons/s/smile.gif&quot; width=&quot;15&quot; height=&quot;15&quot; alt=&quot;:-)&quot; data-embed-type=&quot;emoticon&quot; data-embed-id=&quot;392&quot; title=&quot;:-) (Smile)&quot;/&gt;&lt;br /&gt;&lt;br /&gt;&lt;br /&gt;Thanks to:&lt;br /&gt;&lt;a href=&quot;http://fav.me/d2q7w4k&quot;&gt;dinosaur 24&lt;/a&gt;&amp;nbsp;by &lt;span class=&quot;username-with-symbol u&quot;&gt;&lt;a class=&quot;u regular username&quot; href=&quot;https://www.deviantart.com/jettstock&quot;&gt;jettstock&lt;/a&gt;&lt;span class=&quot;user-symbol regular&quot; data-quicktip-text=&quot;&quot; data-show-tooltip=&quot;&quot; data-gruser-type=&quot;regular&quot;&gt;&lt;/span&gt;&lt;/span&gt; |&amp;nbsp;&lt;a href=&quot;http://fav.me/d1c1f0b&quot;&gt;Dinosaur 2&lt;/a&gt;&amp;nbsp;by &lt;span class=&quot;username-with-symbol u&quot;&gt;&lt;a class=&quot;u regular username&quot; href=&quot;https://www.deviantart.com/qroot-stock&quot;&gt;qroot-stock&lt;/a&gt;&lt;span class=&quot;user-symbol regular&quot; data-quicktip-text=&quot;&quot; data-show-tooltip=&quot;&quot; data-gruser-type=&quot;regular&quot;&gt;&lt;/span&gt;&lt;/span&gt; |&amp;nbsp;&lt;a href=&quot;http://fav.me/d51qjx3&quot;&gt;Aucasaurus Running 01&lt;/a&gt;&amp;nbsp;and&amp;nbsp;&lt;a href=&quot;http://fav.me/d53689l&quot;&gt;Brachiosaurus_01&lt;/a&gt;&amp;nbsp;by &lt;span class=&quot;username-with-symbol u&quot;&gt;&lt;a class=&quot;u regular username&quot; href=&quot;https://www.deviantart.com/2ndecho&quot;&gt;2ndecho&lt;/a&gt;&lt;span class=&quot;user-symbol regular&quot; data-quicktip-text=&quot;&quot; data-show-tooltip=&quot;&quot; data-gruser-type=&quot;regular&quot;&gt;&lt;/span&gt;&lt;/span&gt; |&amp;nbsp;&lt;a href=&quot;http://fav.me/d595c86&quot;&gt;Denver Botanical Dinosaur 112&lt;/a&gt;&amp;nbsp;by &lt;span class=&quot;username-with-symbol u&quot;&gt;&lt;a class=&quot;u regular username&quot; href=&quot;https://www.deviantart.com/falln-stock&quot;&gt;Falln-Stock&lt;/a&gt;&lt;span class=&quot;user-symbol regular&quot; data-quicktip-text=&quot;&quot; data-show-tooltip=&quot;&quot; data-gruser-type=&quot;regular&quot;&gt;&lt;/span&gt;&lt;/span&gt; |&amp;nbsp;&lt;a href=&quot;http://fav.me/dc301bz&quot;&gt;Ruined Building png.&lt;/a&gt;&amp;nbsp;by &lt;span class=&quot;username-with-symbol u&quot;&gt;&lt;a class=&quot;u regular username&quot; href=&quot;https://www.deviantart.com/donkeysneakers&quot;&gt;DonkeySneakers&lt;/a&gt;&lt;span class=&quot;user-symbol regular&quot; data-quicktip-text=&quot;&quot; data-show-tooltip=&quot;&quot; data-gruser-type=&quot;regular&quot;&gt;&lt;/span&gt;&lt;/span&gt; |&amp;nbsp;&lt;a href=&quot;http://fav.me/d7o1blq&quot;&gt;UNRESTRICTED - Petal Rain 02&lt;/a&gt;&amp;nbsp;by &lt;span class=&quot;username-with-symbol u&quot;&gt;&lt;a class=&quot;u regular username&quot; href=&quot;https://www.deviantart.com/frozenstocks&quot;&gt;frozenstocks&lt;/a&gt;&lt;span class=&quot;user-symbol regular&quot; data-quicktip-text=&quot;&quot; data-show-tooltip=&quot;&quot; data-gruser-type=&quot;regular&quot;&gt;&lt;/span&gt;&lt;/span&gt; | other stock purchased from photobash.com, mattepaint.com or my own.</media:description>            <media:thumbnail url="https://t00.deviantart.net/_9UO3_8EdDhzsmIS-24FBRSSucc=/fit-in/150x150/filters:no_upscale():origin()/pre00/0fa4/th/pre/f/2019/051/5/e/jurassic_aftermath_by_erikshoemaker-dd09kdz.png" height="84" width="150"/>            <media:thumbnail url="https://t00.deviantart.net/Lyt-OJXQeLaXc3kxRatn8QQRopw=/fit-in/300x900/filters:no_upscale():origin()/pre00/0fa4/th/pre/f/2019/051/5/e/jurassic_aftermath_by_erikshoemaker-dd09kdz.png" height="169" width="300"/>            <media:thumbnail url="https://t00.deviantart.net/QAD5b4x_2jZyQdjLALdtE_VHj2o=/300x200/filters:fixed_height(100,100):origin()/pre00/0fa4/th/pre/f/2019/051/5/e/jurassic_aftermath_by_erikshoemaker-dd09kdz.png" height="169" width="300"/>            <media:content url="https://pre00.deviantart.net/0fa4/th/pre/f/2019/051/5/e/jurassic_aftermath_by_erikshoemaker-dd09kdz.png" height="670" width="1192" medium="image"/>            
            <description>Jurassic Aftermath - in a time following &quot;Jurassic Park&quot; and &quot;Jurassic World&quot;. &lt;br /&gt;One of two works I created for the Aurora Exibition III: Orange,&amp;nbsp;&lt;a class=&quot;external&quot; href=&quot;https://www.deviantart.com/users/outgoing?https://www.projectaurora.art/exhibition-iii-orange&quot;&gt;www.projectaurora.art/exhibiti&amp;hellip;&lt;/a&gt;&lt;br /&gt;&lt;br /&gt;The idea for this image was born when I discussed with (I believe it was him) &lt;span class=&quot;username-with-symbol u&quot;&gt;&lt;a class=&quot;u beta username&quot; href=&quot;https://www.deviantart.com/jaygraphixx&quot;&gt;JayGraphixx&lt;/a&gt;&lt;span class=&quot;user-symbol beta&quot; data-quicktip-text=&quot;Beta Tester&quot; data-show-tooltip=&quot;1&quot; data-gruser-type=&quot;beta&quot;&gt;&lt;/span&gt;&lt;/span&gt; about how in all the years on DA I never made a matte painting involving dinosaurs, although they generally fascinate me.&amp;nbsp;I tried a new technique I picked up for matching tones and levels and I&#039;m happy how &quot;realistic&quot; it turned out because of it, even though I used a lot of 3D material and plastic figures in the process. I also managed to sneak in a few pictures from my recent winter vacation. &lt;img src=&quot;https://e.deviantart.net/emoticons/l/lol.gif&quot; width=&quot;15&quot; height=&quot;15&quot; alt=&quot;:lol:&quot; data-embed-type=&quot;emoticon&quot; data-embed-id=&quot;384&quot; title=&quot;LOL&quot;/&gt;&lt;br /&gt;&lt;br /&gt;As always, thanks for stopping by &amp;amp; I hope you like it!&lt;br /&gt;Do check out the other amazing pieces of the Aurora exhibition! &lt;img src=&quot;https://e.deviantart.net/emoticons/s/smile.gif&quot; width=&quot;15&quot; height=&quot;15&quot; alt=&quot;:-)&quot; data-embed-type=&quot;emoticon&quot; data-embed-id=&quot;392&quot; title=&quot;:-) (Smile)&quot;/&gt;&lt;br /&gt;&lt;br /&gt;&lt;br /&gt;Thanks to:&lt;br /&gt;&lt;a href=&quot;http://fav.me/d2q7w4k&quot;&gt;dinosaur 24&lt;/a&gt;&amp;nbsp;by &lt;span class=&quot;username-with-symbol u&quot;&gt;&lt;a class=&quot;u regular username&quot; href=&quot;https://www.deviantart.com/jettstock&quot;&gt;jettstock&lt;/a&gt;&lt;span class=&quot;user-symbol regular&quot; data-quicktip-text=&quot;&quot; data-show-tooltip=&quot;&quot; data-gruser-type=&quot;regular&quot;&gt;&lt;/span&gt;&lt;/span&gt; |&amp;nbsp;&lt;a href=&quot;http://fav.me/d1c1f0b&quot;&gt;Dinosaur 2&lt;/a&gt;&amp;nbsp;by &lt;span class=&quot;username-with-symbol u&quot;&gt;&lt;a class=&quot;u regular username&quot; href=&quot;https://www.deviantart.com/qroot-stock&quot;&gt;qroot-stock&lt;/a&gt;&lt;span class=&quot;user-symbol regular&quot; data-quicktip-text=&quot;&quot; data-show-tooltip=&quot;&quot; data-gruser-type=&quot;regular&quot;&gt;&lt;/span&gt;&lt;/span&gt; |&amp;nbsp;&lt;a href=&quot;http://fav.me/d51qjx3&quot;&gt;Aucasaurus Running 01&lt;/a&gt;&amp;nbsp;and&amp;nbsp;&lt;a href=&quot;http://fav.me/d53689l&quot;&gt;Brachiosaurus_01&lt;/a&gt;&amp;nbsp;by &lt;span class=&quot;username-with-symbol u&quot;&gt;&lt;a class=&quot;u regular username&quot; href=&quot;https://www.deviantart.com/2ndecho&quot;&gt;2ndecho&lt;/a&gt;&lt;span class=&quot;user-symbol regular&quot; data-quicktip-text=&quot;&quot; data-show-tooltip=&quot;&quot; data-gruser-type=&quot;regular&quot;&gt;&lt;/span&gt;&lt;/span&gt; |&amp;nbsp;&lt;a href=&quot;http://fav.me/d595c86&quot;&gt;Denver Botanical Dinosaur 112&lt;/a&gt;&amp;nbsp;by &lt;span class=&quot;username-with-symbol u&quot;&gt;&lt;a class=&quot;u regular username&quot; href=&quot;https://www.deviantart.com/falln-stock&quot;&gt;Falln-Stock&lt;/a&gt;&lt;span class=&quot;user-symbol regular&quot; data-quicktip-text=&quot;&quot; data-show-tooltip=&quot;&quot; data-gruser-type=&quot;regular&quot;&gt;&lt;/span&gt;&lt;/span&gt; |&amp;nbsp;&lt;a href=&quot;http://fav.me/dc301bz&quot;&gt;Ruined Building png.&lt;/a&gt;&amp;nbsp;by &lt;span class=&quot;username-with-symbol u&quot;&gt;&lt;a class=&quot;u regular username&quot; href=&quot;https://www.deviantart.com/donkeysneakers&quot;&gt;DonkeySneakers&lt;/a&gt;&lt;span class=&quot;user-symbol regular&quot; data-quicktip-text=&quot;&quot; data-show-tooltip=&quot;&quot; data-gruser-type=&quot;regular&quot;&gt;&lt;/span&gt;&lt;/span&gt; |&amp;nbsp;&lt;a href=&quot;http://fav.me/d7o1blq&quot;&gt;UNRESTRICTED - Petal Rain 02&lt;/a&gt;&amp;nbsp;by &lt;span class=&quot;username-with-symbol u&quot;&gt;&lt;a class=&quot;u regular username&quot; href=&quot;https://www.deviantart.com/frozenstocks&quot;&gt;frozenstocks&lt;/a&gt;&lt;span class=&quot;user-symbol regular&quot; data-quicktip-text=&quot;&quot; data-show-tooltip=&quot;&quot; data-gruser-type=&quot;regular&quot;&gt;&lt;/span&gt;&lt;/span&gt; | other stock purchased from photobash.com, mattepaint.com or my own.&lt;br /&gt;&lt;div&gt;&lt;img src=&quot;https://t00.deviantart.net/QAD5b4x_2jZyQdjLALdtE_VHj2o=/300x200/filters:fixed_height(100,100):origin()/pre00/0fa4/th/pre/f/2019/051/5/e/jurassic_aftermath_by_erikshoemaker-dd09kdz.png&quot; alt=&quot;thumbnail&quot; /&gt;&lt;/div&gt;</description>            </item>
                    <item>
                <title>Climb, reach the summit, and climb again</title>
                <link>https://anatofinnstark.deviantart.com/art/Climb-reach-the-summit-and-climb-again-786597331</link>
                <guid isPermaLink="true">https://anatofinnstark.deviantart.com/art/Climb-reach-the-summit-and-climb-again-786597331</guid>
                <pubDate>Thu, 21 Feb 2019 04:42:15 PST</pubDate>
                        <media:title type="plain">Climb, reach the summit, and climb again</media:title>
        <media:keywords></media:keywords>
                        <media:rating>nonadult</media:rating>
                <media:category label="Fantasy">digitalart/paintings/fantasy</media:category>
        <media:credit role="author" scheme="urn:ebu">AnatoFinnstark</media:credit>
        <media:credit role="author" scheme="urn:ebu">https://a.deviantart.net/avatars/a/n/anatofinnstark.jpg?6</media:credit>
        <media:copyright url="https://anatofinnstark.deviantart.com">Copyright 2019 AnatoFinnstark</media:copyright>            <media:description type="html">&lt;div align=&quot;-webkit-center&quot;&gt;&lt;b&gt;Speepaint 2h&lt;br /&gt;&lt;br /&gt;&lt;/b&gt;&lt;/div&gt;&lt;div align=&quot;-webkit-center&quot;&gt;Hey ! I have TWITTER now ! You can follow me here :&amp;nbsp;&lt;a class=&quot;external&quot; href=&quot;https://www.deviantart.com/users/outgoing?https://twitter.com/AFinnstark&quot;&gt;twitter.com/AFinnstark&lt;/a&gt;&lt;/div&gt;&lt;div align=&quot;-webkit-center&quot;&gt;&lt;a href=&quot;https://www.deviantart.com/users/outgoing?https://www.facebook.com/finnstarkillustration/&quot;&gt;&lt;/a&gt;&lt;a href=&quot;https://www.deviantart.com/blackoutdotexe/art/Dark-Souls-Sir-Alonne-shake-Katana-536988165&quot; class=&quot;emoticon&quot; data-embed-type=&quot;emoticon&quot; data-embed-id=&quot;536988165&quot; data-embed-profile=&quot;deviation&quot;&gt;&lt;img src=&quot;https://orig00.deviantart.net/bf71/f/2015/153/0/d/dark_souls___sir_alonne_shake_katana_by_blackoutdotexe-d8vpipx.gif&quot; alt=&quot;Dark Souls - Sir Alonne shake Katana&quot; style=&quot;width:50px;height:50px&quot;&gt;&lt;/a&gt;&amp;nbsp;&amp;nbsp;&amp;nbsp;&lt;/div&gt;&lt;div&gt;&lt;div align=&quot;center&quot;&gt;&lt;b&gt;MY PATREON :&amp;nbsp;&lt;a class=&quot;external&quot; href=&quot;https://www.deviantart.com/users/outgoing?https://www.patreon.com/anatofinnstark&quot;&gt;www.patreon.com/anatofinnstark&lt;/a&gt;&lt;/b&gt;&lt;/div&gt;&lt;b&gt;&lt;/b&gt;&lt;b&gt;&lt;div align=&quot;center&quot;&gt;&lt;br /&gt;&lt;/div&gt;&lt;/b&gt;&lt;div align=&quot;center&quot;&gt;&lt;br /&gt;&lt;/div&gt;&lt;div align=&quot;center&quot;&gt;&lt;b&gt;&lt;div align=&quot;center&quot;&gt;&lt;div align=&quot;-webkit-center&quot;&gt;&lt;a class=&quot;external&quot; href=&quot;https://www.deviantart.com/users/outgoing?https://www.facebook.com/finnstarkillustration/&quot;&gt;&amp;nbsp;FACEBOOK&lt;/a&gt;&lt;/div&gt;&lt;/div&gt;&lt;/b&gt;&amp;nbsp;&lt;a class=&quot;external&quot; href=&quot;https://www.deviantart.com/users/outgoing?https://host-grin.tumblr.com/&quot;&gt;TUMBLR&lt;/a&gt;&amp;nbsp;&lt;a class=&quot;external&quot; href=&quot;https://www.deviantart.com/users/outgoing?https://www.instagram.com/anatofinnstark/&quot;&gt;&amp;nbsp;INSTAGRAM&amp;nbsp;&lt;/a&gt;&amp;nbsp;&lt;a class=&quot;external&quot; href=&quot;https://www.deviantart.com/users/outgoing?https://www.artstation.com/artist/anto-finnstark&quot;&gt;ARTSTATION&lt;/a&gt;&amp;nbsp;&amp;nbsp;&lt;a class=&quot;external&quot; href=&quot;https://www.deviantart.com/users/outgoing?https://drawcrowd.com/finnstarkillustration&quot;&gt;DRAWCROWD&amp;nbsp;&lt;/a&gt;&amp;nbsp;&amp;nbsp;&amp;nbsp;&lt;a class=&quot;external&quot; href=&quot;https://www.deviantart.com/users/outgoing?https://society6.com/anatofinnstark&quot;&gt;Print Marketplace&amp;#128261;&amp;nbsp;&lt;/a&gt;&amp;nbsp;&lt;a class=&quot;external&quot; href=&quot;https://www.deviantart.com/users/outgoing?https://gumroad.com/anatofinnstark&quot;&gt;Wallpaperma&lt;/a&gt;&lt;/div&gt;&lt;/div&gt;</media:description>            <media:thumbnail url="https://t00.deviantart.net/wrcdHfLhBZXdrcKuVULeZAarPxE=/fit-in/150x150/filters:no_upscale():origin()/pre00/0a6f/th/pre/i/2019/052/b/f/climb__reach_the_summit__and_climb_again_by_anatofinnstark-dd0bidv.png" height="150" width="104"/>            <media:thumbnail url="https://t00.deviantart.net/uEFI1Lk-6wwbN-tB42iym_Qee_c=/fit-in/300x900/filters:no_upscale():origin()/pre00/0a6f/th/pre/i/2019/052/b/f/climb__reach_the_summit__and_climb_again_by_anatofinnstark-dd0bidv.png" height="434" width="300"/>            <media:thumbnail url="https://t00.deviantart.net/Y2lkZXkCZUHIhWRF7sMWetTE49M=/300x200/filters:fixed_height(100,100):origin()/pre00/0a6f/th/pre/i/2019/052/b/f/climb__reach_the_summit__and_climb_again_by_anatofinnstark-dd0bidv.png" height="200" width="138"/>            <media:content url="https://pre00.deviantart.net/0a6f/th/pre/i/2019/052/b/f/climb__reach_the_summit__and_climb_again_by_anatofinnstark-dd0bidv.png" height="1075" width="744" medium="image"/>            
            <description>&lt;div align=&quot;-webkit-center&quot;&gt;&lt;b&gt;Speepaint 2h&lt;br /&gt;&lt;br /&gt;&lt;/b&gt;&lt;/div&gt;&lt;div align=&quot;-webkit-center&quot;&gt;Hey ! I have TWITTER now ! You can follow me here :&amp;nbsp;&lt;a class=&quot;external&quot; href=&quot;https://www.deviantart.com/users/outgoing?https://twitter.com/AFinnstark&quot;&gt;twitter.com/AFinnstark&lt;/a&gt;&lt;/div&gt;&lt;div align=&quot;-webkit-center&quot;&gt;&lt;a href=&quot;https://www.deviantart.com/users/outgoing?https://www.facebook.com/finnstarkillustration/&quot;&gt;&lt;/a&gt;&lt;a href=&quot;https://www.deviantart.com/blackoutdotexe/art/Dark-Souls-Sir-Alonne-shake-Katana-536988165&quot; class=&quot;emoticon&quot; data-embed-type=&quot;emoticon&quot; data-embed-id=&quot;536988165&quot; data-embed-profile=&quot;deviation&quot;&gt;&lt;img src=&quot;https://orig00.deviantart.net/bf71/f/2015/153/0/d/dark_souls___sir_alonne_shake_katana_by_blackoutdotexe-d8vpipx.gif&quot; alt=&quot;Dark Souls - Sir Alonne shake Katana&quot; style=&quot;width:50px;height:50px&quot;&gt;&lt;/a&gt;&amp;nbsp;&amp;nbsp;&amp;nbsp;&lt;/div&gt;&lt;div&gt;&lt;div align=&quot;center&quot;&gt;&lt;b&gt;MY PATREON :&amp;nbsp;&lt;a class=&quot;external&quot; href=&quot;https://www.deviantart.com/users/outgoing?https://www.patreon.com/anatofinnstark&quot;&gt;www.patreon.com/anatofinnstark&lt;/a&gt;&lt;/b&gt;&lt;/div&gt;&lt;b&gt;&lt;/b&gt;&lt;b&gt;&lt;div align=&quot;center&quot;&gt;&lt;br /&gt;&lt;/div&gt;&lt;/b&gt;&lt;div align=&quot;center&quot;&gt;&lt;br /&gt;&lt;/div&gt;&lt;div align=&quot;center&quot;&gt;&lt;b&gt;&lt;div align=&quot;center&quot;&gt;&lt;div align=&quot;-webkit-center&quot;&gt;&lt;a class=&quot;external&quot; href=&quot;https://www.deviantart.com/users/outgoing?https://www.facebook.com/finnstarkillustration/&quot;&gt;&amp;nbsp;FACEBOOK&lt;/a&gt;&lt;/div&gt;&lt;/div&gt;&lt;/b&gt;&amp;nbsp;&lt;a class=&quot;external&quot; href=&quot;https://www.deviantart.com/users/outgoing?https://host-grin.tumblr.com/&quot;&gt;TUMBLR&lt;/a&gt;&amp;nbsp;&lt;a class=&quot;external&quot; href=&quot;https://www.deviantart.com/users/outgoing?https://www.instagram.com/anatofinnstark/&quot;&gt;&amp;nbsp;INSTAGRAM&amp;nbsp;&lt;/a&gt;&amp;nbsp;&lt;a class=&quot;external&quot; href=&quot;https://www.deviantart.com/users/outgoing?https://www.artstation.com/artist/anto-finnstark&quot;&gt;ARTSTATION&lt;/a&gt;&amp;nbsp;&amp;nbsp;&lt;a class=&quot;external&quot; href=&quot;https://www.deviantart.com/users/outgoing?https://drawcrowd.com/finnstarkillustration&quot;&gt;DRAWCROWD&amp;nbsp;&lt;/a&gt;&amp;nbsp;&amp;nbsp;&amp;nbsp;&lt;a class=&quot;external&quot; href=&quot;https://www.deviantart.com/users/outgoing?https://society6.com/anatofinnstark&quot;&gt;Print Marketplace&amp;#128261;&amp;nbsp;&lt;/a&gt;&amp;nbsp;&lt;a class=&quot;external&quot; href=&quot;https://www.deviantart.com/users/outgoing?https://gumroad.com/anatofinnstark&quot;&gt;Wallpaperma&lt;/a&gt;&lt;/div&gt;&lt;/div&gt;&lt;br /&gt;&lt;div&gt;&lt;img src=&quot;https://t00.deviantart.net/Y2lkZXkCZUHIhWRF7sMWetTE49M=/300x200/filters:fixed_height(100,100):origin()/pre00/0a6f/th/pre/i/2019/052/b/f/climb__reach_the_summit__and_climb_again_by_anatofinnstark-dd0bidv.png&quot; alt=&quot;thumbnail&quot; /&gt;&lt;/div&gt;</description>            </item>
                    <item>
                <title>Eclipse | Speedpaint</title>
                <link>https://martith.deviantart.com/art/Eclipse-Speedpaint-786604752</link>
                <guid isPermaLink="true">https://martith.deviantart.com/art/Eclipse-Speedpaint-786604752</guid>
                <pubDate>Thu, 21 Feb 2019 06:29:39 PST</pubDate>
                        <media:title type="plain">Eclipse | Speedpaint</media:title>
        <media:keywords></media:keywords>
                        <media:rating>nonadult</media:rating>
                <media:category label="Animals">digitalart/paintings/animals</media:category>
        <media:credit role="author" scheme="urn:ebu">Martith</media:credit>
        <media:credit role="author" scheme="urn:ebu">https://a.deviantart.net/avatars/m/a/martith.gif?10</media:credit>
        <media:copyright url="https://martith.deviantart.com">Copyright 2019 Martith</media:copyright>
            <media:community>
                <media:tags>@martith_art</media:tags>
            </media:community>            <media:description type="html">&lt;div align=&quot;center&quot;&gt;&lt;div align=&quot;-webkit-center&quot;&gt;&lt;sub&gt;My little black angel. Gu.&amp;nbsp;&lt;br /&gt;&lt;br /&gt;&lt;/sub&gt;&lt;sub&gt;&lt;i&gt;You taught me the courage of stars before you left&amp;nbsp;&lt;br /&gt;How light carries on endlessly, even after death&amp;nbsp;&lt;br /&gt;With shortness of breath, you explained the infinite&amp;nbsp;&lt;br /&gt;How rare and beautiful it is to even exist&lt;/i&gt;&lt;/sub&gt;&lt;sub&gt;&lt;br /&gt;&lt;br /&gt;I wanted this particular song to be used here, because when I came back from Poland after a month, Gu seemed to be more loving towards my boyfriend and it hurt me that he does not come to me for purrs and cuddles. One day, I was showing my bf the song &lt;i&gt;Saturn &lt;/i&gt;by Sleeping At Last, and somewhere around half of the song Gu came and lied down on my chest, purring. He licked my chin and soon after, he fell asleep. It was 7th of February. He kept coming to me couple of more times since.&lt;br /&gt;&lt;br /&gt;On 11th of February he left us. Forever.&lt;/sub&gt;&lt;sub&gt;&lt;br /&gt;&lt;/sub&gt;&lt;br /&gt;&lt;span class=&quot;shadow-holder&quot; data-embed-type=&quot;deviation&quot; data-embed-id=&quot;344489542&quot; data-embed-format=&quot;thumb&quot;&gt;&lt;span class=&quot;shadow mild&quot; &gt;&lt;a class=&quot;thumb&quot; href=&quot;https://www.deviantart.com/gasara/art/Candle-Mini-Pixel-344489542&quot; title=&quot;Candle Mini Pixel by Gasara, Dec 24, 2012 in Scraps&quot;        data-sigil=&quot;thumb&quot;&gt;
        &lt;i&gt;&lt;/i&gt;&lt;img   width=&quot;11&quot; height=&quot;23&quot; alt=&quot;Candle Mini Pixel by Gasara&quot; src=&quot;https://orig00.deviantart.net/32c7/f/2012/359/d/b/candle_mini_pixel_by_gasara-d5p3lty.gif&quot; data-src=&quot;https://orig00.deviantart.net/32c7/f/2012/359/d/b/candle_mini_pixel_by_gasara-d5p3lty.gif&quot; srcset=&quot;https://orig00.deviantart.net/32c7/f/2012/359/d/b/candle_mini_pixel_by_gasara-d5p3lty.gif 11w&quot; sizes=&quot;11px&quot;&gt;&lt;/a&gt;&lt;/span&gt;&lt;!-- ^TTT --&gt;&lt;!-- TTT$ --&gt;&lt;/span&gt;&amp;nbsp;&lt;a href=&quot;https://www.deviantart.com/thefearlesshobo/art/paw-black-748881114&quot; class=&quot;emoticon&quot; data-embed-type=&quot;emoticon&quot; data-embed-id=&quot;748881114&quot; data-embed-profile=&quot;deviation&quot;&gt;&lt;img src=&quot;https://images-wixmp-ed30a86b8c4ca887773594c2.wixmp.com/intermediary/f/e918a95a-fa2c-4018-9af7-3e295c8e441b/dcdv4d6-eba7fcfd-5427-4e81-95a6-12cde426f811.png&quot; alt=&quot;paw_black&quot; style=&quot;width:13px;height:14px&quot;&gt;&lt;/a&gt;&amp;nbsp;&lt;span class=&quot;shadow-holder&quot; data-embed-type=&quot;deviation&quot; data-embed-id=&quot;344489542&quot; data-embed-format=&quot;thumb&quot;&gt;&lt;span class=&quot;shadow mild&quot; &gt;&lt;a class=&quot;thumb&quot; href=&quot;https://www.deviantart.com/gasara/art/Candle-Mini-Pixel-344489542&quot; title=&quot;Candle Mini Pixel by Gasara, Dec 24, 2012 in Scraps&quot;        data-sigil=&quot;thumb&quot;&gt;
        &lt;i&gt;&lt;/i&gt;&lt;img   width=&quot;11&quot; height=&quot;23&quot; alt=&quot;Candle Mini Pixel by Gasara&quot; src=&quot;https://orig00.deviantart.net/32c7/f/2012/359/d/b/candle_mini_pixel_by_gasara-d5p3lty.gif&quot; data-src=&quot;https://orig00.deviantart.net/32c7/f/2012/359/d/b/candle_mini_pixel_by_gasara-d5p3lty.gif&quot; srcset=&quot;https://orig00.deviantart.net/32c7/f/2012/359/d/b/candle_mini_pixel_by_gasara-d5p3lty.gif 11w&quot; sizes=&quot;11px&quot;&gt;&lt;/a&gt;&lt;/span&gt;&lt;!-- ^TTT --&gt;&lt;!-- TTT$ --&gt;&lt;/span&gt;&lt;br /&gt;&lt;span&gt;&lt;br /&gt;&lt;/span&gt;&lt;a href=&quot;https://www.deviantart.com/linux-rules/art/Youtube-2017-Icon-701866922&quot; class=&quot;emoticon&quot; data-embed-type=&quot;emoticon&quot; data-embed-id=&quot;701866922&quot; data-embed-profile=&quot;deviation&quot;&gt;&lt;img src=&quot;https://images-wixmp-ed30a86b8c4ca887773594c2.wixmp.com/intermediary/f/25e46574-05d5-4425-916d-e5292bb066ac/dblvfze-dfe748fe-f9f5-4172-9899-febebe5b2959.png&quot; alt=&quot;Youtube (2017) Icon&quot; style=&quot;width:50px;height:50px&quot;&gt;&lt;/a&gt;&lt;br /&gt;&lt;b&gt;&lt;span class=&quot;shadow-holder&quot; data-embed-type=&quot;deviation&quot; data-embed-id=&quot;722860048&quot; data-embed-format=&quot;thumb&quot;&gt;&lt;span class=&quot;shadow mild&quot; &gt;&lt;a class=&quot;thumb&quot; href=&quot;https://www.deviantart.com/meow-lord/art/Flapping-Wing-V-2-F2U-722860048&quot; title=&quot;Flapping Wing V.2 [F2U] by Meow-Lord, Dec 30, 2017 in Digital Art &amp;gt; Pixel Art &amp;gt; Objects &amp;gt; Non-Isometric&quot;        data-sigil=&quot;thumb&quot;&gt;
        &lt;i&gt;&lt;/i&gt;&lt;img   width=&quot;25&quot; height=&quot;25&quot; alt=&quot;Flapping Wing V.2 [F2U] by Meow-Lord&quot; src=&quot;https://orig00.deviantart.net/a0d4/f/2017/364/2/5/flapping_wing_v_2__f2u__by_meow_lord-dbydeds.gif&quot; data-src=&quot;https://orig00.deviantart.net/a0d4/f/2017/364/2/5/flapping_wing_v_2__f2u__by_meow_lord-dbydeds.gif&quot; srcset=&quot;https://orig00.deviantart.net/a0d4/f/2017/364/2/5/flapping_wing_v_2__f2u__by_meow_lord-dbydeds.gif 25w&quot; sizes=&quot;25px&quot;&gt;&lt;/a&gt;&lt;/span&gt;&lt;!-- ^TTT --&gt;&lt;!-- TTT$ --&gt;&lt;/span&gt;&amp;nbsp;&lt;a class=&quot;external&quot; href=&quot;https://www.deviantart.com/users/outgoing?https://www.youtube.com/watch?v=dLhI3d5EFfA&quot;&gt;&lt;b&gt;speedpaint&lt;/b&gt;&lt;/a&gt;.&lt;span&gt;&amp;nbsp;&lt;/span&gt;&lt;span class=&quot;shadow-holder&quot; data-embed-type=&quot;deviation&quot; data-embed-id=&quot;722859629&quot; data-embed-format=&quot;thumb&quot;&gt;&lt;span class=&quot;shadow mild&quot; &gt;&lt;a class=&quot;thumb&quot; href=&quot;https://www.deviantart.com/meow-lord/art/Flapping-Wing-V-2-F2U-722859629&quot; title=&quot;Flapping Wing V.2 [F2U] by Meow-Lord, Dec 30, 2017 in Digital Art &amp;gt; Pixel Art &amp;gt; Other &amp;gt; Non-Isometric&quot;        data-sigil=&quot;thumb&quot;&gt;
        &lt;i&gt;&lt;/i&gt;&lt;img   width=&quot;25&quot; height=&quot;25&quot; alt=&quot;Flapping Wing V.2 [F2U] by Meow-Lord&quot; src=&quot;https://orig00.deviantart.net/5487/f/2017/364/2/6/flapping_wing_v_2__f2u__by_meow_lord-dbyde25.gif&quot; data-src=&quot;https://orig00.deviantart.net/5487/f/2017/364/2/6/flapping_wing_v_2__f2u__by_meow_lord-dbyde25.gif&quot; srcset=&quot;https://orig00.deviantart.net/5487/f/2017/364/2/6/flapping_wing_v_2__f2u__by_meow_lord-dbyde25.gif 25w&quot; sizes=&quot;25px&quot;&gt;&lt;/a&gt;&lt;/span&gt;&lt;!-- ^TTT --&gt;&lt;!-- TTT$ --&gt;&lt;/span&gt;&lt;/b&gt;&lt;br /&gt;&lt;br /&gt;&lt;b&gt;Also, please check out the original creator of the cover I&#039;ve used in the video. &lt;br /&gt;He&#039;s a very, very talented artist and it&#039;s a shame he has a little over 150 subscribers &lt;u&gt;only.&lt;br /&gt;&lt;/u&gt;&lt;br /&gt;&lt;b&gt;&lt;a class=&quot;external&quot; href=&quot;https://www.deviantart.com/users/outgoing?https://www.youtube.com/watch?v=RMygTkCVkqo&quot;&gt;&lt;b&gt;Moore Cover - Sleeping At Last // Saturn&lt;/b&gt;&lt;/a&gt;&lt;br /&gt;&lt;/b&gt;&lt;br /&gt;&lt;/b&gt;&lt;/div&gt;&lt;div align=&quot;-webkit-center&quot;&gt;&lt;span class=&quot;shadow-holder&quot; data-embed-type=&quot;deviation&quot; data-embed-id=&quot;519649915&quot; data-embed-format=&quot;thumb&quot;&gt;&lt;span class=&quot;shadow mild&quot; &gt;&lt;a class=&quot;thumb&quot; href=&quot;https://www.deviantart.com/piijenius/art/thank-you-stamp-519649915&quot; title=&quot;thank you! stamp by piijenius, Mar 12, 2015 in DeviantArt Related &amp;gt; Deviant Stamps&quot;        data-sigil=&quot;thumb&quot;&gt;
        &lt;i&gt;&lt;/i&gt;&lt;img   width=&quot;99&quot; height=&quot;57&quot; alt=&quot;thank you! stamp by piijenius&quot; src=&quot;https://orig00.deviantart.net/6d93/f/2015/071/a/e/thank_you__stamp_by_piijenius-d8ldwfv.gif&quot; data-src=&quot;https://orig00.deviantart.net/6d93/f/2015/071/a/e/thank_you__stamp_by_piijenius-d8ldwfv.gif&quot; srcset=&quot;https://orig00.deviantart.net/6d93/f/2015/071/a/e/thank_you__stamp_by_piijenius-d8ldwfv.gif 99w&quot; sizes=&quot;99px&quot;&gt;&lt;/a&gt;&lt;/span&gt;&lt;!-- ^TTT --&gt;&lt;!-- TTT$ --&gt;&lt;/span&gt;&lt;span class=&quot;shadow-holder&quot; data-embed-type=&quot;deviation&quot; data-embed-id=&quot;158776694&quot; data-embed-format=&quot;thumb&quot;&gt;&lt;span class=&quot;shadow mild&quot; &gt;&lt;a class=&quot;thumb&quot; href=&quot;https://www.deviantart.com/liquidkrystal/art/Sorry-if-I-don-t-reply-Stamp-158776694&quot; title=&quot;Sorry if I don&amp;#039;t reply Stamp by LiquidKrystal, Mar 28, 2010 in DeviantArt Related &amp;gt; Deviant Stamps&quot;        data-sigil=&quot;thumb&quot;&gt;
        &lt;i&gt;&lt;/i&gt;&lt;img   width=&quot;99&quot; height=&quot;56&quot; alt=&quot;Sorry if I don&amp;#039;t reply Stamp by LiquidKrystal&quot; src=&quot;https://orig00.deviantart.net/77c5/f/2010/087/a/3/sorry_if_i_don__t_reply_stamp_by_liquidkrystal.gif&quot; data-src=&quot;https://orig00.deviantart.net/77c5/f/2010/087/a/3/sorry_if_i_don__t_reply_stamp_by_liquidkrystal.gif&quot; srcset=&quot;https://orig00.deviantart.net/77c5/f/2010/087/a/3/sorry_if_i_don__t_reply_stamp_by_liquidkrystal.gif 99w&quot; sizes=&quot;99px&quot;&gt;&lt;/a&gt;&lt;/span&gt;&lt;!-- ^TTT --&gt;&lt;!-- TTT$ --&gt;&lt;/span&gt;&lt;/div&gt;&lt;/div&gt;</media:description>            <media:thumbnail url="https://t00.deviantart.net/9n1J7FSXrh0qkZOJSrOgAGT0tLE=/fit-in/150x150/filters:no_upscale():origin()/pre00/2950/th/pre/i/2019/052/6/0/eclipse___speedpaint_by_martith-dd0bo40.png" height="106" width="150"/>            <media:thumbnail url="https://t00.deviantart.net/gZ8Ls3Cx3dTDhff3s2JZIq5CWi4=/fit-in/300x900/filters:no_upscale():origin()/pre00/2950/th/pre/i/2019/052/6/0/eclipse___speedpaint_by_martith-dd0bo40.png" height="212" width="300"/>            <media:thumbnail url="https://t00.deviantart.net/27bKdYlq5I3n9Yk2Cq6t5EY8KSE=/300x200/filters:fixed_height(100,100):origin()/pre00/2950/th/pre/i/2019/052/6/0/eclipse___speedpaint_by_martith-dd0bo40.png" height="200" width="283"/>            <media:content url="https://pre00.deviantart.net/2950/th/pre/i/2019/052/6/0/eclipse___speedpaint_by_martith-dd0bo40.png" height="752" width="1063" medium="image"/>            
            <description>&lt;div align=&quot;center&quot;&gt;&lt;div align=&quot;-webkit-center&quot;&gt;&lt;sub&gt;My little black angel. Gu.&amp;nbsp;&lt;br /&gt;&lt;br /&gt;&lt;/sub&gt;&lt;sub&gt;&lt;i&gt;You taught me the courage of stars before you left&amp;nbsp;&lt;br /&gt;How light carries on endlessly, even after death&amp;nbsp;&lt;br /&gt;With shortness of breath, you explained the infinite&amp;nbsp;&lt;br /&gt;How rare and beautiful it is to even exist&lt;/i&gt;&lt;/sub&gt;&lt;sub&gt;&lt;br /&gt;&lt;br /&gt;I wanted this particular song to be used here, because when I came back from Poland after a month, Gu seemed to be more loving towards my boyfriend and it hurt me that he does not come to me for purrs and cuddles. One day, I was showing my bf the song &lt;i&gt;Saturn &lt;/i&gt;by Sleeping At Last, and somewhere around half of the song Gu came and lied down on my chest, purring. He licked my chin and soon after, he fell asleep. It was 7th of February. He kept coming to me couple of more times since.&lt;br /&gt;&lt;br /&gt;On 11th of February he left us. Forever.&lt;/sub&gt;&lt;sub&gt;&lt;br /&gt;&lt;/sub&gt;&lt;br /&gt;&lt;span class=&quot;shadow-holder&quot; data-embed-type=&quot;deviation&quot; data-embed-id=&quot;344489542&quot; data-embed-format=&quot;thumb&quot;&gt;&lt;span class=&quot;shadow mild&quot; &gt;&lt;a class=&quot;thumb&quot; href=&quot;https://www.deviantart.com/gasara/art/Candle-Mini-Pixel-344489542&quot; title=&quot;Candle Mini Pixel by Gasara, Dec 24, 2012 in Scraps&quot;        data-sigil=&quot;thumb&quot;&gt;
        &lt;i&gt;&lt;/i&gt;&lt;img   width=&quot;11&quot; height=&quot;23&quot; alt=&quot;Candle Mini Pixel by Gasara&quot; src=&quot;https://orig00.deviantart.net/32c7/f/2012/359/d/b/candle_mini_pixel_by_gasara-d5p3lty.gif&quot; data-src=&quot;https://orig00.deviantart.net/32c7/f/2012/359/d/b/candle_mini_pixel_by_gasara-d5p3lty.gif&quot; srcset=&quot;https://orig00.deviantart.net/32c7/f/2012/359/d/b/candle_mini_pixel_by_gasara-d5p3lty.gif 11w&quot; sizes=&quot;11px&quot;&gt;&lt;/a&gt;&lt;/span&gt;&lt;!-- ^TTT --&gt;&lt;!-- TTT$ --&gt;&lt;/span&gt;&amp;nbsp;&lt;a href=&quot;https://www.deviantart.com/thefearlesshobo/art/paw-black-748881114&quot; class=&quot;emoticon&quot; data-embed-type=&quot;emoticon&quot; data-embed-id=&quot;748881114&quot; data-embed-profile=&quot;deviation&quot;&gt;&lt;img src=&quot;https://images-wixmp-ed30a86b8c4ca887773594c2.wixmp.com/intermediary/f/e918a95a-fa2c-4018-9af7-3e295c8e441b/dcdv4d6-eba7fcfd-5427-4e81-95a6-12cde426f811.png&quot; alt=&quot;paw_black&quot; style=&quot;width:13px;height:14px&quot;&gt;&lt;/a&gt;&amp;nbsp;&lt;span class=&quot;shadow-holder&quot; data-embed-type=&quot;deviation&quot; data-embed-id=&quot;344489542&quot; data-embed-format=&quot;thumb&quot;&gt;&lt;span class=&quot;shadow mild&quot; &gt;&lt;a class=&quot;thumb&quot; href=&quot;https://www.deviantart.com/gasara/art/Candle-Mini-Pixel-344489542&quot; title=&quot;Candle Mini Pixel by Gasara, Dec 24, 2012 in Scraps&quot;        data-sigil=&quot;thumb&quot;&gt;
        &lt;i&gt;&lt;/i&gt;&lt;img   width=&quot;11&quot; height=&quot;23&quot; alt=&quot;Candle Mini Pixel by Gasara&quot; src=&quot;https://orig00.deviantart.net/32c7/f/2012/359/d/b/candle_mini_pixel_by_gasara-d5p3lty.gif&quot; data-src=&quot;https://orig00.deviantart.net/32c7/f/2012/359/d/b/candle_mini_pixel_by_gasara-d5p3lty.gif&quot; srcset=&quot;https://orig00.deviantart.net/32c7/f/2012/359/d/b/candle_mini_pixel_by_gasara-d5p3lty.gif 11w&quot; sizes=&quot;11px&quot;&gt;&lt;/a&gt;&lt;/span&gt;&lt;!-- ^TTT --&gt;&lt;!-- TTT$ --&gt;&lt;/span&gt;&lt;br /&gt;&lt;span&gt;&lt;br /&gt;&lt;/span&gt;&lt;a href=&quot;https://www.deviantart.com/linux-rules/art/Youtube-2017-Icon-701866922&quot; class=&quot;emoticon&quot; data-embed-type=&quot;emoticon&quot; data-embed-id=&quot;701866922&quot; data-embed-profile=&quot;deviation&quot;&gt;&lt;img src=&quot;https://images-wixmp-ed30a86b8c4ca887773594c2.wixmp.com/intermediary/f/25e46574-05d5-4425-916d-e5292bb066ac/dblvfze-dfe748fe-f9f5-4172-9899-febebe5b2959.png&quot; alt=&quot;Youtube (2017) Icon&quot; style=&quot;width:50px;height:50px&quot;&gt;&lt;/a&gt;&lt;br /&gt;&lt;b&gt;&lt;span class=&quot;shadow-holder&quot; data-embed-type=&quot;deviation&quot; data-embed-id=&quot;722860048&quot; data-embed-format=&quot;thumb&quot;&gt;&lt;span class=&quot;shadow mild&quot; &gt;&lt;a class=&quot;thumb&quot; href=&quot;https://www.deviantart.com/meow-lord/art/Flapping-Wing-V-2-F2U-722860048&quot; title=&quot;Flapping Wing V.2 [F2U] by Meow-Lord, Dec 30, 2017 in Digital Art &amp;gt; Pixel Art &amp;gt; Objects &amp;gt; Non-Isometric&quot;        data-sigil=&quot;thumb&quot;&gt;
        &lt;i&gt;&lt;/i&gt;&lt;img   width=&quot;25&quot; height=&quot;25&quot; alt=&quot;Flapping Wing V.2 [F2U] by Meow-Lord&quot; src=&quot;https://orig00.deviantart.net/a0d4/f/2017/364/2/5/flapping_wing_v_2__f2u__by_meow_lord-dbydeds.gif&quot; data-src=&quot;https://orig00.deviantart.net/a0d4/f/2017/364/2/5/flapping_wing_v_2__f2u__by_meow_lord-dbydeds.gif&quot; srcset=&quot;https://orig00.deviantart.net/a0d4/f/2017/364/2/5/flapping_wing_v_2__f2u__by_meow_lord-dbydeds.gif 25w&quot; sizes=&quot;25px&quot;&gt;&lt;/a&gt;&lt;/span&gt;&lt;!-- ^TTT --&gt;&lt;!-- TTT$ --&gt;&lt;/span&gt;&amp;nbsp;&lt;a class=&quot;external&quot; href=&quot;https://www.deviantart.com/users/outgoing?https://www.youtube.com/watch?v=dLhI3d5EFfA&quot;&gt;&lt;b&gt;speedpaint&lt;/b&gt;&lt;/a&gt;.&lt;span&gt;&amp;nbsp;&lt;/span&gt;&lt;span class=&quot;shadow-holder&quot; data-embed-type=&quot;deviation&quot; data-embed-id=&quot;722859629&quot; data-embed-format=&quot;thumb&quot;&gt;&lt;span class=&quot;shadow mild&quot; &gt;&lt;a class=&quot;thumb&quot; href=&quot;https://www.deviantart.com/meow-lord/art/Flapping-Wing-V-2-F2U-722859629&quot; title=&quot;Flapping Wing V.2 [F2U] by Meow-Lord, Dec 30, 2017 in Digital Art &amp;gt; Pixel Art &amp;gt; Other &amp;gt; Non-Isometric&quot;        data-sigil=&quot;thumb&quot;&gt;
        &lt;i&gt;&lt;/i&gt;&lt;img   width=&quot;25&quot; height=&quot;25&quot; alt=&quot;Flapping Wing V.2 [F2U] by Meow-Lord&quot; src=&quot;https://orig00.deviantart.net/5487/f/2017/364/2/6/flapping_wing_v_2__f2u__by_meow_lord-dbyde25.gif&quot; data-src=&quot;https://orig00.deviantart.net/5487/f/2017/364/2/6/flapping_wing_v_2__f2u__by_meow_lord-dbyde25.gif&quot; srcset=&quot;https://orig00.deviantart.net/5487/f/2017/364/2/6/flapping_wing_v_2__f2u__by_meow_lord-dbyde25.gif 25w&quot; sizes=&quot;25px&quot;&gt;&lt;/a&gt;&lt;/span&gt;&lt;!-- ^TTT --&gt;&lt;!-- TTT$ --&gt;&lt;/span&gt;&lt;/b&gt;&lt;br /&gt;&lt;br /&gt;&lt;b&gt;Also, please check out the original creator of the cover I&#039;ve used in the video. &lt;br /&gt;He&#039;s a very, very talented artist and it&#039;s a shame he has a little over 150 subscribers &lt;u&gt;only.&lt;br /&gt;&lt;/u&gt;&lt;br /&gt;&lt;b&gt;&lt;a class=&quot;external&quot; href=&quot;https://www.deviantart.com/users/outgoing?https://www.youtube.com/watch?v=RMygTkCVkqo&quot;&gt;&lt;b&gt;Moore Cover - Sleeping At Last // Saturn&lt;/b&gt;&lt;/a&gt;&lt;br /&gt;&lt;/b&gt;&lt;br /&gt;&lt;/b&gt;&lt;/div&gt;&lt;div align=&quot;-webkit-center&quot;&gt;&lt;span class=&quot;shadow-holder&quot; data-embed-type=&quot;deviation&quot; data-embed-id=&quot;519649915&quot; data-embed-format=&quot;thumb&quot;&gt;&lt;span class=&quot;shadow mild&quot; &gt;&lt;a class=&quot;thumb&quot; href=&quot;https://www.deviantart.com/piijenius/art/thank-you-stamp-519649915&quot; title=&quot;thank you! stamp by piijenius, Mar 12, 2015 in DeviantArt Related &amp;gt; Deviant Stamps&quot;        data-sigil=&quot;thumb&quot;&gt;
        &lt;i&gt;&lt;/i&gt;&lt;img   width=&quot;99&quot; height=&quot;57&quot; alt=&quot;thank you! stamp by piijenius&quot; src=&quot;https://orig00.deviantart.net/6d93/f/2015/071/a/e/thank_you__stamp_by_piijenius-d8ldwfv.gif&quot; data-src=&quot;https://orig00.deviantart.net/6d93/f/2015/071/a/e/thank_you__stamp_by_piijenius-d8ldwfv.gif&quot; srcset=&quot;https://orig00.deviantart.net/6d93/f/2015/071/a/e/thank_you__stamp_by_piijenius-d8ldwfv.gif 99w&quot; sizes=&quot;99px&quot;&gt;&lt;/a&gt;&lt;/span&gt;&lt;!-- ^TTT --&gt;&lt;!-- TTT$ --&gt;&lt;/span&gt;&lt;span class=&quot;shadow-holder&quot; data-embed-type=&quot;deviation&quot; data-embed-id=&quot;158776694&quot; data-embed-format=&quot;thumb&quot;&gt;&lt;span class=&quot;shadow mild&quot; &gt;&lt;a class=&quot;thumb&quot; href=&quot;https://www.deviantart.com/liquidkrystal/art/Sorry-if-I-don-t-reply-Stamp-158776694&quot; title=&quot;Sorry if I don&amp;#039;t reply Stamp by LiquidKrystal, Mar 28, 2010 in DeviantArt Related &amp;gt; Deviant Stamps&quot;        data-sigil=&quot;thumb&quot;&gt;
        &lt;i&gt;&lt;/i&gt;&lt;img   width=&quot;99&quot; height=&quot;56&quot; alt=&quot;Sorry if I don&amp;#039;t reply Stamp by LiquidKrystal&quot; src=&quot;https://orig00.deviantart.net/77c5/f/2010/087/a/3/sorry_if_i_don__t_reply_stamp_by_liquidkrystal.gif&quot; data-src=&quot;https://orig00.deviantart.net/77c5/f/2010/087/a/3/sorry_if_i_don__t_reply_stamp_by_liquidkrystal.gif&quot; srcset=&quot;https://orig00.deviantart.net/77c5/f/2010/087/a/3/sorry_if_i_don__t_reply_stamp_by_liquidkrystal.gif 99w&quot; sizes=&quot;99px&quot;&gt;&lt;/a&gt;&lt;/span&gt;&lt;!-- ^TTT --&gt;&lt;!-- TTT$ --&gt;&lt;/span&gt;&lt;/div&gt;&lt;/div&gt;&lt;br /&gt;&lt;div&gt;&lt;img src=&quot;https://t00.deviantart.net/27bKdYlq5I3n9Yk2Cq6t5EY8KSE=/300x200/filters:fixed_height(100,100):origin()/pre00/2950/th/pre/i/2019/052/6/0/eclipse___speedpaint_by_martith-dd0bo40.png&quot; alt=&quot;thumbnail&quot; /&gt;&lt;/div&gt;</description>            </item>
                    <item>
                <title>Rose Quartz fan art</title>
                <link>https://morgyuk.deviantart.com/art/Rose-Quartz-fan-art-786583499</link>
                <guid isPermaLink="true">https://morgyuk.deviantart.com/art/Rose-Quartz-fan-art-786583499</guid>
                <pubDate>Thu, 21 Feb 2019 00:57:42 PST</pubDate>
                        <media:title type="plain">Rose Quartz fan art</media:title>
        <media:keywords></media:keywords>
                        <media:rating>nonadult</media:rating>
                <media:category label="Fantasy">digitalart/paintings/fantasy</media:category>
        <media:credit role="author" scheme="urn:ebu">morgyuk</media:credit>
        <media:credit role="author" scheme="urn:ebu">https://a.deviantart.net/avatars/m/o/morgyuk.jpg?1</media:credit>
        <media:copyright url="https://morgyuk.deviantart.com">Copyright 2019 morgyuk</media:copyright>            <media:description type="html">Instagram; morgyuk</media:description>            <media:thumbnail url="https://t00.deviantart.net/g3ki1eSaCXAk8maLYsJGIrx9JEY=/fit-in/150x150/filters:no_upscale():origin()/pre00/84c5/th/pre/i/2019/052/c/9/rose_quartz_fan_art_by_morgyuk-dd0b7pn.png" height="150" width="118"/>            <media:thumbnail url="https://t00.deviantart.net/DW36MkJmEfdfVvvwHoyXVrkqnpQ=/fit-in/300x900/filters:no_upscale():origin()/pre00/84c5/th/pre/i/2019/052/c/9/rose_quartz_fan_art_by_morgyuk-dd0b7pn.png" height="380" width="300"/>            <media:thumbnail url="https://t00.deviantart.net/RweCsoAI1Y08H_-Bh5RVp-qH_nw=/300x200/filters:fixed_height(100,100):origin()/pre00/84c5/th/pre/i/2019/052/c/9/rose_quartz_fan_art_by_morgyuk-dd0b7pn.png" height="200" width="158"/>            <media:content url="https://pre00.deviantart.net/84c5/th/pre/i/2019/052/c/9/rose_quartz_fan_art_by_morgyuk-dd0b7pn.png" height="1007" width="794" medium="image"/>            
            <description>Instagram; morgyuk&lt;br /&gt;&lt;div&gt;&lt;img src=&quot;https://t00.deviantart.net/RweCsoAI1Y08H_-Bh5RVp-qH_nw=/300x200/filters:fixed_height(100,100):origin()/pre00/84c5/th/pre/i/2019/052/c/9/rose_quartz_fan_art_by_morgyuk-dd0b7pn.png&quot; alt=&quot;thumbnail&quot; /&gt;&lt;/div&gt;</description>            </item>
                    <item>
                <title>Princess of Ghouls</title>
                <link>https://dopaprime.deviantart.com/art/Princess-of-Ghouls-786592878</link>
                <guid isPermaLink="true">https://dopaprime.deviantart.com/art/Princess-of-Ghouls-786592878</guid>
                <pubDate>Thu, 21 Feb 2019 03:35:14 PST</pubDate>
                        <media:title type="plain">Princess of Ghouls</media:title>
        <media:keywords></media:keywords>
                        <media:rating>nonadult</media:rating>
                <media:category label="Fantasy">digitalart/paintings/fantasy</media:category>
        <media:credit role="author" scheme="urn:ebu">Dopaprime</media:credit>
        <media:credit role="author" scheme="urn:ebu">https://a.deviantart.net/avatars/d/o/dopaprime.gif?10</media:credit>
        <media:copyright url="https://dopaprime.deviantart.com">Copyright 2019 Dopaprime</media:copyright>             <creativeCommons:license>http://creativecommons.org/licenses/by-nc-nd/3.0/</creativeCommons:license>
                <media:description type="html">Regular Version&lt;br /&gt;(c) 2018 Mynet inc.&lt;br /&gt;&lt;br /&gt;Legend of the Cryptids&lt;br /&gt;&lt;br /&gt;&lt;img src=&quot;https://e.deviantart.net/emoticons/b/bulletblue.gif&quot; alt=&quot;Bullet; Blue&quot; style=&quot;width: 10px; height: 10px;&quot; data-embed-type=&quot;emoticon&quot; data-embed-id=&quot;211&quot;&gt;&lt;span&gt;&amp;nbsp;Facebook&amp;nbsp;&lt;/span&gt;&lt;a class=&quot;external&quot; href=&quot;https://www.deviantart.com/users/outgoing?https://www.facebook.com/Dopaprime&quot;&gt;www.facebook.com/Dopaprime&lt;/a&gt;&lt;br /&gt;&lt;span&gt;&lt;img src=&quot;https://e.deviantart.net/emoticons/b/bulletblue.gif&quot; alt=&quot;Bullet; Blue&quot; style=&quot;width: 10px; height: 10px;&quot; data-embed-type=&quot;emoticon&quot; data-embed-id=&quot;211&quot;&gt;&amp;nbsp;Instragram: Dopaprime&lt;/span&gt;&lt;br /&gt;&lt;span&gt;&lt;img src=&quot;https://e.deviantart.net/emoticons/b/bulletblue.gif&quot; alt=&quot;Bullet; Blue&quot; style=&quot;width: 10px; height: 10px;&quot; data-embed-type=&quot;emoticon&quot; data-embed-id=&quot;211&quot;&gt;&amp;nbsp;Artstation:&amp;nbsp;&lt;a class=&quot;external&quot; href=&quot;https://www.deviantart.com/users/outgoing?https://www.artstation.com/artist/dopaprime&quot;&gt;www.artstation.com/artist/dopa&amp;#8230;&lt;/a&gt;&lt;/span&gt;</media:description>            <media:thumbnail url="https://t00.deviantart.net/KTYwzDuDSDl68-LirzFY8-uLVD4=/fit-in/150x150/filters:no_upscale():origin()/pre00/48ea/th/pre/f/2019/052/7/d/princess_of_ghouls_reg_by_dopaprime-dd0bey6.jpg" height="150" width="113"/>            <media:thumbnail url="https://t00.deviantart.net/P2wOaPp6gouARXbylV62TKzM7Qk=/fit-in/300x900/filters:no_upscale():origin()/pre00/48ea/th/pre/f/2019/052/7/d/princess_of_ghouls_reg_by_dopaprime-dd0bey6.jpg" height="400" width="300"/>            <media:thumbnail url="https://t00.deviantart.net/JrIUetVPKyTcprtPG5eOCtFSOmo=/300x200/filters:fixed_height(100,100):origin()/pre00/48ea/th/pre/f/2019/052/7/d/princess_of_ghouls_reg_by_dopaprime-dd0bey6.jpg" height="200" width="150"/>            <media:content url="https://pre00.deviantart.net/48ea/th/pre/f/2019/052/7/d/princess_of_ghouls_reg_by_dopaprime-dd0bey6.jpg" height="1032" width="774" medium="image"/>            
            <description>Regular Version&lt;br /&gt;(c) 2018 Mynet inc.&lt;br /&gt;&lt;br /&gt;Legend of the Cryptids&lt;br /&gt;&lt;br /&gt;&lt;img src=&quot;https://e.deviantart.net/emoticons/b/bulletblue.gif&quot; alt=&quot;Bullet; Blue&quot; style=&quot;width: 10px; height: 10px;&quot; data-embed-type=&quot;emoticon&quot; data-embed-id=&quot;211&quot;&gt;&lt;span&gt;&amp;nbsp;Facebook&amp;nbsp;&lt;/span&gt;&lt;a class=&quot;external&quot; href=&quot;https://www.deviantart.com/users/outgoing?https://www.facebook.com/Dopaprime&quot;&gt;www.facebook.com/Dopaprime&lt;/a&gt;&lt;br /&gt;&lt;span&gt;&lt;img src=&quot;https://e.deviantart.net/emoticons/b/bulletblue.gif&quot; alt=&quot;Bullet; Blue&quot; style=&quot;width: 10px; height: 10px;&quot; data-embed-type=&quot;emoticon&quot; data-embed-id=&quot;211&quot;&gt;&amp;nbsp;Instragram: Dopaprime&lt;/span&gt;&lt;br /&gt;&lt;span&gt;&lt;img src=&quot;https://e.deviantart.net/emoticons/b/bulletblue.gif&quot; alt=&quot;Bullet; Blue&quot; style=&quot;width: 10px; height: 10px;&quot; data-embed-type=&quot;emoticon&quot; data-embed-id=&quot;211&quot;&gt;&amp;nbsp;Artstation:&amp;nbsp;&lt;a class=&quot;external&quot; href=&quot;https://www.deviantart.com/users/outgoing?https://www.artstation.com/artist/dopaprime&quot;&gt;www.artstation.com/artist/dopa&amp;#8230;&lt;/a&gt;&lt;/span&gt;&lt;br /&gt;&lt;div&gt;&lt;img src=&quot;https://t00.deviantart.net/JrIUetVPKyTcprtPG5eOCtFSOmo=/300x200/filters:fixed_height(100,100):origin()/pre00/48ea/th/pre/f/2019/052/7/d/princess_of_ghouls_reg_by_dopaprime-dd0bey6.jpg&quot; alt=&quot;thumbnail&quot; /&gt;&lt;/div&gt;</description>            </item>
                    <item>
                <title>Flower Crown</title>
                <link>https://koriarredondo.deviantart.com/art/Flower-Crown-786577114</link>
                <guid isPermaLink="true">https://koriarredondo.deviantart.com/art/Flower-Crown-786577114</guid>
                <pubDate>Wed, 20 Feb 2019 23:08:21 PST</pubDate>
                        <media:title type="plain">Flower Crown</media:title>
        <media:keywords></media:keywords>
                        <media:rating>nonadult</media:rating>
                <media:category label="Games">fanart/digital/painting/games</media:category>
        <media:credit role="author" scheme="urn:ebu">KoriArredondo</media:credit>
        <media:credit role="author" scheme="urn:ebu">https://a.deviantart.net/avatars/k/o/koriarredondo.gif?5</media:credit>
        <media:copyright url="https://koriarredondo.deviantart.com">Copyright 2019 KoriArredondo</media:copyright>            <media:description type="html">&lt;img src=&quot;https://e.deviantart.net/emoticons/h/heart.gif&quot; width=&quot;15&quot; height=&quot;13&quot; alt=&quot;:heart:&quot; data-embed-type=&quot;emoticon&quot; data-embed-id=&quot;357&quot; title=&quot;Heart&quot;/&gt;&lt;br /&gt;&lt;br /&gt;really liked those two</media:description>            <media:thumbnail url="https://t00.deviantart.net/3Coisge6ShQnvaUu4DQKPolpICA=/fit-in/150x150/filters:no_upscale():origin()/pre00/7f9e/th/pre/i/2019/051/f/e/flower_crown_by_koriarredondo-dd0b2sa.png" height="150" width="123"/>            <media:thumbnail url="https://t00.deviantart.net/gb04W1_VQBhFDejfJ8YLqRx6J1A=/fit-in/300x900/filters:no_upscale():origin()/pre00/7f9e/th/pre/i/2019/051/f/e/flower_crown_by_koriarredondo-dd0b2sa.png" height="365" width="300"/>            <media:thumbnail url="https://t00.deviantart.net/mknVbJRMuMskEDuuGIMQaDBxBsA=/300x200/filters:fixed_height(100,100):origin()/pre00/7f9e/th/pre/i/2019/051/f/e/flower_crown_by_koriarredondo-dd0b2sa.png" height="200" width="164"/>            <media:content url="https://pre00.deviantart.net/7f9e/th/pre/i/2019/051/f/e/flower_crown_by_koriarredondo-dd0b2sa.png" height="987" width="810" medium="image"/>            
            <description>&lt;img src=&quot;https://e.deviantart.net/emoticons/h/heart.gif&quot; width=&quot;15&quot; height=&quot;13&quot; alt=&quot;:heart:&quot; data-embed-type=&quot;emoticon&quot; data-embed-id=&quot;357&quot; title=&quot;Heart&quot;/&gt;&lt;br /&gt;&lt;br /&gt;really liked those two&lt;br /&gt;&lt;div&gt;&lt;img src=&quot;https://t00.deviantart.net/mknVbJRMuMskEDuuGIMQaDBxBsA=/300x200/filters:fixed_height(100,100):origin()/pre00/7f9e/th/pre/i/2019/051/f/e/flower_crown_by_koriarredondo-dd0b2sa.png&quot; alt=&quot;thumbnail&quot; /&gt;&lt;/div&gt;</description>            </item>
                    <item>
                <title>Garurumon sass</title>
                <link>https://teranen.deviantart.com/art/Garurumon-sass-786636242</link>
                <guid isPermaLink="true">https://teranen.deviantart.com/art/Garurumon-sass-786636242</guid>
                <pubDate>Thu, 21 Feb 2019 11:31:01 PST</pubDate>
                        <media:title type="plain">Garurumon sass</media:title>
        <media:keywords></media:keywords>
                        <media:rating>nonadult</media:rating>
                <media:category label="Animals">anthro/digital/drawings/animals</media:category>
        <media:credit role="author" scheme="urn:ebu">teranen</media:credit>
        <media:credit role="author" scheme="urn:ebu">https://a.deviantart.net/avatars/t/e/teranen.gif</media:credit>
        <media:copyright url="https://teranen.deviantart.com">Copyright 2019 teranen</media:copyright>
            <media:community>
                <media:tags>@teranentwii</media:tags>
            </media:community>            <media:description type="html">Make Digimon great again! ( no renamon)</media:description>            <media:thumbnail url="https://t00.deviantart.net/uTYQsze5dOpBPwu5Wf7PUVdJt7s=/fit-in/150x150/filters:no_upscale():origin()/pre00/e9e6/th/pre/i/2019/052/0/d/garurumon_sass_by_teranen-dd0cceq.png" height="150" width="101"/>            <media:thumbnail url="https://t00.deviantart.net/AJJkpXrYf9eJcCMHHWhC7sus38g=/fit-in/300x900/filters:no_upscale():origin()/pre00/e9e6/th/pre/i/2019/052/0/d/garurumon_sass_by_teranen-dd0cceq.png" height="444" width="300"/>            <media:thumbnail url="https://t00.deviantart.net/G-AI4heGrTgWxQ9qH-AIQpzofIw=/300x200/filters:fixed_height(100,100):origin()/pre00/e9e6/th/pre/i/2019/052/0/d/garurumon_sass_by_teranen-dd0cceq.png" height="200" width="135"/>            <media:content url="https://pre00.deviantart.net/e9e6/th/pre/i/2019/052/0/d/garurumon_sass_by_teranen-dd0cceq.png" height="1088" width="735" medium="image"/>            
            <description>Make Digimon great again! ( no renamon)&lt;br /&gt;&lt;div&gt;&lt;img src=&quot;https://t00.deviantart.net/G-AI4heGrTgWxQ9qH-AIQpzofIw=/300x200/filters:fixed_height(100,100):origin()/pre00/e9e6/th/pre/i/2019/052/0/d/garurumon_sass_by_teranen-dd0cceq.png&quot; alt=&quot;thumbnail&quot; /&gt;&lt;/div&gt;</description>            </item>
                    <item>
                <title>VERDUN</title>
                <link>https://naschi.deviantart.com/art/VERDUN-786621610</link>
                <guid isPermaLink="true">https://naschi.deviantart.com/art/VERDUN-786621610</guid>
                <pubDate>Thu, 21 Feb 2019 09:42:58 PST</pubDate>
                        <media:title type="plain">VERDUN</media:title>
        <media:keywords></media:keywords>
                        <media:rating>nonadult</media:rating>
                <media:category label="Conceptual">traditional/drawings/illustration/conceptual</media:category>
        <media:credit role="author" scheme="urn:ebu">Naschi</media:credit>
        <media:credit role="author" scheme="urn:ebu">https://a.deviantart.net/avatars/n/a/naschi.gif?8</media:credit>
        <media:copyright url="https://naschi.deviantart.com">Copyright 2019 Naschi</media:copyright>            <media:description type="html">&amp;nbsp;&amp;nbsp;&lt;a href=&quot;https://www.deviantart.com/poserfan/art/Patreon-Icon-543304473&quot; class=&quot;emoticon&quot; data-embed-type=&quot;emoticon&quot; data-embed-id=&quot;543304473&quot; data-embed-profile=&quot;deviation&quot;&gt;&lt;img src=&quot;https://images-wixmp-ed30a86b8c4ca887773594c2.wixmp.com/intermediary/f/0a6e9796-d386-4234-97d1-d46c16906e81/d8zgwex-5864a807-08a9-4167-a686-55d51e951ded.png&quot; alt=&quot;Patreon Icon&quot; style=&quot;width:16px;height:16px&quot;&gt;&lt;/a&gt;&lt;a class=&quot;external&quot; href=&quot;https://www.deviantart.com/users/outgoing?https://www.patreon.com/nashi&quot;&gt;PATREON&lt;/a&gt;&amp;nbsp; /&amp;nbsp;&amp;nbsp;&lt;a href=&quot;https://www.deviantart.com/poserfan/art/Instagram-New-Icon-608963664&quot; class=&quot;emoticon&quot; data-embed-type=&quot;emoticon&quot; data-embed-id=&quot;608963664&quot; data-embed-profile=&quot;deviation&quot;&gt;&lt;img src=&quot;https://images-wixmp-ed30a86b8c4ca887773594c2.wixmp.com/intermediary/f/0a6e9796-d386-4234-97d1-d46c16906e81/da2k7dc-81054cd1-99a8-4653-bd88-048d077f7265.png&quot; alt=&quot;Instagram New Icon&quot; style=&quot;width:16px;height:16px&quot;&gt;&lt;/a&gt;&lt;a class=&quot;external&quot; href=&quot;https://www.deviantart.com/users/outgoing?https://www.instagram.com/nashimanga&quot;&gt;INSTAGRAM&lt;/a&gt;&amp;nbsp; /&amp;nbsp;&amp;nbsp;&lt;a href=&quot;https://www.deviantart.com/liriorox/art/Gumroad-icon-2-545734859&quot; class=&quot;emoticon&quot; data-embed-type=&quot;emoticon&quot; data-embed-id=&quot;545734859&quot; data-embed-profile=&quot;deviation&quot;&gt;&lt;img src=&quot;https://images-wixmp-ed30a86b8c4ca887773594c2.wixmp.com/intermediary/f/0bd87312-636c-4da8-8502-26c542873b11/d90wzpn-47fbf5d8-7dd8-40b0-810d-f16277f51393.png&quot; alt=&quot;Gumroad icon 2&quot; style=&quot;width:16px;height:16px&quot;&gt;&lt;/a&gt;&amp;nbsp;&lt;a class=&quot;external&quot; href=&quot;https://www.deviantart.com/users/outgoing?https://gumroad.com/nashi&quot;&gt;GUMROAD&lt;/a&gt;&amp;nbsp; /&amp;nbsp;&amp;nbsp;&lt;a href=&quot;https://www.deviantart.com/linux-rules/art/Storenvy-Icon-ultramini-651727979&quot; class=&quot;emoticon&quot; data-embed-type=&quot;emoticon&quot; data-embed-id=&quot;651727979&quot; data-embed-profile=&quot;deviation&quot;&gt;&lt;img src=&quot;https://images-wixmp-ed30a86b8c4ca887773594c2.wixmp.com/intermediary/f/25e46574-05d5-4425-916d-e5292bb066ac/das0siz-f2f014a9-a618-4809-bc6b-f6872aab1174.png&quot; alt=&quot;Storenvy Icon ultramini&quot; style=&quot;width:16px;height:16px&quot;&gt;&lt;/a&gt;&lt;a class=&quot;external&quot; href=&quot;https://www.deviantart.com/users/outgoing?https://naschi.storenvy.com/&quot;&gt;STORENVY&lt;/a&gt;&amp;nbsp; /&amp;nbsp;&amp;nbsp;&lt;a href=&quot;https://www.deviantart.com/sunnybrook1/art/youtube-Icon-431202161&quot; class=&quot;emoticon&quot; data-embed-type=&quot;emoticon&quot; data-embed-id=&quot;431202161&quot; data-embed-profile=&quot;deviation&quot;&gt;&lt;img src=&quot;https://orig00.deviantart.net/3192/f/2014/032/f/0/f0dec438ea30ad66c3a3f3edc9709885-d74q5pt.gif&quot; alt=&quot;youtube Icon&quot; style=&quot;width:16px;height:16px&quot;&gt;&lt;/a&gt;&amp;nbsp;&lt;a class=&quot;external&quot; href=&quot;https://www.deviantart.com/users/outgoing?https://www.youtube.com/channel/UC6NQ5ob8mRCav9KYyA9gf8w&quot;&gt;YOUTUBE&lt;/a&gt;&amp;nbsp; /&amp;nbsp;&amp;nbsp;&lt;a href=&quot;https://www.deviantart.com/cherushimetsumari/art/facebook-537756153&quot; class=&quot;emoticon&quot; data-embed-type=&quot;emoticon&quot; data-embed-id=&quot;537756153&quot; data-embed-profile=&quot;deviation&quot;&gt;&lt;img src=&quot;https://images-wixmp-ed30a86b8c4ca887773594c2.wixmp.com/intermediary/f/91df458d-5ec8-4ebb-a30e-328d4fd1ea22/d8w5zax-47010060-a718-4836-8db2-3ca3550ddf11.png&quot; alt=&quot;:facebook:&quot; style=&quot;width:16px;height:16px&quot;&gt;&lt;/a&gt;&lt;a class=&quot;external&quot; href=&quot;https://www.deviantart.com/users/outgoing?https://www.facebook.com/Nashilaboratory&quot;&gt;FACEBOOK&lt;/a&gt;&amp;nbsp; /&amp;nbsp;&amp;nbsp;&lt;a href=&quot;https://www.deviantart.com/poserfan/art/Twitter-Bird-Icon-314822882&quot; class=&quot;emoticon&quot; data-embed-type=&quot;emoticon&quot; data-embed-id=&quot;314822882&quot; data-embed-profile=&quot;deviation&quot;&gt;&lt;img src=&quot;https://orig00.deviantart.net/8002/f/2012/197/3/7/371cd85ab8ddc0776767bbeffa2ca89e-d57fqw2.gif&quot; alt=&quot;Twitter Bird Icon&quot; style=&quot;width:16px;height:16px&quot;&gt;&lt;/a&gt;&amp;nbsp;&lt;a class=&quot;external&quot; href=&quot;https://www.deviantart.com/users/outgoing?https://twitter.com/manga_nashi&quot;&gt;TWITTER&lt;/a&gt;&lt;br /&gt;---------------------------------------------------------------------------------------------------------------------------------------------------&lt;br /&gt;&lt;br /&gt;&lt;span&gt;New fashion for my OC character Verdun from my Manga Sometimes She&#039;s the Light.&lt;/span&gt;&lt;br /&gt;&lt;span&gt;He&#039;s the bad guy in my Story but has also a very deep and sad background story.&amp;nbsp;&lt;/span&gt;&lt;br /&gt;&lt;br /&gt;---------------------------------------------------------------------------------------------------------------------------------------------------&lt;br /&gt;&lt;br /&gt;&lt;b&gt;&amp;#127912;Tools:&lt;/b&gt;&lt;br /&gt;&lt;ul&gt;&lt;li&gt;Faber Castell pencil 3B&lt;br /&gt;&lt;/li&gt;&lt;li&gt;Faber Castell Polygromo Black&lt;/li&gt;&lt;li&gt;Mechanical pencil B&lt;br /&gt;&lt;/li&gt;&lt;li&gt;Opaque white&lt;br /&gt;&lt;/li&gt;&lt;li&gt;standard copy paper&lt;/li&gt;&lt;/ul&gt;---------------------------------------------------------------------------------------------------------------------------------------------------&lt;br /&gt;&lt;b&gt;&lt;a href=&quot;https://www.deviantart.com/de-mote/art/Y-Hello-THAR-70517684&quot; class=&quot;emoticon&quot; data-embed-type=&quot;emoticon&quot; data-embed-id=&quot;70517684&quot; data-embed-profile=&quot;deviation&quot;&gt;&lt;img src=&quot;https://orig00.deviantart.net/885c/f/2007/327/6/2/y_hello_thar_by_de_mote.gif&quot; alt=&quot;Y Hello THAR&quot; style=&quot;width:20px;height:19px&quot;&gt;&lt;/a&gt;&amp;nbsp;&lt;img src=&quot;https://e.deviantart.net/emoticons/p/plusfav.gif&quot; alt=&quot;+fav&quot; style=&quot;width: 15px; height: 16px;&quot; data-embed-type=&quot;emoticon&quot; data-embed-id=&quot;194&quot;&gt;&amp;nbsp;If you like my work you can support me with a Fav&lt;/b&gt;&amp;nbsp;&lt;b&gt;&lt;img src=&quot;https://e.deviantart.net/emoticons/p/plusfav.gif&quot; alt=&quot;+fav&quot; style=&quot;width: 15px; height: 16px;&quot; data-embed-type=&quot;emoticon&quot; data-embed-id=&quot;194&quot;&gt;&lt;/b&gt;&amp;nbsp;&lt;b&gt;and a Watch&lt;/b&gt;&amp;nbsp;&lt;b&gt;&lt;img src=&quot;https://e.deviantart.net/emoticons/h/heart.gif&quot; alt=&quot;Heart&quot; style=&quot;width: 15px; height: 13px;&quot; data-embed-type=&quot;emoticon&quot; data-embed-id=&quot;357&quot;&gt;&amp;nbsp;so you will not miss a lot of goodies&amp;nbsp;&lt;/b&gt;&lt;a href=&quot;https://www.deviantart.com/cookiemagik/art/excited-162537016&quot; class=&quot;emoticon&quot; data-embed-type=&quot;emoticon&quot; data-embed-id=&quot;162537016&quot; data-embed-profile=&quot;deviation&quot;&gt;&lt;img src=&quot;https://orig00.deviantart.net/3eb8/f/2011/189/f/7/_excited__by_cookiemagik-d2orqd4.gif&quot; alt=&quot;:excited:&quot; style=&quot;width:37px;height:25px&quot;&gt;&lt;/a&gt;</media:description>            <media:thumbnail url="https://t00.deviantart.net/Ei4nbOXJ2d0IoMZdj_Y7EgBaMbI=/fit-in/150x150/filters:no_upscale():origin()/pre00/ddfa/th/pre/f/2019/052/0/b/verdun_by_naschi-dd0c14a.jpg" height="150" width="123"/>            <media:thumbnail url="https://t00.deviantart.net/vghITID7ArmESeC-aVbgb0sMxGg=/fit-in/300x900/filters:no_upscale():origin()/pre00/ddfa/th/pre/f/2019/052/0/b/verdun_by_naschi-dd0c14a.jpg" height="367" width="300"/>            <media:thumbnail url="https://t00.deviantart.net/GlL6dmrQX1BsicookGjMW3ZG1XE=/300x200/filters:fixed_height(100,100):origin()/pre00/ddfa/th/pre/f/2019/052/0/b/verdun_by_naschi-dd0c14a.jpg" height="200" width="163"/>            <media:content url="https://pre00.deviantart.net/ddfa/th/pre/f/2019/052/0/b/verdun_by_naschi-dd0c14a.jpg" height="989" width="808" medium="image"/>            
            <description>&amp;nbsp;&amp;nbsp;&lt;a href=&quot;https://www.deviantart.com/poserfan/art/Patreon-Icon-543304473&quot; class=&quot;emoticon&quot; data-embed-type=&quot;emoticon&quot; data-embed-id=&quot;543304473&quot; data-embed-profile=&quot;deviation&quot;&gt;&lt;img src=&quot;https://images-wixmp-ed30a86b8c4ca887773594c2.wixmp.com/intermediary/f/0a6e9796-d386-4234-97d1-d46c16906e81/d8zgwex-5864a807-08a9-4167-a686-55d51e951ded.png&quot; alt=&quot;Patreon Icon&quot; style=&quot;width:16px;height:16px&quot;&gt;&lt;/a&gt;&lt;a class=&quot;external&quot; href=&quot;https://www.deviantart.com/users/outgoing?https://www.patreon.com/nashi&quot;&gt;PATREON&lt;/a&gt;&amp;nbsp; /&amp;nbsp;&amp;nbsp;&lt;a href=&quot;https://www.deviantart.com/poserfan/art/Instagram-New-Icon-608963664&quot; class=&quot;emoticon&quot; data-embed-type=&quot;emoticon&quot; data-embed-id=&quot;608963664&quot; data-embed-profile=&quot;deviation&quot;&gt;&lt;img src=&quot;https://images-wixmp-ed30a86b8c4ca887773594c2.wixmp.com/intermediary/f/0a6e9796-d386-4234-97d1-d46c16906e81/da2k7dc-81054cd1-99a8-4653-bd88-048d077f7265.png&quot; alt=&quot;Instagram New Icon&quot; style=&quot;width:16px;height:16px&quot;&gt;&lt;/a&gt;&lt;a class=&quot;external&quot; href=&quot;https://www.deviantart.com/users/outgoing?https://www.instagram.com/nashimanga&quot;&gt;INSTAGRAM&lt;/a&gt;&amp;nbsp; /&amp;nbsp;&amp;nbsp;&lt;a href=&quot;https://www.deviantart.com/liriorox/art/Gumroad-icon-2-545734859&quot; class=&quot;emoticon&quot; data-embed-type=&quot;emoticon&quot; data-embed-id=&quot;545734859&quot; data-embed-profile=&quot;deviation&quot;&gt;&lt;img src=&quot;https://images-wixmp-ed30a86b8c4ca887773594c2.wixmp.com/intermediary/f/0bd87312-636c-4da8-8502-26c542873b11/d90wzpn-47fbf5d8-7dd8-40b0-810d-f16277f51393.png&quot; alt=&quot;Gumroad icon 2&quot; style=&quot;width:16px;height:16px&quot;&gt;&lt;/a&gt;&amp;nbsp;&lt;a class=&quot;external&quot; href=&quot;https://www.deviantart.com/users/outgoing?https://gumroad.com/nashi&quot;&gt;GUMROAD&lt;/a&gt;&amp;nbsp; /&amp;nbsp;&amp;nbsp;&lt;a href=&quot;https://www.deviantart.com/linux-rules/art/Storenvy-Icon-ultramini-651727979&quot; class=&quot;emoticon&quot; data-embed-type=&quot;emoticon&quot; data-embed-id=&quot;651727979&quot; data-embed-profile=&quot;deviation&quot;&gt;&lt;img src=&quot;https://images-wixmp-ed30a86b8c4ca887773594c2.wixmp.com/intermediary/f/25e46574-05d5-4425-916d-e5292bb066ac/das0siz-f2f014a9-a618-4809-bc6b-f6872aab1174.png&quot; alt=&quot;Storenvy Icon ultramini&quot; style=&quot;width:16px;height:16px&quot;&gt;&lt;/a&gt;&lt;a class=&quot;external&quot; href=&quot;https://www.deviantart.com/users/outgoing?https://naschi.storenvy.com/&quot;&gt;STORENVY&lt;/a&gt;&amp;nbsp; /&amp;nbsp;&amp;nbsp;&lt;a href=&quot;https://www.deviantart.com/sunnybrook1/art/youtube-Icon-431202161&quot; class=&quot;emoticon&quot; data-embed-type=&quot;emoticon&quot; data-embed-id=&quot;431202161&quot; data-embed-profile=&quot;deviation&quot;&gt;&lt;img src=&quot;https://orig00.deviantart.net/3192/f/2014/032/f/0/f0dec438ea30ad66c3a3f3edc9709885-d74q5pt.gif&quot; alt=&quot;youtube Icon&quot; style=&quot;width:16px;height:16px&quot;&gt;&lt;/a&gt;&amp;nbsp;&lt;a class=&quot;external&quot; href=&quot;https://www.deviantart.com/users/outgoing?https://www.youtube.com/channel/UC6NQ5ob8mRCav9KYyA9gf8w&quot;&gt;YOUTUBE&lt;/a&gt;&amp;nbsp; /&amp;nbsp;&amp;nbsp;&lt;a href=&quot;https://www.deviantart.com/cherushimetsumari/art/facebook-537756153&quot; class=&quot;emoticon&quot; data-embed-type=&quot;emoticon&quot; data-embed-id=&quot;537756153&quot; data-embed-profile=&quot;deviation&quot;&gt;&lt;img src=&quot;https://images-wixmp-ed30a86b8c4ca887773594c2.wixmp.com/intermediary/f/91df458d-5ec8-4ebb-a30e-328d4fd1ea22/d8w5zax-47010060-a718-4836-8db2-3ca3550ddf11.png&quot; alt=&quot;:facebook:&quot; style=&quot;width:16px;height:16px&quot;&gt;&lt;/a&gt;&lt;a class=&quot;external&quot; href=&quot;https://www.deviantart.com/users/outgoing?https://www.facebook.com/Nashilaboratory&quot;&gt;FACEBOOK&lt;/a&gt;&amp;nbsp; /&amp;nbsp;&amp;nbsp;&lt;a href=&quot;https://www.deviantart.com/poserfan/art/Twitter-Bird-Icon-314822882&quot; class=&quot;emoticon&quot; data-embed-type=&quot;emoticon&quot; data-embed-id=&quot;314822882&quot; data-embed-profile=&quot;deviation&quot;&gt;&lt;img src=&quot;https://orig00.deviantart.net/8002/f/2012/197/3/7/371cd85ab8ddc0776767bbeffa2ca89e-d57fqw2.gif&quot; alt=&quot;Twitter Bird Icon&quot; style=&quot;width:16px;height:16px&quot;&gt;&lt;/a&gt;&amp;nbsp;&lt;a class=&quot;external&quot; href=&quot;https://www.deviantart.com/users/outgoing?https://twitter.com/manga_nashi&quot;&gt;TWITTER&lt;/a&gt;&lt;br /&gt;---------------------------------------------------------------------------------------------------------------------------------------------------&lt;br /&gt;&lt;br /&gt;&lt;span&gt;New fashion for my OC character Verdun from my Manga Sometimes She&#039;s the Light.&lt;/span&gt;&lt;br /&gt;&lt;span&gt;He&#039;s the bad guy in my Story but has also a very deep and sad background story.&amp;nbsp;&lt;/span&gt;&lt;br /&gt;&lt;br /&gt;---------------------------------------------------------------------------------------------------------------------------------------------------&lt;br /&gt;&lt;br /&gt;&lt;b&gt;&amp;#127912;Tools:&lt;/b&gt;&lt;br /&gt;&lt;ul&gt;&lt;li&gt;Faber Castell pencil 3B&lt;br /&gt;&lt;/li&gt;&lt;li&gt;Faber Castell Polygromo Black&lt;/li&gt;&lt;li&gt;Mechanical pencil B&lt;br /&gt;&lt;/li&gt;&lt;li&gt;Opaque white&lt;br /&gt;&lt;/li&gt;&lt;li&gt;standard copy paper&lt;/li&gt;&lt;/ul&gt;---------------------------------------------------------------------------------------------------------------------------------------------------&lt;br /&gt;&lt;b&gt;&lt;a href=&quot;https://www.deviantart.com/de-mote/art/Y-Hello-THAR-70517684&quot; class=&quot;emoticon&quot; data-embed-type=&quot;emoticon&quot; data-embed-id=&quot;70517684&quot; data-embed-profile=&quot;deviation&quot;&gt;&lt;img src=&quot;https://orig00.deviantart.net/885c/f/2007/327/6/2/y_hello_thar_by_de_mote.gif&quot; alt=&quot;Y Hello THAR&quot; style=&quot;width:20px;height:19px&quot;&gt;&lt;/a&gt;&amp;nbsp;&lt;img src=&quot;https://e.deviantart.net/emoticons/p/plusfav.gif&quot; alt=&quot;+fav&quot; style=&quot;width: 15px; height: 16px;&quot; data-embed-type=&quot;emoticon&quot; data-embed-id=&quot;194&quot;&gt;&amp;nbsp;If you like my work you can support me with a Fav&lt;/b&gt;&amp;nbsp;&lt;b&gt;&lt;img src=&quot;https://e.deviantart.net/emoticons/p/plusfav.gif&quot; alt=&quot;+fav&quot; style=&quot;width: 15px; height: 16px;&quot; data-embed-type=&quot;emoticon&quot; data-embed-id=&quot;194&quot;&gt;&lt;/b&gt;&amp;nbsp;&lt;b&gt;and a Watch&lt;/b&gt;&amp;nbsp;&lt;b&gt;&lt;img src=&quot;https://e.deviantart.net/emoticons/h/heart.gif&quot; alt=&quot;Heart&quot; style=&quot;width: 15px; height: 13px;&quot; data-embed-type=&quot;emoticon&quot; data-embed-id=&quot;357&quot;&gt;&amp;nbsp;so you will not miss a lot of goodies&amp;nbsp;&lt;/b&gt;&lt;a href=&quot;https://www.deviantart.com/cookiemagik/art/excited-162537016&quot; class=&quot;emoticon&quot; data-embed-type=&quot;emoticon&quot; data-embed-id=&quot;162537016&quot; data-embed-profile=&quot;deviation&quot;&gt;&lt;img src=&quot;https://orig00.deviantart.net/3eb8/f/2011/189/f/7/_excited__by_cookiemagik-d2orqd4.gif&quot; alt=&quot;:excited:&quot; style=&quot;width:37px;height:25px&quot;&gt;&lt;/a&gt;&lt;br /&gt;&lt;div&gt;&lt;img src=&quot;https://t00.deviantart.net/GlL6dmrQX1BsicookGjMW3ZG1XE=/300x200/filters:fixed_height(100,100):origin()/pre00/ddfa/th/pre/f/2019/052/0/b/verdun_by_naschi-dd0c14a.jpg&quot; alt=&quot;thumbnail&quot; /&gt;&lt;/div&gt;</description>            </item>
                    <item>
                <title>Transparent PNG - Yae Sakura (Honkai Impact 3rd)</title>
                <link>https://anastasiya-v.deviantart.com/art/Transparent-PNG-Yae-Sakura-Honkai-Impact-3rd-786573310</link>
                <guid isPermaLink="true">https://anastasiya-v.deviantart.com/art/Transparent-PNG-Yae-Sakura-Honkai-Impact-3rd-786573310</guid>
                <pubDate>Wed, 20 Feb 2019 22:18:53 PST</pubDate>
                        <media:title type="plain">Transparent PNG - Yae Sakura (Honkai Impact 3rd)</media:title>
        <media:keywords></media:keywords>
                        <media:rating>nonadult</media:rating>
                <media:category label="Other">resources/stockart/3drenders/other</media:category>
        <media:credit role="author" scheme="urn:ebu">Anastasiya-V</media:credit>
        <media:credit role="author" scheme="urn:ebu">https://a.deviantart.net/avatars/a/n/anastasiya-v.jpg?10</media:credit>
        <media:copyright url="https://anastasiya-v.deviantart.com">Copyright 2019 Anastasiya-V</media:copyright>            <media:description type="html">&lt;b&gt;&amp;#10031; The original artist did give me permission to post this. &amp;#10031;&lt;/b&gt;&lt;br /&gt;______________________________________________________&lt;br /&gt;&lt;br /&gt;Original Picture : &lt;a class=&quot;external&quot; href=&quot;https://www.deviantart.com/users/outgoing?https://www.pixiv.net/member_illust.php?mode=medium&amp;amp;illust_id=66428964&quot;&gt;Pixiv&lt;/a&gt;&lt;br /&gt;______________________________________________________&lt;br /&gt;&lt;br /&gt;&lt;b&gt; I highly recommend you to check out the original artist: &lt;/b&gt;&lt;br /&gt;&lt;br /&gt;&amp;#10147; Pixiv: &lt;a class=&quot;external&quot; href=&quot;https://www.deviantart.com/users/outgoing?https://www.pixiv.net/member.php?id=9601454&quot;&gt;-dye-&lt;/a&gt;</media:description>            <media:thumbnail url="https://t00.deviantart.net/gNjYZMEj8sLwnJoSaCCdOQ93DnM=/fit-in/150x150/filters:no_upscale():origin()/pre00/53ee/th/pre/i/2019/051/4/7/transparent_png___yae_sakura__honkai_impact_3rd__by_anastasiya_v-dd0azum.png" height="150" width="106"/>            <media:thumbnail url="https://t00.deviantart.net/KUBmo_Rn12iUdUUv7vI4I2ksC54=/fit-in/300x900/filters:no_upscale():origin()/pre00/53ee/th/pre/i/2019/051/4/7/transparent_png___yae_sakura__honkai_impact_3rd__by_anastasiya_v-dd0azum.png" height="424" width="300"/>            <media:thumbnail url="https://t00.deviantart.net/Pzr3bt37QnBOnzCZ1kZSyKjCcpA=/300x200/filters:fixed_height(100,100):origin()/pre00/53ee/th/pre/i/2019/051/4/7/transparent_png___yae_sakura__honkai_impact_3rd__by_anastasiya_v-dd0azum.png" height="200" width="141"/>            <media:content url="https://pre00.deviantart.net/53ee/th/pre/i/2019/051/4/7/transparent_png___yae_sakura__honkai_impact_3rd__by_anastasiya_v-dd0azum.png" height="1063" width="752" medium="image"/>            
            <description>&lt;b&gt;&amp;#10031; The original artist did give me permission to post this. &amp;#10031;&lt;/b&gt;&lt;br /&gt;______________________________________________________&lt;br /&gt;&lt;br /&gt;Original Picture : &lt;a class=&quot;external&quot; href=&quot;https://www.deviantart.com/users/outgoing?https://www.pixiv.net/member_illust.php?mode=medium&amp;amp;illust_id=66428964&quot;&gt;Pixiv&lt;/a&gt;&lt;br /&gt;______________________________________________________&lt;br /&gt;&lt;br /&gt;&lt;b&gt; I highly recommend you to check out the original artist: &lt;/b&gt;&lt;br /&gt;&lt;br /&gt;&amp;#10147; Pixiv: &lt;a class=&quot;external&quot; href=&quot;https://www.deviantart.com/users/outgoing?https://www.pixiv.net/member.php?id=9601454&quot;&gt;-dye-&lt;/a&gt;&lt;br /&gt;&lt;div&gt;&lt;img src=&quot;https://t00.deviantart.net/Pzr3bt37QnBOnzCZ1kZSyKjCcpA=/300x200/filters:fixed_height(100,100):origin()/pre00/53ee/th/pre/i/2019/051/4/7/transparent_png___yae_sakura__honkai_impact_3rd__by_anastasiya_v-dd0azum.png&quot; alt=&quot;thumbnail&quot; /&gt;&lt;/div&gt;</description>            </item>
                    <item>
                <title>Sorceress - Dragon`s Crown</title>
                <link>https://kasai.deviantart.com/art/Sorceress-Dragon-s-Crown-786617604</link>
                <guid isPermaLink="true">https://kasai.deviantart.com/art/Sorceress-Dragon-s-Crown-786617604</guid>
                <pubDate>Thu, 21 Feb 2019 08:38:34 PST</pubDate>
                        <media:title type="plain">Sorceress - Dragon`s Crown</media:title>
        <media:keywords></media:keywords>
                        <media:rating>nonadult</media:rating>
                <media:category label="Games">fanart/digital/painting/games</media:category>
        <media:credit role="author" scheme="urn:ebu">kasai</media:credit>
        <media:credit role="author" scheme="urn:ebu">https://a.deviantart.net/avatars/k/a/kasai.jpg?11</media:credit>
        <media:copyright url="https://kasai.deviantart.com">Copyright 2019 kasai</media:copyright>
            <media:community>
                <media:tags>@lejeanx3</media:tags>
            </media:community>            <media:description type="html">&lt;p&gt;&lt;a href=&quot;https://www.deviantart.com/users/outgoing?https://t.umblr.com/redirect?z=https%3A%2F%2Fwww.patreon.com%2Fjoin%2FKasaiX3%3F&amp;amp;t=OTQ5YWYwNjNiNGYxYTMzZTBlYmNkZWZhYWUwZTZlMjQxMzJkNzc5MixFMk9NUE4xbQ%3D%3D&amp;amp;b=t%3AuEbK2lP3qkBmuEf9WAwecw&amp;amp;p=http%3A%2F%2Flejeanx3.tumblr.com%2Fpost%2F182960906773%2Fhttpswwwpatreoncomjoinkasaix3-sfw-nsfw&amp;amp;m=1&quot;&gt;&lt;a class=&quot;external&quot; href=&quot;https://www.deviantart.com/users/outgoing?https://www.patreon.com/join/KasaiX3&quot;&gt;www.patreon.com/join/KasaiX3&lt;/a&gt;?&lt;/a&gt;&lt;br /&gt;SFW&amp;gt;NSFW&lt;br /&gt;Pose chosen by supporters on Patreon!&lt;br /&gt;&lt;/p&gt;&lt;p&gt;_______________________________________________________________&lt;br /&gt;Store&lt;br /&gt;&amp;nbsp;&lt;a class=&quot;external&quot; href=&quot;https://www.deviantart.com/users/outgoing?https://gumroad.com/lejeanx3#&quot;&gt;gumroad.com/lejeanx3&lt;/a&gt;&lt;br /&gt;&lt;br /&gt;&amp;nbsp;&lt;a class=&quot;external&quot; href=&quot;https://www.deviantart.com/users/outgoing?https://www.redbubble.com/people/kasaix3?asc=u&quot;&gt;www.redbubble.com/people/kasai&amp;hellip;&lt;/a&gt;&lt;br /&gt;&lt;/p&gt;</media:description>            <media:thumbnail url="https://t00.deviantart.net/EXprBSTVCw4Mb63WWGngQhd5TZk=/fit-in/150x150/filters:no_upscale():origin()/pre00/ae98/th/pre/f/2019/052/c/7/sorceress___dragon_s_crown_by_kasai-dd0by10.jpg" height="150" width="109"/>            <media:thumbnail url="https://t00.deviantart.net/GdQPMTCw5nK6_qJn-7GRCcz_TEs=/fit-in/300x900/filters:no_upscale():origin()/pre00/ae98/th/pre/f/2019/052/c/7/sorceress___dragon_s_crown_by_kasai-dd0by10.jpg" height="412" width="300"/>            <media:thumbnail url="https://t00.deviantart.net/QdhVaEJfNgzB7s7vqkW7FiPEKf0=/300x200/filters:fixed_height(100,100):origin()/pre00/ae98/th/pre/f/2019/052/c/7/sorceress___dragon_s_crown_by_kasai-dd0by10.jpg" height="200" width="146"/>            <media:content url="https://orig00.deviantart.net/786f/f/2019/052/c/7/sorceress___dragon_s_crown_by_kasai-dd0by10.jpg" height="1011" width="737" medium="image"/>            
            <description>&lt;p&gt;&lt;a href=&quot;https://www.deviantart.com/users/outgoing?https://t.umblr.com/redirect?z=https%3A%2F%2Fwww.patreon.com%2Fjoin%2FKasaiX3%3F&amp;amp;t=OTQ5YWYwNjNiNGYxYTMzZTBlYmNkZWZhYWUwZTZlMjQxMzJkNzc5MixFMk9NUE4xbQ%3D%3D&amp;amp;b=t%3AuEbK2lP3qkBmuEf9WAwecw&amp;amp;p=http%3A%2F%2Flejeanx3.tumblr.com%2Fpost%2F182960906773%2Fhttpswwwpatreoncomjoinkasaix3-sfw-nsfw&amp;amp;m=1&quot;&gt;&lt;a class=&quot;external&quot; href=&quot;https://www.deviantart.com/users/outgoing?https://www.patreon.com/join/KasaiX3&quot;&gt;www.patreon.com/join/KasaiX3&lt;/a&gt;?&lt;/a&gt;&lt;br /&gt;SFW&amp;gt;NSFW&lt;br /&gt;Pose chosen by supporters on Patreon!&lt;br /&gt;&lt;/p&gt;&lt;p&gt;_______________________________________________________________&lt;br /&gt;Store&lt;br /&gt;&amp;nbsp;&lt;a class=&quot;external&quot; href=&quot;https://www.deviantart.com/users/outgoing?https://gumroad.com/lejeanx3#&quot;&gt;gumroad.com/lejeanx3&lt;/a&gt;&lt;br /&gt;&lt;br /&gt;&amp;nbsp;&lt;a class=&quot;external&quot; href=&quot;https://www.deviantart.com/users/outgoing?https://www.redbubble.com/people/kasaix3?asc=u&quot;&gt;www.redbubble.com/people/kasai&amp;hellip;&lt;/a&gt;&lt;br /&gt;&lt;/p&gt;&lt;br /&gt;&lt;div&gt;&lt;img src=&quot;https://t00.deviantart.net/QdhVaEJfNgzB7s7vqkW7FiPEKf0=/300x200/filters:fixed_height(100,100):origin()/pre00/ae98/th/pre/f/2019/052/c/7/sorceress___dragon_s_crown_by_kasai-dd0by10.jpg&quot; alt=&quot;thumbnail&quot; /&gt;&lt;/div&gt;</description>            </item>
                    <item>
                <title>Good Omens</title>
                <link>https://sandara.deviantart.com/art/Good-Omens-786671266</link>
                <guid isPermaLink="true">https://sandara.deviantart.com/art/Good-Omens-786671266</guid>
                <pubDate>Thu, 21 Feb 2019 16:17:56 PST</pubDate>
                        <media:title type="plain">Good Omens</media:title>
        <media:keywords></media:keywords>
                        <media:rating>nonadult</media:rating>
                <media:category label="Books &amp; Novels">fanart/digital/painting/books</media:category>
        <media:credit role="author" scheme="urn:ebu">sandara</media:credit>
        <media:credit role="author" scheme="urn:ebu">https://a.deviantart.net/avatars/s/a/sandara.jpg?4</media:credit>
        <media:copyright url="https://sandara.deviantart.com">Copyright 2019 sandara</media:copyright>            <media:description type="html">31st May!&lt;br /&gt;This better be good! D:&amp;lt;</media:description>            <media:thumbnail url="https://t00.deviantart.net/cZURaTbT-aPIvKTrA48ii_ErZ54=/fit-in/150x150/filters:no_upscale():origin()/pre00/6dc2/th/pre/f/2019/052/e/e/good_omens_by_sandara-dd0d3fm.jpg" height="72" width="150"/>            <media:thumbnail url="https://t00.deviantart.net/Bs4XwnXx7jN2xz-p8mZxAfe_hao=/fit-in/300x900/filters:no_upscale():origin()/pre00/6dc2/th/pre/f/2019/052/e/e/good_omens_by_sandara-dd0d3fm.jpg" height="144" width="300"/>            <media:thumbnail url="https://t00.deviantart.net/_75sFwZlHynYvohWUhzlnm92BZ8=/300x200/filters:fixed_height(100,100):origin()/pre00/6dc2/th/pre/f/2019/052/e/e/good_omens_by_sandara-dd0d3fm.jpg" height="144" width="300"/>            <media:content url="https://pre00.deviantart.net/6dc2/th/pre/f/2019/052/e/e/good_omens_by_sandara-dd0d3fm.jpg" height="620" width="1289" medium="image"/>            
            <description>31st May!&lt;br /&gt;This better be good! D:&amp;lt;&lt;br /&gt;&lt;div&gt;&lt;img src=&quot;https://t00.deviantart.net/_75sFwZlHynYvohWUhzlnm92BZ8=/300x200/filters:fixed_height(100,100):origin()/pre00/6dc2/th/pre/f/2019/052/e/e/good_omens_by_sandara-dd0d3fm.jpg&quot; alt=&quot;thumbnail&quot; /&gt;&lt;/div&gt;</description>            </item>
                    <item>
                <title>Erma and Mr. X</title>
                <link>https://outcastcomix.deviantart.com/art/Erma-and-Mr-X-786543185</link>
                <guid isPermaLink="true">https://outcastcomix.deviantart.com/art/Erma-and-Mr-X-786543185</guid>
                <pubDate>Wed, 20 Feb 2019 17:32:38 PST</pubDate>
                        <media:title type="plain">Erma and Mr. X</media:title>
        <media:keywords></media:keywords>
                        <media:rating>nonadult</media:rating>
                <media:category label="Drawings">cartoons/digital/cartoons/drawings</media:category>
        <media:credit role="author" scheme="urn:ebu">OUTCASTComix</media:credit>
        <media:credit role="author" scheme="urn:ebu">https://a.deviantart.net/avatars/o/u/outcastcomix.jpg?5</media:credit>
        <media:copyright url="https://outcastcomix.deviantart.com">Copyright 2019 OUTCASTComix</media:copyright>
            <media:community>
                <media:tags>@4BrandonJS4</media:tags>
            </media:community>            <media:description type="html">Insert DMX song here.</media:description>            <media:thumbnail url="https://t00.deviantart.net/sd5UKLa6j3YZZ4tC48OPIOvkAiY=/fit-in/150x150/filters:no_upscale():origin()/pre00/c077/th/pre/i/2019/051/3/e/erma_and_mr__x_by_outcastcomix-dd0aclt.jpg" height="150" width="150"/>            <media:thumbnail url="https://t00.deviantart.net/Q3BWTKuP5YQ5w9N_DL2FGd-gWpU=/fit-in/300x900/filters:no_upscale():origin()/pre00/c077/th/pre/i/2019/051/3/e/erma_and_mr__x_by_outcastcomix-dd0aclt.jpg" height="301" width="300"/>            <media:thumbnail url="https://t00.deviantart.net/vmUrCZohq_XXadS8Ar9GfQWdTDI=/300x200/filters:fixed_height(100,100):origin()/pre00/c077/th/pre/i/2019/051/3/e/erma_and_mr__x_by_outcastcomix-dd0aclt.jpg" height="200" width="200"/>            <media:content url="https://pre00.deviantart.net/c077/th/pre/i/2019/051/3/e/erma_and_mr__x_by_outcastcomix-dd0aclt.jpg" height="895" width="893" medium="image"/>            
            <description>Insert DMX song here.&lt;br /&gt;&lt;div&gt;&lt;img src=&quot;https://t00.deviantart.net/vmUrCZohq_XXadS8Ar9GfQWdTDI=/300x200/filters:fixed_height(100,100):origin()/pre00/c077/th/pre/i/2019/051/3/e/erma_and_mr__x_by_outcastcomix-dd0aclt.jpg&quot; alt=&quot;thumbnail&quot; /&gt;&lt;/div&gt;</description>            </item>
                    <item>
                <title>Steele&#039;s family sheet</title>
                <link>https://namygaga.deviantart.com/art/Steele-s-family-sheet-786546812</link>
                <guid isPermaLink="true">https://namygaga.deviantart.com/art/Steele-s-family-sheet-786546812</guid>
                <pubDate>Wed, 20 Feb 2019 18:06:50 PST</pubDate>
                        <media:title type="plain">Steele&#039;s family sheet</media:title>
        <media:keywords></media:keywords>
                        <media:rating>nonadult</media:rating>
                <media:category label="Movies &amp; TV">fanart/digital/drawings/movies</media:category>
        <media:credit role="author" scheme="urn:ebu">NamyGaga</media:credit>
        <media:credit role="author" scheme="urn:ebu">https://a.deviantart.net/avatars/n/a/namygaga.png?6</media:credit>
        <media:copyright url="https://namygaga.deviantart.com">Copyright 2019 NamyGaga</media:copyright>             <creativeCommons:license>http://creativecommons.org/licenses/by-nc-nd/3.0/</creativeCommons:license>
                <media:description type="html">MORE:&amp;nbsp;&lt;span class=&quot;shadow-holder&quot; data-embed-type=&quot;deviation&quot; data-embed-id=&quot;782652611&quot; data-embed-format=&quot;thumb&quot;&gt;&lt;span class=&quot;shadow mild&quot; &gt;&lt;a class=&quot;thumb&quot; href=&quot;https://www.deviantart.com/namygaga/art/Now-you-will-follow-me-Steele-782652611&quot; title=&quot;Now you will follow me, Steele by NamyGaga, Jan 25, 2019 in Fan Art &amp;gt; Digital Art &amp;gt; Drawings &amp;gt; Movies &amp;amp; TV&quot;data-super-img=&quot;https://images-wixmp-ed30a86b8c4ca887773594c2.wixmp.com/intermediary/f/2700d810-42b0-490d-8e18-612a01e557dd/dcxyymb-8e010394-337d-4204-90e5-dc7d35a3f23a.png/v1/fill/w_1097,h_728,q_70,strp/now_you_will_follow_me__steele_by_namygaga_dcxyymb-pre.jpg&quot; data-super-width=&quot;1097&quot; data-super-height=&quot;728&quot; data-super-transparent=&quot;false&quot; data-super-alt=&quot;Now you will follow me, Steele by NamyGaga&quot; data-super-full-img=&quot;https://images-wixmp-ed30a86b8c4ca887773594c2.wixmp.com/intermediary/f/2700d810-42b0-490d-8e18-612a01e557dd/dcxyymb-8e010394-337d-4204-90e5-dc7d35a3f23a.png&quot; data-super-full-width=&quot;3006&quot; data-super-full-height=&quot;1995&quot;        data-sigil=&quot;thumb&quot;&gt;
        &lt;i&gt;&lt;/i&gt;&lt;img   width=&quot;150&quot; height=&quot;100&quot; alt=&quot;Now you will follow me, Steele by NamyGaga&quot; src=&quot;https://images-wixmp-ed30a86b8c4ca887773594c2.wixmp.com/intermediary/f/2700d810-42b0-490d-8e18-612a01e557dd/dcxyymb-8e010394-337d-4204-90e5-dc7d35a3f23a.png/v1/fit/w_150,h_150,q_70,strp/now_you_will_follow_me__steele_by_namygaga_dcxyymb-150.jpg&quot; data-src=&quot;https://images-wixmp-ed30a86b8c4ca887773594c2.wixmp.com/intermediary/f/2700d810-42b0-490d-8e18-612a01e557dd/dcxyymb-8e010394-337d-4204-90e5-dc7d35a3f23a.png/v1/fit/w_150,h_150,q_70,strp/now_you_will_follow_me__steele_by_namygaga_dcxyymb-150.jpg&quot; srcset=&quot;https://images-wixmp-ed30a86b8c4ca887773594c2.wixmp.com/intermediary/f/2700d810-42b0-490d-8e18-612a01e557dd/dcxyymb-8e010394-337d-4204-90e5-dc7d35a3f23a.png/v1/fit/w_150,h_150,q_70,strp/now_you_will_follow_me__steele_by_namygaga_dcxyymb-150.jpg 150w,https://images-wixmp-ed30a86b8c4ca887773594c2.wixmp.com/intermediary/f/2700d810-42b0-490d-8e18-612a01e557dd/dcxyymb-8e010394-337d-4204-90e5-dc7d35a3f23a.png/v1/fill/w_377,h_250,q_70,strp/now_you_will_follow_me__steele_by_namygaga_dcxyymb-250t.jpg 377w,https://images-wixmp-ed30a86b8c4ca887773594c2.wixmp.com/intermediary/f/2700d810-42b0-490d-8e18-612a01e557dd/dcxyymb-8e010394-337d-4204-90e5-dc7d35a3f23a.png/v1/fill/w_527,h_350,q_70,strp/now_you_will_follow_me__steele_by_namygaga_dcxyymb-350t.jpg 527w,https://images-wixmp-ed30a86b8c4ca887773594c2.wixmp.com/intermediary/f/2700d810-42b0-490d-8e18-612a01e557dd/dcxyymb-8e010394-337d-4204-90e5-dc7d35a3f23a.png/v1/fill/w_603,h_400,q_70,strp/now_you_will_follow_me__steele_by_namygaga_dcxyymb-400t.jpg 603w,https://images-wixmp-ed30a86b8c4ca887773594c2.wixmp.com/intermediary/f/2700d810-42b0-490d-8e18-612a01e557dd/dcxyymb-8e010394-337d-4204-90e5-dc7d35a3f23a.png/v1/fill/w_1097,h_728,q_70,strp/now_you_will_follow_me__steele_by_namygaga_dcxyymb-pre.jpg 1097w&quot; sizes=&quot;150px&quot;&gt;&lt;/a&gt;&lt;/span&gt;&lt;!-- ^TTT --&gt;&lt;!-- TTT$ --&gt;&lt;/span&gt;&amp;nbsp;&lt;span class=&quot;shadow-holder&quot; data-embed-type=&quot;deviation&quot; data-embed-id=&quot;786532058&quot; data-embed-format=&quot;thumb&quot;&gt;&lt;span class=&quot;shadow mild&quot; &gt;&lt;a class=&quot;thumb&quot; href=&quot;https://www.deviantart.com/namygaga/art/Steele-s-kids-786532058&quot; title=&quot;Steele&amp;#039;s kids by NamyGaga, Feb 20, 2019 in Fan Art &amp;gt; Digital Art &amp;gt; Drawings &amp;gt; Movies &amp;amp; TV&quot;data-super-img=&quot;https://images-wixmp-ed30a86b8c4ca887773594c2.wixmp.com/intermediary/f/2700d810-42b0-490d-8e18-612a01e557dd/dd0a40q-7abe8ab3-3c4c-42a2-a5db-76d31f26f0b6.png/v1/fill/w_1192,h_670,q_70,strp/steele_s_kids_by_namygaga_dd0a40q-pre.jpg&quot; data-super-width=&quot;1192&quot; data-super-height=&quot;670&quot; data-super-transparent=&quot;false&quot; data-super-alt=&quot;Steele&amp;#039;s kids by NamyGaga&quot; data-super-full-img=&quot;https://images-wixmp-ed30a86b8c4ca887773594c2.wixmp.com/intermediary/f/2700d810-42b0-490d-8e18-612a01e557dd/dd0a40q-7abe8ab3-3c4c-42a2-a5db-76d31f26f0b6.png&quot; data-super-full-width=&quot;3265&quot; data-super-full-height=&quot;1837&quot;        data-sigil=&quot;thumb&quot;&gt;
        &lt;i&gt;&lt;/i&gt;&lt;img   width=&quot;150&quot; height=&quot;84&quot; alt=&quot;Steele&amp;#039;s kids by NamyGaga&quot; src=&quot;https://images-wixmp-ed30a86b8c4ca887773594c2.wixmp.com/intermediary/f/2700d810-42b0-490d-8e18-612a01e557dd/dd0a40q-7abe8ab3-3c4c-42a2-a5db-76d31f26f0b6.png/v1/fit/w_150,h_150,q_70,strp/steele_s_kids_by_namygaga_dd0a40q-150.jpg&quot; data-src=&quot;https://images-wixmp-ed30a86b8c4ca887773594c2.wixmp.com/intermediary/f/2700d810-42b0-490d-8e18-612a01e557dd/dd0a40q-7abe8ab3-3c4c-42a2-a5db-76d31f26f0b6.png/v1/fit/w_150,h_150,q_70,strp/steele_s_kids_by_namygaga_dd0a40q-150.jpg&quot; srcset=&quot;https://images-wixmp-ed30a86b8c4ca887773594c2.wixmp.com/intermediary/f/2700d810-42b0-490d-8e18-612a01e557dd/dd0a40q-7abe8ab3-3c4c-42a2-a5db-76d31f26f0b6.png/v1/fit/w_150,h_150,q_70,strp/steele_s_kids_by_namygaga_dd0a40q-150.jpg 150w,https://images-wixmp-ed30a86b8c4ca887773594c2.wixmp.com/intermediary/f/2700d810-42b0-490d-8e18-612a01e557dd/dd0a40q-7abe8ab3-3c4c-42a2-a5db-76d31f26f0b6.png/v1/fill/w_444,h_250,q_70,strp/steele_s_kids_by_namygaga_dd0a40q-250t.jpg 444w,https://images-wixmp-ed30a86b8c4ca887773594c2.wixmp.com/intermediary/f/2700d810-42b0-490d-8e18-612a01e557dd/dd0a40q-7abe8ab3-3c4c-42a2-a5db-76d31f26f0b6.png/v1/fill/w_622,h_350,q_70,strp/steele_s_kids_by_namygaga_dd0a40q-350t.jpg 622w,https://images-wixmp-ed30a86b8c4ca887773594c2.wixmp.com/intermediary/f/2700d810-42b0-490d-8e18-612a01e557dd/dd0a40q-7abe8ab3-3c4c-42a2-a5db-76d31f26f0b6.png/v1/fill/w_711,h_400,q_70,strp/steele_s_kids_by_namygaga_dd0a40q-400t.jpg 711w,https://images-wixmp-ed30a86b8c4ca887773594c2.wixmp.com/intermediary/f/2700d810-42b0-490d-8e18-612a01e557dd/dd0a40q-7abe8ab3-3c4c-42a2-a5db-76d31f26f0b6.png/v1/fill/w_1192,h_670,q_70,strp/steele_s_kids_by_namygaga_dd0a40q-pre.jpg 1192w&quot; sizes=&quot;150px&quot;&gt;&lt;/a&gt;&lt;/span&gt;&lt;!-- ^TTT --&gt;&lt;!-- TTT$ --&gt;&lt;/span&gt;&lt;br /&gt;&lt;br /&gt;Steele + Dakota + &amp;lt;3 = Chayanne, T&amp;#225;dita, Shada, Nayeli&lt;br /&gt;&lt;br /&gt;Aqu&amp;#237; una muestra del dise&amp;#241;o de cada personaje, Steele y su familia.&lt;br /&gt;____&lt;br /&gt;&lt;br /&gt;Here is a sample of the design of each character, Steele and his family.</media:description>            <media:thumbnail url="https://t00.deviantart.net/jFSn2YFiezETTZMHC1dTX1CX478=/fit-in/150x150/filters:no_upscale():origin()/pre00/267f/th/pre/f/2019/051/3/0/steele_s_family_sheet_by_namygaga-dd0afek.png" height="85" width="150"/>            <media:thumbnail url="https://t00.deviantart.net/gPPIZVHMzrRzf-gIKqx-_j4wlnM=/fit-in/300x900/filters:no_upscale():origin()/pre00/267f/th/pre/f/2019/051/3/0/steele_s_family_sheet_by_namygaga-dd0afek.png" height="170" width="300"/>            <media:thumbnail url="https://t00.deviantart.net/1hhyVK_DWZprbKjdkVo_x3hsdvo=/300x200/filters:fixed_height(100,100):origin()/pre00/267f/th/pre/f/2019/051/3/0/steele_s_family_sheet_by_namygaga-dd0afek.png" height="170" width="300"/>            <media:content url="https://pre00.deviantart.net/267f/th/pre/f/2019/051/3/0/steele_s_family_sheet_by_namygaga-dd0afek.png" height="673" width="1188" medium="image"/>            
            <description>MORE:&amp;nbsp;&lt;span class=&quot;shadow-holder&quot; data-embed-type=&quot;deviation&quot; data-embed-id=&quot;782652611&quot; data-embed-format=&quot;thumb&quot;&gt;&lt;span class=&quot;shadow mild&quot; &gt;&lt;a class=&quot;thumb&quot; href=&quot;https://www.deviantart.com/namygaga/art/Now-you-will-follow-me-Steele-782652611&quot; title=&quot;Now you will follow me, Steele by NamyGaga, Jan 25, 2019 in Fan Art &amp;gt; Digital Art &amp;gt; Drawings &amp;gt; Movies &amp;amp; TV&quot;data-super-img=&quot;https://images-wixmp-ed30a86b8c4ca887773594c2.wixmp.com/intermediary/f/2700d810-42b0-490d-8e18-612a01e557dd/dcxyymb-8e010394-337d-4204-90e5-dc7d35a3f23a.png/v1/fill/w_1097,h_728,q_70,strp/now_you_will_follow_me__steele_by_namygaga_dcxyymb-pre.jpg&quot; data-super-width=&quot;1097&quot; data-super-height=&quot;728&quot; data-super-transparent=&quot;false&quot; data-super-alt=&quot;Now you will follow me, Steele by NamyGaga&quot; data-super-full-img=&quot;https://images-wixmp-ed30a86b8c4ca887773594c2.wixmp.com/intermediary/f/2700d810-42b0-490d-8e18-612a01e557dd/dcxyymb-8e010394-337d-4204-90e5-dc7d35a3f23a.png&quot; data-super-full-width=&quot;3006&quot; data-super-full-height=&quot;1995&quot;        data-sigil=&quot;thumb&quot;&gt;
        &lt;i&gt;&lt;/i&gt;&lt;img   width=&quot;150&quot; height=&quot;100&quot; alt=&quot;Now you will follow me, Steele by NamyGaga&quot; src=&quot;https://images-wixmp-ed30a86b8c4ca887773594c2.wixmp.com/intermediary/f/2700d810-42b0-490d-8e18-612a01e557dd/dcxyymb-8e010394-337d-4204-90e5-dc7d35a3f23a.png/v1/fit/w_150,h_150,q_70,strp/now_you_will_follow_me__steele_by_namygaga_dcxyymb-150.jpg&quot; data-src=&quot;https://images-wixmp-ed30a86b8c4ca887773594c2.wixmp.com/intermediary/f/2700d810-42b0-490d-8e18-612a01e557dd/dcxyymb-8e010394-337d-4204-90e5-dc7d35a3f23a.png/v1/fit/w_150,h_150,q_70,strp/now_you_will_follow_me__steele_by_namygaga_dcxyymb-150.jpg&quot; srcset=&quot;https://images-wixmp-ed30a86b8c4ca887773594c2.wixmp.com/intermediary/f/2700d810-42b0-490d-8e18-612a01e557dd/dcxyymb-8e010394-337d-4204-90e5-dc7d35a3f23a.png/v1/fit/w_150,h_150,q_70,strp/now_you_will_follow_me__steele_by_namygaga_dcxyymb-150.jpg 150w,https://images-wixmp-ed30a86b8c4ca887773594c2.wixmp.com/intermediary/f/2700d810-42b0-490d-8e18-612a01e557dd/dcxyymb-8e010394-337d-4204-90e5-dc7d35a3f23a.png/v1/fill/w_377,h_250,q_70,strp/now_you_will_follow_me__steele_by_namygaga_dcxyymb-250t.jpg 377w,https://images-wixmp-ed30a86b8c4ca887773594c2.wixmp.com/intermediary/f/2700d810-42b0-490d-8e18-612a01e557dd/dcxyymb-8e010394-337d-4204-90e5-dc7d35a3f23a.png/v1/fill/w_527,h_350,q_70,strp/now_you_will_follow_me__steele_by_namygaga_dcxyymb-350t.jpg 527w,https://images-wixmp-ed30a86b8c4ca887773594c2.wixmp.com/intermediary/f/2700d810-42b0-490d-8e18-612a01e557dd/dcxyymb-8e010394-337d-4204-90e5-dc7d35a3f23a.png/v1/fill/w_603,h_400,q_70,strp/now_you_will_follow_me__steele_by_namygaga_dcxyymb-400t.jpg 603w,https://images-wixmp-ed30a86b8c4ca887773594c2.wixmp.com/intermediary/f/2700d810-42b0-490d-8e18-612a01e557dd/dcxyymb-8e010394-337d-4204-90e5-dc7d35a3f23a.png/v1/fill/w_1097,h_728,q_70,strp/now_you_will_follow_me__steele_by_namygaga_dcxyymb-pre.jpg 1097w&quot; sizes=&quot;150px&quot;&gt;&lt;/a&gt;&lt;/span&gt;&lt;!-- ^TTT --&gt;&lt;!-- TTT$ --&gt;&lt;/span&gt;&amp;nbsp;&lt;span class=&quot;shadow-holder&quot; data-embed-type=&quot;deviation&quot; data-embed-id=&quot;786532058&quot; data-embed-format=&quot;thumb&quot;&gt;&lt;span class=&quot;shadow mild&quot; &gt;&lt;a class=&quot;thumb&quot; href=&quot;https://www.deviantart.com/namygaga/art/Steele-s-kids-786532058&quot; title=&quot;Steele&amp;#039;s kids by NamyGaga, Feb 20, 2019 in Fan Art &amp;gt; Digital Art &amp;gt; Drawings &amp;gt; Movies &amp;amp; TV&quot;data-super-img=&quot;https://images-wixmp-ed30a86b8c4ca887773594c2.wixmp.com/intermediary/f/2700d810-42b0-490d-8e18-612a01e557dd/dd0a40q-7abe8ab3-3c4c-42a2-a5db-76d31f26f0b6.png/v1/fill/w_1192,h_670,q_70,strp/steele_s_kids_by_namygaga_dd0a40q-pre.jpg&quot; data-super-width=&quot;1192&quot; data-super-height=&quot;670&quot; data-super-transparent=&quot;false&quot; data-super-alt=&quot;Steele&amp;#039;s kids by NamyGaga&quot; data-super-full-img=&quot;https://images-wixmp-ed30a86b8c4ca887773594c2.wixmp.com/intermediary/f/2700d810-42b0-490d-8e18-612a01e557dd/dd0a40q-7abe8ab3-3c4c-42a2-a5db-76d31f26f0b6.png&quot; data-super-full-width=&quot;3265&quot; data-super-full-height=&quot;1837&quot;        data-sigil=&quot;thumb&quot;&gt;
        &lt;i&gt;&lt;/i&gt;&lt;img   width=&quot;150&quot; height=&quot;84&quot; alt=&quot;Steele&amp;#039;s kids by NamyGaga&quot; src=&quot;https://images-wixmp-ed30a86b8c4ca887773594c2.wixmp.com/intermediary/f/2700d810-42b0-490d-8e18-612a01e557dd/dd0a40q-7abe8ab3-3c4c-42a2-a5db-76d31f26f0b6.png/v1/fit/w_150,h_150,q_70,strp/steele_s_kids_by_namygaga_dd0a40q-150.jpg&quot; data-src=&quot;https://images-wixmp-ed30a86b8c4ca887773594c2.wixmp.com/intermediary/f/2700d810-42b0-490d-8e18-612a01e557dd/dd0a40q-7abe8ab3-3c4c-42a2-a5db-76d31f26f0b6.png/v1/fit/w_150,h_150,q_70,strp/steele_s_kids_by_namygaga_dd0a40q-150.jpg&quot; srcset=&quot;https://images-wixmp-ed30a86b8c4ca887773594c2.wixmp.com/intermediary/f/2700d810-42b0-490d-8e18-612a01e557dd/dd0a40q-7abe8ab3-3c4c-42a2-a5db-76d31f26f0b6.png/v1/fit/w_150,h_150,q_70,strp/steele_s_kids_by_namygaga_dd0a40q-150.jpg 150w,https://images-wixmp-ed30a86b8c4ca887773594c2.wixmp.com/intermediary/f/2700d810-42b0-490d-8e18-612a01e557dd/dd0a40q-7abe8ab3-3c4c-42a2-a5db-76d31f26f0b6.png/v1/fill/w_444,h_250,q_70,strp/steele_s_kids_by_namygaga_dd0a40q-250t.jpg 444w,https://images-wixmp-ed30a86b8c4ca887773594c2.wixmp.com/intermediary/f/2700d810-42b0-490d-8e18-612a01e557dd/dd0a40q-7abe8ab3-3c4c-42a2-a5db-76d31f26f0b6.png/v1/fill/w_622,h_350,q_70,strp/steele_s_kids_by_namygaga_dd0a40q-350t.jpg 622w,https://images-wixmp-ed30a86b8c4ca887773594c2.wixmp.com/intermediary/f/2700d810-42b0-490d-8e18-612a01e557dd/dd0a40q-7abe8ab3-3c4c-42a2-a5db-76d31f26f0b6.png/v1/fill/w_711,h_400,q_70,strp/steele_s_kids_by_namygaga_dd0a40q-400t.jpg 711w,https://images-wixmp-ed30a86b8c4ca887773594c2.wixmp.com/intermediary/f/2700d810-42b0-490d-8e18-612a01e557dd/dd0a40q-7abe8ab3-3c4c-42a2-a5db-76d31f26f0b6.png/v1/fill/w_1192,h_670,q_70,strp/steele_s_kids_by_namygaga_dd0a40q-pre.jpg 1192w&quot; sizes=&quot;150px&quot;&gt;&lt;/a&gt;&lt;/span&gt;&lt;!-- ^TTT --&gt;&lt;!-- TTT$ --&gt;&lt;/span&gt;&lt;br /&gt;&lt;br /&gt;Steele + Dakota + &amp;lt;3 = Chayanne, T&amp;#225;dita, Shada, Nayeli&lt;br /&gt;&lt;br /&gt;Aqu&amp;#237; una muestra del dise&amp;#241;o de cada personaje, Steele y su familia.&lt;br /&gt;____&lt;br /&gt;&lt;br /&gt;Here is a sample of the design of each character, Steele and his family.&lt;br /&gt;&lt;div&gt;&lt;img src=&quot;https://t00.deviantart.net/1hhyVK_DWZprbKjdkVo_x3hsdvo=/300x200/filters:fixed_height(100,100):origin()/pre00/267f/th/pre/f/2019/051/3/0/steele_s_family_sheet_by_namygaga-dd0afek.png&quot; alt=&quot;thumbnail&quot; /&gt;&lt;/div&gt;</description>            </item>
                    <item>
                <title>Tsunade</title>
                <link>https://flowerxl.deviantart.com/art/Tsunade-786502789</link>
                <guid isPermaLink="true">https://flowerxl.deviantart.com/art/Tsunade-786502789</guid>
                <pubDate>Wed, 20 Feb 2019 20:00:05 PST</pubDate>
                        <media:title type="plain">Tsunade</media:title>
        <media:keywords></media:keywords>
                        <media:rating>nonadult</media:rating>
                <media:category label="Pin-up">digitalart/paintings/people/pinup</media:category>
        <media:credit role="author" scheme="urn:ebu">Flowerxl</media:credit>
        <media:credit role="author" scheme="urn:ebu">https://a.deviantart.net/avatars/f/l/flowerxl.png?8</media:credit>
        <media:copyright url="https://flowerxl.deviantart.com">Copyright 2019 Flowerxl</media:copyright>            <media:description type="html">&lt;h4 align=&quot;center&quot;&gt;&lt;a href=&quot;https://www.deviantart.com/poserfan/art/Patreon-Icon-543304473&quot; class=&quot;emoticon&quot; data-embed-type=&quot;emoticon&quot; data-embed-id=&quot;543304473&quot; data-embed-profile=&quot;deviation&quot;&gt;&lt;img src=&quot;https://images-wixmp-ed30a86b8c4ca887773594c2.wixmp.com/intermediary/f/0a6e9796-d386-4234-97d1-d46c16906e81/d8zgwex-5864a807-08a9-4167-a686-55d51e951ded.png&quot; alt=&quot;Patreon Icon&quot; style=&quot;width:16px;height:16px&quot;&gt;&lt;/a&gt;&amp;nbsp;&lt;a class=&quot;external&quot; href=&quot;https://www.deviantart.com/users/outgoing?https://www.patreon.com/flowerxl&quot;&gt;SUPPORT ME ON PATREON&lt;/a&gt;&lt;/h4&gt;&lt;h4 align=&quot;center&quot;&gt;&lt;div align=&quot;left&quot;&gt;&lt;hr/&gt;&lt;a href=&quot;https://www.deviantart.com/users/outgoing?https://www.patreon.com/posts/20733518&quot;&gt;&lt;br /&gt;&lt;/a&gt;&lt;a href=&quot;https://www.deviantart.com/users/outgoing?https://www.patreon.com/flowerxl&quot;&gt;&lt;i&gt;&lt;strong&gt;&lt;img src=&quot;https://e.deviantart.net/emoticons/b/bulletorange.gif&quot; alt=&quot;Bullet; Orange&quot; style=&quot;width: 10px; height: 10px;&quot; data-embed-type=&quot;emoticon&quot; data-embed-id=&quot;567&quot;&gt;&amp;nbsp;&lt;/strong&gt;&lt;/i&gt;NSFW VERSION&lt;/a&gt;&lt;i&gt;&lt;strong&gt;&lt;br /&gt;&lt;/strong&gt;&lt;/i&gt;&lt;u&gt;&lt;b&gt;&lt;/b&gt;&lt;/u&gt;&lt;/div&gt;&lt;/h4&gt;&lt;br /&gt;&lt;h4 align=&quot;center&quot;&gt;&lt;div align=&quot;left&quot;&gt;&lt;span class=&quot;shadow-holder&quot; data-embed-type=&quot;deviation&quot; data-embed-id=&quot;652502708&quot; data-embed-format=&quot;thumb&quot;&gt;&lt;span class=&quot;shadow mild&quot; &gt;&lt;a class=&quot;thumb&quot; href=&quot;https://www.deviantart.com/flowerxl/art/COMMISSIONS-ARE-OPEN-652502708&quot; title=&quot;COMMISSIONS ARE OPEN by Flowerxl, Dec 21, 2016 in Scraps&quot;data-super-img=&quot;https://images-wixmp-ed30a86b8c4ca887773594c2.wixmp.com/intermediary/f/6b336d7e-76d0-4fcf-bc45-51a747f81e34/dasheb8-72c64838-48d0-4b60-8c16-942c4c39e3c4.jpg&quot; data-super-width=&quot;200&quot; data-super-height=&quot;200&quot; data-super-transparent=&quot;true&quot; data-super-alt=&quot;COMMISSIONS ARE OPEN by Flowerxl&quot; data-super-full-img=&quot;https://images-wixmp-ed30a86b8c4ca887773594c2.wixmp.com/intermediary/f/6b336d7e-76d0-4fcf-bc45-51a747f81e34/dasheb8-72c64838-48d0-4b60-8c16-942c4c39e3c4.jpg&quot; data-super-full-width=&quot;200&quot; data-super-full-height=&quot;200&quot;        data-sigil=&quot;thumb&quot;&gt;
        &lt;i&gt;&lt;/i&gt;&lt;img   width=&quot;150&quot; height=&quot;150&quot; alt=&quot;COMMISSIONS ARE OPEN by Flowerxl&quot; src=&quot;https://images-wixmp-ed30a86b8c4ca887773594c2.wixmp.com/intermediary/f/6b336d7e-76d0-4fcf-bc45-51a747f81e34/dasheb8-72c64838-48d0-4b60-8c16-942c4c39e3c4.jpg/v1/fit/w_150,h_150,q_70,strp/commissions_are_open_by_flowerxl_dasheb8-150.jpg&quot; data-src=&quot;https://images-wixmp-ed30a86b8c4ca887773594c2.wixmp.com/intermediary/f/6b336d7e-76d0-4fcf-bc45-51a747f81e34/dasheb8-72c64838-48d0-4b60-8c16-942c4c39e3c4.jpg/v1/fit/w_150,h_150,q_70,strp/commissions_are_open_by_flowerxl_dasheb8-150.jpg&quot; srcset=&quot;https://images-wixmp-ed30a86b8c4ca887773594c2.wixmp.com/intermediary/f/6b336d7e-76d0-4fcf-bc45-51a747f81e34/dasheb8-72c64838-48d0-4b60-8c16-942c4c39e3c4.jpg/v1/fit/w_150,h_150,q_70,strp/commissions_are_open_by_flowerxl_dasheb8-150.jpg 150w,https://images-wixmp-ed30a86b8c4ca887773594c2.wixmp.com/intermediary/f/6b336d7e-76d0-4fcf-bc45-51a747f81e34/dasheb8-72c64838-48d0-4b60-8c16-942c4c39e3c4.jpg 200w&quot; sizes=&quot;150px&quot;&gt;&lt;/a&gt;&lt;/span&gt;&lt;!-- ^TTT --&gt;&lt;!-- TTT$ --&gt;&lt;/span&gt;&amp;nbsp;&lt;span class=&quot;shadow-holder&quot; data-embed-type=&quot;deviation&quot; data-embed-id=&quot;8251197506715079&quot; data-embed-format=&quot;thumb&quot;&gt;&lt;span class=&quot;shadow mild&quot; &gt;&lt;a class=&quot;thumb&quot; href=&quot;https://sta.sh/0298szszw3pj&quot; title=&quot;Batch-67- by Flowerxl, Feb 20, 2019&quot;data-super-img=&quot;https://images-wixmp-ed30a86b8c4ca887773594c2.wixmp.com/intermediary/f/6b336d7e-76d0-4fcf-bc45-51a747f81e34/dd09hhf-661fbcb2-d373-49eb-916f-3f1c5773f8b0.jpg/v1/fill/w_774,h_1032,q_70,strp/batch_67__by_flowerxl_dd09hhf-pre.jpg&quot; data-super-width=&quot;774&quot; data-super-height=&quot;1032&quot; data-super-transparent=&quot;false&quot; data-super-alt=&quot;Batch-67- by Flowerxl&quot; data-super-full-img=&quot;https://api-da.wixmp.com/_api/download/file?downloadToken=eyJ0eXAiOiJKV1QiLCJhbGciOiJIUzI1NiJ9.eyJzdWIiOiJ1cm46YXBwOjdlMGQxODg5ODIyNjQzNzNhNWYwZDQxNWVhMGQyNmUwIiwiaXNzIjoidXJuOmFwcDo3ZTBkMTg4OTgyMjY0MzczYTVmMGQ0MTVlYTBkMjZlMCIsImV4cCI6MTU1MDY5MzYxNywiaWF0IjoxNTUwNjkzMDA3LCJqdGkiOiI1YzZkYjI5OWE5MDI0Iiwib2JqIjpudWxsLCJhdWQiOlsidXJuOnNlcnZpY2U6ZmlsZS5kb3dubG9hZCJdLCJwYXlsb2FkIjp7InBhdGgiOiJcL2ZcLzZiMzM2ZDdlLTc2ZDAtNGZjZi1iYzQ1LTUxYTc0N2Y4MWUzNFwvZGQwOWhoZi02NjFmYmNiMi1kMzczLTQ5ZWItOTE2Zi0zZjFjNTc3M2Y4YjAuanBnIn19.dLqbHe95yxT43OhP7zM6IgKS7-UNuT0P3jFVACVu8xY&quot; data-super-full-width=&quot;900&quot; data-super-full-height=&quot;1200&quot;        data-sigil=&quot;thumb&quot;&gt;
        &lt;i&gt;&lt;/i&gt;&lt;img   width=&quot;113&quot; height=&quot;150&quot; alt=&quot;Batch-67- by Flowerxl&quot; src=&quot;https://images-wixmp-ed30a86b8c4ca887773594c2.wixmp.com/intermediary/f/6b336d7e-76d0-4fcf-bc45-51a747f81e34/dd09hhf-661fbcb2-d373-49eb-916f-3f1c5773f8b0.jpg/v1/fit/w_150,h_150,q_70,strp/batch_67__by_flowerxl_dd09hhf-150.jpg&quot; data-src=&quot;https://images-wixmp-ed30a86b8c4ca887773594c2.wixmp.com/intermediary/f/6b336d7e-76d0-4fcf-bc45-51a747f81e34/dd09hhf-661fbcb2-d373-49eb-916f-3f1c5773f8b0.jpg/v1/fit/w_150,h_150,q_70,strp/batch_67__by_flowerxl_dd09hhf-150.jpg&quot; srcset=&quot;https://images-wixmp-ed30a86b8c4ca887773594c2.wixmp.com/intermediary/f/6b336d7e-76d0-4fcf-bc45-51a747f81e34/dd09hhf-661fbcb2-d373-49eb-916f-3f1c5773f8b0.jpg/v1/fit/w_150,h_150,q_70,strp/batch_67__by_flowerxl_dd09hhf-150.jpg 113w,https://images-wixmp-ed30a86b8c4ca887773594c2.wixmp.com/intermediary/f/6b336d7e-76d0-4fcf-bc45-51a747f81e34/dd09hhf-661fbcb2-d373-49eb-916f-3f1c5773f8b0.jpg/v1/crop/w_188,h_250,x_0,y_0,scl_0.20888888888889,q_70,strp/batch_67__by_flowerxl_dd09hhf-250t.jpg 188w,https://images-wixmp-ed30a86b8c4ca887773594c2.wixmp.com/intermediary/f/6b336d7e-76d0-4fcf-bc45-51a747f81e34/dd09hhf-661fbcb2-d373-49eb-916f-3f1c5773f8b0.jpg/v1/crop/w_263,h_350,x_0,y_0,scl_0.29222222222222,q_70,strp/batch_67__by_flowerxl_dd09hhf-350t.jpg 263w,https://images-wixmp-ed30a86b8c4ca887773594c2.wixmp.com/intermediary/f/6b336d7e-76d0-4fcf-bc45-51a747f81e34/dd09hhf-661fbcb2-d373-49eb-916f-3f1c5773f8b0.jpg/v1/fill/w_300,h_400,q_70,strp/batch_67__by_flowerxl_dd09hhf-400t.jpg 300w,https://images-wixmp-ed30a86b8c4ca887773594c2.wixmp.com/intermediary/f/6b336d7e-76d0-4fcf-bc45-51a747f81e34/dd09hhf-661fbcb2-d373-49eb-916f-3f1c5773f8b0.jpg/v1/fill/w_774,h_1032,q_70,strp/batch_67__by_flowerxl_dd09hhf-pre.jpg 774w&quot; sizes=&quot;113px&quot;&gt;&lt;/a&gt;&lt;/span&gt;&lt;!-- ^TTT --&gt;&lt;!-- TTT$ --&gt;&lt;/span&gt;&amp;nbsp;&lt;br /&gt;&lt;a href=&quot;https://www.deviantart.com/flowerxl/art/Harley-Quinn-652502708&quot; title=&quot;Harley Quinn by Flowerxl, Dec 21, 2016 in Scraps&quot;&gt;&lt;/a&gt;&lt;/div&gt;&lt;div align=&quot;left&quot;&gt;&lt;br /&gt;&lt;br /&gt;&lt;span class=&quot;shadow-holder&quot; data-embed-type=&quot;deviation&quot; data-embed-id=&quot;406367145&quot; data-embed-format=&quot;thumb&quot;&gt;&lt;span class=&quot;shadow mild&quot; &gt;&lt;a class=&quot;thumb&quot; href=&quot;https://www.deviantart.com/flowerxl/art/COMMISSION-Princess-Peach-II-406367145&quot; title=&quot;COMMISSION: Princess Peach II by Flowerxl, Oct 10, 2013 in Fan Art &amp;gt; Digital Art &amp;gt; Drawings &amp;gt; Games&quot;data-super-img=&quot;https://images-wixmp-ed30a86b8c4ca887773594c2.wixmp.com/intermediary/f/6b336d7e-76d0-4fcf-bc45-51a747f81e34/d6pxuw9-eac68800-0924-4791-8229-9b56121ab6ab.jpg&quot; data-super-width=&quot;607&quot; data-super-height=&quot;900&quot; data-super-transparent=&quot;false&quot; data-super-alt=&quot;COMMISSION: Princess Peach II by Flowerxl&quot; data-super-full-img=&quot;https://images-wixmp-ed30a86b8c4ca887773594c2.wixmp.com/intermediary/f/6b336d7e-76d0-4fcf-bc45-51a747f81e34/d6pxuw9-eac68800-0924-4791-8229-9b56121ab6ab.jpg&quot; data-super-full-width=&quot;607&quot; data-super-full-height=&quot;900&quot;        data-sigil=&quot;thumb&quot;&gt;
        &lt;i&gt;&lt;/i&gt;&lt;img   width=&quot;101&quot; height=&quot;150&quot; alt=&quot;COMMISSION: Princess Peach II by Flowerxl&quot; src=&quot;https://images-wixmp-ed30a86b8c4ca887773594c2.wixmp.com/intermediary/f/6b336d7e-76d0-4fcf-bc45-51a747f81e34/d6pxuw9-eac68800-0924-4791-8229-9b56121ab6ab.jpg/v1/fit/w_150,h_150,q_70,strp/commission__princess_peach_ii_by_flowerxl_d6pxuw9-150.jpg&quot; data-src=&quot;https://images-wixmp-ed30a86b8c4ca887773594c2.wixmp.com/intermediary/f/6b336d7e-76d0-4fcf-bc45-51a747f81e34/d6pxuw9-eac68800-0924-4791-8229-9b56121ab6ab.jpg/v1/fit/w_150,h_150,q_70,strp/commission__princess_peach_ii_by_flowerxl_d6pxuw9-150.jpg&quot; srcset=&quot;https://images-wixmp-ed30a86b8c4ca887773594c2.wixmp.com/intermediary/f/6b336d7e-76d0-4fcf-bc45-51a747f81e34/d6pxuw9-eac68800-0924-4791-8229-9b56121ab6ab.jpg/v1/fit/w_150,h_150,q_70,strp/commission__princess_peach_ii_by_flowerxl_d6pxuw9-150.jpg 101w,https://images-wixmp-ed30a86b8c4ca887773594c2.wixmp.com/intermediary/f/6b336d7e-76d0-4fcf-bc45-51a747f81e34/d6pxuw9-eac68800-0924-4791-8229-9b56121ab6ab.jpg/v1/crop/w_169,h_250,x_0,y_0,scl_0.27841845140033,q_70,strp/commission__princess_peach_ii_by_flowerxl_d6pxuw9-250t.jpg 169w,https://images-wixmp-ed30a86b8c4ca887773594c2.wixmp.com/intermediary/f/6b336d7e-76d0-4fcf-bc45-51a747f81e34/d6pxuw9-eac68800-0924-4791-8229-9b56121ab6ab.jpg/v1/fill/w_236,h_350,q_70,strp/commission__princess_peach_ii_by_flowerxl_d6pxuw9-350t.jpg 236w,https://images-wixmp-ed30a86b8c4ca887773594c2.wixmp.com/intermediary/f/6b336d7e-76d0-4fcf-bc45-51a747f81e34/d6pxuw9-eac68800-0924-4791-8229-9b56121ab6ab.jpg/v1/fill/w_270,h_400,q_70,strp/commission__princess_peach_ii_by_flowerxl_d6pxuw9-400t.jpg 270w,https://images-wixmp-ed30a86b8c4ca887773594c2.wixmp.com/intermediary/f/6b336d7e-76d0-4fcf-bc45-51a747f81e34/d6pxuw9-eac68800-0924-4791-8229-9b56121ab6ab.jpg 607w&quot; sizes=&quot;101px&quot;&gt;&lt;/a&gt;&lt;/span&gt;&lt;!-- ^TTT --&gt;&lt;!-- TTT$ --&gt;&lt;/span&gt; &amp;nbsp;&lt;span class=&quot;shadow-holder&quot; data-embed-type=&quot;deviation&quot; data-embed-id=&quot;703385298&quot; data-embed-format=&quot;thumb&quot;&gt;&lt;span class=&quot;shadow mild&quot; &gt;&lt;a class=&quot;thumb&quot; href=&quot;https://www.deviantart.com/flowerxl/art/Widowmaker-Summer-703385298&quot; title=&quot;Widowmaker Summer by Flowerxl, Sep 8, 2017 in Digital Art &amp;gt; Drawings &amp;amp; Paintings &amp;gt; People &amp;gt; Pin-up&quot;data-super-img=&quot;https://images-wixmp-ed30a86b8c4ca887773594c2.wixmp.com/intermediary/f/6b336d7e-76d0-4fcf-bc45-51a747f81e34/dbmrzki-b9a0ca7f-b36b-486a-9d80-09d82e5f8424.jpg&quot; data-super-width=&quot;780&quot; data-super-height=&quot;900&quot; data-super-transparent=&quot;false&quot; data-super-alt=&quot;Widowmaker Summer by Flowerxl&quot; data-super-full-img=&quot;https://images-wixmp-ed30a86b8c4ca887773594c2.wixmp.com/intermediary/f/6b336d7e-76d0-4fcf-bc45-51a747f81e34/dbmrzki-b9a0ca7f-b36b-486a-9d80-09d82e5f8424.jpg&quot; data-super-full-width=&quot;780&quot; data-super-full-height=&quot;900&quot;        data-sigil=&quot;thumb&quot;&gt;
        &lt;i&gt;&lt;/i&gt;&lt;img   width=&quot;130&quot; height=&quot;150&quot; alt=&quot;Widowmaker Summer by Flowerxl&quot; src=&quot;https://images-wixmp-ed30a86b8c4ca887773594c2.wixmp.com/intermediary/f/6b336d7e-76d0-4fcf-bc45-51a747f81e34/dbmrzki-b9a0ca7f-b36b-486a-9d80-09d82e5f8424.jpg/v1/fit/w_150,h_150,q_70,strp/widowmaker_summer_by_flowerxl_dbmrzki-150.jpg&quot; data-src=&quot;https://images-wixmp-ed30a86b8c4ca887773594c2.wixmp.com/intermediary/f/6b336d7e-76d0-4fcf-bc45-51a747f81e34/dbmrzki-b9a0ca7f-b36b-486a-9d80-09d82e5f8424.jpg/v1/fit/w_150,h_150,q_70,strp/widowmaker_summer_by_flowerxl_dbmrzki-150.jpg&quot; srcset=&quot;https://images-wixmp-ed30a86b8c4ca887773594c2.wixmp.com/intermediary/f/6b336d7e-76d0-4fcf-bc45-51a747f81e34/dbmrzki-b9a0ca7f-b36b-486a-9d80-09d82e5f8424.jpg/v1/fit/w_150,h_150,q_70,strp/widowmaker_summer_by_flowerxl_dbmrzki-150.jpg 130w,https://images-wixmp-ed30a86b8c4ca887773594c2.wixmp.com/intermediary/f/6b336d7e-76d0-4fcf-bc45-51a747f81e34/dbmrzki-b9a0ca7f-b36b-486a-9d80-09d82e5f8424.jpg/v1/fill/w_217,h_250,q_70,strp/widowmaker_summer_by_flowerxl_dbmrzki-250t.jpg 217w,https://images-wixmp-ed30a86b8c4ca887773594c2.wixmp.com/intermediary/f/6b336d7e-76d0-4fcf-bc45-51a747f81e34/dbmrzki-b9a0ca7f-b36b-486a-9d80-09d82e5f8424.jpg/v1/fill/w_303,h_350,q_70,strp/widowmaker_summer_by_flowerxl_dbmrzki-350t.jpg 303w,https://images-wixmp-ed30a86b8c4ca887773594c2.wixmp.com/intermediary/f/6b336d7e-76d0-4fcf-bc45-51a747f81e34/dbmrzki-b9a0ca7f-b36b-486a-9d80-09d82e5f8424.jpg/v1/fill/w_347,h_400,q_70,strp/widowmaker_summer_by_flowerxl_dbmrzki-400t.jpg 347w,https://images-wixmp-ed30a86b8c4ca887773594c2.wixmp.com/intermediary/f/6b336d7e-76d0-4fcf-bc45-51a747f81e34/dbmrzki-b9a0ca7f-b36b-486a-9d80-09d82e5f8424.jpg 780w&quot; sizes=&quot;130px&quot;&gt;&lt;/a&gt;&lt;/span&gt;&lt;!-- ^TTT --&gt;&lt;!-- TTT$ --&gt;&lt;/span&gt;&amp;nbsp;&lt;span class=&quot;shadow-holder&quot; data-embed-type=&quot;deviation&quot; data-embed-id=&quot;716715949&quot; data-embed-format=&quot;thumb&quot;&gt;&lt;span class=&quot;shadow mild&quot; &gt;&lt;a class=&quot;thumb&quot; href=&quot;https://www.deviantart.com/flowerxl/art/Wonder-Woman-716715949&quot; title=&quot;Wonder Woman by Flowerxl, Nov 24, 2017 in Digital Art &amp;gt; Drawings &amp;amp; Paintings &amp;gt; People &amp;gt; Pin-up&quot;data-super-img=&quot;https://images-wixmp-ed30a86b8c4ca887773594c2.wixmp.com/intermediary/f/6b336d7e-76d0-4fcf-bc45-51a747f81e34/dbuppkd-b81281d1-a19f-493b-b286-90c4bc34828a.jpg&quot; data-super-width=&quot;651&quot; data-super-height=&quot;900&quot; data-super-transparent=&quot;false&quot; data-super-alt=&quot;Wonder Woman by Flowerxl&quot; data-super-full-img=&quot;https://images-wixmp-ed30a86b8c4ca887773594c2.wixmp.com/intermediary/f/6b336d7e-76d0-4fcf-bc45-51a747f81e34/dbuppkd-b81281d1-a19f-493b-b286-90c4bc34828a.jpg&quot; data-super-full-width=&quot;651&quot; data-super-full-height=&quot;900&quot;        data-sigil=&quot;thumb&quot;&gt;
        &lt;i&gt;&lt;/i&gt;&lt;img   width=&quot;109&quot; height=&quot;150&quot; alt=&quot;Wonder Woman by Flowerxl&quot; src=&quot;https://images-wixmp-ed30a86b8c4ca887773594c2.wixmp.com/intermediary/f/6b336d7e-76d0-4fcf-bc45-51a747f81e34/dbuppkd-b81281d1-a19f-493b-b286-90c4bc34828a.jpg/v1/fit/w_150,h_150,q_70,strp/wonder_woman_by_flowerxl_dbuppkd-150.jpg&quot; data-src=&quot;https://images-wixmp-ed30a86b8c4ca887773594c2.wixmp.com/intermediary/f/6b336d7e-76d0-4fcf-bc45-51a747f81e34/dbuppkd-b81281d1-a19f-493b-b286-90c4bc34828a.jpg/v1/fit/w_150,h_150,q_70,strp/wonder_woman_by_flowerxl_dbuppkd-150.jpg&quot; srcset=&quot;https://images-wixmp-ed30a86b8c4ca887773594c2.wixmp.com/intermediary/f/6b336d7e-76d0-4fcf-bc45-51a747f81e34/dbuppkd-b81281d1-a19f-493b-b286-90c4bc34828a.jpg/v1/fit/w_150,h_150,q_70,strp/wonder_woman_by_flowerxl_dbuppkd-150.jpg 109w,https://images-wixmp-ed30a86b8c4ca887773594c2.wixmp.com/intermediary/f/6b336d7e-76d0-4fcf-bc45-51a747f81e34/dbuppkd-b81281d1-a19f-493b-b286-90c4bc34828a.jpg/v1/fill/w_181,h_250,q_70,strp/wonder_woman_by_flowerxl_dbuppkd-250t.jpg 181w,https://images-wixmp-ed30a86b8c4ca887773594c2.wixmp.com/intermediary/f/6b336d7e-76d0-4fcf-bc45-51a747f81e34/dbuppkd-b81281d1-a19f-493b-b286-90c4bc34828a.jpg/v1/fill/w_253,h_350,q_70,strp/wonder_woman_by_flowerxl_dbuppkd-350t.jpg 253w,https://images-wixmp-ed30a86b8c4ca887773594c2.wixmp.com/intermediary/f/6b336d7e-76d0-4fcf-bc45-51a747f81e34/dbuppkd-b81281d1-a19f-493b-b286-90c4bc34828a.jpg/v1/fill/w_289,h_400,q_70,strp/wonder_woman_by_flowerxl_dbuppkd-400t.jpg 289w,https://images-wixmp-ed30a86b8c4ca887773594c2.wixmp.com/intermediary/f/6b336d7e-76d0-4fcf-bc45-51a747f81e34/dbuppkd-b81281d1-a19f-493b-b286-90c4bc34828a.jpg 651w&quot; sizes=&quot;109px&quot;&gt;&lt;/a&gt;&lt;/span&gt;&lt;!-- ^TTT --&gt;&lt;!-- TTT$ --&gt;&lt;/span&gt;&amp;nbsp;&lt;span class=&quot;shadow-holder&quot; data-embed-type=&quot;deviation&quot; data-embed-id=&quot;711663874&quot; data-embed-format=&quot;thumb&quot;&gt;&lt;span class=&quot;shadow mild&quot; &gt;&lt;a class=&quot;thumb&quot; href=&quot;https://www.deviantart.com/flowerxl/art/Overwatch-711663874&quot; title=&quot;Overwatch by Flowerxl, Oct 25, 2017 in Digital Art &amp;gt; Drawings &amp;amp; Paintings &amp;gt; People &amp;gt; Pin-up&quot;data-super-img=&quot;https://images-wixmp-ed30a86b8c4ca887773594c2.wixmp.com/intermediary/f/6b336d7e-76d0-4fcf-bc45-51a747f81e34/dbrpfcy-355732e0-391f-4017-adf9-78d2aeb9464e.jpg/v1/fill/w_1108,h_721,q_70,strp/overwatch_by_flowerxl_dbrpfcy-pre.jpg&quot; data-super-width=&quot;1108&quot; data-super-height=&quot;721&quot; data-super-transparent=&quot;false&quot; data-super-alt=&quot;Overwatch by Flowerxl&quot; data-super-full-img=&quot;https://images-wixmp-ed30a86b8c4ca887773594c2.wixmp.com/intermediary/f/6b336d7e-76d0-4fcf-bc45-51a747f81e34/dbrpfcy-355732e0-391f-4017-adf9-78d2aeb9464e.jpg&quot; data-super-full-width=&quot;1200&quot; data-super-full-height=&quot;781&quot;        data-sigil=&quot;thumb&quot;&gt;
        &lt;i&gt;&lt;/i&gt;&lt;img   width=&quot;150&quot; height=&quot;98&quot; alt=&quot;Overwatch by Flowerxl&quot; src=&quot;https://images-wixmp-ed30a86b8c4ca887773594c2.wixmp.com/intermediary/f/6b336d7e-76d0-4fcf-bc45-51a747f81e34/dbrpfcy-355732e0-391f-4017-adf9-78d2aeb9464e.jpg/v1/fit/w_150,h_150,q_70,strp/overwatch_by_flowerxl_dbrpfcy-150.jpg&quot; data-src=&quot;https://images-wixmp-ed30a86b8c4ca887773594c2.wixmp.com/intermediary/f/6b336d7e-76d0-4fcf-bc45-51a747f81e34/dbrpfcy-355732e0-391f-4017-adf9-78d2aeb9464e.jpg/v1/fit/w_150,h_150,q_70,strp/overwatch_by_flowerxl_dbrpfcy-150.jpg&quot; srcset=&quot;https://images-wixmp-ed30a86b8c4ca887773594c2.wixmp.com/intermediary/f/6b336d7e-76d0-4fcf-bc45-51a747f81e34/dbrpfcy-355732e0-391f-4017-adf9-78d2aeb9464e.jpg/v1/fit/w_150,h_150,q_70,strp/overwatch_by_flowerxl_dbrpfcy-150.jpg 150w,https://images-wixmp-ed30a86b8c4ca887773594c2.wixmp.com/intermediary/f/6b336d7e-76d0-4fcf-bc45-51a747f81e34/dbrpfcy-355732e0-391f-4017-adf9-78d2aeb9464e.jpg/v1/fill/w_384,h_250,q_70,strp/overwatch_by_flowerxl_dbrpfcy-250t.jpg 384w,https://images-wixmp-ed30a86b8c4ca887773594c2.wixmp.com/intermediary/f/6b336d7e-76d0-4fcf-bc45-51a747f81e34/dbrpfcy-355732e0-391f-4017-adf9-78d2aeb9464e.jpg/v1/fill/w_538,h_350,q_70,strp/overwatch_by_flowerxl_dbrpfcy-350t.jpg 538w,https://images-wixmp-ed30a86b8c4ca887773594c2.wixmp.com/intermediary/f/6b336d7e-76d0-4fcf-bc45-51a747f81e34/dbrpfcy-355732e0-391f-4017-adf9-78d2aeb9464e.jpg/v1/fill/w_615,h_400,q_70,strp/overwatch_by_flowerxl_dbrpfcy-400t.jpg 615w,https://images-wixmp-ed30a86b8c4ca887773594c2.wixmp.com/intermediary/f/6b336d7e-76d0-4fcf-bc45-51a747f81e34/dbrpfcy-355732e0-391f-4017-adf9-78d2aeb9464e.jpg/v1/fill/w_1108,h_721,q_70,strp/overwatch_by_flowerxl_dbrpfcy-pre.jpg 1108w&quot; sizes=&quot;150px&quot;&gt;&lt;/a&gt;&lt;/span&gt;&lt;!-- ^TTT --&gt;&lt;!-- TTT$ --&gt;&lt;/span&gt;&lt;/div&gt;&lt;div align=&quot;left&quot;&gt;&lt;br /&gt;&lt;/div&gt;&lt;/h4&gt;&lt;h1&gt;&lt;hr/&gt;&lt;/h1&gt;&lt;div align=&quot;center&quot;&gt;&lt;a href=&quot;https://www.deviantart.com/poserfan/art/Patreon-Icon-543304473&quot; class=&quot;emoticon&quot; data-embed-type=&quot;emoticon&quot; data-embed-id=&quot;543304473&quot; data-embed-profile=&quot;deviation&quot;&gt;&lt;img src=&quot;https://images-wixmp-ed30a86b8c4ca887773594c2.wixmp.com/intermediary/f/0a6e9796-d386-4234-97d1-d46c16906e81/d8zgwex-5864a807-08a9-4167-a686-55d51e951ded.png&quot; alt=&quot;Patreon Icon&quot; style=&quot;width:16px;height:16px&quot;&gt;&lt;/a&gt;&amp;nbsp;&lt;a class=&quot;external&quot; href=&quot;https://www.deviantart.com/users/outgoing?https://www.patreon.com/flowerxl&quot;&gt;P A T R E O N&lt;/a&gt;&amp;nbsp; | &amp;nbsp;&lt;a href=&quot;https://www.deviantart.com/liriorox/art/Gumroad-icon-2-545734859&quot; class=&quot;emoticon&quot; data-embed-type=&quot;emoticon&quot; data-embed-id=&quot;545734859&quot; data-embed-profile=&quot;deviation&quot;&gt;&lt;img src=&quot;https://images-wixmp-ed30a86b8c4ca887773594c2.wixmp.com/intermediary/f/0bd87312-636c-4da8-8502-26c542873b11/d90wzpn-47fbf5d8-7dd8-40b0-810d-f16277f51393.png&quot; alt=&quot;Gumroad icon 2&quot; style=&quot;width:16px;height:16px&quot;&gt;&lt;/a&gt;&amp;nbsp;&amp;nbsp;&lt;a class=&quot;external&quot; href=&quot;https://www.deviantart.com/users/outgoing?https://gumroad.com/flowerxl&quot;&gt;G U M R O A D&lt;/a&gt;&amp;nbsp; |&amp;nbsp;&lt;a href=&quot;https://www.deviantart.com/poserfan/art/Tumblr-Icon-314822709&quot; class=&quot;emoticon&quot; data-embed-type=&quot;emoticon&quot; data-embed-id=&quot;314822709&quot; data-embed-profile=&quot;deviation&quot;&gt;&lt;img src=&quot;https://orig00.deviantart.net/28ed/f/2015/212/c/0/tumblr_icon_by_poserfan-d57fqr9.gif&quot; alt=&quot;Tumblr Icon&quot; style=&quot;width:16px;height:16px&quot;&gt;&lt;/a&gt;&amp;nbsp;&lt;a class=&quot;external&quot; href=&quot;https://www.deviantart.com/users/outgoing?https://flowerxl1.tumblr.com/&quot;&gt;T U M B L R&lt;/a&gt;&amp;nbsp;|&amp;nbsp;&lt;a href=&quot;https://www.deviantart.com/cherushimetsumari/art/instagram-537756143&quot; class=&quot;emoticon&quot; data-embed-type=&quot;emoticon&quot; data-embed-id=&quot;537756143&quot; data-embed-profile=&quot;deviation&quot;&gt;&lt;img src=&quot;https://images-wixmp-ed30a86b8c4ca887773594c2.wixmp.com/intermediary/f/91df458d-5ec8-4ebb-a30e-328d4fd1ea22/d8w5zan-017fec14-6306-44ee-a005-a37c740cd502.png&quot; alt=&quot;:instagram:&quot; style=&quot;width:16px;height:16px&quot;&gt;&lt;/a&gt;&amp;nbsp;&amp;nbsp;&lt;a class=&quot;external&quot; href=&quot;https://www.deviantart.com/users/outgoing?https://www.instagram.com/flowerxl1/&quot;&gt;I N S T A G R A M&lt;/a&gt;&lt;/div&gt;&lt;div&gt;&lt;br /&gt;&lt;/div&gt;</media:description>            <media:thumbnail url="https://t00.deviantart.net/PLMLBl6VDQwkiSDCaTcHm7Q999g=/fit-in/150x150/filters:no_upscale():origin()/pre00/ee9f/th/pre/f/2019/051/7/3/tsunade_by_flowerxl-dd09hfp.jpg" height="150" width="106"/>            <media:thumbnail url="https://t00.deviantart.net/3Y0rPM0oYWIJNTT_3Q_57ZWbwTI=/fit-in/300x900/filters:no_upscale():origin()/pre00/ee9f/th/pre/f/2019/051/7/3/tsunade_by_flowerxl-dd09hfp.jpg" height="425" width="300"/>            <media:thumbnail url="https://t00.deviantart.net/7_1Y9pAT3kR7dj9cWFuQRj2B_70=/300x200/filters:fixed_height(100,100):origin()/pre00/ee9f/th/pre/f/2019/051/7/3/tsunade_by_flowerxl-dd09hfp.jpg" height="200" width="141"/>            <media:content url="https://orig00.deviantart.net/1f20/f/2019/051/7/3/tsunade_by_flowerxl-dd09hfp.jpg" height="900" width="635" medium="image"/>            
            <description>&lt;h4 align=&quot;center&quot;&gt;&lt;a href=&quot;https://www.deviantart.com/poserfan/art/Patreon-Icon-543304473&quot; class=&quot;emoticon&quot; data-embed-type=&quot;emoticon&quot; data-embed-id=&quot;543304473&quot; data-embed-profile=&quot;deviation&quot;&gt;&lt;img src=&quot;https://images-wixmp-ed30a86b8c4ca887773594c2.wixmp.com/intermediary/f/0a6e9796-d386-4234-97d1-d46c16906e81/d8zgwex-5864a807-08a9-4167-a686-55d51e951ded.png&quot; alt=&quot;Patreon Icon&quot; style=&quot;width:16px;height:16px&quot;&gt;&lt;/a&gt;&amp;nbsp;&lt;a class=&quot;external&quot; href=&quot;https://www.deviantart.com/users/outgoing?https://www.patreon.com/flowerxl&quot;&gt;SUPPORT ME ON PATREON&lt;/a&gt;&lt;/h4&gt;&lt;h4 align=&quot;center&quot;&gt;&lt;div align=&quot;left&quot;&gt;&lt;hr/&gt;&lt;a href=&quot;https://www.deviantart.com/users/outgoing?https://www.patreon.com/posts/20733518&quot;&gt;&lt;br /&gt;&lt;/a&gt;&lt;a href=&quot;https://www.deviantart.com/users/outgoing?https://www.patreon.com/flowerxl&quot;&gt;&lt;i&gt;&lt;strong&gt;&lt;img src=&quot;https://e.deviantart.net/emoticons/b/bulletorange.gif&quot; alt=&quot;Bullet; Orange&quot; style=&quot;width: 10px; height: 10px;&quot; data-embed-type=&quot;emoticon&quot; data-embed-id=&quot;567&quot;&gt;&amp;nbsp;&lt;/strong&gt;&lt;/i&gt;NSFW VERSION&lt;/a&gt;&lt;i&gt;&lt;strong&gt;&lt;br /&gt;&lt;/strong&gt;&lt;/i&gt;&lt;u&gt;&lt;b&gt;&lt;/b&gt;&lt;/u&gt;&lt;/div&gt;&lt;/h4&gt;&lt;br /&gt;&lt;h4 align=&quot;center&quot;&gt;&lt;div align=&quot;left&quot;&gt;&lt;span class=&quot;shadow-holder&quot; data-embed-type=&quot;deviation&quot; data-embed-id=&quot;652502708&quot; data-embed-format=&quot;thumb&quot;&gt;&lt;span class=&quot;shadow mild&quot; &gt;&lt;a class=&quot;thumb&quot; href=&quot;https://www.deviantart.com/flowerxl/art/COMMISSIONS-ARE-OPEN-652502708&quot; title=&quot;COMMISSIONS ARE OPEN by Flowerxl, Dec 21, 2016 in Scraps&quot;data-super-img=&quot;https://images-wixmp-ed30a86b8c4ca887773594c2.wixmp.com/intermediary/f/6b336d7e-76d0-4fcf-bc45-51a747f81e34/dasheb8-72c64838-48d0-4b60-8c16-942c4c39e3c4.jpg&quot; data-super-width=&quot;200&quot; data-super-height=&quot;200&quot; data-super-transparent=&quot;true&quot; data-super-alt=&quot;COMMISSIONS ARE OPEN by Flowerxl&quot; data-super-full-img=&quot;https://images-wixmp-ed30a86b8c4ca887773594c2.wixmp.com/intermediary/f/6b336d7e-76d0-4fcf-bc45-51a747f81e34/dasheb8-72c64838-48d0-4b60-8c16-942c4c39e3c4.jpg&quot; data-super-full-width=&quot;200&quot; data-super-full-height=&quot;200&quot;        data-sigil=&quot;thumb&quot;&gt;
        &lt;i&gt;&lt;/i&gt;&lt;img   width=&quot;150&quot; height=&quot;150&quot; alt=&quot;COMMISSIONS ARE OPEN by Flowerxl&quot; src=&quot;https://images-wixmp-ed30a86b8c4ca887773594c2.wixmp.com/intermediary/f/6b336d7e-76d0-4fcf-bc45-51a747f81e34/dasheb8-72c64838-48d0-4b60-8c16-942c4c39e3c4.jpg/v1/fit/w_150,h_150,q_70,strp/commissions_are_open_by_flowerxl_dasheb8-150.jpg&quot; data-src=&quot;https://images-wixmp-ed30a86b8c4ca887773594c2.wixmp.com/intermediary/f/6b336d7e-76d0-4fcf-bc45-51a747f81e34/dasheb8-72c64838-48d0-4b60-8c16-942c4c39e3c4.jpg/v1/fit/w_150,h_150,q_70,strp/commissions_are_open_by_flowerxl_dasheb8-150.jpg&quot; srcset=&quot;https://images-wixmp-ed30a86b8c4ca887773594c2.wixmp.com/intermediary/f/6b336d7e-76d0-4fcf-bc45-51a747f81e34/dasheb8-72c64838-48d0-4b60-8c16-942c4c39e3c4.jpg/v1/fit/w_150,h_150,q_70,strp/commissions_are_open_by_flowerxl_dasheb8-150.jpg 150w,https://images-wixmp-ed30a86b8c4ca887773594c2.wixmp.com/intermediary/f/6b336d7e-76d0-4fcf-bc45-51a747f81e34/dasheb8-72c64838-48d0-4b60-8c16-942c4c39e3c4.jpg 200w&quot; sizes=&quot;150px&quot;&gt;&lt;/a&gt;&lt;/span&gt;&lt;!-- ^TTT --&gt;&lt;!-- TTT$ --&gt;&lt;/span&gt;&amp;nbsp;&lt;span class=&quot;shadow-holder&quot; data-embed-type=&quot;deviation&quot; data-embed-id=&quot;8251197506715079&quot; data-embed-format=&quot;thumb&quot;&gt;&lt;span class=&quot;shadow mild&quot; &gt;&lt;a class=&quot;thumb&quot; href=&quot;https://sta.sh/0298szszw3pj&quot; title=&quot;Batch-67- by Flowerxl, Feb 20, 2019&quot;data-super-img=&quot;https://images-wixmp-ed30a86b8c4ca887773594c2.wixmp.com/intermediary/f/6b336d7e-76d0-4fcf-bc45-51a747f81e34/dd09hhf-661fbcb2-d373-49eb-916f-3f1c5773f8b0.jpg/v1/fill/w_774,h_1032,q_70,strp/batch_67__by_flowerxl_dd09hhf-pre.jpg&quot; data-super-width=&quot;774&quot; data-super-height=&quot;1032&quot; data-super-transparent=&quot;false&quot; data-super-alt=&quot;Batch-67- by Flowerxl&quot; data-super-full-img=&quot;https://api-da.wixmp.com/_api/download/file?downloadToken=eyJ0eXAiOiJKV1QiLCJhbGciOiJIUzI1NiJ9.eyJzdWIiOiJ1cm46YXBwOjdlMGQxODg5ODIyNjQzNzNhNWYwZDQxNWVhMGQyNmUwIiwiaXNzIjoidXJuOmFwcDo3ZTBkMTg4OTgyMjY0MzczYTVmMGQ0MTVlYTBkMjZlMCIsImV4cCI6MTU1MDY5MzYxNywiaWF0IjoxNTUwNjkzMDA3LCJqdGkiOiI1YzZkYjI5OWE5MDI0Iiwib2JqIjpudWxsLCJhdWQiOlsidXJuOnNlcnZpY2U6ZmlsZS5kb3dubG9hZCJdLCJwYXlsb2FkIjp7InBhdGgiOiJcL2ZcLzZiMzM2ZDdlLTc2ZDAtNGZjZi1iYzQ1LTUxYTc0N2Y4MWUzNFwvZGQwOWhoZi02NjFmYmNiMi1kMzczLTQ5ZWItOTE2Zi0zZjFjNTc3M2Y4YjAuanBnIn19.dLqbHe95yxT43OhP7zM6IgKS7-UNuT0P3jFVACVu8xY&quot; data-super-full-width=&quot;900&quot; data-super-full-height=&quot;1200&quot;        data-sigil=&quot;thumb&quot;&gt;
        &lt;i&gt;&lt;/i&gt;&lt;img   width=&quot;113&quot; height=&quot;150&quot; alt=&quot;Batch-67- by Flowerxl&quot; src=&quot;https://images-wixmp-ed30a86b8c4ca887773594c2.wixmp.com/intermediary/f/6b336d7e-76d0-4fcf-bc45-51a747f81e34/dd09hhf-661fbcb2-d373-49eb-916f-3f1c5773f8b0.jpg/v1/fit/w_150,h_150,q_70,strp/batch_67__by_flowerxl_dd09hhf-150.jpg&quot; data-src=&quot;https://images-wixmp-ed30a86b8c4ca887773594c2.wixmp.com/intermediary/f/6b336d7e-76d0-4fcf-bc45-51a747f81e34/dd09hhf-661fbcb2-d373-49eb-916f-3f1c5773f8b0.jpg/v1/fit/w_150,h_150,q_70,strp/batch_67__by_flowerxl_dd09hhf-150.jpg&quot; srcset=&quot;https://images-wixmp-ed30a86b8c4ca887773594c2.wixmp.com/intermediary/f/6b336d7e-76d0-4fcf-bc45-51a747f81e34/dd09hhf-661fbcb2-d373-49eb-916f-3f1c5773f8b0.jpg/v1/fit/w_150,h_150,q_70,strp/batch_67__by_flowerxl_dd09hhf-150.jpg 113w,https://images-wixmp-ed30a86b8c4ca887773594c2.wixmp.com/intermediary/f/6b336d7e-76d0-4fcf-bc45-51a747f81e34/dd09hhf-661fbcb2-d373-49eb-916f-3f1c5773f8b0.jpg/v1/crop/w_188,h_250,x_0,y_0,scl_0.20888888888889,q_70,strp/batch_67__by_flowerxl_dd09hhf-250t.jpg 188w,https://images-wixmp-ed30a86b8c4ca887773594c2.wixmp.com/intermediary/f/6b336d7e-76d0-4fcf-bc45-51a747f81e34/dd09hhf-661fbcb2-d373-49eb-916f-3f1c5773f8b0.jpg/v1/crop/w_263,h_350,x_0,y_0,scl_0.29222222222222,q_70,strp/batch_67__by_flowerxl_dd09hhf-350t.jpg 263w,https://images-wixmp-ed30a86b8c4ca887773594c2.wixmp.com/intermediary/f/6b336d7e-76d0-4fcf-bc45-51a747f81e34/dd09hhf-661fbcb2-d373-49eb-916f-3f1c5773f8b0.jpg/v1/fill/w_300,h_400,q_70,strp/batch_67__by_flowerxl_dd09hhf-400t.jpg 300w,https://images-wixmp-ed30a86b8c4ca887773594c2.wixmp.com/intermediary/f/6b336d7e-76d0-4fcf-bc45-51a747f81e34/dd09hhf-661fbcb2-d373-49eb-916f-3f1c5773f8b0.jpg/v1/fill/w_774,h_1032,q_70,strp/batch_67__by_flowerxl_dd09hhf-pre.jpg 774w&quot; sizes=&quot;113px&quot;&gt;&lt;/a&gt;&lt;/span&gt;&lt;!-- ^TTT --&gt;&lt;!-- TTT$ --&gt;&lt;/span&gt;&amp;nbsp;&lt;br /&gt;&lt;a href=&quot;https://www.deviantart.com/flowerxl/art/Harley-Quinn-652502708&quot; title=&quot;Harley Quinn by Flowerxl, Dec 21, 2016 in Scraps&quot;&gt;&lt;/a&gt;&lt;/div&gt;&lt;div align=&quot;left&quot;&gt;&lt;br /&gt;&lt;br /&gt;&lt;span class=&quot;shadow-holder&quot; data-embed-type=&quot;deviation&quot; data-embed-id=&quot;406367145&quot; data-embed-format=&quot;thumb&quot;&gt;&lt;span class=&quot;shadow mild&quot; &gt;&lt;a class=&quot;thumb&quot; href=&quot;https://www.deviantart.com/flowerxl/art/COMMISSION-Princess-Peach-II-406367145&quot; title=&quot;COMMISSION: Princess Peach II by Flowerxl, Oct 10, 2013 in Fan Art &amp;gt; Digital Art &amp;gt; Drawings &amp;gt; Games&quot;data-super-img=&quot;https://images-wixmp-ed30a86b8c4ca887773594c2.wixmp.com/intermediary/f/6b336d7e-76d0-4fcf-bc45-51a747f81e34/d6pxuw9-eac68800-0924-4791-8229-9b56121ab6ab.jpg&quot; data-super-width=&quot;607&quot; data-super-height=&quot;900&quot; data-super-transparent=&quot;false&quot; data-super-alt=&quot;COMMISSION: Princess Peach II by Flowerxl&quot; data-super-full-img=&quot;https://images-wixmp-ed30a86b8c4ca887773594c2.wixmp.com/intermediary/f/6b336d7e-76d0-4fcf-bc45-51a747f81e34/d6pxuw9-eac68800-0924-4791-8229-9b56121ab6ab.jpg&quot; data-super-full-width=&quot;607&quot; data-super-full-height=&quot;900&quot;        data-sigil=&quot;thumb&quot;&gt;
        &lt;i&gt;&lt;/i&gt;&lt;img   width=&quot;101&quot; height=&quot;150&quot; alt=&quot;COMMISSION: Princess Peach II by Flowerxl&quot; src=&quot;https://images-wixmp-ed30a86b8c4ca887773594c2.wixmp.com/intermediary/f/6b336d7e-76d0-4fcf-bc45-51a747f81e34/d6pxuw9-eac68800-0924-4791-8229-9b56121ab6ab.jpg/v1/fit/w_150,h_150,q_70,strp/commission__princess_peach_ii_by_flowerxl_d6pxuw9-150.jpg&quot; data-src=&quot;https://images-wixmp-ed30a86b8c4ca887773594c2.wixmp.com/intermediary/f/6b336d7e-76d0-4fcf-bc45-51a747f81e34/d6pxuw9-eac68800-0924-4791-8229-9b56121ab6ab.jpg/v1/fit/w_150,h_150,q_70,strp/commission__princess_peach_ii_by_flowerxl_d6pxuw9-150.jpg&quot; srcset=&quot;https://images-wixmp-ed30a86b8c4ca887773594c2.wixmp.com/intermediary/f/6b336d7e-76d0-4fcf-bc45-51a747f81e34/d6pxuw9-eac68800-0924-4791-8229-9b56121ab6ab.jpg/v1/fit/w_150,h_150,q_70,strp/commission__princess_peach_ii_by_flowerxl_d6pxuw9-150.jpg 101w,https://images-wixmp-ed30a86b8c4ca887773594c2.wixmp.com/intermediary/f/6b336d7e-76d0-4fcf-bc45-51a747f81e34/d6pxuw9-eac68800-0924-4791-8229-9b56121ab6ab.jpg/v1/crop/w_169,h_250,x_0,y_0,scl_0.27841845140033,q_70,strp/commission__princess_peach_ii_by_flowerxl_d6pxuw9-250t.jpg 169w,https://images-wixmp-ed30a86b8c4ca887773594c2.wixmp.com/intermediary/f/6b336d7e-76d0-4fcf-bc45-51a747f81e34/d6pxuw9-eac68800-0924-4791-8229-9b56121ab6ab.jpg/v1/fill/w_236,h_350,q_70,strp/commission__princess_peach_ii_by_flowerxl_d6pxuw9-350t.jpg 236w,https://images-wixmp-ed30a86b8c4ca887773594c2.wixmp.com/intermediary/f/6b336d7e-76d0-4fcf-bc45-51a747f81e34/d6pxuw9-eac68800-0924-4791-8229-9b56121ab6ab.jpg/v1/fill/w_270,h_400,q_70,strp/commission__princess_peach_ii_by_flowerxl_d6pxuw9-400t.jpg 270w,https://images-wixmp-ed30a86b8c4ca887773594c2.wixmp.com/intermediary/f/6b336d7e-76d0-4fcf-bc45-51a747f81e34/d6pxuw9-eac68800-0924-4791-8229-9b56121ab6ab.jpg 607w&quot; sizes=&quot;101px&quot;&gt;&lt;/a&gt;&lt;/span&gt;&lt;!-- ^TTT --&gt;&lt;!-- TTT$ --&gt;&lt;/span&gt; &amp;nbsp;&lt;span class=&quot;shadow-holder&quot; data-embed-type=&quot;deviation&quot; data-embed-id=&quot;703385298&quot; data-embed-format=&quot;thumb&quot;&gt;&lt;span class=&quot;shadow mild&quot; &gt;&lt;a class=&quot;thumb&quot; href=&quot;https://www.deviantart.com/flowerxl/art/Widowmaker-Summer-703385298&quot; title=&quot;Widowmaker Summer by Flowerxl, Sep 8, 2017 in Digital Art &amp;gt; Drawings &amp;amp; Paintings &amp;gt; People &amp;gt; Pin-up&quot;data-super-img=&quot;https://images-wixmp-ed30a86b8c4ca887773594c2.wixmp.com/intermediary/f/6b336d7e-76d0-4fcf-bc45-51a747f81e34/dbmrzki-b9a0ca7f-b36b-486a-9d80-09d82e5f8424.jpg&quot; data-super-width=&quot;780&quot; data-super-height=&quot;900&quot; data-super-transparent=&quot;false&quot; data-super-alt=&quot;Widowmaker Summer by Flowerxl&quot; data-super-full-img=&quot;https://images-wixmp-ed30a86b8c4ca887773594c2.wixmp.com/intermediary/f/6b336d7e-76d0-4fcf-bc45-51a747f81e34/dbmrzki-b9a0ca7f-b36b-486a-9d80-09d82e5f8424.jpg&quot; data-super-full-width=&quot;780&quot; data-super-full-height=&quot;900&quot;        data-sigil=&quot;thumb&quot;&gt;
        &lt;i&gt;&lt;/i&gt;&lt;img   width=&quot;130&quot; height=&quot;150&quot; alt=&quot;Widowmaker Summer by Flowerxl&quot; src=&quot;https://images-wixmp-ed30a86b8c4ca887773594c2.wixmp.com/intermediary/f/6b336d7e-76d0-4fcf-bc45-51a747f81e34/dbmrzki-b9a0ca7f-b36b-486a-9d80-09d82e5f8424.jpg/v1/fit/w_150,h_150,q_70,strp/widowmaker_summer_by_flowerxl_dbmrzki-150.jpg&quot; data-src=&quot;https://images-wixmp-ed30a86b8c4ca887773594c2.wixmp.com/intermediary/f/6b336d7e-76d0-4fcf-bc45-51a747f81e34/dbmrzki-b9a0ca7f-b36b-486a-9d80-09d82e5f8424.jpg/v1/fit/w_150,h_150,q_70,strp/widowmaker_summer_by_flowerxl_dbmrzki-150.jpg&quot; srcset=&quot;https://images-wixmp-ed30a86b8c4ca887773594c2.wixmp.com/intermediary/f/6b336d7e-76d0-4fcf-bc45-51a747f81e34/dbmrzki-b9a0ca7f-b36b-486a-9d80-09d82e5f8424.jpg/v1/fit/w_150,h_150,q_70,strp/widowmaker_summer_by_flowerxl_dbmrzki-150.jpg 130w,https://images-wixmp-ed30a86b8c4ca887773594c2.wixmp.com/intermediary/f/6b336d7e-76d0-4fcf-bc45-51a747f81e34/dbmrzki-b9a0ca7f-b36b-486a-9d80-09d82e5f8424.jpg/v1/fill/w_217,h_250,q_70,strp/widowmaker_summer_by_flowerxl_dbmrzki-250t.jpg 217w,https://images-wixmp-ed30a86b8c4ca887773594c2.wixmp.com/intermediary/f/6b336d7e-76d0-4fcf-bc45-51a747f81e34/dbmrzki-b9a0ca7f-b36b-486a-9d80-09d82e5f8424.jpg/v1/fill/w_303,h_350,q_70,strp/widowmaker_summer_by_flowerxl_dbmrzki-350t.jpg 303w,https://images-wixmp-ed30a86b8c4ca887773594c2.wixmp.com/intermediary/f/6b336d7e-76d0-4fcf-bc45-51a747f81e34/dbmrzki-b9a0ca7f-b36b-486a-9d80-09d82e5f8424.jpg/v1/fill/w_347,h_400,q_70,strp/widowmaker_summer_by_flowerxl_dbmrzki-400t.jpg 347w,https://images-wixmp-ed30a86b8c4ca887773594c2.wixmp.com/intermediary/f/6b336d7e-76d0-4fcf-bc45-51a747f81e34/dbmrzki-b9a0ca7f-b36b-486a-9d80-09d82e5f8424.jpg 780w&quot; sizes=&quot;130px&quot;&gt;&lt;/a&gt;&lt;/span&gt;&lt;!-- ^TTT --&gt;&lt;!-- TTT$ --&gt;&lt;/span&gt;&amp;nbsp;&lt;span class=&quot;shadow-holder&quot; data-embed-type=&quot;deviation&quot; data-embed-id=&quot;716715949&quot; data-embed-format=&quot;thumb&quot;&gt;&lt;span class=&quot;shadow mild&quot; &gt;&lt;a class=&quot;thumb&quot; href=&quot;https://www.deviantart.com/flowerxl/art/Wonder-Woman-716715949&quot; title=&quot;Wonder Woman by Flowerxl, Nov 24, 2017 in Digital Art &amp;gt; Drawings &amp;amp; Paintings &amp;gt; People &amp;gt; Pin-up&quot;data-super-img=&quot;https://images-wixmp-ed30a86b8c4ca887773594c2.wixmp.com/intermediary/f/6b336d7e-76d0-4fcf-bc45-51a747f81e34/dbuppkd-b81281d1-a19f-493b-b286-90c4bc34828a.jpg&quot; data-super-width=&quot;651&quot; data-super-height=&quot;900&quot; data-super-transparent=&quot;false&quot; data-super-alt=&quot;Wonder Woman by Flowerxl&quot; data-super-full-img=&quot;https://images-wixmp-ed30a86b8c4ca887773594c2.wixmp.com/intermediary/f/6b336d7e-76d0-4fcf-bc45-51a747f81e34/dbuppkd-b81281d1-a19f-493b-b286-90c4bc34828a.jpg&quot; data-super-full-width=&quot;651&quot; data-super-full-height=&quot;900&quot;        data-sigil=&quot;thumb&quot;&gt;
        &lt;i&gt;&lt;/i&gt;&lt;img   width=&quot;109&quot; height=&quot;150&quot; alt=&quot;Wonder Woman by Flowerxl&quot; src=&quot;https://images-wixmp-ed30a86b8c4ca887773594c2.wixmp.com/intermediary/f/6b336d7e-76d0-4fcf-bc45-51a747f81e34/dbuppkd-b81281d1-a19f-493b-b286-90c4bc34828a.jpg/v1/fit/w_150,h_150,q_70,strp/wonder_woman_by_flowerxl_dbuppkd-150.jpg&quot; data-src=&quot;https://images-wixmp-ed30a86b8c4ca887773594c2.wixmp.com/intermediary/f/6b336d7e-76d0-4fcf-bc45-51a747f81e34/dbuppkd-b81281d1-a19f-493b-b286-90c4bc34828a.jpg/v1/fit/w_150,h_150,q_70,strp/wonder_woman_by_flowerxl_dbuppkd-150.jpg&quot; srcset=&quot;https://images-wixmp-ed30a86b8c4ca887773594c2.wixmp.com/intermediary/f/6b336d7e-76d0-4fcf-bc45-51a747f81e34/dbuppkd-b81281d1-a19f-493b-b286-90c4bc34828a.jpg/v1/fit/w_150,h_150,q_70,strp/wonder_woman_by_flowerxl_dbuppkd-150.jpg 109w,https://images-wixmp-ed30a86b8c4ca887773594c2.wixmp.com/intermediary/f/6b336d7e-76d0-4fcf-bc45-51a747f81e34/dbuppkd-b81281d1-a19f-493b-b286-90c4bc34828a.jpg/v1/fill/w_181,h_250,q_70,strp/wonder_woman_by_flowerxl_dbuppkd-250t.jpg 181w,https://images-wixmp-ed30a86b8c4ca887773594c2.wixmp.com/intermediary/f/6b336d7e-76d0-4fcf-bc45-51a747f81e34/dbuppkd-b81281d1-a19f-493b-b286-90c4bc34828a.jpg/v1/fill/w_253,h_350,q_70,strp/wonder_woman_by_flowerxl_dbuppkd-350t.jpg 253w,https://images-wixmp-ed30a86b8c4ca887773594c2.wixmp.com/intermediary/f/6b336d7e-76d0-4fcf-bc45-51a747f81e34/dbuppkd-b81281d1-a19f-493b-b286-90c4bc34828a.jpg/v1/fill/w_289,h_400,q_70,strp/wonder_woman_by_flowerxl_dbuppkd-400t.jpg 289w,https://images-wixmp-ed30a86b8c4ca887773594c2.wixmp.com/intermediary/f/6b336d7e-76d0-4fcf-bc45-51a747f81e34/dbuppkd-b81281d1-a19f-493b-b286-90c4bc34828a.jpg 651w&quot; sizes=&quot;109px&quot;&gt;&lt;/a&gt;&lt;/span&gt;&lt;!-- ^TTT --&gt;&lt;!-- TTT$ --&gt;&lt;/span&gt;&amp;nbsp;&lt;span class=&quot;shadow-holder&quot; data-embed-type=&quot;deviation&quot; data-embed-id=&quot;711663874&quot; data-embed-format=&quot;thumb&quot;&gt;&lt;span class=&quot;shadow mild&quot; &gt;&lt;a class=&quot;thumb&quot; href=&quot;https://www.deviantart.com/flowerxl/art/Overwatch-711663874&quot; title=&quot;Overwatch by Flowerxl, Oct 25, 2017 in Digital Art &amp;gt; Drawings &amp;amp; Paintings &amp;gt; People &amp;gt; Pin-up&quot;data-super-img=&quot;https://images-wixmp-ed30a86b8c4ca887773594c2.wixmp.com/intermediary/f/6b336d7e-76d0-4fcf-bc45-51a747f81e34/dbrpfcy-355732e0-391f-4017-adf9-78d2aeb9464e.jpg/v1/fill/w_1108,h_721,q_70,strp/overwatch_by_flowerxl_dbrpfcy-pre.jpg&quot; data-super-width=&quot;1108&quot; data-super-height=&quot;721&quot; data-super-transparent=&quot;false&quot; data-super-alt=&quot;Overwatch by Flowerxl&quot; data-super-full-img=&quot;https://images-wixmp-ed30a86b8c4ca887773594c2.wixmp.com/intermediary/f/6b336d7e-76d0-4fcf-bc45-51a747f81e34/dbrpfcy-355732e0-391f-4017-adf9-78d2aeb9464e.jpg&quot; data-super-full-width=&quot;1200&quot; data-super-full-height=&quot;781&quot;        data-sigil=&quot;thumb&quot;&gt;
        &lt;i&gt;&lt;/i&gt;&lt;img   width=&quot;150&quot; height=&quot;98&quot; alt=&quot;Overwatch by Flowerxl&quot; src=&quot;https://images-wixmp-ed30a86b8c4ca887773594c2.wixmp.com/intermediary/f/6b336d7e-76d0-4fcf-bc45-51a747f81e34/dbrpfcy-355732e0-391f-4017-adf9-78d2aeb9464e.jpg/v1/fit/w_150,h_150,q_70,strp/overwatch_by_flowerxl_dbrpfcy-150.jpg&quot; data-src=&quot;https://images-wixmp-ed30a86b8c4ca887773594c2.wixmp.com/intermediary/f/6b336d7e-76d0-4fcf-bc45-51a747f81e34/dbrpfcy-355732e0-391f-4017-adf9-78d2aeb9464e.jpg/v1/fit/w_150,h_150,q_70,strp/overwatch_by_flowerxl_dbrpfcy-150.jpg&quot; srcset=&quot;https://images-wixmp-ed30a86b8c4ca887773594c2.wixmp.com/intermediary/f/6b336d7e-76d0-4fcf-bc45-51a747f81e34/dbrpfcy-355732e0-391f-4017-adf9-78d2aeb9464e.jpg/v1/fit/w_150,h_150,q_70,strp/overwatch_by_flowerxl_dbrpfcy-150.jpg 150w,https://images-wixmp-ed30a86b8c4ca887773594c2.wixmp.com/intermediary/f/6b336d7e-76d0-4fcf-bc45-51a747f81e34/dbrpfcy-355732e0-391f-4017-adf9-78d2aeb9464e.jpg/v1/fill/w_384,h_250,q_70,strp/overwatch_by_flowerxl_dbrpfcy-250t.jpg 384w,https://images-wixmp-ed30a86b8c4ca887773594c2.wixmp.com/intermediary/f/6b336d7e-76d0-4fcf-bc45-51a747f81e34/dbrpfcy-355732e0-391f-4017-adf9-78d2aeb9464e.jpg/v1/fill/w_538,h_350,q_70,strp/overwatch_by_flowerxl_dbrpfcy-350t.jpg 538w,https://images-wixmp-ed30a86b8c4ca887773594c2.wixmp.com/intermediary/f/6b336d7e-76d0-4fcf-bc45-51a747f81e34/dbrpfcy-355732e0-391f-4017-adf9-78d2aeb9464e.jpg/v1/fill/w_615,h_400,q_70,strp/overwatch_by_flowerxl_dbrpfcy-400t.jpg 615w,https://images-wixmp-ed30a86b8c4ca887773594c2.wixmp.com/intermediary/f/6b336d7e-76d0-4fcf-bc45-51a747f81e34/dbrpfcy-355732e0-391f-4017-adf9-78d2aeb9464e.jpg/v1/fill/w_1108,h_721,q_70,strp/overwatch_by_flowerxl_dbrpfcy-pre.jpg 1108w&quot; sizes=&quot;150px&quot;&gt;&lt;/a&gt;&lt;/span&gt;&lt;!-- ^TTT --&gt;&lt;!-- TTT$ --&gt;&lt;/span&gt;&lt;/div&gt;&lt;div align=&quot;left&quot;&gt;&lt;br /&gt;&lt;/div&gt;&lt;/h4&gt;&lt;h1&gt;&lt;hr/&gt;&lt;/h1&gt;&lt;div align=&quot;center&quot;&gt;&lt;a href=&quot;https://www.deviantart.com/poserfan/art/Patreon-Icon-543304473&quot; class=&quot;emoticon&quot; data-embed-type=&quot;emoticon&quot; data-embed-id=&quot;543304473&quot; data-embed-profile=&quot;deviation&quot;&gt;&lt;img src=&quot;https://images-wixmp-ed30a86b8c4ca887773594c2.wixmp.com/intermediary/f/0a6e9796-d386-4234-97d1-d46c16906e81/d8zgwex-5864a807-08a9-4167-a686-55d51e951ded.png&quot; alt=&quot;Patreon Icon&quot; style=&quot;width:16px;height:16px&quot;&gt;&lt;/a&gt;&amp;nbsp;&lt;a class=&quot;external&quot; href=&quot;https://www.deviantart.com/users/outgoing?https://www.patreon.com/flowerxl&quot;&gt;P A T R E O N&lt;/a&gt;&amp;nbsp; | &amp;nbsp;&lt;a href=&quot;https://www.deviantart.com/liriorox/art/Gumroad-icon-2-545734859&quot; class=&quot;emoticon&quot; data-embed-type=&quot;emoticon&quot; data-embed-id=&quot;545734859&quot; data-embed-profile=&quot;deviation&quot;&gt;&lt;img src=&quot;https://images-wixmp-ed30a86b8c4ca887773594c2.wixmp.com/intermediary/f/0bd87312-636c-4da8-8502-26c542873b11/d90wzpn-47fbf5d8-7dd8-40b0-810d-f16277f51393.png&quot; alt=&quot;Gumroad icon 2&quot; style=&quot;width:16px;height:16px&quot;&gt;&lt;/a&gt;&amp;nbsp;&amp;nbsp;&lt;a class=&quot;external&quot; href=&quot;https://www.deviantart.com/users/outgoing?https://gumroad.com/flowerxl&quot;&gt;G U M R O A D&lt;/a&gt;&amp;nbsp; |&amp;nbsp;&lt;a href=&quot;https://www.deviantart.com/poserfan/art/Tumblr-Icon-314822709&quot; class=&quot;emoticon&quot; data-embed-type=&quot;emoticon&quot; data-embed-id=&quot;314822709&quot; data-embed-profile=&quot;deviation&quot;&gt;&lt;img src=&quot;https://orig00.deviantart.net/28ed/f/2015/212/c/0/tumblr_icon_by_poserfan-d57fqr9.gif&quot; alt=&quot;Tumblr Icon&quot; style=&quot;width:16px;height:16px&quot;&gt;&lt;/a&gt;&amp;nbsp;&lt;a class=&quot;external&quot; href=&quot;https://www.deviantart.com/users/outgoing?https://flowerxl1.tumblr.com/&quot;&gt;T U M B L R&lt;/a&gt;&amp;nbsp;|&amp;nbsp;&lt;a href=&quot;https://www.deviantart.com/cherushimetsumari/art/instagram-537756143&quot; class=&quot;emoticon&quot; data-embed-type=&quot;emoticon&quot; data-embed-id=&quot;537756143&quot; data-embed-profile=&quot;deviation&quot;&gt;&lt;img src=&quot;https://images-wixmp-ed30a86b8c4ca887773594c2.wixmp.com/intermediary/f/91df458d-5ec8-4ebb-a30e-328d4fd1ea22/d8w5zan-017fec14-6306-44ee-a005-a37c740cd502.png&quot; alt=&quot;:instagram:&quot; style=&quot;width:16px;height:16px&quot;&gt;&lt;/a&gt;&amp;nbsp;&amp;nbsp;&lt;a class=&quot;external&quot; href=&quot;https://www.deviantart.com/users/outgoing?https://www.instagram.com/flowerxl1/&quot;&gt;I N S T A G R A M&lt;/a&gt;&lt;/div&gt;&lt;div&gt;&lt;br /&gt;&lt;/div&gt;&lt;br /&gt;&lt;div&gt;&lt;img src=&quot;https://t00.deviantart.net/7_1Y9pAT3kR7dj9cWFuQRj2B_70=/300x200/filters:fixed_height(100,100):origin()/pre00/ee9f/th/pre/f/2019/051/7/3/tsunade_by_flowerxl-dd09hfp.jpg&quot; alt=&quot;thumbnail&quot; /&gt;&lt;/div&gt;</description>            </item>
                    <item>
                <title>Ada Wong nsfw</title>
                <link>https://liang-xing.deviantart.com/art/Ada-Wong-nsfw-786605740</link>
                <guid isPermaLink="true">https://liang-xing.deviantart.com/art/Ada-Wong-nsfw-786605740</guid>
                <pubDate>Thu, 21 Feb 2019 06:31:31 PST</pubDate>
                        <media:title type="plain">Ada Wong nsfw</media:title>
        <media:keywords></media:keywords>
                        <media:rating>adult</media:rating>
                <media:category label="Games">fanart/wallpaper/games</media:category>
        <media:credit role="author" scheme="urn:ebu">Liang-Xing</media:credit>
        <media:credit role="author" scheme="urn:ebu">https://a.deviantart.net/avatars/l/i/liang-xing.jpg?5</media:credit>
        <media:copyright url="https://liang-xing.deviantart.com">Copyright 2019 Liang-Xing</media:copyright>
            <media:community>
                <media:tags>@liangxing719</media:tags>
            </media:community>             <creativeCommons:license>http://creativecommons.org/licenses/by-nc-nd/3.0/</creativeCommons:license>
                <media:description type="html">&lt;b&gt;|&amp;nbsp;&lt;/b&gt;&lt;span&gt;&amp;nbsp;&lt;/span&gt;&lt;b&gt;&lt;a class=&quot;external&quot; href=&quot;https://www.deviantart.com/users/outgoing?https://www.patreon.com/liangxing&quot;&gt;&lt;b&gt;Patreon&lt;/b&gt;&lt;/a&gt;&amp;nbsp;&lt;/b&gt;&lt;b&gt;|&amp;nbsp;&lt;/b&gt;&lt;a href=&quot;https://www.deviantart.com/users/outgoing?https://www.facebook.com/profile.php?id=100011433150377&quot;&gt;&lt;img src=&quot;https://e.deviantart.net/emoticons/f/facebook.gif&quot; alt=&quot;Facebook&quot; style=&quot;width: 16px; height: 16px;&quot; data-embed-type=&quot;emoticon&quot; data-embed-id=&quot;616&quot;&gt;&lt;/a&gt;&lt;span&gt;&amp;nbsp;&lt;/span&gt;&lt;a class=&quot;external&quot; href=&quot;https://www.deviantart.com/users/outgoing?https://www.facebook.com/profile.php?id=100011433150377&quot;&gt;&lt;b&gt;Facebook&lt;/b&gt;&lt;/a&gt;&lt;span&gt;&amp;nbsp;&lt;/span&gt;&lt;b&gt;|&lt;/b&gt;&lt;a href=&quot;https://www.deviantart.com/users/outgoing?https://twitter.com/liangxing719&quot;&gt;&lt;img src=&quot;https://e.deviantart.net/emoticons/t/twitter_2.gif&quot; alt=&quot;Twitter&quot; style=&quot;width: 16px; height: 16px;&quot; data-embed-type=&quot;emoticon&quot; data-embed-id=&quot;614&quot;&gt;&lt;/a&gt;&lt;span&gt;&amp;nbsp;&lt;/span&gt;&lt;a class=&quot;external&quot; href=&quot;https://www.deviantart.com/users/outgoing?https://twitter.com/liangxing719&quot;&gt;&lt;b&gt;Twitter&lt;/b&gt;&lt;/a&gt;&lt;b&gt;&amp;nbsp;&lt;/b&gt;&lt;b&gt;|&amp;nbsp;&lt;/b&gt;&lt;a class=&quot;external&quot; href=&quot;https://www.deviantart.com/users/outgoing?http://weibo.com/LXQYY&quot;&gt;&lt;b&gt;weibo&lt;/b&gt;&lt;/a&gt;&lt;b&gt;&amp;nbsp;&lt;/b&gt;&lt;b&gt;|&lt;/b&gt;&lt;b&gt;&amp;nbsp;&lt;/b&gt;&lt;b&gt;&lt;a class=&quot;external&quot; href=&quot;https://www.deviantart.com/users/outgoing?http://liang-xing.tumblr.com/&quot;&gt;&lt;b&gt;Tumblr&lt;/b&gt;&lt;/a&gt;&amp;nbsp;&lt;/b&gt;&lt;b&gt;|&lt;/b&gt;&lt;a href=&quot;https://www.deviantart.com/liriorox/art/Gumroad-icon-2-545734859&quot; class=&quot;emoticon&quot; data-embed-type=&quot;emoticon&quot; data-embed-id=&quot;545734859&quot; data-embed-profile=&quot;deviation&quot;&gt;&lt;img src=&quot;https://images-wixmp-ed30a86b8c4ca887773594c2.wixmp.com/intermediary/f/0bd87312-636c-4da8-8502-26c542873b11/d90wzpn-47fbf5d8-7dd8-40b0-810d-f16277f51393.png&quot; alt=&quot;Gumroad icon 2&quot; style=&quot;width:16px;height:16px&quot;&gt;&lt;/a&gt;&lt;b&gt;&amp;nbsp;&lt;/b&gt;&lt;a class=&quot;external&quot; href=&quot;https://www.deviantart.com/users/outgoing?https://gumroad.com/liangxing&quot;&gt;&lt;b&gt;Gumroad&lt;/b&gt;&lt;/a&gt;&lt;b&gt;|&lt;/b&gt;&lt;span&gt;&amp;nbsp;&lt;/span&gt;&lt;a class=&quot;external&quot; href=&quot;https://www.deviantart.com/users/outgoing?https://www.instagram.com/liangxing.719/&quot;&gt;&lt;b&gt;instagram&lt;/b&gt;&lt;/a&gt;&lt;br /&gt;&lt;div&gt;&lt;p&gt;&amp;nbsp;If you sponsor &amp;nbsp;5 dollars or more, you can get this NSFW .^-^&lt;br /&gt;&lt;/p&gt;&lt;p&gt;My dear patrons will get:&lt;/p&gt;&lt;p&gt;&amp;nbsp;&amp;#9829; High-Res&lt;/p&gt;&lt;p&gt;&amp;nbsp;&amp;#9829; Process Steps&lt;/p&gt;&lt;p&gt;&amp;nbsp;&amp;#9829; PSD&lt;/p&gt;&lt;p&gt;&amp;nbsp;&amp;#9829; Video Process&lt;/p&gt;&lt;p&gt;&amp;nbsp;&amp;#9829; NSFW&lt;/p&gt;&lt;/div&gt;&lt;div&gt;&lt;b&gt;&lt;a class=&quot;external&quot; href=&quot;https://www.deviantart.com/users/outgoing?https://www.patreon.com/liangxing&quot;&gt;&lt;b&gt;available through my patreon&lt;/b&gt;&lt;/a&gt;&lt;br /&gt;&amp;nbsp;&amp;nbsp;&lt;span class=&quot;shadow-holder&quot; data-embed-type=&quot;deviation&quot; data-embed-id=&quot;784012377&quot; data-embed-format=&quot;thumb&quot;&gt;&lt;span class=&quot;shadow mild&quot; &gt;&lt;a class=&quot;thumb&quot; href=&quot;https://www.deviantart.com/liang-xing/art/Ada-Wong-784012377&quot; title=&quot;Ada Wong by Liang-Xing, Feb 3, 2019 in Fan Art &amp;gt; Wallpaper &amp;gt; Games&quot;data-super-img=&quot;https://images-wixmp-ed30a86b8c4ca887773594c2.wixmp.com/intermediary/f/8adefab8-9a4e-4fa7-8ad7-e2e4cf9cf1e9/dcys3tl-2290203b-9965-4eec-9ef7-fbad1051edbf.jpg/v1/fill/w_774,h_1032,q_70,strp/ada_wong_by_liang_xing_dcys3tl-pre.jpg&quot; data-super-width=&quot;774&quot; data-super-height=&quot;1032&quot; data-super-transparent=&quot;false&quot; data-super-alt=&quot;Ada Wong by Liang-Xing&quot; data-super-full-img=&quot;https://images-wixmp-ed30a86b8c4ca887773594c2.wixmp.com/intermediary/f/8adefab8-9a4e-4fa7-8ad7-e2e4cf9cf1e9/dcys3tl-2290203b-9965-4eec-9ef7-fbad1051edbf.jpg&quot; data-super-full-width=&quot;900&quot; data-super-full-height=&quot;1200&quot;        data-sigil=&quot;thumb&quot;&gt;
        &lt;i&gt;&lt;/i&gt;&lt;img   width=&quot;113&quot; height=&quot;150&quot; alt=&quot;Ada Wong by Liang-Xing&quot; src=&quot;https://images-wixmp-ed30a86b8c4ca887773594c2.wixmp.com/intermediary/f/8adefab8-9a4e-4fa7-8ad7-e2e4cf9cf1e9/dcys3tl-2290203b-9965-4eec-9ef7-fbad1051edbf.jpg/v1/fit/w_150,h_150,q_70,strp/ada_wong_by_liang_xing_dcys3tl-150.jpg&quot; data-src=&quot;https://images-wixmp-ed30a86b8c4ca887773594c2.wixmp.com/intermediary/f/8adefab8-9a4e-4fa7-8ad7-e2e4cf9cf1e9/dcys3tl-2290203b-9965-4eec-9ef7-fbad1051edbf.jpg/v1/fit/w_150,h_150,q_70,strp/ada_wong_by_liang_xing_dcys3tl-150.jpg&quot; srcset=&quot;https://images-wixmp-ed30a86b8c4ca887773594c2.wixmp.com/intermediary/f/8adefab8-9a4e-4fa7-8ad7-e2e4cf9cf1e9/dcys3tl-2290203b-9965-4eec-9ef7-fbad1051edbf.jpg/v1/fit/w_150,h_150,q_70,strp/ada_wong_by_liang_xing_dcys3tl-150.jpg 113w,https://images-wixmp-ed30a86b8c4ca887773594c2.wixmp.com/intermediary/f/8adefab8-9a4e-4fa7-8ad7-e2e4cf9cf1e9/dcys3tl-2290203b-9965-4eec-9ef7-fbad1051edbf.jpg/v1/crop/w_188,h_250,x_0,y_0,scl_0.20888888888889,q_70,strp/ada_wong_by_liang_xing_dcys3tl-250t.jpg 188w,https://images-wixmp-ed30a86b8c4ca887773594c2.wixmp.com/intermediary/f/8adefab8-9a4e-4fa7-8ad7-e2e4cf9cf1e9/dcys3tl-2290203b-9965-4eec-9ef7-fbad1051edbf.jpg/v1/crop/w_263,h_350,x_0,y_0,scl_0.29222222222222,q_70,strp/ada_wong_by_liang_xing_dcys3tl-350t.jpg 263w,https://images-wixmp-ed30a86b8c4ca887773594c2.wixmp.com/intermediary/f/8adefab8-9a4e-4fa7-8ad7-e2e4cf9cf1e9/dcys3tl-2290203b-9965-4eec-9ef7-fbad1051edbf.jpg/v1/fill/w_300,h_400,q_70,strp/ada_wong_by_liang_xing_dcys3tl-400t.jpg 300w,https://images-wixmp-ed30a86b8c4ca887773594c2.wixmp.com/intermediary/f/8adefab8-9a4e-4fa7-8ad7-e2e4cf9cf1e9/dcys3tl-2290203b-9965-4eec-9ef7-fbad1051edbf.jpg/v1/fill/w_774,h_1032,q_70,strp/ada_wong_by_liang_xing_dcys3tl-pre.jpg 774w&quot; sizes=&quot;113px&quot;&gt;&lt;/a&gt;&lt;/span&gt;&lt;!-- ^TTT --&gt;&lt;!-- TTT$ --&gt;&lt;/span&gt;&lt;span class=&quot;shadow-holder&quot; data-embed-type=&quot;deviation&quot; data-embed-id=&quot;774332134&quot; data-embed-format=&quot;thumb&quot;&gt;&lt;span class=&quot;shadow mild&quot; &gt;&lt;a class=&quot;thumb ismature&quot; href=&quot;https://www.deviantart.com/liang-xing/art/Kda-774332134&quot; title=&quot;Kda by Liang-Xing, Nov 27, 2018 in Fan Art &amp;gt; Wallpaper &amp;gt; Games&quot;data-super-img=&quot;https://images-wixmp-ed30a86b8c4ca887773594c2.wixmp.com/intermediary/f/8adefab8-9a4e-4fa7-8ad7-e2e4cf9cf1e9/dct0mhy-ddf389ab-bec6-424d-993d-6aac5e226cd6.jpg/v1/fill/w_956,h_836,q_70,strp/kda_by_liang_xing_dct0mhy-pre.jpg&quot; data-super-width=&quot;956&quot; data-super-height=&quot;836&quot; data-super-transparent=&quot;false&quot; data-super-alt=&quot;Kda by Liang-Xing&quot; data-super-full-img=&quot;https://images-wixmp-ed30a86b8c4ca887773594c2.wixmp.com/intermediary/f/8adefab8-9a4e-4fa7-8ad7-e2e4cf9cf1e9/dct0mhy-ddf389ab-bec6-424d-993d-6aac5e226cd6.jpg&quot; data-super-full-width=&quot;1100&quot; data-super-full-height=&quot;962&quot;        data-sigil=&quot;thumb&quot;&gt;
                &lt;div class=&quot;thumb_agegate&quot;&gt;
            &lt;div class=&quot;agegate&quot;&gt;
                &lt;div class=&quot;nogo icon-blocked&quot;&gt;&lt;/div&gt;
                &lt;h1&gt;Mature Content&lt;/h1&gt;
            &lt;/div&gt;
        &lt;/div&gt;
        &lt;i&gt;&lt;/i&gt;&lt;img   width=&quot;150&quot; height=&quot;131&quot; alt=&quot;Kda by Liang-Xing&quot; src=&quot;https://images-wixmp-ed30a86b8c4ca887773594c2.wixmp.com/intermediary/f/8adefab8-9a4e-4fa7-8ad7-e2e4cf9cf1e9/dct0mhy-ddf389ab-bec6-424d-993d-6aac5e226cd6.jpg/v1/fit/w_150,h_150,q_70,strp/kda_by_liang_xing_dct0mhy-150.jpg&quot; data-src=&quot;https://images-wixmp-ed30a86b8c4ca887773594c2.wixmp.com/intermediary/f/8adefab8-9a4e-4fa7-8ad7-e2e4cf9cf1e9/dct0mhy-ddf389ab-bec6-424d-993d-6aac5e226cd6.jpg/v1/fit/w_150,h_150,q_70,strp/kda_by_liang_xing_dct0mhy-150.jpg&quot; srcset=&quot;https://images-wixmp-ed30a86b8c4ca887773594c2.wixmp.com/intermediary/f/8adefab8-9a4e-4fa7-8ad7-e2e4cf9cf1e9/dct0mhy-ddf389ab-bec6-424d-993d-6aac5e226cd6.jpg/v1/fit/w_150,h_150,q_70,strp/kda_by_liang_xing_dct0mhy-150.jpg 150w,https://images-wixmp-ed30a86b8c4ca887773594c2.wixmp.com/intermediary/f/8adefab8-9a4e-4fa7-8ad7-e2e4cf9cf1e9/dct0mhy-ddf389ab-bec6-424d-993d-6aac5e226cd6.jpg/v1/fill/w_286,h_250,q_70,strp/kda_by_liang_xing_dct0mhy-250t.jpg 286w,https://images-wixmp-ed30a86b8c4ca887773594c2.wixmp.com/intermediary/f/8adefab8-9a4e-4fa7-8ad7-e2e4cf9cf1e9/dct0mhy-ddf389ab-bec6-424d-993d-6aac5e226cd6.jpg/v1/fill/w_400,h_350,q_70,strp/kda_by_liang_xing_dct0mhy-350t.jpg 400w,https://images-wixmp-ed30a86b8c4ca887773594c2.wixmp.com/intermediary/f/8adefab8-9a4e-4fa7-8ad7-e2e4cf9cf1e9/dct0mhy-ddf389ab-bec6-424d-993d-6aac5e226cd6.jpg/v1/fill/w_457,h_400,q_70,strp/kda_by_liang_xing_dct0mhy-400t.jpg 457w,https://images-wixmp-ed30a86b8c4ca887773594c2.wixmp.com/intermediary/f/8adefab8-9a4e-4fa7-8ad7-e2e4cf9cf1e9/dct0mhy-ddf389ab-bec6-424d-993d-6aac5e226cd6.jpg/v1/fill/w_956,h_836,q_70,strp/kda_by_liang_xing_dct0mhy-pre.jpg 956w&quot; sizes=&quot;150px&quot;&gt;&lt;/a&gt;&lt;/span&gt;&lt;!-- ^TTT --&gt;&lt;!-- TTT$ --&gt;&lt;/span&gt;&amp;nbsp;&lt;span class=&quot;shadow-holder&quot; data-embed-type=&quot;deviation&quot; data-embed-id=&quot;782836817&quot; data-embed-format=&quot;thumb&quot;&gt;&lt;span class=&quot;shadow mild&quot; &gt;&lt;a class=&quot;thumb ismature&quot; href=&quot;https://www.deviantart.com/liang-xing/art/Ashe-Pharah-tracer-widowmaker-782836817&quot; title=&quot;Ashe Pharah tracer widowmaker by Liang-Xing, Jan 26, 2019 in Fan Art &amp;gt; Wallpaper &amp;gt; Games&quot;data-super-img=&quot;https://images-wixmp-ed30a86b8c4ca887773594c2.wixmp.com/intermediary/f/8adefab8-9a4e-4fa7-8ad7-e2e4cf9cf1e9/dcy2wr5-ba2e3817-bf3e-4019-8e31-bb7554c29ac5.jpg/v1/fill/w_987,h_810,q_70,strp/ashe_pharah_tracer_widowmaker_by_liang_xing_dcy2wr5-pre.jpg&quot; data-super-width=&quot;987&quot; data-super-height=&quot;810&quot; data-super-transparent=&quot;false&quot; data-super-alt=&quot;Ashe Pharah tracer widowmaker by Liang-Xing&quot; data-super-full-img=&quot;https://images-wixmp-ed30a86b8c4ca887773594c2.wixmp.com/intermediary/f/8adefab8-9a4e-4fa7-8ad7-e2e4cf9cf1e9/dcy2wr5-ba2e3817-bf3e-4019-8e31-bb7554c29ac5.jpg&quot; data-super-full-width=&quot;1218&quot; data-super-full-height=&quot;1000&quot;        data-sigil=&quot;thumb&quot;&gt;
                &lt;div class=&quot;thumb_agegate&quot;&gt;
            &lt;div class=&quot;agegate&quot;&gt;
                &lt;div class=&quot;nogo icon-blocked&quot;&gt;&lt;/div&gt;
                &lt;h1&gt;Mature Content&lt;/h1&gt;
            &lt;/div&gt;
        &lt;/div&gt;
        &lt;i&gt;&lt;/i&gt;&lt;img   width=&quot;150&quot; height=&quot;123&quot; alt=&quot;Ashe Pharah tracer widowmaker by Liang-Xing&quot; src=&quot;https://images-wixmp-ed30a86b8c4ca887773594c2.wixmp.com/intermediary/f/8adefab8-9a4e-4fa7-8ad7-e2e4cf9cf1e9/dcy2wr5-ba2e3817-bf3e-4019-8e31-bb7554c29ac5.jpg/v1/fit/w_150,h_150,q_70,strp/ashe_pharah_tracer_widowmaker_by_liang_xing_dcy2wr5-150.jpg&quot; data-src=&quot;https://images-wixmp-ed30a86b8c4ca887773594c2.wixmp.com/intermediary/f/8adefab8-9a4e-4fa7-8ad7-e2e4cf9cf1e9/dcy2wr5-ba2e3817-bf3e-4019-8e31-bb7554c29ac5.jpg/v1/fit/w_150,h_150,q_70,strp/ashe_pharah_tracer_widowmaker_by_liang_xing_dcy2wr5-150.jpg&quot; srcset=&quot;https://images-wixmp-ed30a86b8c4ca887773594c2.wixmp.com/intermediary/f/8adefab8-9a4e-4fa7-8ad7-e2e4cf9cf1e9/dcy2wr5-ba2e3817-bf3e-4019-8e31-bb7554c29ac5.jpg/v1/fit/w_150,h_150,q_70,strp/ashe_pharah_tracer_widowmaker_by_liang_xing_dcy2wr5-150.jpg 150w,https://images-wixmp-ed30a86b8c4ca887773594c2.wixmp.com/intermediary/f/8adefab8-9a4e-4fa7-8ad7-e2e4cf9cf1e9/dcy2wr5-ba2e3817-bf3e-4019-8e31-bb7554c29ac5.jpg/v1/fill/w_305,h_250,q_70,strp/ashe_pharah_tracer_widowmaker_by_liang_xing_dcy2wr5-250t.jpg 305w,https://images-wixmp-ed30a86b8c4ca887773594c2.wixmp.com/intermediary/f/8adefab8-9a4e-4fa7-8ad7-e2e4cf9cf1e9/dcy2wr5-ba2e3817-bf3e-4019-8e31-bb7554c29ac5.jpg/v1/fill/w_426,h_350,q_70,strp/ashe_pharah_tracer_widowmaker_by_liang_xing_dcy2wr5-350t.jpg 426w,https://images-wixmp-ed30a86b8c4ca887773594c2.wixmp.com/intermediary/f/8adefab8-9a4e-4fa7-8ad7-e2e4cf9cf1e9/dcy2wr5-ba2e3817-bf3e-4019-8e31-bb7554c29ac5.jpg/v1/fill/w_487,h_400,q_70,strp/ashe_pharah_tracer_widowmaker_by_liang_xing_dcy2wr5-400t.jpg 487w,https://images-wixmp-ed30a86b8c4ca887773594c2.wixmp.com/intermediary/f/8adefab8-9a4e-4fa7-8ad7-e2e4cf9cf1e9/dcy2wr5-ba2e3817-bf3e-4019-8e31-bb7554c29ac5.jpg/v1/fill/w_987,h_810,q_70,strp/ashe_pharah_tracer_widowmaker_by_liang_xing_dcy2wr5-pre.jpg 987w&quot; sizes=&quot;150px&quot;&gt;&lt;/a&gt;&lt;/span&gt;&lt;!-- ^TTT --&gt;&lt;!-- TTT$ --&gt;&lt;/span&gt;&amp;nbsp;&lt;span class=&quot;shadow-holder&quot; data-embed-type=&quot;deviation&quot; data-embed-id=&quot;769973117&quot; data-embed-format=&quot;thumb&quot;&gt;&lt;span class=&quot;shadow mild&quot; &gt;&lt;a class=&quot;thumb ismature&quot; href=&quot;https://www.deviantart.com/liang-xing/art/Booette-Bowsette-Peach-769973117&quot; title=&quot;Booette Bowsette Peach by Liang-Xing, Oct 26, 2018 in Fan Art &amp;gt; Wallpaper &amp;gt; Games&quot;data-super-img=&quot;https://images-wixmp-ed30a86b8c4ca887773594c2.wixmp.com/intermediary/f/8adefab8-9a4e-4fa7-8ad7-e2e4cf9cf1e9/dcqf725-beefefd4-bee5-47a2-a891-e42ec160c2bb.jpg/v1/fill/w_995,h_803,q_70,strp/booette_bowsette_peach_by_liang_xing_dcqf725-pre.jpg&quot; data-super-width=&quot;995&quot; data-super-height=&quot;803&quot; data-super-transparent=&quot;false&quot; data-super-alt=&quot;Booette Bowsette Peach by Liang-Xing&quot; data-super-full-img=&quot;https://images-wixmp-ed30a86b8c4ca887773594c2.wixmp.com/intermediary/f/8adefab8-9a4e-4fa7-8ad7-e2e4cf9cf1e9/dcqf725-beefefd4-bee5-47a2-a891-e42ec160c2bb.jpg&quot; data-super-full-width=&quot;1100&quot; data-super-full-height=&quot;888&quot;        data-sigil=&quot;thumb&quot;&gt;
                &lt;div class=&quot;thumb_agegate&quot;&gt;
            &lt;div class=&quot;agegate&quot;&gt;
                &lt;div class=&quot;nogo icon-blocked&quot;&gt;&lt;/div&gt;
                &lt;h1&gt;Mature Content&lt;/h1&gt;
            &lt;/div&gt;
        &lt;/div&gt;
        &lt;i&gt;&lt;/i&gt;&lt;img   width=&quot;150&quot; height=&quot;121&quot; alt=&quot;Booette Bowsette Peach by Liang-Xing&quot; src=&quot;https://images-wixmp-ed30a86b8c4ca887773594c2.wixmp.com/intermediary/f/8adefab8-9a4e-4fa7-8ad7-e2e4cf9cf1e9/dcqf725-beefefd4-bee5-47a2-a891-e42ec160c2bb.jpg/v1/fit/w_150,h_150,q_70,strp/booette_bowsette_peach_by_liang_xing_dcqf725-150.jpg&quot; data-src=&quot;https://images-wixmp-ed30a86b8c4ca887773594c2.wixmp.com/intermediary/f/8adefab8-9a4e-4fa7-8ad7-e2e4cf9cf1e9/dcqf725-beefefd4-bee5-47a2-a891-e42ec160c2bb.jpg/v1/fit/w_150,h_150,q_70,strp/booette_bowsette_peach_by_liang_xing_dcqf725-150.jpg&quot; srcset=&quot;https://images-wixmp-ed30a86b8c4ca887773594c2.wixmp.com/intermediary/f/8adefab8-9a4e-4fa7-8ad7-e2e4cf9cf1e9/dcqf725-beefefd4-bee5-47a2-a891-e42ec160c2bb.jpg/v1/fit/w_150,h_150,q_70,strp/booette_bowsette_peach_by_liang_xing_dcqf725-150.jpg 150w,https://images-wixmp-ed30a86b8c4ca887773594c2.wixmp.com/intermediary/f/8adefab8-9a4e-4fa7-8ad7-e2e4cf9cf1e9/dcqf725-beefefd4-bee5-47a2-a891-e42ec160c2bb.jpg/v1/fill/w_310,h_250,q_70,strp/booette_bowsette_peach_by_liang_xing_dcqf725-250t.jpg 310w,https://images-wixmp-ed30a86b8c4ca887773594c2.wixmp.com/intermediary/f/8adefab8-9a4e-4fa7-8ad7-e2e4cf9cf1e9/dcqf725-beefefd4-bee5-47a2-a891-e42ec160c2bb.jpg/v1/fill/w_434,h_350,q_70,strp/booette_bowsette_peach_by_liang_xing_dcqf725-350t.jpg 434w,https://images-wixmp-ed30a86b8c4ca887773594c2.wixmp.com/intermediary/f/8adefab8-9a4e-4fa7-8ad7-e2e4cf9cf1e9/dcqf725-beefefd4-bee5-47a2-a891-e42ec160c2bb.jpg/v1/fill/w_495,h_400,q_70,strp/booette_bowsette_peach_by_liang_xing_dcqf725-400t.jpg 495w,https://images-wixmp-ed30a86b8c4ca887773594c2.wixmp.com/intermediary/f/8adefab8-9a4e-4fa7-8ad7-e2e4cf9cf1e9/dcqf725-beefefd4-bee5-47a2-a891-e42ec160c2bb.jpg/v1/fill/w_995,h_803,q_70,strp/booette_bowsette_peach_by_liang_xing_dcqf725-pre.jpg 995w&quot; sizes=&quot;150px&quot;&gt;&lt;/a&gt;&lt;/span&gt;&lt;!-- ^TTT --&gt;&lt;!-- TTT$ --&gt;&lt;/span&gt;&amp;nbsp;&lt;span class=&quot;shadow-holder&quot; data-embed-type=&quot;deviation&quot; data-embed-id=&quot;765812182&quot; data-embed-format=&quot;thumb&quot;&gt;&lt;span class=&quot;shadow mild&quot; &gt;&lt;a class=&quot;thumb ismature&quot; href=&quot;https://www.deviantart.com/liang-xing/art/Overwatch-765812182&quot; title=&quot;Overwatch by Liang-Xing, Sep 27, 2018 in Fan Art &amp;gt; Wallpaper &amp;gt; Games&quot;data-super-img=&quot;https://images-wixmp-ed30a86b8c4ca887773594c2.wixmp.com/intermediary/f/8adefab8-9a4e-4fa7-8ad7-e2e4cf9cf1e9/dcny0gm-5d191eab-e752-42bf-ab4b-ef60ebdc0c83.jpg/v1/fill/w_911,h_877,q_70,strp/overwatch_by_liang_xing_dcny0gm-pre.jpg&quot; data-super-width=&quot;911&quot; data-super-height=&quot;877&quot; data-super-transparent=&quot;false&quot; data-super-alt=&quot;Overwatch by Liang-Xing&quot; data-super-full-img=&quot;https://images-wixmp-ed30a86b8c4ca887773594c2.wixmp.com/intermediary/f/8adefab8-9a4e-4fa7-8ad7-e2e4cf9cf1e9/dcny0gm-5d191eab-e752-42bf-ab4b-ef60ebdc0c83.jpg&quot; data-super-full-width=&quot;1000&quot; data-super-full-height=&quot;963&quot;        data-sigil=&quot;thumb&quot;&gt;
                &lt;div class=&quot;thumb_agegate&quot;&gt;
            &lt;div class=&quot;agegate&quot;&gt;
                &lt;div class=&quot;nogo icon-blocked&quot;&gt;&lt;/div&gt;
                &lt;h1&gt;Mature Content&lt;/h1&gt;
            &lt;/div&gt;
        &lt;/div&gt;
        &lt;i&gt;&lt;/i&gt;&lt;img   width=&quot;150&quot; height=&quot;144&quot; alt=&quot;Overwatch by Liang-Xing&quot; src=&quot;https://images-wixmp-ed30a86b8c4ca887773594c2.wixmp.com/intermediary/f/8adefab8-9a4e-4fa7-8ad7-e2e4cf9cf1e9/dcny0gm-5d191eab-e752-42bf-ab4b-ef60ebdc0c83.jpg/v1/fit/w_150,h_150,q_70,strp/overwatch_by_liang_xing_dcny0gm-150.jpg&quot; data-src=&quot;https://images-wixmp-ed30a86b8c4ca887773594c2.wixmp.com/intermediary/f/8adefab8-9a4e-4fa7-8ad7-e2e4cf9cf1e9/dcny0gm-5d191eab-e752-42bf-ab4b-ef60ebdc0c83.jpg/v1/fit/w_150,h_150,q_70,strp/overwatch_by_liang_xing_dcny0gm-150.jpg&quot; srcset=&quot;https://images-wixmp-ed30a86b8c4ca887773594c2.wixmp.com/intermediary/f/8adefab8-9a4e-4fa7-8ad7-e2e4cf9cf1e9/dcny0gm-5d191eab-e752-42bf-ab4b-ef60ebdc0c83.jpg/v1/fit/w_150,h_150,q_70,strp/overwatch_by_liang_xing_dcny0gm-150.jpg 150w,https://images-wixmp-ed30a86b8c4ca887773594c2.wixmp.com/intermediary/f/8adefab8-9a4e-4fa7-8ad7-e2e4cf9cf1e9/dcny0gm-5d191eab-e752-42bf-ab4b-ef60ebdc0c83.jpg/v1/fill/w_260,h_250,q_70,strp/overwatch_by_liang_xing_dcny0gm-250t.jpg 260w,https://images-wixmp-ed30a86b8c4ca887773594c2.wixmp.com/intermediary/f/8adefab8-9a4e-4fa7-8ad7-e2e4cf9cf1e9/dcny0gm-5d191eab-e752-42bf-ab4b-ef60ebdc0c83.jpg/v1/fill/w_363,h_350,q_70,strp/overwatch_by_liang_xing_dcny0gm-350t.jpg 363w,https://images-wixmp-ed30a86b8c4ca887773594c2.wixmp.com/intermediary/f/8adefab8-9a4e-4fa7-8ad7-e2e4cf9cf1e9/dcny0gm-5d191eab-e752-42bf-ab4b-ef60ebdc0c83.jpg/v1/fill/w_415,h_400,q_70,strp/overwatch_by_liang_xing_dcny0gm-400t.jpg 415w,https://images-wixmp-ed30a86b8c4ca887773594c2.wixmp.com/intermediary/f/8adefab8-9a4e-4fa7-8ad7-e2e4cf9cf1e9/dcny0gm-5d191eab-e752-42bf-ab4b-ef60ebdc0c83.jpg/v1/fill/w_911,h_877,q_70,strp/overwatch_by_liang_xing_dcny0gm-pre.jpg 911w&quot; sizes=&quot;150px&quot;&gt;&lt;/a&gt;&lt;/span&gt;&lt;!-- ^TTT --&gt;&lt;!-- TTT$ --&gt;&lt;/span&gt;&amp;nbsp;&lt;span class=&quot;shadow-holder&quot; data-embed-type=&quot;deviation&quot; data-embed-id=&quot;750337749&quot; data-embed-format=&quot;thumb&quot;&gt;&lt;span class=&quot;shadow mild&quot; &gt;&lt;a class=&quot;thumb ismature&quot; href=&quot;https://www.deviantart.com/liang-xing/art/mercy-X-dva-Yuri-750337749&quot; title=&quot;mercy X dva Yuri by Liang-Xing, Jun 18, 2018 in Fan Art &amp;gt; Wallpaper &amp;gt; Games&quot;data-super-img=&quot;https://images-wixmp-ed30a86b8c4ca887773594c2.wixmp.com/intermediary/f/8adefab8-9a4e-4fa7-8ad7-e2e4cf9cf1e9/dceqcb9-1f49f38f-731a-4c12-ae07-eb9c40c7f7c9.jpg&quot; data-super-width=&quot;563&quot; data-super-height=&quot;750&quot; data-super-transparent=&quot;false&quot; data-super-alt=&quot;mercy X dva Yuri by Liang-Xing&quot; data-super-full-img=&quot;https://images-wixmp-ed30a86b8c4ca887773594c2.wixmp.com/intermediary/f/8adefab8-9a4e-4fa7-8ad7-e2e4cf9cf1e9/dceqcb9-1f49f38f-731a-4c12-ae07-eb9c40c7f7c9.jpg&quot; data-super-full-width=&quot;563&quot; data-super-full-height=&quot;750&quot;        data-sigil=&quot;thumb&quot;&gt;
                &lt;div class=&quot;thumb_agegate&quot;&gt;
            &lt;div class=&quot;agegate&quot;&gt;
                &lt;div class=&quot;nogo icon-blocked&quot;&gt;&lt;/div&gt;
                &lt;h1&gt;Mature Content&lt;/h1&gt;
            &lt;/div&gt;
        &lt;/div&gt;
        &lt;i&gt;&lt;/i&gt;&lt;img   width=&quot;113&quot; height=&quot;150&quot; alt=&quot;mercy X dva Yuri by Liang-Xing&quot; src=&quot;https://images-wixmp-ed30a86b8c4ca887773594c2.wixmp.com/intermediary/f/8adefab8-9a4e-4fa7-8ad7-e2e4cf9cf1e9/dceqcb9-1f49f38f-731a-4c12-ae07-eb9c40c7f7c9.jpg/v1/fit/w_150,h_150,q_70,strp/mercy_x_dva_yuri_by_liang_xing_dceqcb9-150.jpg&quot; data-src=&quot;https://images-wixmp-ed30a86b8c4ca887773594c2.wixmp.com/intermediary/f/8adefab8-9a4e-4fa7-8ad7-e2e4cf9cf1e9/dceqcb9-1f49f38f-731a-4c12-ae07-eb9c40c7f7c9.jpg/v1/fit/w_150,h_150,q_70,strp/mercy_x_dva_yuri_by_liang_xing_dceqcb9-150.jpg&quot; srcset=&quot;https://images-wixmp-ed30a86b8c4ca887773594c2.wixmp.com/intermediary/f/8adefab8-9a4e-4fa7-8ad7-e2e4cf9cf1e9/dceqcb9-1f49f38f-731a-4c12-ae07-eb9c40c7f7c9.jpg/v1/fit/w_150,h_150,q_70,strp/mercy_x_dva_yuri_by_liang_xing_dceqcb9-150.jpg 113w,https://images-wixmp-ed30a86b8c4ca887773594c2.wixmp.com/intermediary/f/8adefab8-9a4e-4fa7-8ad7-e2e4cf9cf1e9/dceqcb9-1f49f38f-731a-4c12-ae07-eb9c40c7f7c9.jpg/v1/fill/w_188,h_250,q_70,strp/mercy_x_dva_yuri_by_liang_xing_dceqcb9-250t.jpg 188w,https://images-wixmp-ed30a86b8c4ca887773594c2.wixmp.com/intermediary/f/8adefab8-9a4e-4fa7-8ad7-e2e4cf9cf1e9/dceqcb9-1f49f38f-731a-4c12-ae07-eb9c40c7f7c9.jpg/v1/fill/w_263,h_350,q_70,strp/mercy_x_dva_yuri_by_liang_xing_dceqcb9-350t.jpg 263w,https://images-wixmp-ed30a86b8c4ca887773594c2.wixmp.com/intermediary/f/8adefab8-9a4e-4fa7-8ad7-e2e4cf9cf1e9/dceqcb9-1f49f38f-731a-4c12-ae07-eb9c40c7f7c9.jpg/v1/fill/w_300,h_400,q_70,strp/mercy_x_dva_yuri_by_liang_xing_dceqcb9-400t.jpg 300w,https://images-wixmp-ed30a86b8c4ca887773594c2.wixmp.com/intermediary/f/8adefab8-9a4e-4fa7-8ad7-e2e4cf9cf1e9/dceqcb9-1f49f38f-731a-4c12-ae07-eb9c40c7f7c9.jpg 563w&quot; sizes=&quot;113px&quot;&gt;&lt;/a&gt;&lt;/span&gt;&lt;!-- ^TTT --&gt;&lt;!-- TTT$ --&gt;&lt;/span&gt;&amp;nbsp;&lt;/b&gt;&lt;/div&gt;</media:description>            <media:thumbnail url="https://t00.deviantart.net/huvTY9x6CKpL2fabuXRLZ1QxPbU=/fit-in/150x150/filters:no_upscale():origin()/pre00/501a/th/pre/f/2019/052/0/8/ada_wong_nsfw_by_liang_xing-dd0bovg.jpg" height="150" width="113"/>            <media:thumbnail url="https://t00.deviantart.net/ieMsHsHZVndOk5WBnXpULRMmKpA=/fit-in/300x900/filters:no_upscale():origin()/pre00/501a/th/pre/f/2019/052/0/8/ada_wong_nsfw_by_liang_xing-dd0bovg.jpg" height="400" width="300"/>            <media:thumbnail url="https://t00.deviantart.net/cGHLQnWqvBN87sk-dWvR-uH12xg=/300x200/filters:fixed_height(100,100):origin()/pre00/501a/th/pre/f/2019/052/0/8/ada_wong_nsfw_by_liang_xing-dd0bovg.jpg" height="200" width="150"/>            <media:content url="https://orig00.deviantart.net/ca6e/f/2019/052/0/8/ada_wong_nsfw_by_liang_xing-dd0bovg.jpg" height="1000" width="750" medium="image"/>            
            <description>&lt;b&gt;|&amp;nbsp;&lt;/b&gt;&lt;span&gt;&amp;nbsp;&lt;/span&gt;&lt;b&gt;&lt;a class=&quot;external&quot; href=&quot;https://www.deviantart.com/users/outgoing?https://www.patreon.com/liangxing&quot;&gt;&lt;b&gt;Patreon&lt;/b&gt;&lt;/a&gt;&amp;nbsp;&lt;/b&gt;&lt;b&gt;|&amp;nbsp;&lt;/b&gt;&lt;a href=&quot;https://www.deviantart.com/users/outgoing?https://www.facebook.com/profile.php?id=100011433150377&quot;&gt;&lt;img src=&quot;https://e.deviantart.net/emoticons/f/facebook.gif&quot; alt=&quot;Facebook&quot; style=&quot;width: 16px; height: 16px;&quot; data-embed-type=&quot;emoticon&quot; data-embed-id=&quot;616&quot;&gt;&lt;/a&gt;&lt;span&gt;&amp;nbsp;&lt;/span&gt;&lt;a class=&quot;external&quot; href=&quot;https://www.deviantart.com/users/outgoing?https://www.facebook.com/profile.php?id=100011433150377&quot;&gt;&lt;b&gt;Facebook&lt;/b&gt;&lt;/a&gt;&lt;span&gt;&amp;nbsp;&lt;/span&gt;&lt;b&gt;|&lt;/b&gt;&lt;a href=&quot;https://www.deviantart.com/users/outgoing?https://twitter.com/liangxing719&quot;&gt;&lt;img src=&quot;https://e.deviantart.net/emoticons/t/twitter_2.gif&quot; alt=&quot;Twitter&quot; style=&quot;width: 16px; height: 16px;&quot; data-embed-type=&quot;emoticon&quot; data-embed-id=&quot;614&quot;&gt;&lt;/a&gt;&lt;span&gt;&amp;nbsp;&lt;/span&gt;&lt;a class=&quot;external&quot; href=&quot;https://www.deviantart.com/users/outgoing?https://twitter.com/liangxing719&quot;&gt;&lt;b&gt;Twitter&lt;/b&gt;&lt;/a&gt;&lt;b&gt;&amp;nbsp;&lt;/b&gt;&lt;b&gt;|&amp;nbsp;&lt;/b&gt;&lt;a class=&quot;external&quot; href=&quot;https://www.deviantart.com/users/outgoing?http://weibo.com/LXQYY&quot;&gt;&lt;b&gt;weibo&lt;/b&gt;&lt;/a&gt;&lt;b&gt;&amp;nbsp;&lt;/b&gt;&lt;b&gt;|&lt;/b&gt;&lt;b&gt;&amp;nbsp;&lt;/b&gt;&lt;b&gt;&lt;a class=&quot;external&quot; href=&quot;https://www.deviantart.com/users/outgoing?http://liang-xing.tumblr.com/&quot;&gt;&lt;b&gt;Tumblr&lt;/b&gt;&lt;/a&gt;&amp;nbsp;&lt;/b&gt;&lt;b&gt;|&lt;/b&gt;&lt;a href=&quot;https://www.deviantart.com/liriorox/art/Gumroad-icon-2-545734859&quot; class=&quot;emoticon&quot; data-embed-type=&quot;emoticon&quot; data-embed-id=&quot;545734859&quot; data-embed-profile=&quot;deviation&quot;&gt;&lt;img src=&quot;https://images-wixmp-ed30a86b8c4ca887773594c2.wixmp.com/intermediary/f/0bd87312-636c-4da8-8502-26c542873b11/d90wzpn-47fbf5d8-7dd8-40b0-810d-f16277f51393.png&quot; alt=&quot;Gumroad icon 2&quot; style=&quot;width:16px;height:16px&quot;&gt;&lt;/a&gt;&lt;b&gt;&amp;nbsp;&lt;/b&gt;&lt;a class=&quot;external&quot; href=&quot;https://www.deviantart.com/users/outgoing?https://gumroad.com/liangxing&quot;&gt;&lt;b&gt;Gumroad&lt;/b&gt;&lt;/a&gt;&lt;b&gt;|&lt;/b&gt;&lt;span&gt;&amp;nbsp;&lt;/span&gt;&lt;a class=&quot;external&quot; href=&quot;https://www.deviantart.com/users/outgoing?https://www.instagram.com/liangxing.719/&quot;&gt;&lt;b&gt;instagram&lt;/b&gt;&lt;/a&gt;&lt;br /&gt;&lt;div&gt;&lt;p&gt;&amp;nbsp;If you sponsor &amp;nbsp;5 dollars or more, you can get this NSFW .^-^&lt;br /&gt;&lt;/p&gt;&lt;p&gt;My dear patrons will get:&lt;/p&gt;&lt;p&gt;&amp;nbsp;&amp;#9829; High-Res&lt;/p&gt;&lt;p&gt;&amp;nbsp;&amp;#9829; Process Steps&lt;/p&gt;&lt;p&gt;&amp;nbsp;&amp;#9829; PSD&lt;/p&gt;&lt;p&gt;&amp;nbsp;&amp;#9829; Video Process&lt;/p&gt;&lt;p&gt;&amp;nbsp;&amp;#9829; NSFW&lt;/p&gt;&lt;/div&gt;&lt;div&gt;&lt;b&gt;&lt;a class=&quot;external&quot; href=&quot;https://www.deviantart.com/users/outgoing?https://www.patreon.com/liangxing&quot;&gt;&lt;b&gt;available through my patreon&lt;/b&gt;&lt;/a&gt;&lt;br /&gt;&amp;nbsp;&amp;nbsp;&lt;span class=&quot;shadow-holder&quot; data-embed-type=&quot;deviation&quot; data-embed-id=&quot;784012377&quot; data-embed-format=&quot;thumb&quot;&gt;&lt;span class=&quot;shadow mild&quot; &gt;&lt;a class=&quot;thumb&quot; href=&quot;https://www.deviantart.com/liang-xing/art/Ada-Wong-784012377&quot; title=&quot;Ada Wong by Liang-Xing, Feb 3, 2019 in Fan Art &amp;gt; Wallpaper &amp;gt; Games&quot;data-super-img=&quot;https://images-wixmp-ed30a86b8c4ca887773594c2.wixmp.com/intermediary/f/8adefab8-9a4e-4fa7-8ad7-e2e4cf9cf1e9/dcys3tl-2290203b-9965-4eec-9ef7-fbad1051edbf.jpg/v1/fill/w_774,h_1032,q_70,strp/ada_wong_by_liang_xing_dcys3tl-pre.jpg&quot; data-super-width=&quot;774&quot; data-super-height=&quot;1032&quot; data-super-transparent=&quot;false&quot; data-super-alt=&quot;Ada Wong by Liang-Xing&quot; data-super-full-img=&quot;https://images-wixmp-ed30a86b8c4ca887773594c2.wixmp.com/intermediary/f/8adefab8-9a4e-4fa7-8ad7-e2e4cf9cf1e9/dcys3tl-2290203b-9965-4eec-9ef7-fbad1051edbf.jpg&quot; data-super-full-width=&quot;900&quot; data-super-full-height=&quot;1200&quot;        data-sigil=&quot;thumb&quot;&gt;
        &lt;i&gt;&lt;/i&gt;&lt;img   width=&quot;113&quot; height=&quot;150&quot; alt=&quot;Ada Wong by Liang-Xing&quot; src=&quot;https://images-wixmp-ed30a86b8c4ca887773594c2.wixmp.com/intermediary/f/8adefab8-9a4e-4fa7-8ad7-e2e4cf9cf1e9/dcys3tl-2290203b-9965-4eec-9ef7-fbad1051edbf.jpg/v1/fit/w_150,h_150,q_70,strp/ada_wong_by_liang_xing_dcys3tl-150.jpg&quot; data-src=&quot;https://images-wixmp-ed30a86b8c4ca887773594c2.wixmp.com/intermediary/f/8adefab8-9a4e-4fa7-8ad7-e2e4cf9cf1e9/dcys3tl-2290203b-9965-4eec-9ef7-fbad1051edbf.jpg/v1/fit/w_150,h_150,q_70,strp/ada_wong_by_liang_xing_dcys3tl-150.jpg&quot; srcset=&quot;https://images-wixmp-ed30a86b8c4ca887773594c2.wixmp.com/intermediary/f/8adefab8-9a4e-4fa7-8ad7-e2e4cf9cf1e9/dcys3tl-2290203b-9965-4eec-9ef7-fbad1051edbf.jpg/v1/fit/w_150,h_150,q_70,strp/ada_wong_by_liang_xing_dcys3tl-150.jpg 113w,https://images-wixmp-ed30a86b8c4ca887773594c2.wixmp.com/intermediary/f/8adefab8-9a4e-4fa7-8ad7-e2e4cf9cf1e9/dcys3tl-2290203b-9965-4eec-9ef7-fbad1051edbf.jpg/v1/crop/w_188,h_250,x_0,y_0,scl_0.20888888888889,q_70,strp/ada_wong_by_liang_xing_dcys3tl-250t.jpg 188w,https://images-wixmp-ed30a86b8c4ca887773594c2.wixmp.com/intermediary/f/8adefab8-9a4e-4fa7-8ad7-e2e4cf9cf1e9/dcys3tl-2290203b-9965-4eec-9ef7-fbad1051edbf.jpg/v1/crop/w_263,h_350,x_0,y_0,scl_0.29222222222222,q_70,strp/ada_wong_by_liang_xing_dcys3tl-350t.jpg 263w,https://images-wixmp-ed30a86b8c4ca887773594c2.wixmp.com/intermediary/f/8adefab8-9a4e-4fa7-8ad7-e2e4cf9cf1e9/dcys3tl-2290203b-9965-4eec-9ef7-fbad1051edbf.jpg/v1/fill/w_300,h_400,q_70,strp/ada_wong_by_liang_xing_dcys3tl-400t.jpg 300w,https://images-wixmp-ed30a86b8c4ca887773594c2.wixmp.com/intermediary/f/8adefab8-9a4e-4fa7-8ad7-e2e4cf9cf1e9/dcys3tl-2290203b-9965-4eec-9ef7-fbad1051edbf.jpg/v1/fill/w_774,h_1032,q_70,strp/ada_wong_by_liang_xing_dcys3tl-pre.jpg 774w&quot; sizes=&quot;113px&quot;&gt;&lt;/a&gt;&lt;/span&gt;&lt;!-- ^TTT --&gt;&lt;!-- TTT$ --&gt;&lt;/span&gt;&lt;span class=&quot;shadow-holder&quot; data-embed-type=&quot;deviation&quot; data-embed-id=&quot;774332134&quot; data-embed-format=&quot;thumb&quot;&gt;&lt;span class=&quot;shadow mild&quot; &gt;&lt;a class=&quot;thumb ismature&quot; href=&quot;https://www.deviantart.com/liang-xing/art/Kda-774332134&quot; title=&quot;Kda by Liang-Xing, Nov 27, 2018 in Fan Art &amp;gt; Wallpaper &amp;gt; Games&quot;data-super-img=&quot;https://images-wixmp-ed30a86b8c4ca887773594c2.wixmp.com/intermediary/f/8adefab8-9a4e-4fa7-8ad7-e2e4cf9cf1e9/dct0mhy-ddf389ab-bec6-424d-993d-6aac5e226cd6.jpg/v1/fill/w_956,h_836,q_70,strp/kda_by_liang_xing_dct0mhy-pre.jpg&quot; data-super-width=&quot;956&quot; data-super-height=&quot;836&quot; data-super-transparent=&quot;false&quot; data-super-alt=&quot;Kda by Liang-Xing&quot; data-super-full-img=&quot;https://images-wixmp-ed30a86b8c4ca887773594c2.wixmp.com/intermediary/f/8adefab8-9a4e-4fa7-8ad7-e2e4cf9cf1e9/dct0mhy-ddf389ab-bec6-424d-993d-6aac5e226cd6.jpg&quot; data-super-full-width=&quot;1100&quot; data-super-full-height=&quot;962&quot;        data-sigil=&quot;thumb&quot;&gt;
                &lt;div class=&quot;thumb_agegate&quot;&gt;
            &lt;div class=&quot;agegate&quot;&gt;
                &lt;div class=&quot;nogo icon-blocked&quot;&gt;&lt;/div&gt;
                &lt;h1&gt;Mature Content&lt;/h1&gt;
            &lt;/div&gt;
        &lt;/div&gt;
        &lt;i&gt;&lt;/i&gt;&lt;img   width=&quot;150&quot; height=&quot;131&quot; alt=&quot;Kda by Liang-Xing&quot; src=&quot;https://images-wixmp-ed30a86b8c4ca887773594c2.wixmp.com/intermediary/f/8adefab8-9a4e-4fa7-8ad7-e2e4cf9cf1e9/dct0mhy-ddf389ab-bec6-424d-993d-6aac5e226cd6.jpg/v1/fit/w_150,h_150,q_70,strp/kda_by_liang_xing_dct0mhy-150.jpg&quot; data-src=&quot;https://images-wixmp-ed30a86b8c4ca887773594c2.wixmp.com/intermediary/f/8adefab8-9a4e-4fa7-8ad7-e2e4cf9cf1e9/dct0mhy-ddf389ab-bec6-424d-993d-6aac5e226cd6.jpg/v1/fit/w_150,h_150,q_70,strp/kda_by_liang_xing_dct0mhy-150.jpg&quot; srcset=&quot;https://images-wixmp-ed30a86b8c4ca887773594c2.wixmp.com/intermediary/f/8adefab8-9a4e-4fa7-8ad7-e2e4cf9cf1e9/dct0mhy-ddf389ab-bec6-424d-993d-6aac5e226cd6.jpg/v1/fit/w_150,h_150,q_70,strp/kda_by_liang_xing_dct0mhy-150.jpg 150w,https://images-wixmp-ed30a86b8c4ca887773594c2.wixmp.com/intermediary/f/8adefab8-9a4e-4fa7-8ad7-e2e4cf9cf1e9/dct0mhy-ddf389ab-bec6-424d-993d-6aac5e226cd6.jpg/v1/fill/w_286,h_250,q_70,strp/kda_by_liang_xing_dct0mhy-250t.jpg 286w,https://images-wixmp-ed30a86b8c4ca887773594c2.wixmp.com/intermediary/f/8adefab8-9a4e-4fa7-8ad7-e2e4cf9cf1e9/dct0mhy-ddf389ab-bec6-424d-993d-6aac5e226cd6.jpg/v1/fill/w_400,h_350,q_70,strp/kda_by_liang_xing_dct0mhy-350t.jpg 400w,https://images-wixmp-ed30a86b8c4ca887773594c2.wixmp.com/intermediary/f/8adefab8-9a4e-4fa7-8ad7-e2e4cf9cf1e9/dct0mhy-ddf389ab-bec6-424d-993d-6aac5e226cd6.jpg/v1/fill/w_457,h_400,q_70,strp/kda_by_liang_xing_dct0mhy-400t.jpg 457w,https://images-wixmp-ed30a86b8c4ca887773594c2.wixmp.com/intermediary/f/8adefab8-9a4e-4fa7-8ad7-e2e4cf9cf1e9/dct0mhy-ddf389ab-bec6-424d-993d-6aac5e226cd6.jpg/v1/fill/w_956,h_836,q_70,strp/kda_by_liang_xing_dct0mhy-pre.jpg 956w&quot; sizes=&quot;150px&quot;&gt;&lt;/a&gt;&lt;/span&gt;&lt;!-- ^TTT --&gt;&lt;!-- TTT$ --&gt;&lt;/span&gt;&amp;nbsp;&lt;span class=&quot;shadow-holder&quot; data-embed-type=&quot;deviation&quot; data-embed-id=&quot;782836817&quot; data-embed-format=&quot;thumb&quot;&gt;&lt;span class=&quot;shadow mild&quot; &gt;&lt;a class=&quot;thumb ismature&quot; href=&quot;https://www.deviantart.com/liang-xing/art/Ashe-Pharah-tracer-widowmaker-782836817&quot; title=&quot;Ashe Pharah tracer widowmaker by Liang-Xing, Jan 26, 2019 in Fan Art &amp;gt; Wallpaper &amp;gt; Games&quot;data-super-img=&quot;https://images-wixmp-ed30a86b8c4ca887773594c2.wixmp.com/intermediary/f/8adefab8-9a4e-4fa7-8ad7-e2e4cf9cf1e9/dcy2wr5-ba2e3817-bf3e-4019-8e31-bb7554c29ac5.jpg/v1/fill/w_987,h_810,q_70,strp/ashe_pharah_tracer_widowmaker_by_liang_xing_dcy2wr5-pre.jpg&quot; data-super-width=&quot;987&quot; data-super-height=&quot;810&quot; data-super-transparent=&quot;false&quot; data-super-alt=&quot;Ashe Pharah tracer widowmaker by Liang-Xing&quot; data-super-full-img=&quot;https://images-wixmp-ed30a86b8c4ca887773594c2.wixmp.com/intermediary/f/8adefab8-9a4e-4fa7-8ad7-e2e4cf9cf1e9/dcy2wr5-ba2e3817-bf3e-4019-8e31-bb7554c29ac5.jpg&quot; data-super-full-width=&quot;1218&quot; data-super-full-height=&quot;1000&quot;        data-sigil=&quot;thumb&quot;&gt;
                &lt;div class=&quot;thumb_agegate&quot;&gt;
            &lt;div class=&quot;agegate&quot;&gt;
                &lt;div class=&quot;nogo icon-blocked&quot;&gt;&lt;/div&gt;
                &lt;h1&gt;Mature Content&lt;/h1&gt;
            &lt;/div&gt;
        &lt;/div&gt;
        &lt;i&gt;&lt;/i&gt;&lt;img   width=&quot;150&quot; height=&quot;123&quot; alt=&quot;Ashe Pharah tracer widowmaker by Liang-Xing&quot; src=&quot;https://images-wixmp-ed30a86b8c4ca887773594c2.wixmp.com/intermediary/f/8adefab8-9a4e-4fa7-8ad7-e2e4cf9cf1e9/dcy2wr5-ba2e3817-bf3e-4019-8e31-bb7554c29ac5.jpg/v1/fit/w_150,h_150,q_70,strp/ashe_pharah_tracer_widowmaker_by_liang_xing_dcy2wr5-150.jpg&quot; data-src=&quot;https://images-wixmp-ed30a86b8c4ca887773594c2.wixmp.com/intermediary/f/8adefab8-9a4e-4fa7-8ad7-e2e4cf9cf1e9/dcy2wr5-ba2e3817-bf3e-4019-8e31-bb7554c29ac5.jpg/v1/fit/w_150,h_150,q_70,strp/ashe_pharah_tracer_widowmaker_by_liang_xing_dcy2wr5-150.jpg&quot; srcset=&quot;https://images-wixmp-ed30a86b8c4ca887773594c2.wixmp.com/intermediary/f/8adefab8-9a4e-4fa7-8ad7-e2e4cf9cf1e9/dcy2wr5-ba2e3817-bf3e-4019-8e31-bb7554c29ac5.jpg/v1/fit/w_150,h_150,q_70,strp/ashe_pharah_tracer_widowmaker_by_liang_xing_dcy2wr5-150.jpg 150w,https://images-wixmp-ed30a86b8c4ca887773594c2.wixmp.com/intermediary/f/8adefab8-9a4e-4fa7-8ad7-e2e4cf9cf1e9/dcy2wr5-ba2e3817-bf3e-4019-8e31-bb7554c29ac5.jpg/v1/fill/w_305,h_250,q_70,strp/ashe_pharah_tracer_widowmaker_by_liang_xing_dcy2wr5-250t.jpg 305w,https://images-wixmp-ed30a86b8c4ca887773594c2.wixmp.com/intermediary/f/8adefab8-9a4e-4fa7-8ad7-e2e4cf9cf1e9/dcy2wr5-ba2e3817-bf3e-4019-8e31-bb7554c29ac5.jpg/v1/fill/w_426,h_350,q_70,strp/ashe_pharah_tracer_widowmaker_by_liang_xing_dcy2wr5-350t.jpg 426w,https://images-wixmp-ed30a86b8c4ca887773594c2.wixmp.com/intermediary/f/8adefab8-9a4e-4fa7-8ad7-e2e4cf9cf1e9/dcy2wr5-ba2e3817-bf3e-4019-8e31-bb7554c29ac5.jpg/v1/fill/w_487,h_400,q_70,strp/ashe_pharah_tracer_widowmaker_by_liang_xing_dcy2wr5-400t.jpg 487w,https://images-wixmp-ed30a86b8c4ca887773594c2.wixmp.com/intermediary/f/8adefab8-9a4e-4fa7-8ad7-e2e4cf9cf1e9/dcy2wr5-ba2e3817-bf3e-4019-8e31-bb7554c29ac5.jpg/v1/fill/w_987,h_810,q_70,strp/ashe_pharah_tracer_widowmaker_by_liang_xing_dcy2wr5-pre.jpg 987w&quot; sizes=&quot;150px&quot;&gt;&lt;/a&gt;&lt;/span&gt;&lt;!-- ^TTT --&gt;&lt;!-- TTT$ --&gt;&lt;/span&gt;&amp;nbsp;&lt;span class=&quot;shadow-holder&quot; data-embed-type=&quot;deviation&quot; data-embed-id=&quot;769973117&quot; data-embed-format=&quot;thumb&quot;&gt;&lt;span class=&quot;shadow mild&quot; &gt;&lt;a class=&quot;thumb ismature&quot; href=&quot;https://www.deviantart.com/liang-xing/art/Booette-Bowsette-Peach-769973117&quot; title=&quot;Booette Bowsette Peach by Liang-Xing, Oct 26, 2018 in Fan Art &amp;gt; Wallpaper &amp;gt; Games&quot;data-super-img=&quot;https://images-wixmp-ed30a86b8c4ca887773594c2.wixmp.com/intermediary/f/8adefab8-9a4e-4fa7-8ad7-e2e4cf9cf1e9/dcqf725-beefefd4-bee5-47a2-a891-e42ec160c2bb.jpg/v1/fill/w_995,h_803,q_70,strp/booette_bowsette_peach_by_liang_xing_dcqf725-pre.jpg&quot; data-super-width=&quot;995&quot; data-super-height=&quot;803&quot; data-super-transparent=&quot;false&quot; data-super-alt=&quot;Booette Bowsette Peach by Liang-Xing&quot; data-super-full-img=&quot;https://images-wixmp-ed30a86b8c4ca887773594c2.wixmp.com/intermediary/f/8adefab8-9a4e-4fa7-8ad7-e2e4cf9cf1e9/dcqf725-beefefd4-bee5-47a2-a891-e42ec160c2bb.jpg&quot; data-super-full-width=&quot;1100&quot; data-super-full-height=&quot;888&quot;        data-sigil=&quot;thumb&quot;&gt;
                &lt;div class=&quot;thumb_agegate&quot;&gt;
            &lt;div class=&quot;agegate&quot;&gt;
                &lt;div class=&quot;nogo icon-blocked&quot;&gt;&lt;/div&gt;
                &lt;h1&gt;Mature Content&lt;/h1&gt;
            &lt;/div&gt;
        &lt;/div&gt;
        &lt;i&gt;&lt;/i&gt;&lt;img   width=&quot;150&quot; height=&quot;121&quot; alt=&quot;Booette Bowsette Peach by Liang-Xing&quot; src=&quot;https://images-wixmp-ed30a86b8c4ca887773594c2.wixmp.com/intermediary/f/8adefab8-9a4e-4fa7-8ad7-e2e4cf9cf1e9/dcqf725-beefefd4-bee5-47a2-a891-e42ec160c2bb.jpg/v1/fit/w_150,h_150,q_70,strp/booette_bowsette_peach_by_liang_xing_dcqf725-150.jpg&quot; data-src=&quot;https://images-wixmp-ed30a86b8c4ca887773594c2.wixmp.com/intermediary/f/8adefab8-9a4e-4fa7-8ad7-e2e4cf9cf1e9/dcqf725-beefefd4-bee5-47a2-a891-e42ec160c2bb.jpg/v1/fit/w_150,h_150,q_70,strp/booette_bowsette_peach_by_liang_xing_dcqf725-150.jpg&quot; srcset=&quot;https://images-wixmp-ed30a86b8c4ca887773594c2.wixmp.com/intermediary/f/8adefab8-9a4e-4fa7-8ad7-e2e4cf9cf1e9/dcqf725-beefefd4-bee5-47a2-a891-e42ec160c2bb.jpg/v1/fit/w_150,h_150,q_70,strp/booette_bowsette_peach_by_liang_xing_dcqf725-150.jpg 150w,https://images-wixmp-ed30a86b8c4ca887773594c2.wixmp.com/intermediary/f/8adefab8-9a4e-4fa7-8ad7-e2e4cf9cf1e9/dcqf725-beefefd4-bee5-47a2-a891-e42ec160c2bb.jpg/v1/fill/w_310,h_250,q_70,strp/booette_bowsette_peach_by_liang_xing_dcqf725-250t.jpg 310w,https://images-wixmp-ed30a86b8c4ca887773594c2.wixmp.com/intermediary/f/8adefab8-9a4e-4fa7-8ad7-e2e4cf9cf1e9/dcqf725-beefefd4-bee5-47a2-a891-e42ec160c2bb.jpg/v1/fill/w_434,h_350,q_70,strp/booette_bowsette_peach_by_liang_xing_dcqf725-350t.jpg 434w,https://images-wixmp-ed30a86b8c4ca887773594c2.wixmp.com/intermediary/f/8adefab8-9a4e-4fa7-8ad7-e2e4cf9cf1e9/dcqf725-beefefd4-bee5-47a2-a891-e42ec160c2bb.jpg/v1/fill/w_495,h_400,q_70,strp/booette_bowsette_peach_by_liang_xing_dcqf725-400t.jpg 495w,https://images-wixmp-ed30a86b8c4ca887773594c2.wixmp.com/intermediary/f/8adefab8-9a4e-4fa7-8ad7-e2e4cf9cf1e9/dcqf725-beefefd4-bee5-47a2-a891-e42ec160c2bb.jpg/v1/fill/w_995,h_803,q_70,strp/booette_bowsette_peach_by_liang_xing_dcqf725-pre.jpg 995w&quot; sizes=&quot;150px&quot;&gt;&lt;/a&gt;&lt;/span&gt;&lt;!-- ^TTT --&gt;&lt;!-- TTT$ --&gt;&lt;/span&gt;&amp;nbsp;&lt;span class=&quot;shadow-holder&quot; data-embed-type=&quot;deviation&quot; data-embed-id=&quot;765812182&quot; data-embed-format=&quot;thumb&quot;&gt;&lt;span class=&quot;shadow mild&quot; &gt;&lt;a class=&quot;thumb ismature&quot; href=&quot;https://www.deviantart.com/liang-xing/art/Overwatch-765812182&quot; title=&quot;Overwatch by Liang-Xing, Sep 27, 2018 in Fan Art &amp;gt; Wallpaper &amp;gt; Games&quot;data-super-img=&quot;https://images-wixmp-ed30a86b8c4ca887773594c2.wixmp.com/intermediary/f/8adefab8-9a4e-4fa7-8ad7-e2e4cf9cf1e9/dcny0gm-5d191eab-e752-42bf-ab4b-ef60ebdc0c83.jpg/v1/fill/w_911,h_877,q_70,strp/overwatch_by_liang_xing_dcny0gm-pre.jpg&quot; data-super-width=&quot;911&quot; data-super-height=&quot;877&quot; data-super-transparent=&quot;false&quot; data-super-alt=&quot;Overwatch by Liang-Xing&quot; data-super-full-img=&quot;https://images-wixmp-ed30a86b8c4ca887773594c2.wixmp.com/intermediary/f/8adefab8-9a4e-4fa7-8ad7-e2e4cf9cf1e9/dcny0gm-5d191eab-e752-42bf-ab4b-ef60ebdc0c83.jpg&quot; data-super-full-width=&quot;1000&quot; data-super-full-height=&quot;963&quot;        data-sigil=&quot;thumb&quot;&gt;
                &lt;div class=&quot;thumb_agegate&quot;&gt;
            &lt;div class=&quot;agegate&quot;&gt;
                &lt;div class=&quot;nogo icon-blocked&quot;&gt;&lt;/div&gt;
                &lt;h1&gt;Mature Content&lt;/h1&gt;
            &lt;/div&gt;
        &lt;/div&gt;
        &lt;i&gt;&lt;/i&gt;&lt;img   width=&quot;150&quot; height=&quot;144&quot; alt=&quot;Overwatch by Liang-Xing&quot; src=&quot;https://images-wixmp-ed30a86b8c4ca887773594c2.wixmp.com/intermediary/f/8adefab8-9a4e-4fa7-8ad7-e2e4cf9cf1e9/dcny0gm-5d191eab-e752-42bf-ab4b-ef60ebdc0c83.jpg/v1/fit/w_150,h_150,q_70,strp/overwatch_by_liang_xing_dcny0gm-150.jpg&quot; data-src=&quot;https://images-wixmp-ed30a86b8c4ca887773594c2.wixmp.com/intermediary/f/8adefab8-9a4e-4fa7-8ad7-e2e4cf9cf1e9/dcny0gm-5d191eab-e752-42bf-ab4b-ef60ebdc0c83.jpg/v1/fit/w_150,h_150,q_70,strp/overwatch_by_liang_xing_dcny0gm-150.jpg&quot; srcset=&quot;https://images-wixmp-ed30a86b8c4ca887773594c2.wixmp.com/intermediary/f/8adefab8-9a4e-4fa7-8ad7-e2e4cf9cf1e9/dcny0gm-5d191eab-e752-42bf-ab4b-ef60ebdc0c83.jpg/v1/fit/w_150,h_150,q_70,strp/overwatch_by_liang_xing_dcny0gm-150.jpg 150w,https://images-wixmp-ed30a86b8c4ca887773594c2.wixmp.com/intermediary/f/8adefab8-9a4e-4fa7-8ad7-e2e4cf9cf1e9/dcny0gm-5d191eab-e752-42bf-ab4b-ef60ebdc0c83.jpg/v1/fill/w_260,h_250,q_70,strp/overwatch_by_liang_xing_dcny0gm-250t.jpg 260w,https://images-wixmp-ed30a86b8c4ca887773594c2.wixmp.com/intermediary/f/8adefab8-9a4e-4fa7-8ad7-e2e4cf9cf1e9/dcny0gm-5d191eab-e752-42bf-ab4b-ef60ebdc0c83.jpg/v1/fill/w_363,h_350,q_70,strp/overwatch_by_liang_xing_dcny0gm-350t.jpg 363w,https://images-wixmp-ed30a86b8c4ca887773594c2.wixmp.com/intermediary/f/8adefab8-9a4e-4fa7-8ad7-e2e4cf9cf1e9/dcny0gm-5d191eab-e752-42bf-ab4b-ef60ebdc0c83.jpg/v1/fill/w_415,h_400,q_70,strp/overwatch_by_liang_xing_dcny0gm-400t.jpg 415w,https://images-wixmp-ed30a86b8c4ca887773594c2.wixmp.com/intermediary/f/8adefab8-9a4e-4fa7-8ad7-e2e4cf9cf1e9/dcny0gm-5d191eab-e752-42bf-ab4b-ef60ebdc0c83.jpg/v1/fill/w_911,h_877,q_70,strp/overwatch_by_liang_xing_dcny0gm-pre.jpg 911w&quot; sizes=&quot;150px&quot;&gt;&lt;/a&gt;&lt;/span&gt;&lt;!-- ^TTT --&gt;&lt;!-- TTT$ --&gt;&lt;/span&gt;&amp;nbsp;&lt;span class=&quot;shadow-holder&quot; data-embed-type=&quot;deviation&quot; data-embed-id=&quot;750337749&quot; data-embed-format=&quot;thumb&quot;&gt;&lt;span class=&quot;shadow mild&quot; &gt;&lt;a class=&quot;thumb ismature&quot; href=&quot;https://www.deviantart.com/liang-xing/art/mercy-X-dva-Yuri-750337749&quot; title=&quot;mercy X dva Yuri by Liang-Xing, Jun 18, 2018 in Fan Art &amp;gt; Wallpaper &amp;gt; Games&quot;data-super-img=&quot;https://images-wixmp-ed30a86b8c4ca887773594c2.wixmp.com/intermediary/f/8adefab8-9a4e-4fa7-8ad7-e2e4cf9cf1e9/dceqcb9-1f49f38f-731a-4c12-ae07-eb9c40c7f7c9.jpg&quot; data-super-width=&quot;563&quot; data-super-height=&quot;750&quot; data-super-transparent=&quot;false&quot; data-super-alt=&quot;mercy X dva Yuri by Liang-Xing&quot; data-super-full-img=&quot;https://images-wixmp-ed30a86b8c4ca887773594c2.wixmp.com/intermediary/f/8adefab8-9a4e-4fa7-8ad7-e2e4cf9cf1e9/dceqcb9-1f49f38f-731a-4c12-ae07-eb9c40c7f7c9.jpg&quot; data-super-full-width=&quot;563&quot; data-super-full-height=&quot;750&quot;        data-sigil=&quot;thumb&quot;&gt;
                &lt;div class=&quot;thumb_agegate&quot;&gt;
            &lt;div class=&quot;agegate&quot;&gt;
                &lt;div class=&quot;nogo icon-blocked&quot;&gt;&lt;/div&gt;
                &lt;h1&gt;Mature Content&lt;/h1&gt;
            &lt;/div&gt;
        &lt;/div&gt;
        &lt;i&gt;&lt;/i&gt;&lt;img   width=&quot;113&quot; height=&quot;150&quot; alt=&quot;mercy X dva Yuri by Liang-Xing&quot; src=&quot;https://images-wixmp-ed30a86b8c4ca887773594c2.wixmp.com/intermediary/f/8adefab8-9a4e-4fa7-8ad7-e2e4cf9cf1e9/dceqcb9-1f49f38f-731a-4c12-ae07-eb9c40c7f7c9.jpg/v1/fit/w_150,h_150,q_70,strp/mercy_x_dva_yuri_by_liang_xing_dceqcb9-150.jpg&quot; data-src=&quot;https://images-wixmp-ed30a86b8c4ca887773594c2.wixmp.com/intermediary/f/8adefab8-9a4e-4fa7-8ad7-e2e4cf9cf1e9/dceqcb9-1f49f38f-731a-4c12-ae07-eb9c40c7f7c9.jpg/v1/fit/w_150,h_150,q_70,strp/mercy_x_dva_yuri_by_liang_xing_dceqcb9-150.jpg&quot; srcset=&quot;https://images-wixmp-ed30a86b8c4ca887773594c2.wixmp.com/intermediary/f/8adefab8-9a4e-4fa7-8ad7-e2e4cf9cf1e9/dceqcb9-1f49f38f-731a-4c12-ae07-eb9c40c7f7c9.jpg/v1/fit/w_150,h_150,q_70,strp/mercy_x_dva_yuri_by_liang_xing_dceqcb9-150.jpg 113w,https://images-wixmp-ed30a86b8c4ca887773594c2.wixmp.com/intermediary/f/8adefab8-9a4e-4fa7-8ad7-e2e4cf9cf1e9/dceqcb9-1f49f38f-731a-4c12-ae07-eb9c40c7f7c9.jpg/v1/fill/w_188,h_250,q_70,strp/mercy_x_dva_yuri_by_liang_xing_dceqcb9-250t.jpg 188w,https://images-wixmp-ed30a86b8c4ca887773594c2.wixmp.com/intermediary/f/8adefab8-9a4e-4fa7-8ad7-e2e4cf9cf1e9/dceqcb9-1f49f38f-731a-4c12-ae07-eb9c40c7f7c9.jpg/v1/fill/w_263,h_350,q_70,strp/mercy_x_dva_yuri_by_liang_xing_dceqcb9-350t.jpg 263w,https://images-wixmp-ed30a86b8c4ca887773594c2.wixmp.com/intermediary/f/8adefab8-9a4e-4fa7-8ad7-e2e4cf9cf1e9/dceqcb9-1f49f38f-731a-4c12-ae07-eb9c40c7f7c9.jpg/v1/fill/w_300,h_400,q_70,strp/mercy_x_dva_yuri_by_liang_xing_dceqcb9-400t.jpg 300w,https://images-wixmp-ed30a86b8c4ca887773594c2.wixmp.com/intermediary/f/8adefab8-9a4e-4fa7-8ad7-e2e4cf9cf1e9/dceqcb9-1f49f38f-731a-4c12-ae07-eb9c40c7f7c9.jpg 563w&quot; sizes=&quot;113px&quot;&gt;&lt;/a&gt;&lt;/span&gt;&lt;!-- ^TTT --&gt;&lt;!-- TTT$ --&gt;&lt;/span&gt;&amp;nbsp;&lt;/b&gt;&lt;/div&gt;&lt;br /&gt;&lt;div&gt;&lt;img src=&quot;https://t00.deviantart.net/cGHLQnWqvBN87sk-dWvR-uH12xg=/300x200/filters:fixed_height(100,100):origin()/pre00/501a/th/pre/f/2019/052/0/8/ada_wong_nsfw_by_liang_xing-dd0bovg.jpg&quot; alt=&quot;thumbnail&quot; /&gt;&lt;/div&gt;</description>            </item>
                    <item>
                <title>#Drawthisinyourstyle</title>
                <link>https://prywinko.deviantart.com/art/Drawthisinyourstyle-786593761</link>
                <guid isPermaLink="true">https://prywinko.deviantart.com/art/Drawthisinyourstyle-786593761</guid>
                <pubDate>Thu, 21 Feb 2019 03:58:55 PST</pubDate>
                        <media:title type="plain">#Drawthisinyourstyle</media:title>
        <media:keywords></media:keywords>
                        <media:rating>nonadult</media:rating>
                <media:category label="Fantasy">digitalart/paintings/people/fantasy</media:category>
        <media:credit role="author" scheme="urn:ebu">Prywinko</media:credit>
        <media:credit role="author" scheme="urn:ebu">https://a.deviantart.net/avatars/p/r/prywinko.jpg?8</media:credit>
        <media:copyright url="https://prywinko.deviantart.com">Copyright 2019 Prywinko</media:copyright>
            <media:community>
                <media:tags>@prywinko</media:tags>
            </media:community>            <media:description type="html">&lt;span&gt;I updated my&amp;nbsp;&lt;/span&gt;&lt;a href=&quot;https://www.deviantart.com/popular-all-time/?section=&amp;amp;global=1&amp;amp;q=heilog&quot;&gt;&lt;span&gt;&lt;span&gt;Heilog&lt;/span&gt;&lt;/span&gt;&lt;/a&gt;&lt;span&gt;. Maybe someone likes Heilog and want to give her some love and attention&amp;nbsp;&lt;/span&gt;&lt;span&gt;&lt;span&gt;&amp;#129303;&lt;/span&gt;&lt;/span&gt;&lt;span&gt;&amp;nbsp;I will be happy!&lt;/span&gt;&lt;span&gt;&lt;span&gt;&amp;#128538;&lt;/span&gt;&lt;/span&gt;&lt;br /&gt;&lt;span&gt;&lt;span&gt;#&lt;/span&gt;&lt;span&gt;drawthisinyourstyle&amp;nbsp;&lt;br /&gt;&lt;h4&gt;&lt;div align=&quot;center&quot;&gt;&lt;p align=&quot;center&quot;&gt;&lt;a href=&quot;https://www.deviantart.com/king-lulu-deer/art/Pride-Shooting-Star-685222491&quot; class=&quot;emoticon&quot; data-embed-type=&quot;emoticon&quot; data-embed-id=&quot;685222491&quot; data-embed-profile=&quot;deviation&quot;&gt;&lt;img src=&quot;https://orig00.deviantart.net/ed9c/f/2017/174/1/8/pride_shooting_star_by_king_lulu_deer-dbbyp23.gif&quot; alt=&quot;Pride Shooting Star&quot; style=&quot;width:119px;height:20px&quot;&gt;&lt;/a&gt;&lt;b&gt;&amp;nbsp;!&lt;/b&gt;&lt;b&gt;&lt;a class=&quot;external&quot; href=&quot;https://www.deviantart.com/users/outgoing?https://www.patreon.com/join/Prywinko&quot;&gt;Support cute Prywinko!&lt;/a&gt;&amp;nbsp; &amp;nbsp;&lt;/b&gt;&lt;a href=&quot;https://www.deviantart.com/king-lulu-deer/art/Pride-Shooting-Star-685222491&quot; class=&quot;emoticon&quot; data-embed-type=&quot;emoticon&quot; data-embed-id=&quot;685222491&quot; data-embed-profile=&quot;deviation&quot;&gt;&lt;img src=&quot;https://orig00.deviantart.net/ed9c/f/2017/174/1/8/pride_shooting_star_by_king_lulu_deer-dbbyp23.gif&quot; alt=&quot;Pride Shooting Star&quot; style=&quot;width:119px;height:20px&quot;&gt;&lt;/a&gt;&lt;b&gt;&amp;nbsp;&lt;/b&gt;&lt;/p&gt;&lt;/div&gt;&lt;/h4&gt;&lt;h4&gt;&lt;div align=&quot;center&quot;&gt;&lt;p align=&quot;center&quot;&gt;&lt;b&gt;&lt;/b&gt;&lt;/p&gt;&lt;/div&gt;&lt;/h4&gt;&lt;div align=&quot;center&quot;&gt;&lt;div align=&quot;center&quot;&gt;&lt;div align=&quot;center&quot;&gt;&lt;div align=&quot;center&quot;&gt;&lt;div align=&quot;center&quot;&gt;&lt;div align=&quot;center&quot;&gt;&lt;div align=&quot;center&quot;&gt;&lt;div align=&quot;center&quot;&gt;&lt;b&gt;My art and video are created thanks to your support! Thank you!&lt;br /&gt;&lt;/b&gt;&lt;br /&gt;&lt;/div&gt;&lt;/div&gt;&lt;/div&gt;&lt;/div&gt;&lt;div align=&quot;center&quot;&gt;&lt;b&gt;&amp;nbsp;&amp;nbsp;&lt;a href=&quot;https://www.deviantart.com/poserfan/art/Patreon-Icon-543304473&quot; class=&quot;emoticon&quot; data-embed-type=&quot;emoticon&quot; data-embed-id=&quot;543304473&quot; data-embed-profile=&quot;deviation&quot;&gt;&lt;img src=&quot;https://images-wixmp-ed30a86b8c4ca887773594c2.wixmp.com/intermediary/f/0a6e9796-d386-4234-97d1-d46c16906e81/d8zgwex-5864a807-08a9-4167-a686-55d51e951ded.png&quot; alt=&quot;Patreon Icon&quot; style=&quot;width:16px;height:16px&quot;&gt;&lt;/a&gt;&amp;nbsp;&lt;/b&gt;&lt;a class=&quot;external&quot; href=&quot;https://www.deviantart.com/users/outgoing?https://www.patreon.com/prywinko&quot;&gt;Patreon&amp;nbsp;&lt;/a&gt;&lt;b&gt;&amp;nbsp;&lt;a href=&quot;https://www.deviantart.com/liriorox/art/Gumroad-icon-2-545734859&quot; class=&quot;emoticon&quot; data-embed-type=&quot;emoticon&quot; data-embed-id=&quot;545734859&quot; data-embed-profile=&quot;deviation&quot;&gt;&lt;img src=&quot;https://images-wixmp-ed30a86b8c4ca887773594c2.wixmp.com/intermediary/f/0bd87312-636c-4da8-8502-26c542873b11/d90wzpn-47fbf5d8-7dd8-40b0-810d-f16277f51393.png&quot; alt=&quot;Gumroad icon 2&quot; style=&quot;width:16px;height:16px&quot;&gt;&lt;/a&gt;&amp;nbsp;&amp;nbsp;&lt;/b&gt;&lt;a class=&quot;external&quot; href=&quot;https://www.deviantart.com/users/outgoing?https://gumroad.com/prywinko&quot;&gt;Gumroad&lt;/a&gt;&lt;b&gt;&amp;nbsp;&amp;nbsp;&lt;a href=&quot;https://www.deviantart.com/linux-rules/art/Ko-fi-square-Icon-mini-615689033&quot; class=&quot;emoticon&quot; data-embed-type=&quot;emoticon&quot; data-embed-id=&quot;615689033&quot; data-embed-profile=&quot;deviation&quot;&gt;&lt;img src=&quot;https://images-wixmp-ed30a86b8c4ca887773594c2.wixmp.com/intermediary/f/25e46574-05d5-4425-916d-e5292bb066ac/da6kcp5-fcbf962a-dc0b-4e98-9a95-5e358a0493eb.png&quot; alt=&quot;Ko-fi (square) Icon mini&quot; style=&quot;width:21px;height:21px&quot;&gt;&lt;/a&gt;&amp;nbsp;&lt;/b&gt;&lt;a class=&quot;external&quot; href=&quot;https://www.deviantart.com/users/outgoing?https://ko-fi.com/A777O3E&quot;&gt;Ko-fi&lt;/a&gt;&lt;b&gt;&amp;nbsp;&lt;a href=&quot;https://www.deviantart.com/poserfan/art/Instagram-Icon-414445438&quot; class=&quot;emoticon&quot; data-embed-type=&quot;emoticon&quot; data-embed-id=&quot;414445438&quot; data-embed-profile=&quot;deviation&quot;&gt;&lt;img src=&quot;https://orig00.deviantart.net/efae/f/2013/326/f/3/instagram_icon_by_poserfan-d6ur05a.gif&quot; alt=&quot;Instagram Icon&quot; style=&quot;width:16px;height:16px&quot;&gt;&lt;/a&gt;&amp;nbsp;&amp;nbsp;&lt;/b&gt;&lt;a class=&quot;external&quot; href=&quot;https://www.deviantart.com/users/outgoing?https://www.instagram.com/prywinko&quot;&gt;Instagram&lt;/a&gt;&lt;b&gt;&amp;nbsp;&lt;img src=&quot;https://e.deviantart.net/emoticons/f/facebook.gif&quot; alt=&quot;Facebook&quot; style=&quot;width: 16px; height: 16px;&quot; data-embed-type=&quot;emoticon&quot; data-embed-id=&quot;616&quot;&gt;&amp;nbsp;&lt;/b&gt;&lt;a class=&quot;external&quot; href=&quot;https://www.deviantart.com/users/outgoing?https://www.facebook.com/prywinko&quot;&gt;Facebook&lt;/a&gt;&lt;b&gt;&amp;nbsp;&lt;/b&gt;&lt;a href=&quot;https://www.deviantart.com/users/outgoing?https://twitter.com/prywinko&quot;&gt;&lt;img src=&quot;https://e.deviantart.net/emoticons/t/twitter_2.gif&quot; alt=&quot;Twitter&quot; style=&quot;width: 16px; height: 16px;&quot; data-embed-type=&quot;emoticon&quot; data-embed-id=&quot;614&quot;&gt;&amp;nbsp;Twitter&lt;/a&gt;&lt;b&gt;&amp;nbsp;&amp;nbsp;&lt;a href=&quot;https://www.deviantart.com/hexsy/art/Tumblr-Emote-477200343&quot; class=&quot;emoticon&quot; data-embed-type=&quot;emoticon&quot; data-embed-id=&quot;477200343&quot; data-embed-profile=&quot;deviation&quot;&gt;&lt;img src=&quot;https://orig00.deviantart.net/5638/f/2014/233/8/d/tumblr_emote_by_hexsy-d7w4253.gif&quot; alt=&quot;Tumblr Emote&quot; style=&quot;width:16px;height:16px&quot;&gt;&lt;/a&gt;&amp;nbsp;&amp;nbsp;&lt;/b&gt;&lt;a class=&quot;external&quot; href=&quot;https://www.deviantart.com/users/outgoing?http://prywinko.tumblr.com/&quot;&gt;Tumblr&lt;/a&gt;&lt;b&gt;&amp;nbsp;&amp;nbsp;&lt;a href=&quot;https://www.deviantart.com/linux-rules/art/Pixiv-Icon-ultramini-614264723&quot; class=&quot;emoticon&quot; data-embed-type=&quot;emoticon&quot; data-embed-id=&quot;614264723&quot; data-embed-profile=&quot;deviation&quot;&gt;&lt;img src=&quot;https://images-wixmp-ed30a86b8c4ca887773594c2.wixmp.com/intermediary/f/25e46574-05d5-4425-916d-e5292bb066ac/da5ptoz-f899f03b-bad5-47d6-8a8c-e94b0ba74940.png&quot; alt=&quot;Pixiv Icon ultramini&quot; style=&quot;width:16px;height:16px&quot;&gt;&lt;/a&gt;&amp;nbsp;&lt;/b&gt;&lt;a class=&quot;external&quot; href=&quot;https://www.deviantart.com/users/outgoing?http://www.pixiv.net/member.php?id=11035409&quot;&gt;Pixiv&lt;/a&gt;&lt;b&gt;&amp;nbsp;&lt;a href=&quot;https://www.deviantart.com/poserfan/art/RedBubble-Icon-610621069&quot; class=&quot;emoticon&quot; data-embed-type=&quot;emoticon&quot; data-embed-id=&quot;610621069&quot; data-embed-profile=&quot;deviation&quot;&gt;&lt;img src=&quot;https://images-wixmp-ed30a86b8c4ca887773594c2.wixmp.com/intermediary/f/0a6e9796-d386-4234-97d1-d46c16906e81/da3jq8d-a73ec1da-e1ea-4429-a8b6-85f10e1a2eb6.png&quot; alt=&quot;RedBubble Icon&quot; style=&quot;width:16px;height:16px&quot;&gt;&lt;/a&gt;&amp;nbsp;(print)&amp;nbsp;&lt;/b&gt;&lt;a class=&quot;external&quot; href=&quot;https://www.deviantart.com/users/outgoing?http://www.redbubble.com/people/prywinko/&quot;&gt;RedBubble&lt;/a&gt;&lt;b&gt;&amp;nbsp;&lt;a href=&quot;https://www.deviantart.com/vampirehelenaharper/art/YouTube-Icon-530921372&quot; class=&quot;emoticon&quot; data-embed-type=&quot;emoticon&quot; data-embed-id=&quot;530921372&quot; data-embed-profile=&quot;deviation&quot;&gt;&lt;img src=&quot;https://images-wixmp-ed30a86b8c4ca887773594c2.wixmp.com/intermediary/f/80bda55e-e860-4969-8f37-9e9d51e43927/d8s3hjw-b4c05150-baba-4ad3-bea8-b4870929a06d.png&quot; alt=&quot;YouTube Icon&quot; style=&quot;width:16px;height:16px&quot;&gt;&lt;/a&gt;&amp;nbsp;&amp;nbsp;&lt;/b&gt;&lt;a class=&quot;external&quot; href=&quot;https://www.deviantart.com/users/outgoing?https://www.youtube.com/channel/UC_Rn0n1K-srpX0_u6gnNx-A&quot;&gt;Youtube&lt;/a&gt;&lt;b&gt;&amp;nbsp; &amp;nbsp;&lt;/b&gt;&lt;div align=&quot;center&quot;&gt;&lt;b&gt;&lt;a href=&quot;https://www.deviantart.com/linux-rules/art/Tapas-app-Icon-ultramini-614491251&quot; class=&quot;emoticon&quot; data-embed-type=&quot;emoticon&quot; data-embed-id=&quot;614491251&quot; data-embed-profile=&quot;deviation&quot;&gt;&lt;img src=&quot;https://images-wixmp-ed30a86b8c4ca887773594c2.wixmp.com/intermediary/f/25e46574-05d5-4425-916d-e5292bb066ac/da5uohf-082d4398-83e7-4e97-a151-c6adc04b4778.png&quot; alt=&quot;Tapas app Icon ultramini&quot; style=&quot;width:16px;height:16px&quot;&gt;&lt;/a&gt;&amp;nbsp;&lt;/b&gt;&lt;a class=&quot;external&quot; href=&quot;https://www.deviantart.com/users/outgoing?https://tapas.io/series/Prywinkos-life&quot;&gt;Tapas (comics)&lt;/a&gt;&lt;b&gt;&amp;nbsp;&amp;nbsp;&lt;/b&gt;&lt;/div&gt;&lt;/div&gt;&lt;/div&gt;&lt;/div&gt;&lt;/div&gt;&lt;/div&gt;&lt;/span&gt;&lt;/span&gt;</media:description>            <media:thumbnail url="https://t00.deviantart.net/f9TjILnShWHK7nHXg9f_1S3Rg_Y=/fit-in/150x150/filters:no_upscale():origin()/pre00/e2d3/th/pre/f/2019/052/4/6/_drawthisinyourstyle_by_prywinko-dd0bfmp.jpg" height="150" width="107"/>            <media:thumbnail url="https://t00.deviantart.net/my_o4XLbZoCp8DPTwGZlI9vLeuk=/fit-in/300x900/filters:no_upscale():origin()/pre00/e2d3/th/pre/f/2019/052/4/6/_drawthisinyourstyle_by_prywinko-dd0bfmp.jpg" height="419" width="300"/>            <media:thumbnail url="https://t00.deviantart.net/7GRCspCKQ_z5iX8lOeKQmCoeeIA=/300x200/filters:fixed_height(100,100):origin()/pre00/e2d3/th/pre/f/2019/052/4/6/_drawthisinyourstyle_by_prywinko-dd0bfmp.jpg" height="200" width="143"/>            <media:content url="https://pre00.deviantart.net/e2d3/th/pre/f/2019/052/4/6/_drawthisinyourstyle_by_prywinko-dd0bfmp.jpg" height="1057" width="756" medium="image"/>            
            <description>&lt;span&gt;I updated my&amp;nbsp;&lt;/span&gt;&lt;a href=&quot;https://www.deviantart.com/popular-all-time/?section=&amp;amp;global=1&amp;amp;q=heilog&quot;&gt;&lt;span&gt;&lt;span&gt;Heilog&lt;/span&gt;&lt;/span&gt;&lt;/a&gt;&lt;span&gt;. Maybe someone likes Heilog and want to give her some love and attention&amp;nbsp;&lt;/span&gt;&lt;span&gt;&lt;span&gt;&amp;#129303;&lt;/span&gt;&lt;/span&gt;&lt;span&gt;&amp;nbsp;I will be happy!&lt;/span&gt;&lt;span&gt;&lt;span&gt;&amp;#128538;&lt;/span&gt;&lt;/span&gt;&lt;br /&gt;&lt;span&gt;&lt;span&gt;#&lt;/span&gt;&lt;span&gt;drawthisinyourstyle&amp;nbsp;&lt;br /&gt;&lt;h4&gt;&lt;div align=&quot;center&quot;&gt;&lt;p align=&quot;center&quot;&gt;&lt;a href=&quot;https://www.deviantart.com/king-lulu-deer/art/Pride-Shooting-Star-685222491&quot; class=&quot;emoticon&quot; data-embed-type=&quot;emoticon&quot; data-embed-id=&quot;685222491&quot; data-embed-profile=&quot;deviation&quot;&gt;&lt;img src=&quot;https://orig00.deviantart.net/ed9c/f/2017/174/1/8/pride_shooting_star_by_king_lulu_deer-dbbyp23.gif&quot; alt=&quot;Pride Shooting Star&quot; style=&quot;width:119px;height:20px&quot;&gt;&lt;/a&gt;&lt;b&gt;&amp;nbsp;!&lt;/b&gt;&lt;b&gt;&lt;a class=&quot;external&quot; href=&quot;https://www.deviantart.com/users/outgoing?https://www.patreon.com/join/Prywinko&quot;&gt;Support cute Prywinko!&lt;/a&gt;&amp;nbsp; &amp;nbsp;&lt;/b&gt;&lt;a href=&quot;https://www.deviantart.com/king-lulu-deer/art/Pride-Shooting-Star-685222491&quot; class=&quot;emoticon&quot; data-embed-type=&quot;emoticon&quot; data-embed-id=&quot;685222491&quot; data-embed-profile=&quot;deviation&quot;&gt;&lt;img src=&quot;https://orig00.deviantart.net/ed9c/f/2017/174/1/8/pride_shooting_star_by_king_lulu_deer-dbbyp23.gif&quot; alt=&quot;Pride Shooting Star&quot; style=&quot;width:119px;height:20px&quot;&gt;&lt;/a&gt;&lt;b&gt;&amp;nbsp;&lt;/b&gt;&lt;/p&gt;&lt;/div&gt;&lt;/h4&gt;&lt;h4&gt;&lt;div align=&quot;center&quot;&gt;&lt;p align=&quot;center&quot;&gt;&lt;b&gt;&lt;/b&gt;&lt;/p&gt;&lt;/div&gt;&lt;/h4&gt;&lt;div align=&quot;center&quot;&gt;&lt;div align=&quot;center&quot;&gt;&lt;div align=&quot;center&quot;&gt;&lt;div align=&quot;center&quot;&gt;&lt;div align=&quot;center&quot;&gt;&lt;div align=&quot;center&quot;&gt;&lt;div align=&quot;center&quot;&gt;&lt;div align=&quot;center&quot;&gt;&lt;b&gt;My art and video are created thanks to your support! Thank you!&lt;br /&gt;&lt;/b&gt;&lt;br /&gt;&lt;/div&gt;&lt;/div&gt;&lt;/div&gt;&lt;/div&gt;&lt;div align=&quot;center&quot;&gt;&lt;b&gt;&amp;nbsp;&amp;nbsp;&lt;a href=&quot;https://www.deviantart.com/poserfan/art/Patreon-Icon-543304473&quot; class=&quot;emoticon&quot; data-embed-type=&quot;emoticon&quot; data-embed-id=&quot;543304473&quot; data-embed-profile=&quot;deviation&quot;&gt;&lt;img src=&quot;https://images-wixmp-ed30a86b8c4ca887773594c2.wixmp.com/intermediary/f/0a6e9796-d386-4234-97d1-d46c16906e81/d8zgwex-5864a807-08a9-4167-a686-55d51e951ded.png&quot; alt=&quot;Patreon Icon&quot; style=&quot;width:16px;height:16px&quot;&gt;&lt;/a&gt;&amp;nbsp;&lt;/b&gt;&lt;a class=&quot;external&quot; href=&quot;https://www.deviantart.com/users/outgoing?https://www.patreon.com/prywinko&quot;&gt;Patreon&amp;nbsp;&lt;/a&gt;&lt;b&gt;&amp;nbsp;&lt;a href=&quot;https://www.deviantart.com/liriorox/art/Gumroad-icon-2-545734859&quot; class=&quot;emoticon&quot; data-embed-type=&quot;emoticon&quot; data-embed-id=&quot;545734859&quot; data-embed-profile=&quot;deviation&quot;&gt;&lt;img src=&quot;https://images-wixmp-ed30a86b8c4ca887773594c2.wixmp.com/intermediary/f/0bd87312-636c-4da8-8502-26c542873b11/d90wzpn-47fbf5d8-7dd8-40b0-810d-f16277f51393.png&quot; alt=&quot;Gumroad icon 2&quot; style=&quot;width:16px;height:16px&quot;&gt;&lt;/a&gt;&amp;nbsp;&amp;nbsp;&lt;/b&gt;&lt;a class=&quot;external&quot; href=&quot;https://www.deviantart.com/users/outgoing?https://gumroad.com/prywinko&quot;&gt;Gumroad&lt;/a&gt;&lt;b&gt;&amp;nbsp;&amp;nbsp;&lt;a href=&quot;https://www.deviantart.com/linux-rules/art/Ko-fi-square-Icon-mini-615689033&quot; class=&quot;emoticon&quot; data-embed-type=&quot;emoticon&quot; data-embed-id=&quot;615689033&quot; data-embed-profile=&quot;deviation&quot;&gt;&lt;img src=&quot;https://images-wixmp-ed30a86b8c4ca887773594c2.wixmp.com/intermediary/f/25e46574-05d5-4425-916d-e5292bb066ac/da6kcp5-fcbf962a-dc0b-4e98-9a95-5e358a0493eb.png&quot; alt=&quot;Ko-fi (square) Icon mini&quot; style=&quot;width:21px;height:21px&quot;&gt;&lt;/a&gt;&amp;nbsp;&lt;/b&gt;&lt;a class=&quot;external&quot; href=&quot;https://www.deviantart.com/users/outgoing?https://ko-fi.com/A777O3E&quot;&gt;Ko-fi&lt;/a&gt;&lt;b&gt;&amp;nbsp;&lt;a href=&quot;https://www.deviantart.com/poserfan/art/Instagram-Icon-414445438&quot; class=&quot;emoticon&quot; data-embed-type=&quot;emoticon&quot; data-embed-id=&quot;414445438&quot; data-embed-profile=&quot;deviation&quot;&gt;&lt;img src=&quot;https://orig00.deviantart.net/efae/f/2013/326/f/3/instagram_icon_by_poserfan-d6ur05a.gif&quot; alt=&quot;Instagram Icon&quot; style=&quot;width:16px;height:16px&quot;&gt;&lt;/a&gt;&amp;nbsp;&amp;nbsp;&lt;/b&gt;&lt;a class=&quot;external&quot; href=&quot;https://www.deviantart.com/users/outgoing?https://www.instagram.com/prywinko&quot;&gt;Instagram&lt;/a&gt;&lt;b&gt;&amp;nbsp;&lt;img src=&quot;https://e.deviantart.net/emoticons/f/facebook.gif&quot; alt=&quot;Facebook&quot; style=&quot;width: 16px; height: 16px;&quot; data-embed-type=&quot;emoticon&quot; data-embed-id=&quot;616&quot;&gt;&amp;nbsp;&lt;/b&gt;&lt;a class=&quot;external&quot; href=&quot;https://www.deviantart.com/users/outgoing?https://www.facebook.com/prywinko&quot;&gt;Facebook&lt;/a&gt;&lt;b&gt;&amp;nbsp;&lt;/b&gt;&lt;a href=&quot;https://www.deviantart.com/users/outgoing?https://twitter.com/prywinko&quot;&gt;&lt;img src=&quot;https://e.deviantart.net/emoticons/t/twitter_2.gif&quot; alt=&quot;Twitter&quot; style=&quot;width: 16px; height: 16px;&quot; data-embed-type=&quot;emoticon&quot; data-embed-id=&quot;614&quot;&gt;&amp;nbsp;Twitter&lt;/a&gt;&lt;b&gt;&amp;nbsp;&amp;nbsp;&lt;a href=&quot;https://www.deviantart.com/hexsy/art/Tumblr-Emote-477200343&quot; class=&quot;emoticon&quot; data-embed-type=&quot;emoticon&quot; data-embed-id=&quot;477200343&quot; data-embed-profile=&quot;deviation&quot;&gt;&lt;img src=&quot;https://orig00.deviantart.net/5638/f/2014/233/8/d/tumblr_emote_by_hexsy-d7w4253.gif&quot; alt=&quot;Tumblr Emote&quot; style=&quot;width:16px;height:16px&quot;&gt;&lt;/a&gt;&amp;nbsp;&amp;nbsp;&lt;/b&gt;&lt;a class=&quot;external&quot; href=&quot;https://www.deviantart.com/users/outgoing?http://prywinko.tumblr.com/&quot;&gt;Tumblr&lt;/a&gt;&lt;b&gt;&amp;nbsp;&amp;nbsp;&lt;a href=&quot;https://www.deviantart.com/linux-rules/art/Pixiv-Icon-ultramini-614264723&quot; class=&quot;emoticon&quot; data-embed-type=&quot;emoticon&quot; data-embed-id=&quot;614264723&quot; data-embed-profile=&quot;deviation&quot;&gt;&lt;img src=&quot;https://images-wixmp-ed30a86b8c4ca887773594c2.wixmp.com/intermediary/f/25e46574-05d5-4425-916d-e5292bb066ac/da5ptoz-f899f03b-bad5-47d6-8a8c-e94b0ba74940.png&quot; alt=&quot;Pixiv Icon ultramini&quot; style=&quot;width:16px;height:16px&quot;&gt;&lt;/a&gt;&amp;nbsp;&lt;/b&gt;&lt;a class=&quot;external&quot; href=&quot;https://www.deviantart.com/users/outgoing?http://www.pixiv.net/member.php?id=11035409&quot;&gt;Pixiv&lt;/a&gt;&lt;b&gt;&amp;nbsp;&lt;a href=&quot;https://www.deviantart.com/poserfan/art/RedBubble-Icon-610621069&quot; class=&quot;emoticon&quot; data-embed-type=&quot;emoticon&quot; data-embed-id=&quot;610621069&quot; data-embed-profile=&quot;deviation&quot;&gt;&lt;img src=&quot;https://images-wixmp-ed30a86b8c4ca887773594c2.wixmp.com/intermediary/f/0a6e9796-d386-4234-97d1-d46c16906e81/da3jq8d-a73ec1da-e1ea-4429-a8b6-85f10e1a2eb6.png&quot; alt=&quot;RedBubble Icon&quot; style=&quot;width:16px;height:16px&quot;&gt;&lt;/a&gt;&amp;nbsp;(print)&amp;nbsp;&lt;/b&gt;&lt;a class=&quot;external&quot; href=&quot;https://www.deviantart.com/users/outgoing?http://www.redbubble.com/people/prywinko/&quot;&gt;RedBubble&lt;/a&gt;&lt;b&gt;&amp;nbsp;&lt;a href=&quot;https://www.deviantart.com/vampirehelenaharper/art/YouTube-Icon-530921372&quot; class=&quot;emoticon&quot; data-embed-type=&quot;emoticon&quot; data-embed-id=&quot;530921372&quot; data-embed-profile=&quot;deviation&quot;&gt;&lt;img src=&quot;https://images-wixmp-ed30a86b8c4ca887773594c2.wixmp.com/intermediary/f/80bda55e-e860-4969-8f37-9e9d51e43927/d8s3hjw-b4c05150-baba-4ad3-bea8-b4870929a06d.png&quot; alt=&quot;YouTube Icon&quot; style=&quot;width:16px;height:16px&quot;&gt;&lt;/a&gt;&amp;nbsp;&amp;nbsp;&lt;/b&gt;&lt;a class=&quot;external&quot; href=&quot;https://www.deviantart.com/users/outgoing?https://www.youtube.com/channel/UC_Rn0n1K-srpX0_u6gnNx-A&quot;&gt;Youtube&lt;/a&gt;&lt;b&gt;&amp;nbsp; &amp;nbsp;&lt;/b&gt;&lt;div align=&quot;center&quot;&gt;&lt;b&gt;&lt;a href=&quot;https://www.deviantart.com/linux-rules/art/Tapas-app-Icon-ultramini-614491251&quot; class=&quot;emoticon&quot; data-embed-type=&quot;emoticon&quot; data-embed-id=&quot;614491251&quot; data-embed-profile=&quot;deviation&quot;&gt;&lt;img src=&quot;https://images-wixmp-ed30a86b8c4ca887773594c2.wixmp.com/intermediary/f/25e46574-05d5-4425-916d-e5292bb066ac/da5uohf-082d4398-83e7-4e97-a151-c6adc04b4778.png&quot; alt=&quot;Tapas app Icon ultramini&quot; style=&quot;width:16px;height:16px&quot;&gt;&lt;/a&gt;&amp;nbsp;&lt;/b&gt;&lt;a class=&quot;external&quot; href=&quot;https://www.deviantart.com/users/outgoing?https://tapas.io/series/Prywinkos-life&quot;&gt;Tapas (comics)&lt;/a&gt;&lt;b&gt;&amp;nbsp;&amp;nbsp;&lt;/b&gt;&lt;/div&gt;&lt;/div&gt;&lt;/div&gt;&lt;/div&gt;&lt;/div&gt;&lt;/div&gt;&lt;/span&gt;&lt;/span&gt;&lt;br /&gt;&lt;div&gt;&lt;img src=&quot;https://t00.deviantart.net/7GRCspCKQ_z5iX8lOeKQmCoeeIA=/300x200/filters:fixed_height(100,100):origin()/pre00/e2d3/th/pre/f/2019/052/4/6/_drawthisinyourstyle_by_prywinko-dd0bfmp.jpg&quot; alt=&quot;thumbnail&quot; /&gt;&lt;/div&gt;</description>            </item>
                    <item>
                <title>Paris Carnival of Magic</title>
                <link>https://darkereve.deviantart.com/art/Paris-Carnival-of-Magic-786591083</link>
                <guid isPermaLink="true">https://darkereve.deviantart.com/art/Paris-Carnival-of-Magic-786591083</guid>
                <pubDate>Thu, 21 Feb 2019 03:10:53 PST</pubDate>
                        <media:title type="plain">Paris Carnival of Magic</media:title>
        <media:keywords></media:keywords>
                        <media:rating>nonadult</media:rating>
                <media:category label="Fantasy">digitalart/paintings/fantasy</media:category>
        <media:credit role="author" scheme="urn:ebu">DarkerEve</media:credit>
        <media:credit role="author" scheme="urn:ebu">https://a.deviantart.net/avatars/d/a/darkereve.png?12</media:credit>
        <media:copyright url="https://darkereve.deviantart.com">Copyright 2019 DarkerEve</media:copyright>
            <media:community>
                <media:tags>@DarkerEve</media:tags>
            </media:community>            <media:description type="html">&lt;div&gt;&lt;div&gt;&lt;b&gt;-&lt;a href=&quot;https://www.deviantart.com/poserfan/art/Facebook-Icon-414890838&quot; class=&quot;emoticon&quot; data-embed-type=&quot;emoticon&quot; data-embed-id=&quot;414890838&quot; data-embed-profile=&quot;deviation&quot;&gt;&lt;img src=&quot;https://orig00.deviantart.net/1650/f/2015/212/5/4/facebook_icon_by_poserfan-d6v0jti.gif&quot; alt=&quot;Facebook Icon&quot; style=&quot;width:16px;height:16px&quot;&gt;&lt;/a&gt;&amp;nbsp;&lt;b&gt;&lt;a class=&quot;external&quot; href=&quot;https://www.deviantart.com/users/outgoing?https://www.facebook.com/darkereve&quot;&gt;FACEBOOK&lt;/a&gt;&lt;/b&gt;&amp;nbsp;&lt;br /&gt;-&lt;/b&gt;&lt;a href=&quot;https://www.deviantart.com/poserfan/art/Instagram-New-Icon-608963664&quot; class=&quot;emoticon&quot; data-embed-type=&quot;emoticon&quot; data-embed-id=&quot;608963664&quot; data-embed-profile=&quot;deviation&quot;&gt;&lt;img src=&quot;https://images-wixmp-ed30a86b8c4ca887773594c2.wixmp.com/intermediary/f/0a6e9796-d386-4234-97d1-d46c16906e81/da2k7dc-81054cd1-99a8-4653-bd88-048d077f7265.png&quot; alt=&quot;Instagram New Icon&quot; style=&quot;width:16px;height:16px&quot;&gt;&lt;/a&gt;&amp;nbsp;&lt;a class=&quot;external&quot; href=&quot;https://www.deviantart.com/users/outgoing?https://www.instagram.com/darkereve/&quot;&gt;INSTAGRAM&lt;/a&gt;&lt;br /&gt;&lt;b&gt;-&lt;a href=&quot;https://www.deviantart.com/freakyed/art/Bullet-Patreon-455550600&quot; class=&quot;emoticon&quot; data-embed-type=&quot;emoticon&quot; data-embed-id=&quot;455550600&quot; data-embed-profile=&quot;deviation&quot;&gt;&lt;img src=&quot;https://images-wixmp-ed30a86b8c4ca887773594c2.wixmp.com/intermediary/f/e84b0e0f-dd81-4999-b6bc-536c4d32d85e/d7j813c-dc204c1d-c7d2-4616-b6bf-f40b92fae3b2.png&quot; alt=&quot;.:Bullet:. Patreon&quot; style=&quot;width:16px;height:16px&quot;&gt;&lt;/a&gt;&amp;nbsp;&lt;/b&gt;&lt;a class=&quot;external&quot; href=&quot;https://www.deviantart.com/users/outgoing?https://www.patreon.com/darkereve?ty=h&quot;&gt;PATREON&lt;/a&gt;&amp;nbsp;&lt;br /&gt;-&lt;img src=&quot;https://e.deviantart.net/emoticons/t/twitter_2.gif&quot; alt=&quot;Twitter&quot; style=&quot;width: 16px; height: 16px;&quot; data-embed-type=&quot;emoticon&quot; data-embed-id=&quot;614&quot;&gt;&amp;nbsp;&lt;a class=&quot;external&quot; href=&quot;https://www.deviantart.com/users/outgoing?https://twitter.com/DarkerEve&quot;&gt;TWITTER&lt;/a&gt;&lt;/div&gt;&lt;span&gt;-&lt;/span&gt;&lt;span&gt;&lt;a href=&quot;https://www.deviantart.com/linux-rules/art/Amazon-Inc-Icon-ultramini-616317898&quot; class=&quot;emoticon&quot; data-embed-type=&quot;emoticon&quot; data-embed-id=&quot;616317898&quot; data-embed-profile=&quot;deviation&quot;&gt;&lt;img src=&quot;https://images-wixmp-ed30a86b8c4ca887773594c2.wixmp.com/intermediary/f/25e46574-05d5-4425-916d-e5292bb066ac/da6xtxm-c3cbf32e-1594-4428-a084-5b0f8eb84c92.png&quot; alt=&quot;Amazon Inc. Icon ultramini&quot; style=&quot;width:16px;height:16px&quot;&gt;&lt;/a&gt;&amp;nbsp;&lt;/span&gt;&lt;a class=&quot;external&quot; href=&quot;https://www.deviantart.com/users/outgoing?https://www.amazon.com/Jagua-Tales-Beach-N-Bitches/dp/1795406119/ref=sr_1_4?s=books&amp;amp;ie=UTF8&amp;amp;qid=1549040098&amp;amp;sr=1-4&amp;amp;keywords=jagua+tales&quot;&gt;AMAZON JAGUATALES (EN)&lt;/a&gt;&lt;a class=&quot;external&quot; href=&quot;https://www.deviantart.com/users/outgoing?https://www.amazon.com/Jagua-Tales-Beach-Bitches-Spanish/dp/1718145020/ref=sr_1_1?s=books&amp;amp;ie=UTF8&amp;amp;qid=1549040098&amp;amp;sr=1-1&amp;amp;keywords=jagua+tales&quot;&gt;(ESP)&lt;/a&gt;&lt;br /&gt;&lt;/div&gt;&lt;div&gt;&lt;br /&gt;&lt;/div&gt;&lt;div&gt;Another commission for &lt;a target=&quot;_self&quot; href=&quot;https://www.deviantart.com/aceshadowrun&quot; &gt;&lt;img class=&quot;avatar&quot; width=&quot;50&quot; height=&quot;50&quot; src=&quot;https://a.deviantart.net/avatars/a/c/aceshadowrun.png?2&quot; alt=&quot;:iconaceshadowrun:&quot; title=&quot;AceShadowrun&quot; /&gt;&lt;/a&gt; with his OC Lumiere saving our lovely Mona in a Fashion show on a Carnival goes wrong, apparently some sort of magic cult wants Mona, her Tattoo have some sort of seal for some....demon beast of some sort, just another day in Mona&#039;s normal life XD. Hope you folks like it. Colors by &lt;span class=&quot;username-with-symbol u&quot;&gt;&lt;a class=&quot;u regular username&quot; href=&quot;https://www.deviantart.com/mesiasart&quot;&gt;mesiasart&lt;/a&gt;&lt;span class=&quot;user-symbol regular&quot; data-quicktip-text=&quot;&quot; data-show-tooltip=&quot;&quot; data-gruser-type=&quot;regular&quot;&gt;&lt;/span&gt;&lt;/span&gt;, lines by Me.&lt;/div&gt;&lt;div&gt;&lt;br /&gt;&lt;/div&gt;&lt;div&gt;Lumiere belongs to AceShadownrun, Mona&lt;span&gt; /&amp;nbsp;Jagua Tales is &amp;#169; by Darwin N&amp;#250;&amp;#241;ez do not use, copy, Modify or reproduce this content without my written consent.&lt;/span&gt;&lt;/div&gt;</media:description>            <media:thumbnail url="https://t00.deviantart.net/bZTDld0TMAEzx3RnkrOxnF2Z8YA=/fit-in/150x150/filters:no_upscale():origin()/pre00/1cf4/th/pre/f/2019/052/8/5/paris_carnival_of_magic_by_darkereve-dd0bdkb.jpg" height="150" width="97"/>            <media:thumbnail url="https://t00.deviantart.net/Te_jIbYX0Cw7XAbrEu8pn4ffuFg=/fit-in/300x900/filters:no_upscale():origin()/pre00/1cf4/th/pre/f/2019/052/8/5/paris_carnival_of_magic_by_darkereve-dd0bdkb.jpg" height="463" width="300"/>            <media:thumbnail url="https://t00.deviantart.net/vgrN6OEUj0vjn1liCJGL1rvo_iU=/300x200/filters:fixed_height(100,100):origin()/pre00/1cf4/th/pre/f/2019/052/8/5/paris_carnival_of_magic_by_darkereve-dd0bdkb.jpg" height="200" width="130"/>            <media:content url="https://pre00.deviantart.net/1cf4/th/pre/f/2019/052/8/5/paris_carnival_of_magic_by_darkereve-dd0bdkb.jpg" height="1110" width="720" medium="image"/>            
            <description>&lt;div&gt;&lt;div&gt;&lt;b&gt;-&lt;a href=&quot;https://www.deviantart.com/poserfan/art/Facebook-Icon-414890838&quot; class=&quot;emoticon&quot; data-embed-type=&quot;emoticon&quot; data-embed-id=&quot;414890838&quot; data-embed-profile=&quot;deviation&quot;&gt;&lt;img src=&quot;https://orig00.deviantart.net/1650/f/2015/212/5/4/facebook_icon_by_poserfan-d6v0jti.gif&quot; alt=&quot;Facebook Icon&quot; style=&quot;width:16px;height:16px&quot;&gt;&lt;/a&gt;&amp;nbsp;&lt;b&gt;&lt;a class=&quot;external&quot; href=&quot;https://www.deviantart.com/users/outgoing?https://www.facebook.com/darkereve&quot;&gt;FACEBOOK&lt;/a&gt;&lt;/b&gt;&amp;nbsp;&lt;br /&gt;-&lt;/b&gt;&lt;a href=&quot;https://www.deviantart.com/poserfan/art/Instagram-New-Icon-608963664&quot; class=&quot;emoticon&quot; data-embed-type=&quot;emoticon&quot; data-embed-id=&quot;608963664&quot; data-embed-profile=&quot;deviation&quot;&gt;&lt;img src=&quot;https://images-wixmp-ed30a86b8c4ca887773594c2.wixmp.com/intermediary/f/0a6e9796-d386-4234-97d1-d46c16906e81/da2k7dc-81054cd1-99a8-4653-bd88-048d077f7265.png&quot; alt=&quot;Instagram New Icon&quot; style=&quot;width:16px;height:16px&quot;&gt;&lt;/a&gt;&amp;nbsp;&lt;a class=&quot;external&quot; href=&quot;https://www.deviantart.com/users/outgoing?https://www.instagram.com/darkereve/&quot;&gt;INSTAGRAM&lt;/a&gt;&lt;br /&gt;&lt;b&gt;-&lt;a href=&quot;https://www.deviantart.com/freakyed/art/Bullet-Patreon-455550600&quot; class=&quot;emoticon&quot; data-embed-type=&quot;emoticon&quot; data-embed-id=&quot;455550600&quot; data-embed-profile=&quot;deviation&quot;&gt;&lt;img src=&quot;https://images-wixmp-ed30a86b8c4ca887773594c2.wixmp.com/intermediary/f/e84b0e0f-dd81-4999-b6bc-536c4d32d85e/d7j813c-dc204c1d-c7d2-4616-b6bf-f40b92fae3b2.png&quot; alt=&quot;.:Bullet:. Patreon&quot; style=&quot;width:16px;height:16px&quot;&gt;&lt;/a&gt;&amp;nbsp;&lt;/b&gt;&lt;a class=&quot;external&quot; href=&quot;https://www.deviantart.com/users/outgoing?https://www.patreon.com/darkereve?ty=h&quot;&gt;PATREON&lt;/a&gt;&amp;nbsp;&lt;br /&gt;-&lt;img src=&quot;https://e.deviantart.net/emoticons/t/twitter_2.gif&quot; alt=&quot;Twitter&quot; style=&quot;width: 16px; height: 16px;&quot; data-embed-type=&quot;emoticon&quot; data-embed-id=&quot;614&quot;&gt;&amp;nbsp;&lt;a class=&quot;external&quot; href=&quot;https://www.deviantart.com/users/outgoing?https://twitter.com/DarkerEve&quot;&gt;TWITTER&lt;/a&gt;&lt;/div&gt;&lt;span&gt;-&lt;/span&gt;&lt;span&gt;&lt;a href=&quot;https://www.deviantart.com/linux-rules/art/Amazon-Inc-Icon-ultramini-616317898&quot; class=&quot;emoticon&quot; data-embed-type=&quot;emoticon&quot; data-embed-id=&quot;616317898&quot; data-embed-profile=&quot;deviation&quot;&gt;&lt;img src=&quot;https://images-wixmp-ed30a86b8c4ca887773594c2.wixmp.com/intermediary/f/25e46574-05d5-4425-916d-e5292bb066ac/da6xtxm-c3cbf32e-1594-4428-a084-5b0f8eb84c92.png&quot; alt=&quot;Amazon Inc. Icon ultramini&quot; style=&quot;width:16px;height:16px&quot;&gt;&lt;/a&gt;&amp;nbsp;&lt;/span&gt;&lt;a class=&quot;external&quot; href=&quot;https://www.deviantart.com/users/outgoing?https://www.amazon.com/Jagua-Tales-Beach-N-Bitches/dp/1795406119/ref=sr_1_4?s=books&amp;amp;ie=UTF8&amp;amp;qid=1549040098&amp;amp;sr=1-4&amp;amp;keywords=jagua+tales&quot;&gt;AMAZON JAGUATALES (EN)&lt;/a&gt;&lt;a class=&quot;external&quot; href=&quot;https://www.deviantart.com/users/outgoing?https://www.amazon.com/Jagua-Tales-Beach-Bitches-Spanish/dp/1718145020/ref=sr_1_1?s=books&amp;amp;ie=UTF8&amp;amp;qid=1549040098&amp;amp;sr=1-1&amp;amp;keywords=jagua+tales&quot;&gt;(ESP)&lt;/a&gt;&lt;br /&gt;&lt;/div&gt;&lt;div&gt;&lt;br /&gt;&lt;/div&gt;&lt;div&gt;Another commission for &lt;a target=&quot;_self&quot; href=&quot;https://www.deviantart.com/aceshadowrun&quot; &gt;&lt;img class=&quot;avatar&quot; width=&quot;50&quot; height=&quot;50&quot; src=&quot;https://a.deviantart.net/avatars/a/c/aceshadowrun.png?2&quot; alt=&quot;:iconaceshadowrun:&quot; title=&quot;AceShadowrun&quot; /&gt;&lt;/a&gt; with his OC Lumiere saving our lovely Mona in a Fashion show on a Carnival goes wrong, apparently some sort of magic cult wants Mona, her Tattoo have some sort of seal for some....demon beast of some sort, just another day in Mona&#039;s normal life XD. Hope you folks like it. Colors by &lt;span class=&quot;username-with-symbol u&quot;&gt;&lt;a class=&quot;u regular username&quot; href=&quot;https://www.deviantart.com/mesiasart&quot;&gt;mesiasart&lt;/a&gt;&lt;span class=&quot;user-symbol regular&quot; data-quicktip-text=&quot;&quot; data-show-tooltip=&quot;&quot; data-gruser-type=&quot;regular&quot;&gt;&lt;/span&gt;&lt;/span&gt;, lines by Me.&lt;/div&gt;&lt;div&gt;&lt;br /&gt;&lt;/div&gt;&lt;div&gt;Lumiere belongs to AceShadownrun, Mona&lt;span&gt; /&amp;nbsp;Jagua Tales is &amp;#169; by Darwin N&amp;#250;&amp;#241;ez do not use, copy, Modify or reproduce this content without my written consent.&lt;/span&gt;&lt;/div&gt;&lt;br /&gt;&lt;div&gt;&lt;img src=&quot;https://t00.deviantart.net/vgrN6OEUj0vjn1liCJGL1rvo_iU=/300x200/filters:fixed_height(100,100):origin()/pre00/1cf4/th/pre/f/2019/052/8/5/paris_carnival_of_magic_by_darkereve-dd0bdkb.jpg&quot; alt=&quot;thumbnail&quot; /&gt;&lt;/div&gt;</description>            </item>
                    <item>
                <title>Cathyl (monster musume)</title>
                <link>https://cutesexyrobutts.deviantart.com/art/Cathyl-monster-musume-786664185</link>
                <guid isPermaLink="true">https://cutesexyrobutts.deviantart.com/art/Cathyl-monster-musume-786664185</guid>
                <pubDate>Thu, 21 Feb 2019 15:18:28 PST</pubDate>
                        <media:title type="plain">Cathyl (monster musume)</media:title>
        <media:keywords></media:keywords>
                        <media:rating>adult</media:rating>
                <media:category label="Drawings">manga/digital/drawings</media:category>
        <media:credit role="author" scheme="urn:ebu">cutesexyrobutts</media:credit>
        <media:credit role="author" scheme="urn:ebu">https://a.deviantart.net/avatars/c/u/cutesexyrobutts.png?3</media:credit>
        <media:copyright url="https://cutesexyrobutts.deviantart.com">Copyright 2019 cutesexyrobutts</media:copyright>            <media:description type="html"></media:description>            <media:thumbnail url="https://t00.deviantart.net/IQtjz45Wl5I3SntnS73tR_m5mes=/fit-in/150x150/filters:no_upscale():origin()/pre00/69c0/th/pre/f/2019/052/c/5/cathyl__monster_musume__by_cutesexyrobutts-dd0cxyx.png" height="150" width="70"/>            <media:thumbnail url="https://t00.deviantart.net/PlHB3WOqtJ5gOfNx8B6EuCmhjkk=/fit-in/300x900/filters:no_upscale():origin()/pre00/69c0/th/pre/f/2019/052/c/5/cathyl__monster_musume__by_cutesexyrobutts-dd0cxyx.png" height="645" width="300"/>            <media:thumbnail url="https://t00.deviantart.net/LjnikwUxEW52QtY2_ipFlToiITE=/300x200/filters:fixed_height(100,100):origin()/pre00/69c0/th/pre/f/2019/052/c/5/cathyl__monster_musume__by_cutesexyrobutts-dd0cxyx.png" height="201" width="100"/>            <media:content url="https://pre00.deviantart.net/69c0/th/pre/f/2019/052/c/5/cathyl__monster_musume__by_cutesexyrobutts-dd0cxyx.png" height="1311" width="610" medium="image"/>            
            <description>&lt;br /&gt;&lt;div&gt;&lt;img src=&quot;https://t00.deviantart.net/LjnikwUxEW52QtY2_ipFlToiITE=/300x200/filters:fixed_height(100,100):origin()/pre00/69c0/th/pre/f/2019/052/c/5/cathyl__monster_musume__by_cutesexyrobutts-dd0cxyx.png&quot; alt=&quot;thumbnail&quot; /&gt;&lt;/div&gt;</description>            </item>
                    <item>
                <title>Reinforced Hull Kongou</title>
                <link>https://cakehoarder.deviantart.com/art/Reinforced-Hull-Kongou-786603832</link>
                <guid isPermaLink="true">https://cakehoarder.deviantart.com/art/Reinforced-Hull-Kongou-786603832</guid>
                <pubDate>Thu, 21 Feb 2019 12:00:04 PST</pubDate>
                        <media:title type="plain">Reinforced Hull Kongou</media:title>
        <media:keywords></media:keywords>
                        <media:rating>nonadult</media:rating>
                <media:category label="Games">fanart/manga/digital/games</media:category>
        <media:credit role="author" scheme="urn:ebu">Cakehoarder</media:credit>
        <media:credit role="author" scheme="urn:ebu">https://a.deviantart.net/avatars/c/a/cakehoarder.jpg?10</media:credit>
        <media:copyright url="https://cakehoarder.deviantart.com">Copyright 2019 Cakehoarder</media:copyright>
            <media:community>
                <media:tags>@Cakehoarder1</media:tags>
            </media:community>            <media:description type="html">&lt;div&gt;blah blah boat puns, fueled up, blah blah, &#039;port&#039;ly blah&lt;/div&gt;&lt;div&gt;&lt;br /&gt;&lt;/div&gt;&lt;div&gt;a commission from &lt;span class=&quot;username-with-symbol u&quot;&gt;&lt;a class=&quot;u regular username&quot; href=&quot;https://www.deviantart.com/themonkeydude5&quot;&gt;themonkeydude5&lt;/a&gt;&lt;span class=&quot;user-symbol regular&quot; data-quicktip-text=&quot;&quot; data-show-tooltip=&quot;&quot; data-gruser-type=&quot;regular&quot;&gt;&lt;/span&gt;&lt;/span&gt; &lt;a target=&quot;_self&quot; href=&quot;https://www.deviantart.com/themonkeydude5&quot; &gt;&lt;img class=&quot;avatar&quot; width=&quot;50&quot; height=&quot;50&quot; src=&quot;https://a.deviantart.net/avatars/t/h/themonkeydude5.png?6&quot; alt=&quot;:iconthemonkeydude5:&quot; title=&quot;themonkeydude5&quot; /&gt;&lt;/a&gt; :333 of Kongou (Kantai Collection)&lt;/div&gt;</media:description>            <media:thumbnail url="https://t00.deviantart.net/bX0GIWuVZjtq5d4Vh37MWvhVHA8=/fit-in/150x150/filters:no_upscale():origin()/pre00/ddcd/th/pre/i/2019/052/1/c/reinforced_hull_kongou_by_cakehoarder-dd0bneg.png" height="150" width="87"/>            <media:thumbnail url="https://t00.deviantart.net/CZHhcoEF1PQrINomNUD4N-pXpVo=/fit-in/300x900/filters:no_upscale():origin()/pre00/ddcd/th/pre/i/2019/052/1/c/reinforced_hull_kongou_by_cakehoarder-dd0bneg.png" height="517" width="300"/>            <media:thumbnail url="https://t00.deviantart.net/sr3og90QCygQkjPfvJhYNyoG6PE=/300x200/filters:fixed_height(100,100):origin()/pre00/ddcd/th/pre/i/2019/052/1/c/reinforced_hull_kongou_by_cakehoarder-dd0bneg.png" height="200" width="116"/>            <media:content url="https://pre00.deviantart.net/ddcd/th/pre/i/2019/052/1/c/reinforced_hull_kongou_by_cakehoarder-dd0bneg.png" height="1174" width="681" medium="image"/>            
            <description>&lt;div&gt;blah blah boat puns, fueled up, blah blah, &#039;port&#039;ly blah&lt;/div&gt;&lt;div&gt;&lt;br /&gt;&lt;/div&gt;&lt;div&gt;a commission from &lt;span class=&quot;username-with-symbol u&quot;&gt;&lt;a class=&quot;u regular username&quot; href=&quot;https://www.deviantart.com/themonkeydude5&quot;&gt;themonkeydude5&lt;/a&gt;&lt;span class=&quot;user-symbol regular&quot; data-quicktip-text=&quot;&quot; data-show-tooltip=&quot;&quot; data-gruser-type=&quot;regular&quot;&gt;&lt;/span&gt;&lt;/span&gt; &lt;a target=&quot;_self&quot; href=&quot;https://www.deviantart.com/themonkeydude5&quot; &gt;&lt;img class=&quot;avatar&quot; width=&quot;50&quot; height=&quot;50&quot; src=&quot;https://a.deviantart.net/avatars/t/h/themonkeydude5.png?6&quot; alt=&quot;:iconthemonkeydude5:&quot; title=&quot;themonkeydude5&quot; /&gt;&lt;/a&gt; :333 of Kongou (Kantai Collection)&lt;/div&gt;&lt;br /&gt;&lt;div&gt;&lt;img src=&quot;https://t00.deviantart.net/sr3og90QCygQkjPfvJhYNyoG6PE=/300x200/filters:fixed_height(100,100):origin()/pre00/ddcd/th/pre/i/2019/052/1/c/reinforced_hull_kongou_by_cakehoarder-dd0bneg.png&quot; alt=&quot;thumbnail&quot; /&gt;&lt;/div&gt;</description>            </item>
                    <item>
                <title>Sumo Palutena in color</title>
                <link>https://saxxon.deviantart.com/art/Sumo-Palutena-in-color-786550236</link>
                <guid isPermaLink="true">https://saxxon.deviantart.com/art/Sumo-Palutena-in-color-786550236</guid>
                <pubDate>Wed, 20 Feb 2019 18:38:29 PST</pubDate>
                        <media:title type="plain">Sumo Palutena in color</media:title>
        <media:keywords></media:keywords>
                        <media:rating>nonadult</media:rating>
                <media:category label="Games">fanart/traditional/drawings/games</media:category>
        <media:credit role="author" scheme="urn:ebu">Saxxon</media:credit>
        <media:credit role="author" scheme="urn:ebu">https://a.deviantart.net/avatars/s/a/saxxon.jpg?5</media:credit>
        <media:copyright url="https://saxxon.deviantart.com">Copyright 2019 Saxxon</media:copyright>            <media:description type="html">Another pic of mine given the GLORIOUS COLOR treatment by &lt;a target=&quot;_self&quot; href=&quot;https://www.deviantart.com/vascaloid&quot; &gt;&lt;img class=&quot;avatar&quot; width=&quot;50&quot; height=&quot;50&quot; src=&quot;https://a.deviantart.net/avatars/v/a/vascaloid.png?4&quot; alt=&quot;:iconvascaloid:&quot; title=&quot;Vascaloid&quot; /&gt;&lt;/a&gt;</media:description>            <media:thumbnail url="https://t00.deviantart.net/doGaR92-wbfQjrIXlnLo3j6Vkys=/fit-in/150x150/filters:no_upscale():origin()/pre00/4743/th/pre/f/2019/051/a/f/sumo_palutena_in_color_by_saxxon-dd0ai1o.jpg" height="108" width="150"/>            <media:thumbnail url="https://t00.deviantart.net/2r6gm_gzcRsm58i8CpJPDTciNQ0=/fit-in/300x900/filters:no_upscale():origin()/pre00/4743/th/pre/f/2019/051/a/f/sumo_palutena_in_color_by_saxxon-dd0ai1o.jpg" height="216" width="300"/>            <media:thumbnail url="https://t00.deviantart.net/yVC5vzS-1vNXMEm5zD-RTZUuplY=/300x200/filters:fixed_height(100,100):origin()/pre00/4743/th/pre/f/2019/051/a/f/sumo_palutena_in_color_by_saxxon-dd0ai1o.jpg" height="200" width="278"/>            <media:content url="https://orig00.deviantart.net/a7ad/f/2019/051/a/f/sumo_palutena_in_color_by_saxxon-dd0ai1o.jpg" height="738" width="1024" medium="image"/>            
            <description>Another pic of mine given the GLORIOUS COLOR treatment by &lt;a target=&quot;_self&quot; href=&quot;https://www.deviantart.com/vascaloid&quot; &gt;&lt;img class=&quot;avatar&quot; width=&quot;50&quot; height=&quot;50&quot; src=&quot;https://a.deviantart.net/avatars/v/a/vascaloid.png?4&quot; alt=&quot;:iconvascaloid:&quot; title=&quot;Vascaloid&quot; /&gt;&lt;/a&gt;&lt;br /&gt;&lt;div&gt;&lt;img src=&quot;https://t00.deviantart.net/yVC5vzS-1vNXMEm5zD-RTZUuplY=/300x200/filters:fixed_height(100,100):origin()/pre00/4743/th/pre/f/2019/051/a/f/sumo_palutena_in_color_by_saxxon-dd0ai1o.jpg&quot; alt=&quot;thumbnail&quot; /&gt;&lt;/div&gt;</description>            </item>
                    <item>
                <title>Yulia</title>
                <link>https://art0fck.deviantart.com/art/Yulia-786615417</link>
                <guid isPermaLink="true">https://art0fck.deviantart.com/art/Yulia-786615417</guid>
                <pubDate>Thu, 21 Feb 2019 08:14:15 PST</pubDate>
                        <media:title type="plain">Yulia</media:title>
        <media:keywords></media:keywords>
                        <media:rating>adult</media:rating>
                <media:category label="Artistic Nude">photography/people/nude</media:category>
        <media:credit role="author" scheme="urn:ebu">art0fCK</media:credit>
        <media:credit role="author" scheme="urn:ebu">https://a.deviantart.net/avatars/a/r/art0fck.jpg?5</media:credit>
        <media:copyright url="https://art0fck.deviantart.com">Copyright 2019 art0fCK</media:copyright>
            <media:community>
                <media:tags>@artofck</media:tags>
            </media:community>            <media:description type="html"></media:description>            <media:thumbnail url="https://t00.deviantart.net/RXrIqAMWILCegkv6AyMO6g6NDg4=/fit-in/150x150/filters:no_upscale():origin()/pre00/7756/th/pre/f/2019/052/4/c/yulia_by_art0fck-dd0bwc9.jpg" height="150" width="100"/>            <media:thumbnail url="https://t00.deviantart.net/3-VOlwKKou2bUY5SVxHVUHMuv6I=/fit-in/300x900/filters:no_upscale():origin()/pre00/7756/th/pre/f/2019/052/4/c/yulia_by_art0fck-dd0bwc9.jpg" height="450" width="300"/>            <media:thumbnail url="https://t00.deviantart.net/iFNc2fZ_-lAofwUbPEjjhliAgfI=/300x200/filters:fixed_height(100,100):origin()/pre00/7756/th/pre/f/2019/052/4/c/yulia_by_art0fck-dd0bwc9.jpg" height="200" width="133"/>            <media:content url="https://pre00.deviantart.net/7756/th/pre/f/2019/052/4/c/yulia_by_art0fck-dd0bwc9.jpg" height="1095" width="730" medium="image"/>            
            <description>&lt;br /&gt;&lt;div&gt;&lt;img src=&quot;https://t00.deviantart.net/iFNc2fZ_-lAofwUbPEjjhliAgfI=/300x200/filters:fixed_height(100,100):origin()/pre00/7756/th/pre/f/2019/052/4/c/yulia_by_art0fck-dd0bwc9.jpg&quot; alt=&quot;thumbnail&quot; /&gt;&lt;/div&gt;</description>            </item>
                    <item>
                <title>Maid Of Fat</title>
                <link>https://velvetexplosion.deviantart.com/art/Maid-Of-Fat-786621937</link>
                <guid isPermaLink="true">https://velvetexplosion.deviantart.com/art/Maid-Of-Fat-786621937</guid>
                <pubDate>Thu, 21 Feb 2019 09:26:24 PST</pubDate>
                        <media:title type="plain">Maid Of Fat</media:title>
        <media:keywords></media:keywords>
                        <media:rating>nonadult</media:rating>
                <media:category label="Movies &amp; TV">fanart/manga/digital/movies</media:category>
        <media:credit role="author" scheme="urn:ebu">VelvetExplosion</media:credit>
        <media:credit role="author" scheme="urn:ebu">https://a.deviantart.net/avatars/v/e/velvetexplosion.jpg?11</media:credit>
        <media:copyright url="https://velvetexplosion.deviantart.com">Copyright 2019 VelvetExplosion</media:copyright>
            <media:community>
                <media:tags>@VelvetExplosion</media:tags>
            </media:community>            <media:description type="html">Another great play on words for this one.&amp;nbsp;&lt;br /&gt;&lt;br /&gt;-------------------------------------------------------------------------------------------------------------------------------&lt;br /&gt;&lt;b&gt;To see my work early and get the HD version of this picture support me on Patreon for more content!&lt;br /&gt;&lt;a class=&quot;external&quot; href=&quot;https://www.deviantart.com/users/outgoing?https://www.patreon.com/velvetexplosion&quot;&gt;www.patreon.com/velvetexplosio&amp;hellip;&lt;/a&gt;&lt;/b&gt;</media:description>            <media:thumbnail url="https://t00.deviantart.net/FORA6fkzgAgA2iiWyaT1bOuL7Kk=/fit-in/150x150/filters:no_upscale():origin()/pre00/0b6c/th/pre/i/2019/052/8/c/maid_of_fat_by_velvetexplosion-dd0c1dd.png" height="150" width="148"/>            <media:thumbnail url="https://t00.deviantart.net/efl4gm_wYrvmjERra7UN9LfrIP4=/fit-in/300x900/filters:no_upscale():origin()/pre00/0b6c/th/pre/i/2019/052/8/c/maid_of_fat_by_velvetexplosion-dd0c1dd.png" height="305" width="300"/>            <media:thumbnail url="https://t00.deviantart.net/hui6QunyNDOacLJbAIU_FWXU0nA=/300x200/filters:fixed_height(100,100):origin()/pre00/0b6c/th/pre/i/2019/052/8/c/maid_of_fat_by_velvetexplosion-dd0c1dd.png" height="200" width="197"/>            <media:content url="https://pre00.deviantart.net/0b6c/th/pre/i/2019/052/8/c/maid_of_fat_by_velvetexplosion-dd0c1dd.png" height="901" width="887" medium="image"/>            
            <description>Another great play on words for this one.&amp;nbsp;&lt;br /&gt;&lt;br /&gt;-------------------------------------------------------------------------------------------------------------------------------&lt;br /&gt;&lt;b&gt;To see my work early and get the HD version of this picture support me on Patreon for more content!&lt;br /&gt;&lt;a class=&quot;external&quot; href=&quot;https://www.deviantart.com/users/outgoing?https://www.patreon.com/velvetexplosion&quot;&gt;www.patreon.com/velvetexplosio&amp;hellip;&lt;/a&gt;&lt;/b&gt;&lt;br /&gt;&lt;div&gt;&lt;img src=&quot;https://t00.deviantart.net/hui6QunyNDOacLJbAIU_FWXU0nA=/300x200/filters:fixed_height(100,100):origin()/pre00/0b6c/th/pre/i/2019/052/8/c/maid_of_fat_by_velvetexplosion-dd0c1dd.png&quot; alt=&quot;thumbnail&quot; /&gt;&lt;/div&gt;</description>            </item>
                    <item>
                <title>Brown Dog by Leonid Afremov</title>
                <link>https://leonidafremov.deviantart.com/art/Brown-Dog-by-Leonid-Afremov-786490008</link>
                <guid isPermaLink="true">https://leonidafremov.deviantart.com/art/Brown-Dog-by-Leonid-Afremov-786490008</guid>
                <pubDate>Wed, 20 Feb 2019 19:00:03 PST</pubDate>
                        <media:title type="plain">Brown Dog by Leonid Afremov</media:title>
        <media:keywords></media:keywords>
                        <media:rating>nonadult</media:rating>
                <media:category label="Animals">traditional/paintings/animals</media:category>
        <media:credit role="author" scheme="urn:ebu">Leonidafremov</media:credit>
        <media:credit role="author" scheme="urn:ebu">https://a.deviantart.net/avatars/l/e/leonidafremov.jpg?6</media:credit>
        <media:copyright url="https://leonidafremov.deviantart.com">Copyright 2019 Leonidafremov</media:copyright>            <media:description type="html">This is an oil painting on canvas by Leonid Afremov made using a palette knife only.&lt;br /&gt;&lt;br /&gt;You can view and purchase any painting here -&amp;nbsp;&lt;a href=&quot;https://www.deviantart.com/users/outgoing?https://afremov.com/brown-dog-palette-knife-oil-painting-on-canvas-by-leonid-afremov-size-16-x20.html?bid=6817&amp;amp;partner=13939&quot;&gt;&lt;a class=&quot;external&quot; href=&quot;https://www.deviantart.com/users/outgoing?https://afremov.com/brown-dog-palette-knife-oil-painting-on-canvas-by-leonid-afremov-size-16-x20.html?bid=6817&amp;amp;partner=13939&quot;&gt;afremov.com/brown-dog-palette-&amp;hellip;&lt;/a&gt;&lt;/a&gt;&lt;br /&gt;&lt;br /&gt;Use 15% discount coupon - GeraSU15&lt;br /&gt;&lt;br /&gt;You can learn more about the artist here -&amp;nbsp;&lt;a href=&quot;https://www.deviantart.com/users/outgoing?https://afremov.com/Leonid-Afremov-bio.html?bid=1&amp;amp;partner=13939&quot;&gt;&lt;a class=&quot;external&quot; href=&quot;https://www.deviantart.com/users/outgoing?https://afremov.com/Leonid-Afremov-bio.html?bid=1&amp;amp;partner=13939&quot;&gt;afremov.com/Leonid-Afremov-bio&amp;hellip;&lt;/a&gt;&lt;/a&gt;</media:description>            <media:thumbnail url="https://t00.deviantart.net/Sp3_y06UBRIkdQnY64RHuXcYMwc=/fit-in/150x150/filters:no_upscale():origin()/pre00/0c98/th/pre/f/2019/051/6/b/brown_dog_by_leonidafremov-dd097ko.jpg" height="150" width="120"/>            <media:thumbnail url="https://t00.deviantart.net/PG88MwhVqicscMyWMkdwn5ZIVbQ=/fit-in/300x900/filters:no_upscale():origin()/pre00/0c98/th/pre/f/2019/051/6/b/brown_dog_by_leonidafremov-dd097ko.jpg" height="374" width="300"/>            <media:thumbnail url="https://t00.deviantart.net/0ACas5jGgJ8zzJjGYW6BC8pgL4U=/300x200/filters:fixed_height(100,100):origin()/pre00/0c98/th/pre/f/2019/051/6/b/brown_dog_by_leonidafremov-dd097ko.jpg" height="200" width="161"/>            <media:content url="https://orig00.deviantart.net/5694/f/2019/051/6/b/brown_dog_by_leonidafremov-dd097ko.jpg" height="498" width="400" medium="image"/>            
            <description>This is an oil painting on canvas by Leonid Afremov made using a palette knife only.&lt;br /&gt;&lt;br /&gt;You can view and purchase any painting here -&amp;nbsp;&lt;a href=&quot;https://www.deviantart.com/users/outgoing?https://afremov.com/brown-dog-palette-knife-oil-painting-on-canvas-by-leonid-afremov-size-16-x20.html?bid=6817&amp;amp;partner=13939&quot;&gt;&lt;a class=&quot;external&quot; href=&quot;https://www.deviantart.com/users/outgoing?https://afremov.com/brown-dog-palette-knife-oil-painting-on-canvas-by-leonid-afremov-size-16-x20.html?bid=6817&amp;amp;partner=13939&quot;&gt;afremov.com/brown-dog-palette-&amp;hellip;&lt;/a&gt;&lt;/a&gt;&lt;br /&gt;&lt;br /&gt;Use 15% discount coupon - GeraSU15&lt;br /&gt;&lt;br /&gt;You can learn more about the artist here -&amp;nbsp;&lt;a href=&quot;https://www.deviantart.com/users/outgoing?https://afremov.com/Leonid-Afremov-bio.html?bid=1&amp;amp;partner=13939&quot;&gt;&lt;a class=&quot;external&quot; href=&quot;https://www.deviantart.com/users/outgoing?https://afremov.com/Leonid-Afremov-bio.html?bid=1&amp;amp;partner=13939&quot;&gt;afremov.com/Leonid-Afremov-bio&amp;hellip;&lt;/a&gt;&lt;/a&gt;&lt;br /&gt;&lt;div&gt;&lt;img src=&quot;https://t00.deviantart.net/0ACas5jGgJ8zzJjGYW6BC8pgL4U=/300x200/filters:fixed_height(100,100):origin()/pre00/0c98/th/pre/f/2019/051/6/b/brown_dog_by_leonidafremov-dd097ko.jpg&quot; alt=&quot;thumbnail&quot; /&gt;&lt;/div&gt;</description>            </item>
                    <item>
                <title>Out the window on a snowy night</title>
                <link>https://rikamello.deviantart.com/art/Out-the-window-on-a-snowy-night-786541751</link>
                <guid isPermaLink="true">https://rikamello.deviantart.com/art/Out-the-window-on-a-snowy-night-786541751</guid>
                <pubDate>Wed, 20 Feb 2019 17:24:27 PST</pubDate>
                        <media:title type="plain">Out the window on a snowy night</media:title>
        <media:keywords></media:keywords>
                        <media:rating>nonadult</media:rating>
                <media:category label="Other">fanart/manga/digital/other</media:category>
        <media:credit role="author" scheme="urn:ebu">RikaMello</media:credit>
        <media:credit role="author" scheme="urn:ebu">https://a.deviantart.net/avatars/r/i/rikamello.png?12</media:credit>
        <media:copyright url="https://rikamello.deviantart.com">Copyright 2019 RikaMello</media:copyright>            <media:description type="html">&quot;Those strawberry cakes look quite delicious. Shall I buy him one? -- No, I won&#039;t! ! &quot;&lt;br /&gt;Mr.BB thought awkwardly.</media:description>            <media:thumbnail url="https://t00.deviantart.net/_hchUdrfUD2fwaH8WXVkHQCEs7M=/fit-in/150x150/filters:no_upscale():origin()/pre00/f8a9/th/pre/i/2019/051/0/f/out_the_window_on_a_snowy_night_by_rikamello-dd0abhz.jpg" height="89" width="150"/>            <media:thumbnail url="https://t00.deviantart.net/o4KWe9jiN8xLprLHHlq4zEWsbuI=/fit-in/300x900/filters:no_upscale():origin()/pre00/f8a9/th/pre/i/2019/051/0/f/out_the_window_on_a_snowy_night_by_rikamello-dd0abhz.jpg" height="178" width="300"/>            <media:thumbnail url="https://t00.deviantart.net/OPA-x7OowMOkHjrCN_i8W2KYbus=/300x200/filters:fixed_height(100,100):origin()/pre00/f8a9/th/pre/i/2019/051/0/f/out_the_window_on_a_snowy_night_by_rikamello-dd0abhz.jpg" height="178" width="300"/>            <media:content url="https://pre00.deviantart.net/f8a9/th/pre/i/2019/051/0/f/out_the_window_on_a_snowy_night_by_rikamello-dd0abhz.jpg" height="689" width="1160" medium="image"/>            
            <description>&quot;Those strawberry cakes look quite delicious. Shall I buy him one? -- No, I won&#039;t! ! &quot;&lt;br /&gt;Mr.BB thought awkwardly.&lt;br /&gt;&lt;div&gt;&lt;img src=&quot;https://t00.deviantart.net/OPA-x7OowMOkHjrCN_i8W2KYbus=/300x200/filters:fixed_height(100,100):origin()/pre00/f8a9/th/pre/i/2019/051/0/f/out_the_window_on_a_snowy_night_by_rikamello-dd0abhz.jpg&quot; alt=&quot;thumbnail&quot; /&gt;&lt;/div&gt;</description>            </item>
                    <item>
                <title>Helena Private Beach</title>
                <link>https://radianteld.deviantart.com/art/Helena-Private-Beach-786587710</link>
                <guid isPermaLink="true">https://radianteld.deviantart.com/art/Helena-Private-Beach-786587710</guid>
                <pubDate>Thu, 21 Feb 2019 02:21:00 PST</pubDate>
                        <media:title type="plain">Helena Private Beach</media:title>
        <media:keywords></media:keywords>
                        <media:rating>adult</media:rating>
                <media:category label="Female">digitalart/3d/characters/female</media:category>
        <media:credit role="author" scheme="urn:ebu">RadiantEld</media:credit>
        <media:credit role="author" scheme="urn:ebu">https://a.deviantart.net/avatars/r/a/radianteld.png?1</media:credit>
        <media:copyright url="https://radianteld.deviantart.com">Copyright 2019 RadiantEld</media:copyright>            <media:description type="html">&lt;u&gt;&lt;b&gt;About&lt;/b&gt;&lt;/u&gt;&lt;br /&gt;Character: Helena Douglas from Dead or Alive.&lt;br /&gt;Swimsuit: Violet Fuzz from Dead or Alive Venus Vacation.&lt;br /&gt;Rendered in: Marmoset Toolbag 3.05&lt;br /&gt;Part of a Commission series.&lt;br /&gt;&lt;br /&gt;&lt;u&gt;&lt;b&gt;3D models:&lt;/b&gt;&lt;/u&gt;&lt;br /&gt;Helena Violet Fizz by &lt;span class=&quot;username-with-symbol u&quot;&gt;&lt;a class=&quot;u beta username&quot; href=&quot;https://www.deviantart.com/shuubaru&quot;&gt;Shuubaru&lt;/a&gt;&lt;span class=&quot;user-symbol beta&quot; data-quicktip-text=&quot;Beta Tester&quot; data-show-tooltip=&quot;1&quot; data-gruser-type=&quot;beta&quot;&gt;&lt;/span&gt;&lt;/span&gt; , posed by me, and edited in blender by me.&lt;br /&gt;Rocks constructed in blender by me.&lt;br /&gt;Beach is a backdrop picture.&lt;br /&gt;&lt;br /&gt;&lt;u&gt;&lt;b&gt;List of edits:&lt;/b&gt;&lt;/u&gt;&lt;br /&gt;Made the skirt rest tightly over left leg with shrink wrap modifier. See no space between skirt and leg.&lt;br /&gt;Modified the private parts of the swimsuit&lt;br /&gt;Made belly button deeper&lt;br /&gt;Created high-res version of the golden details on the bikini. Self torture with the pen tool in photoshop &lt;img src=&quot;https://e.deviantart.net/emoticons/r/razz.gif&quot; width=&quot;15&quot; height=&quot;15&quot; alt=&quot;=P&quot; data-embed-type=&quot;emoticon&quot; data-embed-id=&quot;397&quot; title=&quot;=P (Razz)&quot;/&gt;&lt;br /&gt;&lt;br /&gt;&lt;b&gt;Bonus Shots (0/3):&lt;/b&gt;&lt;br /&gt;*behind looking out at sea&lt;br /&gt;*from the side&lt;br /&gt;*same angle as this, but zoomed out, full body.&lt;br /&gt;(Note: Will release bonus shots when it has 600 favs)</media:description>            <media:thumbnail url="https://t00.deviantart.net/FnxUUYQVIIG2z2JHlpD8LVkFubs=/fit-in/150x150/filters:no_upscale():origin()/pre00/ccd3/th/pre/i/2019/052/c/f/helena_private_beach_by_radianteld-dd0baym.png" height="150" width="125"/>            <media:thumbnail url="https://t00.deviantart.net/Ofiyixv6bJXJj1FyH8PSgJHC_pk=/fit-in/300x900/filters:no_upscale():origin()/pre00/ccd3/th/pre/i/2019/052/c/f/helena_private_beach_by_radianteld-dd0baym.png" height="360" width="300"/>            <media:thumbnail url="https://t00.deviantart.net/tlqhmcWiLOmVYghiNJG6Kd1DQ0c=/300x200/filters:fixed_height(100,100):origin()/pre00/ccd3/th/pre/i/2019/052/c/f/helena_private_beach_by_radianteld-dd0baym.png" height="200" width="167"/>            <media:content url="https://pre00.deviantart.net/ccd3/th/pre/i/2019/052/c/f/helena_private_beach_by_radianteld-dd0baym.png" height="979" width="816" medium="image"/>            
            <description>&lt;u&gt;&lt;b&gt;About&lt;/b&gt;&lt;/u&gt;&lt;br /&gt;Character: Helena Douglas from Dead or Alive.&lt;br /&gt;Swimsuit: Violet Fuzz from Dead or Alive Venus Vacation.&lt;br /&gt;Rendered in: Marmoset Toolbag 3.05&lt;br /&gt;Part of a Commission series.&lt;br /&gt;&lt;br /&gt;&lt;u&gt;&lt;b&gt;3D models:&lt;/b&gt;&lt;/u&gt;&lt;br /&gt;Helena Violet Fizz by &lt;span class=&quot;username-with-symbol u&quot;&gt;&lt;a class=&quot;u beta username&quot; href=&quot;https://www.deviantart.com/shuubaru&quot;&gt;Shuubaru&lt;/a&gt;&lt;span class=&quot;user-symbol beta&quot; data-quicktip-text=&quot;Beta Tester&quot; data-show-tooltip=&quot;1&quot; data-gruser-type=&quot;beta&quot;&gt;&lt;/span&gt;&lt;/span&gt; , posed by me, and edited in blender by me.&lt;br /&gt;Rocks constructed in blender by me.&lt;br /&gt;Beach is a backdrop picture.&lt;br /&gt;&lt;br /&gt;&lt;u&gt;&lt;b&gt;List of edits:&lt;/b&gt;&lt;/u&gt;&lt;br /&gt;Made the skirt rest tightly over left leg with shrink wrap modifier. See no space between skirt and leg.&lt;br /&gt;Modified the private parts of the swimsuit&lt;br /&gt;Made belly button deeper&lt;br /&gt;Created high-res version of the golden details on the bikini. Self torture with the pen tool in photoshop &lt;img src=&quot;https://e.deviantart.net/emoticons/r/razz.gif&quot; width=&quot;15&quot; height=&quot;15&quot; alt=&quot;=P&quot; data-embed-type=&quot;emoticon&quot; data-embed-id=&quot;397&quot; title=&quot;=P (Razz)&quot;/&gt;&lt;br /&gt;&lt;br /&gt;&lt;b&gt;Bonus Shots (0/3):&lt;/b&gt;&lt;br /&gt;*behind looking out at sea&lt;br /&gt;*from the side&lt;br /&gt;*same angle as this, but zoomed out, full body.&lt;br /&gt;(Note: Will release bonus shots when it has 600 favs)&lt;br /&gt;&lt;div&gt;&lt;img src=&quot;https://t00.deviantart.net/tlqhmcWiLOmVYghiNJG6Kd1DQ0c=/300x200/filters:fixed_height(100,100):origin()/pre00/ccd3/th/pre/i/2019/052/c/f/helena_private_beach_by_radianteld-dd0baym.png&quot; alt=&quot;thumbnail&quot; /&gt;&lt;/div&gt;</description>            </item>
                    <item>
                <title>Cosplay Saber Nero</title>
                <link>https://disharmonica.deviantart.com/art/Cosplay-Saber-Nero-786628206</link>
                <guid isPermaLink="true">https://disharmonica.deviantart.com/art/Cosplay-Saber-Nero-786628206</guid>
                <pubDate>Thu, 21 Feb 2019 10:17:50 PST</pubDate>
                        <media:title type="plain">Cosplay Saber Nero</media:title>
        <media:keywords></media:keywords>
                        <media:rating>nonadult</media:rating>
                <media:category label="Cosplay">photography/people/cosplay</media:category>
        <media:credit role="author" scheme="urn:ebu">Disharmonica</media:credit>
        <media:credit role="author" scheme="urn:ebu">https://a.deviantart.net/avatars/d/i/disharmonica.jpg?7</media:credit>
        <media:copyright url="https://disharmonica.deviantart.com">Copyright 2019 Disharmonica</media:copyright>            <media:description type="html">Full set (including NSFW 18+ shots) is available on&amp;nbsp;&lt;a class=&quot;external&quot; href=&quot;https://www.deviantart.com/users/outgoing?http://patreon.com/hellyvalentine&quot;&gt;my Patreon&lt;/a&gt;&amp;nbsp;until February 28th 2019&amp;nbsp;&lt;br /&gt;&lt;br /&gt;As patreon exclusives I usually post some easy-to-make cosplays, fanservice, lingerie and boudoir sets or just lewds &lt;img src=&quot;https://e.deviantart.net/emoticons/s/smile.gif&quot; width=&quot;15&quot; height=&quot;15&quot; alt=&quot;:)&quot; data-embed-type=&quot;emoticon&quot; data-embed-id=&quot;391&quot; title=&quot;:) (Smile)&quot;/&gt;&amp;nbsp;&lt;br /&gt;&lt;br /&gt;Wanna have full sets with 18+ pics?&amp;nbsp;&lt;br /&gt;Feel free to check&amp;nbsp;&lt;a class=&quot;external&quot; href=&quot;https://www.deviantart.com/users/outgoing?http://patreon.com/hellyvalentine&quot;&gt;my Patreon&lt;/a&gt;&amp;nbsp;for details!&lt;br /&gt;Please notice that each set is available only during 1 month!&lt;br /&gt;&lt;br /&gt;In this gallery I will post all the free previews for these sets, like I do in my&amp;nbsp;&lt;a class=&quot;external&quot; href=&quot;https://www.deviantart.com/users/outgoing?http://instagram.com/disharmonica&quot;&gt;Instagram&lt;/a&gt;&amp;nbsp;&amp;nbsp;or&amp;nbsp;&lt;a class=&quot;external&quot; href=&quot;https://www.deviantart.com/users/outgoing?http://twitter.com/hellyvalentine&quot;&gt;Twitter&lt;/a&gt;</media:description>            <media:thumbnail url="https://t00.deviantart.net/LOyPDCLHTecjAASfH4Lsgr6BwS4=/fit-in/150x150/filters:no_upscale():origin()/pre00/08bf/th/pre/f/2019/052/c/b/cosplay_saber_nero_by_disharmonica-dd0c67i.jpg" height="150" width="100"/>            <media:thumbnail url="https://t00.deviantart.net/NAk2marVVEL_r6x7t1GczEejZsc=/fit-in/300x900/filters:no_upscale():origin()/pre00/08bf/th/pre/f/2019/052/c/b/cosplay_saber_nero_by_disharmonica-dd0c67i.jpg" height="450" width="300"/>            <media:thumbnail url="https://t00.deviantart.net/ubTzMnbNdsNHRBMXHp6nv7TeaXg=/300x200/filters:fixed_height(100,100):origin()/pre00/08bf/th/pre/f/2019/052/c/b/cosplay_saber_nero_by_disharmonica-dd0c67i.jpg" height="200" width="133"/>            <media:content url="https://pre00.deviantart.net/08bf/th/pre/f/2019/052/c/b/cosplay_saber_nero_by_disharmonica-dd0c67i.jpg" height="1094" width="730" medium="image"/>            
            <description>Full set (including NSFW 18+ shots) is available on&amp;nbsp;&lt;a class=&quot;external&quot; href=&quot;https://www.deviantart.com/users/outgoing?http://patreon.com/hellyvalentine&quot;&gt;my Patreon&lt;/a&gt;&amp;nbsp;until February 28th 2019&amp;nbsp;&lt;br /&gt;&lt;br /&gt;As patreon exclusives I usually post some easy-to-make cosplays, fanservice, lingerie and boudoir sets or just lewds &lt;img src=&quot;https://e.deviantart.net/emoticons/s/smile.gif&quot; width=&quot;15&quot; height=&quot;15&quot; alt=&quot;:)&quot; data-embed-type=&quot;emoticon&quot; data-embed-id=&quot;391&quot; title=&quot;:) (Smile)&quot;/&gt;&amp;nbsp;&lt;br /&gt;&lt;br /&gt;Wanna have full sets with 18+ pics?&amp;nbsp;&lt;br /&gt;Feel free to check&amp;nbsp;&lt;a class=&quot;external&quot; href=&quot;https://www.deviantart.com/users/outgoing?http://patreon.com/hellyvalentine&quot;&gt;my Patreon&lt;/a&gt;&amp;nbsp;for details!&lt;br /&gt;Please notice that each set is available only during 1 month!&lt;br /&gt;&lt;br /&gt;In this gallery I will post all the free previews for these sets, like I do in my&amp;nbsp;&lt;a class=&quot;external&quot; href=&quot;https://www.deviantart.com/users/outgoing?http://instagram.com/disharmonica&quot;&gt;Instagram&lt;/a&gt;&amp;nbsp;&amp;nbsp;or&amp;nbsp;&lt;a class=&quot;external&quot; href=&quot;https://www.deviantart.com/users/outgoing?http://twitter.com/hellyvalentine&quot;&gt;Twitter&lt;/a&gt;&lt;br /&gt;&lt;div&gt;&lt;img src=&quot;https://t00.deviantart.net/ubTzMnbNdsNHRBMXHp6nv7TeaXg=/300x200/filters:fixed_height(100,100):origin()/pre00/08bf/th/pre/f/2019/052/c/b/cosplay_saber_nero_by_disharmonica-dd0c67i.jpg&quot; alt=&quot;thumbnail&quot; /&gt;&lt;/div&gt;</description>            </item>
                    <item>
                <title>Motherly recruit</title>
                <link>https://slb-creations.deviantart.com/art/Motherly-recruit-786555967</link>
                <guid isPermaLink="true">https://slb-creations.deviantart.com/art/Motherly-recruit-786555967</guid>
                <pubDate>Wed, 20 Feb 2019 19:25:38 PST</pubDate>
                        <media:title type="plain">Motherly recruit</media:title>
        <media:keywords></media:keywords>
                        <media:rating>adult</media:rating>
                <media:category label="Movies &amp; TV">fanart/manga/digital/movies</media:category>
        <media:credit role="author" scheme="urn:ebu">SLB-CreationS</media:credit>
        <media:credit role="author" scheme="urn:ebu">https://a.deviantart.net/avatars/s/l/slb-creations.png?8</media:credit>
        <media:copyright url="https://slb-creations.deviantart.com">Copyright 2019 SLB-CreationS</media:copyright>            <media:description type="html">&lt;a href=&quot;https://www.deviantart.com/jaytrexe/art/Pokemon-He-s-not-my-Boyfriend-719653134&quot; class=&quot;emoticon&quot; data-embed-type=&quot;emoticon&quot; data-embed-id=&quot;719653134&quot; data-embed-profile=&quot;deviation&quot;&gt;&lt;img src=&quot;https://orig00.deviantart.net/193b/f/2017/345/7/0/pokemon__he_s_not_my_boyfriend__by_trexe13-dbwgnwu.gif&quot; alt=&quot;Pokemon: He&amp;#039;s not my Boyfriend!&quot; style=&quot;width:50px;height:50px&quot;&gt;&lt;/a&gt;&amp;nbsp;</media:description>            <media:thumbnail url="https://t00.deviantart.net/DKogFP8vN-xbwHx2UN4ODWbLLqE=/fit-in/150x150/filters:no_upscale():origin()/pre00/1e29/th/pre/i/2019/051/6/3/motherly_recruit_by_slb_creations-dd0amgv.png" height="150" width="118"/>            <media:thumbnail url="https://t00.deviantart.net/3GBuzxr9hTa-Rc6Ia0SVI2oQb0E=/fit-in/300x900/filters:no_upscale():origin()/pre00/1e29/th/pre/i/2019/051/6/3/motherly_recruit_by_slb_creations-dd0amgv.png" height="380" width="300"/>            <media:thumbnail url="https://t00.deviantart.net/rbAFwfXWxnBq2IBriptYVGdMcG8=/300x200/filters:fixed_height(100,100):origin()/pre00/1e29/th/pre/i/2019/051/6/3/motherly_recruit_by_slb_creations-dd0amgv.png" height="200" width="158"/>            <media:content url="https://img00.deviantart.net/d261/i/2019/051/6/3/motherly_recruit_by_slb_creations-dd0amgv.png" height="760" width="600" medium="image"/>            
            <description>&lt;a href=&quot;https://www.deviantart.com/jaytrexe/art/Pokemon-He-s-not-my-Boyfriend-719653134&quot; class=&quot;emoticon&quot; data-embed-type=&quot;emoticon&quot; data-embed-id=&quot;719653134&quot; data-embed-profile=&quot;deviation&quot;&gt;&lt;img src=&quot;https://orig00.deviantart.net/193b/f/2017/345/7/0/pokemon__he_s_not_my_boyfriend__by_trexe13-dbwgnwu.gif&quot; alt=&quot;Pokemon: He&amp;#039;s not my Boyfriend!&quot; style=&quot;width:50px;height:50px&quot;&gt;&lt;/a&gt;&amp;nbsp;&lt;br /&gt;&lt;div&gt;&lt;img src=&quot;https://t00.deviantart.net/rbAFwfXWxnBq2IBriptYVGdMcG8=/300x200/filters:fixed_height(100,100):origin()/pre00/1e29/th/pre/i/2019/051/6/3/motherly_recruit_by_slb_creations-dd0amgv.png&quot; alt=&quot;thumbnail&quot; /&gt;&lt;/div&gt;</description>            </item>
                    <item>
                <title>Albedo</title>
                <link>https://moni158.deviantart.com/art/Albedo-786588011</link>
                <guid isPermaLink="true">https://moni158.deviantart.com/art/Albedo-786588011</guid>
                <pubDate>Thu, 21 Feb 2019 02:16:35 PST</pubDate>
                        <media:title type="plain">Albedo</media:title>
        <media:keywords></media:keywords>
                        <media:rating>nonadult</media:rating>
                <media:category label="Books &amp; Novels">fanart/digital/drawings/books</media:category>
        <media:credit role="author" scheme="urn:ebu">moni158</media:credit>
        <media:credit role="author" scheme="urn:ebu">https://a.deviantart.net/avatars/m/o/moni158.gif?15</media:credit>
        <media:copyright url="https://moni158.deviantart.com">Copyright 2019 moni158</media:copyright>            <media:description type="html">Old junk from last year. :/&lt;br /&gt;&lt;br /&gt;Goddamn I love Overlord so much, just got my hands on the books &lt;img src=&quot;https://e.deviantart.net/emoticons/n/nod.gif&quot; width=&quot;15&quot; height=&quot;15&quot; alt=&quot;:nod:&quot; data-embed-type=&quot;emoticon&quot; data-embed-id=&quot;334&quot; title=&quot;Nod&quot;/&gt;</media:description>            <media:thumbnail url="https://t00.deviantart.net/XJVnq6kkKyox0hmbAIiCkXCnJfk=/fit-in/150x150/filters:no_upscale():origin()/pre00/de01/th/pre/i/2019/052/d/0/albedo_by_moni158-dd0bb6z.png" height="150" width="106"/>            <media:thumbnail url="https://t00.deviantart.net/J43Kmdj7fNcc0BXyxZBqTJvI38U=/fit-in/300x900/filters:no_upscale():origin()/pre00/de01/th/pre/i/2019/052/d/0/albedo_by_moni158-dd0bb6z.png" height="424" width="300"/>            <media:thumbnail url="https://t00.deviantart.net/lDPsbkt7YOWz8p24TSBLc33Y60Q=/300x200/filters:fixed_height(100,100):origin()/pre00/de01/th/pre/i/2019/052/d/0/albedo_by_moni158-dd0bb6z.png" height="200" width="141"/>            <media:content url="https://img00.deviantart.net/ee91/i/2019/052/d/0/albedo_by_moni158-dd0bb6z.png" height="849" width="600" medium="image"/>            
            <description>Old junk from last year. :/&lt;br /&gt;&lt;br /&gt;Goddamn I love Overlord so much, just got my hands on the books &lt;img src=&quot;https://e.deviantart.net/emoticons/n/nod.gif&quot; width=&quot;15&quot; height=&quot;15&quot; alt=&quot;:nod:&quot; data-embed-type=&quot;emoticon&quot; data-embed-id=&quot;334&quot; title=&quot;Nod&quot;/&gt;&lt;br /&gt;&lt;div&gt;&lt;img src=&quot;https://t00.deviantart.net/lDPsbkt7YOWz8p24TSBLc33Y60Q=/300x200/filters:fixed_height(100,100):origin()/pre00/de01/th/pre/i/2019/052/d/0/albedo_by_moni158-dd0bb6z.png&quot; alt=&quot;thumbnail&quot; /&gt;&lt;/div&gt;</description>            </item>
                    <item>
                <title>Ian Manning Portrait </title>
                <link>https://laovaan.deviantart.com/art/Ian-Manning-Portrait-786654763</link>
                <guid isPermaLink="true">https://laovaan.deviantart.com/art/Ian-Manning-Portrait-786654763</guid>
                <pubDate>Thu, 21 Feb 2019 13:56:35 PST</pubDate>
                        <media:title type="plain">Ian Manning Portrait </media:title>
        <media:keywords></media:keywords>
                        <media:rating>nonadult</media:rating>
                <media:category label="Drawings">manga/digital/drawings</media:category>
        <media:credit role="author" scheme="urn:ebu">Laovaan</media:credit>
        <media:credit role="author" scheme="urn:ebu">https://a.deviantart.net/avatars/l/a/laovaan.gif?6</media:credit>
        <media:copyright url="https://laovaan.deviantart.com">Copyright 2019 Laovaan</media:copyright>            <media:description type="html">I did this for a 10 digital art tips video x) &lt;br /&gt;&lt;a class=&quot;external&quot; href=&quot;https://www.deviantart.com/users/outgoing?https://youtu.be/sbcp_eKYoSM&quot;&gt;youtu.be/sbcp_eKYoSM&lt;/a&gt;&lt;br /&gt;If you have seen it, let me know what were your fave tips &lt;img src=&quot;https://e.deviantart.net/emoticons/b/biggrin.gif&quot; width=&quot;15&quot; height=&quot;15&quot; alt=&quot;:D&quot; data-embed-type=&quot;emoticon&quot; data-embed-id=&quot;366&quot; title=&quot;:D (Big Grin)&quot;/&gt;</media:description>            <media:thumbnail url="https://t00.deviantart.net/i_bLfNnKpmDkDoZO1OGwvlZuNm0=/fit-in/150x150/filters:no_upscale():origin()/pre00/f192/th/pre/i/2019/052/f/b/ian_manning_portrait__by_laovaan-dd0cqp7.jpg" height="150" width="120"/>            <media:thumbnail url="https://t00.deviantart.net/XvmxrRaKEU1CGvTQZo3C4IV8vnA=/fit-in/300x900/filters:no_upscale():origin()/pre00/f192/th/pre/i/2019/052/f/b/ian_manning_portrait__by_laovaan-dd0cqp7.jpg" height="375" width="300"/>            <media:thumbnail url="https://t00.deviantart.net/lV-79f2HzkAYI5Z6TSw9hmvmKFs=/300x200/filters:fixed_height(100,100):origin()/pre00/f192/th/pre/i/2019/052/f/b/ian_manning_portrait__by_laovaan-dd0cqp7.jpg" height="200" width="160"/>            <media:content url="https://pre00.deviantart.net/f192/th/pre/i/2019/052/f/b/ian_manning_portrait__by_laovaan-dd0cqp7.jpg" height="1000" width="800" medium="image"/>            
            <description>I did this for a 10 digital art tips video x) &lt;br /&gt;&lt;a class=&quot;external&quot; href=&quot;https://www.deviantart.com/users/outgoing?https://youtu.be/sbcp_eKYoSM&quot;&gt;youtu.be/sbcp_eKYoSM&lt;/a&gt;&lt;br /&gt;If you have seen it, let me know what were your fave tips &lt;img src=&quot;https://e.deviantart.net/emoticons/b/biggrin.gif&quot; width=&quot;15&quot; height=&quot;15&quot; alt=&quot;:D&quot; data-embed-type=&quot;emoticon&quot; data-embed-id=&quot;366&quot; title=&quot;:D (Big Grin)&quot;/&gt;&lt;br /&gt;&lt;div&gt;&lt;img src=&quot;https://t00.deviantart.net/lV-79f2HzkAYI5Z6TSw9hmvmKFs=/300x200/filters:fixed_height(100,100):origin()/pre00/f192/th/pre/i/2019/052/f/b/ian_manning_portrait__by_laovaan-dd0cqp7.jpg&quot; alt=&quot;thumbnail&quot; /&gt;&lt;/div&gt;</description>            </item>
                    <item>
                <title>Wanna bite?</title>
                <link>https://joeyjazz.deviantart.com/art/Wanna-bite-786636963</link>
                <guid isPermaLink="true">https://joeyjazz.deviantart.com/art/Wanna-bite-786636963</guid>
                <pubDate>Thu, 21 Feb 2019 11:39:02 PST</pubDate>
                        <media:title type="plain">Wanna bite?</media:title>
        <media:keywords></media:keywords>
                        <media:rating>nonadult</media:rating>
                <media:category label="HDTV &amp; Widescreen">customization/wallpaper/widescreen</media:category>
        <media:credit role="author" scheme="urn:ebu">JoeyJazz</media:credit>
        <media:credit role="author" scheme="urn:ebu">https://a.deviantart.net/avatars/j/o/joeyjazz.jpg?12</media:credit>
        <media:copyright url="https://joeyjazz.deviantart.com">Copyright 2019 JoeyJazz</media:copyright>            <media:description type="html">Day 52 - a whimsical piece (around 90 minutes). I need a weekend.&lt;br /&gt;&lt;br /&gt;Pack contains:&lt;br /&gt;Resolutions:&lt;br /&gt;Standard/MAC:&lt;br /&gt;2048x1536&lt;br /&gt;1920x1536&lt;br /&gt;Widescreen:&lt;br /&gt;2560x1440&lt;br /&gt;2560x1600&lt;br /&gt;&lt;br /&gt;If you have smaller resolution, just fit it into your screen.&lt;br /&gt;&lt;br /&gt;INSTAGRAM: &lt;a class=&quot;external&quot; href=&quot;https://www.deviantart.com/users/outgoing?https://www.instagram.com/joejazzcz/&quot;&gt;www.instagram.com/joejazzcz/&lt;/a&gt;&lt;br /&gt;ARTSTATION: &lt;a class=&quot;external&quot; href=&quot;https://www.deviantart.com/users/outgoing?https://www.artstation.com/joejazz&quot;&gt;www.artstation.com/joejazz&lt;/a&gt;&lt;br /&gt;&lt;br /&gt;For your personal desktop use ONLY!&lt;br /&gt;&lt;a target=&quot;_self&quot; href=&quot;https://www.deviantart.com/donotuseplz&quot; &gt;&lt;img class=&quot;avatar&quot; width=&quot;50&quot; height=&quot;50&quot; src=&quot;https://a.deviantart.net/avatars/d/o/donotuseplz.gif?2&quot; alt=&quot;:icondonotuseplz:&quot; title=&quot;DoNotUsePlz&quot; /&gt;&lt;/a&gt;&lt;a target=&quot;_self&quot; href=&quot;https://www.deviantart.com/myartplz&quot; &gt;&lt;img class=&quot;avatar&quot; width=&quot;50&quot; height=&quot;50&quot; src=&quot;https://a.deviantart.net/avatars/m/y/myartplz.gif?2&quot; alt=&quot;:iconmyartplz:&quot; title=&quot;MyArtPlz&quot; /&gt;&lt;/a&gt;</media:description>            <media:thumbnail url="https://t00.deviantart.net/Vu4JhEZJVWLMAzjGOv2vrb_rkwk=/fit-in/150x150/filters:no_upscale():origin()/pre00/427b/th/pre/i/2019/052/f/0/wanna_bite__by_joeyjazz-dd0ccyr.jpg" height="84" width="150"/>            <media:thumbnail url="https://t00.deviantart.net/o-GuuKsFG1cmmIJD067ATLZ-XKw=/fit-in/300x900/filters:no_upscale():origin()/pre00/427b/th/pre/i/2019/052/f/0/wanna_bite__by_joeyjazz-dd0ccyr.jpg" height="169" width="300"/>            <media:thumbnail url="https://t00.deviantart.net/1vh3nVD_H9UatduxaAGf62hvaaU=/300x200/filters:fixed_height(100,100):origin()/pre00/427b/th/pre/i/2019/052/f/0/wanna_bite__by_joeyjazz-dd0ccyr.jpg" height="169" width="300"/>            <media:content url="https://img00.deviantart.net/69a3/i/2019/052/f/0/wanna_bite__by_joeyjazz-dd0ccyr.jpg" height="900" width="1600"/>            
            <description>Day 52 - a whimsical piece (around 90 minutes). I need a weekend.&lt;br /&gt;&lt;br /&gt;Pack contains:&lt;br /&gt;Resolutions:&lt;br /&gt;Standard/MAC:&lt;br /&gt;2048x1536&lt;br /&gt;1920x1536&lt;br /&gt;Widescreen:&lt;br /&gt;2560x1440&lt;br /&gt;2560x1600&lt;br /&gt;&lt;br /&gt;If you have smaller resolution, just fit it into your screen.&lt;br /&gt;&lt;br /&gt;INSTAGRAM: &lt;a class=&quot;external&quot; href=&quot;https://www.deviantart.com/users/outgoing?https://www.instagram.com/joejazzcz/&quot;&gt;www.instagram.com/joejazzcz/&lt;/a&gt;&lt;br /&gt;ARTSTATION: &lt;a class=&quot;external&quot; href=&quot;https://www.deviantart.com/users/outgoing?https://www.artstation.com/joejazz&quot;&gt;www.artstation.com/joejazz&lt;/a&gt;&lt;br /&gt;&lt;br /&gt;For your personal desktop use ONLY!&lt;br /&gt;&lt;a target=&quot;_self&quot; href=&quot;https://www.deviantart.com/donotuseplz&quot; &gt;&lt;img class=&quot;avatar&quot; width=&quot;50&quot; height=&quot;50&quot; src=&quot;https://a.deviantart.net/avatars/d/o/donotuseplz.gif?2&quot; alt=&quot;:icondonotuseplz:&quot; title=&quot;DoNotUsePlz&quot; /&gt;&lt;/a&gt;&lt;a target=&quot;_self&quot; href=&quot;https://www.deviantart.com/myartplz&quot; &gt;&lt;img class=&quot;avatar&quot; width=&quot;50&quot; height=&quot;50&quot; src=&quot;https://a.deviantart.net/avatars/m/y/myartplz.gif?2&quot; alt=&quot;:iconmyartplz:&quot; title=&quot;MyArtPlz&quot; /&gt;&lt;/a&gt;&lt;br /&gt;&lt;div&gt;&lt;img src=&quot;https://img00.deviantart.net/69a3/i/2019/052/f/0/wanna_bite__by_joeyjazz-dd0ccyr.jpg&quot; alt=&quot;thumbnail&quot; /&gt;&lt;/div&gt;</description>            </item>
                    <item>
                <title>[CM] Ada Wong!</title>
                <link>https://conniwolf55.deviantart.com/art/CM-Ada-Wong-786591376</link>
                <guid isPermaLink="true">https://conniwolf55.deviantart.com/art/CM-Ada-Wong-786591376</guid>
                <pubDate>Thu, 21 Feb 2019 03:08:09 PST</pubDate>
                        <media:title type="plain">[CM] Ada Wong!</media:title>
        <media:keywords></media:keywords>
                        <media:rating>adult</media:rating>
                <media:category label="Games">fanart/digital/drawings/games</media:category>
        <media:credit role="author" scheme="urn:ebu">conniwolf55</media:credit>
        <media:credit role="author" scheme="urn:ebu">https://a.deviantart.net/avatars/c/o/conniwolf55.png?2</media:credit>
        <media:copyright url="https://conniwolf55.deviantart.com">Copyright 2019 conniwolf55</media:copyright>            <media:description type="html"></media:description>            <media:thumbnail url="https://t00.deviantart.net/qMR3zmUncLJUKKunFeqGJOCCILY=/fit-in/150x150/filters:no_upscale():origin()/pre00/7fda/th/pre/i/2019/052/c/2/_cm__ada_wong__by_conniwolf55-dd0bdsg.png" height="150" width="120"/>            <media:thumbnail url="https://t00.deviantart.net/pO8gos1E0XQqi-RMtAvXKI07zNM=/fit-in/300x900/filters:no_upscale():origin()/pre00/7fda/th/pre/i/2019/052/c/2/_cm__ada_wong__by_conniwolf55-dd0bdsg.png" height="375" width="300"/>            <media:thumbnail url="https://t00.deviantart.net/bf-7YqsZ2Umo8zmTTv6z71KmpOs=/300x200/filters:fixed_height(100,100):origin()/pre00/7fda/th/pre/i/2019/052/c/2/_cm__ada_wong__by_conniwolf55-dd0bdsg.png" height="200" width="160"/>            <media:content url="https://pre00.deviantart.net/7fda/th/pre/i/2019/052/c/2/_cm__ada_wong__by_conniwolf55-dd0bdsg.png" height="1000" width="800" medium="image"/>            
            <description>&lt;br /&gt;&lt;div&gt;&lt;img src=&quot;https://t00.deviantart.net/bf-7YqsZ2Umo8zmTTv6z71KmpOs=/300x200/filters:fixed_height(100,100):origin()/pre00/7fda/th/pre/i/2019/052/c/2/_cm__ada_wong__by_conniwolf55-dd0bdsg.png&quot; alt=&quot;thumbnail&quot; /&gt;&lt;/div&gt;</description>            </item>
                    <item>
                <title>Lexy</title>
                <link>https://personalami.deviantart.com/art/Lexy-786567762</link>
                <guid isPermaLink="true">https://personalami.deviantart.com/art/Lexy-786567762</guid>
                <pubDate>Wed, 20 Feb 2019 21:20:43 PST</pubDate>
                        <media:title type="plain">Lexy</media:title>
        <media:keywords></media:keywords>
                        <media:rating>nonadult</media:rating>
                <media:category label="Games">fanart/digital/painting/games</media:category>
        <media:credit role="author" scheme="urn:ebu">PersonalAmi</media:credit>
        <media:credit role="author" scheme="urn:ebu">https://a.deviantart.net/avatars/p/e/personalami.png?10</media:credit>
        <media:copyright url="https://personalami.deviantart.com">Copyright 2019 PersonalAmi</media:copyright>            <media:description type="html">A pinup commission&lt;br /&gt;More hires alt versions at&amp;nbsp;&lt;a class=&quot;external&quot; href=&quot;https://www.deviantart.com/users/outgoing?https://www.patreon.com/personalami&quot;&gt;www.patreon.com/personalami&lt;/a&gt;</media:description>            <media:thumbnail url="https://t00.deviantart.net/gZO7mh2-f-qVcvNyINTv_3xmahE=/fit-in/150x150/filters:no_upscale():origin()/pre00/acfb/th/pre/f/2019/051/2/6/lexy_by_personalami-dd0avki.jpg" height="150" width="100"/>            <media:thumbnail url="https://t00.deviantart.net/OtFFvENwK8l_Jv-I1GUXPyDUH-k=/fit-in/300x900/filters:no_upscale():origin()/pre00/acfb/th/pre/f/2019/051/2/6/lexy_by_personalami-dd0avki.jpg" height="451" width="300"/>            <media:thumbnail url="https://t00.deviantart.net/dOQrPbG5o7cNMnD-0JgbtA5vbFA=/300x200/filters:fixed_height(100,100):origin()/pre00/acfb/th/pre/f/2019/051/2/6/lexy_by_personalami-dd0avki.jpg" height="200" width="133"/>            <media:content url="https://pre00.deviantart.net/acfb/th/pre/f/2019/051/2/6/lexy_by_personalami-dd0avki.jpg" height="1096" width="729" medium="image"/>            
            <description>A pinup commission&lt;br /&gt;More hires alt versions at&amp;nbsp;&lt;a class=&quot;external&quot; href=&quot;https://www.deviantart.com/users/outgoing?https://www.patreon.com/personalami&quot;&gt;www.patreon.com/personalami&lt;/a&gt;&lt;br /&gt;&lt;div&gt;&lt;img src=&quot;https://t00.deviantart.net/dOQrPbG5o7cNMnD-0JgbtA5vbFA=/300x200/filters:fixed_height(100,100):origin()/pre00/acfb/th/pre/f/2019/051/2/6/lexy_by_personalami-dd0avki.jpg&quot; alt=&quot;thumbnail&quot; /&gt;&lt;/div&gt;</description>            </item>
                    <item>
                <title>[MMD DL] Stage pack</title>
                <link>https://unluckycandyfox.deviantart.com/art/MMD-DL-Stage-pack-786552242</link>
                <guid isPermaLink="true">https://unluckycandyfox.deviantart.com/art/MMD-DL-Stage-pack-786552242</guid>
                <pubDate>Wed, 20 Feb 2019 18:57:05 PST</pubDate>
                        <media:title type="plain">[MMD DL] Stage pack</media:title>
        <media:keywords></media:keywords>
                        <media:rating>nonadult</media:rating>
                <media:category label="3D Models">resources/3dmodels</media:category>
        <media:credit role="author" scheme="urn:ebu">UnluckyCandyFox</media:credit>
        <media:credit role="author" scheme="urn:ebu">https://a.deviantart.net/avatars/u/n/unluckycandyfox.png?12</media:credit>
        <media:copyright url="https://unluckycandyfox.deviantart.com">Copyright 2019 UnluckyCandyFox</media:copyright>            <media:description type="html">&lt;span&gt;&amp;#9830; RULES &amp;#9830;&amp;nbsp;&lt;/span&gt;&lt;br /&gt;&lt;span&gt;Redistribute - &amp;#10008;&lt;/span&gt;&lt;br /&gt;&lt;span&gt;Selling - &amp;#10008;&lt;/span&gt;&lt;br /&gt;&lt;br /&gt;&lt;span&gt;&amp;#9830; CREDIT &amp;#9830;&amp;nbsp;&lt;/span&gt;&lt;br /&gt;&lt;br /&gt;&lt;span&gt;3claws&lt;/span&gt;&lt;br /&gt;&lt;br /&gt;&lt;span&gt;&amp;#9830; SOURCE &amp;#9830;&amp;nbsp;&lt;/span&gt;&lt;br /&gt;&lt;br /&gt;&lt;span&gt;DanceOn game rip&lt;/span&gt;</media:description>            <media:thumbnail url="https://t00.deviantart.net/JAGiYUyDlHdRByzCulSeaufwyqA=/fit-in/150x150/filters:no_upscale():origin()/pre00/2863/th/pre/i/2019/051/b/a/_mmd_dl__stage_pack_by_unluckycandyfox-dd0ajle.png" height="123" width="150"/>            <media:thumbnail url="https://t00.deviantart.net/GDkKANk912kCP_XbLOIP_fP0A4g=/fit-in/300x900/filters:no_upscale():origin()/pre00/2863/th/pre/i/2019/051/b/a/_mmd_dl__stage_pack_by_unluckycandyfox-dd0ajle.png" height="246" width="300"/>            <media:thumbnail url="https://t00.deviantart.net/xEFnOM9jAYK6z6JA5w80ZrF1Abs=/300x200/filters:fixed_height(100,100):origin()/pre00/2863/th/pre/i/2019/051/b/a/_mmd_dl__stage_pack_by_unluckycandyfox-dd0ajle.png" height="200" width="244"/>            <media:content url="https://img00.deviantart.net/b25f/i/2019/051/b/a/_mmd_dl__stage_pack_by_unluckycandyfox-dd0ajle.png" height="4200" width="5120"/>            
            <description>&lt;span&gt;&amp;#9830; RULES &amp;#9830;&amp;nbsp;&lt;/span&gt;&lt;br /&gt;&lt;span&gt;Redistribute - &amp;#10008;&lt;/span&gt;&lt;br /&gt;&lt;span&gt;Selling - &amp;#10008;&lt;/span&gt;&lt;br /&gt;&lt;br /&gt;&lt;span&gt;&amp;#9830; CREDIT &amp;#9830;&amp;nbsp;&lt;/span&gt;&lt;br /&gt;&lt;br /&gt;&lt;span&gt;3claws&lt;/span&gt;&lt;br /&gt;&lt;br /&gt;&lt;span&gt;&amp;#9830; SOURCE &amp;#9830;&amp;nbsp;&lt;/span&gt;&lt;br /&gt;&lt;br /&gt;&lt;span&gt;DanceOn game rip&lt;/span&gt;&lt;br /&gt;&lt;div&gt;&lt;img src=&quot;https://img00.deviantart.net/b25f/i/2019/051/b/a/_mmd_dl__stage_pack_by_unluckycandyfox-dd0ajle.png&quot; alt=&quot;thumbnail&quot; /&gt;&lt;/div&gt;</description>            </item>
                    <item>
                <title>Ferris (ReZero) nsfw</title>
                <link>https://neoartcore.deviantart.com/art/Ferris-ReZero-nsfw-786479872</link>
                <guid isPermaLink="true">https://neoartcore.deviantart.com/art/Ferris-ReZero-nsfw-786479872</guid>
                <pubDate>Wed, 20 Feb 2019 22:06:41 PST</pubDate>
                        <media:title type="plain">Ferris (ReZero) nsfw</media:title>
        <media:keywords></media:keywords>
                        <media:rating>adult</media:rating>
                <media:category label="Movies &amp; TV">fanart/digital/painting/movies</media:category>
        <media:credit role="author" scheme="urn:ebu">NeoArtCorE</media:credit>
        <media:credit role="author" scheme="urn:ebu">https://a.deviantart.net/avatars/n/e/neoartcore.jpg?14</media:credit>
        <media:copyright url="https://neoartcore.deviantart.com">Copyright 2019 NeoArtCorE</media:copyright>            <media:description type="html">&lt;p&gt;Think about what you can do, and do it, Subaru-kun...&lt;/p&gt;&lt;p&gt;&amp;#3621;&amp;#3641;&amp;#3585;&amp;#3652;&amp;#3617;&amp;#3657;&amp;#3609;&amp;#3657;&amp;#3629;&amp;#3618;&amp;#3654; &amp;#3618;&amp;#3656;&amp;#3629;&amp;#3617;&amp;#3621;&amp;#3656;&amp;#3609;&amp;#3652;&amp;#3617;&amp;#3656;&amp;#3652;&amp;#3585;&amp;#3621;&amp;#3605;&amp;#3657;&amp;#3609;&amp;nbsp;&lt;br /&gt;lingerie / cast off&amp;gt;&amp;gt; &lt;a class=&quot;external&quot; href=&quot;https://www.deviantart.com/users/outgoing?https://goo.gl/QK4GeK&quot;&gt;goo.gl/QK4GeK&lt;/a&gt;&lt;/p&gt;</media:description>            <media:thumbnail url="https://t00.deviantart.net/zV1XfNTj3rnun1KeWjCdlaZ8Gfg=/fit-in/150x150/filters:no_upscale():origin()/pre00/14f2/th/pre/i/2019/051/d/e/ferris__rezero__nsfw_by_neoartcore-dd08zr4.png" height="71" width="150"/>            <media:thumbnail url="https://t00.deviantart.net/at-JHqCb44Hvl9IE7fXNoLkFWH8=/fit-in/300x900/filters:no_upscale():origin()/pre00/14f2/th/pre/i/2019/051/d/e/ferris__rezero__nsfw_by_neoartcore-dd08zr4.png" height="142" width="300"/>            <media:thumbnail url="https://t00.deviantart.net/H74hjuIIFMitbV-yCLqdhZplDoA=/300x200/filters:fixed_height(100,100):origin()/pre00/14f2/th/pre/i/2019/051/d/e/ferris__rezero__nsfw_by_neoartcore-dd08zr4.png" height="142" width="300"/>            <media:content url="https://img00.deviantart.net/70c7/i/2019/051/d/e/ferris__rezero__nsfw_by_neoartcore-dd08zr4.png" height="604" width="1280" medium="image"/>            
            <description>&lt;p&gt;Think about what you can do, and do it, Subaru-kun...&lt;/p&gt;&lt;p&gt;&amp;#3621;&amp;#3641;&amp;#3585;&amp;#3652;&amp;#3617;&amp;#3657;&amp;#3609;&amp;#3657;&amp;#3629;&amp;#3618;&amp;#3654; &amp;#3618;&amp;#3656;&amp;#3629;&amp;#3617;&amp;#3621;&amp;#3656;&amp;#3609;&amp;#3652;&amp;#3617;&amp;#3656;&amp;#3652;&amp;#3585;&amp;#3621;&amp;#3605;&amp;#3657;&amp;#3609;&amp;nbsp;&lt;br /&gt;lingerie / cast off&amp;gt;&amp;gt; &lt;a class=&quot;external&quot; href=&quot;https://www.deviantart.com/users/outgoing?https://goo.gl/QK4GeK&quot;&gt;goo.gl/QK4GeK&lt;/a&gt;&lt;/p&gt;&lt;br /&gt;&lt;div&gt;&lt;img src=&quot;https://t00.deviantart.net/H74hjuIIFMitbV-yCLqdhZplDoA=/300x200/filters:fixed_height(100,100):origin()/pre00/14f2/th/pre/i/2019/051/d/e/ferris__rezero__nsfw_by_neoartcore-dd08zr4.png&quot; alt=&quot;thumbnail&quot; /&gt;&lt;/div&gt;</description>            </item>
                    <item>
                <title>BOWSETTE MINICOMIC</title>
                <link>https://witchking00.deviantart.com/art/BOWSETTE-MINICOMIC-786613842</link>
                <guid isPermaLink="true">https://witchking00.deviantart.com/art/BOWSETTE-MINICOMIC-786613842</guid>
                <pubDate>Thu, 21 Feb 2019 07:56:23 PST</pubDate>
                        <media:title type="plain">BOWSETTE MINICOMIC</media:title>
        <media:keywords></media:keywords>
                        <media:rating>adult</media:rating>
                <media:category label="Games">fanart/digital/drawings/games</media:category>
        <media:credit role="author" scheme="urn:ebu">Witchking00</media:credit>
        <media:credit role="author" scheme="urn:ebu">https://a.deviantart.net/avatars/w/i/witchking00.jpg?8</media:credit>
        <media:copyright url="https://witchking00.deviantart.com">Copyright 2019 Witchking00</media:copyright>             <creativeCommons:license>http://creativecommons.org/licenses/by-nc-nd/3.0/</creativeCommons:license>
                <media:description type="html">Hello everyone!!&lt;br /&gt;&lt;br /&gt;NEW COMIC AVAILABLE IN PATREON (with exlclusive content) or in the STORE&lt;br /&gt;&lt;br /&gt;PLOT: Bowser use the SUPER CROWN and become BOWSETTE!! Now is time to study her new body with power ups and let princess peach know who is the new queen in the MUSHROOM KINGDOM&lt;br /&gt;&lt;br /&gt;Content:&lt;br /&gt;&lt;br /&gt;- 6 HD colored pages&lt;br /&gt;- BREAST EXPANSION, ASS EXPANSION, Yuri action, futanari, funny moments, etc....&lt;br /&gt;- Starring BOWSETTE and PRINCESS PEACH&lt;br /&gt;&lt;br /&gt;GET IT HERE:&lt;br /&gt;&lt;br /&gt;PATREON:&amp;nbsp;&lt;a class=&quot;external&quot; href=&quot;https://www.deviantart.com/users/outgoing?https://www.patreon.com/witchking00&quot;&gt;www.patreon.com/witchking00&lt;/a&gt;&lt;br /&gt;STORE:&amp;nbsp;&lt;a class=&quot;external&quot; href=&quot;https://www.deviantart.com/users/outgoing?https://wkcomics2.e-junkie.com/product/1596266/BOWSETTE-MINI-COMIC-CH.-01&quot;&gt;wkcomics2.e-junkie.com/product&amp;hellip;&lt;/a&gt;</media:description>            <media:thumbnail url="https://t00.deviantart.net/rbKXiC9jRFv0c1J5Jw1hE7Nbx4A=/fit-in/150x150/filters:no_upscale():origin()/pre00/8ab2/th/pre/f/2019/052/f/e/bowsette_minicomic_by_witchking00-dd0bv4i.png" height="134" width="150"/>            <media:thumbnail url="https://t00.deviantart.net/HZhoWFuihcNQrnbA3uTxsLPPhf0=/fit-in/300x900/filters:no_upscale():origin()/pre00/8ab2/th/pre/f/2019/052/f/e/bowsette_minicomic_by_witchking00-dd0bv4i.png" height="268" width="300"/>            <media:thumbnail url="https://t00.deviantart.net/Ig8viE6P9wdOBs1B0dQRsL-rJM8=/300x200/filters:fixed_height(100,100):origin()/pre00/8ab2/th/pre/f/2019/052/f/e/bowsette_minicomic_by_witchking00-dd0bv4i.png" height="200" width="224"/>            <media:content url="https://orig00.deviantart.net/1821/f/2019/052/f/e/bowsette_minicomic_by_witchking00-dd0bv4i.png" height="752" width="842" medium="image"/>            
            <description>Hello everyone!!&lt;br /&gt;&lt;br /&gt;NEW COMIC AVAILABLE IN PATREON (with exlclusive content) or in the STORE&lt;br /&gt;&lt;br /&gt;PLOT: Bowser use the SUPER CROWN and become BOWSETTE!! Now is time to study her new body with power ups and let princess peach know who is the new queen in the MUSHROOM KINGDOM&lt;br /&gt;&lt;br /&gt;Content:&lt;br /&gt;&lt;br /&gt;- 6 HD colored pages&lt;br /&gt;- BREAST EXPANSION, ASS EXPANSION, Yuri action, futanari, funny moments, etc....&lt;br /&gt;- Starring BOWSETTE and PRINCESS PEACH&lt;br /&gt;&lt;br /&gt;GET IT HERE:&lt;br /&gt;&lt;br /&gt;PATREON:&amp;nbsp;&lt;a class=&quot;external&quot; href=&quot;https://www.deviantart.com/users/outgoing?https://www.patreon.com/witchking00&quot;&gt;www.patreon.com/witchking00&lt;/a&gt;&lt;br /&gt;STORE:&amp;nbsp;&lt;a class=&quot;external&quot; href=&quot;https://www.deviantart.com/users/outgoing?https://wkcomics2.e-junkie.com/product/1596266/BOWSETTE-MINI-COMIC-CH.-01&quot;&gt;wkcomics2.e-junkie.com/product&amp;hellip;&lt;/a&gt;&lt;br /&gt;&lt;div&gt;&lt;img src=&quot;https://t00.deviantart.net/Ig8viE6P9wdOBs1B0dQRsL-rJM8=/300x200/filters:fixed_height(100,100):origin()/pre00/8ab2/th/pre/f/2019/052/f/e/bowsette_minicomic_by_witchking00-dd0bv4i.png&quot; alt=&quot;thumbnail&quot; /&gt;&lt;/div&gt;</description>            </item>
                    <item>
                <title>[MMD DL]TDA Lilac Haku (+ sure outfit dl)</title>
                <link>https://unluckycandyfox.deviantart.com/art/MMD-DL-TDA-Lilac-Haku-sure-outfit-dl-786537378</link>
                <guid isPermaLink="true">https://unluckycandyfox.deviantart.com/art/MMD-DL-TDA-Lilac-Haku-sure-outfit-dl-786537378</guid>
                <pubDate>Wed, 20 Feb 2019 18:53:29 PST</pubDate>
                        <media:title type="plain">[MMD DL]TDA Lilac Haku (+ sure outfit dl)</media:title>
        <media:keywords></media:keywords>
                        <media:rating>nonadult</media:rating>
                <media:category label="3D Models">resources/3dmodels</media:category>
        <media:credit role="author" scheme="urn:ebu">UnluckyCandyFox</media:credit>
        <media:credit role="author" scheme="urn:ebu">https://a.deviantart.net/avatars/u/n/unluckycandyfox.png?12</media:credit>
        <media:copyright url="https://unluckycandyfox.deviantart.com">Copyright 2019 UnluckyCandyFox</media:copyright>            <media:description type="html">!NOTICE! - Skirt without physics (rig to legs),when try add phys verticles rise (?)&lt;a href=&quot;https://www.deviantart.com/jerikuto/art/Llama-Emoji-08-Crying-V1-413126538&quot; class=&quot;emoticon&quot; data-embed-type=&quot;emoticon&quot; data-embed-id=&quot;413126538&quot; data-embed-profile=&quot;deviation&quot;&gt;&lt;img src=&quot;https://orig00.deviantart.net/ef01/f/2013/347/6/1/llama_emoji_08__crying___v1__by_jerikuto-d6tyqh6.gif&quot; alt=&quot;Llama Emoji-08 (Crying) [V1]&quot; style=&quot;width:47px;height:53px&quot;&gt;&lt;/a&gt;&amp;nbsp;&lt;br /&gt;&lt;br /&gt;&amp;#9830; RULES &amp;#9830; &lt;br /&gt;Edit (model) - &amp;#10008; (outfit with different rules)&lt;br /&gt;Retexture - &amp;#10008;&lt;br /&gt;Redistribute - &amp;#10008;&amp;nbsp;&lt;br /&gt;Selling,Commisions,Donation use,Patreon or etc - &amp;#10008;&lt;br /&gt;Convert - please refrain&lt;br /&gt;&lt;br /&gt;~~CREDITS TIME!~~&lt;br /&gt;&lt;br /&gt;Base - TDA, &lt;span class=&quot;username-with-symbol u&quot;&gt;&lt;a class=&quot;u regular username&quot; href=&quot;https://www.deviantart.com/stynthorn&quot;&gt;Stynthorn&lt;/a&gt;&lt;span class=&quot;user-symbol regular&quot; data-quicktip-text=&quot;&quot; data-show-tooltip=&quot;&quot; data-gruser-type=&quot;regular&quot;&gt;&lt;/span&gt;&lt;/span&gt;&lt;br /&gt;Hair - TDA, unknown&lt;br /&gt;Eye texture - &lt;span class=&quot;username-with-symbol u&quot;&gt;&lt;a class=&quot;u premium username&quot; href=&quot;https://www.deviantart.com/sleebys&quot;&gt;sleebys&lt;/a&gt;&lt;span class=&quot;user-symbol premium&quot; data-quicktip-text=&quot;Core Member&quot; data-show-tooltip=&quot;1&quot; data-gruser-type=&quot;premium&quot;&gt;&lt;/span&gt;&lt;/span&gt;&lt;br /&gt;Outfit - NetEase (Revelation Online game rip) (DL -&amp;nbsp;&lt;a href=&quot;https://sta.sh/01c4gfxy5x79&quot;&gt;sta.sh/01c4gfxy5x79&lt;/a&gt; )&lt;br /&gt;Flowers - &amp;#65312;itumonohon (&amp;#12356;&amp;#12388;&amp;#12418;&amp;#12398;&amp;#12411;&amp;#12435;)&amp;nbsp;</media:description>            <media:thumbnail url="https://t00.deviantart.net/SpOrlbjXBhpNCNrrZxsU34U0Xq0=/fit-in/150x150/filters:no_upscale():origin()/pre00/b4a0/th/pre/i/2019/051/b/7/_mmd_dl_tda_lilac_haku____sure_outfit_dl__by_unluckycandyfox-dd0a84i.png" height="150" width="82"/>            <media:thumbnail url="https://t00.deviantart.net/iWsreP9SRZkp6CeuROrT7aEyHT0=/fit-in/300x900/filters:no_upscale():origin()/pre00/b4a0/th/pre/i/2019/051/b/7/_mmd_dl_tda_lilac_haku____sure_outfit_dl__by_unluckycandyfox-dd0a84i.png" height="549" width="300"/>            <media:thumbnail url="https://t00.deviantart.net/6ekcJx9gkQxPoNFkRKmlxXQoaiE=/300x200/filters:fixed_height(100,100):origin()/pre00/b4a0/th/pre/i/2019/051/b/7/_mmd_dl_tda_lilac_haku____sure_outfit_dl__by_unluckycandyfox-dd0a84i.png" height="200" width="109"/>            <media:content url="https://img00.deviantart.net/9a5e/i/2019/051/b/7/_mmd_dl_tda_lilac_haku____sure_outfit_dl__by_unluckycandyfox-dd0a84i.png" height="2560" width="1400"/>            
            <description>!NOTICE! - Skirt without physics (rig to legs),when try add phys verticles rise (?)&lt;a href=&quot;https://www.deviantart.com/jerikuto/art/Llama-Emoji-08-Crying-V1-413126538&quot; class=&quot;emoticon&quot; data-embed-type=&quot;emoticon&quot; data-embed-id=&quot;413126538&quot; data-embed-profile=&quot;deviation&quot;&gt;&lt;img src=&quot;https://orig00.deviantart.net/ef01/f/2013/347/6/1/llama_emoji_08__crying___v1__by_jerikuto-d6tyqh6.gif&quot; alt=&quot;Llama Emoji-08 (Crying) [V1]&quot; style=&quot;width:47px;height:53px&quot;&gt;&lt;/a&gt;&amp;nbsp;&lt;br /&gt;&lt;br /&gt;&amp;#9830; RULES &amp;#9830; &lt;br /&gt;Edit (model) - &amp;#10008; (outfit with different rules)&lt;br /&gt;Retexture - &amp;#10008;&lt;br /&gt;Redistribute - &amp;#10008;&amp;nbsp;&lt;br /&gt;Selling,Commisions,Donation use,Patreon or etc - &amp;#10008;&lt;br /&gt;Convert - please refrain&lt;br /&gt;&lt;br /&gt;~~CREDITS TIME!~~&lt;br /&gt;&lt;br /&gt;Base - TDA, &lt;span class=&quot;username-with-symbol u&quot;&gt;&lt;a class=&quot;u regular username&quot; href=&quot;https://www.deviantart.com/stynthorn&quot;&gt;Stynthorn&lt;/a&gt;&lt;span class=&quot;user-symbol regular&quot; data-quicktip-text=&quot;&quot; data-show-tooltip=&quot;&quot; data-gruser-type=&quot;regular&quot;&gt;&lt;/span&gt;&lt;/span&gt;&lt;br /&gt;Hair - TDA, unknown&lt;br /&gt;Eye texture - &lt;span class=&quot;username-with-symbol u&quot;&gt;&lt;a class=&quot;u premium username&quot; href=&quot;https://www.deviantart.com/sleebys&quot;&gt;sleebys&lt;/a&gt;&lt;span class=&quot;user-symbol premium&quot; data-quicktip-text=&quot;Core Member&quot; data-show-tooltip=&quot;1&quot; data-gruser-type=&quot;premium&quot;&gt;&lt;/span&gt;&lt;/span&gt;&lt;br /&gt;Outfit - NetEase (Revelation Online game rip) (DL -&amp;nbsp;&lt;a href=&quot;https://sta.sh/01c4gfxy5x79&quot;&gt;sta.sh/01c4gfxy5x79&lt;/a&gt; )&lt;br /&gt;Flowers - &amp;#65312;itumonohon (&amp;#12356;&amp;#12388;&amp;#12418;&amp;#12398;&amp;#12411;&amp;#12435;)&amp;nbsp;&lt;br /&gt;&lt;div&gt;&lt;img src=&quot;https://img00.deviantart.net/9a5e/i/2019/051/b/7/_mmd_dl_tda_lilac_haku____sure_outfit_dl__by_unluckycandyfox-dd0a84i.png&quot; alt=&quot;thumbnail&quot; /&gt;&lt;/div&gt;</description>            </item>
                    <item>
                <title>CM-Xj9</title>
                <link>https://superspoe.deviantart.com/art/CM-Xj9-786595758</link>
                <guid isPermaLink="true">https://superspoe.deviantart.com/art/CM-Xj9-786595758</guid>
                <pubDate>Thu, 21 Feb 2019 04:19:17 PST</pubDate>
                        <media:title type="plain">CM-Xj9</media:title>
        <media:keywords></media:keywords>
                        <media:rating>adult</media:rating>
                <media:category label="Drawings">cartoons/digital/cartoons/drawings</media:category>
        <media:credit role="author" scheme="urn:ebu">SuperSpoe</media:credit>
        <media:credit role="author" scheme="urn:ebu">https://a.deviantart.net/avatars/s/u/superspoe.png?9</media:credit>
        <media:copyright url="https://superspoe.deviantart.com">Copyright 2019 SuperSpoe</media:copyright>            <media:description type="html">commission for anonymous&amp;nbsp;</media:description>            <media:thumbnail url="https://t00.deviantart.net/F8V-JLY5QWdzNy3vERuO5Ck7_R0=/fit-in/150x150/filters:no_upscale():origin()/pre00/3c02/th/pre/i/2019/052/0/6/cm_xj9_by_superspoe-dd0bh66.png" height="116" width="150"/>            <media:thumbnail url="https://t00.deviantart.net/ZDLPcR_1IgHTouW8aOW7Bb0hQyQ=/fit-in/300x900/filters:no_upscale():origin()/pre00/3c02/th/pre/i/2019/052/0/6/cm_xj9_by_superspoe-dd0bh66.png" height="233" width="300"/>            <media:thumbnail url="https://t00.deviantart.net/4cYeAn7cYdSUbqbZvtrpjqbxK-M=/300x200/filters:fixed_height(100,100):origin()/pre00/3c02/th/pre/i/2019/052/0/6/cm_xj9_by_superspoe-dd0bh66.png" height="200" width="258"/>            <media:content url="https://pre00.deviantart.net/3c02/th/pre/i/2019/052/0/6/cm_xj9_by_superspoe-dd0bh66.png" height="787" width="1016" medium="image"/>            
            <description>commission for anonymous&amp;nbsp;&lt;br /&gt;&lt;div&gt;&lt;img src=&quot;https://t00.deviantart.net/4cYeAn7cYdSUbqbZvtrpjqbxK-M=/300x200/filters:fixed_height(100,100):origin()/pre00/3c02/th/pre/i/2019/052/0/6/cm_xj9_by_superspoe-dd0bh66.png&quot; alt=&quot;thumbnail&quot; /&gt;&lt;/div&gt;</description>            </item>
                    <item>
                <title>Fire Emblem Echoes -- Celica</title>
                <link>https://onisuu.deviantart.com/art/Fire-Emblem-Echoes-Celica-786577930</link>
                <guid isPermaLink="true">https://onisuu.deviantart.com/art/Fire-Emblem-Echoes-Celica-786577930</guid>
                <pubDate>Wed, 20 Feb 2019 23:21:15 PST</pubDate>
                        <media:title type="plain">Fire Emblem Echoes -- Celica</media:title>
        <media:keywords></media:keywords>
                        <media:rating>nonadult</media:rating>
                <media:category label="Drawings">manga/digital/drawings</media:category>
        <media:credit role="author" scheme="urn:ebu">onisuu</media:credit>
        <media:credit role="author" scheme="urn:ebu">https://a.deviantart.net/avatars/o/n/onisuu.png?12</media:credit>
        <media:copyright url="https://onisuu.deviantart.com">Copyright 2019 onisuu</media:copyright>            <media:description type="html">&lt;blockquote&gt; I&#039;m enjoying Fire Emblem Echoes a lot! the full voice acting for the dialogue is super nice, and I love the characters and their personalities ^q^&amp;nbsp;&lt;br /&gt;&lt;br /&gt;&lt;br /&gt;&lt;a class=&quot;external&quot; href=&quot;https://www.deviantart.com/users/outgoing?https://www.youtube.com/user/Onisasu&quot;&gt;youtube&lt;/a&gt; | &lt;a class=&quot;external&quot; href=&quot;https://www.deviantart.com/users/outgoing?http://onisuu.tumblr.com/&quot;&gt;tumblr&lt;/a&gt; |&amp;nbsp;&lt;a class=&quot;external&quot; href=&quot;https://www.deviantart.com/users/outgoing?https://www.instagram.com/mayoronisuu/&quot;&gt;instagram&lt;/a&gt; |&amp;nbsp;&lt;a class=&quot;external&quot; href=&quot;https://www.deviantart.com/users/outgoing?https://twitter.com/onisuu&quot;&gt;twitter&lt;/a&gt; | &lt;a class=&quot;external&quot; href=&quot;https://www.deviantart.com/users/outgoing?https://ko-fi.com/onisuu&quot;&gt;ko-fi&lt;/a&gt; |&amp;nbsp;&lt;a href=&quot;https://onisuu.deviantart.com/journal/FAQ-334990434&quot;&gt;FAQ&lt;/a&gt;&amp;nbsp;|&amp;nbsp;&lt;a href=&quot;https://onisuu.deviantart.com/journal/commission-info-check-slot-availability-334909665&quot;&gt;commission info&lt;/a&gt;&lt;/blockquote&gt;</media:description>            <media:thumbnail url="https://t00.deviantart.net/wXNURqwJTm3TK7lKfb-MPnhcPAw=/fit-in/150x150/filters:no_upscale():origin()/pre00/5bd6/th/pre/f/2019/051/8/7/celica_by_onisuu-dd0b3ey.png" height="150" width="131"/>            <media:thumbnail url="https://t00.deviantart.net/gO34M2csimPDqi3j4fULdwwlrc4=/fit-in/300x900/filters:no_upscale():origin()/pre00/5bd6/th/pre/f/2019/051/8/7/celica_by_onisuu-dd0b3ey.png" height="344" width="300"/>            <media:thumbnail url="https://t00.deviantart.net/Rqg-qXpFavDuoTbNAYsrw9ozf1Q=/300x200/filters:fixed_height(100,100):origin()/pre00/5bd6/th/pre/f/2019/051/8/7/celica_by_onisuu-dd0b3ey.png" height="200" width="175"/>            <media:content url="https://orig00.deviantart.net/4e0c/f/2019/051/8/7/celica_by_onisuu-dd0b3ey.png" height="732" width="639" medium="image"/>            
            <description>&lt;blockquote&gt; I&#039;m enjoying Fire Emblem Echoes a lot! the full voice acting for the dialogue is super nice, and I love the characters and their personalities ^q^&amp;nbsp;&lt;br /&gt;&lt;br /&gt;&lt;br /&gt;&lt;a class=&quot;external&quot; href=&quot;https://www.deviantart.com/users/outgoing?https://www.youtube.com/user/Onisasu&quot;&gt;youtube&lt;/a&gt; | &lt;a class=&quot;external&quot; href=&quot;https://www.deviantart.com/users/outgoing?http://onisuu.tumblr.com/&quot;&gt;tumblr&lt;/a&gt; |&amp;nbsp;&lt;a class=&quot;external&quot; href=&quot;https://www.deviantart.com/users/outgoing?https://www.instagram.com/mayoronisuu/&quot;&gt;instagram&lt;/a&gt; |&amp;nbsp;&lt;a class=&quot;external&quot; href=&quot;https://www.deviantart.com/users/outgoing?https://twitter.com/onisuu&quot;&gt;twitter&lt;/a&gt; | &lt;a class=&quot;external&quot; href=&quot;https://www.deviantart.com/users/outgoing?https://ko-fi.com/onisuu&quot;&gt;ko-fi&lt;/a&gt; |&amp;nbsp;&lt;a href=&quot;https://onisuu.deviantart.com/journal/FAQ-334990434&quot;&gt;FAQ&lt;/a&gt;&amp;nbsp;|&amp;nbsp;&lt;a href=&quot;https://onisuu.deviantart.com/journal/commission-info-check-slot-availability-334909665&quot;&gt;commission info&lt;/a&gt;&lt;/blockquote&gt;&lt;br /&gt;&lt;div&gt;&lt;img src=&quot;https://t00.deviantart.net/Rqg-qXpFavDuoTbNAYsrw9ozf1Q=/300x200/filters:fixed_height(100,100):origin()/pre00/5bd6/th/pre/f/2019/051/8/7/celica_by_onisuu-dd0b3ey.png&quot; alt=&quot;thumbnail&quot; /&gt;&lt;/div&gt;</description>            </item>
                    <item>
                <title>Tea and Cookies, Fantasy Girl and Dragons Art, DS</title>
                <link>https://shibashake.deviantart.com/art/Tea-and-Cookies-Fantasy-Girl-and-Dragons-Art-DS-786268131</link>
                <guid isPermaLink="true">https://shibashake.deviantart.com/art/Tea-and-Cookies-Fantasy-Girl-and-Dragons-Art-DS-786268131</guid>
                <pubDate>Thu, 21 Feb 2019 01:00:01 PST</pubDate>
                        <media:title type="plain">Tea and Cookies, Fantasy Girl and Dragons Art, DS</media:title>
        <media:keywords></media:keywords>
                        <media:rating>nonadult</media:rating>
                <media:category label="Female">digitalart/3d/characters/female</media:category>
        <media:credit role="author" scheme="urn:ebu">shibashake</media:credit>
        <media:credit role="author" scheme="urn:ebu">https://a.deviantart.net/avatars/s/h/shibashake.jpg?4</media:credit>
        <media:copyright url="https://shibashake.deviantart.com">Copyright 2019 shibashake</media:copyright>            <media:description type="html">Created using &lt;a class=&quot;external&quot; href=&quot;https://www.deviantart.com/users/outgoing?http://witchy-ears.com/dazstudio&quot;&gt;Daz Studio&lt;/a&gt; &amp;gt; Iray &amp;gt; Photoshop.&amp;nbsp;&lt;br /&gt;&lt;br /&gt;3D-assets purchased from &lt;a class=&quot;external&quot; href=&quot;https://www.deviantart.com/users/outgoing?http://witchy-ears.com/daz3d&quot;&gt;Daz3D.com.&lt;/a&gt;&lt;br /&gt;&lt;br /&gt;&lt;strong&gt;&lt;a class=&quot;external&quot; href=&quot;https://www.deviantart.com/users/outgoing?http://thinkdrawart.com/&quot;&gt;Website&lt;/a&gt; || &lt;a class=&quot;external&quot; href=&quot;https://www.deviantart.com/users/outgoing?https://www.facebook.com/shiba.shake&quot;&gt;Facebook&lt;/a&gt; || &lt;a class=&quot;external&quot; href=&quot;https://www.deviantart.com/users/outgoing?http://witchy-ears.com/tutorial&quot;&gt;Tutorials&lt;/a&gt;&lt;/strong&gt;</media:description>            <media:thumbnail url="https://t00.deviantart.net/EXaQToertAkQqRNKVU6Dcyx3bAM=/fit-in/150x150/filters:no_upscale():origin()/pre00/0a3e/th/pre/i/2019/050/9/1/tea_and_cookies__fantasy_girl_and_dragons_art__ds_by_shibashake-dd04gdf.jpg" height="150" width="115"/>            <media:thumbnail url="https://t00.deviantart.net/pFsnPhGQWXjq_mRZpuLFQG-kQlI=/fit-in/300x900/filters:no_upscale():origin()/pre00/0a3e/th/pre/i/2019/050/9/1/tea_and_cookies__fantasy_girl_and_dragons_art__ds_by_shibashake-dd04gdf.jpg" height="390" width="300"/>            <media:thumbnail url="https://t00.deviantart.net/GVNcbI9wfLL2o2dBhszjJHKGIms=/300x200/filters:fixed_height(100,100):origin()/pre00/0a3e/th/pre/i/2019/050/9/1/tea_and_cookies__fantasy_girl_and_dragons_art__ds_by_shibashake-dd04gdf.jpg" height="200" width="154"/>            <media:content url="https://pre00.deviantart.net/0a3e/th/pre/i/2019/050/9/1/tea_and_cookies__fantasy_girl_and_dragons_art__ds_by_shibashake-dd04gdf.jpg" height="1019" width="784" medium="image"/>            
            <description>Created using &lt;a class=&quot;external&quot; href=&quot;https://www.deviantart.com/users/outgoing?http://witchy-ears.com/dazstudio&quot;&gt;Daz Studio&lt;/a&gt; &amp;gt; Iray &amp;gt; Photoshop.&amp;nbsp;&lt;br /&gt;&lt;br /&gt;3D-assets purchased from &lt;a class=&quot;external&quot; href=&quot;https://www.deviantart.com/users/outgoing?http://witchy-ears.com/daz3d&quot;&gt;Daz3D.com.&lt;/a&gt;&lt;br /&gt;&lt;br /&gt;&lt;strong&gt;&lt;a class=&quot;external&quot; href=&quot;https://www.deviantart.com/users/outgoing?http://thinkdrawart.com/&quot;&gt;Website&lt;/a&gt; || &lt;a class=&quot;external&quot; href=&quot;https://www.deviantart.com/users/outgoing?https://www.facebook.com/shiba.shake&quot;&gt;Facebook&lt;/a&gt; || &lt;a class=&quot;external&quot; href=&quot;https://www.deviantart.com/users/outgoing?http://witchy-ears.com/tutorial&quot;&gt;Tutorials&lt;/a&gt;&lt;/strong&gt;&lt;br /&gt;&lt;div&gt;&lt;img src=&quot;https://t00.deviantart.net/GVNcbI9wfLL2o2dBhszjJHKGIms=/300x200/filters:fixed_height(100,100):origin()/pre00/0a3e/th/pre/i/2019/050/9/1/tea_and_cookies__fantasy_girl_and_dragons_art__ds_by_shibashake-dd04gdf.jpg&quot; alt=&quot;thumbnail&quot; /&gt;&lt;/div&gt;</description>            </item>
                    <item>
                <title>[GRAVESEND] - Varion Chamberlin</title>
                <link>https://aomaoe.deviantart.com/art/GRAVESEND-Varion-Chamberlin-786556237</link>
                <guid isPermaLink="true">https://aomaoe.deviantart.com/art/GRAVESEND-Varion-Chamberlin-786556237</guid>
                <pubDate>Wed, 20 Feb 2019 19:34:34 PST</pubDate>
                        <media:title type="plain">[GRAVESEND] - Varion Chamberlin</media:title>
        <media:keywords></media:keywords>
                        <media:rating>nonadult</media:rating>
                <media:category label="Open Format">digitalart/paintings/people/openformat</media:category>
        <media:credit role="author" scheme="urn:ebu">aomaoe</media:credit>
        <media:credit role="author" scheme="urn:ebu">https://a.deviantart.net/avatars/a/o/aomaoe.gif?7</media:credit>
        <media:copyright url="https://aomaoe.deviantart.com">Copyright 2019 aomaoe</media:copyright>            <media:description type="html">&lt;p align=&quot;center&quot;&gt;__________________________________&lt;/p&gt;&lt;div align=&quot;center&quot;&gt;&lt;a target=&quot;_self&quot; href=&quot;https://www.deviantart.com/gravesend-city&quot; &gt;&lt;img class=&quot;avatar group&quot; width=&quot;100&quot; height=&quot;50&quot; src=&quot;https://a.deviantart.net/avatars/g/r/gravesend-city.gif?1&quot; alt=&quot;:icongravesend-city:&quot; title=&quot;Gravesend-City&quot; /&gt;&lt;/a&gt;&lt;/div&gt;&lt;p align=&quot;center&quot;&gt;[&lt;a class=&quot;external&quot; href=&quot;https://www.deviantart.com/users/outgoing?https://www.pinterest.com/vaefati/au-touched-by-fire/&quot;&gt;Pinterest&lt;/a&gt;] [&lt;a class=&quot;external&quot; href=&quot;https://www.deviantart.com/users/outgoing?https://toyhou.se/901.varion-chamberlin&quot;&gt;Toyhouse&lt;/a&gt;] [&lt;a href=&quot;https://sta.sh/0mtlzec3a3x&quot;&gt;Full App Image&lt;/a&gt;]&lt;/p&gt;&lt;br /&gt;&lt;h3 align=&quot;center&quot;&gt;&lt;i&gt;&quot;I&amp;#8217;ve been looking for you..&quot;&lt;/i&gt;&lt;/h3&gt;&lt;p align=&quot;center&quot;&gt;__________________________________&lt;/p&gt;&lt;p align=&quot;center&quot;&gt;&lt;b&gt;N&amp;#923;M&amp;#1028; &amp;#12311;&lt;/b&gt;Varion Chamberlin&lt;/p&gt;&lt;p align=&quot;center&quot;&gt;&lt;b&gt;&amp;#923;G&amp;#1028; &amp;#12311;&lt;/b&gt;27&lt;/p&gt;&lt;p align=&quot;center&quot;&gt;&lt;b&gt;G&amp;#1028;ND&amp;#1028;R &amp;amp; S&amp;#1028;X &amp;#12311;&lt;/b&gt;Cis Male&lt;/p&gt;&lt;p align=&quot;center&quot;&gt;&lt;b&gt;ORI&amp;#1028;NT&amp;#923;TION &amp;#12311;&lt;/b&gt;Demiromantic Pansexual&lt;/p&gt;&lt;br /&gt;&lt;p align=&quot;center&quot;&gt;&lt;b&gt;W&amp;#1028;IGHT &amp;#12311;&lt;/b&gt;&amp;nbsp;217 lb | 98 kg&lt;/p&gt;&lt;p align=&quot;center&quot;&gt;&lt;b&gt;H&amp;#1028;IGHT &amp;#12311;&lt;/b&gt;&amp;nbsp;6&amp;#8217;4&amp;#8221; | 193 cm&lt;/p&gt;&lt;br /&gt;&lt;p align=&quot;center&quot;&gt;&lt;b&gt;OCCUP&amp;#923;TION &amp;#12311;&lt;/b&gt;Hunter&lt;/p&gt;&lt;br /&gt;&lt;p align=&quot;center&quot;&gt;&lt;b&gt;SP&amp;#1028;CI&amp;#1028;S &amp;#12311;&lt;/b&gt;Human&lt;/p&gt;&lt;p align=&quot;center&quot;&gt;&lt;b&gt;[ABILITIES]&amp;nbsp;&lt;/b&gt;N/A&lt;/p&gt;&lt;br /&gt;&lt;p align=&quot;center&quot;&gt;__________________________________&lt;/p&gt;&lt;br /&gt;&lt;p align=&quot;center&quot;&gt;&lt;b&gt;[LIK&amp;#1028;S]&lt;/b&gt;&lt;/p&gt;&lt;p align=&quot;center&quot;&gt;&amp;#9679; Whisky (&amp;amp; most other dark liquors)&lt;/p&gt;&lt;p align=&quot;center&quot;&gt;&amp;#9679; Personal Space (literally stay away)&lt;/p&gt;&lt;p align=&quot;center&quot;&gt;&amp;#9679; Night time (the stars)&lt;/p&gt;&lt;br /&gt;&lt;br /&gt;&lt;p align=&quot;center&quot;&gt;&lt;b&gt;[DISLIK&amp;#1028;S]&lt;/b&gt;&lt;/p&gt;&lt;p align=&quot;center&quot;&gt;&amp;#9679; Weakness (in others but mostly in himself)&lt;/p&gt;&lt;p align=&quot;center&quot;&gt;&amp;#9679; Peace and quiet (prefers chaos)&lt;/p&gt;&lt;p align=&quot;center&quot;&gt;&amp;#9679; Talking about himself (Don&amp;#8217;t ask)&lt;/p&gt;&lt;br /&gt;&lt;p align=&quot;center&quot;&gt;&lt;b&gt;[P&amp;#1028;RSON&amp;#923;LITY]&lt;/b&gt;&lt;/p&gt;&lt;p align=&quot;center&quot;&gt;Determined . Fearless . Inventive . Ruthless &amp;nbsp;.&lt;i&gt;&amp;nbsp;Aggressive . Condescending . Impatient&lt;/i&gt;&lt;/p&gt;&lt;p align=&quot;center&quot;&gt;Varion is a do-it-yourself kind of guy, rarely seeking out any help or words of advice.. For anything. He tends to look down (literally, in some cases) on most people, judging them solely from a single once-over. Strength means a lot to him so if you show weakness- he will use it against you in his judgement.&lt;/p&gt;&lt;p align=&quot;center&quot;&gt;He grew up rather pampered but it hasn&amp;#8217;t really slowed him down from throwing himself into the worst of the worst for a hunt. His enjoyment of spilling blood has been a great motivator for his career choice.&lt;/p&gt;&lt;br /&gt;&lt;p align=&quot;center&quot;&gt;__________________________________&lt;/p&gt;&lt;br /&gt;&lt;p align=&quot;center&quot;&gt;&lt;b&gt;[HISTORY]&lt;/b&gt;&lt;/p&gt;&lt;p align=&quot;center&quot;&gt;When you grow up wealthy.. You learn to turn a blind eye to&amp;nbsp;&lt;i&gt;inexplicable&lt;/i&gt;&amp;nbsp;happenings around you. They didn&amp;#8217;t happen to you so why bother? Of course it&amp;#8217;s so sad, so tragic- so heartbreaking what happened to those families. Those children. Those deaths, so unfortunate..&lt;/p&gt;&lt;p align=&quot;center&quot;&gt;Money makes you happy, money makes everyone happy. Money means you&amp;#8217;re&amp;nbsp;better&amp;nbsp;than everyone else- and you were.&lt;/p&gt;&lt;p align=&quot;center&quot;&gt;&lt;i&gt;Were.&lt;/i&gt;&lt;/p&gt;&lt;p align=&quot;center&quot;&gt;It started with the disappearance of his sister, Charlotte. Then her reappearance a week later. Life almost returned to some semblance of normalcy- but of course, a false sense of security was all it turned out to be.&lt;/p&gt;&lt;p align=&quot;center&quot;&gt;It didn&amp;#8217;t hurt to cut down his sister in cold blood, to watch as blood pooled at her collarbone from the knife plunged deep into her chest cavity.. It didn&amp;#8217;t hurt to see his parents lying lifelessly on the floor behind her, their throats ripped apart- their blood painting Charlotte&amp;#8217;s face.&lt;/p&gt;&lt;p align=&quot;center&quot;&gt;It didn&amp;#8217;t hurt to walk away.&lt;/p&gt;&lt;p align=&quot;center&quot;&gt;.. It especially didn&amp;#8217;t hurt when she returned from the great beyond, healed and&amp;nbsp;angry.&amp;nbsp;But he was smarter, he&amp;nbsp;learned&amp;nbsp;things in her absence while she healed..&amp;nbsp;What she didn&amp;#8217;t know was he was expecting her.&lt;/p&gt;&lt;p align=&quot;center&quot;&gt;Killing her a second time was much.. Much sweeter.&lt;/p&gt;&lt;p align=&quot;center&quot;&gt;--&lt;/p&gt;&lt;p align=&quot;center&quot;&gt;While hunting brings him a sense of satisfaction, there&amp;#8217;s always been.. Something wrong with his day to day. Something missing. Never staying in one place long Varion never encountered the same people more than once- well, unless they paid a pretty penny for his return.&lt;/p&gt;&lt;br /&gt;&lt;p align=&quot;center&quot;&gt;Varion finds himself in Gravesend, following a lead only a hunter&#039;s eyes would see. A lycan attack written off as an animal attack.. How pitiful.&lt;/p&gt;&lt;p align=&quot;center&quot;&gt;He&amp;#8217;ll make sure the case is&lt;i&gt;&amp;nbsp;&lt;/i&gt;&lt;i&gt;truly closed.&lt;/i&gt;&lt;/p&gt;&lt;p align=&quot;center&quot;&gt;__________________________________&lt;/p&gt;&lt;p align=&quot;center&quot;&gt;&lt;b&gt;[TRIVI&amp;#923;]&lt;/b&gt;&lt;/p&gt;&lt;p align=&quot;center&quot;&gt;&amp;#9679; He regularly carries around his cane (equipped with a dagger and a sword that pulls from the handle), his pistol and various other knives hidden on his person.&lt;/p&gt;&lt;p align=&quot;center&quot;&gt;&amp;#9679; He primarily hunts lycanthrope and vampires- but he has encountered other.. Creatures of darkness.&lt;/p&gt;&lt;p align=&quot;center&quot;&gt;&amp;#9679; While he grew up wealthy, Varion left that life behind. He lives day to day with his earnings from hunting.&lt;/p&gt;&lt;br /&gt;&lt;p align=&quot;center&quot;&gt;&lt;b&gt;DISCORD ID &amp;#12311;&lt;/b&gt;aimee !&lt;/p&gt;&lt;p align=&quot;center&quot;&gt;&lt;b&gt;[ ROLEPLAY PREFERENCES ]&lt;/b&gt;&lt;/p&gt;&lt;p align=&quot;center&quot;&gt;&lt;b&gt;Discord&amp;nbsp;&lt;/b&gt;&lt;b&gt;|&amp;nbsp;&lt;/b&gt;Google Documents&lt;/p&gt;&lt;p align=&quot;center&quot;&gt;&lt;b&gt;HC |&lt;/b&gt;&amp;nbsp;Script&amp;nbsp;&lt;b&gt;| LIT&lt;/b&gt;&lt;/p&gt;&lt;p align=&quot;center&quot;&gt;_______________________________________________________________________________________________________&lt;br /&gt;&lt;/p&gt;&lt;div align=&quot;right&quot;&gt;&lt;br /&gt;&lt;/div&gt;&lt;div align=&quot;right&quot;&gt;Varion Chamberlin &amp;#169; Aimee Ackerman&lt;/div&gt;&lt;div align=&quot;right&quot;&gt;&lt;a target=&quot;_self&quot; href=&quot;https://www.deviantart.com/gravesend-city&quot; &gt;&lt;img class=&quot;avatar group&quot; width=&quot;100&quot; height=&quot;50&quot; src=&quot;https://a.deviantart.net/avatars/g/r/gravesend-city.gif?1&quot; alt=&quot;:icongravesend-city:&quot; title=&quot;Gravesend-City&quot; /&gt;&lt;/a&gt;&lt;/div&gt;&lt;div&gt;&lt;br /&gt;&lt;/div&gt;&lt;p&gt;&lt;/p&gt;</media:description>            <media:thumbnail url="https://t00.deviantart.net/0xIwstkW30bXvTMGloHLULETPa4=/fit-in/150x150/filters:no_upscale():origin()/pre00/9c5e/th/pre/f/2019/051/0/9/_gravesend____varion_chamberlin_by_aomaoe-dd0amod.png" height="150" width="67"/>            <media:thumbnail url="https://t00.deviantart.net/JtDMpgBERCyvH3P1iL72EsV-kQI=/fit-in/300x900/filters:no_upscale():origin()/pre00/9c5e/th/pre/f/2019/051/0/9/_gravesend____varion_chamberlin_by_aomaoe-dd0amod.png" height="674" width="300"/>            <media:thumbnail url="https://t00.deviantart.net/QQ3weVS9a_zn70ey_bMu97-o9Sg=/300x200/filters:fixed_height(100,100):origin()/pre00/9c5e/th/pre/f/2019/051/0/9/_gravesend____varion_chamberlin_by_aomaoe-dd0amod.png" height="201" width="100"/>            <media:content url="https://pre00.deviantart.net/9c5e/th/pre/f/2019/051/0/9/_gravesend____varion_chamberlin_by_aomaoe-dd0amod.png" height="1341" width="596" medium="image"/>            
            <description>&lt;p align=&quot;center&quot;&gt;__________________________________&lt;/p&gt;&lt;div align=&quot;center&quot;&gt;&lt;a target=&quot;_self&quot; href=&quot;https://www.deviantart.com/gravesend-city&quot; &gt;&lt;img class=&quot;avatar group&quot; width=&quot;100&quot; height=&quot;50&quot; src=&quot;https://a.deviantart.net/avatars/g/r/gravesend-city.gif?1&quot; alt=&quot;:icongravesend-city:&quot; title=&quot;Gravesend-City&quot; /&gt;&lt;/a&gt;&lt;/div&gt;&lt;p align=&quot;center&quot;&gt;[&lt;a class=&quot;external&quot; href=&quot;https://www.deviantart.com/users/outgoing?https://www.pinterest.com/vaefati/au-touched-by-fire/&quot;&gt;Pinterest&lt;/a&gt;] [&lt;a class=&quot;external&quot; href=&quot;https://www.deviantart.com/users/outgoing?https://toyhou.se/901.varion-chamberlin&quot;&gt;Toyhouse&lt;/a&gt;] [&lt;a href=&quot;https://sta.sh/0mtlzec3a3x&quot;&gt;Full App Image&lt;/a&gt;]&lt;/p&gt;&lt;br /&gt;&lt;h3 align=&quot;center&quot;&gt;&lt;i&gt;&quot;I&amp;#8217;ve been looking for you..&quot;&lt;/i&gt;&lt;/h3&gt;&lt;p align=&quot;center&quot;&gt;__________________________________&lt;/p&gt;&lt;p align=&quot;center&quot;&gt;&lt;b&gt;N&amp;#923;M&amp;#1028; &amp;#12311;&lt;/b&gt;Varion Chamberlin&lt;/p&gt;&lt;p align=&quot;center&quot;&gt;&lt;b&gt;&amp;#923;G&amp;#1028; &amp;#12311;&lt;/b&gt;27&lt;/p&gt;&lt;p align=&quot;center&quot;&gt;&lt;b&gt;G&amp;#1028;ND&amp;#1028;R &amp;amp; S&amp;#1028;X &amp;#12311;&lt;/b&gt;Cis Male&lt;/p&gt;&lt;p align=&quot;center&quot;&gt;&lt;b&gt;ORI&amp;#1028;NT&amp;#923;TION &amp;#12311;&lt;/b&gt;Demiromantic Pansexual&lt;/p&gt;&lt;br /&gt;&lt;p align=&quot;center&quot;&gt;&lt;b&gt;W&amp;#1028;IGHT &amp;#12311;&lt;/b&gt;&amp;nbsp;217 lb | 98 kg&lt;/p&gt;&lt;p align=&quot;center&quot;&gt;&lt;b&gt;H&amp;#1028;IGHT &amp;#12311;&lt;/b&gt;&amp;nbsp;6&amp;#8217;4&amp;#8221; | 193 cm&lt;/p&gt;&lt;br /&gt;&lt;p align=&quot;center&quot;&gt;&lt;b&gt;OCCUP&amp;#923;TION &amp;#12311;&lt;/b&gt;Hunter&lt;/p&gt;&lt;br /&gt;&lt;p align=&quot;center&quot;&gt;&lt;b&gt;SP&amp;#1028;CI&amp;#1028;S &amp;#12311;&lt;/b&gt;Human&lt;/p&gt;&lt;p align=&quot;center&quot;&gt;&lt;b&gt;[ABILITIES]&amp;nbsp;&lt;/b&gt;N/A&lt;/p&gt;&lt;br /&gt;&lt;p align=&quot;center&quot;&gt;__________________________________&lt;/p&gt;&lt;br /&gt;&lt;p align=&quot;center&quot;&gt;&lt;b&gt;[LIK&amp;#1028;S]&lt;/b&gt;&lt;/p&gt;&lt;p align=&quot;center&quot;&gt;&amp;#9679; Whisky (&amp;amp; most other dark liquors)&lt;/p&gt;&lt;p align=&quot;center&quot;&gt;&amp;#9679; Personal Space (literally stay away)&lt;/p&gt;&lt;p align=&quot;center&quot;&gt;&amp;#9679; Night time (the stars)&lt;/p&gt;&lt;br /&gt;&lt;br /&gt;&lt;p align=&quot;center&quot;&gt;&lt;b&gt;[DISLIK&amp;#1028;S]&lt;/b&gt;&lt;/p&gt;&lt;p align=&quot;center&quot;&gt;&amp;#9679; Weakness (in others but mostly in himself)&lt;/p&gt;&lt;p align=&quot;center&quot;&gt;&amp;#9679; Peace and quiet (prefers chaos)&lt;/p&gt;&lt;p align=&quot;center&quot;&gt;&amp;#9679; Talking about himself (Don&amp;#8217;t ask)&lt;/p&gt;&lt;br /&gt;&lt;p align=&quot;center&quot;&gt;&lt;b&gt;[P&amp;#1028;RSON&amp;#923;LITY]&lt;/b&gt;&lt;/p&gt;&lt;p align=&quot;center&quot;&gt;Determined . Fearless . Inventive . Ruthless &amp;nbsp;.&lt;i&gt;&amp;nbsp;Aggressive . Condescending . Impatient&lt;/i&gt;&lt;/p&gt;&lt;p align=&quot;center&quot;&gt;Varion is a do-it-yourself kind of guy, rarely seeking out any help or words of advice.. For anything. He tends to look down (literally, in some cases) on most people, judging them solely from a single once-over. Strength means a lot to him so if you show weakness- he will use it against you in his judgement.&lt;/p&gt;&lt;p align=&quot;center&quot;&gt;He grew up rather pampered but it hasn&amp;#8217;t really slowed him down from throwing himself into the worst of the worst for a hunt. His enjoyment of spilling blood has been a great motivator for his career choice.&lt;/p&gt;&lt;br /&gt;&lt;p align=&quot;center&quot;&gt;__________________________________&lt;/p&gt;&lt;br /&gt;&lt;p align=&quot;center&quot;&gt;&lt;b&gt;[HISTORY]&lt;/b&gt;&lt;/p&gt;&lt;p align=&quot;center&quot;&gt;When you grow up wealthy.. You learn to turn a blind eye to&amp;nbsp;&lt;i&gt;inexplicable&lt;/i&gt;&amp;nbsp;happenings around you. They didn&amp;#8217;t happen to you so why bother? Of course it&amp;#8217;s so sad, so tragic- so heartbreaking what happened to those families. Those children. Those deaths, so unfortunate..&lt;/p&gt;&lt;p align=&quot;center&quot;&gt;Money makes you happy, money makes everyone happy. Money means you&amp;#8217;re&amp;nbsp;better&amp;nbsp;than everyone else- and you were.&lt;/p&gt;&lt;p align=&quot;center&quot;&gt;&lt;i&gt;Were.&lt;/i&gt;&lt;/p&gt;&lt;p align=&quot;center&quot;&gt;It started with the disappearance of his sister, Charlotte. Then her reappearance a week later. Life almost returned to some semblance of normalcy- but of course, a false sense of security was all it turned out to be.&lt;/p&gt;&lt;p align=&quot;center&quot;&gt;It didn&amp;#8217;t hurt to cut down his sister in cold blood, to watch as blood pooled at her collarbone from the knife plunged deep into her chest cavity.. It didn&amp;#8217;t hurt to see his parents lying lifelessly on the floor behind her, their throats ripped apart- their blood painting Charlotte&amp;#8217;s face.&lt;/p&gt;&lt;p align=&quot;center&quot;&gt;It didn&amp;#8217;t hurt to walk away.&lt;/p&gt;&lt;p align=&quot;center&quot;&gt;.. It especially didn&amp;#8217;t hurt when she returned from the great beyond, healed and&amp;nbsp;angry.&amp;nbsp;But he was smarter, he&amp;nbsp;learned&amp;nbsp;things in her absence while she healed..&amp;nbsp;What she didn&amp;#8217;t know was he was expecting her.&lt;/p&gt;&lt;p align=&quot;center&quot;&gt;Killing her a second time was much.. Much sweeter.&lt;/p&gt;&lt;p align=&quot;center&quot;&gt;--&lt;/p&gt;&lt;p align=&quot;center&quot;&gt;While hunting brings him a sense of satisfaction, there&amp;#8217;s always been.. Something wrong with his day to day. Something missing. Never staying in one place long Varion never encountered the same people more than once- well, unless they paid a pretty penny for his return.&lt;/p&gt;&lt;br /&gt;&lt;p align=&quot;center&quot;&gt;Varion finds himself in Gravesend, following a lead only a hunter&#039;s eyes would see. A lycan attack written off as an animal attack.. How pitiful.&lt;/p&gt;&lt;p align=&quot;center&quot;&gt;He&amp;#8217;ll make sure the case is&lt;i&gt;&amp;nbsp;&lt;/i&gt;&lt;i&gt;truly closed.&lt;/i&gt;&lt;/p&gt;&lt;p align=&quot;center&quot;&gt;__________________________________&lt;/p&gt;&lt;p align=&quot;center&quot;&gt;&lt;b&gt;[TRIVI&amp;#923;]&lt;/b&gt;&lt;/p&gt;&lt;p align=&quot;center&quot;&gt;&amp;#9679; He regularly carries around his cane (equipped with a dagger and a sword that pulls from the handle), his pistol and various other knives hidden on his person.&lt;/p&gt;&lt;p align=&quot;center&quot;&gt;&amp;#9679; He primarily hunts lycanthrope and vampires- but he has encountered other.. Creatures of darkness.&lt;/p&gt;&lt;p align=&quot;center&quot;&gt;&amp;#9679; While he grew up wealthy, Varion left that life behind. He lives day to day with his earnings from hunting.&lt;/p&gt;&lt;br /&gt;&lt;p align=&quot;center&quot;&gt;&lt;b&gt;DISCORD ID &amp;#12311;&lt;/b&gt;aimee !&lt;/p&gt;&lt;p align=&quot;center&quot;&gt;&lt;b&gt;[ ROLEPLAY PREFERENCES ]&lt;/b&gt;&lt;/p&gt;&lt;p align=&quot;center&quot;&gt;&lt;b&gt;Discord&amp;nbsp;&lt;/b&gt;&lt;b&gt;|&amp;nbsp;&lt;/b&gt;Google Documents&lt;/p&gt;&lt;p align=&quot;center&quot;&gt;&lt;b&gt;HC |&lt;/b&gt;&amp;nbsp;Script&amp;nbsp;&lt;b&gt;| LIT&lt;/b&gt;&lt;/p&gt;&lt;p align=&quot;center&quot;&gt;_______________________________________________________________________________________________________&lt;br /&gt;&lt;/p&gt;&lt;div align=&quot;right&quot;&gt;&lt;br /&gt;&lt;/div&gt;&lt;div align=&quot;right&quot;&gt;Varion Chamberlin &amp;#169; Aimee Ackerman&lt;/div&gt;&lt;div align=&quot;right&quot;&gt;&lt;a target=&quot;_self&quot; href=&quot;https://www.deviantart.com/gravesend-city&quot; &gt;&lt;img class=&quot;avatar group&quot; width=&quot;100&quot; height=&quot;50&quot; src=&quot;https://a.deviantart.net/avatars/g/r/gravesend-city.gif?1&quot; alt=&quot;:icongravesend-city:&quot; title=&quot;Gravesend-City&quot; /&gt;&lt;/a&gt;&lt;/div&gt;&lt;div&gt;&lt;br /&gt;&lt;/div&gt;&lt;p&gt;&lt;/p&gt;&lt;br /&gt;&lt;div&gt;&lt;img src=&quot;https://t00.deviantart.net/QQ3weVS9a_zn70ey_bMu97-o9Sg=/300x200/filters:fixed_height(100,100):origin()/pre00/9c5e/th/pre/f/2019/051/0/9/_gravesend____varion_chamberlin_by_aomaoe-dd0amod.png&quot; alt=&quot;thumbnail&quot; /&gt;&lt;/div&gt;</description>            </item>
                    <item>
                <title>sunstone calendar v2 wip</title>
                <link>https://shiniez.deviantart.com/art/sunstone-calendar-v2-wip-786579525</link>
                <guid isPermaLink="true">https://shiniez.deviantart.com/art/sunstone-calendar-v2-wip-786579525</guid>
                <pubDate>Wed, 20 Feb 2019 23:47:52 PST</pubDate>
                        <media:title type="plain">sunstone calendar v2 wip</media:title>
        <media:keywords></media:keywords>
                        <media:rating>adult</media:rating>
                <media:category label="Other">cartoons/digital/comics/other</media:category>
        <media:credit role="author" scheme="urn:ebu">shiniez</media:credit>
        <media:credit role="author" scheme="urn:ebu">https://a.deviantart.net/avatars/s/h/shiniez.jpg?7</media:credit>
        <media:copyright url="https://shiniez.deviantart.com">Copyright 2019 shiniez</media:copyright>            <media:description type="html"></media:description>            <media:thumbnail url="https://t00.deviantart.net/cRPb57p8gXXCQfpxPqxDbmhzZM0=/fit-in/150x150/filters:no_upscale():origin()/pre00/8ded/th/pre/f/2019/051/7/2/sunstone_calendar_v2_wip_by_shiniez-dd0b4n9.jpg" height="150" width="99"/>            <media:thumbnail url="https://t00.deviantart.net/X-viVobbfEuAihPP51nWNmMOReM=/fit-in/300x900/filters:no_upscale():origin()/pre00/8ded/th/pre/f/2019/051/7/2/sunstone_calendar_v2_wip_by_shiniez-dd0b4n9.jpg" height="455" width="300"/>            <media:thumbnail url="https://t00.deviantart.net/Icss950aDpIrrQrMCapobidYELw=/300x200/filters:fixed_height(100,100):origin()/pre00/8ded/th/pre/f/2019/051/7/2/sunstone_calendar_v2_wip_by_shiniez-dd0b4n9.jpg" height="200" width="132"/>            <media:content url="https://pre00.deviantart.net/8ded/th/pre/f/2019/051/7/2/sunstone_calendar_v2_wip_by_shiniez-dd0b4n9.jpg" height="1101" width="725" medium="image"/>            
            <description>&lt;br /&gt;&lt;div&gt;&lt;img src=&quot;https://t00.deviantart.net/Icss950aDpIrrQrMCapobidYELw=/300x200/filters:fixed_height(100,100):origin()/pre00/8ded/th/pre/f/2019/051/7/2/sunstone_calendar_v2_wip_by_shiniez-dd0b4n9.jpg&quot; alt=&quot;thumbnail&quot; /&gt;&lt;/div&gt;</description>            </item>
                    <item>
                <title>Kitbull</title>
                <link>https://morteraphan.deviantart.com/art/Kitbull-786615013</link>
                <guid isPermaLink="true">https://morteraphan.deviantart.com/art/Kitbull-786615013</guid>
                <pubDate>Thu, 21 Feb 2019 08:09:26 PST</pubDate>
                        <media:title type="plain">Kitbull</media:title>
        <media:keywords></media:keywords>
                        <media:rating>nonadult</media:rating>
                <media:category label="Movies &amp; TV">fanart/cartoons/digital/movies</media:category>
        <media:credit role="author" scheme="urn:ebu">morteraphan</media:credit>
        <media:credit role="author" scheme="urn:ebu">https://a.deviantart.net/avatars/m/o/morteraphan.jpg?7</media:credit>
        <media:copyright url="https://morteraphan.deviantart.com">Copyright 2019 morteraphan</media:copyright>            <media:description type="html">&lt;div&gt;A little sketch because it&#039;s impossible to be indifferent! Thank you Pixar for making me cry and rejoice. Thank you Bro for showing me this video. &amp;lt;3&lt;/div&gt;&lt;div&gt;&lt;br /&gt;&lt;/div&gt;&lt;div&gt;&lt;a class=&quot;external&quot; href=&quot;https://www.deviantart.com/users/outgoing?https://youtu.be/AZS5cgybKcI&quot;&gt;youtu.be/AZS5cgybKcI&lt;/a&gt; &lt;/div&gt;</media:description>            <media:thumbnail url="https://t00.deviantart.net/SdDdSmvW_q_hmi_jVQ3mD1Nu91o=/fit-in/150x150/filters:no_upscale():origin()/pre00/e654/th/pre/f/2019/052/8/2/kitbull_by_morteraphan-dd0bw11.jpg" height="108" width="150"/>            <media:thumbnail url="https://t00.deviantart.net/PpLGa33kq8Q7tcpREiGdiR94JS8=/fit-in/300x900/filters:no_upscale():origin()/pre00/e654/th/pre/f/2019/052/8/2/kitbull_by_morteraphan-dd0bw11.jpg" height="216" width="300"/>            <media:thumbnail url="https://t00.deviantart.net/qn2JaLmDu6FlGampBvNi9zkmY0U=/300x200/filters:fixed_height(100,100):origin()/pre00/e654/th/pre/f/2019/052/8/2/kitbull_by_morteraphan-dd0bw11.jpg" height="200" width="277"/>            <media:content url="https://orig00.deviantart.net/2ce3/f/2019/052/8/2/kitbull_by_morteraphan-dd0bw11.jpg" height="577" width="800" medium="image"/>            
            <description>&lt;div&gt;A little sketch because it&#039;s impossible to be indifferent! Thank you Pixar for making me cry and rejoice. Thank you Bro for showing me this video. &amp;lt;3&lt;/div&gt;&lt;div&gt;&lt;br /&gt;&lt;/div&gt;&lt;div&gt;&lt;a class=&quot;external&quot; href=&quot;https://www.deviantart.com/users/outgoing?https://youtu.be/AZS5cgybKcI&quot;&gt;youtu.be/AZS5cgybKcI&lt;/a&gt; &lt;/div&gt;&lt;br /&gt;&lt;div&gt;&lt;img src=&quot;https://t00.deviantart.net/qn2JaLmDu6FlGampBvNi9zkmY0U=/300x200/filters:fixed_height(100,100):origin()/pre00/e654/th/pre/f/2019/052/8/2/kitbull_by_morteraphan-dd0bw11.jpg&quot; alt=&quot;thumbnail&quot; /&gt;&lt;/div&gt;</description>            </item>
                    <item>
                <title>Witch</title>
                <link>https://ariverkao.deviantart.com/art/Witch-786603152</link>
                <guid isPermaLink="true">https://ariverkao.deviantart.com/art/Witch-786603152</guid>
                <pubDate>Thu, 21 Feb 2019 06:05:10 PST</pubDate>
                        <media:title type="plain">Witch</media:title>
        <media:keywords></media:keywords>
                        <media:rating>nonadult</media:rating>
                <media:category label="Fantasy">digitalart/paintings/fantasy</media:category>
        <media:credit role="author" scheme="urn:ebu">ariverkao</media:credit>
        <media:credit role="author" scheme="urn:ebu">https://a.deviantart.net/avatars/a/r/ariverkao.jpg?5</media:credit>
        <media:copyright url="https://ariverkao.deviantart.com">Copyright 2019 ariverkao</media:copyright>             <creativeCommons:license>http://creativecommons.org/licenses/by-nc-nd/3.0/</creativeCommons:license>
                <media:description type="html">&lt;h3&gt;&lt;b&gt;&lt;a class=&quot;external&quot; href=&quot;https://www.deviantart.com/users/outgoing?https://www.patreon.com/ariverkao&quot;&gt;Please Support My Art on my Patreon&lt;/a&gt;&lt;br /&gt;&lt;/b&gt;&lt;/h3&gt;&lt;h3&gt;&lt;b&gt;&lt;a class=&quot;external&quot; href=&quot;https://www.deviantart.com/users/outgoing?https://www.facebook.com/ariverartwork&quot;&gt;FB&lt;/a&gt;&lt;br /&gt;&lt;/b&gt;&lt;/h3&gt;&lt;h3&gt;&lt;b&gt;&lt;a class=&quot;external&quot; href=&quot;https://www.deviantart.com/users/outgoing?https://www.pixiv.net/member_illust.php?mode=medium&amp;amp;illust_id=73307451&quot;&gt;Pixiv&lt;/a&gt;&lt;br /&gt;&lt;/b&gt;&lt;/h3&gt;&lt;h3&gt;&lt;b&gt;&lt;a href=&quot;https://ariverkao.deviantart.com/journal/Commissions-404703033&quot;&gt;Commissions&lt;/a&gt;&lt;/b&gt;&lt;/h3&gt;</media:description>            <media:thumbnail url="https://t00.deviantart.net/u7pi2ylO6rdImB8CNCivgeBG5cU=/fit-in/150x150/filters:no_upscale():origin()/pre00/bb47/th/pre/f/2019/052/1/6/witch_by_ariverkao-dd0bmvk.jpg" height="150" width="106"/>            <media:thumbnail url="https://t00.deviantart.net/GkUPsqyzZITsU7LJJMY0XBhMguQ=/fit-in/300x900/filters:no_upscale():origin()/pre00/bb47/th/pre/f/2019/052/1/6/witch_by_ariverkao-dd0bmvk.jpg" height="425" width="300"/>            <media:thumbnail url="https://t00.deviantart.net/VfZD6pk_v3hdAtLmkP1Mgp6kD0A=/300x200/filters:fixed_height(100,100):origin()/pre00/bb47/th/pre/f/2019/052/1/6/witch_by_ariverkao-dd0bmvk.jpg" height="200" width="141"/>            <media:content url="https://orig00.deviantart.net/45d8/f/2019/052/1/6/witch_by_ariverkao-dd0bmvk.jpg" height="1000" width="706" medium="image"/>            
            <description>&lt;h3&gt;&lt;b&gt;&lt;a class=&quot;external&quot; href=&quot;https://www.deviantart.com/users/outgoing?https://www.patreon.com/ariverkao&quot;&gt;Please Support My Art on my Patreon&lt;/a&gt;&lt;br /&gt;&lt;/b&gt;&lt;/h3&gt;&lt;h3&gt;&lt;b&gt;&lt;a class=&quot;external&quot; href=&quot;https://www.deviantart.com/users/outgoing?https://www.facebook.com/ariverartwork&quot;&gt;FB&lt;/a&gt;&lt;br /&gt;&lt;/b&gt;&lt;/h3&gt;&lt;h3&gt;&lt;b&gt;&lt;a class=&quot;external&quot; href=&quot;https://www.deviantart.com/users/outgoing?https://www.pixiv.net/member_illust.php?mode=medium&amp;amp;illust_id=73307451&quot;&gt;Pixiv&lt;/a&gt;&lt;br /&gt;&lt;/b&gt;&lt;/h3&gt;&lt;h3&gt;&lt;b&gt;&lt;a href=&quot;https://ariverkao.deviantart.com/journal/Commissions-404703033&quot;&gt;Commissions&lt;/a&gt;&lt;/b&gt;&lt;/h3&gt;&lt;br /&gt;&lt;div&gt;&lt;img src=&quot;https://t00.deviantart.net/VfZD6pk_v3hdAtLmkP1Mgp6kD0A=/300x200/filters:fixed_height(100,100):origin()/pre00/bb47/th/pre/f/2019/052/1/6/witch_by_ariverkao-dd0bmvk.jpg&quot; alt=&quot;thumbnail&quot; /&gt;&lt;/div&gt;</description>            </item>
                    <item>
                <title>Freya</title>
                <link>https://riendonut.deviantart.com/art/Freya-786572485</link>
                <guid isPermaLink="true">https://riendonut.deviantart.com/art/Freya-786572485</guid>
                <pubDate>Wed, 20 Feb 2019 22:09:33 PST</pubDate>
                        <media:title type="plain">Freya</media:title>
        <media:keywords></media:keywords>
                        <media:rating>adult</media:rating>
                <media:category label="Games">fanart/digital/drawings/games</media:category>
        <media:credit role="author" scheme="urn:ebu">Riendonut</media:credit>
        <media:credit role="author" scheme="urn:ebu">https://a.deviantart.net/avatars/r/i/riendonut.jpg?7</media:credit>
        <media:copyright url="https://riendonut.deviantart.com">Copyright 2019 Riendonut</media:copyright>
            <media:community>
                <media:tags>@Riendonut</media:tags>
            </media:community>            <media:description type="html">Freya &quot;Ratchel&quot; Crescent</media:description>            <media:thumbnail url="https://t00.deviantart.net/janY_znFLaco8IxFDj7iNU_2aGU=/fit-in/150x150/filters:no_upscale():origin()/pre00/785d/th/pre/i/2019/051/4/6/freya_by_riendonut-dd0az7p.jpg" height="150" width="150"/>            <media:thumbnail url="https://t00.deviantart.net/MOlsytURcgIjThhCowtSdhArDt8=/fit-in/300x900/filters:no_upscale():origin()/pre00/785d/th/pre/i/2019/051/4/6/freya_by_riendonut-dd0az7p.jpg" height="300" width="300"/>            <media:thumbnail url="https://t00.deviantart.net/6WSRmkfmUvraj67VAMOhIOUelhI=/300x200/filters:fixed_height(100,100):origin()/pre00/785d/th/pre/i/2019/051/4/6/freya_by_riendonut-dd0az7p.jpg" height="200" width="200"/>            <media:content url="https://pre00.deviantart.net/785d/th/pre/i/2019/051/4/6/freya_by_riendonut-dd0az7p.jpg" height="894" width="894" medium="image"/>            
            <description>Freya &quot;Ratchel&quot; Crescent&lt;br /&gt;&lt;div&gt;&lt;img src=&quot;https://t00.deviantart.net/6WSRmkfmUvraj67VAMOhIOUelhI=/300x200/filters:fixed_height(100,100):origin()/pre00/785d/th/pre/i/2019/051/4/6/freya_by_riendonut-dd0az7p.jpg&quot; alt=&quot;thumbnail&quot; /&gt;&lt;/div&gt;</description>            </item>
                    <item>
                <title>alleyway tricks</title>
                <link>https://luxjii.deviantart.com/art/alleyway-tricks-786575411</link>
                <guid isPermaLink="true">https://luxjii.deviantart.com/art/alleyway-tricks-786575411</guid>
                <pubDate>Wed, 20 Feb 2019 22:47:29 PST</pubDate>
                        <media:title type="plain">alleyway tricks</media:title>
        <media:keywords></media:keywords>
                        <media:rating>nonadult</media:rating>
                <media:category label="Drawings">cartoons/digital/cartoons/drawings</media:category>
        <media:credit role="author" scheme="urn:ebu">Luxjii</media:credit>
        <media:credit role="author" scheme="urn:ebu">https://a.deviantart.net/avatars/l/u/luxjii.png</media:credit>
        <media:copyright url="https://luxjii.deviantart.com">Copyright 2019 Luxjii</media:copyright>            <media:description type="html">a piece i procrastinated religiously, but im cool with the outcome&lt;br /&gt;just me and some online friends</media:description>            <media:thumbnail url="https://t00.deviantart.net/BkrsVihtwl7U6Em7QXp6iKMB19E=/fit-in/150x150/filters:no_upscale():origin()/pre00/fad4/th/pre/i/2019/051/f/d/alleyway_tricks_by_luxjii-dd0b1gz.png" height="113" width="150"/>            <media:thumbnail url="https://t00.deviantart.net/5hoQtnT05Jn4O0XDR1REshCeBEA=/fit-in/300x900/filters:no_upscale():origin()/pre00/fad4/th/pre/i/2019/051/f/d/alleyway_tricks_by_luxjii-dd0b1gz.png" height="226" width="300"/>            <media:thumbnail url="https://t00.deviantart.net/s4tq8eNy8ZFqz7956cx5EXUfzi0=/300x200/filters:fixed_height(100,100):origin()/pre00/fad4/th/pre/i/2019/051/f/d/alleyway_tricks_by_luxjii-dd0b1gz.png" height="200" width="265"/>            <media:content url="https://img00.deviantart.net/ac36/i/2019/051/f/d/alleyway_tricks_by_luxjii-dd0b1gz.png" height="772" width="1024" medium="image"/>            
            <description>a piece i procrastinated religiously, but im cool with the outcome&lt;br /&gt;just me and some online friends&lt;br /&gt;&lt;div&gt;&lt;img src=&quot;https://t00.deviantart.net/s4tq8eNy8ZFqz7956cx5EXUfzi0=/300x200/filters:fixed_height(100,100):origin()/pre00/fad4/th/pre/i/2019/051/f/d/alleyway_tricks_by_luxjii-dd0b1gz.png&quot; alt=&quot;thumbnail&quot; /&gt;&lt;/div&gt;</description>            </item>
                    <item>
                <title>[ARPG] First Hunt</title>
                <link>https://arukanoda.deviantart.com/art/ARPG-First-Hunt-786636102</link>
                <guid isPermaLink="true">https://arukanoda.deviantart.com/art/ARPG-First-Hunt-786636102</guid>
                <pubDate>Thu, 21 Feb 2019 11:35:33 PST</pubDate>
                        <media:title type="plain">[ARPG] First Hunt</media:title>
        <media:keywords></media:keywords>
                        <media:rating>nonadult</media:rating>
                <media:category label="Fantasy">digitalart/paintings/fantasy</media:category>
        <media:credit role="author" scheme="urn:ebu">Arukanoda</media:credit>
        <media:credit role="author" scheme="urn:ebu">https://a.deviantart.net/avatars/a/r/arukanoda.gif?3</media:credit>
        <media:copyright url="https://arukanoda.deviantart.com">Copyright 2019 Arukanoda</media:copyright>            <media:description type="html">&lt;b&gt;Reposted from my ARPG account. I will be uploading choice pieces from that account as some of them I continue to argue are my best, or of a suitable quality to be included in my main gallery.&lt;/b&gt;&lt;br /&gt;Some of these pieces have long since aged, but to some followers of mine, these were beloved and inspiring artworks to them.&lt;br /&gt;&lt;br /&gt;&lt;i&gt;The character,&lt;b&gt; Aeon&lt;/b&gt;, belongs to me, but is currently being reworked into my own species, the Arvani.&lt;br /&gt;The prong like applications on her face and canine like muzzle do not represent the Tyrian species accurately and are character specific.&amp;nbsp;&lt;br /&gt;Tyrians belong to &lt;span class=&quot;username-with-symbol u&quot;&gt;&lt;a class=&quot;u premium username&quot; href=&quot;https://www.deviantart.com/kelyias&quot;&gt;Kelyias&lt;/a&gt;&lt;span class=&quot;user-symbol premium&quot; data-quicktip-text=&quot;Core Member&quot; data-show-tooltip=&quot;1&quot; data-gruser-type=&quot;premium&quot;&gt;&lt;/span&gt;&lt;/span&gt; &amp;amp; &lt;span class=&quot;username-with-symbol u&quot;&gt;&lt;a class=&quot;u premium username&quot; href=&quot;https://www.deviantart.com/eternityspool&quot;&gt;Eternityspool&lt;/a&gt;&lt;span class=&quot;user-symbol premium&quot; data-quicktip-text=&quot;Core Member&quot; data-show-tooltip=&quot;1&quot; data-gruser-type=&quot;premium&quot;&gt;&lt;/span&gt;&lt;/span&gt; .&amp;nbsp;&lt;br /&gt;I do not claim Tyrians, nor do I claim any part of the ARPG World-Of-Reos.&amp;nbsp;&lt;/i&gt;&lt;br /&gt;&lt;br /&gt;&lt;span&gt;____________________________________________________________________&lt;/span&gt;&lt;br /&gt;&lt;br /&gt;&lt;a class=&quot;external&quot; href=&quot;https://www.deviantart.com/users/outgoing?https://apexillustration.weebly.com/&quot;&gt;COMMISSION INFORMATION&lt;/a&gt;&lt;span&gt;&amp;nbsp;&amp;nbsp;//&amp;nbsp;&lt;/span&gt;&lt;a class=&quot;external&quot; href=&quot;https://www.deviantart.com/users/outgoing?http://www.furaffinity.net/user/arukanoda/&quot;&gt;FURAFFINITY&lt;/a&gt;&lt;span&gt;&amp;nbsp;//&amp;nbsp;&lt;/span&gt;&lt;a class=&quot;external&quot; href=&quot;https://www.deviantart.com/users/outgoing?https://picarto.tv/Apexplegian/5e5bb14f68d9655517b9f6997d2f5f57&quot;&gt;PICARTO&lt;/a&gt;&lt;span&gt;&amp;nbsp;//&amp;nbsp;&lt;/span&gt;&lt;a class=&quot;external&quot; href=&quot;https://www.deviantart.com/users/outgoing?https://twitter.com/arukanoda&quot;&gt;TWITTER&lt;/a&gt;&lt;br /&gt;&lt;br /&gt;&lt;a class=&quot;external&quot; href=&quot;https://www.deviantart.com/users/outgoing?https://docs.google.com/spreadsheets/d/1k-xAbAVtvJqkdC6txkwdhPFpeFd-dFajCjEdS3iOplQ/edit#gid=0&quot;&gt;DESIGN TOS AND MASTERIST&lt;/a&gt;&lt;span&gt;&amp;nbsp; //&amp;nbsp;Complete Masterlist logging and TOS of all designs in my Gallery&lt;/span&gt;&lt;br /&gt;&lt;a href=&quot;https://arukanoda.deviantart.com/journal/DRAGON-DESIGN-HUB-722431464&quot;&gt;DRAGON DESIGN HUB&lt;/a&gt;&lt;span&gt;&amp;nbsp;// For Trading /Reselling Assistance and Promotion&lt;/span&gt;</media:description>            <media:thumbnail url="https://t00.deviantart.net/KZSwJJ9UjCR0sGIDGqaI5N-4lS0=/fit-in/150x150/filters:no_upscale():origin()/pre00/620d/th/pre/f/2019/052/2/c/_training__031_tier_3_by_arukanoda-dd0ccau.png" height="87" width="150"/>            <media:thumbnail url="https://t00.deviantart.net/02snlIWci2nM9SFTCBjp3WCnc-A=/fit-in/300x900/filters:no_upscale():origin()/pre00/620d/th/pre/f/2019/052/2/c/_training__031_tier_3_by_arukanoda-dd0ccau.png" height="173" width="300"/>            <media:thumbnail url="https://t00.deviantart.net/s-j-6Rdd-QVta5n5Lnb4nq-pZjI=/300x200/filters:fixed_height(100,100):origin()/pre00/620d/th/pre/f/2019/052/2/c/_training__031_tier_3_by_arukanoda-dd0ccau.png" height="173" width="300"/>            <media:content url="https://pre00.deviantart.net/620d/th/pre/f/2019/052/2/c/_training__031_tier_3_by_arukanoda-dd0ccau.png" height="679" width="1177" medium="image"/>            
            <description>&lt;b&gt;Reposted from my ARPG account. I will be uploading choice pieces from that account as some of them I continue to argue are my best, or of a suitable quality to be included in my main gallery.&lt;/b&gt;&lt;br /&gt;Some of these pieces have long since aged, but to some followers of mine, these were beloved and inspiring artworks to them.&lt;br /&gt;&lt;br /&gt;&lt;i&gt;The character,&lt;b&gt; Aeon&lt;/b&gt;, belongs to me, but is currently being reworked into my own species, the Arvani.&lt;br /&gt;The prong like applications on her face and canine like muzzle do not represent the Tyrian species accurately and are character specific.&amp;nbsp;&lt;br /&gt;Tyrians belong to &lt;span class=&quot;username-with-symbol u&quot;&gt;&lt;a class=&quot;u premium username&quot; href=&quot;https://www.deviantart.com/kelyias&quot;&gt;Kelyias&lt;/a&gt;&lt;span class=&quot;user-symbol premium&quot; data-quicktip-text=&quot;Core Member&quot; data-show-tooltip=&quot;1&quot; data-gruser-type=&quot;premium&quot;&gt;&lt;/span&gt;&lt;/span&gt; &amp;amp; &lt;span class=&quot;username-with-symbol u&quot;&gt;&lt;a class=&quot;u premium username&quot; href=&quot;https://www.deviantart.com/eternityspool&quot;&gt;Eternityspool&lt;/a&gt;&lt;span class=&quot;user-symbol premium&quot; data-quicktip-text=&quot;Core Member&quot; data-show-tooltip=&quot;1&quot; data-gruser-type=&quot;premium&quot;&gt;&lt;/span&gt;&lt;/span&gt; .&amp;nbsp;&lt;br /&gt;I do not claim Tyrians, nor do I claim any part of the ARPG World-Of-Reos.&amp;nbsp;&lt;/i&gt;&lt;br /&gt;&lt;br /&gt;&lt;span&gt;____________________________________________________________________&lt;/span&gt;&lt;br /&gt;&lt;br /&gt;&lt;a class=&quot;external&quot; href=&quot;https://www.deviantart.com/users/outgoing?https://apexillustration.weebly.com/&quot;&gt;COMMISSION INFORMATION&lt;/a&gt;&lt;span&gt;&amp;nbsp;&amp;nbsp;//&amp;nbsp;&lt;/span&gt;&lt;a class=&quot;external&quot; href=&quot;https://www.deviantart.com/users/outgoing?http://www.furaffinity.net/user/arukanoda/&quot;&gt;FURAFFINITY&lt;/a&gt;&lt;span&gt;&amp;nbsp;//&amp;nbsp;&lt;/span&gt;&lt;a class=&quot;external&quot; href=&quot;https://www.deviantart.com/users/outgoing?https://picarto.tv/Apexplegian/5e5bb14f68d9655517b9f6997d2f5f57&quot;&gt;PICARTO&lt;/a&gt;&lt;span&gt;&amp;nbsp;//&amp;nbsp;&lt;/span&gt;&lt;a class=&quot;external&quot; href=&quot;https://www.deviantart.com/users/outgoing?https://twitter.com/arukanoda&quot;&gt;TWITTER&lt;/a&gt;&lt;br /&gt;&lt;br /&gt;&lt;a class=&quot;external&quot; href=&quot;https://www.deviantart.com/users/outgoing?https://docs.google.com/spreadsheets/d/1k-xAbAVtvJqkdC6txkwdhPFpeFd-dFajCjEdS3iOplQ/edit#gid=0&quot;&gt;DESIGN TOS AND MASTERIST&lt;/a&gt;&lt;span&gt;&amp;nbsp; //&amp;nbsp;Complete Masterlist logging and TOS of all designs in my Gallery&lt;/span&gt;&lt;br /&gt;&lt;a href=&quot;https://arukanoda.deviantart.com/journal/DRAGON-DESIGN-HUB-722431464&quot;&gt;DRAGON DESIGN HUB&lt;/a&gt;&lt;span&gt;&amp;nbsp;// For Trading /Reselling Assistance and Promotion&lt;/span&gt;&lt;br /&gt;&lt;div&gt;&lt;img src=&quot;https://t00.deviantart.net/s-j-6Rdd-QVta5n5Lnb4nq-pZjI=/300x200/filters:fixed_height(100,100):origin()/pre00/620d/th/pre/f/2019/052/2/c/_training__031_tier_3_by_arukanoda-dd0ccau.png&quot; alt=&quot;thumbnail&quot; /&gt;&lt;/div&gt;</description>            </item>
                    <item>
                <title>blondie (free raffle ! )</title>
                <link>https://fearable.deviantart.com/art/blondie-free-raffle-786553554</link>
                <guid isPermaLink="true">https://fearable.deviantart.com/art/blondie-free-raffle-786553554</guid>
                <pubDate>Wed, 20 Feb 2019 19:13:03 PST</pubDate>
                        <media:title type="plain">blondie (free raffle ! )</media:title>
        <media:keywords></media:keywords>
                        <media:rating>nonadult</media:rating>
                <media:category label="Drawings">cartoons/digital/cartoons/drawings</media:category>
        <media:credit role="author" scheme="urn:ebu">fearable</media:credit>
        <media:credit role="author" scheme="urn:ebu">https://a.deviantart.net/avatars/f/e/fearable.png?15</media:credit>
        <media:copyright url="https://fearable.deviantart.com">Copyright 2019 fearable</media:copyright>             <creativeCommons:license>http://creativecommons.org/licenses/by-nc-nd/3.0/</creativeCommons:license>
                <media:description type="html">&lt;p align=&quot;center&quot;&gt;HIIII EVERYONE!!! So in order to celebrate 800 + followers, I decided to host a raffle for you guys!!! Thank you so so much for all the support, it really means a LOT to me :,)&lt;/p&gt;&lt;p&gt;&lt;/p&gt;&lt;p align=&quot;center&quot;&gt;&lt;i&gt;So, how does this raffle work? Well, let me explain it to you!&lt;/i&gt;&lt;br /&gt;&lt;/p&gt;&lt;p align=&quot;center&quot;&gt;&lt;b&gt;&lt;i&gt;&lt;br /&gt;&lt;a href=&quot;https://www.deviantart.com/moon-bambi/art/small-cute-bear-544796713&quot; class=&quot;emoticon&quot; data-embed-type=&quot;emoticon&quot; data-embed-id=&quot;544796713&quot; data-embed-profile=&quot;deviation&quot;&gt;&lt;img src=&quot;https://orig00.deviantart.net/5e52/f/2015/188/4/7/small_cute_bear_by_moon_bambi-d90cvu1.gif&quot; alt=&quot;small cute bear&quot; style=&quot;width:20px;height:20px&quot;&gt;&lt;/a&gt;&amp;nbsp;&amp;nbsp;How to enter -&lt;/i&gt;&lt;/b&gt;&lt;/p&gt;&lt;p align=&quot;center&quot;&gt;&lt;i&gt;- repost this post in either a journal, status, or poll with&amp;nbsp;&lt;a class=&quot;discoverytag&quot; href=&quot;https://www.deviantart.com/tag/fearable800&quot; data-canonical-tag=&quot;fearable800&quot;&gt;#fearable800&lt;/a&gt;&lt;br /&gt;&lt;span&gt;&lt;b&gt;- PLEASE link your status/poll or journal in the comments!&lt;/b&gt;&lt;br /&gt;&lt;/span&gt;&lt;span&gt;- that&amp;#8217;s it! ^^&lt;br /&gt;&lt;/span&gt;&lt;span&gt;- this will give you one entry! Drawing an oc of mine will give you 2, but is not mandatory!&lt;br /&gt;&lt;/span&gt;&lt;span&gt;-&lt;/span&gt;&lt;span&gt;&amp;nbsp;&lt;/span&gt;&lt;a class=&quot;external&quot; href=&quot;https://www.deviantart.com/users/outgoing?https://toyhou.se/bisous/characters/folder:all&quot;&gt;Here&amp;#8217;s a link to all my characters!&amp;nbsp;&amp;nbsp;&lt;/a&gt;&lt;br /&gt;&lt;br /&gt;&lt;/i&gt;&lt;/p&gt;&lt;p align=&quot;center&quot;&gt;&lt;b&gt;&lt;i&gt;&lt;a href=&quot;https://www.deviantart.com/moon-bambi/art/cute-bear-heart-544794614&quot; class=&quot;emoticon&quot; data-embed-type=&quot;emoticon&quot; data-embed-id=&quot;544794614&quot; data-embed-profile=&quot;deviation&quot;&gt;&lt;img src=&quot;https://orig00.deviantart.net/092c/f/2015/188/a/4/cute_bear_heart_by_moon_bambi-d90cu7q.gif&quot; alt=&quot;cute bear heart&quot; style=&quot;width:20px;height:20px&quot;&gt;&lt;/a&gt;&amp;nbsp;&amp;nbsp;Requirements -&lt;/i&gt;&lt;/b&gt;&lt;/p&gt;&lt;p align=&quot;center&quot;&gt;&lt;i&gt;- You must be watching me! New followers are always welcome ^^&lt;br /&gt;&lt;span&gt;- You must read my terms of service&lt;br /&gt;&lt;/span&gt;&lt;span&gt;- You must follow all the steps above in order to get a ticket&lt;br /&gt;&lt;/span&gt;&lt;span&gt;- please don&amp;#8217;t follow me just for the raffle.. I love u guys and I&amp;#8217;d be big disappoint&lt;br /&gt;&lt;br /&gt;&lt;a href=&quot;https://www.deviantart.com/jerikuto/art/Bunny-Emoji-74-Snuggy-V4-462123141&quot; class=&quot;emoticon&quot; data-embed-type=&quot;emoticon&quot; data-embed-id=&quot;462123141&quot; data-embed-profile=&quot;deviation&quot;&gt;&lt;img src=&quot;https://orig00.deviantart.net/cbd5/f/2014/170/c/7/bunny_emoji_74__snuggy___v4__by_jerikuto-d7n4whx.gif&quot; alt=&quot;Bunny Emoji-74 (Snuggy) [V4]&quot; style=&quot;width:66px;height:33px&quot;&gt;&lt;/a&gt;&amp;nbsp;&amp;nbsp;&lt;br /&gt;&lt;br /&gt;&lt;/span&gt;&lt;/i&gt;&lt;/p&gt;&lt;p align=&quot;center&quot;&gt;Thank you so much you guys!!&lt;br /&gt;&lt;span&gt;If you didn&amp;#8217;t catch how to enter, scroll up! ^^&lt;/span&gt;&lt;/p&gt;&lt;p&gt;&lt;/p&gt;&lt;p align=&quot;center&quot;&gt;&lt;b&gt;GOOD LUCK!!!&amp;nbsp;&lt;/b&gt;&lt;br /&gt;&lt;b&gt;&lt;a href=&quot;https://www.deviantart.com/jerikuto/art/Hamtaro-Hamster-Emoji-07-Cute-Dance-V1-462123177&quot; class=&quot;emoticon&quot; data-embed-type=&quot;emoticon&quot; data-embed-id=&quot;462123177&quot; data-embed-profile=&quot;deviation&quot;&gt;&lt;img src=&quot;https://orig00.deviantart.net/9e3e/f/2015/324/c/2/hamtaro_hamster_emoji_07__cute_dance___v1__by_jerikuto-d7n4wix.gif&quot; alt=&quot;Hamtaro Hamster Emoji-07 (Cute Dance) [V1]&quot; style=&quot;width:50px;height:50px&quot;&gt;&lt;/a&gt;&amp;nbsp;&lt;/b&gt;&lt;br /&gt;&lt;br /&gt;&lt;i&gt;This is cross posted on adopts amino, so please don&#039;t be shocked when given a high number!&amp;nbsp;&lt;/i&gt;&lt;/p&gt;</media:description>            <media:thumbnail url="https://t00.deviantart.net/GiHxtAogPY-9cAIR9W6GwZHQ7bY=/fit-in/150x150/filters:no_upscale():origin()/pre00/8c93/th/pre/i/2019/051/6/f/blondie__free_raffle_____by_fearable-dd0aklu.png" height="143" width="150"/>            <media:thumbnail url="https://t00.deviantart.net/PeHXLolErSMK_TItnkKoGyTqI1Y=/fit-in/300x900/filters:no_upscale():origin()/pre00/8c93/th/pre/i/2019/051/6/f/blondie__free_raffle_____by_fearable-dd0aklu.png" height="287" width="300"/>            <media:thumbnail url="https://t00.deviantart.net/n1Z5bIUaHb184WxoQQh5bs9n_PU=/300x200/filters:fixed_height(100,100):origin()/pre00/8c93/th/pre/i/2019/051/6/f/blondie__free_raffle_____by_fearable-dd0aklu.png" height="200" width="209"/>            <media:content url="https://pre00.deviantart.net/8c93/th/pre/i/2019/051/6/f/blondie__free_raffle_____by_fearable-dd0aklu.png" height="874" width="914" medium="image"/>            
            <description>&lt;p align=&quot;center&quot;&gt;HIIII EVERYONE!!! So in order to celebrate 800 + followers, I decided to host a raffle for you guys!!! Thank you so so much for all the support, it really means a LOT to me :,)&lt;/p&gt;&lt;p&gt;&lt;/p&gt;&lt;p align=&quot;center&quot;&gt;&lt;i&gt;So, how does this raffle work? Well, let me explain it to you!&lt;/i&gt;&lt;br /&gt;&lt;/p&gt;&lt;p align=&quot;center&quot;&gt;&lt;b&gt;&lt;i&gt;&lt;br /&gt;&lt;a href=&quot;https://www.deviantart.com/moon-bambi/art/small-cute-bear-544796713&quot; class=&quot;emoticon&quot; data-embed-type=&quot;emoticon&quot; data-embed-id=&quot;544796713&quot; data-embed-profile=&quot;deviation&quot;&gt;&lt;img src=&quot;https://orig00.deviantart.net/5e52/f/2015/188/4/7/small_cute_bear_by_moon_bambi-d90cvu1.gif&quot; alt=&quot;small cute bear&quot; style=&quot;width:20px;height:20px&quot;&gt;&lt;/a&gt;&amp;nbsp;&amp;nbsp;How to enter -&lt;/i&gt;&lt;/b&gt;&lt;/p&gt;&lt;p align=&quot;center&quot;&gt;&lt;i&gt;- repost this post in either a journal, status, or poll with&amp;nbsp;&lt;a class=&quot;discoverytag&quot; href=&quot;https://www.deviantart.com/tag/fearable800&quot; data-canonical-tag=&quot;fearable800&quot;&gt;#fearable800&lt;/a&gt;&lt;br /&gt;&lt;span&gt;&lt;b&gt;- PLEASE link your status/poll or journal in the comments!&lt;/b&gt;&lt;br /&gt;&lt;/span&gt;&lt;span&gt;- that&amp;#8217;s it! ^^&lt;br /&gt;&lt;/span&gt;&lt;span&gt;- this will give you one entry! Drawing an oc of mine will give you 2, but is not mandatory!&lt;br /&gt;&lt;/span&gt;&lt;span&gt;-&lt;/span&gt;&lt;span&gt;&amp;nbsp;&lt;/span&gt;&lt;a class=&quot;external&quot; href=&quot;https://www.deviantart.com/users/outgoing?https://toyhou.se/bisous/characters/folder:all&quot;&gt;Here&amp;#8217;s a link to all my characters!&amp;nbsp;&amp;nbsp;&lt;/a&gt;&lt;br /&gt;&lt;br /&gt;&lt;/i&gt;&lt;/p&gt;&lt;p align=&quot;center&quot;&gt;&lt;b&gt;&lt;i&gt;&lt;a href=&quot;https://www.deviantart.com/moon-bambi/art/cute-bear-heart-544794614&quot; class=&quot;emoticon&quot; data-embed-type=&quot;emoticon&quot; data-embed-id=&quot;544794614&quot; data-embed-profile=&quot;deviation&quot;&gt;&lt;img src=&quot;https://orig00.deviantart.net/092c/f/2015/188/a/4/cute_bear_heart_by_moon_bambi-d90cu7q.gif&quot; alt=&quot;cute bear heart&quot; style=&quot;width:20px;height:20px&quot;&gt;&lt;/a&gt;&amp;nbsp;&amp;nbsp;Requirements -&lt;/i&gt;&lt;/b&gt;&lt;/p&gt;&lt;p align=&quot;center&quot;&gt;&lt;i&gt;- You must be watching me! New followers are always welcome ^^&lt;br /&gt;&lt;span&gt;- You must read my terms of service&lt;br /&gt;&lt;/span&gt;&lt;span&gt;- You must follow all the steps above in order to get a ticket&lt;br /&gt;&lt;/span&gt;&lt;span&gt;- please don&amp;#8217;t follow me just for the raffle.. I love u guys and I&amp;#8217;d be big disappoint&lt;br /&gt;&lt;br /&gt;&lt;a href=&quot;https://www.deviantart.com/jerikuto/art/Bunny-Emoji-74-Snuggy-V4-462123141&quot; class=&quot;emoticon&quot; data-embed-type=&quot;emoticon&quot; data-embed-id=&quot;462123141&quot; data-embed-profile=&quot;deviation&quot;&gt;&lt;img src=&quot;https://orig00.deviantart.net/cbd5/f/2014/170/c/7/bunny_emoji_74__snuggy___v4__by_jerikuto-d7n4whx.gif&quot; alt=&quot;Bunny Emoji-74 (Snuggy) [V4]&quot; style=&quot;width:66px;height:33px&quot;&gt;&lt;/a&gt;&amp;nbsp;&amp;nbsp;&lt;br /&gt;&lt;br /&gt;&lt;/span&gt;&lt;/i&gt;&lt;/p&gt;&lt;p align=&quot;center&quot;&gt;Thank you so much you guys!!&lt;br /&gt;&lt;span&gt;If you didn&amp;#8217;t catch how to enter, scroll up! ^^&lt;/span&gt;&lt;/p&gt;&lt;p&gt;&lt;/p&gt;&lt;p align=&quot;center&quot;&gt;&lt;b&gt;GOOD LUCK!!!&amp;nbsp;&lt;/b&gt;&lt;br /&gt;&lt;b&gt;&lt;a href=&quot;https://www.deviantart.com/jerikuto/art/Hamtaro-Hamster-Emoji-07-Cute-Dance-V1-462123177&quot; class=&quot;emoticon&quot; data-embed-type=&quot;emoticon&quot; data-embed-id=&quot;462123177&quot; data-embed-profile=&quot;deviation&quot;&gt;&lt;img src=&quot;https://orig00.deviantart.net/9e3e/f/2015/324/c/2/hamtaro_hamster_emoji_07__cute_dance___v1__by_jerikuto-d7n4wix.gif&quot; alt=&quot;Hamtaro Hamster Emoji-07 (Cute Dance) [V1]&quot; style=&quot;width:50px;height:50px&quot;&gt;&lt;/a&gt;&amp;nbsp;&lt;/b&gt;&lt;br /&gt;&lt;br /&gt;&lt;i&gt;This is cross posted on adopts amino, so please don&#039;t be shocked when given a high number!&amp;nbsp;&lt;/i&gt;&lt;/p&gt;&lt;br /&gt;&lt;div&gt;&lt;img src=&quot;https://t00.deviantart.net/n1Z5bIUaHb184WxoQQh5bs9n_PU=/300x200/filters:fixed_height(100,100):origin()/pre00/8c93/th/pre/i/2019/051/6/f/blondie__free_raffle_____by_fearable-dd0aklu.png&quot; alt=&quot;thumbnail&quot; /&gt;&lt;/div&gt;</description>            </item>
                    <item>
                <title>Gothic Vampire Loli</title>
                <link>https://cneko-chan.deviantart.com/art/Gothic-Vampire-Loli-786591046</link>
                <guid isPermaLink="true">https://cneko-chan.deviantart.com/art/Gothic-Vampire-Loli-786591046</guid>
                <pubDate>Thu, 21 Feb 2019 03:03:20 PST</pubDate>
                        <media:title type="plain">Gothic Vampire Loli</media:title>
        <media:keywords></media:keywords>
                        <media:rating>nonadult</media:rating>
                <media:category label="Conceptual">digitalart/paintings/illustrations/conceptual</media:category>
        <media:credit role="author" scheme="urn:ebu">CNeko-chan</media:credit>
        <media:credit role="author" scheme="urn:ebu">https://a.deviantart.net/avatars/c/n/cneko-chan.png?13</media:credit>
        <media:copyright url="https://cneko-chan.deviantart.com">Copyright 2019 CNeko-chan</media:copyright>            <media:description type="html">just a random sketch for fun.&lt;br /&gt;&lt;br /&gt;&lt;br /&gt;and cuz my love for gothic fashion is strong af.</media:description>            <media:thumbnail url="https://t00.deviantart.net/UTVfJNtAuMK08-8waNaofCysy-k=/fit-in/150x150/filters:no_upscale():origin()/pre00/7ac2/th/pre/f/2019/052/8/2/gothic_vampire_loli_by_cneko_chan-dd0bdja.png" height="150" width="113"/>            <media:thumbnail url="https://t00.deviantart.net/hjv0KAS9Ma9GeMm7y7_ZVqZ1N1k=/fit-in/300x900/filters:no_upscale():origin()/pre00/7ac2/th/pre/f/2019/052/8/2/gothic_vampire_loli_by_cneko_chan-dd0bdja.png" height="400" width="300"/>            <media:thumbnail url="https://t00.deviantart.net/LHtJ7ovHf_YKZoSxop5bmRKZRDs=/300x200/filters:fixed_height(100,100):origin()/pre00/7ac2/th/pre/f/2019/052/8/2/gothic_vampire_loli_by_cneko_chan-dd0bdja.png" height="200" width="150"/>            <media:content url="https://pre00.deviantart.net/7ac2/th/pre/f/2019/052/8/2/gothic_vampire_loli_by_cneko_chan-dd0bdja.png" height="1032" width="774" medium="image"/>            
            <description>just a random sketch for fun.&lt;br /&gt;&lt;br /&gt;&lt;br /&gt;and cuz my love for gothic fashion is strong af.&lt;br /&gt;&lt;div&gt;&lt;img src=&quot;https://t00.deviantart.net/LHtJ7ovHf_YKZoSxop5bmRKZRDs=/300x200/filters:fixed_height(100,100):origin()/pre00/7ac2/th/pre/f/2019/052/8/2/gothic_vampire_loli_by_cneko_chan-dd0bdja.png&quot; alt=&quot;thumbnail&quot; /&gt;&lt;/div&gt;</description>            </item>
            </channel>
</rss>