<?xml version="1.0" encoding="utf-8"?>
<rss version="2.0" xmlns:media="http://search.yahoo.com/mrss/" xmlns:atom="http://www.w3.org/2005/Atom" xmlns:creativeCommons="http://backend.userland.com/creativeCommonsRssModule">
    <channel>
        <title>DeviantArt: Popular</title>
        <link>https://www.deviantart.com/?q=-in%3Aliterature</link>
        <description>DeviantArt RSS for Popular</description>
        <language>en-us</language>
        <copyright>Copyright 2019, DeviantArt.com</copyright>
        <pubDate>Mon, 18 Feb 2019 15:40:07 PST</pubDate>

        <generator>DeviantArt.com</generator>
        <docs>http://blogs.law.harvard.edu/tech/rss</docs>
        <atom:icon>https://st.deviantart.net/minish/touch-icons/android-192.png</atom:icon>
        <atom:link type="application/rss+xml" rel="self" href="https://backend.deviantart.com/rss.xml?type=deviation&amp;q=-in%3Aliterature&amp;order=11" />
        <atom:link rel="next" href="https://backend.deviantart.com/rss.xml?type=deviation&amp;q=-in%3Aliterature&amp;order=11&amp;offset=60" />
                    <item>
                <title>Daily Paint 2280. Crocs</title>
                <link>https://cryptid-creations.deviantart.com/art/Daily-Paint-2280-Crocs-786122926</link>
                <guid isPermaLink="true">https://cryptid-creations.deviantart.com/art/Daily-Paint-2280-Crocs-786122926</guid>
                <pubDate>Sun, 17 Feb 2019 19:07:02 PST</pubDate>
                        <media:title type="plain">Daily Paint 2280. Crocs</media:title>
        <media:keywords></media:keywords>
                        <media:rating>nonadult</media:rating>
                <media:category label="Fantasy">digitalart/paintings/fantasy</media:category>
        <media:credit role="author" scheme="urn:ebu">Cryptid-Creations</media:credit>
        <media:credit role="author" scheme="urn:ebu">https://a.deviantart.net/avatars/c/r/cryptid-creations.png?4</media:credit>
        <media:copyright url="https://cryptid-creations.deviantart.com">Copyright 2019 Cryptid-Creations</media:copyright>            <media:description type="html">&lt;b&gt;&lt;/b&gt;&lt;b&gt;&lt;/b&gt;&lt;b&gt;&lt;/b&gt;&lt;b&gt;&lt;/b&gt;&lt;b&gt;&lt;/b&gt;&lt;b&gt;&lt;/b&gt;&lt;b&gt;&lt;/b&gt;&lt;b&gt;&lt;/b&gt;&lt;b&gt;&lt;/b&gt;&lt;b&gt;&lt;/b&gt;&lt;b&gt;&lt;/b&gt;&lt;b&gt;&lt;/b&gt;&lt;b&gt;&lt;/b&gt;&lt;b&gt;&lt;/b&gt;&lt;b&gt;&lt;/b&gt;&lt;b&gt;&lt;/b&gt;&lt;b&gt;&lt;/b&gt;&lt;b&gt;&lt;/b&gt;&lt;b&gt;&lt;/b&gt;&lt;b&gt;&lt;/b&gt;&lt;b&gt;&lt;/b&gt;&lt;b&gt;&lt;/b&gt;&lt;b&gt;&lt;/b&gt;&lt;b&gt;&lt;/b&gt;&lt;b&gt;&lt;/b&gt;&lt;b&gt;&lt;/b&gt;&lt;b&gt;&lt;/b&gt;&lt;b&gt;&lt;/b&gt;&lt;b&gt;&lt;/b&gt;&lt;b&gt;&lt;/b&gt;&lt;b&gt;&lt;/b&gt;&lt;b&gt;&lt;/b&gt;&lt;b&gt;&lt;/b&gt;&lt;b&gt;&lt;/b&gt;&lt;b&gt;&lt;/b&gt;&lt;b&gt;&lt;/b&gt;&lt;b&gt;&lt;/b&gt;&lt;b&gt;&lt;/b&gt;&lt;b&gt;&lt;/b&gt;&lt;b&gt;&lt;/b&gt;&lt;b&gt;&lt;/b&gt;&lt;b&gt;&lt;/b&gt;&lt;b&gt;&lt;/b&gt;&lt;b&gt;&lt;/b&gt;&lt;b&gt;&lt;/b&gt;&lt;b&gt;&lt;/b&gt;&lt;b&gt;&lt;/b&gt;&lt;b&gt;&lt;/b&gt;&lt;b&gt;&lt;/b&gt;&lt;b&gt;&lt;/b&gt;&lt;b&gt;&lt;/b&gt;&lt;b&gt;&lt;/b&gt;&lt;b&gt;&lt;/b&gt;&lt;b&gt;&lt;/b&gt;&lt;b&gt;&lt;/b&gt;&lt;b&gt;&lt;/b&gt;&lt;b&gt;&lt;/b&gt;&lt;b&gt;&lt;/b&gt;&lt;b&gt;&lt;/b&gt;&lt;b&gt;&lt;/b&gt;&lt;b&gt;&lt;/b&gt;&lt;b&gt;&lt;/b&gt;&lt;b&gt;&lt;/b&gt;&lt;b&gt;&lt;/b&gt;&lt;b&gt;&lt;/b&gt;&lt;b&gt;&lt;/b&gt;&lt;b&gt;&lt;/b&gt;&lt;b&gt;&lt;/b&gt;&lt;b&gt;&lt;/b&gt;&lt;b&gt;&lt;/b&gt;&lt;b&gt;&lt;/b&gt;&lt;b&gt;&lt;/b&gt;&lt;b&gt;&lt;/b&gt;&lt;b&gt;&lt;/b&gt;&lt;b&gt;&lt;/b&gt;&lt;b&gt;&lt;/b&gt;&lt;b&gt;&lt;/b&gt;&lt;b&gt;&lt;/b&gt;&lt;b&gt;&lt;/b&gt;&lt;b&gt;&lt;br /&gt;&lt;a class=&quot;external&quot; href=&quot;https://www.deviantart.com/users/outgoing?http://forgepublishing.com/shop/&quot;&gt;ForgePublishing.com/shop&lt;/a&gt;&lt;br /&gt;&lt;br /&gt;&lt;br /&gt;.&lt;img src=&quot;https://e.deviantart.net/emoticons/b/bulletgreen.gif&quot; width=&quot;10&quot; height=&quot;10&quot; alt=&quot;:bulletgreen:&quot; data-embed-type=&quot;emoticon&quot; data-embed-id=&quot;209&quot; title=&quot;Bullet; Green&quot;/&gt; &lt;b&gt;A big thanks to my Patrons for supporting my work! &lt;img src=&quot;https://e.deviantart.net/emoticons/s/smile.gif&quot; width=&quot;15&quot; height=&quot;15&quot; alt=&quot;:)&quot; data-embed-type=&quot;emoticon&quot; data-embed-id=&quot;391&quot; title=&quot;:) (Smile)&quot;/&gt; For time-lapses, WIP&#039;s and other goodies ---please check out my Patreon.&lt;/b&gt;&lt;b&gt;&lt;/b&gt;&lt;b&gt;&lt;/b&gt;&lt;b&gt;&lt;/b&gt;&lt;b&gt;&lt;/b&gt;&lt;b&gt;&lt;/b&gt;&lt;b&gt;&lt;/b&gt;&lt;b&gt;&lt;/b&gt;&lt;b&gt;&lt;/b&gt;&lt;b&gt;&lt;/b&gt;&lt;b&gt;&lt;/b&gt;&lt;b&gt;&lt;/b&gt;&lt;b&gt;&lt;/b&gt;&lt;b&gt;&lt;/b&gt;&lt;b&gt;&lt;/b&gt;&lt;b&gt;&lt;/b&gt;&lt;b&gt;&lt;/b&gt;&lt;b&gt;&lt;/b&gt;&lt;b&gt;&lt;/b&gt;&lt;b&gt;&lt;/b&gt;&lt;b&gt;&lt;/b&gt;&lt;b&gt;&lt;/b&gt;&lt;b&gt;&lt;/b&gt;&lt;b&gt;&lt;/b&gt;&lt;b&gt;&lt;/b&gt;&lt;b&gt;&lt;/b&gt;&lt;b&gt;&lt;/b&gt;&lt;b&gt;&lt;/b&gt;&lt;b&gt;&lt;/b&gt;&lt;b&gt;&lt;/b&gt;&lt;b&gt;&lt;/b&gt;&lt;b&gt;&lt;/b&gt;&lt;b&gt;&lt;/b&gt;&lt;b&gt;&lt;/b&gt;&lt;b&gt;&lt;/b&gt;&lt;b&gt;&lt;/b&gt;&lt;b&gt;&lt;/b&gt;&lt;b&gt;&lt;/b&gt;&lt;b&gt;&lt;/b&gt;&lt;b&gt;&lt;/b&gt;&lt;b&gt;&lt;/b&gt;&lt;b&gt;&lt;/b&gt;&lt;b&gt;&lt;/b&gt;&lt;b&gt;&lt;/b&gt;&lt;b&gt;&lt;/b&gt;&lt;b&gt;&lt;/b&gt;&lt;b&gt;&lt;/b&gt;&lt;b&gt;&lt;/b&gt;&lt;b&gt;&lt;/b&gt;&lt;b&gt;&lt;/b&gt;&lt;b&gt;&lt;/b&gt;&lt;b&gt;&lt;/b&gt;&lt;b&gt;&lt;/b&gt;&lt;b&gt;&lt;/b&gt;&lt;b&gt;&lt;/b&gt;&lt;b&gt;&lt;/b&gt;&lt;b&gt;&lt;/b&gt;&lt;b&gt;&lt;/b&gt;&lt;b&gt;&lt;/b&gt;&lt;b&gt;&lt;/b&gt;&lt;b&gt;&lt;/b&gt;&lt;b&gt;&lt;/b&gt;&lt;b&gt;&lt;/b&gt;&lt;b&gt;&lt;/b&gt;&lt;b&gt;&lt;/b&gt;&lt;b&gt;&lt;/b&gt;&lt;b&gt;&lt;/b&gt;&lt;b&gt;&lt;/b&gt;&lt;b&gt;&lt;/b&gt;&lt;b&gt;&lt;/b&gt;&lt;b&gt;&lt;/b&gt;&lt;b&gt;&lt;/b&gt;&lt;b&gt;&lt;/b&gt;&lt;b&gt;&lt;/b&gt;&lt;b&gt;&lt;/b&gt;&lt;b&gt;&lt;/b&gt;&lt;b&gt;&lt;/b&gt;&lt;b&gt;&lt;/b&gt;&lt;b&gt;&lt;/b&gt;&lt;b&gt;&lt;/b&gt;&lt;b&gt;&lt;/b&gt;&lt;b&gt;&lt;/b&gt;&lt;b&gt;&lt;/b&gt;&lt;b&gt;&lt;/b&gt;&lt;b&gt;&lt;/b&gt;&lt;b&gt;&lt;/b&gt;&lt;b&gt;&lt;/b&gt;&lt;b&gt;&lt;/b&gt;&lt;b&gt;&lt;/b&gt;&lt;b&gt;&lt;/b&gt;&lt;b&gt;&lt;/b&gt;&lt;b&gt;&lt;/b&gt;&lt;b&gt;&lt;/b&gt;&lt;b&gt;&lt;/b&gt;&lt;b&gt;&lt;/b&gt;&lt;b&gt;&lt;/b&gt;&lt;b&gt;&lt;/b&gt;&lt;b&gt;&lt;/b&gt;&lt;b&gt;&lt;/b&gt;&lt;b&gt;&lt;/b&gt;&lt;b&gt;&lt;/b&gt;&lt;b&gt;&lt;/b&gt;&lt;b&gt;&lt;/b&gt;&lt;b&gt;&lt;/b&gt;&lt;b&gt;&lt;/b&gt;&lt;b&gt;&lt;/b&gt;&lt;b&gt;&lt;/b&gt;&lt;b&gt;&lt;/b&gt;&lt;b&gt;&lt;/b&gt;&lt;b&gt;&lt;/b&gt;&lt;b&gt;&lt;/b&gt;&lt;b&gt;&lt;/b&gt;&lt;b&gt;&lt;/b&gt;&lt;b&gt;&lt;/b&gt;&lt;b&gt;&lt;/b&gt;&lt;b&gt;&lt;/b&gt;&lt;b&gt;&lt;/b&gt;&lt;b&gt;&lt;/b&gt;&lt;b&gt;&lt;/b&gt;&lt;b&gt;&lt;/b&gt;&lt;b&gt;&lt;/b&gt;&lt;b&gt;&lt;/b&gt;&lt;b&gt;&lt;/b&gt;&lt;b&gt;&lt;/b&gt;&lt;b&gt;&lt;/b&gt;&lt;b&gt;&lt;/b&gt;&lt;b&gt;&lt;/b&gt;&lt;b&gt;&lt;/b&gt;&lt;b&gt;&lt;/b&gt;&lt;b&gt;&lt;/b&gt;&lt;b&gt;&lt;/b&gt;&lt;b&gt;&lt;/b&gt;&lt;b&gt;&lt;/b&gt;&lt;b&gt;&lt;/b&gt;&lt;b&gt;&lt;/b&gt;&lt;b&gt;&lt;/b&gt;&lt;b&gt;&lt;/b&gt;&lt;b&gt;&lt;/b&gt;&lt;b&gt;&lt;/b&gt;&lt;b&gt;&lt;/b&gt;&lt;b&gt;&lt;/b&gt;&lt;b&gt;&lt;/b&gt;&lt;b&gt;&lt;/b&gt;&lt;b&gt;&lt;/b&gt;&lt;b&gt;&lt;/b&gt;&lt;b&gt;&lt;/b&gt;&lt;b&gt;&lt;/b&gt;&lt;b&gt;&lt;/b&gt;&lt;b&gt;&lt;/b&gt;&lt;b&gt;&lt;/b&gt;&lt;b&gt;&lt;/b&gt;&lt;b&gt;&lt;/b&gt;&lt;b&gt;&lt;/b&gt;&lt;b&gt;&lt;/b&gt;&lt;b&gt;&lt;/b&gt;&lt;b&gt;&lt;/b&gt;&lt;b&gt;&lt;/b&gt;&lt;b&gt;&lt;/b&gt;&lt;b&gt;&lt;/b&gt;&lt;b&gt;&lt;/b&gt;&lt;b&gt;&lt;/b&gt;&lt;b&gt;&lt;/b&gt;&lt;b&gt;&lt;/b&gt;&lt;b&gt;&lt;/b&gt;&lt;b&gt;&lt;/b&gt;&lt;b&gt;&lt;/b&gt;&lt;b&gt;&lt;/b&gt;&lt;b&gt;&lt;/b&gt;&lt;b&gt;&lt;/b&gt;&lt;b&gt;&lt;/b&gt;&lt;b&gt;&lt;/b&gt;&lt;b&gt;&lt;/b&gt;&lt;b&gt;&lt;/b&gt;&lt;b&gt;&lt;/b&gt;&lt;b&gt;&lt;/b&gt;&lt;b&gt;&lt;/b&gt;&lt;b&gt;&lt;/b&gt;&lt;b&gt;&lt;/b&gt;&lt;b&gt;&lt;/b&gt;&lt;b&gt;&lt;/b&gt;&lt;b&gt;&lt;/b&gt;&lt;b&gt;&lt;/b&gt;&lt;b&gt;&lt;/b&gt;&lt;b&gt;&lt;/b&gt;&lt;b&gt;&lt;/b&gt;&lt;b&gt;&lt;/b&gt;&lt;b&gt;&lt;/b&gt;&lt;b&gt;&lt;/b&gt;&lt;b&gt;&lt;/b&gt;&lt;b&gt;&lt;/b&gt;&lt;b&gt;&lt;/b&gt;&lt;b&gt;&lt;/b&gt;&lt;b&gt;&lt;/b&gt;&lt;b&gt;&lt;/b&gt;&lt;b&gt;&lt;/b&gt;&lt;b&gt;&lt;/b&gt;&lt;b&gt;&lt;/b&gt;&lt;b&gt;&lt;/b&gt;&lt;b&gt;&lt;/b&gt;&lt;b&gt;&lt;/b&gt;&lt;b&gt;&lt;/b&gt;&lt;b&gt;&lt;/b&gt;&lt;b&gt;&lt;/b&gt;&lt;b&gt;&lt;/b&gt;&lt;b&gt;&lt;/b&gt;&lt;b&gt;&lt;/b&gt;&lt;b&gt;&lt;/b&gt;&lt;b&gt;&lt;/b&gt;&lt;b&gt;&lt;/b&gt;&lt;b&gt;&lt;/b&gt;&lt;b&gt;&lt;/b&gt;&lt;b&gt;&lt;/b&gt;&lt;b&gt;&lt;/b&gt;&lt;b&gt;&lt;/b&gt;&lt;b&gt;&lt;/b&gt;&lt;b&gt;&lt;/b&gt;&lt;b&gt;&lt;/b&gt;&lt;b&gt;&lt;/b&gt;&lt;b&gt;&lt;/b&gt;&lt;b&gt;&lt;/b&gt;&lt;b&gt;&lt;/b&gt;&lt;b&gt;&lt;/b&gt;&lt;b&gt;&lt;/b&gt;&lt;b&gt;&lt;/b&gt;&lt;b&gt;&lt;/b&gt;&lt;b&gt;&lt;/b&gt;&lt;b&gt;&lt;/b&gt;&lt;b&gt;&lt;/b&gt;&lt;b&gt;&lt;/b&gt;&lt;b&gt;&lt;/b&gt;&lt;b&gt;&lt;/b&gt;&lt;b&gt;&lt;/b&gt;&lt;b&gt;&lt;/b&gt;&lt;b&gt;&lt;/b&gt;&lt;b&gt;&lt;/b&gt;&lt;b&gt;&lt;/b&gt;&lt;b&gt;&lt;/b&gt;&lt;b&gt;&lt;/b&gt;&lt;b&gt;&lt;/b&gt;&lt;b&gt;&lt;/b&gt;&lt;b&gt;&lt;/b&gt;&lt;b&gt;&lt;/b&gt;&lt;b&gt;&lt;/b&gt;&lt;b&gt;&lt;/b&gt;&lt;b&gt;&lt;/b&gt;&lt;b&gt;&lt;/b&gt;&lt;b&gt;&lt;/b&gt;&lt;b&gt;&lt;/b&gt;&lt;b&gt;&lt;/b&gt;&lt;b&gt;&lt;/b&gt;&lt;b&gt;&lt;/b&gt;&lt;b&gt;&lt;/b&gt;&lt;b&gt;&lt;/b&gt;&lt;b&gt;&lt;/b&gt;&lt;b&gt;&lt;/b&gt;&lt;b&gt;&lt;/b&gt;&lt;b&gt;&lt;/b&gt;&lt;b&gt;&lt;/b&gt;&lt;b&gt;&lt;/b&gt;&lt;b&gt;&lt;/b&gt;&lt;b&gt;&lt;/b&gt;&lt;b&gt;&lt;/b&gt;&lt;b&gt;&lt;/b&gt;&lt;b&gt;&lt;/b&gt;&lt;b&gt;&lt;/b&gt;&lt;b&gt;&lt;/b&gt;&lt;b&gt;&lt;/b&gt;&lt;b&gt;&lt;/b&gt;&lt;b&gt;&lt;/b&gt;&lt;b&gt;&lt;/b&gt;&lt;b&gt;&lt;/b&gt;&lt;b&gt;&lt;/b&gt;&lt;b&gt;&lt;/b&gt;&lt;b&gt;&lt;/b&gt;&lt;b&gt;&lt;/b&gt;&lt;b&gt;&lt;/b&gt;&lt;b&gt;&lt;/b&gt;&lt;b&gt;&lt;/b&gt;&lt;b&gt;&lt;/b&gt;&lt;b&gt;&lt;/b&gt;&lt;b&gt;&lt;/b&gt;&lt;b&gt;&lt;/b&gt;&lt;b&gt;&lt;/b&gt;&lt;b&gt;&lt;/b&gt;&lt;b&gt;&lt;/b&gt;&lt;b&gt;&lt;/b&gt;&lt;b&gt;&lt;/b&gt;&lt;b&gt;&lt;/b&gt;&lt;b&gt;&lt;/b&gt;&lt;b&gt;&lt;/b&gt;&lt;b&gt;&lt;/b&gt;&lt;b&gt;&lt;/b&gt;&lt;b&gt;&lt;/b&gt;&lt;b&gt;&lt;/b&gt;&lt;b&gt;&lt;/b&gt;&lt;b&gt;&lt;/b&gt;&lt;b&gt;&lt;/b&gt;&lt;b&gt;&lt;/b&gt;&lt;b&gt;&lt;/b&gt;&lt;b&gt;&lt;/b&gt;&lt;b&gt;&lt;/b&gt;&lt;b&gt;&lt;/b&gt;&lt;b&gt;&lt;/b&gt;&lt;b&gt;&lt;/b&gt;&lt;b&gt;&lt;/b&gt;&lt;b&gt;&lt;/b&gt;&lt;b&gt;&lt;/b&gt;&lt;b&gt;&lt;/b&gt;&lt;b&gt;&lt;/b&gt;&lt;b&gt;&lt;/b&gt;&lt;b&gt;&lt;/b&gt;&lt;b&gt;&lt;/b&gt;&lt;b&gt;&lt;/b&gt;&lt;b&gt;&lt;/b&gt;&lt;b&gt;&lt;/b&gt;&lt;b&gt;&lt;/b&gt;&lt;b&gt;&lt;/b&gt;&lt;b&gt;&lt;/b&gt;&lt;b&gt;&lt;/b&gt;&lt;b&gt;&lt;/b&gt;&lt;b&gt;&lt;/b&gt;&lt;b&gt;&lt;/b&gt;&lt;b&gt;&lt;/b&gt;&lt;b&gt;&lt;/b&gt;&lt;b&gt;&lt;/b&gt;&lt;b&gt;&lt;/b&gt;&lt;b&gt;&lt;/b&gt;&lt;b&gt;&lt;/b&gt;&lt;b&gt;&lt;/b&gt;&lt;b&gt;&lt;/b&gt;&lt;b&gt;&lt;/b&gt;&lt;b&gt;&lt;/b&gt;&lt;b&gt;&lt;/b&gt;&lt;b&gt;&lt;/b&gt;&lt;b&gt;&lt;/b&gt;&lt;b&gt;&lt;/b&gt;&lt;b&gt;&lt;/b&gt;&lt;b&gt;&lt;/b&gt;&lt;b&gt;&lt;/b&gt;&lt;b&gt;&lt;/b&gt;&lt;b&gt;&lt;/b&gt;&lt;b&gt;&lt;/b&gt;&lt;b&gt;&lt;/b&gt;&lt;b&gt;&lt;/b&gt;&lt;b&gt;&lt;/b&gt;&lt;b&gt;&lt;/b&gt;&lt;b&gt;&lt;/b&gt;&lt;b&gt;&lt;/b&gt;&lt;b&gt;&lt;/b&gt;&lt;b&gt;&lt;/b&gt;&lt;b&gt;&lt;/b&gt;&lt;b&gt;&lt;/b&gt;&lt;b&gt;&lt;/b&gt;&lt;b&gt;&lt;/b&gt;&lt;b&gt;&lt;/b&gt;&lt;b&gt;&lt;/b&gt;&lt;b&gt;&lt;/b&gt;&lt;b&gt;&lt;/b&gt;&lt;b&gt;&lt;/b&gt;&lt;b&gt;&lt;/b&gt;&lt;b&gt;&lt;/b&gt;&lt;b&gt;&lt;/b&gt;&lt;b&gt;&lt;/b&gt;&lt;b&gt;&lt;/b&gt;&lt;b&gt;&lt;/b&gt;&lt;b&gt;&lt;/b&gt;&lt;b&gt;&lt;/b&gt;&lt;b&gt;&lt;/b&gt;&lt;b&gt;&lt;/b&gt;&lt;b&gt;&lt;/b&gt;&lt;b&gt;&lt;/b&gt;&lt;b&gt;&lt;/b&gt;&lt;b&gt;&lt;/b&gt;&lt;b&gt;&lt;/b&gt;&lt;b&gt;&lt;/b&gt;&lt;b&gt;&lt;/b&gt;&lt;b&gt;&lt;/b&gt;&lt;b&gt;&lt;/b&gt;&lt;b&gt;&lt;/b&gt;&lt;b&gt;&lt;/b&gt;&lt;b&gt;&lt;/b&gt;&lt;b&gt;&lt;/b&gt;&lt;b&gt;&lt;/b&gt;&lt;b&gt;&lt;/b&gt;&lt;b&gt;&lt;/b&gt;&lt;b&gt;&lt;/b&gt;&lt;b&gt;&lt;/b&gt;&lt;b&gt;&lt;/b&gt;&lt;b&gt;&lt;/b&gt;&lt;b&gt;&lt;/b&gt;&lt;b&gt;&lt;/b&gt;&lt;b&gt;&lt;/b&gt;&lt;b&gt;&lt;/b&gt;&lt;b&gt;&lt;/b&gt;&lt;b&gt;&lt;/b&gt;&lt;b&gt;&lt;/b&gt;&lt;b&gt;&lt;/b&gt;&lt;b&gt;&lt;/b&gt;&lt;b&gt;&lt;/b&gt;&lt;b&gt;&lt;/b&gt;&lt;b&gt;&lt;/b&gt;&lt;b&gt;&lt;/b&gt;&lt;b&gt;&lt;/b&gt;&lt;b&gt;&lt;/b&gt;&lt;b&gt;&lt;/b&gt;&lt;b&gt;&lt;/b&gt;&lt;b&gt;&lt;/b&gt;&lt;b&gt;&lt;/b&gt;&lt;b&gt;&lt;/b&gt;&lt;b&gt;&lt;/b&gt;&lt;b&gt;&lt;/b&gt;&lt;b&gt;&lt;/b&gt;&lt;b&gt;&lt;/b&gt;&lt;b&gt;&lt;/b&gt;&lt;b&gt;&lt;/b&gt;&lt;b&gt;&lt;/b&gt;&lt;b&gt;&lt;/b&gt;&lt;b&gt;&lt;/b&gt;&lt;b&gt;&lt;/b&gt;&lt;b&gt;&lt;/b&gt;&lt;b&gt;&lt;/b&gt;&lt;b&gt;&lt;/b&gt;&lt;b&gt;&lt;/b&gt;&lt;b&gt;&lt;/b&gt;&lt;b&gt;&lt;/b&gt;&lt;b&gt;&lt;/b&gt;&lt;b&gt;&lt;/b&gt;&lt;b&gt;&lt;/b&gt;&lt;b&gt;&lt;/b&gt;&lt;b&gt;&lt;/b&gt;&lt;b&gt;&lt;/b&gt;&lt;b&gt;&lt;/b&gt;&lt;b&gt;&lt;/b&gt;&lt;b&gt;&lt;/b&gt;&lt;b&gt;&lt;/b&gt;&lt;b&gt;&lt;/b&gt;&lt;b&gt;&lt;/b&gt;&lt;b&gt;&lt;/b&gt;&lt;b&gt;&lt;/b&gt;&lt;b&gt;&lt;/b&gt;&lt;b&gt;&lt;/b&gt;&lt;b&gt;&lt;/b&gt;&lt;b&gt;&lt;/b&gt;&lt;b&gt;&lt;/b&gt;&lt;b&gt;&lt;/b&gt;&lt;b&gt;&lt;/b&gt;&lt;b&gt;&lt;/b&gt;&lt;b&gt;&lt;/b&gt;&lt;b&gt;&lt;/b&gt;&lt;b&gt;&lt;/b&gt;&lt;b&gt;&lt;/b&gt;&lt;b&gt;&lt;/b&gt;&lt;b&gt;&lt;/b&gt;&lt;b&gt;&lt;/b&gt;&lt;b&gt;&lt;/b&gt;&lt;b&gt;&lt;/b&gt;&lt;b&gt;&lt;/b&gt;&lt;b&gt;&lt;/b&gt;&lt;b&gt;&lt;/b&gt;&lt;b&gt;&lt;/b&gt;&lt;b&gt;&lt;/b&gt;&lt;b&gt;&lt;/b&gt;&lt;b&gt;&lt;/b&gt;&lt;b&gt;&lt;/b&gt;&lt;b&gt;&lt;/b&gt;&lt;b&gt;&lt;/b&gt;&lt;b&gt;&lt;/b&gt;&lt;b&gt;&lt;/b&gt;&lt;b&gt;&lt;/b&gt;&lt;b&gt;&lt;/b&gt;&lt;b&gt;&lt;/b&gt;&lt;b&gt;&lt;/b&gt;&lt;b&gt;&lt;/b&gt;&lt;b&gt;&lt;/b&gt;&lt;b&gt;&lt;/b&gt;&lt;b&gt;&lt;/b&gt;&lt;b&gt;&lt;/b&gt;&lt;b&gt;&lt;/b&gt;&lt;b&gt;&lt;/b&gt;&lt;b&gt;&lt;/b&gt;&lt;b&gt;&lt;/b&gt;&lt;b&gt;&lt;/b&gt;&lt;b&gt;&lt;/b&gt;&lt;b&gt;&lt;/b&gt;&lt;b&gt;&lt;/b&gt;&lt;b&gt;&lt;/b&gt;&lt;b&gt;&lt;/b&gt;&lt;b&gt;&lt;br /&gt;&lt;a class=&quot;external&quot; href=&quot;https://www.deviantart.com/users/outgoing?https://www.patreon.com/user?u=457132&amp;amp;ty=c&quot;&gt;Patreon&lt;/a&gt;&lt;br /&gt;&lt;img src=&quot;https://e.deviantart.net/emoticons/b/bulletgreen.gif&quot; width=&quot;10&quot; height=&quot;10&quot; alt=&quot;:bulletgreen:&quot; data-embed-type=&quot;emoticon&quot; data-embed-id=&quot;209&quot; title=&quot;Bullet; Green&quot;/&gt; &lt;b&gt;Other sites to follow my work&lt;/b&gt;&lt;b&gt;&lt;/b&gt;&lt;b&gt;&lt;/b&gt;&lt;b&gt;&lt;/b&gt;&lt;b&gt;&lt;/b&gt;&lt;b&gt;&lt;/b&gt;&lt;b&gt;&lt;/b&gt;&lt;b&gt;&lt;/b&gt;&lt;b&gt;&lt;/b&gt;&lt;b&gt;&lt;/b&gt;&lt;b&gt;&lt;/b&gt;&lt;b&gt;&lt;/b&gt;&lt;b&gt;&lt;/b&gt;&lt;b&gt;&lt;/b&gt;&lt;b&gt;&lt;/b&gt;&lt;b&gt;&lt;/b&gt;&lt;b&gt;&lt;/b&gt;&lt;b&gt;&lt;/b&gt;&lt;b&gt;&lt;/b&gt;&lt;b&gt;&lt;/b&gt;&lt;b&gt;&lt;/b&gt;&lt;b&gt;&lt;/b&gt;&lt;b&gt;&lt;/b&gt;&lt;b&gt;&lt;/b&gt;&lt;b&gt;&lt;/b&gt;&lt;b&gt;&lt;/b&gt;&lt;b&gt;&lt;/b&gt;&lt;b&gt;&lt;/b&gt;&lt;b&gt;&lt;/b&gt;&lt;b&gt;&lt;/b&gt;&lt;b&gt;&lt;/b&gt;&lt;b&gt;&lt;/b&gt;&lt;b&gt;&lt;/b&gt;&lt;b&gt;&lt;/b&gt;&lt;b&gt;&lt;/b&gt;&lt;b&gt;&lt;/b&gt;&lt;b&gt;&lt;/b&gt;&lt;b&gt;&lt;/b&gt;&lt;b&gt;&lt;/b&gt;&lt;b&gt;&lt;/b&gt;&lt;b&gt;&lt;/b&gt;&lt;b&gt;&lt;/b&gt;&lt;b&gt;&lt;/b&gt;&lt;b&gt;&lt;/b&gt;&lt;b&gt;&lt;/b&gt;&lt;b&gt;&lt;/b&gt;&lt;b&gt;&lt;/b&gt;&lt;b&gt;&lt;/b&gt;&lt;b&gt;&lt;/b&gt;&lt;b&gt;&lt;/b&gt;&lt;b&gt;&lt;/b&gt;&lt;b&gt;&lt;/b&gt;&lt;b&gt;&lt;/b&gt;&lt;b&gt;&lt;/b&gt;&lt;b&gt;&lt;/b&gt;&lt;b&gt;&lt;/b&gt;&lt;b&gt;&lt;/b&gt;&lt;b&gt;&lt;/b&gt;&lt;b&gt;&lt;/b&gt;&lt;b&gt;&lt;/b&gt;&lt;b&gt;&lt;/b&gt;&lt;b&gt;&lt;/b&gt;&lt;b&gt;&lt;/b&gt;&lt;b&gt;&lt;/b&gt;&lt;b&gt;&lt;/b&gt;&lt;b&gt;&lt;/b&gt;&lt;b&gt;&lt;/b&gt;&lt;b&gt;&lt;/b&gt;&lt;b&gt;&lt;/b&gt;&lt;b&gt;&lt;/b&gt;&lt;b&gt;&lt;/b&gt;&lt;b&gt;&lt;/b&gt;&lt;b&gt;&lt;/b&gt;&lt;b&gt;&lt;/b&gt;&lt;b&gt;&lt;/b&gt;&lt;b&gt;&lt;/b&gt;&lt;b&gt;&lt;/b&gt;&lt;b&gt;&lt;/b&gt;&lt;b&gt;&lt;/b&gt;&lt;b&gt;&lt;/b&gt;&lt;b&gt;&lt;/b&gt;&lt;b&gt;&lt;/b&gt;&lt;b&gt;&lt;/b&gt;&lt;b&gt;&lt;/b&gt;&lt;b&gt;&lt;/b&gt;&lt;b&gt;&lt;/b&gt;&lt;b&gt;&lt;/b&gt;&lt;b&gt;&lt;/b&gt;&lt;b&gt;&lt;/b&gt;&lt;b&gt;&lt;/b&gt;&lt;b&gt;&lt;/b&gt;&lt;b&gt;&lt;/b&gt;&lt;b&gt;&lt;/b&gt;&lt;b&gt;&lt;/b&gt;&lt;b&gt;&lt;/b&gt;&lt;b&gt;&lt;/b&gt;&lt;b&gt;&lt;/b&gt;&lt;b&gt;&lt;/b&gt;&lt;b&gt;&lt;/b&gt;&lt;b&gt;&lt;/b&gt;&lt;b&gt;&lt;/b&gt;&lt;b&gt;&lt;/b&gt;&lt;b&gt;&lt;/b&gt;&lt;b&gt;&lt;/b&gt;&lt;b&gt;&lt;/b&gt;&lt;b&gt;&lt;/b&gt;&lt;b&gt;&lt;/b&gt;&lt;b&gt;&lt;/b&gt;&lt;b&gt;&lt;/b&gt;&lt;b&gt;&lt;/b&gt;&lt;b&gt;&lt;/b&gt;&lt;b&gt;&lt;/b&gt;&lt;b&gt;&lt;/b&gt;&lt;b&gt;&lt;/b&gt;&lt;b&gt;&lt;/b&gt;&lt;b&gt;&lt;/b&gt;&lt;b&gt;&lt;/b&gt;&lt;b&gt;&lt;/b&gt;&lt;b&gt;&lt;/b&gt;&lt;b&gt;&lt;/b&gt;&lt;b&gt;&lt;/b&gt;&lt;b&gt;&lt;/b&gt;&lt;b&gt;&lt;/b&gt;&lt;b&gt;&lt;/b&gt;&lt;b&gt;&lt;/b&gt;&lt;b&gt;&lt;/b&gt;&lt;b&gt;&lt;/b&gt;&lt;b&gt;&lt;/b&gt;&lt;b&gt;&lt;/b&gt;&lt;b&gt;&lt;/b&gt;&lt;b&gt;&lt;/b&gt;&lt;b&gt;&lt;/b&gt;&lt;b&gt;&lt;/b&gt;&lt;b&gt;&lt;/b&gt;&lt;b&gt;&lt;/b&gt;&lt;b&gt;&lt;/b&gt;&lt;b&gt;&lt;/b&gt;&lt;b&gt;&lt;/b&gt;&lt;b&gt;&lt;/b&gt;&lt;b&gt;&lt;/b&gt;&lt;b&gt;&lt;/b&gt;&lt;b&gt;&lt;/b&gt;&lt;b&gt;&lt;/b&gt;&lt;b&gt;&lt;/b&gt;&lt;b&gt;&lt;/b&gt;&lt;b&gt;&lt;/b&gt;&lt;b&gt;&lt;/b&gt;&lt;b&gt;&lt;/b&gt;&lt;b&gt;&lt;/b&gt;&lt;b&gt;&lt;/b&gt;&lt;b&gt;&lt;/b&gt;&lt;b&gt;&lt;/b&gt;&lt;b&gt;&lt;/b&gt;&lt;b&gt;&lt;/b&gt;&lt;b&gt;&lt;/b&gt;&lt;b&gt;&lt;/b&gt;&lt;b&gt;&lt;/b&gt;&lt;b&gt;&lt;/b&gt;&lt;b&gt;&lt;/b&gt;&lt;b&gt;&lt;/b&gt;&lt;b&gt;&lt;/b&gt;&lt;b&gt;&lt;/b&gt;&lt;b&gt;&lt;/b&gt;&lt;b&gt;&lt;/b&gt;&lt;b&gt;&lt;/b&gt;&lt;b&gt;&lt;/b&gt;&lt;b&gt;&lt;/b&gt;&lt;b&gt;&lt;/b&gt;&lt;b&gt;&lt;/b&gt;&lt;b&gt;&lt;/b&gt;&lt;b&gt;&lt;/b&gt;&lt;b&gt;&lt;/b&gt;&lt;b&gt;&lt;/b&gt;&lt;b&gt;&lt;/b&gt;&lt;b&gt;&lt;/b&gt;&lt;b&gt;&lt;/b&gt;&lt;b&gt;&lt;/b&gt;&lt;b&gt;&lt;/b&gt;&lt;b&gt;&lt;/b&gt;&lt;b&gt;&lt;/b&gt;&lt;b&gt;&lt;/b&gt;&lt;b&gt;&lt;/b&gt;&lt;b&gt;&lt;/b&gt;&lt;b&gt;&lt;/b&gt;&lt;b&gt;&lt;/b&gt;&lt;b&gt;&lt;/b&gt;&lt;b&gt;&lt;/b&gt;&lt;b&gt;&lt;/b&gt;&lt;b&gt;&lt;/b&gt;&lt;b&gt;&lt;/b&gt;&lt;b&gt;&lt;/b&gt;&lt;b&gt;&lt;/b&gt;&lt;b&gt;&lt;/b&gt;&lt;b&gt;&lt;/b&gt;&lt;b&gt;&lt;/b&gt;&lt;b&gt;&lt;/b&gt;&lt;b&gt;&lt;/b&gt;&lt;b&gt;&lt;/b&gt;&lt;b&gt;&lt;/b&gt;&lt;b&gt;&lt;/b&gt;&lt;b&gt;&lt;/b&gt;&lt;b&gt;&lt;/b&gt;&lt;b&gt;&lt;/b&gt;&lt;b&gt;&lt;/b&gt;&lt;b&gt;&lt;/b&gt;&lt;b&gt;&lt;/b&gt;&lt;b&gt;&lt;/b&gt;&lt;b&gt;&lt;/b&gt;&lt;b&gt;&lt;/b&gt;&lt;b&gt;&lt;/b&gt;&lt;b&gt;&lt;/b&gt;&lt;b&gt;&lt;/b&gt;&lt;b&gt;&lt;/b&gt;&lt;b&gt;&lt;/b&gt;&lt;b&gt;&lt;/b&gt;&lt;b&gt;&lt;/b&gt;&lt;b&gt;&lt;/b&gt;&lt;b&gt;&lt;/b&gt;&lt;b&gt;&lt;/b&gt;&lt;b&gt;&lt;/b&gt;&lt;b&gt;&lt;/b&gt;&lt;b&gt;&lt;/b&gt;&lt;b&gt;&lt;/b&gt;&lt;b&gt;&lt;/b&gt;&lt;b&gt;&lt;/b&gt;&lt;b&gt;&lt;/b&gt;&lt;b&gt;&lt;/b&gt;&lt;b&gt;&lt;/b&gt;&lt;b&gt;&lt;/b&gt;&lt;b&gt;&lt;/b&gt;&lt;b&gt;&lt;/b&gt;&lt;b&gt;&lt;/b&gt;&lt;b&gt;&lt;/b&gt;&lt;b&gt;&lt;/b&gt;&lt;b&gt;&lt;/b&gt;&lt;b&gt;&lt;/b&gt;&lt;b&gt;&lt;/b&gt;&lt;b&gt;&lt;/b&gt;&lt;b&gt;&lt;/b&gt;&lt;b&gt;&lt;/b&gt;&lt;b&gt;&lt;/b&gt;&lt;b&gt;&lt;/b&gt;&lt;b&gt;&lt;/b&gt;&lt;b&gt;&lt;/b&gt;&lt;b&gt;&lt;/b&gt;&lt;b&gt;&lt;/b&gt;&lt;b&gt;&lt;/b&gt;&lt;b&gt;&lt;/b&gt;&lt;b&gt;&lt;/b&gt;&lt;b&gt;&lt;/b&gt;&lt;b&gt;&lt;/b&gt;&lt;b&gt;&lt;/b&gt;&lt;b&gt;&lt;/b&gt;&lt;b&gt;&lt;/b&gt;&lt;b&gt;&lt;/b&gt;&lt;b&gt;&lt;/b&gt;&lt;b&gt;&lt;/b&gt;&lt;b&gt;&lt;/b&gt;&lt;b&gt;&lt;/b&gt;&lt;b&gt;&lt;/b&gt;&lt;b&gt;&lt;/b&gt;&lt;b&gt;&lt;/b&gt;&lt;b&gt;&lt;/b&gt;&lt;b&gt;&lt;/b&gt;&lt;b&gt;&lt;/b&gt;&lt;b&gt;&lt;/b&gt;&lt;b&gt;&lt;/b&gt;&lt;b&gt;&lt;/b&gt;&lt;b&gt;&lt;/b&gt;&lt;b&gt;&lt;/b&gt;&lt;b&gt;&lt;/b&gt;&lt;b&gt;&lt;/b&gt;&lt;b&gt;&lt;/b&gt;&lt;b&gt;&lt;/b&gt;&lt;b&gt;&lt;/b&gt;&lt;b&gt;&lt;/b&gt;&lt;b&gt;&lt;/b&gt;&lt;b&gt;&lt;/b&gt;&lt;b&gt;&lt;/b&gt;&lt;b&gt;&lt;/b&gt;&lt;b&gt;&lt;/b&gt;&lt;b&gt;&lt;/b&gt;&lt;b&gt;&lt;/b&gt;&lt;b&gt;&lt;/b&gt;&lt;b&gt;&lt;/b&gt;&lt;b&gt;&lt;/b&gt;&lt;b&gt;&lt;/b&gt;&lt;b&gt;&lt;/b&gt;&lt;b&gt;&lt;/b&gt;&lt;b&gt;&lt;/b&gt;&lt;b&gt;&lt;/b&gt;&lt;b&gt;&lt;/b&gt;&lt;b&gt;&lt;/b&gt;&lt;b&gt;&lt;/b&gt;&lt;b&gt;&lt;/b&gt;&lt;b&gt;&lt;/b&gt;&lt;b&gt;&lt;/b&gt;&lt;b&gt;&lt;/b&gt;&lt;b&gt;&lt;/b&gt;&lt;b&gt;&lt;/b&gt;&lt;b&gt;&lt;/b&gt;&lt;b&gt;&lt;/b&gt;&lt;b&gt;&lt;/b&gt;&lt;b&gt;&lt;/b&gt;&lt;b&gt;&lt;/b&gt;&lt;b&gt;&lt;/b&gt;&lt;b&gt;&lt;/b&gt;&lt;b&gt;&lt;/b&gt;&lt;b&gt;&lt;/b&gt;&lt;b&gt;&lt;/b&gt;&lt;b&gt;&lt;/b&gt;&lt;b&gt;&lt;/b&gt;&lt;b&gt;&lt;/b&gt;&lt;b&gt;&lt;/b&gt;&lt;b&gt;&lt;/b&gt;&lt;b&gt;&lt;/b&gt;&lt;b&gt;&lt;/b&gt;&lt;b&gt;&lt;/b&gt;&lt;b&gt;&lt;/b&gt;&lt;b&gt;&lt;/b&gt;&lt;b&gt;&lt;/b&gt;&lt;b&gt;&lt;/b&gt;&lt;b&gt;&lt;/b&gt;&lt;b&gt;&lt;/b&gt;&lt;b&gt;&lt;/b&gt;&lt;b&gt;&lt;/b&gt;&lt;b&gt;&lt;/b&gt;&lt;b&gt;&lt;/b&gt;&lt;b&gt;&lt;/b&gt;&lt;b&gt;&lt;/b&gt;&lt;b&gt;&lt;/b&gt;&lt;b&gt;&lt;/b&gt;&lt;b&gt;&lt;/b&gt;&lt;b&gt;&lt;/b&gt;&lt;b&gt;&lt;/b&gt;&lt;b&gt;&lt;/b&gt;&lt;b&gt;&lt;/b&gt;&lt;b&gt;&lt;/b&gt;&lt;b&gt;&lt;/b&gt;&lt;b&gt;&lt;/b&gt;&lt;b&gt;&lt;/b&gt;&lt;b&gt;&lt;/b&gt;&lt;b&gt;&lt;/b&gt;&lt;b&gt;&lt;/b&gt;&lt;b&gt;&lt;/b&gt;&lt;b&gt;&lt;/b&gt;&lt;b&gt;&lt;/b&gt;&lt;b&gt;&lt;/b&gt;&lt;b&gt;&lt;/b&gt;&lt;b&gt;&lt;/b&gt;&lt;b&gt;&lt;/b&gt;&lt;b&gt;&lt;/b&gt;&lt;b&gt;&lt;/b&gt;&lt;b&gt;&lt;/b&gt;&lt;b&gt;&lt;/b&gt;&lt;b&gt;&lt;/b&gt;&lt;b&gt;&lt;/b&gt;&lt;b&gt;&lt;/b&gt;&lt;b&gt;&lt;/b&gt;&lt;b&gt;&lt;/b&gt;&lt;b&gt;&lt;/b&gt;&lt;b&gt;&lt;/b&gt;&lt;b&gt;&lt;/b&gt;&lt;b&gt;&lt;/b&gt;&lt;b&gt;&lt;/b&gt;&lt;b&gt;&lt;/b&gt;&lt;b&gt;&lt;/b&gt;&lt;b&gt;&lt;/b&gt;&lt;b&gt;&lt;/b&gt;&lt;b&gt;&lt;/b&gt;&lt;b&gt;&lt;/b&gt;&lt;b&gt;&lt;/b&gt;&lt;b&gt;&lt;/b&gt;&lt;b&gt;&lt;/b&gt;&lt;b&gt;&lt;/b&gt;&lt;b&gt;&lt;/b&gt;&lt;b&gt;&lt;/b&gt;&lt;b&gt;&lt;/b&gt;&lt;b&gt;&lt;/b&gt;&lt;b&gt;&lt;/b&gt;&lt;b&gt;&lt;/b&gt;&lt;b&gt;&lt;/b&gt;&lt;b&gt;&lt;/b&gt;&lt;b&gt;&lt;/b&gt;&lt;b&gt;&lt;/b&gt;&lt;b&gt;&lt;/b&gt;&lt;b&gt;&lt;/b&gt;&lt;b&gt;&lt;/b&gt;&lt;b&gt;&lt;/b&gt;&lt;b&gt;&lt;/b&gt;&lt;b&gt;&lt;/b&gt;&lt;b&gt;&lt;/b&gt;&lt;b&gt;&lt;/b&gt;&lt;b&gt;&lt;/b&gt;&lt;b&gt;&lt;/b&gt;&lt;b&gt;&lt;/b&gt;&lt;b&gt;&lt;/b&gt;&lt;b&gt;&lt;/b&gt;&lt;b&gt;&lt;/b&gt;&lt;b&gt;&lt;/b&gt;&lt;b&gt;&lt;/b&gt;&lt;b&gt;&lt;/b&gt;&lt;b&gt;&lt;/b&gt;&lt;b&gt;&lt;/b&gt;&lt;b&gt;&lt;/b&gt;&lt;b&gt;&lt;/b&gt;&lt;b&gt;&lt;/b&gt;&lt;b&gt;&lt;/b&gt;&lt;b&gt;&lt;/b&gt;&lt;b&gt;&lt;/b&gt;&lt;b&gt;&lt;/b&gt;&lt;b&gt;&lt;/b&gt;&lt;b&gt;&lt;/b&gt;&lt;b&gt;&lt;/b&gt;&lt;b&gt;&lt;/b&gt;&lt;b&gt;&lt;/b&gt;&lt;b&gt;&lt;/b&gt;&lt;b&gt;&lt;/b&gt;&lt;b&gt;&lt;/b&gt;&lt;b&gt;&lt;/b&gt;&lt;b&gt;&lt;/b&gt;&lt;b&gt;&lt;/b&gt;&lt;b&gt;&lt;/b&gt;&lt;b&gt;&lt;/b&gt;&lt;b&gt;&lt;/b&gt;&lt;b&gt;&lt;/b&gt;&lt;b&gt;&lt;/b&gt;&lt;b&gt;&lt;/b&gt;&lt;b&gt;&lt;/b&gt;&lt;b&gt;&lt;/b&gt;&lt;b&gt;&lt;/b&gt;&lt;b&gt;&lt;/b&gt;&lt;b&gt;&lt;/b&gt;&lt;b&gt;&lt;/b&gt;&lt;b&gt;&lt;/b&gt;&lt;b&gt;&lt;/b&gt;&lt;b&gt;&lt;/b&gt;&lt;b&gt;&lt;/b&gt;&lt;b&gt;&lt;/b&gt;&lt;b&gt;&lt;/b&gt;&lt;b&gt;&lt;/b&gt;&lt;b&gt;&lt;/b&gt;&lt;b&gt;&lt;/b&gt;&lt;b&gt;&lt;/b&gt;&lt;b&gt;&lt;/b&gt;&lt;b&gt;&lt;/b&gt;&lt;b&gt;&lt;/b&gt;&lt;b&gt;&lt;/b&gt;&lt;b&gt;&lt;/b&gt;&lt;b&gt;&lt;/b&gt;&lt;b&gt;&lt;/b&gt;&lt;b&gt;&lt;/b&gt;&lt;b&gt;&lt;/b&gt;&lt;b&gt;&lt;/b&gt;&lt;b&gt;&lt;/b&gt;&lt;b&gt;&lt;/b&gt;&lt;b&gt;&lt;/b&gt;&lt;b&gt;&lt;/b&gt;&lt;b&gt;&lt;/b&gt;&lt;b&gt;&lt;/b&gt;&lt;b&gt;&lt;/b&gt;&lt;b&gt;&lt;/b&gt;&lt;b&gt;&lt;/b&gt;&lt;b&gt;&lt;/b&gt;&lt;b&gt;&lt;/b&gt;&lt;b&gt;&lt;/b&gt;&lt;b&gt;&lt;/b&gt;&lt;b&gt;&lt;/b&gt;&lt;b&gt;&lt;/b&gt;&lt;b&gt;&lt;/b&gt;&lt;b&gt;&lt;/b&gt;&lt;b&gt;&lt;/b&gt;&lt;b&gt;&lt;/b&gt;&lt;b&gt;&lt;/b&gt;&lt;b&gt;&lt;/b&gt;&lt;b&gt;&lt;/b&gt;&lt;b&gt;&lt;/b&gt;&lt;b&gt;&lt;/b&gt;&lt;b&gt;&lt;/b&gt;&lt;b&gt;&lt;/b&gt;&lt;b&gt;&lt;/b&gt;&lt;b&gt;&lt;/b&gt;&lt;b&gt;&lt;/b&gt;&lt;b&gt;&lt;/b&gt;&lt;b&gt;&lt;/b&gt;&lt;b&gt;&lt;/b&gt;&lt;b&gt;&lt;/b&gt;&lt;b&gt;&lt;br /&gt;&lt;img src=&quot;https://e.deviantart.net/emoticons/f/facebook.gif&quot; width=&quot;16&quot; height=&quot;16&quot; alt=&quot;:facebook:&quot; data-embed-type=&quot;emoticon&quot; data-embed-id=&quot;616&quot; title=&quot;Facebook&quot;/&gt; &lt;a class=&quot;external&quot; href=&quot;https://www.deviantart.com/users/outgoing?https://www.facebook.com/CryptidCreations/timeline&quot;&gt;Facebook&lt;/a&gt;&lt;br /&gt;&lt;img src=&quot;https://e.deviantart.net/emoticons/t/twitter_2.gif&quot; width=&quot;16&quot; height=&quot;16&quot; alt=&quot;:twitter:&quot; data-embed-type=&quot;emoticon&quot; data-embed-id=&quot;614&quot; title=&quot;Twitter&quot;/&gt; &lt;a class=&quot;external&quot; href=&quot;https://www.deviantart.com/users/outgoing?https://twitter.com/Piper_Thibodeau&quot;&gt;Twitter&lt;/a&gt;&lt;br /&gt;&lt;img src=&quot;https://e.deviantart.net/emoticons/b/bulletgreen.gif&quot; width=&quot;10&quot; height=&quot;10&quot; alt=&quot;:bulletgreen:&quot; data-embed-type=&quot;emoticon&quot; data-embed-id=&quot;209&quot; title=&quot;Bullet; Green&quot;/&gt; For any business related inquiries please send me an e-mail at cryptidcreations@gmail.com&lt;br /&gt;&lt;/b&gt;&lt;/b&gt;&lt;/b&gt;</media:description>            <media:thumbnail url="https://t00.deviantart.net/xiJFJZ1tHGWZLC--zFy4QtJYZp8=/fit-in/150x150/filters:no_upscale():origin()/pre00/eafe/th/pre/f/2019/048/f/f/daily_paint_2280__crocs_by_cryptid_creations-dd01cby.png" height="103" width="150"/>            <media:thumbnail url="https://t00.deviantart.net/1XEN9mhVKGxne4jkrj2oKR191Vo=/fit-in/300x900/filters:no_upscale():origin()/pre00/eafe/th/pre/f/2019/048/f/f/daily_paint_2280__crocs_by_cryptid_creations-dd01cby.png" height="206" width="300"/>            <media:thumbnail url="https://t00.deviantart.net/r1TVsND6RkpkCxRs27XQGns0bvM=/300x200/filters:fixed_height(100,100):origin()/pre00/eafe/th/pre/f/2019/048/f/f/daily_paint_2280__crocs_by_cryptid_creations-dd01cby.png" height="200" width="292"/>            <media:content url="https://orig00.deviantart.net/1670/f/2019/048/f/f/daily_paint_2280__crocs_by_cryptid_creations-dd01cby.png" height="548" width="800" medium="image"/>            
            <description>&lt;b&gt;&lt;/b&gt;&lt;b&gt;&lt;/b&gt;&lt;b&gt;&lt;/b&gt;&lt;b&gt;&lt;/b&gt;&lt;b&gt;&lt;/b&gt;&lt;b&gt;&lt;/b&gt;&lt;b&gt;&lt;/b&gt;&lt;b&gt;&lt;/b&gt;&lt;b&gt;&lt;/b&gt;&lt;b&gt;&lt;/b&gt;&lt;b&gt;&lt;/b&gt;&lt;b&gt;&lt;/b&gt;&lt;b&gt;&lt;/b&gt;&lt;b&gt;&lt;/b&gt;&lt;b&gt;&lt;/b&gt;&lt;b&gt;&lt;/b&gt;&lt;b&gt;&lt;/b&gt;&lt;b&gt;&lt;/b&gt;&lt;b&gt;&lt;/b&gt;&lt;b&gt;&lt;/b&gt;&lt;b&gt;&lt;/b&gt;&lt;b&gt;&lt;/b&gt;&lt;b&gt;&lt;/b&gt;&lt;b&gt;&lt;/b&gt;&lt;b&gt;&lt;/b&gt;&lt;b&gt;&lt;/b&gt;&lt;b&gt;&lt;/b&gt;&lt;b&gt;&lt;/b&gt;&lt;b&gt;&lt;/b&gt;&lt;b&gt;&lt;/b&gt;&lt;b&gt;&lt;/b&gt;&lt;b&gt;&lt;/b&gt;&lt;b&gt;&lt;/b&gt;&lt;b&gt;&lt;/b&gt;&lt;b&gt;&lt;/b&gt;&lt;b&gt;&lt;/b&gt;&lt;b&gt;&lt;/b&gt;&lt;b&gt;&lt;/b&gt;&lt;b&gt;&lt;/b&gt;&lt;b&gt;&lt;/b&gt;&lt;b&gt;&lt;/b&gt;&lt;b&gt;&lt;/b&gt;&lt;b&gt;&lt;/b&gt;&lt;b&gt;&lt;/b&gt;&lt;b&gt;&lt;/b&gt;&lt;b&gt;&lt;/b&gt;&lt;b&gt;&lt;/b&gt;&lt;b&gt;&lt;/b&gt;&lt;b&gt;&lt;/b&gt;&lt;b&gt;&lt;/b&gt;&lt;b&gt;&lt;/b&gt;&lt;b&gt;&lt;/b&gt;&lt;b&gt;&lt;/b&gt;&lt;b&gt;&lt;/b&gt;&lt;b&gt;&lt;/b&gt;&lt;b&gt;&lt;/b&gt;&lt;b&gt;&lt;/b&gt;&lt;b&gt;&lt;/b&gt;&lt;b&gt;&lt;/b&gt;&lt;b&gt;&lt;/b&gt;&lt;b&gt;&lt;/b&gt;&lt;b&gt;&lt;/b&gt;&lt;b&gt;&lt;/b&gt;&lt;b&gt;&lt;/b&gt;&lt;b&gt;&lt;/b&gt;&lt;b&gt;&lt;/b&gt;&lt;b&gt;&lt;/b&gt;&lt;b&gt;&lt;/b&gt;&lt;b&gt;&lt;/b&gt;&lt;b&gt;&lt;/b&gt;&lt;b&gt;&lt;/b&gt;&lt;b&gt;&lt;/b&gt;&lt;b&gt;&lt;/b&gt;&lt;b&gt;&lt;/b&gt;&lt;b&gt;&lt;/b&gt;&lt;b&gt;&lt;/b&gt;&lt;b&gt;&lt;/b&gt;&lt;b&gt;&lt;/b&gt;&lt;b&gt;&lt;/b&gt;&lt;b&gt;&lt;br /&gt;&lt;a class=&quot;external&quot; href=&quot;https://www.deviantart.com/users/outgoing?http://forgepublishing.com/shop/&quot;&gt;ForgePublishing.com/shop&lt;/a&gt;&lt;br /&gt;&lt;br /&gt;&lt;br /&gt;.&lt;img src=&quot;https://e.deviantart.net/emoticons/b/bulletgreen.gif&quot; width=&quot;10&quot; height=&quot;10&quot; alt=&quot;:bulletgreen:&quot; data-embed-type=&quot;emoticon&quot; data-embed-id=&quot;209&quot; title=&quot;Bullet; Green&quot;/&gt; &lt;b&gt;A big thanks to my Patrons for supporting my work! &lt;img src=&quot;https://e.deviantart.net/emoticons/s/smile.gif&quot; width=&quot;15&quot; height=&quot;15&quot; alt=&quot;:)&quot; data-embed-type=&quot;emoticon&quot; data-embed-id=&quot;391&quot; title=&quot;:) (Smile)&quot;/&gt; For time-lapses, WIP&#039;s and other goodies ---please check out my Patreon.&lt;/b&gt;&lt;b&gt;&lt;/b&gt;&lt;b&gt;&lt;/b&gt;&lt;b&gt;&lt;/b&gt;&lt;b&gt;&lt;/b&gt;&lt;b&gt;&lt;/b&gt;&lt;b&gt;&lt;/b&gt;&lt;b&gt;&lt;/b&gt;&lt;b&gt;&lt;/b&gt;&lt;b&gt;&lt;/b&gt;&lt;b&gt;&lt;/b&gt;&lt;b&gt;&lt;/b&gt;&lt;b&gt;&lt;/b&gt;&lt;b&gt;&lt;/b&gt;&lt;b&gt;&lt;/b&gt;&lt;b&gt;&lt;/b&gt;&lt;b&gt;&lt;/b&gt;&lt;b&gt;&lt;/b&gt;&lt;b&gt;&lt;/b&gt;&lt;b&gt;&lt;/b&gt;&lt;b&gt;&lt;/b&gt;&lt;b&gt;&lt;/b&gt;&lt;b&gt;&lt;/b&gt;&lt;b&gt;&lt;/b&gt;&lt;b&gt;&lt;/b&gt;&lt;b&gt;&lt;/b&gt;&lt;b&gt;&lt;/b&gt;&lt;b&gt;&lt;/b&gt;&lt;b&gt;&lt;/b&gt;&lt;b&gt;&lt;/b&gt;&lt;b&gt;&lt;/b&gt;&lt;b&gt;&lt;/b&gt;&lt;b&gt;&lt;/b&gt;&lt;b&gt;&lt;/b&gt;&lt;b&gt;&lt;/b&gt;&lt;b&gt;&lt;/b&gt;&lt;b&gt;&lt;/b&gt;&lt;b&gt;&lt;/b&gt;&lt;b&gt;&lt;/b&gt;&lt;b&gt;&lt;/b&gt;&lt;b&gt;&lt;/b&gt;&lt;b&gt;&lt;/b&gt;&lt;b&gt;&lt;/b&gt;&lt;b&gt;&lt;/b&gt;&lt;b&gt;&lt;/b&gt;&lt;b&gt;&lt;/b&gt;&lt;b&gt;&lt;/b&gt;&lt;b&gt;&lt;/b&gt;&lt;b&gt;&lt;/b&gt;&lt;b&gt;&lt;/b&gt;&lt;b&gt;&lt;/b&gt;&lt;b&gt;&lt;/b&gt;&lt;b&gt;&lt;/b&gt;&lt;b&gt;&lt;/b&gt;&lt;b&gt;&lt;/b&gt;&lt;b&gt;&lt;/b&gt;&lt;b&gt;&lt;/b&gt;&lt;b&gt;&lt;/b&gt;&lt;b&gt;&lt;/b&gt;&lt;b&gt;&lt;/b&gt;&lt;b&gt;&lt;/b&gt;&lt;b&gt;&lt;/b&gt;&lt;b&gt;&lt;/b&gt;&lt;b&gt;&lt;/b&gt;&lt;b&gt;&lt;/b&gt;&lt;b&gt;&lt;/b&gt;&lt;b&gt;&lt;/b&gt;&lt;b&gt;&lt;/b&gt;&lt;b&gt;&lt;/b&gt;&lt;b&gt;&lt;/b&gt;&lt;b&gt;&lt;/b&gt;&lt;b&gt;&lt;/b&gt;&lt;b&gt;&lt;/b&gt;&lt;b&gt;&lt;/b&gt;&lt;b&gt;&lt;/b&gt;&lt;b&gt;&lt;/b&gt;&lt;b&gt;&lt;/b&gt;&lt;b&gt;&lt;/b&gt;&lt;b&gt;&lt;/b&gt;&lt;b&gt;&lt;/b&gt;&lt;b&gt;&lt;/b&gt;&lt;b&gt;&lt;/b&gt;&lt;b&gt;&lt;/b&gt;&lt;b&gt;&lt;/b&gt;&lt;b&gt;&lt;/b&gt;&lt;b&gt;&lt;/b&gt;&lt;b&gt;&lt;/b&gt;&lt;b&gt;&lt;/b&gt;&lt;b&gt;&lt;/b&gt;&lt;b&gt;&lt;/b&gt;&lt;b&gt;&lt;/b&gt;&lt;b&gt;&lt;/b&gt;&lt;b&gt;&lt;/b&gt;&lt;b&gt;&lt;/b&gt;&lt;b&gt;&lt;/b&gt;&lt;b&gt;&lt;/b&gt;&lt;b&gt;&lt;/b&gt;&lt;b&gt;&lt;/b&gt;&lt;b&gt;&lt;/b&gt;&lt;b&gt;&lt;/b&gt;&lt;b&gt;&lt;/b&gt;&lt;b&gt;&lt;/b&gt;&lt;b&gt;&lt;/b&gt;&lt;b&gt;&lt;/b&gt;&lt;b&gt;&lt;/b&gt;&lt;b&gt;&lt;/b&gt;&lt;b&gt;&lt;/b&gt;&lt;b&gt;&lt;/b&gt;&lt;b&gt;&lt;/b&gt;&lt;b&gt;&lt;/b&gt;&lt;b&gt;&lt;/b&gt;&lt;b&gt;&lt;/b&gt;&lt;b&gt;&lt;/b&gt;&lt;b&gt;&lt;/b&gt;&lt;b&gt;&lt;/b&gt;&lt;b&gt;&lt;/b&gt;&lt;b&gt;&lt;/b&gt;&lt;b&gt;&lt;/b&gt;&lt;b&gt;&lt;/b&gt;&lt;b&gt;&lt;/b&gt;&lt;b&gt;&lt;/b&gt;&lt;b&gt;&lt;/b&gt;&lt;b&gt;&lt;/b&gt;&lt;b&gt;&lt;/b&gt;&lt;b&gt;&lt;/b&gt;&lt;b&gt;&lt;/b&gt;&lt;b&gt;&lt;/b&gt;&lt;b&gt;&lt;/b&gt;&lt;b&gt;&lt;/b&gt;&lt;b&gt;&lt;/b&gt;&lt;b&gt;&lt;/b&gt;&lt;b&gt;&lt;/b&gt;&lt;b&gt;&lt;/b&gt;&lt;b&gt;&lt;/b&gt;&lt;b&gt;&lt;/b&gt;&lt;b&gt;&lt;/b&gt;&lt;b&gt;&lt;/b&gt;&lt;b&gt;&lt;/b&gt;&lt;b&gt;&lt;/b&gt;&lt;b&gt;&lt;/b&gt;&lt;b&gt;&lt;/b&gt;&lt;b&gt;&lt;/b&gt;&lt;b&gt;&lt;/b&gt;&lt;b&gt;&lt;/b&gt;&lt;b&gt;&lt;/b&gt;&lt;b&gt;&lt;/b&gt;&lt;b&gt;&lt;/b&gt;&lt;b&gt;&lt;/b&gt;&lt;b&gt;&lt;/b&gt;&lt;b&gt;&lt;/b&gt;&lt;b&gt;&lt;/b&gt;&lt;b&gt;&lt;/b&gt;&lt;b&gt;&lt;/b&gt;&lt;b&gt;&lt;/b&gt;&lt;b&gt;&lt;/b&gt;&lt;b&gt;&lt;/b&gt;&lt;b&gt;&lt;/b&gt;&lt;b&gt;&lt;/b&gt;&lt;b&gt;&lt;/b&gt;&lt;b&gt;&lt;/b&gt;&lt;b&gt;&lt;/b&gt;&lt;b&gt;&lt;/b&gt;&lt;b&gt;&lt;/b&gt;&lt;b&gt;&lt;/b&gt;&lt;b&gt;&lt;/b&gt;&lt;b&gt;&lt;/b&gt;&lt;b&gt;&lt;/b&gt;&lt;b&gt;&lt;/b&gt;&lt;b&gt;&lt;/b&gt;&lt;b&gt;&lt;/b&gt;&lt;b&gt;&lt;/b&gt;&lt;b&gt;&lt;/b&gt;&lt;b&gt;&lt;/b&gt;&lt;b&gt;&lt;/b&gt;&lt;b&gt;&lt;/b&gt;&lt;b&gt;&lt;/b&gt;&lt;b&gt;&lt;/b&gt;&lt;b&gt;&lt;/b&gt;&lt;b&gt;&lt;/b&gt;&lt;b&gt;&lt;/b&gt;&lt;b&gt;&lt;/b&gt;&lt;b&gt;&lt;/b&gt;&lt;b&gt;&lt;/b&gt;&lt;b&gt;&lt;/b&gt;&lt;b&gt;&lt;/b&gt;&lt;b&gt;&lt;/b&gt;&lt;b&gt;&lt;/b&gt;&lt;b&gt;&lt;/b&gt;&lt;b&gt;&lt;/b&gt;&lt;b&gt;&lt;/b&gt;&lt;b&gt;&lt;/b&gt;&lt;b&gt;&lt;/b&gt;&lt;b&gt;&lt;/b&gt;&lt;b&gt;&lt;/b&gt;&lt;b&gt;&lt;/b&gt;&lt;b&gt;&lt;/b&gt;&lt;b&gt;&lt;/b&gt;&lt;b&gt;&lt;/b&gt;&lt;b&gt;&lt;/b&gt;&lt;b&gt;&lt;/b&gt;&lt;b&gt;&lt;/b&gt;&lt;b&gt;&lt;/b&gt;&lt;b&gt;&lt;/b&gt;&lt;b&gt;&lt;/b&gt;&lt;b&gt;&lt;/b&gt;&lt;b&gt;&lt;/b&gt;&lt;b&gt;&lt;/b&gt;&lt;b&gt;&lt;/b&gt;&lt;b&gt;&lt;/b&gt;&lt;b&gt;&lt;/b&gt;&lt;b&gt;&lt;/b&gt;&lt;b&gt;&lt;/b&gt;&lt;b&gt;&lt;/b&gt;&lt;b&gt;&lt;/b&gt;&lt;b&gt;&lt;/b&gt;&lt;b&gt;&lt;/b&gt;&lt;b&gt;&lt;/b&gt;&lt;b&gt;&lt;/b&gt;&lt;b&gt;&lt;/b&gt;&lt;b&gt;&lt;/b&gt;&lt;b&gt;&lt;/b&gt;&lt;b&gt;&lt;/b&gt;&lt;b&gt;&lt;/b&gt;&lt;b&gt;&lt;/b&gt;&lt;b&gt;&lt;/b&gt;&lt;b&gt;&lt;/b&gt;&lt;b&gt;&lt;/b&gt;&lt;b&gt;&lt;/b&gt;&lt;b&gt;&lt;/b&gt;&lt;b&gt;&lt;/b&gt;&lt;b&gt;&lt;/b&gt;&lt;b&gt;&lt;/b&gt;&lt;b&gt;&lt;/b&gt;&lt;b&gt;&lt;/b&gt;&lt;b&gt;&lt;/b&gt;&lt;b&gt;&lt;/b&gt;&lt;b&gt;&lt;/b&gt;&lt;b&gt;&lt;/b&gt;&lt;b&gt;&lt;/b&gt;&lt;b&gt;&lt;/b&gt;&lt;b&gt;&lt;/b&gt;&lt;b&gt;&lt;/b&gt;&lt;b&gt;&lt;/b&gt;&lt;b&gt;&lt;/b&gt;&lt;b&gt;&lt;/b&gt;&lt;b&gt;&lt;/b&gt;&lt;b&gt;&lt;/b&gt;&lt;b&gt;&lt;/b&gt;&lt;b&gt;&lt;/b&gt;&lt;b&gt;&lt;/b&gt;&lt;b&gt;&lt;/b&gt;&lt;b&gt;&lt;/b&gt;&lt;b&gt;&lt;/b&gt;&lt;b&gt;&lt;/b&gt;&lt;b&gt;&lt;/b&gt;&lt;b&gt;&lt;/b&gt;&lt;b&gt;&lt;/b&gt;&lt;b&gt;&lt;/b&gt;&lt;b&gt;&lt;/b&gt;&lt;b&gt;&lt;/b&gt;&lt;b&gt;&lt;/b&gt;&lt;b&gt;&lt;/b&gt;&lt;b&gt;&lt;/b&gt;&lt;b&gt;&lt;/b&gt;&lt;b&gt;&lt;/b&gt;&lt;b&gt;&lt;/b&gt;&lt;b&gt;&lt;/b&gt;&lt;b&gt;&lt;/b&gt;&lt;b&gt;&lt;/b&gt;&lt;b&gt;&lt;/b&gt;&lt;b&gt;&lt;/b&gt;&lt;b&gt;&lt;/b&gt;&lt;b&gt;&lt;/b&gt;&lt;b&gt;&lt;/b&gt;&lt;b&gt;&lt;/b&gt;&lt;b&gt;&lt;/b&gt;&lt;b&gt;&lt;/b&gt;&lt;b&gt;&lt;/b&gt;&lt;b&gt;&lt;/b&gt;&lt;b&gt;&lt;/b&gt;&lt;b&gt;&lt;/b&gt;&lt;b&gt;&lt;/b&gt;&lt;b&gt;&lt;/b&gt;&lt;b&gt;&lt;/b&gt;&lt;b&gt;&lt;/b&gt;&lt;b&gt;&lt;/b&gt;&lt;b&gt;&lt;/b&gt;&lt;b&gt;&lt;/b&gt;&lt;b&gt;&lt;/b&gt;&lt;b&gt;&lt;/b&gt;&lt;b&gt;&lt;/b&gt;&lt;b&gt;&lt;/b&gt;&lt;b&gt;&lt;/b&gt;&lt;b&gt;&lt;/b&gt;&lt;b&gt;&lt;/b&gt;&lt;b&gt;&lt;/b&gt;&lt;b&gt;&lt;/b&gt;&lt;b&gt;&lt;/b&gt;&lt;b&gt;&lt;/b&gt;&lt;b&gt;&lt;/b&gt;&lt;b&gt;&lt;/b&gt;&lt;b&gt;&lt;/b&gt;&lt;b&gt;&lt;/b&gt;&lt;b&gt;&lt;/b&gt;&lt;b&gt;&lt;/b&gt;&lt;b&gt;&lt;/b&gt;&lt;b&gt;&lt;/b&gt;&lt;b&gt;&lt;/b&gt;&lt;b&gt;&lt;/b&gt;&lt;b&gt;&lt;/b&gt;&lt;b&gt;&lt;/b&gt;&lt;b&gt;&lt;/b&gt;&lt;b&gt;&lt;/b&gt;&lt;b&gt;&lt;/b&gt;&lt;b&gt;&lt;/b&gt;&lt;b&gt;&lt;/b&gt;&lt;b&gt;&lt;/b&gt;&lt;b&gt;&lt;/b&gt;&lt;b&gt;&lt;/b&gt;&lt;b&gt;&lt;/b&gt;&lt;b&gt;&lt;/b&gt;&lt;b&gt;&lt;/b&gt;&lt;b&gt;&lt;/b&gt;&lt;b&gt;&lt;/b&gt;&lt;b&gt;&lt;/b&gt;&lt;b&gt;&lt;/b&gt;&lt;b&gt;&lt;/b&gt;&lt;b&gt;&lt;/b&gt;&lt;b&gt;&lt;/b&gt;&lt;b&gt;&lt;/b&gt;&lt;b&gt;&lt;/b&gt;&lt;b&gt;&lt;/b&gt;&lt;b&gt;&lt;/b&gt;&lt;b&gt;&lt;/b&gt;&lt;b&gt;&lt;/b&gt;&lt;b&gt;&lt;/b&gt;&lt;b&gt;&lt;/b&gt;&lt;b&gt;&lt;/b&gt;&lt;b&gt;&lt;/b&gt;&lt;b&gt;&lt;/b&gt;&lt;b&gt;&lt;/b&gt;&lt;b&gt;&lt;/b&gt;&lt;b&gt;&lt;/b&gt;&lt;b&gt;&lt;/b&gt;&lt;b&gt;&lt;/b&gt;&lt;b&gt;&lt;/b&gt;&lt;b&gt;&lt;/b&gt;&lt;b&gt;&lt;/b&gt;&lt;b&gt;&lt;/b&gt;&lt;b&gt;&lt;/b&gt;&lt;b&gt;&lt;/b&gt;&lt;b&gt;&lt;/b&gt;&lt;b&gt;&lt;/b&gt;&lt;b&gt;&lt;/b&gt;&lt;b&gt;&lt;/b&gt;&lt;b&gt;&lt;/b&gt;&lt;b&gt;&lt;/b&gt;&lt;b&gt;&lt;/b&gt;&lt;b&gt;&lt;/b&gt;&lt;b&gt;&lt;/b&gt;&lt;b&gt;&lt;/b&gt;&lt;b&gt;&lt;/b&gt;&lt;b&gt;&lt;/b&gt;&lt;b&gt;&lt;/b&gt;&lt;b&gt;&lt;/b&gt;&lt;b&gt;&lt;/b&gt;&lt;b&gt;&lt;/b&gt;&lt;b&gt;&lt;/b&gt;&lt;b&gt;&lt;/b&gt;&lt;b&gt;&lt;/b&gt;&lt;b&gt;&lt;/b&gt;&lt;b&gt;&lt;/b&gt;&lt;b&gt;&lt;/b&gt;&lt;b&gt;&lt;/b&gt;&lt;b&gt;&lt;/b&gt;&lt;b&gt;&lt;/b&gt;&lt;b&gt;&lt;/b&gt;&lt;b&gt;&lt;/b&gt;&lt;b&gt;&lt;/b&gt;&lt;b&gt;&lt;/b&gt;&lt;b&gt;&lt;/b&gt;&lt;b&gt;&lt;/b&gt;&lt;b&gt;&lt;/b&gt;&lt;b&gt;&lt;/b&gt;&lt;b&gt;&lt;/b&gt;&lt;b&gt;&lt;/b&gt;&lt;b&gt;&lt;/b&gt;&lt;b&gt;&lt;/b&gt;&lt;b&gt;&lt;/b&gt;&lt;b&gt;&lt;/b&gt;&lt;b&gt;&lt;/b&gt;&lt;b&gt;&lt;/b&gt;&lt;b&gt;&lt;/b&gt;&lt;b&gt;&lt;/b&gt;&lt;b&gt;&lt;/b&gt;&lt;b&gt;&lt;/b&gt;&lt;b&gt;&lt;/b&gt;&lt;b&gt;&lt;/b&gt;&lt;b&gt;&lt;/b&gt;&lt;b&gt;&lt;/b&gt;&lt;b&gt;&lt;/b&gt;&lt;b&gt;&lt;/b&gt;&lt;b&gt;&lt;/b&gt;&lt;b&gt;&lt;/b&gt;&lt;b&gt;&lt;/b&gt;&lt;b&gt;&lt;/b&gt;&lt;b&gt;&lt;/b&gt;&lt;b&gt;&lt;/b&gt;&lt;b&gt;&lt;/b&gt;&lt;b&gt;&lt;/b&gt;&lt;b&gt;&lt;/b&gt;&lt;b&gt;&lt;/b&gt;&lt;b&gt;&lt;/b&gt;&lt;b&gt;&lt;/b&gt;&lt;b&gt;&lt;/b&gt;&lt;b&gt;&lt;/b&gt;&lt;b&gt;&lt;/b&gt;&lt;b&gt;&lt;/b&gt;&lt;b&gt;&lt;/b&gt;&lt;b&gt;&lt;/b&gt;&lt;b&gt;&lt;/b&gt;&lt;b&gt;&lt;/b&gt;&lt;b&gt;&lt;/b&gt;&lt;b&gt;&lt;/b&gt;&lt;b&gt;&lt;/b&gt;&lt;b&gt;&lt;/b&gt;&lt;b&gt;&lt;/b&gt;&lt;b&gt;&lt;/b&gt;&lt;b&gt;&lt;/b&gt;&lt;b&gt;&lt;/b&gt;&lt;b&gt;&lt;/b&gt;&lt;b&gt;&lt;/b&gt;&lt;b&gt;&lt;/b&gt;&lt;b&gt;&lt;/b&gt;&lt;b&gt;&lt;/b&gt;&lt;b&gt;&lt;/b&gt;&lt;b&gt;&lt;/b&gt;&lt;b&gt;&lt;/b&gt;&lt;b&gt;&lt;/b&gt;&lt;b&gt;&lt;/b&gt;&lt;b&gt;&lt;/b&gt;&lt;b&gt;&lt;/b&gt;&lt;b&gt;&lt;/b&gt;&lt;b&gt;&lt;/b&gt;&lt;b&gt;&lt;/b&gt;&lt;b&gt;&lt;/b&gt;&lt;b&gt;&lt;/b&gt;&lt;b&gt;&lt;/b&gt;&lt;b&gt;&lt;/b&gt;&lt;b&gt;&lt;/b&gt;&lt;b&gt;&lt;/b&gt;&lt;b&gt;&lt;/b&gt;&lt;b&gt;&lt;/b&gt;&lt;b&gt;&lt;/b&gt;&lt;b&gt;&lt;/b&gt;&lt;b&gt;&lt;/b&gt;&lt;b&gt;&lt;/b&gt;&lt;b&gt;&lt;/b&gt;&lt;b&gt;&lt;/b&gt;&lt;b&gt;&lt;/b&gt;&lt;b&gt;&lt;/b&gt;&lt;b&gt;&lt;/b&gt;&lt;b&gt;&lt;/b&gt;&lt;b&gt;&lt;/b&gt;&lt;b&gt;&lt;/b&gt;&lt;b&gt;&lt;/b&gt;&lt;b&gt;&lt;/b&gt;&lt;b&gt;&lt;/b&gt;&lt;b&gt;&lt;/b&gt;&lt;b&gt;&lt;/b&gt;&lt;b&gt;&lt;/b&gt;&lt;b&gt;&lt;/b&gt;&lt;b&gt;&lt;/b&gt;&lt;b&gt;&lt;/b&gt;&lt;b&gt;&lt;/b&gt;&lt;b&gt;&lt;/b&gt;&lt;b&gt;&lt;/b&gt;&lt;b&gt;&lt;/b&gt;&lt;b&gt;&lt;/b&gt;&lt;b&gt;&lt;/b&gt;&lt;b&gt;&lt;/b&gt;&lt;b&gt;&lt;/b&gt;&lt;b&gt;&lt;/b&gt;&lt;b&gt;&lt;/b&gt;&lt;b&gt;&lt;/b&gt;&lt;b&gt;&lt;/b&gt;&lt;b&gt;&lt;/b&gt;&lt;b&gt;&lt;br /&gt;&lt;a class=&quot;external&quot; href=&quot;https://www.deviantart.com/users/outgoing?https://www.patreon.com/user?u=457132&amp;amp;ty=c&quot;&gt;Patreon&lt;/a&gt;&lt;br /&gt;&lt;img src=&quot;https://e.deviantart.net/emoticons/b/bulletgreen.gif&quot; width=&quot;10&quot; height=&quot;10&quot; alt=&quot;:bulletgreen:&quot; data-embed-type=&quot;emoticon&quot; data-embed-id=&quot;209&quot; title=&quot;Bullet; Green&quot;/&gt; &lt;b&gt;Other sites to follow my work&lt;/b&gt;&lt;b&gt;&lt;/b&gt;&lt;b&gt;&lt;/b&gt;&lt;b&gt;&lt;/b&gt;&lt;b&gt;&lt;/b&gt;&lt;b&gt;&lt;/b&gt;&lt;b&gt;&lt;/b&gt;&lt;b&gt;&lt;/b&gt;&lt;b&gt;&lt;/b&gt;&lt;b&gt;&lt;/b&gt;&lt;b&gt;&lt;/b&gt;&lt;b&gt;&lt;/b&gt;&lt;b&gt;&lt;/b&gt;&lt;b&gt;&lt;/b&gt;&lt;b&gt;&lt;/b&gt;&lt;b&gt;&lt;/b&gt;&lt;b&gt;&lt;/b&gt;&lt;b&gt;&lt;/b&gt;&lt;b&gt;&lt;/b&gt;&lt;b&gt;&lt;/b&gt;&lt;b&gt;&lt;/b&gt;&lt;b&gt;&lt;/b&gt;&lt;b&gt;&lt;/b&gt;&lt;b&gt;&lt;/b&gt;&lt;b&gt;&lt;/b&gt;&lt;b&gt;&lt;/b&gt;&lt;b&gt;&lt;/b&gt;&lt;b&gt;&lt;/b&gt;&lt;b&gt;&lt;/b&gt;&lt;b&gt;&lt;/b&gt;&lt;b&gt;&lt;/b&gt;&lt;b&gt;&lt;/b&gt;&lt;b&gt;&lt;/b&gt;&lt;b&gt;&lt;/b&gt;&lt;b&gt;&lt;/b&gt;&lt;b&gt;&lt;/b&gt;&lt;b&gt;&lt;/b&gt;&lt;b&gt;&lt;/b&gt;&lt;b&gt;&lt;/b&gt;&lt;b&gt;&lt;/b&gt;&lt;b&gt;&lt;/b&gt;&lt;b&gt;&lt;/b&gt;&lt;b&gt;&lt;/b&gt;&lt;b&gt;&lt;/b&gt;&lt;b&gt;&lt;/b&gt;&lt;b&gt;&lt;/b&gt;&lt;b&gt;&lt;/b&gt;&lt;b&gt;&lt;/b&gt;&lt;b&gt;&lt;/b&gt;&lt;b&gt;&lt;/b&gt;&lt;b&gt;&lt;/b&gt;&lt;b&gt;&lt;/b&gt;&lt;b&gt;&lt;/b&gt;&lt;b&gt;&lt;/b&gt;&lt;b&gt;&lt;/b&gt;&lt;b&gt;&lt;/b&gt;&lt;b&gt;&lt;/b&gt;&lt;b&gt;&lt;/b&gt;&lt;b&gt;&lt;/b&gt;&lt;b&gt;&lt;/b&gt;&lt;b&gt;&lt;/b&gt;&lt;b&gt;&lt;/b&gt;&lt;b&gt;&lt;/b&gt;&lt;b&gt;&lt;/b&gt;&lt;b&gt;&lt;/b&gt;&lt;b&gt;&lt;/b&gt;&lt;b&gt;&lt;/b&gt;&lt;b&gt;&lt;/b&gt;&lt;b&gt;&lt;/b&gt;&lt;b&gt;&lt;/b&gt;&lt;b&gt;&lt;/b&gt;&lt;b&gt;&lt;/b&gt;&lt;b&gt;&lt;/b&gt;&lt;b&gt;&lt;/b&gt;&lt;b&gt;&lt;/b&gt;&lt;b&gt;&lt;/b&gt;&lt;b&gt;&lt;/b&gt;&lt;b&gt;&lt;/b&gt;&lt;b&gt;&lt;/b&gt;&lt;b&gt;&lt;/b&gt;&lt;b&gt;&lt;/b&gt;&lt;b&gt;&lt;/b&gt;&lt;b&gt;&lt;/b&gt;&lt;b&gt;&lt;/b&gt;&lt;b&gt;&lt;/b&gt;&lt;b&gt;&lt;/b&gt;&lt;b&gt;&lt;/b&gt;&lt;b&gt;&lt;/b&gt;&lt;b&gt;&lt;/b&gt;&lt;b&gt;&lt;/b&gt;&lt;b&gt;&lt;/b&gt;&lt;b&gt;&lt;/b&gt;&lt;b&gt;&lt;/b&gt;&lt;b&gt;&lt;/b&gt;&lt;b&gt;&lt;/b&gt;&lt;b&gt;&lt;/b&gt;&lt;b&gt;&lt;/b&gt;&lt;b&gt;&lt;/b&gt;&lt;b&gt;&lt;/b&gt;&lt;b&gt;&lt;/b&gt;&lt;b&gt;&lt;/b&gt;&lt;b&gt;&lt;/b&gt;&lt;b&gt;&lt;/b&gt;&lt;b&gt;&lt;/b&gt;&lt;b&gt;&lt;/b&gt;&lt;b&gt;&lt;/b&gt;&lt;b&gt;&lt;/b&gt;&lt;b&gt;&lt;/b&gt;&lt;b&gt;&lt;/b&gt;&lt;b&gt;&lt;/b&gt;&lt;b&gt;&lt;/b&gt;&lt;b&gt;&lt;/b&gt;&lt;b&gt;&lt;/b&gt;&lt;b&gt;&lt;/b&gt;&lt;b&gt;&lt;/b&gt;&lt;b&gt;&lt;/b&gt;&lt;b&gt;&lt;/b&gt;&lt;b&gt;&lt;/b&gt;&lt;b&gt;&lt;/b&gt;&lt;b&gt;&lt;/b&gt;&lt;b&gt;&lt;/b&gt;&lt;b&gt;&lt;/b&gt;&lt;b&gt;&lt;/b&gt;&lt;b&gt;&lt;/b&gt;&lt;b&gt;&lt;/b&gt;&lt;b&gt;&lt;/b&gt;&lt;b&gt;&lt;/b&gt;&lt;b&gt;&lt;/b&gt;&lt;b&gt;&lt;/b&gt;&lt;b&gt;&lt;/b&gt;&lt;b&gt;&lt;/b&gt;&lt;b&gt;&lt;/b&gt;&lt;b&gt;&lt;/b&gt;&lt;b&gt;&lt;/b&gt;&lt;b&gt;&lt;/b&gt;&lt;b&gt;&lt;/b&gt;&lt;b&gt;&lt;/b&gt;&lt;b&gt;&lt;/b&gt;&lt;b&gt;&lt;/b&gt;&lt;b&gt;&lt;/b&gt;&lt;b&gt;&lt;/b&gt;&lt;b&gt;&lt;/b&gt;&lt;b&gt;&lt;/b&gt;&lt;b&gt;&lt;/b&gt;&lt;b&gt;&lt;/b&gt;&lt;b&gt;&lt;/b&gt;&lt;b&gt;&lt;/b&gt;&lt;b&gt;&lt;/b&gt;&lt;b&gt;&lt;/b&gt;&lt;b&gt;&lt;/b&gt;&lt;b&gt;&lt;/b&gt;&lt;b&gt;&lt;/b&gt;&lt;b&gt;&lt;/b&gt;&lt;b&gt;&lt;/b&gt;&lt;b&gt;&lt;/b&gt;&lt;b&gt;&lt;/b&gt;&lt;b&gt;&lt;/b&gt;&lt;b&gt;&lt;/b&gt;&lt;b&gt;&lt;/b&gt;&lt;b&gt;&lt;/b&gt;&lt;b&gt;&lt;/b&gt;&lt;b&gt;&lt;/b&gt;&lt;b&gt;&lt;/b&gt;&lt;b&gt;&lt;/b&gt;&lt;b&gt;&lt;/b&gt;&lt;b&gt;&lt;/b&gt;&lt;b&gt;&lt;/b&gt;&lt;b&gt;&lt;/b&gt;&lt;b&gt;&lt;/b&gt;&lt;b&gt;&lt;/b&gt;&lt;b&gt;&lt;/b&gt;&lt;b&gt;&lt;/b&gt;&lt;b&gt;&lt;/b&gt;&lt;b&gt;&lt;/b&gt;&lt;b&gt;&lt;/b&gt;&lt;b&gt;&lt;/b&gt;&lt;b&gt;&lt;/b&gt;&lt;b&gt;&lt;/b&gt;&lt;b&gt;&lt;/b&gt;&lt;b&gt;&lt;/b&gt;&lt;b&gt;&lt;/b&gt;&lt;b&gt;&lt;/b&gt;&lt;b&gt;&lt;/b&gt;&lt;b&gt;&lt;/b&gt;&lt;b&gt;&lt;/b&gt;&lt;b&gt;&lt;/b&gt;&lt;b&gt;&lt;/b&gt;&lt;b&gt;&lt;/b&gt;&lt;b&gt;&lt;/b&gt;&lt;b&gt;&lt;/b&gt;&lt;b&gt;&lt;/b&gt;&lt;b&gt;&lt;/b&gt;&lt;b&gt;&lt;/b&gt;&lt;b&gt;&lt;/b&gt;&lt;b&gt;&lt;/b&gt;&lt;b&gt;&lt;/b&gt;&lt;b&gt;&lt;/b&gt;&lt;b&gt;&lt;/b&gt;&lt;b&gt;&lt;/b&gt;&lt;b&gt;&lt;/b&gt;&lt;b&gt;&lt;/b&gt;&lt;b&gt;&lt;/b&gt;&lt;b&gt;&lt;/b&gt;&lt;b&gt;&lt;/b&gt;&lt;b&gt;&lt;/b&gt;&lt;b&gt;&lt;/b&gt;&lt;b&gt;&lt;/b&gt;&lt;b&gt;&lt;/b&gt;&lt;b&gt;&lt;/b&gt;&lt;b&gt;&lt;/b&gt;&lt;b&gt;&lt;/b&gt;&lt;b&gt;&lt;/b&gt;&lt;b&gt;&lt;/b&gt;&lt;b&gt;&lt;/b&gt;&lt;b&gt;&lt;/b&gt;&lt;b&gt;&lt;/b&gt;&lt;b&gt;&lt;/b&gt;&lt;b&gt;&lt;/b&gt;&lt;b&gt;&lt;/b&gt;&lt;b&gt;&lt;/b&gt;&lt;b&gt;&lt;/b&gt;&lt;b&gt;&lt;/b&gt;&lt;b&gt;&lt;/b&gt;&lt;b&gt;&lt;/b&gt;&lt;b&gt;&lt;/b&gt;&lt;b&gt;&lt;/b&gt;&lt;b&gt;&lt;/b&gt;&lt;b&gt;&lt;/b&gt;&lt;b&gt;&lt;/b&gt;&lt;b&gt;&lt;/b&gt;&lt;b&gt;&lt;/b&gt;&lt;b&gt;&lt;/b&gt;&lt;b&gt;&lt;/b&gt;&lt;b&gt;&lt;/b&gt;&lt;b&gt;&lt;/b&gt;&lt;b&gt;&lt;/b&gt;&lt;b&gt;&lt;/b&gt;&lt;b&gt;&lt;/b&gt;&lt;b&gt;&lt;/b&gt;&lt;b&gt;&lt;/b&gt;&lt;b&gt;&lt;/b&gt;&lt;b&gt;&lt;/b&gt;&lt;b&gt;&lt;/b&gt;&lt;b&gt;&lt;/b&gt;&lt;b&gt;&lt;/b&gt;&lt;b&gt;&lt;/b&gt;&lt;b&gt;&lt;/b&gt;&lt;b&gt;&lt;/b&gt;&lt;b&gt;&lt;/b&gt;&lt;b&gt;&lt;/b&gt;&lt;b&gt;&lt;/b&gt;&lt;b&gt;&lt;/b&gt;&lt;b&gt;&lt;/b&gt;&lt;b&gt;&lt;/b&gt;&lt;b&gt;&lt;/b&gt;&lt;b&gt;&lt;/b&gt;&lt;b&gt;&lt;/b&gt;&lt;b&gt;&lt;/b&gt;&lt;b&gt;&lt;/b&gt;&lt;b&gt;&lt;/b&gt;&lt;b&gt;&lt;/b&gt;&lt;b&gt;&lt;/b&gt;&lt;b&gt;&lt;/b&gt;&lt;b&gt;&lt;/b&gt;&lt;b&gt;&lt;/b&gt;&lt;b&gt;&lt;/b&gt;&lt;b&gt;&lt;/b&gt;&lt;b&gt;&lt;/b&gt;&lt;b&gt;&lt;/b&gt;&lt;b&gt;&lt;/b&gt;&lt;b&gt;&lt;/b&gt;&lt;b&gt;&lt;/b&gt;&lt;b&gt;&lt;/b&gt;&lt;b&gt;&lt;/b&gt;&lt;b&gt;&lt;/b&gt;&lt;b&gt;&lt;/b&gt;&lt;b&gt;&lt;/b&gt;&lt;b&gt;&lt;/b&gt;&lt;b&gt;&lt;/b&gt;&lt;b&gt;&lt;/b&gt;&lt;b&gt;&lt;/b&gt;&lt;b&gt;&lt;/b&gt;&lt;b&gt;&lt;/b&gt;&lt;b&gt;&lt;/b&gt;&lt;b&gt;&lt;/b&gt;&lt;b&gt;&lt;/b&gt;&lt;b&gt;&lt;/b&gt;&lt;b&gt;&lt;/b&gt;&lt;b&gt;&lt;/b&gt;&lt;b&gt;&lt;/b&gt;&lt;b&gt;&lt;/b&gt;&lt;b&gt;&lt;/b&gt;&lt;b&gt;&lt;/b&gt;&lt;b&gt;&lt;/b&gt;&lt;b&gt;&lt;/b&gt;&lt;b&gt;&lt;/b&gt;&lt;b&gt;&lt;/b&gt;&lt;b&gt;&lt;/b&gt;&lt;b&gt;&lt;/b&gt;&lt;b&gt;&lt;/b&gt;&lt;b&gt;&lt;/b&gt;&lt;b&gt;&lt;/b&gt;&lt;b&gt;&lt;/b&gt;&lt;b&gt;&lt;/b&gt;&lt;b&gt;&lt;/b&gt;&lt;b&gt;&lt;/b&gt;&lt;b&gt;&lt;/b&gt;&lt;b&gt;&lt;/b&gt;&lt;b&gt;&lt;/b&gt;&lt;b&gt;&lt;/b&gt;&lt;b&gt;&lt;/b&gt;&lt;b&gt;&lt;/b&gt;&lt;b&gt;&lt;/b&gt;&lt;b&gt;&lt;/b&gt;&lt;b&gt;&lt;/b&gt;&lt;b&gt;&lt;/b&gt;&lt;b&gt;&lt;/b&gt;&lt;b&gt;&lt;/b&gt;&lt;b&gt;&lt;/b&gt;&lt;b&gt;&lt;/b&gt;&lt;b&gt;&lt;/b&gt;&lt;b&gt;&lt;/b&gt;&lt;b&gt;&lt;/b&gt;&lt;b&gt;&lt;/b&gt;&lt;b&gt;&lt;/b&gt;&lt;b&gt;&lt;/b&gt;&lt;b&gt;&lt;/b&gt;&lt;b&gt;&lt;/b&gt;&lt;b&gt;&lt;/b&gt;&lt;b&gt;&lt;/b&gt;&lt;b&gt;&lt;/b&gt;&lt;b&gt;&lt;/b&gt;&lt;b&gt;&lt;/b&gt;&lt;b&gt;&lt;/b&gt;&lt;b&gt;&lt;/b&gt;&lt;b&gt;&lt;/b&gt;&lt;b&gt;&lt;/b&gt;&lt;b&gt;&lt;/b&gt;&lt;b&gt;&lt;/b&gt;&lt;b&gt;&lt;/b&gt;&lt;b&gt;&lt;/b&gt;&lt;b&gt;&lt;/b&gt;&lt;b&gt;&lt;/b&gt;&lt;b&gt;&lt;/b&gt;&lt;b&gt;&lt;/b&gt;&lt;b&gt;&lt;/b&gt;&lt;b&gt;&lt;/b&gt;&lt;b&gt;&lt;/b&gt;&lt;b&gt;&lt;/b&gt;&lt;b&gt;&lt;/b&gt;&lt;b&gt;&lt;/b&gt;&lt;b&gt;&lt;/b&gt;&lt;b&gt;&lt;/b&gt;&lt;b&gt;&lt;/b&gt;&lt;b&gt;&lt;/b&gt;&lt;b&gt;&lt;/b&gt;&lt;b&gt;&lt;/b&gt;&lt;b&gt;&lt;/b&gt;&lt;b&gt;&lt;/b&gt;&lt;b&gt;&lt;/b&gt;&lt;b&gt;&lt;/b&gt;&lt;b&gt;&lt;/b&gt;&lt;b&gt;&lt;/b&gt;&lt;b&gt;&lt;/b&gt;&lt;b&gt;&lt;/b&gt;&lt;b&gt;&lt;/b&gt;&lt;b&gt;&lt;/b&gt;&lt;b&gt;&lt;/b&gt;&lt;b&gt;&lt;/b&gt;&lt;b&gt;&lt;/b&gt;&lt;b&gt;&lt;/b&gt;&lt;b&gt;&lt;/b&gt;&lt;b&gt;&lt;/b&gt;&lt;b&gt;&lt;/b&gt;&lt;b&gt;&lt;/b&gt;&lt;b&gt;&lt;/b&gt;&lt;b&gt;&lt;/b&gt;&lt;b&gt;&lt;/b&gt;&lt;b&gt;&lt;/b&gt;&lt;b&gt;&lt;/b&gt;&lt;b&gt;&lt;/b&gt;&lt;b&gt;&lt;/b&gt;&lt;b&gt;&lt;/b&gt;&lt;b&gt;&lt;/b&gt;&lt;b&gt;&lt;/b&gt;&lt;b&gt;&lt;/b&gt;&lt;b&gt;&lt;/b&gt;&lt;b&gt;&lt;/b&gt;&lt;b&gt;&lt;/b&gt;&lt;b&gt;&lt;/b&gt;&lt;b&gt;&lt;/b&gt;&lt;b&gt;&lt;/b&gt;&lt;b&gt;&lt;/b&gt;&lt;b&gt;&lt;/b&gt;&lt;b&gt;&lt;/b&gt;&lt;b&gt;&lt;/b&gt;&lt;b&gt;&lt;/b&gt;&lt;b&gt;&lt;/b&gt;&lt;b&gt;&lt;/b&gt;&lt;b&gt;&lt;/b&gt;&lt;b&gt;&lt;/b&gt;&lt;b&gt;&lt;/b&gt;&lt;b&gt;&lt;/b&gt;&lt;b&gt;&lt;/b&gt;&lt;b&gt;&lt;/b&gt;&lt;b&gt;&lt;/b&gt;&lt;b&gt;&lt;/b&gt;&lt;b&gt;&lt;/b&gt;&lt;b&gt;&lt;/b&gt;&lt;b&gt;&lt;/b&gt;&lt;b&gt;&lt;/b&gt;&lt;b&gt;&lt;/b&gt;&lt;b&gt;&lt;/b&gt;&lt;b&gt;&lt;/b&gt;&lt;b&gt;&lt;/b&gt;&lt;b&gt;&lt;/b&gt;&lt;b&gt;&lt;/b&gt;&lt;b&gt;&lt;/b&gt;&lt;b&gt;&lt;/b&gt;&lt;b&gt;&lt;/b&gt;&lt;b&gt;&lt;/b&gt;&lt;b&gt;&lt;/b&gt;&lt;b&gt;&lt;/b&gt;&lt;b&gt;&lt;/b&gt;&lt;b&gt;&lt;/b&gt;&lt;b&gt;&lt;/b&gt;&lt;b&gt;&lt;/b&gt;&lt;b&gt;&lt;/b&gt;&lt;b&gt;&lt;/b&gt;&lt;b&gt;&lt;/b&gt;&lt;b&gt;&lt;/b&gt;&lt;b&gt;&lt;/b&gt;&lt;b&gt;&lt;/b&gt;&lt;b&gt;&lt;/b&gt;&lt;b&gt;&lt;/b&gt;&lt;b&gt;&lt;/b&gt;&lt;b&gt;&lt;/b&gt;&lt;b&gt;&lt;/b&gt;&lt;b&gt;&lt;/b&gt;&lt;b&gt;&lt;/b&gt;&lt;b&gt;&lt;/b&gt;&lt;b&gt;&lt;/b&gt;&lt;b&gt;&lt;/b&gt;&lt;b&gt;&lt;/b&gt;&lt;b&gt;&lt;/b&gt;&lt;b&gt;&lt;/b&gt;&lt;b&gt;&lt;/b&gt;&lt;b&gt;&lt;/b&gt;&lt;b&gt;&lt;/b&gt;&lt;b&gt;&lt;/b&gt;&lt;b&gt;&lt;/b&gt;&lt;b&gt;&lt;/b&gt;&lt;b&gt;&lt;/b&gt;&lt;b&gt;&lt;/b&gt;&lt;b&gt;&lt;/b&gt;&lt;b&gt;&lt;/b&gt;&lt;b&gt;&lt;/b&gt;&lt;b&gt;&lt;/b&gt;&lt;b&gt;&lt;/b&gt;&lt;b&gt;&lt;/b&gt;&lt;b&gt;&lt;/b&gt;&lt;b&gt;&lt;/b&gt;&lt;b&gt;&lt;/b&gt;&lt;b&gt;&lt;/b&gt;&lt;b&gt;&lt;/b&gt;&lt;b&gt;&lt;/b&gt;&lt;b&gt;&lt;/b&gt;&lt;b&gt;&lt;/b&gt;&lt;b&gt;&lt;/b&gt;&lt;b&gt;&lt;/b&gt;&lt;b&gt;&lt;/b&gt;&lt;b&gt;&lt;/b&gt;&lt;b&gt;&lt;/b&gt;&lt;b&gt;&lt;/b&gt;&lt;b&gt;&lt;/b&gt;&lt;b&gt;&lt;/b&gt;&lt;b&gt;&lt;/b&gt;&lt;b&gt;&lt;/b&gt;&lt;b&gt;&lt;/b&gt;&lt;b&gt;&lt;/b&gt;&lt;b&gt;&lt;/b&gt;&lt;b&gt;&lt;/b&gt;&lt;b&gt;&lt;/b&gt;&lt;b&gt;&lt;/b&gt;&lt;b&gt;&lt;/b&gt;&lt;b&gt;&lt;/b&gt;&lt;b&gt;&lt;/b&gt;&lt;b&gt;&lt;br /&gt;&lt;img src=&quot;https://e.deviantart.net/emoticons/f/facebook.gif&quot; width=&quot;16&quot; height=&quot;16&quot; alt=&quot;:facebook:&quot; data-embed-type=&quot;emoticon&quot; data-embed-id=&quot;616&quot; title=&quot;Facebook&quot;/&gt; &lt;a class=&quot;external&quot; href=&quot;https://www.deviantart.com/users/outgoing?https://www.facebook.com/CryptidCreations/timeline&quot;&gt;Facebook&lt;/a&gt;&lt;br /&gt;&lt;img src=&quot;https://e.deviantart.net/emoticons/t/twitter_2.gif&quot; width=&quot;16&quot; height=&quot;16&quot; alt=&quot;:twitter:&quot; data-embed-type=&quot;emoticon&quot; data-embed-id=&quot;614&quot; title=&quot;Twitter&quot;/&gt; &lt;a class=&quot;external&quot; href=&quot;https://www.deviantart.com/users/outgoing?https://twitter.com/Piper_Thibodeau&quot;&gt;Twitter&lt;/a&gt;&lt;br /&gt;&lt;img src=&quot;https://e.deviantart.net/emoticons/b/bulletgreen.gif&quot; width=&quot;10&quot; height=&quot;10&quot; alt=&quot;:bulletgreen:&quot; data-embed-type=&quot;emoticon&quot; data-embed-id=&quot;209&quot; title=&quot;Bullet; Green&quot;/&gt; For any business related inquiries please send me an e-mail at cryptidcreations@gmail.com&lt;br /&gt;&lt;/b&gt;&lt;/b&gt;&lt;/b&gt;&lt;br /&gt;&lt;div&gt;&lt;img src=&quot;https://t00.deviantart.net/r1TVsND6RkpkCxRs27XQGns0bvM=/300x200/filters:fixed_height(100,100):origin()/pre00/eafe/th/pre/f/2019/048/f/f/daily_paint_2280__crocs_by_cryptid_creations-dd01cby.png&quot; alt=&quot;thumbnail&quot; /&gt;&lt;/div&gt;</description>            </item>
                    <item>
                <title>Kda Dva Widowmaker</title>
                <link>https://liang-xing.deviantart.com/art/Kda-Dva-Widowmaker-786174950</link>
                <guid isPermaLink="true">https://liang-xing.deviantart.com/art/Kda-Dva-Widowmaker-786174950</guid>
                <pubDate>Mon, 18 Feb 2019 06:04:47 PST</pubDate>
                        <media:title type="plain">Kda Dva Widowmaker</media:title>
        <media:keywords></media:keywords>
                        <media:rating>nonadult</media:rating>
                <media:category label="Games">fanart/wallpaper/games</media:category>
        <media:credit role="author" scheme="urn:ebu">Liang-Xing</media:credit>
        <media:credit role="author" scheme="urn:ebu">https://a.deviantart.net/avatars/l/i/liang-xing.jpg?5</media:credit>
        <media:copyright url="https://liang-xing.deviantart.com">Copyright 2019 Liang-Xing</media:copyright>
            <media:community>
                <media:tags>@liangxing719</media:tags>
            </media:community>             <creativeCommons:license>http://creativecommons.org/licenses/by-nc-nd/3.0/</creativeCommons:license>
                <media:description type="html">&lt;b&gt;|&amp;nbsp;&lt;/b&gt;&lt;span&gt;&amp;nbsp;&lt;/span&gt;&lt;b&gt;&lt;a class=&quot;external&quot; href=&quot;https://www.deviantart.com/users/outgoing?https://www.patreon.com/liangxing&quot;&gt;&lt;b&gt;Patreon&lt;/b&gt;&lt;/a&gt;&amp;nbsp;&lt;/b&gt;&lt;b&gt;|&amp;nbsp;&lt;/b&gt;&lt;a href=&quot;https://www.deviantart.com/users/outgoing?https://www.facebook.com/profile.php?id=100011433150377&quot;&gt;&lt;img src=&quot;https://e.deviantart.net/emoticons/f/facebook.gif&quot; alt=&quot;Facebook&quot; style=&quot;width: 16px; height: 16px;&quot; data-embed-type=&quot;emoticon&quot; data-embed-id=&quot;616&quot;&gt;&lt;/a&gt;&lt;span&gt;&amp;nbsp;&lt;/span&gt;&lt;a class=&quot;external&quot; href=&quot;https://www.deviantart.com/users/outgoing?https://www.facebook.com/profile.php?id=100011433150377&quot;&gt;&lt;b&gt;Facebook&lt;/b&gt;&lt;/a&gt;&lt;span&gt;&amp;nbsp;&lt;/span&gt;&lt;b&gt;|&lt;/b&gt;&lt;a href=&quot;https://www.deviantart.com/users/outgoing?https://twitter.com/liangxing719&quot;&gt;&lt;img src=&quot;https://e.deviantart.net/emoticons/t/twitter_2.gif&quot; alt=&quot;Twitter&quot; style=&quot;width: 16px; height: 16px;&quot; data-embed-type=&quot;emoticon&quot; data-embed-id=&quot;614&quot;&gt;&lt;/a&gt;&lt;span&gt;&amp;nbsp;&lt;/span&gt;&lt;a class=&quot;external&quot; href=&quot;https://www.deviantart.com/users/outgoing?https://twitter.com/liangxing719&quot;&gt;&lt;b&gt;Twitter&lt;/b&gt;&lt;/a&gt;&lt;b&gt;&amp;nbsp;&lt;/b&gt;&lt;b&gt;|&amp;nbsp;&lt;/b&gt;&lt;a class=&quot;external&quot; href=&quot;https://www.deviantart.com/users/outgoing?http://weibo.com/LXQYY&quot;&gt;&lt;b&gt;weibo&lt;/b&gt;&lt;/a&gt;&lt;b&gt;&amp;nbsp;&lt;/b&gt;&lt;b&gt;|&lt;/b&gt;&lt;b&gt;&amp;nbsp;&lt;/b&gt;&lt;b&gt;&lt;a class=&quot;external&quot; href=&quot;https://www.deviantart.com/users/outgoing?http://liang-xing.tumblr.com/&quot;&gt;&lt;b&gt;Tumblr&lt;/b&gt;&lt;/a&gt;&amp;nbsp;&lt;/b&gt;&lt;b&gt;|&lt;/b&gt;&lt;a href=&quot;https://www.deviantart.com/liriorox/art/Gumroad-icon-2-545734859&quot; class=&quot;emoticon&quot; data-embed-type=&quot;emoticon&quot; data-embed-id=&quot;545734859&quot; data-embed-profile=&quot;deviation&quot;&gt;&lt;img src=&quot;https://images-wixmp-ed30a86b8c4ca887773594c2.wixmp.com/intermediary/f/0bd87312-636c-4da8-8502-26c542873b11/d90wzpn-47fbf5d8-7dd8-40b0-810d-f16277f51393.png&quot; alt=&quot;Gumroad icon 2&quot; style=&quot;width:16px;height:16px&quot;&gt;&lt;/a&gt;&lt;b&gt;&amp;nbsp;&lt;/b&gt;&lt;a class=&quot;external&quot; href=&quot;https://www.deviantart.com/users/outgoing?https://gumroad.com/liangxing&quot;&gt;&lt;b&gt;Gumroad&lt;/b&gt;&lt;/a&gt;&lt;b&gt;|&lt;/b&gt;&lt;span&gt;&amp;nbsp;&lt;/span&gt;&lt;a class=&quot;external&quot; href=&quot;https://www.deviantart.com/users/outgoing?https://www.instagram.com/liangxing.719/&quot;&gt;&lt;b&gt;instagram&lt;/b&gt;&lt;/a&gt;&lt;br /&gt;&lt;div&gt;&lt;p&gt;&lt;span&gt;Hello guys!This is kda Dva and Widowmaker!I put I put them together,hope you like them.^o^&lt;/span&gt;&lt;br /&gt;&lt;/p&gt;&lt;p&gt;My dear patrons will get:&lt;/p&gt;&lt;p&gt;&amp;nbsp;&amp;#9829; High-Res&lt;/p&gt;&lt;p&gt;&amp;nbsp;&amp;#9829; Process Steps&lt;/p&gt;&lt;p&gt;&amp;nbsp;&amp;#9829; PSD&lt;/p&gt;&lt;p&gt;&amp;nbsp;&amp;#9829; Video Process&lt;/p&gt;&lt;p&gt;&amp;nbsp;&amp;#9829; NSFW&lt;/p&gt;&lt;/div&gt;&lt;div&gt;&lt;b&gt;&lt;a class=&quot;external&quot; href=&quot;https://www.deviantart.com/users/outgoing?https://www.patreon.com/liangxing&quot;&gt;&lt;b&gt;available through my patreon&lt;/b&gt;&lt;/a&gt;&lt;br /&gt;&lt;span class=&quot;shadow-holder&quot; data-embed-type=&quot;deviation&quot; data-embed-id=&quot;785873566&quot; data-embed-format=&quot;thumb&quot;&gt;&lt;span class=&quot;shadow mild&quot; &gt;&lt;a class=&quot;thumb admature&quot; href=&quot;https://www.deviantart.com/liang-xing/art/Kda-Widowmaker-785873566&quot; title=&quot;Kda Widowmaker by Liang-Xing, Feb 16, 2019 in Fan Art &amp;gt; Wallpaper &amp;gt; Games&quot;data-super-img=&quot;https://images-wixmp-ed30a86b8c4ca887773594c2.wixmp.com/intermediary/f/8adefab8-9a4e-4fa7-8ad7-e2e4cf9cf1e9/dczvzxa-4956404a-54d8-4331-890d-c27c761738c3.jpg/v1/fill/w_774,h_1032,q_70,strp/kda_widowmaker_by_liang_xing_dczvzxa-pre.jpg&quot; data-super-width=&quot;774&quot; data-super-height=&quot;1032&quot; data-super-transparent=&quot;false&quot; data-super-alt=&quot;Kda Widowmaker by Liang-Xing&quot; data-super-full-img=&quot;https://images-wixmp-ed30a86b8c4ca887773594c2.wixmp.com/intermediary/f/8adefab8-9a4e-4fa7-8ad7-e2e4cf9cf1e9/dczvzxa-4956404a-54d8-4331-890d-c27c761738c3.jpg&quot; data-super-full-width=&quot;900&quot; data-super-full-height=&quot;1200&quot;        data-sigil=&quot;thumb&quot;&gt;
        &lt;i&gt;&lt;/i&gt;&lt;img   width=&quot;113&quot; height=&quot;150&quot; alt=&quot;Kda Widowmaker by Liang-Xing&quot; src=&quot;https://images-wixmp-ed30a86b8c4ca887773594c2.wixmp.com/intermediary/f/8adefab8-9a4e-4fa7-8ad7-e2e4cf9cf1e9/dczvzxa-4956404a-54d8-4331-890d-c27c761738c3.jpg/v1/fit/w_150,h_150,q_70,strp/kda_widowmaker_by_liang_xing_dczvzxa-150.jpg&quot; data-src=&quot;https://images-wixmp-ed30a86b8c4ca887773594c2.wixmp.com/intermediary/f/8adefab8-9a4e-4fa7-8ad7-e2e4cf9cf1e9/dczvzxa-4956404a-54d8-4331-890d-c27c761738c3.jpg/v1/fit/w_150,h_150,q_70,strp/kda_widowmaker_by_liang_xing_dczvzxa-150.jpg&quot; srcset=&quot;https://images-wixmp-ed30a86b8c4ca887773594c2.wixmp.com/intermediary/f/8adefab8-9a4e-4fa7-8ad7-e2e4cf9cf1e9/dczvzxa-4956404a-54d8-4331-890d-c27c761738c3.jpg/v1/fit/w_150,h_150,q_70,strp/kda_widowmaker_by_liang_xing_dczvzxa-150.jpg 113w,https://images-wixmp-ed30a86b8c4ca887773594c2.wixmp.com/intermediary/f/8adefab8-9a4e-4fa7-8ad7-e2e4cf9cf1e9/dczvzxa-4956404a-54d8-4331-890d-c27c761738c3.jpg/v1/crop/w_188,h_250,x_0,y_0,scl_0.20888888888889,q_70,strp/kda_widowmaker_by_liang_xing_dczvzxa-250t.jpg 188w,https://images-wixmp-ed30a86b8c4ca887773594c2.wixmp.com/intermediary/f/8adefab8-9a4e-4fa7-8ad7-e2e4cf9cf1e9/dczvzxa-4956404a-54d8-4331-890d-c27c761738c3.jpg/v1/crop/w_263,h_350,x_0,y_0,scl_0.29222222222222,q_70,strp/kda_widowmaker_by_liang_xing_dczvzxa-350t.jpg 263w,https://images-wixmp-ed30a86b8c4ca887773594c2.wixmp.com/intermediary/f/8adefab8-9a4e-4fa7-8ad7-e2e4cf9cf1e9/dczvzxa-4956404a-54d8-4331-890d-c27c761738c3.jpg/v1/fill/w_300,h_400,q_70,strp/kda_widowmaker_by_liang_xing_dczvzxa-400t.jpg 300w,https://images-wixmp-ed30a86b8c4ca887773594c2.wixmp.com/intermediary/f/8adefab8-9a4e-4fa7-8ad7-e2e4cf9cf1e9/dczvzxa-4956404a-54d8-4331-890d-c27c761738c3.jpg/v1/fill/w_774,h_1032,q_70,strp/kda_widowmaker_by_liang_xing_dczvzxa-pre.jpg 774w&quot; sizes=&quot;113px&quot;&gt;&lt;/a&gt;&lt;/span&gt;&lt;!-- ^TTT --&gt;&lt;!-- TTT$ --&gt;&lt;/span&gt;&amp;nbsp;&lt;span class=&quot;shadow-holder&quot; data-embed-type=&quot;deviation&quot; data-embed-id=&quot;785451016&quot; data-embed-format=&quot;thumb&quot;&gt;&lt;span class=&quot;shadow mild&quot; &gt;&lt;a class=&quot;thumb&quot; href=&quot;https://www.deviantart.com/liang-xing/art/Kda-Dva-785451016&quot; title=&quot;Kda Dva by Liang-Xing, Feb 13, 2019 in Fan Art &amp;gt; Wallpaper &amp;gt; Games&quot;data-super-img=&quot;https://images-wixmp-ed30a86b8c4ca887773594c2.wixmp.com/intermediary/f/8adefab8-9a4e-4fa7-8ad7-e2e4cf9cf1e9/dczmxvs-f9bf5d5a-a410-4c68-b8ac-aff5d6511d0a.jpg/v1/fill/w_774,h_1032,q_70,strp/kda_dva_by_liang_xing_dczmxvs-pre.jpg&quot; data-super-width=&quot;774&quot; data-super-height=&quot;1032&quot; data-super-transparent=&quot;false&quot; data-super-alt=&quot;Kda Dva by Liang-Xing&quot; data-super-full-img=&quot;https://images-wixmp-ed30a86b8c4ca887773594c2.wixmp.com/intermediary/f/8adefab8-9a4e-4fa7-8ad7-e2e4cf9cf1e9/dczmxvs-f9bf5d5a-a410-4c68-b8ac-aff5d6511d0a.jpg&quot; data-super-full-width=&quot;900&quot; data-super-full-height=&quot;1200&quot;        data-sigil=&quot;thumb&quot;&gt;
        &lt;i&gt;&lt;/i&gt;&lt;img   width=&quot;113&quot; height=&quot;150&quot; alt=&quot;Kda Dva by Liang-Xing&quot; src=&quot;https://images-wixmp-ed30a86b8c4ca887773594c2.wixmp.com/intermediary/f/8adefab8-9a4e-4fa7-8ad7-e2e4cf9cf1e9/dczmxvs-f9bf5d5a-a410-4c68-b8ac-aff5d6511d0a.jpg/v1/fit/w_150,h_150,q_70,strp/kda_dva_by_liang_xing_dczmxvs-150.jpg&quot; data-src=&quot;https://images-wixmp-ed30a86b8c4ca887773594c2.wixmp.com/intermediary/f/8adefab8-9a4e-4fa7-8ad7-e2e4cf9cf1e9/dczmxvs-f9bf5d5a-a410-4c68-b8ac-aff5d6511d0a.jpg/v1/fit/w_150,h_150,q_70,strp/kda_dva_by_liang_xing_dczmxvs-150.jpg&quot; srcset=&quot;https://images-wixmp-ed30a86b8c4ca887773594c2.wixmp.com/intermediary/f/8adefab8-9a4e-4fa7-8ad7-e2e4cf9cf1e9/dczmxvs-f9bf5d5a-a410-4c68-b8ac-aff5d6511d0a.jpg/v1/fit/w_150,h_150,q_70,strp/kda_dva_by_liang_xing_dczmxvs-150.jpg 113w,https://images-wixmp-ed30a86b8c4ca887773594c2.wixmp.com/intermediary/f/8adefab8-9a4e-4fa7-8ad7-e2e4cf9cf1e9/dczmxvs-f9bf5d5a-a410-4c68-b8ac-aff5d6511d0a.jpg/v1/crop/w_188,h_250,x_0,y_0,scl_0.20888888888889,q_70,strp/kda_dva_by_liang_xing_dczmxvs-250t.jpg 188w,https://images-wixmp-ed30a86b8c4ca887773594c2.wixmp.com/intermediary/f/8adefab8-9a4e-4fa7-8ad7-e2e4cf9cf1e9/dczmxvs-f9bf5d5a-a410-4c68-b8ac-aff5d6511d0a.jpg/v1/crop/w_263,h_350,x_0,y_0,scl_0.29222222222222,q_70,strp/kda_dva_by_liang_xing_dczmxvs-350t.jpg 263w,https://images-wixmp-ed30a86b8c4ca887773594c2.wixmp.com/intermediary/f/8adefab8-9a4e-4fa7-8ad7-e2e4cf9cf1e9/dczmxvs-f9bf5d5a-a410-4c68-b8ac-aff5d6511d0a.jpg/v1/fill/w_300,h_400,q_70,strp/kda_dva_by_liang_xing_dczmxvs-400t.jpg 300w,https://images-wixmp-ed30a86b8c4ca887773594c2.wixmp.com/intermediary/f/8adefab8-9a4e-4fa7-8ad7-e2e4cf9cf1e9/dczmxvs-f9bf5d5a-a410-4c68-b8ac-aff5d6511d0a.jpg/v1/fill/w_774,h_1032,q_70,strp/kda_dva_by_liang_xing_dczmxvs-pre.jpg 774w&quot; sizes=&quot;113px&quot;&gt;&lt;/a&gt;&lt;/span&gt;&lt;!-- ^TTT --&gt;&lt;!-- TTT$ --&gt;&lt;/span&gt;&amp;nbsp;&lt;span class=&quot;shadow-holder&quot; data-embed-type=&quot;deviation&quot; data-embed-id=&quot;784865517&quot; data-embed-format=&quot;thumb&quot;&gt;&lt;span class=&quot;shadow mild&quot; &gt;&lt;a class=&quot;thumb&quot; href=&quot;https://www.deviantart.com/liang-xing/art/Happy-new-year-784865517&quot; title=&quot;Happy new year by Liang-Xing, Feb 9, 2019 in Fan Art &amp;gt; Wallpaper &amp;gt; Games&quot;data-super-img=&quot;https://images-wixmp-ed30a86b8c4ca887773594c2.wixmp.com/intermediary/f/8adefab8-9a4e-4fa7-8ad7-e2e4cf9cf1e9/dczae3x-eb8fe87c-ca1a-420d-8f38-9e8cbbc49601.jpg/v1/fill/w_774,h_1032,q_70,strp/happy_new_year_by_liang_xing_dczae3x-pre.jpg&quot; data-super-width=&quot;774&quot; data-super-height=&quot;1032&quot; data-super-transparent=&quot;false&quot; data-super-alt=&quot;Happy new year by Liang-Xing&quot; data-super-full-img=&quot;https://images-wixmp-ed30a86b8c4ca887773594c2.wixmp.com/intermediary/f/8adefab8-9a4e-4fa7-8ad7-e2e4cf9cf1e9/dczae3x-eb8fe87c-ca1a-420d-8f38-9e8cbbc49601.jpg&quot; data-super-full-width=&quot;900&quot; data-super-full-height=&quot;1200&quot;        data-sigil=&quot;thumb&quot;&gt;
        &lt;i&gt;&lt;/i&gt;&lt;img   width=&quot;113&quot; height=&quot;150&quot; alt=&quot;Happy new year by Liang-Xing&quot; src=&quot;https://images-wixmp-ed30a86b8c4ca887773594c2.wixmp.com/intermediary/f/8adefab8-9a4e-4fa7-8ad7-e2e4cf9cf1e9/dczae3x-eb8fe87c-ca1a-420d-8f38-9e8cbbc49601.jpg/v1/fit/w_150,h_150,q_70,strp/happy_new_year_by_liang_xing_dczae3x-150.jpg&quot; data-src=&quot;https://images-wixmp-ed30a86b8c4ca887773594c2.wixmp.com/intermediary/f/8adefab8-9a4e-4fa7-8ad7-e2e4cf9cf1e9/dczae3x-eb8fe87c-ca1a-420d-8f38-9e8cbbc49601.jpg/v1/fit/w_150,h_150,q_70,strp/happy_new_year_by_liang_xing_dczae3x-150.jpg&quot; srcset=&quot;https://images-wixmp-ed30a86b8c4ca887773594c2.wixmp.com/intermediary/f/8adefab8-9a4e-4fa7-8ad7-e2e4cf9cf1e9/dczae3x-eb8fe87c-ca1a-420d-8f38-9e8cbbc49601.jpg/v1/fit/w_150,h_150,q_70,strp/happy_new_year_by_liang_xing_dczae3x-150.jpg 113w,https://images-wixmp-ed30a86b8c4ca887773594c2.wixmp.com/intermediary/f/8adefab8-9a4e-4fa7-8ad7-e2e4cf9cf1e9/dczae3x-eb8fe87c-ca1a-420d-8f38-9e8cbbc49601.jpg/v1/crop/w_188,h_250,x_0,y_0,scl_0.20888888888889,q_70,strp/happy_new_year_by_liang_xing_dczae3x-250t.jpg 188w,https://images-wixmp-ed30a86b8c4ca887773594c2.wixmp.com/intermediary/f/8adefab8-9a4e-4fa7-8ad7-e2e4cf9cf1e9/dczae3x-eb8fe87c-ca1a-420d-8f38-9e8cbbc49601.jpg/v1/crop/w_263,h_350,x_0,y_0,scl_0.29222222222222,q_70,strp/happy_new_year_by_liang_xing_dczae3x-350t.jpg 263w,https://images-wixmp-ed30a86b8c4ca887773594c2.wixmp.com/intermediary/f/8adefab8-9a4e-4fa7-8ad7-e2e4cf9cf1e9/dczae3x-eb8fe87c-ca1a-420d-8f38-9e8cbbc49601.jpg/v1/fill/w_300,h_400,q_70,strp/happy_new_year_by_liang_xing_dczae3x-400t.jpg 300w,https://images-wixmp-ed30a86b8c4ca887773594c2.wixmp.com/intermediary/f/8adefab8-9a4e-4fa7-8ad7-e2e4cf9cf1e9/dczae3x-eb8fe87c-ca1a-420d-8f38-9e8cbbc49601.jpg/v1/fill/w_774,h_1032,q_70,strp/happy_new_year_by_liang_xing_dczae3x-pre.jpg 774w&quot; sizes=&quot;113px&quot;&gt;&lt;/a&gt;&lt;/span&gt;&lt;!-- ^TTT --&gt;&lt;!-- TTT$ --&gt;&lt;/span&gt;&amp;nbsp;&lt;span class=&quot;shadow-holder&quot; data-embed-type=&quot;deviation&quot; data-embed-id=&quot;784012377&quot; data-embed-format=&quot;thumb&quot;&gt;&lt;span class=&quot;shadow mild&quot; &gt;&lt;a class=&quot;thumb&quot; href=&quot;https://www.deviantart.com/liang-xing/art/Ada-Wong-784012377&quot; title=&quot;Ada Wong by Liang-Xing, Feb 3, 2019 in Fan Art &amp;gt; Wallpaper &amp;gt; Games&quot;data-super-img=&quot;https://images-wixmp-ed30a86b8c4ca887773594c2.wixmp.com/intermediary/f/8adefab8-9a4e-4fa7-8ad7-e2e4cf9cf1e9/dcys3tl-2290203b-9965-4eec-9ef7-fbad1051edbf.jpg/v1/fill/w_774,h_1032,q_70,strp/ada_wong_by_liang_xing_dcys3tl-pre.jpg&quot; data-super-width=&quot;774&quot; data-super-height=&quot;1032&quot; data-super-transparent=&quot;false&quot; data-super-alt=&quot;Ada Wong by Liang-Xing&quot; data-super-full-img=&quot;https://images-wixmp-ed30a86b8c4ca887773594c2.wixmp.com/intermediary/f/8adefab8-9a4e-4fa7-8ad7-e2e4cf9cf1e9/dcys3tl-2290203b-9965-4eec-9ef7-fbad1051edbf.jpg&quot; data-super-full-width=&quot;900&quot; data-super-full-height=&quot;1200&quot;        data-sigil=&quot;thumb&quot;&gt;
        &lt;i&gt;&lt;/i&gt;&lt;img   width=&quot;113&quot; height=&quot;150&quot; alt=&quot;Ada Wong by Liang-Xing&quot; src=&quot;https://images-wixmp-ed30a86b8c4ca887773594c2.wixmp.com/intermediary/f/8adefab8-9a4e-4fa7-8ad7-e2e4cf9cf1e9/dcys3tl-2290203b-9965-4eec-9ef7-fbad1051edbf.jpg/v1/fit/w_150,h_150,q_70,strp/ada_wong_by_liang_xing_dcys3tl-150.jpg&quot; data-src=&quot;https://images-wixmp-ed30a86b8c4ca887773594c2.wixmp.com/intermediary/f/8adefab8-9a4e-4fa7-8ad7-e2e4cf9cf1e9/dcys3tl-2290203b-9965-4eec-9ef7-fbad1051edbf.jpg/v1/fit/w_150,h_150,q_70,strp/ada_wong_by_liang_xing_dcys3tl-150.jpg&quot; srcset=&quot;https://images-wixmp-ed30a86b8c4ca887773594c2.wixmp.com/intermediary/f/8adefab8-9a4e-4fa7-8ad7-e2e4cf9cf1e9/dcys3tl-2290203b-9965-4eec-9ef7-fbad1051edbf.jpg/v1/fit/w_150,h_150,q_70,strp/ada_wong_by_liang_xing_dcys3tl-150.jpg 113w,https://images-wixmp-ed30a86b8c4ca887773594c2.wixmp.com/intermediary/f/8adefab8-9a4e-4fa7-8ad7-e2e4cf9cf1e9/dcys3tl-2290203b-9965-4eec-9ef7-fbad1051edbf.jpg/v1/crop/w_188,h_250,x_0,y_0,scl_0.20888888888889,q_70,strp/ada_wong_by_liang_xing_dcys3tl-250t.jpg 188w,https://images-wixmp-ed30a86b8c4ca887773594c2.wixmp.com/intermediary/f/8adefab8-9a4e-4fa7-8ad7-e2e4cf9cf1e9/dcys3tl-2290203b-9965-4eec-9ef7-fbad1051edbf.jpg/v1/crop/w_263,h_350,x_0,y_0,scl_0.29222222222222,q_70,strp/ada_wong_by_liang_xing_dcys3tl-350t.jpg 263w,https://images-wixmp-ed30a86b8c4ca887773594c2.wixmp.com/intermediary/f/8adefab8-9a4e-4fa7-8ad7-e2e4cf9cf1e9/dcys3tl-2290203b-9965-4eec-9ef7-fbad1051edbf.jpg/v1/fill/w_300,h_400,q_70,strp/ada_wong_by_liang_xing_dcys3tl-400t.jpg 300w,https://images-wixmp-ed30a86b8c4ca887773594c2.wixmp.com/intermediary/f/8adefab8-9a4e-4fa7-8ad7-e2e4cf9cf1e9/dcys3tl-2290203b-9965-4eec-9ef7-fbad1051edbf.jpg/v1/fill/w_774,h_1032,q_70,strp/ada_wong_by_liang_xing_dcys3tl-pre.jpg 774w&quot; sizes=&quot;113px&quot;&gt;&lt;/a&gt;&lt;/span&gt;&lt;!-- ^TTT --&gt;&lt;!-- TTT$ --&gt;&lt;/span&gt;&amp;nbsp;&lt;span class=&quot;shadow-holder&quot; data-embed-type=&quot;deviation&quot; data-embed-id=&quot;773243104&quot; data-embed-format=&quot;thumb&quot;&gt;&lt;span class=&quot;shadow mild&quot; &gt;&lt;a class=&quot;thumb&quot; href=&quot;https://www.deviantart.com/liang-xing/art/KDA-Akali-773243104&quot; title=&quot;KDA Akali by Liang-Xing, Nov 19, 2018 in Fan Art &amp;gt; Wallpaper &amp;gt; Games&quot;data-super-img=&quot;https://images-wixmp-ed30a86b8c4ca887773594c2.wixmp.com/intermediary/f/8adefab8-9a4e-4fa7-8ad7-e2e4cf9cf1e9/dcsda74-8ab5cfa7-3837-41d1-8b6f-4ee918602f2f.jpg/v1/fill/w_836,h_956,q_70,strp/kda_akali_by_liang_xing_dcsda74-pre.jpg&quot; data-super-width=&quot;836&quot; data-super-height=&quot;956&quot; data-super-transparent=&quot;false&quot; data-super-alt=&quot;KDA Akali by Liang-Xing&quot; data-super-full-img=&quot;https://images-wixmp-ed30a86b8c4ca887773594c2.wixmp.com/intermediary/f/8adefab8-9a4e-4fa7-8ad7-e2e4cf9cf1e9/dcsda74-8ab5cfa7-3837-41d1-8b6f-4ee918602f2f.jpg&quot; data-super-full-width=&quot;1000&quot; data-super-full-height=&quot;1143&quot;        data-sigil=&quot;thumb&quot;&gt;
        &lt;i&gt;&lt;/i&gt;&lt;img   width=&quot;131&quot; height=&quot;150&quot; alt=&quot;KDA Akali by Liang-Xing&quot; src=&quot;https://images-wixmp-ed30a86b8c4ca887773594c2.wixmp.com/intermediary/f/8adefab8-9a4e-4fa7-8ad7-e2e4cf9cf1e9/dcsda74-8ab5cfa7-3837-41d1-8b6f-4ee918602f2f.jpg/v1/fit/w_150,h_150,q_70,strp/kda_akali_by_liang_xing_dcsda74-150.jpg&quot; data-src=&quot;https://images-wixmp-ed30a86b8c4ca887773594c2.wixmp.com/intermediary/f/8adefab8-9a4e-4fa7-8ad7-e2e4cf9cf1e9/dcsda74-8ab5cfa7-3837-41d1-8b6f-4ee918602f2f.jpg/v1/fit/w_150,h_150,q_70,strp/kda_akali_by_liang_xing_dcsda74-150.jpg&quot; srcset=&quot;https://images-wixmp-ed30a86b8c4ca887773594c2.wixmp.com/intermediary/f/8adefab8-9a4e-4fa7-8ad7-e2e4cf9cf1e9/dcsda74-8ab5cfa7-3837-41d1-8b6f-4ee918602f2f.jpg/v1/fit/w_150,h_150,q_70,strp/kda_akali_by_liang_xing_dcsda74-150.jpg 131w,https://images-wixmp-ed30a86b8c4ca887773594c2.wixmp.com/intermediary/f/8adefab8-9a4e-4fa7-8ad7-e2e4cf9cf1e9/dcsda74-8ab5cfa7-3837-41d1-8b6f-4ee918602f2f.jpg/v1/fill/w_219,h_250,q_70,strp/kda_akali_by_liang_xing_dcsda74-250t.jpg 219w,https://images-wixmp-ed30a86b8c4ca887773594c2.wixmp.com/intermediary/f/8adefab8-9a4e-4fa7-8ad7-e2e4cf9cf1e9/dcsda74-8ab5cfa7-3837-41d1-8b6f-4ee918602f2f.jpg/v1/fill/w_306,h_350,q_70,strp/kda_akali_by_liang_xing_dcsda74-350t.jpg 306w,https://images-wixmp-ed30a86b8c4ca887773594c2.wixmp.com/intermediary/f/8adefab8-9a4e-4fa7-8ad7-e2e4cf9cf1e9/dcsda74-8ab5cfa7-3837-41d1-8b6f-4ee918602f2f.jpg/v1/fill/w_350,h_400,q_70,strp/kda_akali_by_liang_xing_dcsda74-400t.jpg 350w,https://images-wixmp-ed30a86b8c4ca887773594c2.wixmp.com/intermediary/f/8adefab8-9a4e-4fa7-8ad7-e2e4cf9cf1e9/dcsda74-8ab5cfa7-3837-41d1-8b6f-4ee918602f2f.jpg/v1/fill/w_836,h_956,q_70,strp/kda_akali_by_liang_xing_dcsda74-pre.jpg 836w&quot; sizes=&quot;131px&quot;&gt;&lt;/a&gt;&lt;/span&gt;&lt;!-- ^TTT --&gt;&lt;!-- TTT$ --&gt;&lt;/span&gt;&amp;nbsp;&lt;span class=&quot;shadow-holder&quot; data-embed-type=&quot;deviation&quot; data-embed-id=&quot;771859897&quot; data-embed-format=&quot;thumb&quot;&gt;&lt;span class=&quot;shadow mild&quot; &gt;&lt;a class=&quot;thumb&quot; href=&quot;https://www.deviantart.com/liang-xing/art/Ashe-771859897&quot; title=&quot;Ashe by Liang-Xing, Nov 9, 2018 in Fan Art &amp;gt; Wallpaper &amp;gt; Games&quot;data-super-img=&quot;https://images-wixmp-ed30a86b8c4ca887773594c2.wixmp.com/intermediary/f/8adefab8-9a4e-4fa7-8ad7-e2e4cf9cf1e9/dcrjmwp-771de498-8c39-4408-860a-a8d9072f0ec7.jpg&quot; data-super-width=&quot;750&quot; data-super-height=&quot;1000&quot; data-super-transparent=&quot;false&quot; data-super-alt=&quot;Ashe by Liang-Xing&quot; data-super-full-img=&quot;https://images-wixmp-ed30a86b8c4ca887773594c2.wixmp.com/intermediary/f/8adefab8-9a4e-4fa7-8ad7-e2e4cf9cf1e9/dcrjmwp-771de498-8c39-4408-860a-a8d9072f0ec7.jpg&quot; data-super-full-width=&quot;750&quot; data-super-full-height=&quot;1000&quot;        data-sigil=&quot;thumb&quot;&gt;
        &lt;i&gt;&lt;/i&gt;&lt;img   width=&quot;113&quot; height=&quot;150&quot; alt=&quot;Ashe by Liang-Xing&quot; src=&quot;https://images-wixmp-ed30a86b8c4ca887773594c2.wixmp.com/intermediary/f/8adefab8-9a4e-4fa7-8ad7-e2e4cf9cf1e9/dcrjmwp-771de498-8c39-4408-860a-a8d9072f0ec7.jpg/v1/fit/w_150,h_150,q_70,strp/ashe_by_liang_xing_dcrjmwp-150.jpg&quot; data-src=&quot;https://images-wixmp-ed30a86b8c4ca887773594c2.wixmp.com/intermediary/f/8adefab8-9a4e-4fa7-8ad7-e2e4cf9cf1e9/dcrjmwp-771de498-8c39-4408-860a-a8d9072f0ec7.jpg/v1/fit/w_150,h_150,q_70,strp/ashe_by_liang_xing_dcrjmwp-150.jpg&quot; srcset=&quot;https://images-wixmp-ed30a86b8c4ca887773594c2.wixmp.com/intermediary/f/8adefab8-9a4e-4fa7-8ad7-e2e4cf9cf1e9/dcrjmwp-771de498-8c39-4408-860a-a8d9072f0ec7.jpg/v1/fit/w_150,h_150,q_70,strp/ashe_by_liang_xing_dcrjmwp-150.jpg 113w,https://images-wixmp-ed30a86b8c4ca887773594c2.wixmp.com/intermediary/f/8adefab8-9a4e-4fa7-8ad7-e2e4cf9cf1e9/dcrjmwp-771de498-8c39-4408-860a-a8d9072f0ec7.jpg/v1/crop/w_188,h_250,x_0,y_0,scl_0.25066666666667,q_70,strp/ashe_by_liang_xing_dcrjmwp-250t.jpg 188w,https://images-wixmp-ed30a86b8c4ca887773594c2.wixmp.com/intermediary/f/8adefab8-9a4e-4fa7-8ad7-e2e4cf9cf1e9/dcrjmwp-771de498-8c39-4408-860a-a8d9072f0ec7.jpg/v1/crop/w_263,h_350,x_0,y_0,scl_0.35066666666667,q_70,strp/ashe_by_liang_xing_dcrjmwp-350t.jpg 263w,https://images-wixmp-ed30a86b8c4ca887773594c2.wixmp.com/intermediary/f/8adefab8-9a4e-4fa7-8ad7-e2e4cf9cf1e9/dcrjmwp-771de498-8c39-4408-860a-a8d9072f0ec7.jpg/v1/fill/w_300,h_400,q_70,strp/ashe_by_liang_xing_dcrjmwp-400t.jpg 300w,https://images-wixmp-ed30a86b8c4ca887773594c2.wixmp.com/intermediary/f/8adefab8-9a4e-4fa7-8ad7-e2e4cf9cf1e9/dcrjmwp-771de498-8c39-4408-860a-a8d9072f0ec7.jpg 750w&quot; sizes=&quot;113px&quot;&gt;&lt;/a&gt;&lt;/span&gt;&lt;!-- ^TTT --&gt;&lt;!-- TTT$ --&gt;&lt;/span&gt;&amp;nbsp;&lt;/b&gt;&lt;/div&gt;</media:description>            <media:thumbnail url="https://t00.deviantart.net/wYoer-1VdkQB7giqRNfE_06Hf1w=/fit-in/150x150/filters:no_upscale():origin()/pre00/7d2e/th/pre/f/2019/049/b/a/kda_dva_widowmaker_by_liang_xing-dd02gh2.jpg" height="150" width="131"/>            <media:thumbnail url="https://t00.deviantart.net/PmNjvfn8wqaGLac8E30y0UUbP1k=/fit-in/300x900/filters:no_upscale():origin()/pre00/7d2e/th/pre/f/2019/049/b/a/kda_dva_widowmaker_by_liang_xing-dd02gh2.jpg" height="343" width="300"/>            <media:thumbnail url="https://t00.deviantart.net/jgIBOy8liTCYVEIot_W2Yj6RTns=/300x200/filters:fixed_height(100,100):origin()/pre00/7d2e/th/pre/f/2019/049/b/a/kda_dva_widowmaker_by_liang_xing-dd02gh2.jpg" height="200" width="175"/>            <media:content url="https://pre00.deviantart.net/7d2e/th/pre/f/2019/049/b/a/kda_dva_widowmaker_by_liang_xing-dd02gh2.jpg" height="956" width="836" medium="image"/>            
            <description>&lt;b&gt;|&amp;nbsp;&lt;/b&gt;&lt;span&gt;&amp;nbsp;&lt;/span&gt;&lt;b&gt;&lt;a class=&quot;external&quot; href=&quot;https://www.deviantart.com/users/outgoing?https://www.patreon.com/liangxing&quot;&gt;&lt;b&gt;Patreon&lt;/b&gt;&lt;/a&gt;&amp;nbsp;&lt;/b&gt;&lt;b&gt;|&amp;nbsp;&lt;/b&gt;&lt;a href=&quot;https://www.deviantart.com/users/outgoing?https://www.facebook.com/profile.php?id=100011433150377&quot;&gt;&lt;img src=&quot;https://e.deviantart.net/emoticons/f/facebook.gif&quot; alt=&quot;Facebook&quot; style=&quot;width: 16px; height: 16px;&quot; data-embed-type=&quot;emoticon&quot; data-embed-id=&quot;616&quot;&gt;&lt;/a&gt;&lt;span&gt;&amp;nbsp;&lt;/span&gt;&lt;a class=&quot;external&quot; href=&quot;https://www.deviantart.com/users/outgoing?https://www.facebook.com/profile.php?id=100011433150377&quot;&gt;&lt;b&gt;Facebook&lt;/b&gt;&lt;/a&gt;&lt;span&gt;&amp;nbsp;&lt;/span&gt;&lt;b&gt;|&lt;/b&gt;&lt;a href=&quot;https://www.deviantart.com/users/outgoing?https://twitter.com/liangxing719&quot;&gt;&lt;img src=&quot;https://e.deviantart.net/emoticons/t/twitter_2.gif&quot; alt=&quot;Twitter&quot; style=&quot;width: 16px; height: 16px;&quot; data-embed-type=&quot;emoticon&quot; data-embed-id=&quot;614&quot;&gt;&lt;/a&gt;&lt;span&gt;&amp;nbsp;&lt;/span&gt;&lt;a class=&quot;external&quot; href=&quot;https://www.deviantart.com/users/outgoing?https://twitter.com/liangxing719&quot;&gt;&lt;b&gt;Twitter&lt;/b&gt;&lt;/a&gt;&lt;b&gt;&amp;nbsp;&lt;/b&gt;&lt;b&gt;|&amp;nbsp;&lt;/b&gt;&lt;a class=&quot;external&quot; href=&quot;https://www.deviantart.com/users/outgoing?http://weibo.com/LXQYY&quot;&gt;&lt;b&gt;weibo&lt;/b&gt;&lt;/a&gt;&lt;b&gt;&amp;nbsp;&lt;/b&gt;&lt;b&gt;|&lt;/b&gt;&lt;b&gt;&amp;nbsp;&lt;/b&gt;&lt;b&gt;&lt;a class=&quot;external&quot; href=&quot;https://www.deviantart.com/users/outgoing?http://liang-xing.tumblr.com/&quot;&gt;&lt;b&gt;Tumblr&lt;/b&gt;&lt;/a&gt;&amp;nbsp;&lt;/b&gt;&lt;b&gt;|&lt;/b&gt;&lt;a href=&quot;https://www.deviantart.com/liriorox/art/Gumroad-icon-2-545734859&quot; class=&quot;emoticon&quot; data-embed-type=&quot;emoticon&quot; data-embed-id=&quot;545734859&quot; data-embed-profile=&quot;deviation&quot;&gt;&lt;img src=&quot;https://images-wixmp-ed30a86b8c4ca887773594c2.wixmp.com/intermediary/f/0bd87312-636c-4da8-8502-26c542873b11/d90wzpn-47fbf5d8-7dd8-40b0-810d-f16277f51393.png&quot; alt=&quot;Gumroad icon 2&quot; style=&quot;width:16px;height:16px&quot;&gt;&lt;/a&gt;&lt;b&gt;&amp;nbsp;&lt;/b&gt;&lt;a class=&quot;external&quot; href=&quot;https://www.deviantart.com/users/outgoing?https://gumroad.com/liangxing&quot;&gt;&lt;b&gt;Gumroad&lt;/b&gt;&lt;/a&gt;&lt;b&gt;|&lt;/b&gt;&lt;span&gt;&amp;nbsp;&lt;/span&gt;&lt;a class=&quot;external&quot; href=&quot;https://www.deviantart.com/users/outgoing?https://www.instagram.com/liangxing.719/&quot;&gt;&lt;b&gt;instagram&lt;/b&gt;&lt;/a&gt;&lt;br /&gt;&lt;div&gt;&lt;p&gt;&lt;span&gt;Hello guys!This is kda Dva and Widowmaker!I put I put them together,hope you like them.^o^&lt;/span&gt;&lt;br /&gt;&lt;/p&gt;&lt;p&gt;My dear patrons will get:&lt;/p&gt;&lt;p&gt;&amp;nbsp;&amp;#9829; High-Res&lt;/p&gt;&lt;p&gt;&amp;nbsp;&amp;#9829; Process Steps&lt;/p&gt;&lt;p&gt;&amp;nbsp;&amp;#9829; PSD&lt;/p&gt;&lt;p&gt;&amp;nbsp;&amp;#9829; Video Process&lt;/p&gt;&lt;p&gt;&amp;nbsp;&amp;#9829; NSFW&lt;/p&gt;&lt;/div&gt;&lt;div&gt;&lt;b&gt;&lt;a class=&quot;external&quot; href=&quot;https://www.deviantart.com/users/outgoing?https://www.patreon.com/liangxing&quot;&gt;&lt;b&gt;available through my patreon&lt;/b&gt;&lt;/a&gt;&lt;br /&gt;&lt;span class=&quot;shadow-holder&quot; data-embed-type=&quot;deviation&quot; data-embed-id=&quot;785873566&quot; data-embed-format=&quot;thumb&quot;&gt;&lt;span class=&quot;shadow mild&quot; &gt;&lt;a class=&quot;thumb admature&quot; href=&quot;https://www.deviantart.com/liang-xing/art/Kda-Widowmaker-785873566&quot; title=&quot;Kda Widowmaker by Liang-Xing, Feb 16, 2019 in Fan Art &amp;gt; Wallpaper &amp;gt; Games&quot;data-super-img=&quot;https://images-wixmp-ed30a86b8c4ca887773594c2.wixmp.com/intermediary/f/8adefab8-9a4e-4fa7-8ad7-e2e4cf9cf1e9/dczvzxa-4956404a-54d8-4331-890d-c27c761738c3.jpg/v1/fill/w_774,h_1032,q_70,strp/kda_widowmaker_by_liang_xing_dczvzxa-pre.jpg&quot; data-super-width=&quot;774&quot; data-super-height=&quot;1032&quot; data-super-transparent=&quot;false&quot; data-super-alt=&quot;Kda Widowmaker by Liang-Xing&quot; data-super-full-img=&quot;https://images-wixmp-ed30a86b8c4ca887773594c2.wixmp.com/intermediary/f/8adefab8-9a4e-4fa7-8ad7-e2e4cf9cf1e9/dczvzxa-4956404a-54d8-4331-890d-c27c761738c3.jpg&quot; data-super-full-width=&quot;900&quot; data-super-full-height=&quot;1200&quot;        data-sigil=&quot;thumb&quot;&gt;
        &lt;i&gt;&lt;/i&gt;&lt;img   width=&quot;113&quot; height=&quot;150&quot; alt=&quot;Kda Widowmaker by Liang-Xing&quot; src=&quot;https://images-wixmp-ed30a86b8c4ca887773594c2.wixmp.com/intermediary/f/8adefab8-9a4e-4fa7-8ad7-e2e4cf9cf1e9/dczvzxa-4956404a-54d8-4331-890d-c27c761738c3.jpg/v1/fit/w_150,h_150,q_70,strp/kda_widowmaker_by_liang_xing_dczvzxa-150.jpg&quot; data-src=&quot;https://images-wixmp-ed30a86b8c4ca887773594c2.wixmp.com/intermediary/f/8adefab8-9a4e-4fa7-8ad7-e2e4cf9cf1e9/dczvzxa-4956404a-54d8-4331-890d-c27c761738c3.jpg/v1/fit/w_150,h_150,q_70,strp/kda_widowmaker_by_liang_xing_dczvzxa-150.jpg&quot; srcset=&quot;https://images-wixmp-ed30a86b8c4ca887773594c2.wixmp.com/intermediary/f/8adefab8-9a4e-4fa7-8ad7-e2e4cf9cf1e9/dczvzxa-4956404a-54d8-4331-890d-c27c761738c3.jpg/v1/fit/w_150,h_150,q_70,strp/kda_widowmaker_by_liang_xing_dczvzxa-150.jpg 113w,https://images-wixmp-ed30a86b8c4ca887773594c2.wixmp.com/intermediary/f/8adefab8-9a4e-4fa7-8ad7-e2e4cf9cf1e9/dczvzxa-4956404a-54d8-4331-890d-c27c761738c3.jpg/v1/crop/w_188,h_250,x_0,y_0,scl_0.20888888888889,q_70,strp/kda_widowmaker_by_liang_xing_dczvzxa-250t.jpg 188w,https://images-wixmp-ed30a86b8c4ca887773594c2.wixmp.com/intermediary/f/8adefab8-9a4e-4fa7-8ad7-e2e4cf9cf1e9/dczvzxa-4956404a-54d8-4331-890d-c27c761738c3.jpg/v1/crop/w_263,h_350,x_0,y_0,scl_0.29222222222222,q_70,strp/kda_widowmaker_by_liang_xing_dczvzxa-350t.jpg 263w,https://images-wixmp-ed30a86b8c4ca887773594c2.wixmp.com/intermediary/f/8adefab8-9a4e-4fa7-8ad7-e2e4cf9cf1e9/dczvzxa-4956404a-54d8-4331-890d-c27c761738c3.jpg/v1/fill/w_300,h_400,q_70,strp/kda_widowmaker_by_liang_xing_dczvzxa-400t.jpg 300w,https://images-wixmp-ed30a86b8c4ca887773594c2.wixmp.com/intermediary/f/8adefab8-9a4e-4fa7-8ad7-e2e4cf9cf1e9/dczvzxa-4956404a-54d8-4331-890d-c27c761738c3.jpg/v1/fill/w_774,h_1032,q_70,strp/kda_widowmaker_by_liang_xing_dczvzxa-pre.jpg 774w&quot; sizes=&quot;113px&quot;&gt;&lt;/a&gt;&lt;/span&gt;&lt;!-- ^TTT --&gt;&lt;!-- TTT$ --&gt;&lt;/span&gt;&amp;nbsp;&lt;span class=&quot;shadow-holder&quot; data-embed-type=&quot;deviation&quot; data-embed-id=&quot;785451016&quot; data-embed-format=&quot;thumb&quot;&gt;&lt;span class=&quot;shadow mild&quot; &gt;&lt;a class=&quot;thumb&quot; href=&quot;https://www.deviantart.com/liang-xing/art/Kda-Dva-785451016&quot; title=&quot;Kda Dva by Liang-Xing, Feb 13, 2019 in Fan Art &amp;gt; Wallpaper &amp;gt; Games&quot;data-super-img=&quot;https://images-wixmp-ed30a86b8c4ca887773594c2.wixmp.com/intermediary/f/8adefab8-9a4e-4fa7-8ad7-e2e4cf9cf1e9/dczmxvs-f9bf5d5a-a410-4c68-b8ac-aff5d6511d0a.jpg/v1/fill/w_774,h_1032,q_70,strp/kda_dva_by_liang_xing_dczmxvs-pre.jpg&quot; data-super-width=&quot;774&quot; data-super-height=&quot;1032&quot; data-super-transparent=&quot;false&quot; data-super-alt=&quot;Kda Dva by Liang-Xing&quot; data-super-full-img=&quot;https://images-wixmp-ed30a86b8c4ca887773594c2.wixmp.com/intermediary/f/8adefab8-9a4e-4fa7-8ad7-e2e4cf9cf1e9/dczmxvs-f9bf5d5a-a410-4c68-b8ac-aff5d6511d0a.jpg&quot; data-super-full-width=&quot;900&quot; data-super-full-height=&quot;1200&quot;        data-sigil=&quot;thumb&quot;&gt;
        &lt;i&gt;&lt;/i&gt;&lt;img   width=&quot;113&quot; height=&quot;150&quot; alt=&quot;Kda Dva by Liang-Xing&quot; src=&quot;https://images-wixmp-ed30a86b8c4ca887773594c2.wixmp.com/intermediary/f/8adefab8-9a4e-4fa7-8ad7-e2e4cf9cf1e9/dczmxvs-f9bf5d5a-a410-4c68-b8ac-aff5d6511d0a.jpg/v1/fit/w_150,h_150,q_70,strp/kda_dva_by_liang_xing_dczmxvs-150.jpg&quot; data-src=&quot;https://images-wixmp-ed30a86b8c4ca887773594c2.wixmp.com/intermediary/f/8adefab8-9a4e-4fa7-8ad7-e2e4cf9cf1e9/dczmxvs-f9bf5d5a-a410-4c68-b8ac-aff5d6511d0a.jpg/v1/fit/w_150,h_150,q_70,strp/kda_dva_by_liang_xing_dczmxvs-150.jpg&quot; srcset=&quot;https://images-wixmp-ed30a86b8c4ca887773594c2.wixmp.com/intermediary/f/8adefab8-9a4e-4fa7-8ad7-e2e4cf9cf1e9/dczmxvs-f9bf5d5a-a410-4c68-b8ac-aff5d6511d0a.jpg/v1/fit/w_150,h_150,q_70,strp/kda_dva_by_liang_xing_dczmxvs-150.jpg 113w,https://images-wixmp-ed30a86b8c4ca887773594c2.wixmp.com/intermediary/f/8adefab8-9a4e-4fa7-8ad7-e2e4cf9cf1e9/dczmxvs-f9bf5d5a-a410-4c68-b8ac-aff5d6511d0a.jpg/v1/crop/w_188,h_250,x_0,y_0,scl_0.20888888888889,q_70,strp/kda_dva_by_liang_xing_dczmxvs-250t.jpg 188w,https://images-wixmp-ed30a86b8c4ca887773594c2.wixmp.com/intermediary/f/8adefab8-9a4e-4fa7-8ad7-e2e4cf9cf1e9/dczmxvs-f9bf5d5a-a410-4c68-b8ac-aff5d6511d0a.jpg/v1/crop/w_263,h_350,x_0,y_0,scl_0.29222222222222,q_70,strp/kda_dva_by_liang_xing_dczmxvs-350t.jpg 263w,https://images-wixmp-ed30a86b8c4ca887773594c2.wixmp.com/intermediary/f/8adefab8-9a4e-4fa7-8ad7-e2e4cf9cf1e9/dczmxvs-f9bf5d5a-a410-4c68-b8ac-aff5d6511d0a.jpg/v1/fill/w_300,h_400,q_70,strp/kda_dva_by_liang_xing_dczmxvs-400t.jpg 300w,https://images-wixmp-ed30a86b8c4ca887773594c2.wixmp.com/intermediary/f/8adefab8-9a4e-4fa7-8ad7-e2e4cf9cf1e9/dczmxvs-f9bf5d5a-a410-4c68-b8ac-aff5d6511d0a.jpg/v1/fill/w_774,h_1032,q_70,strp/kda_dva_by_liang_xing_dczmxvs-pre.jpg 774w&quot; sizes=&quot;113px&quot;&gt;&lt;/a&gt;&lt;/span&gt;&lt;!-- ^TTT --&gt;&lt;!-- TTT$ --&gt;&lt;/span&gt;&amp;nbsp;&lt;span class=&quot;shadow-holder&quot; data-embed-type=&quot;deviation&quot; data-embed-id=&quot;784865517&quot; data-embed-format=&quot;thumb&quot;&gt;&lt;span class=&quot;shadow mild&quot; &gt;&lt;a class=&quot;thumb&quot; href=&quot;https://www.deviantart.com/liang-xing/art/Happy-new-year-784865517&quot; title=&quot;Happy new year by Liang-Xing, Feb 9, 2019 in Fan Art &amp;gt; Wallpaper &amp;gt; Games&quot;data-super-img=&quot;https://images-wixmp-ed30a86b8c4ca887773594c2.wixmp.com/intermediary/f/8adefab8-9a4e-4fa7-8ad7-e2e4cf9cf1e9/dczae3x-eb8fe87c-ca1a-420d-8f38-9e8cbbc49601.jpg/v1/fill/w_774,h_1032,q_70,strp/happy_new_year_by_liang_xing_dczae3x-pre.jpg&quot; data-super-width=&quot;774&quot; data-super-height=&quot;1032&quot; data-super-transparent=&quot;false&quot; data-super-alt=&quot;Happy new year by Liang-Xing&quot; data-super-full-img=&quot;https://images-wixmp-ed30a86b8c4ca887773594c2.wixmp.com/intermediary/f/8adefab8-9a4e-4fa7-8ad7-e2e4cf9cf1e9/dczae3x-eb8fe87c-ca1a-420d-8f38-9e8cbbc49601.jpg&quot; data-super-full-width=&quot;900&quot; data-super-full-height=&quot;1200&quot;        data-sigil=&quot;thumb&quot;&gt;
        &lt;i&gt;&lt;/i&gt;&lt;img   width=&quot;113&quot; height=&quot;150&quot; alt=&quot;Happy new year by Liang-Xing&quot; src=&quot;https://images-wixmp-ed30a86b8c4ca887773594c2.wixmp.com/intermediary/f/8adefab8-9a4e-4fa7-8ad7-e2e4cf9cf1e9/dczae3x-eb8fe87c-ca1a-420d-8f38-9e8cbbc49601.jpg/v1/fit/w_150,h_150,q_70,strp/happy_new_year_by_liang_xing_dczae3x-150.jpg&quot; data-src=&quot;https://images-wixmp-ed30a86b8c4ca887773594c2.wixmp.com/intermediary/f/8adefab8-9a4e-4fa7-8ad7-e2e4cf9cf1e9/dczae3x-eb8fe87c-ca1a-420d-8f38-9e8cbbc49601.jpg/v1/fit/w_150,h_150,q_70,strp/happy_new_year_by_liang_xing_dczae3x-150.jpg&quot; srcset=&quot;https://images-wixmp-ed30a86b8c4ca887773594c2.wixmp.com/intermediary/f/8adefab8-9a4e-4fa7-8ad7-e2e4cf9cf1e9/dczae3x-eb8fe87c-ca1a-420d-8f38-9e8cbbc49601.jpg/v1/fit/w_150,h_150,q_70,strp/happy_new_year_by_liang_xing_dczae3x-150.jpg 113w,https://images-wixmp-ed30a86b8c4ca887773594c2.wixmp.com/intermediary/f/8adefab8-9a4e-4fa7-8ad7-e2e4cf9cf1e9/dczae3x-eb8fe87c-ca1a-420d-8f38-9e8cbbc49601.jpg/v1/crop/w_188,h_250,x_0,y_0,scl_0.20888888888889,q_70,strp/happy_new_year_by_liang_xing_dczae3x-250t.jpg 188w,https://images-wixmp-ed30a86b8c4ca887773594c2.wixmp.com/intermediary/f/8adefab8-9a4e-4fa7-8ad7-e2e4cf9cf1e9/dczae3x-eb8fe87c-ca1a-420d-8f38-9e8cbbc49601.jpg/v1/crop/w_263,h_350,x_0,y_0,scl_0.29222222222222,q_70,strp/happy_new_year_by_liang_xing_dczae3x-350t.jpg 263w,https://images-wixmp-ed30a86b8c4ca887773594c2.wixmp.com/intermediary/f/8adefab8-9a4e-4fa7-8ad7-e2e4cf9cf1e9/dczae3x-eb8fe87c-ca1a-420d-8f38-9e8cbbc49601.jpg/v1/fill/w_300,h_400,q_70,strp/happy_new_year_by_liang_xing_dczae3x-400t.jpg 300w,https://images-wixmp-ed30a86b8c4ca887773594c2.wixmp.com/intermediary/f/8adefab8-9a4e-4fa7-8ad7-e2e4cf9cf1e9/dczae3x-eb8fe87c-ca1a-420d-8f38-9e8cbbc49601.jpg/v1/fill/w_774,h_1032,q_70,strp/happy_new_year_by_liang_xing_dczae3x-pre.jpg 774w&quot; sizes=&quot;113px&quot;&gt;&lt;/a&gt;&lt;/span&gt;&lt;!-- ^TTT --&gt;&lt;!-- TTT$ --&gt;&lt;/span&gt;&amp;nbsp;&lt;span class=&quot;shadow-holder&quot; data-embed-type=&quot;deviation&quot; data-embed-id=&quot;784012377&quot; data-embed-format=&quot;thumb&quot;&gt;&lt;span class=&quot;shadow mild&quot; &gt;&lt;a class=&quot;thumb&quot; href=&quot;https://www.deviantart.com/liang-xing/art/Ada-Wong-784012377&quot; title=&quot;Ada Wong by Liang-Xing, Feb 3, 2019 in Fan Art &amp;gt; Wallpaper &amp;gt; Games&quot;data-super-img=&quot;https://images-wixmp-ed30a86b8c4ca887773594c2.wixmp.com/intermediary/f/8adefab8-9a4e-4fa7-8ad7-e2e4cf9cf1e9/dcys3tl-2290203b-9965-4eec-9ef7-fbad1051edbf.jpg/v1/fill/w_774,h_1032,q_70,strp/ada_wong_by_liang_xing_dcys3tl-pre.jpg&quot; data-super-width=&quot;774&quot; data-super-height=&quot;1032&quot; data-super-transparent=&quot;false&quot; data-super-alt=&quot;Ada Wong by Liang-Xing&quot; data-super-full-img=&quot;https://images-wixmp-ed30a86b8c4ca887773594c2.wixmp.com/intermediary/f/8adefab8-9a4e-4fa7-8ad7-e2e4cf9cf1e9/dcys3tl-2290203b-9965-4eec-9ef7-fbad1051edbf.jpg&quot; data-super-full-width=&quot;900&quot; data-super-full-height=&quot;1200&quot;        data-sigil=&quot;thumb&quot;&gt;
        &lt;i&gt;&lt;/i&gt;&lt;img   width=&quot;113&quot; height=&quot;150&quot; alt=&quot;Ada Wong by Liang-Xing&quot; src=&quot;https://images-wixmp-ed30a86b8c4ca887773594c2.wixmp.com/intermediary/f/8adefab8-9a4e-4fa7-8ad7-e2e4cf9cf1e9/dcys3tl-2290203b-9965-4eec-9ef7-fbad1051edbf.jpg/v1/fit/w_150,h_150,q_70,strp/ada_wong_by_liang_xing_dcys3tl-150.jpg&quot; data-src=&quot;https://images-wixmp-ed30a86b8c4ca887773594c2.wixmp.com/intermediary/f/8adefab8-9a4e-4fa7-8ad7-e2e4cf9cf1e9/dcys3tl-2290203b-9965-4eec-9ef7-fbad1051edbf.jpg/v1/fit/w_150,h_150,q_70,strp/ada_wong_by_liang_xing_dcys3tl-150.jpg&quot; srcset=&quot;https://images-wixmp-ed30a86b8c4ca887773594c2.wixmp.com/intermediary/f/8adefab8-9a4e-4fa7-8ad7-e2e4cf9cf1e9/dcys3tl-2290203b-9965-4eec-9ef7-fbad1051edbf.jpg/v1/fit/w_150,h_150,q_70,strp/ada_wong_by_liang_xing_dcys3tl-150.jpg 113w,https://images-wixmp-ed30a86b8c4ca887773594c2.wixmp.com/intermediary/f/8adefab8-9a4e-4fa7-8ad7-e2e4cf9cf1e9/dcys3tl-2290203b-9965-4eec-9ef7-fbad1051edbf.jpg/v1/crop/w_188,h_250,x_0,y_0,scl_0.20888888888889,q_70,strp/ada_wong_by_liang_xing_dcys3tl-250t.jpg 188w,https://images-wixmp-ed30a86b8c4ca887773594c2.wixmp.com/intermediary/f/8adefab8-9a4e-4fa7-8ad7-e2e4cf9cf1e9/dcys3tl-2290203b-9965-4eec-9ef7-fbad1051edbf.jpg/v1/crop/w_263,h_350,x_0,y_0,scl_0.29222222222222,q_70,strp/ada_wong_by_liang_xing_dcys3tl-350t.jpg 263w,https://images-wixmp-ed30a86b8c4ca887773594c2.wixmp.com/intermediary/f/8adefab8-9a4e-4fa7-8ad7-e2e4cf9cf1e9/dcys3tl-2290203b-9965-4eec-9ef7-fbad1051edbf.jpg/v1/fill/w_300,h_400,q_70,strp/ada_wong_by_liang_xing_dcys3tl-400t.jpg 300w,https://images-wixmp-ed30a86b8c4ca887773594c2.wixmp.com/intermediary/f/8adefab8-9a4e-4fa7-8ad7-e2e4cf9cf1e9/dcys3tl-2290203b-9965-4eec-9ef7-fbad1051edbf.jpg/v1/fill/w_774,h_1032,q_70,strp/ada_wong_by_liang_xing_dcys3tl-pre.jpg 774w&quot; sizes=&quot;113px&quot;&gt;&lt;/a&gt;&lt;/span&gt;&lt;!-- ^TTT --&gt;&lt;!-- TTT$ --&gt;&lt;/span&gt;&amp;nbsp;&lt;span class=&quot;shadow-holder&quot; data-embed-type=&quot;deviation&quot; data-embed-id=&quot;773243104&quot; data-embed-format=&quot;thumb&quot;&gt;&lt;span class=&quot;shadow mild&quot; &gt;&lt;a class=&quot;thumb&quot; href=&quot;https://www.deviantart.com/liang-xing/art/KDA-Akali-773243104&quot; title=&quot;KDA Akali by Liang-Xing, Nov 19, 2018 in Fan Art &amp;gt; Wallpaper &amp;gt; Games&quot;data-super-img=&quot;https://images-wixmp-ed30a86b8c4ca887773594c2.wixmp.com/intermediary/f/8adefab8-9a4e-4fa7-8ad7-e2e4cf9cf1e9/dcsda74-8ab5cfa7-3837-41d1-8b6f-4ee918602f2f.jpg/v1/fill/w_836,h_956,q_70,strp/kda_akali_by_liang_xing_dcsda74-pre.jpg&quot; data-super-width=&quot;836&quot; data-super-height=&quot;956&quot; data-super-transparent=&quot;false&quot; data-super-alt=&quot;KDA Akali by Liang-Xing&quot; data-super-full-img=&quot;https://images-wixmp-ed30a86b8c4ca887773594c2.wixmp.com/intermediary/f/8adefab8-9a4e-4fa7-8ad7-e2e4cf9cf1e9/dcsda74-8ab5cfa7-3837-41d1-8b6f-4ee918602f2f.jpg&quot; data-super-full-width=&quot;1000&quot; data-super-full-height=&quot;1143&quot;        data-sigil=&quot;thumb&quot;&gt;
        &lt;i&gt;&lt;/i&gt;&lt;img   width=&quot;131&quot; height=&quot;150&quot; alt=&quot;KDA Akali by Liang-Xing&quot; src=&quot;https://images-wixmp-ed30a86b8c4ca887773594c2.wixmp.com/intermediary/f/8adefab8-9a4e-4fa7-8ad7-e2e4cf9cf1e9/dcsda74-8ab5cfa7-3837-41d1-8b6f-4ee918602f2f.jpg/v1/fit/w_150,h_150,q_70,strp/kda_akali_by_liang_xing_dcsda74-150.jpg&quot; data-src=&quot;https://images-wixmp-ed30a86b8c4ca887773594c2.wixmp.com/intermediary/f/8adefab8-9a4e-4fa7-8ad7-e2e4cf9cf1e9/dcsda74-8ab5cfa7-3837-41d1-8b6f-4ee918602f2f.jpg/v1/fit/w_150,h_150,q_70,strp/kda_akali_by_liang_xing_dcsda74-150.jpg&quot; srcset=&quot;https://images-wixmp-ed30a86b8c4ca887773594c2.wixmp.com/intermediary/f/8adefab8-9a4e-4fa7-8ad7-e2e4cf9cf1e9/dcsda74-8ab5cfa7-3837-41d1-8b6f-4ee918602f2f.jpg/v1/fit/w_150,h_150,q_70,strp/kda_akali_by_liang_xing_dcsda74-150.jpg 131w,https://images-wixmp-ed30a86b8c4ca887773594c2.wixmp.com/intermediary/f/8adefab8-9a4e-4fa7-8ad7-e2e4cf9cf1e9/dcsda74-8ab5cfa7-3837-41d1-8b6f-4ee918602f2f.jpg/v1/fill/w_219,h_250,q_70,strp/kda_akali_by_liang_xing_dcsda74-250t.jpg 219w,https://images-wixmp-ed30a86b8c4ca887773594c2.wixmp.com/intermediary/f/8adefab8-9a4e-4fa7-8ad7-e2e4cf9cf1e9/dcsda74-8ab5cfa7-3837-41d1-8b6f-4ee918602f2f.jpg/v1/fill/w_306,h_350,q_70,strp/kda_akali_by_liang_xing_dcsda74-350t.jpg 306w,https://images-wixmp-ed30a86b8c4ca887773594c2.wixmp.com/intermediary/f/8adefab8-9a4e-4fa7-8ad7-e2e4cf9cf1e9/dcsda74-8ab5cfa7-3837-41d1-8b6f-4ee918602f2f.jpg/v1/fill/w_350,h_400,q_70,strp/kda_akali_by_liang_xing_dcsda74-400t.jpg 350w,https://images-wixmp-ed30a86b8c4ca887773594c2.wixmp.com/intermediary/f/8adefab8-9a4e-4fa7-8ad7-e2e4cf9cf1e9/dcsda74-8ab5cfa7-3837-41d1-8b6f-4ee918602f2f.jpg/v1/fill/w_836,h_956,q_70,strp/kda_akali_by_liang_xing_dcsda74-pre.jpg 836w&quot; sizes=&quot;131px&quot;&gt;&lt;/a&gt;&lt;/span&gt;&lt;!-- ^TTT --&gt;&lt;!-- TTT$ --&gt;&lt;/span&gt;&amp;nbsp;&lt;span class=&quot;shadow-holder&quot; data-embed-type=&quot;deviation&quot; data-embed-id=&quot;771859897&quot; data-embed-format=&quot;thumb&quot;&gt;&lt;span class=&quot;shadow mild&quot; &gt;&lt;a class=&quot;thumb&quot; href=&quot;https://www.deviantart.com/liang-xing/art/Ashe-771859897&quot; title=&quot;Ashe by Liang-Xing, Nov 9, 2018 in Fan Art &amp;gt; Wallpaper &amp;gt; Games&quot;data-super-img=&quot;https://images-wixmp-ed30a86b8c4ca887773594c2.wixmp.com/intermediary/f/8adefab8-9a4e-4fa7-8ad7-e2e4cf9cf1e9/dcrjmwp-771de498-8c39-4408-860a-a8d9072f0ec7.jpg&quot; data-super-width=&quot;750&quot; data-super-height=&quot;1000&quot; data-super-transparent=&quot;false&quot; data-super-alt=&quot;Ashe by Liang-Xing&quot; data-super-full-img=&quot;https://images-wixmp-ed30a86b8c4ca887773594c2.wixmp.com/intermediary/f/8adefab8-9a4e-4fa7-8ad7-e2e4cf9cf1e9/dcrjmwp-771de498-8c39-4408-860a-a8d9072f0ec7.jpg&quot; data-super-full-width=&quot;750&quot; data-super-full-height=&quot;1000&quot;        data-sigil=&quot;thumb&quot;&gt;
        &lt;i&gt;&lt;/i&gt;&lt;img   width=&quot;113&quot; height=&quot;150&quot; alt=&quot;Ashe by Liang-Xing&quot; src=&quot;https://images-wixmp-ed30a86b8c4ca887773594c2.wixmp.com/intermediary/f/8adefab8-9a4e-4fa7-8ad7-e2e4cf9cf1e9/dcrjmwp-771de498-8c39-4408-860a-a8d9072f0ec7.jpg/v1/fit/w_150,h_150,q_70,strp/ashe_by_liang_xing_dcrjmwp-150.jpg&quot; data-src=&quot;https://images-wixmp-ed30a86b8c4ca887773594c2.wixmp.com/intermediary/f/8adefab8-9a4e-4fa7-8ad7-e2e4cf9cf1e9/dcrjmwp-771de498-8c39-4408-860a-a8d9072f0ec7.jpg/v1/fit/w_150,h_150,q_70,strp/ashe_by_liang_xing_dcrjmwp-150.jpg&quot; srcset=&quot;https://images-wixmp-ed30a86b8c4ca887773594c2.wixmp.com/intermediary/f/8adefab8-9a4e-4fa7-8ad7-e2e4cf9cf1e9/dcrjmwp-771de498-8c39-4408-860a-a8d9072f0ec7.jpg/v1/fit/w_150,h_150,q_70,strp/ashe_by_liang_xing_dcrjmwp-150.jpg 113w,https://images-wixmp-ed30a86b8c4ca887773594c2.wixmp.com/intermediary/f/8adefab8-9a4e-4fa7-8ad7-e2e4cf9cf1e9/dcrjmwp-771de498-8c39-4408-860a-a8d9072f0ec7.jpg/v1/crop/w_188,h_250,x_0,y_0,scl_0.25066666666667,q_70,strp/ashe_by_liang_xing_dcrjmwp-250t.jpg 188w,https://images-wixmp-ed30a86b8c4ca887773594c2.wixmp.com/intermediary/f/8adefab8-9a4e-4fa7-8ad7-e2e4cf9cf1e9/dcrjmwp-771de498-8c39-4408-860a-a8d9072f0ec7.jpg/v1/crop/w_263,h_350,x_0,y_0,scl_0.35066666666667,q_70,strp/ashe_by_liang_xing_dcrjmwp-350t.jpg 263w,https://images-wixmp-ed30a86b8c4ca887773594c2.wixmp.com/intermediary/f/8adefab8-9a4e-4fa7-8ad7-e2e4cf9cf1e9/dcrjmwp-771de498-8c39-4408-860a-a8d9072f0ec7.jpg/v1/fill/w_300,h_400,q_70,strp/ashe_by_liang_xing_dcrjmwp-400t.jpg 300w,https://images-wixmp-ed30a86b8c4ca887773594c2.wixmp.com/intermediary/f/8adefab8-9a4e-4fa7-8ad7-e2e4cf9cf1e9/dcrjmwp-771de498-8c39-4408-860a-a8d9072f0ec7.jpg 750w&quot; sizes=&quot;113px&quot;&gt;&lt;/a&gt;&lt;/span&gt;&lt;!-- ^TTT --&gt;&lt;!-- TTT$ --&gt;&lt;/span&gt;&amp;nbsp;&lt;/b&gt;&lt;/div&gt;&lt;br /&gt;&lt;div&gt;&lt;img src=&quot;https://t00.deviantart.net/jgIBOy8liTCYVEIot_W2Yj6RTns=/300x200/filters:fixed_height(100,100):origin()/pre00/7d2e/th/pre/f/2019/049/b/a/kda_dva_widowmaker_by_liang_xing-dd02gh2.jpg&quot; alt=&quot;thumbnail&quot; /&gt;&lt;/div&gt;</description>            </item>
                    <item>
                <title>Teeny Romance</title>
                <link>https://lopoddity.deviantart.com/art/Teeny-Romance-786109512</link>
                <guid isPermaLink="true">https://lopoddity.deviantart.com/art/Teeny-Romance-786109512</guid>
                <pubDate>Sun, 17 Feb 2019 17:52:48 PST</pubDate>
                        <media:title type="plain">Teeny Romance</media:title>
        <media:keywords></media:keywords>
                        <media:rating>nonadult</media:rating>
                <media:category label="Movies &amp; TV">fanart/cartoons/digital/movies</media:category>
        <media:credit role="author" scheme="urn:ebu">Lopoddity</media:credit>
        <media:credit role="author" scheme="urn:ebu">https://a.deviantart.net/avatars/l/o/lopoddity.png?8</media:credit>
        <media:copyright url="https://lopoddity.deviantart.com">Copyright 2019 Lopoddity</media:copyright>            <media:description type="html">&lt;div&gt;ya&#039;ll really seemed to like the valentines day chibi ships, so i made a new batch~&lt;/div&gt;&lt;div&gt;&lt;br /&gt;&lt;/div&gt;&lt;div&gt;&lt;p&gt;&lt;b&gt;1.) Cloudburst/Zipperflash:&lt;/b&gt; Work that charm, Cloudy! Zipsy, quit pretending you ain&#039;t into that pint-sized sex bomb&lt;br /&gt;&lt;br /&gt;&lt;/p&gt;&lt;b&gt;2.) Rosemary/Magnolia May:&lt;/b&gt; Yoga lends itself to very interesting positions. ......it&#039;s up in the air how innocent Rosemary really is here (she knows Magnolia&#039;s been nursing a crush on her forever)&lt;/div&gt;&lt;div&gt;&lt;br /&gt;&lt;/div&gt;&lt;div&gt;&lt;br /&gt;&lt;/div&gt;&lt;div&gt;&lt;b&gt;3.) Jam Sandwich/Artemis: &lt;/b&gt;Only Jam can sneak up on the ever vigilant alicorn of the eventide with flying smoochie-tackles&lt;/div&gt;&lt;div&gt;&lt;br /&gt;&lt;/div&gt;&lt;div&gt;&lt;br /&gt;&lt;/div&gt;&lt;div&gt;&lt;b&gt;4.) Zee/Moondancer:&lt;/b&gt; Moondancer knew Zee was a dancer (and tended to get all flustered and indignant whenever she showed off her not-family-friendly dance moves at the studio he frequents). He&#039;s surprised to find out that Zee&#039;s real talent lies in singing. Though she prefers hip-hop, she can pull off a love ballad or two, when the mood strikes. Moony is helpless in the face of being serenaded- he&#039;s about two seconds away from swooning like a schoolgirl&lt;/div&gt;&lt;div&gt;&lt;br /&gt;&lt;/div&gt;&lt;div&gt;&lt;br /&gt;&lt;/div&gt;&lt;b&gt;5.) PB Sandwich/ Smokescreen:&lt;/b&gt; Is Smoky showing affection, or seizing the chance to swipe cookie dough? You be the judge! I imagine these two meet at some Canterlot party. &lt;span&gt;PB is sitting off alone somewhere sadly. He came with Jammie to hang out and try out new comedy to the party guests, but his sister wandered off with Artemis, something she&#039;s been doing more and more lately. Peebs is happy for her, really, but he can&#039;t help feeling abandoned. It&#039;s at the snack bar that he meets Smokescreen, who is naturally pining over Princess Iridescence (who is being swept off her hooves dancing with Cuppa Joe) and also feeling lonely (the guests aren&#039;t so keen to talk to him if he isn&#039;t disguised in a less unnerving form). The two hit it off, with Smoke appreciating PB&#039;s jokes and them bonding over being &quot;losers in love&quot;. Smoke finds himself thinking PB&#039;s smile is kinda adorable, and asks the goober to dance....&lt;/span&gt; &lt;br /&gt;&lt;div&gt;&lt;span&gt;Smokey would be a total cuddle bug with his little pony boyfriend, getting all purry and blushey feeding off Peeb&#039;s love and all his beautifully honest feelings....And being lowkey possessive, towering behind Peebs smiling oh-so-sweetly when ponies attempt to flirt with the little pony. He shrugs innocently when Peebs is confused why they all flee.&lt;/span&gt;&lt;/div&gt;&lt;div&gt;&lt;br /&gt;&lt;p&gt;&lt;span&gt;I imagine the friendship would be a healthy way for them both to move on from their respective one-sided loves eventually. I can see Peebs not judging Smokey for his feelings toward his aunt, just smiling sadly and admitting that he still holds a flame for Pandora, even now as she is happy in his sister&#039;s arms. Who is he to judge when it comes to love?&lt;/span&gt;&lt;span&gt;&lt;br /&gt;&lt;br /&gt;They eventually get to a place where love grows between them, and poor Peebs has to try and handle the intense changeling/dragon courting rituals as his crush determinedly pursues him. And maybe Smokey just loves seeing that delicious blush on his friend&#039;s face when the hybrid is not at all subtle about flexing his muscles in front of him.&lt;br /&gt;&lt;br /&gt;&lt;br /&gt;~~~~~~~~~~~~~~~~~~&lt;br /&gt;&lt;br /&gt;more teeny ships: &lt;span class=&quot;shadow-holder&quot; data-embed-type=&quot;deviation&quot; data-embed-id=&quot;785554444&quot; data-embed-format=&quot;thumb&quot;&gt;&lt;span class=&quot;shadow mild&quot; &gt;&lt;a class=&quot;thumb&quot; href=&quot;https://www.deviantart.com/lopoddity/art/Oh-Valentine-785554444&quot; title=&quot;Oh Valentine by Lopoddity, Feb 13, 2019 in Fan Art &amp;gt; Cartoons &amp;amp; Comics &amp;gt; Digital &amp;gt; Movies &amp;amp; TV&quot;data-super-img=&quot;https://images-wixmp-ed30a86b8c4ca887773594c2.wixmp.com/intermediary/f/5373eb59-8858-4201-a6f1-37c12319418a/dczp5os-deee0886-d163-441c-b69c-75b6c39b0629.png/v1/fill/w_789,h_1013,q_70,strp/oh_valentine_by_lopoddity_dczp5os-pre.jpg&quot; data-super-width=&quot;789&quot; data-super-height=&quot;1013&quot; data-super-transparent=&quot;false&quot; data-super-alt=&quot;Oh Valentine by Lopoddity&quot; data-super-full-img=&quot;https://images-wixmp-ed30a86b8c4ca887773594c2.wixmp.com/intermediary/f/5373eb59-8858-4201-a6f1-37c12319418a/dczp5os-deee0886-d163-441c-b69c-75b6c39b0629.png/v1/fill/w_1600,h_2054,q_80,strp/oh_valentine_by_lopoddity_dczp5os-fullview.jpg&quot; data-super-full-width=&quot;1600&quot; data-super-full-height=&quot;2054&quot;        data-sigil=&quot;thumb&quot;&gt;
        &lt;i&gt;&lt;/i&gt;&lt;img   width=&quot;117&quot; height=&quot;150&quot; alt=&quot;Oh Valentine by Lopoddity&quot; src=&quot;https://images-wixmp-ed30a86b8c4ca887773594c2.wixmp.com/intermediary/f/5373eb59-8858-4201-a6f1-37c12319418a/dczp5os-deee0886-d163-441c-b69c-75b6c39b0629.png/v1/fit/w_150,h_150,q_70,strp/oh_valentine_by_lopoddity_dczp5os-150.jpg&quot; data-src=&quot;https://images-wixmp-ed30a86b8c4ca887773594c2.wixmp.com/intermediary/f/5373eb59-8858-4201-a6f1-37c12319418a/dczp5os-deee0886-d163-441c-b69c-75b6c39b0629.png/v1/fit/w_150,h_150,q_70,strp/oh_valentine_by_lopoddity_dczp5os-150.jpg&quot; srcset=&quot;https://images-wixmp-ed30a86b8c4ca887773594c2.wixmp.com/intermediary/f/5373eb59-8858-4201-a6f1-37c12319418a/dczp5os-deee0886-d163-441c-b69c-75b6c39b0629.png/v1/fit/w_150,h_150,q_70,strp/oh_valentine_by_lopoddity_dczp5os-150.jpg 117w,https://images-wixmp-ed30a86b8c4ca887773594c2.wixmp.com/intermediary/f/5373eb59-8858-4201-a6f1-37c12319418a/dczp5os-deee0886-d163-441c-b69c-75b6c39b0629.png/v1/fill/w_195,h_250,q_70,strp/oh_valentine_by_lopoddity_dczp5os-250t.jpg 195w,https://images-wixmp-ed30a86b8c4ca887773594c2.wixmp.com/intermediary/f/5373eb59-8858-4201-a6f1-37c12319418a/dczp5os-deee0886-d163-441c-b69c-75b6c39b0629.png/v1/fill/w_273,h_350,q_70,strp/oh_valentine_by_lopoddity_dczp5os-350t.jpg 273w,https://images-wixmp-ed30a86b8c4ca887773594c2.wixmp.com/intermediary/f/5373eb59-8858-4201-a6f1-37c12319418a/dczp5os-deee0886-d163-441c-b69c-75b6c39b0629.png/v1/fill/w_312,h_400,q_70,strp/oh_valentine_by_lopoddity_dczp5os-400t.jpg 312w,https://images-wixmp-ed30a86b8c4ca887773594c2.wixmp.com/intermediary/f/5373eb59-8858-4201-a6f1-37c12319418a/dczp5os-deee0886-d163-441c-b69c-75b6c39b0629.png/v1/fill/w_789,h_1013,q_70,strp/oh_valentine_by_lopoddity_dczp5os-pre.jpg 789w&quot; sizes=&quot;117px&quot;&gt;&lt;/a&gt;&lt;/span&gt;&lt;!-- ^TTT --&gt;&lt;!-- TTT$ --&gt;&lt;/span&gt;&lt;br /&gt;&lt;br /&gt;~~~~~~~~~~~~~~~~~~~~~~~~~~~~~~~~~~~~~~~~~~~~&lt;br /&gt;&lt;br /&gt;&lt;/span&gt;&lt;/p&gt;&lt;div&gt;&lt;div&gt;&lt;div&gt;&lt;div&gt;Enjoy my content? Consider supporting me on Patreon! &lt;img src=&quot;https://e.deviantart.net/emoticons/b/biggrin.gif&quot; alt=&quot;:D (Big Grin)&quot; style=&quot;width: 15px; height: 15px;&quot; data-embed-type=&quot;emoticon&quot; data-embed-id=&quot;366&quot;&gt; It has rewards, sneak peeks, and early viewing of finished art for patrons! Also, for each funding goal met, I produce a new promised art and story reward! &lt;br /&gt;&lt;/div&gt;&lt;div&gt;&lt;div&gt;&lt;b&gt;&lt;h1&gt;&lt;b&gt;&lt;h2&gt;&lt;u&gt;&lt;a target=&quot;_self&quot; href=&quot;https://www.deviantart.com/patreonplz&quot; &gt;&lt;img class=&quot;avatar&quot; width=&quot;50&quot; height=&quot;50&quot; src=&quot;https://a.deviantart.net/avatars/p/a/patreonplz.png?3&quot; alt=&quot;:iconpatreonplz:&quot; title=&quot;patreonplz&quot; /&gt;&lt;/a&gt;&amp;nbsp;&lt;a class=&quot;external&quot; href=&quot;https://www.deviantart.com/users/outgoing?https://www.patreon.com/lopoddity&quot;&gt;Support on PATREON!&lt;/a&gt;&lt;/u&gt;&lt;/h2&gt;&lt;/b&gt;&lt;/h1&gt;&lt;/b&gt;&lt;/div&gt;&lt;/div&gt;&lt;/div&gt;&lt;/div&gt;&lt;/div&gt;&lt;p&gt;&lt;span&gt;&lt;/span&gt;&lt;/p&gt;&lt;/div&gt;</media:description>            <media:thumbnail url="https://t00.deviantart.net/HWmKS2nL3eitVQp3HcvdppLn7rQ=/fit-in/150x150/filters:no_upscale():origin()/pre00/2db0/th/pre/i/2019/048/c/d/teeny_romance_by_lopoddity-dd011zc.png" height="150" width="43"/>            <media:thumbnail url="https://t00.deviantart.net/7pmtrPLwfScRyokdNhdO-iC-KG8=/fit-in/300x900/filters:no_upscale():origin()/pre00/2db0/th/pre/i/2019/048/c/d/teeny_romance_by_lopoddity-dd011zc.png" height="900" width="256"/>            <media:thumbnail url="https://t00.deviantart.net/BDjOKSGCo69580ph9jXU9flXJH4=/300x200/filters:fixed_height(100,100):origin()/pre00/2db0/th/pre/i/2019/048/c/d/teeny_romance_by_lopoddity-dd011zc.png" height="201" width="100"/>            <media:content url="https://pre00.deviantart.net/2db0/th/pre/i/2019/048/c/d/teeny_romance_by_lopoddity-dd011zc.png" height="1678" width="476" medium="image"/>            
            <description>&lt;div&gt;ya&#039;ll really seemed to like the valentines day chibi ships, so i made a new batch~&lt;/div&gt;&lt;div&gt;&lt;br /&gt;&lt;/div&gt;&lt;div&gt;&lt;p&gt;&lt;b&gt;1.) Cloudburst/Zipperflash:&lt;/b&gt; Work that charm, Cloudy! Zipsy, quit pretending you ain&#039;t into that pint-sized sex bomb&lt;br /&gt;&lt;br /&gt;&lt;/p&gt;&lt;b&gt;2.) Rosemary/Magnolia May:&lt;/b&gt; Yoga lends itself to very interesting positions. ......it&#039;s up in the air how innocent Rosemary really is here (she knows Magnolia&#039;s been nursing a crush on her forever)&lt;/div&gt;&lt;div&gt;&lt;br /&gt;&lt;/div&gt;&lt;div&gt;&lt;br /&gt;&lt;/div&gt;&lt;div&gt;&lt;b&gt;3.) Jam Sandwich/Artemis: &lt;/b&gt;Only Jam can sneak up on the ever vigilant alicorn of the eventide with flying smoochie-tackles&lt;/div&gt;&lt;div&gt;&lt;br /&gt;&lt;/div&gt;&lt;div&gt;&lt;br /&gt;&lt;/div&gt;&lt;div&gt;&lt;b&gt;4.) Zee/Moondancer:&lt;/b&gt; Moondancer knew Zee was a dancer (and tended to get all flustered and indignant whenever she showed off her not-family-friendly dance moves at the studio he frequents). He&#039;s surprised to find out that Zee&#039;s real talent lies in singing. Though she prefers hip-hop, she can pull off a love ballad or two, when the mood strikes. Moony is helpless in the face of being serenaded- he&#039;s about two seconds away from swooning like a schoolgirl&lt;/div&gt;&lt;div&gt;&lt;br /&gt;&lt;/div&gt;&lt;div&gt;&lt;br /&gt;&lt;/div&gt;&lt;b&gt;5.) PB Sandwich/ Smokescreen:&lt;/b&gt; Is Smoky showing affection, or seizing the chance to swipe cookie dough? You be the judge! I imagine these two meet at some Canterlot party. &lt;span&gt;PB is sitting off alone somewhere sadly. He came with Jammie to hang out and try out new comedy to the party guests, but his sister wandered off with Artemis, something she&#039;s been doing more and more lately. Peebs is happy for her, really, but he can&#039;t help feeling abandoned. It&#039;s at the snack bar that he meets Smokescreen, who is naturally pining over Princess Iridescence (who is being swept off her hooves dancing with Cuppa Joe) and also feeling lonely (the guests aren&#039;t so keen to talk to him if he isn&#039;t disguised in a less unnerving form). The two hit it off, with Smoke appreciating PB&#039;s jokes and them bonding over being &quot;losers in love&quot;. Smoke finds himself thinking PB&#039;s smile is kinda adorable, and asks the goober to dance....&lt;/span&gt; &lt;br /&gt;&lt;div&gt;&lt;span&gt;Smokey would be a total cuddle bug with his little pony boyfriend, getting all purry and blushey feeding off Peeb&#039;s love and all his beautifully honest feelings....And being lowkey possessive, towering behind Peebs smiling oh-so-sweetly when ponies attempt to flirt with the little pony. He shrugs innocently when Peebs is confused why they all flee.&lt;/span&gt;&lt;/div&gt;&lt;div&gt;&lt;br /&gt;&lt;p&gt;&lt;span&gt;I imagine the friendship would be a healthy way for them both to move on from their respective one-sided loves eventually. I can see Peebs not judging Smokey for his feelings toward his aunt, just smiling sadly and admitting that he still holds a flame for Pandora, even now as she is happy in his sister&#039;s arms. Who is he to judge when it comes to love?&lt;/span&gt;&lt;span&gt;&lt;br /&gt;&lt;br /&gt;They eventually get to a place where love grows between them, and poor Peebs has to try and handle the intense changeling/dragon courting rituals as his crush determinedly pursues him. And maybe Smokey just loves seeing that delicious blush on his friend&#039;s face when the hybrid is not at all subtle about flexing his muscles in front of him.&lt;br /&gt;&lt;br /&gt;&lt;br /&gt;~~~~~~~~~~~~~~~~~~&lt;br /&gt;&lt;br /&gt;more teeny ships: &lt;span class=&quot;shadow-holder&quot; data-embed-type=&quot;deviation&quot; data-embed-id=&quot;785554444&quot; data-embed-format=&quot;thumb&quot;&gt;&lt;span class=&quot;shadow mild&quot; &gt;&lt;a class=&quot;thumb&quot; href=&quot;https://www.deviantart.com/lopoddity/art/Oh-Valentine-785554444&quot; title=&quot;Oh Valentine by Lopoddity, Feb 13, 2019 in Fan Art &amp;gt; Cartoons &amp;amp; Comics &amp;gt; Digital &amp;gt; Movies &amp;amp; TV&quot;data-super-img=&quot;https://images-wixmp-ed30a86b8c4ca887773594c2.wixmp.com/intermediary/f/5373eb59-8858-4201-a6f1-37c12319418a/dczp5os-deee0886-d163-441c-b69c-75b6c39b0629.png/v1/fill/w_789,h_1013,q_70,strp/oh_valentine_by_lopoddity_dczp5os-pre.jpg&quot; data-super-width=&quot;789&quot; data-super-height=&quot;1013&quot; data-super-transparent=&quot;false&quot; data-super-alt=&quot;Oh Valentine by Lopoddity&quot; data-super-full-img=&quot;https://images-wixmp-ed30a86b8c4ca887773594c2.wixmp.com/intermediary/f/5373eb59-8858-4201-a6f1-37c12319418a/dczp5os-deee0886-d163-441c-b69c-75b6c39b0629.png/v1/fill/w_1600,h_2054,q_80,strp/oh_valentine_by_lopoddity_dczp5os-fullview.jpg&quot; data-super-full-width=&quot;1600&quot; data-super-full-height=&quot;2054&quot;        data-sigil=&quot;thumb&quot;&gt;
        &lt;i&gt;&lt;/i&gt;&lt;img   width=&quot;117&quot; height=&quot;150&quot; alt=&quot;Oh Valentine by Lopoddity&quot; src=&quot;https://images-wixmp-ed30a86b8c4ca887773594c2.wixmp.com/intermediary/f/5373eb59-8858-4201-a6f1-37c12319418a/dczp5os-deee0886-d163-441c-b69c-75b6c39b0629.png/v1/fit/w_150,h_150,q_70,strp/oh_valentine_by_lopoddity_dczp5os-150.jpg&quot; data-src=&quot;https://images-wixmp-ed30a86b8c4ca887773594c2.wixmp.com/intermediary/f/5373eb59-8858-4201-a6f1-37c12319418a/dczp5os-deee0886-d163-441c-b69c-75b6c39b0629.png/v1/fit/w_150,h_150,q_70,strp/oh_valentine_by_lopoddity_dczp5os-150.jpg&quot; srcset=&quot;https://images-wixmp-ed30a86b8c4ca887773594c2.wixmp.com/intermediary/f/5373eb59-8858-4201-a6f1-37c12319418a/dczp5os-deee0886-d163-441c-b69c-75b6c39b0629.png/v1/fit/w_150,h_150,q_70,strp/oh_valentine_by_lopoddity_dczp5os-150.jpg 117w,https://images-wixmp-ed30a86b8c4ca887773594c2.wixmp.com/intermediary/f/5373eb59-8858-4201-a6f1-37c12319418a/dczp5os-deee0886-d163-441c-b69c-75b6c39b0629.png/v1/fill/w_195,h_250,q_70,strp/oh_valentine_by_lopoddity_dczp5os-250t.jpg 195w,https://images-wixmp-ed30a86b8c4ca887773594c2.wixmp.com/intermediary/f/5373eb59-8858-4201-a6f1-37c12319418a/dczp5os-deee0886-d163-441c-b69c-75b6c39b0629.png/v1/fill/w_273,h_350,q_70,strp/oh_valentine_by_lopoddity_dczp5os-350t.jpg 273w,https://images-wixmp-ed30a86b8c4ca887773594c2.wixmp.com/intermediary/f/5373eb59-8858-4201-a6f1-37c12319418a/dczp5os-deee0886-d163-441c-b69c-75b6c39b0629.png/v1/fill/w_312,h_400,q_70,strp/oh_valentine_by_lopoddity_dczp5os-400t.jpg 312w,https://images-wixmp-ed30a86b8c4ca887773594c2.wixmp.com/intermediary/f/5373eb59-8858-4201-a6f1-37c12319418a/dczp5os-deee0886-d163-441c-b69c-75b6c39b0629.png/v1/fill/w_789,h_1013,q_70,strp/oh_valentine_by_lopoddity_dczp5os-pre.jpg 789w&quot; sizes=&quot;117px&quot;&gt;&lt;/a&gt;&lt;/span&gt;&lt;!-- ^TTT --&gt;&lt;!-- TTT$ --&gt;&lt;/span&gt;&lt;br /&gt;&lt;br /&gt;~~~~~~~~~~~~~~~~~~~~~~~~~~~~~~~~~~~~~~~~~~~~&lt;br /&gt;&lt;br /&gt;&lt;/span&gt;&lt;/p&gt;&lt;div&gt;&lt;div&gt;&lt;div&gt;&lt;div&gt;Enjoy my content? Consider supporting me on Patreon! &lt;img src=&quot;https://e.deviantart.net/emoticons/b/biggrin.gif&quot; alt=&quot;:D (Big Grin)&quot; style=&quot;width: 15px; height: 15px;&quot; data-embed-type=&quot;emoticon&quot; data-embed-id=&quot;366&quot;&gt; It has rewards, sneak peeks, and early viewing of finished art for patrons! Also, for each funding goal met, I produce a new promised art and story reward! &lt;br /&gt;&lt;/div&gt;&lt;div&gt;&lt;div&gt;&lt;b&gt;&lt;h1&gt;&lt;b&gt;&lt;h2&gt;&lt;u&gt;&lt;a target=&quot;_self&quot; href=&quot;https://www.deviantart.com/patreonplz&quot; &gt;&lt;img class=&quot;avatar&quot; width=&quot;50&quot; height=&quot;50&quot; src=&quot;https://a.deviantart.net/avatars/p/a/patreonplz.png?3&quot; alt=&quot;:iconpatreonplz:&quot; title=&quot;patreonplz&quot; /&gt;&lt;/a&gt;&amp;nbsp;&lt;a class=&quot;external&quot; href=&quot;https://www.deviantart.com/users/outgoing?https://www.patreon.com/lopoddity&quot;&gt;Support on PATREON!&lt;/a&gt;&lt;/u&gt;&lt;/h2&gt;&lt;/b&gt;&lt;/h1&gt;&lt;/b&gt;&lt;/div&gt;&lt;/div&gt;&lt;/div&gt;&lt;/div&gt;&lt;/div&gt;&lt;p&gt;&lt;span&gt;&lt;/span&gt;&lt;/p&gt;&lt;/div&gt;&lt;br /&gt;&lt;div&gt;&lt;img src=&quot;https://t00.deviantart.net/BDjOKSGCo69580ph9jXU9flXJH4=/300x200/filters:fixed_height(100,100):origin()/pre00/2db0/th/pre/i/2019/048/c/d/teeny_romance_by_lopoddity-dd011zc.png&quot; alt=&quot;thumbnail&quot; /&gt;&lt;/div&gt;</description>            </item>
                    <item>
                <title>The Mighty Nein fan art free print</title>
                <link>https://max-dunbar.deviantart.com/art/The-Mighty-Nein-fan-art-free-print-786108664</link>
                <guid isPermaLink="true">https://max-dunbar.deviantart.com/art/The-Mighty-Nein-fan-art-free-print-786108664</guid>
                <pubDate>Sun, 17 Feb 2019 17:29:36 PST</pubDate>
                        <media:title type="plain">The Mighty Nein fan art free print</media:title>
        <media:keywords></media:keywords>
                        <media:rating>nonadult</media:rating>
                <media:category label="Games">fanart/traditional/drawings/games</media:category>
        <media:credit role="author" scheme="urn:ebu">Max-Dunbar</media:credit>
        <media:credit role="author" scheme="urn:ebu">https://a.deviantart.net/avatars/m/a/max-dunbar.png?3</media:credit>
        <media:copyright url="https://max-dunbar.deviantart.com">Copyright 2019 Max-Dunbar</media:copyright>            <media:description type="html">Some fanart of the Mighty Nein from Critical Role. Feel free to download it for yourself to color, print... whatever! (Download button is on the top right of the page in green)&lt;br /&gt;&lt;br /&gt;Only request is that you don&#039;t sell the artwork!&lt;br /&gt;&lt;br /&gt;If you like it, and want to contribute a few dollars, below is a list of charities found on the Critical Role website. No pressure though!&amp;nbsp;&lt;br /&gt;&lt;br /&gt;&lt;span&gt;Critical Role is a long time supporter of the nonprofit&amp;nbsp;&lt;/span&gt;&lt;a class=&quot;external&quot; href=&quot;https://www.deviantart.com/users/outgoing?http://826la.org/&quot;&gt;826LA&lt;/a&gt;&amp;nbsp;, as well as the charities listed below&lt;br /&gt;&lt;ul&gt;&lt;li&gt;&lt;span&gt;Sam:&amp;nbsp;&lt;/span&gt;&lt;a class=&quot;external&quot; href=&quot;https://www.deviantart.com/users/outgoing?http://www.pablove.org/&quot;&gt;&lt;span&gt;Pablove Foundation&lt;/span&gt;&lt;/a&gt;&lt;/li&gt;&lt;li&gt;&lt;span&gt;Liam:&amp;nbsp;&lt;/span&gt;&lt;a class=&quot;external&quot; href=&quot;https://www.deviantart.com/users/outgoing?http://planetary.org/&quot;&gt;&lt;span&gt;The Planetary Society&lt;/span&gt;&lt;/a&gt;&lt;/li&gt;&lt;li&gt;&lt;span&gt;Marisha:&amp;nbsp;&lt;/span&gt;&lt;a class=&quot;external&quot; href=&quot;https://www.deviantart.com/users/outgoing?http://www.nature.org/&quot;&gt;&lt;span&gt;The Nature Conservancy&lt;/span&gt;&lt;/a&gt;&lt;/li&gt;&lt;li&gt;&lt;span&gt;Matthew:&amp;nbsp;&lt;/span&gt;&lt;a class=&quot;external&quot; href=&quot;https://www.deviantart.com/users/outgoing?https://www.firstbook.org/&quot;&gt;&lt;span&gt;First Book&lt;/span&gt;&lt;/a&gt;&lt;/li&gt;&lt;li&gt;&lt;span&gt;Taliesin:&amp;nbsp;&lt;/span&gt;&lt;a class=&quot;external&quot; href=&quot;https://www.deviantart.com/users/outgoing?http://www.firstplaceforyouth.org/&quot;&gt;&lt;span&gt;First Place for Youth&lt;/span&gt;&lt;/a&gt;&lt;/li&gt;&lt;li&gt;&lt;span&gt;Travis:&amp;nbsp;&lt;/span&gt;&lt;a class=&quot;external&quot; href=&quot;https://www.deviantart.com/users/outgoing?http://www.operationsupplydrop.org/&quot;&gt;&lt;span&gt;Operation Supply Drop&lt;/span&gt;&lt;/a&gt;&lt;/li&gt;&lt;li&gt;&lt;span&gt;Laura:&amp;nbsp;&lt;/span&gt;&lt;a class=&quot;external&quot; href=&quot;https://www.deviantart.com/users/outgoing?http://myfriendsplace.org/&quot;&gt;&lt;span&gt;My Friend&amp;#8217;s Place&lt;/span&gt;&lt;/a&gt;&lt;/li&gt;&lt;li&gt;&lt;span&gt;Ashley:&amp;nbsp;&lt;/span&gt;&lt;a class=&quot;external&quot; href=&quot;https://www.deviantart.com/users/outgoing?http://www.amnestyusa.org/&quot;&gt;&lt;span&gt;Amnesty&lt;/span&gt;&lt;/a&gt;&lt;span&gt;&amp;#8206;&lt;/span&gt;&lt;/li&gt;&lt;li&gt;Brian:&amp;nbsp;&lt;a class=&quot;external&quot; href=&quot;https://www.deviantart.com/users/outgoing?http://insideoutwriters.org/&quot;&gt;InsideOUT Writers&lt;/a&gt;&lt;/li&gt;&lt;/ul&gt;</media:description>            <media:thumbnail url="https://t00.deviantart.net/8o4qqUDivlAPHphjJqcBuU-fVhM=/fit-in/150x150/filters:no_upscale():origin()/pre00/e7a5/th/pre/i/2019/048/2/6/the_mighty_nein_fan_art_free_print_by_max_dunbar-dd011bs.jpg" height="98" width="150"/>            <media:thumbnail url="https://t00.deviantart.net/ga9BPd2sQaclvZvAlLcARS7HaMc=/fit-in/300x900/filters:no_upscale():origin()/pre00/e7a5/th/pre/i/2019/048/2/6/the_mighty_nein_fan_art_free_print_by_max_dunbar-dd011bs.jpg" height="196" width="300"/>            <media:thumbnail url="https://t00.deviantart.net/_cknLVYWYNqhHyjNEPPFYdhRvEU=/300x200/filters:fixed_height(100,100):origin()/pre00/e7a5/th/pre/i/2019/048/2/6/the_mighty_nein_fan_art_free_print_by_max_dunbar-dd011bs.jpg" height="196" width="300"/>            <media:content url="https://pre00.deviantart.net/e7a5/th/pre/i/2019/048/2/6/the_mighty_nein_fan_art_free_print_by_max_dunbar-dd011bs.jpg" height="723" width="1105" medium="image"/>            
            <description>Some fanart of the Mighty Nein from Critical Role. Feel free to download it for yourself to color, print... whatever! (Download button is on the top right of the page in green)&lt;br /&gt;&lt;br /&gt;Only request is that you don&#039;t sell the artwork!&lt;br /&gt;&lt;br /&gt;If you like it, and want to contribute a few dollars, below is a list of charities found on the Critical Role website. No pressure though!&amp;nbsp;&lt;br /&gt;&lt;br /&gt;&lt;span&gt;Critical Role is a long time supporter of the nonprofit&amp;nbsp;&lt;/span&gt;&lt;a class=&quot;external&quot; href=&quot;https://www.deviantart.com/users/outgoing?http://826la.org/&quot;&gt;826LA&lt;/a&gt;&amp;nbsp;, as well as the charities listed below&lt;br /&gt;&lt;ul&gt;&lt;li&gt;&lt;span&gt;Sam:&amp;nbsp;&lt;/span&gt;&lt;a class=&quot;external&quot; href=&quot;https://www.deviantart.com/users/outgoing?http://www.pablove.org/&quot;&gt;&lt;span&gt;Pablove Foundation&lt;/span&gt;&lt;/a&gt;&lt;/li&gt;&lt;li&gt;&lt;span&gt;Liam:&amp;nbsp;&lt;/span&gt;&lt;a class=&quot;external&quot; href=&quot;https://www.deviantart.com/users/outgoing?http://planetary.org/&quot;&gt;&lt;span&gt;The Planetary Society&lt;/span&gt;&lt;/a&gt;&lt;/li&gt;&lt;li&gt;&lt;span&gt;Marisha:&amp;nbsp;&lt;/span&gt;&lt;a class=&quot;external&quot; href=&quot;https://www.deviantart.com/users/outgoing?http://www.nature.org/&quot;&gt;&lt;span&gt;The Nature Conservancy&lt;/span&gt;&lt;/a&gt;&lt;/li&gt;&lt;li&gt;&lt;span&gt;Matthew:&amp;nbsp;&lt;/span&gt;&lt;a class=&quot;external&quot; href=&quot;https://www.deviantart.com/users/outgoing?https://www.firstbook.org/&quot;&gt;&lt;span&gt;First Book&lt;/span&gt;&lt;/a&gt;&lt;/li&gt;&lt;li&gt;&lt;span&gt;Taliesin:&amp;nbsp;&lt;/span&gt;&lt;a class=&quot;external&quot; href=&quot;https://www.deviantart.com/users/outgoing?http://www.firstplaceforyouth.org/&quot;&gt;&lt;span&gt;First Place for Youth&lt;/span&gt;&lt;/a&gt;&lt;/li&gt;&lt;li&gt;&lt;span&gt;Travis:&amp;nbsp;&lt;/span&gt;&lt;a class=&quot;external&quot; href=&quot;https://www.deviantart.com/users/outgoing?http://www.operationsupplydrop.org/&quot;&gt;&lt;span&gt;Operation Supply Drop&lt;/span&gt;&lt;/a&gt;&lt;/li&gt;&lt;li&gt;&lt;span&gt;Laura:&amp;nbsp;&lt;/span&gt;&lt;a class=&quot;external&quot; href=&quot;https://www.deviantart.com/users/outgoing?http://myfriendsplace.org/&quot;&gt;&lt;span&gt;My Friend&amp;#8217;s Place&lt;/span&gt;&lt;/a&gt;&lt;/li&gt;&lt;li&gt;&lt;span&gt;Ashley:&amp;nbsp;&lt;/span&gt;&lt;a class=&quot;external&quot; href=&quot;https://www.deviantart.com/users/outgoing?http://www.amnestyusa.org/&quot;&gt;&lt;span&gt;Amnesty&lt;/span&gt;&lt;/a&gt;&lt;span&gt;&amp;#8206;&lt;/span&gt;&lt;/li&gt;&lt;li&gt;Brian:&amp;nbsp;&lt;a class=&quot;external&quot; href=&quot;https://www.deviantart.com/users/outgoing?http://insideoutwriters.org/&quot;&gt;InsideOUT Writers&lt;/a&gt;&lt;/li&gt;&lt;/ul&gt;&lt;br /&gt;&lt;div&gt;&lt;img src=&quot;https://t00.deviantart.net/_cknLVYWYNqhHyjNEPPFYdhRvEU=/300x200/filters:fixed_height(100,100):origin()/pre00/e7a5/th/pre/i/2019/048/2/6/the_mighty_nein_fan_art_free_print_by_max_dunbar-dd011bs.jpg&quot; alt=&quot;thumbnail&quot; /&gt;&lt;/div&gt;</description>            </item>
                    <item>
                <title>Light of dawn</title>
                <link>https://ellysiumn.deviantart.com/art/Light-of-dawn-784794353</link>
                <guid isPermaLink="true">https://ellysiumn.deviantart.com/art/Light-of-dawn-784794353</guid>
                <pubDate>Mon, 18 Feb 2019 00:22:54 PST</pubDate>
                        <media:title type="plain">Light of dawn</media:title>
        <media:keywords></media:keywords>
                        <media:rating>nonadult</media:rating>
                <media:category label="Abstract">customization/wallpaper/abstract</media:category>
        <media:credit role="author" scheme="urn:ebu">Ellysiumn</media:credit>
        <media:credit role="author" scheme="urn:ebu">https://a.deviantart.net/avatars/e/l/ellysiumn.jpg?10</media:credit>
        <media:copyright url="https://ellysiumn.deviantart.com">Copyright 2019 Ellysiumn</media:copyright>
            <media:community>
                <media:tags>@Ellysiumn</media:tags>
            </media:community>            <media:description type="html">Premium 4k wallpaper for personal use only.&lt;br /&gt;Zen wallpaper&lt;br /&gt;&lt;br /&gt;&lt;div align=&quot;left&quot;&gt;Copyright &amp;#169; by Gene Raz von Edler aka Ellysiumn. All rights reserved.&amp;nbsp;&lt;/div&gt;&lt;div align=&quot;left&quot;&gt;My artwork may not be reproduced, copied, edited, published or uploaded in any&amp;nbsp;&lt;/div&gt;&lt;div align=&quot;left&quot;&gt;way without my written permission.&lt;br /&gt;&lt;br /&gt;&lt;br /&gt;&lt;/div&gt;&lt;div&gt;&lt;a class=&quot;external&quot; href=&quot;https://www.deviantart.com/users/outgoing?https://unsplash.com/@anniespratt&quot;&gt;Mountains and sea&lt;/a&gt;&lt;br /&gt;Sky, moon and reflections, mine.&lt;br /&gt;Tools: PS CC 2018 and Wacom Intuos Pro L.&lt;br /&gt;&lt;br /&gt;&lt;br /&gt;&lt;a class=&quot;external&quot; href=&quot;https://www.deviantart.com/users/outgoing?https://www.instagram.com/ellysiumnarts/&quot;&gt;Instagram&lt;/a&gt;&lt;br /&gt;&lt;a class=&quot;external&quot; href=&quot;https://www.deviantart.com/users/outgoing?https://twitter.com/Ellysiumn&quot;&gt;Twitter&lt;/a&gt;&lt;br /&gt;&lt;a class=&quot;external&quot; href=&quot;https://www.deviantart.com/users/outgoing?https://www.artstation.com/genesisrazvonedler&quot;&gt;ArtStation&lt;/a&gt;&lt;/div&gt;</media:description>            <media:thumbnail url="https://t00.deviantart.net/eN4nZULHZ9PLpunEYQ7BNYFkCWs=/fit-in/150x150/filters:no_upscale():origin()/pre00/8de5/th/pre/i/2019/041/2/5/light_of_dawn_by_ellysiumn-dcz8v75.png" height="84" width="150"/>            <media:thumbnail url="https://t00.deviantart.net/c1VwpADpX4oPvgjkQz_eQZCp-VA=/fit-in/300x900/filters:no_upscale():origin()/pre00/8de5/th/pre/i/2019/041/2/5/light_of_dawn_by_ellysiumn-dcz8v75.png" height="169" width="300"/>            <media:thumbnail url="https://t00.deviantart.net/pSU8yNWgi4HQ08yqPz7lLxQx4A0=/300x200/filters:fixed_height(100,100):origin()/pre00/8de5/th/pre/i/2019/041/2/5/light_of_dawn_by_ellysiumn-dcz8v75.png" height="169" width="300"/>            <media:content url="https://img00.deviantart.net/5f02/i/2019/041/2/5/light_of_dawn_by_ellysiumn-dcz8v75.png" height="576" width="1024" medium="image"/>            
            <description>Premium 4k wallpaper for personal use only.&lt;br /&gt;Zen wallpaper&lt;br /&gt;&lt;br /&gt;&lt;div align=&quot;left&quot;&gt;Copyright &amp;#169; by Gene Raz von Edler aka Ellysiumn. All rights reserved.&amp;nbsp;&lt;/div&gt;&lt;div align=&quot;left&quot;&gt;My artwork may not be reproduced, copied, edited, published or uploaded in any&amp;nbsp;&lt;/div&gt;&lt;div align=&quot;left&quot;&gt;way without my written permission.&lt;br /&gt;&lt;br /&gt;&lt;br /&gt;&lt;/div&gt;&lt;div&gt;&lt;a class=&quot;external&quot; href=&quot;https://www.deviantart.com/users/outgoing?https://unsplash.com/@anniespratt&quot;&gt;Mountains and sea&lt;/a&gt;&lt;br /&gt;Sky, moon and reflections, mine.&lt;br /&gt;Tools: PS CC 2018 and Wacom Intuos Pro L.&lt;br /&gt;&lt;br /&gt;&lt;br /&gt;&lt;a class=&quot;external&quot; href=&quot;https://www.deviantart.com/users/outgoing?https://www.instagram.com/ellysiumnarts/&quot;&gt;Instagram&lt;/a&gt;&lt;br /&gt;&lt;a class=&quot;external&quot; href=&quot;https://www.deviantart.com/users/outgoing?https://twitter.com/Ellysiumn&quot;&gt;Twitter&lt;/a&gt;&lt;br /&gt;&lt;a class=&quot;external&quot; href=&quot;https://www.deviantart.com/users/outgoing?https://www.artstation.com/genesisrazvonedler&quot;&gt;ArtStation&lt;/a&gt;&lt;/div&gt;&lt;br /&gt;&lt;div&gt;&lt;img src=&quot;https://t00.deviantart.net/pSU8yNWgi4HQ08yqPz7lLxQx4A0=/300x200/filters:fixed_height(100,100):origin()/pre00/8de5/th/pre/i/2019/041/2/5/light_of_dawn_by_ellysiumn-dcz8v75.png&quot; alt=&quot;thumbnail&quot; /&gt;&lt;/div&gt;</description>            </item>
                    <item>
                <title>Ada and Claire wallpaper</title>
                <link>https://ayyasap.deviantart.com/art/Ada-and-Claire-wallpaper-786207156</link>
                <guid isPermaLink="true">https://ayyasap.deviantart.com/art/Ada-and-Claire-wallpaper-786207156</guid>
                <pubDate>Mon, 18 Feb 2019 10:59:41 PST</pubDate>
                        <media:title type="plain">Ada and Claire wallpaper</media:title>
        <media:keywords></media:keywords>
                        <media:rating>nonadult</media:rating>
                <media:category label="Games">fanart/digital/painting/games</media:category>
        <media:credit role="author" scheme="urn:ebu">AyyaSAP</media:credit>
        <media:credit role="author" scheme="urn:ebu">https://a.deviantart.net/avatars/a/y/ayyasap.jpg</media:credit>
        <media:copyright url="https://ayyasap.deviantart.com">Copyright 2019 AyyaSAP</media:copyright>             <creativeCommons:license>http://creativecommons.org/licenses/by-nc-nd/3.0/</creativeCommons:license>
                <media:description type="html">&lt;span&gt; &lt;/span&gt;&lt;a href=&quot;https://www.deviantart.com/linux-rules/art/Patreon-2017-iOS-Icon-ultramini-687003319&quot; class=&quot;emoticon&quot; data-embed-type=&quot;emoticon&quot; data-embed-id=&quot;687003319&quot; data-embed-profile=&quot;deviation&quot;&gt;&lt;img src=&quot;https://images-wixmp-ed30a86b8c4ca887773594c2.wixmp.com/intermediary/f/25e46574-05d5-4425-916d-e5292bb066ac/dbd0v5j-989c0efc-79a6-45ed-b2f0-39ba9d1eb470.png&quot; alt=&quot;Patreon (2017, iOS) Icon ultramini&quot; style=&quot;width:16px;height:16px&quot;&gt;&lt;/a&gt;&amp;nbsp;&lt;a class=&quot;external&quot; href=&quot;https://www.deviantart.com/users/outgoing?https://www.patreon.com/bePatron?u=416677&quot;&gt;PATREON&lt;/a&gt;&lt;span&gt; &amp;nbsp;/ &amp;nbsp;&lt;/span&gt;&lt;a href=&quot;https://www.deviantart.com/poserfan/art/GumRoad-Icon-610621158&quot; class=&quot;emoticon&quot; data-embed-type=&quot;emoticon&quot; data-embed-id=&quot;610621158&quot; data-embed-profile=&quot;deviation&quot;&gt;&lt;img src=&quot;https://images-wixmp-ed30a86b8c4ca887773594c2.wixmp.com/intermediary/f/0a6e9796-d386-4234-97d1-d46c16906e81/da3jqau-69d0ef7f-916c-4086-b61e-fde14d0a3a8d.png&quot; alt=&quot;GumRoad Icon&quot; style=&quot;width:16px;height:16px&quot;&gt;&lt;/a&gt;&amp;nbsp;&lt;a class=&quot;external&quot; href=&quot;https://www.deviantart.com/users/outgoing?https://gumroad.com/ayyasap&quot;&gt;GUMROAD&lt;/a&gt;&lt;span&gt; &amp;nbsp; / &amp;nbsp;&lt;/span&gt;&lt;b&gt;&lt;a href=&quot;https://www.deviantart.com/poserfan/art/ArtStation-Icon-609001376&quot; class=&quot;emoticon&quot; data-embed-type=&quot;emoticon&quot; data-embed-id=&quot;609001376&quot; data-embed-profile=&quot;deviation&quot;&gt;&lt;img src=&quot;https://images-wixmp-ed30a86b8c4ca887773594c2.wixmp.com/intermediary/f/0a6e9796-d386-4234-97d1-d46c16906e81/da2l0gw-e96288a3-e43c-48a9-9705-214f0e31c6c1.png&quot; alt=&quot;ArtStation Icon&quot; style=&quot;width:16px;height:16px&quot;&gt;&lt;/a&gt;&amp;nbsp;&lt;/b&gt;&lt;a class=&quot;external&quot; href=&quot;https://www.deviantart.com/users/outgoing?https://www.artstation.com/artist/ayyasap&quot;&gt;ARTSTATION&lt;/a&gt;&lt;span&gt; &amp;nbsp;/ &amp;nbsp;&lt;/span&gt;&lt;b&gt;&lt;a href=&quot;https://www.deviantart.com/poserfan/art/Instagram-New-Icon-608963664&quot; class=&quot;emoticon&quot; data-embed-type=&quot;emoticon&quot; data-embed-id=&quot;608963664&quot; data-embed-profile=&quot;deviation&quot;&gt;&lt;img src=&quot;https://images-wixmp-ed30a86b8c4ca887773594c2.wixmp.com/intermediary/f/0a6e9796-d386-4234-97d1-d46c16906e81/da2k7dc-81054cd1-99a8-4653-bd88-048d077f7265.png&quot; alt=&quot;Instagram New Icon&quot; style=&quot;width:16px;height:16px&quot;&gt;&lt;/a&gt;&amp;nbsp;&lt;/b&gt;&lt;a class=&quot;external&quot; href=&quot;https://www.deviantart.com/users/outgoing?https://www.instagram.com/ayyasap/&quot;&gt;INSTAGRAM&lt;/a&gt;&lt;span&gt; &amp;nbsp;/ &amp;nbsp;&lt;/span&gt;&lt;b&gt;&lt;a href=&quot;https://www.deviantart.com/poserfan/art/Tumblr-Icon-314822709&quot; class=&quot;emoticon&quot; data-embed-type=&quot;emoticon&quot; data-embed-id=&quot;314822709&quot; data-embed-profile=&quot;deviation&quot;&gt;&lt;img src=&quot;https://orig00.deviantart.net/28ed/f/2015/212/c/0/tumblr_icon_by_poserfan-d57fqr9.gif&quot; alt=&quot;Tumblr Icon&quot; style=&quot;width:16px;height:16px&quot;&gt;&lt;/a&gt;&amp;nbsp;&lt;/b&gt;&lt;a class=&quot;external&quot; href=&quot;https://www.deviantart.com/users/outgoing?http://ayyasap.tumblr.com/&quot;&gt;TUMBLR&lt;/a&gt;&lt;span&gt; &amp;nbsp;/ &amp;nbsp;&lt;/span&gt;&lt;b&gt;&lt;a href=&quot;https://www.deviantart.com/4everyoungkid/art/youtube-271323237&quot; class=&quot;emoticon&quot; data-embed-type=&quot;emoticon&quot; data-embed-id=&quot;271323237&quot; data-embed-profile=&quot;deviation&quot;&gt;&lt;img src=&quot;https://orig00.deviantart.net/f88b/f/2011/332/1/f/1fcf2444e2718a37ffac7c8cb08058df-d4hjecl.gif&quot; alt=&quot;:youtube:&quot; style=&quot;width:16px;height:16px&quot;&gt;&lt;/a&gt;&amp;nbsp;&lt;/b&gt;&lt;a class=&quot;external&quot; href=&quot;https://www.deviantart.com/users/outgoing?https://www.youtube.com/c/AyyaSAP&quot;&gt;YOUTUBE&lt;/a&gt;&lt;span&gt;&amp;nbsp;&lt;/span&gt;&lt;b&gt;&lt;br /&gt;&lt;/b&gt;&lt;h1&gt;&lt;span&gt;&lt;hr/&gt;&lt;/span&gt;&lt;/h1&gt;&lt;b&gt;&amp;nbsp;&lt;br /&gt;&lt;/b&gt;&lt;br /&gt;&lt;h3&gt;Wallpaper version!&lt;/h3&gt;&lt;b&gt;&lt;br /&gt;&lt;a href=&quot;https://www.deviantart.com/drache-lehre/art/Dark-Pink-Dot-Bullet-F2U-435239118&quot; class=&quot;emoticon&quot; data-embed-type=&quot;emoticon&quot; data-embed-id=&quot;435239118&quot; data-embed-profile=&quot;deviation&quot;&gt;&lt;img src=&quot;https://images-wixmp-ed30a86b8c4ca887773594c2.wixmp.com/intermediary/f/66a57468-5202-4c8b-987a-733b3eb4a6ca/d774oni-d2381918-cf8b-46f7-bbed-0f169e813524.png&quot; alt=&quot;Dark Pink Dot Bullet - F2U!&quot; style=&quot;width:10px;height:10px&quot;&gt;&lt;/a&gt;&amp;nbsp;&amp;nbsp; &amp;nbsp; &amp;#9829; Hi-res Image /JPG/&lt;br /&gt;&lt;/b&gt;&lt;b&gt;&lt;a href=&quot;https://www.deviantart.com/drache-lehre/art/Dark-Pink-Dot-Bullet-F2U-435239118&quot; class=&quot;emoticon&quot; data-embed-type=&quot;emoticon&quot; data-embed-id=&quot;435239118&quot; data-embed-profile=&quot;deviation&quot;&gt;&lt;img src=&quot;https://images-wixmp-ed30a86b8c4ca887773594c2.wixmp.com/intermediary/f/66a57468-5202-4c8b-987a-733b3eb4a6ca/d774oni-d2381918-cf8b-46f7-bbed-0f169e813524.png&quot; alt=&quot;Dark Pink Dot Bullet - F2U!&quot; style=&quot;width:10px;height:10px&quot;&gt;&lt;/a&gt;&amp;nbsp;&lt;/b&gt;&lt;b&gt;&amp;nbsp; &amp;nbsp;&amp;nbsp;&lt;/b&gt;&lt;b&gt;&amp;#9829;&amp;nbsp;&lt;/b&gt;&lt;b&gt;Lingerie version&lt;a href=&quot;https://www.deviantart.com/hmerhplz/art/Panties-473664612&quot; class=&quot;emoticon&quot; data-embed-type=&quot;emoticon&quot; data-embed-id=&quot;473664612&quot; data-embed-profile=&quot;deviation&quot;&gt;&lt;img src=&quot;https://images-wixmp-ed30a86b8c4ca887773594c2.wixmp.com/intermediary/f/b4d2d75b-e036-4d8b-b220-4c63c36cec24/d7u09yc-806eaa1e-91be-4194-8d06-d0b59900031c.png&quot; alt=&quot;Panties&quot; style=&quot;width:23px;height:14px&quot;&gt;&lt;/a&gt;&lt;/b&gt;&lt;b&gt;&lt;br /&gt;&lt;/b&gt;&lt;b&gt;&lt;a href=&quot;https://www.deviantart.com/drache-lehre/art/Dark-Pink-Dot-Bullet-F2U-435239118&quot; class=&quot;emoticon&quot; data-embed-type=&quot;emoticon&quot; data-embed-id=&quot;435239118&quot; data-embed-profile=&quot;deviation&quot;&gt;&lt;img src=&quot;https://images-wixmp-ed30a86b8c4ca887773594c2.wixmp.com/intermediary/f/66a57468-5202-4c8b-987a-733b3eb4a6ca/d774oni-d2381918-cf8b-46f7-bbed-0f169e813524.png&quot; alt=&quot;Dark Pink Dot Bullet - F2U!&quot; style=&quot;width:10px;height:10px&quot;&gt;&lt;/a&gt;&amp;nbsp; &amp;nbsp; &amp;nbsp;&lt;/b&gt;&lt;b&gt;&amp;#9829; +18 version /&lt;/b&gt;&lt;b&gt;&lt;img src=&quot;https://e.deviantart.net/emoticons/h/heart.gif&quot; alt=&quot;Heart&quot; style=&quot;width: 15px; height: 13px;&quot; data-embed-type=&quot;emoticon&quot; data-embed-id=&quot;357&quot;&gt;&lt;/b&gt;&lt;b&gt;/&lt;/b&gt;&lt;b&gt;&lt;br /&gt;&lt;/b&gt;&lt;b&gt;&lt;a href=&quot;https://www.deviantart.com/drache-lehre/art/Dark-Pink-Dot-Bullet-F2U-435239118&quot; class=&quot;emoticon&quot; data-embed-type=&quot;emoticon&quot; data-embed-id=&quot;435239118&quot; data-embed-profile=&quot;deviation&quot;&gt;&lt;img src=&quot;https://images-wixmp-ed30a86b8c4ca887773594c2.wixmp.com/intermediary/f/66a57468-5202-4c8b-987a-733b3eb4a6ca/d774oni-d2381918-cf8b-46f7-bbed-0f169e813524.png&quot; alt=&quot;Dark Pink Dot Bullet - F2U!&quot; style=&quot;width:10px;height:10px&quot;&gt;&lt;/a&gt;&amp;nbsp; &amp;nbsp; &amp;nbsp;&lt;/b&gt;&lt;b&gt;&amp;#9829; A&lt;/b&gt;&lt;b&gt;vailable&amp;nbsp;&lt;/b&gt;&lt;b&gt;on my&amp;nbsp;&lt;/b&gt;&lt;a href=&quot;https://www.deviantart.com/linux-rules/art/Patreon-2017-iOS-Icon-ultramini-687003319&quot; class=&quot;emoticon&quot; data-embed-type=&quot;emoticon&quot; data-embed-id=&quot;687003319&quot; data-embed-profile=&quot;deviation&quot;&gt;&lt;img src=&quot;https://images-wixmp-ed30a86b8c4ca887773594c2.wixmp.com/intermediary/f/25e46574-05d5-4425-916d-e5292bb066ac/dbd0v5j-989c0efc-79a6-45ed-b2f0-39ba9d1eb470.png&quot; alt=&quot;Patreon (2017, iOS) Icon ultramini&quot; style=&quot;width:16px;height:16px&quot;&gt;&lt;/a&gt;&amp;nbsp;&lt;a class=&quot;external&quot; href=&quot;https://www.deviantart.com/users/outgoing?https://www.patreon.com/bePatron?u=416677&quot;&gt;PATREON&lt;/a&gt;&amp;nbsp;&amp;nbsp;&lt;b&gt;!&amp;nbsp;&lt;/b&gt;&lt;b&gt;&amp;nbsp;&lt;/b&gt;&lt;br /&gt;&lt;h1&gt;&lt;span&gt;&lt;hr/&gt;&lt;/span&gt;&lt;/h1&gt;&lt;br /&gt;&amp;nbsp;&lt;a class=&quot;external&quot; href=&quot;https://www.deviantart.com/users/outgoing?https://gumroad.com/ayyasap&quot;&gt;Previous months Patreon rewards&lt;/a&gt;&lt;br /&gt;&lt;br /&gt;&lt;b&gt;&lt;img src=&quot;https://e.deviantart.net/emoticons/p/plusfav.gif&quot; alt=&quot;+fav&quot; style=&quot;width: 15px; height: 16px;&quot; data-embed-type=&quot;emoticon&quot; data-embed-id=&quot;194&quot;&gt;&amp;nbsp;&lt;img src=&quot;https://e.deviantart.net/emoticons/h/heart.gif&quot; alt=&quot;Heart&quot; style=&quot;width: 15px; height: 13px;&quot; data-embed-type=&quot;emoticon&quot; data-embed-id=&quot;357&quot;&gt;&amp;nbsp;Other Stuff&lt;img src=&quot;https://e.deviantart.net/emoticons/h/heart.gif&quot; alt=&quot;Heart&quot; style=&quot;width: 15px; height: 13px;&quot; data-embed-type=&quot;emoticon&quot; data-embed-id=&quot;357&quot;&gt;&amp;nbsp;&lt;img src=&quot;https://e.deviantart.net/emoticons/p/plusfav.gif&quot; alt=&quot;+fav&quot; style=&quot;width: 15px; height: 16px;&quot; data-embed-type=&quot;emoticon&quot; data-embed-id=&quot;194&quot;&gt;&amp;nbsp;&amp;nbsp;&lt;br /&gt;&lt;br /&gt;&lt;/b&gt;&lt;span class=&quot;shadow-holder&quot; data-embed-type=&quot;deviation&quot; data-embed-id=&quot;784628914&quot; data-embed-format=&quot;thumb&quot;&gt;&lt;span class=&quot;shadow mild&quot; &gt;&lt;a class=&quot;thumb&quot; href=&quot;https://www.deviantart.com/ayyasap/art/Ada-Wong-Valentine-s-Day-784628914&quot; title=&quot;Ada Wong (Valentine&amp;#039;s Day) by AyyaSAP, Feb 7, 2019 in Fan Art &amp;gt; Digital Art &amp;gt; Painting &amp;amp; Airbrushing &amp;gt; Games&quot;data-super-img=&quot;https://images-wixmp-ed30a86b8c4ca887773594c2.wixmp.com/intermediary/f/52c4a3ad-d416-42f0-90f6-570983e36797/dcz5bjm-1267479d-aeec-4cd3-be3c-ac2515e1b70f.jpg&quot; data-super-width=&quot;720&quot; data-super-height=&quot;1007&quot; data-super-transparent=&quot;false&quot; data-super-alt=&quot;Ada Wong (Valentine&amp;#039;s Day) by AyyaSAP&quot; data-super-full-img=&quot;https://images-wixmp-ed30a86b8c4ca887773594c2.wixmp.com/intermediary/f/52c4a3ad-d416-42f0-90f6-570983e36797/dcz5bjm-1267479d-aeec-4cd3-be3c-ac2515e1b70f.jpg&quot; data-super-full-width=&quot;720&quot; data-super-full-height=&quot;1007&quot;        data-sigil=&quot;thumb&quot;&gt;
        &lt;i&gt;&lt;/i&gt;&lt;img   width=&quot;107&quot; height=&quot;150&quot; alt=&quot;Ada Wong (Valentine&amp;#039;s Day) by AyyaSAP&quot; src=&quot;https://images-wixmp-ed30a86b8c4ca887773594c2.wixmp.com/intermediary/f/52c4a3ad-d416-42f0-90f6-570983e36797/dcz5bjm-1267479d-aeec-4cd3-be3c-ac2515e1b70f.jpg/v1/fit/w_150,h_150,q_70,strp/ada_wong__valentine_s_day__by_ayyasap_dcz5bjm-150.jpg&quot; data-src=&quot;https://images-wixmp-ed30a86b8c4ca887773594c2.wixmp.com/intermediary/f/52c4a3ad-d416-42f0-90f6-570983e36797/dcz5bjm-1267479d-aeec-4cd3-be3c-ac2515e1b70f.jpg/v1/fit/w_150,h_150,q_70,strp/ada_wong__valentine_s_day__by_ayyasap_dcz5bjm-150.jpg&quot; srcset=&quot;https://images-wixmp-ed30a86b8c4ca887773594c2.wixmp.com/intermediary/f/52c4a3ad-d416-42f0-90f6-570983e36797/dcz5bjm-1267479d-aeec-4cd3-be3c-ac2515e1b70f.jpg/v1/fit/w_150,h_150,q_70,strp/ada_wong__valentine_s_day__by_ayyasap_dcz5bjm-150.jpg 107w,https://images-wixmp-ed30a86b8c4ca887773594c2.wixmp.com/intermediary/f/52c4a3ad-d416-42f0-90f6-570983e36797/dcz5bjm-1267479d-aeec-4cd3-be3c-ac2515e1b70f.jpg/v1/fill/w_179,h_250,q_70,strp/ada_wong__valentine_s_day__by_ayyasap_dcz5bjm-250t.jpg 179w,https://images-wixmp-ed30a86b8c4ca887773594c2.wixmp.com/intermediary/f/52c4a3ad-d416-42f0-90f6-570983e36797/dcz5bjm-1267479d-aeec-4cd3-be3c-ac2515e1b70f.jpg/v1/fill/w_250,h_350,q_70,strp/ada_wong__valentine_s_day__by_ayyasap_dcz5bjm-350t.jpg 250w,https://images-wixmp-ed30a86b8c4ca887773594c2.wixmp.com/intermediary/f/52c4a3ad-d416-42f0-90f6-570983e36797/dcz5bjm-1267479d-aeec-4cd3-be3c-ac2515e1b70f.jpg/v1/fill/w_286,h_400,q_70,strp/ada_wong__valentine_s_day__by_ayyasap_dcz5bjm-400t.jpg 286w,https://images-wixmp-ed30a86b8c4ca887773594c2.wixmp.com/intermediary/f/52c4a3ad-d416-42f0-90f6-570983e36797/dcz5bjm-1267479d-aeec-4cd3-be3c-ac2515e1b70f.jpg 720w&quot; sizes=&quot;107px&quot;&gt;&lt;/a&gt;&lt;/span&gt;&lt;!-- ^TTT --&gt;&lt;!-- TTT$ --&gt;&lt;/span&gt;&amp;nbsp;&amp;nbsp;&lt;span class=&quot;shadow-holder&quot; data-embed-type=&quot;deviation&quot; data-embed-id=&quot;785643279&quot; data-embed-format=&quot;thumb&quot;&gt;&lt;span class=&quot;shadow mild&quot; &gt;&lt;a class=&quot;thumb&quot; href=&quot;https://www.deviantart.com/ayyasap/art/Claire-Redfield-785643279&quot; title=&quot;Claire Redfield by AyyaSAP, Feb 14, 2019 in Fan Art &amp;gt; Digital Art &amp;gt; Painting &amp;amp; Airbrushing &amp;gt; Games&quot;data-super-img=&quot;https://images-wixmp-ed30a86b8c4ca887773594c2.wixmp.com/intermediary/f/52c4a3ad-d416-42f0-90f6-570983e36797/dczr28f-bd255304-01bf-4765-8cd3-e53983d3f78a.jpg&quot; data-super-width=&quot;720&quot; data-super-height=&quot;1008&quot; data-super-transparent=&quot;false&quot; data-super-alt=&quot;Claire Redfield by AyyaSAP&quot; data-super-full-img=&quot;https://images-wixmp-ed30a86b8c4ca887773594c2.wixmp.com/intermediary/f/52c4a3ad-d416-42f0-90f6-570983e36797/dczr28f-bd255304-01bf-4765-8cd3-e53983d3f78a.jpg&quot; data-super-full-width=&quot;720&quot; data-super-full-height=&quot;1008&quot;        data-sigil=&quot;thumb&quot;&gt;
        &lt;i&gt;&lt;/i&gt;&lt;img   width=&quot;107&quot; height=&quot;150&quot; alt=&quot;Claire Redfield by AyyaSAP&quot; src=&quot;https://images-wixmp-ed30a86b8c4ca887773594c2.wixmp.com/intermediary/f/52c4a3ad-d416-42f0-90f6-570983e36797/dczr28f-bd255304-01bf-4765-8cd3-e53983d3f78a.jpg/v1/fit/w_150,h_150,q_70,strp/claire_redfield_by_ayyasap_dczr28f-150.jpg&quot; data-src=&quot;https://images-wixmp-ed30a86b8c4ca887773594c2.wixmp.com/intermediary/f/52c4a3ad-d416-42f0-90f6-570983e36797/dczr28f-bd255304-01bf-4765-8cd3-e53983d3f78a.jpg/v1/fit/w_150,h_150,q_70,strp/claire_redfield_by_ayyasap_dczr28f-150.jpg&quot; srcset=&quot;https://images-wixmp-ed30a86b8c4ca887773594c2.wixmp.com/intermediary/f/52c4a3ad-d416-42f0-90f6-570983e36797/dczr28f-bd255304-01bf-4765-8cd3-e53983d3f78a.jpg/v1/fit/w_150,h_150,q_70,strp/claire_redfield_by_ayyasap_dczr28f-150.jpg 107w,https://images-wixmp-ed30a86b8c4ca887773594c2.wixmp.com/intermediary/f/52c4a3ad-d416-42f0-90f6-570983e36797/dczr28f-bd255304-01bf-4765-8cd3-e53983d3f78a.jpg/v1/crop/w_179,h_250,x_0,y_0,scl_0.24861111111111,q_70,strp/claire_redfield_by_ayyasap_dczr28f-250t.jpg 179w,https://images-wixmp-ed30a86b8c4ca887773594c2.wixmp.com/intermediary/f/52c4a3ad-d416-42f0-90f6-570983e36797/dczr28f-bd255304-01bf-4765-8cd3-e53983d3f78a.jpg/v1/fill/w_250,h_350,q_70,strp/claire_redfield_by_ayyasap_dczr28f-350t.jpg 250w,https://images-wixmp-ed30a86b8c4ca887773594c2.wixmp.com/intermediary/f/52c4a3ad-d416-42f0-90f6-570983e36797/dczr28f-bd255304-01bf-4765-8cd3-e53983d3f78a.jpg/v1/fill/w_286,h_400,q_70,strp/claire_redfield_by_ayyasap_dczr28f-400t.jpg 286w,https://images-wixmp-ed30a86b8c4ca887773594c2.wixmp.com/intermediary/f/52c4a3ad-d416-42f0-90f6-570983e36797/dczr28f-bd255304-01bf-4765-8cd3-e53983d3f78a.jpg 720w&quot; sizes=&quot;107px&quot;&gt;&lt;/a&gt;&lt;/span&gt;&lt;!-- ^TTT --&gt;&lt;!-- TTT$ --&gt;&lt;/span&gt;&amp;nbsp;&amp;nbsp;&lt;b&gt;&lt;span class=&quot;shadow-holder&quot; data-embed-type=&quot;deviation&quot; data-embed-id=&quot;785389689&quot; data-embed-format=&quot;thumb&quot;&gt;&lt;span class=&quot;shadow mild&quot; &gt;&lt;a class=&quot;thumb&quot; href=&quot;https://www.deviantart.com/ayyasap/art/Sword-Maiden-785389689&quot; title=&quot;Sword Maiden by AyyaSAP, Feb 12, 2019 in Fan Art &amp;gt; Manga &amp;amp; Anime &amp;gt; Digital &amp;gt; Movies &amp;amp; TV&quot;data-super-img=&quot;https://images-wixmp-ed30a86b8c4ca887773594c2.wixmp.com/intermediary/f/52c4a3ad-d416-42f0-90f6-570983e36797/dczlmk9-0ff10685-8777-4779-af93-13d6899a345e.jpg&quot; data-super-width=&quot;720&quot; data-super-height=&quot;1008&quot; data-super-transparent=&quot;false&quot; data-super-alt=&quot;Sword Maiden by AyyaSAP&quot; data-super-full-img=&quot;https://images-wixmp-ed30a86b8c4ca887773594c2.wixmp.com/intermediary/f/52c4a3ad-d416-42f0-90f6-570983e36797/dczlmk9-0ff10685-8777-4779-af93-13d6899a345e.jpg&quot; data-super-full-width=&quot;720&quot; data-super-full-height=&quot;1008&quot;        data-sigil=&quot;thumb&quot;&gt;
        &lt;i&gt;&lt;/i&gt;&lt;img   width=&quot;107&quot; height=&quot;150&quot; alt=&quot;Sword Maiden by AyyaSAP&quot; src=&quot;https://images-wixmp-ed30a86b8c4ca887773594c2.wixmp.com/intermediary/f/52c4a3ad-d416-42f0-90f6-570983e36797/dczlmk9-0ff10685-8777-4779-af93-13d6899a345e.jpg/v1/fit/w_150,h_150,q_70,strp/sword_maiden_by_ayyasap_dczlmk9-150.jpg&quot; data-src=&quot;https://images-wixmp-ed30a86b8c4ca887773594c2.wixmp.com/intermediary/f/52c4a3ad-d416-42f0-90f6-570983e36797/dczlmk9-0ff10685-8777-4779-af93-13d6899a345e.jpg/v1/fit/w_150,h_150,q_70,strp/sword_maiden_by_ayyasap_dczlmk9-150.jpg&quot; srcset=&quot;https://images-wixmp-ed30a86b8c4ca887773594c2.wixmp.com/intermediary/f/52c4a3ad-d416-42f0-90f6-570983e36797/dczlmk9-0ff10685-8777-4779-af93-13d6899a345e.jpg/v1/fit/w_150,h_150,q_70,strp/sword_maiden_by_ayyasap_dczlmk9-150.jpg 107w,https://images-wixmp-ed30a86b8c4ca887773594c2.wixmp.com/intermediary/f/52c4a3ad-d416-42f0-90f6-570983e36797/dczlmk9-0ff10685-8777-4779-af93-13d6899a345e.jpg/v1/crop/w_179,h_250,x_0,y_0,scl_0.24861111111111,q_70,strp/sword_maiden_by_ayyasap_dczlmk9-250t.jpg 179w,https://images-wixmp-ed30a86b8c4ca887773594c2.wixmp.com/intermediary/f/52c4a3ad-d416-42f0-90f6-570983e36797/dczlmk9-0ff10685-8777-4779-af93-13d6899a345e.jpg/v1/fill/w_250,h_350,q_70,strp/sword_maiden_by_ayyasap_dczlmk9-350t.jpg 250w,https://images-wixmp-ed30a86b8c4ca887773594c2.wixmp.com/intermediary/f/52c4a3ad-d416-42f0-90f6-570983e36797/dczlmk9-0ff10685-8777-4779-af93-13d6899a345e.jpg/v1/fill/w_286,h_400,q_70,strp/sword_maiden_by_ayyasap_dczlmk9-400t.jpg 286w,https://images-wixmp-ed30a86b8c4ca887773594c2.wixmp.com/intermediary/f/52c4a3ad-d416-42f0-90f6-570983e36797/dczlmk9-0ff10685-8777-4779-af93-13d6899a345e.jpg 720w&quot; sizes=&quot;107px&quot;&gt;&lt;/a&gt;&lt;/span&gt;&lt;!-- ^TTT --&gt;&lt;!-- TTT$ --&gt;&lt;/span&gt;&amp;nbsp;&amp;nbsp;&lt;span class=&quot;shadow-holder&quot; data-embed-type=&quot;deviation&quot; data-embed-id=&quot;785496490&quot; data-embed-format=&quot;thumb&quot;&gt;&lt;span class=&quot;shadow mild&quot; &gt;&lt;a class=&quot;thumb&quot; href=&quot;https://www.deviantart.com/ayyasap/art/Rogue-X-Men-Evolution-785496490&quot; title=&quot;Rogue ( X-Men Evolution ) by AyyaSAP, Feb 13, 2019 in Fan Art &amp;gt; Digital Art &amp;gt; Painting &amp;amp; Airbrushing &amp;gt; Movies &amp;amp; TV&quot;data-super-img=&quot;https://images-wixmp-ed30a86b8c4ca887773594c2.wixmp.com/intermediary/f/52c4a3ad-d416-42f0-90f6-570983e36797/dcznwyy-69e33335-e105-4950-97c2-547acc8b0a1d.jpg&quot; data-super-width=&quot;720&quot; data-super-height=&quot;1008&quot; data-super-transparent=&quot;false&quot; data-super-alt=&quot;Rogue ( X-Men Evolution ) by AyyaSAP&quot; data-super-full-img=&quot;https://images-wixmp-ed30a86b8c4ca887773594c2.wixmp.com/intermediary/f/52c4a3ad-d416-42f0-90f6-570983e36797/dcznwyy-69e33335-e105-4950-97c2-547acc8b0a1d.jpg&quot; data-super-full-width=&quot;720&quot; data-super-full-height=&quot;1008&quot;        data-sigil=&quot;thumb&quot;&gt;
        &lt;i&gt;&lt;/i&gt;&lt;img   width=&quot;107&quot; height=&quot;150&quot; alt=&quot;Rogue ( X-Men Evolution ) by AyyaSAP&quot; src=&quot;https://images-wixmp-ed30a86b8c4ca887773594c2.wixmp.com/intermediary/f/52c4a3ad-d416-42f0-90f6-570983e36797/dcznwyy-69e33335-e105-4950-97c2-547acc8b0a1d.jpg/v1/fit/w_150,h_150,q_70,strp/rogue___x_men_evolution___by_ayyasap_dcznwyy-150.jpg&quot; data-src=&quot;https://images-wixmp-ed30a86b8c4ca887773594c2.wixmp.com/intermediary/f/52c4a3ad-d416-42f0-90f6-570983e36797/dcznwyy-69e33335-e105-4950-97c2-547acc8b0a1d.jpg/v1/fit/w_150,h_150,q_70,strp/rogue___x_men_evolution___by_ayyasap_dcznwyy-150.jpg&quot; srcset=&quot;https://images-wixmp-ed30a86b8c4ca887773594c2.wixmp.com/intermediary/f/52c4a3ad-d416-42f0-90f6-570983e36797/dcznwyy-69e33335-e105-4950-97c2-547acc8b0a1d.jpg/v1/fit/w_150,h_150,q_70,strp/rogue___x_men_evolution___by_ayyasap_dcznwyy-150.jpg 107w,https://images-wixmp-ed30a86b8c4ca887773594c2.wixmp.com/intermediary/f/52c4a3ad-d416-42f0-90f6-570983e36797/dcznwyy-69e33335-e105-4950-97c2-547acc8b0a1d.jpg/v1/crop/w_179,h_250,x_0,y_0,scl_0.24861111111111,q_70,strp/rogue___x_men_evolution___by_ayyasap_dcznwyy-250t.jpg 179w,https://images-wixmp-ed30a86b8c4ca887773594c2.wixmp.com/intermediary/f/52c4a3ad-d416-42f0-90f6-570983e36797/dcznwyy-69e33335-e105-4950-97c2-547acc8b0a1d.jpg/v1/fill/w_250,h_350,q_70,strp/rogue___x_men_evolution___by_ayyasap_dcznwyy-350t.jpg 250w,https://images-wixmp-ed30a86b8c4ca887773594c2.wixmp.com/intermediary/f/52c4a3ad-d416-42f0-90f6-570983e36797/dcznwyy-69e33335-e105-4950-97c2-547acc8b0a1d.jpg/v1/fill/w_286,h_400,q_70,strp/rogue___x_men_evolution___by_ayyasap_dcznwyy-400t.jpg 286w,https://images-wixmp-ed30a86b8c4ca887773594c2.wixmp.com/intermediary/f/52c4a3ad-d416-42f0-90f6-570983e36797/dcznwyy-69e33335-e105-4950-97c2-547acc8b0a1d.jpg 720w&quot; sizes=&quot;107px&quot;&gt;&lt;/a&gt;&lt;/span&gt;&lt;!-- ^TTT --&gt;&lt;!-- TTT$ --&gt;&lt;/span&gt;&amp;nbsp;&amp;nbsp;&lt;span class=&quot;shadow-holder&quot; data-embed-type=&quot;deviation&quot; data-embed-id=&quot;782465461&quot; data-embed-format=&quot;thumb&quot;&gt;&lt;span class=&quot;shadow mild&quot; &gt;&lt;a class=&quot;thumb&quot; href=&quot;https://www.deviantart.com/ayyasap/art/Ruby-Rose-RWBY-782465461&quot; title=&quot;Ruby Rose ( RWBY ) by AyyaSAP, Jan 23, 2019 in Fan Art &amp;gt; Digital Art &amp;gt; Drawings &amp;gt; Movies &amp;amp; TV&quot;data-super-img=&quot;https://images-wixmp-ed30a86b8c4ca887773594c2.wixmp.com/intermediary/f/52c4a3ad-d416-42f0-90f6-570983e36797/dcxuy7p-e569d44e-44f1-4a4d-b0d1-3e9de119f143.jpg&quot; data-super-width=&quot;720&quot; data-super-height=&quot;1080&quot; data-super-transparent=&quot;false&quot; data-super-alt=&quot;Ruby Rose ( RWBY ) by AyyaSAP&quot; data-super-full-img=&quot;https://images-wixmp-ed30a86b8c4ca887773594c2.wixmp.com/intermediary/f/52c4a3ad-d416-42f0-90f6-570983e36797/dcxuy7p-e569d44e-44f1-4a4d-b0d1-3e9de119f143.jpg&quot; data-super-full-width=&quot;720&quot; data-super-full-height=&quot;1080&quot;        data-sigil=&quot;thumb&quot;&gt;
        &lt;i&gt;&lt;/i&gt;&lt;img   width=&quot;100&quot; height=&quot;150&quot; alt=&quot;Ruby Rose ( RWBY ) by AyyaSAP&quot; src=&quot;https://images-wixmp-ed30a86b8c4ca887773594c2.wixmp.com/intermediary/f/52c4a3ad-d416-42f0-90f6-570983e36797/dcxuy7p-e569d44e-44f1-4a4d-b0d1-3e9de119f143.jpg/v1/fit/w_150,h_150,q_70,strp/ruby_rose___rwby___by_ayyasap_dcxuy7p-150.jpg&quot; data-src=&quot;https://images-wixmp-ed30a86b8c4ca887773594c2.wixmp.com/intermediary/f/52c4a3ad-d416-42f0-90f6-570983e36797/dcxuy7p-e569d44e-44f1-4a4d-b0d1-3e9de119f143.jpg/v1/fit/w_150,h_150,q_70,strp/ruby_rose___rwby___by_ayyasap_dcxuy7p-150.jpg&quot; srcset=&quot;https://images-wixmp-ed30a86b8c4ca887773594c2.wixmp.com/intermediary/f/52c4a3ad-d416-42f0-90f6-570983e36797/dcxuy7p-e569d44e-44f1-4a4d-b0d1-3e9de119f143.jpg/v1/fit/w_150,h_150,q_70,strp/ruby_rose___rwby___by_ayyasap_dcxuy7p-150.jpg 100w,https://images-wixmp-ed30a86b8c4ca887773594c2.wixmp.com/intermediary/f/52c4a3ad-d416-42f0-90f6-570983e36797/dcxuy7p-e569d44e-44f1-4a4d-b0d1-3e9de119f143.jpg/v1/crop/w_167,h_250,x_0,y_0,scl_0.23194444444444,q_70,strp/ruby_rose___rwby___by_ayyasap_dcxuy7p-250t.jpg 167w,https://images-wixmp-ed30a86b8c4ca887773594c2.wixmp.com/intermediary/f/52c4a3ad-d416-42f0-90f6-570983e36797/dcxuy7p-e569d44e-44f1-4a4d-b0d1-3e9de119f143.jpg/v1/fill/w_233,h_350,q_70,strp/ruby_rose___rwby___by_ayyasap_dcxuy7p-350t.jpg 233w,https://images-wixmp-ed30a86b8c4ca887773594c2.wixmp.com/intermediary/f/52c4a3ad-d416-42f0-90f6-570983e36797/dcxuy7p-e569d44e-44f1-4a4d-b0d1-3e9de119f143.jpg/v1/crop/w_267,h_400,x_0,y_0,scl_0.37083333333333,q_70,strp/ruby_rose___rwby___by_ayyasap_dcxuy7p-400t.jpg 267w,https://images-wixmp-ed30a86b8c4ca887773594c2.wixmp.com/intermediary/f/52c4a3ad-d416-42f0-90f6-570983e36797/dcxuy7p-e569d44e-44f1-4a4d-b0d1-3e9de119f143.jpg 720w&quot; sizes=&quot;100px&quot;&gt;&lt;/a&gt;&lt;/span&gt;&lt;!-- ^TTT --&gt;&lt;!-- TTT$ --&gt;&lt;/span&gt;&amp;nbsp;&amp;nbsp;&lt;span class=&quot;shadow-holder&quot; data-embed-type=&quot;deviation&quot; data-embed-id=&quot;783357025&quot; data-embed-format=&quot;thumb&quot;&gt;&lt;span class=&quot;shadow mild&quot; &gt;&lt;a class=&quot;thumb&quot; href=&quot;https://www.deviantart.com/ayyasap/art/X-23-Laura-Kinney-783357025&quot; title=&quot;X-23 Laura Kinney by AyyaSAP, Jan 29, 2019 in Fan Art &amp;gt; Cartoons &amp;amp; Comics &amp;gt; Digital &amp;gt; Books &amp;amp; Novels&quot;data-super-img=&quot;https://images-wixmp-ed30a86b8c4ca887773594c2.wixmp.com/intermediary/f/52c4a3ad-d416-42f0-90f6-570983e36797/dcye25d-838d2c66-f80d-4319-838c-6526f3b7eadd.jpg&quot; data-super-width=&quot;750&quot; data-super-height=&quot;1000&quot; data-super-transparent=&quot;false&quot; data-super-alt=&quot;X-23 Laura Kinney by AyyaSAP&quot; data-super-full-img=&quot;https://images-wixmp-ed30a86b8c4ca887773594c2.wixmp.com/intermediary/f/52c4a3ad-d416-42f0-90f6-570983e36797/dcye25d-838d2c66-f80d-4319-838c-6526f3b7eadd.jpg&quot; data-super-full-width=&quot;750&quot; data-super-full-height=&quot;1000&quot;        data-sigil=&quot;thumb&quot;&gt;
        &lt;i&gt;&lt;/i&gt;&lt;img   width=&quot;113&quot; height=&quot;150&quot; alt=&quot;X-23 Laura Kinney by AyyaSAP&quot; src=&quot;https://images-wixmp-ed30a86b8c4ca887773594c2.wixmp.com/intermediary/f/52c4a3ad-d416-42f0-90f6-570983e36797/dcye25d-838d2c66-f80d-4319-838c-6526f3b7eadd.jpg/v1/fit/w_150,h_150,q_70,strp/x_23_laura_kinney_by_ayyasap_dcye25d-150.jpg&quot; data-src=&quot;https://images-wixmp-ed30a86b8c4ca887773594c2.wixmp.com/intermediary/f/52c4a3ad-d416-42f0-90f6-570983e36797/dcye25d-838d2c66-f80d-4319-838c-6526f3b7eadd.jpg/v1/fit/w_150,h_150,q_70,strp/x_23_laura_kinney_by_ayyasap_dcye25d-150.jpg&quot; srcset=&quot;https://images-wixmp-ed30a86b8c4ca887773594c2.wixmp.com/intermediary/f/52c4a3ad-d416-42f0-90f6-570983e36797/dcye25d-838d2c66-f80d-4319-838c-6526f3b7eadd.jpg/v1/fit/w_150,h_150,q_70,strp/x_23_laura_kinney_by_ayyasap_dcye25d-150.jpg 113w,https://images-wixmp-ed30a86b8c4ca887773594c2.wixmp.com/intermediary/f/52c4a3ad-d416-42f0-90f6-570983e36797/dcye25d-838d2c66-f80d-4319-838c-6526f3b7eadd.jpg/v1/crop/w_188,h_250,x_0,y_0,scl_0.25066666666667,q_70,strp/x_23_laura_kinney_by_ayyasap_dcye25d-250t.jpg 188w,https://images-wixmp-ed30a86b8c4ca887773594c2.wixmp.com/intermediary/f/52c4a3ad-d416-42f0-90f6-570983e36797/dcye25d-838d2c66-f80d-4319-838c-6526f3b7eadd.jpg/v1/crop/w_263,h_350,x_0,y_0,scl_0.35066666666667,q_70,strp/x_23_laura_kinney_by_ayyasap_dcye25d-350t.jpg 263w,https://images-wixmp-ed30a86b8c4ca887773594c2.wixmp.com/intermediary/f/52c4a3ad-d416-42f0-90f6-570983e36797/dcye25d-838d2c66-f80d-4319-838c-6526f3b7eadd.jpg/v1/fill/w_300,h_400,q_70,strp/x_23_laura_kinney_by_ayyasap_dcye25d-400t.jpg 300w,https://images-wixmp-ed30a86b8c4ca887773594c2.wixmp.com/intermediary/f/52c4a3ad-d416-42f0-90f6-570983e36797/dcye25d-838d2c66-f80d-4319-838c-6526f3b7eadd.jpg 750w&quot; sizes=&quot;113px&quot;&gt;&lt;/a&gt;&lt;/span&gt;&lt;!-- ^TTT --&gt;&lt;!-- TTT$ --&gt;&lt;/span&gt;&amp;nbsp;&amp;nbsp;&amp;nbsp; &amp;nbsp; &amp;nbsp;&lt;/b&gt;&amp;nbsp;&lt;b&gt;&lt;br /&gt;&lt;/b&gt;&lt;h1&gt;&lt;span&gt;&lt;hr/&gt;&lt;/span&gt;&lt;/h1&gt;&amp;nbsp;&lt;br /&gt;&lt;b&gt;&lt;img src=&quot;https://e.deviantart.net/emoticons/w/wave1.gif&quot; alt=&quot;Hi!&quot; style=&quot;width: 25px; height: 20px;&quot; data-embed-type=&quot;emoticon&quot; data-embed-id=&quot;437&quot;&gt;&amp;nbsp;&lt;img src=&quot;https://e.deviantart.net/emoticons/p/plusfav.gif&quot; alt=&quot;+fav&quot; style=&quot;width: 15px; height: 16px;&quot; data-embed-type=&quot;emoticon&quot; data-embed-id=&quot;194&quot;&gt;&amp;nbsp;If you like my work, you can support me by giving me the fav&lt;img src=&quot;https://e.deviantart.net/emoticons/p/plusfav.gif&quot; alt=&quot;+fav&quot; style=&quot;width: 15px; height: 16px;&quot; data-embed-type=&quot;emoticon&quot; data-embed-id=&quot;194&quot;&gt;&amp;nbsp; and the watch&lt;img src=&quot;https://e.deviantart.net/emoticons/h/heart.gif&quot; alt=&quot;Heart&quot; style=&quot;width: 15px; height: 13px;&quot; data-embed-type=&quot;emoticon&quot; data-embed-id=&quot;357&quot;&gt;&amp;nbsp;, so as not to miss a lot of goodies!&lt;img src=&quot;https://e.deviantart.net/emoticons/p/plusfav.gif&quot; alt=&quot;+fav&quot; style=&quot;width: 15px; height: 16px;&quot; data-embed-type=&quot;emoticon&quot; data-embed-id=&quot;194&quot;&gt;&amp;nbsp;&lt;img src=&quot;https://e.deviantart.net/emoticons/w/wave1.gif&quot; alt=&quot;Hi!&quot; style=&quot;width: 25px; height: 20px;&quot; data-embed-type=&quot;emoticon&quot; data-embed-id=&quot;437&quot;&gt;&amp;nbsp;&lt;/b&gt;&lt;br /&gt;&lt;h1&gt;&lt;span&gt;&lt;hr/&gt;&lt;/span&gt;&lt;/h1&gt;</media:description>            <media:thumbnail url="https://t00.deviantart.net/fQVV4gGg1SH4iUHDdosbg74nD74=/fit-in/150x150/filters:no_upscale():origin()/pre00/4333/th/pre/i/2019/049/0/4/ada_and_claire_wallpaper_by_ayyasap-dd035bo.jpg" height="100" width="150"/>            <media:thumbnail url="https://t00.deviantart.net/Pa2OQ0DIlEfcBPPLjDl-L0yT-cA=/fit-in/300x900/filters:no_upscale():origin()/pre00/4333/th/pre/i/2019/049/0/4/ada_and_claire_wallpaper_by_ayyasap-dd035bo.jpg" height="200" width="300"/>            <media:thumbnail url="https://t00.deviantart.net/L3uJ1j9G0cKBYJVNy8svKCLoTjE=/300x200/filters:fixed_height(100,100):origin()/pre00/4333/th/pre/i/2019/049/0/4/ada_and_claire_wallpaper_by_ayyasap-dd035bo.jpg" height="200" width="300"/>            <media:content url="https://img00.deviantart.net/a586/i/2019/049/0/4/ada_and_claire_wallpaper_by_ayyasap-dd035bo.jpg" height="683" width="1024" medium="image"/>            
            <description>&lt;span&gt; &lt;/span&gt;&lt;a href=&quot;https://www.deviantart.com/linux-rules/art/Patreon-2017-iOS-Icon-ultramini-687003319&quot; class=&quot;emoticon&quot; data-embed-type=&quot;emoticon&quot; data-embed-id=&quot;687003319&quot; data-embed-profile=&quot;deviation&quot;&gt;&lt;img src=&quot;https://images-wixmp-ed30a86b8c4ca887773594c2.wixmp.com/intermediary/f/25e46574-05d5-4425-916d-e5292bb066ac/dbd0v5j-989c0efc-79a6-45ed-b2f0-39ba9d1eb470.png&quot; alt=&quot;Patreon (2017, iOS) Icon ultramini&quot; style=&quot;width:16px;height:16px&quot;&gt;&lt;/a&gt;&amp;nbsp;&lt;a class=&quot;external&quot; href=&quot;https://www.deviantart.com/users/outgoing?https://www.patreon.com/bePatron?u=416677&quot;&gt;PATREON&lt;/a&gt;&lt;span&gt; &amp;nbsp;/ &amp;nbsp;&lt;/span&gt;&lt;a href=&quot;https://www.deviantart.com/poserfan/art/GumRoad-Icon-610621158&quot; class=&quot;emoticon&quot; data-embed-type=&quot;emoticon&quot; data-embed-id=&quot;610621158&quot; data-embed-profile=&quot;deviation&quot;&gt;&lt;img src=&quot;https://images-wixmp-ed30a86b8c4ca887773594c2.wixmp.com/intermediary/f/0a6e9796-d386-4234-97d1-d46c16906e81/da3jqau-69d0ef7f-916c-4086-b61e-fde14d0a3a8d.png&quot; alt=&quot;GumRoad Icon&quot; style=&quot;width:16px;height:16px&quot;&gt;&lt;/a&gt;&amp;nbsp;&lt;a class=&quot;external&quot; href=&quot;https://www.deviantart.com/users/outgoing?https://gumroad.com/ayyasap&quot;&gt;GUMROAD&lt;/a&gt;&lt;span&gt; &amp;nbsp; / &amp;nbsp;&lt;/span&gt;&lt;b&gt;&lt;a href=&quot;https://www.deviantart.com/poserfan/art/ArtStation-Icon-609001376&quot; class=&quot;emoticon&quot; data-embed-type=&quot;emoticon&quot; data-embed-id=&quot;609001376&quot; data-embed-profile=&quot;deviation&quot;&gt;&lt;img src=&quot;https://images-wixmp-ed30a86b8c4ca887773594c2.wixmp.com/intermediary/f/0a6e9796-d386-4234-97d1-d46c16906e81/da2l0gw-e96288a3-e43c-48a9-9705-214f0e31c6c1.png&quot; alt=&quot;ArtStation Icon&quot; style=&quot;width:16px;height:16px&quot;&gt;&lt;/a&gt;&amp;nbsp;&lt;/b&gt;&lt;a class=&quot;external&quot; href=&quot;https://www.deviantart.com/users/outgoing?https://www.artstation.com/artist/ayyasap&quot;&gt;ARTSTATION&lt;/a&gt;&lt;span&gt; &amp;nbsp;/ &amp;nbsp;&lt;/span&gt;&lt;b&gt;&lt;a href=&quot;https://www.deviantart.com/poserfan/art/Instagram-New-Icon-608963664&quot; class=&quot;emoticon&quot; data-embed-type=&quot;emoticon&quot; data-embed-id=&quot;608963664&quot; data-embed-profile=&quot;deviation&quot;&gt;&lt;img src=&quot;https://images-wixmp-ed30a86b8c4ca887773594c2.wixmp.com/intermediary/f/0a6e9796-d386-4234-97d1-d46c16906e81/da2k7dc-81054cd1-99a8-4653-bd88-048d077f7265.png&quot; alt=&quot;Instagram New Icon&quot; style=&quot;width:16px;height:16px&quot;&gt;&lt;/a&gt;&amp;nbsp;&lt;/b&gt;&lt;a class=&quot;external&quot; href=&quot;https://www.deviantart.com/users/outgoing?https://www.instagram.com/ayyasap/&quot;&gt;INSTAGRAM&lt;/a&gt;&lt;span&gt; &amp;nbsp;/ &amp;nbsp;&lt;/span&gt;&lt;b&gt;&lt;a href=&quot;https://www.deviantart.com/poserfan/art/Tumblr-Icon-314822709&quot; class=&quot;emoticon&quot; data-embed-type=&quot;emoticon&quot; data-embed-id=&quot;314822709&quot; data-embed-profile=&quot;deviation&quot;&gt;&lt;img src=&quot;https://orig00.deviantart.net/28ed/f/2015/212/c/0/tumblr_icon_by_poserfan-d57fqr9.gif&quot; alt=&quot;Tumblr Icon&quot; style=&quot;width:16px;height:16px&quot;&gt;&lt;/a&gt;&amp;nbsp;&lt;/b&gt;&lt;a class=&quot;external&quot; href=&quot;https://www.deviantart.com/users/outgoing?http://ayyasap.tumblr.com/&quot;&gt;TUMBLR&lt;/a&gt;&lt;span&gt; &amp;nbsp;/ &amp;nbsp;&lt;/span&gt;&lt;b&gt;&lt;a href=&quot;https://www.deviantart.com/4everyoungkid/art/youtube-271323237&quot; class=&quot;emoticon&quot; data-embed-type=&quot;emoticon&quot; data-embed-id=&quot;271323237&quot; data-embed-profile=&quot;deviation&quot;&gt;&lt;img src=&quot;https://orig00.deviantart.net/f88b/f/2011/332/1/f/1fcf2444e2718a37ffac7c8cb08058df-d4hjecl.gif&quot; alt=&quot;:youtube:&quot; style=&quot;width:16px;height:16px&quot;&gt;&lt;/a&gt;&amp;nbsp;&lt;/b&gt;&lt;a class=&quot;external&quot; href=&quot;https://www.deviantart.com/users/outgoing?https://www.youtube.com/c/AyyaSAP&quot;&gt;YOUTUBE&lt;/a&gt;&lt;span&gt;&amp;nbsp;&lt;/span&gt;&lt;b&gt;&lt;br /&gt;&lt;/b&gt;&lt;h1&gt;&lt;span&gt;&lt;hr/&gt;&lt;/span&gt;&lt;/h1&gt;&lt;b&gt;&amp;nbsp;&lt;br /&gt;&lt;/b&gt;&lt;br /&gt;&lt;h3&gt;Wallpaper version!&lt;/h3&gt;&lt;b&gt;&lt;br /&gt;&lt;a href=&quot;https://www.deviantart.com/drache-lehre/art/Dark-Pink-Dot-Bullet-F2U-435239118&quot; class=&quot;emoticon&quot; data-embed-type=&quot;emoticon&quot; data-embed-id=&quot;435239118&quot; data-embed-profile=&quot;deviation&quot;&gt;&lt;img src=&quot;https://images-wixmp-ed30a86b8c4ca887773594c2.wixmp.com/intermediary/f/66a57468-5202-4c8b-987a-733b3eb4a6ca/d774oni-d2381918-cf8b-46f7-bbed-0f169e813524.png&quot; alt=&quot;Dark Pink Dot Bullet - F2U!&quot; style=&quot;width:10px;height:10px&quot;&gt;&lt;/a&gt;&amp;nbsp;&amp;nbsp; &amp;nbsp; &amp;#9829; Hi-res Image /JPG/&lt;br /&gt;&lt;/b&gt;&lt;b&gt;&lt;a href=&quot;https://www.deviantart.com/drache-lehre/art/Dark-Pink-Dot-Bullet-F2U-435239118&quot; class=&quot;emoticon&quot; data-embed-type=&quot;emoticon&quot; data-embed-id=&quot;435239118&quot; data-embed-profile=&quot;deviation&quot;&gt;&lt;img src=&quot;https://images-wixmp-ed30a86b8c4ca887773594c2.wixmp.com/intermediary/f/66a57468-5202-4c8b-987a-733b3eb4a6ca/d774oni-d2381918-cf8b-46f7-bbed-0f169e813524.png&quot; alt=&quot;Dark Pink Dot Bullet - F2U!&quot; style=&quot;width:10px;height:10px&quot;&gt;&lt;/a&gt;&amp;nbsp;&lt;/b&gt;&lt;b&gt;&amp;nbsp; &amp;nbsp;&amp;nbsp;&lt;/b&gt;&lt;b&gt;&amp;#9829;&amp;nbsp;&lt;/b&gt;&lt;b&gt;Lingerie version&lt;a href=&quot;https://www.deviantart.com/hmerhplz/art/Panties-473664612&quot; class=&quot;emoticon&quot; data-embed-type=&quot;emoticon&quot; data-embed-id=&quot;473664612&quot; data-embed-profile=&quot;deviation&quot;&gt;&lt;img src=&quot;https://images-wixmp-ed30a86b8c4ca887773594c2.wixmp.com/intermediary/f/b4d2d75b-e036-4d8b-b220-4c63c36cec24/d7u09yc-806eaa1e-91be-4194-8d06-d0b59900031c.png&quot; alt=&quot;Panties&quot; style=&quot;width:23px;height:14px&quot;&gt;&lt;/a&gt;&lt;/b&gt;&lt;b&gt;&lt;br /&gt;&lt;/b&gt;&lt;b&gt;&lt;a href=&quot;https://www.deviantart.com/drache-lehre/art/Dark-Pink-Dot-Bullet-F2U-435239118&quot; class=&quot;emoticon&quot; data-embed-type=&quot;emoticon&quot; data-embed-id=&quot;435239118&quot; data-embed-profile=&quot;deviation&quot;&gt;&lt;img src=&quot;https://images-wixmp-ed30a86b8c4ca887773594c2.wixmp.com/intermediary/f/66a57468-5202-4c8b-987a-733b3eb4a6ca/d774oni-d2381918-cf8b-46f7-bbed-0f169e813524.png&quot; alt=&quot;Dark Pink Dot Bullet - F2U!&quot; style=&quot;width:10px;height:10px&quot;&gt;&lt;/a&gt;&amp;nbsp; &amp;nbsp; &amp;nbsp;&lt;/b&gt;&lt;b&gt;&amp;#9829; +18 version /&lt;/b&gt;&lt;b&gt;&lt;img src=&quot;https://e.deviantart.net/emoticons/h/heart.gif&quot; alt=&quot;Heart&quot; style=&quot;width: 15px; height: 13px;&quot; data-embed-type=&quot;emoticon&quot; data-embed-id=&quot;357&quot;&gt;&lt;/b&gt;&lt;b&gt;/&lt;/b&gt;&lt;b&gt;&lt;br /&gt;&lt;/b&gt;&lt;b&gt;&lt;a href=&quot;https://www.deviantart.com/drache-lehre/art/Dark-Pink-Dot-Bullet-F2U-435239118&quot; class=&quot;emoticon&quot; data-embed-type=&quot;emoticon&quot; data-embed-id=&quot;435239118&quot; data-embed-profile=&quot;deviation&quot;&gt;&lt;img src=&quot;https://images-wixmp-ed30a86b8c4ca887773594c2.wixmp.com/intermediary/f/66a57468-5202-4c8b-987a-733b3eb4a6ca/d774oni-d2381918-cf8b-46f7-bbed-0f169e813524.png&quot; alt=&quot;Dark Pink Dot Bullet - F2U!&quot; style=&quot;width:10px;height:10px&quot;&gt;&lt;/a&gt;&amp;nbsp; &amp;nbsp; &amp;nbsp;&lt;/b&gt;&lt;b&gt;&amp;#9829; A&lt;/b&gt;&lt;b&gt;vailable&amp;nbsp;&lt;/b&gt;&lt;b&gt;on my&amp;nbsp;&lt;/b&gt;&lt;a href=&quot;https://www.deviantart.com/linux-rules/art/Patreon-2017-iOS-Icon-ultramini-687003319&quot; class=&quot;emoticon&quot; data-embed-type=&quot;emoticon&quot; data-embed-id=&quot;687003319&quot; data-embed-profile=&quot;deviation&quot;&gt;&lt;img src=&quot;https://images-wixmp-ed30a86b8c4ca887773594c2.wixmp.com/intermediary/f/25e46574-05d5-4425-916d-e5292bb066ac/dbd0v5j-989c0efc-79a6-45ed-b2f0-39ba9d1eb470.png&quot; alt=&quot;Patreon (2017, iOS) Icon ultramini&quot; style=&quot;width:16px;height:16px&quot;&gt;&lt;/a&gt;&amp;nbsp;&lt;a class=&quot;external&quot; href=&quot;https://www.deviantart.com/users/outgoing?https://www.patreon.com/bePatron?u=416677&quot;&gt;PATREON&lt;/a&gt;&amp;nbsp;&amp;nbsp;&lt;b&gt;!&amp;nbsp;&lt;/b&gt;&lt;b&gt;&amp;nbsp;&lt;/b&gt;&lt;br /&gt;&lt;h1&gt;&lt;span&gt;&lt;hr/&gt;&lt;/span&gt;&lt;/h1&gt;&lt;br /&gt;&amp;nbsp;&lt;a class=&quot;external&quot; href=&quot;https://www.deviantart.com/users/outgoing?https://gumroad.com/ayyasap&quot;&gt;Previous months Patreon rewards&lt;/a&gt;&lt;br /&gt;&lt;br /&gt;&lt;b&gt;&lt;img src=&quot;https://e.deviantart.net/emoticons/p/plusfav.gif&quot; alt=&quot;+fav&quot; style=&quot;width: 15px; height: 16px;&quot; data-embed-type=&quot;emoticon&quot; data-embed-id=&quot;194&quot;&gt;&amp;nbsp;&lt;img src=&quot;https://e.deviantart.net/emoticons/h/heart.gif&quot; alt=&quot;Heart&quot; style=&quot;width: 15px; height: 13px;&quot; data-embed-type=&quot;emoticon&quot; data-embed-id=&quot;357&quot;&gt;&amp;nbsp;Other Stuff&lt;img src=&quot;https://e.deviantart.net/emoticons/h/heart.gif&quot; alt=&quot;Heart&quot; style=&quot;width: 15px; height: 13px;&quot; data-embed-type=&quot;emoticon&quot; data-embed-id=&quot;357&quot;&gt;&amp;nbsp;&lt;img src=&quot;https://e.deviantart.net/emoticons/p/plusfav.gif&quot; alt=&quot;+fav&quot; style=&quot;width: 15px; height: 16px;&quot; data-embed-type=&quot;emoticon&quot; data-embed-id=&quot;194&quot;&gt;&amp;nbsp;&amp;nbsp;&lt;br /&gt;&lt;br /&gt;&lt;/b&gt;&lt;span class=&quot;shadow-holder&quot; data-embed-type=&quot;deviation&quot; data-embed-id=&quot;784628914&quot; data-embed-format=&quot;thumb&quot;&gt;&lt;span class=&quot;shadow mild&quot; &gt;&lt;a class=&quot;thumb&quot; href=&quot;https://www.deviantart.com/ayyasap/art/Ada-Wong-Valentine-s-Day-784628914&quot; title=&quot;Ada Wong (Valentine&amp;#039;s Day) by AyyaSAP, Feb 7, 2019 in Fan Art &amp;gt; Digital Art &amp;gt; Painting &amp;amp; Airbrushing &amp;gt; Games&quot;data-super-img=&quot;https://images-wixmp-ed30a86b8c4ca887773594c2.wixmp.com/intermediary/f/52c4a3ad-d416-42f0-90f6-570983e36797/dcz5bjm-1267479d-aeec-4cd3-be3c-ac2515e1b70f.jpg&quot; data-super-width=&quot;720&quot; data-super-height=&quot;1007&quot; data-super-transparent=&quot;false&quot; data-super-alt=&quot;Ada Wong (Valentine&amp;#039;s Day) by AyyaSAP&quot; data-super-full-img=&quot;https://images-wixmp-ed30a86b8c4ca887773594c2.wixmp.com/intermediary/f/52c4a3ad-d416-42f0-90f6-570983e36797/dcz5bjm-1267479d-aeec-4cd3-be3c-ac2515e1b70f.jpg&quot; data-super-full-width=&quot;720&quot; data-super-full-height=&quot;1007&quot;        data-sigil=&quot;thumb&quot;&gt;
        &lt;i&gt;&lt;/i&gt;&lt;img   width=&quot;107&quot; height=&quot;150&quot; alt=&quot;Ada Wong (Valentine&amp;#039;s Day) by AyyaSAP&quot; src=&quot;https://images-wixmp-ed30a86b8c4ca887773594c2.wixmp.com/intermediary/f/52c4a3ad-d416-42f0-90f6-570983e36797/dcz5bjm-1267479d-aeec-4cd3-be3c-ac2515e1b70f.jpg/v1/fit/w_150,h_150,q_70,strp/ada_wong__valentine_s_day__by_ayyasap_dcz5bjm-150.jpg&quot; data-src=&quot;https://images-wixmp-ed30a86b8c4ca887773594c2.wixmp.com/intermediary/f/52c4a3ad-d416-42f0-90f6-570983e36797/dcz5bjm-1267479d-aeec-4cd3-be3c-ac2515e1b70f.jpg/v1/fit/w_150,h_150,q_70,strp/ada_wong__valentine_s_day__by_ayyasap_dcz5bjm-150.jpg&quot; srcset=&quot;https://images-wixmp-ed30a86b8c4ca887773594c2.wixmp.com/intermediary/f/52c4a3ad-d416-42f0-90f6-570983e36797/dcz5bjm-1267479d-aeec-4cd3-be3c-ac2515e1b70f.jpg/v1/fit/w_150,h_150,q_70,strp/ada_wong__valentine_s_day__by_ayyasap_dcz5bjm-150.jpg 107w,https://images-wixmp-ed30a86b8c4ca887773594c2.wixmp.com/intermediary/f/52c4a3ad-d416-42f0-90f6-570983e36797/dcz5bjm-1267479d-aeec-4cd3-be3c-ac2515e1b70f.jpg/v1/fill/w_179,h_250,q_70,strp/ada_wong__valentine_s_day__by_ayyasap_dcz5bjm-250t.jpg 179w,https://images-wixmp-ed30a86b8c4ca887773594c2.wixmp.com/intermediary/f/52c4a3ad-d416-42f0-90f6-570983e36797/dcz5bjm-1267479d-aeec-4cd3-be3c-ac2515e1b70f.jpg/v1/fill/w_250,h_350,q_70,strp/ada_wong__valentine_s_day__by_ayyasap_dcz5bjm-350t.jpg 250w,https://images-wixmp-ed30a86b8c4ca887773594c2.wixmp.com/intermediary/f/52c4a3ad-d416-42f0-90f6-570983e36797/dcz5bjm-1267479d-aeec-4cd3-be3c-ac2515e1b70f.jpg/v1/fill/w_286,h_400,q_70,strp/ada_wong__valentine_s_day__by_ayyasap_dcz5bjm-400t.jpg 286w,https://images-wixmp-ed30a86b8c4ca887773594c2.wixmp.com/intermediary/f/52c4a3ad-d416-42f0-90f6-570983e36797/dcz5bjm-1267479d-aeec-4cd3-be3c-ac2515e1b70f.jpg 720w&quot; sizes=&quot;107px&quot;&gt;&lt;/a&gt;&lt;/span&gt;&lt;!-- ^TTT --&gt;&lt;!-- TTT$ --&gt;&lt;/span&gt;&amp;nbsp;&amp;nbsp;&lt;span class=&quot;shadow-holder&quot; data-embed-type=&quot;deviation&quot; data-embed-id=&quot;785643279&quot; data-embed-format=&quot;thumb&quot;&gt;&lt;span class=&quot;shadow mild&quot; &gt;&lt;a class=&quot;thumb&quot; href=&quot;https://www.deviantart.com/ayyasap/art/Claire-Redfield-785643279&quot; title=&quot;Claire Redfield by AyyaSAP, Feb 14, 2019 in Fan Art &amp;gt; Digital Art &amp;gt; Painting &amp;amp; Airbrushing &amp;gt; Games&quot;data-super-img=&quot;https://images-wixmp-ed30a86b8c4ca887773594c2.wixmp.com/intermediary/f/52c4a3ad-d416-42f0-90f6-570983e36797/dczr28f-bd255304-01bf-4765-8cd3-e53983d3f78a.jpg&quot; data-super-width=&quot;720&quot; data-super-height=&quot;1008&quot; data-super-transparent=&quot;false&quot; data-super-alt=&quot;Claire Redfield by AyyaSAP&quot; data-super-full-img=&quot;https://images-wixmp-ed30a86b8c4ca887773594c2.wixmp.com/intermediary/f/52c4a3ad-d416-42f0-90f6-570983e36797/dczr28f-bd255304-01bf-4765-8cd3-e53983d3f78a.jpg&quot; data-super-full-width=&quot;720&quot; data-super-full-height=&quot;1008&quot;        data-sigil=&quot;thumb&quot;&gt;
        &lt;i&gt;&lt;/i&gt;&lt;img   width=&quot;107&quot; height=&quot;150&quot; alt=&quot;Claire Redfield by AyyaSAP&quot; src=&quot;https://images-wixmp-ed30a86b8c4ca887773594c2.wixmp.com/intermediary/f/52c4a3ad-d416-42f0-90f6-570983e36797/dczr28f-bd255304-01bf-4765-8cd3-e53983d3f78a.jpg/v1/fit/w_150,h_150,q_70,strp/claire_redfield_by_ayyasap_dczr28f-150.jpg&quot; data-src=&quot;https://images-wixmp-ed30a86b8c4ca887773594c2.wixmp.com/intermediary/f/52c4a3ad-d416-42f0-90f6-570983e36797/dczr28f-bd255304-01bf-4765-8cd3-e53983d3f78a.jpg/v1/fit/w_150,h_150,q_70,strp/claire_redfield_by_ayyasap_dczr28f-150.jpg&quot; srcset=&quot;https://images-wixmp-ed30a86b8c4ca887773594c2.wixmp.com/intermediary/f/52c4a3ad-d416-42f0-90f6-570983e36797/dczr28f-bd255304-01bf-4765-8cd3-e53983d3f78a.jpg/v1/fit/w_150,h_150,q_70,strp/claire_redfield_by_ayyasap_dczr28f-150.jpg 107w,https://images-wixmp-ed30a86b8c4ca887773594c2.wixmp.com/intermediary/f/52c4a3ad-d416-42f0-90f6-570983e36797/dczr28f-bd255304-01bf-4765-8cd3-e53983d3f78a.jpg/v1/crop/w_179,h_250,x_0,y_0,scl_0.24861111111111,q_70,strp/claire_redfield_by_ayyasap_dczr28f-250t.jpg 179w,https://images-wixmp-ed30a86b8c4ca887773594c2.wixmp.com/intermediary/f/52c4a3ad-d416-42f0-90f6-570983e36797/dczr28f-bd255304-01bf-4765-8cd3-e53983d3f78a.jpg/v1/fill/w_250,h_350,q_70,strp/claire_redfield_by_ayyasap_dczr28f-350t.jpg 250w,https://images-wixmp-ed30a86b8c4ca887773594c2.wixmp.com/intermediary/f/52c4a3ad-d416-42f0-90f6-570983e36797/dczr28f-bd255304-01bf-4765-8cd3-e53983d3f78a.jpg/v1/fill/w_286,h_400,q_70,strp/claire_redfield_by_ayyasap_dczr28f-400t.jpg 286w,https://images-wixmp-ed30a86b8c4ca887773594c2.wixmp.com/intermediary/f/52c4a3ad-d416-42f0-90f6-570983e36797/dczr28f-bd255304-01bf-4765-8cd3-e53983d3f78a.jpg 720w&quot; sizes=&quot;107px&quot;&gt;&lt;/a&gt;&lt;/span&gt;&lt;!-- ^TTT --&gt;&lt;!-- TTT$ --&gt;&lt;/span&gt;&amp;nbsp;&amp;nbsp;&lt;b&gt;&lt;span class=&quot;shadow-holder&quot; data-embed-type=&quot;deviation&quot; data-embed-id=&quot;785389689&quot; data-embed-format=&quot;thumb&quot;&gt;&lt;span class=&quot;shadow mild&quot; &gt;&lt;a class=&quot;thumb&quot; href=&quot;https://www.deviantart.com/ayyasap/art/Sword-Maiden-785389689&quot; title=&quot;Sword Maiden by AyyaSAP, Feb 12, 2019 in Fan Art &amp;gt; Manga &amp;amp; Anime &amp;gt; Digital &amp;gt; Movies &amp;amp; TV&quot;data-super-img=&quot;https://images-wixmp-ed30a86b8c4ca887773594c2.wixmp.com/intermediary/f/52c4a3ad-d416-42f0-90f6-570983e36797/dczlmk9-0ff10685-8777-4779-af93-13d6899a345e.jpg&quot; data-super-width=&quot;720&quot; data-super-height=&quot;1008&quot; data-super-transparent=&quot;false&quot; data-super-alt=&quot;Sword Maiden by AyyaSAP&quot; data-super-full-img=&quot;https://images-wixmp-ed30a86b8c4ca887773594c2.wixmp.com/intermediary/f/52c4a3ad-d416-42f0-90f6-570983e36797/dczlmk9-0ff10685-8777-4779-af93-13d6899a345e.jpg&quot; data-super-full-width=&quot;720&quot; data-super-full-height=&quot;1008&quot;        data-sigil=&quot;thumb&quot;&gt;
        &lt;i&gt;&lt;/i&gt;&lt;img   width=&quot;107&quot; height=&quot;150&quot; alt=&quot;Sword Maiden by AyyaSAP&quot; src=&quot;https://images-wixmp-ed30a86b8c4ca887773594c2.wixmp.com/intermediary/f/52c4a3ad-d416-42f0-90f6-570983e36797/dczlmk9-0ff10685-8777-4779-af93-13d6899a345e.jpg/v1/fit/w_150,h_150,q_70,strp/sword_maiden_by_ayyasap_dczlmk9-150.jpg&quot; data-src=&quot;https://images-wixmp-ed30a86b8c4ca887773594c2.wixmp.com/intermediary/f/52c4a3ad-d416-42f0-90f6-570983e36797/dczlmk9-0ff10685-8777-4779-af93-13d6899a345e.jpg/v1/fit/w_150,h_150,q_70,strp/sword_maiden_by_ayyasap_dczlmk9-150.jpg&quot; srcset=&quot;https://images-wixmp-ed30a86b8c4ca887773594c2.wixmp.com/intermediary/f/52c4a3ad-d416-42f0-90f6-570983e36797/dczlmk9-0ff10685-8777-4779-af93-13d6899a345e.jpg/v1/fit/w_150,h_150,q_70,strp/sword_maiden_by_ayyasap_dczlmk9-150.jpg 107w,https://images-wixmp-ed30a86b8c4ca887773594c2.wixmp.com/intermediary/f/52c4a3ad-d416-42f0-90f6-570983e36797/dczlmk9-0ff10685-8777-4779-af93-13d6899a345e.jpg/v1/crop/w_179,h_250,x_0,y_0,scl_0.24861111111111,q_70,strp/sword_maiden_by_ayyasap_dczlmk9-250t.jpg 179w,https://images-wixmp-ed30a86b8c4ca887773594c2.wixmp.com/intermediary/f/52c4a3ad-d416-42f0-90f6-570983e36797/dczlmk9-0ff10685-8777-4779-af93-13d6899a345e.jpg/v1/fill/w_250,h_350,q_70,strp/sword_maiden_by_ayyasap_dczlmk9-350t.jpg 250w,https://images-wixmp-ed30a86b8c4ca887773594c2.wixmp.com/intermediary/f/52c4a3ad-d416-42f0-90f6-570983e36797/dczlmk9-0ff10685-8777-4779-af93-13d6899a345e.jpg/v1/fill/w_286,h_400,q_70,strp/sword_maiden_by_ayyasap_dczlmk9-400t.jpg 286w,https://images-wixmp-ed30a86b8c4ca887773594c2.wixmp.com/intermediary/f/52c4a3ad-d416-42f0-90f6-570983e36797/dczlmk9-0ff10685-8777-4779-af93-13d6899a345e.jpg 720w&quot; sizes=&quot;107px&quot;&gt;&lt;/a&gt;&lt;/span&gt;&lt;!-- ^TTT --&gt;&lt;!-- TTT$ --&gt;&lt;/span&gt;&amp;nbsp;&amp;nbsp;&lt;span class=&quot;shadow-holder&quot; data-embed-type=&quot;deviation&quot; data-embed-id=&quot;785496490&quot; data-embed-format=&quot;thumb&quot;&gt;&lt;span class=&quot;shadow mild&quot; &gt;&lt;a class=&quot;thumb&quot; href=&quot;https://www.deviantart.com/ayyasap/art/Rogue-X-Men-Evolution-785496490&quot; title=&quot;Rogue ( X-Men Evolution ) by AyyaSAP, Feb 13, 2019 in Fan Art &amp;gt; Digital Art &amp;gt; Painting &amp;amp; Airbrushing &amp;gt; Movies &amp;amp; TV&quot;data-super-img=&quot;https://images-wixmp-ed30a86b8c4ca887773594c2.wixmp.com/intermediary/f/52c4a3ad-d416-42f0-90f6-570983e36797/dcznwyy-69e33335-e105-4950-97c2-547acc8b0a1d.jpg&quot; data-super-width=&quot;720&quot; data-super-height=&quot;1008&quot; data-super-transparent=&quot;false&quot; data-super-alt=&quot;Rogue ( X-Men Evolution ) by AyyaSAP&quot; data-super-full-img=&quot;https://images-wixmp-ed30a86b8c4ca887773594c2.wixmp.com/intermediary/f/52c4a3ad-d416-42f0-90f6-570983e36797/dcznwyy-69e33335-e105-4950-97c2-547acc8b0a1d.jpg&quot; data-super-full-width=&quot;720&quot; data-super-full-height=&quot;1008&quot;        data-sigil=&quot;thumb&quot;&gt;
        &lt;i&gt;&lt;/i&gt;&lt;img   width=&quot;107&quot; height=&quot;150&quot; alt=&quot;Rogue ( X-Men Evolution ) by AyyaSAP&quot; src=&quot;https://images-wixmp-ed30a86b8c4ca887773594c2.wixmp.com/intermediary/f/52c4a3ad-d416-42f0-90f6-570983e36797/dcznwyy-69e33335-e105-4950-97c2-547acc8b0a1d.jpg/v1/fit/w_150,h_150,q_70,strp/rogue___x_men_evolution___by_ayyasap_dcznwyy-150.jpg&quot; data-src=&quot;https://images-wixmp-ed30a86b8c4ca887773594c2.wixmp.com/intermediary/f/52c4a3ad-d416-42f0-90f6-570983e36797/dcznwyy-69e33335-e105-4950-97c2-547acc8b0a1d.jpg/v1/fit/w_150,h_150,q_70,strp/rogue___x_men_evolution___by_ayyasap_dcznwyy-150.jpg&quot; srcset=&quot;https://images-wixmp-ed30a86b8c4ca887773594c2.wixmp.com/intermediary/f/52c4a3ad-d416-42f0-90f6-570983e36797/dcznwyy-69e33335-e105-4950-97c2-547acc8b0a1d.jpg/v1/fit/w_150,h_150,q_70,strp/rogue___x_men_evolution___by_ayyasap_dcznwyy-150.jpg 107w,https://images-wixmp-ed30a86b8c4ca887773594c2.wixmp.com/intermediary/f/52c4a3ad-d416-42f0-90f6-570983e36797/dcznwyy-69e33335-e105-4950-97c2-547acc8b0a1d.jpg/v1/crop/w_179,h_250,x_0,y_0,scl_0.24861111111111,q_70,strp/rogue___x_men_evolution___by_ayyasap_dcznwyy-250t.jpg 179w,https://images-wixmp-ed30a86b8c4ca887773594c2.wixmp.com/intermediary/f/52c4a3ad-d416-42f0-90f6-570983e36797/dcznwyy-69e33335-e105-4950-97c2-547acc8b0a1d.jpg/v1/fill/w_250,h_350,q_70,strp/rogue___x_men_evolution___by_ayyasap_dcznwyy-350t.jpg 250w,https://images-wixmp-ed30a86b8c4ca887773594c2.wixmp.com/intermediary/f/52c4a3ad-d416-42f0-90f6-570983e36797/dcznwyy-69e33335-e105-4950-97c2-547acc8b0a1d.jpg/v1/fill/w_286,h_400,q_70,strp/rogue___x_men_evolution___by_ayyasap_dcznwyy-400t.jpg 286w,https://images-wixmp-ed30a86b8c4ca887773594c2.wixmp.com/intermediary/f/52c4a3ad-d416-42f0-90f6-570983e36797/dcznwyy-69e33335-e105-4950-97c2-547acc8b0a1d.jpg 720w&quot; sizes=&quot;107px&quot;&gt;&lt;/a&gt;&lt;/span&gt;&lt;!-- ^TTT --&gt;&lt;!-- TTT$ --&gt;&lt;/span&gt;&amp;nbsp;&amp;nbsp;&lt;span class=&quot;shadow-holder&quot; data-embed-type=&quot;deviation&quot; data-embed-id=&quot;782465461&quot; data-embed-format=&quot;thumb&quot;&gt;&lt;span class=&quot;shadow mild&quot; &gt;&lt;a class=&quot;thumb&quot; href=&quot;https://www.deviantart.com/ayyasap/art/Ruby-Rose-RWBY-782465461&quot; title=&quot;Ruby Rose ( RWBY ) by AyyaSAP, Jan 23, 2019 in Fan Art &amp;gt; Digital Art &amp;gt; Drawings &amp;gt; Movies &amp;amp; TV&quot;data-super-img=&quot;https://images-wixmp-ed30a86b8c4ca887773594c2.wixmp.com/intermediary/f/52c4a3ad-d416-42f0-90f6-570983e36797/dcxuy7p-e569d44e-44f1-4a4d-b0d1-3e9de119f143.jpg&quot; data-super-width=&quot;720&quot; data-super-height=&quot;1080&quot; data-super-transparent=&quot;false&quot; data-super-alt=&quot;Ruby Rose ( RWBY ) by AyyaSAP&quot; data-super-full-img=&quot;https://images-wixmp-ed30a86b8c4ca887773594c2.wixmp.com/intermediary/f/52c4a3ad-d416-42f0-90f6-570983e36797/dcxuy7p-e569d44e-44f1-4a4d-b0d1-3e9de119f143.jpg&quot; data-super-full-width=&quot;720&quot; data-super-full-height=&quot;1080&quot;        data-sigil=&quot;thumb&quot;&gt;
        &lt;i&gt;&lt;/i&gt;&lt;img   width=&quot;100&quot; height=&quot;150&quot; alt=&quot;Ruby Rose ( RWBY ) by AyyaSAP&quot; src=&quot;https://images-wixmp-ed30a86b8c4ca887773594c2.wixmp.com/intermediary/f/52c4a3ad-d416-42f0-90f6-570983e36797/dcxuy7p-e569d44e-44f1-4a4d-b0d1-3e9de119f143.jpg/v1/fit/w_150,h_150,q_70,strp/ruby_rose___rwby___by_ayyasap_dcxuy7p-150.jpg&quot; data-src=&quot;https://images-wixmp-ed30a86b8c4ca887773594c2.wixmp.com/intermediary/f/52c4a3ad-d416-42f0-90f6-570983e36797/dcxuy7p-e569d44e-44f1-4a4d-b0d1-3e9de119f143.jpg/v1/fit/w_150,h_150,q_70,strp/ruby_rose___rwby___by_ayyasap_dcxuy7p-150.jpg&quot; srcset=&quot;https://images-wixmp-ed30a86b8c4ca887773594c2.wixmp.com/intermediary/f/52c4a3ad-d416-42f0-90f6-570983e36797/dcxuy7p-e569d44e-44f1-4a4d-b0d1-3e9de119f143.jpg/v1/fit/w_150,h_150,q_70,strp/ruby_rose___rwby___by_ayyasap_dcxuy7p-150.jpg 100w,https://images-wixmp-ed30a86b8c4ca887773594c2.wixmp.com/intermediary/f/52c4a3ad-d416-42f0-90f6-570983e36797/dcxuy7p-e569d44e-44f1-4a4d-b0d1-3e9de119f143.jpg/v1/crop/w_167,h_250,x_0,y_0,scl_0.23194444444444,q_70,strp/ruby_rose___rwby___by_ayyasap_dcxuy7p-250t.jpg 167w,https://images-wixmp-ed30a86b8c4ca887773594c2.wixmp.com/intermediary/f/52c4a3ad-d416-42f0-90f6-570983e36797/dcxuy7p-e569d44e-44f1-4a4d-b0d1-3e9de119f143.jpg/v1/fill/w_233,h_350,q_70,strp/ruby_rose___rwby___by_ayyasap_dcxuy7p-350t.jpg 233w,https://images-wixmp-ed30a86b8c4ca887773594c2.wixmp.com/intermediary/f/52c4a3ad-d416-42f0-90f6-570983e36797/dcxuy7p-e569d44e-44f1-4a4d-b0d1-3e9de119f143.jpg/v1/crop/w_267,h_400,x_0,y_0,scl_0.37083333333333,q_70,strp/ruby_rose___rwby___by_ayyasap_dcxuy7p-400t.jpg 267w,https://images-wixmp-ed30a86b8c4ca887773594c2.wixmp.com/intermediary/f/52c4a3ad-d416-42f0-90f6-570983e36797/dcxuy7p-e569d44e-44f1-4a4d-b0d1-3e9de119f143.jpg 720w&quot; sizes=&quot;100px&quot;&gt;&lt;/a&gt;&lt;/span&gt;&lt;!-- ^TTT --&gt;&lt;!-- TTT$ --&gt;&lt;/span&gt;&amp;nbsp;&amp;nbsp;&lt;span class=&quot;shadow-holder&quot; data-embed-type=&quot;deviation&quot; data-embed-id=&quot;783357025&quot; data-embed-format=&quot;thumb&quot;&gt;&lt;span class=&quot;shadow mild&quot; &gt;&lt;a class=&quot;thumb&quot; href=&quot;https://www.deviantart.com/ayyasap/art/X-23-Laura-Kinney-783357025&quot; title=&quot;X-23 Laura Kinney by AyyaSAP, Jan 29, 2019 in Fan Art &amp;gt; Cartoons &amp;amp; Comics &amp;gt; Digital &amp;gt; Books &amp;amp; Novels&quot;data-super-img=&quot;https://images-wixmp-ed30a86b8c4ca887773594c2.wixmp.com/intermediary/f/52c4a3ad-d416-42f0-90f6-570983e36797/dcye25d-838d2c66-f80d-4319-838c-6526f3b7eadd.jpg&quot; data-super-width=&quot;750&quot; data-super-height=&quot;1000&quot; data-super-transparent=&quot;false&quot; data-super-alt=&quot;X-23 Laura Kinney by AyyaSAP&quot; data-super-full-img=&quot;https://images-wixmp-ed30a86b8c4ca887773594c2.wixmp.com/intermediary/f/52c4a3ad-d416-42f0-90f6-570983e36797/dcye25d-838d2c66-f80d-4319-838c-6526f3b7eadd.jpg&quot; data-super-full-width=&quot;750&quot; data-super-full-height=&quot;1000&quot;        data-sigil=&quot;thumb&quot;&gt;
        &lt;i&gt;&lt;/i&gt;&lt;img   width=&quot;113&quot; height=&quot;150&quot; alt=&quot;X-23 Laura Kinney by AyyaSAP&quot; src=&quot;https://images-wixmp-ed30a86b8c4ca887773594c2.wixmp.com/intermediary/f/52c4a3ad-d416-42f0-90f6-570983e36797/dcye25d-838d2c66-f80d-4319-838c-6526f3b7eadd.jpg/v1/fit/w_150,h_150,q_70,strp/x_23_laura_kinney_by_ayyasap_dcye25d-150.jpg&quot; data-src=&quot;https://images-wixmp-ed30a86b8c4ca887773594c2.wixmp.com/intermediary/f/52c4a3ad-d416-42f0-90f6-570983e36797/dcye25d-838d2c66-f80d-4319-838c-6526f3b7eadd.jpg/v1/fit/w_150,h_150,q_70,strp/x_23_laura_kinney_by_ayyasap_dcye25d-150.jpg&quot; srcset=&quot;https://images-wixmp-ed30a86b8c4ca887773594c2.wixmp.com/intermediary/f/52c4a3ad-d416-42f0-90f6-570983e36797/dcye25d-838d2c66-f80d-4319-838c-6526f3b7eadd.jpg/v1/fit/w_150,h_150,q_70,strp/x_23_laura_kinney_by_ayyasap_dcye25d-150.jpg 113w,https://images-wixmp-ed30a86b8c4ca887773594c2.wixmp.com/intermediary/f/52c4a3ad-d416-42f0-90f6-570983e36797/dcye25d-838d2c66-f80d-4319-838c-6526f3b7eadd.jpg/v1/crop/w_188,h_250,x_0,y_0,scl_0.25066666666667,q_70,strp/x_23_laura_kinney_by_ayyasap_dcye25d-250t.jpg 188w,https://images-wixmp-ed30a86b8c4ca887773594c2.wixmp.com/intermediary/f/52c4a3ad-d416-42f0-90f6-570983e36797/dcye25d-838d2c66-f80d-4319-838c-6526f3b7eadd.jpg/v1/crop/w_263,h_350,x_0,y_0,scl_0.35066666666667,q_70,strp/x_23_laura_kinney_by_ayyasap_dcye25d-350t.jpg 263w,https://images-wixmp-ed30a86b8c4ca887773594c2.wixmp.com/intermediary/f/52c4a3ad-d416-42f0-90f6-570983e36797/dcye25d-838d2c66-f80d-4319-838c-6526f3b7eadd.jpg/v1/fill/w_300,h_400,q_70,strp/x_23_laura_kinney_by_ayyasap_dcye25d-400t.jpg 300w,https://images-wixmp-ed30a86b8c4ca887773594c2.wixmp.com/intermediary/f/52c4a3ad-d416-42f0-90f6-570983e36797/dcye25d-838d2c66-f80d-4319-838c-6526f3b7eadd.jpg 750w&quot; sizes=&quot;113px&quot;&gt;&lt;/a&gt;&lt;/span&gt;&lt;!-- ^TTT --&gt;&lt;!-- TTT$ --&gt;&lt;/span&gt;&amp;nbsp;&amp;nbsp;&amp;nbsp; &amp;nbsp; &amp;nbsp;&lt;/b&gt;&amp;nbsp;&lt;b&gt;&lt;br /&gt;&lt;/b&gt;&lt;h1&gt;&lt;span&gt;&lt;hr/&gt;&lt;/span&gt;&lt;/h1&gt;&amp;nbsp;&lt;br /&gt;&lt;b&gt;&lt;img src=&quot;https://e.deviantart.net/emoticons/w/wave1.gif&quot; alt=&quot;Hi!&quot; style=&quot;width: 25px; height: 20px;&quot; data-embed-type=&quot;emoticon&quot; data-embed-id=&quot;437&quot;&gt;&amp;nbsp;&lt;img src=&quot;https://e.deviantart.net/emoticons/p/plusfav.gif&quot; alt=&quot;+fav&quot; style=&quot;width: 15px; height: 16px;&quot; data-embed-type=&quot;emoticon&quot; data-embed-id=&quot;194&quot;&gt;&amp;nbsp;If you like my work, you can support me by giving me the fav&lt;img src=&quot;https://e.deviantart.net/emoticons/p/plusfav.gif&quot; alt=&quot;+fav&quot; style=&quot;width: 15px; height: 16px;&quot; data-embed-type=&quot;emoticon&quot; data-embed-id=&quot;194&quot;&gt;&amp;nbsp; and the watch&lt;img src=&quot;https://e.deviantart.net/emoticons/h/heart.gif&quot; alt=&quot;Heart&quot; style=&quot;width: 15px; height: 13px;&quot; data-embed-type=&quot;emoticon&quot; data-embed-id=&quot;357&quot;&gt;&amp;nbsp;, so as not to miss a lot of goodies!&lt;img src=&quot;https://e.deviantart.net/emoticons/p/plusfav.gif&quot; alt=&quot;+fav&quot; style=&quot;width: 15px; height: 16px;&quot; data-embed-type=&quot;emoticon&quot; data-embed-id=&quot;194&quot;&gt;&amp;nbsp;&lt;img src=&quot;https://e.deviantart.net/emoticons/w/wave1.gif&quot; alt=&quot;Hi!&quot; style=&quot;width: 25px; height: 20px;&quot; data-embed-type=&quot;emoticon&quot; data-embed-id=&quot;437&quot;&gt;&amp;nbsp;&lt;/b&gt;&lt;br /&gt;&lt;h1&gt;&lt;span&gt;&lt;hr/&gt;&lt;/span&gt;&lt;/h1&gt;&lt;br /&gt;&lt;div&gt;&lt;img src=&quot;https://t00.deviantart.net/L3uJ1j9G0cKBYJVNy8svKCLoTjE=/300x200/filters:fixed_height(100,100):origin()/pre00/4333/th/pre/i/2019/049/0/4/ada_and_claire_wallpaper_by_ayyasap-dd035bo.jpg&quot; alt=&quot;thumbnail&quot; /&gt;&lt;/div&gt;</description>            </item>
                    <item>
                <title>MarkJack Chart</title>
                <link>https://cartoonjunkie.deviantart.com/art/MarkJack-Chart-786137229</link>
                <guid isPermaLink="true">https://cartoonjunkie.deviantart.com/art/MarkJack-Chart-786137229</guid>
                <pubDate>Sun, 17 Feb 2019 21:23:40 PST</pubDate>
                        <media:title type="plain">MarkJack Chart</media:title>
        <media:keywords></media:keywords>
                        <media:rating>nonadult</media:rating>
                <media:category label="Other">fanart/digital/drawings/other</media:category>
        <media:credit role="author" scheme="urn:ebu">cartoonjunkie</media:credit>
        <media:credit role="author" scheme="urn:ebu">https://a.deviantart.net/avatars/c/a/cartoonjunkie.jpg?6</media:credit>
        <media:copyright url="https://cartoonjunkie.deviantart.com">Copyright 2019 cartoonjunkie</media:copyright>
            <media:community>
                <media:tags>@cartoonjunkie1</media:tags>
            </media:community>            <media:description type="html">...</media:description>            <media:thumbnail url="https://t00.deviantart.net/dj_pdJYZOc1snEDjXTxDF9jsAwQ=/fit-in/150x150/filters:no_upscale():origin()/pre00/9b1a/th/pre/i/2019/048/a/c/markjack_chart_by_cartoonjunkie-dd01nd9.png" height="150" width="137"/>            <media:thumbnail url="https://t00.deviantart.net/ECh925ai5z-mdJSVVjgqHy5lFx8=/fit-in/300x900/filters:no_upscale():origin()/pre00/9b1a/th/pre/i/2019/048/a/c/markjack_chart_by_cartoonjunkie-dd01nd9.png" height="328" width="300"/>            <media:thumbnail url="https://t00.deviantart.net/kb6Z1At9_7_8J1XI48DmKWaelYI=/300x200/filters:fixed_height(100,100):origin()/pre00/9b1a/th/pre/i/2019/048/a/c/markjack_chart_by_cartoonjunkie-dd01nd9.png" height="200" width="183"/>            <media:content url="https://pre00.deviantart.net/9b1a/th/pre/i/2019/048/a/c/markjack_chart_by_cartoonjunkie-dd01nd9.png" height="934" width="855" medium="image"/>            
            <description>...&lt;br /&gt;&lt;div&gt;&lt;img src=&quot;https://t00.deviantart.net/kb6Z1At9_7_8J1XI48DmKWaelYI=/300x200/filters:fixed_height(100,100):origin()/pre00/9b1a/th/pre/i/2019/048/a/c/markjack_chart_by_cartoonjunkie-dd01nd9.png&quot; alt=&quot;thumbnail&quot; /&gt;&lt;/div&gt;</description>            </item>
                    <item>
                <title>Motoko Kusanagi</title>
                <link>https://monorirogue.deviantart.com/art/Motoko-Kusanagi-786158298</link>
                <guid isPermaLink="true">https://monorirogue.deviantart.com/art/Motoko-Kusanagi-786158298</guid>
                <pubDate>Mon, 18 Feb 2019 01:50:29 PST</pubDate>
                        <media:title type="plain">Motoko Kusanagi</media:title>
        <media:keywords></media:keywords>
                        <media:rating>nonadult</media:rating>
                <media:category label="Conceptual">digitalart/paintings/illustrations/conceptual</media:category>
        <media:credit role="author" scheme="urn:ebu">MonoriRogue</media:credit>
        <media:credit role="author" scheme="urn:ebu">https://a.deviantart.net/avatars/m/o/monorirogue.jpg?4</media:credit>
        <media:copyright url="https://monorirogue.deviantart.com">Copyright 2019 MonoriRogue</media:copyright>            <media:description type="html">&lt;div&gt;&lt;p&gt;Gotta have Motoko on any badass waifu list. ( &amp;#865; &amp;#865;&amp;#176; &amp;#860; &amp;#662; &amp;#865; &amp;#865;&amp;#176;)b&amp;nbsp;&lt;/p&gt;&lt;p&gt;&lt;strong&gt;My&lt;/strong&gt; &lt;strong&gt;Patrons&lt;/strong&gt; &lt;strong&gt;will&lt;/strong&gt; &lt;strong&gt;get:&lt;/strong&gt;&lt;/p&gt;&lt;ul&gt;&lt;li&gt;&lt;strong&gt;Full&lt;/strong&gt; &lt;strong&gt;size&lt;/strong&gt; &lt;strong&gt;JPG&lt;/strong&gt;&lt;/li&gt;&lt;li&gt;&lt;strong&gt;Hi-res&lt;/strong&gt; &lt;strong&gt;step&lt;/strong&gt; &lt;strong&gt;by&lt;/strong&gt; &lt;strong&gt;step&lt;/strong&gt; &lt;strong&gt;process&lt;/strong&gt;&lt;/li&gt;&lt;li&gt;&lt;strong&gt;PSD&lt;/strong&gt; &lt;strong&gt;file&lt;/strong&gt;&lt;/li&gt;&lt;/ul&gt;&lt;p&gt;-Monori&lt;br /&gt;&lt;/p&gt;&lt;div&gt;&lt;span&gt;&lt;span&gt;&lt;span&gt;&lt;span&gt;&lt;span&gt;&lt;span&gt;&lt;span&gt;---&lt;br /&gt;&lt;a class=&quot;external&quot; href=&quot;https://www.deviantart.com/users/outgoing?http://www.patreon.com/monorirogue&quot;&gt;&lt;b&gt;For PSDs, NSFW, Step by steps, Process Vids, doodles and much more support me here on Patreon!&lt;/b&gt;&lt;/a&gt;&lt;/span&gt;&lt;br /&gt;&lt;a class=&quot;external&quot; href=&quot;https://www.deviantart.com/users/outgoing?http://www.twitch.tv/monorirogue/&quot;&gt;&lt;b&gt;Art Streams on Twitch&lt;/b&gt;&lt;/a&gt;&lt;br /&gt;&lt;a class=&quot;external&quot; href=&quot;https://www.deviantart.com/users/outgoing?http://www.facebook.com/MonoriRoguedrawsstuff/&quot;&gt;&lt;b&gt;FB Fan Page&lt;/b&gt;&lt;/a&gt;&lt;br /&gt;&lt;a class=&quot;external&quot; href=&quot;https://www.deviantart.com/users/outgoing?https://twitter.com/MonoriRogue&quot;&gt;&lt;b&gt;Twitter&lt;/b&gt;&lt;/a&gt;&lt;/span&gt;&lt;/span&gt;&lt;/span&gt;&lt;/span&gt;&lt;/span&gt;&lt;/span&gt;&lt;/div&gt;&lt;p&gt;&lt;br /&gt;&lt;/p&gt;&lt;/div&gt;</media:description>            <media:thumbnail url="https://t00.deviantart.net/8bbDtqNKpucLlZC_JZSE6ARgxwE=/fit-in/150x150/filters:no_upscale():origin()/pre00/9f62/th/pre/i/2019/049/1/e/motoko_kusanagi_by_monorirogue-dd023mi.jpg" height="150" width="106"/>            <media:thumbnail url="https://t00.deviantart.net/GVKDDFZjX8KRxvcToMMuYBmAefg=/fit-in/300x900/filters:no_upscale():origin()/pre00/9f62/th/pre/i/2019/049/1/e/motoko_kusanagi_by_monorirogue-dd023mi.jpg" height="424" width="300"/>            <media:thumbnail url="https://t00.deviantart.net/xMZGQG3zWQfE57zH6v_ogAzn1G4=/300x200/filters:fixed_height(100,100):origin()/pre00/9f62/th/pre/i/2019/049/1/e/motoko_kusanagi_by_monorirogue-dd023mi.jpg" height="200" width="141"/>            <media:content url="https://pre00.deviantart.net/9f62/th/pre/i/2019/049/1/e/motoko_kusanagi_by_monorirogue-dd023mi.jpg" height="1063" width="752" medium="image"/>            
            <description>&lt;div&gt;&lt;p&gt;Gotta have Motoko on any badass waifu list. ( &amp;#865; &amp;#865;&amp;#176; &amp;#860; &amp;#662; &amp;#865; &amp;#865;&amp;#176;)b&amp;nbsp;&lt;/p&gt;&lt;p&gt;&lt;strong&gt;My&lt;/strong&gt; &lt;strong&gt;Patrons&lt;/strong&gt; &lt;strong&gt;will&lt;/strong&gt; &lt;strong&gt;get:&lt;/strong&gt;&lt;/p&gt;&lt;ul&gt;&lt;li&gt;&lt;strong&gt;Full&lt;/strong&gt; &lt;strong&gt;size&lt;/strong&gt; &lt;strong&gt;JPG&lt;/strong&gt;&lt;/li&gt;&lt;li&gt;&lt;strong&gt;Hi-res&lt;/strong&gt; &lt;strong&gt;step&lt;/strong&gt; &lt;strong&gt;by&lt;/strong&gt; &lt;strong&gt;step&lt;/strong&gt; &lt;strong&gt;process&lt;/strong&gt;&lt;/li&gt;&lt;li&gt;&lt;strong&gt;PSD&lt;/strong&gt; &lt;strong&gt;file&lt;/strong&gt;&lt;/li&gt;&lt;/ul&gt;&lt;p&gt;-Monori&lt;br /&gt;&lt;/p&gt;&lt;div&gt;&lt;span&gt;&lt;span&gt;&lt;span&gt;&lt;span&gt;&lt;span&gt;&lt;span&gt;&lt;span&gt;---&lt;br /&gt;&lt;a class=&quot;external&quot; href=&quot;https://www.deviantart.com/users/outgoing?http://www.patreon.com/monorirogue&quot;&gt;&lt;b&gt;For PSDs, NSFW, Step by steps, Process Vids, doodles and much more support me here on Patreon!&lt;/b&gt;&lt;/a&gt;&lt;/span&gt;&lt;br /&gt;&lt;a class=&quot;external&quot; href=&quot;https://www.deviantart.com/users/outgoing?http://www.twitch.tv/monorirogue/&quot;&gt;&lt;b&gt;Art Streams on Twitch&lt;/b&gt;&lt;/a&gt;&lt;br /&gt;&lt;a class=&quot;external&quot; href=&quot;https://www.deviantart.com/users/outgoing?http://www.facebook.com/MonoriRoguedrawsstuff/&quot;&gt;&lt;b&gt;FB Fan Page&lt;/b&gt;&lt;/a&gt;&lt;br /&gt;&lt;a class=&quot;external&quot; href=&quot;https://www.deviantart.com/users/outgoing?https://twitter.com/MonoriRogue&quot;&gt;&lt;b&gt;Twitter&lt;/b&gt;&lt;/a&gt;&lt;/span&gt;&lt;/span&gt;&lt;/span&gt;&lt;/span&gt;&lt;/span&gt;&lt;/span&gt;&lt;/div&gt;&lt;p&gt;&lt;br /&gt;&lt;/p&gt;&lt;/div&gt;&lt;br /&gt;&lt;div&gt;&lt;img src=&quot;https://t00.deviantart.net/xMZGQG3zWQfE57zH6v_ogAzn1G4=/300x200/filters:fixed_height(100,100):origin()/pre00/9f62/th/pre/i/2019/049/1/e/motoko_kusanagi_by_monorirogue-dd023mi.jpg&quot; alt=&quot;thumbnail&quot; /&gt;&lt;/div&gt;</description>            </item>
                    <item>
                <title>Asuna SAO</title>
                <link>https://naschi.deviantart.com/art/Asuna-SAO-786194772</link>
                <guid isPermaLink="true">https://naschi.deviantart.com/art/Asuna-SAO-786194772</guid>
                <pubDate>Mon, 18 Feb 2019 09:24:24 PST</pubDate>
                        <media:title type="plain">Asuna SAO</media:title>
        <media:keywords></media:keywords>
                        <media:rating>nonadult</media:rating>
                <media:category label="Movies &amp; TV">fanart/traditional/drawings/movies</media:category>
        <media:credit role="author" scheme="urn:ebu">Naschi</media:credit>
        <media:credit role="author" scheme="urn:ebu">https://a.deviantart.net/avatars/n/a/naschi.gif?8</media:credit>
        <media:copyright url="https://naschi.deviantart.com">Copyright 2019 Naschi</media:copyright>            <media:description type="html">&amp;nbsp;&amp;nbsp;&lt;a href=&quot;https://www.deviantart.com/poserfan/art/Patreon-Icon-543304473&quot; class=&quot;emoticon&quot; data-embed-type=&quot;emoticon&quot; data-embed-id=&quot;543304473&quot; data-embed-profile=&quot;deviation&quot;&gt;&lt;img src=&quot;https://images-wixmp-ed30a86b8c4ca887773594c2.wixmp.com/intermediary/f/0a6e9796-d386-4234-97d1-d46c16906e81/d8zgwex-5864a807-08a9-4167-a686-55d51e951ded.png&quot; alt=&quot;Patreon Icon&quot; style=&quot;width:16px;height:16px&quot;&gt;&lt;/a&gt;&lt;a class=&quot;external&quot; href=&quot;https://www.deviantart.com/users/outgoing?https://www.patreon.com/nashi&quot;&gt;PATREON&lt;/a&gt;&amp;nbsp; /&amp;nbsp;&amp;nbsp;&lt;a href=&quot;https://www.deviantart.com/poserfan/art/Instagram-New-Icon-608963664&quot; class=&quot;emoticon&quot; data-embed-type=&quot;emoticon&quot; data-embed-id=&quot;608963664&quot; data-embed-profile=&quot;deviation&quot;&gt;&lt;img src=&quot;https://images-wixmp-ed30a86b8c4ca887773594c2.wixmp.com/intermediary/f/0a6e9796-d386-4234-97d1-d46c16906e81/da2k7dc-81054cd1-99a8-4653-bd88-048d077f7265.png&quot; alt=&quot;Instagram New Icon&quot; style=&quot;width:16px;height:16px&quot;&gt;&lt;/a&gt;&lt;a class=&quot;external&quot; href=&quot;https://www.deviantart.com/users/outgoing?https://www.instagram.com/nashimanga&quot;&gt;INSTAGRAM&lt;/a&gt;&amp;nbsp; /&amp;nbsp;&amp;nbsp;&lt;a href=&quot;https://www.deviantart.com/liriorox/art/Gumroad-icon-2-545734859&quot; class=&quot;emoticon&quot; data-embed-type=&quot;emoticon&quot; data-embed-id=&quot;545734859&quot; data-embed-profile=&quot;deviation&quot;&gt;&lt;img src=&quot;https://images-wixmp-ed30a86b8c4ca887773594c2.wixmp.com/intermediary/f/0bd87312-636c-4da8-8502-26c542873b11/d90wzpn-47fbf5d8-7dd8-40b0-810d-f16277f51393.png&quot; alt=&quot;Gumroad icon 2&quot; style=&quot;width:16px;height:16px&quot;&gt;&lt;/a&gt;&amp;nbsp;&lt;a class=&quot;external&quot; href=&quot;https://www.deviantart.com/users/outgoing?https://gumroad.com/nashi&quot;&gt;GUMROAD&lt;/a&gt;&amp;nbsp; /&amp;nbsp;&amp;nbsp;&lt;a href=&quot;https://www.deviantart.com/linux-rules/art/Storenvy-Icon-ultramini-651727979&quot; class=&quot;emoticon&quot; data-embed-type=&quot;emoticon&quot; data-embed-id=&quot;651727979&quot; data-embed-profile=&quot;deviation&quot;&gt;&lt;img src=&quot;https://images-wixmp-ed30a86b8c4ca887773594c2.wixmp.com/intermediary/f/25e46574-05d5-4425-916d-e5292bb066ac/das0siz-f2f014a9-a618-4809-bc6b-f6872aab1174.png&quot; alt=&quot;Storenvy Icon ultramini&quot; style=&quot;width:16px;height:16px&quot;&gt;&lt;/a&gt;&lt;a class=&quot;external&quot; href=&quot;https://www.deviantart.com/users/outgoing?https://naschi.storenvy.com/&quot;&gt;STORENVY&lt;/a&gt;&amp;nbsp; /&amp;nbsp;&amp;nbsp;&lt;a href=&quot;https://www.deviantart.com/sunnybrook1/art/youtube-Icon-431202161&quot; class=&quot;emoticon&quot; data-embed-type=&quot;emoticon&quot; data-embed-id=&quot;431202161&quot; data-embed-profile=&quot;deviation&quot;&gt;&lt;img src=&quot;https://orig00.deviantart.net/3192/f/2014/032/f/0/f0dec438ea30ad66c3a3f3edc9709885-d74q5pt.gif&quot; alt=&quot;youtube Icon&quot; style=&quot;width:16px;height:16px&quot;&gt;&lt;/a&gt;&amp;nbsp;&lt;a class=&quot;external&quot; href=&quot;https://www.deviantart.com/users/outgoing?https://www.youtube.com/channel/UC6NQ5ob8mRCav9KYyA9gf8w&quot;&gt;YOUTUBE&lt;/a&gt;&amp;nbsp; /&amp;nbsp;&amp;nbsp;&lt;a href=&quot;https://www.deviantart.com/cherushimetsumari/art/facebook-537756153&quot; class=&quot;emoticon&quot; data-embed-type=&quot;emoticon&quot; data-embed-id=&quot;537756153&quot; data-embed-profile=&quot;deviation&quot;&gt;&lt;img src=&quot;https://images-wixmp-ed30a86b8c4ca887773594c2.wixmp.com/intermediary/f/91df458d-5ec8-4ebb-a30e-328d4fd1ea22/d8w5zax-47010060-a718-4836-8db2-3ca3550ddf11.png&quot; alt=&quot;:facebook:&quot; style=&quot;width:16px;height:16px&quot;&gt;&lt;/a&gt;&lt;a class=&quot;external&quot; href=&quot;https://www.deviantart.com/users/outgoing?https://www.facebook.com/Nashilaboratory&quot;&gt;FACEBOOK&lt;/a&gt;&amp;nbsp; /&amp;nbsp;&amp;nbsp;&lt;a href=&quot;https://www.deviantart.com/poserfan/art/Twitter-Bird-Icon-314822882&quot; class=&quot;emoticon&quot; data-embed-type=&quot;emoticon&quot; data-embed-id=&quot;314822882&quot; data-embed-profile=&quot;deviation&quot;&gt;&lt;img src=&quot;https://orig00.deviantart.net/8002/f/2012/197/3/7/371cd85ab8ddc0776767bbeffa2ca89e-d57fqw2.gif&quot; alt=&quot;Twitter Bird Icon&quot; style=&quot;width:16px;height:16px&quot;&gt;&lt;/a&gt;&amp;nbsp;&lt;a class=&quot;external&quot; href=&quot;https://www.deviantart.com/users/outgoing?https://twitter.com/manga_nashi&quot;&gt;TWITTER&lt;/a&gt;&lt;br /&gt;---------------------------------------------------------------------------------------------------------------------------------------------------&lt;br /&gt;&lt;br /&gt;Rewatching SAO at the moment and thought about drawing Asuna flying through the air.&lt;br /&gt;She is jumping and flying around in the battles most of the time so i wanted to draw her like this.&amp;nbsp;&lt;br /&gt;Asuna Go GO! &amp;#9472;=&amp;#8801;&amp;#931;((( &amp;#12388;&amp;#8226;&amp;#768;&amp;#969;&amp;#8226;&amp;#769;)&amp;#12388;&lt;br /&gt;&lt;a href=&quot;https://www.deviantart.com/geoffery10/art/Asuna-Charge-V1-465852916&quot; class=&quot;emoticon&quot; data-embed-type=&quot;emoticon&quot; data-embed-id=&quot;465852916&quot; data-embed-profile=&quot;deviation&quot;&gt;&lt;img src=&quot;https://orig00.deviantart.net/9ac8/f/2014/186/3/3/asuna__charge___v1__by_geoffery10-d7pcues.gif&quot; alt=&quot;Asuna (Charge) [V1]&quot; style=&quot;width:50px;height:50px&quot;&gt;&lt;/a&gt;&amp;nbsp;&lt;a href=&quot;https://www.deviantart.com/magical-icon/art/Asuna-Looks-Icon-501986784&quot; class=&quot;emoticon&quot; data-embed-type=&quot;emoticon&quot; data-embed-id=&quot;501986784&quot; data-embed-profile=&quot;deviation&quot;&gt;&lt;img src=&quot;https://orig00.deviantart.net/d5cd/f/2014/356/6/f/asuna_looks_icon_by_magical_icon-d8avbhc.gif&quot; alt=&quot;Asuna Looks Icon&quot; style=&quot;width:50px;height:50px&quot;&gt;&lt;/a&gt;&amp;nbsp;&lt;br /&gt;&lt;br /&gt;---------------------------------------------------------------------------------------------------------------------------------------------------&lt;br /&gt;&lt;br /&gt;&lt;b&gt;&amp;#127912;Tools:&lt;/b&gt;&lt;br /&gt;&lt;ul&gt;&lt;li&gt;Rohrer &amp;amp; Klingner Drawing ink&lt;br /&gt;&lt;/li&gt;&lt;li&gt;Dr. PH. Martin&#039;s concentrated watercolors&lt;br /&gt;&lt;/li&gt;&lt;li&gt;Nicker Poster Color&lt;/li&gt;&lt;li&gt;Airbrush&lt;/li&gt;&lt;li&gt;Holbein Artist&#039;s Watercolors&lt;/li&gt;&lt;li&gt;Dr. PH. Martins Opaque white&lt;br /&gt;&lt;/li&gt;&lt;li&gt;Jaxell color crayon ( only on her face for the blush XD)&lt;/li&gt;&lt;li&gt;Mi Teintes Watercolor Paper&lt;/li&gt;&lt;/ul&gt;---------------------------------------------------------------------------------------------------------------------------------------------------&lt;br /&gt;&lt;b&gt;&lt;a href=&quot;https://www.deviantart.com/de-mote/art/Y-Hello-THAR-70517684&quot; class=&quot;emoticon&quot; data-embed-type=&quot;emoticon&quot; data-embed-id=&quot;70517684&quot; data-embed-profile=&quot;deviation&quot;&gt;&lt;img src=&quot;https://orig00.deviantart.net/885c/f/2007/327/6/2/y_hello_thar_by_de_mote.gif&quot; alt=&quot;Y Hello THAR&quot; style=&quot;width:20px;height:19px&quot;&gt;&lt;/a&gt;&amp;nbsp;&lt;img src=&quot;https://e.deviantart.net/emoticons/p/plusfav.gif&quot; alt=&quot;+fav&quot; style=&quot;width: 15px; height: 16px;&quot; data-embed-type=&quot;emoticon&quot; data-embed-id=&quot;194&quot;&gt;&amp;nbsp;If you like my work you can support me with a Fav&lt;/b&gt;&amp;nbsp;&lt;b&gt;&lt;img src=&quot;https://e.deviantart.net/emoticons/p/plusfav.gif&quot; alt=&quot;+fav&quot; style=&quot;width: 15px; height: 16px;&quot; data-embed-type=&quot;emoticon&quot; data-embed-id=&quot;194&quot;&gt;&lt;/b&gt;&amp;nbsp;&lt;b&gt;and a Watch&lt;/b&gt;&amp;nbsp;&lt;b&gt;&lt;img src=&quot;https://e.deviantart.net/emoticons/h/heart.gif&quot; alt=&quot;Heart&quot; style=&quot;width: 15px; height: 13px;&quot; data-embed-type=&quot;emoticon&quot; data-embed-id=&quot;357&quot;&gt;&amp;nbsp;so you will not miss a lot of goodies&amp;nbsp;&lt;/b&gt;&lt;a href=&quot;https://www.deviantart.com/cookiemagik/art/excited-162537016&quot; class=&quot;emoticon&quot; data-embed-type=&quot;emoticon&quot; data-embed-id=&quot;162537016&quot; data-embed-profile=&quot;deviation&quot;&gt;&lt;img src=&quot;https://orig00.deviantart.net/3eb8/f/2011/189/f/7/_excited__by_cookiemagik-d2orqd4.gif&quot; alt=&quot;:excited:&quot; style=&quot;width:37px;height:25px&quot;&gt;&lt;/a&gt;&lt;span&gt;&lt;br /&gt;&lt;/span&gt;</media:description>            <media:thumbnail url="https://t00.deviantart.net/ObPtWfqRlS8BRcaL7yQE3LcareQ=/fit-in/150x150/filters:no_upscale():origin()/pre00/f7ab/th/pre/i/2019/049/1/6/asuna_sao_by_naschi-dd02vro.jpg" height="106" width="150"/>            <media:thumbnail url="https://t00.deviantart.net/Q1QMkyKel2WhodGv-hj8e8F4OUc=/fit-in/300x900/filters:no_upscale():origin()/pre00/f7ab/th/pre/i/2019/049/1/6/asuna_sao_by_naschi-dd02vro.jpg" height="212" width="300"/>            <media:thumbnail url="https://t00.deviantart.net/YtHdTg-37HuwR2nxl_2KAOmGqSE=/300x200/filters:fixed_height(100,100):origin()/pre00/f7ab/th/pre/i/2019/049/1/6/asuna_sao_by_naschi-dd02vro.jpg" height="200" width="284"/>            <media:content url="https://img00.deviantart.net/b939/i/2019/049/1/6/asuna_sao_by_naschi-dd02vro.jpg" height="722" width="1024" medium="image"/>            
            <description>&amp;nbsp;&amp;nbsp;&lt;a href=&quot;https://www.deviantart.com/poserfan/art/Patreon-Icon-543304473&quot; class=&quot;emoticon&quot; data-embed-type=&quot;emoticon&quot; data-embed-id=&quot;543304473&quot; data-embed-profile=&quot;deviation&quot;&gt;&lt;img src=&quot;https://images-wixmp-ed30a86b8c4ca887773594c2.wixmp.com/intermediary/f/0a6e9796-d386-4234-97d1-d46c16906e81/d8zgwex-5864a807-08a9-4167-a686-55d51e951ded.png&quot; alt=&quot;Patreon Icon&quot; style=&quot;width:16px;height:16px&quot;&gt;&lt;/a&gt;&lt;a class=&quot;external&quot; href=&quot;https://www.deviantart.com/users/outgoing?https://www.patreon.com/nashi&quot;&gt;PATREON&lt;/a&gt;&amp;nbsp; /&amp;nbsp;&amp;nbsp;&lt;a href=&quot;https://www.deviantart.com/poserfan/art/Instagram-New-Icon-608963664&quot; class=&quot;emoticon&quot; data-embed-type=&quot;emoticon&quot; data-embed-id=&quot;608963664&quot; data-embed-profile=&quot;deviation&quot;&gt;&lt;img src=&quot;https://images-wixmp-ed30a86b8c4ca887773594c2.wixmp.com/intermediary/f/0a6e9796-d386-4234-97d1-d46c16906e81/da2k7dc-81054cd1-99a8-4653-bd88-048d077f7265.png&quot; alt=&quot;Instagram New Icon&quot; style=&quot;width:16px;height:16px&quot;&gt;&lt;/a&gt;&lt;a class=&quot;external&quot; href=&quot;https://www.deviantart.com/users/outgoing?https://www.instagram.com/nashimanga&quot;&gt;INSTAGRAM&lt;/a&gt;&amp;nbsp; /&amp;nbsp;&amp;nbsp;&lt;a href=&quot;https://www.deviantart.com/liriorox/art/Gumroad-icon-2-545734859&quot; class=&quot;emoticon&quot; data-embed-type=&quot;emoticon&quot; data-embed-id=&quot;545734859&quot; data-embed-profile=&quot;deviation&quot;&gt;&lt;img src=&quot;https://images-wixmp-ed30a86b8c4ca887773594c2.wixmp.com/intermediary/f/0bd87312-636c-4da8-8502-26c542873b11/d90wzpn-47fbf5d8-7dd8-40b0-810d-f16277f51393.png&quot; alt=&quot;Gumroad icon 2&quot; style=&quot;width:16px;height:16px&quot;&gt;&lt;/a&gt;&amp;nbsp;&lt;a class=&quot;external&quot; href=&quot;https://www.deviantart.com/users/outgoing?https://gumroad.com/nashi&quot;&gt;GUMROAD&lt;/a&gt;&amp;nbsp; /&amp;nbsp;&amp;nbsp;&lt;a href=&quot;https://www.deviantart.com/linux-rules/art/Storenvy-Icon-ultramini-651727979&quot; class=&quot;emoticon&quot; data-embed-type=&quot;emoticon&quot; data-embed-id=&quot;651727979&quot; data-embed-profile=&quot;deviation&quot;&gt;&lt;img src=&quot;https://images-wixmp-ed30a86b8c4ca887773594c2.wixmp.com/intermediary/f/25e46574-05d5-4425-916d-e5292bb066ac/das0siz-f2f014a9-a618-4809-bc6b-f6872aab1174.png&quot; alt=&quot;Storenvy Icon ultramini&quot; style=&quot;width:16px;height:16px&quot;&gt;&lt;/a&gt;&lt;a class=&quot;external&quot; href=&quot;https://www.deviantart.com/users/outgoing?https://naschi.storenvy.com/&quot;&gt;STORENVY&lt;/a&gt;&amp;nbsp; /&amp;nbsp;&amp;nbsp;&lt;a href=&quot;https://www.deviantart.com/sunnybrook1/art/youtube-Icon-431202161&quot; class=&quot;emoticon&quot; data-embed-type=&quot;emoticon&quot; data-embed-id=&quot;431202161&quot; data-embed-profile=&quot;deviation&quot;&gt;&lt;img src=&quot;https://orig00.deviantart.net/3192/f/2014/032/f/0/f0dec438ea30ad66c3a3f3edc9709885-d74q5pt.gif&quot; alt=&quot;youtube Icon&quot; style=&quot;width:16px;height:16px&quot;&gt;&lt;/a&gt;&amp;nbsp;&lt;a class=&quot;external&quot; href=&quot;https://www.deviantart.com/users/outgoing?https://www.youtube.com/channel/UC6NQ5ob8mRCav9KYyA9gf8w&quot;&gt;YOUTUBE&lt;/a&gt;&amp;nbsp; /&amp;nbsp;&amp;nbsp;&lt;a href=&quot;https://www.deviantart.com/cherushimetsumari/art/facebook-537756153&quot; class=&quot;emoticon&quot; data-embed-type=&quot;emoticon&quot; data-embed-id=&quot;537756153&quot; data-embed-profile=&quot;deviation&quot;&gt;&lt;img src=&quot;https://images-wixmp-ed30a86b8c4ca887773594c2.wixmp.com/intermediary/f/91df458d-5ec8-4ebb-a30e-328d4fd1ea22/d8w5zax-47010060-a718-4836-8db2-3ca3550ddf11.png&quot; alt=&quot;:facebook:&quot; style=&quot;width:16px;height:16px&quot;&gt;&lt;/a&gt;&lt;a class=&quot;external&quot; href=&quot;https://www.deviantart.com/users/outgoing?https://www.facebook.com/Nashilaboratory&quot;&gt;FACEBOOK&lt;/a&gt;&amp;nbsp; /&amp;nbsp;&amp;nbsp;&lt;a href=&quot;https://www.deviantart.com/poserfan/art/Twitter-Bird-Icon-314822882&quot; class=&quot;emoticon&quot; data-embed-type=&quot;emoticon&quot; data-embed-id=&quot;314822882&quot; data-embed-profile=&quot;deviation&quot;&gt;&lt;img src=&quot;https://orig00.deviantart.net/8002/f/2012/197/3/7/371cd85ab8ddc0776767bbeffa2ca89e-d57fqw2.gif&quot; alt=&quot;Twitter Bird Icon&quot; style=&quot;width:16px;height:16px&quot;&gt;&lt;/a&gt;&amp;nbsp;&lt;a class=&quot;external&quot; href=&quot;https://www.deviantart.com/users/outgoing?https://twitter.com/manga_nashi&quot;&gt;TWITTER&lt;/a&gt;&lt;br /&gt;---------------------------------------------------------------------------------------------------------------------------------------------------&lt;br /&gt;&lt;br /&gt;Rewatching SAO at the moment and thought about drawing Asuna flying through the air.&lt;br /&gt;She is jumping and flying around in the battles most of the time so i wanted to draw her like this.&amp;nbsp;&lt;br /&gt;Asuna Go GO! &amp;#9472;=&amp;#8801;&amp;#931;((( &amp;#12388;&amp;#8226;&amp;#768;&amp;#969;&amp;#8226;&amp;#769;)&amp;#12388;&lt;br /&gt;&lt;a href=&quot;https://www.deviantart.com/geoffery10/art/Asuna-Charge-V1-465852916&quot; class=&quot;emoticon&quot; data-embed-type=&quot;emoticon&quot; data-embed-id=&quot;465852916&quot; data-embed-profile=&quot;deviation&quot;&gt;&lt;img src=&quot;https://orig00.deviantart.net/9ac8/f/2014/186/3/3/asuna__charge___v1__by_geoffery10-d7pcues.gif&quot; alt=&quot;Asuna (Charge) [V1]&quot; style=&quot;width:50px;height:50px&quot;&gt;&lt;/a&gt;&amp;nbsp;&lt;a href=&quot;https://www.deviantart.com/magical-icon/art/Asuna-Looks-Icon-501986784&quot; class=&quot;emoticon&quot; data-embed-type=&quot;emoticon&quot; data-embed-id=&quot;501986784&quot; data-embed-profile=&quot;deviation&quot;&gt;&lt;img src=&quot;https://orig00.deviantart.net/d5cd/f/2014/356/6/f/asuna_looks_icon_by_magical_icon-d8avbhc.gif&quot; alt=&quot;Asuna Looks Icon&quot; style=&quot;width:50px;height:50px&quot;&gt;&lt;/a&gt;&amp;nbsp;&lt;br /&gt;&lt;br /&gt;---------------------------------------------------------------------------------------------------------------------------------------------------&lt;br /&gt;&lt;br /&gt;&lt;b&gt;&amp;#127912;Tools:&lt;/b&gt;&lt;br /&gt;&lt;ul&gt;&lt;li&gt;Rohrer &amp;amp; Klingner Drawing ink&lt;br /&gt;&lt;/li&gt;&lt;li&gt;Dr. PH. Martin&#039;s concentrated watercolors&lt;br /&gt;&lt;/li&gt;&lt;li&gt;Nicker Poster Color&lt;/li&gt;&lt;li&gt;Airbrush&lt;/li&gt;&lt;li&gt;Holbein Artist&#039;s Watercolors&lt;/li&gt;&lt;li&gt;Dr. PH. Martins Opaque white&lt;br /&gt;&lt;/li&gt;&lt;li&gt;Jaxell color crayon ( only on her face for the blush XD)&lt;/li&gt;&lt;li&gt;Mi Teintes Watercolor Paper&lt;/li&gt;&lt;/ul&gt;---------------------------------------------------------------------------------------------------------------------------------------------------&lt;br /&gt;&lt;b&gt;&lt;a href=&quot;https://www.deviantart.com/de-mote/art/Y-Hello-THAR-70517684&quot; class=&quot;emoticon&quot; data-embed-type=&quot;emoticon&quot; data-embed-id=&quot;70517684&quot; data-embed-profile=&quot;deviation&quot;&gt;&lt;img src=&quot;https://orig00.deviantart.net/885c/f/2007/327/6/2/y_hello_thar_by_de_mote.gif&quot; alt=&quot;Y Hello THAR&quot; style=&quot;width:20px;height:19px&quot;&gt;&lt;/a&gt;&amp;nbsp;&lt;img src=&quot;https://e.deviantart.net/emoticons/p/plusfav.gif&quot; alt=&quot;+fav&quot; style=&quot;width: 15px; height: 16px;&quot; data-embed-type=&quot;emoticon&quot; data-embed-id=&quot;194&quot;&gt;&amp;nbsp;If you like my work you can support me with a Fav&lt;/b&gt;&amp;nbsp;&lt;b&gt;&lt;img src=&quot;https://e.deviantart.net/emoticons/p/plusfav.gif&quot; alt=&quot;+fav&quot; style=&quot;width: 15px; height: 16px;&quot; data-embed-type=&quot;emoticon&quot; data-embed-id=&quot;194&quot;&gt;&lt;/b&gt;&amp;nbsp;&lt;b&gt;and a Watch&lt;/b&gt;&amp;nbsp;&lt;b&gt;&lt;img src=&quot;https://e.deviantart.net/emoticons/h/heart.gif&quot; alt=&quot;Heart&quot; style=&quot;width: 15px; height: 13px;&quot; data-embed-type=&quot;emoticon&quot; data-embed-id=&quot;357&quot;&gt;&amp;nbsp;so you will not miss a lot of goodies&amp;nbsp;&lt;/b&gt;&lt;a href=&quot;https://www.deviantart.com/cookiemagik/art/excited-162537016&quot; class=&quot;emoticon&quot; data-embed-type=&quot;emoticon&quot; data-embed-id=&quot;162537016&quot; data-embed-profile=&quot;deviation&quot;&gt;&lt;img src=&quot;https://orig00.deviantart.net/3eb8/f/2011/189/f/7/_excited__by_cookiemagik-d2orqd4.gif&quot; alt=&quot;:excited:&quot; style=&quot;width:37px;height:25px&quot;&gt;&lt;/a&gt;&lt;span&gt;&lt;br /&gt;&lt;/span&gt;&lt;br /&gt;&lt;div&gt;&lt;img src=&quot;https://t00.deviantart.net/YtHdTg-37HuwR2nxl_2KAOmGqSE=/300x200/filters:fixed_height(100,100):origin()/pre00/f7ab/th/pre/i/2019/049/1/6/asuna_sao_by_naschi-dd02vro.jpg&quot; alt=&quot;thumbnail&quot; /&gt;&lt;/div&gt;</description>            </item>
                    <item>
                <title>MasterRJ</title>
                <link>https://yeagar.deviantart.com/art/MasterRJ-786122764</link>
                <guid isPermaLink="true">https://yeagar.deviantart.com/art/MasterRJ-786122764</guid>
                <pubDate>Sun, 17 Feb 2019 19:05:34 PST</pubDate>
                        <media:title type="plain">MasterRJ</media:title>
        <media:keywords></media:keywords>
                        <media:rating>nonadult</media:rating>
                <media:category label="Fantasy">digitalart/paintings/fantasy</media:category>
        <media:credit role="author" scheme="urn:ebu">yeagar</media:credit>
        <media:credit role="author" scheme="urn:ebu">https://a.deviantart.net/avatars/y/e/yeagar.png?6</media:credit>
        <media:copyright url="https://yeagar.deviantart.com">Copyright 2019 yeagar</media:copyright>            <media:description type="html">chibi comm for&amp;nbsp;&lt;a href=&quot;https://www.deviantart.com/masterrj&quot;&gt;MasterRJ&lt;/a&gt;&lt;span&gt;&lt;/span&gt;&lt;span&gt;&amp;nbsp;! sorry for the delay!&lt;/span&gt;</media:description>            <media:thumbnail url="https://t00.deviantart.net/hgdYWz-wR8HBkPKFUzpzdRLnVaA=/fit-in/150x150/filters:no_upscale():origin()/pre00/4538/th/pre/i/2019/048/b/6/masterrj_by_yeagar-dd01c7g.png" height="150" width="141"/>            <media:thumbnail url="https://t00.deviantart.net/uDjToUgqfm4mT5ipyg0ozhPAS78=/fit-in/300x900/filters:no_upscale():origin()/pre00/4538/th/pre/i/2019/048/b/6/masterrj_by_yeagar-dd01c7g.png" height="319" width="300"/>            <media:thumbnail url="https://t00.deviantart.net/tGxPYtnfiRqPgD_aSWguOvHgJog=/300x200/filters:fixed_height(100,100):origin()/pre00/4538/th/pre/i/2019/048/b/6/masterrj_by_yeagar-dd01c7g.png" height="200" width="188"/>            <media:content url="https://pre00.deviantart.net/4538/th/pre/i/2019/048/b/6/masterrj_by_yeagar-dd01c7g.png" height="921" width="867" medium="image"/>            
            <description>chibi comm for&amp;nbsp;&lt;a href=&quot;https://www.deviantart.com/masterrj&quot;&gt;MasterRJ&lt;/a&gt;&lt;span&gt;&lt;/span&gt;&lt;span&gt;&amp;nbsp;! sorry for the delay!&lt;/span&gt;&lt;br /&gt;&lt;div&gt;&lt;img src=&quot;https://t00.deviantart.net/tGxPYtnfiRqPgD_aSWguOvHgJog=/300x200/filters:fixed_height(100,100):origin()/pre00/4538/th/pre/i/2019/048/b/6/masterrj_by_yeagar-dd01c7g.png&quot; alt=&quot;thumbnail&quot; /&gt;&lt;/div&gt;</description>            </item>
                    <item>
                <title>Chika - Kaguya-Sama: Love is War</title>
                <link>https://chinchongcha.deviantart.com/art/Chika-Kaguya-Sama-Love-is-War-786169956</link>
                <guid isPermaLink="true">https://chinchongcha.deviantart.com/art/Chika-Kaguya-Sama-Love-is-War-786169956</guid>
                <pubDate>Mon, 18 Feb 2019 04:59:55 PST</pubDate>
                        <media:title type="plain">Chika - Kaguya-Sama: Love is War</media:title>
        <media:keywords></media:keywords>
                        <media:rating>nonadult</media:rating>
                <media:category label="Drawings">manga/digital/drawings</media:category>
        <media:credit role="author" scheme="urn:ebu">chinchongcha</media:credit>
        <media:credit role="author" scheme="urn:ebu">https://a.deviantart.net/avatars/c/h/chinchongcha.jpg?10</media:credit>
        <media:copyright url="https://chinchongcha.deviantart.com">Copyright 2019 chinchongcha</media:copyright>            <media:description type="html">move to &lt;a class=&quot;external&quot; href=&quot;https://www.deviantart.com/users/outgoing?https://twitter.com/ChinchongchaArt&quot;&gt;Twitter&lt;/a&gt; |&amp;nbsp; &lt;a class=&quot;external&quot; href=&quot;https://www.deviantart.com/users/outgoing?https://www.pixiv.net/member.php?id=15606923&quot;&gt;Pixiv &lt;/a&gt;</media:description>            <media:thumbnail url="https://t00.deviantart.net/H3u4qsuxb1Hg5_rionj691ZSnX4=/fit-in/150x150/filters:no_upscale():origin()/pre00/44fe/th/pre/f/2019/049/3/4/34a16398b5e5e2cb7cb680bced6b5594-dd02cmc.png" height="150" width="106"/>            <media:thumbnail url="https://t00.deviantart.net/bzlXr6y9DeXJuQgDzFaA1eVbIDk=/fit-in/300x900/filters:no_upscale():origin()/pre00/44fe/th/pre/f/2019/049/3/4/34a16398b5e5e2cb7cb680bced6b5594-dd02cmc.png" height="424" width="300"/>            <media:thumbnail url="https://t00.deviantart.net/8BDvmKAwrXJajV4dFvnHMXdjr0Y=/300x200/filters:fixed_height(100,100):origin()/pre00/44fe/th/pre/f/2019/049/3/4/34a16398b5e5e2cb7cb680bced6b5594-dd02cmc.png" height="200" width="141"/>            <media:content url="https://pre00.deviantart.net/44fe/th/pre/f/2019/049/3/4/34a16398b5e5e2cb7cb680bced6b5594-dd02cmc.png" height="1063" width="752" medium="image"/>            
            <description>move to &lt;a class=&quot;external&quot; href=&quot;https://www.deviantart.com/users/outgoing?https://twitter.com/ChinchongchaArt&quot;&gt;Twitter&lt;/a&gt; |&amp;nbsp; &lt;a class=&quot;external&quot; href=&quot;https://www.deviantart.com/users/outgoing?https://www.pixiv.net/member.php?id=15606923&quot;&gt;Pixiv &lt;/a&gt;&lt;br /&gt;&lt;div&gt;&lt;img src=&quot;https://t00.deviantart.net/8BDvmKAwrXJajV4dFvnHMXdjr0Y=/300x200/filters:fixed_height(100,100):origin()/pre00/44fe/th/pre/f/2019/049/3/4/34a16398b5e5e2cb7cb680bced6b5594-dd02cmc.png&quot; alt=&quot;thumbnail&quot; /&gt;&lt;/div&gt;</description>            </item>
                    <item>
                <title>Fionna and Ice Queen</title>
                <link>https://magicstraw.deviantart.com/art/Fionna-and-Ice-Queen-786097456</link>
                <guid isPermaLink="true">https://magicstraw.deviantart.com/art/Fionna-and-Ice-Queen-786097456</guid>
                <pubDate>Sun, 17 Feb 2019 15:56:53 PST</pubDate>
                        <media:title type="plain">Fionna and Ice Queen</media:title>
        <media:keywords></media:keywords>
                        <media:rating>nonadult</media:rating>
                <media:category label="Other">fanart/digital/drawings/other</media:category>
        <media:credit role="author" scheme="urn:ebu">MagicStraw</media:credit>
        <media:credit role="author" scheme="urn:ebu">https://a.deviantart.net/avatars/m/a/magicstraw.png?3</media:credit>
        <media:copyright url="https://magicstraw.deviantart.com">Copyright 2019 MagicStraw</media:copyright>            <media:description type="html"></media:description>            <media:thumbnail url="https://t00.deviantart.net/oWLbDM2_D40MhpVVRKB3IkY-Er0=/fit-in/150x150/filters:no_upscale():origin()/pre00/399c/th/pre/i/2019/048/d/3/fionna_and_ice_queen_by_magicstraw-dd00sog.jpg" height="95" width="150"/>            <media:thumbnail url="https://t00.deviantart.net/be-MnP1mqSdCPBw0g9-wROLquCc=/fit-in/300x900/filters:no_upscale():origin()/pre00/399c/th/pre/i/2019/048/d/3/fionna_and_ice_queen_by_magicstraw-dd00sog.jpg" height="190" width="300"/>            <media:thumbnail url="https://t00.deviantart.net/X0DcLG-WdnblR-NiiuzjcP20bO0=/300x200/filters:fixed_height(100,100):origin()/pre00/399c/th/pre/i/2019/048/d/3/fionna_and_ice_queen_by_magicstraw-dd00sog.jpg" height="190" width="300"/>            <media:content url="https://pre00.deviantart.net/399c/th/pre/i/2019/048/d/3/fionna_and_ice_queen_by_magicstraw-dd00sog.jpg" height="711" width="1125" medium="image"/>            
            <description>&lt;br /&gt;&lt;div&gt;&lt;img src=&quot;https://t00.deviantart.net/X0DcLG-WdnblR-NiiuzjcP20bO0=/300x200/filters:fixed_height(100,100):origin()/pre00/399c/th/pre/i/2019/048/d/3/fionna_and_ice_queen_by_magicstraw-dd00sog.jpg&quot; alt=&quot;thumbnail&quot; /&gt;&lt;/div&gt;</description>            </item>
                    <item>
                <title>Kingdom Hearts - Food Seeker Saga (1/?)</title>
                <link>https://magicstraw.deviantart.com/art/Kingdom-Hearts-Food-Seeker-Saga-1-786097519</link>
                <guid isPermaLink="true">https://magicstraw.deviantart.com/art/Kingdom-Hearts-Food-Seeker-Saga-1-786097519</guid>
                <pubDate>Sun, 17 Feb 2019 15:57:10 PST</pubDate>
                        <media:title type="plain">Kingdom Hearts - Food Seeker Saga (1/?)</media:title>
        <media:keywords></media:keywords>
                        <media:rating>nonadult</media:rating>
                <media:category label="Other">fanart/digital/drawings/other</media:category>
        <media:credit role="author" scheme="urn:ebu">MagicStraw</media:credit>
        <media:credit role="author" scheme="urn:ebu">https://a.deviantart.net/avatars/m/a/magicstraw.png?3</media:credit>
        <media:copyright url="https://magicstraw.deviantart.com">Copyright 2019 MagicStraw</media:copyright>            <media:description type="html"></media:description>            <media:thumbnail url="https://t00.deviantart.net/K2ykD92bGbUZyjWl_4shxdK5yFk=/fit-in/150x150/filters:no_upscale():origin()/pre00/28e0/th/pre/i/2019/048/f/2/kingdom_hearts___food_seeker_saga__1____by_magicstraw-dd00sq7.jpg" height="95" width="150"/>            <media:thumbnail url="https://t00.deviantart.net/3hBTV66lphMZGF5YKK7Mi706X2I=/fit-in/300x900/filters:no_upscale():origin()/pre00/28e0/th/pre/i/2019/048/f/2/kingdom_hearts___food_seeker_saga__1____by_magicstraw-dd00sq7.jpg" height="190" width="300"/>            <media:thumbnail url="https://t00.deviantart.net/u39L41g3X7EJADtIE51w_Hofa6c=/300x200/filters:fixed_height(100,100):origin()/pre00/28e0/th/pre/i/2019/048/f/2/kingdom_hearts___food_seeker_saga__1____by_magicstraw-dd00sq7.jpg" height="190" width="300"/>            <media:content url="https://pre00.deviantart.net/28e0/th/pre/i/2019/048/f/2/kingdom_hearts___food_seeker_saga__1____by_magicstraw-dd00sq7.jpg" height="712" width="1122" medium="image"/>            
            <description>&lt;br /&gt;&lt;div&gt;&lt;img src=&quot;https://t00.deviantart.net/u39L41g3X7EJADtIE51w_Hofa6c=/300x200/filters:fixed_height(100,100):origin()/pre00/28e0/th/pre/i/2019/048/f/2/kingdom_hearts___food_seeker_saga__1____by_magicstraw-dd00sq7.jpg&quot; alt=&quot;thumbnail&quot; /&gt;&lt;/div&gt;</description>            </item>
                    <item>
                <title>Blake and Yang</title>
                <link>https://magicstraw.deviantart.com/art/Blake-and-Yang-786097496</link>
                <guid isPermaLink="true">https://magicstraw.deviantart.com/art/Blake-and-Yang-786097496</guid>
                <pubDate>Sun, 17 Feb 2019 15:57:04 PST</pubDate>
                        <media:title type="plain">Blake and Yang</media:title>
        <media:keywords></media:keywords>
                        <media:rating>nonadult</media:rating>
                <media:category label="Other">fanart/digital/drawings/other</media:category>
        <media:credit role="author" scheme="urn:ebu">MagicStraw</media:credit>
        <media:credit role="author" scheme="urn:ebu">https://a.deviantart.net/avatars/m/a/magicstraw.png?3</media:credit>
        <media:copyright url="https://magicstraw.deviantart.com">Copyright 2019 MagicStraw</media:copyright>            <media:description type="html"></media:description>            <media:thumbnail url="https://t00.deviantart.net/D40OOO9kae4qPJZ_OZXeGxRsTnA=/fit-in/150x150/filters:no_upscale():origin()/pre00/1dee/th/pre/i/2019/048/d/a/blake_and_yang_by_magicstraw-dd00spk.jpg" height="95" width="150"/>            <media:thumbnail url="https://t00.deviantart.net/9nvDs1umxi-VEpwNw7PkVXq8_Ok=/fit-in/300x900/filters:no_upscale():origin()/pre00/1dee/th/pre/i/2019/048/d/a/blake_and_yang_by_magicstraw-dd00spk.jpg" height="190" width="300"/>            <media:thumbnail url="https://t00.deviantart.net/iw64s_IXmKIve99L_xhlxYpOR08=/300x200/filters:fixed_height(100,100):origin()/pre00/1dee/th/pre/i/2019/048/d/a/blake_and_yang_by_magicstraw-dd00spk.jpg" height="190" width="300"/>            <media:content url="https://pre00.deviantart.net/1dee/th/pre/i/2019/048/d/a/blake_and_yang_by_magicstraw-dd00spk.jpg" height="711" width="1124" medium="image"/>            
            <description>&lt;br /&gt;&lt;div&gt;&lt;img src=&quot;https://t00.deviantart.net/iw64s_IXmKIve99L_xhlxYpOR08=/300x200/filters:fixed_height(100,100):origin()/pre00/1dee/th/pre/i/2019/048/d/a/blake_and_yang_by_magicstraw-dd00spk.jpg&quot; alt=&quot;thumbnail&quot; /&gt;&lt;/div&gt;</description>            </item>
                    <item>
                <title>River Down Below</title>
                <link>https://pajunen.deviantart.com/art/River-Down-Below-786205419</link>
                <guid isPermaLink="true">https://pajunen.deviantart.com/art/River-Down-Below-786205419</guid>
                <pubDate>Mon, 18 Feb 2019 10:47:05 PST</pubDate>
                        <media:title type="plain">River Down Below</media:title>
        <media:keywords></media:keywords>
                        <media:rating>nonadult</media:rating>
                <media:category label="Conceptual">photography/conceptual</media:category>
        <media:credit role="author" scheme="urn:ebu">Pajunen</media:credit>
        <media:credit role="author" scheme="urn:ebu">https://a.deviantart.net/avatars/p/a/pajunen.gif?2</media:credit>
        <media:copyright url="https://pajunen.deviantart.com">Copyright 2019 Pajunen</media:copyright>            <media:description type="html">Southern Finland&lt;br /&gt;October 2018&lt;br /&gt;&lt;br /&gt;(Inspired by the song &quot;River Down Below&quot; by &lt;i&gt;Riverside&lt;/i&gt;)&lt;br /&gt;&lt;br /&gt;&lt;b&gt;&amp;#169; COPYRIGHT&lt;/b&gt;&lt;br /&gt;&lt;span&gt;The work contained in my gallery is copyrighted. My work is not stock and it may not be reproduced, copied, edited, published, transmitted or uploaded in any way without my written permission.&lt;/span&gt;</media:description>            <media:thumbnail url="https://t00.deviantart.net/QIFoozHVFlr9JCqBUWtkMsEucOs=/fit-in/150x150/filters:no_upscale():origin()/pre00/fd9b/th/pre/f/2019/049/1/0/river_down_below_by_pajunen-dd033zf.jpg" height="84" width="150"/>            <media:thumbnail url="https://t00.deviantart.net/zI-VHeCH3sGVRlRoZKwLht8z3tk=/fit-in/300x900/filters:no_upscale():origin()/pre00/fd9b/th/pre/f/2019/049/1/0/river_down_below_by_pajunen-dd033zf.jpg" height="169" width="300"/>            <media:thumbnail url="https://t00.deviantart.net/2bKuWofkp_X8DpzOuz8aGnHQhQs=/300x200/filters:fixed_height(100,100):origin()/pre00/fd9b/th/pre/f/2019/049/1/0/river_down_below_by_pajunen-dd033zf.jpg" height="169" width="300"/>            <media:content url="https://pre00.deviantart.net/fd9b/th/pre/f/2019/049/1/0/river_down_below_by_pajunen-dd033zf.jpg" height="670" width="1192" medium="image"/>            
            <description>Southern Finland&lt;br /&gt;October 2018&lt;br /&gt;&lt;br /&gt;(Inspired by the song &quot;River Down Below&quot; by &lt;i&gt;Riverside&lt;/i&gt;)&lt;br /&gt;&lt;br /&gt;&lt;b&gt;&amp;#169; COPYRIGHT&lt;/b&gt;&lt;br /&gt;&lt;span&gt;The work contained in my gallery is copyrighted. My work is not stock and it may not be reproduced, copied, edited, published, transmitted or uploaded in any way without my written permission.&lt;/span&gt;&lt;br /&gt;&lt;div&gt;&lt;img src=&quot;https://t00.deviantart.net/2bKuWofkp_X8DpzOuz8aGnHQhQs=/300x200/filters:fixed_height(100,100):origin()/pre00/fd9b/th/pre/f/2019/049/1/0/river_down_below_by_pajunen-dd033zf.jpg&quot; alt=&quot;thumbnail&quot; /&gt;&lt;/div&gt;</description>            </item>
                    <item>
                <title>Kingdom Hearts - Food Seeker Saga (2/?)</title>
                <link>https://magicstraw.deviantart.com/art/Kingdom-Hearts-Food-Seeker-Saga-2-786097537</link>
                <guid isPermaLink="true">https://magicstraw.deviantart.com/art/Kingdom-Hearts-Food-Seeker-Saga-2-786097537</guid>
                <pubDate>Sun, 17 Feb 2019 15:57:13 PST</pubDate>
                        <media:title type="plain">Kingdom Hearts - Food Seeker Saga (2/?)</media:title>
        <media:keywords></media:keywords>
                        <media:rating>nonadult</media:rating>
                <media:category label="Other">fanart/digital/drawings/other</media:category>
        <media:credit role="author" scheme="urn:ebu">MagicStraw</media:credit>
        <media:credit role="author" scheme="urn:ebu">https://a.deviantart.net/avatars/m/a/magicstraw.png?3</media:credit>
        <media:copyright url="https://magicstraw.deviantart.com">Copyright 2019 MagicStraw</media:copyright>            <media:description type="html"></media:description>            <media:thumbnail url="https://t00.deviantart.net/NE3kzKfAUQbNgluI0HytDYnaU48=/fit-in/150x150/filters:no_upscale():origin()/pre00/9938/th/pre/i/2019/048/1/e/kingdom_hearts___food_seeker_saga__2____by_magicstraw-dd00sqp.jpg" height="98" width="150"/>            <media:thumbnail url="https://t00.deviantart.net/wuOExCK8V3zZPV1uzWNBnjzPlKE=/fit-in/300x900/filters:no_upscale():origin()/pre00/9938/th/pre/i/2019/048/1/e/kingdom_hearts___food_seeker_saga__2____by_magicstraw-dd00sqp.jpg" height="196" width="300"/>            <media:thumbnail url="https://t00.deviantart.net/wKsXMBESXpHjpzpUU3FLvRTKfzo=/300x200/filters:fixed_height(100,100):origin()/pre00/9938/th/pre/i/2019/048/1/e/kingdom_hearts___food_seeker_saga__2____by_magicstraw-dd00sqp.jpg" height="196" width="300"/>            <media:content url="https://pre00.deviantart.net/9938/th/pre/i/2019/048/1/e/kingdom_hearts___food_seeker_saga__2____by_magicstraw-dd00sqp.jpg" height="723" width="1106" medium="image"/>            
            <description>&lt;br /&gt;&lt;div&gt;&lt;img src=&quot;https://t00.deviantart.net/wKsXMBESXpHjpzpUU3FLvRTKfzo=/300x200/filters:fixed_height(100,100):origin()/pre00/9938/th/pre/i/2019/048/1/e/kingdom_hearts___food_seeker_saga__2____by_magicstraw-dd00sqp.jpg&quot; alt=&quot;thumbnail&quot; /&gt;&lt;/div&gt;</description>            </item>
                    <item>
                <title>Birds</title>
                <link>https://snatti89.deviantart.com/art/Birds-786188664</link>
                <guid isPermaLink="true">https://snatti89.deviantart.com/art/Birds-786188664</guid>
                <pubDate>Mon, 18 Feb 2019 08:18:56 PST</pubDate>
                        <media:title type="plain">Birds</media:title>
        <media:keywords></media:keywords>
                        <media:rating>nonadult</media:rating>
                <media:category label="Landscapes &amp; Scenery">digitalart/paintings/landscapes</media:category>
        <media:credit role="author" scheme="urn:ebu">snatti89</media:credit>
        <media:credit role="author" scheme="urn:ebu">https://a.deviantart.net/avatars/s/n/snatti89.jpg?6</media:credit>
        <media:copyright url="https://snatti89.deviantart.com">Copyright 2019 snatti89</media:copyright>            <media:description type="html">&lt;a class=&quot;external&quot; href=&quot;https://www.deviantart.com/users/outgoing?https://www.patreon.com/snatti?ty=h/&quot;&gt;PATREON&lt;/a&gt; &amp;nbsp; &amp;nbsp;&lt;a class=&quot;external&quot; href=&quot;https://www.deviantart.com/users/outgoing?https://www.instagram.com/snatti89/&quot;&gt;INSTAGRAM&lt;/a&gt; &amp;nbsp; &amp;nbsp;&lt;a class=&quot;external&quot; href=&quot;https://www.deviantart.com/users/outgoing?http://snatti.tumblr.com/&quot;&gt;TUMBLR&lt;/a&gt; &amp;nbsp; &amp;nbsp;&lt;a class=&quot;external&quot; href=&quot;https://www.deviantart.com/users/outgoing?https://www.facebook.com/atey.ghailan&quot;&gt;FACEBOOK&lt;/a&gt; &amp;nbsp;&amp;nbsp;&lt;a class=&quot;external&quot; href=&quot;https://www.deviantart.com/users/outgoing?https://www.artstation.com/artist/snatti&quot;&gt;ARTSTATION&lt;/a&gt; &amp;nbsp; &amp;nbsp;&lt;a class=&quot;external&quot; href=&quot;https://www.deviantart.com/users/outgoing?https://www.youtube.com/channel/UCQdfaDzzfQJ-5qfBmy8frVg/videos?spfreload=10&quot;&gt;YOUTUBE&lt;/a&gt;&amp;nbsp; &amp;nbsp;&lt;a class=&quot;external&quot; href=&quot;https://www.deviantart.com/users/outgoing?https://twitter.com/snatti/&quot;&gt;TWITTER&lt;/a&gt;&lt;br /&gt;Thank you!</media:description>            <media:thumbnail url="https://t00.deviantart.net/oj9CveL29ZlpxavM5RieVvp5Kas=/fit-in/150x150/filters:no_upscale():origin()/pre00/103b/th/pre/f/2019/049/6/5/birds_by_snatti89-dd02r20.png" height="124" width="150"/>            <media:thumbnail url="https://t00.deviantart.net/ykhZpqse-46zMvcK3Wx05KZ0g4w=/fit-in/300x900/filters:no_upscale():origin()/pre00/103b/th/pre/f/2019/049/6/5/birds_by_snatti89-dd02r20.png" height="249" width="300"/>            <media:thumbnail url="https://t00.deviantart.net/fze12ILvxT7VcTgcTNXsoz7MPbI=/300x200/filters:fixed_height(100,100):origin()/pre00/103b/th/pre/f/2019/049/6/5/birds_by_snatti89-dd02r20.png" height="200" width="241"/>            <media:content url="https://pre00.deviantart.net/103b/th/pre/f/2019/049/6/5/birds_by_snatti89-dd02r20.png" height="814" width="982" medium="image"/>            
            <description>&lt;a class=&quot;external&quot; href=&quot;https://www.deviantart.com/users/outgoing?https://www.patreon.com/snatti?ty=h/&quot;&gt;PATREON&lt;/a&gt; &amp;nbsp; &amp;nbsp;&lt;a class=&quot;external&quot; href=&quot;https://www.deviantart.com/users/outgoing?https://www.instagram.com/snatti89/&quot;&gt;INSTAGRAM&lt;/a&gt; &amp;nbsp; &amp;nbsp;&lt;a class=&quot;external&quot; href=&quot;https://www.deviantart.com/users/outgoing?http://snatti.tumblr.com/&quot;&gt;TUMBLR&lt;/a&gt; &amp;nbsp; &amp;nbsp;&lt;a class=&quot;external&quot; href=&quot;https://www.deviantart.com/users/outgoing?https://www.facebook.com/atey.ghailan&quot;&gt;FACEBOOK&lt;/a&gt; &amp;nbsp;&amp;nbsp;&lt;a class=&quot;external&quot; href=&quot;https://www.deviantart.com/users/outgoing?https://www.artstation.com/artist/snatti&quot;&gt;ARTSTATION&lt;/a&gt; &amp;nbsp; &amp;nbsp;&lt;a class=&quot;external&quot; href=&quot;https://www.deviantart.com/users/outgoing?https://www.youtube.com/channel/UCQdfaDzzfQJ-5qfBmy8frVg/videos?spfreload=10&quot;&gt;YOUTUBE&lt;/a&gt;&amp;nbsp; &amp;nbsp;&lt;a class=&quot;external&quot; href=&quot;https://www.deviantart.com/users/outgoing?https://twitter.com/snatti/&quot;&gt;TWITTER&lt;/a&gt;&lt;br /&gt;Thank you!&lt;br /&gt;&lt;div&gt;&lt;img src=&quot;https://t00.deviantart.net/fze12ILvxT7VcTgcTNXsoz7MPbI=/300x200/filters:fixed_height(100,100):origin()/pre00/103b/th/pre/f/2019/049/6/5/birds_by_snatti89-dd02r20.png&quot; alt=&quot;thumbnail&quot; /&gt;&lt;/div&gt;</description>            </item>
                    <item>
                <title>warm kitty</title>
                <link>https://ravietta.deviantart.com/art/warm-kitty-786101646</link>
                <guid isPermaLink="true">https://ravietta.deviantart.com/art/warm-kitty-786101646</guid>
                <pubDate>Sun, 17 Feb 2019 17:18:32 PST</pubDate>
                        <media:title type="plain">warm kitty</media:title>
        <media:keywords></media:keywords>
                        <media:rating>nonadult</media:rating>
                <media:category label="Conceptual">digitalart/paintings/illustrations/conceptual</media:category>
        <media:credit role="author" scheme="urn:ebu">Ravietta</media:credit>
        <media:credit role="author" scheme="urn:ebu">https://a.deviantart.net/avatars/r/a/ravietta.gif?12</media:credit>
        <media:copyright url="https://ravietta.deviantart.com">Copyright 2019 Ravietta</media:copyright>
            <media:community>
                <media:tags>@barbararosiak</media:tags>
            </media:community>             <creativeCommons:license>http://creativecommons.org/licenses/by-nc-nd/3.0/</creativeCommons:license>
                <media:description type="html">As designed by&amp;nbsp;&lt;a class=&quot;external&quot; href=&quot;https://www.deviantart.com/users/outgoing?https://twitter.com/RacheleRaka&quot;&gt;twitter.com/RacheleRaka&lt;/a&gt;</media:description>            <media:thumbnail url="https://t00.deviantart.net/fyO-n98XavqgINGp8nXNY6lNn78=/fit-in/150x150/filters:no_upscale():origin()/pre00/a637/th/pre/i/2019/048/8/6/warm_kitty_by_ravietta-dd00vwu.png" height="150" width="150"/>            <media:thumbnail url="https://t00.deviantart.net/kmvcR7LCmyGBYdYx6LTlS1mlb1c=/fit-in/300x900/filters:no_upscale():origin()/pre00/a637/th/pre/i/2019/048/8/6/warm_kitty_by_ravietta-dd00vwu.png" height="300" width="300"/>            <media:thumbnail url="https://t00.deviantart.net/9cKPCLPdWE5jE-COIjM_xjEI01U=/300x200/filters:fixed_height(100,100):origin()/pre00/a637/th/pre/i/2019/048/8/6/warm_kitty_by_ravietta-dd00vwu.png" height="200" width="200"/>            <media:content url="https://pre00.deviantart.net/a637/th/pre/i/2019/048/8/6/warm_kitty_by_ravietta-dd00vwu.png" height="894" width="894" medium="image"/>            
            <description>As designed by&amp;nbsp;&lt;a class=&quot;external&quot; href=&quot;https://www.deviantart.com/users/outgoing?https://twitter.com/RacheleRaka&quot;&gt;twitter.com/RacheleRaka&lt;/a&gt;&lt;br /&gt;&lt;div&gt;&lt;img src=&quot;https://t00.deviantart.net/9cKPCLPdWE5jE-COIjM_xjEI01U=/300x200/filters:fixed_height(100,100):origin()/pre00/a637/th/pre/i/2019/048/8/6/warm_kitty_by_ravietta-dd00vwu.png&quot; alt=&quot;thumbnail&quot; /&gt;&lt;/div&gt;</description>            </item>
                    <item>
                <title>Commission : Kirostyle 2</title>
                <link>https://sa-dui.deviantart.com/art/Commission-Kirostyle-2-786120450</link>
                <guid isPermaLink="true">https://sa-dui.deviantart.com/art/Commission-Kirostyle-2-786120450</guid>
                <pubDate>Sun, 17 Feb 2019 18:49:07 PST</pubDate>
                        <media:title type="plain">Commission : Kirostyle 2</media:title>
        <media:keywords></media:keywords>
                        <media:rating>nonadult</media:rating>
                <media:category label="Other">digitalart/paintings/other</media:category>
        <media:credit role="author" scheme="urn:ebu">Sa-Dui</media:credit>
        <media:credit role="author" scheme="urn:ebu">https://a.deviantart.net/avatars/s/a/sa-dui.jpg</media:credit>
        <media:copyright url="https://sa-dui.deviantart.com">Copyright 2019 Sa-Dui</media:copyright>
            <media:community>
                <media:tags>@mintsadui</media:tags>
            </media:community>            <media:description type="html">Commission for &lt;a target=&quot;_self&quot; href=&quot;https://www.deviantart.com/kirostyle&quot; &gt;&lt;img class=&quot;avatar&quot; width=&quot;50&quot; height=&quot;50&quot; src=&quot;https://a.deviantart.net/avatars/k/i/kirostyle.gif?15&quot; alt=&quot;:iconkirostyle:&quot; title=&quot;Kirostyle&quot; /&gt;&lt;/a&gt;&lt;br /&gt;&lt;br /&gt;Thank you so much! &lt;br /&gt;&lt;br /&gt;&lt;span&gt;&lt;br /&gt;&lt;a class=&quot;external&quot; href=&quot;https://www.deviantart.com/users/outgoing?https://ko-fi.com/O5O4ED9V&quot;&gt;Support Me on Ko-fi&lt;/a&gt;&lt;br /&gt;&lt;br /&gt;Commission info &amp;gt;&amp;gt; &lt;span class=&quot;shadow-holder&quot; data-embed-type=&quot;deviation&quot; data-embed-id=&quot;223178193&quot; data-embed-format=&quot;thumb&quot;&gt;&lt;span class=&quot;shadow mild&quot; &gt;&lt;a href=&quot;https://www.deviantart.com/sa-dui/journal/About-Commissions-223178193&quot; data-sigil=&quot;thumb&quot; class=&quot;thumb lit&quot; onmouseover=&quot;if (window.LitBox) LitBox.hover(this, true)&quot; onmouseout=&quot;if (window.LitBox) LitBox.out(this)&quot;&gt;&lt;i&gt;&lt;/i&gt;&lt;img class=&quot;lit journal&quot; src=&quot;https://st.deviantart.net/minish/gruzecontrol/icons/journal.gif?2&quot;&gt;&lt;span class=&quot;wrap&quot; style=&quot;width: 150px&quot;&gt;&lt;q&gt;
        &lt;strong&gt;About Commissions&lt;/strong&gt;&lt;strong&gt;&lt;img src=&quot;https://e.deviantart.net/emoticons/s/star_full.gif&quot; width=&quot;17&quot; height=&quot;16&quot; alt=&quot;:star:&quot; data-embed-type=&quot;emoticon&quot; data-embed-id=&quot;450&quot; title=&quot;Star!&quot;/&gt;&lt;strong&gt; ~~~~ C O M M I S S I O N ~~~~ &lt;/strong&gt;&lt;img src=&quot;https://e.deviantart.net/emoticons/s/star_full.gif&quot; width=&quot;17&quot; height=&quot;16&quot; alt=&quot;:star:&quot; data-embed-type=&quot;emoticon&quot; data-embed-id=&quot;450&quot; title=&quot;Star!&quot;/&gt;&lt;/strong&gt;&lt;br /&gt;&lt;strong&gt;Open for personal use.&lt;/strong&gt;&lt;br /&gt;&lt;strong&gt;Open for commercial/client work.&lt;/strong&gt;&lt;br /&gt;&lt;strong&gt;&lt;/strong&gt;&lt;br /&gt;I am open for personal use, commercial work &amp;amp; outsource for game and projects.&lt;br /&gt;To contact me, please mail me at kaonashi_san@hotmail.com&lt;br /&gt;&lt;img src=&quot;https://e.deviantart.net/emoticons/b/bulletpink.gif&quot; width=&quot;10&quot; height=&quot;10&quot; alt=&quot;:bulletpink:&quot; data-embed-type=&quot;emoticon&quot; data-embed-id=&quot;568&quot; title=&quot;Bullet; Pink&quot;/&gt;&lt;strong&gt;I can/can&#039;t draw...&lt;/strong&gt;&lt;br /&gt;&amp;nbsp;&amp;nbsp;&amp;nbsp;&lt;img src=&quot;https://e.deviantart.net/emoticons/b/bulletblue.gif&quot; width=&quot;10&quot; height=&quot;10&quot; alt=&quot;:bulletblue:&quot; data-embed-type=&quot;emoticon&quot; data-embed-id=&quot;211&quot; title=&quot;Bullet; Blue&quot;/&gt; Original characters OK!&lt;br /&gt;&amp;nbsp;&amp;nbsp;&amp;nbsp;&lt;img src=&quot;https://e.deviantart.net/emoticons/b/bulletblue.gif&quot; width=&quot;10&quot; height=&quot;10&quot; alt=&quot;:bulletblue:&quot; data-embed-type=&quot;emoticon&quot; data-embed-id=&quot;211&quot; title=&quot;Bullet; Blue&quot;/&gt; Fan art OK!&lt;br /&gt;&amp;nbsp;&amp;nbsp;&amp;nbsp;&lt;img src=&quot;https://e.deviantart.net/emoticons/b/bulletblue.gif&quot; width=&quot;10&quot; height=&quot;10&quot; alt=&quot;:bulletblue:&quot; data-embed-type=&quot;emoticon&quot; data-embed-id=&quot;211&quot; title=&quot;Bullet; Blue&quot;/&gt; Animals, Monsters OK!&lt;br /&gt;&amp;nbsp;&amp;nbsp;&amp;nbsp;&lt;img src=&quot;https://e.deviantart.net/emoticons/b/bulletblue.gif&quot; width=&quot;10&quot; height=&quot;10&quot; alt=&quot;:bulletblue:&quot; data-embed-type=&quot;emoticon&quot; data-embed-id=&quot;211&quot; title=&quot;Bullet; Blue&quot;/&gt; Furry, Kemono OK!&lt;br /&gt;&amp;nbsp;&amp;nbsp; &lt;img src=&quot;https://e.deviantart.net/emoticons/b/bulletblue.gif&quot; width=&quot;10&quot; height=&quot;10&quot; alt=&quot;:bulletblue:&quot; data-embed-type=&quot;emoticon&quot; data-embed-id=&quot;211&quot; title=&quot;Bullet; Blue&quot;/&gt; Yaoi, Yuri OK!&lt;br /&gt;&amp;nbsp;&amp;nbsp;&amp;nbsp;&lt;img src=&quot;https://e.deviantart.net/emoticons/b/bulletblue.gif&quot; width=&quot;10&quot; height=&quot;10&quot; alt=&quot;:bulletblue:&quot; data-embed-type=&quot;emoticon&quot; data-embed-id=&quot;211&quot; title=&quot;Bullet; Blue&quot;/&gt; Mechanic, Weapon, Armor, Sci-Fi OK!&lt;br /&gt;&amp;nbsp;&amp;nbsp; &lt;img src=&quot;https://e.deviantart.net/emoticons/b/bulletblue.gif&quot; width=&quot;10&quot; height=&quot;10&quot; alt=&quot;:bulletblue:&quot; data-embed-type=&quot;emoticon&quot; data-embed-id=&quot;211&quot; title=&quot;Bullet; Blue&quot;/&gt; Detailed background OK!&lt;br /&gt;&amp;nbsp;&amp;nbsp; [Bullet; Red] I can&#039;t do Realistic human.&lt;br /&gt;&amp;nbsp;&amp;nbsp;&amp;nbsp;[Bullet; Red] I can&#039;t do Nudity, Sexual.&lt;br /&gt;&amp;nbsp;&amp;nbsp; [Bullet; Blue][Bullet; Blue][Bullet; Blue] I can design things, design will be more expensive.&lt;br /&gt;[Bullet; Pink]&lt;strong&gt;Please read! [Heart]&lt;/strong&gt;&lt;/q&gt;&lt;/span&gt;&lt;/a&gt;&lt;/span&gt;&lt;!-- ^TTT --&gt;&lt;!-- TTT$ --&gt;&lt;/span&gt;&lt;br /&gt;&lt;br /&gt;&amp;nbsp;&lt;span class=&quot;shadow-holder&quot; data-embed-type=&quot;deviation&quot; data-embed-id=&quot;784265048&quot; data-embed-format=&quot;thumb&quot;&gt;&lt;span class=&quot;shadow mild&quot; &gt;&lt;a class=&quot;thumb&quot; href=&quot;https://www.deviantart.com/sa-dui/art/Commission-Mrjojo2908-784265048&quot; title=&quot;Commission : Mrjojo2908 by Sa-Dui, Feb 5, 2019 in Digital Art &amp;gt; Drawings &amp;amp; Paintings &amp;gt; Fantasy&quot;data-super-img=&quot;https://images-wixmp-ed30a86b8c4ca887773594c2.wixmp.com/intermediary/f/31ccb3d5-2c06-4c5e-9ae0-12c53746ddf5/dcyxis8-e6554f12-2595-4be1-88c5-1ad88c150a41.jpg/v1/fill/w_752,h_1063,q_70,strp/commission___mrjojo2908_by_sa_dui_dcyxis8-pre.jpg&quot; data-super-width=&quot;751&quot; data-super-height=&quot;1063&quot; data-super-transparent=&quot;false&quot; data-super-alt=&quot;Commission : Mrjojo2908 by Sa-Dui&quot; data-super-full-img=&quot;https://images-wixmp-ed30a86b8c4ca887773594c2.wixmp.com/intermediary/f/31ccb3d5-2c06-4c5e-9ae0-12c53746ddf5/dcyxis8-e6554f12-2595-4be1-88c5-1ad88c150a41.jpg/v1/fill/w_1280,h_1811,q_70,strp/commission___mrjojo2908_by_sa_dui_dcyxis8-fullview.jpg&quot; data-super-full-width=&quot;1280&quot; data-super-full-height=&quot;1811&quot;        data-sigil=&quot;thumb&quot;&gt;
        &lt;i&gt;&lt;/i&gt;&lt;img   width=&quot;106&quot; height=&quot;150&quot; alt=&quot;Commission : Mrjojo2908 by Sa-Dui&quot; src=&quot;https://images-wixmp-ed30a86b8c4ca887773594c2.wixmp.com/intermediary/f/31ccb3d5-2c06-4c5e-9ae0-12c53746ddf5/dcyxis8-e6554f12-2595-4be1-88c5-1ad88c150a41.jpg/v1/fit/w_150,h_150,q_70,strp/commission___mrjojo2908_by_sa_dui_dcyxis8-150.jpg&quot; data-src=&quot;https://images-wixmp-ed30a86b8c4ca887773594c2.wixmp.com/intermediary/f/31ccb3d5-2c06-4c5e-9ae0-12c53746ddf5/dcyxis8-e6554f12-2595-4be1-88c5-1ad88c150a41.jpg/v1/fit/w_150,h_150,q_70,strp/commission___mrjojo2908_by_sa_dui_dcyxis8-150.jpg&quot; srcset=&quot;https://images-wixmp-ed30a86b8c4ca887773594c2.wixmp.com/intermediary/f/31ccb3d5-2c06-4c5e-9ae0-12c53746ddf5/dcyxis8-e6554f12-2595-4be1-88c5-1ad88c150a41.jpg/v1/fit/w_150,h_150,q_70,strp/commission___mrjojo2908_by_sa_dui_dcyxis8-150.jpg 106w,https://images-wixmp-ed30a86b8c4ca887773594c2.wixmp.com/intermediary/f/31ccb3d5-2c06-4c5e-9ae0-12c53746ddf5/dcyxis8-e6554f12-2595-4be1-88c5-1ad88c150a41.jpg/v1/fill/w_177,h_250,q_70,strp/commission___mrjojo2908_by_sa_dui_dcyxis8-250t.jpg 177w,https://images-wixmp-ed30a86b8c4ca887773594c2.wixmp.com/intermediary/f/31ccb3d5-2c06-4c5e-9ae0-12c53746ddf5/dcyxis8-e6554f12-2595-4be1-88c5-1ad88c150a41.jpg/v1/crop/w_247,h_350,x_0,y_0,scl_0.16533333333333,q_70,strp/commission___mrjojo2908_by_sa_dui_dcyxis8-350t.jpg 247w,https://images-wixmp-ed30a86b8c4ca887773594c2.wixmp.com/intermediary/f/31ccb3d5-2c06-4c5e-9ae0-12c53746ddf5/dcyxis8-e6554f12-2595-4be1-88c5-1ad88c150a41.jpg/v1/fill/w_283,h_400,q_70,strp/commission___mrjojo2908_by_sa_dui_dcyxis8-400t.jpg 283w,https://images-wixmp-ed30a86b8c4ca887773594c2.wixmp.com/intermediary/f/31ccb3d5-2c06-4c5e-9ae0-12c53746ddf5/dcyxis8-e6554f12-2595-4be1-88c5-1ad88c150a41.jpg/v1/fill/w_752,h_1063,q_70,strp/commission___mrjojo2908_by_sa_dui_dcyxis8-pre.jpg 751w&quot; sizes=&quot;106px&quot;&gt;&lt;/a&gt;&lt;/span&gt;&lt;!-- ^TTT --&gt;&lt;!-- TTT$ --&gt;&lt;/span&gt;&amp;nbsp;&lt;span class=&quot;shadow-holder&quot; data-embed-type=&quot;deviation&quot; data-embed-id=&quot;769226971&quot; data-embed-format=&quot;thumb&quot;&gt;&lt;span class=&quot;shadow mild&quot; &gt;&lt;a class=&quot;thumb&quot; href=&quot;https://www.deviantart.com/sa-dui/art/Commission-Ketsia-2-769226971&quot; title=&quot;Commission : Ketsia 2 by Sa-Dui, Oct 21, 2018 in Fan Art &amp;gt; Digital Art &amp;gt; Drawings &amp;gt; Games&quot;data-super-img=&quot;https://images-wixmp-ed30a86b8c4ca887773594c2.wixmp.com/intermediary/f/31ccb3d5-2c06-4c5e-9ae0-12c53746ddf5/dcpz7bv-c824b641-7333-4e48-8e8b-47f04fcbcac5.jpg/v1/fill/w_752,h_1063,q_70,strp/commission___ketsia_2_by_sa_dui_dcpz7bv-pre.jpg&quot; data-super-width=&quot;751&quot; data-super-height=&quot;1063&quot; data-super-transparent=&quot;false&quot; data-super-alt=&quot;Commission : Ketsia 2 by Sa-Dui&quot; data-super-full-img=&quot;https://images-wixmp-ed30a86b8c4ca887773594c2.wixmp.com/intermediary/f/31ccb3d5-2c06-4c5e-9ae0-12c53746ddf5/dcpz7bv-c824b641-7333-4e48-8e8b-47f04fcbcac5.jpg/v1/fill/w_1024,h_1449,q_70,strp/commission___ketsia_2_by_sa_dui_dcpz7bv-fullview.jpg&quot; data-super-full-width=&quot;1024&quot; data-super-full-height=&quot;1449&quot;        data-sigil=&quot;thumb&quot;&gt;
        &lt;i&gt;&lt;/i&gt;&lt;img   width=&quot;106&quot; height=&quot;150&quot; alt=&quot;Commission : Ketsia 2 by Sa-Dui&quot; src=&quot;https://images-wixmp-ed30a86b8c4ca887773594c2.wixmp.com/intermediary/f/31ccb3d5-2c06-4c5e-9ae0-12c53746ddf5/dcpz7bv-c824b641-7333-4e48-8e8b-47f04fcbcac5.jpg/v1/fit/w_150,h_150,q_70,strp/commission___ketsia_2_by_sa_dui_dcpz7bv-150.jpg&quot; data-src=&quot;https://images-wixmp-ed30a86b8c4ca887773594c2.wixmp.com/intermediary/f/31ccb3d5-2c06-4c5e-9ae0-12c53746ddf5/dcpz7bv-c824b641-7333-4e48-8e8b-47f04fcbcac5.jpg/v1/fit/w_150,h_150,q_70,strp/commission___ketsia_2_by_sa_dui_dcpz7bv-150.jpg&quot; srcset=&quot;https://images-wixmp-ed30a86b8c4ca887773594c2.wixmp.com/intermediary/f/31ccb3d5-2c06-4c5e-9ae0-12c53746ddf5/dcpz7bv-c824b641-7333-4e48-8e8b-47f04fcbcac5.jpg/v1/fit/w_150,h_150,q_70,strp/commission___ketsia_2_by_sa_dui_dcpz7bv-150.jpg 106w,https://images-wixmp-ed30a86b8c4ca887773594c2.wixmp.com/intermediary/f/31ccb3d5-2c06-4c5e-9ae0-12c53746ddf5/dcpz7bv-c824b641-7333-4e48-8e8b-47f04fcbcac5.jpg/v1/fill/w_177,h_250,q_70,strp/commission___ketsia_2_by_sa_dui_dcpz7bv-250t.jpg 177w,https://images-wixmp-ed30a86b8c4ca887773594c2.wixmp.com/intermediary/f/31ccb3d5-2c06-4c5e-9ae0-12c53746ddf5/dcpz7bv-c824b641-7333-4e48-8e8b-47f04fcbcac5.jpg/v1/crop/w_247,h_350,x_0,y_0,scl_0.20666666666667,q_70,strp/commission___ketsia_2_by_sa_dui_dcpz7bv-350t.jpg 247w,https://images-wixmp-ed30a86b8c4ca887773594c2.wixmp.com/intermediary/f/31ccb3d5-2c06-4c5e-9ae0-12c53746ddf5/dcpz7bv-c824b641-7333-4e48-8e8b-47f04fcbcac5.jpg/v1/fill/w_283,h_400,q_70,strp/commission___ketsia_2_by_sa_dui_dcpz7bv-400t.jpg 283w,https://images-wixmp-ed30a86b8c4ca887773594c2.wixmp.com/intermediary/f/31ccb3d5-2c06-4c5e-9ae0-12c53746ddf5/dcpz7bv-c824b641-7333-4e48-8e8b-47f04fcbcac5.jpg/v1/fill/w_752,h_1063,q_70,strp/commission___ketsia_2_by_sa_dui_dcpz7bv-pre.jpg 751w&quot; sizes=&quot;106px&quot;&gt;&lt;/a&gt;&lt;/span&gt;&lt;!-- ^TTT --&gt;&lt;!-- TTT$ --&gt;&lt;/span&gt; &lt;span class=&quot;shadow-holder&quot; data-embed-type=&quot;deviation&quot; data-embed-id=&quot;773740424&quot; data-embed-format=&quot;thumb&quot;&gt;&lt;span class=&quot;shadow mild&quot; &gt;&lt;a class=&quot;thumb&quot; href=&quot;https://www.deviantart.com/sa-dui/art/Commission-Eumei-Avent-773740424&quot; title=&quot;Commission : Eumei Avent by Sa-Dui, Nov 23, 2018 in Digital Art &amp;gt; Drawings &amp;amp; Paintings &amp;gt; Fantasy&quot;data-super-img=&quot;https://images-wixmp-ed30a86b8c4ca887773594c2.wixmp.com/intermediary/f/31ccb3d5-2c06-4c5e-9ae0-12c53746ddf5/dcsnxxk-5e152918-a3f1-4d95-bd76-d75593a3deca.jpg/v1/fill/w_751,h_1063,q_70,strp/commission___eumei_avent_by_sa_dui_dcsnxxk-pre.jpg&quot; data-super-width=&quot;751&quot; data-super-height=&quot;1063&quot; data-super-transparent=&quot;false&quot; data-super-alt=&quot;Commission : Eumei Avent by Sa-Dui&quot; data-super-full-img=&quot;https://images-wixmp-ed30a86b8c4ca887773594c2.wixmp.com/intermediary/f/31ccb3d5-2c06-4c5e-9ae0-12c53746ddf5/dcsnxxk-5e152918-a3f1-4d95-bd76-d75593a3deca.jpg&quot; data-super-full-width=&quot;1060&quot; data-super-full-height=&quot;1500&quot;        data-sigil=&quot;thumb&quot;&gt;
        &lt;i&gt;&lt;/i&gt;&lt;img   width=&quot;106&quot; height=&quot;150&quot; alt=&quot;Commission : Eumei Avent by Sa-Dui&quot; src=&quot;https://images-wixmp-ed30a86b8c4ca887773594c2.wixmp.com/intermediary/f/31ccb3d5-2c06-4c5e-9ae0-12c53746ddf5/dcsnxxk-5e152918-a3f1-4d95-bd76-d75593a3deca.jpg/v1/fit/w_150,h_150,q_70,strp/commission___eumei_avent_by_sa_dui_dcsnxxk-150.jpg&quot; data-src=&quot;https://images-wixmp-ed30a86b8c4ca887773594c2.wixmp.com/intermediary/f/31ccb3d5-2c06-4c5e-9ae0-12c53746ddf5/dcsnxxk-5e152918-a3f1-4d95-bd76-d75593a3deca.jpg/v1/fit/w_150,h_150,q_70,strp/commission___eumei_avent_by_sa_dui_dcsnxxk-150.jpg&quot; srcset=&quot;https://images-wixmp-ed30a86b8c4ca887773594c2.wixmp.com/intermediary/f/31ccb3d5-2c06-4c5e-9ae0-12c53746ddf5/dcsnxxk-5e152918-a3f1-4d95-bd76-d75593a3deca.jpg/v1/fit/w_150,h_150,q_70,strp/commission___eumei_avent_by_sa_dui_dcsnxxk-150.jpg 106w,https://images-wixmp-ed30a86b8c4ca887773594c2.wixmp.com/intermediary/f/31ccb3d5-2c06-4c5e-9ae0-12c53746ddf5/dcsnxxk-5e152918-a3f1-4d95-bd76-d75593a3deca.jpg/v1/fill/w_177,h_250,q_70,strp/commission___eumei_avent_by_sa_dui_dcsnxxk-250t.jpg 177w,https://images-wixmp-ed30a86b8c4ca887773594c2.wixmp.com/intermediary/f/31ccb3d5-2c06-4c5e-9ae0-12c53746ddf5/dcsnxxk-5e152918-a3f1-4d95-bd76-d75593a3deca.jpg/v1/fill/w_247,h_350,q_70,strp/commission___eumei_avent_by_sa_dui_dcsnxxk-350t.jpg 247w,https://images-wixmp-ed30a86b8c4ca887773594c2.wixmp.com/intermediary/f/31ccb3d5-2c06-4c5e-9ae0-12c53746ddf5/dcsnxxk-5e152918-a3f1-4d95-bd76-d75593a3deca.jpg/v1/fill/w_283,h_400,q_70,strp/commission___eumei_avent_by_sa_dui_dcsnxxk-400t.jpg 283w,https://images-wixmp-ed30a86b8c4ca887773594c2.wixmp.com/intermediary/f/31ccb3d5-2c06-4c5e-9ae0-12c53746ddf5/dcsnxxk-5e152918-a3f1-4d95-bd76-d75593a3deca.jpg/v1/fill/w_751,h_1063,q_70,strp/commission___eumei_avent_by_sa_dui_dcsnxxk-pre.jpg 751w&quot; sizes=&quot;106px&quot;&gt;&lt;/a&gt;&lt;/span&gt;&lt;!-- ^TTT --&gt;&lt;!-- TTT$ --&gt;&lt;/span&gt;&amp;nbsp;&lt;span class=&quot;shadow-holder&quot; data-embed-type=&quot;deviation&quot; data-embed-id=&quot;752063714&quot; data-embed-format=&quot;thumb&quot;&gt;&lt;span class=&quot;shadow mild&quot; &gt;&lt;a class=&quot;thumb&quot; href=&quot;https://www.deviantart.com/sa-dui/art/Commission-Hanh-Chu-752063714&quot; title=&quot;Commission : Hanh Chu by Sa-Dui, Jun 29, 2018 in Digital Art &amp;gt; Drawings &amp;amp; Paintings &amp;gt; Fantasy&quot;data-super-img=&quot;https://images-wixmp-ed30a86b8c4ca887773594c2.wixmp.com/intermediary/f/31ccb3d5-2c06-4c5e-9ae0-12c53746ddf5/dcfrc2q-60a9643e-78ff-47b7-baa8-4629c4993339.jpg/v1/fill/w_752,h_1063,q_70,strp/commission___hanh_chu_by_sa_dui_dcfrc2q-pre.jpg&quot; data-super-width=&quot;751&quot; data-super-height=&quot;1063&quot; data-super-transparent=&quot;false&quot; data-super-alt=&quot;Commission : Hanh Chu by Sa-Dui&quot; data-super-full-img=&quot;https://images-wixmp-ed30a86b8c4ca887773594c2.wixmp.com/intermediary/f/31ccb3d5-2c06-4c5e-9ae0-12c53746ddf5/dcfrc2q-60a9643e-78ff-47b7-baa8-4629c4993339.jpg/v1/fill/w_1280,h_1811,q_70,strp/commission___hanh_chu_by_sa_dui_dcfrc2q-fullview.jpg&quot; data-super-full-width=&quot;1280&quot; data-super-full-height=&quot;1811&quot;        data-sigil=&quot;thumb&quot;&gt;
        &lt;i&gt;&lt;/i&gt;&lt;img   width=&quot;106&quot; height=&quot;150&quot; alt=&quot;Commission : Hanh Chu by Sa-Dui&quot; src=&quot;https://images-wixmp-ed30a86b8c4ca887773594c2.wixmp.com/intermediary/f/31ccb3d5-2c06-4c5e-9ae0-12c53746ddf5/dcfrc2q-60a9643e-78ff-47b7-baa8-4629c4993339.jpg/v1/fit/w_150,h_150,q_70,strp/commission___hanh_chu_by_sa_dui_dcfrc2q-150.jpg&quot; data-src=&quot;https://images-wixmp-ed30a86b8c4ca887773594c2.wixmp.com/intermediary/f/31ccb3d5-2c06-4c5e-9ae0-12c53746ddf5/dcfrc2q-60a9643e-78ff-47b7-baa8-4629c4993339.jpg/v1/fit/w_150,h_150,q_70,strp/commission___hanh_chu_by_sa_dui_dcfrc2q-150.jpg&quot; srcset=&quot;https://images-wixmp-ed30a86b8c4ca887773594c2.wixmp.com/intermediary/f/31ccb3d5-2c06-4c5e-9ae0-12c53746ddf5/dcfrc2q-60a9643e-78ff-47b7-baa8-4629c4993339.jpg/v1/fit/w_150,h_150,q_70,strp/commission___hanh_chu_by_sa_dui_dcfrc2q-150.jpg 106w,https://images-wixmp-ed30a86b8c4ca887773594c2.wixmp.com/intermediary/f/31ccb3d5-2c06-4c5e-9ae0-12c53746ddf5/dcfrc2q-60a9643e-78ff-47b7-baa8-4629c4993339.jpg/v1/fill/w_177,h_250,q_70,strp/commission___hanh_chu_by_sa_dui_dcfrc2q-250t.jpg 177w,https://images-wixmp-ed30a86b8c4ca887773594c2.wixmp.com/intermediary/f/31ccb3d5-2c06-4c5e-9ae0-12c53746ddf5/dcfrc2q-60a9643e-78ff-47b7-baa8-4629c4993339.jpg/v1/crop/w_247,h_350,x_0,y_0,scl_0.16533333333333,q_70,strp/commission___hanh_chu_by_sa_dui_dcfrc2q-350t.jpg 247w,https://images-wixmp-ed30a86b8c4ca887773594c2.wixmp.com/intermediary/f/31ccb3d5-2c06-4c5e-9ae0-12c53746ddf5/dcfrc2q-60a9643e-78ff-47b7-baa8-4629c4993339.jpg/v1/fill/w_283,h_400,q_70,strp/commission___hanh_chu_by_sa_dui_dcfrc2q-400t.jpg 283w,https://images-wixmp-ed30a86b8c4ca887773594c2.wixmp.com/intermediary/f/31ccb3d5-2c06-4c5e-9ae0-12c53746ddf5/dcfrc2q-60a9643e-78ff-47b7-baa8-4629c4993339.jpg/v1/fill/w_752,h_1063,q_70,strp/commission___hanh_chu_by_sa_dui_dcfrc2q-pre.jpg 751w&quot; sizes=&quot;106px&quot;&gt;&lt;/a&gt;&lt;/span&gt;&lt;!-- ^TTT --&gt;&lt;!-- TTT$ --&gt;&lt;/span&gt; &lt;span class=&quot;shadow-holder&quot; data-embed-type=&quot;deviation&quot; data-embed-id=&quot;785166010&quot; data-embed-format=&quot;thumb&quot;&gt;&lt;span class=&quot;shadow mild&quot; &gt;&lt;a class=&quot;thumb&quot; href=&quot;https://www.deviantart.com/sa-dui/art/Commission-Ketsia-3-785166010&quot; title=&quot;Commission : Ketsia 3 by Sa-Dui, Feb 11, 2019 in Digital Art &amp;gt; Drawings &amp;amp; Paintings &amp;gt; Fantasy&quot;data-super-img=&quot;https://images-wixmp-ed30a86b8c4ca887773594c2.wixmp.com/intermediary/f/31ccb3d5-2c06-4c5e-9ae0-12c53746ddf5/dczgtyy-09beb13d-d9e9-4dff-90a7-c7897eb6a366.jpg/v1/fill/w_752,h_1063,q_70,strp/commission___ketsia_3_by_sa_dui_dczgtyy-pre.jpg&quot; data-super-width=&quot;752&quot; data-super-height=&quot;1063&quot; data-super-transparent=&quot;false&quot; data-super-alt=&quot;Commission : Ketsia 3 by Sa-Dui&quot; data-super-full-img=&quot;https://images-wixmp-ed30a86b8c4ca887773594c2.wixmp.com/intermediary/f/31ccb3d5-2c06-4c5e-9ae0-12c53746ddf5/dczgtyy-09beb13d-d9e9-4dff-90a7-c7897eb6a366.jpg&quot; data-super-full-width=&quot;1414&quot; data-super-full-height=&quot;2000&quot;        data-sigil=&quot;thumb&quot;&gt;
        &lt;i&gt;&lt;/i&gt;&lt;img   width=&quot;106&quot; height=&quot;150&quot; alt=&quot;Commission : Ketsia 3 by Sa-Dui&quot; src=&quot;https://images-wixmp-ed30a86b8c4ca887773594c2.wixmp.com/intermediary/f/31ccb3d5-2c06-4c5e-9ae0-12c53746ddf5/dczgtyy-09beb13d-d9e9-4dff-90a7-c7897eb6a366.jpg/v1/fit/w_150,h_150,q_70,strp/commission___ketsia_3_by_sa_dui_dczgtyy-150.jpg&quot; data-src=&quot;https://images-wixmp-ed30a86b8c4ca887773594c2.wixmp.com/intermediary/f/31ccb3d5-2c06-4c5e-9ae0-12c53746ddf5/dczgtyy-09beb13d-d9e9-4dff-90a7-c7897eb6a366.jpg/v1/fit/w_150,h_150,q_70,strp/commission___ketsia_3_by_sa_dui_dczgtyy-150.jpg&quot; srcset=&quot;https://images-wixmp-ed30a86b8c4ca887773594c2.wixmp.com/intermediary/f/31ccb3d5-2c06-4c5e-9ae0-12c53746ddf5/dczgtyy-09beb13d-d9e9-4dff-90a7-c7897eb6a366.jpg/v1/fit/w_150,h_150,q_70,strp/commission___ketsia_3_by_sa_dui_dczgtyy-150.jpg 106w,https://images-wixmp-ed30a86b8c4ca887773594c2.wixmp.com/intermediary/f/31ccb3d5-2c06-4c5e-9ae0-12c53746ddf5/dczgtyy-09beb13d-d9e9-4dff-90a7-c7897eb6a366.jpg/v1/fill/w_177,h_250,q_70,strp/commission___ketsia_3_by_sa_dui_dczgtyy-250t.jpg 177w,https://images-wixmp-ed30a86b8c4ca887773594c2.wixmp.com/intermediary/f/31ccb3d5-2c06-4c5e-9ae0-12c53746ddf5/dczgtyy-09beb13d-d9e9-4dff-90a7-c7897eb6a366.jpg/v1/crop/w_247,h_350,x_0,y_0,scl_0.17538896746818,q_70,strp/commission___ketsia_3_by_sa_dui_dczgtyy-350t.jpg 247w,https://images-wixmp-ed30a86b8c4ca887773594c2.wixmp.com/intermediary/f/31ccb3d5-2c06-4c5e-9ae0-12c53746ddf5/dczgtyy-09beb13d-d9e9-4dff-90a7-c7897eb6a366.jpg/v1/fill/w_283,h_400,q_70,strp/commission___ketsia_3_by_sa_dui_dczgtyy-400t.jpg 283w,https://images-wixmp-ed30a86b8c4ca887773594c2.wixmp.com/intermediary/f/31ccb3d5-2c06-4c5e-9ae0-12c53746ddf5/dczgtyy-09beb13d-d9e9-4dff-90a7-c7897eb6a366.jpg/v1/fill/w_752,h_1063,q_70,strp/commission___ketsia_3_by_sa_dui_dczgtyy-pre.jpg 752w&quot; sizes=&quot;106px&quot;&gt;&lt;/a&gt;&lt;/span&gt;&lt;!-- ^TTT --&gt;&lt;!-- TTT$ --&gt;&lt;/span&gt;&lt;br /&gt;&lt;br /&gt;FB :: &lt;a class=&quot;external&quot; href=&quot;https://www.deviantart.com/users/outgoing?https://www.facebook.com/mintsadui&quot;&gt;www.facebook.com/mintsadui&lt;/a&gt;&lt;br /&gt;Twitter :: &lt;a class=&quot;external&quot; href=&quot;https://www.deviantart.com/users/outgoing?https://twitter.com/MintSaDui&quot;&gt;twitter.com/MintSaDui&lt;/a&gt;&lt;br /&gt;pixiv :: &lt;a class=&quot;external&quot; href=&quot;https://www.deviantart.com/users/outgoing?http://www.pixiv.net/member.php?id=3119788&quot;&gt;www.pixiv.net/member.php?id=31&amp;#8230;&lt;/a&gt;&lt;br /&gt;ArtStation :: &lt;a class=&quot;external&quot; href=&quot;https://www.deviantart.com/users/outgoing?https://www.artstation.com/artist/sa-dui&quot;&gt;www.artstation.com/artist/sa-d&amp;#8230;&lt;/a&gt;&lt;/span&gt;</media:description>            <media:thumbnail url="https://t00.deviantart.net/MWDrYfRN-ixLqUKwYqJVosLbVNY=/fit-in/150x150/filters:no_upscale():origin()/pre00/3238/th/pre/i/2019/048/a/5/commission___kirostyle_2_by_sa_dui-dd01af6.jpg" height="97" width="150"/>            <media:thumbnail url="https://t00.deviantart.net/EBy2qAKKYIalh-sWU4NEDumcV8s=/fit-in/300x900/filters:no_upscale():origin()/pre00/3238/th/pre/i/2019/048/a/5/commission___kirostyle_2_by_sa_dui-dd01af6.jpg" height="193" width="300"/>            <media:thumbnail url="https://t00.deviantart.net/zdkAX_Wj2gEydo4SylTMGdHL8KE=/300x200/filters:fixed_height(100,100):origin()/pre00/3238/th/pre/i/2019/048/a/5/commission___kirostyle_2_by_sa_dui-dd01af6.jpg" height="193" width="300"/>            <media:content url="https://pre00.deviantart.net/3238/th/pre/i/2019/048/a/5/commission___kirostyle_2_by_sa_dui-dd01af6.jpg" height="717" width="1114" medium="image"/>            
            <description>Commission for &lt;a target=&quot;_self&quot; href=&quot;https://www.deviantart.com/kirostyle&quot; &gt;&lt;img class=&quot;avatar&quot; width=&quot;50&quot; height=&quot;50&quot; src=&quot;https://a.deviantart.net/avatars/k/i/kirostyle.gif?15&quot; alt=&quot;:iconkirostyle:&quot; title=&quot;Kirostyle&quot; /&gt;&lt;/a&gt;&lt;br /&gt;&lt;br /&gt;Thank you so much! &lt;br /&gt;&lt;br /&gt;&lt;span&gt;&lt;br /&gt;&lt;a class=&quot;external&quot; href=&quot;https://www.deviantart.com/users/outgoing?https://ko-fi.com/O5O4ED9V&quot;&gt;Support Me on Ko-fi&lt;/a&gt;&lt;br /&gt;&lt;br /&gt;Commission info &amp;gt;&amp;gt; &lt;span class=&quot;shadow-holder&quot; data-embed-type=&quot;deviation&quot; data-embed-id=&quot;223178193&quot; data-embed-format=&quot;thumb&quot;&gt;&lt;span class=&quot;shadow mild&quot; &gt;&lt;a href=&quot;https://www.deviantart.com/sa-dui/journal/About-Commissions-223178193&quot; data-sigil=&quot;thumb&quot; class=&quot;thumb lit&quot; onmouseover=&quot;if (window.LitBox) LitBox.hover(this, true)&quot; onmouseout=&quot;if (window.LitBox) LitBox.out(this)&quot;&gt;&lt;i&gt;&lt;/i&gt;&lt;img class=&quot;lit journal&quot; src=&quot;https://st.deviantart.net/minish/gruzecontrol/icons/journal.gif?2&quot;&gt;&lt;span class=&quot;wrap&quot; style=&quot;width: 150px&quot;&gt;&lt;q&gt;
        &lt;strong&gt;About Commissions&lt;/strong&gt;&lt;strong&gt;&lt;img src=&quot;https://e.deviantart.net/emoticons/s/star_full.gif&quot; width=&quot;17&quot; height=&quot;16&quot; alt=&quot;:star:&quot; data-embed-type=&quot;emoticon&quot; data-embed-id=&quot;450&quot; title=&quot;Star!&quot;/&gt;&lt;strong&gt; ~~~~ C O M M I S S I O N ~~~~ &lt;/strong&gt;&lt;img src=&quot;https://e.deviantart.net/emoticons/s/star_full.gif&quot; width=&quot;17&quot; height=&quot;16&quot; alt=&quot;:star:&quot; data-embed-type=&quot;emoticon&quot; data-embed-id=&quot;450&quot; title=&quot;Star!&quot;/&gt;&lt;/strong&gt;&lt;br /&gt;&lt;strong&gt;Open for personal use.&lt;/strong&gt;&lt;br /&gt;&lt;strong&gt;Open for commercial/client work.&lt;/strong&gt;&lt;br /&gt;&lt;strong&gt;&lt;/strong&gt;&lt;br /&gt;I am open for personal use, commercial work &amp;amp; outsource for game and projects.&lt;br /&gt;To contact me, please mail me at kaonashi_san@hotmail.com&lt;br /&gt;&lt;img src=&quot;https://e.deviantart.net/emoticons/b/bulletpink.gif&quot; width=&quot;10&quot; height=&quot;10&quot; alt=&quot;:bulletpink:&quot; data-embed-type=&quot;emoticon&quot; data-embed-id=&quot;568&quot; title=&quot;Bullet; Pink&quot;/&gt;&lt;strong&gt;I can/can&#039;t draw...&lt;/strong&gt;&lt;br /&gt;&amp;nbsp;&amp;nbsp;&amp;nbsp;&lt;img src=&quot;https://e.deviantart.net/emoticons/b/bulletblue.gif&quot; width=&quot;10&quot; height=&quot;10&quot; alt=&quot;:bulletblue:&quot; data-embed-type=&quot;emoticon&quot; data-embed-id=&quot;211&quot; title=&quot;Bullet; Blue&quot;/&gt; Original characters OK!&lt;br /&gt;&amp;nbsp;&amp;nbsp;&amp;nbsp;&lt;img src=&quot;https://e.deviantart.net/emoticons/b/bulletblue.gif&quot; width=&quot;10&quot; height=&quot;10&quot; alt=&quot;:bulletblue:&quot; data-embed-type=&quot;emoticon&quot; data-embed-id=&quot;211&quot; title=&quot;Bullet; Blue&quot;/&gt; Fan art OK!&lt;br /&gt;&amp;nbsp;&amp;nbsp;&amp;nbsp;&lt;img src=&quot;https://e.deviantart.net/emoticons/b/bulletblue.gif&quot; width=&quot;10&quot; height=&quot;10&quot; alt=&quot;:bulletblue:&quot; data-embed-type=&quot;emoticon&quot; data-embed-id=&quot;211&quot; title=&quot;Bullet; Blue&quot;/&gt; Animals, Monsters OK!&lt;br /&gt;&amp;nbsp;&amp;nbsp;&amp;nbsp;&lt;img src=&quot;https://e.deviantart.net/emoticons/b/bulletblue.gif&quot; width=&quot;10&quot; height=&quot;10&quot; alt=&quot;:bulletblue:&quot; data-embed-type=&quot;emoticon&quot; data-embed-id=&quot;211&quot; title=&quot;Bullet; Blue&quot;/&gt; Furry, Kemono OK!&lt;br /&gt;&amp;nbsp;&amp;nbsp; &lt;img src=&quot;https://e.deviantart.net/emoticons/b/bulletblue.gif&quot; width=&quot;10&quot; height=&quot;10&quot; alt=&quot;:bulletblue:&quot; data-embed-type=&quot;emoticon&quot; data-embed-id=&quot;211&quot; title=&quot;Bullet; Blue&quot;/&gt; Yaoi, Yuri OK!&lt;br /&gt;&amp;nbsp;&amp;nbsp;&amp;nbsp;&lt;img src=&quot;https://e.deviantart.net/emoticons/b/bulletblue.gif&quot; width=&quot;10&quot; height=&quot;10&quot; alt=&quot;:bulletblue:&quot; data-embed-type=&quot;emoticon&quot; data-embed-id=&quot;211&quot; title=&quot;Bullet; Blue&quot;/&gt; Mechanic, Weapon, Armor, Sci-Fi OK!&lt;br /&gt;&amp;nbsp;&amp;nbsp; &lt;img src=&quot;https://e.deviantart.net/emoticons/b/bulletblue.gif&quot; width=&quot;10&quot; height=&quot;10&quot; alt=&quot;:bulletblue:&quot; data-embed-type=&quot;emoticon&quot; data-embed-id=&quot;211&quot; title=&quot;Bullet; Blue&quot;/&gt; Detailed background OK!&lt;br /&gt;&amp;nbsp;&amp;nbsp; [Bullet; Red] I can&#039;t do Realistic human.&lt;br /&gt;&amp;nbsp;&amp;nbsp;&amp;nbsp;[Bullet; Red] I can&#039;t do Nudity, Sexual.&lt;br /&gt;&amp;nbsp;&amp;nbsp; [Bullet; Blue][Bullet; Blue][Bullet; Blue] I can design things, design will be more expensive.&lt;br /&gt;[Bullet; Pink]&lt;strong&gt;Please read! [Heart]&lt;/strong&gt;&lt;/q&gt;&lt;/span&gt;&lt;/a&gt;&lt;/span&gt;&lt;!-- ^TTT --&gt;&lt;!-- TTT$ --&gt;&lt;/span&gt;&lt;br /&gt;&lt;br /&gt;&amp;nbsp;&lt;span class=&quot;shadow-holder&quot; data-embed-type=&quot;deviation&quot; data-embed-id=&quot;784265048&quot; data-embed-format=&quot;thumb&quot;&gt;&lt;span class=&quot;shadow mild&quot; &gt;&lt;a class=&quot;thumb&quot; href=&quot;https://www.deviantart.com/sa-dui/art/Commission-Mrjojo2908-784265048&quot; title=&quot;Commission : Mrjojo2908 by Sa-Dui, Feb 5, 2019 in Digital Art &amp;gt; Drawings &amp;amp; Paintings &amp;gt; Fantasy&quot;data-super-img=&quot;https://images-wixmp-ed30a86b8c4ca887773594c2.wixmp.com/intermediary/f/31ccb3d5-2c06-4c5e-9ae0-12c53746ddf5/dcyxis8-e6554f12-2595-4be1-88c5-1ad88c150a41.jpg/v1/fill/w_752,h_1063,q_70,strp/commission___mrjojo2908_by_sa_dui_dcyxis8-pre.jpg&quot; data-super-width=&quot;751&quot; data-super-height=&quot;1063&quot; data-super-transparent=&quot;false&quot; data-super-alt=&quot;Commission : Mrjojo2908 by Sa-Dui&quot; data-super-full-img=&quot;https://images-wixmp-ed30a86b8c4ca887773594c2.wixmp.com/intermediary/f/31ccb3d5-2c06-4c5e-9ae0-12c53746ddf5/dcyxis8-e6554f12-2595-4be1-88c5-1ad88c150a41.jpg/v1/fill/w_1280,h_1811,q_70,strp/commission___mrjojo2908_by_sa_dui_dcyxis8-fullview.jpg&quot; data-super-full-width=&quot;1280&quot; data-super-full-height=&quot;1811&quot;        data-sigil=&quot;thumb&quot;&gt;
        &lt;i&gt;&lt;/i&gt;&lt;img   width=&quot;106&quot; height=&quot;150&quot; alt=&quot;Commission : Mrjojo2908 by Sa-Dui&quot; src=&quot;https://images-wixmp-ed30a86b8c4ca887773594c2.wixmp.com/intermediary/f/31ccb3d5-2c06-4c5e-9ae0-12c53746ddf5/dcyxis8-e6554f12-2595-4be1-88c5-1ad88c150a41.jpg/v1/fit/w_150,h_150,q_70,strp/commission___mrjojo2908_by_sa_dui_dcyxis8-150.jpg&quot; data-src=&quot;https://images-wixmp-ed30a86b8c4ca887773594c2.wixmp.com/intermediary/f/31ccb3d5-2c06-4c5e-9ae0-12c53746ddf5/dcyxis8-e6554f12-2595-4be1-88c5-1ad88c150a41.jpg/v1/fit/w_150,h_150,q_70,strp/commission___mrjojo2908_by_sa_dui_dcyxis8-150.jpg&quot; srcset=&quot;https://images-wixmp-ed30a86b8c4ca887773594c2.wixmp.com/intermediary/f/31ccb3d5-2c06-4c5e-9ae0-12c53746ddf5/dcyxis8-e6554f12-2595-4be1-88c5-1ad88c150a41.jpg/v1/fit/w_150,h_150,q_70,strp/commission___mrjojo2908_by_sa_dui_dcyxis8-150.jpg 106w,https://images-wixmp-ed30a86b8c4ca887773594c2.wixmp.com/intermediary/f/31ccb3d5-2c06-4c5e-9ae0-12c53746ddf5/dcyxis8-e6554f12-2595-4be1-88c5-1ad88c150a41.jpg/v1/fill/w_177,h_250,q_70,strp/commission___mrjojo2908_by_sa_dui_dcyxis8-250t.jpg 177w,https://images-wixmp-ed30a86b8c4ca887773594c2.wixmp.com/intermediary/f/31ccb3d5-2c06-4c5e-9ae0-12c53746ddf5/dcyxis8-e6554f12-2595-4be1-88c5-1ad88c150a41.jpg/v1/crop/w_247,h_350,x_0,y_0,scl_0.16533333333333,q_70,strp/commission___mrjojo2908_by_sa_dui_dcyxis8-350t.jpg 247w,https://images-wixmp-ed30a86b8c4ca887773594c2.wixmp.com/intermediary/f/31ccb3d5-2c06-4c5e-9ae0-12c53746ddf5/dcyxis8-e6554f12-2595-4be1-88c5-1ad88c150a41.jpg/v1/fill/w_283,h_400,q_70,strp/commission___mrjojo2908_by_sa_dui_dcyxis8-400t.jpg 283w,https://images-wixmp-ed30a86b8c4ca887773594c2.wixmp.com/intermediary/f/31ccb3d5-2c06-4c5e-9ae0-12c53746ddf5/dcyxis8-e6554f12-2595-4be1-88c5-1ad88c150a41.jpg/v1/fill/w_752,h_1063,q_70,strp/commission___mrjojo2908_by_sa_dui_dcyxis8-pre.jpg 751w&quot; sizes=&quot;106px&quot;&gt;&lt;/a&gt;&lt;/span&gt;&lt;!-- ^TTT --&gt;&lt;!-- TTT$ --&gt;&lt;/span&gt;&amp;nbsp;&lt;span class=&quot;shadow-holder&quot; data-embed-type=&quot;deviation&quot; data-embed-id=&quot;769226971&quot; data-embed-format=&quot;thumb&quot;&gt;&lt;span class=&quot;shadow mild&quot; &gt;&lt;a class=&quot;thumb&quot; href=&quot;https://www.deviantart.com/sa-dui/art/Commission-Ketsia-2-769226971&quot; title=&quot;Commission : Ketsia 2 by Sa-Dui, Oct 21, 2018 in Fan Art &amp;gt; Digital Art &amp;gt; Drawings &amp;gt; Games&quot;data-super-img=&quot;https://images-wixmp-ed30a86b8c4ca887773594c2.wixmp.com/intermediary/f/31ccb3d5-2c06-4c5e-9ae0-12c53746ddf5/dcpz7bv-c824b641-7333-4e48-8e8b-47f04fcbcac5.jpg/v1/fill/w_752,h_1063,q_70,strp/commission___ketsia_2_by_sa_dui_dcpz7bv-pre.jpg&quot; data-super-width=&quot;751&quot; data-super-height=&quot;1063&quot; data-super-transparent=&quot;false&quot; data-super-alt=&quot;Commission : Ketsia 2 by Sa-Dui&quot; data-super-full-img=&quot;https://images-wixmp-ed30a86b8c4ca887773594c2.wixmp.com/intermediary/f/31ccb3d5-2c06-4c5e-9ae0-12c53746ddf5/dcpz7bv-c824b641-7333-4e48-8e8b-47f04fcbcac5.jpg/v1/fill/w_1024,h_1449,q_70,strp/commission___ketsia_2_by_sa_dui_dcpz7bv-fullview.jpg&quot; data-super-full-width=&quot;1024&quot; data-super-full-height=&quot;1449&quot;        data-sigil=&quot;thumb&quot;&gt;
        &lt;i&gt;&lt;/i&gt;&lt;img   width=&quot;106&quot; height=&quot;150&quot; alt=&quot;Commission : Ketsia 2 by Sa-Dui&quot; src=&quot;https://images-wixmp-ed30a86b8c4ca887773594c2.wixmp.com/intermediary/f/31ccb3d5-2c06-4c5e-9ae0-12c53746ddf5/dcpz7bv-c824b641-7333-4e48-8e8b-47f04fcbcac5.jpg/v1/fit/w_150,h_150,q_70,strp/commission___ketsia_2_by_sa_dui_dcpz7bv-150.jpg&quot; data-src=&quot;https://images-wixmp-ed30a86b8c4ca887773594c2.wixmp.com/intermediary/f/31ccb3d5-2c06-4c5e-9ae0-12c53746ddf5/dcpz7bv-c824b641-7333-4e48-8e8b-47f04fcbcac5.jpg/v1/fit/w_150,h_150,q_70,strp/commission___ketsia_2_by_sa_dui_dcpz7bv-150.jpg&quot; srcset=&quot;https://images-wixmp-ed30a86b8c4ca887773594c2.wixmp.com/intermediary/f/31ccb3d5-2c06-4c5e-9ae0-12c53746ddf5/dcpz7bv-c824b641-7333-4e48-8e8b-47f04fcbcac5.jpg/v1/fit/w_150,h_150,q_70,strp/commission___ketsia_2_by_sa_dui_dcpz7bv-150.jpg 106w,https://images-wixmp-ed30a86b8c4ca887773594c2.wixmp.com/intermediary/f/31ccb3d5-2c06-4c5e-9ae0-12c53746ddf5/dcpz7bv-c824b641-7333-4e48-8e8b-47f04fcbcac5.jpg/v1/fill/w_177,h_250,q_70,strp/commission___ketsia_2_by_sa_dui_dcpz7bv-250t.jpg 177w,https://images-wixmp-ed30a86b8c4ca887773594c2.wixmp.com/intermediary/f/31ccb3d5-2c06-4c5e-9ae0-12c53746ddf5/dcpz7bv-c824b641-7333-4e48-8e8b-47f04fcbcac5.jpg/v1/crop/w_247,h_350,x_0,y_0,scl_0.20666666666667,q_70,strp/commission___ketsia_2_by_sa_dui_dcpz7bv-350t.jpg 247w,https://images-wixmp-ed30a86b8c4ca887773594c2.wixmp.com/intermediary/f/31ccb3d5-2c06-4c5e-9ae0-12c53746ddf5/dcpz7bv-c824b641-7333-4e48-8e8b-47f04fcbcac5.jpg/v1/fill/w_283,h_400,q_70,strp/commission___ketsia_2_by_sa_dui_dcpz7bv-400t.jpg 283w,https://images-wixmp-ed30a86b8c4ca887773594c2.wixmp.com/intermediary/f/31ccb3d5-2c06-4c5e-9ae0-12c53746ddf5/dcpz7bv-c824b641-7333-4e48-8e8b-47f04fcbcac5.jpg/v1/fill/w_752,h_1063,q_70,strp/commission___ketsia_2_by_sa_dui_dcpz7bv-pre.jpg 751w&quot; sizes=&quot;106px&quot;&gt;&lt;/a&gt;&lt;/span&gt;&lt;!-- ^TTT --&gt;&lt;!-- TTT$ --&gt;&lt;/span&gt; &lt;span class=&quot;shadow-holder&quot; data-embed-type=&quot;deviation&quot; data-embed-id=&quot;773740424&quot; data-embed-format=&quot;thumb&quot;&gt;&lt;span class=&quot;shadow mild&quot; &gt;&lt;a class=&quot;thumb&quot; href=&quot;https://www.deviantart.com/sa-dui/art/Commission-Eumei-Avent-773740424&quot; title=&quot;Commission : Eumei Avent by Sa-Dui, Nov 23, 2018 in Digital Art &amp;gt; Drawings &amp;amp; Paintings &amp;gt; Fantasy&quot;data-super-img=&quot;https://images-wixmp-ed30a86b8c4ca887773594c2.wixmp.com/intermediary/f/31ccb3d5-2c06-4c5e-9ae0-12c53746ddf5/dcsnxxk-5e152918-a3f1-4d95-bd76-d75593a3deca.jpg/v1/fill/w_751,h_1063,q_70,strp/commission___eumei_avent_by_sa_dui_dcsnxxk-pre.jpg&quot; data-super-width=&quot;751&quot; data-super-height=&quot;1063&quot; data-super-transparent=&quot;false&quot; data-super-alt=&quot;Commission : Eumei Avent by Sa-Dui&quot; data-super-full-img=&quot;https://images-wixmp-ed30a86b8c4ca887773594c2.wixmp.com/intermediary/f/31ccb3d5-2c06-4c5e-9ae0-12c53746ddf5/dcsnxxk-5e152918-a3f1-4d95-bd76-d75593a3deca.jpg&quot; data-super-full-width=&quot;1060&quot; data-super-full-height=&quot;1500&quot;        data-sigil=&quot;thumb&quot;&gt;
        &lt;i&gt;&lt;/i&gt;&lt;img   width=&quot;106&quot; height=&quot;150&quot; alt=&quot;Commission : Eumei Avent by Sa-Dui&quot; src=&quot;https://images-wixmp-ed30a86b8c4ca887773594c2.wixmp.com/intermediary/f/31ccb3d5-2c06-4c5e-9ae0-12c53746ddf5/dcsnxxk-5e152918-a3f1-4d95-bd76-d75593a3deca.jpg/v1/fit/w_150,h_150,q_70,strp/commission___eumei_avent_by_sa_dui_dcsnxxk-150.jpg&quot; data-src=&quot;https://images-wixmp-ed30a86b8c4ca887773594c2.wixmp.com/intermediary/f/31ccb3d5-2c06-4c5e-9ae0-12c53746ddf5/dcsnxxk-5e152918-a3f1-4d95-bd76-d75593a3deca.jpg/v1/fit/w_150,h_150,q_70,strp/commission___eumei_avent_by_sa_dui_dcsnxxk-150.jpg&quot; srcset=&quot;https://images-wixmp-ed30a86b8c4ca887773594c2.wixmp.com/intermediary/f/31ccb3d5-2c06-4c5e-9ae0-12c53746ddf5/dcsnxxk-5e152918-a3f1-4d95-bd76-d75593a3deca.jpg/v1/fit/w_150,h_150,q_70,strp/commission___eumei_avent_by_sa_dui_dcsnxxk-150.jpg 106w,https://images-wixmp-ed30a86b8c4ca887773594c2.wixmp.com/intermediary/f/31ccb3d5-2c06-4c5e-9ae0-12c53746ddf5/dcsnxxk-5e152918-a3f1-4d95-bd76-d75593a3deca.jpg/v1/fill/w_177,h_250,q_70,strp/commission___eumei_avent_by_sa_dui_dcsnxxk-250t.jpg 177w,https://images-wixmp-ed30a86b8c4ca887773594c2.wixmp.com/intermediary/f/31ccb3d5-2c06-4c5e-9ae0-12c53746ddf5/dcsnxxk-5e152918-a3f1-4d95-bd76-d75593a3deca.jpg/v1/fill/w_247,h_350,q_70,strp/commission___eumei_avent_by_sa_dui_dcsnxxk-350t.jpg 247w,https://images-wixmp-ed30a86b8c4ca887773594c2.wixmp.com/intermediary/f/31ccb3d5-2c06-4c5e-9ae0-12c53746ddf5/dcsnxxk-5e152918-a3f1-4d95-bd76-d75593a3deca.jpg/v1/fill/w_283,h_400,q_70,strp/commission___eumei_avent_by_sa_dui_dcsnxxk-400t.jpg 283w,https://images-wixmp-ed30a86b8c4ca887773594c2.wixmp.com/intermediary/f/31ccb3d5-2c06-4c5e-9ae0-12c53746ddf5/dcsnxxk-5e152918-a3f1-4d95-bd76-d75593a3deca.jpg/v1/fill/w_751,h_1063,q_70,strp/commission___eumei_avent_by_sa_dui_dcsnxxk-pre.jpg 751w&quot; sizes=&quot;106px&quot;&gt;&lt;/a&gt;&lt;/span&gt;&lt;!-- ^TTT --&gt;&lt;!-- TTT$ --&gt;&lt;/span&gt;&amp;nbsp;&lt;span class=&quot;shadow-holder&quot; data-embed-type=&quot;deviation&quot; data-embed-id=&quot;752063714&quot; data-embed-format=&quot;thumb&quot;&gt;&lt;span class=&quot;shadow mild&quot; &gt;&lt;a class=&quot;thumb&quot; href=&quot;https://www.deviantart.com/sa-dui/art/Commission-Hanh-Chu-752063714&quot; title=&quot;Commission : Hanh Chu by Sa-Dui, Jun 29, 2018 in Digital Art &amp;gt; Drawings &amp;amp; Paintings &amp;gt; Fantasy&quot;data-super-img=&quot;https://images-wixmp-ed30a86b8c4ca887773594c2.wixmp.com/intermediary/f/31ccb3d5-2c06-4c5e-9ae0-12c53746ddf5/dcfrc2q-60a9643e-78ff-47b7-baa8-4629c4993339.jpg/v1/fill/w_752,h_1063,q_70,strp/commission___hanh_chu_by_sa_dui_dcfrc2q-pre.jpg&quot; data-super-width=&quot;751&quot; data-super-height=&quot;1063&quot; data-super-transparent=&quot;false&quot; data-super-alt=&quot;Commission : Hanh Chu by Sa-Dui&quot; data-super-full-img=&quot;https://images-wixmp-ed30a86b8c4ca887773594c2.wixmp.com/intermediary/f/31ccb3d5-2c06-4c5e-9ae0-12c53746ddf5/dcfrc2q-60a9643e-78ff-47b7-baa8-4629c4993339.jpg/v1/fill/w_1280,h_1811,q_70,strp/commission___hanh_chu_by_sa_dui_dcfrc2q-fullview.jpg&quot; data-super-full-width=&quot;1280&quot; data-super-full-height=&quot;1811&quot;        data-sigil=&quot;thumb&quot;&gt;
        &lt;i&gt;&lt;/i&gt;&lt;img   width=&quot;106&quot; height=&quot;150&quot; alt=&quot;Commission : Hanh Chu by Sa-Dui&quot; src=&quot;https://images-wixmp-ed30a86b8c4ca887773594c2.wixmp.com/intermediary/f/31ccb3d5-2c06-4c5e-9ae0-12c53746ddf5/dcfrc2q-60a9643e-78ff-47b7-baa8-4629c4993339.jpg/v1/fit/w_150,h_150,q_70,strp/commission___hanh_chu_by_sa_dui_dcfrc2q-150.jpg&quot; data-src=&quot;https://images-wixmp-ed30a86b8c4ca887773594c2.wixmp.com/intermediary/f/31ccb3d5-2c06-4c5e-9ae0-12c53746ddf5/dcfrc2q-60a9643e-78ff-47b7-baa8-4629c4993339.jpg/v1/fit/w_150,h_150,q_70,strp/commission___hanh_chu_by_sa_dui_dcfrc2q-150.jpg&quot; srcset=&quot;https://images-wixmp-ed30a86b8c4ca887773594c2.wixmp.com/intermediary/f/31ccb3d5-2c06-4c5e-9ae0-12c53746ddf5/dcfrc2q-60a9643e-78ff-47b7-baa8-4629c4993339.jpg/v1/fit/w_150,h_150,q_70,strp/commission___hanh_chu_by_sa_dui_dcfrc2q-150.jpg 106w,https://images-wixmp-ed30a86b8c4ca887773594c2.wixmp.com/intermediary/f/31ccb3d5-2c06-4c5e-9ae0-12c53746ddf5/dcfrc2q-60a9643e-78ff-47b7-baa8-4629c4993339.jpg/v1/fill/w_177,h_250,q_70,strp/commission___hanh_chu_by_sa_dui_dcfrc2q-250t.jpg 177w,https://images-wixmp-ed30a86b8c4ca887773594c2.wixmp.com/intermediary/f/31ccb3d5-2c06-4c5e-9ae0-12c53746ddf5/dcfrc2q-60a9643e-78ff-47b7-baa8-4629c4993339.jpg/v1/crop/w_247,h_350,x_0,y_0,scl_0.16533333333333,q_70,strp/commission___hanh_chu_by_sa_dui_dcfrc2q-350t.jpg 247w,https://images-wixmp-ed30a86b8c4ca887773594c2.wixmp.com/intermediary/f/31ccb3d5-2c06-4c5e-9ae0-12c53746ddf5/dcfrc2q-60a9643e-78ff-47b7-baa8-4629c4993339.jpg/v1/fill/w_283,h_400,q_70,strp/commission___hanh_chu_by_sa_dui_dcfrc2q-400t.jpg 283w,https://images-wixmp-ed30a86b8c4ca887773594c2.wixmp.com/intermediary/f/31ccb3d5-2c06-4c5e-9ae0-12c53746ddf5/dcfrc2q-60a9643e-78ff-47b7-baa8-4629c4993339.jpg/v1/fill/w_752,h_1063,q_70,strp/commission___hanh_chu_by_sa_dui_dcfrc2q-pre.jpg 751w&quot; sizes=&quot;106px&quot;&gt;&lt;/a&gt;&lt;/span&gt;&lt;!-- ^TTT --&gt;&lt;!-- TTT$ --&gt;&lt;/span&gt; &lt;span class=&quot;shadow-holder&quot; data-embed-type=&quot;deviation&quot; data-embed-id=&quot;785166010&quot; data-embed-format=&quot;thumb&quot;&gt;&lt;span class=&quot;shadow mild&quot; &gt;&lt;a class=&quot;thumb&quot; href=&quot;https://www.deviantart.com/sa-dui/art/Commission-Ketsia-3-785166010&quot; title=&quot;Commission : Ketsia 3 by Sa-Dui, Feb 11, 2019 in Digital Art &amp;gt; Drawings &amp;amp; Paintings &amp;gt; Fantasy&quot;data-super-img=&quot;https://images-wixmp-ed30a86b8c4ca887773594c2.wixmp.com/intermediary/f/31ccb3d5-2c06-4c5e-9ae0-12c53746ddf5/dczgtyy-09beb13d-d9e9-4dff-90a7-c7897eb6a366.jpg/v1/fill/w_752,h_1063,q_70,strp/commission___ketsia_3_by_sa_dui_dczgtyy-pre.jpg&quot; data-super-width=&quot;752&quot; data-super-height=&quot;1063&quot; data-super-transparent=&quot;false&quot; data-super-alt=&quot;Commission : Ketsia 3 by Sa-Dui&quot; data-super-full-img=&quot;https://images-wixmp-ed30a86b8c4ca887773594c2.wixmp.com/intermediary/f/31ccb3d5-2c06-4c5e-9ae0-12c53746ddf5/dczgtyy-09beb13d-d9e9-4dff-90a7-c7897eb6a366.jpg&quot; data-super-full-width=&quot;1414&quot; data-super-full-height=&quot;2000&quot;        data-sigil=&quot;thumb&quot;&gt;
        &lt;i&gt;&lt;/i&gt;&lt;img   width=&quot;106&quot; height=&quot;150&quot; alt=&quot;Commission : Ketsia 3 by Sa-Dui&quot; src=&quot;https://images-wixmp-ed30a86b8c4ca887773594c2.wixmp.com/intermediary/f/31ccb3d5-2c06-4c5e-9ae0-12c53746ddf5/dczgtyy-09beb13d-d9e9-4dff-90a7-c7897eb6a366.jpg/v1/fit/w_150,h_150,q_70,strp/commission___ketsia_3_by_sa_dui_dczgtyy-150.jpg&quot; data-src=&quot;https://images-wixmp-ed30a86b8c4ca887773594c2.wixmp.com/intermediary/f/31ccb3d5-2c06-4c5e-9ae0-12c53746ddf5/dczgtyy-09beb13d-d9e9-4dff-90a7-c7897eb6a366.jpg/v1/fit/w_150,h_150,q_70,strp/commission___ketsia_3_by_sa_dui_dczgtyy-150.jpg&quot; srcset=&quot;https://images-wixmp-ed30a86b8c4ca887773594c2.wixmp.com/intermediary/f/31ccb3d5-2c06-4c5e-9ae0-12c53746ddf5/dczgtyy-09beb13d-d9e9-4dff-90a7-c7897eb6a366.jpg/v1/fit/w_150,h_150,q_70,strp/commission___ketsia_3_by_sa_dui_dczgtyy-150.jpg 106w,https://images-wixmp-ed30a86b8c4ca887773594c2.wixmp.com/intermediary/f/31ccb3d5-2c06-4c5e-9ae0-12c53746ddf5/dczgtyy-09beb13d-d9e9-4dff-90a7-c7897eb6a366.jpg/v1/fill/w_177,h_250,q_70,strp/commission___ketsia_3_by_sa_dui_dczgtyy-250t.jpg 177w,https://images-wixmp-ed30a86b8c4ca887773594c2.wixmp.com/intermediary/f/31ccb3d5-2c06-4c5e-9ae0-12c53746ddf5/dczgtyy-09beb13d-d9e9-4dff-90a7-c7897eb6a366.jpg/v1/crop/w_247,h_350,x_0,y_0,scl_0.17538896746818,q_70,strp/commission___ketsia_3_by_sa_dui_dczgtyy-350t.jpg 247w,https://images-wixmp-ed30a86b8c4ca887773594c2.wixmp.com/intermediary/f/31ccb3d5-2c06-4c5e-9ae0-12c53746ddf5/dczgtyy-09beb13d-d9e9-4dff-90a7-c7897eb6a366.jpg/v1/fill/w_283,h_400,q_70,strp/commission___ketsia_3_by_sa_dui_dczgtyy-400t.jpg 283w,https://images-wixmp-ed30a86b8c4ca887773594c2.wixmp.com/intermediary/f/31ccb3d5-2c06-4c5e-9ae0-12c53746ddf5/dczgtyy-09beb13d-d9e9-4dff-90a7-c7897eb6a366.jpg/v1/fill/w_752,h_1063,q_70,strp/commission___ketsia_3_by_sa_dui_dczgtyy-pre.jpg 752w&quot; sizes=&quot;106px&quot;&gt;&lt;/a&gt;&lt;/span&gt;&lt;!-- ^TTT --&gt;&lt;!-- TTT$ --&gt;&lt;/span&gt;&lt;br /&gt;&lt;br /&gt;FB :: &lt;a class=&quot;external&quot; href=&quot;https://www.deviantart.com/users/outgoing?https://www.facebook.com/mintsadui&quot;&gt;www.facebook.com/mintsadui&lt;/a&gt;&lt;br /&gt;Twitter :: &lt;a class=&quot;external&quot; href=&quot;https://www.deviantart.com/users/outgoing?https://twitter.com/MintSaDui&quot;&gt;twitter.com/MintSaDui&lt;/a&gt;&lt;br /&gt;pixiv :: &lt;a class=&quot;external&quot; href=&quot;https://www.deviantart.com/users/outgoing?http://www.pixiv.net/member.php?id=3119788&quot;&gt;www.pixiv.net/member.php?id=31&amp;#8230;&lt;/a&gt;&lt;br /&gt;ArtStation :: &lt;a class=&quot;external&quot; href=&quot;https://www.deviantart.com/users/outgoing?https://www.artstation.com/artist/sa-dui&quot;&gt;www.artstation.com/artist/sa-d&amp;#8230;&lt;/a&gt;&lt;/span&gt;&lt;br /&gt;&lt;div&gt;&lt;img src=&quot;https://t00.deviantart.net/zdkAX_Wj2gEydo4SylTMGdHL8KE=/300x200/filters:fixed_height(100,100):origin()/pre00/3238/th/pre/i/2019/048/a/5/commission___kirostyle_2_by_sa_dui-dd01af6.jpg&quot; alt=&quot;thumbnail&quot; /&gt;&lt;/div&gt;</description>            </item>
                    <item>
                <title>#Dailysketch 33 #SpiderGwen</title>
                <link>https://thejettyjetshow.deviantart.com/art/Dailysketch-33-SpiderGwen-786158814</link>
                <guid isPermaLink="true">https://thejettyjetshow.deviantart.com/art/Dailysketch-33-SpiderGwen-786158814</guid>
                <pubDate>Mon, 18 Feb 2019 01:59:33 PST</pubDate>
                        <media:title type="plain">#Dailysketch 33 #SpiderGwen</media:title>
        <media:keywords></media:keywords>
                        <media:rating>nonadult</media:rating>
                <media:category label="Movies &amp; TV">fanart/manga/digital/movies</media:category>
        <media:credit role="author" scheme="urn:ebu">THEJETTYJETSHOW</media:credit>
        <media:credit role="author" scheme="urn:ebu">https://a.deviantart.net/avatars/t/h/thejettyjetshow.png?10</media:credit>
        <media:copyright url="https://thejettyjetshow.deviantart.com">Copyright 2019 THEJETTYJETSHOW</media:copyright>            <media:description type="html">&lt;a href=&quot;https://www.deviantart.com/users/outgoing?https://www.facebook.com/hashtag/dailysketch?epa=HASHTAG&quot;&gt;&lt;a class=&quot;discoverytag&quot; href=&quot;https://www.deviantart.com/tag/dailysketch&quot; data-canonical-tag=&quot;dailysketch&quot;&gt;#Dailysketch&lt;/a&gt;&lt;/a&gt;&lt;span&gt;&amp;nbsp;33&amp;nbsp;&lt;/span&gt;&lt;a href=&quot;https://www.deviantart.com/users/outgoing?https://www.facebook.com/hashtag/spidergwen?epa=HASHTAG&quot;&gt;&lt;a class=&quot;discoverytag&quot; href=&quot;https://www.deviantart.com/tag/spidergwen&quot; data-canonical-tag=&quot;spidergwen&quot;&gt;#SpiderGwen&lt;/a&gt;&lt;/a&gt;&lt;span&gt;&amp;nbsp;WINNER IS! #3 ! Thanks you guys for you votes! I actually like her non buzzed hair, better. Hope you guy like it. NOT FINISHED btw.&lt;/span&gt;</media:description>            <media:thumbnail url="https://t00.deviantart.net/6ioIQSbYWkP0g7AV_-VtdAL2aIA=/fit-in/150x150/filters:no_upscale():origin()/pre00/340e/th/pre/f/2019/049/7/e/_dailysketch_33__spidergwen_by_thejettyjetshow-dd0240u.jpg" height="150" width="120"/>            <media:thumbnail url="https://t00.deviantart.net/fZ5Gc44y5Tz5O3t6Jnalnfl_Fmw=/fit-in/300x900/filters:no_upscale():origin()/pre00/340e/th/pre/f/2019/049/7/e/_dailysketch_33__spidergwen_by_thejettyjetshow-dd0240u.jpg" height="375" width="300"/>            <media:thumbnail url="https://t00.deviantart.net/Tx0s3iBAJ1FtIEGcsSf32bWILP4=/300x200/filters:fixed_height(100,100):origin()/pre00/340e/th/pre/f/2019/049/7/e/_dailysketch_33__spidergwen_by_thejettyjetshow-dd0240u.jpg" height="200" width="160"/>            <media:content url="https://pre00.deviantart.net/340e/th/pre/f/2019/049/7/e/_dailysketch_33__spidergwen_by_thejettyjetshow-dd0240u.jpg" height="1000" width="799" medium="image"/>            
            <description>&lt;a href=&quot;https://www.deviantart.com/users/outgoing?https://www.facebook.com/hashtag/dailysketch?epa=HASHTAG&quot;&gt;&lt;a class=&quot;discoverytag&quot; href=&quot;https://www.deviantart.com/tag/dailysketch&quot; data-canonical-tag=&quot;dailysketch&quot;&gt;#Dailysketch&lt;/a&gt;&lt;/a&gt;&lt;span&gt;&amp;nbsp;33&amp;nbsp;&lt;/span&gt;&lt;a href=&quot;https://www.deviantart.com/users/outgoing?https://www.facebook.com/hashtag/spidergwen?epa=HASHTAG&quot;&gt;&lt;a class=&quot;discoverytag&quot; href=&quot;https://www.deviantart.com/tag/spidergwen&quot; data-canonical-tag=&quot;spidergwen&quot;&gt;#SpiderGwen&lt;/a&gt;&lt;/a&gt;&lt;span&gt;&amp;nbsp;WINNER IS! #3 ! Thanks you guys for you votes! I actually like her non buzzed hair, better. Hope you guy like it. NOT FINISHED btw.&lt;/span&gt;&lt;br /&gt;&lt;div&gt;&lt;img src=&quot;https://t00.deviantart.net/Tx0s3iBAJ1FtIEGcsSf32bWILP4=/300x200/filters:fixed_height(100,100):origin()/pre00/340e/th/pre/f/2019/049/7/e/_dailysketch_33__spidergwen_by_thejettyjetshow-dd0240u.jpg&quot; alt=&quot;thumbnail&quot; /&gt;&lt;/div&gt;</description>            </item>
                    <item>
                <title>ronya</title>
                <link>https://bigbuffpugpuff.deviantart.com/art/ronya-786116715</link>
                <guid isPermaLink="true">https://bigbuffpugpuff.deviantart.com/art/ronya-786116715</guid>
                <pubDate>Sun, 17 Feb 2019 18:20:22 PST</pubDate>
                        <media:title type="plain">ronya</media:title>
        <media:keywords></media:keywords>
                        <media:rating>nonadult</media:rating>
                <media:category label="Fantasy">digitalart/paintings/fantasy</media:category>
        <media:credit role="author" scheme="urn:ebu">bigbuffpugpuff</media:credit>
        <media:credit role="author" scheme="urn:ebu">https://a.deviantart.net/avatars/b/i/bigbuffpugpuff.gif?2</media:credit>
        <media:copyright url="https://bigbuffpugpuff.deviantart.com">Copyright 2019 bigbuffpugpuff</media:copyright>            <media:description type="html">&lt;div&gt;a piece from the &quot;draw the esk below you&quot; game for &lt;a target=&quot;_self&quot; href=&quot;https://www.deviantart.com/sudol&quot; &gt;&lt;img class=&quot;avatar&quot; width=&quot;50&quot; height=&quot;50&quot; src=&quot;https://a.deviantart.net/avatars/s/u/sudol.png?4&quot; alt=&quot;:iconsudol:&quot; title=&quot;Sudol&quot; /&gt;&lt;/a&gt;! drawing this nature feature makes me..fretful&lt;br /&gt;&lt;/div&gt;&lt;div&gt;&lt;br /&gt;&lt;/div&gt;&lt;div&gt;Base Score: 10 AP (Shaded Illustration)&lt;br /&gt;+5 AP (Full Body)&lt;br /&gt;+5 AP (Abstract/Minimal Background)&lt;br /&gt;+5 AP (Personal Work Bonus)&lt;br /&gt;+10 AP (Other Esk Bonus: 10 AP * 1)&lt;br /&gt;Total AP per submission: 35&lt;/div&gt;&lt;div&gt;&lt;br /&gt;&lt;/div&gt;&lt;div&gt;Base Score: 4 GP (Shaded Illustration)&lt;br /&gt;+2 GP (Full Body)&lt;br /&gt;+2 GP (Abstract/Minimal Background)&lt;br /&gt;Total GP per submission: 8&lt;br /&gt;&lt;/div&gt;</media:description>            <media:thumbnail url="https://t00.deviantart.net/rrfMZfnIJQ_kRNtRittWd8O89eI=/fit-in/150x150/filters:no_upscale():origin()/pre00/45ae/th/pre/f/2019/048/7/5/blue_and_pink_esk_art_trade_1200px_by_bigbuffpugpuff-dd017jf.png" height="76" width="150"/>            <media:thumbnail url="https://t00.deviantart.net/Du7ugIpEF-Ub5Y172dP5qZBZsVA=/fit-in/300x900/filters:no_upscale():origin()/pre00/45ae/th/pre/f/2019/048/7/5/blue_and_pink_esk_art_trade_1200px_by_bigbuffpugpuff-dd017jf.png" height="152" width="300"/>            <media:thumbnail url="https://t00.deviantart.net/cr3GEXLKib4J4gf7Vtte7tVYIro=/300x200/filters:fixed_height(100,100):origin()/pre00/45ae/th/pre/f/2019/048/7/5/blue_and_pink_esk_art_trade_1200px_by_bigbuffpugpuff-dd017jf.png" height="152" width="300"/>            <media:content url="https://orig00.deviantart.net/eb3d/f/2019/048/7/5/blue_and_pink_esk_art_trade_1200px_by_bigbuffpugpuff-dd017jf.png" height="609" width="1200" medium="image"/>            
            <description>&lt;div&gt;a piece from the &quot;draw the esk below you&quot; game for &lt;a target=&quot;_self&quot; href=&quot;https://www.deviantart.com/sudol&quot; &gt;&lt;img class=&quot;avatar&quot; width=&quot;50&quot; height=&quot;50&quot; src=&quot;https://a.deviantart.net/avatars/s/u/sudol.png?4&quot; alt=&quot;:iconsudol:&quot; title=&quot;Sudol&quot; /&gt;&lt;/a&gt;! drawing this nature feature makes me..fretful&lt;br /&gt;&lt;/div&gt;&lt;div&gt;&lt;br /&gt;&lt;/div&gt;&lt;div&gt;Base Score: 10 AP (Shaded Illustration)&lt;br /&gt;+5 AP (Full Body)&lt;br /&gt;+5 AP (Abstract/Minimal Background)&lt;br /&gt;+5 AP (Personal Work Bonus)&lt;br /&gt;+10 AP (Other Esk Bonus: 10 AP * 1)&lt;br /&gt;Total AP per submission: 35&lt;/div&gt;&lt;div&gt;&lt;br /&gt;&lt;/div&gt;&lt;div&gt;Base Score: 4 GP (Shaded Illustration)&lt;br /&gt;+2 GP (Full Body)&lt;br /&gt;+2 GP (Abstract/Minimal Background)&lt;br /&gt;Total GP per submission: 8&lt;br /&gt;&lt;/div&gt;&lt;br /&gt;&lt;div&gt;&lt;img src=&quot;https://t00.deviantart.net/cr3GEXLKib4J4gf7Vtte7tVYIro=/300x200/filters:fixed_height(100,100):origin()/pre00/45ae/th/pre/f/2019/048/7/5/blue_and_pink_esk_art_trade_1200px_by_bigbuffpugpuff-dd017jf.png&quot; alt=&quot;thumbnail&quot; /&gt;&lt;/div&gt;</description>            </item>
                    <item>
                <title>May I?</title>
                <link>https://pascalcampion.deviantart.com/art/May-I-786116250</link>
                <guid isPermaLink="true">https://pascalcampion.deviantart.com/art/May-I-786116250</guid>
                <pubDate>Sun, 17 Feb 2019 18:15:10 PST</pubDate>
                        <media:title type="plain">May I?</media:title>
        <media:keywords></media:keywords>
                        <media:rating>nonadult</media:rating>
                <media:category label="Storybook">digitalart/paintings/illustrations/storybook</media:category>
        <media:credit role="author" scheme="urn:ebu">PascalCampion</media:credit>
        <media:credit role="author" scheme="urn:ebu">https://a.deviantart.net/avatars/p/a/pascalcampion.jpg?4</media:credit>
        <media:copyright url="https://pascalcampion.deviantart.com">Copyright 2019 PascalCampion</media:copyright>            <media:description type="html">May I?&lt;br /&gt;&lt;br /&gt;&lt;a class=&quot;discoverytag&quot; href=&quot;https://www.deviantart.com/tag/pascalcampion&quot; data-canonical-tag=&quot;pascalcampion&quot;&gt;#pascalcampion&lt;/a&gt;</media:description>            <media:thumbnail url="https://t00.deviantart.net/EGWCjecl7BLIu8KHrbjcDkK0Ekw=/fit-in/150x150/filters:no_upscale():origin()/pre00/6c9c/th/pre/f/2019/048/b/5/4722_17rdc_by_pascalcampion-dd0176i.jpg" height="150" width="97"/>            <media:thumbnail url="https://t00.deviantart.net/q7Sar4vANZCVj6LxAqkB3BaXOVg=/fit-in/300x900/filters:no_upscale():origin()/pre00/6c9c/th/pre/f/2019/048/b/5/4722_17rdc_by_pascalcampion-dd0176i.jpg" height="466" width="300"/>            <media:thumbnail url="https://t00.deviantart.net/qd4GkPgVV342_f7qO2wFkdvrIqM=/300x200/filters:fixed_height(100,100):origin()/pre00/6c9c/th/pre/f/2019/048/b/5/4722_17rdc_by_pascalcampion-dd0176i.jpg" height="200" width="129"/>            <media:content url="https://pre00.deviantart.net/6c9c/th/pre/f/2019/048/b/5/4722_17rdc_by_pascalcampion-dd0176i.jpg" height="1114" width="717" medium="image"/>            
            <description>May I?&lt;br /&gt;&lt;br /&gt;&lt;a class=&quot;discoverytag&quot; href=&quot;https://www.deviantart.com/tag/pascalcampion&quot; data-canonical-tag=&quot;pascalcampion&quot;&gt;#pascalcampion&lt;/a&gt;&lt;br /&gt;&lt;div&gt;&lt;img src=&quot;https://t00.deviantart.net/qd4GkPgVV342_f7qO2wFkdvrIqM=/300x200/filters:fixed_height(100,100):origin()/pre00/6c9c/th/pre/f/2019/048/b/5/4722_17rdc_by_pascalcampion-dd0176i.jpg&quot; alt=&quot;thumbnail&quot; /&gt;&lt;/div&gt;</description>            </item>
                    <item>
                <title>Reunion 1</title>
                <link>https://grawolfquinn.deviantart.com/art/Reunion-1-786204672</link>
                <guid isPermaLink="true">https://grawolfquinn.deviantart.com/art/Reunion-1-786204672</guid>
                <pubDate>Mon, 18 Feb 2019 10:35:06 PST</pubDate>
                        <media:title type="plain">Reunion 1</media:title>
        <media:keywords></media:keywords>
                        <media:rating>nonadult</media:rating>
                <media:category label="Pages">cartoons/digital/comics/pages</media:category>
        <media:credit role="author" scheme="urn:ebu">GraWolfQuinn</media:credit>
        <media:credit role="author" scheme="urn:ebu">https://a.deviantart.net/avatars/g/r/grawolfquinn.gif?3</media:credit>
        <media:copyright url="https://grawolfquinn.deviantart.com">Copyright 2019 GraWolfQuinn</media:copyright>            <media:description type="html">Yeah, I&#039;m in a Sam mood. I found this old draft about Sam and his biological brother, and I decided to make it into a short comic &lt;img src=&quot;https://e.deviantart.net/emoticons/s/smile.gif&quot; width=&quot;15&quot; height=&quot;15&quot; alt=&quot;:)&quot; data-embed-type=&quot;emoticon&quot; data-embed-id=&quot;391&quot; title=&quot;:) (Smile)&quot;/&gt;</media:description>            <media:thumbnail url="https://t00.deviantart.net/BNvFCZ7kvgg_q0YDTO6dGhfq4-s=/fit-in/150x150/filters:no_upscale():origin()/pre00/bf82/th/pre/i/2019/049/4/6/reunion_1_by_grawolfquinn-dd033eo.png" height="150" width="106"/>            <media:thumbnail url="https://t00.deviantart.net/r5VKbJEYG3vk7Ot75Vz60T8otVw=/fit-in/300x900/filters:no_upscale():origin()/pre00/bf82/th/pre/i/2019/049/4/6/reunion_1_by_grawolfquinn-dd033eo.png" height="423" width="300"/>            <media:thumbnail url="https://t00.deviantart.net/O8xCLItrmAXl2rIKayu2pnsXzso=/300x200/filters:fixed_height(100,100):origin()/pre00/bf82/th/pre/i/2019/049/4/6/reunion_1_by_grawolfquinn-dd033eo.png" height="200" width="142"/>            <media:content url="https://pre00.deviantart.net/bf82/th/pre/i/2019/049/4/6/reunion_1_by_grawolfquinn-dd033eo.png" height="1062" width="752" medium="image"/>            
            <description>Yeah, I&#039;m in a Sam mood. I found this old draft about Sam and his biological brother, and I decided to make it into a short comic &lt;img src=&quot;https://e.deviantart.net/emoticons/s/smile.gif&quot; width=&quot;15&quot; height=&quot;15&quot; alt=&quot;:)&quot; data-embed-type=&quot;emoticon&quot; data-embed-id=&quot;391&quot; title=&quot;:) (Smile)&quot;/&gt;&lt;br /&gt;&lt;div&gt;&lt;img src=&quot;https://t00.deviantart.net/O8xCLItrmAXl2rIKayu2pnsXzso=/300x200/filters:fixed_height(100,100):origin()/pre00/bf82/th/pre/i/2019/049/4/6/reunion_1_by_grawolfquinn-dd033eo.png&quot; alt=&quot;thumbnail&quot; /&gt;&lt;/div&gt;</description>            </item>
                    <item>
                <title>Fly, Don&#039;t Fly</title>
                <link>https://seerlight.deviantart.com/art/Fly-Don-t-Fly-786122781</link>
                <guid isPermaLink="true">https://seerlight.deviantart.com/art/Fly-Don-t-Fly-786122781</guid>
                <pubDate>Sun, 17 Feb 2019 19:07:58 PST</pubDate>
                        <media:title type="plain">Fly, Don&#039;t Fly</media:title>
        <media:keywords></media:keywords>
                        <media:rating>nonadult</media:rating>
                <media:category label="Fantasy">digitalart/paintings/fantasy</media:category>
        <media:credit role="author" scheme="urn:ebu">SeerLight</media:credit>
        <media:credit role="author" scheme="urn:ebu">https://a.deviantart.net/avatars/s/e/seerlight.gif?13</media:credit>
        <media:copyright url="https://seerlight.deviantart.com">Copyright 2019 SeerLight</media:copyright>            <media:description type="html">&lt;span&gt;Social Media Links:&amp;nbsp;&lt;/span&gt;&lt;a class=&quot;external&quot; href=&quot;https://www.deviantart.com/users/outgoing?https://www.instagram.com/seerlight/&quot;&gt;INSTAGRAM&amp;nbsp;&lt;/a&gt;&lt;img src=&quot;https://e.deviantart.net/emoticons/b/bulletorange.gif&quot; alt=&quot;Bullet; Orange&quot; style=&quot;width: 10px; height: 10px;&quot; data-embed-type=&quot;emoticon&quot; data-embed-id=&quot;567&quot;&gt;&lt;a class=&quot;external&quot; href=&quot;https://www.deviantart.com/users/outgoing?https://www.facebook.com/seerlight/&quot;&gt;FACEBOOK&lt;/a&gt;&lt;img src=&quot;https://e.deviantart.net/emoticons/b/bulletblue.gif&quot; alt=&quot;Bullet; Blue&quot; style=&quot;width: 10px; height: 10px;&quot; data-embed-type=&quot;emoticon&quot; data-embed-id=&quot;211&quot;&gt;&lt;a class=&quot;external&quot; href=&quot;https://www.deviantart.com/users/outgoing?https://twitter.com/SeerStuff&quot;&gt;TWITTER&lt;/a&gt;&lt;img src=&quot;https://e.deviantart.net/emoticons/b/bulletorange.gif&quot; alt=&quot;Bullet; Orange&quot; style=&quot;width: 10px; height: 10px;&quot; data-embed-type=&quot;emoticon&quot; data-embed-id=&quot;567&quot;&gt;&lt;a class=&quot;external&quot; href=&quot;https://www.deviantart.com/users/outgoing?https://www.artstation.com/seer&quot;&gt;ARTSTATION&lt;/a&gt;&lt;b&gt;&lt;img src=&quot;https://e.deviantart.net/emoticons/b/bulletblue.gif&quot; alt=&quot;Bullet; Blue&quot; style=&quot;width: 10px; height: 10px;&quot; data-embed-type=&quot;emoticon&quot; data-embed-id=&quot;211&quot;&gt;&lt;/b&gt;&lt;a class=&quot;external&quot; href=&quot;https://www.deviantart.com/users/outgoing?https://www.youtube.com/channel/UCWPoFKsUrn5iCnHB1B9GeaA&quot;&gt;YOUTUBE&lt;/a&gt;&lt;b&gt;&lt;img src=&quot;https://e.deviantart.net/emoticons/b/bulletorange.gif&quot; alt=&quot;Bullet; Orange&quot; style=&quot;width: 10px; height: 10px;&quot; data-embed-type=&quot;emoticon&quot; data-embed-id=&quot;567&quot;&gt;&lt;/b&gt;&lt;a class=&quot;external&quot; href=&quot;https://www.deviantart.com/users/outgoing?https://www.redbubble.com/people/SeerStuff/shop&quot;&gt;REDBUBBLE&lt;/a&gt;&lt;img src=&quot;https://e.deviantart.net/emoticons/b/bulletblue.gif&quot; alt=&quot;Bullet; Blue&quot; style=&quot;width: 10px; height: 10px;&quot; data-embed-type=&quot;emoticon&quot; data-embed-id=&quot;211&quot;&gt;&lt;a class=&quot;external&quot; href=&quot;https://www.deviantart.com/users/outgoing?https://seerlight.wixsite.com/commission&quot;&gt;COMMISSIONS&lt;/a&gt;&lt;br /&gt;&lt;br /&gt;Fly or don&#039;t fly? Which do you choose?&lt;br /&gt;&lt;br /&gt;&lt;b&gt;More from me ~&lt;/b&gt;&lt;br /&gt;&lt;span class=&quot;shadow-holder&quot; data-embed-type=&quot;deviation&quot; data-embed-id=&quot;785004667&quot; data-embed-format=&quot;thumb&quot;&gt;&lt;span class=&quot;shadow mild&quot; &gt;&lt;a class=&quot;thumb&quot; href=&quot;https://www.deviantart.com/seerlight/art/Howl-s-Moving-Castle-785004667&quot; title=&quot;Howl&amp;#039;s Moving Castle by SeerLight, Feb 10, 2019 in Fan Art &amp;gt; Digital Art &amp;gt; Painting &amp;amp; Airbrushing &amp;gt; Movies &amp;amp; TV&quot;data-super-img=&quot;https://images-wixmp-ed30a86b8c4ca887773594c2.wixmp.com/intermediary/f/4d94eabf-4257-437f-a08d-5ee63b69705f/dczddh7-9c9d293a-eaf7-4b0c-a86b-8ac0d5373d1d.jpg/v1/fill/w_755,h_1058,q_70,strp/howl_s_moving_castle_by_seerlight_dczddh7-pre.jpg&quot; data-super-width=&quot;755&quot; data-super-height=&quot;1058&quot; data-super-transparent=&quot;false&quot; data-super-alt=&quot;Howl&amp;#039;s Moving Castle by SeerLight&quot; data-super-full-img=&quot;https://images-wixmp-ed30a86b8c4ca887773594c2.wixmp.com/intermediary/f/4d94eabf-4257-437f-a08d-5ee63b69705f/dczddh7-9c9d293a-eaf7-4b0c-a86b-8ac0d5373d1d.jpg/v1/fill/w_900,h_1260,q_70,strp/howl_s_moving_castle_by_seerlight_dczddh7-fullview.jpg&quot; data-super-full-width=&quot;900&quot; data-super-full-height=&quot;1260&quot;        data-sigil=&quot;thumb&quot;&gt;
        &lt;i&gt;&lt;/i&gt;&lt;img   width=&quot;107&quot; height=&quot;150&quot; alt=&quot;Howl&amp;#039;s Moving Castle by SeerLight&quot; src=&quot;https://images-wixmp-ed30a86b8c4ca887773594c2.wixmp.com/intermediary/f/4d94eabf-4257-437f-a08d-5ee63b69705f/dczddh7-9c9d293a-eaf7-4b0c-a86b-8ac0d5373d1d.jpg/v1/fit/w_150,h_150,q_70,strp/howl_s_moving_castle_by_seerlight_dczddh7-150.jpg&quot; data-src=&quot;https://images-wixmp-ed30a86b8c4ca887773594c2.wixmp.com/intermediary/f/4d94eabf-4257-437f-a08d-5ee63b69705f/dczddh7-9c9d293a-eaf7-4b0c-a86b-8ac0d5373d1d.jpg/v1/fit/w_150,h_150,q_70,strp/howl_s_moving_castle_by_seerlight_dczddh7-150.jpg&quot; srcset=&quot;https://images-wixmp-ed30a86b8c4ca887773594c2.wixmp.com/intermediary/f/4d94eabf-4257-437f-a08d-5ee63b69705f/dczddh7-9c9d293a-eaf7-4b0c-a86b-8ac0d5373d1d.jpg/v1/fit/w_150,h_150,q_70,strp/howl_s_moving_castle_by_seerlight_dczddh7-150.jpg 107w,https://images-wixmp-ed30a86b8c4ca887773594c2.wixmp.com/intermediary/f/4d94eabf-4257-437f-a08d-5ee63b69705f/dczddh7-9c9d293a-eaf7-4b0c-a86b-8ac0d5373d1d.jpg/v1/crop/w_179,h_250,x_0,y_0,scl_0.086473429951691,q_70,strp/howl_s_moving_castle_by_seerlight_dczddh7-250t.jpg 179w,https://images-wixmp-ed30a86b8c4ca887773594c2.wixmp.com/intermediary/f/4d94eabf-4257-437f-a08d-5ee63b69705f/dczddh7-9c9d293a-eaf7-4b0c-a86b-8ac0d5373d1d.jpg/v1/fill/w_250,h_350,q_70,strp/howl_s_moving_castle_by_seerlight_dczddh7-350t.jpg 250w,https://images-wixmp-ed30a86b8c4ca887773594c2.wixmp.com/intermediary/f/4d94eabf-4257-437f-a08d-5ee63b69705f/dczddh7-9c9d293a-eaf7-4b0c-a86b-8ac0d5373d1d.jpg/v1/fill/w_286,h_400,q_70,strp/howl_s_moving_castle_by_seerlight_dczddh7-400t.jpg 286w,https://images-wixmp-ed30a86b8c4ca887773594c2.wixmp.com/intermediary/f/4d94eabf-4257-437f-a08d-5ee63b69705f/dczddh7-9c9d293a-eaf7-4b0c-a86b-8ac0d5373d1d.jpg/v1/fill/w_755,h_1058,q_70,strp/howl_s_moving_castle_by_seerlight_dczddh7-pre.jpg 755w&quot; sizes=&quot;107px&quot;&gt;&lt;/a&gt;&lt;/span&gt;&lt;!-- ^TTT --&gt;&lt;!-- TTT$ --&gt;&lt;/span&gt;&lt;span class=&quot;shadow-holder&quot; data-embed-type=&quot;deviation&quot; data-embed-id=&quot;753573228&quot; data-embed-format=&quot;thumb&quot;&gt;&lt;span class=&quot;shadow mild&quot; &gt;&lt;a class=&quot;thumb&quot; href=&quot;https://www.deviantart.com/seerlight/art/Kimi-no-na-wa-753573228&quot; title=&quot;Kimi no na wa by SeerLight, Jul 13, 2018 in Fan Art &amp;gt; Manga &amp;amp; Anime &amp;gt; Digital &amp;gt; Movies &amp;amp; TV&quot;data-super-img=&quot;https://images-wixmp-ed30a86b8c4ca887773594c2.wixmp.com/intermediary/f/4d94eabf-4257-437f-a08d-5ee63b69705f/dcgnoto-6ca17e52-fe97-4e7b-8f06-2623dfa1dc5a.jpg/v1/fill/w_774,h_1032,q_70,strp/kimi_no_na_wa_by_seerlight_dcgnoto-pre.jpg&quot; data-super-width=&quot;774&quot; data-super-height=&quot;1033&quot; data-super-transparent=&quot;false&quot; data-super-alt=&quot;Kimi no na wa by SeerLight&quot; data-super-full-img=&quot;https://images-wixmp-ed30a86b8c4ca887773594c2.wixmp.com/intermediary/f/4d94eabf-4257-437f-a08d-5ee63b69705f/dcgnoto-6ca17e52-fe97-4e7b-8f06-2623dfa1dc5a.jpg/v1/fill/w_1024,h_1366,q_70,strp/kimi_no_na_wa_by_seerlight_dcgnoto-fullview.jpg&quot; data-super-full-width=&quot;1024&quot; data-super-full-height=&quot;1366&quot;        data-sigil=&quot;thumb&quot;&gt;
        &lt;i&gt;&lt;/i&gt;&lt;img   width=&quot;112&quot; height=&quot;150&quot; alt=&quot;Kimi no na wa by SeerLight&quot; src=&quot;https://images-wixmp-ed30a86b8c4ca887773594c2.wixmp.com/intermediary/f/4d94eabf-4257-437f-a08d-5ee63b69705f/dcgnoto-6ca17e52-fe97-4e7b-8f06-2623dfa1dc5a.jpg/v1/fit/w_150,h_150,q_70,strp/kimi_no_na_wa_by_seerlight_dcgnoto-150.jpg&quot; data-src=&quot;https://images-wixmp-ed30a86b8c4ca887773594c2.wixmp.com/intermediary/f/4d94eabf-4257-437f-a08d-5ee63b69705f/dcgnoto-6ca17e52-fe97-4e7b-8f06-2623dfa1dc5a.jpg/v1/fit/w_150,h_150,q_70,strp/kimi_no_na_wa_by_seerlight_dcgnoto-150.jpg&quot; srcset=&quot;https://images-wixmp-ed30a86b8c4ca887773594c2.wixmp.com/intermediary/f/4d94eabf-4257-437f-a08d-5ee63b69705f/dcgnoto-6ca17e52-fe97-4e7b-8f06-2623dfa1dc5a.jpg/v1/fit/w_150,h_150,q_70,strp/kimi_no_na_wa_by_seerlight_dcgnoto-150.jpg 112w,https://images-wixmp-ed30a86b8c4ca887773594c2.wixmp.com/intermediary/f/4d94eabf-4257-437f-a08d-5ee63b69705f/dcgnoto-6ca17e52-fe97-4e7b-8f06-2623dfa1dc5a.jpg/v1/crop/w_188,h_250,x_0,y_0,scl_0.088637435172089,q_70,strp/kimi_no_na_wa_by_seerlight_dcgnoto-250t.jpg 187w,https://images-wixmp-ed30a86b8c4ca887773594c2.wixmp.com/intermediary/f/4d94eabf-4257-437f-a08d-5ee63b69705f/dcgnoto-6ca17e52-fe97-4e7b-8f06-2623dfa1dc5a.jpg/v1/crop/w_263,h_350,x_0,y_0,scl_0.12399811409712,q_70,strp/kimi_no_na_wa_by_seerlight_dcgnoto-350t.jpg 262w,https://images-wixmp-ed30a86b8c4ca887773594c2.wixmp.com/intermediary/f/4d94eabf-4257-437f-a08d-5ee63b69705f/dcgnoto-6ca17e52-fe97-4e7b-8f06-2623dfa1dc5a.jpg/v1/fill/w_300,h_400,q_70,strp/kimi_no_na_wa_by_seerlight_dcgnoto-400t.jpg 300w,https://images-wixmp-ed30a86b8c4ca887773594c2.wixmp.com/intermediary/f/4d94eabf-4257-437f-a08d-5ee63b69705f/dcgnoto-6ca17e52-fe97-4e7b-8f06-2623dfa1dc5a.jpg/v1/fill/w_774,h_1032,q_70,strp/kimi_no_na_wa_by_seerlight_dcgnoto-pre.jpg 774w&quot; sizes=&quot;112px&quot;&gt;&lt;/a&gt;&lt;/span&gt;&lt;!-- ^TTT --&gt;&lt;!-- TTT$ --&gt;&lt;/span&gt;&lt;span class=&quot;shadow-holder&quot; data-embed-type=&quot;deviation&quot; data-embed-id=&quot;756808190&quot; data-embed-format=&quot;thumb&quot;&gt;&lt;span class=&quot;shadow mild&quot; &gt;&lt;a class=&quot;thumb&quot; href=&quot;https://www.deviantart.com/seerlight/art/Waiting-756808190&quot; title=&quot;Waiting... by SeerLight, Aug 3, 2018 in Manga &amp;amp; Anime &amp;gt; Digital Media &amp;gt; Paintings&quot;data-super-img=&quot;https://images-wixmp-ed30a86b8c4ca887773594c2.wixmp.com/intermediary/f/4d94eabf-4257-437f-a08d-5ee63b69705f/dcil0xq-b988d8e4-e919-4b6c-baea-071dd1fb3dbe.jpg/v1/fill/w_755,h_1058,q_70,strp/waiting____by_seerlight_dcil0xq-pre.jpg&quot; data-super-width=&quot;755&quot; data-super-height=&quot;1058&quot; data-super-transparent=&quot;false&quot; data-super-alt=&quot;Waiting... by SeerLight&quot; data-super-full-img=&quot;https://images-wixmp-ed30a86b8c4ca887773594c2.wixmp.com/intermediary/f/4d94eabf-4257-437f-a08d-5ee63b69705f/dcil0xq-b988d8e4-e919-4b6c-baea-071dd1fb3dbe.jpg/v1/fill/w_1024,h_1434,q_70,strp/waiting____by_seerlight_dcil0xq-fullview.jpg&quot; data-super-full-width=&quot;1024&quot; data-super-full-height=&quot;1434&quot;        data-sigil=&quot;thumb&quot;&gt;
        &lt;i&gt;&lt;/i&gt;&lt;img   width=&quot;107&quot; height=&quot;150&quot; alt=&quot;Waiting... by SeerLight&quot; src=&quot;https://images-wixmp-ed30a86b8c4ca887773594c2.wixmp.com/intermediary/f/4d94eabf-4257-437f-a08d-5ee63b69705f/dcil0xq-b988d8e4-e919-4b6c-baea-071dd1fb3dbe.jpg/v1/fit/w_150,h_150,q_70,strp/waiting____by_seerlight_dcil0xq-150.jpg&quot; data-src=&quot;https://images-wixmp-ed30a86b8c4ca887773594c2.wixmp.com/intermediary/f/4d94eabf-4257-437f-a08d-5ee63b69705f/dcil0xq-b988d8e4-e919-4b6c-baea-071dd1fb3dbe.jpg/v1/fit/w_150,h_150,q_70,strp/waiting____by_seerlight_dcil0xq-150.jpg&quot; srcset=&quot;https://images-wixmp-ed30a86b8c4ca887773594c2.wixmp.com/intermediary/f/4d94eabf-4257-437f-a08d-5ee63b69705f/dcil0xq-b988d8e4-e919-4b6c-baea-071dd1fb3dbe.jpg/v1/fit/w_150,h_150,q_70,strp/waiting____by_seerlight_dcil0xq-150.jpg 107w,https://images-wixmp-ed30a86b8c4ca887773594c2.wixmp.com/intermediary/f/4d94eabf-4257-437f-a08d-5ee63b69705f/dcil0xq-b988d8e4-e919-4b6c-baea-071dd1fb3dbe.jpg/v1/crop/w_179,h_250,x_0,y_0,scl_0.086473429951691,q_70,strp/waiting____by_seerlight_dcil0xq-250t.jpg 179w,https://images-wixmp-ed30a86b8c4ca887773594c2.wixmp.com/intermediary/f/4d94eabf-4257-437f-a08d-5ee63b69705f/dcil0xq-b988d8e4-e919-4b6c-baea-071dd1fb3dbe.jpg/v1/fill/w_250,h_350,q_70,strp/waiting____by_seerlight_dcil0xq-350t.jpg 250w,https://images-wixmp-ed30a86b8c4ca887773594c2.wixmp.com/intermediary/f/4d94eabf-4257-437f-a08d-5ee63b69705f/dcil0xq-b988d8e4-e919-4b6c-baea-071dd1fb3dbe.jpg/v1/fill/w_286,h_400,q_70,strp/waiting____by_seerlight_dcil0xq-400t.jpg 286w,https://images-wixmp-ed30a86b8c4ca887773594c2.wixmp.com/intermediary/f/4d94eabf-4257-437f-a08d-5ee63b69705f/dcil0xq-b988d8e4-e919-4b6c-baea-071dd1fb3dbe.jpg/v1/fill/w_755,h_1058,q_70,strp/waiting____by_seerlight_dcil0xq-pre.jpg 755w&quot; sizes=&quot;107px&quot;&gt;&lt;/a&gt;&lt;/span&gt;&lt;!-- ^TTT --&gt;&lt;!-- TTT$ --&gt;&lt;/span&gt;&lt;span class=&quot;shadow-holder&quot; data-embed-type=&quot;deviation&quot; data-embed-id=&quot;750000983&quot; data-embed-format=&quot;thumb&quot;&gt;&lt;span class=&quot;shadow mild&quot; &gt;&lt;a class=&quot;thumb&quot; href=&quot;https://www.deviantart.com/seerlight/art/A-Little-Stroll-750000983&quot; title=&quot;A Little Stroll by SeerLight, Jun 22, 2018 in Digital Art &amp;gt; Drawings &amp;amp; Paintings &amp;gt; Landscapes &amp;amp; Scenery&quot;data-super-img=&quot;https://images-wixmp-ed30a86b8c4ca887773594c2.wixmp.com/intermediary/f/4d94eabf-4257-437f-a08d-5ee63b69705f/dcej4gn-38fe8b7a-329a-4a14-bb7f-62cf1d89840d.jpg/v1/fill/w_716,h_1115,q_70,strp/a_little_stroll_by_seerlight_dcej4gn-pre.jpg&quot; data-super-width=&quot;717&quot; data-super-height=&quot;1115&quot; data-super-transparent=&quot;false&quot; data-super-alt=&quot;A Little Stroll by SeerLight&quot; data-super-full-img=&quot;https://images-wixmp-ed30a86b8c4ca887773594c2.wixmp.com/intermediary/f/4d94eabf-4257-437f-a08d-5ee63b69705f/dcej4gn-38fe8b7a-329a-4a14-bb7f-62cf1d89840d.jpg/v1/fill/w_1024,h_1593,q_70,strp/a_little_stroll_by_seerlight_dcej4gn-fullview.jpg&quot; data-super-full-width=&quot;1024&quot; data-super-full-height=&quot;1593&quot;        data-sigil=&quot;thumb&quot;&gt;
        &lt;i&gt;&lt;/i&gt;&lt;img   width=&quot;96&quot; height=&quot;150&quot; alt=&quot;A Little Stroll by SeerLight&quot; src=&quot;https://images-wixmp-ed30a86b8c4ca887773594c2.wixmp.com/intermediary/f/4d94eabf-4257-437f-a08d-5ee63b69705f/dcej4gn-38fe8b7a-329a-4a14-bb7f-62cf1d89840d.jpg/v1/fit/w_150,h_150,q_70,strp/a_little_stroll_by_seerlight_dcej4gn-150.jpg&quot; data-src=&quot;https://images-wixmp-ed30a86b8c4ca887773594c2.wixmp.com/intermediary/f/4d94eabf-4257-437f-a08d-5ee63b69705f/dcej4gn-38fe8b7a-329a-4a14-bb7f-62cf1d89840d.jpg/v1/fit/w_150,h_150,q_70,strp/a_little_stroll_by_seerlight_dcej4gn-150.jpg&quot; srcset=&quot;https://images-wixmp-ed30a86b8c4ca887773594c2.wixmp.com/intermediary/f/4d94eabf-4257-437f-a08d-5ee63b69705f/dcej4gn-38fe8b7a-329a-4a14-bb7f-62cf1d89840d.jpg/v1/fit/w_150,h_150,q_70,strp/a_little_stroll_by_seerlight_dcej4gn-150.jpg 96w,https://images-wixmp-ed30a86b8c4ca887773594c2.wixmp.com/intermediary/f/4d94eabf-4257-437f-a08d-5ee63b69705f/dcej4gn-38fe8b7a-329a-4a14-bb7f-62cf1d89840d.jpg/v1/crop/w_161,h_250,x_0,y_0,scl_0.082017320427916,q_70,strp/a_little_stroll_by_seerlight_dcej4gn-250t.jpg 161w,https://images-wixmp-ed30a86b8c4ca887773594c2.wixmp.com/intermediary/f/4d94eabf-4257-437f-a08d-5ee63b69705f/dcej4gn-38fe8b7a-329a-4a14-bb7f-62cf1d89840d.jpg/v1/fill/w_225,h_350,q_70,strp/a_little_stroll_by_seerlight_dcej4gn-350t.jpg 225w,https://images-wixmp-ed30a86b8c4ca887773594c2.wixmp.com/intermediary/f/4d94eabf-4257-437f-a08d-5ee63b69705f/dcej4gn-38fe8b7a-329a-4a14-bb7f-62cf1d89840d.jpg/v1/fill/w_257,h_400,q_70,strp/a_little_stroll_by_seerlight_dcej4gn-400t.jpg 257w,https://images-wixmp-ed30a86b8c4ca887773594c2.wixmp.com/intermediary/f/4d94eabf-4257-437f-a08d-5ee63b69705f/dcej4gn-38fe8b7a-329a-4a14-bb7f-62cf1d89840d.jpg/v1/fill/w_716,h_1115,q_70,strp/a_little_stroll_by_seerlight_dcej4gn-pre.jpg 717w&quot; sizes=&quot;96px&quot;&gt;&lt;/a&gt;&lt;/span&gt;&lt;!-- ^TTT --&gt;&lt;!-- TTT$ --&gt;&lt;/span&gt;&lt;span class=&quot;shadow-holder&quot; data-embed-type=&quot;deviation&quot; data-embed-id=&quot;749796544&quot; data-embed-format=&quot;thumb&quot;&gt;&lt;span class=&quot;shadow mild&quot; &gt;&lt;a class=&quot;thumb&quot; href=&quot;https://www.deviantart.com/seerlight/art/Jelly-Boy-749796544&quot; title=&quot;Jelly Boy by SeerLight, Jun 15, 2018 in Digital Art &amp;gt; Drawings &amp;amp; Paintings &amp;gt; Surreal&quot;data-super-img=&quot;https://images-wixmp-ed30a86b8c4ca887773594c2.wixmp.com/intermediary/f/4d94eabf-4257-437f-a08d-5ee63b69705f/dceeqps-77ccafde-140f-4308-8091-3c65771098ea.jpg/v1/fill/w_894,h_894,q_70,strp/jelly_boy_by_seerlight_dceeqps-pre.jpg&quot; data-super-width=&quot;894&quot; data-super-height=&quot;894&quot; data-super-transparent=&quot;false&quot; data-super-alt=&quot;Jelly Boy by SeerLight&quot; data-super-full-img=&quot;https://images-wixmp-ed30a86b8c4ca887773594c2.wixmp.com/intermediary/f/4d94eabf-4257-437f-a08d-5ee63b69705f/dceeqps-77ccafde-140f-4308-8091-3c65771098ea.jpg/v1/fill/w_1024,h_1024,q_70,strp/jelly_boy_by_seerlight_dceeqps-fullview.jpg&quot; data-super-full-width=&quot;1024&quot; data-super-full-height=&quot;1024&quot;        data-sigil=&quot;thumb&quot;&gt;
        &lt;i&gt;&lt;/i&gt;&lt;img   width=&quot;150&quot; height=&quot;150&quot; alt=&quot;Jelly Boy by SeerLight&quot; src=&quot;https://images-wixmp-ed30a86b8c4ca887773594c2.wixmp.com/intermediary/f/4d94eabf-4257-437f-a08d-5ee63b69705f/dceeqps-77ccafde-140f-4308-8091-3c65771098ea.jpg/v1/fit/w_150,h_150,q_70,strp/jelly_boy_by_seerlight_dceeqps-150.jpg&quot; data-src=&quot;https://images-wixmp-ed30a86b8c4ca887773594c2.wixmp.com/intermediary/f/4d94eabf-4257-437f-a08d-5ee63b69705f/dceeqps-77ccafde-140f-4308-8091-3c65771098ea.jpg/v1/fit/w_150,h_150,q_70,strp/jelly_boy_by_seerlight_dceeqps-150.jpg&quot; srcset=&quot;https://images-wixmp-ed30a86b8c4ca887773594c2.wixmp.com/intermediary/f/4d94eabf-4257-437f-a08d-5ee63b69705f/dceeqps-77ccafde-140f-4308-8091-3c65771098ea.jpg/v1/fit/w_150,h_150,q_70,strp/jelly_boy_by_seerlight_dceeqps-150.jpg 150w,https://images-wixmp-ed30a86b8c4ca887773594c2.wixmp.com/intermediary/f/4d94eabf-4257-437f-a08d-5ee63b69705f/dceeqps-77ccafde-140f-4308-8091-3c65771098ea.jpg/v1/fill/w_250,h_250,q_70,strp/jelly_boy_by_seerlight_dceeqps-250t.jpg 250w,https://images-wixmp-ed30a86b8c4ca887773594c2.wixmp.com/intermediary/f/4d94eabf-4257-437f-a08d-5ee63b69705f/dceeqps-77ccafde-140f-4308-8091-3c65771098ea.jpg/v1/fill/w_350,h_350,q_70,strp/jelly_boy_by_seerlight_dceeqps-350t.jpg 350w,https://images-wixmp-ed30a86b8c4ca887773594c2.wixmp.com/intermediary/f/4d94eabf-4257-437f-a08d-5ee63b69705f/dceeqps-77ccafde-140f-4308-8091-3c65771098ea.jpg/v1/fill/w_400,h_400,q_70,strp/jelly_boy_by_seerlight_dceeqps-400t.jpg 400w,https://images-wixmp-ed30a86b8c4ca887773594c2.wixmp.com/intermediary/f/4d94eabf-4257-437f-a08d-5ee63b69705f/dceeqps-77ccafde-140f-4308-8091-3c65771098ea.jpg/v1/fill/w_894,h_894,q_70,strp/jelly_boy_by_seerlight_dceeqps-pre.jpg 894w&quot; sizes=&quot;150px&quot;&gt;&lt;/a&gt;&lt;/span&gt;&lt;!-- ^TTT --&gt;&lt;!-- TTT$ --&gt;&lt;/span&gt;&lt;span class=&quot;shadow-holder&quot; data-embed-type=&quot;deviation&quot; data-embed-id=&quot;745608786&quot; data-embed-format=&quot;thumb&quot;&gt;&lt;span class=&quot;shadow mild&quot; &gt;&lt;a class=&quot;thumb&quot; href=&quot;https://www.deviantart.com/seerlight/art/Melon-Cube-745608786&quot; title=&quot;Melon Cube by SeerLight, May 25, 2018 in Digital Art &amp;gt; Drawings &amp;amp; Paintings &amp;gt; Other&quot;data-super-img=&quot;https://images-wixmp-ed30a86b8c4ca887773594c2.wixmp.com/intermediary/f/4d94eabf-4257-437f-a08d-5ee63b69705f/dcbwzf6-4d8a6c3b-6a12-41c9-8859-6a236a3166f4.jpg/v1/fill/w_894,h_894,q_70,strp/melon_cube_by_seerlight_dcbwzf6-pre.jpg&quot; data-super-width=&quot;894&quot; data-super-height=&quot;894&quot; data-super-transparent=&quot;false&quot; data-super-alt=&quot;Melon Cube by SeerLight&quot; data-super-full-img=&quot;https://images-wixmp-ed30a86b8c4ca887773594c2.wixmp.com/intermediary/f/4d94eabf-4257-437f-a08d-5ee63b69705f/dcbwzf6-4d8a6c3b-6a12-41c9-8859-6a236a3166f4.jpg/v1/fill/w_1024,h_1024,q_70,strp/melon_cube_by_seerlight_dcbwzf6-fullview.jpg&quot; data-super-full-width=&quot;1024&quot; data-super-full-height=&quot;1024&quot;        data-sigil=&quot;thumb&quot;&gt;
        &lt;i&gt;&lt;/i&gt;&lt;img   width=&quot;150&quot; height=&quot;150&quot; alt=&quot;Melon Cube by SeerLight&quot; src=&quot;https://images-wixmp-ed30a86b8c4ca887773594c2.wixmp.com/intermediary/f/4d94eabf-4257-437f-a08d-5ee63b69705f/dcbwzf6-4d8a6c3b-6a12-41c9-8859-6a236a3166f4.jpg/v1/fit/w_150,h_150,q_70,strp/melon_cube_by_seerlight_dcbwzf6-150.jpg&quot; data-src=&quot;https://images-wixmp-ed30a86b8c4ca887773594c2.wixmp.com/intermediary/f/4d94eabf-4257-437f-a08d-5ee63b69705f/dcbwzf6-4d8a6c3b-6a12-41c9-8859-6a236a3166f4.jpg/v1/fit/w_150,h_150,q_70,strp/melon_cube_by_seerlight_dcbwzf6-150.jpg&quot; srcset=&quot;https://images-wixmp-ed30a86b8c4ca887773594c2.wixmp.com/intermediary/f/4d94eabf-4257-437f-a08d-5ee63b69705f/dcbwzf6-4d8a6c3b-6a12-41c9-8859-6a236a3166f4.jpg/v1/fit/w_150,h_150,q_70,strp/melon_cube_by_seerlight_dcbwzf6-150.jpg 150w,https://images-wixmp-ed30a86b8c4ca887773594c2.wixmp.com/intermediary/f/4d94eabf-4257-437f-a08d-5ee63b69705f/dcbwzf6-4d8a6c3b-6a12-41c9-8859-6a236a3166f4.jpg/v1/fill/w_250,h_250,q_70,strp/melon_cube_by_seerlight_dcbwzf6-250t.jpg 250w,https://images-wixmp-ed30a86b8c4ca887773594c2.wixmp.com/intermediary/f/4d94eabf-4257-437f-a08d-5ee63b69705f/dcbwzf6-4d8a6c3b-6a12-41c9-8859-6a236a3166f4.jpg/v1/fill/w_350,h_350,q_70,strp/melon_cube_by_seerlight_dcbwzf6-350t.jpg 350w,https://images-wixmp-ed30a86b8c4ca887773594c2.wixmp.com/intermediary/f/4d94eabf-4257-437f-a08d-5ee63b69705f/dcbwzf6-4d8a6c3b-6a12-41c9-8859-6a236a3166f4.jpg/v1/fill/w_400,h_400,q_70,strp/melon_cube_by_seerlight_dcbwzf6-400t.jpg 400w,https://images-wixmp-ed30a86b8c4ca887773594c2.wixmp.com/intermediary/f/4d94eabf-4257-437f-a08d-5ee63b69705f/dcbwzf6-4d8a6c3b-6a12-41c9-8859-6a236a3166f4.jpg/v1/fill/w_894,h_894,q_70,strp/melon_cube_by_seerlight_dcbwzf6-pre.jpg 894w&quot; sizes=&quot;150px&quot;&gt;&lt;/a&gt;&lt;/span&gt;&lt;!-- ^TTT --&gt;&lt;!-- TTT$ --&gt;&lt;/span&gt;</media:description>            <media:thumbnail url="https://t00.deviantart.net/AA_HL58tR780y-ThGoJiAI8Vja8=/fit-in/150x150/filters:no_upscale():origin()/pre00/0384/th/pre/i/2019/048/1/d/fly__don_t_fly_by_seerlight-dd01c7x.jpg" height="150" width="125"/>            <media:thumbnail url="https://t00.deviantart.net/P_EHJTHjyUtwp8d_6DHEc3ZxDP4=/fit-in/300x900/filters:no_upscale():origin()/pre00/0384/th/pre/i/2019/048/1/d/fly__don_t_fly_by_seerlight-dd01c7x.jpg" height="360" width="300"/>            <media:thumbnail url="https://t00.deviantart.net/7W4TN8x3Sjw95cjEdDwMy9LD8SQ=/300x200/filters:fixed_height(100,100):origin()/pre00/0384/th/pre/i/2019/048/1/d/fly__don_t_fly_by_seerlight-dd01c7x.jpg" height="200" width="167"/>            <media:content url="https://pre00.deviantart.net/0384/th/pre/i/2019/048/1/d/fly__don_t_fly_by_seerlight-dd01c7x.jpg" height="979" width="816" medium="image"/>            
            <description>&lt;span&gt;Social Media Links:&amp;nbsp;&lt;/span&gt;&lt;a class=&quot;external&quot; href=&quot;https://www.deviantart.com/users/outgoing?https://www.instagram.com/seerlight/&quot;&gt;INSTAGRAM&amp;nbsp;&lt;/a&gt;&lt;img src=&quot;https://e.deviantart.net/emoticons/b/bulletorange.gif&quot; alt=&quot;Bullet; Orange&quot; style=&quot;width: 10px; height: 10px;&quot; data-embed-type=&quot;emoticon&quot; data-embed-id=&quot;567&quot;&gt;&lt;a class=&quot;external&quot; href=&quot;https://www.deviantart.com/users/outgoing?https://www.facebook.com/seerlight/&quot;&gt;FACEBOOK&lt;/a&gt;&lt;img src=&quot;https://e.deviantart.net/emoticons/b/bulletblue.gif&quot; alt=&quot;Bullet; Blue&quot; style=&quot;width: 10px; height: 10px;&quot; data-embed-type=&quot;emoticon&quot; data-embed-id=&quot;211&quot;&gt;&lt;a class=&quot;external&quot; href=&quot;https://www.deviantart.com/users/outgoing?https://twitter.com/SeerStuff&quot;&gt;TWITTER&lt;/a&gt;&lt;img src=&quot;https://e.deviantart.net/emoticons/b/bulletorange.gif&quot; alt=&quot;Bullet; Orange&quot; style=&quot;width: 10px; height: 10px;&quot; data-embed-type=&quot;emoticon&quot; data-embed-id=&quot;567&quot;&gt;&lt;a class=&quot;external&quot; href=&quot;https://www.deviantart.com/users/outgoing?https://www.artstation.com/seer&quot;&gt;ARTSTATION&lt;/a&gt;&lt;b&gt;&lt;img src=&quot;https://e.deviantart.net/emoticons/b/bulletblue.gif&quot; alt=&quot;Bullet; Blue&quot; style=&quot;width: 10px; height: 10px;&quot; data-embed-type=&quot;emoticon&quot; data-embed-id=&quot;211&quot;&gt;&lt;/b&gt;&lt;a class=&quot;external&quot; href=&quot;https://www.deviantart.com/users/outgoing?https://www.youtube.com/channel/UCWPoFKsUrn5iCnHB1B9GeaA&quot;&gt;YOUTUBE&lt;/a&gt;&lt;b&gt;&lt;img src=&quot;https://e.deviantart.net/emoticons/b/bulletorange.gif&quot; alt=&quot;Bullet; Orange&quot; style=&quot;width: 10px; height: 10px;&quot; data-embed-type=&quot;emoticon&quot; data-embed-id=&quot;567&quot;&gt;&lt;/b&gt;&lt;a class=&quot;external&quot; href=&quot;https://www.deviantart.com/users/outgoing?https://www.redbubble.com/people/SeerStuff/shop&quot;&gt;REDBUBBLE&lt;/a&gt;&lt;img src=&quot;https://e.deviantart.net/emoticons/b/bulletblue.gif&quot; alt=&quot;Bullet; Blue&quot; style=&quot;width: 10px; height: 10px;&quot; data-embed-type=&quot;emoticon&quot; data-embed-id=&quot;211&quot;&gt;&lt;a class=&quot;external&quot; href=&quot;https://www.deviantart.com/users/outgoing?https://seerlight.wixsite.com/commission&quot;&gt;COMMISSIONS&lt;/a&gt;&lt;br /&gt;&lt;br /&gt;Fly or don&#039;t fly? Which do you choose?&lt;br /&gt;&lt;br /&gt;&lt;b&gt;More from me ~&lt;/b&gt;&lt;br /&gt;&lt;span class=&quot;shadow-holder&quot; data-embed-type=&quot;deviation&quot; data-embed-id=&quot;785004667&quot; data-embed-format=&quot;thumb&quot;&gt;&lt;span class=&quot;shadow mild&quot; &gt;&lt;a class=&quot;thumb&quot; href=&quot;https://www.deviantart.com/seerlight/art/Howl-s-Moving-Castle-785004667&quot; title=&quot;Howl&amp;#039;s Moving Castle by SeerLight, Feb 10, 2019 in Fan Art &amp;gt; Digital Art &amp;gt; Painting &amp;amp; Airbrushing &amp;gt; Movies &amp;amp; TV&quot;data-super-img=&quot;https://images-wixmp-ed30a86b8c4ca887773594c2.wixmp.com/intermediary/f/4d94eabf-4257-437f-a08d-5ee63b69705f/dczddh7-9c9d293a-eaf7-4b0c-a86b-8ac0d5373d1d.jpg/v1/fill/w_755,h_1058,q_70,strp/howl_s_moving_castle_by_seerlight_dczddh7-pre.jpg&quot; data-super-width=&quot;755&quot; data-super-height=&quot;1058&quot; data-super-transparent=&quot;false&quot; data-super-alt=&quot;Howl&amp;#039;s Moving Castle by SeerLight&quot; data-super-full-img=&quot;https://images-wixmp-ed30a86b8c4ca887773594c2.wixmp.com/intermediary/f/4d94eabf-4257-437f-a08d-5ee63b69705f/dczddh7-9c9d293a-eaf7-4b0c-a86b-8ac0d5373d1d.jpg/v1/fill/w_900,h_1260,q_70,strp/howl_s_moving_castle_by_seerlight_dczddh7-fullview.jpg&quot; data-super-full-width=&quot;900&quot; data-super-full-height=&quot;1260&quot;        data-sigil=&quot;thumb&quot;&gt;
        &lt;i&gt;&lt;/i&gt;&lt;img   width=&quot;107&quot; height=&quot;150&quot; alt=&quot;Howl&amp;#039;s Moving Castle by SeerLight&quot; src=&quot;https://images-wixmp-ed30a86b8c4ca887773594c2.wixmp.com/intermediary/f/4d94eabf-4257-437f-a08d-5ee63b69705f/dczddh7-9c9d293a-eaf7-4b0c-a86b-8ac0d5373d1d.jpg/v1/fit/w_150,h_150,q_70,strp/howl_s_moving_castle_by_seerlight_dczddh7-150.jpg&quot; data-src=&quot;https://images-wixmp-ed30a86b8c4ca887773594c2.wixmp.com/intermediary/f/4d94eabf-4257-437f-a08d-5ee63b69705f/dczddh7-9c9d293a-eaf7-4b0c-a86b-8ac0d5373d1d.jpg/v1/fit/w_150,h_150,q_70,strp/howl_s_moving_castle_by_seerlight_dczddh7-150.jpg&quot; srcset=&quot;https://images-wixmp-ed30a86b8c4ca887773594c2.wixmp.com/intermediary/f/4d94eabf-4257-437f-a08d-5ee63b69705f/dczddh7-9c9d293a-eaf7-4b0c-a86b-8ac0d5373d1d.jpg/v1/fit/w_150,h_150,q_70,strp/howl_s_moving_castle_by_seerlight_dczddh7-150.jpg 107w,https://images-wixmp-ed30a86b8c4ca887773594c2.wixmp.com/intermediary/f/4d94eabf-4257-437f-a08d-5ee63b69705f/dczddh7-9c9d293a-eaf7-4b0c-a86b-8ac0d5373d1d.jpg/v1/crop/w_179,h_250,x_0,y_0,scl_0.086473429951691,q_70,strp/howl_s_moving_castle_by_seerlight_dczddh7-250t.jpg 179w,https://images-wixmp-ed30a86b8c4ca887773594c2.wixmp.com/intermediary/f/4d94eabf-4257-437f-a08d-5ee63b69705f/dczddh7-9c9d293a-eaf7-4b0c-a86b-8ac0d5373d1d.jpg/v1/fill/w_250,h_350,q_70,strp/howl_s_moving_castle_by_seerlight_dczddh7-350t.jpg 250w,https://images-wixmp-ed30a86b8c4ca887773594c2.wixmp.com/intermediary/f/4d94eabf-4257-437f-a08d-5ee63b69705f/dczddh7-9c9d293a-eaf7-4b0c-a86b-8ac0d5373d1d.jpg/v1/fill/w_286,h_400,q_70,strp/howl_s_moving_castle_by_seerlight_dczddh7-400t.jpg 286w,https://images-wixmp-ed30a86b8c4ca887773594c2.wixmp.com/intermediary/f/4d94eabf-4257-437f-a08d-5ee63b69705f/dczddh7-9c9d293a-eaf7-4b0c-a86b-8ac0d5373d1d.jpg/v1/fill/w_755,h_1058,q_70,strp/howl_s_moving_castle_by_seerlight_dczddh7-pre.jpg 755w&quot; sizes=&quot;107px&quot;&gt;&lt;/a&gt;&lt;/span&gt;&lt;!-- ^TTT --&gt;&lt;!-- TTT$ --&gt;&lt;/span&gt;&lt;span class=&quot;shadow-holder&quot; data-embed-type=&quot;deviation&quot; data-embed-id=&quot;753573228&quot; data-embed-format=&quot;thumb&quot;&gt;&lt;span class=&quot;shadow mild&quot; &gt;&lt;a class=&quot;thumb&quot; href=&quot;https://www.deviantart.com/seerlight/art/Kimi-no-na-wa-753573228&quot; title=&quot;Kimi no na wa by SeerLight, Jul 13, 2018 in Fan Art &amp;gt; Manga &amp;amp; Anime &amp;gt; Digital &amp;gt; Movies &amp;amp; TV&quot;data-super-img=&quot;https://images-wixmp-ed30a86b8c4ca887773594c2.wixmp.com/intermediary/f/4d94eabf-4257-437f-a08d-5ee63b69705f/dcgnoto-6ca17e52-fe97-4e7b-8f06-2623dfa1dc5a.jpg/v1/fill/w_774,h_1032,q_70,strp/kimi_no_na_wa_by_seerlight_dcgnoto-pre.jpg&quot; data-super-width=&quot;774&quot; data-super-height=&quot;1033&quot; data-super-transparent=&quot;false&quot; data-super-alt=&quot;Kimi no na wa by SeerLight&quot; data-super-full-img=&quot;https://images-wixmp-ed30a86b8c4ca887773594c2.wixmp.com/intermediary/f/4d94eabf-4257-437f-a08d-5ee63b69705f/dcgnoto-6ca17e52-fe97-4e7b-8f06-2623dfa1dc5a.jpg/v1/fill/w_1024,h_1366,q_70,strp/kimi_no_na_wa_by_seerlight_dcgnoto-fullview.jpg&quot; data-super-full-width=&quot;1024&quot; data-super-full-height=&quot;1366&quot;        data-sigil=&quot;thumb&quot;&gt;
        &lt;i&gt;&lt;/i&gt;&lt;img   width=&quot;112&quot; height=&quot;150&quot; alt=&quot;Kimi no na wa by SeerLight&quot; src=&quot;https://images-wixmp-ed30a86b8c4ca887773594c2.wixmp.com/intermediary/f/4d94eabf-4257-437f-a08d-5ee63b69705f/dcgnoto-6ca17e52-fe97-4e7b-8f06-2623dfa1dc5a.jpg/v1/fit/w_150,h_150,q_70,strp/kimi_no_na_wa_by_seerlight_dcgnoto-150.jpg&quot; data-src=&quot;https://images-wixmp-ed30a86b8c4ca887773594c2.wixmp.com/intermediary/f/4d94eabf-4257-437f-a08d-5ee63b69705f/dcgnoto-6ca17e52-fe97-4e7b-8f06-2623dfa1dc5a.jpg/v1/fit/w_150,h_150,q_70,strp/kimi_no_na_wa_by_seerlight_dcgnoto-150.jpg&quot; srcset=&quot;https://images-wixmp-ed30a86b8c4ca887773594c2.wixmp.com/intermediary/f/4d94eabf-4257-437f-a08d-5ee63b69705f/dcgnoto-6ca17e52-fe97-4e7b-8f06-2623dfa1dc5a.jpg/v1/fit/w_150,h_150,q_70,strp/kimi_no_na_wa_by_seerlight_dcgnoto-150.jpg 112w,https://images-wixmp-ed30a86b8c4ca887773594c2.wixmp.com/intermediary/f/4d94eabf-4257-437f-a08d-5ee63b69705f/dcgnoto-6ca17e52-fe97-4e7b-8f06-2623dfa1dc5a.jpg/v1/crop/w_188,h_250,x_0,y_0,scl_0.088637435172089,q_70,strp/kimi_no_na_wa_by_seerlight_dcgnoto-250t.jpg 187w,https://images-wixmp-ed30a86b8c4ca887773594c2.wixmp.com/intermediary/f/4d94eabf-4257-437f-a08d-5ee63b69705f/dcgnoto-6ca17e52-fe97-4e7b-8f06-2623dfa1dc5a.jpg/v1/crop/w_263,h_350,x_0,y_0,scl_0.12399811409712,q_70,strp/kimi_no_na_wa_by_seerlight_dcgnoto-350t.jpg 262w,https://images-wixmp-ed30a86b8c4ca887773594c2.wixmp.com/intermediary/f/4d94eabf-4257-437f-a08d-5ee63b69705f/dcgnoto-6ca17e52-fe97-4e7b-8f06-2623dfa1dc5a.jpg/v1/fill/w_300,h_400,q_70,strp/kimi_no_na_wa_by_seerlight_dcgnoto-400t.jpg 300w,https://images-wixmp-ed30a86b8c4ca887773594c2.wixmp.com/intermediary/f/4d94eabf-4257-437f-a08d-5ee63b69705f/dcgnoto-6ca17e52-fe97-4e7b-8f06-2623dfa1dc5a.jpg/v1/fill/w_774,h_1032,q_70,strp/kimi_no_na_wa_by_seerlight_dcgnoto-pre.jpg 774w&quot; sizes=&quot;112px&quot;&gt;&lt;/a&gt;&lt;/span&gt;&lt;!-- ^TTT --&gt;&lt;!-- TTT$ --&gt;&lt;/span&gt;&lt;span class=&quot;shadow-holder&quot; data-embed-type=&quot;deviation&quot; data-embed-id=&quot;756808190&quot; data-embed-format=&quot;thumb&quot;&gt;&lt;span class=&quot;shadow mild&quot; &gt;&lt;a class=&quot;thumb&quot; href=&quot;https://www.deviantart.com/seerlight/art/Waiting-756808190&quot; title=&quot;Waiting... by SeerLight, Aug 3, 2018 in Manga &amp;amp; Anime &amp;gt; Digital Media &amp;gt; Paintings&quot;data-super-img=&quot;https://images-wixmp-ed30a86b8c4ca887773594c2.wixmp.com/intermediary/f/4d94eabf-4257-437f-a08d-5ee63b69705f/dcil0xq-b988d8e4-e919-4b6c-baea-071dd1fb3dbe.jpg/v1/fill/w_755,h_1058,q_70,strp/waiting____by_seerlight_dcil0xq-pre.jpg&quot; data-super-width=&quot;755&quot; data-super-height=&quot;1058&quot; data-super-transparent=&quot;false&quot; data-super-alt=&quot;Waiting... by SeerLight&quot; data-super-full-img=&quot;https://images-wixmp-ed30a86b8c4ca887773594c2.wixmp.com/intermediary/f/4d94eabf-4257-437f-a08d-5ee63b69705f/dcil0xq-b988d8e4-e919-4b6c-baea-071dd1fb3dbe.jpg/v1/fill/w_1024,h_1434,q_70,strp/waiting____by_seerlight_dcil0xq-fullview.jpg&quot; data-super-full-width=&quot;1024&quot; data-super-full-height=&quot;1434&quot;        data-sigil=&quot;thumb&quot;&gt;
        &lt;i&gt;&lt;/i&gt;&lt;img   width=&quot;107&quot; height=&quot;150&quot; alt=&quot;Waiting... by SeerLight&quot; src=&quot;https://images-wixmp-ed30a86b8c4ca887773594c2.wixmp.com/intermediary/f/4d94eabf-4257-437f-a08d-5ee63b69705f/dcil0xq-b988d8e4-e919-4b6c-baea-071dd1fb3dbe.jpg/v1/fit/w_150,h_150,q_70,strp/waiting____by_seerlight_dcil0xq-150.jpg&quot; data-src=&quot;https://images-wixmp-ed30a86b8c4ca887773594c2.wixmp.com/intermediary/f/4d94eabf-4257-437f-a08d-5ee63b69705f/dcil0xq-b988d8e4-e919-4b6c-baea-071dd1fb3dbe.jpg/v1/fit/w_150,h_150,q_70,strp/waiting____by_seerlight_dcil0xq-150.jpg&quot; srcset=&quot;https://images-wixmp-ed30a86b8c4ca887773594c2.wixmp.com/intermediary/f/4d94eabf-4257-437f-a08d-5ee63b69705f/dcil0xq-b988d8e4-e919-4b6c-baea-071dd1fb3dbe.jpg/v1/fit/w_150,h_150,q_70,strp/waiting____by_seerlight_dcil0xq-150.jpg 107w,https://images-wixmp-ed30a86b8c4ca887773594c2.wixmp.com/intermediary/f/4d94eabf-4257-437f-a08d-5ee63b69705f/dcil0xq-b988d8e4-e919-4b6c-baea-071dd1fb3dbe.jpg/v1/crop/w_179,h_250,x_0,y_0,scl_0.086473429951691,q_70,strp/waiting____by_seerlight_dcil0xq-250t.jpg 179w,https://images-wixmp-ed30a86b8c4ca887773594c2.wixmp.com/intermediary/f/4d94eabf-4257-437f-a08d-5ee63b69705f/dcil0xq-b988d8e4-e919-4b6c-baea-071dd1fb3dbe.jpg/v1/fill/w_250,h_350,q_70,strp/waiting____by_seerlight_dcil0xq-350t.jpg 250w,https://images-wixmp-ed30a86b8c4ca887773594c2.wixmp.com/intermediary/f/4d94eabf-4257-437f-a08d-5ee63b69705f/dcil0xq-b988d8e4-e919-4b6c-baea-071dd1fb3dbe.jpg/v1/fill/w_286,h_400,q_70,strp/waiting____by_seerlight_dcil0xq-400t.jpg 286w,https://images-wixmp-ed30a86b8c4ca887773594c2.wixmp.com/intermediary/f/4d94eabf-4257-437f-a08d-5ee63b69705f/dcil0xq-b988d8e4-e919-4b6c-baea-071dd1fb3dbe.jpg/v1/fill/w_755,h_1058,q_70,strp/waiting____by_seerlight_dcil0xq-pre.jpg 755w&quot; sizes=&quot;107px&quot;&gt;&lt;/a&gt;&lt;/span&gt;&lt;!-- ^TTT --&gt;&lt;!-- TTT$ --&gt;&lt;/span&gt;&lt;span class=&quot;shadow-holder&quot; data-embed-type=&quot;deviation&quot; data-embed-id=&quot;750000983&quot; data-embed-format=&quot;thumb&quot;&gt;&lt;span class=&quot;shadow mild&quot; &gt;&lt;a class=&quot;thumb&quot; href=&quot;https://www.deviantart.com/seerlight/art/A-Little-Stroll-750000983&quot; title=&quot;A Little Stroll by SeerLight, Jun 22, 2018 in Digital Art &amp;gt; Drawings &amp;amp; Paintings &amp;gt; Landscapes &amp;amp; Scenery&quot;data-super-img=&quot;https://images-wixmp-ed30a86b8c4ca887773594c2.wixmp.com/intermediary/f/4d94eabf-4257-437f-a08d-5ee63b69705f/dcej4gn-38fe8b7a-329a-4a14-bb7f-62cf1d89840d.jpg/v1/fill/w_716,h_1115,q_70,strp/a_little_stroll_by_seerlight_dcej4gn-pre.jpg&quot; data-super-width=&quot;717&quot; data-super-height=&quot;1115&quot; data-super-transparent=&quot;false&quot; data-super-alt=&quot;A Little Stroll by SeerLight&quot; data-super-full-img=&quot;https://images-wixmp-ed30a86b8c4ca887773594c2.wixmp.com/intermediary/f/4d94eabf-4257-437f-a08d-5ee63b69705f/dcej4gn-38fe8b7a-329a-4a14-bb7f-62cf1d89840d.jpg/v1/fill/w_1024,h_1593,q_70,strp/a_little_stroll_by_seerlight_dcej4gn-fullview.jpg&quot; data-super-full-width=&quot;1024&quot; data-super-full-height=&quot;1593&quot;        data-sigil=&quot;thumb&quot;&gt;
        &lt;i&gt;&lt;/i&gt;&lt;img   width=&quot;96&quot; height=&quot;150&quot; alt=&quot;A Little Stroll by SeerLight&quot; src=&quot;https://images-wixmp-ed30a86b8c4ca887773594c2.wixmp.com/intermediary/f/4d94eabf-4257-437f-a08d-5ee63b69705f/dcej4gn-38fe8b7a-329a-4a14-bb7f-62cf1d89840d.jpg/v1/fit/w_150,h_150,q_70,strp/a_little_stroll_by_seerlight_dcej4gn-150.jpg&quot; data-src=&quot;https://images-wixmp-ed30a86b8c4ca887773594c2.wixmp.com/intermediary/f/4d94eabf-4257-437f-a08d-5ee63b69705f/dcej4gn-38fe8b7a-329a-4a14-bb7f-62cf1d89840d.jpg/v1/fit/w_150,h_150,q_70,strp/a_little_stroll_by_seerlight_dcej4gn-150.jpg&quot; srcset=&quot;https://images-wixmp-ed30a86b8c4ca887773594c2.wixmp.com/intermediary/f/4d94eabf-4257-437f-a08d-5ee63b69705f/dcej4gn-38fe8b7a-329a-4a14-bb7f-62cf1d89840d.jpg/v1/fit/w_150,h_150,q_70,strp/a_little_stroll_by_seerlight_dcej4gn-150.jpg 96w,https://images-wixmp-ed30a86b8c4ca887773594c2.wixmp.com/intermediary/f/4d94eabf-4257-437f-a08d-5ee63b69705f/dcej4gn-38fe8b7a-329a-4a14-bb7f-62cf1d89840d.jpg/v1/crop/w_161,h_250,x_0,y_0,scl_0.082017320427916,q_70,strp/a_little_stroll_by_seerlight_dcej4gn-250t.jpg 161w,https://images-wixmp-ed30a86b8c4ca887773594c2.wixmp.com/intermediary/f/4d94eabf-4257-437f-a08d-5ee63b69705f/dcej4gn-38fe8b7a-329a-4a14-bb7f-62cf1d89840d.jpg/v1/fill/w_225,h_350,q_70,strp/a_little_stroll_by_seerlight_dcej4gn-350t.jpg 225w,https://images-wixmp-ed30a86b8c4ca887773594c2.wixmp.com/intermediary/f/4d94eabf-4257-437f-a08d-5ee63b69705f/dcej4gn-38fe8b7a-329a-4a14-bb7f-62cf1d89840d.jpg/v1/fill/w_257,h_400,q_70,strp/a_little_stroll_by_seerlight_dcej4gn-400t.jpg 257w,https://images-wixmp-ed30a86b8c4ca887773594c2.wixmp.com/intermediary/f/4d94eabf-4257-437f-a08d-5ee63b69705f/dcej4gn-38fe8b7a-329a-4a14-bb7f-62cf1d89840d.jpg/v1/fill/w_716,h_1115,q_70,strp/a_little_stroll_by_seerlight_dcej4gn-pre.jpg 717w&quot; sizes=&quot;96px&quot;&gt;&lt;/a&gt;&lt;/span&gt;&lt;!-- ^TTT --&gt;&lt;!-- TTT$ --&gt;&lt;/span&gt;&lt;span class=&quot;shadow-holder&quot; data-embed-type=&quot;deviation&quot; data-embed-id=&quot;749796544&quot; data-embed-format=&quot;thumb&quot;&gt;&lt;span class=&quot;shadow mild&quot; &gt;&lt;a class=&quot;thumb&quot; href=&quot;https://www.deviantart.com/seerlight/art/Jelly-Boy-749796544&quot; title=&quot;Jelly Boy by SeerLight, Jun 15, 2018 in Digital Art &amp;gt; Drawings &amp;amp; Paintings &amp;gt; Surreal&quot;data-super-img=&quot;https://images-wixmp-ed30a86b8c4ca887773594c2.wixmp.com/intermediary/f/4d94eabf-4257-437f-a08d-5ee63b69705f/dceeqps-77ccafde-140f-4308-8091-3c65771098ea.jpg/v1/fill/w_894,h_894,q_70,strp/jelly_boy_by_seerlight_dceeqps-pre.jpg&quot; data-super-width=&quot;894&quot; data-super-height=&quot;894&quot; data-super-transparent=&quot;false&quot; data-super-alt=&quot;Jelly Boy by SeerLight&quot; data-super-full-img=&quot;https://images-wixmp-ed30a86b8c4ca887773594c2.wixmp.com/intermediary/f/4d94eabf-4257-437f-a08d-5ee63b69705f/dceeqps-77ccafde-140f-4308-8091-3c65771098ea.jpg/v1/fill/w_1024,h_1024,q_70,strp/jelly_boy_by_seerlight_dceeqps-fullview.jpg&quot; data-super-full-width=&quot;1024&quot; data-super-full-height=&quot;1024&quot;        data-sigil=&quot;thumb&quot;&gt;
        &lt;i&gt;&lt;/i&gt;&lt;img   width=&quot;150&quot; height=&quot;150&quot; alt=&quot;Jelly Boy by SeerLight&quot; src=&quot;https://images-wixmp-ed30a86b8c4ca887773594c2.wixmp.com/intermediary/f/4d94eabf-4257-437f-a08d-5ee63b69705f/dceeqps-77ccafde-140f-4308-8091-3c65771098ea.jpg/v1/fit/w_150,h_150,q_70,strp/jelly_boy_by_seerlight_dceeqps-150.jpg&quot; data-src=&quot;https://images-wixmp-ed30a86b8c4ca887773594c2.wixmp.com/intermediary/f/4d94eabf-4257-437f-a08d-5ee63b69705f/dceeqps-77ccafde-140f-4308-8091-3c65771098ea.jpg/v1/fit/w_150,h_150,q_70,strp/jelly_boy_by_seerlight_dceeqps-150.jpg&quot; srcset=&quot;https://images-wixmp-ed30a86b8c4ca887773594c2.wixmp.com/intermediary/f/4d94eabf-4257-437f-a08d-5ee63b69705f/dceeqps-77ccafde-140f-4308-8091-3c65771098ea.jpg/v1/fit/w_150,h_150,q_70,strp/jelly_boy_by_seerlight_dceeqps-150.jpg 150w,https://images-wixmp-ed30a86b8c4ca887773594c2.wixmp.com/intermediary/f/4d94eabf-4257-437f-a08d-5ee63b69705f/dceeqps-77ccafde-140f-4308-8091-3c65771098ea.jpg/v1/fill/w_250,h_250,q_70,strp/jelly_boy_by_seerlight_dceeqps-250t.jpg 250w,https://images-wixmp-ed30a86b8c4ca887773594c2.wixmp.com/intermediary/f/4d94eabf-4257-437f-a08d-5ee63b69705f/dceeqps-77ccafde-140f-4308-8091-3c65771098ea.jpg/v1/fill/w_350,h_350,q_70,strp/jelly_boy_by_seerlight_dceeqps-350t.jpg 350w,https://images-wixmp-ed30a86b8c4ca887773594c2.wixmp.com/intermediary/f/4d94eabf-4257-437f-a08d-5ee63b69705f/dceeqps-77ccafde-140f-4308-8091-3c65771098ea.jpg/v1/fill/w_400,h_400,q_70,strp/jelly_boy_by_seerlight_dceeqps-400t.jpg 400w,https://images-wixmp-ed30a86b8c4ca887773594c2.wixmp.com/intermediary/f/4d94eabf-4257-437f-a08d-5ee63b69705f/dceeqps-77ccafde-140f-4308-8091-3c65771098ea.jpg/v1/fill/w_894,h_894,q_70,strp/jelly_boy_by_seerlight_dceeqps-pre.jpg 894w&quot; sizes=&quot;150px&quot;&gt;&lt;/a&gt;&lt;/span&gt;&lt;!-- ^TTT --&gt;&lt;!-- TTT$ --&gt;&lt;/span&gt;&lt;span class=&quot;shadow-holder&quot; data-embed-type=&quot;deviation&quot; data-embed-id=&quot;745608786&quot; data-embed-format=&quot;thumb&quot;&gt;&lt;span class=&quot;shadow mild&quot; &gt;&lt;a class=&quot;thumb&quot; href=&quot;https://www.deviantart.com/seerlight/art/Melon-Cube-745608786&quot; title=&quot;Melon Cube by SeerLight, May 25, 2018 in Digital Art &amp;gt; Drawings &amp;amp; Paintings &amp;gt; Other&quot;data-super-img=&quot;https://images-wixmp-ed30a86b8c4ca887773594c2.wixmp.com/intermediary/f/4d94eabf-4257-437f-a08d-5ee63b69705f/dcbwzf6-4d8a6c3b-6a12-41c9-8859-6a236a3166f4.jpg/v1/fill/w_894,h_894,q_70,strp/melon_cube_by_seerlight_dcbwzf6-pre.jpg&quot; data-super-width=&quot;894&quot; data-super-height=&quot;894&quot; data-super-transparent=&quot;false&quot; data-super-alt=&quot;Melon Cube by SeerLight&quot; data-super-full-img=&quot;https://images-wixmp-ed30a86b8c4ca887773594c2.wixmp.com/intermediary/f/4d94eabf-4257-437f-a08d-5ee63b69705f/dcbwzf6-4d8a6c3b-6a12-41c9-8859-6a236a3166f4.jpg/v1/fill/w_1024,h_1024,q_70,strp/melon_cube_by_seerlight_dcbwzf6-fullview.jpg&quot; data-super-full-width=&quot;1024&quot; data-super-full-height=&quot;1024&quot;        data-sigil=&quot;thumb&quot;&gt;
        &lt;i&gt;&lt;/i&gt;&lt;img   width=&quot;150&quot; height=&quot;150&quot; alt=&quot;Melon Cube by SeerLight&quot; src=&quot;https://images-wixmp-ed30a86b8c4ca887773594c2.wixmp.com/intermediary/f/4d94eabf-4257-437f-a08d-5ee63b69705f/dcbwzf6-4d8a6c3b-6a12-41c9-8859-6a236a3166f4.jpg/v1/fit/w_150,h_150,q_70,strp/melon_cube_by_seerlight_dcbwzf6-150.jpg&quot; data-src=&quot;https://images-wixmp-ed30a86b8c4ca887773594c2.wixmp.com/intermediary/f/4d94eabf-4257-437f-a08d-5ee63b69705f/dcbwzf6-4d8a6c3b-6a12-41c9-8859-6a236a3166f4.jpg/v1/fit/w_150,h_150,q_70,strp/melon_cube_by_seerlight_dcbwzf6-150.jpg&quot; srcset=&quot;https://images-wixmp-ed30a86b8c4ca887773594c2.wixmp.com/intermediary/f/4d94eabf-4257-437f-a08d-5ee63b69705f/dcbwzf6-4d8a6c3b-6a12-41c9-8859-6a236a3166f4.jpg/v1/fit/w_150,h_150,q_70,strp/melon_cube_by_seerlight_dcbwzf6-150.jpg 150w,https://images-wixmp-ed30a86b8c4ca887773594c2.wixmp.com/intermediary/f/4d94eabf-4257-437f-a08d-5ee63b69705f/dcbwzf6-4d8a6c3b-6a12-41c9-8859-6a236a3166f4.jpg/v1/fill/w_250,h_250,q_70,strp/melon_cube_by_seerlight_dcbwzf6-250t.jpg 250w,https://images-wixmp-ed30a86b8c4ca887773594c2.wixmp.com/intermediary/f/4d94eabf-4257-437f-a08d-5ee63b69705f/dcbwzf6-4d8a6c3b-6a12-41c9-8859-6a236a3166f4.jpg/v1/fill/w_350,h_350,q_70,strp/melon_cube_by_seerlight_dcbwzf6-350t.jpg 350w,https://images-wixmp-ed30a86b8c4ca887773594c2.wixmp.com/intermediary/f/4d94eabf-4257-437f-a08d-5ee63b69705f/dcbwzf6-4d8a6c3b-6a12-41c9-8859-6a236a3166f4.jpg/v1/fill/w_400,h_400,q_70,strp/melon_cube_by_seerlight_dcbwzf6-400t.jpg 400w,https://images-wixmp-ed30a86b8c4ca887773594c2.wixmp.com/intermediary/f/4d94eabf-4257-437f-a08d-5ee63b69705f/dcbwzf6-4d8a6c3b-6a12-41c9-8859-6a236a3166f4.jpg/v1/fill/w_894,h_894,q_70,strp/melon_cube_by_seerlight_dcbwzf6-pre.jpg 894w&quot; sizes=&quot;150px&quot;&gt;&lt;/a&gt;&lt;/span&gt;&lt;!-- ^TTT --&gt;&lt;!-- TTT$ --&gt;&lt;/span&gt;&lt;br /&gt;&lt;div&gt;&lt;img src=&quot;https://t00.deviantart.net/7W4TN8x3Sjw95cjEdDwMy9LD8SQ=/300x200/filters:fixed_height(100,100):origin()/pre00/0384/th/pre/i/2019/048/1/d/fly__don_t_fly_by_seerlight-dd01c7x.jpg&quot; alt=&quot;thumbnail&quot; /&gt;&lt;/div&gt;</description>            </item>
                    <item>
                <title>[C] Effloresce</title>
                <link>https://hen-tie.deviantart.com/art/C-Effloresce-786192266</link>
                <guid isPermaLink="true">https://hen-tie.deviantart.com/art/C-Effloresce-786192266</guid>
                <pubDate>Mon, 18 Feb 2019 09:06:15 PST</pubDate>
                        <media:title type="plain">[C] Effloresce</media:title>
        <media:keywords></media:keywords>
                        <media:rating>nonadult</media:rating>
                <media:category label="Drawings">manga/digital/drawings</media:category>
        <media:credit role="author" scheme="urn:ebu">hen-tie</media:credit>
        <media:credit role="author" scheme="urn:ebu">https://a.deviantart.net/avatars/h/e/hen-tie.gif?2</media:credit>
        <media:copyright url="https://hen-tie.deviantart.com">Copyright 2019 hen-tie</media:copyright>
            <media:community>
                <media:tags>@myonehen</media:tags>
            </media:community>             <creativeCommons:license>http://creativecommons.org/licenses/by-nc-nd/3.0/</creativeCommons:license>
                <media:description type="html">&lt;blockquote&gt;&lt;div align=&quot;center&quot;&gt;&lt;a href=&quot;https://www.deviantart.com/empressofroses/art/Pixel-Sparkle-Divider-2-740301912&quot; class=&quot;emoticon&quot; data-embed-type=&quot;emoticon&quot; data-embed-id=&quot;740301912&quot; data-embed-profile=&quot;deviation&quot;&gt;&lt;img src=&quot;https://orig00.deviantart.net/d3db/f/2018/103/b/d/graphs_pixelsparkledivider2_by_starlightdreamspirit-dc8r8m0.gif&quot; alt=&quot;Pixel Sparkle Divider 2&quot; style=&quot;width:59px;height:13px&quot;&gt;&lt;/a&gt;&amp;nbsp;&lt;h1&gt;E F F L O R E S C E&lt;/h1&gt;&lt;code&gt;collab misshao + hen-tie&lt;/code&gt;&lt;br /&gt;&lt;a href=&quot;https://www.deviantart.com/empressofroses/art/Pixel-Sparkle-Divider-2-740301912&quot; class=&quot;emoticon&quot; data-embed-type=&quot;emoticon&quot; data-embed-id=&quot;740301912&quot; data-embed-profile=&quot;deviation&quot;&gt;&lt;img src=&quot;https://orig00.deviantart.net/d3db/f/2018/103/b/d/graphs_pixelsparkledivider2_by_starlightdreamspirit-dc8r8m0.gif&quot; alt=&quot;Pixel Sparkle Divider 2&quot; style=&quot;width:59px;height:13px&quot;&gt;&lt;/a&gt;&amp;nbsp;&lt;br /&gt;&lt;br /&gt;&lt;small&gt;Hello everyone! Another collab comm with misshao, she did such a wonderful job yet again. &lt;br /&gt;The colors of this pretty girl made me miss spending summer by the beach (though only a bit because I stay home nowadays www)&lt;br /&gt;&lt;br /&gt;Thanks for viewing!&lt;br /&gt;&lt;br /&gt;&lt;br /&gt;CREDITS&lt;br /&gt;Sariana (OC) belongs to &lt;span class=&quot;username-with-symbol u&quot;&gt;&lt;a class=&quot;u premium username&quot; href=&quot;https://www.deviantart.com/lekariaa&quot;&gt;Lekariaa&lt;/a&gt;&lt;span class=&quot;user-symbol premium&quot; data-quicktip-text=&quot;Core Member&quot; data-show-tooltip=&quot;1&quot; data-gruser-type=&quot;premium&quot;&gt;&lt;/span&gt;&lt;/span&gt;; designed by &lt;span class=&quot;username-with-symbol u&quot;&gt;&lt;a class=&quot;u beta username&quot; href=&quot;https://www.deviantart.com/piffi-sisters&quot;&gt;Piffi-sisters&lt;/a&gt;&lt;span class=&quot;user-symbol beta&quot; data-quicktip-text=&quot;Beta Tester&quot; data-show-tooltip=&quot;1&quot; data-gruser-type=&quot;beta&quot;&gt;&lt;/span&gt;&lt;/span&gt;&amp;nbsp;&lt;br /&gt;sketch, bg, and post-processing by me&lt;br /&gt;character lines &amp;amp; colors by &lt;a class=&quot;external&quot; href=&quot;https://www.deviantart.com/users/outgoing?https://twitter.com/misshao_00&quot;&gt;misshao&lt;/a&gt;&lt;/small&gt;&lt;br /&gt;&lt;/div&gt;&lt;br /&gt;&lt;/blockquote&gt;</media:description>            <media:thumbnail url="https://t00.deviantart.net/m7KLlxwHs5Q0QkuVZvz0f6EsHcI=/fit-in/150x150/filters:no_upscale():origin()/pre00/3e27/th/pre/f/2019/049/c/6/_c__effloresce_by_hen_tie-dd02tu2.png" height="150" width="119"/>            <media:thumbnail url="https://t00.deviantart.net/zMN4kdz4NTRQrlp4BgpOtN7ut0Y=/fit-in/300x900/filters:no_upscale():origin()/pre00/3e27/th/pre/f/2019/049/c/6/_c__effloresce_by_hen_tie-dd02tu2.png" height="380" width="300"/>            <media:thumbnail url="https://t00.deviantart.net/pjOVPDL8q6GMLr8zvSFhL_ZBaog=/300x200/filters:fixed_height(100,100):origin()/pre00/3e27/th/pre/f/2019/049/c/6/_c__effloresce_by_hen_tie-dd02tu2.png" height="200" width="158"/>            <media:content url="https://pre00.deviantart.net/3e27/th/pre/f/2019/049/c/6/_c__effloresce_by_hen_tie-dd02tu2.png" height="1006" width="794" medium="image"/>            
            <description>&lt;blockquote&gt;&lt;div align=&quot;center&quot;&gt;&lt;a href=&quot;https://www.deviantart.com/empressofroses/art/Pixel-Sparkle-Divider-2-740301912&quot; class=&quot;emoticon&quot; data-embed-type=&quot;emoticon&quot; data-embed-id=&quot;740301912&quot; data-embed-profile=&quot;deviation&quot;&gt;&lt;img src=&quot;https://orig00.deviantart.net/d3db/f/2018/103/b/d/graphs_pixelsparkledivider2_by_starlightdreamspirit-dc8r8m0.gif&quot; alt=&quot;Pixel Sparkle Divider 2&quot; style=&quot;width:59px;height:13px&quot;&gt;&lt;/a&gt;&amp;nbsp;&lt;h1&gt;E F F L O R E S C E&lt;/h1&gt;&lt;code&gt;collab misshao + hen-tie&lt;/code&gt;&lt;br /&gt;&lt;a href=&quot;https://www.deviantart.com/empressofroses/art/Pixel-Sparkle-Divider-2-740301912&quot; class=&quot;emoticon&quot; data-embed-type=&quot;emoticon&quot; data-embed-id=&quot;740301912&quot; data-embed-profile=&quot;deviation&quot;&gt;&lt;img src=&quot;https://orig00.deviantart.net/d3db/f/2018/103/b/d/graphs_pixelsparkledivider2_by_starlightdreamspirit-dc8r8m0.gif&quot; alt=&quot;Pixel Sparkle Divider 2&quot; style=&quot;width:59px;height:13px&quot;&gt;&lt;/a&gt;&amp;nbsp;&lt;br /&gt;&lt;br /&gt;&lt;small&gt;Hello everyone! Another collab comm with misshao, she did such a wonderful job yet again. &lt;br /&gt;The colors of this pretty girl made me miss spending summer by the beach (though only a bit because I stay home nowadays www)&lt;br /&gt;&lt;br /&gt;Thanks for viewing!&lt;br /&gt;&lt;br /&gt;&lt;br /&gt;CREDITS&lt;br /&gt;Sariana (OC) belongs to &lt;span class=&quot;username-with-symbol u&quot;&gt;&lt;a class=&quot;u premium username&quot; href=&quot;https://www.deviantart.com/lekariaa&quot;&gt;Lekariaa&lt;/a&gt;&lt;span class=&quot;user-symbol premium&quot; data-quicktip-text=&quot;Core Member&quot; data-show-tooltip=&quot;1&quot; data-gruser-type=&quot;premium&quot;&gt;&lt;/span&gt;&lt;/span&gt;; designed by &lt;span class=&quot;username-with-symbol u&quot;&gt;&lt;a class=&quot;u beta username&quot; href=&quot;https://www.deviantart.com/piffi-sisters&quot;&gt;Piffi-sisters&lt;/a&gt;&lt;span class=&quot;user-symbol beta&quot; data-quicktip-text=&quot;Beta Tester&quot; data-show-tooltip=&quot;1&quot; data-gruser-type=&quot;beta&quot;&gt;&lt;/span&gt;&lt;/span&gt;&amp;nbsp;&lt;br /&gt;sketch, bg, and post-processing by me&lt;br /&gt;character lines &amp;amp; colors by &lt;a class=&quot;external&quot; href=&quot;https://www.deviantart.com/users/outgoing?https://twitter.com/misshao_00&quot;&gt;misshao&lt;/a&gt;&lt;/small&gt;&lt;br /&gt;&lt;/div&gt;&lt;br /&gt;&lt;/blockquote&gt;&lt;br /&gt;&lt;div&gt;&lt;img src=&quot;https://t00.deviantart.net/pjOVPDL8q6GMLr8zvSFhL_ZBaog=/300x200/filters:fixed_height(100,100):origin()/pre00/3e27/th/pre/f/2019/049/c/6/_c__effloresce_by_hen_tie-dd02tu2.png&quot; alt=&quot;thumbnail&quot; /&gt;&lt;/div&gt;</description>            </item>
                    <item>
                <title>Smug</title>
                <link>https://bleedman.deviantart.com/art/Smug-786151872</link>
                <guid isPermaLink="true">https://bleedman.deviantart.com/art/Smug-786151872</guid>
                <pubDate>Mon, 18 Feb 2019 00:24:37 PST</pubDate>
                        <media:title type="plain">Smug</media:title>
        <media:keywords></media:keywords>
                        <media:rating>nonadult</media:rating>
                <media:category label="Games">fanart/digital/drawings/games</media:category>
        <media:credit role="author" scheme="urn:ebu">bleedman</media:credit>
        <media:credit role="author" scheme="urn:ebu">https://a.deviantart.net/avatars/b/l/bleedman.jpg?8</media:credit>
        <media:copyright url="https://bleedman.deviantart.com">Copyright 2019 bleedman</media:copyright>            <media:description type="html">&lt;div&gt;&lt;i&gt;&lt;b&gt;&lt;a class=&quot;external&quot; href=&quot;https://www.deviantart.com/users/outgoing?https://snafu-comics.com/swmcomic/a-spiky-predicament/&quot;&gt;You got multistabbed?&lt;/a&gt;&lt;/b&gt;&lt;/i&gt;&amp;nbsp;&amp;nbsp; Bitch I&#039;m dancin.&lt;br /&gt;&lt;/div&gt;&lt;div&gt;&lt;i&gt;&lt;b&gt;&lt;br /&gt;&lt;/b&gt;&lt;/i&gt;&lt;/div&gt;&lt;div&gt;&lt;i&gt;&lt;b&gt;Support the PPGD Webcomic at &lt;a class=&quot;external&quot; href=&quot;https://www.deviantart.com/users/outgoing?https://www.patreon.com/vinson&quot;&gt;PPGD Patreon&lt;/a&gt;&lt;br /&gt;&lt;/b&gt;&lt;/i&gt;&lt;/div&gt;&lt;div&gt;&lt;div&gt;&lt;i&gt;&lt;b&gt;&lt;br /&gt;&lt;/b&gt;&lt;/i&gt;&lt;/div&gt;&lt;i&gt;&lt;b&gt;Check out some cool stuff at &lt;a class=&quot;external&quot; href=&quot;https://www.deviantart.com/users/outgoing?https://sharkrobot.com/&quot;&gt;Shark Robot&lt;/a&gt;&lt;/b&gt;&lt;/i&gt;&lt;/div&gt;</media:description>            <media:thumbnail url="https://t00.deviantart.net/AG_O2Ab6a3tT8jl2C1-RXJ1qAbI=/fit-in/150x150/filters:no_upscale():origin()/pre00/a00b/th/pre/f/2019/049/9/2/smug_by_bleedman-dd01yo0.png" height="150" width="116"/>            <media:thumbnail url="https://t00.deviantart.net/iObMfVn5dZumiOEIRHrXLu6jf7A=/fit-in/300x900/filters:no_upscale():origin()/pre00/a00b/th/pre/f/2019/049/9/2/smug_by_bleedman-dd01yo0.png" height="388" width="300"/>            <media:thumbnail url="https://t00.deviantart.net/9UYIOz2APLXcTKoHoxtCM91_Dm4=/300x200/filters:fixed_height(100,100):origin()/pre00/a00b/th/pre/f/2019/049/9/2/smug_by_bleedman-dd01yo0.png" height="200" width="155"/>            <media:content url="https://pre00.deviantart.net/a00b/th/pre/f/2019/049/9/2/smug_by_bleedman-dd01yo0.png" height="1017" width="786" medium="image"/>            
            <description>&lt;div&gt;&lt;i&gt;&lt;b&gt;&lt;a class=&quot;external&quot; href=&quot;https://www.deviantart.com/users/outgoing?https://snafu-comics.com/swmcomic/a-spiky-predicament/&quot;&gt;You got multistabbed?&lt;/a&gt;&lt;/b&gt;&lt;/i&gt;&amp;nbsp;&amp;nbsp; Bitch I&#039;m dancin.&lt;br /&gt;&lt;/div&gt;&lt;div&gt;&lt;i&gt;&lt;b&gt;&lt;br /&gt;&lt;/b&gt;&lt;/i&gt;&lt;/div&gt;&lt;div&gt;&lt;i&gt;&lt;b&gt;Support the PPGD Webcomic at &lt;a class=&quot;external&quot; href=&quot;https://www.deviantart.com/users/outgoing?https://www.patreon.com/vinson&quot;&gt;PPGD Patreon&lt;/a&gt;&lt;br /&gt;&lt;/b&gt;&lt;/i&gt;&lt;/div&gt;&lt;div&gt;&lt;div&gt;&lt;i&gt;&lt;b&gt;&lt;br /&gt;&lt;/b&gt;&lt;/i&gt;&lt;/div&gt;&lt;i&gt;&lt;b&gt;Check out some cool stuff at &lt;a class=&quot;external&quot; href=&quot;https://www.deviantart.com/users/outgoing?https://sharkrobot.com/&quot;&gt;Shark Robot&lt;/a&gt;&lt;/b&gt;&lt;/i&gt;&lt;/div&gt;&lt;br /&gt;&lt;div&gt;&lt;img src=&quot;https://t00.deviantart.net/9UYIOz2APLXcTKoHoxtCM91_Dm4=/300x200/filters:fixed_height(100,100):origin()/pre00/a00b/th/pre/f/2019/049/9/2/smug_by_bleedman-dd01yo0.png&quot; alt=&quot;thumbnail&quot; /&gt;&lt;/div&gt;</description>            </item>
                    <item>
                <title>COMMISSION: Dreamy Harem</title>
                <link>https://jadenkaiba.deviantart.com/art/COMMISSION-Dreamy-Harem-786105580</link>
                <guid isPermaLink="true">https://jadenkaiba.deviantart.com/art/COMMISSION-Dreamy-Harem-786105580</guid>
                <pubDate>Sun, 17 Feb 2019 17:38:10 PST</pubDate>
                        <media:title type="plain">COMMISSION: Dreamy Harem</media:title>
        <media:keywords></media:keywords>
                        <media:rating>adult</media:rating>
                <media:category label="Drawings">manga/digital/drawings</media:category>
        <media:credit role="author" scheme="urn:ebu">jadenkaiba</media:credit>
        <media:credit role="author" scheme="urn:ebu">https://a.deviantart.net/avatars/j/a/jadenkaiba.gif?5</media:credit>
        <media:copyright url="https://jadenkaiba.deviantart.com">Copyright 2019 jadenkaiba</media:copyright>
            <media:community>
                <media:tags>@jadenkaiba</media:tags>
            </media:community>            <media:description type="html">&lt;i&gt;&quot;Dreams do come true~!&quot;&lt;/i&gt;&lt;br /&gt;&lt;br /&gt;&lt;b&gt;THE COMMISSIONER WANTED TO REMAIN ANONYMOUS&lt;/b&gt;&lt;br /&gt;&lt;br /&gt;Commissioners Dream Girl Harem&lt;br /&gt;&lt;br /&gt;&lt;b&gt;CHARACTERS FROM TOP LEFT TO BOTTOM RIGHT:&lt;/b&gt;&lt;br /&gt;&lt;br /&gt;&lt;b&gt;Ahri&lt;/b&gt; - &lt;i&gt;League of Legends&lt;/i&gt;&lt;br /&gt;&lt;b&gt;Sona &lt;/b&gt;- &lt;i&gt;League of Legends&lt;/i&gt;&lt;br /&gt;&lt;b&gt;Super Sonico&lt;/b&gt; -&lt;i&gt; Super Sonico the Animation&lt;/i&gt;&lt;br /&gt;&lt;b&gt;Hestia&lt;/b&gt; -&amp;nbsp;&lt;i&gt;Dungeon ni Deai wo Motomeru no ha Machigatteiru Darou ka/Is It Wrong to Try to Pick Up Girls in a Dungeon?&lt;/i&gt;&lt;br /&gt;&lt;b&gt;Asuna Yuki&lt;/b&gt; - &lt;i&gt;Sword Art Online&lt;/i&gt;&lt;br /&gt;&lt;b&gt;Alice&lt;/b&gt; - &lt;i&gt;Monster Girl Quest&lt;/i&gt;&lt;br /&gt;&lt;b&gt;Ako Tamaki&lt;/b&gt; - &lt;i&gt;Netoge no Yome wa Onnanoko ja nai to Omotta?/And You Thought There Is Never a Girl Online?&lt;/i&gt;&lt;br /&gt;&lt;b&gt;Tsubame&lt;/b&gt; -&lt;i&gt; Original Character&lt;/i&gt;&lt;br /&gt;&lt;b&gt;Kasumi &lt;/b&gt;- &lt;i&gt;Dead or Alive&lt;/i&gt;&lt;br /&gt;&lt;b&gt;Shamsiel Shashar&lt;/b&gt; - &lt;i&gt;Kyonyuu Fantasy&lt;br /&gt;&lt;br /&gt;&lt;/i&gt;&lt;p align=&quot;center&quot;&gt;&lt;span&gt;--------------------------------------------------------------------------------------------------------------------------------------------------------------------&lt;/span&gt;&lt;/p&gt; &lt;p align=&quot;center&quot;&gt;&lt;span&gt;&amp;nbsp;&lt;/span&gt;&lt;/p&gt; &lt;p align=&quot;center&quot;&gt;&lt;span&gt;Hai sai !! Jaden Kaiba are 2 persons (in fact Twins) and both are Artist from the Philippines&amp;nbsp; &lt;/span&gt;&lt;/p&gt; &lt;p align=&quot;center&quot;&gt;&lt;span&gt;&amp;nbsp;&lt;/span&gt;&lt;/p&gt; &lt;p align=&quot;center&quot;&gt;&lt;a class=&quot;external&quot; href=&quot;http://www.deviantart.com/users/outgoing?https://www.facebook.com/jadenkaiba&quot;&gt;&lt;b&gt;&lt;span&gt;FACEBOOK&lt;/span&gt;&lt;/b&gt;&lt;/a&gt;&lt;b&gt;&lt;span&gt;&amp;nbsp;|&amp;nbsp;&lt;/span&gt;&lt;/b&gt;&lt;a class=&quot;external&quot; href=&quot;http://www.deviantart.com/users/outgoing?https://www.facebook.com/jadenkaibaart&quot;&gt;&lt;b&gt;&lt;span&gt;FACEBOOK ART PAGE&lt;/span&gt;&lt;/b&gt;&lt;/a&gt;&lt;b&gt;&lt;span&gt;&amp;nbsp;|&amp;nbsp;&lt;/span&gt;&lt;/b&gt;&lt;a class=&quot;external&quot; href=&quot;http://www.deviantart.com/users/outgoing?https://www.facebook.com/pages/Yui-Yusuke-School-Fight/178928708829321&quot;&gt;&lt;b&gt;&lt;span&gt;SCHOOL FIGHT FB&amp;nbsp;&lt;/span&gt;&lt;/b&gt;&lt;/a&gt;&lt;b&gt;&lt;span&gt;| &amp;nbsp;&lt;/span&gt;&lt;/b&gt;&lt;a class=&quot;external&quot; href=&quot;http://www.deviantart.com/users/outgoing?http://jadenkaiba.tumblr.com/&quot;&gt;&lt;b&gt;&lt;span&gt;TUMBLR&lt;/span&gt;&lt;/b&gt;&lt;/a&gt;&lt;b&gt;&lt;span&gt;&amp;nbsp;|&lt;/span&gt;&lt;/b&gt;&lt;a class=&quot;external&quot; href=&quot;http://www.deviantart.com/users/outgoing?https://twitter.com/jadenkaiba&quot;&gt;&lt;b&gt;&lt;span&gt;TWITTER&lt;/span&gt;&lt;/b&gt;&lt;/a&gt;&lt;b&gt;&lt;span&gt;&amp;nbsp;|&lt;/span&gt;&lt;/b&gt;&lt;a class=&quot;external&quot; href=&quot;http://www.deviantart.com/users/outgoing?http://pixiv.me/jadenkaibaex&quot;&gt;&lt;b&gt;&lt;span&gt;PIXIV&lt;/span&gt;&lt;/b&gt;&lt;/a&gt;&lt;b&gt;&lt;span&gt;&amp;nbsp;|&amp;nbsp;&lt;/span&gt;&lt;/b&gt;&lt;a class=&quot;external&quot; href=&quot;http://www.deviantart.com/users/outgoing?https://www.instagram.com/jadenkaiba/&quot;&gt;&lt;b&gt;&lt;span&gt;INSTAGRAM&lt;/span&gt;&lt;/b&gt;&lt;/a&gt;&lt;b&gt;&lt;span&gt;&amp;nbsp;|&lt;br /&gt; &lt;br /&gt; &lt;/span&gt;&lt;/b&gt;&lt;a class=&quot;external&quot; href=&quot;http://www.deviantart.com/users/outgoing?https://www.artstation.com/artist/jadenkaiba&quot;&gt;&lt;b&gt;&lt;span&gt;ARTSTATION&lt;/span&gt;&lt;/b&gt;&lt;/a&gt;&lt;b&gt;&lt;span&gt;&amp;nbsp;|&amp;nbsp;&lt;/span&gt;&lt;/b&gt;&lt;a class=&quot;external&quot; href=&quot;http://www.deviantart.com/users/outgoing?http://drawcrowd.com/jadenkaiba&quot;&gt;&lt;b&gt;&lt;span&gt;DRAWCROWD&lt;/span&gt;&lt;/b&gt;&lt;/a&gt;&lt;b&gt;&lt;span&gt;&amp;nbsp;|&amp;nbsp;&lt;/span&gt;&lt;/b&gt;&lt;a class=&quot;external&quot; href=&quot;http://www.deviantart.com/users/outgoing?http://otakumode.com/jadenkaiba&quot;&gt;&lt;b&gt;&lt;span&gt;OTAKUMODE&lt;/span&gt;&lt;/b&gt;&lt;/a&gt;&lt;b&gt;&lt;span&gt;&amp;nbsp;|&amp;nbsp;&lt;/span&gt;&lt;/b&gt;&lt;a class=&quot;external&quot; href=&quot;http://www.deviantart.com/users/outgoing?https://plus.google.com/+JadenKaiba&quot;&gt;&lt;b&gt;&lt;span&gt;GOOGLE+&lt;/span&gt;&lt;/b&gt;&lt;/a&gt;&lt;b&gt;&lt;span&gt;&amp;nbsp;|&amp;nbsp;&lt;/span&gt;&lt;/b&gt;&lt;a class=&quot;external&quot; href=&quot;http://www.deviantart.com/users/outgoing?https://www.youtube.com/user/3000kaiba3000&quot;&gt;&lt;b&gt;&lt;span&gt;YOUTUBE&lt;/span&gt;&lt;/b&gt;&lt;/a&gt;&lt;b&gt;&lt;span&gt;&amp;nbsp;|&amp;nbsp;&lt;/span&gt;&lt;/b&gt;&lt;a class=&quot;external&quot; href=&quot;http://www.deviantart.com/users/outgoing?https://picarto.tv/jadenkaiba&quot;&gt;&lt;b&gt;&lt;span&gt;PICARTO&lt;/span&gt;&lt;/b&gt;&lt;/a&gt;&lt;b&gt;&lt;span&gt;&amp;nbsp;|&amp;nbsp;&lt;/span&gt;&lt;/b&gt;&lt;a class=&quot;external&quot; href=&quot;http://www.deviantart.com/users/outgoing?https://www.twitch.tv/jadenkaiba&quot;&gt;&lt;b&gt;&lt;span&gt;TWITCH&lt;/span&gt;&lt;/b&gt;&lt;/a&gt;&lt;b&gt;&lt;span&gt;&amp;nbsp;|&amp;nbsp;&lt;/span&gt;&lt;/b&gt;&lt;a href=&quot;http://jadenkaiba.deviantart.com/&quot;&gt;&lt;b&gt;&lt;span&gt;DEVIANTART&lt;/span&gt;&lt;/b&gt;&lt;/a&gt;&lt;b&gt;&lt;span&gt;&amp;nbsp;|&lt;/span&gt;&lt;/b&gt;&lt;/p&gt; &lt;p&gt;&amp;nbsp;&lt;/p&gt;</media:description>            <media:thumbnail url="https://t00.deviantart.net/-cUiRmnZiUMyfzO3iMTbKOV7En0=/fit-in/150x150/filters:no_upscale():origin()/pre00/b8e4/th/pre/f/2019/048/5/b/commission__dreamy_harem_by_jadenkaiba-dd00yy4.png" height="91" width="150"/>            <media:thumbnail url="https://t00.deviantart.net/fD50NBUmOZ-sfLRG9rf206h374U=/fit-in/300x900/filters:no_upscale():origin()/pre00/b8e4/th/pre/f/2019/048/5/b/commission__dreamy_harem_by_jadenkaiba-dd00yy4.png" height="182" width="300"/>            <media:thumbnail url="https://t00.deviantart.net/e3JFRAhCVV6mHiRjma3FCBu5Jtw=/300x200/filters:fixed_height(100,100):origin()/pre00/b8e4/th/pre/f/2019/048/5/b/commission__dreamy_harem_by_jadenkaiba-dd00yy4.png" height="182" width="300"/>            <media:content url="https://orig00.deviantart.net/9fc7/f/2019/048/5/b/commission__dreamy_harem_by_jadenkaiba-dd00yy4.png" height="605" width="1000" medium="image"/>            
            <description>&lt;i&gt;&quot;Dreams do come true~!&quot;&lt;/i&gt;&lt;br /&gt;&lt;br /&gt;&lt;b&gt;THE COMMISSIONER WANTED TO REMAIN ANONYMOUS&lt;/b&gt;&lt;br /&gt;&lt;br /&gt;Commissioners Dream Girl Harem&lt;br /&gt;&lt;br /&gt;&lt;b&gt;CHARACTERS FROM TOP LEFT TO BOTTOM RIGHT:&lt;/b&gt;&lt;br /&gt;&lt;br /&gt;&lt;b&gt;Ahri&lt;/b&gt; - &lt;i&gt;League of Legends&lt;/i&gt;&lt;br /&gt;&lt;b&gt;Sona &lt;/b&gt;- &lt;i&gt;League of Legends&lt;/i&gt;&lt;br /&gt;&lt;b&gt;Super Sonico&lt;/b&gt; -&lt;i&gt; Super Sonico the Animation&lt;/i&gt;&lt;br /&gt;&lt;b&gt;Hestia&lt;/b&gt; -&amp;nbsp;&lt;i&gt;Dungeon ni Deai wo Motomeru no ha Machigatteiru Darou ka/Is It Wrong to Try to Pick Up Girls in a Dungeon?&lt;/i&gt;&lt;br /&gt;&lt;b&gt;Asuna Yuki&lt;/b&gt; - &lt;i&gt;Sword Art Online&lt;/i&gt;&lt;br /&gt;&lt;b&gt;Alice&lt;/b&gt; - &lt;i&gt;Monster Girl Quest&lt;/i&gt;&lt;br /&gt;&lt;b&gt;Ako Tamaki&lt;/b&gt; - &lt;i&gt;Netoge no Yome wa Onnanoko ja nai to Omotta?/And You Thought There Is Never a Girl Online?&lt;/i&gt;&lt;br /&gt;&lt;b&gt;Tsubame&lt;/b&gt; -&lt;i&gt; Original Character&lt;/i&gt;&lt;br /&gt;&lt;b&gt;Kasumi &lt;/b&gt;- &lt;i&gt;Dead or Alive&lt;/i&gt;&lt;br /&gt;&lt;b&gt;Shamsiel Shashar&lt;/b&gt; - &lt;i&gt;Kyonyuu Fantasy&lt;br /&gt;&lt;br /&gt;&lt;/i&gt;&lt;p align=&quot;center&quot;&gt;&lt;span&gt;--------------------------------------------------------------------------------------------------------------------------------------------------------------------&lt;/span&gt;&lt;/p&gt; &lt;p align=&quot;center&quot;&gt;&lt;span&gt;&amp;nbsp;&lt;/span&gt;&lt;/p&gt; &lt;p align=&quot;center&quot;&gt;&lt;span&gt;Hai sai !! Jaden Kaiba are 2 persons (in fact Twins) and both are Artist from the Philippines&amp;nbsp; &lt;/span&gt;&lt;/p&gt; &lt;p align=&quot;center&quot;&gt;&lt;span&gt;&amp;nbsp;&lt;/span&gt;&lt;/p&gt; &lt;p align=&quot;center&quot;&gt;&lt;a class=&quot;external&quot; href=&quot;http://www.deviantart.com/users/outgoing?https://www.facebook.com/jadenkaiba&quot;&gt;&lt;b&gt;&lt;span&gt;FACEBOOK&lt;/span&gt;&lt;/b&gt;&lt;/a&gt;&lt;b&gt;&lt;span&gt;&amp;nbsp;|&amp;nbsp;&lt;/span&gt;&lt;/b&gt;&lt;a class=&quot;external&quot; href=&quot;http://www.deviantart.com/users/outgoing?https://www.facebook.com/jadenkaibaart&quot;&gt;&lt;b&gt;&lt;span&gt;FACEBOOK ART PAGE&lt;/span&gt;&lt;/b&gt;&lt;/a&gt;&lt;b&gt;&lt;span&gt;&amp;nbsp;|&amp;nbsp;&lt;/span&gt;&lt;/b&gt;&lt;a class=&quot;external&quot; href=&quot;http://www.deviantart.com/users/outgoing?https://www.facebook.com/pages/Yui-Yusuke-School-Fight/178928708829321&quot;&gt;&lt;b&gt;&lt;span&gt;SCHOOL FIGHT FB&amp;nbsp;&lt;/span&gt;&lt;/b&gt;&lt;/a&gt;&lt;b&gt;&lt;span&gt;| &amp;nbsp;&lt;/span&gt;&lt;/b&gt;&lt;a class=&quot;external&quot; href=&quot;http://www.deviantart.com/users/outgoing?http://jadenkaiba.tumblr.com/&quot;&gt;&lt;b&gt;&lt;span&gt;TUMBLR&lt;/span&gt;&lt;/b&gt;&lt;/a&gt;&lt;b&gt;&lt;span&gt;&amp;nbsp;|&lt;/span&gt;&lt;/b&gt;&lt;a class=&quot;external&quot; href=&quot;http://www.deviantart.com/users/outgoing?https://twitter.com/jadenkaiba&quot;&gt;&lt;b&gt;&lt;span&gt;TWITTER&lt;/span&gt;&lt;/b&gt;&lt;/a&gt;&lt;b&gt;&lt;span&gt;&amp;nbsp;|&lt;/span&gt;&lt;/b&gt;&lt;a class=&quot;external&quot; href=&quot;http://www.deviantart.com/users/outgoing?http://pixiv.me/jadenkaibaex&quot;&gt;&lt;b&gt;&lt;span&gt;PIXIV&lt;/span&gt;&lt;/b&gt;&lt;/a&gt;&lt;b&gt;&lt;span&gt;&amp;nbsp;|&amp;nbsp;&lt;/span&gt;&lt;/b&gt;&lt;a class=&quot;external&quot; href=&quot;http://www.deviantart.com/users/outgoing?https://www.instagram.com/jadenkaiba/&quot;&gt;&lt;b&gt;&lt;span&gt;INSTAGRAM&lt;/span&gt;&lt;/b&gt;&lt;/a&gt;&lt;b&gt;&lt;span&gt;&amp;nbsp;|&lt;br /&gt; &lt;br /&gt; &lt;/span&gt;&lt;/b&gt;&lt;a class=&quot;external&quot; href=&quot;http://www.deviantart.com/users/outgoing?https://www.artstation.com/artist/jadenkaiba&quot;&gt;&lt;b&gt;&lt;span&gt;ARTSTATION&lt;/span&gt;&lt;/b&gt;&lt;/a&gt;&lt;b&gt;&lt;span&gt;&amp;nbsp;|&amp;nbsp;&lt;/span&gt;&lt;/b&gt;&lt;a class=&quot;external&quot; href=&quot;http://www.deviantart.com/users/outgoing?http://drawcrowd.com/jadenkaiba&quot;&gt;&lt;b&gt;&lt;span&gt;DRAWCROWD&lt;/span&gt;&lt;/b&gt;&lt;/a&gt;&lt;b&gt;&lt;span&gt;&amp;nbsp;|&amp;nbsp;&lt;/span&gt;&lt;/b&gt;&lt;a class=&quot;external&quot; href=&quot;http://www.deviantart.com/users/outgoing?http://otakumode.com/jadenkaiba&quot;&gt;&lt;b&gt;&lt;span&gt;OTAKUMODE&lt;/span&gt;&lt;/b&gt;&lt;/a&gt;&lt;b&gt;&lt;span&gt;&amp;nbsp;|&amp;nbsp;&lt;/span&gt;&lt;/b&gt;&lt;a class=&quot;external&quot; href=&quot;http://www.deviantart.com/users/outgoing?https://plus.google.com/+JadenKaiba&quot;&gt;&lt;b&gt;&lt;span&gt;GOOGLE+&lt;/span&gt;&lt;/b&gt;&lt;/a&gt;&lt;b&gt;&lt;span&gt;&amp;nbsp;|&amp;nbsp;&lt;/span&gt;&lt;/b&gt;&lt;a class=&quot;external&quot; href=&quot;http://www.deviantart.com/users/outgoing?https://www.youtube.com/user/3000kaiba3000&quot;&gt;&lt;b&gt;&lt;span&gt;YOUTUBE&lt;/span&gt;&lt;/b&gt;&lt;/a&gt;&lt;b&gt;&lt;span&gt;&amp;nbsp;|&amp;nbsp;&lt;/span&gt;&lt;/b&gt;&lt;a class=&quot;external&quot; href=&quot;http://www.deviantart.com/users/outgoing?https://picarto.tv/jadenkaiba&quot;&gt;&lt;b&gt;&lt;span&gt;PICARTO&lt;/span&gt;&lt;/b&gt;&lt;/a&gt;&lt;b&gt;&lt;span&gt;&amp;nbsp;|&amp;nbsp;&lt;/span&gt;&lt;/b&gt;&lt;a class=&quot;external&quot; href=&quot;http://www.deviantart.com/users/outgoing?https://www.twitch.tv/jadenkaiba&quot;&gt;&lt;b&gt;&lt;span&gt;TWITCH&lt;/span&gt;&lt;/b&gt;&lt;/a&gt;&lt;b&gt;&lt;span&gt;&amp;nbsp;|&amp;nbsp;&lt;/span&gt;&lt;/b&gt;&lt;a href=&quot;http://jadenkaiba.deviantart.com/&quot;&gt;&lt;b&gt;&lt;span&gt;DEVIANTART&lt;/span&gt;&lt;/b&gt;&lt;/a&gt;&lt;b&gt;&lt;span&gt;&amp;nbsp;|&lt;/span&gt;&lt;/b&gt;&lt;/p&gt; &lt;p&gt;&amp;nbsp;&lt;/p&gt;&lt;br /&gt;&lt;div&gt;&lt;img src=&quot;https://t00.deviantart.net/e3JFRAhCVV6mHiRjma3FCBu5Jtw=/300x200/filters:fixed_height(100,100):origin()/pre00/b8e4/th/pre/f/2019/048/5/b/commission__dreamy_harem_by_jadenkaiba-dd00yy4.png&quot; alt=&quot;thumbnail&quot; /&gt;&lt;/div&gt;</description>            </item>
                    <item>
                <title>agressive stylistic sasy kd</title>
                <link>https://kittydogcrystal.deviantart.com/art/agressive-stylistic-sasy-kd-786180467</link>
                <guid isPermaLink="true">https://kittydogcrystal.deviantart.com/art/agressive-stylistic-sasy-kd-786180467</guid>
                <pubDate>Mon, 18 Feb 2019 07:05:41 PST</pubDate>
                        <media:title type="plain">agressive stylistic sasy kd</media:title>
        <media:keywords></media:keywords>
                        <media:rating>nonadult</media:rating>
                <media:category label="Animals">anthro/digital/drawings/animals</media:category>
        <media:credit role="author" scheme="urn:ebu">kittydogcrystal</media:credit>
        <media:credit role="author" scheme="urn:ebu">https://a.deviantart.net/avatars/k/i/kittydogcrystal.png?3</media:credit>
        <media:copyright url="https://kittydogcrystal.deviantart.com">Copyright 2019 kittydogcrystal</media:copyright>            <media:description type="html">slurp</media:description>            <media:thumbnail url="https://t00.deviantart.net/0FDwDToKhLjxHBVNJPsjXr3GSDc=/fit-in/150x150/filters:no_upscale():origin()/pre00/2e51/th/pre/f/2019/049/1/0/drink_up_by_kittydogcrystal-dd02kqb.png" height="131" width="150"/>            <media:thumbnail url="https://t00.deviantart.net/lLGzyL8xUNcRmJIawOUDTpsurUA=/fit-in/300x900/filters:no_upscale():origin()/pre00/2e51/th/pre/f/2019/049/1/0/drink_up_by_kittydogcrystal-dd02kqb.png" height="263" width="300"/>            <media:thumbnail url="https://t00.deviantart.net/VrcyOuMuDzFibiYMPmgfAFBQd5s=/300x200/filters:fixed_height(100,100):origin()/pre00/2e51/th/pre/f/2019/049/1/0/drink_up_by_kittydogcrystal-dd02kqb.png" height="200" width="229"/>            <media:content url="https://pre00.deviantart.net/2e51/th/pre/f/2019/049/1/0/drink_up_by_kittydogcrystal-dd02kqb.png" height="836" width="956" medium="image"/>            
            <description>slurp&lt;br /&gt;&lt;div&gt;&lt;img src=&quot;https://t00.deviantart.net/VrcyOuMuDzFibiYMPmgfAFBQd5s=/300x200/filters:fixed_height(100,100):origin()/pre00/2e51/th/pre/f/2019/049/1/0/drink_up_by_kittydogcrystal-dd02kqb.png&quot; alt=&quot;thumbnail&quot; /&gt;&lt;/div&gt;</description>            </item>
                    <item>
                <title>The Bride</title>
                <link>https://instantip.deviantart.com/art/The-Bride-786187944</link>
                <guid isPermaLink="true">https://instantip.deviantart.com/art/The-Bride-786187944</guid>
                <pubDate>Mon, 18 Feb 2019 08:12:46 PST</pubDate>
                        <media:title type="plain">The Bride</media:title>
        <media:keywords></media:keywords>
                        <media:rating>nonadult</media:rating>
                <media:category label="Fantasy">digitalart/paintings/fantasy</media:category>
        <media:credit role="author" scheme="urn:ebu">InstantIP</media:credit>
        <media:credit role="author" scheme="urn:ebu">https://a.deviantart.net/avatars/i/n/instantip.jpg?6</media:credit>
        <media:copyright url="https://instantip.deviantart.com">Copyright 2019 InstantIP</media:copyright>             <creativeCommons:license>http://creativecommons.org/licenses/by-nc-nd/3.0/</creativeCommons:license>
                <media:description type="html">&lt;p&gt;&#039;As you come into this stories, something else is also written away, and it begins a journey towards you.&lt;br /&gt;Even if your shadow runs away, It stands over your shadow until the end of stories.&lt;/p&gt;&lt;p&gt;Till Death do us part.&#039;&lt;/p&gt;&lt;a class=&quot;external&quot; href=&quot;https://www.deviantart.com/users/outgoing?https://www.artstation.com/artwork/EVNArK&quot;&gt;www.artstation.com/artwork/EVN&amp;hellip;&lt;/a&gt;</media:description>            <media:thumbnail url="https://t00.deviantart.net/a4CQ-OHc3HyCzIv0DFGJxd0IIYk=/fit-in/150x150/filters:no_upscale():origin()/pre00/3924/th/pre/f/2019/049/d/7/the_bride_by_instantip-dd02qi0.jpg" height="150" width="137"/>            <media:thumbnail url="https://t00.deviantart.net/HWcmZRuLGTljZRVC6k5PcGIdwjg=/fit-in/300x900/filters:no_upscale():origin()/pre00/3924/th/pre/f/2019/049/d/7/the_bride_by_instantip-dd02qi0.jpg" height="328" width="300"/>            <media:thumbnail url="https://t00.deviantart.net/mrVKufZBr_A4E6bj-Bh3gkurTmE=/300x200/filters:fixed_height(100,100):origin()/pre00/3924/th/pre/f/2019/049/d/7/the_bride_by_instantip-dd02qi0.jpg" height="200" width="183"/>            <media:content url="https://pre00.deviantart.net/3924/th/pre/f/2019/049/d/7/the_bride_by_instantip-dd02qi0.jpg" height="935" width="855" medium="image"/>            
            <description>&lt;p&gt;&#039;As you come into this stories, something else is also written away, and it begins a journey towards you.&lt;br /&gt;Even if your shadow runs away, It stands over your shadow until the end of stories.&lt;/p&gt;&lt;p&gt;Till Death do us part.&#039;&lt;/p&gt;&lt;a class=&quot;external&quot; href=&quot;https://www.deviantart.com/users/outgoing?https://www.artstation.com/artwork/EVNArK&quot;&gt;www.artstation.com/artwork/EVN&amp;hellip;&lt;/a&gt;&lt;br /&gt;&lt;div&gt;&lt;img src=&quot;https://t00.deviantart.net/mrVKufZBr_A4E6bj-Bh3gkurTmE=/300x200/filters:fixed_height(100,100):origin()/pre00/3924/th/pre/f/2019/049/d/7/the_bride_by_instantip-dd02qi0.jpg&quot; alt=&quot;thumbnail&quot; /&gt;&lt;/div&gt;</description>            </item>
                    <item>
                <title>Hinata Uzumaki vore</title>
                <link>https://bigbig-on-da.deviantart.com/art/Hinata-Uzumaki-vore-786118495</link>
                <guid isPermaLink="true">https://bigbig-on-da.deviantart.com/art/Hinata-Uzumaki-vore-786118495</guid>
                <pubDate>Sun, 17 Feb 2019 18:53:00 PST</pubDate>
                        <media:title type="plain">Hinata Uzumaki vore</media:title>
        <media:keywords></media:keywords>
                        <media:rating>adult</media:rating>
                <media:category label="Other">digitalart/paintings/other</media:category>
        <media:credit role="author" scheme="urn:ebu">BIGBIG-on-DA</media:credit>
        <media:credit role="author" scheme="urn:ebu">https://a.deviantart.net/avatars/b/i/bigbig-on-da.png?6</media:credit>
        <media:copyright url="https://bigbig-on-da.deviantart.com">Copyright 2019 BIGBIG-on-DA</media:copyright>            <media:description type="html">(Ran out of title ideas)&lt;br /&gt;Milf Hinata being bad at lying. &lt;br /&gt;The other two are made up characters each is +18&lt;br /&gt;&lt;br /&gt;Found out my GF is a big Naruto geek so I made something out of it.&lt;br /&gt;I myself don&#039;t know much about it but it sure seems like a fun anime.&lt;br /&gt;&lt;br /&gt;Yet another little something along the way and the new comic is almost here ;3&lt;br /&gt;&lt;br /&gt;&lt;p&gt;&quot;NADIA gets PRANEKD&quot; comic with F/FFFFFFF same size out NOW !!!&lt;br /&gt;&lt;br /&gt;&lt;span class=&quot;shadow-holder&quot; data-embed-type=&quot;deviation&quot; data-embed-id=&quot;775592072&quot; data-embed-format=&quot;thumb&quot;&gt;&lt;span class=&quot;shadow mild&quot; &gt;&lt;a class=&quot;thumb ismature&quot; href=&quot;https://www.deviantart.com/bigbig-on-da/art/NADIA-gets-PRANKED-comic-775592072&quot; title=&quot;NADIA gets PRANKED comic by BIGBIG-on-DA, Dec 6, 2018 in Digital Art &amp;gt; Drawings &amp;amp; Paintings &amp;gt; Other&quot;        data-sigil=&quot;thumb&quot;&gt;
                &lt;div class=&quot;thumb_agegate&quot;&gt;
            &lt;div class=&quot;agegate&quot;&gt;
                &lt;div class=&quot;nogo icon-blocked&quot;&gt;&lt;/div&gt;
                &lt;h1&gt;Mature Content&lt;/h1&gt;
            &lt;/div&gt;
        &lt;/div&gt;
        &lt;i&gt;&lt;/i&gt;&lt;img   width=&quot;150&quot; height=&quot;141&quot; alt=&quot;NADIA gets PRANKED comic by BIGBIG-on-DA&quot; src=&quot;https://t00.deviantart.net/EXYT8yGoA9jjZvHt7Q-he5MuXEo=/fit-in/150x150/filters:no_upscale():origin()/pre00/5c60/th/pre/i/2018/340/1/c/nadia_gets_pranked_comic_by_bigbig_on_da-dctrmo8.jpg&quot; data-src=&quot;https://t00.deviantart.net/EXYT8yGoA9jjZvHt7Q-he5MuXEo=/fit-in/150x150/filters:no_upscale():origin()/pre00/5c60/th/pre/i/2018/340/1/c/nadia_gets_pranked_comic_by_bigbig_on_da-dctrmo8.jpg&quot; srcset=&quot;https://t00.deviantart.net/EXYT8yGoA9jjZvHt7Q-he5MuXEo=/fit-in/150x150/filters:no_upscale():origin()/pre00/5c60/th/pre/i/2018/340/1/c/nadia_gets_pranked_comic_by_bigbig_on_da-dctrmo8.jpg 150w,https://t00.deviantart.net/5i3w_4rJplki8pqMJRdaI0xgbKc=/500x250/filters:fixed_height(100,100):origin()/pre00/5c60/th/pre/i/2018/340/1/c/nadia_gets_pranked_comic_by_bigbig_on_da-dctrmo8.jpg 267w,https://t00.deviantart.net/PAqkHiqlLfVzKD-2BZG_JWeVRWU=/700x350/filters:fixed_height(100,100):origin()/pre00/5c60/th/pre/i/2018/340/1/c/nadia_gets_pranked_comic_by_bigbig_on_da-dctrmo8.jpg 374w,https://t00.deviantart.net/236jsGQkLfLvtIczdQyQUBzG5DQ=/800x400/filters:fixed_height(100,100):origin()/pre00/5c60/th/pre/i/2018/340/1/c/nadia_gets_pranked_comic_by_bigbig_on_da-dctrmo8.jpg 427w,https://img00.deviantart.net/30be/i/2018/340/1/c/nadia_gets_pranked_comic_by_bigbig_on_da-dctrmo8.jpg 506w&quot; sizes=&quot;150px&quot;&gt;&lt;/a&gt;&lt;/span&gt;&lt;!-- ^TTT --&gt;&lt;!-- TTT$ --&gt;&lt;/span&gt;&lt;/p&gt;&lt;a href=&quot;https://www.deviantart.com/bigbig-on-da/art/NADIA-gets-PRANKED-comic-775592072&quot; title=&quot;NADIA gets PRANKED comic by BIGBIG-on-DA, Dec 6, 2018 in Digital Art &amp;amp;gt; Drawings &amp;amp;amp; Paintings &amp;amp;gt; Other&quot;&gt;&lt;i&gt;&lt;/i&gt;&lt;/a&gt;&lt;p&gt;&lt;/p&gt;&lt;a href=&quot;https://www.deviantart.com/bigbig-on-da/art/NADIA-gets-PRANKED-comic-775592072&quot; title=&quot;NADIA gets PRANKED comic by BIGBIG-on-DA, Dec 6, 2018 in Digital Art &amp;amp;gt; Drawings &amp;amp;amp; Paintings &amp;amp;gt; Other&quot;&gt;&lt;i&gt;&lt;/i&gt;&lt;/a&gt;&lt;p&gt;&lt;/p&gt;&lt;a href=&quot;https://www.deviantart.com/bigbig-on-da/art/NADIA-gets-PRANKED-comic-775592072&quot; title=&quot;NADIA gets PRANKED comic by BIGBIG-on-DA, Dec 6, 2018 in Digital Art &amp;amp;gt; Drawings &amp;amp;amp; Paintings &amp;amp;gt; Other&quot;&gt;&lt;i&gt;&lt;/i&gt;&lt;/a&gt;&lt;p&gt;&lt;/p&gt;&lt;a href=&quot;https://www.deviantart.com/bigbig-on-da/art/NADIA-gets-PRANKED-comic-775592072&quot; title=&quot;NADIA gets PRANKED comic by BIGBIG-on-DA, Dec 6, 2018 in Digital Art &amp;amp;gt; Drawings &amp;amp;amp; Paintings &amp;amp;gt; Other&quot;&gt;&lt;i&gt;&lt;/i&gt;&lt;/a&gt;&lt;p&gt;&lt;/p&gt;&lt;p&gt;&lt;a href=&quot;https://www.deviantart.com/bigbig-on-da/art/MIKU-COMIC-764002947&quot; title=&quot;MIKU! (COMIC) by BIGBIG-on-DA, Sep 15, 2018 in Digital Art &amp;amp;gt; Drawings &amp;amp;amp; Paintings &amp;amp;gt; Other&quot;&gt;&lt;i&gt;&lt;/i&gt;&lt;/a&gt;&lt;/p&gt;&lt;p&gt;&lt;/p&gt;&lt;p&gt;&lt;/p&gt;&lt;p&gt;&lt;/p&gt;&lt;p&gt;Other comics&lt;/p&gt;&lt;p&gt;&lt;span class=&quot;shadow-holder&quot; data-embed-type=&quot;deviation&quot; data-embed-id=&quot;764002947&quot; data-embed-format=&quot;thumb&quot;&gt;&lt;span class=&quot;shadow mild&quot; &gt;&lt;a class=&quot;thumb ismature&quot; href=&quot;https://www.deviantart.com/bigbig-on-da/art/MIKU-COMIC-764002947&quot; title=&quot;MIKU! (COMIC) by BIGBIG-on-DA, Sep 15, 2018 in Digital Art &amp;gt; Drawings &amp;amp; Paintings &amp;gt; Other&quot;        data-sigil=&quot;thumb&quot;&gt;
                &lt;div class=&quot;thumb_agegate&quot;&gt;
            &lt;div class=&quot;agegate&quot;&gt;
                &lt;div class=&quot;nogo icon-blocked&quot;&gt;&lt;/div&gt;
                &lt;h1&gt;Mature Content&lt;/h1&gt;
            &lt;/div&gt;
        &lt;/div&gt;
        &lt;i&gt;&lt;/i&gt;&lt;img   width=&quot;150&quot; height=&quot;141&quot; alt=&quot;MIKU! (COMIC) by BIGBIG-on-DA&quot; src=&quot;https://t00.deviantart.net/VWCx0I9bK06uVn-49OJG5H_efkE=/fit-in/150x150/filters:no_upscale():origin()/pre00/2b50/th/pre/f/2018/257/b/a/miku___comic__by_bigbig_on_da-dcmv8g3.jpg&quot; data-src=&quot;https://t00.deviantart.net/VWCx0I9bK06uVn-49OJG5H_efkE=/fit-in/150x150/filters:no_upscale():origin()/pre00/2b50/th/pre/f/2018/257/b/a/miku___comic__by_bigbig_on_da-dcmv8g3.jpg&quot; srcset=&quot;https://t00.deviantart.net/VWCx0I9bK06uVn-49OJG5H_efkE=/fit-in/150x150/filters:no_upscale():origin()/pre00/2b50/th/pre/f/2018/257/b/a/miku___comic__by_bigbig_on_da-dcmv8g3.jpg 150w,https://t00.deviantart.net/qofBxc_c8cKrAikGm-2opKmmxwk=/500x250/filters:fixed_height(100,100):origin()/pre00/2b50/th/pre/f/2018/257/b/a/miku___comic__by_bigbig_on_da-dcmv8g3.jpg 267w,https://t00.deviantart.net/pwbts4FcxgG4PpJu5qgA1sj2GCg=/700x350/filters:fixed_height(100,100):origin()/pre00/2b50/th/pre/f/2018/257/b/a/miku___comic__by_bigbig_on_da-dcmv8g3.jpg 374w,https://t00.deviantart.net/QridJ0JYVmH8gfMq2kXmDTTC_1A=/800x400/filters:fixed_height(100,100):origin()/pre00/2b50/th/pre/f/2018/257/b/a/miku___comic__by_bigbig_on_da-dcmv8g3.jpg 427w,https://orig00.deviantart.net/e7da/f/2018/257/b/a/miku___comic__by_bigbig_on_da-dcmv8g3.jpg 506w&quot; sizes=&quot;150px&quot;&gt;&lt;/a&gt;&lt;/span&gt;&lt;!-- ^TTT --&gt;&lt;!-- TTT$ --&gt;&lt;/span&gt;&lt;span&gt;&amp;nbsp;&lt;/span&gt;&lt;span&gt;&amp;nbsp; &amp;nbsp;&lt;/span&gt;&lt;span class=&quot;shadow-holder&quot; data-embed-type=&quot;deviation&quot; data-embed-id=&quot;743289008&quot; data-embed-format=&quot;thumb&quot;&gt;&lt;span class=&quot;shadow mild&quot; &gt;&lt;a class=&quot;thumb ismature&quot; href=&quot;https://www.deviantart.com/bigbig-on-da/art/Conspiracy-Tastes-Good-COMIC-743289008&quot; title=&quot;Conspiracy Tastes Good (COMIC) by BIGBIG-on-DA, May 3, 2018 in Digital Art &amp;gt; Drawings &amp;amp; Paintings &amp;gt; Other&quot;        data-sigil=&quot;thumb&quot;&gt;
                &lt;div class=&quot;thumb_agegate&quot;&gt;
            &lt;div class=&quot;agegate&quot;&gt;
                &lt;div class=&quot;nogo icon-blocked&quot;&gt;&lt;/div&gt;
                &lt;h1&gt;Mature Content&lt;/h1&gt;
            &lt;/div&gt;
        &lt;/div&gt;
        &lt;i&gt;&lt;/i&gt;&lt;img   width=&quot;150&quot; height=&quot;141&quot; alt=&quot;Conspiracy Tastes Good (COMIC) by BIGBIG-on-DA&quot; src=&quot;https://t00.deviantart.net/PvsRJ7LC1oIOjvi4dp4FMWNX-4o=/fit-in/150x150/filters:no_upscale():origin()/pre00/35ac/th/pre/f/2018/123/1/9/conspiracy_tastes_good__comic__by_bigbig_on_da-dcaj9gw.jpg&quot; data-src=&quot;https://t00.deviantart.net/PvsRJ7LC1oIOjvi4dp4FMWNX-4o=/fit-in/150x150/filters:no_upscale():origin()/pre00/35ac/th/pre/f/2018/123/1/9/conspiracy_tastes_good__comic__by_bigbig_on_da-dcaj9gw.jpg&quot; srcset=&quot;https://t00.deviantart.net/PvsRJ7LC1oIOjvi4dp4FMWNX-4o=/fit-in/150x150/filters:no_upscale():origin()/pre00/35ac/th/pre/f/2018/123/1/9/conspiracy_tastes_good__comic__by_bigbig_on_da-dcaj9gw.jpg 150w,https://t00.deviantart.net/QjkMhb09zaA-052Cdd8GhAd7t0U=/500x250/filters:fixed_height(100,100):origin()/pre00/35ac/th/pre/f/2018/123/1/9/conspiracy_tastes_good__comic__by_bigbig_on_da-dcaj9gw.jpg 267w,https://t00.deviantart.net/Jp46hrGDaZPIf-99ougBiFhRsoU=/700x350/filters:fixed_height(100,100):origin()/pre00/35ac/th/pre/f/2018/123/1/9/conspiracy_tastes_good__comic__by_bigbig_on_da-dcaj9gw.jpg 374w,https://t00.deviantart.net/RyNbAA6BPM8e-nJ5fHnAuhLsUNY=/800x400/filters:fixed_height(100,100):origin()/pre00/35ac/th/pre/f/2018/123/1/9/conspiracy_tastes_good__comic__by_bigbig_on_da-dcaj9gw.jpg 427w,https://orig00.deviantart.net/ec37/f/2018/123/1/9/conspiracy_tastes_good__comic__by_bigbig_on_da-dcaj9gw.jpg 506w&quot; sizes=&quot;150px&quot;&gt;&lt;/a&gt;&lt;/span&gt;&lt;!-- ^TTT --&gt;&lt;!-- TTT$ --&gt;&lt;/span&gt;&lt;span&gt;&amp;nbsp;&lt;/span&gt;&lt;span&gt;&amp;nbsp;&amp;nbsp;&lt;/span&gt;&lt;/p&gt;&lt;span class=&quot;shadow-holder&quot; data-embed-type=&quot;deviation&quot; data-embed-id=&quot;720885386&quot; data-embed-format=&quot;thumb&quot;&gt;&lt;span class=&quot;shadow mild&quot; &gt;&lt;a class=&quot;thumb ismature&quot; href=&quot;https://www.deviantart.com/bigbig-on-da/art/Jill-s-girl-diet-illustrated-story-720885386&quot; title=&quot;Jill&amp;#039;s girl diet (illustrated story) by BIGBIG-on-DA, Dec 19, 2017 in Digital Art &amp;gt; Drawings &amp;amp; Paintings &amp;gt; Other&quot;        data-sigil=&quot;thumb&quot;&gt;
                &lt;div class=&quot;thumb_agegate&quot;&gt;
            &lt;div class=&quot;agegate&quot;&gt;
                &lt;div class=&quot;nogo icon-blocked&quot;&gt;&lt;/div&gt;
                &lt;h1&gt;Mature Content&lt;/h1&gt;
            &lt;/div&gt;
        &lt;/div&gt;
        &lt;i&gt;&lt;/i&gt;&lt;img   width=&quot;141&quot; height=&quot;150&quot; alt=&quot;Jill&amp;#039;s girl diet (illustrated story) by BIGBIG-on-DA&quot; src=&quot;https://t00.deviantart.net/DELpRpHNYhyX5BZayDpSxx28VmI=/fit-in/150x150/filters:no_upscale():origin()/pre00/b4f1/th/pre/f/2018/013/4/a/jill_s_girl_diet__illustrated_story__by_bigbig_on_da-dbx72q2.jpg&quot; data-src=&quot;https://t00.deviantart.net/DELpRpHNYhyX5BZayDpSxx28VmI=/fit-in/150x150/filters:no_upscale():origin()/pre00/b4f1/th/pre/f/2018/013/4/a/jill_s_girl_diet__illustrated_story__by_bigbig_on_da-dbx72q2.jpg&quot; srcset=&quot;https://t00.deviantart.net/DELpRpHNYhyX5BZayDpSxx28VmI=/fit-in/150x150/filters:no_upscale():origin()/pre00/b4f1/th/pre/f/2018/013/4/a/jill_s_girl_diet__illustrated_story__by_bigbig_on_da-dbx72q2.jpg 141w,https://t00.deviantart.net/owGcaHTpFnbmVVS7lxSIGa_mSOU=/500x250/filters:fixed_height(100,100):origin()/pre00/b4f1/th/pre/f/2018/013/4/a/jill_s_girl_diet__illustrated_story__by_bigbig_on_da-dbx72q2.jpg 234w,https://orig00.deviantart.net/cb37/f/2018/013/4/a/jill_s_girl_diet__illustrated_story__by_bigbig_on_da-dbx72q2.jpg 300w&quot; sizes=&quot;141px&quot;&gt;&lt;/a&gt;&lt;/span&gt;&lt;!-- ^TTT --&gt;&lt;!-- TTT$ --&gt;&lt;/span&gt;&lt;span&gt;&amp;nbsp;&lt;/span&gt;&lt;span&gt;&amp;nbsp; &amp;nbsp; &amp;nbsp;&lt;/span&gt;&lt;span class=&quot;shadow-holder&quot; data-embed-type=&quot;deviation&quot; data-embed-id=&quot;693763796&quot; data-embed-format=&quot;thumb&quot;&gt;&lt;span class=&quot;shadow mild&quot; &gt;&lt;a class=&quot;thumb ismature&quot; href=&quot;https://www.deviantart.com/bigbig-on-da/art/Vore-mix-Pack-4-with-previews-693763796&quot; title=&quot;Vore mix Pack 4!!!(with previews) by BIGBIG-on-DA, Jul 20, 2017 in Digital Art &amp;gt; Drawings &amp;amp; Paintings &amp;gt; Other&quot;        data-sigil=&quot;thumb&quot;&gt;
                &lt;div class=&quot;thumb_agegate&quot;&gt;
            &lt;div class=&quot;agegate&quot;&gt;
                &lt;div class=&quot;nogo icon-blocked&quot;&gt;&lt;/div&gt;
                &lt;h1&gt;Mature Content&lt;/h1&gt;
            &lt;/div&gt;
        &lt;/div&gt;
        &lt;i&gt;&lt;/i&gt;&lt;img   width=&quot;141&quot; height=&quot;150&quot; alt=&quot;Vore mix Pack 4!!!(with previews) by BIGBIG-on-DA&quot; src=&quot;https://t00.deviantart.net/dz-ycWyJ6xYW6vLpFphQ7nwfJqw=/fit-in/150x150/filters:no_upscale():origin()/pre00/508e/th/pre/f/2017/210/f/3/vore_mix_pack_4____with_previews__by_bigbig_on_da-dbh1rkk.jpg&quot; data-src=&quot;https://t00.deviantart.net/dz-ycWyJ6xYW6vLpFphQ7nwfJqw=/fit-in/150x150/filters:no_upscale():origin()/pre00/508e/th/pre/f/2017/210/f/3/vore_mix_pack_4____with_previews__by_bigbig_on_da-dbh1rkk.jpg&quot; srcset=&quot;https://t00.deviantart.net/dz-ycWyJ6xYW6vLpFphQ7nwfJqw=/fit-in/150x150/filters:no_upscale():origin()/pre00/508e/th/pre/f/2017/210/f/3/vore_mix_pack_4____with_previews__by_bigbig_on_da-dbh1rkk.jpg 141w,https://t00.deviantart.net/eixfeJj0Na75O_V6SJVrGALlo78=/500x250/filters:fixed_height(100,100):origin()/pre00/508e/th/pre/f/2017/210/f/3/vore_mix_pack_4____with_previews__by_bigbig_on_da-dbh1rkk.jpg 234w,https://orig00.deviantart.net/a34e/f/2017/210/f/3/vore_mix_pack_4____with_previews__by_bigbig_on_da-dbh1rkk.jpg 300w&quot; sizes=&quot;141px&quot;&gt;&lt;/a&gt;&lt;/span&gt;&lt;!-- ^TTT --&gt;&lt;!-- TTT$ --&gt;&lt;/span&gt;&lt;span&gt;&amp;nbsp; &amp;nbsp; &amp;nbsp;&amp;nbsp;&lt;/span&gt;&lt;span class=&quot;shadow-holder&quot; data-embed-type=&quot;deviation&quot; data-embed-id=&quot;668016622&quot; data-embed-format=&quot;thumb&quot;&gt;&lt;span class=&quot;shadow mild&quot; &gt;&lt;a class=&quot;thumb ismature&quot; href=&quot;https://www.deviantart.com/bigbig-on-da/art/Megan-s-Diet-COMIC-updated-668016622&quot; title=&quot;Megan&amp;#039;s Diet (COMIC) updated by BIGBIG-on-DA, Mar 9, 2017 in Digital Art &amp;gt; Drawings &amp;amp; Paintings &amp;gt; Other&quot;        data-sigil=&quot;thumb&quot;&gt;
                &lt;div class=&quot;thumb_agegate&quot;&gt;
            &lt;div class=&quot;agegate&quot;&gt;
                &lt;div class=&quot;nogo icon-blocked&quot;&gt;&lt;/div&gt;
                &lt;h1&gt;Mature Content&lt;/h1&gt;
            &lt;/div&gt;
        &lt;/div&gt;
        &lt;i&gt;&lt;/i&gt;&lt;img   width=&quot;141&quot; height=&quot;150&quot; alt=&quot;Megan&amp;#039;s Diet (COMIC) updated by BIGBIG-on-DA&quot; src=&quot;https://t00.deviantart.net/YgYatiCnTc0lhtqrF-3dPwUAPb8=/fit-in/150x150/filters:no_upscale():origin()/pre00/9fbb/th/pre/f/2017/090/d/f/megan_s_diet__comic__updated_by_bigbig_on_da-db1pwxa.jpg&quot; data-src=&quot;https://t00.deviantart.net/YgYatiCnTc0lhtqrF-3dPwUAPb8=/fit-in/150x150/filters:no_upscale():origin()/pre00/9fbb/th/pre/f/2017/090/d/f/megan_s_diet__comic__updated_by_bigbig_on_da-db1pwxa.jpg&quot; srcset=&quot;https://t00.deviantart.net/YgYatiCnTc0lhtqrF-3dPwUAPb8=/fit-in/150x150/filters:no_upscale():origin()/pre00/9fbb/th/pre/f/2017/090/d/f/megan_s_diet__comic__updated_by_bigbig_on_da-db1pwxa.jpg 141w,https://t00.deviantart.net/MW02auDvU4K0nVkrn4ta9eQt5CY=/500x250/filters:fixed_height(100,100):origin()/pre00/9fbb/th/pre/f/2017/090/d/f/megan_s_diet__comic__updated_by_bigbig_on_da-db1pwxa.jpg 235w,https://t00.deviantart.net/eyGVKDKKgI3CaGS1OkRA_i6nqeo=/700x350/filters:fixed_height(100,100):origin()/pre00/9fbb/th/pre/f/2017/090/d/f/megan_s_diet__comic__updated_by_bigbig_on_da-db1pwxa.jpg 328w,https://t00.deviantart.net/CM2XWedSfhmIgLfYVWIAFCfmreQ=/800x400/filters:fixed_height(100,100):origin()/pre00/9fbb/th/pre/f/2017/090/d/f/megan_s_diet__comic__updated_by_bigbig_on_da-db1pwxa.jpg 375w,https://pre00.deviantart.net/9fbb/th/pre/f/2017/090/d/f/megan_s_diet__comic__updated_by_bigbig_on_da-db1pwxa.jpg 866w&quot; sizes=&quot;141px&quot;&gt;&lt;/a&gt;&lt;/span&gt;&lt;!-- ^TTT --&gt;&lt;!-- TTT$ --&gt;&lt;/span&gt;&lt;span&gt;&amp;nbsp; &amp;nbsp; &amp;nbsp;&amp;nbsp;&lt;/span&gt;&lt;p&gt;&lt;/p&gt;&lt;p&gt;&lt;/p&gt;&lt;p&gt;&lt;/p&gt;&lt;p&gt;&lt;/p&gt;&lt;p&gt;&lt;/p&gt;&lt;p&gt;&lt;/p&gt;&lt;p&gt;&lt;/p&gt;&lt;p&gt;&lt;/p&gt;&lt;p&gt;&lt;/p&gt;&lt;p&gt;&lt;/p&gt;&lt;p&gt;&lt;/p&gt;&lt;p align=&quot;left&quot;&gt;&lt;/p&gt;&lt;p align=&quot;left&quot;&gt;&lt;/p&gt;&lt;p align=&quot;left&quot;&gt;&lt;/p&gt;&lt;p align=&quot;left&quot;&gt;&lt;/p&gt;&lt;p align=&quot;left&quot;&gt;&lt;/p&gt;&lt;p align=&quot;left&quot;&gt;&lt;/p&gt;&lt;p align=&quot;left&quot;&gt;&lt;/p&gt;&lt;p align=&quot;left&quot;&gt;&lt;/p&gt;&lt;p align=&quot;left&quot;&gt;&lt;/p&gt;&lt;p align=&quot;left&quot;&gt;&lt;/p&gt;&lt;p align=&quot;left&quot;&gt;&lt;/p&gt;&lt;p align=&quot;left&quot;&gt;&lt;/p&gt;&lt;p align=&quot;left&quot;&gt;&lt;/p&gt;&lt;p align=&quot;left&quot;&gt;&lt;/p&gt;&lt;p align=&quot;left&quot;&gt;&lt;/p&gt;&lt;p align=&quot;left&quot;&gt;&lt;/p&gt;&lt;p align=&quot;left&quot;&gt;all my other comicses and packs here ---&amp;gt;&amp;nbsp;&lt;a href=&quot;https://bigbig-on-da.deviantart.com/gallery/52614725/STORE&quot;&gt;STORE&lt;/a&gt;&lt;br /&gt;or go directly to the shop&amp;nbsp;------------------&amp;gt;&amp;nbsp;&lt;a class=&quot;external&quot; href=&quot;https://www.deviantart.com/users/outgoing?https://www.e-junkie.com/bigbig&quot;&gt;e-junkie.com/bigbig&lt;/a&gt;&lt;/p&gt;</media:description>            <media:thumbnail url="https://t00.deviantart.net/tcsz0QRr08ppmFM9E0F2tbEhUsM=/fit-in/150x150/filters:no_upscale():origin()/pre00/1eb1/th/pre/f/2019/048/0/a/hinata_uzumaki_vore_by_bigbig_on_da-dd018wv.jpg" height="150" width="124"/>            <media:thumbnail url="https://t00.deviantart.net/egaIbdgxVl4WeTZZUDsZKxTsObE=/fit-in/300x900/filters:no_upscale():origin()/pre00/1eb1/th/pre/f/2019/048/0/a/hinata_uzumaki_vore_by_bigbig_on_da-dd018wv.jpg" height="363" width="300"/>            <media:thumbnail url="https://t00.deviantart.net/G9P4T_3FkGFMupPsFJMnWHaF2iQ=/300x200/filters:fixed_height(100,100):origin()/pre00/1eb1/th/pre/f/2019/048/0/a/hinata_uzumaki_vore_by_bigbig_on_da-dd018wv.jpg" height="200" width="165"/>            <media:content url="https://pre00.deviantart.net/1eb1/th/pre/f/2019/048/0/a/hinata_uzumaki_vore_by_bigbig_on_da-dd018wv.jpg" height="984" width="812" medium="image"/>            
            <description>(Ran out of title ideas)&lt;br /&gt;Milf Hinata being bad at lying. &lt;br /&gt;The other two are made up characters each is +18&lt;br /&gt;&lt;br /&gt;Found out my GF is a big Naruto geek so I made something out of it.&lt;br /&gt;I myself don&#039;t know much about it but it sure seems like a fun anime.&lt;br /&gt;&lt;br /&gt;Yet another little something along the way and the new comic is almost here ;3&lt;br /&gt;&lt;br /&gt;&lt;p&gt;&quot;NADIA gets PRANEKD&quot; comic with F/FFFFFFF same size out NOW !!!&lt;br /&gt;&lt;br /&gt;&lt;span class=&quot;shadow-holder&quot; data-embed-type=&quot;deviation&quot; data-embed-id=&quot;775592072&quot; data-embed-format=&quot;thumb&quot;&gt;&lt;span class=&quot;shadow mild&quot; &gt;&lt;a class=&quot;thumb ismature&quot; href=&quot;https://www.deviantart.com/bigbig-on-da/art/NADIA-gets-PRANKED-comic-775592072&quot; title=&quot;NADIA gets PRANKED comic by BIGBIG-on-DA, Dec 6, 2018 in Digital Art &amp;gt; Drawings &amp;amp; Paintings &amp;gt; Other&quot;        data-sigil=&quot;thumb&quot;&gt;
                &lt;div class=&quot;thumb_agegate&quot;&gt;
            &lt;div class=&quot;agegate&quot;&gt;
                &lt;div class=&quot;nogo icon-blocked&quot;&gt;&lt;/div&gt;
                &lt;h1&gt;Mature Content&lt;/h1&gt;
            &lt;/div&gt;
        &lt;/div&gt;
        &lt;i&gt;&lt;/i&gt;&lt;img   width=&quot;150&quot; height=&quot;141&quot; alt=&quot;NADIA gets PRANKED comic by BIGBIG-on-DA&quot; src=&quot;https://t00.deviantart.net/EXYT8yGoA9jjZvHt7Q-he5MuXEo=/fit-in/150x150/filters:no_upscale():origin()/pre00/5c60/th/pre/i/2018/340/1/c/nadia_gets_pranked_comic_by_bigbig_on_da-dctrmo8.jpg&quot; data-src=&quot;https://t00.deviantart.net/EXYT8yGoA9jjZvHt7Q-he5MuXEo=/fit-in/150x150/filters:no_upscale():origin()/pre00/5c60/th/pre/i/2018/340/1/c/nadia_gets_pranked_comic_by_bigbig_on_da-dctrmo8.jpg&quot; srcset=&quot;https://t00.deviantart.net/EXYT8yGoA9jjZvHt7Q-he5MuXEo=/fit-in/150x150/filters:no_upscale():origin()/pre00/5c60/th/pre/i/2018/340/1/c/nadia_gets_pranked_comic_by_bigbig_on_da-dctrmo8.jpg 150w,https://t00.deviantart.net/5i3w_4rJplki8pqMJRdaI0xgbKc=/500x250/filters:fixed_height(100,100):origin()/pre00/5c60/th/pre/i/2018/340/1/c/nadia_gets_pranked_comic_by_bigbig_on_da-dctrmo8.jpg 267w,https://t00.deviantart.net/PAqkHiqlLfVzKD-2BZG_JWeVRWU=/700x350/filters:fixed_height(100,100):origin()/pre00/5c60/th/pre/i/2018/340/1/c/nadia_gets_pranked_comic_by_bigbig_on_da-dctrmo8.jpg 374w,https://t00.deviantart.net/236jsGQkLfLvtIczdQyQUBzG5DQ=/800x400/filters:fixed_height(100,100):origin()/pre00/5c60/th/pre/i/2018/340/1/c/nadia_gets_pranked_comic_by_bigbig_on_da-dctrmo8.jpg 427w,https://img00.deviantart.net/30be/i/2018/340/1/c/nadia_gets_pranked_comic_by_bigbig_on_da-dctrmo8.jpg 506w&quot; sizes=&quot;150px&quot;&gt;&lt;/a&gt;&lt;/span&gt;&lt;!-- ^TTT --&gt;&lt;!-- TTT$ --&gt;&lt;/span&gt;&lt;/p&gt;&lt;a href=&quot;https://www.deviantart.com/bigbig-on-da/art/NADIA-gets-PRANKED-comic-775592072&quot; title=&quot;NADIA gets PRANKED comic by BIGBIG-on-DA, Dec 6, 2018 in Digital Art &amp;amp;gt; Drawings &amp;amp;amp; Paintings &amp;amp;gt; Other&quot;&gt;&lt;i&gt;&lt;/i&gt;&lt;/a&gt;&lt;p&gt;&lt;/p&gt;&lt;a href=&quot;https://www.deviantart.com/bigbig-on-da/art/NADIA-gets-PRANKED-comic-775592072&quot; title=&quot;NADIA gets PRANKED comic by BIGBIG-on-DA, Dec 6, 2018 in Digital Art &amp;amp;gt; Drawings &amp;amp;amp; Paintings &amp;amp;gt; Other&quot;&gt;&lt;i&gt;&lt;/i&gt;&lt;/a&gt;&lt;p&gt;&lt;/p&gt;&lt;a href=&quot;https://www.deviantart.com/bigbig-on-da/art/NADIA-gets-PRANKED-comic-775592072&quot; title=&quot;NADIA gets PRANKED comic by BIGBIG-on-DA, Dec 6, 2018 in Digital Art &amp;amp;gt; Drawings &amp;amp;amp; Paintings &amp;amp;gt; Other&quot;&gt;&lt;i&gt;&lt;/i&gt;&lt;/a&gt;&lt;p&gt;&lt;/p&gt;&lt;a href=&quot;https://www.deviantart.com/bigbig-on-da/art/NADIA-gets-PRANKED-comic-775592072&quot; title=&quot;NADIA gets PRANKED comic by BIGBIG-on-DA, Dec 6, 2018 in Digital Art &amp;amp;gt; Drawings &amp;amp;amp; Paintings &amp;amp;gt; Other&quot;&gt;&lt;i&gt;&lt;/i&gt;&lt;/a&gt;&lt;p&gt;&lt;/p&gt;&lt;p&gt;&lt;a href=&quot;https://www.deviantart.com/bigbig-on-da/art/MIKU-COMIC-764002947&quot; title=&quot;MIKU! (COMIC) by BIGBIG-on-DA, Sep 15, 2018 in Digital Art &amp;amp;gt; Drawings &amp;amp;amp; Paintings &amp;amp;gt; Other&quot;&gt;&lt;i&gt;&lt;/i&gt;&lt;/a&gt;&lt;/p&gt;&lt;p&gt;&lt;/p&gt;&lt;p&gt;&lt;/p&gt;&lt;p&gt;&lt;/p&gt;&lt;p&gt;Other comics&lt;/p&gt;&lt;p&gt;&lt;span class=&quot;shadow-holder&quot; data-embed-type=&quot;deviation&quot; data-embed-id=&quot;764002947&quot; data-embed-format=&quot;thumb&quot;&gt;&lt;span class=&quot;shadow mild&quot; &gt;&lt;a class=&quot;thumb ismature&quot; href=&quot;https://www.deviantart.com/bigbig-on-da/art/MIKU-COMIC-764002947&quot; title=&quot;MIKU! (COMIC) by BIGBIG-on-DA, Sep 15, 2018 in Digital Art &amp;gt; Drawings &amp;amp; Paintings &amp;gt; Other&quot;        data-sigil=&quot;thumb&quot;&gt;
                &lt;div class=&quot;thumb_agegate&quot;&gt;
            &lt;div class=&quot;agegate&quot;&gt;
                &lt;div class=&quot;nogo icon-blocked&quot;&gt;&lt;/div&gt;
                &lt;h1&gt;Mature Content&lt;/h1&gt;
            &lt;/div&gt;
        &lt;/div&gt;
        &lt;i&gt;&lt;/i&gt;&lt;img   width=&quot;150&quot; height=&quot;141&quot; alt=&quot;MIKU! (COMIC) by BIGBIG-on-DA&quot; src=&quot;https://t00.deviantart.net/VWCx0I9bK06uVn-49OJG5H_efkE=/fit-in/150x150/filters:no_upscale():origin()/pre00/2b50/th/pre/f/2018/257/b/a/miku___comic__by_bigbig_on_da-dcmv8g3.jpg&quot; data-src=&quot;https://t00.deviantart.net/VWCx0I9bK06uVn-49OJG5H_efkE=/fit-in/150x150/filters:no_upscale():origin()/pre00/2b50/th/pre/f/2018/257/b/a/miku___comic__by_bigbig_on_da-dcmv8g3.jpg&quot; srcset=&quot;https://t00.deviantart.net/VWCx0I9bK06uVn-49OJG5H_efkE=/fit-in/150x150/filters:no_upscale():origin()/pre00/2b50/th/pre/f/2018/257/b/a/miku___comic__by_bigbig_on_da-dcmv8g3.jpg 150w,https://t00.deviantart.net/qofBxc_c8cKrAikGm-2opKmmxwk=/500x250/filters:fixed_height(100,100):origin()/pre00/2b50/th/pre/f/2018/257/b/a/miku___comic__by_bigbig_on_da-dcmv8g3.jpg 267w,https://t00.deviantart.net/pwbts4FcxgG4PpJu5qgA1sj2GCg=/700x350/filters:fixed_height(100,100):origin()/pre00/2b50/th/pre/f/2018/257/b/a/miku___comic__by_bigbig_on_da-dcmv8g3.jpg 374w,https://t00.deviantart.net/QridJ0JYVmH8gfMq2kXmDTTC_1A=/800x400/filters:fixed_height(100,100):origin()/pre00/2b50/th/pre/f/2018/257/b/a/miku___comic__by_bigbig_on_da-dcmv8g3.jpg 427w,https://orig00.deviantart.net/e7da/f/2018/257/b/a/miku___comic__by_bigbig_on_da-dcmv8g3.jpg 506w&quot; sizes=&quot;150px&quot;&gt;&lt;/a&gt;&lt;/span&gt;&lt;!-- ^TTT --&gt;&lt;!-- TTT$ --&gt;&lt;/span&gt;&lt;span&gt;&amp;nbsp;&lt;/span&gt;&lt;span&gt;&amp;nbsp; &amp;nbsp;&lt;/span&gt;&lt;span class=&quot;shadow-holder&quot; data-embed-type=&quot;deviation&quot; data-embed-id=&quot;743289008&quot; data-embed-format=&quot;thumb&quot;&gt;&lt;span class=&quot;shadow mild&quot; &gt;&lt;a class=&quot;thumb ismature&quot; href=&quot;https://www.deviantart.com/bigbig-on-da/art/Conspiracy-Tastes-Good-COMIC-743289008&quot; title=&quot;Conspiracy Tastes Good (COMIC) by BIGBIG-on-DA, May 3, 2018 in Digital Art &amp;gt; Drawings &amp;amp; Paintings &amp;gt; Other&quot;        data-sigil=&quot;thumb&quot;&gt;
                &lt;div class=&quot;thumb_agegate&quot;&gt;
            &lt;div class=&quot;agegate&quot;&gt;
                &lt;div class=&quot;nogo icon-blocked&quot;&gt;&lt;/div&gt;
                &lt;h1&gt;Mature Content&lt;/h1&gt;
            &lt;/div&gt;
        &lt;/div&gt;
        &lt;i&gt;&lt;/i&gt;&lt;img   width=&quot;150&quot; height=&quot;141&quot; alt=&quot;Conspiracy Tastes Good (COMIC) by BIGBIG-on-DA&quot; src=&quot;https://t00.deviantart.net/PvsRJ7LC1oIOjvi4dp4FMWNX-4o=/fit-in/150x150/filters:no_upscale():origin()/pre00/35ac/th/pre/f/2018/123/1/9/conspiracy_tastes_good__comic__by_bigbig_on_da-dcaj9gw.jpg&quot; data-src=&quot;https://t00.deviantart.net/PvsRJ7LC1oIOjvi4dp4FMWNX-4o=/fit-in/150x150/filters:no_upscale():origin()/pre00/35ac/th/pre/f/2018/123/1/9/conspiracy_tastes_good__comic__by_bigbig_on_da-dcaj9gw.jpg&quot; srcset=&quot;https://t00.deviantart.net/PvsRJ7LC1oIOjvi4dp4FMWNX-4o=/fit-in/150x150/filters:no_upscale():origin()/pre00/35ac/th/pre/f/2018/123/1/9/conspiracy_tastes_good__comic__by_bigbig_on_da-dcaj9gw.jpg 150w,https://t00.deviantart.net/QjkMhb09zaA-052Cdd8GhAd7t0U=/500x250/filters:fixed_height(100,100):origin()/pre00/35ac/th/pre/f/2018/123/1/9/conspiracy_tastes_good__comic__by_bigbig_on_da-dcaj9gw.jpg 267w,https://t00.deviantart.net/Jp46hrGDaZPIf-99ougBiFhRsoU=/700x350/filters:fixed_height(100,100):origin()/pre00/35ac/th/pre/f/2018/123/1/9/conspiracy_tastes_good__comic__by_bigbig_on_da-dcaj9gw.jpg 374w,https://t00.deviantart.net/RyNbAA6BPM8e-nJ5fHnAuhLsUNY=/800x400/filters:fixed_height(100,100):origin()/pre00/35ac/th/pre/f/2018/123/1/9/conspiracy_tastes_good__comic__by_bigbig_on_da-dcaj9gw.jpg 427w,https://orig00.deviantart.net/ec37/f/2018/123/1/9/conspiracy_tastes_good__comic__by_bigbig_on_da-dcaj9gw.jpg 506w&quot; sizes=&quot;150px&quot;&gt;&lt;/a&gt;&lt;/span&gt;&lt;!-- ^TTT --&gt;&lt;!-- TTT$ --&gt;&lt;/span&gt;&lt;span&gt;&amp;nbsp;&lt;/span&gt;&lt;span&gt;&amp;nbsp;&amp;nbsp;&lt;/span&gt;&lt;/p&gt;&lt;span class=&quot;shadow-holder&quot; data-embed-type=&quot;deviation&quot; data-embed-id=&quot;720885386&quot; data-embed-format=&quot;thumb&quot;&gt;&lt;span class=&quot;shadow mild&quot; &gt;&lt;a class=&quot;thumb ismature&quot; href=&quot;https://www.deviantart.com/bigbig-on-da/art/Jill-s-girl-diet-illustrated-story-720885386&quot; title=&quot;Jill&amp;#039;s girl diet (illustrated story) by BIGBIG-on-DA, Dec 19, 2017 in Digital Art &amp;gt; Drawings &amp;amp; Paintings &amp;gt; Other&quot;        data-sigil=&quot;thumb&quot;&gt;
                &lt;div class=&quot;thumb_agegate&quot;&gt;
            &lt;div class=&quot;agegate&quot;&gt;
                &lt;div class=&quot;nogo icon-blocked&quot;&gt;&lt;/div&gt;
                &lt;h1&gt;Mature Content&lt;/h1&gt;
            &lt;/div&gt;
        &lt;/div&gt;
        &lt;i&gt;&lt;/i&gt;&lt;img   width=&quot;141&quot; height=&quot;150&quot; alt=&quot;Jill&amp;#039;s girl diet (illustrated story) by BIGBIG-on-DA&quot; src=&quot;https://t00.deviantart.net/DELpRpHNYhyX5BZayDpSxx28VmI=/fit-in/150x150/filters:no_upscale():origin()/pre00/b4f1/th/pre/f/2018/013/4/a/jill_s_girl_diet__illustrated_story__by_bigbig_on_da-dbx72q2.jpg&quot; data-src=&quot;https://t00.deviantart.net/DELpRpHNYhyX5BZayDpSxx28VmI=/fit-in/150x150/filters:no_upscale():origin()/pre00/b4f1/th/pre/f/2018/013/4/a/jill_s_girl_diet__illustrated_story__by_bigbig_on_da-dbx72q2.jpg&quot; srcset=&quot;https://t00.deviantart.net/DELpRpHNYhyX5BZayDpSxx28VmI=/fit-in/150x150/filters:no_upscale():origin()/pre00/b4f1/th/pre/f/2018/013/4/a/jill_s_girl_diet__illustrated_story__by_bigbig_on_da-dbx72q2.jpg 141w,https://t00.deviantart.net/owGcaHTpFnbmVVS7lxSIGa_mSOU=/500x250/filters:fixed_height(100,100):origin()/pre00/b4f1/th/pre/f/2018/013/4/a/jill_s_girl_diet__illustrated_story__by_bigbig_on_da-dbx72q2.jpg 234w,https://orig00.deviantart.net/cb37/f/2018/013/4/a/jill_s_girl_diet__illustrated_story__by_bigbig_on_da-dbx72q2.jpg 300w&quot; sizes=&quot;141px&quot;&gt;&lt;/a&gt;&lt;/span&gt;&lt;!-- ^TTT --&gt;&lt;!-- TTT$ --&gt;&lt;/span&gt;&lt;span&gt;&amp;nbsp;&lt;/span&gt;&lt;span&gt;&amp;nbsp; &amp;nbsp; &amp;nbsp;&lt;/span&gt;&lt;span class=&quot;shadow-holder&quot; data-embed-type=&quot;deviation&quot; data-embed-id=&quot;693763796&quot; data-embed-format=&quot;thumb&quot;&gt;&lt;span class=&quot;shadow mild&quot; &gt;&lt;a class=&quot;thumb ismature&quot; href=&quot;https://www.deviantart.com/bigbig-on-da/art/Vore-mix-Pack-4-with-previews-693763796&quot; title=&quot;Vore mix Pack 4!!!(with previews) by BIGBIG-on-DA, Jul 20, 2017 in Digital Art &amp;gt; Drawings &amp;amp; Paintings &amp;gt; Other&quot;        data-sigil=&quot;thumb&quot;&gt;
                &lt;div class=&quot;thumb_agegate&quot;&gt;
            &lt;div class=&quot;agegate&quot;&gt;
                &lt;div class=&quot;nogo icon-blocked&quot;&gt;&lt;/div&gt;
                &lt;h1&gt;Mature Content&lt;/h1&gt;
            &lt;/div&gt;
        &lt;/div&gt;
        &lt;i&gt;&lt;/i&gt;&lt;img   width=&quot;141&quot; height=&quot;150&quot; alt=&quot;Vore mix Pack 4!!!(with previews) by BIGBIG-on-DA&quot; src=&quot;https://t00.deviantart.net/dz-ycWyJ6xYW6vLpFphQ7nwfJqw=/fit-in/150x150/filters:no_upscale():origin()/pre00/508e/th/pre/f/2017/210/f/3/vore_mix_pack_4____with_previews__by_bigbig_on_da-dbh1rkk.jpg&quot; data-src=&quot;https://t00.deviantart.net/dz-ycWyJ6xYW6vLpFphQ7nwfJqw=/fit-in/150x150/filters:no_upscale():origin()/pre00/508e/th/pre/f/2017/210/f/3/vore_mix_pack_4____with_previews__by_bigbig_on_da-dbh1rkk.jpg&quot; srcset=&quot;https://t00.deviantart.net/dz-ycWyJ6xYW6vLpFphQ7nwfJqw=/fit-in/150x150/filters:no_upscale():origin()/pre00/508e/th/pre/f/2017/210/f/3/vore_mix_pack_4____with_previews__by_bigbig_on_da-dbh1rkk.jpg 141w,https://t00.deviantart.net/eixfeJj0Na75O_V6SJVrGALlo78=/500x250/filters:fixed_height(100,100):origin()/pre00/508e/th/pre/f/2017/210/f/3/vore_mix_pack_4____with_previews__by_bigbig_on_da-dbh1rkk.jpg 234w,https://orig00.deviantart.net/a34e/f/2017/210/f/3/vore_mix_pack_4____with_previews__by_bigbig_on_da-dbh1rkk.jpg 300w&quot; sizes=&quot;141px&quot;&gt;&lt;/a&gt;&lt;/span&gt;&lt;!-- ^TTT --&gt;&lt;!-- TTT$ --&gt;&lt;/span&gt;&lt;span&gt;&amp;nbsp; &amp;nbsp; &amp;nbsp;&amp;nbsp;&lt;/span&gt;&lt;span class=&quot;shadow-holder&quot; data-embed-type=&quot;deviation&quot; data-embed-id=&quot;668016622&quot; data-embed-format=&quot;thumb&quot;&gt;&lt;span class=&quot;shadow mild&quot; &gt;&lt;a class=&quot;thumb ismature&quot; href=&quot;https://www.deviantart.com/bigbig-on-da/art/Megan-s-Diet-COMIC-updated-668016622&quot; title=&quot;Megan&amp;#039;s Diet (COMIC) updated by BIGBIG-on-DA, Mar 9, 2017 in Digital Art &amp;gt; Drawings &amp;amp; Paintings &amp;gt; Other&quot;        data-sigil=&quot;thumb&quot;&gt;
                &lt;div class=&quot;thumb_agegate&quot;&gt;
            &lt;div class=&quot;agegate&quot;&gt;
                &lt;div class=&quot;nogo icon-blocked&quot;&gt;&lt;/div&gt;
                &lt;h1&gt;Mature Content&lt;/h1&gt;
            &lt;/div&gt;
        &lt;/div&gt;
        &lt;i&gt;&lt;/i&gt;&lt;img   width=&quot;141&quot; height=&quot;150&quot; alt=&quot;Megan&amp;#039;s Diet (COMIC) updated by BIGBIG-on-DA&quot; src=&quot;https://t00.deviantart.net/YgYatiCnTc0lhtqrF-3dPwUAPb8=/fit-in/150x150/filters:no_upscale():origin()/pre00/9fbb/th/pre/f/2017/090/d/f/megan_s_diet__comic__updated_by_bigbig_on_da-db1pwxa.jpg&quot; data-src=&quot;https://t00.deviantart.net/YgYatiCnTc0lhtqrF-3dPwUAPb8=/fit-in/150x150/filters:no_upscale():origin()/pre00/9fbb/th/pre/f/2017/090/d/f/megan_s_diet__comic__updated_by_bigbig_on_da-db1pwxa.jpg&quot; srcset=&quot;https://t00.deviantart.net/YgYatiCnTc0lhtqrF-3dPwUAPb8=/fit-in/150x150/filters:no_upscale():origin()/pre00/9fbb/th/pre/f/2017/090/d/f/megan_s_diet__comic__updated_by_bigbig_on_da-db1pwxa.jpg 141w,https://t00.deviantart.net/MW02auDvU4K0nVkrn4ta9eQt5CY=/500x250/filters:fixed_height(100,100):origin()/pre00/9fbb/th/pre/f/2017/090/d/f/megan_s_diet__comic__updated_by_bigbig_on_da-db1pwxa.jpg 235w,https://t00.deviantart.net/eyGVKDKKgI3CaGS1OkRA_i6nqeo=/700x350/filters:fixed_height(100,100):origin()/pre00/9fbb/th/pre/f/2017/090/d/f/megan_s_diet__comic__updated_by_bigbig_on_da-db1pwxa.jpg 328w,https://t00.deviantart.net/CM2XWedSfhmIgLfYVWIAFCfmreQ=/800x400/filters:fixed_height(100,100):origin()/pre00/9fbb/th/pre/f/2017/090/d/f/megan_s_diet__comic__updated_by_bigbig_on_da-db1pwxa.jpg 375w,https://pre00.deviantart.net/9fbb/th/pre/f/2017/090/d/f/megan_s_diet__comic__updated_by_bigbig_on_da-db1pwxa.jpg 866w&quot; sizes=&quot;141px&quot;&gt;&lt;/a&gt;&lt;/span&gt;&lt;!-- ^TTT --&gt;&lt;!-- TTT$ --&gt;&lt;/span&gt;&lt;span&gt;&amp;nbsp; &amp;nbsp; &amp;nbsp;&amp;nbsp;&lt;/span&gt;&lt;p&gt;&lt;/p&gt;&lt;p&gt;&lt;/p&gt;&lt;p&gt;&lt;/p&gt;&lt;p&gt;&lt;/p&gt;&lt;p&gt;&lt;/p&gt;&lt;p&gt;&lt;/p&gt;&lt;p&gt;&lt;/p&gt;&lt;p&gt;&lt;/p&gt;&lt;p&gt;&lt;/p&gt;&lt;p&gt;&lt;/p&gt;&lt;p&gt;&lt;/p&gt;&lt;p align=&quot;left&quot;&gt;&lt;/p&gt;&lt;p align=&quot;left&quot;&gt;&lt;/p&gt;&lt;p align=&quot;left&quot;&gt;&lt;/p&gt;&lt;p align=&quot;left&quot;&gt;&lt;/p&gt;&lt;p align=&quot;left&quot;&gt;&lt;/p&gt;&lt;p align=&quot;left&quot;&gt;&lt;/p&gt;&lt;p align=&quot;left&quot;&gt;&lt;/p&gt;&lt;p align=&quot;left&quot;&gt;&lt;/p&gt;&lt;p align=&quot;left&quot;&gt;&lt;/p&gt;&lt;p align=&quot;left&quot;&gt;&lt;/p&gt;&lt;p align=&quot;left&quot;&gt;&lt;/p&gt;&lt;p align=&quot;left&quot;&gt;&lt;/p&gt;&lt;p align=&quot;left&quot;&gt;&lt;/p&gt;&lt;p align=&quot;left&quot;&gt;&lt;/p&gt;&lt;p align=&quot;left&quot;&gt;&lt;/p&gt;&lt;p align=&quot;left&quot;&gt;&lt;/p&gt;&lt;p align=&quot;left&quot;&gt;all my other comicses and packs here ---&amp;gt;&amp;nbsp;&lt;a href=&quot;https://bigbig-on-da.deviantart.com/gallery/52614725/STORE&quot;&gt;STORE&lt;/a&gt;&lt;br /&gt;or go directly to the shop&amp;nbsp;------------------&amp;gt;&amp;nbsp;&lt;a class=&quot;external&quot; href=&quot;https://www.deviantart.com/users/outgoing?https://www.e-junkie.com/bigbig&quot;&gt;e-junkie.com/bigbig&lt;/a&gt;&lt;/p&gt;&lt;br /&gt;&lt;div&gt;&lt;img src=&quot;https://t00.deviantart.net/G9P4T_3FkGFMupPsFJMnWHaF2iQ=/300x200/filters:fixed_height(100,100):origin()/pre00/1eb1/th/pre/f/2019/048/0/a/hinata_uzumaki_vore_by_bigbig_on_da-dd018wv.jpg&quot; alt=&quot;thumbnail&quot; /&gt;&lt;/div&gt;</description>            </item>
                    <item>
                <title>Lisa Imai~</title>
                <link>https://kazenokaze.deviantart.com/art/Lisa-Imai-786166865</link>
                <guid isPermaLink="true">https://kazenokaze.deviantart.com/art/Lisa-Imai-786166865</guid>
                <pubDate>Mon, 18 Feb 2019 04:10:02 PST</pubDate>
                        <media:title type="plain">Lisa Imai~</media:title>
        <media:keywords></media:keywords>
                        <media:rating>nonadult</media:rating>
                <media:category label="Games">fanart/manga/digital/games</media:category>
        <media:credit role="author" scheme="urn:ebu">Kazenokaze</media:credit>
        <media:credit role="author" scheme="urn:ebu">https://a.deviantart.net/avatars/k/a/kazenokaze.jpg?2</media:credit>
        <media:copyright url="https://kazenokaze.deviantart.com">Copyright 2019 Kazenokaze</media:copyright>            <media:description type="html">&lt;div&gt;Roselia member&lt;/div&gt;&lt;div&gt;&lt;br /&gt;&lt;/div&gt;&lt;div&gt;Bang Dream !&lt;br /&gt;&lt;/div&gt;</media:description>            <media:thumbnail url="https://t00.deviantart.net/fH2brKxw5rMfzhB6KRi35qvkjQQ=/fit-in/150x150/filters:no_upscale():origin()/pre00/2fd3/th/pre/i/2019/049/e/3/lisa_imai__by_kazenokaze-dd02a8h.png" height="150" width="106"/>            <media:thumbnail url="https://t00.deviantart.net/RnqOVynKlnTt7WsdSWuB-_B7uDk=/fit-in/300x900/filters:no_upscale():origin()/pre00/2fd3/th/pre/i/2019/049/e/3/lisa_imai__by_kazenokaze-dd02a8h.png" height="424" width="300"/>            <media:thumbnail url="https://t00.deviantart.net/uzR8Kd5rf-wpuBbjAbLkLIG6-vw=/300x200/filters:fixed_height(100,100):origin()/pre00/2fd3/th/pre/i/2019/049/e/3/lisa_imai__by_kazenokaze-dd02a8h.png" height="200" width="141"/>            <media:content url="https://img00.deviantart.net/a902/i/2019/049/e/3/lisa_imai__by_kazenokaze-dd02a8h.png" height="849" width="600" medium="image"/>            
            <description>&lt;div&gt;Roselia member&lt;/div&gt;&lt;div&gt;&lt;br /&gt;&lt;/div&gt;&lt;div&gt;Bang Dream !&lt;br /&gt;&lt;/div&gt;&lt;br /&gt;&lt;div&gt;&lt;img src=&quot;https://t00.deviantart.net/uzR8Kd5rf-wpuBbjAbLkLIG6-vw=/300x200/filters:fixed_height(100,100):origin()/pre00/2fd3/th/pre/i/2019/049/e/3/lisa_imai__by_kazenokaze-dd02a8h.png&quot; alt=&quot;thumbnail&quot; /&gt;&lt;/div&gt;</description>            </item>
                    <item>
                <title>ada-Wong</title>
                <link>https://bear-witch.deviantart.com/art/ada-Wong-786149801</link>
                <guid isPermaLink="true">https://bear-witch.deviantart.com/art/ada-Wong-786149801</guid>
                <pubDate>Sun, 17 Feb 2019 23:54:09 PST</pubDate>
                        <media:title type="plain">ada-Wong</media:title>
        <media:keywords></media:keywords>
                        <media:rating>nonadult</media:rating>
                <media:category label="Games">fanart/manga/digital/games</media:category>
        <media:credit role="author" scheme="urn:ebu">bear-witch</media:credit>
        <media:credit role="author" scheme="urn:ebu">https://a.deviantart.net/avatars/b/e/bear-witch.jpg?4</media:credit>
        <media:copyright url="https://bear-witch.deviantart.com">Copyright 2019 bear-witch</media:copyright>            <media:description type="html">Ada-Wong /reward no.02//02/2019&lt;br /&gt;patreon&lt;br /&gt;&lt;a class=&quot;external&quot; href=&quot;https://www.deviantart.com/users/outgoing?https://www.patreon.com/bear_witch&quot;&gt;www.patreon.com/bear_witch&lt;/a&gt;&lt;br /&gt;Original Pin-up Drawings.and open gumroad&amp;#8230;again!&lt;br /&gt;&lt;a class=&quot;external&quot; href=&quot;https://www.deviantart.com/users/outgoing?https://www.gumroad.com/bearwitch&quot;&gt;www.gumroad.com/bearwitch&lt;/a&gt;&lt;br /&gt;PSD file and Step-by-step JPGs.(NSFW) &lt;br /&gt;$1: Access to my work&lt;br /&gt;$5 : HD sexy image / undersketches /no watermark&lt;br /&gt;$10 : HD nude image / underketches /step drawing&lt;br /&gt;$15 : HD nsfw 18+ image / underketches/ PSD fire&lt;br /&gt;(PSD file&amp;#8217;s blending layers might not work properly on Photoshop)&lt;br /&gt;(should open with Clip-studio or Sai) !!!You can buy products at a month &lt;br /&gt;old!!!gumroad.com/bearwitch &lt;br /&gt;Follow up the progress Awards next month on the page &lt;br /&gt;&lt;a class=&quot;external&quot; href=&quot;https://www.deviantart.com/users/outgoing?https://www.facebook.com/oBearWitcho&quot;&gt;www.facebook.com/oBearWitcho&lt;/a&gt;</media:description>            <media:thumbnail url="https://t00.deviantart.net/E6Hamz2Hh4LplodYzyMHnp7qcZc=/fit-in/150x150/filters:no_upscale():origin()/pre00/ac49/th/pre/i/2019/048/c/8/ada_wong_by_bear_witch-dd01x2h.jpg" height="150" width="104"/>            <media:thumbnail url="https://t00.deviantart.net/G3rpdTcBye-gRjOO1QF4dXpH2gg=/fit-in/300x900/filters:no_upscale():origin()/pre00/ac49/th/pre/i/2019/048/c/8/ada_wong_by_bear_witch-dd01x2h.jpg" height="433" width="300"/>            <media:thumbnail url="https://t00.deviantart.net/oi42PgqsM8HpXpHSBr3Wm1iyOYo=/300x200/filters:fixed_height(100,100):origin()/pre00/ac49/th/pre/i/2019/048/c/8/ada_wong_by_bear_witch-dd01x2h.jpg" height="200" width="139"/>            <media:content url="https://pre00.deviantart.net/ac49/th/pre/i/2019/048/c/8/ada_wong_by_bear_witch-dd01x2h.jpg" height="1074" width="744" medium="image"/>            
            <description>Ada-Wong /reward no.02//02/2019&lt;br /&gt;patreon&lt;br /&gt;&lt;a class=&quot;external&quot; href=&quot;https://www.deviantart.com/users/outgoing?https://www.patreon.com/bear_witch&quot;&gt;www.patreon.com/bear_witch&lt;/a&gt;&lt;br /&gt;Original Pin-up Drawings.and open gumroad&amp;#8230;again!&lt;br /&gt;&lt;a class=&quot;external&quot; href=&quot;https://www.deviantart.com/users/outgoing?https://www.gumroad.com/bearwitch&quot;&gt;www.gumroad.com/bearwitch&lt;/a&gt;&lt;br /&gt;PSD file and Step-by-step JPGs.(NSFW) &lt;br /&gt;$1: Access to my work&lt;br /&gt;$5 : HD sexy image / undersketches /no watermark&lt;br /&gt;$10 : HD nude image / underketches /step drawing&lt;br /&gt;$15 : HD nsfw 18+ image / underketches/ PSD fire&lt;br /&gt;(PSD file&amp;#8217;s blending layers might not work properly on Photoshop)&lt;br /&gt;(should open with Clip-studio or Sai) !!!You can buy products at a month &lt;br /&gt;old!!!gumroad.com/bearwitch &lt;br /&gt;Follow up the progress Awards next month on the page &lt;br /&gt;&lt;a class=&quot;external&quot; href=&quot;https://www.deviantart.com/users/outgoing?https://www.facebook.com/oBearWitcho&quot;&gt;www.facebook.com/oBearWitcho&lt;/a&gt;&lt;br /&gt;&lt;div&gt;&lt;img src=&quot;https://t00.deviantart.net/oi42PgqsM8HpXpHSBr3Wm1iyOYo=/300x200/filters:fixed_height(100,100):origin()/pre00/ac49/th/pre/i/2019/048/c/8/ada_wong_by_bear_witch-dd01x2h.jpg&quot; alt=&quot;thumbnail&quot; /&gt;&lt;/div&gt;</description>            </item>
                    <item>
                <title>Kingdom Hearts - Food Seeker Saga (3/?)</title>
                <link>https://magicstraw.deviantart.com/art/Kingdom-Hearts-Food-Seeker-Saga-3-786097556</link>
                <guid isPermaLink="true">https://magicstraw.deviantart.com/art/Kingdom-Hearts-Food-Seeker-Saga-3-786097556</guid>
                <pubDate>Sun, 17 Feb 2019 15:57:16 PST</pubDate>
                        <media:title type="plain">Kingdom Hearts - Food Seeker Saga (3/?)</media:title>
        <media:keywords></media:keywords>
                        <media:rating>nonadult</media:rating>
                <media:category label="Other">fanart/digital/drawings/other</media:category>
        <media:credit role="author" scheme="urn:ebu">MagicStraw</media:credit>
        <media:credit role="author" scheme="urn:ebu">https://a.deviantart.net/avatars/m/a/magicstraw.png?3</media:credit>
        <media:copyright url="https://magicstraw.deviantart.com">Copyright 2019 MagicStraw</media:copyright>            <media:description type="html"></media:description>            <media:thumbnail url="https://t00.deviantart.net/eREpK-k6voJkW1O2AVO2YMXzvRY=/fit-in/150x150/filters:no_upscale():origin()/pre00/8ca9/th/pre/i/2019/048/c/b/kingdom_hearts___food_seeker_saga__3____by_magicstraw-dd00sr8.jpg" height="116" width="150"/>            <media:thumbnail url="https://t00.deviantart.net/-H-hcklhNqQhOTLS7Pn6KoqoDKU=/fit-in/300x900/filters:no_upscale():origin()/pre00/8ca9/th/pre/i/2019/048/c/b/kingdom_hearts___food_seeker_saga__3____by_magicstraw-dd00sr8.jpg" height="233" width="300"/>            <media:thumbnail url="https://t00.deviantart.net/FXUCdbwMcUJ4q3WBY-E9ITvrvsI=/300x200/filters:fixed_height(100,100):origin()/pre00/8ca9/th/pre/i/2019/048/c/b/kingdom_hearts___food_seeker_saga__3____by_magicstraw-dd00sr8.jpg" height="200" width="258"/>            <media:content url="https://pre00.deviantart.net/8ca9/th/pre/i/2019/048/c/b/kingdom_hearts___food_seeker_saga__3____by_magicstraw-dd00sr8.jpg" height="787" width="1015" medium="image"/>            
            <description>&lt;br /&gt;&lt;div&gt;&lt;img src=&quot;https://t00.deviantart.net/FXUCdbwMcUJ4q3WBY-E9ITvrvsI=/300x200/filters:fixed_height(100,100):origin()/pre00/8ca9/th/pre/i/2019/048/c/b/kingdom_hearts___food_seeker_saga__3____by_magicstraw-dd00sr8.jpg&quot; alt=&quot;thumbnail&quot; /&gt;&lt;/div&gt;</description>            </item>
                    <item>
                <title>Twilights potion 19</title>
                <link>https://vale-city.deviantart.com/art/Twilights-potion-19-786191909</link>
                <guid isPermaLink="true">https://vale-city.deviantart.com/art/Twilights-potion-19-786191909</guid>
                <pubDate>Mon, 18 Feb 2019 08:48:36 PST</pubDate>
                        <media:title type="plain">Twilights potion 19</media:title>
        <media:keywords></media:keywords>
                        <media:rating>adult</media:rating>
                <media:category label="Pages">cartoons/digital/comics/pages</media:category>
        <media:credit role="author" scheme="urn:ebu">Vale-city</media:credit>
        <media:credit role="author" scheme="urn:ebu">https://a.deviantart.net/avatars/v/a/vale-city.jpg?9</media:credit>
        <media:copyright url="https://vale-city.deviantart.com">Copyright 2019 Vale-city</media:copyright>            <media:description type="html">&lt;div&gt; &lt;div&gt; &lt;div&gt; &lt;div&gt;&lt;div&gt; &lt;div&gt; &lt;div&gt; &lt;div&gt;&lt;p&gt;this is a commission for &lt;a target=&quot;_self&quot; href=&quot;https://www.deviantart.com/soleron&quot; &gt;&lt;img class=&quot;avatar&quot; width=&quot;50&quot; height=&quot;50&quot; src=&quot;https://a.deviantart.net/avatars/s/o/soleron.png?10&quot; alt=&quot;:iconsoleron:&quot; title=&quot;Soleron&quot; /&gt;&lt;/a&gt; which is a continuation of this &lt;a href=&quot;https://www.deviantart.com/vale-city/art/Twilights-potion-1-619939033&quot;&gt;www.deviantart.com/vale-city/a&amp;#8230;&lt;/a&gt;&lt;br /&gt;&lt;a href=&quot;https://vale-city.deviantart.com/art/Twilights-potion-1-619939033&quot;&gt; &lt;/a&gt;&lt;br /&gt;this will have expansion and growth&lt;/p&gt;&lt;div&gt;hope you like!&lt;/div&gt;&lt;div&gt;&lt;br /&gt;&lt;/div&gt;Like what you see? Support my patreon! &lt;a class=&quot;external&quot; href=&quot;https://www.deviantart.com/users/outgoing?https://www.patreon.com/valecity&quot;&gt;www.patreon.com/valecity&lt;/a&gt;&lt;/div&gt; &lt;/div&gt;&lt;/div&gt; &lt;/div&gt;&lt;/div&gt; &lt;/div&gt;&lt;/div&gt; &lt;/div&gt;</media:description>            <media:thumbnail url="https://t00.deviantart.net/MbbCLQv_mNUA_AcpdUKEMK9thHo=/fit-in/150x150/filters:no_upscale():origin()/pre00/f4f0/th/pre/i/2019/049/1/3/twilights_potion_19_by_vale_city-dd02tk5.png" height="150" width="106"/>            <media:thumbnail url="https://t00.deviantart.net/eyuFZc-saksgkDlKpRbdUOVFa-8=/fit-in/300x900/filters:no_upscale():origin()/pre00/f4f0/th/pre/i/2019/049/1/3/twilights_potion_19_by_vale_city-dd02tk5.png" height="425" width="300"/>            <media:thumbnail url="https://t00.deviantart.net/hHelh_9Kxv-Vz_aKzcb_USyPvF4=/300x200/filters:fixed_height(100,100):origin()/pre00/f4f0/th/pre/i/2019/049/1/3/twilights_potion_19_by_vale_city-dd02tk5.png" height="200" width="141"/>            <media:content url="https://pre00.deviantart.net/f4f0/th/pre/i/2019/049/1/3/twilights_potion_19_by_vale_city-dd02tk5.png" height="1064" width="751" medium="image"/>            
            <description>&lt;div&gt; &lt;div&gt; &lt;div&gt; &lt;div&gt;&lt;div&gt; &lt;div&gt; &lt;div&gt; &lt;div&gt;&lt;p&gt;this is a commission for &lt;a target=&quot;_self&quot; href=&quot;https://www.deviantart.com/soleron&quot; &gt;&lt;img class=&quot;avatar&quot; width=&quot;50&quot; height=&quot;50&quot; src=&quot;https://a.deviantart.net/avatars/s/o/soleron.png?10&quot; alt=&quot;:iconsoleron:&quot; title=&quot;Soleron&quot; /&gt;&lt;/a&gt; which is a continuation of this &lt;a href=&quot;https://www.deviantart.com/vale-city/art/Twilights-potion-1-619939033&quot;&gt;www.deviantart.com/vale-city/a&amp;#8230;&lt;/a&gt;&lt;br /&gt;&lt;a href=&quot;https://vale-city.deviantart.com/art/Twilights-potion-1-619939033&quot;&gt; &lt;/a&gt;&lt;br /&gt;this will have expansion and growth&lt;/p&gt;&lt;div&gt;hope you like!&lt;/div&gt;&lt;div&gt;&lt;br /&gt;&lt;/div&gt;Like what you see? Support my patreon! &lt;a class=&quot;external&quot; href=&quot;https://www.deviantart.com/users/outgoing?https://www.patreon.com/valecity&quot;&gt;www.patreon.com/valecity&lt;/a&gt;&lt;/div&gt; &lt;/div&gt;&lt;/div&gt; &lt;/div&gt;&lt;/div&gt; &lt;/div&gt;&lt;/div&gt; &lt;/div&gt;&lt;br /&gt;&lt;div&gt;&lt;img src=&quot;https://t00.deviantart.net/hHelh_9Kxv-Vz_aKzcb_USyPvF4=/300x200/filters:fixed_height(100,100):origin()/pre00/f4f0/th/pre/i/2019/049/1/3/twilights_potion_19_by_vale_city-dd02tk5.png&quot; alt=&quot;thumbnail&quot; /&gt;&lt;/div&gt;</description>            </item>
                    <item>
                <title>Sasha</title>
                <link>https://art0fck.deviantart.com/art/Sasha-786153306</link>
                <guid isPermaLink="true">https://art0fck.deviantart.com/art/Sasha-786153306</guid>
                <pubDate>Mon, 18 Feb 2019 00:38:44 PST</pubDate>
                        <media:title type="plain">Sasha</media:title>
        <media:keywords></media:keywords>
                        <media:rating>adult</media:rating>
                <media:category label="Artistic Nude">photography/people/nude</media:category>
        <media:credit role="author" scheme="urn:ebu">art0fCK</media:credit>
        <media:credit role="author" scheme="urn:ebu">https://a.deviantart.net/avatars/a/r/art0fck.jpg?5</media:credit>
        <media:copyright url="https://art0fck.deviantart.com">Copyright 2019 art0fCK</media:copyright>
            <media:community>
                <media:tags>@artofck</media:tags>
            </media:community>            <media:description type="html"></media:description>            <media:thumbnail url="https://t00.deviantart.net/VIIC1j994BFwoPfvCnWpj_mdoCs=/fit-in/150x150/filters:no_upscale():origin()/pre00/be1a/th/pre/f/2019/049/b/2/sasha_by_art0fck-dd01zru.jpg" height="150" width="100"/>            <media:thumbnail url="https://t00.deviantart.net/Z2BF27fQFcgw7ovj6ZfFx5Zia0M=/fit-in/300x900/filters:no_upscale():origin()/pre00/be1a/th/pre/f/2019/049/b/2/sasha_by_art0fck-dd01zru.jpg" height="450" width="300"/>            <media:thumbnail url="https://t00.deviantart.net/JwzoUFEwU5yU9SZEquxjOWihxas=/300x200/filters:fixed_height(100,100):origin()/pre00/be1a/th/pre/f/2019/049/b/2/sasha_by_art0fck-dd01zru.jpg" height="200" width="133"/>            <media:content url="https://pre00.deviantart.net/be1a/th/pre/f/2019/049/b/2/sasha_by_art0fck-dd01zru.jpg" height="1095" width="730" medium="image"/>            
            <description>&lt;br /&gt;&lt;div&gt;&lt;img src=&quot;https://t00.deviantart.net/JwzoUFEwU5yU9SZEquxjOWihxas=/300x200/filters:fixed_height(100,100):origin()/pre00/be1a/th/pre/f/2019/049/b/2/sasha_by_art0fck-dd01zru.jpg&quot; alt=&quot;thumbnail&quot; /&gt;&lt;/div&gt;</description>            </item>
                    <item>
                <title>Hyena Bear Finds Dinner</title>
                <link>https://hodarinundu.deviantart.com/art/Hyena-Bear-Finds-Dinner-786132255</link>
                <guid isPermaLink="true">https://hodarinundu.deviantart.com/art/Hyena-Bear-Finds-Dinner-786132255</guid>
                <pubDate>Sun, 17 Feb 2019 20:34:31 PST</pubDate>
                        <media:title type="plain">Hyena Bear Finds Dinner</media:title>
        <media:keywords></media:keywords>
                        <media:rating>nonadult</media:rating>
                <media:category label="Animals">traditional/drawings/animals</media:category>
        <media:credit role="author" scheme="urn:ebu">HodariNundu</media:credit>
        <media:credit role="author" scheme="urn:ebu">https://a.deviantart.net/avatars/h/o/hodarinundu.jpg?12</media:credit>
        <media:copyright url="https://hodarinundu.deviantart.com">Copyright 2019 HodariNundu</media:copyright>            <media:description type="html">&lt;span&gt;Un oso hiena reclama el cad&amp;#225;ver parcial de un megalodonte; despu&amp;#233;s de un largo recorrido por la costa en busca de alimento, el tibur&amp;#243;n gigante le alimentar&amp;#225; durante varios d&amp;#237;as... al menos hasta que otros osos hiena lleguen a disput&amp;#225;rselo.&amp;nbsp;&lt;br /&gt;Agriotherium es conocido como oso-hiena debido a sus poderosas mand&amp;#237;bulas trituradoras; ten&amp;#237;a la mordedura m&amp;#225;s potente de cualquier Carn&amp;#237;voro terrestre estudiado hasta el momento. Adem&amp;#225;s, era enorme; las mayores especies alcanzaban alrededor de 650 kilos. Se cree que era un oportunista, tanto predador como carro&amp;#241;ero y cleptopar&amp;#225;sito, y ciertamente m&amp;#225;s carnivoro que los osos modernos.&amp;nbsp;&lt;br /&gt;&lt;br /&gt;&lt;br /&gt;&lt;/span&gt;&lt;span&gt;A hyena bear claims the partial carcass of a megalodon; after a long walk down the coastline searching for food, the giant shark will finally provide a several day meal... as long as other hyena bears don&amp;#180;t take over.&amp;nbsp;&lt;/span&gt;&lt;br /&gt;&lt;span&gt;Agriotherium is known as hyena-bear due to its powerful bone-crushing jaws; it had the strongest bite of any land carnivoran studied thus far. Besides, it was huge; the largest species weighed up to 650 kg or more. It is thought to have been an opportunist; active predator, scavenger and kleptoparasite, and certainly more carnivorous than modern bears.&lt;/span&gt;&lt;span&gt;&lt;br /&gt;&lt;/span&gt;</media:description>            <media:thumbnail url="https://t00.deviantart.net/AapcgqyTTSYeQIURDARakt1hd50=/fit-in/150x150/filters:no_upscale():origin()/pre00/ca03/th/pre/i/2019/049/f/c/hyena_bear_finds_dinner_by_hodarinundu-dd01jj3.jpg" height="108" width="150"/>            <media:thumbnail url="https://t00.deviantart.net/FO1FputPP8s2qyh46K2EYLzyIX4=/fit-in/300x900/filters:no_upscale():origin()/pre00/ca03/th/pre/i/2019/049/f/c/hyena_bear_finds_dinner_by_hodarinundu-dd01jj3.jpg" height="216" width="300"/>            <media:thumbnail url="https://t00.deviantart.net/T-DuFiL1wfxmapOzFEznH2IAkos=/300x200/filters:fixed_height(100,100):origin()/pre00/ca03/th/pre/i/2019/049/f/c/hyena_bear_finds_dinner_by_hodarinundu-dd01jj3.jpg" height="200" width="277"/>            <media:content url="https://pre00.deviantart.net/ca03/th/pre/i/2019/049/f/c/hyena_bear_finds_dinner_by_hodarinundu-dd01jj3.jpg" height="759" width="1053" medium="image"/>            
            <description>&lt;span&gt;Un oso hiena reclama el cad&amp;#225;ver parcial de un megalodonte; despu&amp;#233;s de un largo recorrido por la costa en busca de alimento, el tibur&amp;#243;n gigante le alimentar&amp;#225; durante varios d&amp;#237;as... al menos hasta que otros osos hiena lleguen a disput&amp;#225;rselo.&amp;nbsp;&lt;br /&gt;Agriotherium es conocido como oso-hiena debido a sus poderosas mand&amp;#237;bulas trituradoras; ten&amp;#237;a la mordedura m&amp;#225;s potente de cualquier Carn&amp;#237;voro terrestre estudiado hasta el momento. Adem&amp;#225;s, era enorme; las mayores especies alcanzaban alrededor de 650 kilos. Se cree que era un oportunista, tanto predador como carro&amp;#241;ero y cleptopar&amp;#225;sito, y ciertamente m&amp;#225;s carnivoro que los osos modernos.&amp;nbsp;&lt;br /&gt;&lt;br /&gt;&lt;br /&gt;&lt;/span&gt;&lt;span&gt;A hyena bear claims the partial carcass of a megalodon; after a long walk down the coastline searching for food, the giant shark will finally provide a several day meal... as long as other hyena bears don&amp;#180;t take over.&amp;nbsp;&lt;/span&gt;&lt;br /&gt;&lt;span&gt;Agriotherium is known as hyena-bear due to its powerful bone-crushing jaws; it had the strongest bite of any land carnivoran studied thus far. Besides, it was huge; the largest species weighed up to 650 kg or more. It is thought to have been an opportunist; active predator, scavenger and kleptoparasite, and certainly more carnivorous than modern bears.&lt;/span&gt;&lt;span&gt;&lt;br /&gt;&lt;/span&gt;&lt;br /&gt;&lt;div&gt;&lt;img src=&quot;https://t00.deviantart.net/T-DuFiL1wfxmapOzFEznH2IAkos=/300x200/filters:fixed_height(100,100):origin()/pre00/ca03/th/pre/i/2019/049/f/c/hyena_bear_finds_dinner_by_hodarinundu-dd01jj3.jpg&quot; alt=&quot;thumbnail&quot; /&gt;&lt;/div&gt;</description>            </item>
                    <item>
                <title>Micaiah</title>
                <link>https://cailin020.deviantart.com/art/Micaiah-786161237</link>
                <guid isPermaLink="true">https://cailin020.deviantart.com/art/Micaiah-786161237</guid>
                <pubDate>Mon, 18 Feb 2019 03:02:14 PST</pubDate>
                        <media:title type="plain">Micaiah</media:title>
        <media:keywords></media:keywords>
                        <media:rating>adult</media:rating>
                <media:category label="Drawings">manga/digital/drawings</media:category>
        <media:credit role="author" scheme="urn:ebu">cailin020</media:credit>
        <media:credit role="author" scheme="urn:ebu">https://a.deviantart.net/avatars/c/a/cailin020.jpg?8</media:credit>
        <media:copyright url="https://cailin020.deviantart.com">Copyright 2019 cailin020</media:copyright>            <media:description type="html">from fire emblem&lt;br /&gt;&lt;br /&gt;commissioned by &lt;a target=&quot;_self&quot; href=&quot;https://www.deviantart.com/coolcool9990&quot; &gt;&lt;img class=&quot;avatar&quot; width=&quot;50&quot; height=&quot;50&quot; src=&quot;https://a.deviantart.net/avatars/c/o/coolcool9990.png?4&quot; alt=&quot;:iconcoolcool9990:&quot; title=&quot;coolcool9990&quot; /&gt;&lt;/a&gt;&lt;br /&gt;&lt;br /&gt;thanks for commissioning</media:description>            <media:thumbnail url="https://t00.deviantart.net/UIfiA1cYCcI3sbvr9a-Z5nMow_c=/fit-in/150x150/filters:no_upscale():origin()/pre00/5eae/th/pre/i/2019/049/e/1/micaiah_by_cailin020-dd025w5.jpg" height="150" width="106"/>            <media:thumbnail url="https://t00.deviantart.net/NFr5N5pBbBqO_jaex8VIe0QlY4k=/fit-in/300x900/filters:no_upscale():origin()/pre00/5eae/th/pre/i/2019/049/e/1/micaiah_by_cailin020-dd025w5.jpg" height="424" width="300"/>            <media:thumbnail url="https://t00.deviantart.net/peLHm26Q4i6_Bx0F5mP-dyYVYg4=/300x200/filters:fixed_height(100,100):origin()/pre00/5eae/th/pre/i/2019/049/e/1/micaiah_by_cailin020-dd025w5.jpg" height="200" width="141"/>            <media:content url="https://pre00.deviantart.net/5eae/th/pre/i/2019/049/e/1/micaiah_by_cailin020-dd025w5.jpg" height="1063" width="752" medium="image"/>            
            <description>from fire emblem&lt;br /&gt;&lt;br /&gt;commissioned by &lt;a target=&quot;_self&quot; href=&quot;https://www.deviantart.com/coolcool9990&quot; &gt;&lt;img class=&quot;avatar&quot; width=&quot;50&quot; height=&quot;50&quot; src=&quot;https://a.deviantart.net/avatars/c/o/coolcool9990.png?4&quot; alt=&quot;:iconcoolcool9990:&quot; title=&quot;coolcool9990&quot; /&gt;&lt;/a&gt;&lt;br /&gt;&lt;br /&gt;thanks for commissioning&lt;br /&gt;&lt;div&gt;&lt;img src=&quot;https://t00.deviantart.net/peLHm26Q4i6_Bx0F5mP-dyYVYg4=/300x200/filters:fixed_height(100,100):origin()/pre00/5eae/th/pre/i/2019/049/e/1/micaiah_by_cailin020-dd025w5.jpg&quot; alt=&quot;thumbnail&quot; /&gt;&lt;/div&gt;</description>            </item>
                    <item>
                <title>Lidia Dances</title>
                <link>https://riendonut.deviantart.com/art/Lidia-Dances-786123485</link>
                <guid isPermaLink="true">https://riendonut.deviantart.com/art/Lidia-Dances-786123485</guid>
                <pubDate>Sun, 17 Feb 2019 19:15:05 PST</pubDate>
                        <media:title type="plain">Lidia Dances</media:title>
        <media:keywords></media:keywords>
                        <media:rating>adult</media:rating>
                <media:category label="Sci-Fi">digitalart/paintings/scifi</media:category>
        <media:credit role="author" scheme="urn:ebu">Riendonut</media:credit>
        <media:credit role="author" scheme="urn:ebu">https://a.deviantart.net/avatars/r/i/riendonut.jpg?7</media:credit>
        <media:copyright url="https://riendonut.deviantart.com">Copyright 2019 Riendonut</media:copyright>
            <media:community>
                <media:tags>@Riendonut</media:tags>
            </media:community>            <media:description type="html">&#039;twas Desshu&#039;s Bday today, so here&#039;s a Lidia! Filling a strip shift for someone, no doubt :V</media:description>            <media:thumbnail url="https://t00.deviantart.net/xVPzQC7wotWSoVQLFenN_sMSduc=/fit-in/150x150/filters:no_upscale():origin()/pre00/899b/th/pre/f/2019/048/1/b/lidia_dances_by_riendonut-dd01crh.jpg" height="150" width="100"/>            <media:thumbnail url="https://t00.deviantart.net/mzW59Z5Hd_8Bgx3XQXP8EzpZgGs=/fit-in/300x900/filters:no_upscale():origin()/pre00/899b/th/pre/f/2019/048/1/b/lidia_dances_by_riendonut-dd01crh.jpg" height="450" width="300"/>            <media:thumbnail url="https://t00.deviantart.net/jy5ujUeBhAp2gaH3i9jYH-Losro=/300x200/filters:fixed_height(100,100):origin()/pre00/899b/th/pre/f/2019/048/1/b/lidia_dances_by_riendonut-dd01crh.jpg" height="200" width="133"/>            <media:content url="https://pre00.deviantart.net/899b/th/pre/f/2019/048/1/b/lidia_dances_by_riendonut-dd01crh.jpg" height="1095" width="730" medium="image"/>            
            <description>&#039;twas Desshu&#039;s Bday today, so here&#039;s a Lidia! Filling a strip shift for someone, no doubt :V&lt;br /&gt;&lt;div&gt;&lt;img src=&quot;https://t00.deviantart.net/jy5ujUeBhAp2gaH3i9jYH-Losro=/300x200/filters:fixed_height(100,100):origin()/pre00/899b/th/pre/f/2019/048/1/b/lidia_dances_by_riendonut-dd01crh.jpg&quot; alt=&quot;thumbnail&quot; /&gt;&lt;/div&gt;</description>            </item>
                    <item>
                <title>Fallen Angels, Fallen Stars</title>
                <link>https://blackzodiacqueen.deviantart.com/art/Fallen-Angels-Fallen-Stars-786107807</link>
                <guid isPermaLink="true">https://blackzodiacqueen.deviantart.com/art/Fallen-Angels-Fallen-Stars-786107807</guid>
                <pubDate>Sun, 17 Feb 2019 18:19:03 PST</pubDate>
                        <media:title type="plain">Fallen Angels, Fallen Stars</media:title>
        <media:keywords></media:keywords>
                        <media:rating>nonadult</media:rating>
                <media:category label="Drawings">manga/digital/drawings</media:category>
        <media:credit role="author" scheme="urn:ebu">BlackZodiacQueen</media:credit>
        <media:credit role="author" scheme="urn:ebu">https://a.deviantart.net/avatars/b/l/blackzodiacqueen.png?4</media:credit>
        <media:copyright url="https://blackzodiacqueen.deviantart.com">Copyright 2019 BlackZodiacQueen</media:copyright>            <media:description type="html">&lt;span&gt;The battle angel with nowhere left to call home&lt;/span&gt;&lt;br /&gt;&lt;br /&gt;&lt;span&gt;and no one left to call a friend.&lt;/span&gt;&lt;br /&gt;&lt;br /&gt;&lt;span&gt;----Z&lt;br /&gt;&lt;/span&gt;&lt;span&gt;09 Jul, 2018, 2:21 pm&lt;br /&gt;&lt;br /&gt;&lt;/span&gt;&lt;span&gt;&lt;br /&gt;&lt;/span&gt;&lt;span&gt;The fallen Valkyrie must find a reason to continue living as a cursed mortal in this material plane.&amp;nbsp;&lt;/span&gt;&lt;br /&gt;&lt;span&gt;Drawn to: Coffee by Sylvan Esso&lt;/span&gt;&lt;span&gt;&lt;br /&gt;&lt;/span&gt;</media:description>            <media:thumbnail url="https://t00.deviantart.net/L8ZQQGFlz7Ybmea8jux6ipeMkiE=/fit-in/150x150/filters:no_upscale():origin()/pre00/3198/th/pre/f/2019/048/7/a/fallen_angels__fallen_stars_by_blackzodiacqueen-dd010nz.jpg" height="113" width="150"/>            <media:thumbnail url="https://t00.deviantart.net/1T1DUNb0WTcfJmjQ3KPN0PgZq0M=/fit-in/300x900/filters:no_upscale():origin()/pre00/3198/th/pre/f/2019/048/7/a/fallen_angels__fallen_stars_by_blackzodiacqueen-dd010nz.jpg" height="227" width="300"/>            <media:thumbnail url="https://t00.deviantart.net/zsmC89IOuYs6gOnjT2e5sfrg0s4=/300x200/filters:fixed_height(100,100):origin()/pre00/3198/th/pre/f/2019/048/7/a/fallen_angels__fallen_stars_by_blackzodiacqueen-dd010nz.jpg" height="200" width="265"/>            <media:content url="https://orig00.deviantart.net/5493/f/2019/048/7/a/fallen_angels__fallen_stars_by_blackzodiacqueen-dd010nz.jpg" height="387" width="512" medium="image"/>            
            <description>&lt;span&gt;The battle angel with nowhere left to call home&lt;/span&gt;&lt;br /&gt;&lt;br /&gt;&lt;span&gt;and no one left to call a friend.&lt;/span&gt;&lt;br /&gt;&lt;br /&gt;&lt;span&gt;----Z&lt;br /&gt;&lt;/span&gt;&lt;span&gt;09 Jul, 2018, 2:21 pm&lt;br /&gt;&lt;br /&gt;&lt;/span&gt;&lt;span&gt;&lt;br /&gt;&lt;/span&gt;&lt;span&gt;The fallen Valkyrie must find a reason to continue living as a cursed mortal in this material plane.&amp;nbsp;&lt;/span&gt;&lt;br /&gt;&lt;span&gt;Drawn to: Coffee by Sylvan Esso&lt;/span&gt;&lt;span&gt;&lt;br /&gt;&lt;/span&gt;&lt;br /&gt;&lt;div&gt;&lt;img src=&quot;https://t00.deviantart.net/zsmC89IOuYs6gOnjT2e5sfrg0s4=/300x200/filters:fixed_height(100,100):origin()/pre00/3198/th/pre/f/2019/048/7/a/fallen_angels__fallen_stars_by_blackzodiacqueen-dd010nz.jpg&quot; alt=&quot;thumbnail&quot; /&gt;&lt;/div&gt;</description>            </item>
                    <item>
                <title>How to draw PIRATE SHIPS tutorial!</title>
                <link>https://etheringtonbrothers.deviantart.com/art/How-to-draw-PIRATE-SHIPS-tutorial-786172241</link>
                <guid isPermaLink="true">https://etheringtonbrothers.deviantart.com/art/How-to-draw-PIRATE-SHIPS-tutorial-786172241</guid>
                <pubDate>Mon, 18 Feb 2019 05:29:22 PST</pubDate>
                        <media:title type="plain">How to draw PIRATE SHIPS tutorial!</media:title>
        <media:keywords></media:keywords>
                        <media:rating>nonadult</media:rating>
                <media:category label="Perspective">resources/tutorials/tradart/drawing/perspective</media:category>
        <media:credit role="author" scheme="urn:ebu">EtheringtonBrothers</media:credit>
        <media:credit role="author" scheme="urn:ebu">https://a.deviantart.net/avatars/e/t/etheringtonbrothers.png?8</media:credit>
        <media:copyright url="https://etheringtonbrothers.deviantart.com">Copyright 2019 EtheringtonBrothers</media:copyright>            <media:description type="html">&lt;span&gt;Here&amp;#8217;s&amp;nbsp;&lt;a href=&quot;https://www.deviantart.com/tag/howtothinkwhenyoudraw&quot;&gt;&lt;a class=&quot;discoverytag&quot; href=&quot;https://www.deviantart.com/tag/howtothinkwhenyoudraw&quot; data-canonical-tag=&quot;howtothinkwhenyoudraw&quot;&gt;#howtoTHINKwhenyoudraw&lt;/a&gt;&lt;/a&gt;&amp;nbsp;&lt;/span&gt;&lt;b&gt;PIRATE SHIPS!&amp;nbsp;&lt;/b&gt;&lt;span&gt;Tutorials&amp;nbsp;&lt;/span&gt;&lt;b&gt;BOOKS 1 and 2&lt;/b&gt;&lt;span&gt;&amp;nbsp;coming EXCLUSIVELY to KICKSTARTER&amp;nbsp;&lt;/span&gt;&lt;b&gt;NEXT MONTH,&amp;nbsp;&lt;/b&gt;&lt;span&gt;just mail&amp;nbsp;&lt;/span&gt;&lt;i&gt;&lt;b&gt;&amp;#8220;Add me, Lorenzo!&amp;#8221;&lt;/b&gt;&lt;/i&gt;&lt;span&gt;&amp;nbsp;to&amp;nbsp;&lt;/span&gt;&lt;b&gt;misterlorenzoboy@yahoo.co.uk&lt;/b&gt;&lt;span&gt;&amp;nbsp;to be on the SECRET LAUNCH WEEK MAILING LIST - the only way to guarantee you don&amp;#8217;t miss them, since the books will&amp;nbsp;&lt;/span&gt;&lt;b&gt;&lt;i&gt;NOT&lt;/i&gt;&lt;/b&gt;&lt;span&gt;&amp;nbsp;be made available&amp;nbsp;&lt;/span&gt;&lt;b&gt;&lt;i&gt;anywhere else&lt;/i&gt;&lt;/b&gt;&lt;span&gt;&amp;nbsp;this year (online, Amazon, bookshops etc)!&lt;br /&gt;&lt;br /&gt;&lt;/span&gt;&lt;span&gt;And join us on&amp;nbsp;&lt;/span&gt;&lt;b&gt;&lt;a class=&quot;external&quot; href=&quot;https://www.deviantart.com/users/outgoing?https://twitter.com/EtheringtonBros&quot;&gt;OUR TWITTER&lt;/a&gt;&amp;nbsp;EVERY SUNDAY&lt;/b&gt;&lt;span&gt;&amp;nbsp;for&amp;nbsp;&lt;/span&gt;&lt;a class=&quot;external&quot; href=&quot;https://www.deviantart.com/users/outgoing?http://theetheringtonbrothers.blogspot.co.uk/2018/02/what-is-skillupsunday.html&quot;&gt;&lt;b&gt;SkillUpSunday&lt;/b&gt;,&lt;/a&gt;&lt;span&gt;&amp;nbsp;and every Friday for&amp;nbsp;&lt;/span&gt;&lt;b&gt;FridayFundamentals,&lt;/b&gt;&lt;span&gt;&amp;nbsp;as we have&amp;nbsp;&lt;/span&gt;&lt;b&gt;TONS&lt;/b&gt;&lt;span&gt;&amp;nbsp;more&amp;nbsp;&lt;/span&gt;&lt;b&gt;FREE TUTORIALS&lt;/b&gt;&lt;span&gt;,&amp;nbsp;&lt;/span&gt;&lt;b&gt;REFERENCE SETS&lt;/b&gt;&lt;span&gt;&amp;nbsp;and&amp;nbsp;&lt;/span&gt;&lt;b&gt;RESOURCES&lt;/b&gt;&lt;span&gt;&amp;nbsp;coming for you!&amp;nbsp;&lt;/span&gt;&lt;a class=&quot;external&quot; href=&quot;https://www.deviantart.com/users/outgoing?https://twitter.com/EtheringtonBros&quot;&gt;&lt;b&gt;GO HERE&lt;/b&gt;&lt;/a&gt;&lt;span&gt;&amp;nbsp;to see more!&lt;/span&gt;&lt;br /&gt;&lt;br /&gt;&lt;span&gt;Lorenzo!&lt;/span&gt;</media:description>            <media:thumbnail url="https://t00.deviantart.net/W8EwN6-Z9m83LhUuHakBXPVUGWo=/fit-in/150x150/filters:no_upscale():origin()/pre00/5ed8/th/pre/f/2019/049/e/9/how_to_draw_pirate_ships_tutorial__by_etheringtonbrothers-dd02edt.jpg" height="150" width="72"/>            <media:thumbnail url="https://t00.deviantart.net/HQj6XWU0ssCA87qZYIDNwwUY_kU=/fit-in/300x900/filters:no_upscale():origin()/pre00/5ed8/th/pre/f/2019/049/e/9/how_to_draw_pirate_ships_tutorial__by_etheringtonbrothers-dd02edt.jpg" height="622" width="300"/>            <media:thumbnail url="https://t00.deviantart.net/UUyAbse8ccrjSRuUPXRKFbgfonM=/300x200/filters:fixed_height(100,100):origin()/pre00/5ed8/th/pre/f/2019/049/e/9/how_to_draw_pirate_ships_tutorial__by_etheringtonbrothers-dd02edt.jpg" height="201" width="100"/>            <media:content url="https://pre00.deviantart.net/5ed8/th/pre/f/2019/049/e/9/how_to_draw_pirate_ships_tutorial__by_etheringtonbrothers-dd02edt.jpg" height="1287" width="621" medium="image"/>            
            <description>&lt;span&gt;Here&amp;#8217;s&amp;nbsp;&lt;a href=&quot;https://www.deviantart.com/tag/howtothinkwhenyoudraw&quot;&gt;&lt;a class=&quot;discoverytag&quot; href=&quot;https://www.deviantart.com/tag/howtothinkwhenyoudraw&quot; data-canonical-tag=&quot;howtothinkwhenyoudraw&quot;&gt;#howtoTHINKwhenyoudraw&lt;/a&gt;&lt;/a&gt;&amp;nbsp;&lt;/span&gt;&lt;b&gt;PIRATE SHIPS!&amp;nbsp;&lt;/b&gt;&lt;span&gt;Tutorials&amp;nbsp;&lt;/span&gt;&lt;b&gt;BOOKS 1 and 2&lt;/b&gt;&lt;span&gt;&amp;nbsp;coming EXCLUSIVELY to KICKSTARTER&amp;nbsp;&lt;/span&gt;&lt;b&gt;NEXT MONTH,&amp;nbsp;&lt;/b&gt;&lt;span&gt;just mail&amp;nbsp;&lt;/span&gt;&lt;i&gt;&lt;b&gt;&amp;#8220;Add me, Lorenzo!&amp;#8221;&lt;/b&gt;&lt;/i&gt;&lt;span&gt;&amp;nbsp;to&amp;nbsp;&lt;/span&gt;&lt;b&gt;misterlorenzoboy@yahoo.co.uk&lt;/b&gt;&lt;span&gt;&amp;nbsp;to be on the SECRET LAUNCH WEEK MAILING LIST - the only way to guarantee you don&amp;#8217;t miss them, since the books will&amp;nbsp;&lt;/span&gt;&lt;b&gt;&lt;i&gt;NOT&lt;/i&gt;&lt;/b&gt;&lt;span&gt;&amp;nbsp;be made available&amp;nbsp;&lt;/span&gt;&lt;b&gt;&lt;i&gt;anywhere else&lt;/i&gt;&lt;/b&gt;&lt;span&gt;&amp;nbsp;this year (online, Amazon, bookshops etc)!&lt;br /&gt;&lt;br /&gt;&lt;/span&gt;&lt;span&gt;And join us on&amp;nbsp;&lt;/span&gt;&lt;b&gt;&lt;a class=&quot;external&quot; href=&quot;https://www.deviantart.com/users/outgoing?https://twitter.com/EtheringtonBros&quot;&gt;OUR TWITTER&lt;/a&gt;&amp;nbsp;EVERY SUNDAY&lt;/b&gt;&lt;span&gt;&amp;nbsp;for&amp;nbsp;&lt;/span&gt;&lt;a class=&quot;external&quot; href=&quot;https://www.deviantart.com/users/outgoing?http://theetheringtonbrothers.blogspot.co.uk/2018/02/what-is-skillupsunday.html&quot;&gt;&lt;b&gt;SkillUpSunday&lt;/b&gt;,&lt;/a&gt;&lt;span&gt;&amp;nbsp;and every Friday for&amp;nbsp;&lt;/span&gt;&lt;b&gt;FridayFundamentals,&lt;/b&gt;&lt;span&gt;&amp;nbsp;as we have&amp;nbsp;&lt;/span&gt;&lt;b&gt;TONS&lt;/b&gt;&lt;span&gt;&amp;nbsp;more&amp;nbsp;&lt;/span&gt;&lt;b&gt;FREE TUTORIALS&lt;/b&gt;&lt;span&gt;,&amp;nbsp;&lt;/span&gt;&lt;b&gt;REFERENCE SETS&lt;/b&gt;&lt;span&gt;&amp;nbsp;and&amp;nbsp;&lt;/span&gt;&lt;b&gt;RESOURCES&lt;/b&gt;&lt;span&gt;&amp;nbsp;coming for you!&amp;nbsp;&lt;/span&gt;&lt;a class=&quot;external&quot; href=&quot;https://www.deviantart.com/users/outgoing?https://twitter.com/EtheringtonBros&quot;&gt;&lt;b&gt;GO HERE&lt;/b&gt;&lt;/a&gt;&lt;span&gt;&amp;nbsp;to see more!&lt;/span&gt;&lt;br /&gt;&lt;br /&gt;&lt;span&gt;Lorenzo!&lt;/span&gt;&lt;br /&gt;&lt;div&gt;&lt;img src=&quot;https://t00.deviantart.net/UUyAbse8ccrjSRuUPXRKFbgfonM=/300x200/filters:fixed_height(100,100):origin()/pre00/5ed8/th/pre/f/2019/049/e/9/how_to_draw_pirate_ships_tutorial__by_etheringtonbrothers-dd02edt.jpg&quot; alt=&quot;thumbnail&quot; /&gt;&lt;/div&gt;</description>            </item>
                    <item>
                <title>Headshot: Maw</title>
                <link>https://remarin.deviantart.com/art/Headshot-Maw-786191076</link>
                <guid isPermaLink="true">https://remarin.deviantart.com/art/Headshot-Maw-786191076</guid>
                <pubDate>Mon, 18 Feb 2019 08:42:57 PST</pubDate>
                        <media:title type="plain">Headshot: Maw</media:title>
        <media:keywords></media:keywords>
                        <media:rating>nonadult</media:rating>
                <media:category label="Fantasy">digitalart/paintings/fantasy</media:category>
        <media:credit role="author" scheme="urn:ebu">Remarin</media:credit>
        <media:credit role="author" scheme="urn:ebu">https://a.deviantart.net/avatars/r/e/remarin.png?10</media:credit>
        <media:copyright url="https://remarin.deviantart.com">Copyright 2019 Remarin</media:copyright>            <media:description type="html">&lt;div&gt;For: &lt;a target=&quot;_self&quot; href=&quot;https://www.deviantart.com/mawbit&quot; &gt;&lt;img class=&quot;avatar&quot; width=&quot;50&quot; height=&quot;50&quot; src=&quot;https://a.deviantart.net/avatars/m/a/mawbit.png?9&quot; alt=&quot;:iconmawbit:&quot; title=&quot;mawbit&quot; /&gt;&lt;/a&gt; Hope you like it!&lt;br /&gt;&lt;/div&gt;&lt;div&gt;&lt;br /&gt;&lt;/div&gt;&lt;div&gt;Process video: &lt;a class=&quot;external&quot; href=&quot;https://www.deviantart.com/users/outgoing?https://youtu.be/iOWRW8jX15o&quot;&gt;youtu.be/iOWRW8jX15o&lt;/a&gt;&lt;br /&gt;&lt;br /&gt;Man need me some more human/oids in my gallery &amp;gt;:0 I&#039;ve learned so much since my last detailed headhot human, but I haven&#039;t yet got much chance to familiarize with painting them. So the process still feels a bit wonky even though I know I can potentially make them look in a similar quality to my doggos&lt;br /&gt;&lt;/div&gt;</media:description>            <media:thumbnail url="https://t00.deviantart.net/RyXdxjVXG121k4m1NzsjO5NUmWE=/fit-in/150x150/filters:no_upscale():origin()/pre00/d705/th/pre/i/2019/049/9/e/headshot__maw_by_remarin-dd02sx0.png" height="150" width="145"/>            <media:thumbnail url="https://t00.deviantart.net/Usrgvcnfe6s1-aZUgGCKMSYRRkE=/fit-in/300x900/filters:no_upscale():origin()/pre00/d705/th/pre/i/2019/049/9/e/headshot__maw_by_remarin-dd02sx0.png" height="311" width="300"/>            <media:thumbnail url="https://t00.deviantart.net/fW7m2kLN0skrJCsJOvTwSERkXRM=/300x200/filters:fixed_height(100,100):origin()/pre00/d705/th/pre/i/2019/049/9/e/headshot__maw_by_remarin-dd02sx0.png" height="200" width="193"/>            <media:content url="https://pre00.deviantart.net/d705/th/pre/i/2019/049/9/e/headshot__maw_by_remarin-dd02sx0.png" height="910" width="878" medium="image"/>            
            <description>&lt;div&gt;For: &lt;a target=&quot;_self&quot; href=&quot;https://www.deviantart.com/mawbit&quot; &gt;&lt;img class=&quot;avatar&quot; width=&quot;50&quot; height=&quot;50&quot; src=&quot;https://a.deviantart.net/avatars/m/a/mawbit.png?9&quot; alt=&quot;:iconmawbit:&quot; title=&quot;mawbit&quot; /&gt;&lt;/a&gt; Hope you like it!&lt;br /&gt;&lt;/div&gt;&lt;div&gt;&lt;br /&gt;&lt;/div&gt;&lt;div&gt;Process video: &lt;a class=&quot;external&quot; href=&quot;https://www.deviantart.com/users/outgoing?https://youtu.be/iOWRW8jX15o&quot;&gt;youtu.be/iOWRW8jX15o&lt;/a&gt;&lt;br /&gt;&lt;br /&gt;Man need me some more human/oids in my gallery &amp;gt;:0 I&#039;ve learned so much since my last detailed headhot human, but I haven&#039;t yet got much chance to familiarize with painting them. So the process still feels a bit wonky even though I know I can potentially make them look in a similar quality to my doggos&lt;br /&gt;&lt;/div&gt;&lt;br /&gt;&lt;div&gt;&lt;img src=&quot;https://t00.deviantart.net/fW7m2kLN0skrJCsJOvTwSERkXRM=/300x200/filters:fixed_height(100,100):origin()/pre00/d705/th/pre/i/2019/049/9/e/headshot__maw_by_remarin-dd02sx0.png&quot; alt=&quot;thumbnail&quot; /&gt;&lt;/div&gt;</description>            </item>
                    <item>
                <title>toast with guac</title>
                <link>https://ufohouse.deviantart.com/art/toast-with-guac-786117359</link>
                <guid isPermaLink="true">https://ufohouse.deviantart.com/art/toast-with-guac-786117359</guid>
                <pubDate>Sun, 17 Feb 2019 18:25:39 PST</pubDate>
                        <media:title type="plain">toast with guac</media:title>
        <media:keywords></media:keywords>
                        <media:rating>nonadult</media:rating>
                <media:category label="Drawings">cartoons/digital/cartoons/drawings</media:category>
        <media:credit role="author" scheme="urn:ebu">ufohouse</media:credit>
        <media:credit role="author" scheme="urn:ebu">https://a.deviantart.net/avatars/u/f/ufohouse.gif?10</media:credit>
        <media:copyright url="https://ufohouse.deviantart.com">Copyright 2019 ufohouse</media:copyright>             <creativeCommons:license>http://creativecommons.org/licenses/by-nc-nd/3.0/</creativeCommons:license>
                <media:description type="html">&lt;sub&gt;commission on instagram uwu cool to draw this kid again!&lt;/sub&gt;</media:description>            <media:thumbnail url="https://t00.deviantart.net/3xDsY_Ak_3yPy7F-gda6NJiwjMk=/fit-in/150x150/filters:no_upscale():origin()/pre00/1fcc/th/pre/f/2019/048/7/e/1_by_ufohouse-dd0181b.png" height="133" width="150"/>            <media:thumbnail url="https://t00.deviantart.net/j0_YlewNhforajvR6wWVUcjeaEs=/fit-in/300x900/filters:no_upscale():origin()/pre00/1fcc/th/pre/f/2019/048/7/e/1_by_ufohouse-dd0181b.png" height="267" width="300"/>            <media:thumbnail url="https://t00.deviantart.net/Oj4WfY-0geEn6OOPNyRKSwKJ21w=/300x200/filters:fixed_height(100,100):origin()/pre00/1fcc/th/pre/f/2019/048/7/e/1_by_ufohouse-dd0181b.png" height="200" width="225"/>            <media:content url="https://pre00.deviantart.net/1fcc/th/pre/f/2019/048/7/e/1_by_ufohouse-dd0181b.png" height="843" width="948" medium="image"/>            
            <description>&lt;sub&gt;commission on instagram uwu cool to draw this kid again!&lt;/sub&gt;&lt;br /&gt;&lt;div&gt;&lt;img src=&quot;https://t00.deviantart.net/Oj4WfY-0geEn6OOPNyRKSwKJ21w=/300x200/filters:fixed_height(100,100):origin()/pre00/1fcc/th/pre/f/2019/048/7/e/1_by_ufohouse-dd0181b.png&quot; alt=&quot;thumbnail&quot; /&gt;&lt;/div&gt;</description>            </item>
                    <item>
                <title>The price to pay</title>
                <link>https://anatofinnstark.deviantart.com/art/The-price-to-pay-786189544</link>
                <guid isPermaLink="true">https://anatofinnstark.deviantart.com/art/The-price-to-pay-786189544</guid>
                <pubDate>Mon, 18 Feb 2019 08:27:16 PST</pubDate>
                        <media:title type="plain">The price to pay</media:title>
        <media:keywords></media:keywords>
                        <media:rating>nonadult</media:rating>
                <media:category label="Fantasy">digitalart/paintings/fantasy</media:category>
        <media:credit role="author" scheme="urn:ebu">AnatoFinnstark</media:credit>
        <media:credit role="author" scheme="urn:ebu">https://a.deviantart.net/avatars/a/n/anatofinnstark.jpg?5</media:credit>
        <media:copyright url="https://anatofinnstark.deviantart.com">Copyright 2019 AnatoFinnstark</media:copyright>            <media:description type="html">&lt;div align=&quot;center&quot;&gt;&lt;b&gt;PRINT AND OTHER GOODIES AVAILABLE HERE :&amp;nbsp;&lt;a href=&quot;https://www.deviantart.com/users/outgoing?https://www.redbubble.com/fr/people/anatofinnstark/works/28544695-mathilda-leon?asc=u&amp;amp;ref=recent-owner&quot;&gt;&lt;a class=&quot;external&quot; href=&quot;https://www.deviantart.com/users/outgoing?https://www.redbubble.com/fr/people/anatofinnstark/works/28618515-the-price-to-pay?asc=u&quot;&gt;www.redbubble.com/fr/people/an&amp;hellip;&lt;/a&gt;&lt;/a&gt;&lt;/b&gt;&lt;/div&gt;&lt;div align=&quot;center&quot;&gt;&lt;b&gt;&lt;br /&gt;&lt;/b&gt;&lt;/div&gt;&lt;b&gt;&lt;div align=&quot;center&quot;&gt;&lt;b&gt;MY PATREON :&amp;nbsp;&lt;/b&gt;&lt;a class=&quot;external&quot; href=&quot;https://www.deviantart.com/users/outgoing?https://www.patreon.com/anatofinnstark&quot;&gt;www.patreon.com/anatofinnstark&lt;/a&gt;&lt;b&gt;&amp;nbsp; &amp;nbsp;&lt;/b&gt;&lt;/div&gt;&lt;/b&gt;&lt;div align=&quot;center&quot;&gt;&lt;a href=&quot;https://www.deviantart.com/users/outgoing?https://www.facebook.com/finnstarkillustration/&quot;&gt;&lt;br /&gt;&lt;/a&gt;&lt;/div&gt;&lt;div align=&quot;center&quot;&gt;&lt;a href=&quot;https://www.deviantart.com/users/outgoing?https://www.facebook.com/finnstarkillustration/&quot;&gt;&lt;/a&gt;&lt;a class=&quot;external&quot; href=&quot;https://www.deviantart.com/users/outgoing?https://www.facebook.com/finnstarkillustration/&quot;&gt;FACEBOOK&lt;/a&gt;&lt;span&gt;&amp;nbsp;&amp;nbsp;&lt;/span&gt;&lt;a class=&quot;external&quot; href=&quot;https://www.deviantart.com/users/outgoing?https://host-grin.tumblr.com/&quot;&gt;TUMBLR&lt;/a&gt;&lt;span&gt;&amp;nbsp;&lt;/span&gt;&lt;a class=&quot;external&quot; href=&quot;https://www.deviantart.com/users/outgoing?https://www.instagram.com/anatofinnstark/&quot;&gt;&amp;nbsp;INSTAGRAM&amp;nbsp;&lt;/a&gt;&lt;span&gt;&amp;nbsp;&lt;/span&gt;&lt;a class=&quot;external&quot; href=&quot;https://www.deviantart.com/users/outgoing?https://www.artstation.com/artist/anto-finnstark&quot;&gt;ARTSTATION&lt;/a&gt;&lt;span&gt;&amp;nbsp;&amp;nbsp;&lt;/span&gt;&lt;a class=&quot;external&quot; href=&quot;https://www.deviantart.com/users/outgoing?https://drawcrowd.com/finnstarkillustration&quot;&gt;DRAWCROWD&amp;nbsp;&lt;/a&gt;&lt;span&gt;&amp;nbsp;&amp;nbsp;&amp;nbsp;&lt;/span&gt;&lt;a class=&quot;external&quot; href=&quot;https://www.deviantart.com/users/outgoing?https://society6.com/anatofinnstark&quot;&gt;Print Marketplace&amp;#128261;&amp;nbsp;&lt;/a&gt;&lt;span&gt;&amp;nbsp;&lt;/span&gt;&lt;a class=&quot;external&quot; href=&quot;https://www.deviantart.com/users/outgoing?https://gumroad.com/anatofinnstark&quot;&gt;Wallpaperma&lt;/a&gt;&lt;br /&gt;&lt;/div&gt;</media:description>            <media:thumbnail url="https://t00.deviantart.net/0mQuPi9nIxEPfFDEvZU5p4NkpPI=/fit-in/150x150/filters:no_upscale():origin()/pre00/db81/th/pre/i/2019/049/a/c/the_price_to_pay_by_anatofinnstark-dd02rqg.png" height="150" width="106"/>            <media:thumbnail url="https://t00.deviantart.net/LehvQk1Kf-J-yoGI9VLOnOq2BmQ=/fit-in/300x900/filters:no_upscale():origin()/pre00/db81/th/pre/i/2019/049/a/c/the_price_to_pay_by_anatofinnstark-dd02rqg.png" height="423" width="300"/>            <media:thumbnail url="https://t00.deviantart.net/SjIPS4w52VLIHASw7hDLjLQIaIY=/300x200/filters:fixed_height(100,100):origin()/pre00/db81/th/pre/i/2019/049/a/c/the_price_to_pay_by_anatofinnstark-dd02rqg.png" height="200" width="142"/>            <media:content url="https://pre00.deviantart.net/db81/th/pre/i/2019/049/a/c/the_price_to_pay_by_anatofinnstark-dd02rqg.png" height="1062" width="752" medium="image"/>            
            <description>&lt;div align=&quot;center&quot;&gt;&lt;b&gt;PRINT AND OTHER GOODIES AVAILABLE HERE :&amp;nbsp;&lt;a href=&quot;https://www.deviantart.com/users/outgoing?https://www.redbubble.com/fr/people/anatofinnstark/works/28544695-mathilda-leon?asc=u&amp;amp;ref=recent-owner&quot;&gt;&lt;a class=&quot;external&quot; href=&quot;https://www.deviantart.com/users/outgoing?https://www.redbubble.com/fr/people/anatofinnstark/works/28618515-the-price-to-pay?asc=u&quot;&gt;www.redbubble.com/fr/people/an&amp;hellip;&lt;/a&gt;&lt;/a&gt;&lt;/b&gt;&lt;/div&gt;&lt;div align=&quot;center&quot;&gt;&lt;b&gt;&lt;br /&gt;&lt;/b&gt;&lt;/div&gt;&lt;b&gt;&lt;div align=&quot;center&quot;&gt;&lt;b&gt;MY PATREON :&amp;nbsp;&lt;/b&gt;&lt;a class=&quot;external&quot; href=&quot;https://www.deviantart.com/users/outgoing?https://www.patreon.com/anatofinnstark&quot;&gt;www.patreon.com/anatofinnstark&lt;/a&gt;&lt;b&gt;&amp;nbsp; &amp;nbsp;&lt;/b&gt;&lt;/div&gt;&lt;/b&gt;&lt;div align=&quot;center&quot;&gt;&lt;a href=&quot;https://www.deviantart.com/users/outgoing?https://www.facebook.com/finnstarkillustration/&quot;&gt;&lt;br /&gt;&lt;/a&gt;&lt;/div&gt;&lt;div align=&quot;center&quot;&gt;&lt;a href=&quot;https://www.deviantart.com/users/outgoing?https://www.facebook.com/finnstarkillustration/&quot;&gt;&lt;/a&gt;&lt;a class=&quot;external&quot; href=&quot;https://www.deviantart.com/users/outgoing?https://www.facebook.com/finnstarkillustration/&quot;&gt;FACEBOOK&lt;/a&gt;&lt;span&gt;&amp;nbsp;&amp;nbsp;&lt;/span&gt;&lt;a class=&quot;external&quot; href=&quot;https://www.deviantart.com/users/outgoing?https://host-grin.tumblr.com/&quot;&gt;TUMBLR&lt;/a&gt;&lt;span&gt;&amp;nbsp;&lt;/span&gt;&lt;a class=&quot;external&quot; href=&quot;https://www.deviantart.com/users/outgoing?https://www.instagram.com/anatofinnstark/&quot;&gt;&amp;nbsp;INSTAGRAM&amp;nbsp;&lt;/a&gt;&lt;span&gt;&amp;nbsp;&lt;/span&gt;&lt;a class=&quot;external&quot; href=&quot;https://www.deviantart.com/users/outgoing?https://www.artstation.com/artist/anto-finnstark&quot;&gt;ARTSTATION&lt;/a&gt;&lt;span&gt;&amp;nbsp;&amp;nbsp;&lt;/span&gt;&lt;a class=&quot;external&quot; href=&quot;https://www.deviantart.com/users/outgoing?https://drawcrowd.com/finnstarkillustration&quot;&gt;DRAWCROWD&amp;nbsp;&lt;/a&gt;&lt;span&gt;&amp;nbsp;&amp;nbsp;&amp;nbsp;&lt;/span&gt;&lt;a class=&quot;external&quot; href=&quot;https://www.deviantart.com/users/outgoing?https://society6.com/anatofinnstark&quot;&gt;Print Marketplace&amp;#128261;&amp;nbsp;&lt;/a&gt;&lt;span&gt;&amp;nbsp;&lt;/span&gt;&lt;a class=&quot;external&quot; href=&quot;https://www.deviantart.com/users/outgoing?https://gumroad.com/anatofinnstark&quot;&gt;Wallpaperma&lt;/a&gt;&lt;br /&gt;&lt;/div&gt;&lt;br /&gt;&lt;div&gt;&lt;img src=&quot;https://t00.deviantart.net/SjIPS4w52VLIHASw7hDLjLQIaIY=/300x200/filters:fixed_height(100,100):origin()/pre00/db81/th/pre/i/2019/049/a/c/the_price_to_pay_by_anatofinnstark-dd02rqg.png&quot; alt=&quot;thumbnail&quot; /&gt;&lt;/div&gt;</description>            </item>
                    <item>
                <title>Maid Marian WG 3</title>
                <link>https://goblinhordestudios.deviantart.com/art/Maid-Marian-WG-3-786143316</link>
                <guid isPermaLink="true">https://goblinhordestudios.deviantart.com/art/Maid-Marian-WG-3-786143316</guid>
                <pubDate>Sun, 17 Feb 2019 22:29:33 PST</pubDate>
                        <media:title type="plain">Maid Marian WG 3</media:title>
        <media:keywords></media:keywords>
                        <media:rating>adult</media:rating>
                <media:category label="Animals">anthro/digital/drawings/animals</media:category>
        <media:credit role="author" scheme="urn:ebu">GoblinHordeStudios</media:credit>
        <media:credit role="author" scheme="urn:ebu">https://a.deviantart.net/avatars/g/o/goblinhordestudios.gif</media:credit>
        <media:copyright url="https://goblinhordestudios.deviantart.com">Copyright 2019 GoblinHordeStudios</media:copyright>            <media:description type="html">&lt;span&gt;This one is very fun. I think the Vultures expression&amp;nbsp;is what sells it lol.&lt;br /&gt;&lt;br /&gt;&lt;/span&gt;Commission for :iconBased_Andrew:&amp;nbsp;&lt;br /&gt;&lt;br /&gt;Part 1&lt;span class=&quot;shadow-holder&quot; data-embed-type=&quot;deviation&quot; data-embed-id=&quot;786142699&quot; data-embed-format=&quot;thumb&quot;&gt;&lt;span class=&quot;shadow mild&quot; &gt;&lt;a class=&quot;thumb&quot; href=&quot;https://www.deviantart.com/goblinhordestudios/art/Maid-Marian-WG-1-786142699&quot; title=&quot;Maid Marian WG 1 by GoblinHordeStudios, Feb 17, 2019 in Anthro &amp;gt; Digital Media &amp;gt; Drawings &amp;gt; Animals&quot;data-super-img=&quot;https://images-wixmp-ed30a86b8c4ca887773594c2.wixmp.com/intermediary/f/7e5200ba-a09a-4f7b-9be7-61d28f977521/dd01rl7-978ecca4-38d2-4617-97fb-c29821429cc6.jpg/v1/fill/w_1016,h_787,q_70,strp/maid_marian_wg_1_by_goblinhordestudios_dd01rl7-pre.jpg&quot; data-super-width=&quot;1015&quot; data-super-height=&quot;787&quot; data-super-transparent=&quot;false&quot; data-super-alt=&quot;Maid Marian WG 1 by GoblinHordeStudios&quot; data-super-full-img=&quot;https://images-wixmp-ed30a86b8c4ca887773594c2.wixmp.com/intermediary/f/7e5200ba-a09a-4f7b-9be7-61d28f977521/dd01rl7-978ecca4-38d2-4617-97fb-c29821429cc6.jpg/v1/fill/w_1024,h_794,q_70,strp/maid_marian_wg_1_by_goblinhordestudios_dd01rl7-fullview.jpg&quot; data-super-full-width=&quot;1024&quot; data-super-full-height=&quot;794&quot;        data-sigil=&quot;thumb&quot;&gt;
        &lt;i&gt;&lt;/i&gt;&lt;img   width=&quot;150&quot; height=&quot;116&quot; alt=&quot;Maid Marian WG 1 by GoblinHordeStudios&quot; src=&quot;https://images-wixmp-ed30a86b8c4ca887773594c2.wixmp.com/intermediary/f/7e5200ba-a09a-4f7b-9be7-61d28f977521/dd01rl7-978ecca4-38d2-4617-97fb-c29821429cc6.jpg/v1/fit/w_150,h_150,q_70,strp/maid_marian_wg_1_by_goblinhordestudios_dd01rl7-150.jpg&quot; data-src=&quot;https://images-wixmp-ed30a86b8c4ca887773594c2.wixmp.com/intermediary/f/7e5200ba-a09a-4f7b-9be7-61d28f977521/dd01rl7-978ecca4-38d2-4617-97fb-c29821429cc6.jpg/v1/fit/w_150,h_150,q_70,strp/maid_marian_wg_1_by_goblinhordestudios_dd01rl7-150.jpg&quot; srcset=&quot;https://images-wixmp-ed30a86b8c4ca887773594c2.wixmp.com/intermediary/f/7e5200ba-a09a-4f7b-9be7-61d28f977521/dd01rl7-978ecca4-38d2-4617-97fb-c29821429cc6.jpg/v1/fit/w_150,h_150,q_70,strp/maid_marian_wg_1_by_goblinhordestudios_dd01rl7-150.jpg 150w,https://images-wixmp-ed30a86b8c4ca887773594c2.wixmp.com/intermediary/f/7e5200ba-a09a-4f7b-9be7-61d28f977521/dd01rl7-978ecca4-38d2-4617-97fb-c29821429cc6.jpg/v1/fill/w_323,h_250,q_70,strp/maid_marian_wg_1_by_goblinhordestudios_dd01rl7-250t.jpg 322w,https://images-wixmp-ed30a86b8c4ca887773594c2.wixmp.com/intermediary/f/7e5200ba-a09a-4f7b-9be7-61d28f977521/dd01rl7-978ecca4-38d2-4617-97fb-c29821429cc6.jpg/v1/fill/w_452,h_350,q_70,strp/maid_marian_wg_1_by_goblinhordestudios_dd01rl7-350t.jpg 451w,https://images-wixmp-ed30a86b8c4ca887773594c2.wixmp.com/intermediary/f/7e5200ba-a09a-4f7b-9be7-61d28f977521/dd01rl7-978ecca4-38d2-4617-97fb-c29821429cc6.jpg/v1/fill/w_516,h_400,q_70,strp/maid_marian_wg_1_by_goblinhordestudios_dd01rl7-400t.jpg 516w,https://images-wixmp-ed30a86b8c4ca887773594c2.wixmp.com/intermediary/f/7e5200ba-a09a-4f7b-9be7-61d28f977521/dd01rl7-978ecca4-38d2-4617-97fb-c29821429cc6.jpg/v1/fill/w_1016,h_787,q_70,strp/maid_marian_wg_1_by_goblinhordestudios_dd01rl7-pre.jpg 1015w&quot; sizes=&quot;150px&quot;&gt;&lt;/a&gt;&lt;/span&gt;&lt;!-- ^TTT --&gt;&lt;!-- TTT$ --&gt;&lt;/span&gt;&lt;br /&gt;&lt;br /&gt;Part 2&amp;nbsp;&lt;span class=&quot;shadow-holder&quot; data-embed-type=&quot;deviation&quot; data-embed-id=&quot;786143143&quot; data-embed-format=&quot;thumb&quot;&gt;&lt;span class=&quot;shadow mild&quot; &gt;&lt;a class=&quot;thumb ismature&quot; href=&quot;https://www.deviantart.com/goblinhordestudios/art/Maid-Marian-WG-2-786143143&quot; title=&quot;Maid Marian WG 2 by GoblinHordeStudios, Feb 17, 2019 in Anthro &amp;gt; Digital Media &amp;gt; Drawings &amp;gt; Animals&quot;data-super-img=&quot;https://images-wixmp-ed30a86b8c4ca887773594c2.wixmp.com/intermediary/f/7e5200ba-a09a-4f7b-9be7-61d28f977521/dd01rxj-40f31343-5968-4d19-ab1b-d4c04c99329f.jpg/v1/fill/w_1016,h_787,q_70,strp/maid_marian_wg_2_by_goblinhordestudios_dd01rxj-pre.jpg&quot; data-super-width=&quot;1015&quot; data-super-height=&quot;787&quot; data-super-transparent=&quot;false&quot; data-super-alt=&quot;Maid Marian WG 2 by GoblinHordeStudios&quot; data-super-full-img=&quot;https://images-wixmp-ed30a86b8c4ca887773594c2.wixmp.com/intermediary/f/7e5200ba-a09a-4f7b-9be7-61d28f977521/dd01rxj-40f31343-5968-4d19-ab1b-d4c04c99329f.jpg/v1/fill/w_1024,h_794,q_70,strp/maid_marian_wg_2_by_goblinhordestudios_dd01rxj-fullview.jpg&quot; data-super-full-width=&quot;1024&quot; data-super-full-height=&quot;794&quot;        data-sigil=&quot;thumb&quot;&gt;
                &lt;div class=&quot;thumb_agegate&quot;&gt;
            &lt;div class=&quot;agegate&quot;&gt;
                &lt;div class=&quot;nogo icon-blocked&quot;&gt;&lt;/div&gt;
                &lt;h1&gt;Mature Content&lt;/h1&gt;
            &lt;/div&gt;
        &lt;/div&gt;
        &lt;i&gt;&lt;/i&gt;&lt;img   width=&quot;150&quot; height=&quot;116&quot; alt=&quot;Maid Marian WG 2 by GoblinHordeStudios&quot; src=&quot;https://images-wixmp-ed30a86b8c4ca887773594c2.wixmp.com/intermediary/f/7e5200ba-a09a-4f7b-9be7-61d28f977521/dd01rxj-40f31343-5968-4d19-ab1b-d4c04c99329f.jpg/v1/fit/w_150,h_150,q_70,strp/maid_marian_wg_2_by_goblinhordestudios_dd01rxj-150.jpg&quot; data-src=&quot;https://images-wixmp-ed30a86b8c4ca887773594c2.wixmp.com/intermediary/f/7e5200ba-a09a-4f7b-9be7-61d28f977521/dd01rxj-40f31343-5968-4d19-ab1b-d4c04c99329f.jpg/v1/fit/w_150,h_150,q_70,strp/maid_marian_wg_2_by_goblinhordestudios_dd01rxj-150.jpg&quot; srcset=&quot;https://images-wixmp-ed30a86b8c4ca887773594c2.wixmp.com/intermediary/f/7e5200ba-a09a-4f7b-9be7-61d28f977521/dd01rxj-40f31343-5968-4d19-ab1b-d4c04c99329f.jpg/v1/fit/w_150,h_150,q_70,strp/maid_marian_wg_2_by_goblinhordestudios_dd01rxj-150.jpg 150w,https://images-wixmp-ed30a86b8c4ca887773594c2.wixmp.com/intermediary/f/7e5200ba-a09a-4f7b-9be7-61d28f977521/dd01rxj-40f31343-5968-4d19-ab1b-d4c04c99329f.jpg/v1/fill/w_323,h_250,q_70,strp/maid_marian_wg_2_by_goblinhordestudios_dd01rxj-250t.jpg 322w,https://images-wixmp-ed30a86b8c4ca887773594c2.wixmp.com/intermediary/f/7e5200ba-a09a-4f7b-9be7-61d28f977521/dd01rxj-40f31343-5968-4d19-ab1b-d4c04c99329f.jpg/v1/fill/w_452,h_350,q_70,strp/maid_marian_wg_2_by_goblinhordestudios_dd01rxj-350t.jpg 451w,https://images-wixmp-ed30a86b8c4ca887773594c2.wixmp.com/intermediary/f/7e5200ba-a09a-4f7b-9be7-61d28f977521/dd01rxj-40f31343-5968-4d19-ab1b-d4c04c99329f.jpg/v1/fill/w_516,h_400,q_70,strp/maid_marian_wg_2_by_goblinhordestudios_dd01rxj-400t.jpg 516w,https://images-wixmp-ed30a86b8c4ca887773594c2.wixmp.com/intermediary/f/7e5200ba-a09a-4f7b-9be7-61d28f977521/dd01rxj-40f31343-5968-4d19-ab1b-d4c04c99329f.jpg/v1/fill/w_1016,h_787,q_70,strp/maid_marian_wg_2_by_goblinhordestudios_dd01rxj-pre.jpg 1015w&quot; sizes=&quot;150px&quot;&gt;&lt;/a&gt;&lt;/span&gt;&lt;!-- ^TTT --&gt;&lt;!-- TTT$ --&gt;&lt;/span&gt;</media:description>            <media:thumbnail url="https://t00.deviantart.net/HJrSJOXHxFmz27Hv1c0btMZ3oJs=/fit-in/150x150/filters:no_upscale():origin()/pre00/cb5b/th/pre/i/2019/048/5/3/maid_marian_wg_3_by_goblinhordestudios-dd01s2c.jpg" height="116" width="150"/>            <media:thumbnail url="https://t00.deviantart.net/bT4TMKdy_RpWX5IrKGlQAzYZZpA=/fit-in/300x900/filters:no_upscale():origin()/pre00/cb5b/th/pre/i/2019/048/5/3/maid_marian_wg_3_by_goblinhordestudios-dd01s2c.jpg" height="232" width="300"/>            <media:thumbnail url="https://t00.deviantart.net/MPQPpU-5Cp6_EUL3woQrgpZlkY0=/300x200/filters:fixed_height(100,100):origin()/pre00/cb5b/th/pre/i/2019/048/5/3/maid_marian_wg_3_by_goblinhordestudios-dd01s2c.jpg" height="200" width="258"/>            <media:content url="https://pre00.deviantart.net/cb5b/th/pre/i/2019/048/5/3/maid_marian_wg_3_by_goblinhordestudios-dd01s2c.jpg" height="787" width="1015" medium="image"/>            
            <description>&lt;span&gt;This one is very fun. I think the Vultures expression&amp;nbsp;is what sells it lol.&lt;br /&gt;&lt;br /&gt;&lt;/span&gt;Commission for :iconBased_Andrew:&amp;nbsp;&lt;br /&gt;&lt;br /&gt;Part 1&lt;span class=&quot;shadow-holder&quot; data-embed-type=&quot;deviation&quot; data-embed-id=&quot;786142699&quot; data-embed-format=&quot;thumb&quot;&gt;&lt;span class=&quot;shadow mild&quot; &gt;&lt;a class=&quot;thumb&quot; href=&quot;https://www.deviantart.com/goblinhordestudios/art/Maid-Marian-WG-1-786142699&quot; title=&quot;Maid Marian WG 1 by GoblinHordeStudios, Feb 17, 2019 in Anthro &amp;gt; Digital Media &amp;gt; Drawings &amp;gt; Animals&quot;data-super-img=&quot;https://images-wixmp-ed30a86b8c4ca887773594c2.wixmp.com/intermediary/f/7e5200ba-a09a-4f7b-9be7-61d28f977521/dd01rl7-978ecca4-38d2-4617-97fb-c29821429cc6.jpg/v1/fill/w_1016,h_787,q_70,strp/maid_marian_wg_1_by_goblinhordestudios_dd01rl7-pre.jpg&quot; data-super-width=&quot;1015&quot; data-super-height=&quot;787&quot; data-super-transparent=&quot;false&quot; data-super-alt=&quot;Maid Marian WG 1 by GoblinHordeStudios&quot; data-super-full-img=&quot;https://images-wixmp-ed30a86b8c4ca887773594c2.wixmp.com/intermediary/f/7e5200ba-a09a-4f7b-9be7-61d28f977521/dd01rl7-978ecca4-38d2-4617-97fb-c29821429cc6.jpg/v1/fill/w_1024,h_794,q_70,strp/maid_marian_wg_1_by_goblinhordestudios_dd01rl7-fullview.jpg&quot; data-super-full-width=&quot;1024&quot; data-super-full-height=&quot;794&quot;        data-sigil=&quot;thumb&quot;&gt;
        &lt;i&gt;&lt;/i&gt;&lt;img   width=&quot;150&quot; height=&quot;116&quot; alt=&quot;Maid Marian WG 1 by GoblinHordeStudios&quot; src=&quot;https://images-wixmp-ed30a86b8c4ca887773594c2.wixmp.com/intermediary/f/7e5200ba-a09a-4f7b-9be7-61d28f977521/dd01rl7-978ecca4-38d2-4617-97fb-c29821429cc6.jpg/v1/fit/w_150,h_150,q_70,strp/maid_marian_wg_1_by_goblinhordestudios_dd01rl7-150.jpg&quot; data-src=&quot;https://images-wixmp-ed30a86b8c4ca887773594c2.wixmp.com/intermediary/f/7e5200ba-a09a-4f7b-9be7-61d28f977521/dd01rl7-978ecca4-38d2-4617-97fb-c29821429cc6.jpg/v1/fit/w_150,h_150,q_70,strp/maid_marian_wg_1_by_goblinhordestudios_dd01rl7-150.jpg&quot; srcset=&quot;https://images-wixmp-ed30a86b8c4ca887773594c2.wixmp.com/intermediary/f/7e5200ba-a09a-4f7b-9be7-61d28f977521/dd01rl7-978ecca4-38d2-4617-97fb-c29821429cc6.jpg/v1/fit/w_150,h_150,q_70,strp/maid_marian_wg_1_by_goblinhordestudios_dd01rl7-150.jpg 150w,https://images-wixmp-ed30a86b8c4ca887773594c2.wixmp.com/intermediary/f/7e5200ba-a09a-4f7b-9be7-61d28f977521/dd01rl7-978ecca4-38d2-4617-97fb-c29821429cc6.jpg/v1/fill/w_323,h_250,q_70,strp/maid_marian_wg_1_by_goblinhordestudios_dd01rl7-250t.jpg 322w,https://images-wixmp-ed30a86b8c4ca887773594c2.wixmp.com/intermediary/f/7e5200ba-a09a-4f7b-9be7-61d28f977521/dd01rl7-978ecca4-38d2-4617-97fb-c29821429cc6.jpg/v1/fill/w_452,h_350,q_70,strp/maid_marian_wg_1_by_goblinhordestudios_dd01rl7-350t.jpg 451w,https://images-wixmp-ed30a86b8c4ca887773594c2.wixmp.com/intermediary/f/7e5200ba-a09a-4f7b-9be7-61d28f977521/dd01rl7-978ecca4-38d2-4617-97fb-c29821429cc6.jpg/v1/fill/w_516,h_400,q_70,strp/maid_marian_wg_1_by_goblinhordestudios_dd01rl7-400t.jpg 516w,https://images-wixmp-ed30a86b8c4ca887773594c2.wixmp.com/intermediary/f/7e5200ba-a09a-4f7b-9be7-61d28f977521/dd01rl7-978ecca4-38d2-4617-97fb-c29821429cc6.jpg/v1/fill/w_1016,h_787,q_70,strp/maid_marian_wg_1_by_goblinhordestudios_dd01rl7-pre.jpg 1015w&quot; sizes=&quot;150px&quot;&gt;&lt;/a&gt;&lt;/span&gt;&lt;!-- ^TTT --&gt;&lt;!-- TTT$ --&gt;&lt;/span&gt;&lt;br /&gt;&lt;br /&gt;Part 2&amp;nbsp;&lt;span class=&quot;shadow-holder&quot; data-embed-type=&quot;deviation&quot; data-embed-id=&quot;786143143&quot; data-embed-format=&quot;thumb&quot;&gt;&lt;span class=&quot;shadow mild&quot; &gt;&lt;a class=&quot;thumb ismature&quot; href=&quot;https://www.deviantart.com/goblinhordestudios/art/Maid-Marian-WG-2-786143143&quot; title=&quot;Maid Marian WG 2 by GoblinHordeStudios, Feb 17, 2019 in Anthro &amp;gt; Digital Media &amp;gt; Drawings &amp;gt; Animals&quot;data-super-img=&quot;https://images-wixmp-ed30a86b8c4ca887773594c2.wixmp.com/intermediary/f/7e5200ba-a09a-4f7b-9be7-61d28f977521/dd01rxj-40f31343-5968-4d19-ab1b-d4c04c99329f.jpg/v1/fill/w_1016,h_787,q_70,strp/maid_marian_wg_2_by_goblinhordestudios_dd01rxj-pre.jpg&quot; data-super-width=&quot;1015&quot; data-super-height=&quot;787&quot; data-super-transparent=&quot;false&quot; data-super-alt=&quot;Maid Marian WG 2 by GoblinHordeStudios&quot; data-super-full-img=&quot;https://images-wixmp-ed30a86b8c4ca887773594c2.wixmp.com/intermediary/f/7e5200ba-a09a-4f7b-9be7-61d28f977521/dd01rxj-40f31343-5968-4d19-ab1b-d4c04c99329f.jpg/v1/fill/w_1024,h_794,q_70,strp/maid_marian_wg_2_by_goblinhordestudios_dd01rxj-fullview.jpg&quot; data-super-full-width=&quot;1024&quot; data-super-full-height=&quot;794&quot;        data-sigil=&quot;thumb&quot;&gt;
                &lt;div class=&quot;thumb_agegate&quot;&gt;
            &lt;div class=&quot;agegate&quot;&gt;
                &lt;div class=&quot;nogo icon-blocked&quot;&gt;&lt;/div&gt;
                &lt;h1&gt;Mature Content&lt;/h1&gt;
            &lt;/div&gt;
        &lt;/div&gt;
        &lt;i&gt;&lt;/i&gt;&lt;img   width=&quot;150&quot; height=&quot;116&quot; alt=&quot;Maid Marian WG 2 by GoblinHordeStudios&quot; src=&quot;https://images-wixmp-ed30a86b8c4ca887773594c2.wixmp.com/intermediary/f/7e5200ba-a09a-4f7b-9be7-61d28f977521/dd01rxj-40f31343-5968-4d19-ab1b-d4c04c99329f.jpg/v1/fit/w_150,h_150,q_70,strp/maid_marian_wg_2_by_goblinhordestudios_dd01rxj-150.jpg&quot; data-src=&quot;https://images-wixmp-ed30a86b8c4ca887773594c2.wixmp.com/intermediary/f/7e5200ba-a09a-4f7b-9be7-61d28f977521/dd01rxj-40f31343-5968-4d19-ab1b-d4c04c99329f.jpg/v1/fit/w_150,h_150,q_70,strp/maid_marian_wg_2_by_goblinhordestudios_dd01rxj-150.jpg&quot; srcset=&quot;https://images-wixmp-ed30a86b8c4ca887773594c2.wixmp.com/intermediary/f/7e5200ba-a09a-4f7b-9be7-61d28f977521/dd01rxj-40f31343-5968-4d19-ab1b-d4c04c99329f.jpg/v1/fit/w_150,h_150,q_70,strp/maid_marian_wg_2_by_goblinhordestudios_dd01rxj-150.jpg 150w,https://images-wixmp-ed30a86b8c4ca887773594c2.wixmp.com/intermediary/f/7e5200ba-a09a-4f7b-9be7-61d28f977521/dd01rxj-40f31343-5968-4d19-ab1b-d4c04c99329f.jpg/v1/fill/w_323,h_250,q_70,strp/maid_marian_wg_2_by_goblinhordestudios_dd01rxj-250t.jpg 322w,https://images-wixmp-ed30a86b8c4ca887773594c2.wixmp.com/intermediary/f/7e5200ba-a09a-4f7b-9be7-61d28f977521/dd01rxj-40f31343-5968-4d19-ab1b-d4c04c99329f.jpg/v1/fill/w_452,h_350,q_70,strp/maid_marian_wg_2_by_goblinhordestudios_dd01rxj-350t.jpg 451w,https://images-wixmp-ed30a86b8c4ca887773594c2.wixmp.com/intermediary/f/7e5200ba-a09a-4f7b-9be7-61d28f977521/dd01rxj-40f31343-5968-4d19-ab1b-d4c04c99329f.jpg/v1/fill/w_516,h_400,q_70,strp/maid_marian_wg_2_by_goblinhordestudios_dd01rxj-400t.jpg 516w,https://images-wixmp-ed30a86b8c4ca887773594c2.wixmp.com/intermediary/f/7e5200ba-a09a-4f7b-9be7-61d28f977521/dd01rxj-40f31343-5968-4d19-ab1b-d4c04c99329f.jpg/v1/fill/w_1016,h_787,q_70,strp/maid_marian_wg_2_by_goblinhordestudios_dd01rxj-pre.jpg 1015w&quot; sizes=&quot;150px&quot;&gt;&lt;/a&gt;&lt;/span&gt;&lt;!-- ^TTT --&gt;&lt;!-- TTT$ --&gt;&lt;/span&gt;&lt;br /&gt;&lt;div&gt;&lt;img src=&quot;https://t00.deviantart.net/MPQPpU-5Cp6_EUL3woQrgpZlkY0=/300x200/filters:fixed_height(100,100):origin()/pre00/cb5b/th/pre/i/2019/048/5/3/maid_marian_wg_3_by_goblinhordestudios-dd01s2c.jpg&quot; alt=&quot;thumbnail&quot; /&gt;&lt;/div&gt;</description>            </item>
                    <item>
                <title>MLP FIM - Applejack Comforting Apple Bloom</title>
                <link>https://joakaha.deviantart.com/art/MLP-FIM-Applejack-Comforting-Apple-Bloom-786116135</link>
                <guid isPermaLink="true">https://joakaha.deviantart.com/art/MLP-FIM-Applejack-Comforting-Apple-Bloom-786116135</guid>
                <pubDate>Sun, 17 Feb 2019 18:26:10 PST</pubDate>
                        <media:title type="plain">MLP FIM - Applejack Comforting Apple Bloom</media:title>
        <media:keywords></media:keywords>
                        <media:rating>nonadult</media:rating>
                <media:category label="Movies &amp; TV">fanart/digital/drawings/movies</media:category>
        <media:credit role="author" scheme="urn:ebu">Joakaha</media:credit>
        <media:credit role="author" scheme="urn:ebu">https://a.deviantart.net/avatars/j/o/joakaha.gif?15</media:credit>
        <media:copyright url="https://joakaha.deviantart.com">Copyright 2019 Joakaha</media:copyright>            <media:description type="html">&lt;span&gt;Finally finish! &lt;img src=&quot;https://e.deviantart.net/emoticons/a/animesweat.gif&quot; width=&quot;19&quot; height=&quot;19&quot; alt=&quot;^^;&quot; data-embed-type=&quot;emoticon&quot; data-embed-id=&quot;417&quot; title=&quot;Sweating a little...&quot;/&gt;&lt;br /&gt;Apple Bloom had a very bad day, so Applejack is trying to make her feel better.&lt;br /&gt;&lt;br /&gt;Close sister bond... &lt;img src=&quot;https://e.deviantart.net/emoticons/h/heart.gif&quot; width=&quot;15&quot; height=&quot;13&quot; alt=&quot;:heart:&quot; data-embed-type=&quot;emoticon&quot; data-embed-id=&quot;357&quot; title=&quot;Heart&quot;/&gt; &lt;a target=&quot;_self&quot; href=&quot;https://www.deviantart.com/sadapplebloomplz&quot; &gt;&lt;img class=&quot;avatar&quot; width=&quot;50&quot; height=&quot;50&quot; src=&quot;https://a.deviantart.net/avatars/s/a/sadapplebloomplz.png?4&quot; alt=&quot;:iconsadapplebloomplz:&quot; title=&quot;SadAppleBloomPlz&quot; /&gt;&lt;/a&gt; &lt;a target=&quot;_self&quot; href=&quot;https://www.deviantart.com/applejackfillysad&quot; &gt;&lt;img class=&quot;avatar&quot; width=&quot;50&quot; height=&quot;50&quot; src=&quot;https://a.deviantart.net/avatars/a/p/applejackfillysad.png?4&quot; alt=&quot;:iconapplejackfillysad:&quot; title=&quot;applejackfillysad&quot; /&gt;&lt;/a&gt;&amp;nbsp; &lt;img src=&quot;https://e.deviantart.net/emoticons/h/heart.gif&quot; width=&quot;15&quot; height=&quot;13&quot; alt=&quot;:heart:&quot; data-embed-type=&quot;emoticon&quot; data-embed-id=&quot;357&quot; title=&quot;Heart&quot;/&gt;&lt;br /&gt;&lt;br /&gt;Hope you like them! &lt;img src=&quot;https://e.deviantart.net/emoticons/h/heart.gif&quot; width=&quot;15&quot; height=&quot;13&quot; alt=&quot;:heart:&quot; data-embed-type=&quot;emoticon&quot; data-embed-id=&quot;357&quot; title=&quot;Heart&quot;/&gt; ^,^&lt;br /&gt;&lt;br /&gt;&lt;/span&gt;&lt;span&gt;-- My FurAffinity --&amp;gt;&amp;nbsp;&lt;/span&gt;&lt;a class=&quot;external&quot; href=&quot;https://www.deviantart.com/users/outgoing?http://www.furaffinity.net/user/joakaha/&quot;&gt;www.furaffinity.net/user/joaka&amp;#8230;&lt;/a&gt;&lt;span&gt;&amp;nbsp;-- My Tumblr --&amp;gt;&amp;nbsp;&lt;/span&gt;&lt;a class=&quot;external&quot; href=&quot;https://www.deviantart.com/users/outgoing?https://joakaha.tumblr.com/&quot;&gt;joakaha.tumblr.com/&lt;/a&gt;&lt;span&gt;&amp;nbsp;-- My Twitter --&amp;gt;&amp;nbsp;&lt;/span&gt;&lt;a class=&quot;external&quot; href=&quot;https://www.deviantart.com/users/outgoing?https://twitter.com/Joakaha&quot;&gt;twitter.com/Joakaha&lt;/a&gt;&lt;span&gt;&lt;br /&gt;&lt;/span&gt;</media:description>            <media:thumbnail url="https://t00.deviantart.net/_ZPjbdh43dytL2QycmaCfjZBOX0=/fit-in/150x150/filters:no_upscale():origin()/pre00/c641/th/pre/i/2019/048/0/d/mlp_fim___applejack_comforting_apple_bloom_by_joakaha-dd0173b.jpg" height="115" width="150"/>            <media:thumbnail url="https://t00.deviantart.net/Z09j8IXXiCie2fUYcKUnEhv-T88=/fit-in/300x900/filters:no_upscale():origin()/pre00/c641/th/pre/i/2019/048/0/d/mlp_fim___applejack_comforting_apple_bloom_by_joakaha-dd0173b.jpg" height="231" width="300"/>            <media:thumbnail url="https://t00.deviantart.net/XJtd0fjwzPs1bMc6GxhENkmmrp4=/300x200/filters:fixed_height(100,100):origin()/pre00/c641/th/pre/i/2019/048/0/d/mlp_fim___applejack_comforting_apple_bloom_by_joakaha-dd0173b.jpg" height="200" width="260"/>            <media:content url="https://img00.deviantart.net/79b6/i/2019/048/0/d/mlp_fim___applejack_comforting_apple_bloom_by_joakaha-dd0173b.jpg" height="692" width="900" medium="image"/>            
            <description>&lt;span&gt;Finally finish! &lt;img src=&quot;https://e.deviantart.net/emoticons/a/animesweat.gif&quot; width=&quot;19&quot; height=&quot;19&quot; alt=&quot;^^;&quot; data-embed-type=&quot;emoticon&quot; data-embed-id=&quot;417&quot; title=&quot;Sweating a little...&quot;/&gt;&lt;br /&gt;Apple Bloom had a very bad day, so Applejack is trying to make her feel better.&lt;br /&gt;&lt;br /&gt;Close sister bond... &lt;img src=&quot;https://e.deviantart.net/emoticons/h/heart.gif&quot; width=&quot;15&quot; height=&quot;13&quot; alt=&quot;:heart:&quot; data-embed-type=&quot;emoticon&quot; data-embed-id=&quot;357&quot; title=&quot;Heart&quot;/&gt; &lt;a target=&quot;_self&quot; href=&quot;https://www.deviantart.com/sadapplebloomplz&quot; &gt;&lt;img class=&quot;avatar&quot; width=&quot;50&quot; height=&quot;50&quot; src=&quot;https://a.deviantart.net/avatars/s/a/sadapplebloomplz.png?4&quot; alt=&quot;:iconsadapplebloomplz:&quot; title=&quot;SadAppleBloomPlz&quot; /&gt;&lt;/a&gt; &lt;a target=&quot;_self&quot; href=&quot;https://www.deviantart.com/applejackfillysad&quot; &gt;&lt;img class=&quot;avatar&quot; width=&quot;50&quot; height=&quot;50&quot; src=&quot;https://a.deviantart.net/avatars/a/p/applejackfillysad.png?4&quot; alt=&quot;:iconapplejackfillysad:&quot; title=&quot;applejackfillysad&quot; /&gt;&lt;/a&gt;&amp;nbsp; &lt;img src=&quot;https://e.deviantart.net/emoticons/h/heart.gif&quot; width=&quot;15&quot; height=&quot;13&quot; alt=&quot;:heart:&quot; data-embed-type=&quot;emoticon&quot; data-embed-id=&quot;357&quot; title=&quot;Heart&quot;/&gt;&lt;br /&gt;&lt;br /&gt;Hope you like them! &lt;img src=&quot;https://e.deviantart.net/emoticons/h/heart.gif&quot; width=&quot;15&quot; height=&quot;13&quot; alt=&quot;:heart:&quot; data-embed-type=&quot;emoticon&quot; data-embed-id=&quot;357&quot; title=&quot;Heart&quot;/&gt; ^,^&lt;br /&gt;&lt;br /&gt;&lt;/span&gt;&lt;span&gt;-- My FurAffinity --&amp;gt;&amp;nbsp;&lt;/span&gt;&lt;a class=&quot;external&quot; href=&quot;https://www.deviantart.com/users/outgoing?http://www.furaffinity.net/user/joakaha/&quot;&gt;www.furaffinity.net/user/joaka&amp;#8230;&lt;/a&gt;&lt;span&gt;&amp;nbsp;-- My Tumblr --&amp;gt;&amp;nbsp;&lt;/span&gt;&lt;a class=&quot;external&quot; href=&quot;https://www.deviantart.com/users/outgoing?https://joakaha.tumblr.com/&quot;&gt;joakaha.tumblr.com/&lt;/a&gt;&lt;span&gt;&amp;nbsp;-- My Twitter --&amp;gt;&amp;nbsp;&lt;/span&gt;&lt;a class=&quot;external&quot; href=&quot;https://www.deviantart.com/users/outgoing?https://twitter.com/Joakaha&quot;&gt;twitter.com/Joakaha&lt;/a&gt;&lt;span&gt;&lt;br /&gt;&lt;/span&gt;&lt;br /&gt;&lt;div&gt;&lt;img src=&quot;https://t00.deviantart.net/XJtd0fjwzPs1bMc6GxhENkmmrp4=/300x200/filters:fixed_height(100,100):origin()/pre00/c641/th/pre/i/2019/048/0/d/mlp_fim___applejack_comforting_apple_bloom_by_joakaha-dd0173b.jpg&quot; alt=&quot;thumbnail&quot; /&gt;&lt;/div&gt;</description>            </item>
                    <item>
                <title>Aqua</title>
                <link>https://ruff-sketches.deviantart.com/art/Aqua-786115171</link>
                <guid isPermaLink="true">https://ruff-sketches.deviantart.com/art/Aqua-786115171</guid>
                <pubDate>Sun, 17 Feb 2019 18:14:51 PST</pubDate>
                        <media:title type="plain">Aqua</media:title>
        <media:keywords></media:keywords>
                        <media:rating>nonadult</media:rating>
                <media:category label="Games">fanart/digital/drawings/games</media:category>
        <media:credit role="author" scheme="urn:ebu">Ruff-Sketches</media:credit>
        <media:credit role="author" scheme="urn:ebu">https://a.deviantart.net/avatars/r/u/ruff-sketches.jpg?6</media:credit>
        <media:copyright url="https://ruff-sketches.deviantart.com">Copyright 2019 Ruff-Sketches</media:copyright>            <media:description type="html">Aqua from kingdom hearts, the winner of this month&#039;s RCP&lt;br /&gt;&lt;br /&gt;&lt;a class=&quot;external&quot; href=&quot;https://www.deviantart.com/users/outgoing?https://www.patreon.com/Ruffntumble&quot;&gt;Patreon&lt;/a&gt; | &lt;a class=&quot;external&quot; href=&quot;https://www.deviantart.com/users/outgoing?https://ruffsketches.tumblr.com/&quot;&gt;Tumblr&lt;/a&gt; | &lt;a class=&quot;external&quot; href=&quot;https://www.deviantart.com/users/outgoing?https://www.instagram.com/ruff.sketches/&quot;&gt;Instagram&lt;/a&gt; | &lt;a class=&quot;external&quot; href=&quot;https://www.deviantart.com/users/outgoing?https://twitter.com/Ruff_sketches&quot;&gt;Twitter&lt;/a&gt; | &lt;a class=&quot;external&quot; href=&quot;https://www.deviantart.com/users/outgoing?https://ruff-sketches.newgrounds.com/&quot;&gt;Newgrounds&lt;/a&gt; | &lt;a class=&quot;external&quot; href=&quot;https://www.deviantart.com/users/outgoing?https://www.twitch.tv/ruff_sketches&quot;&gt;Twitch&lt;/a&gt;</media:description>            <media:thumbnail url="https://t00.deviantart.net/WquJFjYRfYkuKNHfyUu7JG216YA=/fit-in/150x150/filters:no_upscale():origin()/pre00/7f20/th/pre/i/2019/048/5/b/aqua_by_ruff_sketches-dd016cj.jpg" height="150" width="113"/>            <media:thumbnail url="https://t00.deviantart.net/Tf7Km9jrKlAMGbSjDNO3SxeRqj4=/fit-in/300x900/filters:no_upscale():origin()/pre00/7f20/th/pre/i/2019/048/5/b/aqua_by_ruff_sketches-dd016cj.jpg" height="400" width="300"/>            <media:thumbnail url="https://t00.deviantart.net/c3TCVlFVisg6fTKPMgGsxZBuCeI=/300x200/filters:fixed_height(100,100):origin()/pre00/7f20/th/pre/i/2019/048/5/b/aqua_by_ruff_sketches-dd016cj.jpg" height="200" width="150"/>            <media:content url="https://pre00.deviantart.net/7f20/th/pre/i/2019/048/5/b/aqua_by_ruff_sketches-dd016cj.jpg" height="1032" width="774" medium="image"/>            
            <description>Aqua from kingdom hearts, the winner of this month&#039;s RCP&lt;br /&gt;&lt;br /&gt;&lt;a class=&quot;external&quot; href=&quot;https://www.deviantart.com/users/outgoing?https://www.patreon.com/Ruffntumble&quot;&gt;Patreon&lt;/a&gt; | &lt;a class=&quot;external&quot; href=&quot;https://www.deviantart.com/users/outgoing?https://ruffsketches.tumblr.com/&quot;&gt;Tumblr&lt;/a&gt; | &lt;a class=&quot;external&quot; href=&quot;https://www.deviantart.com/users/outgoing?https://www.instagram.com/ruff.sketches/&quot;&gt;Instagram&lt;/a&gt; | &lt;a class=&quot;external&quot; href=&quot;https://www.deviantart.com/users/outgoing?https://twitter.com/Ruff_sketches&quot;&gt;Twitter&lt;/a&gt; | &lt;a class=&quot;external&quot; href=&quot;https://www.deviantart.com/users/outgoing?https://ruff-sketches.newgrounds.com/&quot;&gt;Newgrounds&lt;/a&gt; | &lt;a class=&quot;external&quot; href=&quot;https://www.deviantart.com/users/outgoing?https://www.twitch.tv/ruff_sketches&quot;&gt;Twitch&lt;/a&gt;&lt;br /&gt;&lt;div&gt;&lt;img src=&quot;https://t00.deviantart.net/c3TCVlFVisg6fTKPMgGsxZBuCeI=/300x200/filters:fixed_height(100,100):origin()/pre00/7f20/th/pre/i/2019/048/5/b/aqua_by_ruff_sketches-dd016cj.jpg&quot; alt=&quot;thumbnail&quot; /&gt;&lt;/div&gt;</description>            </item>
                    <item>
                <title>branches</title>
                <link>https://phokko.deviantart.com/art/branches-786112313</link>
                <guid isPermaLink="true">https://phokko.deviantart.com/art/branches-786112313</guid>
                <pubDate>Sun, 17 Feb 2019 17:51:27 PST</pubDate>
                        <media:title type="plain">branches</media:title>
        <media:keywords></media:keywords>
                        <media:rating>nonadult</media:rating>
                <media:category label="Other">digitalart/paintings/other</media:category>
        <media:credit role="author" scheme="urn:ebu">phokko</media:credit>
        <media:credit role="author" scheme="urn:ebu">https://a.deviantart.net/avatars/p/h/phokko.png?4</media:credit>
        <media:copyright url="https://phokko.deviantart.com">Copyright 2019 phokko</media:copyright>            <media:description type="html">&lt;sub&gt;art trade con &lt;span class=&quot;username-with-symbol u&quot;&gt;&lt;a class=&quot;u regular username&quot; href=&quot;https://www.deviantart.com/k030&quot;&gt;k030&lt;/a&gt;&lt;span class=&quot;user-symbol regular&quot; data-quicktip-text=&quot;&quot; data-show-tooltip=&quot;&quot; data-gruser-type=&quot;regular&quot;&gt;&lt;/span&gt;&lt;/span&gt;!&lt;br /&gt;me puse a hacer cosas locas con las l&amp;#237;neas-- pero al final qued&amp;#243; super bonito? tal vez las haga as&amp;#237; mas a menudo o:&lt;br /&gt;also me demor&amp;#233; una eternidad en pintar pero quer&amp;#237;a entregar algo bien hecho xD el primer intento qued&amp;#243; medio flojo as&amp;#237; que piqu&amp;#233; otros colores o|-&amp;lt;&lt;br /&gt;espero que te guste koo! a m&amp;#237; me gust&amp;#243; dibujarla mucho mucho &lt;a href=&quot;https://www.deviantart.com/jerikuto/art/Bunny-Emoji-72-Kawaii-V4-462123125&quot; class=&quot;emoticon&quot; data-embed-type=&quot;emoticon&quot; data-embed-id=&quot;462123125&quot; data-embed-profile=&quot;deviation&quot;&gt;&lt;img src=&quot;https://orig00.deviantart.net/92b0/f/2014/170/b/6/bunny_emoji_72__kawaii___v4__by_jerikuto-d7n4whh.gif&quot; alt=&quot;Bunny Emoji-72 (Kawaii) [V4]&quot; style=&quot;width:20px;height:20px&quot;&gt;&lt;/a&gt;&amp;nbsp;&lt;/sub&gt;</media:description>            <media:thumbnail url="https://t00.deviantart.net/3nnZsUtxmNcKZJyDz0JINxxI0U0=/fit-in/150x150/filters:no_upscale():origin()/pre00/4490/th/pre/f/2019/048/a/6/branches_by_phokko-dd01455.png" height="150" width="113"/>            <media:thumbnail url="https://t00.deviantart.net/WObySPWFmw2EKyZhgVkgnFyZ9Y8=/fit-in/300x900/filters:no_upscale():origin()/pre00/4490/th/pre/f/2019/048/a/6/branches_by_phokko-dd01455.png" height="400" width="300"/>            <media:thumbnail url="https://t00.deviantart.net/UGnTnh5-JWq3kWEZLdNiZhRUf4w=/300x200/filters:fixed_height(100,100):origin()/pre00/4490/th/pre/f/2019/048/a/6/branches_by_phokko-dd01455.png" height="200" width="150"/>            <media:content url="https://pre00.deviantart.net/4490/th/pre/f/2019/048/a/6/branches_by_phokko-dd01455.png" height="1032" width="774" medium="image"/>            
            <description>&lt;sub&gt;art trade con &lt;span class=&quot;username-with-symbol u&quot;&gt;&lt;a class=&quot;u regular username&quot; href=&quot;https://www.deviantart.com/k030&quot;&gt;k030&lt;/a&gt;&lt;span class=&quot;user-symbol regular&quot; data-quicktip-text=&quot;&quot; data-show-tooltip=&quot;&quot; data-gruser-type=&quot;regular&quot;&gt;&lt;/span&gt;&lt;/span&gt;!&lt;br /&gt;me puse a hacer cosas locas con las l&amp;#237;neas-- pero al final qued&amp;#243; super bonito? tal vez las haga as&amp;#237; mas a menudo o:&lt;br /&gt;also me demor&amp;#233; una eternidad en pintar pero quer&amp;#237;a entregar algo bien hecho xD el primer intento qued&amp;#243; medio flojo as&amp;#237; que piqu&amp;#233; otros colores o|-&amp;lt;&lt;br /&gt;espero que te guste koo! a m&amp;#237; me gust&amp;#243; dibujarla mucho mucho &lt;a href=&quot;https://www.deviantart.com/jerikuto/art/Bunny-Emoji-72-Kawaii-V4-462123125&quot; class=&quot;emoticon&quot; data-embed-type=&quot;emoticon&quot; data-embed-id=&quot;462123125&quot; data-embed-profile=&quot;deviation&quot;&gt;&lt;img src=&quot;https://orig00.deviantart.net/92b0/f/2014/170/b/6/bunny_emoji_72__kawaii___v4__by_jerikuto-d7n4whh.gif&quot; alt=&quot;Bunny Emoji-72 (Kawaii) [V4]&quot; style=&quot;width:20px;height:20px&quot;&gt;&lt;/a&gt;&amp;nbsp;&lt;/sub&gt;&lt;br /&gt;&lt;div&gt;&lt;img src=&quot;https://t00.deviantart.net/UGnTnh5-JWq3kWEZLdNiZhRUf4w=/300x200/filters:fixed_height(100,100):origin()/pre00/4490/th/pre/f/2019/048/a/6/branches_by_phokko-dd01455.png&quot; alt=&quot;thumbnail&quot; /&gt;&lt;/div&gt;</description>            </item>
                    <item>
                <title>Arcanine</title>
                <link>https://cutgut.deviantart.com/art/Arcanine-785976929</link>
                <guid isPermaLink="true">https://cutgut.deviantart.com/art/Arcanine-785976929</guid>
                <pubDate>Mon, 18 Feb 2019 13:20:24 PST</pubDate>
                        <media:title type="plain">Arcanine</media:title>
        <media:keywords></media:keywords>
                        <media:rating>nonadult</media:rating>
                <media:category label="Non-Isometric">digitalart/pixelart/characters/noniso</media:category>
        <media:credit role="author" scheme="urn:ebu">cutgut</media:credit>
        <media:credit role="author" scheme="urn:ebu">https://a.deviantart.net/avatars/c/u/cutgut.png?9</media:credit>
        <media:copyright url="https://cutgut.deviantart.com">Copyright 2019 cutgut</media:copyright>            <media:description type="html">&lt;sub&gt; Arcanine using Flare Blitz&amp;nbsp;&amp;nbsp;&lt;a href=&quot;https://www.deviantart.com/kaizoku-no-yume/art/059-Arcanine-494818458&quot; class=&quot;emoticon&quot; data-embed-type=&quot;emoticon&quot; data-embed-id=&quot;494818458&quot; data-embed-profile=&quot;deviation&quot;&gt;&lt;img src=&quot;https://orig00.deviantart.net/cef8/f/2014/320/e/a/059_by_kaizoku_no_yume-d86lod6.gif&quot; alt=&quot;#059 Arcanine&quot; style=&quot;width:32px;height:32px&quot;&gt;&lt;/a&gt;&amp;nbsp;&lt;br /&gt;&lt;br /&gt;&lt;img src=&quot;https://e.deviantart.net/emoticons/b/bulletred.gif&quot; width=&quot;10&quot; height=&quot;10&quot; alt=&quot;:bulletred:&quot; data-embed-type=&quot;emoticon&quot; data-embed-id=&quot;210&quot; title=&quot;Bullet; Red&quot;/&gt; twitter: &lt;a class=&quot;external&quot; href=&quot;https://www.deviantart.com/users/outgoing?https://twitter.com/_cutgut&quot;&gt;twitter.com/_cutgut&lt;/a&gt;&lt;/sub&gt;</media:description>            <media:thumbnail url="https://t00.deviantart.net/RVcqckZ134kIIdJUFvjGZXJhK5U=/fit-in/150x150/filters:no_upscale():origin()/pre00/4c33/th/pre/f/2019/049/3/c/arcanine_by_cutgut-dczy7oh.png" height="99" width="150"/>            <media:thumbnail url="https://orig00.deviantart.net/bdb0/f/2019/049/3/c/arcanine_by_cutgut-dczy7oh.png" height="129" width="195"/>            <media:thumbnail url="https://orig00.deviantart.net/bdb0/f/2019/049/3/c/arcanine_by_cutgut-dczy7oh.png" height="129" width="195"/>            <media:content url="https://orig00.deviantart.net/bdb0/f/2019/049/3/c/arcanine_by_cutgut-dczy7oh.png" height="129" width="195" medium="image"/>            
            <description>&lt;sub&gt; Arcanine using Flare Blitz&amp;nbsp;&amp;nbsp;&lt;a href=&quot;https://www.deviantart.com/kaizoku-no-yume/art/059-Arcanine-494818458&quot; class=&quot;emoticon&quot; data-embed-type=&quot;emoticon&quot; data-embed-id=&quot;494818458&quot; data-embed-profile=&quot;deviation&quot;&gt;&lt;img src=&quot;https://orig00.deviantart.net/cef8/f/2014/320/e/a/059_by_kaizoku_no_yume-d86lod6.gif&quot; alt=&quot;#059 Arcanine&quot; style=&quot;width:32px;height:32px&quot;&gt;&lt;/a&gt;&amp;nbsp;&lt;br /&gt;&lt;br /&gt;&lt;img src=&quot;https://e.deviantart.net/emoticons/b/bulletred.gif&quot; width=&quot;10&quot; height=&quot;10&quot; alt=&quot;:bulletred:&quot; data-embed-type=&quot;emoticon&quot; data-embed-id=&quot;210&quot; title=&quot;Bullet; Red&quot;/&gt; twitter: &lt;a class=&quot;external&quot; href=&quot;https://www.deviantart.com/users/outgoing?https://twitter.com/_cutgut&quot;&gt;twitter.com/_cutgut&lt;/a&gt;&lt;/sub&gt;&lt;br /&gt;&lt;div&gt;&lt;img src=&quot;https://orig00.deviantart.net/bdb0/f/2019/049/3/c/arcanine_by_cutgut-dczy7oh.png&quot; alt=&quot;thumbnail&quot; /&gt;&lt;/div&gt;</description>            </item>
                    <item>
                <title>Lady</title>
                <link>https://magicstraw.deviantart.com/art/Lady-786097506</link>
                <guid isPermaLink="true">https://magicstraw.deviantart.com/art/Lady-786097506</guid>
                <pubDate>Sun, 17 Feb 2019 15:57:06 PST</pubDate>
                        <media:title type="plain">Lady</media:title>
        <media:keywords></media:keywords>
                        <media:rating>nonadult</media:rating>
                <media:category label="Other">fanart/digital/drawings/other</media:category>
        <media:credit role="author" scheme="urn:ebu">MagicStraw</media:credit>
        <media:credit role="author" scheme="urn:ebu">https://a.deviantart.net/avatars/m/a/magicstraw.png?3</media:credit>
        <media:copyright url="https://magicstraw.deviantart.com">Copyright 2019 MagicStraw</media:copyright>            <media:description type="html"></media:description>            <media:thumbnail url="https://t00.deviantart.net/dDNOcOIGSfu9Xjde7TINhjJIVb0=/fit-in/150x150/filters:no_upscale():origin()/pre00/a570/th/pre/i/2019/048/4/7/lady_by_magicstraw-dd00spu.jpg" height="149" width="150"/>            <media:thumbnail url="https://t00.deviantart.net/IBgy3ektoQw5iCKxTvdNAFr-2rg=/fit-in/300x900/filters:no_upscale():origin()/pre00/a570/th/pre/i/2019/048/4/7/lady_by_magicstraw-dd00spu.jpg" height="298" width="300"/>            <media:thumbnail url="https://t00.deviantart.net/cPuxt-qVUOP_mIdHGS-Lc3U3By4=/300x200/filters:fixed_height(100,100):origin()/pre00/a570/th/pre/i/2019/048/4/7/lady_by_magicstraw-dd00spu.jpg" height="200" width="201"/>            <media:content url="https://pre00.deviantart.net/a570/th/pre/i/2019/048/4/7/lady_by_magicstraw-dd00spu.jpg" height="891" width="897" medium="image"/>            
            <description>&lt;br /&gt;&lt;div&gt;&lt;img src=&quot;https://t00.deviantart.net/cPuxt-qVUOP_mIdHGS-Lc3U3By4=/300x200/filters:fixed_height(100,100):origin()/pre00/a570/th/pre/i/2019/048/4/7/lady_by_magicstraw-dd00spu.jpg&quot; alt=&quot;thumbnail&quot; /&gt;&lt;/div&gt;</description>            </item>
                    <item>
                <title>Why</title>
                <link>https://ganyiao.deviantart.com/art/Why-786113130</link>
                <guid isPermaLink="true">https://ganyiao.deviantart.com/art/Why-786113130</guid>
                <pubDate>Sun, 17 Feb 2019 17:53:06 PST</pubDate>
                        <media:title type="plain">Why</media:title>
        <media:keywords></media:keywords>
                        <media:rating>nonadult</media:rating>
                <media:category label="deviantID">darelated/deviantid</media:category>
        <media:credit role="author" scheme="urn:ebu">GANYiAO</media:credit>
        <media:credit role="author" scheme="urn:ebu">https://a.deviantart.net/avatars/g/a/ganyiao.png?13</media:credit>
        <media:copyright url="https://ganyiao.deviantart.com">Copyright 2019 GANYiAO</media:copyright>             <creativeCommons:license>http://creativecommons.org/licenses/by-nc-nd/3.0/</creativeCommons:license>
                <media:description type="html"></media:description>            <media:thumbnail url="https://t00.deviantart.net/FpbKpzwAFDtPu4N0uVYys02IeoQ=/fit-in/150x150/filters:no_upscale():origin()/pre00/1301/th/pre/i/2019/048/5/5/why_by_ganyiao-dd014ru.png" height="150" width="133"/>            <media:thumbnail url="https://t00.deviantart.net/Bvy8pwQvwR-YCNUufNc_syX6YnA=/fit-in/300x900/filters:no_upscale():origin()/pre00/1301/th/pre/i/2019/048/5/5/why_by_ganyiao-dd014ru.png" height="338" width="300"/>            <media:thumbnail url="https://t00.deviantart.net/kzjxlBBMYm0Hd01a93rjdhFqrUo=/300x200/filters:fixed_height(100,100):origin()/pre00/1301/th/pre/i/2019/048/5/5/why_by_ganyiao-dd014ru.png" height="200" width="178"/>            <media:content url="https://img00.deviantart.net/f58d/i/2019/048/5/5/why_by_ganyiao-dd014ru.png" height="675" width="600" medium="image"/>            
            <description>&lt;br /&gt;&lt;div&gt;&lt;img src=&quot;https://t00.deviantart.net/kzjxlBBMYm0Hd01a93rjdhFqrUo=/300x200/filters:fixed_height(100,100):origin()/pre00/1301/th/pre/i/2019/048/5/5/why_by_ganyiao-dd014ru.png&quot; alt=&quot;thumbnail&quot; /&gt;&lt;/div&gt;</description>            </item>
                    <item>
                <title>Killcount 2019 02 16</title>
                <link>https://jollyjack.deviantart.com/art/Killcount-2019-02-16-786159933</link>
                <guid isPermaLink="true">https://jollyjack.deviantart.com/art/Killcount-2019-02-16-786159933</guid>
                <pubDate>Mon, 18 Feb 2019 02:21:31 PST</pubDate>
                        <media:title type="plain">Killcount 2019 02 16</media:title>
        <media:keywords></media:keywords>
                        <media:rating>adult</media:rating>
                <media:category label="Drawings">cartoons/digital/cartoons/drawings</media:category>
        <media:credit role="author" scheme="urn:ebu">jollyjack</media:credit>
        <media:credit role="author" scheme="urn:ebu">https://a.deviantart.net/avatars/j/o/jollyjack.gif</media:credit>
        <media:copyright url="https://jollyjack.deviantart.com">Copyright 2019 jollyjack</media:copyright>            <media:description type="html">First of the year*.&lt;br /&gt;&lt;div&gt;Five dead at a workplace shooting: &lt;a class=&quot;external&quot; href=&quot;https://www.deviantart.com/users/outgoing?https://www.bbc.co.uk/news/world-us-canada-47261314&quot;&gt;www.bbc.co.uk/news/world-us-ca&amp;hellip;&lt;/a&gt;&lt;/div&gt;&lt;div&gt;&lt;br /&gt;&lt;/div&gt;&lt;div&gt;Previous counts:&lt;br /&gt;&lt;span class=&quot;shadow-holder&quot; data-embed-type=&quot;deviation&quot; data-embed-id=&quot;772137315&quot; data-embed-format=&quot;thumb&quot;&gt;&lt;span class=&quot;shadow mild&quot; &gt;&lt;a class=&quot;thumb ismature&quot; href=&quot;https://www.deviantart.com/jollyjack/art/Killcount-2018-11-07-772137315&quot; title=&quot;Killcount 2018 11 07 by jollyjack, Nov 11, 2018 in Cartoons &amp;amp; Comics &amp;gt; Digital Media &amp;gt; Cartoons &amp;gt; Drawings&quot;data-super-img=&quot;https://images-wixmp-ed30a86b8c4ca887773594c2.wixmp.com/intermediary/f/7f6541c7-0f71-4281-a0d6-45f12f0c1cf6/dcrpkyr-2e3968f3-decd-476a-a83c-0e5c65212d24.jpg&quot; data-super-width=&quot;725&quot; data-super-height=&quot;940&quot; data-super-transparent=&quot;false&quot; data-super-alt=&quot;Killcount 2018 11 07 by jollyjack&quot; data-super-full-img=&quot;https://images-wixmp-ed30a86b8c4ca887773594c2.wixmp.com/intermediary/f/7f6541c7-0f71-4281-a0d6-45f12f0c1cf6/dcrpkyr-2e3968f3-decd-476a-a83c-0e5c65212d24.jpg&quot; data-super-full-width=&quot;725&quot; data-super-full-height=&quot;940&quot;        data-sigil=&quot;thumb&quot;&gt;
                &lt;div class=&quot;thumb_agegate&quot;&gt;
            &lt;div class=&quot;agegate&quot;&gt;
                &lt;div class=&quot;nogo icon-blocked&quot;&gt;&lt;/div&gt;
                &lt;h1&gt;Mature Content&lt;/h1&gt;
            &lt;/div&gt;
        &lt;/div&gt;
        &lt;i&gt;&lt;/i&gt;&lt;img   width=&quot;116&quot; height=&quot;150&quot; alt=&quot;Killcount 2018 11 07 by jollyjack&quot; src=&quot;https://images-wixmp-ed30a86b8c4ca887773594c2.wixmp.com/intermediary/f/7f6541c7-0f71-4281-a0d6-45f12f0c1cf6/dcrpkyr-2e3968f3-decd-476a-a83c-0e5c65212d24.jpg/v1/fit/w_150,h_150,q_70,strp/killcount_2018_11_07_by_jollyjack_dcrpkyr-150.jpg&quot; data-src=&quot;https://images-wixmp-ed30a86b8c4ca887773594c2.wixmp.com/intermediary/f/7f6541c7-0f71-4281-a0d6-45f12f0c1cf6/dcrpkyr-2e3968f3-decd-476a-a83c-0e5c65212d24.jpg/v1/fit/w_150,h_150,q_70,strp/killcount_2018_11_07_by_jollyjack_dcrpkyr-150.jpg&quot; srcset=&quot;https://images-wixmp-ed30a86b8c4ca887773594c2.wixmp.com/intermediary/f/7f6541c7-0f71-4281-a0d6-45f12f0c1cf6/dcrpkyr-2e3968f3-decd-476a-a83c-0e5c65212d24.jpg/v1/fit/w_150,h_150,q_70,strp/killcount_2018_11_07_by_jollyjack_dcrpkyr-150.jpg 116w,https://images-wixmp-ed30a86b8c4ca887773594c2.wixmp.com/intermediary/f/7f6541c7-0f71-4281-a0d6-45f12f0c1cf6/dcrpkyr-2e3968f3-decd-476a-a83c-0e5c65212d24.jpg/v1/fill/w_193,h_250,q_70,strp/killcount_2018_11_07_by_jollyjack_dcrpkyr-250t.jpg 193w,https://images-wixmp-ed30a86b8c4ca887773594c2.wixmp.com/intermediary/f/7f6541c7-0f71-4281-a0d6-45f12f0c1cf6/dcrpkyr-2e3968f3-decd-476a-a83c-0e5c65212d24.jpg/v1/fill/w_270,h_350,q_70,strp/killcount_2018_11_07_by_jollyjack_dcrpkyr-350t.jpg 270w,https://images-wixmp-ed30a86b8c4ca887773594c2.wixmp.com/intermediary/f/7f6541c7-0f71-4281-a0d6-45f12f0c1cf6/dcrpkyr-2e3968f3-decd-476a-a83c-0e5c65212d24.jpg/v1/crop/w_309,h_400,x_0,y_0,scl_0.42620689655172,q_70,strp/killcount_2018_11_07_by_jollyjack_dcrpkyr-400t.jpg 309w,https://images-wixmp-ed30a86b8c4ca887773594c2.wixmp.com/intermediary/f/7f6541c7-0f71-4281-a0d6-45f12f0c1cf6/dcrpkyr-2e3968f3-decd-476a-a83c-0e5c65212d24.jpg 725w&quot; sizes=&quot;116px&quot;&gt;&lt;/a&gt;&lt;/span&gt;&lt;!-- ^TTT --&gt;&lt;!-- TTT$ --&gt;&lt;/span&gt; &lt;span class=&quot;shadow-holder&quot; data-embed-type=&quot;deviation&quot; data-embed-id=&quot;770507543&quot; data-embed-format=&quot;thumb&quot;&gt;&lt;span class=&quot;shadow mild&quot; &gt;&lt;a class=&quot;thumb ismature&quot; href=&quot;https://www.deviantart.com/jollyjack/art/Killcount-2018-10-27-770507543&quot; title=&quot;Killcount 2018 10 27 by jollyjack, Oct 30, 2018 in Cartoons &amp;amp; Comics &amp;gt; Digital Media &amp;gt; Cartoons &amp;gt; Drawings&quot;data-super-img=&quot;https://images-wixmp-ed30a86b8c4ca887773594c2.wixmp.com/intermediary/f/7f6541c7-0f71-4281-a0d6-45f12f0c1cf6/dcqqnfb-d11f7ee8-9e6c-4928-8a61-1707b145a8e9.jpg/v1/fill/w_754,h_1060,q_70,strp/killcount_2018_10_27_by_jollyjack_dcqqnfb-pre.jpg&quot; data-super-width=&quot;754&quot; data-super-height=&quot;1060&quot; data-super-transparent=&quot;false&quot; data-super-alt=&quot;Killcount 2018 10 27 by jollyjack&quot; data-super-full-img=&quot;https://images-wixmp-ed30a86b8c4ca887773594c2.wixmp.com/intermediary/f/7f6541c7-0f71-4281-a0d6-45f12f0c1cf6/dcqqnfb-d11f7ee8-9e6c-4928-8a61-1707b145a8e9.jpg&quot; data-super-full-width=&quot;802&quot; data-super-full-height=&quot;1128&quot;        data-sigil=&quot;thumb&quot;&gt;
                &lt;div class=&quot;thumb_agegate&quot;&gt;
            &lt;div class=&quot;agegate&quot;&gt;
                &lt;div class=&quot;nogo icon-blocked&quot;&gt;&lt;/div&gt;
                &lt;h1&gt;Mature Content&lt;/h1&gt;
            &lt;/div&gt;
        &lt;/div&gt;
        &lt;i&gt;&lt;/i&gt;&lt;img   width=&quot;107&quot; height=&quot;150&quot; alt=&quot;Killcount 2018 10 27 by jollyjack&quot; src=&quot;https://images-wixmp-ed30a86b8c4ca887773594c2.wixmp.com/intermediary/f/7f6541c7-0f71-4281-a0d6-45f12f0c1cf6/dcqqnfb-d11f7ee8-9e6c-4928-8a61-1707b145a8e9.jpg/v1/fit/w_150,h_150,q_70,strp/killcount_2018_10_27_by_jollyjack_dcqqnfb-150.jpg&quot; data-src=&quot;https://images-wixmp-ed30a86b8c4ca887773594c2.wixmp.com/intermediary/f/7f6541c7-0f71-4281-a0d6-45f12f0c1cf6/dcqqnfb-d11f7ee8-9e6c-4928-8a61-1707b145a8e9.jpg/v1/fit/w_150,h_150,q_70,strp/killcount_2018_10_27_by_jollyjack_dcqqnfb-150.jpg&quot; srcset=&quot;https://images-wixmp-ed30a86b8c4ca887773594c2.wixmp.com/intermediary/f/7f6541c7-0f71-4281-a0d6-45f12f0c1cf6/dcqqnfb-d11f7ee8-9e6c-4928-8a61-1707b145a8e9.jpg/v1/fit/w_150,h_150,q_70,strp/killcount_2018_10_27_by_jollyjack_dcqqnfb-150.jpg 107w,https://images-wixmp-ed30a86b8c4ca887773594c2.wixmp.com/intermediary/f/7f6541c7-0f71-4281-a0d6-45f12f0c1cf6/dcqqnfb-d11f7ee8-9e6c-4928-8a61-1707b145a8e9.jpg/v1/fill/w_178,h_250,q_70,strp/killcount_2018_10_27_by_jollyjack_dcqqnfb-250t.jpg 178w,https://images-wixmp-ed30a86b8c4ca887773594c2.wixmp.com/intermediary/f/7f6541c7-0f71-4281-a0d6-45f12f0c1cf6/dcqqnfb-d11f7ee8-9e6c-4928-8a61-1707b145a8e9.jpg/v1/fill/w_249,h_350,q_70,strp/killcount_2018_10_27_by_jollyjack_dcqqnfb-350t.jpg 249w,https://images-wixmp-ed30a86b8c4ca887773594c2.wixmp.com/intermediary/f/7f6541c7-0f71-4281-a0d6-45f12f0c1cf6/dcqqnfb-d11f7ee8-9e6c-4928-8a61-1707b145a8e9.jpg/v1/crop/w_284,h_400,x_0,y_0,scl_0.35536159600998,q_70,strp/killcount_2018_10_27_by_jollyjack_dcqqnfb-400t.jpg 284w,https://images-wixmp-ed30a86b8c4ca887773594c2.wixmp.com/intermediary/f/7f6541c7-0f71-4281-a0d6-45f12f0c1cf6/dcqqnfb-d11f7ee8-9e6c-4928-8a61-1707b145a8e9.jpg/v1/fill/w_754,h_1060,q_70,strp/killcount_2018_10_27_by_jollyjack_dcqqnfb-pre.jpg 754w&quot; sizes=&quot;107px&quot;&gt;&lt;/a&gt;&lt;/span&gt;&lt;!-- ^TTT --&gt;&lt;!-- TTT$ --&gt;&lt;/span&gt; &lt;span class=&quot;shadow-holder&quot; data-embed-type=&quot;deviation&quot; data-embed-id=&quot;752154949&quot; data-embed-format=&quot;thumb&quot;&gt;&lt;span class=&quot;shadow mild&quot; &gt;&lt;a class=&quot;thumb ismature&quot; href=&quot;https://www.deviantart.com/jollyjack/art/Killcount-2018-06-28-752154949&quot; title=&quot;Killcount 2018 06 28 by jollyjack, Jun 30, 2018 in Cartoons &amp;amp; Comics &amp;gt; Digital Media &amp;gt; Cartoons &amp;gt; Drawings&quot;data-super-img=&quot;https://images-wixmp-ed30a86b8c4ca887773594c2.wixmp.com/intermediary/f/7f6541c7-0f71-4281-a0d6-45f12f0c1cf6/dcftah1-9ceaaaf9-515b-4ed4-a509-6d775a547ac1.jpg&quot; data-super-width=&quot;717&quot; data-super-height=&quot;1109&quot; data-super-transparent=&quot;false&quot; data-super-alt=&quot;Killcount 2018 06 28 by jollyjack&quot; data-super-full-img=&quot;https://images-wixmp-ed30a86b8c4ca887773594c2.wixmp.com/intermediary/f/7f6541c7-0f71-4281-a0d6-45f12f0c1cf6/dcftah1-9ceaaaf9-515b-4ed4-a509-6d775a547ac1.jpg&quot; data-super-full-width=&quot;717&quot; data-super-full-height=&quot;1109&quot;        data-sigil=&quot;thumb&quot;&gt;
                &lt;div class=&quot;thumb_agegate&quot;&gt;
            &lt;div class=&quot;agegate&quot;&gt;
                &lt;div class=&quot;nogo icon-blocked&quot;&gt;&lt;/div&gt;
                &lt;h1&gt;Mature Content&lt;/h1&gt;
            &lt;/div&gt;
        &lt;/div&gt;
        &lt;i&gt;&lt;/i&gt;&lt;img   width=&quot;97&quot; height=&quot;150&quot; alt=&quot;Killcount 2018 06 28 by jollyjack&quot; src=&quot;https://images-wixmp-ed30a86b8c4ca887773594c2.wixmp.com/intermediary/f/7f6541c7-0f71-4281-a0d6-45f12f0c1cf6/dcftah1-9ceaaaf9-515b-4ed4-a509-6d775a547ac1.jpg/v1/fit/w_150,h_150,q_70,strp/killcount_2018_06_28_by_jollyjack_dcftah1-150.jpg&quot; data-src=&quot;https://images-wixmp-ed30a86b8c4ca887773594c2.wixmp.com/intermediary/f/7f6541c7-0f71-4281-a0d6-45f12f0c1cf6/dcftah1-9ceaaaf9-515b-4ed4-a509-6d775a547ac1.jpg/v1/fit/w_150,h_150,q_70,strp/killcount_2018_06_28_by_jollyjack_dcftah1-150.jpg&quot; srcset=&quot;https://images-wixmp-ed30a86b8c4ca887773594c2.wixmp.com/intermediary/f/7f6541c7-0f71-4281-a0d6-45f12f0c1cf6/dcftah1-9ceaaaf9-515b-4ed4-a509-6d775a547ac1.jpg/v1/fit/w_150,h_150,q_70,strp/killcount_2018_06_28_by_jollyjack_dcftah1-150.jpg 97w,https://images-wixmp-ed30a86b8c4ca887773594c2.wixmp.com/intermediary/f/7f6541c7-0f71-4281-a0d6-45f12f0c1cf6/dcftah1-9ceaaaf9-515b-4ed4-a509-6d775a547ac1.jpg/v1/crop/w_162,h_250,x_0,y_0,scl_0.22594142259414,q_70,strp/killcount_2018_06_28_by_jollyjack_dcftah1-250t.jpg 162w,https://images-wixmp-ed30a86b8c4ca887773594c2.wixmp.com/intermediary/f/7f6541c7-0f71-4281-a0d6-45f12f0c1cf6/dcftah1-9ceaaaf9-515b-4ed4-a509-6d775a547ac1.jpg/v1/fill/w_226,h_350,q_70,strp/killcount_2018_06_28_by_jollyjack_dcftah1-350t.jpg 226w,https://images-wixmp-ed30a86b8c4ca887773594c2.wixmp.com/intermediary/f/7f6541c7-0f71-4281-a0d6-45f12f0c1cf6/dcftah1-9ceaaaf9-515b-4ed4-a509-6d775a547ac1.jpg/v1/crop/w_259,h_400,x_0,y_0,scl_0.36122733612273,q_70,strp/killcount_2018_06_28_by_jollyjack_dcftah1-400t.jpg 259w,https://images-wixmp-ed30a86b8c4ca887773594c2.wixmp.com/intermediary/f/7f6541c7-0f71-4281-a0d6-45f12f0c1cf6/dcftah1-9ceaaaf9-515b-4ed4-a509-6d775a547ac1.jpg 717w&quot; sizes=&quot;97px&quot;&gt;&lt;/a&gt;&lt;/span&gt;&lt;!-- ^TTT --&gt;&lt;!-- TTT$ --&gt;&lt;/span&gt; &lt;span class=&quot;shadow-holder&quot; data-embed-type=&quot;deviation&quot; data-embed-id=&quot;745666905&quot; data-embed-format=&quot;thumb&quot;&gt;&lt;span class=&quot;shadow mild&quot; &gt;&lt;a class=&quot;thumb ismature&quot; href=&quot;https://www.deviantart.com/jollyjack/art/Killcount-2018-05-18-745666905&quot; title=&quot;Killcount 2018 05 18 by jollyjack, May 19, 2018 in Cartoons &amp;amp; Comics &amp;gt; Digital Media &amp;gt; Cartoons &amp;gt; Drawings&quot;data-super-img=&quot;https://images-wixmp-ed30a86b8c4ca887773594c2.wixmp.com/intermediary/f/7f6541c7-0f71-4281-a0d6-45f12f0c1cf6/dcby89l-241122b8-722e-4fa3-8702-0becc059afb3.jpg&quot; data-super-width=&quot;753&quot; data-super-height=&quot;880&quot; data-super-transparent=&quot;false&quot; data-super-alt=&quot;Killcount 2018 05 18 by jollyjack&quot; data-super-full-img=&quot;https://images-wixmp-ed30a86b8c4ca887773594c2.wixmp.com/intermediary/f/7f6541c7-0f71-4281-a0d6-45f12f0c1cf6/dcby89l-241122b8-722e-4fa3-8702-0becc059afb3.jpg&quot; data-super-full-width=&quot;753&quot; data-super-full-height=&quot;880&quot;        data-sigil=&quot;thumb&quot;&gt;
                &lt;div class=&quot;thumb_agegate&quot;&gt;
            &lt;div class=&quot;agegate&quot;&gt;
                &lt;div class=&quot;nogo icon-blocked&quot;&gt;&lt;/div&gt;
                &lt;h1&gt;Mature Content&lt;/h1&gt;
            &lt;/div&gt;
        &lt;/div&gt;
        &lt;i&gt;&lt;/i&gt;&lt;img   width=&quot;128&quot; height=&quot;150&quot; alt=&quot;Killcount 2018 05 18 by jollyjack&quot; src=&quot;https://images-wixmp-ed30a86b8c4ca887773594c2.wixmp.com/intermediary/f/7f6541c7-0f71-4281-a0d6-45f12f0c1cf6/dcby89l-241122b8-722e-4fa3-8702-0becc059afb3.jpg/v1/fit/w_150,h_150,q_70,strp/killcount_2018_05_18_by_jollyjack_dcby89l-150.jpg&quot; data-src=&quot;https://images-wixmp-ed30a86b8c4ca887773594c2.wixmp.com/intermediary/f/7f6541c7-0f71-4281-a0d6-45f12f0c1cf6/dcby89l-241122b8-722e-4fa3-8702-0becc059afb3.jpg/v1/fit/w_150,h_150,q_70,strp/killcount_2018_05_18_by_jollyjack_dcby89l-150.jpg&quot; srcset=&quot;https://images-wixmp-ed30a86b8c4ca887773594c2.wixmp.com/intermediary/f/7f6541c7-0f71-4281-a0d6-45f12f0c1cf6/dcby89l-241122b8-722e-4fa3-8702-0becc059afb3.jpg/v1/fit/w_150,h_150,q_70,strp/killcount_2018_05_18_by_jollyjack_dcby89l-150.jpg 128w,https://images-wixmp-ed30a86b8c4ca887773594c2.wixmp.com/intermediary/f/7f6541c7-0f71-4281-a0d6-45f12f0c1cf6/dcby89l-241122b8-722e-4fa3-8702-0becc059afb3.jpg/v1/fill/w_214,h_250,q_70,strp/killcount_2018_05_18_by_jollyjack_dcby89l-250t.jpg 214w,https://images-wixmp-ed30a86b8c4ca887773594c2.wixmp.com/intermediary/f/7f6541c7-0f71-4281-a0d6-45f12f0c1cf6/dcby89l-241122b8-722e-4fa3-8702-0becc059afb3.jpg/v1/crop/w_299,h_350,x_0,y_0,scl_0.39840637450199,q_70,strp/killcount_2018_05_18_by_jollyjack_dcby89l-350t.jpg 299w,https://images-wixmp-ed30a86b8c4ca887773594c2.wixmp.com/intermediary/f/7f6541c7-0f71-4281-a0d6-45f12f0c1cf6/dcby89l-241122b8-722e-4fa3-8702-0becc059afb3.jpg/v1/fill/w_342,h_400,q_70,strp/killcount_2018_05_18_by_jollyjack_dcby89l-400t.jpg 342w,https://images-wixmp-ed30a86b8c4ca887773594c2.wixmp.com/intermediary/f/7f6541c7-0f71-4281-a0d6-45f12f0c1cf6/dcby89l-241122b8-722e-4fa3-8702-0becc059afb3.jpg 753w&quot; sizes=&quot;128px&quot;&gt;&lt;/a&gt;&lt;/span&gt;&lt;!-- ^TTT --&gt;&lt;!-- TTT$ --&gt;&lt;/span&gt;&amp;nbsp;&lt;span class=&quot;shadow-holder&quot; data-embed-type=&quot;deviation&quot; data-embed-id=&quot;731126554&quot; data-embed-format=&quot;thumb&quot;&gt;&lt;span class=&quot;shadow mild&quot; &gt;&lt;a class=&quot;thumb ismature&quot; href=&quot;https://www.deviantart.com/jollyjack/art/Killcount-2018-02-14-731126554&quot; title=&quot;Killcount 2018-02-14 by jollyjack, Feb 16, 2018 in Cartoons &amp;amp; Comics &amp;gt; Digital Media &amp;gt; Cartoons &amp;gt; Drawings&quot;data-super-img=&quot;https://images-wixmp-ed30a86b8c4ca887773594c2.wixmp.com/intermediary/f/7f6541c7-0f71-4281-a0d6-45f12f0c1cf6/dc3akuy-fcc5073e-059c-4769-a287-9fb72acda048.jpg/v1/fill/w_780,h_1024,q_70,strp/killcount_2018_02_14_by_jollyjack_dc3akuy-pre.jpg&quot; data-super-width=&quot;780&quot; data-super-height=&quot;1024&quot; data-super-transparent=&quot;false&quot; data-super-alt=&quot;Killcount 2018-02-14 by jollyjack&quot; data-super-full-img=&quot;https://images-wixmp-ed30a86b8c4ca887773594c2.wixmp.com/intermediary/f/7f6541c7-0f71-4281-a0d6-45f12f0c1cf6/dc3akuy-fcc5073e-059c-4769-a287-9fb72acda048.jpg&quot; data-super-full-width=&quot;827&quot; data-super-full-height=&quot;1086&quot;        data-sigil=&quot;thumb&quot;&gt;
                &lt;div class=&quot;thumb_agegate&quot;&gt;
            &lt;div class=&quot;agegate&quot;&gt;
                &lt;div class=&quot;nogo icon-blocked&quot;&gt;&lt;/div&gt;
                &lt;h1&gt;Mature Content&lt;/h1&gt;
            &lt;/div&gt;
        &lt;/div&gt;
        &lt;i&gt;&lt;/i&gt;&lt;img   width=&quot;114&quot; height=&quot;150&quot; alt=&quot;Killcount 2018-02-14 by jollyjack&quot; src=&quot;https://images-wixmp-ed30a86b8c4ca887773594c2.wixmp.com/intermediary/f/7f6541c7-0f71-4281-a0d6-45f12f0c1cf6/dc3akuy-fcc5073e-059c-4769-a287-9fb72acda048.jpg/v1/fit/w_150,h_150,q_70,strp/killcount_2018_02_14_by_jollyjack_dc3akuy-150.jpg&quot; data-src=&quot;https://images-wixmp-ed30a86b8c4ca887773594c2.wixmp.com/intermediary/f/7f6541c7-0f71-4281-a0d6-45f12f0c1cf6/dc3akuy-fcc5073e-059c-4769-a287-9fb72acda048.jpg/v1/fit/w_150,h_150,q_70,strp/killcount_2018_02_14_by_jollyjack_dc3akuy-150.jpg&quot; srcset=&quot;https://images-wixmp-ed30a86b8c4ca887773594c2.wixmp.com/intermediary/f/7f6541c7-0f71-4281-a0d6-45f12f0c1cf6/dc3akuy-fcc5073e-059c-4769-a287-9fb72acda048.jpg/v1/fit/w_150,h_150,q_70,strp/killcount_2018_02_14_by_jollyjack_dc3akuy-150.jpg 114w,https://images-wixmp-ed30a86b8c4ca887773594c2.wixmp.com/intermediary/f/7f6541c7-0f71-4281-a0d6-45f12f0c1cf6/dc3akuy-fcc5073e-059c-4769-a287-9fb72acda048.jpg/v1/fill/w_190,h_250,q_70,strp/killcount_2018_02_14_by_jollyjack_dc3akuy-250t.jpg 190w,https://images-wixmp-ed30a86b8c4ca887773594c2.wixmp.com/intermediary/f/7f6541c7-0f71-4281-a0d6-45f12f0c1cf6/dc3akuy-fcc5073e-059c-4769-a287-9fb72acda048.jpg/v1/crop/w_267,h_350,x_0,y_0,scl_0.32285368802902,q_70,strp/killcount_2018_02_14_by_jollyjack_dc3akuy-350t.jpg 267w,https://images-wixmp-ed30a86b8c4ca887773594c2.wixmp.com/intermediary/f/7f6541c7-0f71-4281-a0d6-45f12f0c1cf6/dc3akuy-fcc5073e-059c-4769-a287-9fb72acda048.jpg/v1/crop/w_305,h_400,x_0,y_0,scl_0.36880290205562,q_70,strp/killcount_2018_02_14_by_jollyjack_dc3akuy-400t.jpg 305w,https://images-wixmp-ed30a86b8c4ca887773594c2.wixmp.com/intermediary/f/7f6541c7-0f71-4281-a0d6-45f12f0c1cf6/dc3akuy-fcc5073e-059c-4769-a287-9fb72acda048.jpg/v1/fill/w_780,h_1024,q_70,strp/killcount_2018_02_14_by_jollyjack_dc3akuy-pre.jpg 780w&quot; sizes=&quot;114px&quot;&gt;&lt;/a&gt;&lt;/span&gt;&lt;!-- ^TTT --&gt;&lt;!-- TTT$ --&gt;&lt;/span&gt;&lt;/div&gt;&lt;div&gt;&lt;br /&gt;&lt;/div&gt;&lt;div&gt;And because we know it&#039;s going to happen again: place your bets! New round. How many will catch a bullet in the next shooting? Bonus points on guessing the venue.&lt;br /&gt;&lt;br /&gt;&lt;small&gt;*Actually, it wasn&#039;t. There were two earlier in the year, which I somehow missed, that fit the criteria for a Killcount. That&#039;s..... really depressing.&lt;br /&gt;&lt;/small&gt;&lt;/div&gt;</media:description>            <media:thumbnail url="https://t00.deviantart.net/r0Q4i28l6z-WPlvZG3go9P4iUDU=/fit-in/150x150/filters:no_upscale():origin()/pre00/6493/th/pre/f/2019/049/c/5/c58107592eec9d10b66a186ece3ea65f-dd024vx.jpg" height="150" width="98"/>            <media:thumbnail url="https://t00.deviantart.net/_RgFpJpHSpqIgaYCfmwmDXTi0ek=/fit-in/300x900/filters:no_upscale():origin()/pre00/6493/th/pre/f/2019/049/c/5/c58107592eec9d10b66a186ece3ea65f-dd024vx.jpg" height="459" width="300"/>            <media:thumbnail url="https://t00.deviantart.net/_e6Xb_lEYMmTPN322vjD2pLK-hQ=/300x200/filters:fixed_height(100,100):origin()/pre00/6493/th/pre/f/2019/049/c/5/c58107592eec9d10b66a186ece3ea65f-dd024vx.jpg" height="200" width="131"/>            <media:content url="https://orig00.deviantart.net/ee0d/f/2019/049/c/5/c58107592eec9d10b66a186ece3ea65f-dd024vx.jpg" height="1054" width="689" medium="image"/>            
            <description>First of the year*.&lt;br /&gt;&lt;div&gt;Five dead at a workplace shooting: &lt;a class=&quot;external&quot; href=&quot;https://www.deviantart.com/users/outgoing?https://www.bbc.co.uk/news/world-us-canada-47261314&quot;&gt;www.bbc.co.uk/news/world-us-ca&amp;hellip;&lt;/a&gt;&lt;/div&gt;&lt;div&gt;&lt;br /&gt;&lt;/div&gt;&lt;div&gt;Previous counts:&lt;br /&gt;&lt;span class=&quot;shadow-holder&quot; data-embed-type=&quot;deviation&quot; data-embed-id=&quot;772137315&quot; data-embed-format=&quot;thumb&quot;&gt;&lt;span class=&quot;shadow mild&quot; &gt;&lt;a class=&quot;thumb ismature&quot; href=&quot;https://www.deviantart.com/jollyjack/art/Killcount-2018-11-07-772137315&quot; title=&quot;Killcount 2018 11 07 by jollyjack, Nov 11, 2018 in Cartoons &amp;amp; Comics &amp;gt; Digital Media &amp;gt; Cartoons &amp;gt; Drawings&quot;data-super-img=&quot;https://images-wixmp-ed30a86b8c4ca887773594c2.wixmp.com/intermediary/f/7f6541c7-0f71-4281-a0d6-45f12f0c1cf6/dcrpkyr-2e3968f3-decd-476a-a83c-0e5c65212d24.jpg&quot; data-super-width=&quot;725&quot; data-super-height=&quot;940&quot; data-super-transparent=&quot;false&quot; data-super-alt=&quot;Killcount 2018 11 07 by jollyjack&quot; data-super-full-img=&quot;https://images-wixmp-ed30a86b8c4ca887773594c2.wixmp.com/intermediary/f/7f6541c7-0f71-4281-a0d6-45f12f0c1cf6/dcrpkyr-2e3968f3-decd-476a-a83c-0e5c65212d24.jpg&quot; data-super-full-width=&quot;725&quot; data-super-full-height=&quot;940&quot;        data-sigil=&quot;thumb&quot;&gt;
                &lt;div class=&quot;thumb_agegate&quot;&gt;
            &lt;div class=&quot;agegate&quot;&gt;
                &lt;div class=&quot;nogo icon-blocked&quot;&gt;&lt;/div&gt;
                &lt;h1&gt;Mature Content&lt;/h1&gt;
            &lt;/div&gt;
        &lt;/div&gt;
        &lt;i&gt;&lt;/i&gt;&lt;img   width=&quot;116&quot; height=&quot;150&quot; alt=&quot;Killcount 2018 11 07 by jollyjack&quot; src=&quot;https://images-wixmp-ed30a86b8c4ca887773594c2.wixmp.com/intermediary/f/7f6541c7-0f71-4281-a0d6-45f12f0c1cf6/dcrpkyr-2e3968f3-decd-476a-a83c-0e5c65212d24.jpg/v1/fit/w_150,h_150,q_70,strp/killcount_2018_11_07_by_jollyjack_dcrpkyr-150.jpg&quot; data-src=&quot;https://images-wixmp-ed30a86b8c4ca887773594c2.wixmp.com/intermediary/f/7f6541c7-0f71-4281-a0d6-45f12f0c1cf6/dcrpkyr-2e3968f3-decd-476a-a83c-0e5c65212d24.jpg/v1/fit/w_150,h_150,q_70,strp/killcount_2018_11_07_by_jollyjack_dcrpkyr-150.jpg&quot; srcset=&quot;https://images-wixmp-ed30a86b8c4ca887773594c2.wixmp.com/intermediary/f/7f6541c7-0f71-4281-a0d6-45f12f0c1cf6/dcrpkyr-2e3968f3-decd-476a-a83c-0e5c65212d24.jpg/v1/fit/w_150,h_150,q_70,strp/killcount_2018_11_07_by_jollyjack_dcrpkyr-150.jpg 116w,https://images-wixmp-ed30a86b8c4ca887773594c2.wixmp.com/intermediary/f/7f6541c7-0f71-4281-a0d6-45f12f0c1cf6/dcrpkyr-2e3968f3-decd-476a-a83c-0e5c65212d24.jpg/v1/fill/w_193,h_250,q_70,strp/killcount_2018_11_07_by_jollyjack_dcrpkyr-250t.jpg 193w,https://images-wixmp-ed30a86b8c4ca887773594c2.wixmp.com/intermediary/f/7f6541c7-0f71-4281-a0d6-45f12f0c1cf6/dcrpkyr-2e3968f3-decd-476a-a83c-0e5c65212d24.jpg/v1/fill/w_270,h_350,q_70,strp/killcount_2018_11_07_by_jollyjack_dcrpkyr-350t.jpg 270w,https://images-wixmp-ed30a86b8c4ca887773594c2.wixmp.com/intermediary/f/7f6541c7-0f71-4281-a0d6-45f12f0c1cf6/dcrpkyr-2e3968f3-decd-476a-a83c-0e5c65212d24.jpg/v1/crop/w_309,h_400,x_0,y_0,scl_0.42620689655172,q_70,strp/killcount_2018_11_07_by_jollyjack_dcrpkyr-400t.jpg 309w,https://images-wixmp-ed30a86b8c4ca887773594c2.wixmp.com/intermediary/f/7f6541c7-0f71-4281-a0d6-45f12f0c1cf6/dcrpkyr-2e3968f3-decd-476a-a83c-0e5c65212d24.jpg 725w&quot; sizes=&quot;116px&quot;&gt;&lt;/a&gt;&lt;/span&gt;&lt;!-- ^TTT --&gt;&lt;!-- TTT$ --&gt;&lt;/span&gt; &lt;span class=&quot;shadow-holder&quot; data-embed-type=&quot;deviation&quot; data-embed-id=&quot;770507543&quot; data-embed-format=&quot;thumb&quot;&gt;&lt;span class=&quot;shadow mild&quot; &gt;&lt;a class=&quot;thumb ismature&quot; href=&quot;https://www.deviantart.com/jollyjack/art/Killcount-2018-10-27-770507543&quot; title=&quot;Killcount 2018 10 27 by jollyjack, Oct 30, 2018 in Cartoons &amp;amp; Comics &amp;gt; Digital Media &amp;gt; Cartoons &amp;gt; Drawings&quot;data-super-img=&quot;https://images-wixmp-ed30a86b8c4ca887773594c2.wixmp.com/intermediary/f/7f6541c7-0f71-4281-a0d6-45f12f0c1cf6/dcqqnfb-d11f7ee8-9e6c-4928-8a61-1707b145a8e9.jpg/v1/fill/w_754,h_1060,q_70,strp/killcount_2018_10_27_by_jollyjack_dcqqnfb-pre.jpg&quot; data-super-width=&quot;754&quot; data-super-height=&quot;1060&quot; data-super-transparent=&quot;false&quot; data-super-alt=&quot;Killcount 2018 10 27 by jollyjack&quot; data-super-full-img=&quot;https://images-wixmp-ed30a86b8c4ca887773594c2.wixmp.com/intermediary/f/7f6541c7-0f71-4281-a0d6-45f12f0c1cf6/dcqqnfb-d11f7ee8-9e6c-4928-8a61-1707b145a8e9.jpg&quot; data-super-full-width=&quot;802&quot; data-super-full-height=&quot;1128&quot;        data-sigil=&quot;thumb&quot;&gt;
                &lt;div class=&quot;thumb_agegate&quot;&gt;
            &lt;div class=&quot;agegate&quot;&gt;
                &lt;div class=&quot;nogo icon-blocked&quot;&gt;&lt;/div&gt;
                &lt;h1&gt;Mature Content&lt;/h1&gt;
            &lt;/div&gt;
        &lt;/div&gt;
        &lt;i&gt;&lt;/i&gt;&lt;img   width=&quot;107&quot; height=&quot;150&quot; alt=&quot;Killcount 2018 10 27 by jollyjack&quot; src=&quot;https://images-wixmp-ed30a86b8c4ca887773594c2.wixmp.com/intermediary/f/7f6541c7-0f71-4281-a0d6-45f12f0c1cf6/dcqqnfb-d11f7ee8-9e6c-4928-8a61-1707b145a8e9.jpg/v1/fit/w_150,h_150,q_70,strp/killcount_2018_10_27_by_jollyjack_dcqqnfb-150.jpg&quot; data-src=&quot;https://images-wixmp-ed30a86b8c4ca887773594c2.wixmp.com/intermediary/f/7f6541c7-0f71-4281-a0d6-45f12f0c1cf6/dcqqnfb-d11f7ee8-9e6c-4928-8a61-1707b145a8e9.jpg/v1/fit/w_150,h_150,q_70,strp/killcount_2018_10_27_by_jollyjack_dcqqnfb-150.jpg&quot; srcset=&quot;https://images-wixmp-ed30a86b8c4ca887773594c2.wixmp.com/intermediary/f/7f6541c7-0f71-4281-a0d6-45f12f0c1cf6/dcqqnfb-d11f7ee8-9e6c-4928-8a61-1707b145a8e9.jpg/v1/fit/w_150,h_150,q_70,strp/killcount_2018_10_27_by_jollyjack_dcqqnfb-150.jpg 107w,https://images-wixmp-ed30a86b8c4ca887773594c2.wixmp.com/intermediary/f/7f6541c7-0f71-4281-a0d6-45f12f0c1cf6/dcqqnfb-d11f7ee8-9e6c-4928-8a61-1707b145a8e9.jpg/v1/fill/w_178,h_250,q_70,strp/killcount_2018_10_27_by_jollyjack_dcqqnfb-250t.jpg 178w,https://images-wixmp-ed30a86b8c4ca887773594c2.wixmp.com/intermediary/f/7f6541c7-0f71-4281-a0d6-45f12f0c1cf6/dcqqnfb-d11f7ee8-9e6c-4928-8a61-1707b145a8e9.jpg/v1/fill/w_249,h_350,q_70,strp/killcount_2018_10_27_by_jollyjack_dcqqnfb-350t.jpg 249w,https://images-wixmp-ed30a86b8c4ca887773594c2.wixmp.com/intermediary/f/7f6541c7-0f71-4281-a0d6-45f12f0c1cf6/dcqqnfb-d11f7ee8-9e6c-4928-8a61-1707b145a8e9.jpg/v1/crop/w_284,h_400,x_0,y_0,scl_0.35536159600998,q_70,strp/killcount_2018_10_27_by_jollyjack_dcqqnfb-400t.jpg 284w,https://images-wixmp-ed30a86b8c4ca887773594c2.wixmp.com/intermediary/f/7f6541c7-0f71-4281-a0d6-45f12f0c1cf6/dcqqnfb-d11f7ee8-9e6c-4928-8a61-1707b145a8e9.jpg/v1/fill/w_754,h_1060,q_70,strp/killcount_2018_10_27_by_jollyjack_dcqqnfb-pre.jpg 754w&quot; sizes=&quot;107px&quot;&gt;&lt;/a&gt;&lt;/span&gt;&lt;!-- ^TTT --&gt;&lt;!-- TTT$ --&gt;&lt;/span&gt; &lt;span class=&quot;shadow-holder&quot; data-embed-type=&quot;deviation&quot; data-embed-id=&quot;752154949&quot; data-embed-format=&quot;thumb&quot;&gt;&lt;span class=&quot;shadow mild&quot; &gt;&lt;a class=&quot;thumb ismature&quot; href=&quot;https://www.deviantart.com/jollyjack/art/Killcount-2018-06-28-752154949&quot; title=&quot;Killcount 2018 06 28 by jollyjack, Jun 30, 2018 in Cartoons &amp;amp; Comics &amp;gt; Digital Media &amp;gt; Cartoons &amp;gt; Drawings&quot;data-super-img=&quot;https://images-wixmp-ed30a86b8c4ca887773594c2.wixmp.com/intermediary/f/7f6541c7-0f71-4281-a0d6-45f12f0c1cf6/dcftah1-9ceaaaf9-515b-4ed4-a509-6d775a547ac1.jpg&quot; data-super-width=&quot;717&quot; data-super-height=&quot;1109&quot; data-super-transparent=&quot;false&quot; data-super-alt=&quot;Killcount 2018 06 28 by jollyjack&quot; data-super-full-img=&quot;https://images-wixmp-ed30a86b8c4ca887773594c2.wixmp.com/intermediary/f/7f6541c7-0f71-4281-a0d6-45f12f0c1cf6/dcftah1-9ceaaaf9-515b-4ed4-a509-6d775a547ac1.jpg&quot; data-super-full-width=&quot;717&quot; data-super-full-height=&quot;1109&quot;        data-sigil=&quot;thumb&quot;&gt;
                &lt;div class=&quot;thumb_agegate&quot;&gt;
            &lt;div class=&quot;agegate&quot;&gt;
                &lt;div class=&quot;nogo icon-blocked&quot;&gt;&lt;/div&gt;
                &lt;h1&gt;Mature Content&lt;/h1&gt;
            &lt;/div&gt;
        &lt;/div&gt;
        &lt;i&gt;&lt;/i&gt;&lt;img   width=&quot;97&quot; height=&quot;150&quot; alt=&quot;Killcount 2018 06 28 by jollyjack&quot; src=&quot;https://images-wixmp-ed30a86b8c4ca887773594c2.wixmp.com/intermediary/f/7f6541c7-0f71-4281-a0d6-45f12f0c1cf6/dcftah1-9ceaaaf9-515b-4ed4-a509-6d775a547ac1.jpg/v1/fit/w_150,h_150,q_70,strp/killcount_2018_06_28_by_jollyjack_dcftah1-150.jpg&quot; data-src=&quot;https://images-wixmp-ed30a86b8c4ca887773594c2.wixmp.com/intermediary/f/7f6541c7-0f71-4281-a0d6-45f12f0c1cf6/dcftah1-9ceaaaf9-515b-4ed4-a509-6d775a547ac1.jpg/v1/fit/w_150,h_150,q_70,strp/killcount_2018_06_28_by_jollyjack_dcftah1-150.jpg&quot; srcset=&quot;https://images-wixmp-ed30a86b8c4ca887773594c2.wixmp.com/intermediary/f/7f6541c7-0f71-4281-a0d6-45f12f0c1cf6/dcftah1-9ceaaaf9-515b-4ed4-a509-6d775a547ac1.jpg/v1/fit/w_150,h_150,q_70,strp/killcount_2018_06_28_by_jollyjack_dcftah1-150.jpg 97w,https://images-wixmp-ed30a86b8c4ca887773594c2.wixmp.com/intermediary/f/7f6541c7-0f71-4281-a0d6-45f12f0c1cf6/dcftah1-9ceaaaf9-515b-4ed4-a509-6d775a547ac1.jpg/v1/crop/w_162,h_250,x_0,y_0,scl_0.22594142259414,q_70,strp/killcount_2018_06_28_by_jollyjack_dcftah1-250t.jpg 162w,https://images-wixmp-ed30a86b8c4ca887773594c2.wixmp.com/intermediary/f/7f6541c7-0f71-4281-a0d6-45f12f0c1cf6/dcftah1-9ceaaaf9-515b-4ed4-a509-6d775a547ac1.jpg/v1/fill/w_226,h_350,q_70,strp/killcount_2018_06_28_by_jollyjack_dcftah1-350t.jpg 226w,https://images-wixmp-ed30a86b8c4ca887773594c2.wixmp.com/intermediary/f/7f6541c7-0f71-4281-a0d6-45f12f0c1cf6/dcftah1-9ceaaaf9-515b-4ed4-a509-6d775a547ac1.jpg/v1/crop/w_259,h_400,x_0,y_0,scl_0.36122733612273,q_70,strp/killcount_2018_06_28_by_jollyjack_dcftah1-400t.jpg 259w,https://images-wixmp-ed30a86b8c4ca887773594c2.wixmp.com/intermediary/f/7f6541c7-0f71-4281-a0d6-45f12f0c1cf6/dcftah1-9ceaaaf9-515b-4ed4-a509-6d775a547ac1.jpg 717w&quot; sizes=&quot;97px&quot;&gt;&lt;/a&gt;&lt;/span&gt;&lt;!-- ^TTT --&gt;&lt;!-- TTT$ --&gt;&lt;/span&gt; &lt;span class=&quot;shadow-holder&quot; data-embed-type=&quot;deviation&quot; data-embed-id=&quot;745666905&quot; data-embed-format=&quot;thumb&quot;&gt;&lt;span class=&quot;shadow mild&quot; &gt;&lt;a class=&quot;thumb ismature&quot; href=&quot;https://www.deviantart.com/jollyjack/art/Killcount-2018-05-18-745666905&quot; title=&quot;Killcount 2018 05 18 by jollyjack, May 19, 2018 in Cartoons &amp;amp; Comics &amp;gt; Digital Media &amp;gt; Cartoons &amp;gt; Drawings&quot;data-super-img=&quot;https://images-wixmp-ed30a86b8c4ca887773594c2.wixmp.com/intermediary/f/7f6541c7-0f71-4281-a0d6-45f12f0c1cf6/dcby89l-241122b8-722e-4fa3-8702-0becc059afb3.jpg&quot; data-super-width=&quot;753&quot; data-super-height=&quot;880&quot; data-super-transparent=&quot;false&quot; data-super-alt=&quot;Killcount 2018 05 18 by jollyjack&quot; data-super-full-img=&quot;https://images-wixmp-ed30a86b8c4ca887773594c2.wixmp.com/intermediary/f/7f6541c7-0f71-4281-a0d6-45f12f0c1cf6/dcby89l-241122b8-722e-4fa3-8702-0becc059afb3.jpg&quot; data-super-full-width=&quot;753&quot; data-super-full-height=&quot;880&quot;        data-sigil=&quot;thumb&quot;&gt;
                &lt;div class=&quot;thumb_agegate&quot;&gt;
            &lt;div class=&quot;agegate&quot;&gt;
                &lt;div class=&quot;nogo icon-blocked&quot;&gt;&lt;/div&gt;
                &lt;h1&gt;Mature Content&lt;/h1&gt;
            &lt;/div&gt;
        &lt;/div&gt;
        &lt;i&gt;&lt;/i&gt;&lt;img   width=&quot;128&quot; height=&quot;150&quot; alt=&quot;Killcount 2018 05 18 by jollyjack&quot; src=&quot;https://images-wixmp-ed30a86b8c4ca887773594c2.wixmp.com/intermediary/f/7f6541c7-0f71-4281-a0d6-45f12f0c1cf6/dcby89l-241122b8-722e-4fa3-8702-0becc059afb3.jpg/v1/fit/w_150,h_150,q_70,strp/killcount_2018_05_18_by_jollyjack_dcby89l-150.jpg&quot; data-src=&quot;https://images-wixmp-ed30a86b8c4ca887773594c2.wixmp.com/intermediary/f/7f6541c7-0f71-4281-a0d6-45f12f0c1cf6/dcby89l-241122b8-722e-4fa3-8702-0becc059afb3.jpg/v1/fit/w_150,h_150,q_70,strp/killcount_2018_05_18_by_jollyjack_dcby89l-150.jpg&quot; srcset=&quot;https://images-wixmp-ed30a86b8c4ca887773594c2.wixmp.com/intermediary/f/7f6541c7-0f71-4281-a0d6-45f12f0c1cf6/dcby89l-241122b8-722e-4fa3-8702-0becc059afb3.jpg/v1/fit/w_150,h_150,q_70,strp/killcount_2018_05_18_by_jollyjack_dcby89l-150.jpg 128w,https://images-wixmp-ed30a86b8c4ca887773594c2.wixmp.com/intermediary/f/7f6541c7-0f71-4281-a0d6-45f12f0c1cf6/dcby89l-241122b8-722e-4fa3-8702-0becc059afb3.jpg/v1/fill/w_214,h_250,q_70,strp/killcount_2018_05_18_by_jollyjack_dcby89l-250t.jpg 214w,https://images-wixmp-ed30a86b8c4ca887773594c2.wixmp.com/intermediary/f/7f6541c7-0f71-4281-a0d6-45f12f0c1cf6/dcby89l-241122b8-722e-4fa3-8702-0becc059afb3.jpg/v1/crop/w_299,h_350,x_0,y_0,scl_0.39840637450199,q_70,strp/killcount_2018_05_18_by_jollyjack_dcby89l-350t.jpg 299w,https://images-wixmp-ed30a86b8c4ca887773594c2.wixmp.com/intermediary/f/7f6541c7-0f71-4281-a0d6-45f12f0c1cf6/dcby89l-241122b8-722e-4fa3-8702-0becc059afb3.jpg/v1/fill/w_342,h_400,q_70,strp/killcount_2018_05_18_by_jollyjack_dcby89l-400t.jpg 342w,https://images-wixmp-ed30a86b8c4ca887773594c2.wixmp.com/intermediary/f/7f6541c7-0f71-4281-a0d6-45f12f0c1cf6/dcby89l-241122b8-722e-4fa3-8702-0becc059afb3.jpg 753w&quot; sizes=&quot;128px&quot;&gt;&lt;/a&gt;&lt;/span&gt;&lt;!-- ^TTT --&gt;&lt;!-- TTT$ --&gt;&lt;/span&gt;&amp;nbsp;&lt;span class=&quot;shadow-holder&quot; data-embed-type=&quot;deviation&quot; data-embed-id=&quot;731126554&quot; data-embed-format=&quot;thumb&quot;&gt;&lt;span class=&quot;shadow mild&quot; &gt;&lt;a class=&quot;thumb ismature&quot; href=&quot;https://www.deviantart.com/jollyjack/art/Killcount-2018-02-14-731126554&quot; title=&quot;Killcount 2018-02-14 by jollyjack, Feb 16, 2018 in Cartoons &amp;amp; Comics &amp;gt; Digital Media &amp;gt; Cartoons &amp;gt; Drawings&quot;data-super-img=&quot;https://images-wixmp-ed30a86b8c4ca887773594c2.wixmp.com/intermediary/f/7f6541c7-0f71-4281-a0d6-45f12f0c1cf6/dc3akuy-fcc5073e-059c-4769-a287-9fb72acda048.jpg/v1/fill/w_780,h_1024,q_70,strp/killcount_2018_02_14_by_jollyjack_dc3akuy-pre.jpg&quot; data-super-width=&quot;780&quot; data-super-height=&quot;1024&quot; data-super-transparent=&quot;false&quot; data-super-alt=&quot;Killcount 2018-02-14 by jollyjack&quot; data-super-full-img=&quot;https://images-wixmp-ed30a86b8c4ca887773594c2.wixmp.com/intermediary/f/7f6541c7-0f71-4281-a0d6-45f12f0c1cf6/dc3akuy-fcc5073e-059c-4769-a287-9fb72acda048.jpg&quot; data-super-full-width=&quot;827&quot; data-super-full-height=&quot;1086&quot;        data-sigil=&quot;thumb&quot;&gt;
                &lt;div class=&quot;thumb_agegate&quot;&gt;
            &lt;div class=&quot;agegate&quot;&gt;
                &lt;div class=&quot;nogo icon-blocked&quot;&gt;&lt;/div&gt;
                &lt;h1&gt;Mature Content&lt;/h1&gt;
            &lt;/div&gt;
        &lt;/div&gt;
        &lt;i&gt;&lt;/i&gt;&lt;img   width=&quot;114&quot; height=&quot;150&quot; alt=&quot;Killcount 2018-02-14 by jollyjack&quot; src=&quot;https://images-wixmp-ed30a86b8c4ca887773594c2.wixmp.com/intermediary/f/7f6541c7-0f71-4281-a0d6-45f12f0c1cf6/dc3akuy-fcc5073e-059c-4769-a287-9fb72acda048.jpg/v1/fit/w_150,h_150,q_70,strp/killcount_2018_02_14_by_jollyjack_dc3akuy-150.jpg&quot; data-src=&quot;https://images-wixmp-ed30a86b8c4ca887773594c2.wixmp.com/intermediary/f/7f6541c7-0f71-4281-a0d6-45f12f0c1cf6/dc3akuy-fcc5073e-059c-4769-a287-9fb72acda048.jpg/v1/fit/w_150,h_150,q_70,strp/killcount_2018_02_14_by_jollyjack_dc3akuy-150.jpg&quot; srcset=&quot;https://images-wixmp-ed30a86b8c4ca887773594c2.wixmp.com/intermediary/f/7f6541c7-0f71-4281-a0d6-45f12f0c1cf6/dc3akuy-fcc5073e-059c-4769-a287-9fb72acda048.jpg/v1/fit/w_150,h_150,q_70,strp/killcount_2018_02_14_by_jollyjack_dc3akuy-150.jpg 114w,https://images-wixmp-ed30a86b8c4ca887773594c2.wixmp.com/intermediary/f/7f6541c7-0f71-4281-a0d6-45f12f0c1cf6/dc3akuy-fcc5073e-059c-4769-a287-9fb72acda048.jpg/v1/fill/w_190,h_250,q_70,strp/killcount_2018_02_14_by_jollyjack_dc3akuy-250t.jpg 190w,https://images-wixmp-ed30a86b8c4ca887773594c2.wixmp.com/intermediary/f/7f6541c7-0f71-4281-a0d6-45f12f0c1cf6/dc3akuy-fcc5073e-059c-4769-a287-9fb72acda048.jpg/v1/crop/w_267,h_350,x_0,y_0,scl_0.32285368802902,q_70,strp/killcount_2018_02_14_by_jollyjack_dc3akuy-350t.jpg 267w,https://images-wixmp-ed30a86b8c4ca887773594c2.wixmp.com/intermediary/f/7f6541c7-0f71-4281-a0d6-45f12f0c1cf6/dc3akuy-fcc5073e-059c-4769-a287-9fb72acda048.jpg/v1/crop/w_305,h_400,x_0,y_0,scl_0.36880290205562,q_70,strp/killcount_2018_02_14_by_jollyjack_dc3akuy-400t.jpg 305w,https://images-wixmp-ed30a86b8c4ca887773594c2.wixmp.com/intermediary/f/7f6541c7-0f71-4281-a0d6-45f12f0c1cf6/dc3akuy-fcc5073e-059c-4769-a287-9fb72acda048.jpg/v1/fill/w_780,h_1024,q_70,strp/killcount_2018_02_14_by_jollyjack_dc3akuy-pre.jpg 780w&quot; sizes=&quot;114px&quot;&gt;&lt;/a&gt;&lt;/span&gt;&lt;!-- ^TTT --&gt;&lt;!-- TTT$ --&gt;&lt;/span&gt;&lt;/div&gt;&lt;div&gt;&lt;br /&gt;&lt;/div&gt;&lt;div&gt;And because we know it&#039;s going to happen again: place your bets! New round. How many will catch a bullet in the next shooting? Bonus points on guessing the venue.&lt;br /&gt;&lt;br /&gt;&lt;small&gt;*Actually, it wasn&#039;t. There were two earlier in the year, which I somehow missed, that fit the criteria for a Killcount. That&#039;s..... really depressing.&lt;br /&gt;&lt;/small&gt;&lt;/div&gt;&lt;br /&gt;&lt;div&gt;&lt;img src=&quot;https://t00.deviantart.net/_e6Xb_lEYMmTPN322vjD2pLK-hQ=/300x200/filters:fixed_height(100,100):origin()/pre00/6493/th/pre/f/2019/049/c/5/c58107592eec9d10b66a186ece3ea65f-dd024vx.jpg&quot; alt=&quot;thumbnail&quot; /&gt;&lt;/div&gt;</description>            </item>
                    <item>
                <title>Sunbather</title>
                <link>https://joepingleton.deviantart.com/art/Sunbather-786127959</link>
                <guid isPermaLink="true">https://joepingleton.deviantart.com/art/Sunbather-786127959</guid>
                <pubDate>Sun, 17 Feb 2019 19:53:22 PST</pubDate>
                        <media:title type="plain">Sunbather</media:title>
        <media:keywords></media:keywords>
                        <media:rating>nonadult</media:rating>
                <media:category label="Animals &amp; Creatures">digitalart/3d/characters/creatures</media:category>
        <media:credit role="author" scheme="urn:ebu">JoePingleton</media:credit>
        <media:credit role="author" scheme="urn:ebu">https://a.deviantart.net/avatars/j/o/joepingleton.jpg?5</media:credit>
        <media:copyright url="https://joepingleton.deviantart.com">Copyright 2019 JoePingleton</media:copyright>            <media:description type="html">&lt;span&gt;Another very quick experiment in combining a DAZ Studio render and a&amp;nbsp;&lt;/span&gt;&lt;a class=&quot;external&quot; href=&quot;https://www.deviantart.com/users/outgoing?https://pixelforest.itch.io/flowscape&quot;&gt;FlowScape&lt;/a&gt;&lt;span&gt;&amp;nbsp;landscape in Photoshop. This time I tried some of the jungle&amp;nbsp;&lt;/span&gt;&lt;span&gt;vegetation using the procedural settings in FlowScape and the &quot;Jungle Construction Kit&quot; from DAZ Studio in the foreground.&lt;/span&gt;&lt;span&gt;&lt;br /&gt;&lt;/span&gt;&lt;ul&gt;&lt;/ul&gt;&lt;div&gt;&lt;ul&gt;&lt;li&gt;&lt;a class=&quot;external&quot; href=&quot;https://www.deviantart.com/users/outgoing?https://www.daz3d.com/gallery/images/click/741441/16288&quot;&gt;Daz Big Cat 2&lt;/a&gt;&lt;/li&gt;&lt;li&gt;&lt;a class=&quot;external&quot; href=&quot;https://www.deviantart.com/users/outgoing?https://www.daz3d.com/gallery/images/click/741441/17843&quot;&gt;Real Fur for DAZ Big Cat 2&lt;/a&gt;&lt;/li&gt;&lt;li&gt;&lt;a class=&quot;external&quot; href=&quot;https://www.deviantart.com/users/outgoing?https://www.daz3d.com/gallery/images/click/741441/18203&quot;&gt;Capsces Poses DAZ Big Cat 2&lt;/a&gt;&lt;/li&gt;&lt;li&gt;&lt;a class=&quot;external&quot; href=&quot;https://www.deviantart.com/users/outgoing?https://www.daz3d.com/gallery/images/click/741441/34383&quot;&gt;Jungle Construction Kit&lt;/a&gt;&lt;/li&gt;&lt;li&gt;&lt;a class=&quot;external&quot; href=&quot;https://www.deviantart.com/users/outgoing?https://www.daz3d.com/gallery/images/click/741441/44935&quot;&gt;LAMH 2 Iray Catalyzer&lt;/a&gt;&lt;/li&gt;&lt;li&gt;&lt;a class=&quot;external&quot; href=&quot;https://www.deviantart.com/users/outgoing?https://www.daz3d.com/gallery/images/click/741441/56107&quot;&gt;Jungle Construction Kit 02&lt;/a&gt;&lt;/li&gt;&lt;/ul&gt;&lt;/div&gt;</media:description>            <media:thumbnail url="https://t00.deviantart.net/uqkz8ZLmGcbFpwHHwcs8BePIqlA=/fit-in/150x150/filters:no_upscale():origin()/pre00/b2a1/th/pre/f/2019/048/c/9/sunbather_by_joepingleton-dd01g7r.jpg" height="111" width="150"/>            <media:thumbnail url="https://t00.deviantart.net/Hs6TSmMZ5SkT8MP0mzXFO3icVkc=/fit-in/300x900/filters:no_upscale():origin()/pre00/b2a1/th/pre/f/2019/048/c/9/sunbather_by_joepingleton-dd01g7r.jpg" height="222" width="300"/>            <media:thumbnail url="https://t00.deviantart.net/VJF3LUC4RnahGDwyO-VmUzJh5SQ=/300x200/filters:fixed_height(100,100):origin()/pre00/b2a1/th/pre/f/2019/048/c/9/sunbather_by_joepingleton-dd01g7r.jpg" height="200" width="271"/>            <media:content url="https://orig00.deviantart.net/36df/f/2019/048/c/9/sunbather_by_joepingleton-dd01g7r.jpg" height="540" width="731" medium="image"/>            
            <description>&lt;span&gt;Another very quick experiment in combining a DAZ Studio render and a&amp;nbsp;&lt;/span&gt;&lt;a class=&quot;external&quot; href=&quot;https://www.deviantart.com/users/outgoing?https://pixelforest.itch.io/flowscape&quot;&gt;FlowScape&lt;/a&gt;&lt;span&gt;&amp;nbsp;landscape in Photoshop. This time I tried some of the jungle&amp;nbsp;&lt;/span&gt;&lt;span&gt;vegetation using the procedural settings in FlowScape and the &quot;Jungle Construction Kit&quot; from DAZ Studio in the foreground.&lt;/span&gt;&lt;span&gt;&lt;br /&gt;&lt;/span&gt;&lt;ul&gt;&lt;/ul&gt;&lt;div&gt;&lt;ul&gt;&lt;li&gt;&lt;a class=&quot;external&quot; href=&quot;https://www.deviantart.com/users/outgoing?https://www.daz3d.com/gallery/images/click/741441/16288&quot;&gt;Daz Big Cat 2&lt;/a&gt;&lt;/li&gt;&lt;li&gt;&lt;a class=&quot;external&quot; href=&quot;https://www.deviantart.com/users/outgoing?https://www.daz3d.com/gallery/images/click/741441/17843&quot;&gt;Real Fur for DAZ Big Cat 2&lt;/a&gt;&lt;/li&gt;&lt;li&gt;&lt;a class=&quot;external&quot; href=&quot;https://www.deviantart.com/users/outgoing?https://www.daz3d.com/gallery/images/click/741441/18203&quot;&gt;Capsces Poses DAZ Big Cat 2&lt;/a&gt;&lt;/li&gt;&lt;li&gt;&lt;a class=&quot;external&quot; href=&quot;https://www.deviantart.com/users/outgoing?https://www.daz3d.com/gallery/images/click/741441/34383&quot;&gt;Jungle Construction Kit&lt;/a&gt;&lt;/li&gt;&lt;li&gt;&lt;a class=&quot;external&quot; href=&quot;https://www.deviantart.com/users/outgoing?https://www.daz3d.com/gallery/images/click/741441/44935&quot;&gt;LAMH 2 Iray Catalyzer&lt;/a&gt;&lt;/li&gt;&lt;li&gt;&lt;a class=&quot;external&quot; href=&quot;https://www.deviantart.com/users/outgoing?https://www.daz3d.com/gallery/images/click/741441/56107&quot;&gt;Jungle Construction Kit 02&lt;/a&gt;&lt;/li&gt;&lt;/ul&gt;&lt;/div&gt;&lt;br /&gt;&lt;div&gt;&lt;img src=&quot;https://t00.deviantart.net/VJF3LUC4RnahGDwyO-VmUzJh5SQ=/300x200/filters:fixed_height(100,100):origin()/pre00/b2a1/th/pre/f/2019/048/c/9/sunbather_by_joepingleton-dd01g7r.jpg&quot; alt=&quot;thumbnail&quot; /&gt;&lt;/div&gt;</description>            </item>
                    <item>
                <title>365.Walrein</title>
                <link>https://tamtamdi.deviantart.com/art/365-Walrein-786140476</link>
                <guid isPermaLink="true">https://tamtamdi.deviantart.com/art/365-Walrein-786140476</guid>
                <pubDate>Sun, 17 Feb 2019 21:55:27 PST</pubDate>
                        <media:title type="plain">365.Walrein</media:title>
        <media:keywords></media:keywords>
                        <media:rating>nonadult</media:rating>
                <media:category label="Games">fanart/digital/drawings/games</media:category>
        <media:credit role="author" scheme="urn:ebu">tamtamdi</media:credit>
        <media:credit role="author" scheme="urn:ebu">https://a.deviantart.net/avatars/t/a/tamtamdi.jpg?3</media:credit>
        <media:copyright url="https://tamtamdi.deviantart.com">Copyright 2019 tamtamdi</media:copyright>            <media:description type="html"></media:description>            <media:thumbnail url="https://t00.deviantart.net/ikkTPiLWCcsKbJigzzDT1aOZpqY=/fit-in/150x150/filters:no_upscale():origin()/pre00/0bf5/th/pre/i/2019/048/b/0/365_walrein_by_tamtamdi-dd01pvg.jpg" height="150" width="125"/>            <media:thumbnail url="https://t00.deviantart.net/J3pAHGv8QbWbaOqqa78v41cDQo0=/fit-in/300x900/filters:no_upscale():origin()/pre00/0bf5/th/pre/i/2019/048/b/0/365_walrein_by_tamtamdi-dd01pvg.jpg" height="361" width="300"/>            <media:thumbnail url="https://t00.deviantart.net/WMjLmapHyyYuBf6BAd5q2pLG3rs=/300x200/filters:fixed_height(100,100):origin()/pre00/0bf5/th/pre/i/2019/048/b/0/365_walrein_by_tamtamdi-dd01pvg.jpg" height="200" width="166"/>            <media:content url="https://img00.deviantart.net/c6e2/i/2019/048/b/0/365_walrein_by_tamtamdi-dd01pvg.jpg" height="963" width="800" medium="image"/>            
            <description>&lt;br /&gt;&lt;div&gt;&lt;img src=&quot;https://t00.deviantart.net/WMjLmapHyyYuBf6BAd5q2pLG3rs=/300x200/filters:fixed_height(100,100):origin()/pre00/0bf5/th/pre/i/2019/048/b/0/365_walrein_by_tamtamdi-dd01pvg.jpg&quot; alt=&quot;thumbnail&quot; /&gt;&lt;/div&gt;</description>            </item>
                    <item>
                <title>Dio and Ruby Kurosawa</title>
                <link>https://magicstraw.deviantart.com/art/Dio-and-Ruby-Kurosawa-786097476</link>
                <guid isPermaLink="true">https://magicstraw.deviantart.com/art/Dio-and-Ruby-Kurosawa-786097476</guid>
                <pubDate>Sun, 17 Feb 2019 15:56:55 PST</pubDate>
                        <media:title type="plain">Dio and Ruby Kurosawa</media:title>
        <media:keywords></media:keywords>
                        <media:rating>nonadult</media:rating>
                <media:category label="Other">fanart/digital/drawings/other</media:category>
        <media:credit role="author" scheme="urn:ebu">MagicStraw</media:credit>
        <media:credit role="author" scheme="urn:ebu">https://a.deviantart.net/avatars/m/a/magicstraw.png?3</media:credit>
        <media:copyright url="https://magicstraw.deviantart.com">Copyright 2019 MagicStraw</media:copyright>            <media:description type="html"></media:description>            <media:thumbnail url="https://t00.deviantart.net/RCCufvABBhtCwcdFjzrQDfI_9iE=/fit-in/150x150/filters:no_upscale():origin()/pre00/aae1/th/pre/i/2019/048/3/c/dio_and_ruby_kurosawa_by_magicstraw-dd00sp0.jpg" height="128" width="150"/>            <media:thumbnail url="https://t00.deviantart.net/9_j9IeEA087XoM3cSWirdJljrJU=/fit-in/300x900/filters:no_upscale():origin()/pre00/aae1/th/pre/i/2019/048/3/c/dio_and_ruby_kurosawa_by_magicstraw-dd00sp0.jpg" height="255" width="300"/>            <media:thumbnail url="https://t00.deviantart.net/d5w1DgyybsBrqYDQVvchEWaGsKc=/300x200/filters:fixed_height(100,100):origin()/pre00/aae1/th/pre/i/2019/048/3/c/dio_and_ruby_kurosawa_by_magicstraw-dd00sp0.jpg" height="200" width="235"/>            <media:content url="https://pre00.deviantart.net/aae1/th/pre/i/2019/048/3/c/dio_and_ruby_kurosawa_by_magicstraw-dd00sp0.jpg" height="825" width="969" medium="image"/>            
            <description>&lt;br /&gt;&lt;div&gt;&lt;img src=&quot;https://t00.deviantart.net/d5w1DgyybsBrqYDQVvchEWaGsKc=/300x200/filters:fixed_height(100,100):origin()/pre00/aae1/th/pre/i/2019/048/3/c/dio_and_ruby_kurosawa_by_magicstraw-dd00sp0.jpg&quot; alt=&quot;thumbnail&quot; /&gt;&lt;/div&gt;</description>            </item>
                    <item>
                <title>what are we let-sing</title>
                <link>https://ufohouse.deviantart.com/art/what-are-we-let-sing-786148199</link>
                <guid isPermaLink="true">https://ufohouse.deviantart.com/art/what-are-we-let-sing-786148199</guid>
                <pubDate>Sun, 17 Feb 2019 23:34:16 PST</pubDate>
                        <media:title type="plain">what are we let-sing</media:title>
        <media:keywords></media:keywords>
                        <media:rating>nonadult</media:rating>
                <media:category label="Drawings">cartoons/digital/cartoons/drawings</media:category>
        <media:credit role="author" scheme="urn:ebu">ufohouse</media:credit>
        <media:credit role="author" scheme="urn:ebu">https://a.deviantart.net/avatars/u/f/ufohouse.gif?10</media:credit>
        <media:copyright url="https://ufohouse.deviantart.com">Copyright 2019 ufohouse</media:copyright>             <creativeCommons:license>http://creativecommons.org/licenses/by-nc-nd/3.0/</creativeCommons:license>
                <media:description type="html">commission for rvbberducky ;;v;; been over a year since i drawn this kiddo</media:description>            <media:thumbnail url="https://t00.deviantart.net/fkoj6-oBX_uG0Testu1xPgqmacQ=/fit-in/150x150/filters:no_upscale():origin()/pre00/2734/th/pre/f/2019/048/0/2/transparent_by_ufohouse-dd01vtz.png" height="138" width="150"/>            <media:thumbnail url="https://t00.deviantart.net/GmM28cQIks7K4OBUltUH1HNDGzk=/fit-in/300x900/filters:no_upscale():origin()/pre00/2734/th/pre/f/2019/048/0/2/transparent_by_ufohouse-dd01vtz.png" height="275" width="300"/>            <media:thumbnail url="https://t00.deviantart.net/aQQjx7vXPLZnEe8D4OJAfb1Z9Ic=/300x200/filters:fixed_height(100,100):origin()/pre00/2734/th/pre/f/2019/048/0/2/transparent_by_ufohouse-dd01vtz.png" height="200" width="218"/>            <media:content url="https://pre00.deviantart.net/2734/th/pre/f/2019/048/0/2/transparent_by_ufohouse-dd01vtz.png" height="857" width="933" medium="image"/>            
            <description>commission for rvbberducky ;;v;; been over a year since i drawn this kiddo&lt;br /&gt;&lt;div&gt;&lt;img src=&quot;https://t00.deviantart.net/aQQjx7vXPLZnEe8D4OJAfb1Z9Ic=/300x200/filters:fixed_height(100,100):origin()/pre00/2734/th/pre/f/2019/048/0/2/transparent_by_ufohouse-dd01vtz.png&quot; alt=&quot;thumbnail&quot; /&gt;&lt;/div&gt;</description>            </item>
                    <item>
                <title>K.O.</title>
                <link>https://demonml.deviantart.com/art/K-O-786139185</link>
                <guid isPermaLink="true">https://demonml.deviantart.com/art/K-O-786139185</guid>
                <pubDate>Sun, 17 Feb 2019 21:49:28 PST</pubDate>
                        <media:title type="plain">K.O.</media:title>
        <media:keywords></media:keywords>
                        <media:rating>nonadult</media:rating>
                <media:category label="Macabre &amp; Horror">digitalart/paintings/macabre</media:category>
        <media:credit role="author" scheme="urn:ebu">DemonML</media:credit>
        <media:credit role="author" scheme="urn:ebu">https://a.deviantart.net/avatars/d/e/demonml.gif?4</media:credit>
        <media:copyright url="https://demonml.deviantart.com">Copyright 2019 DemonML</media:copyright>            <media:description type="html">&lt;div&gt;More vent stuff.&lt;/div&gt;&lt;div&gt;&lt;br /&gt;&lt;/div&gt;&lt;div&gt;Had more angsty things to say here, but I guess I&#039;m not as upset as I was when I first started so...&lt;span&gt;&amp;#175;\_(&amp;#12484;)_/&amp;#175;&lt;/span&gt;&lt;/div&gt;&lt;div&gt;&lt;span&gt;Vent art works apparently...&lt;br /&gt;&lt;/span&gt;&lt;/div&gt;&lt;div&gt;&lt;span&gt;&lt;br /&gt;&lt;/span&gt;&lt;/div&gt;&lt;div&gt;&lt;span&gt;&lt;small&gt;(This isnt as deep as it looks, don&#039;t @ me.)&amp;nbsp; &lt;/small&gt;&lt;br /&gt;&lt;/span&gt;&lt;/div&gt;&lt;div&gt;&lt;span&gt;&lt;br /&gt;&lt;/span&gt;&lt;/div&gt;&lt;div&gt;&lt;span&gt;Art and character (c) &lt;a target=&quot;_self&quot; href=&quot;https://www.deviantart.com/demonml&quot; &gt;&lt;img class=&quot;avatar&quot; width=&quot;50&quot; height=&quot;50&quot; src=&quot;https://a.deviantart.net/avatars/d/e/demonml.gif?4&quot; alt=&quot;:icondemonml:&quot; title=&quot;DemonML&quot; /&gt;&lt;/a&gt;&lt;/span&gt;&lt;/div&gt;&lt;div&gt;&lt;span&gt;Do Not Use Copy or Repost&lt;br /&gt;&lt;/span&gt;&lt;/div&gt;</media:description>            <media:thumbnail url="https://t00.deviantart.net/_BHdaYcjuAKxipGSGtS-xg0dklo=/fit-in/150x150/filters:no_upscale():origin()/pre00/dc3d/th/pre/f/2019/048/3/2/oneshotv2_by_demonml-dd01ovl.png" height="100" width="150"/>            <media:thumbnail url="https://t00.deviantart.net/lID9LTOZut_aJYCMsNmdWlcNO_U=/fit-in/300x900/filters:no_upscale():origin()/pre00/dc3d/th/pre/f/2019/048/3/2/oneshotv2_by_demonml-dd01ovl.png" height="200" width="300"/>            <media:thumbnail url="https://t00.deviantart.net/vEWjWrWhpVwUA2h8D3Az9849V3Y=/300x200/filters:fixed_height(100,100):origin()/pre00/dc3d/th/pre/f/2019/048/3/2/oneshotv2_by_demonml-dd01ovl.png" height="200" width="300"/>            <media:content url="https://pre00.deviantart.net/dc3d/th/pre/f/2019/048/3/2/oneshotv2_by_demonml-dd01ovl.png" height="730" width="1095" medium="image"/>            
            <description>&lt;div&gt;More vent stuff.&lt;/div&gt;&lt;div&gt;&lt;br /&gt;&lt;/div&gt;&lt;div&gt;Had more angsty things to say here, but I guess I&#039;m not as upset as I was when I first started so...&lt;span&gt;&amp;#175;\_(&amp;#12484;)_/&amp;#175;&lt;/span&gt;&lt;/div&gt;&lt;div&gt;&lt;span&gt;Vent art works apparently...&lt;br /&gt;&lt;/span&gt;&lt;/div&gt;&lt;div&gt;&lt;span&gt;&lt;br /&gt;&lt;/span&gt;&lt;/div&gt;&lt;div&gt;&lt;span&gt;&lt;small&gt;(This isnt as deep as it looks, don&#039;t @ me.)&amp;nbsp; &lt;/small&gt;&lt;br /&gt;&lt;/span&gt;&lt;/div&gt;&lt;div&gt;&lt;span&gt;&lt;br /&gt;&lt;/span&gt;&lt;/div&gt;&lt;div&gt;&lt;span&gt;Art and character (c) &lt;a target=&quot;_self&quot; href=&quot;https://www.deviantart.com/demonml&quot; &gt;&lt;img class=&quot;avatar&quot; width=&quot;50&quot; height=&quot;50&quot; src=&quot;https://a.deviantart.net/avatars/d/e/demonml.gif?4&quot; alt=&quot;:icondemonml:&quot; title=&quot;DemonML&quot; /&gt;&lt;/a&gt;&lt;/span&gt;&lt;/div&gt;&lt;div&gt;&lt;span&gt;Do Not Use Copy or Repost&lt;br /&gt;&lt;/span&gt;&lt;/div&gt;&lt;br /&gt;&lt;div&gt;&lt;img src=&quot;https://t00.deviantart.net/vEWjWrWhpVwUA2h8D3Az9849V3Y=/300x200/filters:fixed_height(100,100):origin()/pre00/dc3d/th/pre/f/2019/048/3/2/oneshotv2_by_demonml-dd01ovl.png&quot; alt=&quot;thumbnail&quot; /&gt;&lt;/div&gt;</description>            </item>
                    <item>
                <title>003</title>
                <link>https://martith.deviantart.com/art/003-786135284</link>
                <guid isPermaLink="true">https://martith.deviantart.com/art/003-786135284</guid>
                <pubDate>Sun, 17 Feb 2019 21:04:42 PST</pubDate>
                        <media:title type="plain">003</media:title>
        <media:keywords></media:keywords>
                        <media:rating>nonadult</media:rating>
                <media:category label="Other">resources/patterns/other</media:category>
        <media:credit role="author" scheme="urn:ebu">Martith</media:credit>
        <media:credit role="author" scheme="urn:ebu">https://a.deviantart.net/avatars/m/a/martith.gif?10</media:credit>
        <media:copyright url="https://martith.deviantart.com">Copyright 2019 Martith</media:copyright>
            <media:community>
                <media:tags>@martith_art</media:tags>
            </media:community>            <media:description type="html">&lt;div align=&quot;center&quot;&gt;&lt;span&gt;pattern of s&lt;/span&gt;&lt;span&gt;upercute esk 003&lt;/span&gt;&lt;span&gt;&amp;nbsp;&lt;/span&gt;&lt;span&gt;for &lt;span class=&quot;username-with-symbol u&quot;&gt;&lt;a class=&quot;u premium username&quot; href=&quot;https://www.deviantart.com/x-swc-x&quot;&gt;x-SWC-x&lt;/a&gt;&lt;span class=&quot;user-symbol premium&quot; data-quicktip-text=&quot;Core Member&quot; data-show-tooltip=&quot;1&quot; data-gruser-type=&quot;premium&quot;&gt;&lt;/span&gt;&lt;/span&gt;&lt;/span&gt;&lt;span&gt;&amp;nbsp;&amp;#9829;&lt;/span&gt;&lt;/div&gt;&lt;span&gt;&lt;br /&gt;&lt;div align=&quot;center&quot;&gt;&lt;span&gt;Base Score: 5 AP (Flat Color Illustration)&lt;/span&gt;&lt;/div&gt;&lt;div align=&quot;center&quot;&gt;&lt;span&gt;+5 AP (Full Body Bonus)&lt;/span&gt;&lt;/div&gt;&lt;div align=&quot;center&quot;&gt;&lt;span&gt;+10 AP (Other Esk Bonus: 10 AP * 1)&lt;/span&gt;&lt;/div&gt;&lt;b&gt;&lt;div align=&quot;center&quot;&gt;&lt;b&gt;Total AP per submission: 20&lt;/b&gt;&lt;/div&gt;&lt;/b&gt;&lt;/span&gt;&lt;span&gt;&lt;div align=&quot;center&quot;&gt;&lt;span&gt;+5 AP (Abstract/Minimal Background)&lt;/span&gt;&lt;/div&gt;&lt;/span&gt;&lt;div align=&quot;center&quot;&gt;&lt;b&gt;Total Batch AP: 45&lt;/b&gt;&lt;/div&gt;&lt;div align=&quot;center&quot;&gt;&lt;b&gt;&lt;br /&gt;&lt;/b&gt;&lt;/div&gt;&lt;span&gt;&lt;div align=&quot;center&quot;&gt;&lt;span&gt;For 003:&lt;/span&gt;&lt;/div&gt;&lt;div align=&quot;center&quot;&gt;&lt;span&gt;Base Score: 2 GP (Flat Color Illustration)&lt;/span&gt;&lt;/div&gt;&lt;div align=&quot;center&quot;&gt;&lt;span&gt;+2 GP (Full Body Bonus)&lt;/span&gt;&lt;/div&gt;&lt;b&gt;&lt;div align=&quot;center&quot;&gt;&lt;b&gt;Total GP per submission: 4&lt;/b&gt;&lt;/div&gt;&lt;/b&gt;&lt;/span&gt;&lt;span&gt;&lt;div align=&quot;center&quot;&gt;&lt;span&gt;+2 GP (Abstract/Minimal Background)&lt;/span&gt;&lt;/div&gt;&lt;/span&gt;&lt;span&gt;&lt;div align=&quot;center&quot;&gt;&lt;b&gt;Total Batch GP: 10&lt;/b&gt;&lt;/div&gt;&lt;div align=&quot;center&quot;&gt;&lt;b&gt;&lt;br /&gt;&lt;/b&gt;&lt;/div&gt;&lt;div align=&quot;center&quot;&gt;&lt;br /&gt;&lt;/div&gt;&lt;/span&gt;&lt;div align=&quot;center&quot;&gt;&lt;br /&gt;&lt;/div&gt;</media:description>            <media:thumbnail url="https://t00.deviantart.net/i0XfHFaOsQRbzCThPPcI-oQrEX4=/fit-in/150x150/filters:no_upscale():origin()/pre00/a080/th/pre/i/2019/048/7/d/003_by_martith-dd01lv8.png" height="150" width="150"/>            <media:thumbnail url="https://t00.deviantart.net/tEccI28fkgYdO8fqvoc8uE2BbG0=/fit-in/300x900/filters:no_upscale():origin()/pre00/a080/th/pre/i/2019/048/7/d/003_by_martith-dd01lv8.png" height="300" width="300"/>            <media:thumbnail url="https://t00.deviantart.net/wBWw4GjCxpL-T4888-rQ8glJ_X4=/300x200/filters:fixed_height(100,100):origin()/pre00/a080/th/pre/i/2019/048/7/d/003_by_martith-dd01lv8.png" height="200" width="200"/>            <media:content url="https://pre00.deviantart.net/a080/th/pre/i/2019/048/7/d/003_by_martith-dd01lv8.png" height="894" width="894" medium="image"/>            
            <description>&lt;div align=&quot;center&quot;&gt;&lt;span&gt;pattern of s&lt;/span&gt;&lt;span&gt;upercute esk 003&lt;/span&gt;&lt;span&gt;&amp;nbsp;&lt;/span&gt;&lt;span&gt;for &lt;span class=&quot;username-with-symbol u&quot;&gt;&lt;a class=&quot;u premium username&quot; href=&quot;https://www.deviantart.com/x-swc-x&quot;&gt;x-SWC-x&lt;/a&gt;&lt;span class=&quot;user-symbol premium&quot; data-quicktip-text=&quot;Core Member&quot; data-show-tooltip=&quot;1&quot; data-gruser-type=&quot;premium&quot;&gt;&lt;/span&gt;&lt;/span&gt;&lt;/span&gt;&lt;span&gt;&amp;nbsp;&amp;#9829;&lt;/span&gt;&lt;/div&gt;&lt;span&gt;&lt;br /&gt;&lt;div align=&quot;center&quot;&gt;&lt;span&gt;Base Score: 5 AP (Flat Color Illustration)&lt;/span&gt;&lt;/div&gt;&lt;div align=&quot;center&quot;&gt;&lt;span&gt;+5 AP (Full Body Bonus)&lt;/span&gt;&lt;/div&gt;&lt;div align=&quot;center&quot;&gt;&lt;span&gt;+10 AP (Other Esk Bonus: 10 AP * 1)&lt;/span&gt;&lt;/div&gt;&lt;b&gt;&lt;div align=&quot;center&quot;&gt;&lt;b&gt;Total AP per submission: 20&lt;/b&gt;&lt;/div&gt;&lt;/b&gt;&lt;/span&gt;&lt;span&gt;&lt;div align=&quot;center&quot;&gt;&lt;span&gt;+5 AP (Abstract/Minimal Background)&lt;/span&gt;&lt;/div&gt;&lt;/span&gt;&lt;div align=&quot;center&quot;&gt;&lt;b&gt;Total Batch AP: 45&lt;/b&gt;&lt;/div&gt;&lt;div align=&quot;center&quot;&gt;&lt;b&gt;&lt;br /&gt;&lt;/b&gt;&lt;/div&gt;&lt;span&gt;&lt;div align=&quot;center&quot;&gt;&lt;span&gt;For 003:&lt;/span&gt;&lt;/div&gt;&lt;div align=&quot;center&quot;&gt;&lt;span&gt;Base Score: 2 GP (Flat Color Illustration)&lt;/span&gt;&lt;/div&gt;&lt;div align=&quot;center&quot;&gt;&lt;span&gt;+2 GP (Full Body Bonus)&lt;/span&gt;&lt;/div&gt;&lt;b&gt;&lt;div align=&quot;center&quot;&gt;&lt;b&gt;Total GP per submission: 4&lt;/b&gt;&lt;/div&gt;&lt;/b&gt;&lt;/span&gt;&lt;span&gt;&lt;div align=&quot;center&quot;&gt;&lt;span&gt;+2 GP (Abstract/Minimal Background)&lt;/span&gt;&lt;/div&gt;&lt;/span&gt;&lt;span&gt;&lt;div align=&quot;center&quot;&gt;&lt;b&gt;Total Batch GP: 10&lt;/b&gt;&lt;/div&gt;&lt;div align=&quot;center&quot;&gt;&lt;b&gt;&lt;br /&gt;&lt;/b&gt;&lt;/div&gt;&lt;div align=&quot;center&quot;&gt;&lt;br /&gt;&lt;/div&gt;&lt;/span&gt;&lt;div align=&quot;center&quot;&gt;&lt;br /&gt;&lt;/div&gt;&lt;br /&gt;&lt;div&gt;&lt;img src=&quot;https://t00.deviantart.net/wBWw4GjCxpL-T4888-rQ8glJ_X4=/300x200/filters:fixed_height(100,100):origin()/pre00/a080/th/pre/i/2019/048/7/d/003_by_martith-dd01lv8.png&quot; alt=&quot;thumbnail&quot; /&gt;&lt;/div&gt;</description>            </item>
                    <item>
                <title>Tale of the Tongues - Skyrim</title>
                <link>https://watchtheskiies.deviantart.com/art/Tale-of-the-Tongues-Skyrim-786128902</link>
                <guid isPermaLink="true">https://watchtheskiies.deviantart.com/art/Tale-of-the-Tongues-Skyrim-786128902</guid>
                <pubDate>Sun, 17 Feb 2019 20:05:15 PST</pubDate>
                        <media:title type="plain">Tale of the Tongues - Skyrim</media:title>
        <media:keywords></media:keywords>
                        <media:rating>nonadult</media:rating>
                <media:category label="Games">fanart/wallpaper/games</media:category>
        <media:credit role="author" scheme="urn:ebu">WatchTheSkiies</media:credit>
        <media:credit role="author" scheme="urn:ebu">https://a.deviantart.net/avatars/w/a/watchtheskiies.jpg</media:credit>
        <media:copyright url="https://watchtheskiies.deviantart.com">Copyright 2019 WatchTheSkiies</media:copyright>            <media:description type="html">&lt;div align=&quot;center&quot;&gt;&lt;b&gt;Manipulated screenshot from the game The Elder Scrolls V: Skyrim.&lt;br /&gt;&lt;br /&gt;&lt;br /&gt;&lt;/b&gt;&lt;/div&gt;&lt;div align=&quot;center&quot;&gt;&lt;br /&gt;&lt;/div&gt;&lt;i&gt;&lt;div align=&quot;center&quot;&gt;&lt;i&gt;&quot;Alduin&#039;s wings, they did darken the sky,&lt;/i&gt;&lt;/div&gt;&lt;div align=&quot;center&quot;&gt;&lt;i&gt;His roar fury&#039;s fire, and his scales sharpened scythes.&lt;/i&gt;&lt;/div&gt;&lt;div align=&quot;center&quot;&gt;&lt;i&gt;Men ran and they cowered, and they fought and they died.&lt;/i&gt;&lt;/div&gt;&lt;div align=&quot;center&quot;&gt;&lt;i&gt;They burned and they bled as they issued their cries.&lt;/i&gt;&lt;/div&gt;&lt;div align=&quot;center&quot;&gt;&lt;br /&gt;&lt;/div&gt;&lt;div align=&quot;center&quot;&gt;&lt;i&gt;We need saviors to free us from Alduin&#039;s rage,&lt;/i&gt;&lt;/div&gt;&lt;div align=&quot;center&quot;&gt;&lt;i&gt;Heroes on the field of this new war to wage.&lt;/i&gt;&lt;/div&gt;&lt;div align=&quot;center&quot;&gt;&lt;i&gt;And if Alduin wins, man is gone from this world,&lt;/i&gt;&lt;/div&gt;&lt;div align=&quot;center&quot;&gt;&lt;i&gt;Lost in the shadow of the black wings unfurled.&lt;/i&gt;&lt;/div&gt;&lt;div align=&quot;center&quot;&gt;&lt;br /&gt;&lt;/div&gt;&lt;div align=&quot;center&quot;&gt;&lt;i&gt;But then came the Tongues on that terrible day.&lt;/i&gt;&lt;/div&gt;&lt;div align=&quot;center&quot;&gt;&lt;i&gt;Steadfast as winter, they entered the fray.&lt;/i&gt;&lt;/div&gt;&lt;div align=&quot;center&quot;&gt;&lt;i&gt;And all heard the music of Alduin&#039;s doom,&lt;/i&gt;&lt;/div&gt;&lt;div align=&quot;center&quot;&gt;&lt;i&gt;The sweet song of Skyrim, sky-shattering Thu&#039;um.&lt;/i&gt;&lt;/div&gt;&lt;div align=&quot;center&quot;&gt;&lt;br /&gt;&lt;/div&gt;&lt;div align=&quot;center&quot;&gt;&lt;i&gt;And so the Tongues freed us from Alduin&#039;s rage,&lt;/i&gt;&lt;/div&gt;&lt;div align=&quot;center&quot;&gt;&lt;i&gt;Gave the gift of the Voice, ushered in a new Age!&lt;/i&gt;&lt;/div&gt;&lt;div align=&quot;center&quot;&gt;&lt;i&gt;And if Alduin&#039;s eternal, then eternity&#039;s done,&lt;/i&gt;&lt;/div&gt;&lt;div align=&quot;center&quot;&gt;&lt;i&gt;For his story is over and the dragons are gone.&quot;&amp;nbsp;&lt;/i&gt;&lt;/div&gt;&lt;div align=&quot;center&quot;&gt;&lt;br /&gt;&lt;/div&gt;&lt;div align=&quot;center&quot;&gt;&lt;i&gt;&lt;b&gt;Tale of the Tongues&lt;/b&gt;&lt;/i&gt;&lt;/div&gt;&lt;div align=&quot;center&quot;&gt;&lt;br /&gt;&lt;br /&gt;&lt;br /&gt;&lt;br /&gt;&lt;/div&gt;&lt;div align=&quot;center&quot;&gt;&lt;i&gt;&quot;&lt;b&gt;Tale of the Tongues&lt;/b&gt;&amp;nbsp;is a song sung by bards in The Elder Scrolls V: Skyrim. It is only available after the completion of the main quest. Many bards believe that the song should give credit to the Dragonborn, and Sonir, Mikael, Karita, Oriella, and Llewellyn the Nightingale specifically say the song is dedicated to the Dragonborn before playing it.&quot;&lt;br /&gt;&lt;br /&gt;&lt;div align=&quot;right&quot;&gt;My favorite song in the whole game.&amp;nbsp;&lt;img src=&quot;https://e.deviantart.net/emoticons/h/heart.gif&quot; alt=&quot;Heart&quot; style=&quot;width: 15px; height: 13px;&quot; data-embed-type=&quot;emoticon&quot; data-embed-id=&quot;357&quot;&gt;&amp;nbsp;&lt;/div&gt;&lt;/i&gt;&lt;/div&gt;&lt;/i&gt;</media:description>            <media:thumbnail url="https://t00.deviantart.net/PWle0VwS-0YOaQn9RaoSV1pN_nk=/fit-in/150x150/filters:no_upscale():origin()/pre00/33cc/th/pre/i/2019/048/9/9/tale_of_the_tongues___skyrim_by_watchtheskiies-dd01gxy.jpg" height="84" width="150"/>            <media:thumbnail url="https://t00.deviantart.net/UKD0NYC-Ms1oAAoNewpfgFHtdcU=/fit-in/300x900/filters:no_upscale():origin()/pre00/33cc/th/pre/i/2019/048/9/9/tale_of_the_tongues___skyrim_by_watchtheskiies-dd01gxy.jpg" height="169" width="300"/>            <media:thumbnail url="https://t00.deviantart.net/yefFH5PD24DuJaei9YVVYLyFN-M=/300x200/filters:fixed_height(100,100):origin()/pre00/33cc/th/pre/i/2019/048/9/9/tale_of_the_tongues___skyrim_by_watchtheskiies-dd01gxy.jpg" height="169" width="300"/>            <media:content url="https://img00.deviantart.net/6385/i/2019/048/9/9/tale_of_the_tongues___skyrim_by_watchtheskiies-dd01gxy.jpg" height="576" width="1024" medium="image"/>            
            <description>&lt;div align=&quot;center&quot;&gt;&lt;b&gt;Manipulated screenshot from the game The Elder Scrolls V: Skyrim.&lt;br /&gt;&lt;br /&gt;&lt;br /&gt;&lt;/b&gt;&lt;/div&gt;&lt;div align=&quot;center&quot;&gt;&lt;br /&gt;&lt;/div&gt;&lt;i&gt;&lt;div align=&quot;center&quot;&gt;&lt;i&gt;&quot;Alduin&#039;s wings, they did darken the sky,&lt;/i&gt;&lt;/div&gt;&lt;div align=&quot;center&quot;&gt;&lt;i&gt;His roar fury&#039;s fire, and his scales sharpened scythes.&lt;/i&gt;&lt;/div&gt;&lt;div align=&quot;center&quot;&gt;&lt;i&gt;Men ran and they cowered, and they fought and they died.&lt;/i&gt;&lt;/div&gt;&lt;div align=&quot;center&quot;&gt;&lt;i&gt;They burned and they bled as they issued their cries.&lt;/i&gt;&lt;/div&gt;&lt;div align=&quot;center&quot;&gt;&lt;br /&gt;&lt;/div&gt;&lt;div align=&quot;center&quot;&gt;&lt;i&gt;We need saviors to free us from Alduin&#039;s rage,&lt;/i&gt;&lt;/div&gt;&lt;div align=&quot;center&quot;&gt;&lt;i&gt;Heroes on the field of this new war to wage.&lt;/i&gt;&lt;/div&gt;&lt;div align=&quot;center&quot;&gt;&lt;i&gt;And if Alduin wins, man is gone from this world,&lt;/i&gt;&lt;/div&gt;&lt;div align=&quot;center&quot;&gt;&lt;i&gt;Lost in the shadow of the black wings unfurled.&lt;/i&gt;&lt;/div&gt;&lt;div align=&quot;center&quot;&gt;&lt;br /&gt;&lt;/div&gt;&lt;div align=&quot;center&quot;&gt;&lt;i&gt;But then came the Tongues on that terrible day.&lt;/i&gt;&lt;/div&gt;&lt;div align=&quot;center&quot;&gt;&lt;i&gt;Steadfast as winter, they entered the fray.&lt;/i&gt;&lt;/div&gt;&lt;div align=&quot;center&quot;&gt;&lt;i&gt;And all heard the music of Alduin&#039;s doom,&lt;/i&gt;&lt;/div&gt;&lt;div align=&quot;center&quot;&gt;&lt;i&gt;The sweet song of Skyrim, sky-shattering Thu&#039;um.&lt;/i&gt;&lt;/div&gt;&lt;div align=&quot;center&quot;&gt;&lt;br /&gt;&lt;/div&gt;&lt;div align=&quot;center&quot;&gt;&lt;i&gt;And so the Tongues freed us from Alduin&#039;s rage,&lt;/i&gt;&lt;/div&gt;&lt;div align=&quot;center&quot;&gt;&lt;i&gt;Gave the gift of the Voice, ushered in a new Age!&lt;/i&gt;&lt;/div&gt;&lt;div align=&quot;center&quot;&gt;&lt;i&gt;And if Alduin&#039;s eternal, then eternity&#039;s done,&lt;/i&gt;&lt;/div&gt;&lt;div align=&quot;center&quot;&gt;&lt;i&gt;For his story is over and the dragons are gone.&quot;&amp;nbsp;&lt;/i&gt;&lt;/div&gt;&lt;div align=&quot;center&quot;&gt;&lt;br /&gt;&lt;/div&gt;&lt;div align=&quot;center&quot;&gt;&lt;i&gt;&lt;b&gt;Tale of the Tongues&lt;/b&gt;&lt;/i&gt;&lt;/div&gt;&lt;div align=&quot;center&quot;&gt;&lt;br /&gt;&lt;br /&gt;&lt;br /&gt;&lt;br /&gt;&lt;/div&gt;&lt;div align=&quot;center&quot;&gt;&lt;i&gt;&quot;&lt;b&gt;Tale of the Tongues&lt;/b&gt;&amp;nbsp;is a song sung by bards in The Elder Scrolls V: Skyrim. It is only available after the completion of the main quest. Many bards believe that the song should give credit to the Dragonborn, and Sonir, Mikael, Karita, Oriella, and Llewellyn the Nightingale specifically say the song is dedicated to the Dragonborn before playing it.&quot;&lt;br /&gt;&lt;br /&gt;&lt;div align=&quot;right&quot;&gt;My favorite song in the whole game.&amp;nbsp;&lt;img src=&quot;https://e.deviantart.net/emoticons/h/heart.gif&quot; alt=&quot;Heart&quot; style=&quot;width: 15px; height: 13px;&quot; data-embed-type=&quot;emoticon&quot; data-embed-id=&quot;357&quot;&gt;&amp;nbsp;&lt;/div&gt;&lt;/i&gt;&lt;/div&gt;&lt;/i&gt;&lt;br /&gt;&lt;div&gt;&lt;img src=&quot;https://t00.deviantart.net/yefFH5PD24DuJaei9YVVYLyFN-M=/300x200/filters:fixed_height(100,100):origin()/pre00/33cc/th/pre/i/2019/048/9/9/tale_of_the_tongues___skyrim_by_watchtheskiies-dd01gxy.jpg&quot; alt=&quot;thumbnail&quot; /&gt;&lt;/div&gt;</description>            </item>
                    <item>
                <title>Maid Marian WG 2</title>
                <link>https://goblinhordestudios.deviantart.com/art/Maid-Marian-WG-2-786143143</link>
                <guid isPermaLink="true">https://goblinhordestudios.deviantart.com/art/Maid-Marian-WG-2-786143143</guid>
                <pubDate>Sun, 17 Feb 2019 22:25:28 PST</pubDate>
                        <media:title type="plain">Maid Marian WG 2</media:title>
        <media:keywords></media:keywords>
                        <media:rating>adult</media:rating>
                <media:category label="Animals">anthro/digital/drawings/animals</media:category>
        <media:credit role="author" scheme="urn:ebu">GoblinHordeStudios</media:credit>
        <media:credit role="author" scheme="urn:ebu">https://a.deviantart.net/avatars/g/o/goblinhordestudios.gif</media:credit>
        <media:copyright url="https://goblinhordestudios.deviantart.com">Copyright 2019 GoblinHordeStudios</media:copyright>            <media:description type="html">&lt;span&gt;This is my favorite of the three. The characters are closer and a lot is being said with their expressions and body movement. The whole story of the sequence is pretty summed up in this stage alone. &lt;/span&gt;&lt;br /&gt;&lt;br /&gt;&lt;span&gt;Plus she&#039;s very cute at this size ^^&lt;br /&gt;Part 1&lt;span class=&quot;shadow-holder&quot; data-embed-type=&quot;deviation&quot; data-embed-id=&quot;786142699&quot; data-embed-format=&quot;thumb&quot;&gt;&lt;span class=&quot;shadow mild&quot; &gt;&lt;a class=&quot;thumb&quot; href=&quot;https://www.deviantart.com/goblinhordestudios/art/Maid-Marian-WG-1-786142699&quot; title=&quot;Maid Marian WG 1 by GoblinHordeStudios, Feb 17, 2019 in Anthro &amp;gt; Digital Media &amp;gt; Drawings &amp;gt; Animals&quot;data-super-img=&quot;https://images-wixmp-ed30a86b8c4ca887773594c2.wixmp.com/intermediary/f/7e5200ba-a09a-4f7b-9be7-61d28f977521/dd01rl7-978ecca4-38d2-4617-97fb-c29821429cc6.jpg/v1/fill/w_1016,h_787,q_70,strp/maid_marian_wg_1_by_goblinhordestudios_dd01rl7-pre.jpg&quot; data-super-width=&quot;1015&quot; data-super-height=&quot;787&quot; data-super-transparent=&quot;false&quot; data-super-alt=&quot;Maid Marian WG 1 by GoblinHordeStudios&quot; data-super-full-img=&quot;https://images-wixmp-ed30a86b8c4ca887773594c2.wixmp.com/intermediary/f/7e5200ba-a09a-4f7b-9be7-61d28f977521/dd01rl7-978ecca4-38d2-4617-97fb-c29821429cc6.jpg/v1/fill/w_1024,h_794,q_70,strp/maid_marian_wg_1_by_goblinhordestudios_dd01rl7-fullview.jpg&quot; data-super-full-width=&quot;1024&quot; data-super-full-height=&quot;794&quot;        data-sigil=&quot;thumb&quot;&gt;
        &lt;i&gt;&lt;/i&gt;&lt;img   width=&quot;150&quot; height=&quot;116&quot; alt=&quot;Maid Marian WG 1 by GoblinHordeStudios&quot; src=&quot;https://images-wixmp-ed30a86b8c4ca887773594c2.wixmp.com/intermediary/f/7e5200ba-a09a-4f7b-9be7-61d28f977521/dd01rl7-978ecca4-38d2-4617-97fb-c29821429cc6.jpg/v1/fit/w_150,h_150,q_70,strp/maid_marian_wg_1_by_goblinhordestudios_dd01rl7-150.jpg&quot; data-src=&quot;https://images-wixmp-ed30a86b8c4ca887773594c2.wixmp.com/intermediary/f/7e5200ba-a09a-4f7b-9be7-61d28f977521/dd01rl7-978ecca4-38d2-4617-97fb-c29821429cc6.jpg/v1/fit/w_150,h_150,q_70,strp/maid_marian_wg_1_by_goblinhordestudios_dd01rl7-150.jpg&quot; srcset=&quot;https://images-wixmp-ed30a86b8c4ca887773594c2.wixmp.com/intermediary/f/7e5200ba-a09a-4f7b-9be7-61d28f977521/dd01rl7-978ecca4-38d2-4617-97fb-c29821429cc6.jpg/v1/fit/w_150,h_150,q_70,strp/maid_marian_wg_1_by_goblinhordestudios_dd01rl7-150.jpg 150w,https://images-wixmp-ed30a86b8c4ca887773594c2.wixmp.com/intermediary/f/7e5200ba-a09a-4f7b-9be7-61d28f977521/dd01rl7-978ecca4-38d2-4617-97fb-c29821429cc6.jpg/v1/fill/w_323,h_250,q_70,strp/maid_marian_wg_1_by_goblinhordestudios_dd01rl7-250t.jpg 322w,https://images-wixmp-ed30a86b8c4ca887773594c2.wixmp.com/intermediary/f/7e5200ba-a09a-4f7b-9be7-61d28f977521/dd01rl7-978ecca4-38d2-4617-97fb-c29821429cc6.jpg/v1/fill/w_452,h_350,q_70,strp/maid_marian_wg_1_by_goblinhordestudios_dd01rl7-350t.jpg 451w,https://images-wixmp-ed30a86b8c4ca887773594c2.wixmp.com/intermediary/f/7e5200ba-a09a-4f7b-9be7-61d28f977521/dd01rl7-978ecca4-38d2-4617-97fb-c29821429cc6.jpg/v1/fill/w_516,h_400,q_70,strp/maid_marian_wg_1_by_goblinhordestudios_dd01rl7-400t.jpg 516w,https://images-wixmp-ed30a86b8c4ca887773594c2.wixmp.com/intermediary/f/7e5200ba-a09a-4f7b-9be7-61d28f977521/dd01rl7-978ecca4-38d2-4617-97fb-c29821429cc6.jpg/v1/fill/w_1016,h_787,q_70,strp/maid_marian_wg_1_by_goblinhordestudios_dd01rl7-pre.jpg 1015w&quot; sizes=&quot;150px&quot;&gt;&lt;/a&gt;&lt;/span&gt;&lt;!-- ^TTT --&gt;&lt;!-- TTT$ --&gt;&lt;/span&gt;&lt;br /&gt;&lt;/span&gt;&lt;br /&gt;Final&amp;nbsp;&lt;span class=&quot;shadow-holder&quot; data-embed-type=&quot;deviation&quot; data-embed-id=&quot;786143316&quot; data-embed-format=&quot;thumb&quot;&gt;&lt;span class=&quot;shadow mild&quot; &gt;&lt;a class=&quot;thumb ismature&quot; href=&quot;https://www.deviantart.com/goblinhordestudios/art/Maid-Marian-WG-3-786143316&quot; title=&quot;Maid Marian WG 3 by GoblinHordeStudios, Feb 17, 2019 in Anthro &amp;gt; Digital Media &amp;gt; Drawings &amp;gt; Animals&quot;data-super-img=&quot;https://images-wixmp-ed30a86b8c4ca887773594c2.wixmp.com/intermediary/f/7e5200ba-a09a-4f7b-9be7-61d28f977521/dd01s2c-1983616d-cae8-436f-93e6-6957467e92d4.jpg/v1/fill/w_1016,h_787,q_70,strp/maid_marian_wg_3_by_goblinhordestudios_dd01s2c-pre.jpg&quot; data-super-width=&quot;1015&quot; data-super-height=&quot;787&quot; data-super-transparent=&quot;false&quot; data-super-alt=&quot;Maid Marian WG 3 by GoblinHordeStudios&quot; data-super-full-img=&quot;https://images-wixmp-ed30a86b8c4ca887773594c2.wixmp.com/intermediary/f/7e5200ba-a09a-4f7b-9be7-61d28f977521/dd01s2c-1983616d-cae8-436f-93e6-6957467e92d4.jpg/v1/fill/w_1024,h_794,q_70,strp/maid_marian_wg_3_by_goblinhordestudios_dd01s2c-fullview.jpg&quot; data-super-full-width=&quot;1024&quot; data-super-full-height=&quot;794&quot;        data-sigil=&quot;thumb&quot;&gt;
                &lt;div class=&quot;thumb_agegate&quot;&gt;
            &lt;div class=&quot;agegate&quot;&gt;
                &lt;div class=&quot;nogo icon-blocked&quot;&gt;&lt;/div&gt;
                &lt;h1&gt;Mature Content&lt;/h1&gt;
            &lt;/div&gt;
        &lt;/div&gt;
        &lt;i&gt;&lt;/i&gt;&lt;img   width=&quot;150&quot; height=&quot;116&quot; alt=&quot;Maid Marian WG 3 by GoblinHordeStudios&quot; src=&quot;https://images-wixmp-ed30a86b8c4ca887773594c2.wixmp.com/intermediary/f/7e5200ba-a09a-4f7b-9be7-61d28f977521/dd01s2c-1983616d-cae8-436f-93e6-6957467e92d4.jpg/v1/fit/w_150,h_150,q_70,strp/maid_marian_wg_3_by_goblinhordestudios_dd01s2c-150.jpg&quot; data-src=&quot;https://images-wixmp-ed30a86b8c4ca887773594c2.wixmp.com/intermediary/f/7e5200ba-a09a-4f7b-9be7-61d28f977521/dd01s2c-1983616d-cae8-436f-93e6-6957467e92d4.jpg/v1/fit/w_150,h_150,q_70,strp/maid_marian_wg_3_by_goblinhordestudios_dd01s2c-150.jpg&quot; srcset=&quot;https://images-wixmp-ed30a86b8c4ca887773594c2.wixmp.com/intermediary/f/7e5200ba-a09a-4f7b-9be7-61d28f977521/dd01s2c-1983616d-cae8-436f-93e6-6957467e92d4.jpg/v1/fit/w_150,h_150,q_70,strp/maid_marian_wg_3_by_goblinhordestudios_dd01s2c-150.jpg 150w,https://images-wixmp-ed30a86b8c4ca887773594c2.wixmp.com/intermediary/f/7e5200ba-a09a-4f7b-9be7-61d28f977521/dd01s2c-1983616d-cae8-436f-93e6-6957467e92d4.jpg/v1/fill/w_323,h_250,q_70,strp/maid_marian_wg_3_by_goblinhordestudios_dd01s2c-250t.jpg 322w,https://images-wixmp-ed30a86b8c4ca887773594c2.wixmp.com/intermediary/f/7e5200ba-a09a-4f7b-9be7-61d28f977521/dd01s2c-1983616d-cae8-436f-93e6-6957467e92d4.jpg/v1/fill/w_452,h_350,q_70,strp/maid_marian_wg_3_by_goblinhordestudios_dd01s2c-350t.jpg 451w,https://images-wixmp-ed30a86b8c4ca887773594c2.wixmp.com/intermediary/f/7e5200ba-a09a-4f7b-9be7-61d28f977521/dd01s2c-1983616d-cae8-436f-93e6-6957467e92d4.jpg/v1/fill/w_516,h_400,q_70,strp/maid_marian_wg_3_by_goblinhordestudios_dd01s2c-400t.jpg 516w,https://images-wixmp-ed30a86b8c4ca887773594c2.wixmp.com/intermediary/f/7e5200ba-a09a-4f7b-9be7-61d28f977521/dd01s2c-1983616d-cae8-436f-93e6-6957467e92d4.jpg/v1/fill/w_1016,h_787,q_70,strp/maid_marian_wg_3_by_goblinhordestudios_dd01s2c-pre.jpg 1015w&quot; sizes=&quot;150px&quot;&gt;&lt;/a&gt;&lt;/span&gt;&lt;!-- ^TTT --&gt;&lt;!-- TTT$ --&gt;&lt;/span&gt;&lt;span&gt;&lt;br /&gt;&lt;/span&gt;</media:description>            <media:thumbnail url="https://t00.deviantart.net/dNzSlMJvNCJ8qYuKQwdSAJRk4KY=/fit-in/150x150/filters:no_upscale():origin()/pre00/70d4/th/pre/i/2019/048/3/b/maid_marian_wg_2_by_goblinhordestudios-dd01rxj.jpg" height="116" width="150"/>            <media:thumbnail url="https://t00.deviantart.net/ux-U1aC0CuiiWTyuIdTeHec091g=/fit-in/300x900/filters:no_upscale():origin()/pre00/70d4/th/pre/i/2019/048/3/b/maid_marian_wg_2_by_goblinhordestudios-dd01rxj.jpg" height="232" width="300"/>            <media:thumbnail url="https://t00.deviantart.net/TjeGJv5zb489N-Vw_S8Cf5XzQIE=/300x200/filters:fixed_height(100,100):origin()/pre00/70d4/th/pre/i/2019/048/3/b/maid_marian_wg_2_by_goblinhordestudios-dd01rxj.jpg" height="200" width="258"/>            <media:content url="https://pre00.deviantart.net/70d4/th/pre/i/2019/048/3/b/maid_marian_wg_2_by_goblinhordestudios-dd01rxj.jpg" height="787" width="1015" medium="image"/>            
            <description>&lt;span&gt;This is my favorite of the three. The characters are closer and a lot is being said with their expressions and body movement. The whole story of the sequence is pretty summed up in this stage alone. &lt;/span&gt;&lt;br /&gt;&lt;br /&gt;&lt;span&gt;Plus she&#039;s very cute at this size ^^&lt;br /&gt;Part 1&lt;span class=&quot;shadow-holder&quot; data-embed-type=&quot;deviation&quot; data-embed-id=&quot;786142699&quot; data-embed-format=&quot;thumb&quot;&gt;&lt;span class=&quot;shadow mild&quot; &gt;&lt;a class=&quot;thumb&quot; href=&quot;https://www.deviantart.com/goblinhordestudios/art/Maid-Marian-WG-1-786142699&quot; title=&quot;Maid Marian WG 1 by GoblinHordeStudios, Feb 17, 2019 in Anthro &amp;gt; Digital Media &amp;gt; Drawings &amp;gt; Animals&quot;data-super-img=&quot;https://images-wixmp-ed30a86b8c4ca887773594c2.wixmp.com/intermediary/f/7e5200ba-a09a-4f7b-9be7-61d28f977521/dd01rl7-978ecca4-38d2-4617-97fb-c29821429cc6.jpg/v1/fill/w_1016,h_787,q_70,strp/maid_marian_wg_1_by_goblinhordestudios_dd01rl7-pre.jpg&quot; data-super-width=&quot;1015&quot; data-super-height=&quot;787&quot; data-super-transparent=&quot;false&quot; data-super-alt=&quot;Maid Marian WG 1 by GoblinHordeStudios&quot; data-super-full-img=&quot;https://images-wixmp-ed30a86b8c4ca887773594c2.wixmp.com/intermediary/f/7e5200ba-a09a-4f7b-9be7-61d28f977521/dd01rl7-978ecca4-38d2-4617-97fb-c29821429cc6.jpg/v1/fill/w_1024,h_794,q_70,strp/maid_marian_wg_1_by_goblinhordestudios_dd01rl7-fullview.jpg&quot; data-super-full-width=&quot;1024&quot; data-super-full-height=&quot;794&quot;        data-sigil=&quot;thumb&quot;&gt;
        &lt;i&gt;&lt;/i&gt;&lt;img   width=&quot;150&quot; height=&quot;116&quot; alt=&quot;Maid Marian WG 1 by GoblinHordeStudios&quot; src=&quot;https://images-wixmp-ed30a86b8c4ca887773594c2.wixmp.com/intermediary/f/7e5200ba-a09a-4f7b-9be7-61d28f977521/dd01rl7-978ecca4-38d2-4617-97fb-c29821429cc6.jpg/v1/fit/w_150,h_150,q_70,strp/maid_marian_wg_1_by_goblinhordestudios_dd01rl7-150.jpg&quot; data-src=&quot;https://images-wixmp-ed30a86b8c4ca887773594c2.wixmp.com/intermediary/f/7e5200ba-a09a-4f7b-9be7-61d28f977521/dd01rl7-978ecca4-38d2-4617-97fb-c29821429cc6.jpg/v1/fit/w_150,h_150,q_70,strp/maid_marian_wg_1_by_goblinhordestudios_dd01rl7-150.jpg&quot; srcset=&quot;https://images-wixmp-ed30a86b8c4ca887773594c2.wixmp.com/intermediary/f/7e5200ba-a09a-4f7b-9be7-61d28f977521/dd01rl7-978ecca4-38d2-4617-97fb-c29821429cc6.jpg/v1/fit/w_150,h_150,q_70,strp/maid_marian_wg_1_by_goblinhordestudios_dd01rl7-150.jpg 150w,https://images-wixmp-ed30a86b8c4ca887773594c2.wixmp.com/intermediary/f/7e5200ba-a09a-4f7b-9be7-61d28f977521/dd01rl7-978ecca4-38d2-4617-97fb-c29821429cc6.jpg/v1/fill/w_323,h_250,q_70,strp/maid_marian_wg_1_by_goblinhordestudios_dd01rl7-250t.jpg 322w,https://images-wixmp-ed30a86b8c4ca887773594c2.wixmp.com/intermediary/f/7e5200ba-a09a-4f7b-9be7-61d28f977521/dd01rl7-978ecca4-38d2-4617-97fb-c29821429cc6.jpg/v1/fill/w_452,h_350,q_70,strp/maid_marian_wg_1_by_goblinhordestudios_dd01rl7-350t.jpg 451w,https://images-wixmp-ed30a86b8c4ca887773594c2.wixmp.com/intermediary/f/7e5200ba-a09a-4f7b-9be7-61d28f977521/dd01rl7-978ecca4-38d2-4617-97fb-c29821429cc6.jpg/v1/fill/w_516,h_400,q_70,strp/maid_marian_wg_1_by_goblinhordestudios_dd01rl7-400t.jpg 516w,https://images-wixmp-ed30a86b8c4ca887773594c2.wixmp.com/intermediary/f/7e5200ba-a09a-4f7b-9be7-61d28f977521/dd01rl7-978ecca4-38d2-4617-97fb-c29821429cc6.jpg/v1/fill/w_1016,h_787,q_70,strp/maid_marian_wg_1_by_goblinhordestudios_dd01rl7-pre.jpg 1015w&quot; sizes=&quot;150px&quot;&gt;&lt;/a&gt;&lt;/span&gt;&lt;!-- ^TTT --&gt;&lt;!-- TTT$ --&gt;&lt;/span&gt;&lt;br /&gt;&lt;/span&gt;&lt;br /&gt;Final&amp;nbsp;&lt;span class=&quot;shadow-holder&quot; data-embed-type=&quot;deviation&quot; data-embed-id=&quot;786143316&quot; data-embed-format=&quot;thumb&quot;&gt;&lt;span class=&quot;shadow mild&quot; &gt;&lt;a class=&quot;thumb ismature&quot; href=&quot;https://www.deviantart.com/goblinhordestudios/art/Maid-Marian-WG-3-786143316&quot; title=&quot;Maid Marian WG 3 by GoblinHordeStudios, Feb 17, 2019 in Anthro &amp;gt; Digital Media &amp;gt; Drawings &amp;gt; Animals&quot;data-super-img=&quot;https://images-wixmp-ed30a86b8c4ca887773594c2.wixmp.com/intermediary/f/7e5200ba-a09a-4f7b-9be7-61d28f977521/dd01s2c-1983616d-cae8-436f-93e6-6957467e92d4.jpg/v1/fill/w_1016,h_787,q_70,strp/maid_marian_wg_3_by_goblinhordestudios_dd01s2c-pre.jpg&quot; data-super-width=&quot;1015&quot; data-super-height=&quot;787&quot; data-super-transparent=&quot;false&quot; data-super-alt=&quot;Maid Marian WG 3 by GoblinHordeStudios&quot; data-super-full-img=&quot;https://images-wixmp-ed30a86b8c4ca887773594c2.wixmp.com/intermediary/f/7e5200ba-a09a-4f7b-9be7-61d28f977521/dd01s2c-1983616d-cae8-436f-93e6-6957467e92d4.jpg/v1/fill/w_1024,h_794,q_70,strp/maid_marian_wg_3_by_goblinhordestudios_dd01s2c-fullview.jpg&quot; data-super-full-width=&quot;1024&quot; data-super-full-height=&quot;794&quot;        data-sigil=&quot;thumb&quot;&gt;
                &lt;div class=&quot;thumb_agegate&quot;&gt;
            &lt;div class=&quot;agegate&quot;&gt;
                &lt;div class=&quot;nogo icon-blocked&quot;&gt;&lt;/div&gt;
                &lt;h1&gt;Mature Content&lt;/h1&gt;
            &lt;/div&gt;
        &lt;/div&gt;
        &lt;i&gt;&lt;/i&gt;&lt;img   width=&quot;150&quot; height=&quot;116&quot; alt=&quot;Maid Marian WG 3 by GoblinHordeStudios&quot; src=&quot;https://images-wixmp-ed30a86b8c4ca887773594c2.wixmp.com/intermediary/f/7e5200ba-a09a-4f7b-9be7-61d28f977521/dd01s2c-1983616d-cae8-436f-93e6-6957467e92d4.jpg/v1/fit/w_150,h_150,q_70,strp/maid_marian_wg_3_by_goblinhordestudios_dd01s2c-150.jpg&quot; data-src=&quot;https://images-wixmp-ed30a86b8c4ca887773594c2.wixmp.com/intermediary/f/7e5200ba-a09a-4f7b-9be7-61d28f977521/dd01s2c-1983616d-cae8-436f-93e6-6957467e92d4.jpg/v1/fit/w_150,h_150,q_70,strp/maid_marian_wg_3_by_goblinhordestudios_dd01s2c-150.jpg&quot; srcset=&quot;https://images-wixmp-ed30a86b8c4ca887773594c2.wixmp.com/intermediary/f/7e5200ba-a09a-4f7b-9be7-61d28f977521/dd01s2c-1983616d-cae8-436f-93e6-6957467e92d4.jpg/v1/fit/w_150,h_150,q_70,strp/maid_marian_wg_3_by_goblinhordestudios_dd01s2c-150.jpg 150w,https://images-wixmp-ed30a86b8c4ca887773594c2.wixmp.com/intermediary/f/7e5200ba-a09a-4f7b-9be7-61d28f977521/dd01s2c-1983616d-cae8-436f-93e6-6957467e92d4.jpg/v1/fill/w_323,h_250,q_70,strp/maid_marian_wg_3_by_goblinhordestudios_dd01s2c-250t.jpg 322w,https://images-wixmp-ed30a86b8c4ca887773594c2.wixmp.com/intermediary/f/7e5200ba-a09a-4f7b-9be7-61d28f977521/dd01s2c-1983616d-cae8-436f-93e6-6957467e92d4.jpg/v1/fill/w_452,h_350,q_70,strp/maid_marian_wg_3_by_goblinhordestudios_dd01s2c-350t.jpg 451w,https://images-wixmp-ed30a86b8c4ca887773594c2.wixmp.com/intermediary/f/7e5200ba-a09a-4f7b-9be7-61d28f977521/dd01s2c-1983616d-cae8-436f-93e6-6957467e92d4.jpg/v1/fill/w_516,h_400,q_70,strp/maid_marian_wg_3_by_goblinhordestudios_dd01s2c-400t.jpg 516w,https://images-wixmp-ed30a86b8c4ca887773594c2.wixmp.com/intermediary/f/7e5200ba-a09a-4f7b-9be7-61d28f977521/dd01s2c-1983616d-cae8-436f-93e6-6957467e92d4.jpg/v1/fill/w_1016,h_787,q_70,strp/maid_marian_wg_3_by_goblinhordestudios_dd01s2c-pre.jpg 1015w&quot; sizes=&quot;150px&quot;&gt;&lt;/a&gt;&lt;/span&gt;&lt;!-- ^TTT --&gt;&lt;!-- TTT$ --&gt;&lt;/span&gt;&lt;span&gt;&lt;br /&gt;&lt;/span&gt;&lt;br /&gt;&lt;div&gt;&lt;img src=&quot;https://t00.deviantart.net/TjeGJv5zb489N-Vw_S8Cf5XzQIE=/300x200/filters:fixed_height(100,100):origin()/pre00/70d4/th/pre/i/2019/048/3/b/maid_marian_wg_2_by_goblinhordestudios-dd01rxj.jpg&quot; alt=&quot;thumbnail&quot; /&gt;&lt;/div&gt;</description>            </item>
                    <item>
                <title>Scathach Fate/Grand Order</title>
                <link>https://zantyarz.deviantart.com/art/Scathach-Fate-Grand-Order-786117879</link>
                <guid isPermaLink="true">https://zantyarz.deviantart.com/art/Scathach-Fate-Grand-Order-786117879</guid>
                <pubDate>Sun, 17 Feb 2019 18:34:41 PST</pubDate>
                        <media:title type="plain">Scathach Fate/Grand Order</media:title>
        <media:keywords></media:keywords>
                        <media:rating>adult</media:rating>
                <media:category label="Pin-up">digitalart/paintings/people/pinup</media:category>
        <media:credit role="author" scheme="urn:ebu">ZantyARZ</media:credit>
        <media:credit role="author" scheme="urn:ebu">https://a.deviantart.net/avatars/z/a/zantyarz.gif?7</media:credit>
        <media:copyright url="https://zantyarz.deviantart.com">Copyright 2019 ZantyARZ</media:copyright>            <media:description type="html">Some people ask me to draw her lancer version, but I like the summer version too&lt;br /&gt;&lt;br /&gt;NSFW version&amp;nbsp;&lt;a class=&quot;external&quot; href=&quot;https://www.deviantart.com/users/outgoing?https://www.pixiv.net/member.php?id=29915853&quot;&gt;www.pixiv.net/member.php?id=29&amp;hellip;&lt;/a&gt;</media:description>            <media:thumbnail url="https://t00.deviantart.net/zeU6pKmoYoOgE0gXFGskNex1gfY=/fit-in/150x150/filters:no_upscale():origin()/pre00/7c3e/th/pre/f/2019/048/6/3/scathach_fate_grand_order_by_zantyarz-dd018fr.png" height="150" width="102"/>            <media:thumbnail url="https://t00.deviantart.net/t6ibCtmeNLnDapL98scXCsw7e0Y=/fit-in/300x900/filters:no_upscale():origin()/pre00/7c3e/th/pre/f/2019/048/6/3/scathach_fate_grand_order_by_zantyarz-dd018fr.png" height="443" width="300"/>            <media:thumbnail url="https://t00.deviantart.net/H8a09A9V4PmYOX8cvBFl3DkzFdc=/300x200/filters:fixed_height(100,100):origin()/pre00/7c3e/th/pre/f/2019/048/6/3/scathach_fate_grand_order_by_zantyarz-dd018fr.png" height="200" width="136"/>            <media:content url="https://pre00.deviantart.net/7c3e/th/pre/f/2019/048/6/3/scathach_fate_grand_order_by_zantyarz-dd018fr.png" height="1086" width="736" medium="image"/>            
            <description>Some people ask me to draw her lancer version, but I like the summer version too&lt;br /&gt;&lt;br /&gt;NSFW version&amp;nbsp;&lt;a class=&quot;external&quot; href=&quot;https://www.deviantart.com/users/outgoing?https://www.pixiv.net/member.php?id=29915853&quot;&gt;www.pixiv.net/member.php?id=29&amp;hellip;&lt;/a&gt;&lt;br /&gt;&lt;div&gt;&lt;img src=&quot;https://t00.deviantart.net/H8a09A9V4PmYOX8cvBFl3DkzFdc=/300x200/filters:fixed_height(100,100):origin()/pre00/7c3e/th/pre/f/2019/048/6/3/scathach_fate_grand_order_by_zantyarz-dd018fr.png&quot; alt=&quot;thumbnail&quot; /&gt;&lt;/div&gt;</description>            </item>
            </channel>
</rss>