<?xml version="1.0" encoding="utf-8"?>
<rss version="2.0" xmlns:media="http://search.yahoo.com/mrss/" xmlns:atom="http://www.w3.org/2005/Atom" xmlns:creativeCommons="http://backend.userland.com/creativeCommonsRssModule">
    <channel>
        <title>DeviantArt: Popular</title>
        <link>https://www.deviantart.com/?q=-in%3Aliterature</link>
        <description>DeviantArt RSS for Popular</description>
        <language>en-us</language>
        <copyright>Copyright 2019, DeviantArt.com</copyright>
        <pubDate>Mon, 25 Feb 2019 15:47:29 PST</pubDate>

        <generator>DeviantArt.com</generator>
        <docs>http://blogs.law.harvard.edu/tech/rss</docs>
        <atom:icon>https://st.deviantart.net/minish/touch-icons/android-192.png</atom:icon>
        <atom:link type="application/rss+xml" rel="self" href="https://backend.deviantart.com/rss.xml?type=deviation&amp;q=-in%3Aliterature&amp;order=11" />
        <atom:link rel="next" href="https://backend.deviantart.com/rss.xml?type=deviation&amp;q=-in%3Aliterature&amp;order=11&amp;offset=60" />
                    <item>
                <title>Daily Paint 2287. Goldfish Panning</title>
                <link>https://cryptid-creations.deviantart.com/art/Daily-Paint-2287-Goldfish-Panning-787129603</link>
                <guid isPermaLink="true">https://cryptid-creations.deviantart.com/art/Daily-Paint-2287-Goldfish-Panning-787129603</guid>
                <pubDate>Sun, 24 Feb 2019 20:00:03 PST</pubDate>
                        <media:title type="plain">Daily Paint 2287. Goldfish Panning</media:title>
        <media:keywords></media:keywords>
                        <media:rating>nonadult</media:rating>
                <media:category label="Animals">digitalart/paintings/animals</media:category>
        <media:credit role="author" scheme="urn:ebu">Cryptid-Creations</media:credit>
        <media:credit role="author" scheme="urn:ebu">https://a.deviantart.net/avatars/c/r/cryptid-creations.png?4</media:credit>
        <media:copyright url="https://cryptid-creations.deviantart.com">Copyright 2019 Cryptid-Creations</media:copyright>            <media:description type="html">&lt;b&gt;&lt;/b&gt;&lt;b&gt;&lt;/b&gt;&lt;b&gt;&lt;/b&gt;&lt;b&gt;&lt;/b&gt;&lt;b&gt;&lt;/b&gt;&lt;b&gt;&lt;/b&gt;&lt;b&gt;&lt;/b&gt;&lt;b&gt;&lt;/b&gt;&lt;b&gt;&lt;/b&gt;&lt;b&gt;&lt;/b&gt;&lt;b&gt;&lt;/b&gt;&lt;b&gt;&lt;/b&gt;&lt;b&gt;&lt;/b&gt;&lt;b&gt;&lt;/b&gt;&lt;b&gt;&lt;/b&gt;&lt;b&gt;&lt;/b&gt;&lt;b&gt;&lt;/b&gt;&lt;b&gt;&lt;/b&gt;&lt;b&gt;&lt;/b&gt;&lt;b&gt;&lt;/b&gt;&lt;b&gt;&lt;/b&gt;&lt;b&gt;&lt;/b&gt;&lt;b&gt;&lt;/b&gt;&lt;b&gt;&lt;/b&gt;&lt;b&gt;&lt;/b&gt;&lt;b&gt;&lt;/b&gt;&lt;b&gt;&lt;/b&gt;&lt;b&gt;&lt;/b&gt;&lt;b&gt;&lt;/b&gt;&lt;b&gt;&lt;/b&gt;&lt;b&gt;&lt;/b&gt;&lt;b&gt;&lt;/b&gt;&lt;b&gt;&lt;/b&gt;&lt;b&gt;&lt;/b&gt;&lt;b&gt;&lt;/b&gt;&lt;b&gt;&lt;/b&gt;&lt;b&gt;&lt;/b&gt;&lt;b&gt;&lt;/b&gt;&lt;b&gt;&lt;/b&gt;&lt;b&gt;&lt;/b&gt;&lt;b&gt;&lt;/b&gt;&lt;b&gt;&lt;/b&gt;&lt;b&gt;&lt;/b&gt;&lt;b&gt;&lt;/b&gt;&lt;b&gt;&lt;/b&gt;&lt;b&gt;&lt;/b&gt;&lt;b&gt;&lt;/b&gt;&lt;b&gt;&lt;/b&gt;&lt;b&gt;&lt;/b&gt;&lt;b&gt;&lt;/b&gt;&lt;b&gt;&lt;/b&gt;&lt;b&gt;&lt;/b&gt;&lt;b&gt;&lt;/b&gt;&lt;b&gt;&lt;/b&gt;&lt;b&gt;&lt;/b&gt;&lt;b&gt;&lt;/b&gt;&lt;b&gt;&lt;/b&gt;&lt;b&gt;&lt;/b&gt;&lt;b&gt;&lt;/b&gt;&lt;b&gt;&lt;/b&gt;&lt;b&gt;&lt;/b&gt;&lt;b&gt;&lt;/b&gt;&lt;b&gt;&lt;/b&gt;&lt;b&gt;&lt;/b&gt;&lt;b&gt;&lt;/b&gt;&lt;b&gt;&lt;/b&gt;&lt;b&gt;&lt;/b&gt;&lt;b&gt;&lt;/b&gt;&lt;b&gt;&lt;/b&gt;&lt;b&gt;&lt;/b&gt;&lt;b&gt;&lt;/b&gt;&lt;b&gt;&lt;/b&gt;&lt;b&gt;&lt;/b&gt;&lt;b&gt;&lt;/b&gt;&lt;b&gt;&lt;/b&gt;&lt;b&gt;&lt;/b&gt;&lt;b&gt;&lt;/b&gt;&lt;b&gt;&lt;/b&gt;&lt;b&gt;&lt;/b&gt;&lt;b&gt;&lt;br /&gt;&lt;a class=&quot;external&quot; href=&quot;https://www.deviantart.com/users/outgoing?http://forgepublishing.com/shop/&quot;&gt;ForgePublishing.com/shop&lt;/a&gt;&lt;br /&gt;&lt;br /&gt;&lt;br /&gt;.&lt;img src=&quot;https://e.deviantart.net/emoticons/b/bulletgreen.gif&quot; width=&quot;10&quot; height=&quot;10&quot; alt=&quot;:bulletgreen:&quot; data-embed-type=&quot;emoticon&quot; data-embed-id=&quot;209&quot; title=&quot;Bullet; Green&quot;/&gt; &lt;b&gt;A big thanks to my Patrons for supporting my work! &lt;img src=&quot;https://e.deviantart.net/emoticons/s/smile.gif&quot; width=&quot;15&quot; height=&quot;15&quot; alt=&quot;:)&quot; data-embed-type=&quot;emoticon&quot; data-embed-id=&quot;391&quot; title=&quot;:) (Smile)&quot;/&gt; For time-lapses, WIP&#039;s and other goodies ---please check out my Patreon.&lt;/b&gt;&lt;b&gt;&lt;/b&gt;&lt;b&gt;&lt;/b&gt;&lt;b&gt;&lt;/b&gt;&lt;b&gt;&lt;/b&gt;&lt;b&gt;&lt;/b&gt;&lt;b&gt;&lt;/b&gt;&lt;b&gt;&lt;/b&gt;&lt;b&gt;&lt;/b&gt;&lt;b&gt;&lt;/b&gt;&lt;b&gt;&lt;/b&gt;&lt;b&gt;&lt;/b&gt;&lt;b&gt;&lt;/b&gt;&lt;b&gt;&lt;/b&gt;&lt;b&gt;&lt;/b&gt;&lt;b&gt;&lt;/b&gt;&lt;b&gt;&lt;/b&gt;&lt;b&gt;&lt;/b&gt;&lt;b&gt;&lt;/b&gt;&lt;b&gt;&lt;/b&gt;&lt;b&gt;&lt;/b&gt;&lt;b&gt;&lt;/b&gt;&lt;b&gt;&lt;/b&gt;&lt;b&gt;&lt;/b&gt;&lt;b&gt;&lt;/b&gt;&lt;b&gt;&lt;/b&gt;&lt;b&gt;&lt;/b&gt;&lt;b&gt;&lt;/b&gt;&lt;b&gt;&lt;/b&gt;&lt;b&gt;&lt;/b&gt;&lt;b&gt;&lt;/b&gt;&lt;b&gt;&lt;/b&gt;&lt;b&gt;&lt;/b&gt;&lt;b&gt;&lt;/b&gt;&lt;b&gt;&lt;/b&gt;&lt;b&gt;&lt;/b&gt;&lt;b&gt;&lt;/b&gt;&lt;b&gt;&lt;/b&gt;&lt;b&gt;&lt;/b&gt;&lt;b&gt;&lt;/b&gt;&lt;b&gt;&lt;/b&gt;&lt;b&gt;&lt;/b&gt;&lt;b&gt;&lt;/b&gt;&lt;b&gt;&lt;/b&gt;&lt;b&gt;&lt;/b&gt;&lt;b&gt;&lt;/b&gt;&lt;b&gt;&lt;/b&gt;&lt;b&gt;&lt;/b&gt;&lt;b&gt;&lt;/b&gt;&lt;b&gt;&lt;/b&gt;&lt;b&gt;&lt;/b&gt;&lt;b&gt;&lt;/b&gt;&lt;b&gt;&lt;/b&gt;&lt;b&gt;&lt;/b&gt;&lt;b&gt;&lt;/b&gt;&lt;b&gt;&lt;/b&gt;&lt;b&gt;&lt;/b&gt;&lt;b&gt;&lt;/b&gt;&lt;b&gt;&lt;/b&gt;&lt;b&gt;&lt;/b&gt;&lt;b&gt;&lt;/b&gt;&lt;b&gt;&lt;/b&gt;&lt;b&gt;&lt;/b&gt;&lt;b&gt;&lt;/b&gt;&lt;b&gt;&lt;/b&gt;&lt;b&gt;&lt;/b&gt;&lt;b&gt;&lt;/b&gt;&lt;b&gt;&lt;/b&gt;&lt;b&gt;&lt;/b&gt;&lt;b&gt;&lt;/b&gt;&lt;b&gt;&lt;/b&gt;&lt;b&gt;&lt;/b&gt;&lt;b&gt;&lt;/b&gt;&lt;b&gt;&lt;/b&gt;&lt;b&gt;&lt;/b&gt;&lt;b&gt;&lt;/b&gt;&lt;b&gt;&lt;/b&gt;&lt;b&gt;&lt;/b&gt;&lt;b&gt;&lt;/b&gt;&lt;b&gt;&lt;/b&gt;&lt;b&gt;&lt;/b&gt;&lt;b&gt;&lt;/b&gt;&lt;b&gt;&lt;/b&gt;&lt;b&gt;&lt;/b&gt;&lt;b&gt;&lt;/b&gt;&lt;b&gt;&lt;/b&gt;&lt;b&gt;&lt;/b&gt;&lt;b&gt;&lt;/b&gt;&lt;b&gt;&lt;/b&gt;&lt;b&gt;&lt;/b&gt;&lt;b&gt;&lt;/b&gt;&lt;b&gt;&lt;/b&gt;&lt;b&gt;&lt;/b&gt;&lt;b&gt;&lt;/b&gt;&lt;b&gt;&lt;/b&gt;&lt;b&gt;&lt;/b&gt;&lt;b&gt;&lt;/b&gt;&lt;b&gt;&lt;/b&gt;&lt;b&gt;&lt;/b&gt;&lt;b&gt;&lt;/b&gt;&lt;b&gt;&lt;/b&gt;&lt;b&gt;&lt;/b&gt;&lt;b&gt;&lt;/b&gt;&lt;b&gt;&lt;/b&gt;&lt;b&gt;&lt;/b&gt;&lt;b&gt;&lt;/b&gt;&lt;b&gt;&lt;/b&gt;&lt;b&gt;&lt;/b&gt;&lt;b&gt;&lt;/b&gt;&lt;b&gt;&lt;/b&gt;&lt;b&gt;&lt;/b&gt;&lt;b&gt;&lt;/b&gt;&lt;b&gt;&lt;/b&gt;&lt;b&gt;&lt;/b&gt;&lt;b&gt;&lt;/b&gt;&lt;b&gt;&lt;/b&gt;&lt;b&gt;&lt;/b&gt;&lt;b&gt;&lt;/b&gt;&lt;b&gt;&lt;/b&gt;&lt;b&gt;&lt;/b&gt;&lt;b&gt;&lt;/b&gt;&lt;b&gt;&lt;/b&gt;&lt;b&gt;&lt;/b&gt;&lt;b&gt;&lt;/b&gt;&lt;b&gt;&lt;/b&gt;&lt;b&gt;&lt;/b&gt;&lt;b&gt;&lt;/b&gt;&lt;b&gt;&lt;/b&gt;&lt;b&gt;&lt;/b&gt;&lt;b&gt;&lt;/b&gt;&lt;b&gt;&lt;/b&gt;&lt;b&gt;&lt;/b&gt;&lt;b&gt;&lt;/b&gt;&lt;b&gt;&lt;/b&gt;&lt;b&gt;&lt;/b&gt;&lt;b&gt;&lt;/b&gt;&lt;b&gt;&lt;/b&gt;&lt;b&gt;&lt;/b&gt;&lt;b&gt;&lt;/b&gt;&lt;b&gt;&lt;/b&gt;&lt;b&gt;&lt;/b&gt;&lt;b&gt;&lt;/b&gt;&lt;b&gt;&lt;/b&gt;&lt;b&gt;&lt;/b&gt;&lt;b&gt;&lt;/b&gt;&lt;b&gt;&lt;/b&gt;&lt;b&gt;&lt;/b&gt;&lt;b&gt;&lt;/b&gt;&lt;b&gt;&lt;/b&gt;&lt;b&gt;&lt;/b&gt;&lt;b&gt;&lt;/b&gt;&lt;b&gt;&lt;/b&gt;&lt;b&gt;&lt;/b&gt;&lt;b&gt;&lt;/b&gt;&lt;b&gt;&lt;/b&gt;&lt;b&gt;&lt;/b&gt;&lt;b&gt;&lt;/b&gt;&lt;b&gt;&lt;/b&gt;&lt;b&gt;&lt;/b&gt;&lt;b&gt;&lt;/b&gt;&lt;b&gt;&lt;/b&gt;&lt;b&gt;&lt;/b&gt;&lt;b&gt;&lt;/b&gt;&lt;b&gt;&lt;/b&gt;&lt;b&gt;&lt;/b&gt;&lt;b&gt;&lt;/b&gt;&lt;b&gt;&lt;/b&gt;&lt;b&gt;&lt;/b&gt;&lt;b&gt;&lt;/b&gt;&lt;b&gt;&lt;/b&gt;&lt;b&gt;&lt;/b&gt;&lt;b&gt;&lt;/b&gt;&lt;b&gt;&lt;/b&gt;&lt;b&gt;&lt;/b&gt;&lt;b&gt;&lt;/b&gt;&lt;b&gt;&lt;/b&gt;&lt;b&gt;&lt;/b&gt;&lt;b&gt;&lt;/b&gt;&lt;b&gt;&lt;/b&gt;&lt;b&gt;&lt;/b&gt;&lt;b&gt;&lt;/b&gt;&lt;b&gt;&lt;/b&gt;&lt;b&gt;&lt;/b&gt;&lt;b&gt;&lt;/b&gt;&lt;b&gt;&lt;/b&gt;&lt;b&gt;&lt;/b&gt;&lt;b&gt;&lt;/b&gt;&lt;b&gt;&lt;/b&gt;&lt;b&gt;&lt;/b&gt;&lt;b&gt;&lt;/b&gt;&lt;b&gt;&lt;/b&gt;&lt;b&gt;&lt;/b&gt;&lt;b&gt;&lt;/b&gt;&lt;b&gt;&lt;/b&gt;&lt;b&gt;&lt;/b&gt;&lt;b&gt;&lt;/b&gt;&lt;b&gt;&lt;/b&gt;&lt;b&gt;&lt;/b&gt;&lt;b&gt;&lt;/b&gt;&lt;b&gt;&lt;/b&gt;&lt;b&gt;&lt;/b&gt;&lt;b&gt;&lt;/b&gt;&lt;b&gt;&lt;/b&gt;&lt;b&gt;&lt;/b&gt;&lt;b&gt;&lt;/b&gt;&lt;b&gt;&lt;/b&gt;&lt;b&gt;&lt;/b&gt;&lt;b&gt;&lt;/b&gt;&lt;b&gt;&lt;/b&gt;&lt;b&gt;&lt;/b&gt;&lt;b&gt;&lt;/b&gt;&lt;b&gt;&lt;/b&gt;&lt;b&gt;&lt;/b&gt;&lt;b&gt;&lt;/b&gt;&lt;b&gt;&lt;/b&gt;&lt;b&gt;&lt;/b&gt;&lt;b&gt;&lt;/b&gt;&lt;b&gt;&lt;/b&gt;&lt;b&gt;&lt;/b&gt;&lt;b&gt;&lt;/b&gt;&lt;b&gt;&lt;/b&gt;&lt;b&gt;&lt;/b&gt;&lt;b&gt;&lt;/b&gt;&lt;b&gt;&lt;/b&gt;&lt;b&gt;&lt;/b&gt;&lt;b&gt;&lt;/b&gt;&lt;b&gt;&lt;/b&gt;&lt;b&gt;&lt;/b&gt;&lt;b&gt;&lt;/b&gt;&lt;b&gt;&lt;/b&gt;&lt;b&gt;&lt;/b&gt;&lt;b&gt;&lt;/b&gt;&lt;b&gt;&lt;/b&gt;&lt;b&gt;&lt;/b&gt;&lt;b&gt;&lt;/b&gt;&lt;b&gt;&lt;/b&gt;&lt;b&gt;&lt;/b&gt;&lt;b&gt;&lt;/b&gt;&lt;b&gt;&lt;/b&gt;&lt;b&gt;&lt;/b&gt;&lt;b&gt;&lt;/b&gt;&lt;b&gt;&lt;/b&gt;&lt;b&gt;&lt;/b&gt;&lt;b&gt;&lt;/b&gt;&lt;b&gt;&lt;/b&gt;&lt;b&gt;&lt;/b&gt;&lt;b&gt;&lt;/b&gt;&lt;b&gt;&lt;/b&gt;&lt;b&gt;&lt;/b&gt;&lt;b&gt;&lt;/b&gt;&lt;b&gt;&lt;/b&gt;&lt;b&gt;&lt;/b&gt;&lt;b&gt;&lt;/b&gt;&lt;b&gt;&lt;/b&gt;&lt;b&gt;&lt;/b&gt;&lt;b&gt;&lt;/b&gt;&lt;b&gt;&lt;/b&gt;&lt;b&gt;&lt;/b&gt;&lt;b&gt;&lt;/b&gt;&lt;b&gt;&lt;/b&gt;&lt;b&gt;&lt;/b&gt;&lt;b&gt;&lt;/b&gt;&lt;b&gt;&lt;/b&gt;&lt;b&gt;&lt;/b&gt;&lt;b&gt;&lt;/b&gt;&lt;b&gt;&lt;/b&gt;&lt;b&gt;&lt;/b&gt;&lt;b&gt;&lt;/b&gt;&lt;b&gt;&lt;/b&gt;&lt;b&gt;&lt;/b&gt;&lt;b&gt;&lt;/b&gt;&lt;b&gt;&lt;/b&gt;&lt;b&gt;&lt;/b&gt;&lt;b&gt;&lt;/b&gt;&lt;b&gt;&lt;/b&gt;&lt;b&gt;&lt;/b&gt;&lt;b&gt;&lt;/b&gt;&lt;b&gt;&lt;/b&gt;&lt;b&gt;&lt;/b&gt;&lt;b&gt;&lt;/b&gt;&lt;b&gt;&lt;/b&gt;&lt;b&gt;&lt;/b&gt;&lt;b&gt;&lt;/b&gt;&lt;b&gt;&lt;/b&gt;&lt;b&gt;&lt;/b&gt;&lt;b&gt;&lt;/b&gt;&lt;b&gt;&lt;/b&gt;&lt;b&gt;&lt;/b&gt;&lt;b&gt;&lt;/b&gt;&lt;b&gt;&lt;/b&gt;&lt;b&gt;&lt;/b&gt;&lt;b&gt;&lt;/b&gt;&lt;b&gt;&lt;/b&gt;&lt;b&gt;&lt;/b&gt;&lt;b&gt;&lt;/b&gt;&lt;b&gt;&lt;/b&gt;&lt;b&gt;&lt;/b&gt;&lt;b&gt;&lt;/b&gt;&lt;b&gt;&lt;/b&gt;&lt;b&gt;&lt;/b&gt;&lt;b&gt;&lt;/b&gt;&lt;b&gt;&lt;/b&gt;&lt;b&gt;&lt;/b&gt;&lt;b&gt;&lt;/b&gt;&lt;b&gt;&lt;/b&gt;&lt;b&gt;&lt;/b&gt;&lt;b&gt;&lt;/b&gt;&lt;b&gt;&lt;/b&gt;&lt;b&gt;&lt;/b&gt;&lt;b&gt;&lt;/b&gt;&lt;b&gt;&lt;/b&gt;&lt;b&gt;&lt;/b&gt;&lt;b&gt;&lt;/b&gt;&lt;b&gt;&lt;/b&gt;&lt;b&gt;&lt;/b&gt;&lt;b&gt;&lt;/b&gt;&lt;b&gt;&lt;/b&gt;&lt;b&gt;&lt;/b&gt;&lt;b&gt;&lt;/b&gt;&lt;b&gt;&lt;/b&gt;&lt;b&gt;&lt;/b&gt;&lt;b&gt;&lt;/b&gt;&lt;b&gt;&lt;/b&gt;&lt;b&gt;&lt;/b&gt;&lt;b&gt;&lt;/b&gt;&lt;b&gt;&lt;/b&gt;&lt;b&gt;&lt;/b&gt;&lt;b&gt;&lt;/b&gt;&lt;b&gt;&lt;/b&gt;&lt;b&gt;&lt;/b&gt;&lt;b&gt;&lt;/b&gt;&lt;b&gt;&lt;/b&gt;&lt;b&gt;&lt;/b&gt;&lt;b&gt;&lt;/b&gt;&lt;b&gt;&lt;/b&gt;&lt;b&gt;&lt;/b&gt;&lt;b&gt;&lt;/b&gt;&lt;b&gt;&lt;/b&gt;&lt;b&gt;&lt;/b&gt;&lt;b&gt;&lt;/b&gt;&lt;b&gt;&lt;/b&gt;&lt;b&gt;&lt;/b&gt;&lt;b&gt;&lt;/b&gt;&lt;b&gt;&lt;/b&gt;&lt;b&gt;&lt;/b&gt;&lt;b&gt;&lt;/b&gt;&lt;b&gt;&lt;/b&gt;&lt;b&gt;&lt;/b&gt;&lt;b&gt;&lt;/b&gt;&lt;b&gt;&lt;/b&gt;&lt;b&gt;&lt;/b&gt;&lt;b&gt;&lt;/b&gt;&lt;b&gt;&lt;/b&gt;&lt;b&gt;&lt;/b&gt;&lt;b&gt;&lt;/b&gt;&lt;b&gt;&lt;/b&gt;&lt;b&gt;&lt;/b&gt;&lt;b&gt;&lt;/b&gt;&lt;b&gt;&lt;/b&gt;&lt;b&gt;&lt;/b&gt;&lt;b&gt;&lt;/b&gt;&lt;b&gt;&lt;/b&gt;&lt;b&gt;&lt;/b&gt;&lt;b&gt;&lt;/b&gt;&lt;b&gt;&lt;/b&gt;&lt;b&gt;&lt;/b&gt;&lt;b&gt;&lt;/b&gt;&lt;b&gt;&lt;/b&gt;&lt;b&gt;&lt;/b&gt;&lt;b&gt;&lt;/b&gt;&lt;b&gt;&lt;/b&gt;&lt;b&gt;&lt;/b&gt;&lt;b&gt;&lt;/b&gt;&lt;b&gt;&lt;/b&gt;&lt;b&gt;&lt;/b&gt;&lt;b&gt;&lt;/b&gt;&lt;b&gt;&lt;/b&gt;&lt;b&gt;&lt;/b&gt;&lt;b&gt;&lt;/b&gt;&lt;b&gt;&lt;/b&gt;&lt;b&gt;&lt;/b&gt;&lt;b&gt;&lt;/b&gt;&lt;b&gt;&lt;/b&gt;&lt;b&gt;&lt;/b&gt;&lt;b&gt;&lt;/b&gt;&lt;b&gt;&lt;/b&gt;&lt;b&gt;&lt;/b&gt;&lt;b&gt;&lt;/b&gt;&lt;b&gt;&lt;/b&gt;&lt;b&gt;&lt;/b&gt;&lt;b&gt;&lt;/b&gt;&lt;b&gt;&lt;/b&gt;&lt;b&gt;&lt;/b&gt;&lt;b&gt;&lt;/b&gt;&lt;b&gt;&lt;/b&gt;&lt;b&gt;&lt;/b&gt;&lt;b&gt;&lt;/b&gt;&lt;b&gt;&lt;/b&gt;&lt;b&gt;&lt;/b&gt;&lt;b&gt;&lt;/b&gt;&lt;b&gt;&lt;/b&gt;&lt;b&gt;&lt;/b&gt;&lt;b&gt;&lt;/b&gt;&lt;b&gt;&lt;/b&gt;&lt;b&gt;&lt;/b&gt;&lt;b&gt;&lt;/b&gt;&lt;b&gt;&lt;/b&gt;&lt;b&gt;&lt;/b&gt;&lt;b&gt;&lt;/b&gt;&lt;b&gt;&lt;/b&gt;&lt;b&gt;&lt;/b&gt;&lt;b&gt;&lt;/b&gt;&lt;b&gt;&lt;/b&gt;&lt;b&gt;&lt;/b&gt;&lt;b&gt;&lt;/b&gt;&lt;b&gt;&lt;/b&gt;&lt;b&gt;&lt;/b&gt;&lt;b&gt;&lt;/b&gt;&lt;b&gt;&lt;/b&gt;&lt;b&gt;&lt;/b&gt;&lt;b&gt;&lt;/b&gt;&lt;b&gt;&lt;/b&gt;&lt;b&gt;&lt;/b&gt;&lt;b&gt;&lt;/b&gt;&lt;b&gt;&lt;/b&gt;&lt;b&gt;&lt;/b&gt;&lt;b&gt;&lt;/b&gt;&lt;b&gt;&lt;/b&gt;&lt;b&gt;&lt;/b&gt;&lt;b&gt;&lt;/b&gt;&lt;b&gt;&lt;/b&gt;&lt;b&gt;&lt;/b&gt;&lt;b&gt;&lt;/b&gt;&lt;b&gt;&lt;/b&gt;&lt;b&gt;&lt;/b&gt;&lt;b&gt;&lt;/b&gt;&lt;b&gt;&lt;/b&gt;&lt;b&gt;&lt;/b&gt;&lt;b&gt;&lt;/b&gt;&lt;b&gt;&lt;/b&gt;&lt;b&gt;&lt;/b&gt;&lt;b&gt;&lt;/b&gt;&lt;b&gt;&lt;/b&gt;&lt;b&gt;&lt;/b&gt;&lt;b&gt;&lt;/b&gt;&lt;b&gt;&lt;/b&gt;&lt;b&gt;&lt;/b&gt;&lt;b&gt;&lt;/b&gt;&lt;b&gt;&lt;/b&gt;&lt;b&gt;&lt;/b&gt;&lt;b&gt;&lt;/b&gt;&lt;b&gt;&lt;/b&gt;&lt;b&gt;&lt;/b&gt;&lt;b&gt;&lt;/b&gt;&lt;b&gt;&lt;/b&gt;&lt;b&gt;&lt;/b&gt;&lt;b&gt;&lt;/b&gt;&lt;b&gt;&lt;/b&gt;&lt;b&gt;&lt;/b&gt;&lt;b&gt;&lt;/b&gt;&lt;b&gt;&lt;/b&gt;&lt;b&gt;&lt;/b&gt;&lt;b&gt;&lt;/b&gt;&lt;b&gt;&lt;/b&gt;&lt;b&gt;&lt;/b&gt;&lt;b&gt;&lt;/b&gt;&lt;b&gt;&lt;/b&gt;&lt;b&gt;&lt;/b&gt;&lt;b&gt;&lt;/b&gt;&lt;b&gt;&lt;/b&gt;&lt;b&gt;&lt;/b&gt;&lt;b&gt;&lt;/b&gt;&lt;b&gt;&lt;/b&gt;&lt;b&gt;&lt;/b&gt;&lt;b&gt;&lt;/b&gt;&lt;b&gt;&lt;/b&gt;&lt;b&gt;&lt;/b&gt;&lt;b&gt;&lt;/b&gt;&lt;b&gt;&lt;/b&gt;&lt;b&gt;&lt;/b&gt;&lt;b&gt;&lt;/b&gt;&lt;b&gt;&lt;/b&gt;&lt;b&gt;&lt;/b&gt;&lt;b&gt;&lt;/b&gt;&lt;b&gt;&lt;/b&gt;&lt;b&gt;&lt;/b&gt;&lt;b&gt;&lt;/b&gt;&lt;b&gt;&lt;br /&gt;&lt;a class=&quot;external&quot; href=&quot;https://www.deviantart.com/users/outgoing?https://www.patreon.com/user?u=457132&amp;amp;ty=c&quot;&gt;Patreon&lt;/a&gt;&lt;br /&gt;&lt;img src=&quot;https://e.deviantart.net/emoticons/b/bulletgreen.gif&quot; width=&quot;10&quot; height=&quot;10&quot; alt=&quot;:bulletgreen:&quot; data-embed-type=&quot;emoticon&quot; data-embed-id=&quot;209&quot; title=&quot;Bullet; Green&quot;/&gt; &lt;b&gt;Other sites to follow my work&lt;/b&gt;&lt;b&gt;&lt;/b&gt;&lt;b&gt;&lt;/b&gt;&lt;b&gt;&lt;/b&gt;&lt;b&gt;&lt;/b&gt;&lt;b&gt;&lt;/b&gt;&lt;b&gt;&lt;/b&gt;&lt;b&gt;&lt;/b&gt;&lt;b&gt;&lt;/b&gt;&lt;b&gt;&lt;/b&gt;&lt;b&gt;&lt;/b&gt;&lt;b&gt;&lt;/b&gt;&lt;b&gt;&lt;/b&gt;&lt;b&gt;&lt;/b&gt;&lt;b&gt;&lt;/b&gt;&lt;b&gt;&lt;/b&gt;&lt;b&gt;&lt;/b&gt;&lt;b&gt;&lt;/b&gt;&lt;b&gt;&lt;/b&gt;&lt;b&gt;&lt;/b&gt;&lt;b&gt;&lt;/b&gt;&lt;b&gt;&lt;/b&gt;&lt;b&gt;&lt;/b&gt;&lt;b&gt;&lt;/b&gt;&lt;b&gt;&lt;/b&gt;&lt;b&gt;&lt;/b&gt;&lt;b&gt;&lt;/b&gt;&lt;b&gt;&lt;/b&gt;&lt;b&gt;&lt;/b&gt;&lt;b&gt;&lt;/b&gt;&lt;b&gt;&lt;/b&gt;&lt;b&gt;&lt;/b&gt;&lt;b&gt;&lt;/b&gt;&lt;b&gt;&lt;/b&gt;&lt;b&gt;&lt;/b&gt;&lt;b&gt;&lt;/b&gt;&lt;b&gt;&lt;/b&gt;&lt;b&gt;&lt;/b&gt;&lt;b&gt;&lt;/b&gt;&lt;b&gt;&lt;/b&gt;&lt;b&gt;&lt;/b&gt;&lt;b&gt;&lt;/b&gt;&lt;b&gt;&lt;/b&gt;&lt;b&gt;&lt;/b&gt;&lt;b&gt;&lt;/b&gt;&lt;b&gt;&lt;/b&gt;&lt;b&gt;&lt;/b&gt;&lt;b&gt;&lt;/b&gt;&lt;b&gt;&lt;/b&gt;&lt;b&gt;&lt;/b&gt;&lt;b&gt;&lt;/b&gt;&lt;b&gt;&lt;/b&gt;&lt;b&gt;&lt;/b&gt;&lt;b&gt;&lt;/b&gt;&lt;b&gt;&lt;/b&gt;&lt;b&gt;&lt;/b&gt;&lt;b&gt;&lt;/b&gt;&lt;b&gt;&lt;/b&gt;&lt;b&gt;&lt;/b&gt;&lt;b&gt;&lt;/b&gt;&lt;b&gt;&lt;/b&gt;&lt;b&gt;&lt;/b&gt;&lt;b&gt;&lt;/b&gt;&lt;b&gt;&lt;/b&gt;&lt;b&gt;&lt;/b&gt;&lt;b&gt;&lt;/b&gt;&lt;b&gt;&lt;/b&gt;&lt;b&gt;&lt;/b&gt;&lt;b&gt;&lt;/b&gt;&lt;b&gt;&lt;/b&gt;&lt;b&gt;&lt;/b&gt;&lt;b&gt;&lt;/b&gt;&lt;b&gt;&lt;/b&gt;&lt;b&gt;&lt;/b&gt;&lt;b&gt;&lt;/b&gt;&lt;b&gt;&lt;/b&gt;&lt;b&gt;&lt;/b&gt;&lt;b&gt;&lt;/b&gt;&lt;b&gt;&lt;/b&gt;&lt;b&gt;&lt;/b&gt;&lt;b&gt;&lt;/b&gt;&lt;b&gt;&lt;/b&gt;&lt;b&gt;&lt;/b&gt;&lt;b&gt;&lt;/b&gt;&lt;b&gt;&lt;/b&gt;&lt;b&gt;&lt;/b&gt;&lt;b&gt;&lt;/b&gt;&lt;b&gt;&lt;/b&gt;&lt;b&gt;&lt;/b&gt;&lt;b&gt;&lt;/b&gt;&lt;b&gt;&lt;/b&gt;&lt;b&gt;&lt;/b&gt;&lt;b&gt;&lt;/b&gt;&lt;b&gt;&lt;/b&gt;&lt;b&gt;&lt;/b&gt;&lt;b&gt;&lt;/b&gt;&lt;b&gt;&lt;/b&gt;&lt;b&gt;&lt;/b&gt;&lt;b&gt;&lt;/b&gt;&lt;b&gt;&lt;/b&gt;&lt;b&gt;&lt;/b&gt;&lt;b&gt;&lt;/b&gt;&lt;b&gt;&lt;/b&gt;&lt;b&gt;&lt;/b&gt;&lt;b&gt;&lt;/b&gt;&lt;b&gt;&lt;/b&gt;&lt;b&gt;&lt;/b&gt;&lt;b&gt;&lt;/b&gt;&lt;b&gt;&lt;/b&gt;&lt;b&gt;&lt;/b&gt;&lt;b&gt;&lt;/b&gt;&lt;b&gt;&lt;/b&gt;&lt;b&gt;&lt;/b&gt;&lt;b&gt;&lt;/b&gt;&lt;b&gt;&lt;/b&gt;&lt;b&gt;&lt;/b&gt;&lt;b&gt;&lt;/b&gt;&lt;b&gt;&lt;/b&gt;&lt;b&gt;&lt;/b&gt;&lt;b&gt;&lt;/b&gt;&lt;b&gt;&lt;/b&gt;&lt;b&gt;&lt;/b&gt;&lt;b&gt;&lt;/b&gt;&lt;b&gt;&lt;/b&gt;&lt;b&gt;&lt;/b&gt;&lt;b&gt;&lt;/b&gt;&lt;b&gt;&lt;/b&gt;&lt;b&gt;&lt;/b&gt;&lt;b&gt;&lt;/b&gt;&lt;b&gt;&lt;/b&gt;&lt;b&gt;&lt;/b&gt;&lt;b&gt;&lt;/b&gt;&lt;b&gt;&lt;/b&gt;&lt;b&gt;&lt;/b&gt;&lt;b&gt;&lt;/b&gt;&lt;b&gt;&lt;/b&gt;&lt;b&gt;&lt;/b&gt;&lt;b&gt;&lt;/b&gt;&lt;b&gt;&lt;/b&gt;&lt;b&gt;&lt;/b&gt;&lt;b&gt;&lt;/b&gt;&lt;b&gt;&lt;/b&gt;&lt;b&gt;&lt;/b&gt;&lt;b&gt;&lt;/b&gt;&lt;b&gt;&lt;/b&gt;&lt;b&gt;&lt;/b&gt;&lt;b&gt;&lt;/b&gt;&lt;b&gt;&lt;/b&gt;&lt;b&gt;&lt;/b&gt;&lt;b&gt;&lt;/b&gt;&lt;b&gt;&lt;/b&gt;&lt;b&gt;&lt;/b&gt;&lt;b&gt;&lt;/b&gt;&lt;b&gt;&lt;/b&gt;&lt;b&gt;&lt;/b&gt;&lt;b&gt;&lt;/b&gt;&lt;b&gt;&lt;/b&gt;&lt;b&gt;&lt;/b&gt;&lt;b&gt;&lt;/b&gt;&lt;b&gt;&lt;/b&gt;&lt;b&gt;&lt;/b&gt;&lt;b&gt;&lt;/b&gt;&lt;b&gt;&lt;/b&gt;&lt;b&gt;&lt;/b&gt;&lt;b&gt;&lt;/b&gt;&lt;b&gt;&lt;/b&gt;&lt;b&gt;&lt;/b&gt;&lt;b&gt;&lt;/b&gt;&lt;b&gt;&lt;/b&gt;&lt;b&gt;&lt;/b&gt;&lt;b&gt;&lt;/b&gt;&lt;b&gt;&lt;/b&gt;&lt;b&gt;&lt;/b&gt;&lt;b&gt;&lt;/b&gt;&lt;b&gt;&lt;/b&gt;&lt;b&gt;&lt;/b&gt;&lt;b&gt;&lt;/b&gt;&lt;b&gt;&lt;/b&gt;&lt;b&gt;&lt;/b&gt;&lt;b&gt;&lt;/b&gt;&lt;b&gt;&lt;/b&gt;&lt;b&gt;&lt;/b&gt;&lt;b&gt;&lt;/b&gt;&lt;b&gt;&lt;/b&gt;&lt;b&gt;&lt;/b&gt;&lt;b&gt;&lt;/b&gt;&lt;b&gt;&lt;/b&gt;&lt;b&gt;&lt;/b&gt;&lt;b&gt;&lt;/b&gt;&lt;b&gt;&lt;/b&gt;&lt;b&gt;&lt;/b&gt;&lt;b&gt;&lt;/b&gt;&lt;b&gt;&lt;/b&gt;&lt;b&gt;&lt;/b&gt;&lt;b&gt;&lt;/b&gt;&lt;b&gt;&lt;/b&gt;&lt;b&gt;&lt;/b&gt;&lt;b&gt;&lt;/b&gt;&lt;b&gt;&lt;/b&gt;&lt;b&gt;&lt;/b&gt;&lt;b&gt;&lt;/b&gt;&lt;b&gt;&lt;/b&gt;&lt;b&gt;&lt;/b&gt;&lt;b&gt;&lt;/b&gt;&lt;b&gt;&lt;/b&gt;&lt;b&gt;&lt;/b&gt;&lt;b&gt;&lt;/b&gt;&lt;b&gt;&lt;/b&gt;&lt;b&gt;&lt;/b&gt;&lt;b&gt;&lt;/b&gt;&lt;b&gt;&lt;/b&gt;&lt;b&gt;&lt;/b&gt;&lt;b&gt;&lt;/b&gt;&lt;b&gt;&lt;/b&gt;&lt;b&gt;&lt;/b&gt;&lt;b&gt;&lt;/b&gt;&lt;b&gt;&lt;/b&gt;&lt;b&gt;&lt;/b&gt;&lt;b&gt;&lt;/b&gt;&lt;b&gt;&lt;/b&gt;&lt;b&gt;&lt;/b&gt;&lt;b&gt;&lt;/b&gt;&lt;b&gt;&lt;/b&gt;&lt;b&gt;&lt;/b&gt;&lt;b&gt;&lt;/b&gt;&lt;b&gt;&lt;/b&gt;&lt;b&gt;&lt;/b&gt;&lt;b&gt;&lt;/b&gt;&lt;b&gt;&lt;/b&gt;&lt;b&gt;&lt;/b&gt;&lt;b&gt;&lt;/b&gt;&lt;b&gt;&lt;/b&gt;&lt;b&gt;&lt;/b&gt;&lt;b&gt;&lt;/b&gt;&lt;b&gt;&lt;/b&gt;&lt;b&gt;&lt;/b&gt;&lt;b&gt;&lt;/b&gt;&lt;b&gt;&lt;/b&gt;&lt;b&gt;&lt;/b&gt;&lt;b&gt;&lt;/b&gt;&lt;b&gt;&lt;/b&gt;&lt;b&gt;&lt;/b&gt;&lt;b&gt;&lt;/b&gt;&lt;b&gt;&lt;/b&gt;&lt;b&gt;&lt;/b&gt;&lt;b&gt;&lt;/b&gt;&lt;b&gt;&lt;/b&gt;&lt;b&gt;&lt;/b&gt;&lt;b&gt;&lt;/b&gt;&lt;b&gt;&lt;/b&gt;&lt;b&gt;&lt;/b&gt;&lt;b&gt;&lt;/b&gt;&lt;b&gt;&lt;/b&gt;&lt;b&gt;&lt;/b&gt;&lt;b&gt;&lt;/b&gt;&lt;b&gt;&lt;/b&gt;&lt;b&gt;&lt;/b&gt;&lt;b&gt;&lt;/b&gt;&lt;b&gt;&lt;/b&gt;&lt;b&gt;&lt;/b&gt;&lt;b&gt;&lt;/b&gt;&lt;b&gt;&lt;/b&gt;&lt;b&gt;&lt;/b&gt;&lt;b&gt;&lt;/b&gt;&lt;b&gt;&lt;/b&gt;&lt;b&gt;&lt;/b&gt;&lt;b&gt;&lt;/b&gt;&lt;b&gt;&lt;/b&gt;&lt;b&gt;&lt;/b&gt;&lt;b&gt;&lt;/b&gt;&lt;b&gt;&lt;/b&gt;&lt;b&gt;&lt;/b&gt;&lt;b&gt;&lt;/b&gt;&lt;b&gt;&lt;/b&gt;&lt;b&gt;&lt;/b&gt;&lt;b&gt;&lt;/b&gt;&lt;b&gt;&lt;/b&gt;&lt;b&gt;&lt;/b&gt;&lt;b&gt;&lt;/b&gt;&lt;b&gt;&lt;/b&gt;&lt;b&gt;&lt;/b&gt;&lt;b&gt;&lt;/b&gt;&lt;b&gt;&lt;/b&gt;&lt;b&gt;&lt;/b&gt;&lt;b&gt;&lt;/b&gt;&lt;b&gt;&lt;/b&gt;&lt;b&gt;&lt;/b&gt;&lt;b&gt;&lt;/b&gt;&lt;b&gt;&lt;/b&gt;&lt;b&gt;&lt;/b&gt;&lt;b&gt;&lt;/b&gt;&lt;b&gt;&lt;/b&gt;&lt;b&gt;&lt;/b&gt;&lt;b&gt;&lt;/b&gt;&lt;b&gt;&lt;/b&gt;&lt;b&gt;&lt;/b&gt;&lt;b&gt;&lt;/b&gt;&lt;b&gt;&lt;/b&gt;&lt;b&gt;&lt;/b&gt;&lt;b&gt;&lt;/b&gt;&lt;b&gt;&lt;/b&gt;&lt;b&gt;&lt;/b&gt;&lt;b&gt;&lt;/b&gt;&lt;b&gt;&lt;/b&gt;&lt;b&gt;&lt;/b&gt;&lt;b&gt;&lt;/b&gt;&lt;b&gt;&lt;/b&gt;&lt;b&gt;&lt;/b&gt;&lt;b&gt;&lt;/b&gt;&lt;b&gt;&lt;/b&gt;&lt;b&gt;&lt;/b&gt;&lt;b&gt;&lt;/b&gt;&lt;b&gt;&lt;/b&gt;&lt;b&gt;&lt;/b&gt;&lt;b&gt;&lt;/b&gt;&lt;b&gt;&lt;/b&gt;&lt;b&gt;&lt;/b&gt;&lt;b&gt;&lt;/b&gt;&lt;b&gt;&lt;/b&gt;&lt;b&gt;&lt;/b&gt;&lt;b&gt;&lt;/b&gt;&lt;b&gt;&lt;/b&gt;&lt;b&gt;&lt;/b&gt;&lt;b&gt;&lt;/b&gt;&lt;b&gt;&lt;/b&gt;&lt;b&gt;&lt;/b&gt;&lt;b&gt;&lt;/b&gt;&lt;b&gt;&lt;/b&gt;&lt;b&gt;&lt;/b&gt;&lt;b&gt;&lt;/b&gt;&lt;b&gt;&lt;/b&gt;&lt;b&gt;&lt;/b&gt;&lt;b&gt;&lt;/b&gt;&lt;b&gt;&lt;/b&gt;&lt;b&gt;&lt;/b&gt;&lt;b&gt;&lt;/b&gt;&lt;b&gt;&lt;/b&gt;&lt;b&gt;&lt;/b&gt;&lt;b&gt;&lt;/b&gt;&lt;b&gt;&lt;/b&gt;&lt;b&gt;&lt;/b&gt;&lt;b&gt;&lt;/b&gt;&lt;b&gt;&lt;/b&gt;&lt;b&gt;&lt;/b&gt;&lt;b&gt;&lt;/b&gt;&lt;b&gt;&lt;/b&gt;&lt;b&gt;&lt;/b&gt;&lt;b&gt;&lt;/b&gt;&lt;b&gt;&lt;/b&gt;&lt;b&gt;&lt;/b&gt;&lt;b&gt;&lt;/b&gt;&lt;b&gt;&lt;/b&gt;&lt;b&gt;&lt;/b&gt;&lt;b&gt;&lt;/b&gt;&lt;b&gt;&lt;/b&gt;&lt;b&gt;&lt;/b&gt;&lt;b&gt;&lt;/b&gt;&lt;b&gt;&lt;/b&gt;&lt;b&gt;&lt;/b&gt;&lt;b&gt;&lt;/b&gt;&lt;b&gt;&lt;/b&gt;&lt;b&gt;&lt;/b&gt;&lt;b&gt;&lt;/b&gt;&lt;b&gt;&lt;/b&gt;&lt;b&gt;&lt;/b&gt;&lt;b&gt;&lt;/b&gt;&lt;b&gt;&lt;/b&gt;&lt;b&gt;&lt;/b&gt;&lt;b&gt;&lt;/b&gt;&lt;b&gt;&lt;/b&gt;&lt;b&gt;&lt;/b&gt;&lt;b&gt;&lt;/b&gt;&lt;b&gt;&lt;/b&gt;&lt;b&gt;&lt;/b&gt;&lt;b&gt;&lt;/b&gt;&lt;b&gt;&lt;/b&gt;&lt;b&gt;&lt;/b&gt;&lt;b&gt;&lt;/b&gt;&lt;b&gt;&lt;/b&gt;&lt;b&gt;&lt;/b&gt;&lt;b&gt;&lt;/b&gt;&lt;b&gt;&lt;/b&gt;&lt;b&gt;&lt;/b&gt;&lt;b&gt;&lt;/b&gt;&lt;b&gt;&lt;/b&gt;&lt;b&gt;&lt;/b&gt;&lt;b&gt;&lt;/b&gt;&lt;b&gt;&lt;/b&gt;&lt;b&gt;&lt;/b&gt;&lt;b&gt;&lt;/b&gt;&lt;b&gt;&lt;/b&gt;&lt;b&gt;&lt;/b&gt;&lt;b&gt;&lt;/b&gt;&lt;b&gt;&lt;/b&gt;&lt;b&gt;&lt;/b&gt;&lt;b&gt;&lt;/b&gt;&lt;b&gt;&lt;/b&gt;&lt;b&gt;&lt;/b&gt;&lt;b&gt;&lt;/b&gt;&lt;b&gt;&lt;/b&gt;&lt;b&gt;&lt;/b&gt;&lt;b&gt;&lt;/b&gt;&lt;b&gt;&lt;/b&gt;&lt;b&gt;&lt;/b&gt;&lt;b&gt;&lt;/b&gt;&lt;b&gt;&lt;/b&gt;&lt;b&gt;&lt;/b&gt;&lt;b&gt;&lt;/b&gt;&lt;b&gt;&lt;/b&gt;&lt;b&gt;&lt;/b&gt;&lt;b&gt;&lt;/b&gt;&lt;b&gt;&lt;/b&gt;&lt;b&gt;&lt;/b&gt;&lt;b&gt;&lt;/b&gt;&lt;b&gt;&lt;/b&gt;&lt;b&gt;&lt;/b&gt;&lt;b&gt;&lt;/b&gt;&lt;b&gt;&lt;/b&gt;&lt;b&gt;&lt;/b&gt;&lt;b&gt;&lt;/b&gt;&lt;b&gt;&lt;/b&gt;&lt;b&gt;&lt;/b&gt;&lt;b&gt;&lt;/b&gt;&lt;b&gt;&lt;/b&gt;&lt;b&gt;&lt;/b&gt;&lt;b&gt;&lt;/b&gt;&lt;b&gt;&lt;/b&gt;&lt;b&gt;&lt;/b&gt;&lt;b&gt;&lt;/b&gt;&lt;b&gt;&lt;/b&gt;&lt;b&gt;&lt;/b&gt;&lt;b&gt;&lt;/b&gt;&lt;b&gt;&lt;/b&gt;&lt;b&gt;&lt;/b&gt;&lt;b&gt;&lt;/b&gt;&lt;b&gt;&lt;/b&gt;&lt;b&gt;&lt;/b&gt;&lt;b&gt;&lt;/b&gt;&lt;b&gt;&lt;/b&gt;&lt;b&gt;&lt;/b&gt;&lt;b&gt;&lt;/b&gt;&lt;b&gt;&lt;/b&gt;&lt;b&gt;&lt;/b&gt;&lt;b&gt;&lt;/b&gt;&lt;b&gt;&lt;/b&gt;&lt;b&gt;&lt;/b&gt;&lt;b&gt;&lt;/b&gt;&lt;b&gt;&lt;/b&gt;&lt;b&gt;&lt;/b&gt;&lt;b&gt;&lt;/b&gt;&lt;b&gt;&lt;/b&gt;&lt;b&gt;&lt;/b&gt;&lt;b&gt;&lt;/b&gt;&lt;b&gt;&lt;/b&gt;&lt;b&gt;&lt;/b&gt;&lt;b&gt;&lt;/b&gt;&lt;b&gt;&lt;/b&gt;&lt;b&gt;&lt;/b&gt;&lt;b&gt;&lt;/b&gt;&lt;b&gt;&lt;/b&gt;&lt;b&gt;&lt;/b&gt;&lt;b&gt;&lt;/b&gt;&lt;b&gt;&lt;/b&gt;&lt;b&gt;&lt;/b&gt;&lt;b&gt;&lt;/b&gt;&lt;b&gt;&lt;/b&gt;&lt;b&gt;&lt;/b&gt;&lt;b&gt;&lt;/b&gt;&lt;b&gt;&lt;/b&gt;&lt;b&gt;&lt;/b&gt;&lt;b&gt;&lt;/b&gt;&lt;b&gt;&lt;/b&gt;&lt;b&gt;&lt;/b&gt;&lt;b&gt;&lt;/b&gt;&lt;b&gt;&lt;/b&gt;&lt;b&gt;&lt;/b&gt;&lt;b&gt;&lt;/b&gt;&lt;b&gt;&lt;/b&gt;&lt;b&gt;&lt;/b&gt;&lt;b&gt;&lt;/b&gt;&lt;b&gt;&lt;/b&gt;&lt;b&gt;&lt;/b&gt;&lt;b&gt;&lt;/b&gt;&lt;b&gt;&lt;/b&gt;&lt;b&gt;&lt;/b&gt;&lt;b&gt;&lt;/b&gt;&lt;b&gt;&lt;/b&gt;&lt;b&gt;&lt;br /&gt;&lt;img src=&quot;https://e.deviantart.net/emoticons/f/facebook.gif&quot; width=&quot;16&quot; height=&quot;16&quot; alt=&quot;:facebook:&quot; data-embed-type=&quot;emoticon&quot; data-embed-id=&quot;616&quot; title=&quot;Facebook&quot;/&gt; &lt;a class=&quot;external&quot; href=&quot;https://www.deviantart.com/users/outgoing?https://www.facebook.com/CryptidCreations/timeline&quot;&gt;Facebook&lt;/a&gt;&lt;br /&gt;&lt;img src=&quot;https://e.deviantart.net/emoticons/t/twitter_2.gif&quot; width=&quot;16&quot; height=&quot;16&quot; alt=&quot;:twitter:&quot; data-embed-type=&quot;emoticon&quot; data-embed-id=&quot;614&quot; title=&quot;Twitter&quot;/&gt; &lt;a class=&quot;external&quot; href=&quot;https://www.deviantart.com/users/outgoing?https://twitter.com/Piper_Thibodeau&quot;&gt;Twitter&lt;/a&gt;&lt;br /&gt;&lt;img src=&quot;https://e.deviantart.net/emoticons/b/bulletgreen.gif&quot; width=&quot;10&quot; height=&quot;10&quot; alt=&quot;:bulletgreen:&quot; data-embed-type=&quot;emoticon&quot; data-embed-id=&quot;209&quot; title=&quot;Bullet; Green&quot;/&gt; For any business related inquiries please send me an e-mail at cryptidcreations@gmail.com&lt;br /&gt;&lt;/b&gt;&lt;/b&gt;&lt;/b&gt;</media:description>            <media:thumbnail url="https://t00.deviantart.net/Tzi1X5oXcbCj3mGOMDNVPfPiwFw=/fit-in/150x150/filters:no_upscale():origin()/pre00/4a1f/th/pre/f/2019/055/3/8/daily_paint_2287__goldfish_panning_by_cryptid_creations-dd0mx37.png" height="123" width="150"/>            <media:thumbnail url="https://t00.deviantart.net/bxgCxtXjAzODG9ULBZO7m7lOv6g=/fit-in/300x900/filters:no_upscale():origin()/pre00/4a1f/th/pre/f/2019/055/3/8/daily_paint_2287__goldfish_panning_by_cryptid_creations-dd0mx37.png" height="246" width="300"/>            <media:thumbnail url="https://t00.deviantart.net/vJGo9P2oRr3h4E7v_P9V3IiqAmo=/300x200/filters:fixed_height(100,100):origin()/pre00/4a1f/th/pre/f/2019/055/3/8/daily_paint_2287__goldfish_panning_by_cryptid_creations-dd0mx37.png" height="200" width="244"/>            <media:content url="https://orig00.deviantart.net/d71f/f/2019/055/3/8/daily_paint_2287__goldfish_panning_by_cryptid_creations-dd0mx37.png" height="657" width="800" medium="image"/>            
            <description>&lt;b&gt;&lt;/b&gt;&lt;b&gt;&lt;/b&gt;&lt;b&gt;&lt;/b&gt;&lt;b&gt;&lt;/b&gt;&lt;b&gt;&lt;/b&gt;&lt;b&gt;&lt;/b&gt;&lt;b&gt;&lt;/b&gt;&lt;b&gt;&lt;/b&gt;&lt;b&gt;&lt;/b&gt;&lt;b&gt;&lt;/b&gt;&lt;b&gt;&lt;/b&gt;&lt;b&gt;&lt;/b&gt;&lt;b&gt;&lt;/b&gt;&lt;b&gt;&lt;/b&gt;&lt;b&gt;&lt;/b&gt;&lt;b&gt;&lt;/b&gt;&lt;b&gt;&lt;/b&gt;&lt;b&gt;&lt;/b&gt;&lt;b&gt;&lt;/b&gt;&lt;b&gt;&lt;/b&gt;&lt;b&gt;&lt;/b&gt;&lt;b&gt;&lt;/b&gt;&lt;b&gt;&lt;/b&gt;&lt;b&gt;&lt;/b&gt;&lt;b&gt;&lt;/b&gt;&lt;b&gt;&lt;/b&gt;&lt;b&gt;&lt;/b&gt;&lt;b&gt;&lt;/b&gt;&lt;b&gt;&lt;/b&gt;&lt;b&gt;&lt;/b&gt;&lt;b&gt;&lt;/b&gt;&lt;b&gt;&lt;/b&gt;&lt;b&gt;&lt;/b&gt;&lt;b&gt;&lt;/b&gt;&lt;b&gt;&lt;/b&gt;&lt;b&gt;&lt;/b&gt;&lt;b&gt;&lt;/b&gt;&lt;b&gt;&lt;/b&gt;&lt;b&gt;&lt;/b&gt;&lt;b&gt;&lt;/b&gt;&lt;b&gt;&lt;/b&gt;&lt;b&gt;&lt;/b&gt;&lt;b&gt;&lt;/b&gt;&lt;b&gt;&lt;/b&gt;&lt;b&gt;&lt;/b&gt;&lt;b&gt;&lt;/b&gt;&lt;b&gt;&lt;/b&gt;&lt;b&gt;&lt;/b&gt;&lt;b&gt;&lt;/b&gt;&lt;b&gt;&lt;/b&gt;&lt;b&gt;&lt;/b&gt;&lt;b&gt;&lt;/b&gt;&lt;b&gt;&lt;/b&gt;&lt;b&gt;&lt;/b&gt;&lt;b&gt;&lt;/b&gt;&lt;b&gt;&lt;/b&gt;&lt;b&gt;&lt;/b&gt;&lt;b&gt;&lt;/b&gt;&lt;b&gt;&lt;/b&gt;&lt;b&gt;&lt;/b&gt;&lt;b&gt;&lt;/b&gt;&lt;b&gt;&lt;/b&gt;&lt;b&gt;&lt;/b&gt;&lt;b&gt;&lt;/b&gt;&lt;b&gt;&lt;/b&gt;&lt;b&gt;&lt;/b&gt;&lt;b&gt;&lt;/b&gt;&lt;b&gt;&lt;/b&gt;&lt;b&gt;&lt;/b&gt;&lt;b&gt;&lt;/b&gt;&lt;b&gt;&lt;/b&gt;&lt;b&gt;&lt;/b&gt;&lt;b&gt;&lt;/b&gt;&lt;b&gt;&lt;/b&gt;&lt;b&gt;&lt;/b&gt;&lt;b&gt;&lt;/b&gt;&lt;b&gt;&lt;/b&gt;&lt;b&gt;&lt;/b&gt;&lt;b&gt;&lt;/b&gt;&lt;b&gt;&lt;br /&gt;&lt;a class=&quot;external&quot; href=&quot;https://www.deviantart.com/users/outgoing?http://forgepublishing.com/shop/&quot;&gt;ForgePublishing.com/shop&lt;/a&gt;&lt;br /&gt;&lt;br /&gt;&lt;br /&gt;.&lt;img src=&quot;https://e.deviantart.net/emoticons/b/bulletgreen.gif&quot; width=&quot;10&quot; height=&quot;10&quot; alt=&quot;:bulletgreen:&quot; data-embed-type=&quot;emoticon&quot; data-embed-id=&quot;209&quot; title=&quot;Bullet; Green&quot;/&gt; &lt;b&gt;A big thanks to my Patrons for supporting my work! &lt;img src=&quot;https://e.deviantart.net/emoticons/s/smile.gif&quot; width=&quot;15&quot; height=&quot;15&quot; alt=&quot;:)&quot; data-embed-type=&quot;emoticon&quot; data-embed-id=&quot;391&quot; title=&quot;:) (Smile)&quot;/&gt; For time-lapses, WIP&#039;s and other goodies ---please check out my Patreon.&lt;/b&gt;&lt;b&gt;&lt;/b&gt;&lt;b&gt;&lt;/b&gt;&lt;b&gt;&lt;/b&gt;&lt;b&gt;&lt;/b&gt;&lt;b&gt;&lt;/b&gt;&lt;b&gt;&lt;/b&gt;&lt;b&gt;&lt;/b&gt;&lt;b&gt;&lt;/b&gt;&lt;b&gt;&lt;/b&gt;&lt;b&gt;&lt;/b&gt;&lt;b&gt;&lt;/b&gt;&lt;b&gt;&lt;/b&gt;&lt;b&gt;&lt;/b&gt;&lt;b&gt;&lt;/b&gt;&lt;b&gt;&lt;/b&gt;&lt;b&gt;&lt;/b&gt;&lt;b&gt;&lt;/b&gt;&lt;b&gt;&lt;/b&gt;&lt;b&gt;&lt;/b&gt;&lt;b&gt;&lt;/b&gt;&lt;b&gt;&lt;/b&gt;&lt;b&gt;&lt;/b&gt;&lt;b&gt;&lt;/b&gt;&lt;b&gt;&lt;/b&gt;&lt;b&gt;&lt;/b&gt;&lt;b&gt;&lt;/b&gt;&lt;b&gt;&lt;/b&gt;&lt;b&gt;&lt;/b&gt;&lt;b&gt;&lt;/b&gt;&lt;b&gt;&lt;/b&gt;&lt;b&gt;&lt;/b&gt;&lt;b&gt;&lt;/b&gt;&lt;b&gt;&lt;/b&gt;&lt;b&gt;&lt;/b&gt;&lt;b&gt;&lt;/b&gt;&lt;b&gt;&lt;/b&gt;&lt;b&gt;&lt;/b&gt;&lt;b&gt;&lt;/b&gt;&lt;b&gt;&lt;/b&gt;&lt;b&gt;&lt;/b&gt;&lt;b&gt;&lt;/b&gt;&lt;b&gt;&lt;/b&gt;&lt;b&gt;&lt;/b&gt;&lt;b&gt;&lt;/b&gt;&lt;b&gt;&lt;/b&gt;&lt;b&gt;&lt;/b&gt;&lt;b&gt;&lt;/b&gt;&lt;b&gt;&lt;/b&gt;&lt;b&gt;&lt;/b&gt;&lt;b&gt;&lt;/b&gt;&lt;b&gt;&lt;/b&gt;&lt;b&gt;&lt;/b&gt;&lt;b&gt;&lt;/b&gt;&lt;b&gt;&lt;/b&gt;&lt;b&gt;&lt;/b&gt;&lt;b&gt;&lt;/b&gt;&lt;b&gt;&lt;/b&gt;&lt;b&gt;&lt;/b&gt;&lt;b&gt;&lt;/b&gt;&lt;b&gt;&lt;/b&gt;&lt;b&gt;&lt;/b&gt;&lt;b&gt;&lt;/b&gt;&lt;b&gt;&lt;/b&gt;&lt;b&gt;&lt;/b&gt;&lt;b&gt;&lt;/b&gt;&lt;b&gt;&lt;/b&gt;&lt;b&gt;&lt;/b&gt;&lt;b&gt;&lt;/b&gt;&lt;b&gt;&lt;/b&gt;&lt;b&gt;&lt;/b&gt;&lt;b&gt;&lt;/b&gt;&lt;b&gt;&lt;/b&gt;&lt;b&gt;&lt;/b&gt;&lt;b&gt;&lt;/b&gt;&lt;b&gt;&lt;/b&gt;&lt;b&gt;&lt;/b&gt;&lt;b&gt;&lt;/b&gt;&lt;b&gt;&lt;/b&gt;&lt;b&gt;&lt;/b&gt;&lt;b&gt;&lt;/b&gt;&lt;b&gt;&lt;/b&gt;&lt;b&gt;&lt;/b&gt;&lt;b&gt;&lt;/b&gt;&lt;b&gt;&lt;/b&gt;&lt;b&gt;&lt;/b&gt;&lt;b&gt;&lt;/b&gt;&lt;b&gt;&lt;/b&gt;&lt;b&gt;&lt;/b&gt;&lt;b&gt;&lt;/b&gt;&lt;b&gt;&lt;/b&gt;&lt;b&gt;&lt;/b&gt;&lt;b&gt;&lt;/b&gt;&lt;b&gt;&lt;/b&gt;&lt;b&gt;&lt;/b&gt;&lt;b&gt;&lt;/b&gt;&lt;b&gt;&lt;/b&gt;&lt;b&gt;&lt;/b&gt;&lt;b&gt;&lt;/b&gt;&lt;b&gt;&lt;/b&gt;&lt;b&gt;&lt;/b&gt;&lt;b&gt;&lt;/b&gt;&lt;b&gt;&lt;/b&gt;&lt;b&gt;&lt;/b&gt;&lt;b&gt;&lt;/b&gt;&lt;b&gt;&lt;/b&gt;&lt;b&gt;&lt;/b&gt;&lt;b&gt;&lt;/b&gt;&lt;b&gt;&lt;/b&gt;&lt;b&gt;&lt;/b&gt;&lt;b&gt;&lt;/b&gt;&lt;b&gt;&lt;/b&gt;&lt;b&gt;&lt;/b&gt;&lt;b&gt;&lt;/b&gt;&lt;b&gt;&lt;/b&gt;&lt;b&gt;&lt;/b&gt;&lt;b&gt;&lt;/b&gt;&lt;b&gt;&lt;/b&gt;&lt;b&gt;&lt;/b&gt;&lt;b&gt;&lt;/b&gt;&lt;b&gt;&lt;/b&gt;&lt;b&gt;&lt;/b&gt;&lt;b&gt;&lt;/b&gt;&lt;b&gt;&lt;/b&gt;&lt;b&gt;&lt;/b&gt;&lt;b&gt;&lt;/b&gt;&lt;b&gt;&lt;/b&gt;&lt;b&gt;&lt;/b&gt;&lt;b&gt;&lt;/b&gt;&lt;b&gt;&lt;/b&gt;&lt;b&gt;&lt;/b&gt;&lt;b&gt;&lt;/b&gt;&lt;b&gt;&lt;/b&gt;&lt;b&gt;&lt;/b&gt;&lt;b&gt;&lt;/b&gt;&lt;b&gt;&lt;/b&gt;&lt;b&gt;&lt;/b&gt;&lt;b&gt;&lt;/b&gt;&lt;b&gt;&lt;/b&gt;&lt;b&gt;&lt;/b&gt;&lt;b&gt;&lt;/b&gt;&lt;b&gt;&lt;/b&gt;&lt;b&gt;&lt;/b&gt;&lt;b&gt;&lt;/b&gt;&lt;b&gt;&lt;/b&gt;&lt;b&gt;&lt;/b&gt;&lt;b&gt;&lt;/b&gt;&lt;b&gt;&lt;/b&gt;&lt;b&gt;&lt;/b&gt;&lt;b&gt;&lt;/b&gt;&lt;b&gt;&lt;/b&gt;&lt;b&gt;&lt;/b&gt;&lt;b&gt;&lt;/b&gt;&lt;b&gt;&lt;/b&gt;&lt;b&gt;&lt;/b&gt;&lt;b&gt;&lt;/b&gt;&lt;b&gt;&lt;/b&gt;&lt;b&gt;&lt;/b&gt;&lt;b&gt;&lt;/b&gt;&lt;b&gt;&lt;/b&gt;&lt;b&gt;&lt;/b&gt;&lt;b&gt;&lt;/b&gt;&lt;b&gt;&lt;/b&gt;&lt;b&gt;&lt;/b&gt;&lt;b&gt;&lt;/b&gt;&lt;b&gt;&lt;/b&gt;&lt;b&gt;&lt;/b&gt;&lt;b&gt;&lt;/b&gt;&lt;b&gt;&lt;/b&gt;&lt;b&gt;&lt;/b&gt;&lt;b&gt;&lt;/b&gt;&lt;b&gt;&lt;/b&gt;&lt;b&gt;&lt;/b&gt;&lt;b&gt;&lt;/b&gt;&lt;b&gt;&lt;/b&gt;&lt;b&gt;&lt;/b&gt;&lt;b&gt;&lt;/b&gt;&lt;b&gt;&lt;/b&gt;&lt;b&gt;&lt;/b&gt;&lt;b&gt;&lt;/b&gt;&lt;b&gt;&lt;/b&gt;&lt;b&gt;&lt;/b&gt;&lt;b&gt;&lt;/b&gt;&lt;b&gt;&lt;/b&gt;&lt;b&gt;&lt;/b&gt;&lt;b&gt;&lt;/b&gt;&lt;b&gt;&lt;/b&gt;&lt;b&gt;&lt;/b&gt;&lt;b&gt;&lt;/b&gt;&lt;b&gt;&lt;/b&gt;&lt;b&gt;&lt;/b&gt;&lt;b&gt;&lt;/b&gt;&lt;b&gt;&lt;/b&gt;&lt;b&gt;&lt;/b&gt;&lt;b&gt;&lt;/b&gt;&lt;b&gt;&lt;/b&gt;&lt;b&gt;&lt;/b&gt;&lt;b&gt;&lt;/b&gt;&lt;b&gt;&lt;/b&gt;&lt;b&gt;&lt;/b&gt;&lt;b&gt;&lt;/b&gt;&lt;b&gt;&lt;/b&gt;&lt;b&gt;&lt;/b&gt;&lt;b&gt;&lt;/b&gt;&lt;b&gt;&lt;/b&gt;&lt;b&gt;&lt;/b&gt;&lt;b&gt;&lt;/b&gt;&lt;b&gt;&lt;/b&gt;&lt;b&gt;&lt;/b&gt;&lt;b&gt;&lt;/b&gt;&lt;b&gt;&lt;/b&gt;&lt;b&gt;&lt;/b&gt;&lt;b&gt;&lt;/b&gt;&lt;b&gt;&lt;/b&gt;&lt;b&gt;&lt;/b&gt;&lt;b&gt;&lt;/b&gt;&lt;b&gt;&lt;/b&gt;&lt;b&gt;&lt;/b&gt;&lt;b&gt;&lt;/b&gt;&lt;b&gt;&lt;/b&gt;&lt;b&gt;&lt;/b&gt;&lt;b&gt;&lt;/b&gt;&lt;b&gt;&lt;/b&gt;&lt;b&gt;&lt;/b&gt;&lt;b&gt;&lt;/b&gt;&lt;b&gt;&lt;/b&gt;&lt;b&gt;&lt;/b&gt;&lt;b&gt;&lt;/b&gt;&lt;b&gt;&lt;/b&gt;&lt;b&gt;&lt;/b&gt;&lt;b&gt;&lt;/b&gt;&lt;b&gt;&lt;/b&gt;&lt;b&gt;&lt;/b&gt;&lt;b&gt;&lt;/b&gt;&lt;b&gt;&lt;/b&gt;&lt;b&gt;&lt;/b&gt;&lt;b&gt;&lt;/b&gt;&lt;b&gt;&lt;/b&gt;&lt;b&gt;&lt;/b&gt;&lt;b&gt;&lt;/b&gt;&lt;b&gt;&lt;/b&gt;&lt;b&gt;&lt;/b&gt;&lt;b&gt;&lt;/b&gt;&lt;b&gt;&lt;/b&gt;&lt;b&gt;&lt;/b&gt;&lt;b&gt;&lt;/b&gt;&lt;b&gt;&lt;/b&gt;&lt;b&gt;&lt;/b&gt;&lt;b&gt;&lt;/b&gt;&lt;b&gt;&lt;/b&gt;&lt;b&gt;&lt;/b&gt;&lt;b&gt;&lt;/b&gt;&lt;b&gt;&lt;/b&gt;&lt;b&gt;&lt;/b&gt;&lt;b&gt;&lt;/b&gt;&lt;b&gt;&lt;/b&gt;&lt;b&gt;&lt;/b&gt;&lt;b&gt;&lt;/b&gt;&lt;b&gt;&lt;/b&gt;&lt;b&gt;&lt;/b&gt;&lt;b&gt;&lt;/b&gt;&lt;b&gt;&lt;/b&gt;&lt;b&gt;&lt;/b&gt;&lt;b&gt;&lt;/b&gt;&lt;b&gt;&lt;/b&gt;&lt;b&gt;&lt;/b&gt;&lt;b&gt;&lt;/b&gt;&lt;b&gt;&lt;/b&gt;&lt;b&gt;&lt;/b&gt;&lt;b&gt;&lt;/b&gt;&lt;b&gt;&lt;/b&gt;&lt;b&gt;&lt;/b&gt;&lt;b&gt;&lt;/b&gt;&lt;b&gt;&lt;/b&gt;&lt;b&gt;&lt;/b&gt;&lt;b&gt;&lt;/b&gt;&lt;b&gt;&lt;/b&gt;&lt;b&gt;&lt;/b&gt;&lt;b&gt;&lt;/b&gt;&lt;b&gt;&lt;/b&gt;&lt;b&gt;&lt;/b&gt;&lt;b&gt;&lt;/b&gt;&lt;b&gt;&lt;/b&gt;&lt;b&gt;&lt;/b&gt;&lt;b&gt;&lt;/b&gt;&lt;b&gt;&lt;/b&gt;&lt;b&gt;&lt;/b&gt;&lt;b&gt;&lt;/b&gt;&lt;b&gt;&lt;/b&gt;&lt;b&gt;&lt;/b&gt;&lt;b&gt;&lt;/b&gt;&lt;b&gt;&lt;/b&gt;&lt;b&gt;&lt;/b&gt;&lt;b&gt;&lt;/b&gt;&lt;b&gt;&lt;/b&gt;&lt;b&gt;&lt;/b&gt;&lt;b&gt;&lt;/b&gt;&lt;b&gt;&lt;/b&gt;&lt;b&gt;&lt;/b&gt;&lt;b&gt;&lt;/b&gt;&lt;b&gt;&lt;/b&gt;&lt;b&gt;&lt;/b&gt;&lt;b&gt;&lt;/b&gt;&lt;b&gt;&lt;/b&gt;&lt;b&gt;&lt;/b&gt;&lt;b&gt;&lt;/b&gt;&lt;b&gt;&lt;/b&gt;&lt;b&gt;&lt;/b&gt;&lt;b&gt;&lt;/b&gt;&lt;b&gt;&lt;/b&gt;&lt;b&gt;&lt;/b&gt;&lt;b&gt;&lt;/b&gt;&lt;b&gt;&lt;/b&gt;&lt;b&gt;&lt;/b&gt;&lt;b&gt;&lt;/b&gt;&lt;b&gt;&lt;/b&gt;&lt;b&gt;&lt;/b&gt;&lt;b&gt;&lt;/b&gt;&lt;b&gt;&lt;/b&gt;&lt;b&gt;&lt;/b&gt;&lt;b&gt;&lt;/b&gt;&lt;b&gt;&lt;/b&gt;&lt;b&gt;&lt;/b&gt;&lt;b&gt;&lt;/b&gt;&lt;b&gt;&lt;/b&gt;&lt;b&gt;&lt;/b&gt;&lt;b&gt;&lt;/b&gt;&lt;b&gt;&lt;/b&gt;&lt;b&gt;&lt;/b&gt;&lt;b&gt;&lt;/b&gt;&lt;b&gt;&lt;/b&gt;&lt;b&gt;&lt;/b&gt;&lt;b&gt;&lt;/b&gt;&lt;b&gt;&lt;/b&gt;&lt;b&gt;&lt;/b&gt;&lt;b&gt;&lt;/b&gt;&lt;b&gt;&lt;/b&gt;&lt;b&gt;&lt;/b&gt;&lt;b&gt;&lt;/b&gt;&lt;b&gt;&lt;/b&gt;&lt;b&gt;&lt;/b&gt;&lt;b&gt;&lt;/b&gt;&lt;b&gt;&lt;/b&gt;&lt;b&gt;&lt;/b&gt;&lt;b&gt;&lt;/b&gt;&lt;b&gt;&lt;/b&gt;&lt;b&gt;&lt;/b&gt;&lt;b&gt;&lt;/b&gt;&lt;b&gt;&lt;/b&gt;&lt;b&gt;&lt;/b&gt;&lt;b&gt;&lt;/b&gt;&lt;b&gt;&lt;/b&gt;&lt;b&gt;&lt;/b&gt;&lt;b&gt;&lt;/b&gt;&lt;b&gt;&lt;/b&gt;&lt;b&gt;&lt;/b&gt;&lt;b&gt;&lt;/b&gt;&lt;b&gt;&lt;/b&gt;&lt;b&gt;&lt;/b&gt;&lt;b&gt;&lt;/b&gt;&lt;b&gt;&lt;/b&gt;&lt;b&gt;&lt;/b&gt;&lt;b&gt;&lt;/b&gt;&lt;b&gt;&lt;/b&gt;&lt;b&gt;&lt;/b&gt;&lt;b&gt;&lt;/b&gt;&lt;b&gt;&lt;/b&gt;&lt;b&gt;&lt;/b&gt;&lt;b&gt;&lt;/b&gt;&lt;b&gt;&lt;/b&gt;&lt;b&gt;&lt;/b&gt;&lt;b&gt;&lt;/b&gt;&lt;b&gt;&lt;/b&gt;&lt;b&gt;&lt;/b&gt;&lt;b&gt;&lt;/b&gt;&lt;b&gt;&lt;/b&gt;&lt;b&gt;&lt;/b&gt;&lt;b&gt;&lt;/b&gt;&lt;b&gt;&lt;/b&gt;&lt;b&gt;&lt;/b&gt;&lt;b&gt;&lt;/b&gt;&lt;b&gt;&lt;/b&gt;&lt;b&gt;&lt;/b&gt;&lt;b&gt;&lt;/b&gt;&lt;b&gt;&lt;/b&gt;&lt;b&gt;&lt;/b&gt;&lt;b&gt;&lt;/b&gt;&lt;b&gt;&lt;/b&gt;&lt;b&gt;&lt;/b&gt;&lt;b&gt;&lt;/b&gt;&lt;b&gt;&lt;/b&gt;&lt;b&gt;&lt;/b&gt;&lt;b&gt;&lt;/b&gt;&lt;b&gt;&lt;/b&gt;&lt;b&gt;&lt;/b&gt;&lt;b&gt;&lt;/b&gt;&lt;b&gt;&lt;/b&gt;&lt;b&gt;&lt;/b&gt;&lt;b&gt;&lt;/b&gt;&lt;b&gt;&lt;/b&gt;&lt;b&gt;&lt;/b&gt;&lt;b&gt;&lt;/b&gt;&lt;b&gt;&lt;/b&gt;&lt;b&gt;&lt;/b&gt;&lt;b&gt;&lt;/b&gt;&lt;b&gt;&lt;/b&gt;&lt;b&gt;&lt;/b&gt;&lt;b&gt;&lt;/b&gt;&lt;b&gt;&lt;/b&gt;&lt;b&gt;&lt;/b&gt;&lt;b&gt;&lt;/b&gt;&lt;b&gt;&lt;/b&gt;&lt;b&gt;&lt;/b&gt;&lt;b&gt;&lt;/b&gt;&lt;b&gt;&lt;/b&gt;&lt;b&gt;&lt;/b&gt;&lt;b&gt;&lt;/b&gt;&lt;b&gt;&lt;/b&gt;&lt;b&gt;&lt;/b&gt;&lt;b&gt;&lt;/b&gt;&lt;b&gt;&lt;/b&gt;&lt;b&gt;&lt;/b&gt;&lt;b&gt;&lt;/b&gt;&lt;b&gt;&lt;/b&gt;&lt;b&gt;&lt;/b&gt;&lt;b&gt;&lt;/b&gt;&lt;b&gt;&lt;/b&gt;&lt;b&gt;&lt;/b&gt;&lt;b&gt;&lt;/b&gt;&lt;b&gt;&lt;/b&gt;&lt;b&gt;&lt;/b&gt;&lt;b&gt;&lt;/b&gt;&lt;b&gt;&lt;/b&gt;&lt;b&gt;&lt;/b&gt;&lt;b&gt;&lt;/b&gt;&lt;b&gt;&lt;/b&gt;&lt;b&gt;&lt;/b&gt;&lt;b&gt;&lt;/b&gt;&lt;b&gt;&lt;/b&gt;&lt;b&gt;&lt;/b&gt;&lt;b&gt;&lt;/b&gt;&lt;b&gt;&lt;/b&gt;&lt;b&gt;&lt;/b&gt;&lt;b&gt;&lt;/b&gt;&lt;b&gt;&lt;/b&gt;&lt;b&gt;&lt;/b&gt;&lt;b&gt;&lt;/b&gt;&lt;b&gt;&lt;/b&gt;&lt;b&gt;&lt;/b&gt;&lt;b&gt;&lt;/b&gt;&lt;b&gt;&lt;/b&gt;&lt;b&gt;&lt;/b&gt;&lt;b&gt;&lt;/b&gt;&lt;b&gt;&lt;/b&gt;&lt;b&gt;&lt;/b&gt;&lt;b&gt;&lt;/b&gt;&lt;b&gt;&lt;/b&gt;&lt;b&gt;&lt;/b&gt;&lt;b&gt;&lt;/b&gt;&lt;b&gt;&lt;/b&gt;&lt;b&gt;&lt;/b&gt;&lt;b&gt;&lt;/b&gt;&lt;b&gt;&lt;/b&gt;&lt;b&gt;&lt;/b&gt;&lt;b&gt;&lt;/b&gt;&lt;b&gt;&lt;/b&gt;&lt;b&gt;&lt;/b&gt;&lt;b&gt;&lt;/b&gt;&lt;b&gt;&lt;/b&gt;&lt;b&gt;&lt;/b&gt;&lt;b&gt;&lt;/b&gt;&lt;b&gt;&lt;/b&gt;&lt;b&gt;&lt;/b&gt;&lt;b&gt;&lt;/b&gt;&lt;b&gt;&lt;/b&gt;&lt;b&gt;&lt;/b&gt;&lt;b&gt;&lt;/b&gt;&lt;b&gt;&lt;/b&gt;&lt;b&gt;&lt;/b&gt;&lt;b&gt;&lt;/b&gt;&lt;b&gt;&lt;/b&gt;&lt;b&gt;&lt;/b&gt;&lt;b&gt;&lt;/b&gt;&lt;b&gt;&lt;/b&gt;&lt;b&gt;&lt;/b&gt;&lt;b&gt;&lt;/b&gt;&lt;b&gt;&lt;/b&gt;&lt;b&gt;&lt;br /&gt;&lt;a class=&quot;external&quot; href=&quot;https://www.deviantart.com/users/outgoing?https://www.patreon.com/user?u=457132&amp;amp;ty=c&quot;&gt;Patreon&lt;/a&gt;&lt;br /&gt;&lt;img src=&quot;https://e.deviantart.net/emoticons/b/bulletgreen.gif&quot; width=&quot;10&quot; height=&quot;10&quot; alt=&quot;:bulletgreen:&quot; data-embed-type=&quot;emoticon&quot; data-embed-id=&quot;209&quot; title=&quot;Bullet; Green&quot;/&gt; &lt;b&gt;Other sites to follow my work&lt;/b&gt;&lt;b&gt;&lt;/b&gt;&lt;b&gt;&lt;/b&gt;&lt;b&gt;&lt;/b&gt;&lt;b&gt;&lt;/b&gt;&lt;b&gt;&lt;/b&gt;&lt;b&gt;&lt;/b&gt;&lt;b&gt;&lt;/b&gt;&lt;b&gt;&lt;/b&gt;&lt;b&gt;&lt;/b&gt;&lt;b&gt;&lt;/b&gt;&lt;b&gt;&lt;/b&gt;&lt;b&gt;&lt;/b&gt;&lt;b&gt;&lt;/b&gt;&lt;b&gt;&lt;/b&gt;&lt;b&gt;&lt;/b&gt;&lt;b&gt;&lt;/b&gt;&lt;b&gt;&lt;/b&gt;&lt;b&gt;&lt;/b&gt;&lt;b&gt;&lt;/b&gt;&lt;b&gt;&lt;/b&gt;&lt;b&gt;&lt;/b&gt;&lt;b&gt;&lt;/b&gt;&lt;b&gt;&lt;/b&gt;&lt;b&gt;&lt;/b&gt;&lt;b&gt;&lt;/b&gt;&lt;b&gt;&lt;/b&gt;&lt;b&gt;&lt;/b&gt;&lt;b&gt;&lt;/b&gt;&lt;b&gt;&lt;/b&gt;&lt;b&gt;&lt;/b&gt;&lt;b&gt;&lt;/b&gt;&lt;b&gt;&lt;/b&gt;&lt;b&gt;&lt;/b&gt;&lt;b&gt;&lt;/b&gt;&lt;b&gt;&lt;/b&gt;&lt;b&gt;&lt;/b&gt;&lt;b&gt;&lt;/b&gt;&lt;b&gt;&lt;/b&gt;&lt;b&gt;&lt;/b&gt;&lt;b&gt;&lt;/b&gt;&lt;b&gt;&lt;/b&gt;&lt;b&gt;&lt;/b&gt;&lt;b&gt;&lt;/b&gt;&lt;b&gt;&lt;/b&gt;&lt;b&gt;&lt;/b&gt;&lt;b&gt;&lt;/b&gt;&lt;b&gt;&lt;/b&gt;&lt;b&gt;&lt;/b&gt;&lt;b&gt;&lt;/b&gt;&lt;b&gt;&lt;/b&gt;&lt;b&gt;&lt;/b&gt;&lt;b&gt;&lt;/b&gt;&lt;b&gt;&lt;/b&gt;&lt;b&gt;&lt;/b&gt;&lt;b&gt;&lt;/b&gt;&lt;b&gt;&lt;/b&gt;&lt;b&gt;&lt;/b&gt;&lt;b&gt;&lt;/b&gt;&lt;b&gt;&lt;/b&gt;&lt;b&gt;&lt;/b&gt;&lt;b&gt;&lt;/b&gt;&lt;b&gt;&lt;/b&gt;&lt;b&gt;&lt;/b&gt;&lt;b&gt;&lt;/b&gt;&lt;b&gt;&lt;/b&gt;&lt;b&gt;&lt;/b&gt;&lt;b&gt;&lt;/b&gt;&lt;b&gt;&lt;/b&gt;&lt;b&gt;&lt;/b&gt;&lt;b&gt;&lt;/b&gt;&lt;b&gt;&lt;/b&gt;&lt;b&gt;&lt;/b&gt;&lt;b&gt;&lt;/b&gt;&lt;b&gt;&lt;/b&gt;&lt;b&gt;&lt;/b&gt;&lt;b&gt;&lt;/b&gt;&lt;b&gt;&lt;/b&gt;&lt;b&gt;&lt;/b&gt;&lt;b&gt;&lt;/b&gt;&lt;b&gt;&lt;/b&gt;&lt;b&gt;&lt;/b&gt;&lt;b&gt;&lt;/b&gt;&lt;b&gt;&lt;/b&gt;&lt;b&gt;&lt;/b&gt;&lt;b&gt;&lt;/b&gt;&lt;b&gt;&lt;/b&gt;&lt;b&gt;&lt;/b&gt;&lt;b&gt;&lt;/b&gt;&lt;b&gt;&lt;/b&gt;&lt;b&gt;&lt;/b&gt;&lt;b&gt;&lt;/b&gt;&lt;b&gt;&lt;/b&gt;&lt;b&gt;&lt;/b&gt;&lt;b&gt;&lt;/b&gt;&lt;b&gt;&lt;/b&gt;&lt;b&gt;&lt;/b&gt;&lt;b&gt;&lt;/b&gt;&lt;b&gt;&lt;/b&gt;&lt;b&gt;&lt;/b&gt;&lt;b&gt;&lt;/b&gt;&lt;b&gt;&lt;/b&gt;&lt;b&gt;&lt;/b&gt;&lt;b&gt;&lt;/b&gt;&lt;b&gt;&lt;/b&gt;&lt;b&gt;&lt;/b&gt;&lt;b&gt;&lt;/b&gt;&lt;b&gt;&lt;/b&gt;&lt;b&gt;&lt;/b&gt;&lt;b&gt;&lt;/b&gt;&lt;b&gt;&lt;/b&gt;&lt;b&gt;&lt;/b&gt;&lt;b&gt;&lt;/b&gt;&lt;b&gt;&lt;/b&gt;&lt;b&gt;&lt;/b&gt;&lt;b&gt;&lt;/b&gt;&lt;b&gt;&lt;/b&gt;&lt;b&gt;&lt;/b&gt;&lt;b&gt;&lt;/b&gt;&lt;b&gt;&lt;/b&gt;&lt;b&gt;&lt;/b&gt;&lt;b&gt;&lt;/b&gt;&lt;b&gt;&lt;/b&gt;&lt;b&gt;&lt;/b&gt;&lt;b&gt;&lt;/b&gt;&lt;b&gt;&lt;/b&gt;&lt;b&gt;&lt;/b&gt;&lt;b&gt;&lt;/b&gt;&lt;b&gt;&lt;/b&gt;&lt;b&gt;&lt;/b&gt;&lt;b&gt;&lt;/b&gt;&lt;b&gt;&lt;/b&gt;&lt;b&gt;&lt;/b&gt;&lt;b&gt;&lt;/b&gt;&lt;b&gt;&lt;/b&gt;&lt;b&gt;&lt;/b&gt;&lt;b&gt;&lt;/b&gt;&lt;b&gt;&lt;/b&gt;&lt;b&gt;&lt;/b&gt;&lt;b&gt;&lt;/b&gt;&lt;b&gt;&lt;/b&gt;&lt;b&gt;&lt;/b&gt;&lt;b&gt;&lt;/b&gt;&lt;b&gt;&lt;/b&gt;&lt;b&gt;&lt;/b&gt;&lt;b&gt;&lt;/b&gt;&lt;b&gt;&lt;/b&gt;&lt;b&gt;&lt;/b&gt;&lt;b&gt;&lt;/b&gt;&lt;b&gt;&lt;/b&gt;&lt;b&gt;&lt;/b&gt;&lt;b&gt;&lt;/b&gt;&lt;b&gt;&lt;/b&gt;&lt;b&gt;&lt;/b&gt;&lt;b&gt;&lt;/b&gt;&lt;b&gt;&lt;/b&gt;&lt;b&gt;&lt;/b&gt;&lt;b&gt;&lt;/b&gt;&lt;b&gt;&lt;/b&gt;&lt;b&gt;&lt;/b&gt;&lt;b&gt;&lt;/b&gt;&lt;b&gt;&lt;/b&gt;&lt;b&gt;&lt;/b&gt;&lt;b&gt;&lt;/b&gt;&lt;b&gt;&lt;/b&gt;&lt;b&gt;&lt;/b&gt;&lt;b&gt;&lt;/b&gt;&lt;b&gt;&lt;/b&gt;&lt;b&gt;&lt;/b&gt;&lt;b&gt;&lt;/b&gt;&lt;b&gt;&lt;/b&gt;&lt;b&gt;&lt;/b&gt;&lt;b&gt;&lt;/b&gt;&lt;b&gt;&lt;/b&gt;&lt;b&gt;&lt;/b&gt;&lt;b&gt;&lt;/b&gt;&lt;b&gt;&lt;/b&gt;&lt;b&gt;&lt;/b&gt;&lt;b&gt;&lt;/b&gt;&lt;b&gt;&lt;/b&gt;&lt;b&gt;&lt;/b&gt;&lt;b&gt;&lt;/b&gt;&lt;b&gt;&lt;/b&gt;&lt;b&gt;&lt;/b&gt;&lt;b&gt;&lt;/b&gt;&lt;b&gt;&lt;/b&gt;&lt;b&gt;&lt;/b&gt;&lt;b&gt;&lt;/b&gt;&lt;b&gt;&lt;/b&gt;&lt;b&gt;&lt;/b&gt;&lt;b&gt;&lt;/b&gt;&lt;b&gt;&lt;/b&gt;&lt;b&gt;&lt;/b&gt;&lt;b&gt;&lt;/b&gt;&lt;b&gt;&lt;/b&gt;&lt;b&gt;&lt;/b&gt;&lt;b&gt;&lt;/b&gt;&lt;b&gt;&lt;/b&gt;&lt;b&gt;&lt;/b&gt;&lt;b&gt;&lt;/b&gt;&lt;b&gt;&lt;/b&gt;&lt;b&gt;&lt;/b&gt;&lt;b&gt;&lt;/b&gt;&lt;b&gt;&lt;/b&gt;&lt;b&gt;&lt;/b&gt;&lt;b&gt;&lt;/b&gt;&lt;b&gt;&lt;/b&gt;&lt;b&gt;&lt;/b&gt;&lt;b&gt;&lt;/b&gt;&lt;b&gt;&lt;/b&gt;&lt;b&gt;&lt;/b&gt;&lt;b&gt;&lt;/b&gt;&lt;b&gt;&lt;/b&gt;&lt;b&gt;&lt;/b&gt;&lt;b&gt;&lt;/b&gt;&lt;b&gt;&lt;/b&gt;&lt;b&gt;&lt;/b&gt;&lt;b&gt;&lt;/b&gt;&lt;b&gt;&lt;/b&gt;&lt;b&gt;&lt;/b&gt;&lt;b&gt;&lt;/b&gt;&lt;b&gt;&lt;/b&gt;&lt;b&gt;&lt;/b&gt;&lt;b&gt;&lt;/b&gt;&lt;b&gt;&lt;/b&gt;&lt;b&gt;&lt;/b&gt;&lt;b&gt;&lt;/b&gt;&lt;b&gt;&lt;/b&gt;&lt;b&gt;&lt;/b&gt;&lt;b&gt;&lt;/b&gt;&lt;b&gt;&lt;/b&gt;&lt;b&gt;&lt;/b&gt;&lt;b&gt;&lt;/b&gt;&lt;b&gt;&lt;/b&gt;&lt;b&gt;&lt;/b&gt;&lt;b&gt;&lt;/b&gt;&lt;b&gt;&lt;/b&gt;&lt;b&gt;&lt;/b&gt;&lt;b&gt;&lt;/b&gt;&lt;b&gt;&lt;/b&gt;&lt;b&gt;&lt;/b&gt;&lt;b&gt;&lt;/b&gt;&lt;b&gt;&lt;/b&gt;&lt;b&gt;&lt;/b&gt;&lt;b&gt;&lt;/b&gt;&lt;b&gt;&lt;/b&gt;&lt;b&gt;&lt;/b&gt;&lt;b&gt;&lt;/b&gt;&lt;b&gt;&lt;/b&gt;&lt;b&gt;&lt;/b&gt;&lt;b&gt;&lt;/b&gt;&lt;b&gt;&lt;/b&gt;&lt;b&gt;&lt;/b&gt;&lt;b&gt;&lt;/b&gt;&lt;b&gt;&lt;/b&gt;&lt;b&gt;&lt;/b&gt;&lt;b&gt;&lt;/b&gt;&lt;b&gt;&lt;/b&gt;&lt;b&gt;&lt;/b&gt;&lt;b&gt;&lt;/b&gt;&lt;b&gt;&lt;/b&gt;&lt;b&gt;&lt;/b&gt;&lt;b&gt;&lt;/b&gt;&lt;b&gt;&lt;/b&gt;&lt;b&gt;&lt;/b&gt;&lt;b&gt;&lt;/b&gt;&lt;b&gt;&lt;/b&gt;&lt;b&gt;&lt;/b&gt;&lt;b&gt;&lt;/b&gt;&lt;b&gt;&lt;/b&gt;&lt;b&gt;&lt;/b&gt;&lt;b&gt;&lt;/b&gt;&lt;b&gt;&lt;/b&gt;&lt;b&gt;&lt;/b&gt;&lt;b&gt;&lt;/b&gt;&lt;b&gt;&lt;/b&gt;&lt;b&gt;&lt;/b&gt;&lt;b&gt;&lt;/b&gt;&lt;b&gt;&lt;/b&gt;&lt;b&gt;&lt;/b&gt;&lt;b&gt;&lt;/b&gt;&lt;b&gt;&lt;/b&gt;&lt;b&gt;&lt;/b&gt;&lt;b&gt;&lt;/b&gt;&lt;b&gt;&lt;/b&gt;&lt;b&gt;&lt;/b&gt;&lt;b&gt;&lt;/b&gt;&lt;b&gt;&lt;/b&gt;&lt;b&gt;&lt;/b&gt;&lt;b&gt;&lt;/b&gt;&lt;b&gt;&lt;/b&gt;&lt;b&gt;&lt;/b&gt;&lt;b&gt;&lt;/b&gt;&lt;b&gt;&lt;/b&gt;&lt;b&gt;&lt;/b&gt;&lt;b&gt;&lt;/b&gt;&lt;b&gt;&lt;/b&gt;&lt;b&gt;&lt;/b&gt;&lt;b&gt;&lt;/b&gt;&lt;b&gt;&lt;/b&gt;&lt;b&gt;&lt;/b&gt;&lt;b&gt;&lt;/b&gt;&lt;b&gt;&lt;/b&gt;&lt;b&gt;&lt;/b&gt;&lt;b&gt;&lt;/b&gt;&lt;b&gt;&lt;/b&gt;&lt;b&gt;&lt;/b&gt;&lt;b&gt;&lt;/b&gt;&lt;b&gt;&lt;/b&gt;&lt;b&gt;&lt;/b&gt;&lt;b&gt;&lt;/b&gt;&lt;b&gt;&lt;/b&gt;&lt;b&gt;&lt;/b&gt;&lt;b&gt;&lt;/b&gt;&lt;b&gt;&lt;/b&gt;&lt;b&gt;&lt;/b&gt;&lt;b&gt;&lt;/b&gt;&lt;b&gt;&lt;/b&gt;&lt;b&gt;&lt;/b&gt;&lt;b&gt;&lt;/b&gt;&lt;b&gt;&lt;/b&gt;&lt;b&gt;&lt;/b&gt;&lt;b&gt;&lt;/b&gt;&lt;b&gt;&lt;/b&gt;&lt;b&gt;&lt;/b&gt;&lt;b&gt;&lt;/b&gt;&lt;b&gt;&lt;/b&gt;&lt;b&gt;&lt;/b&gt;&lt;b&gt;&lt;/b&gt;&lt;b&gt;&lt;/b&gt;&lt;b&gt;&lt;/b&gt;&lt;b&gt;&lt;/b&gt;&lt;b&gt;&lt;/b&gt;&lt;b&gt;&lt;/b&gt;&lt;b&gt;&lt;/b&gt;&lt;b&gt;&lt;/b&gt;&lt;b&gt;&lt;/b&gt;&lt;b&gt;&lt;/b&gt;&lt;b&gt;&lt;/b&gt;&lt;b&gt;&lt;/b&gt;&lt;b&gt;&lt;/b&gt;&lt;b&gt;&lt;/b&gt;&lt;b&gt;&lt;/b&gt;&lt;b&gt;&lt;/b&gt;&lt;b&gt;&lt;/b&gt;&lt;b&gt;&lt;/b&gt;&lt;b&gt;&lt;/b&gt;&lt;b&gt;&lt;/b&gt;&lt;b&gt;&lt;/b&gt;&lt;b&gt;&lt;/b&gt;&lt;b&gt;&lt;/b&gt;&lt;b&gt;&lt;/b&gt;&lt;b&gt;&lt;/b&gt;&lt;b&gt;&lt;/b&gt;&lt;b&gt;&lt;/b&gt;&lt;b&gt;&lt;/b&gt;&lt;b&gt;&lt;/b&gt;&lt;b&gt;&lt;/b&gt;&lt;b&gt;&lt;/b&gt;&lt;b&gt;&lt;/b&gt;&lt;b&gt;&lt;/b&gt;&lt;b&gt;&lt;/b&gt;&lt;b&gt;&lt;/b&gt;&lt;b&gt;&lt;/b&gt;&lt;b&gt;&lt;/b&gt;&lt;b&gt;&lt;/b&gt;&lt;b&gt;&lt;/b&gt;&lt;b&gt;&lt;/b&gt;&lt;b&gt;&lt;/b&gt;&lt;b&gt;&lt;/b&gt;&lt;b&gt;&lt;/b&gt;&lt;b&gt;&lt;/b&gt;&lt;b&gt;&lt;/b&gt;&lt;b&gt;&lt;/b&gt;&lt;b&gt;&lt;/b&gt;&lt;b&gt;&lt;/b&gt;&lt;b&gt;&lt;/b&gt;&lt;b&gt;&lt;/b&gt;&lt;b&gt;&lt;/b&gt;&lt;b&gt;&lt;/b&gt;&lt;b&gt;&lt;/b&gt;&lt;b&gt;&lt;/b&gt;&lt;b&gt;&lt;/b&gt;&lt;b&gt;&lt;/b&gt;&lt;b&gt;&lt;/b&gt;&lt;b&gt;&lt;/b&gt;&lt;b&gt;&lt;/b&gt;&lt;b&gt;&lt;/b&gt;&lt;b&gt;&lt;/b&gt;&lt;b&gt;&lt;/b&gt;&lt;b&gt;&lt;/b&gt;&lt;b&gt;&lt;/b&gt;&lt;b&gt;&lt;/b&gt;&lt;b&gt;&lt;/b&gt;&lt;b&gt;&lt;/b&gt;&lt;b&gt;&lt;/b&gt;&lt;b&gt;&lt;/b&gt;&lt;b&gt;&lt;/b&gt;&lt;b&gt;&lt;/b&gt;&lt;b&gt;&lt;/b&gt;&lt;b&gt;&lt;/b&gt;&lt;b&gt;&lt;/b&gt;&lt;b&gt;&lt;/b&gt;&lt;b&gt;&lt;/b&gt;&lt;b&gt;&lt;/b&gt;&lt;b&gt;&lt;/b&gt;&lt;b&gt;&lt;/b&gt;&lt;b&gt;&lt;/b&gt;&lt;b&gt;&lt;/b&gt;&lt;b&gt;&lt;/b&gt;&lt;b&gt;&lt;/b&gt;&lt;b&gt;&lt;/b&gt;&lt;b&gt;&lt;/b&gt;&lt;b&gt;&lt;/b&gt;&lt;b&gt;&lt;/b&gt;&lt;b&gt;&lt;/b&gt;&lt;b&gt;&lt;/b&gt;&lt;b&gt;&lt;/b&gt;&lt;b&gt;&lt;/b&gt;&lt;b&gt;&lt;/b&gt;&lt;b&gt;&lt;/b&gt;&lt;b&gt;&lt;/b&gt;&lt;b&gt;&lt;/b&gt;&lt;b&gt;&lt;/b&gt;&lt;b&gt;&lt;/b&gt;&lt;b&gt;&lt;/b&gt;&lt;b&gt;&lt;/b&gt;&lt;b&gt;&lt;/b&gt;&lt;b&gt;&lt;/b&gt;&lt;b&gt;&lt;/b&gt;&lt;b&gt;&lt;/b&gt;&lt;b&gt;&lt;/b&gt;&lt;b&gt;&lt;/b&gt;&lt;b&gt;&lt;/b&gt;&lt;b&gt;&lt;/b&gt;&lt;b&gt;&lt;/b&gt;&lt;b&gt;&lt;/b&gt;&lt;b&gt;&lt;/b&gt;&lt;b&gt;&lt;/b&gt;&lt;b&gt;&lt;/b&gt;&lt;b&gt;&lt;/b&gt;&lt;b&gt;&lt;/b&gt;&lt;b&gt;&lt;/b&gt;&lt;b&gt;&lt;/b&gt;&lt;b&gt;&lt;/b&gt;&lt;b&gt;&lt;/b&gt;&lt;b&gt;&lt;/b&gt;&lt;b&gt;&lt;/b&gt;&lt;b&gt;&lt;/b&gt;&lt;b&gt;&lt;/b&gt;&lt;b&gt;&lt;/b&gt;&lt;b&gt;&lt;/b&gt;&lt;b&gt;&lt;/b&gt;&lt;b&gt;&lt;/b&gt;&lt;b&gt;&lt;/b&gt;&lt;b&gt;&lt;/b&gt;&lt;b&gt;&lt;/b&gt;&lt;b&gt;&lt;/b&gt;&lt;b&gt;&lt;/b&gt;&lt;b&gt;&lt;/b&gt;&lt;b&gt;&lt;/b&gt;&lt;b&gt;&lt;/b&gt;&lt;b&gt;&lt;/b&gt;&lt;b&gt;&lt;/b&gt;&lt;b&gt;&lt;/b&gt;&lt;b&gt;&lt;/b&gt;&lt;b&gt;&lt;/b&gt;&lt;b&gt;&lt;/b&gt;&lt;b&gt;&lt;/b&gt;&lt;b&gt;&lt;/b&gt;&lt;b&gt;&lt;/b&gt;&lt;b&gt;&lt;/b&gt;&lt;b&gt;&lt;/b&gt;&lt;b&gt;&lt;/b&gt;&lt;b&gt;&lt;/b&gt;&lt;b&gt;&lt;/b&gt;&lt;b&gt;&lt;/b&gt;&lt;b&gt;&lt;/b&gt;&lt;b&gt;&lt;/b&gt;&lt;b&gt;&lt;/b&gt;&lt;b&gt;&lt;/b&gt;&lt;b&gt;&lt;/b&gt;&lt;b&gt;&lt;/b&gt;&lt;b&gt;&lt;/b&gt;&lt;b&gt;&lt;/b&gt;&lt;b&gt;&lt;/b&gt;&lt;b&gt;&lt;/b&gt;&lt;b&gt;&lt;br /&gt;&lt;img src=&quot;https://e.deviantart.net/emoticons/f/facebook.gif&quot; width=&quot;16&quot; height=&quot;16&quot; alt=&quot;:facebook:&quot; data-embed-type=&quot;emoticon&quot; data-embed-id=&quot;616&quot; title=&quot;Facebook&quot;/&gt; &lt;a class=&quot;external&quot; href=&quot;https://www.deviantart.com/users/outgoing?https://www.facebook.com/CryptidCreations/timeline&quot;&gt;Facebook&lt;/a&gt;&lt;br /&gt;&lt;img src=&quot;https://e.deviantart.net/emoticons/t/twitter_2.gif&quot; width=&quot;16&quot; height=&quot;16&quot; alt=&quot;:twitter:&quot; data-embed-type=&quot;emoticon&quot; data-embed-id=&quot;614&quot; title=&quot;Twitter&quot;/&gt; &lt;a class=&quot;external&quot; href=&quot;https://www.deviantart.com/users/outgoing?https://twitter.com/Piper_Thibodeau&quot;&gt;Twitter&lt;/a&gt;&lt;br /&gt;&lt;img src=&quot;https://e.deviantart.net/emoticons/b/bulletgreen.gif&quot; width=&quot;10&quot; height=&quot;10&quot; alt=&quot;:bulletgreen:&quot; data-embed-type=&quot;emoticon&quot; data-embed-id=&quot;209&quot; title=&quot;Bullet; Green&quot;/&gt; For any business related inquiries please send me an e-mail at cryptidcreations@gmail.com&lt;br /&gt;&lt;/b&gt;&lt;/b&gt;&lt;/b&gt;&lt;br /&gt;&lt;div&gt;&lt;img src=&quot;https://t00.deviantart.net/vJGo9P2oRr3h4E7v_P9V3IiqAmo=/300x200/filters:fixed_height(100,100):origin()/pre00/4a1f/th/pre/f/2019/055/3/8/daily_paint_2287__goldfish_panning_by_cryptid_creations-dd0mx37.png&quot; alt=&quot;thumbnail&quot; /&gt;&lt;/div&gt;</description>            </item>
                    <item>
                <title>7/7 Illith</title>
                <link>https://kate-fox.deviantart.com/art/7-7-Illith-787198586</link>
                <guid isPermaLink="true">https://kate-fox.deviantart.com/art/7-7-Illith-787198586</guid>
                <pubDate>Mon, 25 Feb 2019 08:12:13 PST</pubDate>
                        <media:title type="plain">7/7 Illith</media:title>
        <media:keywords></media:keywords>
                        <media:rating>nonadult</media:rating>
                <media:category label="Other">digitalart/paintings/other</media:category>
        <media:credit role="author" scheme="urn:ebu">Kate-FoX</media:credit>
        <media:credit role="author" scheme="urn:ebu">https://a.deviantart.net/avatars/k/a/kate-fox.gif?12</media:credit>
        <media:copyright url="https://kate-fox.deviantart.com">Copyright 2019 Kate-FoX</media:copyright>            <media:description type="html">&lt;b&gt;&lt;img src=&quot;https://e.deviantart.net/emoticons/s/shamrock.gif&quot; alt=&quot;St. Patricks Day!&quot; style=&quot;width: 15px; height: 15px;&quot; data-embed-type=&quot;emoticon&quot; data-embed-id=&quot;449&quot;&gt; &lt;a class=&quot;external&quot; href=&quot;https://www.deviantart.com/users/outgoing?https://www.patreon.com/katefox&quot;&gt;&lt;b&gt;Patreon&lt;/b&gt;&lt;/a&gt; &lt;img src=&quot;https://e.deviantart.net/emoticons/s/shamrock.gif&quot; alt=&quot;St. Patricks Day!&quot; style=&quot;width: 15px; height: 15px;&quot; data-embed-type=&quot;emoticon&quot; data-embed-id=&quot;449&quot;&gt;&amp;nbsp;&lt;a class=&quot;external&quot; href=&quot;https://www.deviantart.com/users/outgoing?https://www.artstation.com/artist/Kate-FoX&quot;&gt;ArtStation&lt;/a&gt; &lt;img src=&quot;https://e.deviantart.net/emoticons/s/shamrock.gif&quot; alt=&quot;St. Patricks Day!&quot; style=&quot;width: 15px; height: 15px;&quot; data-embed-type=&quot;emoticon&quot; data-embed-id=&quot;449&quot;&gt;&amp;nbsp;&lt;a class=&quot;external&quot; href=&quot;https://www.deviantart.com/users/outgoing?https://katefoxart.tumblr.com/&quot;&gt;Tumblr&lt;/a&gt;&amp;nbsp;&lt;img src=&quot;https://e.deviantart.net/emoticons/s/shamrock.gif&quot; alt=&quot;St. Patricks Day!&quot; style=&quot;width: 15px; height: 15px;&quot; data-embed-type=&quot;emoticon&quot; data-embed-id=&quot;449&quot;&gt;&amp;nbsp; &lt;a class=&quot;external&quot; href=&quot;https://www.deviantart.com/users/outgoing?https://vk.com/whisper_of_a_ninetailed&quot;&gt;VK&lt;/a&gt;&amp;nbsp;&lt;img src=&quot;https://e.deviantart.net/emoticons/s/shamrock.gif&quot; alt=&quot;St. Patricks Day!&quot; style=&quot;width: 15px; height: 15px;&quot; data-embed-type=&quot;emoticon&quot; data-embed-id=&quot;449&quot;&gt; &lt;a class=&quot;external&quot; href=&quot;https://www.deviantart.com/users/outgoing?https://www.facebook.com/katherinesoloveva&quot;&gt;FB&lt;/a&gt;&lt;/b&gt;&lt;b&gt; &lt;img src=&quot;https://e.deviantart.net/emoticons/s/shamrock.gif&quot; alt=&quot;St. Patricks Day!&quot; style=&quot;width: 15px; height: 15px;&quot; data-embed-type=&quot;emoticon&quot; data-embed-id=&quot;449&quot;&gt;&lt;/b&gt; &lt;a class=&quot;external&quot; href=&quot;https://www.deviantart.com/users/outgoing?https://www.instagram.com/kate_fox_art/&quot;&gt;Instagram&lt;/a&gt;&lt;b&gt; &lt;img src=&quot;https://e.deviantart.net/emoticons/s/shamrock.gif&quot; alt=&quot;St. Patricks Day!&quot; style=&quot;width: 15px; height: 15px;&quot; data-embed-type=&quot;emoticon&quot; data-embed-id=&quot;449&quot;&gt;&lt;/b&gt;&lt;b&gt; &lt;a class=&quot;external&quot; href=&quot;https://www.deviantart.com/users/outgoing?https://gumroad.com/kate_fox&quot;&gt;Gumroad&lt;/a&gt;&lt;/b&gt;&lt;b&gt; &lt;img src=&quot;https://e.deviantart.net/emoticons/s/shamrock.gif&quot; alt=&quot;St. Patricks Day!&quot; style=&quot;width: 15px; height: 15px;&quot; data-embed-type=&quot;emoticon&quot; data-embed-id=&quot;449&quot;&gt;&lt;/b&gt;&lt;div&gt;&lt;span&gt;&lt;p&gt;&lt;strong&gt;&lt;strong&gt;Music:&amp;nbsp;DEADLIFE - Letting Go Of Distress&lt;/strong&gt; &lt;/strong&gt;&lt;br /&gt;&lt;span&gt;&lt;b&gt;My &quot;original&quot;&amp;nbsp; character:&lt;br /&gt;&lt;span class=&quot;shadow-holder&quot; data-embed-type=&quot;deviation&quot; data-embed-id=&quot;761062780&quot; data-embed-format=&quot;thumb&quot;&gt;&lt;span class=&quot;shadow mild&quot; &gt;&lt;a class=&quot;thumb&quot; href=&quot;https://www.deviantart.com/kate-fox/art/Higher-vampires-761062780&quot; title=&quot;Higher vampires by Kate-FoX, Aug 25, 2018 in Digital Art &amp;gt; Drawings &amp;amp; Paintings &amp;gt; Other&quot;data-super-img=&quot;https://images-wixmp-ed30a86b8c4ca887773594c2.wixmp.com/intermediary/f/34ad5fb9-5141-4c02-b1a2-4dc460019e7b/dcl47ss-33e06ee6-6fac-4b54-ba1e-7e8277e3fe0f.jpg/v1/fill/w_1344,h_595,q_70,strp/higher_vampires_by_kate_fox_dcl47ss-pre.jpg&quot; data-super-width=&quot;1344&quot; data-super-height=&quot;595&quot; data-super-transparent=&quot;false&quot; data-super-alt=&quot;Higher vampires by Kate-FoX&quot; data-super-full-img=&quot;https://images-wixmp-ed30a86b8c4ca887773594c2.wixmp.com/intermediary/f/34ad5fb9-5141-4c02-b1a2-4dc460019e7b/dcl47ss-33e06ee6-6fac-4b54-ba1e-7e8277e3fe0f.jpg&quot; data-super-full-width=&quot;2258&quot; data-super-full-height=&quot;1000&quot;        data-sigil=&quot;thumb&quot;&gt;
        &lt;i&gt;&lt;/i&gt;&lt;img   width=&quot;150&quot; height=&quot;66&quot; alt=&quot;Higher vampires by Kate-FoX&quot; src=&quot;https://images-wixmp-ed30a86b8c4ca887773594c2.wixmp.com/intermediary/f/34ad5fb9-5141-4c02-b1a2-4dc460019e7b/dcl47ss-33e06ee6-6fac-4b54-ba1e-7e8277e3fe0f.jpg/v1/fit/w_150,h_150,q_70,strp/higher_vampires_by_kate_fox_dcl47ss-150.jpg&quot; data-src=&quot;https://images-wixmp-ed30a86b8c4ca887773594c2.wixmp.com/intermediary/f/34ad5fb9-5141-4c02-b1a2-4dc460019e7b/dcl47ss-33e06ee6-6fac-4b54-ba1e-7e8277e3fe0f.jpg/v1/fit/w_150,h_150,q_70,strp/higher_vampires_by_kate_fox_dcl47ss-150.jpg&quot; srcset=&quot;https://images-wixmp-ed30a86b8c4ca887773594c2.wixmp.com/intermediary/f/34ad5fb9-5141-4c02-b1a2-4dc460019e7b/dcl47ss-33e06ee6-6fac-4b54-ba1e-7e8277e3fe0f.jpg/v1/fit/w_150,h_150,q_70,strp/higher_vampires_by_kate_fox_dcl47ss-150.jpg 150w,https://images-wixmp-ed30a86b8c4ca887773594c2.wixmp.com/intermediary/f/34ad5fb9-5141-4c02-b1a2-4dc460019e7b/dcl47ss-33e06ee6-6fac-4b54-ba1e-7e8277e3fe0f.jpg/v1/fill/w_500,h_221,q_70,strp/higher_vampires_by_kate_fox_dcl47ss-250t.jpg 500w,https://images-wixmp-ed30a86b8c4ca887773594c2.wixmp.com/intermediary/f/34ad5fb9-5141-4c02-b1a2-4dc460019e7b/dcl47ss-33e06ee6-6fac-4b54-ba1e-7e8277e3fe0f.jpg/v1/fill/w_700,h_310,q_70,strp/higher_vampires_by_kate_fox_dcl47ss-350t.jpg 700w,https://images-wixmp-ed30a86b8c4ca887773594c2.wixmp.com/intermediary/f/34ad5fb9-5141-4c02-b1a2-4dc460019e7b/dcl47ss-33e06ee6-6fac-4b54-ba1e-7e8277e3fe0f.jpg/v1/fill/w_800,h_354,q_70,strp/higher_vampires_by_kate_fox_dcl47ss-400t.jpg 800w,https://images-wixmp-ed30a86b8c4ca887773594c2.wixmp.com/intermediary/f/34ad5fb9-5141-4c02-b1a2-4dc460019e7b/dcl47ss-33e06ee6-6fac-4b54-ba1e-7e8277e3fe0f.jpg/v1/fill/w_1344,h_595,q_70,strp/higher_vampires_by_kate_fox_dcl47ss-pre.jpg 1344w&quot; sizes=&quot;150px&quot;&gt;&lt;/a&gt;&lt;/span&gt;&lt;!-- ^TTT --&gt;&lt;!-- TTT$ --&gt;&lt;/span&gt;&lt;br /&gt;&lt;/b&gt;&lt;/span&gt;&lt;br /&gt;&lt;/p&gt;&lt;/span&gt;&lt;span&gt;&lt;/span&gt;&lt;span&gt;&lt;/span&gt;&lt;/div&gt;&lt;b&gt;&lt;span&gt;&lt;span&gt;&lt;/span&gt;&lt;/span&gt;&lt;/b&gt;&lt;span&gt;&lt;/span&gt;&lt;p&gt;&lt;span&gt;Hey! &lt;span&gt;&lt;span&gt;If&lt;/span&gt; &lt;span&gt;you&lt;/span&gt; &lt;span&gt;like&lt;/span&gt; &lt;span&gt;my work&lt;/span&gt;&lt;span&gt;:&lt;/span&gt;&lt;/span&gt;&lt;br /&gt;Watch me: &lt;a href=&quot;https://kate-fox.deviantart.com/&quot;&gt;kate-fox.deviantart.com/ &lt;/a&gt;&lt;/span&gt;&lt;br /&gt;&lt;span&gt;&lt;span&gt;&lt;a class=&quot;external&quot; href=&quot;https://www.deviantart.com/users/outgoing?https://www.artstation.com/kate-fox&quot;&gt;www.artstation.com/kate-fox&lt;/a&gt;&lt;br /&gt;&lt;/span&gt;Support me: &lt;b&gt;&lt;a class=&quot;external&quot; href=&quot;https://www.deviantart.com/users/outgoing?https://www.patreon.com/katefox&quot;&gt;&lt;b&gt;Patreon&lt;/b&gt;&lt;/a&gt; &lt;/b&gt;&lt;b&gt;&lt;br /&gt;or&lt;br /&gt;&lt;a class=&quot;external&quot; href=&quot;https://www.deviantart.com/users/outgoing?https://ko-fi.com/V7V35LXL&quot;&gt;Buy Me a Coffee&lt;/a&gt;&lt;/b&gt;&lt;/span&gt;&lt;b&gt;&lt;br /&gt;&lt;/b&gt;&lt;/p&gt;&lt;span&gt;&lt;/span&gt;&lt;h3&gt;&lt;a href=&quot;https://www.deviantart.com/users/outgoing?https://www.patreon.com/katefox&quot;&gt;&lt;b&gt;&lt;br /&gt;&lt;/b&gt;&lt;span&gt;&lt;/span&gt;&lt;/a&gt;&lt;/h3&gt;&lt;h3&gt;&lt;a class=&quot;external&quot; href=&quot;https://www.deviantart.com/users/outgoing?https://www.patreon.com/katefox&quot;&gt;&lt;b&gt;High Resolution, PSD-file, GIF and JPEG files with steps are available through my patreon!&lt;/b&gt;&lt;/a&gt;&lt;/h3&gt; &lt;span class=&quot;shadow-holder&quot; data-embed-type=&quot;deviation&quot; data-embed-id=&quot;777586822&quot; data-embed-format=&quot;thumb&quot;&gt;&lt;span class=&quot;shadow mild&quot; &gt;&lt;a class=&quot;thumb&quot; href=&quot;https://www.deviantart.com/kate-fox/art/2-7-Vicfrid-Webster-777586822&quot; title=&quot;2/7 Vicfrid Webster by Kate-FoX, Dec 21, 2018 in Digital Art &amp;gt; Drawings &amp;amp; Paintings &amp;gt; Other&quot;data-super-img=&quot;https://images-wixmp-ed30a86b8c4ca887773594c2.wixmp.com/intermediary/f/34ad5fb9-5141-4c02-b1a2-4dc460019e7b/dcuydty-12d9a9a9-e168-470e-b00c-ece5947c58a4.jpg/v1/fill/w_752,h_1063,q_70,strp/2_7_vicfrid_webster_by_kate_fox_dcuydty-pre.jpg&quot; data-super-width=&quot;752&quot; data-super-height=&quot;1063&quot; data-super-transparent=&quot;false&quot; data-super-alt=&quot;2/7 Vicfrid Webster by Kate-FoX&quot; data-super-full-img=&quot;https://images-wixmp-ed30a86b8c4ca887773594c2.wixmp.com/intermediary/f/34ad5fb9-5141-4c02-b1a2-4dc460019e7b/dcuydty-12d9a9a9-e168-470e-b00c-ece5947c58a4.jpg&quot; data-super-full-width=&quot;900&quot; data-super-full-height=&quot;1273&quot;        data-sigil=&quot;thumb&quot;&gt;
        &lt;i&gt;&lt;/i&gt;&lt;img   width=&quot;106&quot; height=&quot;150&quot; alt=&quot;2/7 Vicfrid Webster by Kate-FoX&quot; src=&quot;https://images-wixmp-ed30a86b8c4ca887773594c2.wixmp.com/intermediary/f/34ad5fb9-5141-4c02-b1a2-4dc460019e7b/dcuydty-12d9a9a9-e168-470e-b00c-ece5947c58a4.jpg/v1/fit/w_150,h_150,q_70,strp/2_7_vicfrid_webster_by_kate_fox_dcuydty-150.jpg&quot; data-src=&quot;https://images-wixmp-ed30a86b8c4ca887773594c2.wixmp.com/intermediary/f/34ad5fb9-5141-4c02-b1a2-4dc460019e7b/dcuydty-12d9a9a9-e168-470e-b00c-ece5947c58a4.jpg/v1/fit/w_150,h_150,q_70,strp/2_7_vicfrid_webster_by_kate_fox_dcuydty-150.jpg&quot; srcset=&quot;https://images-wixmp-ed30a86b8c4ca887773594c2.wixmp.com/intermediary/f/34ad5fb9-5141-4c02-b1a2-4dc460019e7b/dcuydty-12d9a9a9-e168-470e-b00c-ece5947c58a4.jpg/v1/fit/w_150,h_150,q_70,strp/2_7_vicfrid_webster_by_kate_fox_dcuydty-150.jpg 106w,https://images-wixmp-ed30a86b8c4ca887773594c2.wixmp.com/intermediary/f/34ad5fb9-5141-4c02-b1a2-4dc460019e7b/dcuydty-12d9a9a9-e168-470e-b00c-ece5947c58a4.jpg/v1/fill/w_177,h_250,q_70,strp/2_7_vicfrid_webster_by_kate_fox_dcuydty-250t.jpg 177w,https://images-wixmp-ed30a86b8c4ca887773594c2.wixmp.com/intermediary/f/34ad5fb9-5141-4c02-b1a2-4dc460019e7b/dcuydty-12d9a9a9-e168-470e-b00c-ece5947c58a4.jpg/v1/crop/w_247,h_350,x_0,y_0,scl_0.27555555555556,q_70,strp/2_7_vicfrid_webster_by_kate_fox_dcuydty-350t.jpg 247w,https://images-wixmp-ed30a86b8c4ca887773594c2.wixmp.com/intermediary/f/34ad5fb9-5141-4c02-b1a2-4dc460019e7b/dcuydty-12d9a9a9-e168-470e-b00c-ece5947c58a4.jpg/v1/fill/w_283,h_400,q_70,strp/2_7_vicfrid_webster_by_kate_fox_dcuydty-400t.jpg 283w,https://images-wixmp-ed30a86b8c4ca887773594c2.wixmp.com/intermediary/f/34ad5fb9-5141-4c02-b1a2-4dc460019e7b/dcuydty-12d9a9a9-e168-470e-b00c-ece5947c58a4.jpg/v1/fill/w_752,h_1063,q_70,strp/2_7_vicfrid_webster_by_kate_fox_dcuydty-pre.jpg 752w&quot; sizes=&quot;106px&quot;&gt;&lt;/a&gt;&lt;/span&gt;&lt;!-- ^TTT --&gt;&lt;!-- TTT$ --&gt;&lt;/span&gt; &lt;span class=&quot;shadow-holder&quot; data-embed-type=&quot;deviation&quot; data-embed-id=&quot;779989351&quot; data-embed-format=&quot;thumb&quot;&gt;&lt;span class=&quot;shadow mild&quot; &gt;&lt;a class=&quot;thumb&quot; href=&quot;https://www.deviantart.com/kate-fox/art/3-7-Victoria-Webster-779989351&quot; title=&quot;3/7 Victoria Webster by Kate-FoX, Jan 6, 2019 in Digital Art &amp;gt; Drawings &amp;amp; Paintings &amp;gt; Other&quot;data-super-img=&quot;https://images-wixmp-ed30a86b8c4ca887773594c2.wixmp.com/intermediary/f/34ad5fb9-5141-4c02-b1a2-4dc460019e7b/dcwdvmv-66e99831-e128-4b60-822f-519c08423064.jpg/v1/fill/w_752,h_1063,q_70,strp/3_7_victoria_webster_by_kate_fox_dcwdvmv-pre.jpg&quot; data-super-width=&quot;752&quot; data-super-height=&quot;1063&quot; data-super-transparent=&quot;false&quot; data-super-alt=&quot;3/7 Victoria Webster by Kate-FoX&quot; data-super-full-img=&quot;https://images-wixmp-ed30a86b8c4ca887773594c2.wixmp.com/intermediary/f/34ad5fb9-5141-4c02-b1a2-4dc460019e7b/dcwdvmv-66e99831-e128-4b60-822f-519c08423064.jpg&quot; data-super-full-width=&quot;900&quot; data-super-full-height=&quot;1273&quot;        data-sigil=&quot;thumb&quot;&gt;
        &lt;i&gt;&lt;/i&gt;&lt;img   width=&quot;106&quot; height=&quot;150&quot; alt=&quot;3/7 Victoria Webster by Kate-FoX&quot; src=&quot;https://images-wixmp-ed30a86b8c4ca887773594c2.wixmp.com/intermediary/f/34ad5fb9-5141-4c02-b1a2-4dc460019e7b/dcwdvmv-66e99831-e128-4b60-822f-519c08423064.jpg/v1/fit/w_150,h_150,q_70,strp/3_7_victoria_webster_by_kate_fox_dcwdvmv-150.jpg&quot; data-src=&quot;https://images-wixmp-ed30a86b8c4ca887773594c2.wixmp.com/intermediary/f/34ad5fb9-5141-4c02-b1a2-4dc460019e7b/dcwdvmv-66e99831-e128-4b60-822f-519c08423064.jpg/v1/fit/w_150,h_150,q_70,strp/3_7_victoria_webster_by_kate_fox_dcwdvmv-150.jpg&quot; srcset=&quot;https://images-wixmp-ed30a86b8c4ca887773594c2.wixmp.com/intermediary/f/34ad5fb9-5141-4c02-b1a2-4dc460019e7b/dcwdvmv-66e99831-e128-4b60-822f-519c08423064.jpg/v1/fit/w_150,h_150,q_70,strp/3_7_victoria_webster_by_kate_fox_dcwdvmv-150.jpg 106w,https://images-wixmp-ed30a86b8c4ca887773594c2.wixmp.com/intermediary/f/34ad5fb9-5141-4c02-b1a2-4dc460019e7b/dcwdvmv-66e99831-e128-4b60-822f-519c08423064.jpg/v1/fill/w_177,h_250,q_70,strp/3_7_victoria_webster_by_kate_fox_dcwdvmv-250t.jpg 177w,https://images-wixmp-ed30a86b8c4ca887773594c2.wixmp.com/intermediary/f/34ad5fb9-5141-4c02-b1a2-4dc460019e7b/dcwdvmv-66e99831-e128-4b60-822f-519c08423064.jpg/v1/crop/w_247,h_350,x_0,y_0,scl_0.27555555555556,q_70,strp/3_7_victoria_webster_by_kate_fox_dcwdvmv-350t.jpg 247w,https://images-wixmp-ed30a86b8c4ca887773594c2.wixmp.com/intermediary/f/34ad5fb9-5141-4c02-b1a2-4dc460019e7b/dcwdvmv-66e99831-e128-4b60-822f-519c08423064.jpg/v1/fill/w_283,h_400,q_70,strp/3_7_victoria_webster_by_kate_fox_dcwdvmv-400t.jpg 283w,https://images-wixmp-ed30a86b8c4ca887773594c2.wixmp.com/intermediary/f/34ad5fb9-5141-4c02-b1a2-4dc460019e7b/dcwdvmv-66e99831-e128-4b60-822f-519c08423064.jpg/v1/fill/w_752,h_1063,q_70,strp/3_7_victoria_webster_by_kate_fox_dcwdvmv-pre.jpg 752w&quot; sizes=&quot;106px&quot;&gt;&lt;/a&gt;&lt;/span&gt;&lt;!-- ^TTT --&gt;&lt;!-- TTT$ --&gt;&lt;/span&gt; &lt;span class=&quot;shadow-holder&quot; data-embed-type=&quot;deviation&quot; data-embed-id=&quot;782132588&quot; data-embed-format=&quot;thumb&quot;&gt;&lt;span class=&quot;shadow mild&quot; &gt;&lt;a class=&quot;thumb&quot; href=&quot;https://www.deviantart.com/kate-fox/art/4-7-Ferens-Gregory-Clive-782132588&quot; title=&quot;4/7 Ferens Gregory Clive by Kate-FoX, Jan 21, 2019 in Digital Art &amp;gt; Drawings &amp;amp; Paintings &amp;gt; Other&quot;data-super-img=&quot;https://images-wixmp-ed30a86b8c4ca887773594c2.wixmp.com/intermediary/f/34ad5fb9-5141-4c02-b1a2-4dc460019e7b/dcxntd8-c9128f80-9786-4e33-a44d-a65bd61a15e0.jpg/v1/fill/w_752,h_1063,q_70,strp/4_7_ferens_gregory_clive_by_kate_fox_dcxntd8-pre.jpg&quot; data-super-width=&quot;752&quot; data-super-height=&quot;1063&quot; data-super-transparent=&quot;false&quot; data-super-alt=&quot;4/7 Ferens Gregory Clive by Kate-FoX&quot; data-super-full-img=&quot;https://images-wixmp-ed30a86b8c4ca887773594c2.wixmp.com/intermediary/f/34ad5fb9-5141-4c02-b1a2-4dc460019e7b/dcxntd8-c9128f80-9786-4e33-a44d-a65bd61a15e0.jpg&quot; data-super-full-width=&quot;900&quot; data-super-full-height=&quot;1273&quot;        data-sigil=&quot;thumb&quot;&gt;
        &lt;i&gt;&lt;/i&gt;&lt;img   width=&quot;106&quot; height=&quot;150&quot; alt=&quot;4/7 Ferens Gregory Clive by Kate-FoX&quot; src=&quot;https://images-wixmp-ed30a86b8c4ca887773594c2.wixmp.com/intermediary/f/34ad5fb9-5141-4c02-b1a2-4dc460019e7b/dcxntd8-c9128f80-9786-4e33-a44d-a65bd61a15e0.jpg/v1/fit/w_150,h_150,q_70,strp/4_7_ferens_gregory_clive_by_kate_fox_dcxntd8-150.jpg&quot; data-src=&quot;https://images-wixmp-ed30a86b8c4ca887773594c2.wixmp.com/intermediary/f/34ad5fb9-5141-4c02-b1a2-4dc460019e7b/dcxntd8-c9128f80-9786-4e33-a44d-a65bd61a15e0.jpg/v1/fit/w_150,h_150,q_70,strp/4_7_ferens_gregory_clive_by_kate_fox_dcxntd8-150.jpg&quot; srcset=&quot;https://images-wixmp-ed30a86b8c4ca887773594c2.wixmp.com/intermediary/f/34ad5fb9-5141-4c02-b1a2-4dc460019e7b/dcxntd8-c9128f80-9786-4e33-a44d-a65bd61a15e0.jpg/v1/fit/w_150,h_150,q_70,strp/4_7_ferens_gregory_clive_by_kate_fox_dcxntd8-150.jpg 106w,https://images-wixmp-ed30a86b8c4ca887773594c2.wixmp.com/intermediary/f/34ad5fb9-5141-4c02-b1a2-4dc460019e7b/dcxntd8-c9128f80-9786-4e33-a44d-a65bd61a15e0.jpg/v1/fill/w_177,h_250,q_70,strp/4_7_ferens_gregory_clive_by_kate_fox_dcxntd8-250t.jpg 177w,https://images-wixmp-ed30a86b8c4ca887773594c2.wixmp.com/intermediary/f/34ad5fb9-5141-4c02-b1a2-4dc460019e7b/dcxntd8-c9128f80-9786-4e33-a44d-a65bd61a15e0.jpg/v1/crop/w_247,h_350,x_0,y_0,scl_0.27555555555556,q_70,strp/4_7_ferens_gregory_clive_by_kate_fox_dcxntd8-350t.jpg 247w,https://images-wixmp-ed30a86b8c4ca887773594c2.wixmp.com/intermediary/f/34ad5fb9-5141-4c02-b1a2-4dc460019e7b/dcxntd8-c9128f80-9786-4e33-a44d-a65bd61a15e0.jpg/v1/fill/w_283,h_400,q_70,strp/4_7_ferens_gregory_clive_by_kate_fox_dcxntd8-400t.jpg 283w,https://images-wixmp-ed30a86b8c4ca887773594c2.wixmp.com/intermediary/f/34ad5fb9-5141-4c02-b1a2-4dc460019e7b/dcxntd8-c9128f80-9786-4e33-a44d-a65bd61a15e0.jpg/v1/fill/w_752,h_1063,q_70,strp/4_7_ferens_gregory_clive_by_kate_fox_dcxntd8-pre.jpg 752w&quot; sizes=&quot;106px&quot;&gt;&lt;/a&gt;&lt;/span&gt;&lt;!-- ^TTT --&gt;&lt;!-- TTT$ --&gt;&lt;/span&gt; &lt;span class=&quot;shadow-holder&quot; data-embed-type=&quot;deviation&quot; data-embed-id=&quot;783560367&quot; data-embed-format=&quot;thumb&quot;&gt;&lt;span class=&quot;shadow mild&quot; &gt;&lt;a class=&quot;thumb&quot; href=&quot;https://www.deviantart.com/kate-fox/art/5-7-Borgella-Redley-783560367&quot; title=&quot;5/7 Borgella Redley by Kate-FoX, Jan 31, 2019 in Digital Art &amp;gt; Drawings &amp;amp; Paintings &amp;gt; Other&quot;data-super-img=&quot;https://images-wixmp-ed30a86b8c4ca887773594c2.wixmp.com/intermediary/f/34ad5fb9-5141-4c02-b1a2-4dc460019e7b/dcyif1r-8c343724-e26a-4cbc-bea3-94d04c7d5bc3.jpg/v1/fill/w_752,h_1063,q_70,strp/5_7_borgella_redley_by_kate_fox_dcyif1r-pre.jpg&quot; data-super-width=&quot;752&quot; data-super-height=&quot;1063&quot; data-super-transparent=&quot;false&quot; data-super-alt=&quot;5/7 Borgella Redley by Kate-FoX&quot; data-super-full-img=&quot;https://images-wixmp-ed30a86b8c4ca887773594c2.wixmp.com/intermediary/f/34ad5fb9-5141-4c02-b1a2-4dc460019e7b/dcyif1r-8c343724-e26a-4cbc-bea3-94d04c7d5bc3.jpg&quot; data-super-full-width=&quot;900&quot; data-super-full-height=&quot;1273&quot;        data-sigil=&quot;thumb&quot;&gt;
        &lt;i&gt;&lt;/i&gt;&lt;img   width=&quot;106&quot; height=&quot;150&quot; alt=&quot;5/7 Borgella Redley by Kate-FoX&quot; src=&quot;https://images-wixmp-ed30a86b8c4ca887773594c2.wixmp.com/intermediary/f/34ad5fb9-5141-4c02-b1a2-4dc460019e7b/dcyif1r-8c343724-e26a-4cbc-bea3-94d04c7d5bc3.jpg/v1/fit/w_150,h_150,q_70,strp/5_7_borgella_redley_by_kate_fox_dcyif1r-150.jpg&quot; data-src=&quot;https://images-wixmp-ed30a86b8c4ca887773594c2.wixmp.com/intermediary/f/34ad5fb9-5141-4c02-b1a2-4dc460019e7b/dcyif1r-8c343724-e26a-4cbc-bea3-94d04c7d5bc3.jpg/v1/fit/w_150,h_150,q_70,strp/5_7_borgella_redley_by_kate_fox_dcyif1r-150.jpg&quot; srcset=&quot;https://images-wixmp-ed30a86b8c4ca887773594c2.wixmp.com/intermediary/f/34ad5fb9-5141-4c02-b1a2-4dc460019e7b/dcyif1r-8c343724-e26a-4cbc-bea3-94d04c7d5bc3.jpg/v1/fit/w_150,h_150,q_70,strp/5_7_borgella_redley_by_kate_fox_dcyif1r-150.jpg 106w,https://images-wixmp-ed30a86b8c4ca887773594c2.wixmp.com/intermediary/f/34ad5fb9-5141-4c02-b1a2-4dc460019e7b/dcyif1r-8c343724-e26a-4cbc-bea3-94d04c7d5bc3.jpg/v1/fill/w_177,h_250,q_70,strp/5_7_borgella_redley_by_kate_fox_dcyif1r-250t.jpg 177w,https://images-wixmp-ed30a86b8c4ca887773594c2.wixmp.com/intermediary/f/34ad5fb9-5141-4c02-b1a2-4dc460019e7b/dcyif1r-8c343724-e26a-4cbc-bea3-94d04c7d5bc3.jpg/v1/crop/w_247,h_350,x_0,y_0,scl_0.27555555555556,q_70,strp/5_7_borgella_redley_by_kate_fox_dcyif1r-350t.jpg 247w,https://images-wixmp-ed30a86b8c4ca887773594c2.wixmp.com/intermediary/f/34ad5fb9-5141-4c02-b1a2-4dc460019e7b/dcyif1r-8c343724-e26a-4cbc-bea3-94d04c7d5bc3.jpg/v1/fill/w_283,h_400,q_70,strp/5_7_borgella_redley_by_kate_fox_dcyif1r-400t.jpg 283w,https://images-wixmp-ed30a86b8c4ca887773594c2.wixmp.com/intermediary/f/34ad5fb9-5141-4c02-b1a2-4dc460019e7b/dcyif1r-8c343724-e26a-4cbc-bea3-94d04c7d5bc3.jpg/v1/fill/w_752,h_1063,q_70,strp/5_7_borgella_redley_by_kate_fox_dcyif1r-pre.jpg 752w&quot; sizes=&quot;106px&quot;&gt;&lt;/a&gt;&lt;/span&gt;&lt;!-- ^TTT --&gt;&lt;!-- TTT$ --&gt;&lt;/span&gt; &lt;span class=&quot;shadow-holder&quot; data-embed-type=&quot;deviation&quot; data-embed-id=&quot;785729625&quot; data-embed-format=&quot;thumb&quot;&gt;&lt;span class=&quot;shadow mild&quot; &gt;&lt;a class=&quot;thumb&quot; href=&quot;https://www.deviantart.com/kate-fox/art/6-7-Fabian-Phelim-785729625&quot; title=&quot;6/7 Fabian Phelim by Kate-FoX, Feb 15, 2019 in Digital Art &amp;gt; Drawings &amp;amp; Paintings &amp;gt; Other&quot;data-super-img=&quot;https://images-wixmp-ed30a86b8c4ca887773594c2.wixmp.com/intermediary/f/34ad5fb9-5141-4c02-b1a2-4dc460019e7b/dczswux-0727e275-0027-4dd5-9f9e-fe9bb3195279.jpg/v1/fill/w_752,h_1063,q_70,strp/6_7_fabian_phelim_by_kate_fox_dczswux-pre.jpg&quot; data-super-width=&quot;752&quot; data-super-height=&quot;1063&quot; data-super-transparent=&quot;false&quot; data-super-alt=&quot;6/7 Fabian Phelim by Kate-FoX&quot; data-super-full-img=&quot;https://images-wixmp-ed30a86b8c4ca887773594c2.wixmp.com/intermediary/f/34ad5fb9-5141-4c02-b1a2-4dc460019e7b/dczswux-0727e275-0027-4dd5-9f9e-fe9bb3195279.jpg&quot; data-super-full-width=&quot;900&quot; data-super-full-height=&quot;1273&quot;        data-sigil=&quot;thumb&quot;&gt;
        &lt;i&gt;&lt;/i&gt;&lt;img   width=&quot;106&quot; height=&quot;150&quot; alt=&quot;6/7 Fabian Phelim by Kate-FoX&quot; src=&quot;https://images-wixmp-ed30a86b8c4ca887773594c2.wixmp.com/intermediary/f/34ad5fb9-5141-4c02-b1a2-4dc460019e7b/dczswux-0727e275-0027-4dd5-9f9e-fe9bb3195279.jpg/v1/fit/w_150,h_150,q_70,strp/6_7_fabian_phelim_by_kate_fox_dczswux-150.jpg&quot; data-src=&quot;https://images-wixmp-ed30a86b8c4ca887773594c2.wixmp.com/intermediary/f/34ad5fb9-5141-4c02-b1a2-4dc460019e7b/dczswux-0727e275-0027-4dd5-9f9e-fe9bb3195279.jpg/v1/fit/w_150,h_150,q_70,strp/6_7_fabian_phelim_by_kate_fox_dczswux-150.jpg&quot; srcset=&quot;https://images-wixmp-ed30a86b8c4ca887773594c2.wixmp.com/intermediary/f/34ad5fb9-5141-4c02-b1a2-4dc460019e7b/dczswux-0727e275-0027-4dd5-9f9e-fe9bb3195279.jpg/v1/fit/w_150,h_150,q_70,strp/6_7_fabian_phelim_by_kate_fox_dczswux-150.jpg 106w,https://images-wixmp-ed30a86b8c4ca887773594c2.wixmp.com/intermediary/f/34ad5fb9-5141-4c02-b1a2-4dc460019e7b/dczswux-0727e275-0027-4dd5-9f9e-fe9bb3195279.jpg/v1/fill/w_177,h_250,q_70,strp/6_7_fabian_phelim_by_kate_fox_dczswux-250t.jpg 177w,https://images-wixmp-ed30a86b8c4ca887773594c2.wixmp.com/intermediary/f/34ad5fb9-5141-4c02-b1a2-4dc460019e7b/dczswux-0727e275-0027-4dd5-9f9e-fe9bb3195279.jpg/v1/crop/w_247,h_350,x_0,y_0,scl_0.27555555555556,q_70,strp/6_7_fabian_phelim_by_kate_fox_dczswux-350t.jpg 247w,https://images-wixmp-ed30a86b8c4ca887773594c2.wixmp.com/intermediary/f/34ad5fb9-5141-4c02-b1a2-4dc460019e7b/dczswux-0727e275-0027-4dd5-9f9e-fe9bb3195279.jpg/v1/fill/w_283,h_400,q_70,strp/6_7_fabian_phelim_by_kate_fox_dczswux-400t.jpg 283w,https://images-wixmp-ed30a86b8c4ca887773594c2.wixmp.com/intermediary/f/34ad5fb9-5141-4c02-b1a2-4dc460019e7b/dczswux-0727e275-0027-4dd5-9f9e-fe9bb3195279.jpg/v1/fill/w_752,h_1063,q_70,strp/6_7_fabian_phelim_by_kate_fox_dczswux-pre.jpg 752w&quot; sizes=&quot;106px&quot;&gt;&lt;/a&gt;&lt;/span&gt;&lt;!-- ^TTT --&gt;&lt;!-- TTT$ --&gt;&lt;/span&gt;</media:description>            <media:thumbnail url="https://t00.deviantart.net/plJEusTDC7IM0i-ofv8seNRfN9w=/fit-in/150x150/filters:no_upscale():origin()/pre00/a11b/th/pre/f/2019/056/4/8/48bcbae992359af4a25737ce45fb9784-dd0oebe.jpg" height="150" width="106"/>            <media:thumbnail url="https://t00.deviantart.net/WuhTplKjguWJEXHh2gEKR6bfCDc=/fit-in/300x900/filters:no_upscale():origin()/pre00/a11b/th/pre/f/2019/056/4/8/48bcbae992359af4a25737ce45fb9784-dd0oebe.jpg" height="424" width="300"/>            <media:thumbnail url="https://t00.deviantart.net/pT3oVFpW-OZk8Oix_90iHo12zDg=/300x200/filters:fixed_height(100,100):origin()/pre00/a11b/th/pre/f/2019/056/4/8/48bcbae992359af4a25737ce45fb9784-dd0oebe.jpg" height="200" width="141"/>            <media:content url="https://pre00.deviantart.net/a11b/th/pre/f/2019/056/4/8/48bcbae992359af4a25737ce45fb9784-dd0oebe.jpg" height="1063" width="752" medium="image"/>            
            <description>&lt;b&gt;&lt;img src=&quot;https://e.deviantart.net/emoticons/s/shamrock.gif&quot; alt=&quot;St. Patricks Day!&quot; style=&quot;width: 15px; height: 15px;&quot; data-embed-type=&quot;emoticon&quot; data-embed-id=&quot;449&quot;&gt; &lt;a class=&quot;external&quot; href=&quot;https://www.deviantart.com/users/outgoing?https://www.patreon.com/katefox&quot;&gt;&lt;b&gt;Patreon&lt;/b&gt;&lt;/a&gt; &lt;img src=&quot;https://e.deviantart.net/emoticons/s/shamrock.gif&quot; alt=&quot;St. Patricks Day!&quot; style=&quot;width: 15px; height: 15px;&quot; data-embed-type=&quot;emoticon&quot; data-embed-id=&quot;449&quot;&gt;&amp;nbsp;&lt;a class=&quot;external&quot; href=&quot;https://www.deviantart.com/users/outgoing?https://www.artstation.com/artist/Kate-FoX&quot;&gt;ArtStation&lt;/a&gt; &lt;img src=&quot;https://e.deviantart.net/emoticons/s/shamrock.gif&quot; alt=&quot;St. Patricks Day!&quot; style=&quot;width: 15px; height: 15px;&quot; data-embed-type=&quot;emoticon&quot; data-embed-id=&quot;449&quot;&gt;&amp;nbsp;&lt;a class=&quot;external&quot; href=&quot;https://www.deviantart.com/users/outgoing?https://katefoxart.tumblr.com/&quot;&gt;Tumblr&lt;/a&gt;&amp;nbsp;&lt;img src=&quot;https://e.deviantart.net/emoticons/s/shamrock.gif&quot; alt=&quot;St. Patricks Day!&quot; style=&quot;width: 15px; height: 15px;&quot; data-embed-type=&quot;emoticon&quot; data-embed-id=&quot;449&quot;&gt;&amp;nbsp; &lt;a class=&quot;external&quot; href=&quot;https://www.deviantart.com/users/outgoing?https://vk.com/whisper_of_a_ninetailed&quot;&gt;VK&lt;/a&gt;&amp;nbsp;&lt;img src=&quot;https://e.deviantart.net/emoticons/s/shamrock.gif&quot; alt=&quot;St. Patricks Day!&quot; style=&quot;width: 15px; height: 15px;&quot; data-embed-type=&quot;emoticon&quot; data-embed-id=&quot;449&quot;&gt; &lt;a class=&quot;external&quot; href=&quot;https://www.deviantart.com/users/outgoing?https://www.facebook.com/katherinesoloveva&quot;&gt;FB&lt;/a&gt;&lt;/b&gt;&lt;b&gt; &lt;img src=&quot;https://e.deviantart.net/emoticons/s/shamrock.gif&quot; alt=&quot;St. Patricks Day!&quot; style=&quot;width: 15px; height: 15px;&quot; data-embed-type=&quot;emoticon&quot; data-embed-id=&quot;449&quot;&gt;&lt;/b&gt; &lt;a class=&quot;external&quot; href=&quot;https://www.deviantart.com/users/outgoing?https://www.instagram.com/kate_fox_art/&quot;&gt;Instagram&lt;/a&gt;&lt;b&gt; &lt;img src=&quot;https://e.deviantart.net/emoticons/s/shamrock.gif&quot; alt=&quot;St. Patricks Day!&quot; style=&quot;width: 15px; height: 15px;&quot; data-embed-type=&quot;emoticon&quot; data-embed-id=&quot;449&quot;&gt;&lt;/b&gt;&lt;b&gt; &lt;a class=&quot;external&quot; href=&quot;https://www.deviantart.com/users/outgoing?https://gumroad.com/kate_fox&quot;&gt;Gumroad&lt;/a&gt;&lt;/b&gt;&lt;b&gt; &lt;img src=&quot;https://e.deviantart.net/emoticons/s/shamrock.gif&quot; alt=&quot;St. Patricks Day!&quot; style=&quot;width: 15px; height: 15px;&quot; data-embed-type=&quot;emoticon&quot; data-embed-id=&quot;449&quot;&gt;&lt;/b&gt;&lt;div&gt;&lt;span&gt;&lt;p&gt;&lt;strong&gt;&lt;strong&gt;Music:&amp;nbsp;DEADLIFE - Letting Go Of Distress&lt;/strong&gt; &lt;/strong&gt;&lt;br /&gt;&lt;span&gt;&lt;b&gt;My &quot;original&quot;&amp;nbsp; character:&lt;br /&gt;&lt;span class=&quot;shadow-holder&quot; data-embed-type=&quot;deviation&quot; data-embed-id=&quot;761062780&quot; data-embed-format=&quot;thumb&quot;&gt;&lt;span class=&quot;shadow mild&quot; &gt;&lt;a class=&quot;thumb&quot; href=&quot;https://www.deviantart.com/kate-fox/art/Higher-vampires-761062780&quot; title=&quot;Higher vampires by Kate-FoX, Aug 25, 2018 in Digital Art &amp;gt; Drawings &amp;amp; Paintings &amp;gt; Other&quot;data-super-img=&quot;https://images-wixmp-ed30a86b8c4ca887773594c2.wixmp.com/intermediary/f/34ad5fb9-5141-4c02-b1a2-4dc460019e7b/dcl47ss-33e06ee6-6fac-4b54-ba1e-7e8277e3fe0f.jpg/v1/fill/w_1344,h_595,q_70,strp/higher_vampires_by_kate_fox_dcl47ss-pre.jpg&quot; data-super-width=&quot;1344&quot; data-super-height=&quot;595&quot; data-super-transparent=&quot;false&quot; data-super-alt=&quot;Higher vampires by Kate-FoX&quot; data-super-full-img=&quot;https://images-wixmp-ed30a86b8c4ca887773594c2.wixmp.com/intermediary/f/34ad5fb9-5141-4c02-b1a2-4dc460019e7b/dcl47ss-33e06ee6-6fac-4b54-ba1e-7e8277e3fe0f.jpg&quot; data-super-full-width=&quot;2258&quot; data-super-full-height=&quot;1000&quot;        data-sigil=&quot;thumb&quot;&gt;
        &lt;i&gt;&lt;/i&gt;&lt;img   width=&quot;150&quot; height=&quot;66&quot; alt=&quot;Higher vampires by Kate-FoX&quot; src=&quot;https://images-wixmp-ed30a86b8c4ca887773594c2.wixmp.com/intermediary/f/34ad5fb9-5141-4c02-b1a2-4dc460019e7b/dcl47ss-33e06ee6-6fac-4b54-ba1e-7e8277e3fe0f.jpg/v1/fit/w_150,h_150,q_70,strp/higher_vampires_by_kate_fox_dcl47ss-150.jpg&quot; data-src=&quot;https://images-wixmp-ed30a86b8c4ca887773594c2.wixmp.com/intermediary/f/34ad5fb9-5141-4c02-b1a2-4dc460019e7b/dcl47ss-33e06ee6-6fac-4b54-ba1e-7e8277e3fe0f.jpg/v1/fit/w_150,h_150,q_70,strp/higher_vampires_by_kate_fox_dcl47ss-150.jpg&quot; srcset=&quot;https://images-wixmp-ed30a86b8c4ca887773594c2.wixmp.com/intermediary/f/34ad5fb9-5141-4c02-b1a2-4dc460019e7b/dcl47ss-33e06ee6-6fac-4b54-ba1e-7e8277e3fe0f.jpg/v1/fit/w_150,h_150,q_70,strp/higher_vampires_by_kate_fox_dcl47ss-150.jpg 150w,https://images-wixmp-ed30a86b8c4ca887773594c2.wixmp.com/intermediary/f/34ad5fb9-5141-4c02-b1a2-4dc460019e7b/dcl47ss-33e06ee6-6fac-4b54-ba1e-7e8277e3fe0f.jpg/v1/fill/w_500,h_221,q_70,strp/higher_vampires_by_kate_fox_dcl47ss-250t.jpg 500w,https://images-wixmp-ed30a86b8c4ca887773594c2.wixmp.com/intermediary/f/34ad5fb9-5141-4c02-b1a2-4dc460019e7b/dcl47ss-33e06ee6-6fac-4b54-ba1e-7e8277e3fe0f.jpg/v1/fill/w_700,h_310,q_70,strp/higher_vampires_by_kate_fox_dcl47ss-350t.jpg 700w,https://images-wixmp-ed30a86b8c4ca887773594c2.wixmp.com/intermediary/f/34ad5fb9-5141-4c02-b1a2-4dc460019e7b/dcl47ss-33e06ee6-6fac-4b54-ba1e-7e8277e3fe0f.jpg/v1/fill/w_800,h_354,q_70,strp/higher_vampires_by_kate_fox_dcl47ss-400t.jpg 800w,https://images-wixmp-ed30a86b8c4ca887773594c2.wixmp.com/intermediary/f/34ad5fb9-5141-4c02-b1a2-4dc460019e7b/dcl47ss-33e06ee6-6fac-4b54-ba1e-7e8277e3fe0f.jpg/v1/fill/w_1344,h_595,q_70,strp/higher_vampires_by_kate_fox_dcl47ss-pre.jpg 1344w&quot; sizes=&quot;150px&quot;&gt;&lt;/a&gt;&lt;/span&gt;&lt;!-- ^TTT --&gt;&lt;!-- TTT$ --&gt;&lt;/span&gt;&lt;br /&gt;&lt;/b&gt;&lt;/span&gt;&lt;br /&gt;&lt;/p&gt;&lt;/span&gt;&lt;span&gt;&lt;/span&gt;&lt;span&gt;&lt;/span&gt;&lt;/div&gt;&lt;b&gt;&lt;span&gt;&lt;span&gt;&lt;/span&gt;&lt;/span&gt;&lt;/b&gt;&lt;span&gt;&lt;/span&gt;&lt;p&gt;&lt;span&gt;Hey! &lt;span&gt;&lt;span&gt;If&lt;/span&gt; &lt;span&gt;you&lt;/span&gt; &lt;span&gt;like&lt;/span&gt; &lt;span&gt;my work&lt;/span&gt;&lt;span&gt;:&lt;/span&gt;&lt;/span&gt;&lt;br /&gt;Watch me: &lt;a href=&quot;https://kate-fox.deviantart.com/&quot;&gt;kate-fox.deviantart.com/ &lt;/a&gt;&lt;/span&gt;&lt;br /&gt;&lt;span&gt;&lt;span&gt;&lt;a class=&quot;external&quot; href=&quot;https://www.deviantart.com/users/outgoing?https://www.artstation.com/kate-fox&quot;&gt;www.artstation.com/kate-fox&lt;/a&gt;&lt;br /&gt;&lt;/span&gt;Support me: &lt;b&gt;&lt;a class=&quot;external&quot; href=&quot;https://www.deviantart.com/users/outgoing?https://www.patreon.com/katefox&quot;&gt;&lt;b&gt;Patreon&lt;/b&gt;&lt;/a&gt; &lt;/b&gt;&lt;b&gt;&lt;br /&gt;or&lt;br /&gt;&lt;a class=&quot;external&quot; href=&quot;https://www.deviantart.com/users/outgoing?https://ko-fi.com/V7V35LXL&quot;&gt;Buy Me a Coffee&lt;/a&gt;&lt;/b&gt;&lt;/span&gt;&lt;b&gt;&lt;br /&gt;&lt;/b&gt;&lt;/p&gt;&lt;span&gt;&lt;/span&gt;&lt;h3&gt;&lt;a href=&quot;https://www.deviantart.com/users/outgoing?https://www.patreon.com/katefox&quot;&gt;&lt;b&gt;&lt;br /&gt;&lt;/b&gt;&lt;span&gt;&lt;/span&gt;&lt;/a&gt;&lt;/h3&gt;&lt;h3&gt;&lt;a class=&quot;external&quot; href=&quot;https://www.deviantart.com/users/outgoing?https://www.patreon.com/katefox&quot;&gt;&lt;b&gt;High Resolution, PSD-file, GIF and JPEG files with steps are available through my patreon!&lt;/b&gt;&lt;/a&gt;&lt;/h3&gt; &lt;span class=&quot;shadow-holder&quot; data-embed-type=&quot;deviation&quot; data-embed-id=&quot;777586822&quot; data-embed-format=&quot;thumb&quot;&gt;&lt;span class=&quot;shadow mild&quot; &gt;&lt;a class=&quot;thumb&quot; href=&quot;https://www.deviantart.com/kate-fox/art/2-7-Vicfrid-Webster-777586822&quot; title=&quot;2/7 Vicfrid Webster by Kate-FoX, Dec 21, 2018 in Digital Art &amp;gt; Drawings &amp;amp; Paintings &amp;gt; Other&quot;data-super-img=&quot;https://images-wixmp-ed30a86b8c4ca887773594c2.wixmp.com/intermediary/f/34ad5fb9-5141-4c02-b1a2-4dc460019e7b/dcuydty-12d9a9a9-e168-470e-b00c-ece5947c58a4.jpg/v1/fill/w_752,h_1063,q_70,strp/2_7_vicfrid_webster_by_kate_fox_dcuydty-pre.jpg&quot; data-super-width=&quot;752&quot; data-super-height=&quot;1063&quot; data-super-transparent=&quot;false&quot; data-super-alt=&quot;2/7 Vicfrid Webster by Kate-FoX&quot; data-super-full-img=&quot;https://images-wixmp-ed30a86b8c4ca887773594c2.wixmp.com/intermediary/f/34ad5fb9-5141-4c02-b1a2-4dc460019e7b/dcuydty-12d9a9a9-e168-470e-b00c-ece5947c58a4.jpg&quot; data-super-full-width=&quot;900&quot; data-super-full-height=&quot;1273&quot;        data-sigil=&quot;thumb&quot;&gt;
        &lt;i&gt;&lt;/i&gt;&lt;img   width=&quot;106&quot; height=&quot;150&quot; alt=&quot;2/7 Vicfrid Webster by Kate-FoX&quot; src=&quot;https://images-wixmp-ed30a86b8c4ca887773594c2.wixmp.com/intermediary/f/34ad5fb9-5141-4c02-b1a2-4dc460019e7b/dcuydty-12d9a9a9-e168-470e-b00c-ece5947c58a4.jpg/v1/fit/w_150,h_150,q_70,strp/2_7_vicfrid_webster_by_kate_fox_dcuydty-150.jpg&quot; data-src=&quot;https://images-wixmp-ed30a86b8c4ca887773594c2.wixmp.com/intermediary/f/34ad5fb9-5141-4c02-b1a2-4dc460019e7b/dcuydty-12d9a9a9-e168-470e-b00c-ece5947c58a4.jpg/v1/fit/w_150,h_150,q_70,strp/2_7_vicfrid_webster_by_kate_fox_dcuydty-150.jpg&quot; srcset=&quot;https://images-wixmp-ed30a86b8c4ca887773594c2.wixmp.com/intermediary/f/34ad5fb9-5141-4c02-b1a2-4dc460019e7b/dcuydty-12d9a9a9-e168-470e-b00c-ece5947c58a4.jpg/v1/fit/w_150,h_150,q_70,strp/2_7_vicfrid_webster_by_kate_fox_dcuydty-150.jpg 106w,https://images-wixmp-ed30a86b8c4ca887773594c2.wixmp.com/intermediary/f/34ad5fb9-5141-4c02-b1a2-4dc460019e7b/dcuydty-12d9a9a9-e168-470e-b00c-ece5947c58a4.jpg/v1/fill/w_177,h_250,q_70,strp/2_7_vicfrid_webster_by_kate_fox_dcuydty-250t.jpg 177w,https://images-wixmp-ed30a86b8c4ca887773594c2.wixmp.com/intermediary/f/34ad5fb9-5141-4c02-b1a2-4dc460019e7b/dcuydty-12d9a9a9-e168-470e-b00c-ece5947c58a4.jpg/v1/crop/w_247,h_350,x_0,y_0,scl_0.27555555555556,q_70,strp/2_7_vicfrid_webster_by_kate_fox_dcuydty-350t.jpg 247w,https://images-wixmp-ed30a86b8c4ca887773594c2.wixmp.com/intermediary/f/34ad5fb9-5141-4c02-b1a2-4dc460019e7b/dcuydty-12d9a9a9-e168-470e-b00c-ece5947c58a4.jpg/v1/fill/w_283,h_400,q_70,strp/2_7_vicfrid_webster_by_kate_fox_dcuydty-400t.jpg 283w,https://images-wixmp-ed30a86b8c4ca887773594c2.wixmp.com/intermediary/f/34ad5fb9-5141-4c02-b1a2-4dc460019e7b/dcuydty-12d9a9a9-e168-470e-b00c-ece5947c58a4.jpg/v1/fill/w_752,h_1063,q_70,strp/2_7_vicfrid_webster_by_kate_fox_dcuydty-pre.jpg 752w&quot; sizes=&quot;106px&quot;&gt;&lt;/a&gt;&lt;/span&gt;&lt;!-- ^TTT --&gt;&lt;!-- TTT$ --&gt;&lt;/span&gt; &lt;span class=&quot;shadow-holder&quot; data-embed-type=&quot;deviation&quot; data-embed-id=&quot;779989351&quot; data-embed-format=&quot;thumb&quot;&gt;&lt;span class=&quot;shadow mild&quot; &gt;&lt;a class=&quot;thumb&quot; href=&quot;https://www.deviantart.com/kate-fox/art/3-7-Victoria-Webster-779989351&quot; title=&quot;3/7 Victoria Webster by Kate-FoX, Jan 6, 2019 in Digital Art &amp;gt; Drawings &amp;amp; Paintings &amp;gt; Other&quot;data-super-img=&quot;https://images-wixmp-ed30a86b8c4ca887773594c2.wixmp.com/intermediary/f/34ad5fb9-5141-4c02-b1a2-4dc460019e7b/dcwdvmv-66e99831-e128-4b60-822f-519c08423064.jpg/v1/fill/w_752,h_1063,q_70,strp/3_7_victoria_webster_by_kate_fox_dcwdvmv-pre.jpg&quot; data-super-width=&quot;752&quot; data-super-height=&quot;1063&quot; data-super-transparent=&quot;false&quot; data-super-alt=&quot;3/7 Victoria Webster by Kate-FoX&quot; data-super-full-img=&quot;https://images-wixmp-ed30a86b8c4ca887773594c2.wixmp.com/intermediary/f/34ad5fb9-5141-4c02-b1a2-4dc460019e7b/dcwdvmv-66e99831-e128-4b60-822f-519c08423064.jpg&quot; data-super-full-width=&quot;900&quot; data-super-full-height=&quot;1273&quot;        data-sigil=&quot;thumb&quot;&gt;
        &lt;i&gt;&lt;/i&gt;&lt;img   width=&quot;106&quot; height=&quot;150&quot; alt=&quot;3/7 Victoria Webster by Kate-FoX&quot; src=&quot;https://images-wixmp-ed30a86b8c4ca887773594c2.wixmp.com/intermediary/f/34ad5fb9-5141-4c02-b1a2-4dc460019e7b/dcwdvmv-66e99831-e128-4b60-822f-519c08423064.jpg/v1/fit/w_150,h_150,q_70,strp/3_7_victoria_webster_by_kate_fox_dcwdvmv-150.jpg&quot; data-src=&quot;https://images-wixmp-ed30a86b8c4ca887773594c2.wixmp.com/intermediary/f/34ad5fb9-5141-4c02-b1a2-4dc460019e7b/dcwdvmv-66e99831-e128-4b60-822f-519c08423064.jpg/v1/fit/w_150,h_150,q_70,strp/3_7_victoria_webster_by_kate_fox_dcwdvmv-150.jpg&quot; srcset=&quot;https://images-wixmp-ed30a86b8c4ca887773594c2.wixmp.com/intermediary/f/34ad5fb9-5141-4c02-b1a2-4dc460019e7b/dcwdvmv-66e99831-e128-4b60-822f-519c08423064.jpg/v1/fit/w_150,h_150,q_70,strp/3_7_victoria_webster_by_kate_fox_dcwdvmv-150.jpg 106w,https://images-wixmp-ed30a86b8c4ca887773594c2.wixmp.com/intermediary/f/34ad5fb9-5141-4c02-b1a2-4dc460019e7b/dcwdvmv-66e99831-e128-4b60-822f-519c08423064.jpg/v1/fill/w_177,h_250,q_70,strp/3_7_victoria_webster_by_kate_fox_dcwdvmv-250t.jpg 177w,https://images-wixmp-ed30a86b8c4ca887773594c2.wixmp.com/intermediary/f/34ad5fb9-5141-4c02-b1a2-4dc460019e7b/dcwdvmv-66e99831-e128-4b60-822f-519c08423064.jpg/v1/crop/w_247,h_350,x_0,y_0,scl_0.27555555555556,q_70,strp/3_7_victoria_webster_by_kate_fox_dcwdvmv-350t.jpg 247w,https://images-wixmp-ed30a86b8c4ca887773594c2.wixmp.com/intermediary/f/34ad5fb9-5141-4c02-b1a2-4dc460019e7b/dcwdvmv-66e99831-e128-4b60-822f-519c08423064.jpg/v1/fill/w_283,h_400,q_70,strp/3_7_victoria_webster_by_kate_fox_dcwdvmv-400t.jpg 283w,https://images-wixmp-ed30a86b8c4ca887773594c2.wixmp.com/intermediary/f/34ad5fb9-5141-4c02-b1a2-4dc460019e7b/dcwdvmv-66e99831-e128-4b60-822f-519c08423064.jpg/v1/fill/w_752,h_1063,q_70,strp/3_7_victoria_webster_by_kate_fox_dcwdvmv-pre.jpg 752w&quot; sizes=&quot;106px&quot;&gt;&lt;/a&gt;&lt;/span&gt;&lt;!-- ^TTT --&gt;&lt;!-- TTT$ --&gt;&lt;/span&gt; &lt;span class=&quot;shadow-holder&quot; data-embed-type=&quot;deviation&quot; data-embed-id=&quot;782132588&quot; data-embed-format=&quot;thumb&quot;&gt;&lt;span class=&quot;shadow mild&quot; &gt;&lt;a class=&quot;thumb&quot; href=&quot;https://www.deviantart.com/kate-fox/art/4-7-Ferens-Gregory-Clive-782132588&quot; title=&quot;4/7 Ferens Gregory Clive by Kate-FoX, Jan 21, 2019 in Digital Art &amp;gt; Drawings &amp;amp; Paintings &amp;gt; Other&quot;data-super-img=&quot;https://images-wixmp-ed30a86b8c4ca887773594c2.wixmp.com/intermediary/f/34ad5fb9-5141-4c02-b1a2-4dc460019e7b/dcxntd8-c9128f80-9786-4e33-a44d-a65bd61a15e0.jpg/v1/fill/w_752,h_1063,q_70,strp/4_7_ferens_gregory_clive_by_kate_fox_dcxntd8-pre.jpg&quot; data-super-width=&quot;752&quot; data-super-height=&quot;1063&quot; data-super-transparent=&quot;false&quot; data-super-alt=&quot;4/7 Ferens Gregory Clive by Kate-FoX&quot; data-super-full-img=&quot;https://images-wixmp-ed30a86b8c4ca887773594c2.wixmp.com/intermediary/f/34ad5fb9-5141-4c02-b1a2-4dc460019e7b/dcxntd8-c9128f80-9786-4e33-a44d-a65bd61a15e0.jpg&quot; data-super-full-width=&quot;900&quot; data-super-full-height=&quot;1273&quot;        data-sigil=&quot;thumb&quot;&gt;
        &lt;i&gt;&lt;/i&gt;&lt;img   width=&quot;106&quot; height=&quot;150&quot; alt=&quot;4/7 Ferens Gregory Clive by Kate-FoX&quot; src=&quot;https://images-wixmp-ed30a86b8c4ca887773594c2.wixmp.com/intermediary/f/34ad5fb9-5141-4c02-b1a2-4dc460019e7b/dcxntd8-c9128f80-9786-4e33-a44d-a65bd61a15e0.jpg/v1/fit/w_150,h_150,q_70,strp/4_7_ferens_gregory_clive_by_kate_fox_dcxntd8-150.jpg&quot; data-src=&quot;https://images-wixmp-ed30a86b8c4ca887773594c2.wixmp.com/intermediary/f/34ad5fb9-5141-4c02-b1a2-4dc460019e7b/dcxntd8-c9128f80-9786-4e33-a44d-a65bd61a15e0.jpg/v1/fit/w_150,h_150,q_70,strp/4_7_ferens_gregory_clive_by_kate_fox_dcxntd8-150.jpg&quot; srcset=&quot;https://images-wixmp-ed30a86b8c4ca887773594c2.wixmp.com/intermediary/f/34ad5fb9-5141-4c02-b1a2-4dc460019e7b/dcxntd8-c9128f80-9786-4e33-a44d-a65bd61a15e0.jpg/v1/fit/w_150,h_150,q_70,strp/4_7_ferens_gregory_clive_by_kate_fox_dcxntd8-150.jpg 106w,https://images-wixmp-ed30a86b8c4ca887773594c2.wixmp.com/intermediary/f/34ad5fb9-5141-4c02-b1a2-4dc460019e7b/dcxntd8-c9128f80-9786-4e33-a44d-a65bd61a15e0.jpg/v1/fill/w_177,h_250,q_70,strp/4_7_ferens_gregory_clive_by_kate_fox_dcxntd8-250t.jpg 177w,https://images-wixmp-ed30a86b8c4ca887773594c2.wixmp.com/intermediary/f/34ad5fb9-5141-4c02-b1a2-4dc460019e7b/dcxntd8-c9128f80-9786-4e33-a44d-a65bd61a15e0.jpg/v1/crop/w_247,h_350,x_0,y_0,scl_0.27555555555556,q_70,strp/4_7_ferens_gregory_clive_by_kate_fox_dcxntd8-350t.jpg 247w,https://images-wixmp-ed30a86b8c4ca887773594c2.wixmp.com/intermediary/f/34ad5fb9-5141-4c02-b1a2-4dc460019e7b/dcxntd8-c9128f80-9786-4e33-a44d-a65bd61a15e0.jpg/v1/fill/w_283,h_400,q_70,strp/4_7_ferens_gregory_clive_by_kate_fox_dcxntd8-400t.jpg 283w,https://images-wixmp-ed30a86b8c4ca887773594c2.wixmp.com/intermediary/f/34ad5fb9-5141-4c02-b1a2-4dc460019e7b/dcxntd8-c9128f80-9786-4e33-a44d-a65bd61a15e0.jpg/v1/fill/w_752,h_1063,q_70,strp/4_7_ferens_gregory_clive_by_kate_fox_dcxntd8-pre.jpg 752w&quot; sizes=&quot;106px&quot;&gt;&lt;/a&gt;&lt;/span&gt;&lt;!-- ^TTT --&gt;&lt;!-- TTT$ --&gt;&lt;/span&gt; &lt;span class=&quot;shadow-holder&quot; data-embed-type=&quot;deviation&quot; data-embed-id=&quot;783560367&quot; data-embed-format=&quot;thumb&quot;&gt;&lt;span class=&quot;shadow mild&quot; &gt;&lt;a class=&quot;thumb&quot; href=&quot;https://www.deviantart.com/kate-fox/art/5-7-Borgella-Redley-783560367&quot; title=&quot;5/7 Borgella Redley by Kate-FoX, Jan 31, 2019 in Digital Art &amp;gt; Drawings &amp;amp; Paintings &amp;gt; Other&quot;data-super-img=&quot;https://images-wixmp-ed30a86b8c4ca887773594c2.wixmp.com/intermediary/f/34ad5fb9-5141-4c02-b1a2-4dc460019e7b/dcyif1r-8c343724-e26a-4cbc-bea3-94d04c7d5bc3.jpg/v1/fill/w_752,h_1063,q_70,strp/5_7_borgella_redley_by_kate_fox_dcyif1r-pre.jpg&quot; data-super-width=&quot;752&quot; data-super-height=&quot;1063&quot; data-super-transparent=&quot;false&quot; data-super-alt=&quot;5/7 Borgella Redley by Kate-FoX&quot; data-super-full-img=&quot;https://images-wixmp-ed30a86b8c4ca887773594c2.wixmp.com/intermediary/f/34ad5fb9-5141-4c02-b1a2-4dc460019e7b/dcyif1r-8c343724-e26a-4cbc-bea3-94d04c7d5bc3.jpg&quot; data-super-full-width=&quot;900&quot; data-super-full-height=&quot;1273&quot;        data-sigil=&quot;thumb&quot;&gt;
        &lt;i&gt;&lt;/i&gt;&lt;img   width=&quot;106&quot; height=&quot;150&quot; alt=&quot;5/7 Borgella Redley by Kate-FoX&quot; src=&quot;https://images-wixmp-ed30a86b8c4ca887773594c2.wixmp.com/intermediary/f/34ad5fb9-5141-4c02-b1a2-4dc460019e7b/dcyif1r-8c343724-e26a-4cbc-bea3-94d04c7d5bc3.jpg/v1/fit/w_150,h_150,q_70,strp/5_7_borgella_redley_by_kate_fox_dcyif1r-150.jpg&quot; data-src=&quot;https://images-wixmp-ed30a86b8c4ca887773594c2.wixmp.com/intermediary/f/34ad5fb9-5141-4c02-b1a2-4dc460019e7b/dcyif1r-8c343724-e26a-4cbc-bea3-94d04c7d5bc3.jpg/v1/fit/w_150,h_150,q_70,strp/5_7_borgella_redley_by_kate_fox_dcyif1r-150.jpg&quot; srcset=&quot;https://images-wixmp-ed30a86b8c4ca887773594c2.wixmp.com/intermediary/f/34ad5fb9-5141-4c02-b1a2-4dc460019e7b/dcyif1r-8c343724-e26a-4cbc-bea3-94d04c7d5bc3.jpg/v1/fit/w_150,h_150,q_70,strp/5_7_borgella_redley_by_kate_fox_dcyif1r-150.jpg 106w,https://images-wixmp-ed30a86b8c4ca887773594c2.wixmp.com/intermediary/f/34ad5fb9-5141-4c02-b1a2-4dc460019e7b/dcyif1r-8c343724-e26a-4cbc-bea3-94d04c7d5bc3.jpg/v1/fill/w_177,h_250,q_70,strp/5_7_borgella_redley_by_kate_fox_dcyif1r-250t.jpg 177w,https://images-wixmp-ed30a86b8c4ca887773594c2.wixmp.com/intermediary/f/34ad5fb9-5141-4c02-b1a2-4dc460019e7b/dcyif1r-8c343724-e26a-4cbc-bea3-94d04c7d5bc3.jpg/v1/crop/w_247,h_350,x_0,y_0,scl_0.27555555555556,q_70,strp/5_7_borgella_redley_by_kate_fox_dcyif1r-350t.jpg 247w,https://images-wixmp-ed30a86b8c4ca887773594c2.wixmp.com/intermediary/f/34ad5fb9-5141-4c02-b1a2-4dc460019e7b/dcyif1r-8c343724-e26a-4cbc-bea3-94d04c7d5bc3.jpg/v1/fill/w_283,h_400,q_70,strp/5_7_borgella_redley_by_kate_fox_dcyif1r-400t.jpg 283w,https://images-wixmp-ed30a86b8c4ca887773594c2.wixmp.com/intermediary/f/34ad5fb9-5141-4c02-b1a2-4dc460019e7b/dcyif1r-8c343724-e26a-4cbc-bea3-94d04c7d5bc3.jpg/v1/fill/w_752,h_1063,q_70,strp/5_7_borgella_redley_by_kate_fox_dcyif1r-pre.jpg 752w&quot; sizes=&quot;106px&quot;&gt;&lt;/a&gt;&lt;/span&gt;&lt;!-- ^TTT --&gt;&lt;!-- TTT$ --&gt;&lt;/span&gt; &lt;span class=&quot;shadow-holder&quot; data-embed-type=&quot;deviation&quot; data-embed-id=&quot;785729625&quot; data-embed-format=&quot;thumb&quot;&gt;&lt;span class=&quot;shadow mild&quot; &gt;&lt;a class=&quot;thumb&quot; href=&quot;https://www.deviantart.com/kate-fox/art/6-7-Fabian-Phelim-785729625&quot; title=&quot;6/7 Fabian Phelim by Kate-FoX, Feb 15, 2019 in Digital Art &amp;gt; Drawings &amp;amp; Paintings &amp;gt; Other&quot;data-super-img=&quot;https://images-wixmp-ed30a86b8c4ca887773594c2.wixmp.com/intermediary/f/34ad5fb9-5141-4c02-b1a2-4dc460019e7b/dczswux-0727e275-0027-4dd5-9f9e-fe9bb3195279.jpg/v1/fill/w_752,h_1063,q_70,strp/6_7_fabian_phelim_by_kate_fox_dczswux-pre.jpg&quot; data-super-width=&quot;752&quot; data-super-height=&quot;1063&quot; data-super-transparent=&quot;false&quot; data-super-alt=&quot;6/7 Fabian Phelim by Kate-FoX&quot; data-super-full-img=&quot;https://images-wixmp-ed30a86b8c4ca887773594c2.wixmp.com/intermediary/f/34ad5fb9-5141-4c02-b1a2-4dc460019e7b/dczswux-0727e275-0027-4dd5-9f9e-fe9bb3195279.jpg&quot; data-super-full-width=&quot;900&quot; data-super-full-height=&quot;1273&quot;        data-sigil=&quot;thumb&quot;&gt;
        &lt;i&gt;&lt;/i&gt;&lt;img   width=&quot;106&quot; height=&quot;150&quot; alt=&quot;6/7 Fabian Phelim by Kate-FoX&quot; src=&quot;https://images-wixmp-ed30a86b8c4ca887773594c2.wixmp.com/intermediary/f/34ad5fb9-5141-4c02-b1a2-4dc460019e7b/dczswux-0727e275-0027-4dd5-9f9e-fe9bb3195279.jpg/v1/fit/w_150,h_150,q_70,strp/6_7_fabian_phelim_by_kate_fox_dczswux-150.jpg&quot; data-src=&quot;https://images-wixmp-ed30a86b8c4ca887773594c2.wixmp.com/intermediary/f/34ad5fb9-5141-4c02-b1a2-4dc460019e7b/dczswux-0727e275-0027-4dd5-9f9e-fe9bb3195279.jpg/v1/fit/w_150,h_150,q_70,strp/6_7_fabian_phelim_by_kate_fox_dczswux-150.jpg&quot; srcset=&quot;https://images-wixmp-ed30a86b8c4ca887773594c2.wixmp.com/intermediary/f/34ad5fb9-5141-4c02-b1a2-4dc460019e7b/dczswux-0727e275-0027-4dd5-9f9e-fe9bb3195279.jpg/v1/fit/w_150,h_150,q_70,strp/6_7_fabian_phelim_by_kate_fox_dczswux-150.jpg 106w,https://images-wixmp-ed30a86b8c4ca887773594c2.wixmp.com/intermediary/f/34ad5fb9-5141-4c02-b1a2-4dc460019e7b/dczswux-0727e275-0027-4dd5-9f9e-fe9bb3195279.jpg/v1/fill/w_177,h_250,q_70,strp/6_7_fabian_phelim_by_kate_fox_dczswux-250t.jpg 177w,https://images-wixmp-ed30a86b8c4ca887773594c2.wixmp.com/intermediary/f/34ad5fb9-5141-4c02-b1a2-4dc460019e7b/dczswux-0727e275-0027-4dd5-9f9e-fe9bb3195279.jpg/v1/crop/w_247,h_350,x_0,y_0,scl_0.27555555555556,q_70,strp/6_7_fabian_phelim_by_kate_fox_dczswux-350t.jpg 247w,https://images-wixmp-ed30a86b8c4ca887773594c2.wixmp.com/intermediary/f/34ad5fb9-5141-4c02-b1a2-4dc460019e7b/dczswux-0727e275-0027-4dd5-9f9e-fe9bb3195279.jpg/v1/fill/w_283,h_400,q_70,strp/6_7_fabian_phelim_by_kate_fox_dczswux-400t.jpg 283w,https://images-wixmp-ed30a86b8c4ca887773594c2.wixmp.com/intermediary/f/34ad5fb9-5141-4c02-b1a2-4dc460019e7b/dczswux-0727e275-0027-4dd5-9f9e-fe9bb3195279.jpg/v1/fill/w_752,h_1063,q_70,strp/6_7_fabian_phelim_by_kate_fox_dczswux-pre.jpg 752w&quot; sizes=&quot;106px&quot;&gt;&lt;/a&gt;&lt;/span&gt;&lt;!-- ^TTT --&gt;&lt;!-- TTT$ --&gt;&lt;/span&gt;&lt;br /&gt;&lt;div&gt;&lt;img src=&quot;https://t00.deviantart.net/pT3oVFpW-OZk8Oix_90iHo12zDg=/300x200/filters:fixed_height(100,100):origin()/pre00/a11b/th/pre/f/2019/056/4/8/48bcbae992359af4a25737ce45fb9784-dd0oebe.jpg&quot; alt=&quot;thumbnail&quot; /&gt;&lt;/div&gt;</description>            </item>
                    <item>
                <title>Heart Glow</title>
                <link>https://nightrizer.deviantart.com/art/Heart-Glow-787209315</link>
                <guid isPermaLink="true">https://nightrizer.deviantart.com/art/Heart-Glow-787209315</guid>
                <pubDate>Mon, 25 Feb 2019 10:15:43 PST</pubDate>
                        <media:title type="plain">Heart Glow</media:title>
        <media:keywords></media:keywords>
                        <media:rating>nonadult</media:rating>
                <media:category label="Fantasy">digitalart/paintings/fantasy</media:category>
        <media:credit role="author" scheme="urn:ebu">Nightrizer</media:credit>
        <media:credit role="author" scheme="urn:ebu">https://a.deviantart.net/avatars/n/i/nightrizer.gif?10</media:credit>
        <media:copyright url="https://nightrizer.deviantart.com">Copyright 2019 Nightrizer</media:copyright>            <media:description type="html">&lt;p&gt;Commission for &lt;a target=&quot;_self&quot; href=&quot;https://www.deviantart.com/kazulthedragon&quot; &gt;&lt;img class=&quot;avatar&quot; width=&quot;50&quot; height=&quot;50&quot; src=&quot;https://a.deviantart.net/avatars/k/a/kazulthedragon.png?10&quot; alt=&quot;:iconkazulthedragon:&quot; title=&quot;KazultheDragon&quot; /&gt;&lt;/a&gt; ! Thanks for commissioning! &lt;img src=&quot;https://e.deviantart.net/emoticons/b/biggrin.gif&quot; width=&quot;15&quot; height=&quot;15&quot; alt=&quot;:D&quot; data-embed-type=&quot;emoticon&quot; data-embed-id=&quot;366&quot; title=&quot;:D (Big Grin)&quot;/&gt;&lt;/p&gt; &lt;p&gt;&amp;nbsp;&lt;/p&gt; &lt;p&gt;&amp;nbsp;&lt;/p&gt; &lt;p&gt;&amp;nbsp;&lt;/p&gt; &lt;p&gt;Character &amp;#169; &lt;span class=&quot;username-with-symbol u&quot;&gt;&lt;a class=&quot;u premium username&quot; href=&quot;https://www.deviantart.com/kazulthedragon&quot;&gt;KazultheDragon&lt;/a&gt;&lt;span class=&quot;user-symbol premium&quot; data-quicktip-text=&quot;Core Member&quot; data-show-tooltip=&quot;1&quot; data-gruser-type=&quot;premium&quot;&gt;&lt;/span&gt;&lt;/span&gt;&lt;/p&gt; &lt;p&gt;Art &amp;#169; &lt;span class=&quot;username-with-symbol u&quot;&gt;&lt;a class=&quot;u premium username&quot; href=&quot;https://www.deviantart.com/nightrizer&quot;&gt;Nightrizer&lt;/a&gt;&lt;span class=&quot;user-symbol premium&quot; data-quicktip-text=&quot;Core Member&quot; data-show-tooltip=&quot;1&quot; data-gruser-type=&quot;premium&quot;&gt;&lt;/span&gt;&lt;/span&gt;&lt;/p&gt;</media:description>            <media:thumbnail url="https://t00.deviantart.net/AhwmVx-D_SS5dCVsA437ZkMvJvg=/fit-in/150x150/filters:no_upscale():origin()/pre00/ce6c/th/pre/f/2019/056/d/2/heart_glow_by_nightrizer-dd0omlf.png" height="150" width="86"/>            <media:thumbnail url="https://t00.deviantart.net/HOGqqpRHUgi1XNshPgtGt8XIzqg=/fit-in/300x900/filters:no_upscale():origin()/pre00/ce6c/th/pre/f/2019/056/d/2/heart_glow_by_nightrizer-dd0omlf.png" height="521" width="300"/>            <media:thumbnail url="https://t00.deviantart.net/eVwjfWtWzbUNXrLMlTO5sekmiz4=/300x200/filters:fixed_height(100,100):origin()/pre00/ce6c/th/pre/f/2019/056/d/2/heart_glow_by_nightrizer-dd0omlf.png" height="200" width="115"/>            <media:content url="https://pre00.deviantart.net/ce6c/th/pre/f/2019/056/d/2/heart_glow_by_nightrizer-dd0omlf.png" height="1179" width="678" medium="image"/>            
            <description>&lt;p&gt;Commission for &lt;a target=&quot;_self&quot; href=&quot;https://www.deviantart.com/kazulthedragon&quot; &gt;&lt;img class=&quot;avatar&quot; width=&quot;50&quot; height=&quot;50&quot; src=&quot;https://a.deviantart.net/avatars/k/a/kazulthedragon.png?10&quot; alt=&quot;:iconkazulthedragon:&quot; title=&quot;KazultheDragon&quot; /&gt;&lt;/a&gt; ! Thanks for commissioning! &lt;img src=&quot;https://e.deviantart.net/emoticons/b/biggrin.gif&quot; width=&quot;15&quot; height=&quot;15&quot; alt=&quot;:D&quot; data-embed-type=&quot;emoticon&quot; data-embed-id=&quot;366&quot; title=&quot;:D (Big Grin)&quot;/&gt;&lt;/p&gt; &lt;p&gt;&amp;nbsp;&lt;/p&gt; &lt;p&gt;&amp;nbsp;&lt;/p&gt; &lt;p&gt;&amp;nbsp;&lt;/p&gt; &lt;p&gt;Character &amp;#169; &lt;span class=&quot;username-with-symbol u&quot;&gt;&lt;a class=&quot;u premium username&quot; href=&quot;https://www.deviantart.com/kazulthedragon&quot;&gt;KazultheDragon&lt;/a&gt;&lt;span class=&quot;user-symbol premium&quot; data-quicktip-text=&quot;Core Member&quot; data-show-tooltip=&quot;1&quot; data-gruser-type=&quot;premium&quot;&gt;&lt;/span&gt;&lt;/span&gt;&lt;/p&gt; &lt;p&gt;Art &amp;#169; &lt;span class=&quot;username-with-symbol u&quot;&gt;&lt;a class=&quot;u premium username&quot; href=&quot;https://www.deviantart.com/nightrizer&quot;&gt;Nightrizer&lt;/a&gt;&lt;span class=&quot;user-symbol premium&quot; data-quicktip-text=&quot;Core Member&quot; data-show-tooltip=&quot;1&quot; data-gruser-type=&quot;premium&quot;&gt;&lt;/span&gt;&lt;/span&gt;&lt;/p&gt;&lt;br /&gt;&lt;div&gt;&lt;img src=&quot;https://t00.deviantart.net/eVwjfWtWzbUNXrLMlTO5sekmiz4=/300x200/filters:fixed_height(100,100):origin()/pre00/ce6c/th/pre/f/2019/056/d/2/heart_glow_by_nightrizer-dd0omlf.png&quot; alt=&quot;thumbnail&quot; /&gt;&lt;/div&gt;</description>            </item>
                    <item>
                <title>Finally (Zootopia Story) 21</title>
                <link>https://neytirix.deviantart.com/art/Finally-Zootopia-Story-21-787169912</link>
                <guid isPermaLink="true">https://neytirix.deviantart.com/art/Finally-Zootopia-Story-21-787169912</guid>
                <pubDate>Mon, 25 Feb 2019 02:09:51 PST</pubDate>
                        <media:title type="plain">Finally (Zootopia Story) 21</media:title>
        <media:keywords></media:keywords>
                        <media:rating>nonadult</media:rating>
                <media:category label="Movies &amp; TV">fanart/digital/drawings/movies</media:category>
        <media:credit role="author" scheme="urn:ebu">Neytirix</media:credit>
        <media:credit role="author" scheme="urn:ebu">https://a.deviantart.net/avatars/n/e/neytirix.gif?4</media:credit>
        <media:copyright url="https://neytirix.deviantart.com">Copyright 2019 Neytirix</media:copyright>            <media:description type="html">&lt;h1&gt;SPEEDPAINT &amp;gt;&amp;gt;&amp;nbsp; &lt;a class=&quot;external&quot; href=&quot;https://www.deviantart.com/users/outgoing?https://www.youtube.com/watch?v=BhcZBDZWk7E&amp;amp;feature=youtu.be&quot;&gt;www.youtube.com/watch?v=BhcZBD&amp;hellip;&lt;/a&gt;&lt;/h1&gt;&lt;span&gt;&lt;br /&gt;It&#039;s taken a while but the next part is finally here!&amp;nbsp;&lt;br /&gt;Didn&#039;t add an incredible&amp;nbsp;amount&amp;nbsp;of detail cause I wanted to give it a more raw(?) feeling?? &lt;a target=&quot;_self&quot; href=&quot;https://www.deviantart.com/cannotevenplz&quot; &gt;&lt;img class=&quot;avatar&quot; width=&quot;50&quot; height=&quot;50&quot; src=&quot;https://a.deviantart.net/avatars/c/a/cannotevenplz.gif?1&quot; alt=&quot;:iconcannotevenplz:&quot; title=&quot;cannotevenplz&quot; /&gt;&lt;/a&gt;&lt;br /&gt;&lt;br /&gt;I look at this piece as a closing of a chapter~&lt;br /&gt;I coulddddd end the story here cause I&#039;m honestly not sure how many of you are still interested in it haha.&lt;br /&gt;Also, if I do continue..(a lot of the story is planned out already) I have to admit that this will probably be the &#039;happiest you would see them..for a long..LONG time &lt;a target=&quot;_self&quot; href=&quot;https://www.deviantart.com/sweatplz&quot; &gt;&lt;img class=&quot;avatar&quot; width=&quot;50&quot; height=&quot;50&quot; src=&quot;https://a.deviantart.net/avatars/s/w/sweatplz.gif&quot; alt=&quot;:iconsweatplz:&quot; title=&quot;sweatplz&quot; /&gt;&lt;/a&gt;&amp;nbsp;&lt;br /&gt;&lt;br /&gt;What are your thoughts??&amp;nbsp;&lt;br /&gt;&lt;/span&gt;&lt;b&gt;__________________________________________________&lt;br /&gt;&lt;br /&gt;START OF STORY &amp;gt;&amp;gt;&amp;nbsp;&lt;/b&gt;&lt;b&gt;&lt;a href=&quot;https://www.deviantart.com/deviation/642986916&quot;&gt;&lt;/a&gt;&lt;a href=&quot;http://fav.me/damtfvo&quot;&gt;What have they done to you... (Zootopia Story) 1&lt;/a&gt;&lt;br /&gt;&lt;br /&gt;&lt;b&gt;&lt;span class=&quot;shadow-holder&quot; data-embed-type=&quot;deviation&quot; data-embed-id=&quot;777462718&quot; data-embed-format=&quot;thumb&quot;&gt;&lt;span class=&quot;shadow mild&quot; &gt;&lt;a class=&quot;thumb&quot; href=&quot;https://www.deviantart.com/neytirix/art/hey-you-Zootopia-Story-20-777462718&quot; title=&quot;hey you (Zootopia Story) 20 by Neytirix, Dec 20, 2018 in Fan Art &amp;gt; Digital Art &amp;gt; Drawings &amp;gt; Movies &amp;amp; TV&quot;data-super-img=&quot;https://images-wixmp-ed30a86b8c4ca887773594c2.wixmp.com/intermediary/f/bcdbac5b-cdc4-410e-8020-c863a7210f66/dcuvq2m-efdbcafe-b915-4870-b8c0-0e439ff0cc7e.jpg/v1/fill/w_522,h_1531,q_70,strp/hey_you__zootopia_story__20_by_neytirix_dcuvq2m-pre.jpg&quot; data-super-width=&quot;522&quot; data-super-height=&quot;1531&quot; data-super-transparent=&quot;false&quot; data-super-alt=&quot;hey you (Zootopia Story) 20 by Neytirix&quot; data-super-full-img=&quot;https://images-wixmp-ed30a86b8c4ca887773594c2.wixmp.com/intermediary/f/bcdbac5b-cdc4-410e-8020-c863a7210f66/dcuvq2m-efdbcafe-b915-4870-b8c0-0e439ff0cc7e.jpg&quot; data-super-full-width=&quot;1201&quot; data-super-full-height=&quot;3521&quot;        data-sigil=&quot;thumb&quot;&gt;
        &lt;i&gt;&lt;/i&gt;&lt;img   width=&quot;51&quot; height=&quot;150&quot; alt=&quot;hey you (Zootopia Story) 20 by Neytirix&quot; src=&quot;https://images-wixmp-ed30a86b8c4ca887773594c2.wixmp.com/intermediary/f/bcdbac5b-cdc4-410e-8020-c863a7210f66/dcuvq2m-efdbcafe-b915-4870-b8c0-0e439ff0cc7e.jpg/v1/fit/w_150,h_150,q_70,strp/hey_you__zootopia_story__20_by_neytirix_dcuvq2m-150.jpg&quot; data-src=&quot;https://images-wixmp-ed30a86b8c4ca887773594c2.wixmp.com/intermediary/f/bcdbac5b-cdc4-410e-8020-c863a7210f66/dcuvq2m-efdbcafe-b915-4870-b8c0-0e439ff0cc7e.jpg/v1/fit/w_150,h_150,q_70,strp/hey_you__zootopia_story__20_by_neytirix_dcuvq2m-150.jpg&quot; srcset=&quot;https://images-wixmp-ed30a86b8c4ca887773594c2.wixmp.com/intermediary/f/bcdbac5b-cdc4-410e-8020-c863a7210f66/dcuvq2m-efdbcafe-b915-4870-b8c0-0e439ff0cc7e.jpg/v1/fit/w_150,h_150,q_70,strp/hey_you__zootopia_story__20_by_neytirix_dcuvq2m-150.jpg 51w,https://images-wixmp-ed30a86b8c4ca887773594c2.wixmp.com/intermediary/f/bcdbac5b-cdc4-410e-8020-c863a7210f66/dcuvq2m-efdbcafe-b915-4870-b8c0-0e439ff0cc7e.jpg/v1/crop/w_100,h_251,x_0,y_0,scl_0.083263946711074,q_70,strp/hey_you__zootopia_story__20_by_neytirix_dcuvq2m-250t.jpg 100w,https://images-wixmp-ed30a86b8c4ca887773594c2.wixmp.com/intermediary/f/bcdbac5b-cdc4-410e-8020-c863a7210f66/dcuvq2m-efdbcafe-b915-4870-b8c0-0e439ff0cc7e.jpg/v1/crop/w_119,h_350,x_0,y_0,scl_0.099916736053289,q_70,strp/hey_you__zootopia_story__20_by_neytirix_dcuvq2m-350t.jpg 119w,https://images-wixmp-ed30a86b8c4ca887773594c2.wixmp.com/intermediary/f/bcdbac5b-cdc4-410e-8020-c863a7210f66/dcuvq2m-efdbcafe-b915-4870-b8c0-0e439ff0cc7e.jpg/v1/crop/w_136,h_400,x_0,y_0,scl_0.11407160699417,q_70,strp/hey_you__zootopia_story__20_by_neytirix_dcuvq2m-400t.jpg 136w,https://images-wixmp-ed30a86b8c4ca887773594c2.wixmp.com/intermediary/f/bcdbac5b-cdc4-410e-8020-c863a7210f66/dcuvq2m-efdbcafe-b915-4870-b8c0-0e439ff0cc7e.jpg/v1/fill/w_522,h_1531,q_70,strp/hey_you__zootopia_story__20_by_neytirix_dcuvq2m-pre.jpg 522w&quot; sizes=&quot;51px&quot;&gt;&lt;/a&gt;&lt;/span&gt;&lt;!-- ^TTT --&gt;&lt;!-- TTT$ --&gt;&lt;/span&gt;&amp;nbsp;&amp;lt;&amp;lt; PREVIOUS | NEXT &amp;gt;&amp;gt; ??&lt;br /&gt;&amp;nbsp;&lt;/b&gt;&lt;b&gt;&lt;br /&gt;&lt;sub&gt;Please no using without permission/proper credit~! (c)&amp;nbsp;&lt;/sub&gt;&lt;img src=&quot;https://e.deviantart.net/emoticons/n/nuu.gif&quot; alt=&quot;Nuu&quot; style=&quot;width: 17px; height: 16px;&quot; data-embed-type=&quot;emoticon&quot; data-embed-id=&quot;596&quot;&gt;&lt;br /&gt;___________________________________________________&lt;br /&gt;&lt;sub&gt;Tools used &amp;gt;&amp;gt; SAI and Photoshop CC.&lt;br /&gt;&lt;a href=&quot;https://www.deviantart.com/4everyoungkid/art/youtube-271323237&quot; class=&quot;emoticon&quot; data-embed-type=&quot;emoticon&quot; data-embed-id=&quot;271323237&quot; data-embed-profile=&quot;deviation&quot;&gt;&lt;img src=&quot;https://orig00.deviantart.net/f88b/f/2011/332/1/f/1fcf2444e2718a37ffac7c8cb08058df-d4hjecl.gif&quot; alt=&quot;:youtube:&quot; style=&quot;width:16px;height:16px&quot;&gt;&lt;/a&gt;&amp;nbsp; &amp;gt;&amp;gt;&amp;nbsp;&lt;a class=&quot;external&quot; href=&quot;https://www.deviantart.com/users/outgoing?https://www.youtube.com/user/Deathtobutterflies/featured&quot;&gt;www.youtube.com/user/Deathtobu&amp;#8230;&lt;/a&gt;&lt;br /&gt;&lt;a href=&quot;https://www.deviantart.com/poserfan/art/Tumblr-Icon-314822709&quot; class=&quot;emoticon&quot; data-embed-type=&quot;emoticon&quot; data-embed-id=&quot;314822709&quot; data-embed-profile=&quot;deviation&quot;&gt;&lt;img src=&quot;https://orig00.deviantart.net/28ed/f/2015/212/c/0/tumblr_icon_by_poserfan-d57fqr9.gif&quot; alt=&quot;Tumblr Icon&quot; style=&quot;width:16px;height:16px&quot;&gt;&lt;/a&gt;&amp;nbsp;&amp;gt;&amp;gt;&amp;nbsp;&lt;a class=&quot;external&quot; href=&quot;https://www.deviantart.com/users/outgoing?http://neytirix.tumblr.com/&quot;&gt;neytirix.tumblr.com/&lt;/a&gt;&lt;br /&gt;&lt;img src=&quot;https://e.deviantart.net/emoticons/t/twitter_2.gif&quot; alt=&quot;Twitter&quot; style=&quot;width: 16px; height: 16px;&quot; data-embed-type=&quot;emoticon&quot; data-embed-id=&quot;614&quot;&gt;&amp;nbsp;&amp;nbsp;&amp;nbsp;&amp;gt;&amp;gt;&amp;nbsp;&lt;a class=&quot;external&quot; href=&quot;https://www.deviantart.com/users/outgoing?https://twitter.com/Neytiirix?lang=en%A0&quot;&gt;twitter.com/Neytiirix?lang=en&amp;amp;&amp;#8230;&lt;/a&gt;;&lt;br /&gt;&lt;a href=&quot;https://www.deviantart.com/poserfan/art/Twitch-Icon-610621096&quot; class=&quot;emoticon&quot; data-embed-type=&quot;emoticon&quot; data-embed-id=&quot;610621096&quot; data-embed-profile=&quot;deviation&quot;&gt;&lt;img src=&quot;https://images-wixmp-ed30a86b8c4ca887773594c2.wixmp.com/intermediary/f/0a6e9796-d386-4234-97d1-d46c16906e81/da3jq94-f2cfceb5-2e4c-414a-9944-18f6e0b616c2.png&quot; alt=&quot;Twitch Icon&quot; style=&quot;width:16px;height:16px&quot;&gt;&lt;/a&gt;&amp;nbsp;&amp;gt;&amp;gt;&amp;nbsp;&lt;a class=&quot;external&quot; href=&quot;https://www.deviantart.com/users/outgoing?https://www.twitch.tv/neytiriix%A0&quot;&gt;www.twitch.tv/neytiriix&amp;nbsp;&lt;/a&gt;&lt;br /&gt;&lt;a href=&quot;https://www.deviantart.com/poserfan/art/Instagram-New-Icon-608963664&quot; class=&quot;emoticon&quot; data-embed-type=&quot;emoticon&quot; data-embed-id=&quot;608963664&quot; data-embed-profile=&quot;deviation&quot;&gt;&lt;img src=&quot;https://images-wixmp-ed30a86b8c4ca887773594c2.wixmp.com/intermediary/f/0a6e9796-d386-4234-97d1-d46c16906e81/da2k7dc-81054cd1-99a8-4653-bd88-048d077f7265.png&quot; alt=&quot;Instagram New Icon&quot; style=&quot;width:16px;height:16px&quot;&gt;&lt;/a&gt;&amp;nbsp;&amp;gt;&amp;gt;&amp;nbsp;&lt;a class=&quot;external&quot; href=&quot;https://www.deviantart.com/users/outgoing?https://www.instagram.com/neytirixx/&quot;&gt;www.instagram.com/neytirixx/&lt;/a&gt;&lt;/sub&gt;&lt;/b&gt;&lt;/b&gt;</media:description>            <media:thumbnail url="https://t00.deviantart.net/3NWKuIZzQ9oLnPBULEK3k84KKJ0=/fit-in/150x150/filters:no_upscale():origin()/pre00/4432/th/pre/i/2019/056/e/2/finally__zootopia_story__21_by_neytirix-dd0ns6w.jpg" height="102" width="150"/>            <media:thumbnail url="https://t00.deviantart.net/DEyIph3S4tVvxfyIVYrEn8vXMjU=/fit-in/300x900/filters:no_upscale():origin()/pre00/4432/th/pre/i/2019/056/e/2/finally__zootopia_story__21_by_neytirix-dd0ns6w.jpg" height="203" width="300"/>            <media:thumbnail url="https://t00.deviantart.net/F7C1vb_v0d2-QsDldePYgi4l3PU=/300x200/filters:fixed_height(100,100):origin()/pre00/4432/th/pre/i/2019/056/e/2/finally__zootopia_story__21_by_neytirix-dd0ns6w.jpg" height="200" width="295"/>            <media:content url="https://pre00.deviantart.net/4432/th/pre/i/2019/056/e/2/finally__zootopia_story__21_by_neytirix-dd0ns6w.jpg" height="736" width="1086" medium="image"/>            
            <description>&lt;h1&gt;SPEEDPAINT &amp;gt;&amp;gt;&amp;nbsp; &lt;a class=&quot;external&quot; href=&quot;https://www.deviantart.com/users/outgoing?https://www.youtube.com/watch?v=BhcZBDZWk7E&amp;amp;feature=youtu.be&quot;&gt;www.youtube.com/watch?v=BhcZBD&amp;hellip;&lt;/a&gt;&lt;/h1&gt;&lt;span&gt;&lt;br /&gt;It&#039;s taken a while but the next part is finally here!&amp;nbsp;&lt;br /&gt;Didn&#039;t add an incredible&amp;nbsp;amount&amp;nbsp;of detail cause I wanted to give it a more raw(?) feeling?? &lt;a target=&quot;_self&quot; href=&quot;https://www.deviantart.com/cannotevenplz&quot; &gt;&lt;img class=&quot;avatar&quot; width=&quot;50&quot; height=&quot;50&quot; src=&quot;https://a.deviantart.net/avatars/c/a/cannotevenplz.gif?1&quot; alt=&quot;:iconcannotevenplz:&quot; title=&quot;cannotevenplz&quot; /&gt;&lt;/a&gt;&lt;br /&gt;&lt;br /&gt;I look at this piece as a closing of a chapter~&lt;br /&gt;I coulddddd end the story here cause I&#039;m honestly not sure how many of you are still interested in it haha.&lt;br /&gt;Also, if I do continue..(a lot of the story is planned out already) I have to admit that this will probably be the &#039;happiest you would see them..for a long..LONG time &lt;a target=&quot;_self&quot; href=&quot;https://www.deviantart.com/sweatplz&quot; &gt;&lt;img class=&quot;avatar&quot; width=&quot;50&quot; height=&quot;50&quot; src=&quot;https://a.deviantart.net/avatars/s/w/sweatplz.gif&quot; alt=&quot;:iconsweatplz:&quot; title=&quot;sweatplz&quot; /&gt;&lt;/a&gt;&amp;nbsp;&lt;br /&gt;&lt;br /&gt;What are your thoughts??&amp;nbsp;&lt;br /&gt;&lt;/span&gt;&lt;b&gt;__________________________________________________&lt;br /&gt;&lt;br /&gt;START OF STORY &amp;gt;&amp;gt;&amp;nbsp;&lt;/b&gt;&lt;b&gt;&lt;a href=&quot;https://www.deviantart.com/deviation/642986916&quot;&gt;&lt;/a&gt;&lt;a href=&quot;http://fav.me/damtfvo&quot;&gt;What have they done to you... (Zootopia Story) 1&lt;/a&gt;&lt;br /&gt;&lt;br /&gt;&lt;b&gt;&lt;span class=&quot;shadow-holder&quot; data-embed-type=&quot;deviation&quot; data-embed-id=&quot;777462718&quot; data-embed-format=&quot;thumb&quot;&gt;&lt;span class=&quot;shadow mild&quot; &gt;&lt;a class=&quot;thumb&quot; href=&quot;https://www.deviantart.com/neytirix/art/hey-you-Zootopia-Story-20-777462718&quot; title=&quot;hey you (Zootopia Story) 20 by Neytirix, Dec 20, 2018 in Fan Art &amp;gt; Digital Art &amp;gt; Drawings &amp;gt; Movies &amp;amp; TV&quot;data-super-img=&quot;https://images-wixmp-ed30a86b8c4ca887773594c2.wixmp.com/intermediary/f/bcdbac5b-cdc4-410e-8020-c863a7210f66/dcuvq2m-efdbcafe-b915-4870-b8c0-0e439ff0cc7e.jpg/v1/fill/w_522,h_1531,q_70,strp/hey_you__zootopia_story__20_by_neytirix_dcuvq2m-pre.jpg&quot; data-super-width=&quot;522&quot; data-super-height=&quot;1531&quot; data-super-transparent=&quot;false&quot; data-super-alt=&quot;hey you (Zootopia Story) 20 by Neytirix&quot; data-super-full-img=&quot;https://images-wixmp-ed30a86b8c4ca887773594c2.wixmp.com/intermediary/f/bcdbac5b-cdc4-410e-8020-c863a7210f66/dcuvq2m-efdbcafe-b915-4870-b8c0-0e439ff0cc7e.jpg&quot; data-super-full-width=&quot;1201&quot; data-super-full-height=&quot;3521&quot;        data-sigil=&quot;thumb&quot;&gt;
        &lt;i&gt;&lt;/i&gt;&lt;img   width=&quot;51&quot; height=&quot;150&quot; alt=&quot;hey you (Zootopia Story) 20 by Neytirix&quot; src=&quot;https://images-wixmp-ed30a86b8c4ca887773594c2.wixmp.com/intermediary/f/bcdbac5b-cdc4-410e-8020-c863a7210f66/dcuvq2m-efdbcafe-b915-4870-b8c0-0e439ff0cc7e.jpg/v1/fit/w_150,h_150,q_70,strp/hey_you__zootopia_story__20_by_neytirix_dcuvq2m-150.jpg&quot; data-src=&quot;https://images-wixmp-ed30a86b8c4ca887773594c2.wixmp.com/intermediary/f/bcdbac5b-cdc4-410e-8020-c863a7210f66/dcuvq2m-efdbcafe-b915-4870-b8c0-0e439ff0cc7e.jpg/v1/fit/w_150,h_150,q_70,strp/hey_you__zootopia_story__20_by_neytirix_dcuvq2m-150.jpg&quot; srcset=&quot;https://images-wixmp-ed30a86b8c4ca887773594c2.wixmp.com/intermediary/f/bcdbac5b-cdc4-410e-8020-c863a7210f66/dcuvq2m-efdbcafe-b915-4870-b8c0-0e439ff0cc7e.jpg/v1/fit/w_150,h_150,q_70,strp/hey_you__zootopia_story__20_by_neytirix_dcuvq2m-150.jpg 51w,https://images-wixmp-ed30a86b8c4ca887773594c2.wixmp.com/intermediary/f/bcdbac5b-cdc4-410e-8020-c863a7210f66/dcuvq2m-efdbcafe-b915-4870-b8c0-0e439ff0cc7e.jpg/v1/crop/w_100,h_251,x_0,y_0,scl_0.083263946711074,q_70,strp/hey_you__zootopia_story__20_by_neytirix_dcuvq2m-250t.jpg 100w,https://images-wixmp-ed30a86b8c4ca887773594c2.wixmp.com/intermediary/f/bcdbac5b-cdc4-410e-8020-c863a7210f66/dcuvq2m-efdbcafe-b915-4870-b8c0-0e439ff0cc7e.jpg/v1/crop/w_119,h_350,x_0,y_0,scl_0.099916736053289,q_70,strp/hey_you__zootopia_story__20_by_neytirix_dcuvq2m-350t.jpg 119w,https://images-wixmp-ed30a86b8c4ca887773594c2.wixmp.com/intermediary/f/bcdbac5b-cdc4-410e-8020-c863a7210f66/dcuvq2m-efdbcafe-b915-4870-b8c0-0e439ff0cc7e.jpg/v1/crop/w_136,h_400,x_0,y_0,scl_0.11407160699417,q_70,strp/hey_you__zootopia_story__20_by_neytirix_dcuvq2m-400t.jpg 136w,https://images-wixmp-ed30a86b8c4ca887773594c2.wixmp.com/intermediary/f/bcdbac5b-cdc4-410e-8020-c863a7210f66/dcuvq2m-efdbcafe-b915-4870-b8c0-0e439ff0cc7e.jpg/v1/fill/w_522,h_1531,q_70,strp/hey_you__zootopia_story__20_by_neytirix_dcuvq2m-pre.jpg 522w&quot; sizes=&quot;51px&quot;&gt;&lt;/a&gt;&lt;/span&gt;&lt;!-- ^TTT --&gt;&lt;!-- TTT$ --&gt;&lt;/span&gt;&amp;nbsp;&amp;lt;&amp;lt; PREVIOUS | NEXT &amp;gt;&amp;gt; ??&lt;br /&gt;&amp;nbsp;&lt;/b&gt;&lt;b&gt;&lt;br /&gt;&lt;sub&gt;Please no using without permission/proper credit~! (c)&amp;nbsp;&lt;/sub&gt;&lt;img src=&quot;https://e.deviantart.net/emoticons/n/nuu.gif&quot; alt=&quot;Nuu&quot; style=&quot;width: 17px; height: 16px;&quot; data-embed-type=&quot;emoticon&quot; data-embed-id=&quot;596&quot;&gt;&lt;br /&gt;___________________________________________________&lt;br /&gt;&lt;sub&gt;Tools used &amp;gt;&amp;gt; SAI and Photoshop CC.&lt;br /&gt;&lt;a href=&quot;https://www.deviantart.com/4everyoungkid/art/youtube-271323237&quot; class=&quot;emoticon&quot; data-embed-type=&quot;emoticon&quot; data-embed-id=&quot;271323237&quot; data-embed-profile=&quot;deviation&quot;&gt;&lt;img src=&quot;https://orig00.deviantart.net/f88b/f/2011/332/1/f/1fcf2444e2718a37ffac7c8cb08058df-d4hjecl.gif&quot; alt=&quot;:youtube:&quot; style=&quot;width:16px;height:16px&quot;&gt;&lt;/a&gt;&amp;nbsp; &amp;gt;&amp;gt;&amp;nbsp;&lt;a class=&quot;external&quot; href=&quot;https://www.deviantart.com/users/outgoing?https://www.youtube.com/user/Deathtobutterflies/featured&quot;&gt;www.youtube.com/user/Deathtobu&amp;#8230;&lt;/a&gt;&lt;br /&gt;&lt;a href=&quot;https://www.deviantart.com/poserfan/art/Tumblr-Icon-314822709&quot; class=&quot;emoticon&quot; data-embed-type=&quot;emoticon&quot; data-embed-id=&quot;314822709&quot; data-embed-profile=&quot;deviation&quot;&gt;&lt;img src=&quot;https://orig00.deviantart.net/28ed/f/2015/212/c/0/tumblr_icon_by_poserfan-d57fqr9.gif&quot; alt=&quot;Tumblr Icon&quot; style=&quot;width:16px;height:16px&quot;&gt;&lt;/a&gt;&amp;nbsp;&amp;gt;&amp;gt;&amp;nbsp;&lt;a class=&quot;external&quot; href=&quot;https://www.deviantart.com/users/outgoing?http://neytirix.tumblr.com/&quot;&gt;neytirix.tumblr.com/&lt;/a&gt;&lt;br /&gt;&lt;img src=&quot;https://e.deviantart.net/emoticons/t/twitter_2.gif&quot; alt=&quot;Twitter&quot; style=&quot;width: 16px; height: 16px;&quot; data-embed-type=&quot;emoticon&quot; data-embed-id=&quot;614&quot;&gt;&amp;nbsp;&amp;nbsp;&amp;nbsp;&amp;gt;&amp;gt;&amp;nbsp;&lt;a class=&quot;external&quot; href=&quot;https://www.deviantart.com/users/outgoing?https://twitter.com/Neytiirix?lang=en%A0&quot;&gt;twitter.com/Neytiirix?lang=en&amp;amp;&amp;#8230;&lt;/a&gt;;&lt;br /&gt;&lt;a href=&quot;https://www.deviantart.com/poserfan/art/Twitch-Icon-610621096&quot; class=&quot;emoticon&quot; data-embed-type=&quot;emoticon&quot; data-embed-id=&quot;610621096&quot; data-embed-profile=&quot;deviation&quot;&gt;&lt;img src=&quot;https://images-wixmp-ed30a86b8c4ca887773594c2.wixmp.com/intermediary/f/0a6e9796-d386-4234-97d1-d46c16906e81/da3jq94-f2cfceb5-2e4c-414a-9944-18f6e0b616c2.png&quot; alt=&quot;Twitch Icon&quot; style=&quot;width:16px;height:16px&quot;&gt;&lt;/a&gt;&amp;nbsp;&amp;gt;&amp;gt;&amp;nbsp;&lt;a class=&quot;external&quot; href=&quot;https://www.deviantart.com/users/outgoing?https://www.twitch.tv/neytiriix%A0&quot;&gt;www.twitch.tv/neytiriix&amp;nbsp;&lt;/a&gt;&lt;br /&gt;&lt;a href=&quot;https://www.deviantart.com/poserfan/art/Instagram-New-Icon-608963664&quot; class=&quot;emoticon&quot; data-embed-type=&quot;emoticon&quot; data-embed-id=&quot;608963664&quot; data-embed-profile=&quot;deviation&quot;&gt;&lt;img src=&quot;https://images-wixmp-ed30a86b8c4ca887773594c2.wixmp.com/intermediary/f/0a6e9796-d386-4234-97d1-d46c16906e81/da2k7dc-81054cd1-99a8-4653-bd88-048d077f7265.png&quot; alt=&quot;Instagram New Icon&quot; style=&quot;width:16px;height:16px&quot;&gt;&lt;/a&gt;&amp;nbsp;&amp;gt;&amp;gt;&amp;nbsp;&lt;a class=&quot;external&quot; href=&quot;https://www.deviantart.com/users/outgoing?https://www.instagram.com/neytirixx/&quot;&gt;www.instagram.com/neytirixx/&lt;/a&gt;&lt;/sub&gt;&lt;/b&gt;&lt;/b&gt;&lt;br /&gt;&lt;div&gt;&lt;img src=&quot;https://t00.deviantart.net/F7C1vb_v0d2-QsDldePYgi4l3PU=/300x200/filters:fixed_height(100,100):origin()/pre00/4432/th/pre/i/2019/056/e/2/finally__zootopia_story__21_by_neytirix-dd0ns6w.jpg&quot; alt=&quot;thumbnail&quot; /&gt;&lt;/div&gt;</description>            </item>
                    <item>
                <title>Rover&#039;s life</title>
                <link>https://dishwasher1910.deviantart.com/art/Rover-s-life-787133359</link>
                <guid isPermaLink="true">https://dishwasher1910.deviantart.com/art/Rover-s-life-787133359</guid>
                <pubDate>Sun, 24 Feb 2019 18:43:25 PST</pubDate>
                        <media:title type="plain">Rover&#039;s life</media:title>
        <media:keywords></media:keywords>
                        <media:rating>nonadult</media:rating>
                <media:category label="Pages &amp; Panels">manga/digital/manga/pages</media:category>
        <media:credit role="author" scheme="urn:ebu">dishwasher1910</media:credit>
        <media:credit role="author" scheme="urn:ebu">https://a.deviantart.net/avatars/d/i/dishwasher1910.png?11</media:credit>
        <media:copyright url="https://dishwasher1910.deviantart.com">Copyright 2019 dishwasher1910</media:copyright>            <media:description type="html"></media:description>            <media:thumbnail url="https://t00.deviantart.net/rNUtHQHgySUq6XScIkd_XJgDE1g=/fit-in/150x150/filters:no_upscale():origin()/pre00/c392/th/pre/f/2019/055/2/b/rover_s_life_by_dishwasher1910-dd0mzzj.png" height="150" width="16"/>            <media:thumbnail url="https://t00.deviantart.net/Jfi8wR4P_clGnv8bEst4aJf120c=/fit-in/300x900/filters:no_upscale():origin()/pre00/c392/th/pre/f/2019/055/2/b/rover_s_life_by_dishwasher1910-dd0mzzj.png" height="900" width="98"/>            <media:thumbnail url="https://t00.deviantart.net/mk3WCWsfgqeTx01KE7bhRrhMEJU=/300x200/filters:fixed_height(100,100):origin()/pre00/c392/th/pre/f/2019/055/2/b/rover_s_life_by_dishwasher1910-dd0mzzj.png" height="201" width="100"/>            <media:content url="https://pre00.deviantart.net/c392/th/pre/f/2019/055/2/b/rover_s_life_by_dishwasher1910-dd0mzzj.png" height="2704" width="295" medium="image"/>            
            <description>&lt;br /&gt;&lt;div&gt;&lt;img src=&quot;https://t00.deviantart.net/mk3WCWsfgqeTx01KE7bhRrhMEJU=/300x200/filters:fixed_height(100,100):origin()/pre00/c392/th/pre/f/2019/055/2/b/rover_s_life_by_dishwasher1910-dd0mzzj.png&quot; alt=&quot;thumbnail&quot; /&gt;&lt;/div&gt;</description>            </item>
                    <item>
                <title>ZEYTRIA: Crimson Tanya</title>
                <link>https://blazbaros.deviantart.com/art/ZEYTRIA-Crimson-Tanya-787150238</link>
                <guid isPermaLink="true">https://blazbaros.deviantart.com/art/ZEYTRIA-Crimson-Tanya-787150238</guid>
                <pubDate>Sun, 24 Feb 2019 21:36:05 PST</pubDate>
                        <media:title type="plain">ZEYTRIA: Crimson Tanya</media:title>
        <media:keywords></media:keywords>
                        <media:rating>nonadult</media:rating>
                <media:category label="Pin-up">digitalart/paintings/people/pinup</media:category>
        <media:credit role="author" scheme="urn:ebu">Blazbaros</media:credit>
        <media:credit role="author" scheme="urn:ebu">https://a.deviantart.net/avatars/b/l/blazbaros.jpg?15</media:credit>
        <media:copyright url="https://blazbaros.deviantart.com">Copyright 2019 Blazbaros</media:copyright>             <creativeCommons:license>http://creativecommons.org/licenses/by-nc-nd/3.0/</creativeCommons:license>
                <media:description type="html">Commissioned by &lt;span class=&quot;username-with-symbol u&quot;&gt;&lt;a class=&quot;u regular username&quot; href=&quot;https://www.deviantart.com/riaden234&quot;&gt;Riaden234&lt;/a&gt;&lt;span class=&quot;user-symbol regular&quot; data-quicktip-text=&quot;&quot; data-show-tooltip=&quot;&quot; data-gruser-type=&quot;regular&quot;&gt;&lt;/span&gt;&lt;/span&gt; for our Dungeons and Dragons world: ZEYTRIA.&lt;br /&gt;&lt;br /&gt;&lt;i&gt;&amp;#8220;Heroic adventurer, master swordswoman, a fearsome mercenary, and cunning queen! Listen well friends to the heroic saga of the legendary She-devil, Crimson Tanya!&amp;#8221; &lt;/i&gt;- The Mercenary Queen Volume One&lt;br /&gt;&lt;br /&gt;While there have been many famous mercenaries and adventurers throughout Eodora&amp;#8217;s history, few have ever perhaps have managed to attain the legend around them or accomplish as much as Crimson Tanya.&lt;br /&gt;&lt;br /&gt;Believed to have been born somewhere on the border of Oberstaad and Gillidan during the aftermath of The Kings&amp;#8217; War, Tanya grew up as an orphan like many other children at that time. However, because of her warped bloodline, Tanya would find it difficult to find acceptance as tiefling and thus would start adventuring across Eodora early on from her childhood.&lt;br /&gt;&lt;br /&gt;In the course of her journey, she immersed herself in swordplay, frequently entering in duels and tournaments to make her fortune. &amp;nbsp;Her reputation to seek out the best and challenge them despite her lack of skill gave her an air of audacity and bravado that drew the attention of other outcast adventurers. &amp;nbsp;She would quickly forge close bonds with, forming a mercenary band known as the Grey Griffins, spending the next decade fighting for coin across Eodora.&lt;br /&gt;&lt;br /&gt;Eventually, a new conflict known as the Black Crusades would arise, driving many to cross the Ivory Strait to the shores of Ubara to fight against the Black Sultanate of Zakar. Tanya and her company would decline to go south, which was fortuitous to say the least, as her company suddenly became the sole defender of the realms unprepared for the arrival of the Hermit. &amp;nbsp;His own origins were mysterious, as well as his goals, but his rousing tirades against the collective monarchies stirred the peasantry to the point of rebellion. &amp;nbsp;The Hermit&amp;#8217;s army began threatening villages and towns for food and supplies, turning into little more than a ravaneous mob, slaughtering and burning any villages who stood against them.&lt;br /&gt;&lt;br /&gt;Unable to stand by and see innocents get slaughtered while the kingdoms remained preoccupied with funding their war efforts overseas, Tanya and her mercenary company offered their services to the gathered rulers. &amp;nbsp;Sadly, they had no gold to give them, but Tanya put forth one of her famous audacious proposals: grant them a piece of land to settle and maintain and in return, they will end the Hermit&amp;#8217;s reign of terror. &amp;nbsp;With little recourse, the rulers agreed, with the caveat that the land would be where they would defeat the Hermit.&lt;br /&gt;&lt;br /&gt;Instead of rushing out to face the zealots, the Grey Griffons took their time, waiting for them to pass through choice land they would fight for. &amp;nbsp;This angered the rulers, but there was little they could do until the day finally dawned that the mercenaries rode out. Stahlland, a small region in the south of Gillindan, proved to be the battleground, a fertile valley plain on the edge of the Great Lake. &amp;nbsp;Not only would it be a prize worthy of defending, but the pass into it would also bottleneck the numbers of the Hermit&amp;#8217;s army. &amp;nbsp;With a small force that was dwarfed by the Hermit&amp;#8217;s numbers the mercenaries held fast and broke them wave by wave. &lt;br /&gt;&lt;br /&gt;For their victory, ownership of the region of Stahlland would fall to Tanya and her commanders. She would end up becoming its first queen with her close allies raised to the rank of nobility. &amp;nbsp;Word of her rags-to-riches tale inspired many others to take up arms in defense of their homes, ensuring that no one like the Hermit could rampage across the land again. &amp;nbsp;Soon, swarms of would-be sellswords migrated into Stahlland, transforming it into the mercenary capital of Eodora overnight. &lt;br /&gt;&lt;br /&gt;Tanya proved to be a ruler, described by her peers as a mailed fist within a velvet glove. &amp;nbsp;While she personally believed she had no talent for statecraft, her time as queen saw the land prosper, allowing for the creation of the first constitutional monarchy to implemented in Eodora. &amp;nbsp;Wanderlust often tugged at her, knowing greater and grander adventures awaited in far off lands, but her sense of duty and responsibility prevented her from doing so.&lt;br /&gt;&lt;br /&gt;Thanks to Tanya&amp;#8217;s tiefling lifespan, her reign came to a conclusion after forty years, enjoying the good and weathering the bad that came with it. She would peacefully step down from her position as queen and allow for her subjects to vote for the next worthy ruler, elected from Stahlland&amp;#8217;s nobility, an act seen as both very controversial, and yet, so bold. &amp;nbsp;Once Tanya saw that her land was in good hands, she took up her famed sword Crimson Kiss and left for lands unknown.&lt;br /&gt;&lt;br /&gt;Her continuing ventures have been sparsely recorded, but she has reportedly traveled the length and breadth of the world. &amp;nbsp;She remains a living legend to this day, not only to the people of Stahlland but to many aspiring adventurers.</media:description>            <media:thumbnail url="https://t00.deviantart.net/HgicOlJZJhkRuWRceYbli2733qk=/fit-in/150x150/filters:no_upscale():origin()/pre00/9600/th/pre/f/2019/055/c/2/zeytria__crimson_tanya_by_blazbaros-dd0nd0e.png" height="150" width="150"/>            <media:thumbnail url="https://t00.deviantart.net/tj5hsIWX6oLw6GVQN2lYuGNYAOk=/fit-in/300x900/filters:no_upscale():origin()/pre00/9600/th/pre/f/2019/055/c/2/zeytria__crimson_tanya_by_blazbaros-dd0nd0e.png" height="300" width="300"/>            <media:thumbnail url="https://t00.deviantart.net/AVp24SCX5eLkyW960ASyRNLlJ8w=/300x200/filters:fixed_height(100,100):origin()/pre00/9600/th/pre/f/2019/055/c/2/zeytria__crimson_tanya_by_blazbaros-dd0nd0e.png" height="200" width="200"/>            <media:content url="https://pre00.deviantart.net/9600/th/pre/f/2019/055/c/2/zeytria__crimson_tanya_by_blazbaros-dd0nd0e.png" height="894" width="894" medium="image"/>            
            <description>Commissioned by &lt;span class=&quot;username-with-symbol u&quot;&gt;&lt;a class=&quot;u regular username&quot; href=&quot;https://www.deviantart.com/riaden234&quot;&gt;Riaden234&lt;/a&gt;&lt;span class=&quot;user-symbol regular&quot; data-quicktip-text=&quot;&quot; data-show-tooltip=&quot;&quot; data-gruser-type=&quot;regular&quot;&gt;&lt;/span&gt;&lt;/span&gt; for our Dungeons and Dragons world: ZEYTRIA.&lt;br /&gt;&lt;br /&gt;&lt;i&gt;&amp;#8220;Heroic adventurer, master swordswoman, a fearsome mercenary, and cunning queen! Listen well friends to the heroic saga of the legendary She-devil, Crimson Tanya!&amp;#8221; &lt;/i&gt;- The Mercenary Queen Volume One&lt;br /&gt;&lt;br /&gt;While there have been many famous mercenaries and adventurers throughout Eodora&amp;#8217;s history, few have ever perhaps have managed to attain the legend around them or accomplish as much as Crimson Tanya.&lt;br /&gt;&lt;br /&gt;Believed to have been born somewhere on the border of Oberstaad and Gillidan during the aftermath of The Kings&amp;#8217; War, Tanya grew up as an orphan like many other children at that time. However, because of her warped bloodline, Tanya would find it difficult to find acceptance as tiefling and thus would start adventuring across Eodora early on from her childhood.&lt;br /&gt;&lt;br /&gt;In the course of her journey, she immersed herself in swordplay, frequently entering in duels and tournaments to make her fortune. &amp;nbsp;Her reputation to seek out the best and challenge them despite her lack of skill gave her an air of audacity and bravado that drew the attention of other outcast adventurers. &amp;nbsp;She would quickly forge close bonds with, forming a mercenary band known as the Grey Griffins, spending the next decade fighting for coin across Eodora.&lt;br /&gt;&lt;br /&gt;Eventually, a new conflict known as the Black Crusades would arise, driving many to cross the Ivory Strait to the shores of Ubara to fight against the Black Sultanate of Zakar. Tanya and her company would decline to go south, which was fortuitous to say the least, as her company suddenly became the sole defender of the realms unprepared for the arrival of the Hermit. &amp;nbsp;His own origins were mysterious, as well as his goals, but his rousing tirades against the collective monarchies stirred the peasantry to the point of rebellion. &amp;nbsp;The Hermit&amp;#8217;s army began threatening villages and towns for food and supplies, turning into little more than a ravaneous mob, slaughtering and burning any villages who stood against them.&lt;br /&gt;&lt;br /&gt;Unable to stand by and see innocents get slaughtered while the kingdoms remained preoccupied with funding their war efforts overseas, Tanya and her mercenary company offered their services to the gathered rulers. &amp;nbsp;Sadly, they had no gold to give them, but Tanya put forth one of her famous audacious proposals: grant them a piece of land to settle and maintain and in return, they will end the Hermit&amp;#8217;s reign of terror. &amp;nbsp;With little recourse, the rulers agreed, with the caveat that the land would be where they would defeat the Hermit.&lt;br /&gt;&lt;br /&gt;Instead of rushing out to face the zealots, the Grey Griffons took their time, waiting for them to pass through choice land they would fight for. &amp;nbsp;This angered the rulers, but there was little they could do until the day finally dawned that the mercenaries rode out. Stahlland, a small region in the south of Gillindan, proved to be the battleground, a fertile valley plain on the edge of the Great Lake. &amp;nbsp;Not only would it be a prize worthy of defending, but the pass into it would also bottleneck the numbers of the Hermit&amp;#8217;s army. &amp;nbsp;With a small force that was dwarfed by the Hermit&amp;#8217;s numbers the mercenaries held fast and broke them wave by wave. &lt;br /&gt;&lt;br /&gt;For their victory, ownership of the region of Stahlland would fall to Tanya and her commanders. She would end up becoming its first queen with her close allies raised to the rank of nobility. &amp;nbsp;Word of her rags-to-riches tale inspired many others to take up arms in defense of their homes, ensuring that no one like the Hermit could rampage across the land again. &amp;nbsp;Soon, swarms of would-be sellswords migrated into Stahlland, transforming it into the mercenary capital of Eodora overnight. &lt;br /&gt;&lt;br /&gt;Tanya proved to be a ruler, described by her peers as a mailed fist within a velvet glove. &amp;nbsp;While she personally believed she had no talent for statecraft, her time as queen saw the land prosper, allowing for the creation of the first constitutional monarchy to implemented in Eodora. &amp;nbsp;Wanderlust often tugged at her, knowing greater and grander adventures awaited in far off lands, but her sense of duty and responsibility prevented her from doing so.&lt;br /&gt;&lt;br /&gt;Thanks to Tanya&amp;#8217;s tiefling lifespan, her reign came to a conclusion after forty years, enjoying the good and weathering the bad that came with it. She would peacefully step down from her position as queen and allow for her subjects to vote for the next worthy ruler, elected from Stahlland&amp;#8217;s nobility, an act seen as both very controversial, and yet, so bold. &amp;nbsp;Once Tanya saw that her land was in good hands, she took up her famed sword Crimson Kiss and left for lands unknown.&lt;br /&gt;&lt;br /&gt;Her continuing ventures have been sparsely recorded, but she has reportedly traveled the length and breadth of the world. &amp;nbsp;She remains a living legend to this day, not only to the people of Stahlland but to many aspiring adventurers.&lt;br /&gt;&lt;div&gt;&lt;img src=&quot;https://t00.deviantart.net/AVp24SCX5eLkyW960ASyRNLlJ8w=/300x200/filters:fixed_height(100,100):origin()/pre00/9600/th/pre/f/2019/055/c/2/zeytria__crimson_tanya_by_blazbaros-dd0nd0e.png&quot; alt=&quot;thumbnail&quot; /&gt;&lt;/div&gt;</description>            </item>
                    <item>
                <title>Castle on the hill</title>
                <link>https://elenadudina.deviantart.com/art/Castle-on-the-hill-787183538</link>
                <guid isPermaLink="true">https://elenadudina.deviantart.com/art/Castle-on-the-hill-787183538</guid>
                <pubDate>Mon, 25 Feb 2019 05:20:08 PST</pubDate>
                        <media:title type="plain">Castle on the hill</media:title>
        <media:keywords></media:keywords>
                        <media:rating>nonadult</media:rating>
                <media:category label="Fantasy">digitalart/photomanip/fantasy</media:category>
        <media:credit role="author" scheme="urn:ebu">ElenaDudina</media:credit>
        <media:credit role="author" scheme="urn:ebu">https://a.deviantart.net/avatars/e/l/elenadudina.gif</media:credit>
        <media:copyright url="https://elenadudina.deviantart.com">Copyright 2019 ElenaDudina</media:copyright>            <media:description type="html">&lt;div&gt;&lt;div&gt;&lt;div&gt;&lt;div&gt;&lt;div&gt;&lt;div align=&quot;center&quot;&gt;&lt;div&gt;&lt;div&gt;&lt;div&gt;&lt;span class=&quot;shadow-holder&quot; data-embed-type=&quot;deviation&quot; data-embed-id=&quot;5386260421326850&quot; data-embed-format=&quot;thumb&quot;&gt;&lt;span class=&quot;shadow mild&quot; &gt;&lt;a class=&quot;thumb&quot; href=&quot;https://sta.sh/01h19pvlqgoy&quot; title=&quot;kaGh5 patreon name and message by ElenaDudina, Oct 1, 2017&quot;data-super-img=&quot;https://images-wixmp-ed30a86b8c4ca887773594c2.wixmp.com/intermediary/f/10b31259-7cf0-4694-b93d-77c8100ec52f/dbp4v5j-47f77ffc-b586-4588-aace-a0f9781266a4.png&quot; data-super-width=&quot;656&quot; data-super-height=&quot;290&quot; data-super-transparent=&quot;true&quot; data-super-alt=&quot;kaGh5 patreon name and message by ElenaDudina&quot; data-super-full-img=&quot;https://api-da.wixmp.com/_api/download/file?downloadToken=eyJ0eXAiOiJKV1QiLCJhbGciOiJIUzI1NiJ9.eyJzdWIiOiJ1cm46YXBwOjdlMGQxODg5ODIyNjQzNzNhNWYwZDQxNWVhMGQyNmUwIiwiaXNzIjoidXJuOmFwcDo3ZTBkMTg4OTgyMjY0MzczYTVmMGQ0MTVlYTBkMjZlMCIsImV4cCI6MTU1MTEwOTQzMywiaWF0IjoxNTUxMTA4ODIzLCJqdGkiOiI1Yzc0MGFlMWU3OWZlIiwib2JqIjpudWxsLCJhdWQiOlsidXJuOnNlcnZpY2U6ZmlsZS5kb3dubG9hZCJdLCJwYXlsb2FkIjp7InBhdGgiOiJcL2ZcLzEwYjMxMjU5LTdjZjAtNDY5NC1iOTNkLTc3YzgxMDBlYzUyZlwvZGJwNHY1ai00N2Y3N2ZmYy1iNTg2LTQ1ODgtYWFjZS1hMGY5NzgxMjY2YTQucG5nIn19.ITxqaSf1ANdZFmEwIoos9wr_C0mwz6WcdcT0waL4oS0&quot; data-super-full-width=&quot;656&quot; data-super-full-height=&quot;290&quot;        data-sigil=&quot;thumb&quot;&gt;
        &lt;i&gt;&lt;/i&gt;&lt;img   width=&quot;150&quot; height=&quot;66&quot; alt=&quot;kaGh5 patreon name and message by ElenaDudina&quot; src=&quot;https://images-wixmp-ed30a86b8c4ca887773594c2.wixmp.com/intermediary/f/10b31259-7cf0-4694-b93d-77c8100ec52f/dbp4v5j-47f77ffc-b586-4588-aace-a0f9781266a4.png/v1/fit/w_150,h_150,strp/kagh5_patreon_name_and_message_by_elenadudina_dbp4v5j-150.png&quot; data-src=&quot;https://images-wixmp-ed30a86b8c4ca887773594c2.wixmp.com/intermediary/f/10b31259-7cf0-4694-b93d-77c8100ec52f/dbp4v5j-47f77ffc-b586-4588-aace-a0f9781266a4.png/v1/fit/w_150,h_150,strp/kagh5_patreon_name_and_message_by_elenadudina_dbp4v5j-150.png&quot; srcset=&quot;https://images-wixmp-ed30a86b8c4ca887773594c2.wixmp.com/intermediary/f/10b31259-7cf0-4694-b93d-77c8100ec52f/dbp4v5j-47f77ffc-b586-4588-aace-a0f9781266a4.png/v1/fit/w_150,h_150,strp/kagh5_patreon_name_and_message_by_elenadudina_dbp4v5j-150.png 150w,https://images-wixmp-ed30a86b8c4ca887773594c2.wixmp.com/intermediary/f/10b31259-7cf0-4694-b93d-77c8100ec52f/dbp4v5j-47f77ffc-b586-4588-aace-a0f9781266a4.png/v1/fill/w_500,h_221,strp/kagh5_patreon_name_and_message_by_elenadudina_dbp4v5j-250t.png 500w,https://images-wixmp-ed30a86b8c4ca887773594c2.wixmp.com/intermediary/f/10b31259-7cf0-4694-b93d-77c8100ec52f/dbp4v5j-47f77ffc-b586-4588-aace-a0f9781266a4.png 656w&quot; sizes=&quot;150px&quot;&gt;&lt;/a&gt;&lt;/span&gt;&lt;!-- ^TTT --&gt;&lt;!-- TTT$ --&gt;&lt;/span&gt;&lt;u&gt;&lt;b&gt;&lt;br /&gt;&lt;/b&gt;&lt;/u&gt;&lt;/div&gt;&lt;/div&gt;&lt;div&gt;&lt;div&gt;&lt;div&gt;&lt;div&gt;&lt;u&gt;&lt;b&gt;&lt;br /&gt;&lt;/b&gt;&lt;/u&gt;&lt;/div&gt;&lt;div&gt;&lt;u&gt;&lt;b&gt;&lt;a class=&quot;external&quot; href=&quot;https://www.deviantart.com/users/outgoing?https://www.patreon.com/elenadudina&quot;&gt;www.patreon.com/elenadudina&lt;/a&gt;&lt;/b&gt;&lt;/u&gt;&lt;/div&gt;&lt;div&gt;&lt;u&gt;&lt;b&gt;&lt;br /&gt;&lt;/b&gt;&lt;/u&gt;&lt;/div&gt;&lt;br /&gt;&lt;div&gt;&lt;u&gt;&lt;b&gt;&lt;br /&gt;&lt;/b&gt;&lt;/u&gt;&lt;/div&gt;&lt;div&gt;&lt;b&gt;&lt;u&gt;Stocks&lt;/u&gt;&lt;/b&gt;&lt;/div&gt;&lt;div&gt;&lt;br /&gt;&lt;div&gt;&lt;a class=&quot;external&quot; href=&quot;https://www.deviantart.com/users/outgoing?https://pixabay.com/es/photos/cielo-bosque-naturaleza-paisaje-3717371/&quot;&gt;&lt;b&gt;Castle&lt;/b&gt;&lt;/a&gt;&lt;/div&gt;&lt;div&gt;&lt;a class=&quot;external&quot; href=&quot;https://www.deviantart.com/users/outgoing?https://pixabay.com/es/photos/china-guilin-viajes-2448075/&quot;&gt;&lt;b&gt;Rocks&lt;/b&gt;&lt;/a&gt;&lt;/div&gt;&lt;div&gt;&lt;a class=&quot;external&quot; href=&quot;https://www.deviantart.com/users/outgoing?pacific 1&quot;&gt;&lt;b&gt;Rock&lt;/b&gt;&lt;/a&gt;&lt;/div&gt;&lt;a class=&quot;external&quot; href=&quot;https://www.deviantart.com/users/outgoing?https://pixabay.com/es/photos/guante-de-roca-oto%C3%B1o-naturaleza-1082731/&quot;&gt;&lt;b&gt;Rock&lt;/b&gt;&lt;/a&gt;&lt;/div&gt;&lt;div&gt;&lt;a class=&quot;external&quot; href=&quot;https://www.deviantart.com/users/outgoing?https://pixabay.com/es/photos/francia-ard%C3%A8che-r%C3%ADo-palista-paleta-2392124/&quot;&gt;&lt;b&gt;River&lt;/b&gt;&lt;/a&gt;&lt;/div&gt;&lt;div&gt;&lt;a href=&quot;https://www.deviantart.com/jj-247&quot;&gt;&lt;b&gt;Tree&lt;/b&gt;&lt;/a&gt;&lt;/div&gt;&lt;div&gt;&lt;br /&gt;&lt;/div&gt;&lt;/div&gt;&lt;div&gt;&lt;div&gt;&lt;b&gt;Lo dem&amp;#225;s, pintado y mis propios recursos &lt;/b&gt;&lt;br /&gt;&lt;/div&gt;&lt;/div&gt;&lt;div&gt;&lt;br /&gt;&lt;/div&gt;&lt;div&gt;&lt;span class=&quot;shadow-holder&quot; data-embed-type=&quot;deviation&quot; data-embed-id=&quot;783125162&quot; data-embed-format=&quot;thumb&quot;&gt;&lt;span class=&quot;shadow mild&quot; &gt;&lt;a class=&quot;thumb hasprint&quot; href=&quot;https://www.deviantart.com/elenadudina/art/Blue-tree-783125162&quot; title=&quot;Blue tree by ElenaDudina, Jan 28, 2019 in Digital Art &amp;gt; Photomanipulation &amp;gt; Fantasy&quot;data-super-img=&quot;https://images-wixmp-ed30a86b8c4ca887773594c2.wixmp.com/intermediary/f/10b31259-7cf0-4694-b93d-77c8100ec52f/dcy938q-78928b41-f2db-4e5f-a8f0-7aa063e09b4a.jpg/v1/fill/w_1024,h_552,q_70,strp/blue_tree_by_elenadudina_dcy938q-fullview.jpg&quot; data-super-width=&quot;1024&quot; data-super-height=&quot;552&quot; data-super-transparent=&quot;false&quot; data-super-alt=&quot;Blue tree by ElenaDudina&quot; data-super-full-img=&quot;https://images-wixmp-ed30a86b8c4ca887773594c2.wixmp.com/intermediary/f/10b31259-7cf0-4694-b93d-77c8100ec52f/dcy938q-78928b41-f2db-4e5f-a8f0-7aa063e09b4a.jpg/v1/fill/w_1024,h_552,q_70,strp/blue_tree_by_elenadudina_dcy938q-fullview.jpg&quot; data-super-full-width=&quot;1024&quot; data-super-full-height=&quot;552&quot;        data-sigil=&quot;thumb&quot;&gt;
        &lt;i&gt;&lt;/i&gt;&lt;img   width=&quot;150&quot; height=&quot;81&quot; alt=&quot;Blue tree by ElenaDudina&quot; src=&quot;https://images-wixmp-ed30a86b8c4ca887773594c2.wixmp.com/intermediary/f/10b31259-7cf0-4694-b93d-77c8100ec52f/dcy938q-78928b41-f2db-4e5f-a8f0-7aa063e09b4a.jpg/v1/fit/w_150,h_150,q_70,strp/blue_tree_by_elenadudina_dcy938q-150.jpg&quot; data-src=&quot;https://images-wixmp-ed30a86b8c4ca887773594c2.wixmp.com/intermediary/f/10b31259-7cf0-4694-b93d-77c8100ec52f/dcy938q-78928b41-f2db-4e5f-a8f0-7aa063e09b4a.jpg/v1/fit/w_150,h_150,q_70,strp/blue_tree_by_elenadudina_dcy938q-150.jpg&quot; srcset=&quot;https://images-wixmp-ed30a86b8c4ca887773594c2.wixmp.com/intermediary/f/10b31259-7cf0-4694-b93d-77c8100ec52f/dcy938q-78928b41-f2db-4e5f-a8f0-7aa063e09b4a.jpg/v1/fit/w_150,h_150,q_70,strp/blue_tree_by_elenadudina_dcy938q-150.jpg 150w,https://images-wixmp-ed30a86b8c4ca887773594c2.wixmp.com/intermediary/f/10b31259-7cf0-4694-b93d-77c8100ec52f/dcy938q-78928b41-f2db-4e5f-a8f0-7aa063e09b4a.jpg/v1/fill/w_464,h_250,q_70,strp/blue_tree_by_elenadudina_dcy938q-250t.jpg 464w,https://images-wixmp-ed30a86b8c4ca887773594c2.wixmp.com/intermediary/f/10b31259-7cf0-4694-b93d-77c8100ec52f/dcy938q-78928b41-f2db-4e5f-a8f0-7aa063e09b4a.jpg/v1/fill/w_650,h_350,q_70,strp/blue_tree_by_elenadudina_dcy938q-350t.jpg 649w,https://images-wixmp-ed30a86b8c4ca887773594c2.wixmp.com/intermediary/f/10b31259-7cf0-4694-b93d-77c8100ec52f/dcy938q-78928b41-f2db-4e5f-a8f0-7aa063e09b4a.jpg/v1/fill/w_743,h_400,q_70,strp/blue_tree_by_elenadudina_dcy938q-400t.jpg 742w,https://images-wixmp-ed30a86b8c4ca887773594c2.wixmp.com/intermediary/f/10b31259-7cf0-4694-b93d-77c8100ec52f/dcy938q-78928b41-f2db-4e5f-a8f0-7aa063e09b4a.jpg/v1/fill/w_1024,h_552,q_70,strp/blue_tree_by_elenadudina_dcy938q-fullview.jpg 1024w&quot; sizes=&quot;150px&quot;&gt;&lt;/a&gt;&lt;/span&gt;&lt;!-- ^TTT --&gt;&lt;!-- TTT$ --&gt;&lt;/span&gt;&lt;br /&gt;&lt;/div&gt;&lt;div&gt;&lt;span class=&quot;shadow-holder&quot; data-embed-type=&quot;deviation&quot; data-embed-id=&quot;781942753&quot; data-embed-format=&quot;thumb&quot;&gt;&lt;span class=&quot;shadow mild&quot; &gt;&lt;a class=&quot;thumb&quot; href=&quot;https://www.deviantart.com/elenadudina/art/Mountain-tree-781942753&quot; title=&quot;Mountain tree by ElenaDudina, Jan 20, 2019 in Digital Art &amp;gt; Photomanipulation &amp;gt; Landscapes &amp;amp; Scenery&quot;data-super-img=&quot;https://images-wixmp-ed30a86b8c4ca887773594c2.wixmp.com/intermediary/f/10b31259-7cf0-4694-b93d-77c8100ec52f/dcxjqw1-2e935167-ad5e-422d-bdc4-5808ca205a29.jpg/v1/fill/w_1218,h_656,q_70,strp/mountain_tree_by_elenadudina_dcxjqw1-pre.jpg&quot; data-super-width=&quot;1218&quot; data-super-height=&quot;656&quot; data-super-transparent=&quot;false&quot; data-super-alt=&quot;Mountain tree by ElenaDudina&quot; data-super-full-img=&quot;https://images-wixmp-ed30a86b8c4ca887773594c2.wixmp.com/intermediary/f/10b31259-7cf0-4694-b93d-77c8100ec52f/dcxjqw1-2e935167-ad5e-422d-bdc4-5808ca205a29.jpg/v1/fill/w_1280,h_690,q_70,strp/mountain_tree_by_elenadudina_dcxjqw1-fullview.jpg&quot; data-super-full-width=&quot;1280&quot; data-super-full-height=&quot;690&quot;        data-sigil=&quot;thumb&quot;&gt;
        &lt;i&gt;&lt;/i&gt;&lt;img   width=&quot;150&quot; height=&quot;81&quot; alt=&quot;Mountain tree by ElenaDudina&quot; src=&quot;https://images-wixmp-ed30a86b8c4ca887773594c2.wixmp.com/intermediary/f/10b31259-7cf0-4694-b93d-77c8100ec52f/dcxjqw1-2e935167-ad5e-422d-bdc4-5808ca205a29.jpg/v1/fit/w_150,h_150,q_70,strp/mountain_tree_by_elenadudina_dcxjqw1-150.jpg&quot; data-src=&quot;https://images-wixmp-ed30a86b8c4ca887773594c2.wixmp.com/intermediary/f/10b31259-7cf0-4694-b93d-77c8100ec52f/dcxjqw1-2e935167-ad5e-422d-bdc4-5808ca205a29.jpg/v1/fit/w_150,h_150,q_70,strp/mountain_tree_by_elenadudina_dcxjqw1-150.jpg&quot; srcset=&quot;https://images-wixmp-ed30a86b8c4ca887773594c2.wixmp.com/intermediary/f/10b31259-7cf0-4694-b93d-77c8100ec52f/dcxjqw1-2e935167-ad5e-422d-bdc4-5808ca205a29.jpg/v1/fit/w_150,h_150,q_70,strp/mountain_tree_by_elenadudina_dcxjqw1-150.jpg 150w,https://images-wixmp-ed30a86b8c4ca887773594c2.wixmp.com/intermediary/f/10b31259-7cf0-4694-b93d-77c8100ec52f/dcxjqw1-2e935167-ad5e-422d-bdc4-5808ca205a29.jpg/v1/fill/w_464,h_250,q_70,strp/mountain_tree_by_elenadudina_dcxjqw1-250t.jpg 464w,https://images-wixmp-ed30a86b8c4ca887773594c2.wixmp.com/intermediary/f/10b31259-7cf0-4694-b93d-77c8100ec52f/dcxjqw1-2e935167-ad5e-422d-bdc4-5808ca205a29.jpg/v1/fill/w_650,h_350,q_70,strp/mountain_tree_by_elenadudina_dcxjqw1-350t.jpg 649w,https://images-wixmp-ed30a86b8c4ca887773594c2.wixmp.com/intermediary/f/10b31259-7cf0-4694-b93d-77c8100ec52f/dcxjqw1-2e935167-ad5e-422d-bdc4-5808ca205a29.jpg/v1/fill/w_743,h_400,q_70,strp/mountain_tree_by_elenadudina_dcxjqw1-400t.jpg 742w,https://images-wixmp-ed30a86b8c4ca887773594c2.wixmp.com/intermediary/f/10b31259-7cf0-4694-b93d-77c8100ec52f/dcxjqw1-2e935167-ad5e-422d-bdc4-5808ca205a29.jpg/v1/fill/w_1218,h_656,q_70,strp/mountain_tree_by_elenadudina_dcxjqw1-pre.jpg 1218w&quot; sizes=&quot;150px&quot;&gt;&lt;/a&gt;&lt;/span&gt;&lt;!-- ^TTT --&gt;&lt;!-- TTT$ --&gt;&lt;/span&gt;&lt;/div&gt;&lt;div&gt;&lt;div&gt;&lt;b&gt;&lt;b&gt;&lt;b&gt;&lt;a href=&quot;https://elenadudina.deviantart.com/gallery/&quot;&gt;&lt;strong&gt;more from my Gallery !!!&lt;/strong&gt;&lt;/a&gt;&lt;/b&gt;&lt;/b&gt;&lt;/b&gt;&lt;br /&gt;&lt;br /&gt;&lt;br /&gt;&lt;b&gt;&lt;b&gt;&lt;b&gt;&lt;a href=&quot;https://elenadudina.deviantart.com/art/myfreecopyright.com/&quot;&gt;&lt;strong&gt;My Free Copyright&lt;/strong&gt;&lt;/a&gt; and &lt;a href=&quot;https://elenadudina.deviantart.com/art/safecreative.org/home.shtml?cid=83895&quot;&gt;&lt;strong&gt;Safe Creative&lt;/strong&gt;&lt;/a&gt;&lt;/b&gt;&lt;/b&gt;&lt;/b&gt;&lt;br /&gt;&lt;b&gt;&lt;b&gt;&lt;b&gt;&lt;sup&gt;All materials in my gallery may not be reproduced, copied, tubed, uploaded, edited, published or transmited without my prior written permission. Copyright(C)2019ElenaDudina&lt;/sup&gt;&lt;/b&gt;&lt;/b&gt;&lt;/b&gt;&lt;/div&gt;&lt;/div&gt;&lt;/div&gt;&lt;/div&gt;&lt;/div&gt;&lt;/div&gt;&lt;/div&gt;&lt;/div&gt;&lt;/div&gt;&lt;/div&gt;&lt;/div&gt;</media:description>            <media:thumbnail url="https://t00.deviantart.net/HC50qR9Qgsv1kVsMN62u_n6JSAY=/fit-in/150x150/filters:no_upscale():origin()/pre00/22a6/th/pre/i/2019/056/8/8/castle_on_the_hill_by_elenadudina-dd0o2pe.jpg" height="89" width="150"/>            <media:thumbnail url="https://t00.deviantart.net/I2UV7RaNDLocZ_n_ojoerB-htzo=/fit-in/300x900/filters:no_upscale():origin()/pre00/22a6/th/pre/i/2019/056/8/8/castle_on_the_hill_by_elenadudina-dd0o2pe.jpg" height="177" width="300"/>            <media:thumbnail url="https://t00.deviantart.net/0afG9DbPG3nwyXnXEamIMnY2wqU=/300x200/filters:fixed_height(100,100):origin()/pre00/22a6/th/pre/i/2019/056/8/8/castle_on_the_hill_by_elenadudina-dd0o2pe.jpg" height="177" width="300"/>            <media:content url="https://pre00.deviantart.net/22a6/th/pre/i/2019/056/8/8/castle_on_the_hill_by_elenadudina-dd0o2pe.jpg" height="687" width="1163" medium="image"/>            
            <description>&lt;div&gt;&lt;div&gt;&lt;div&gt;&lt;div&gt;&lt;div&gt;&lt;div align=&quot;center&quot;&gt;&lt;div&gt;&lt;div&gt;&lt;div&gt;&lt;span class=&quot;shadow-holder&quot; data-embed-type=&quot;deviation&quot; data-embed-id=&quot;5386260421326850&quot; data-embed-format=&quot;thumb&quot;&gt;&lt;span class=&quot;shadow mild&quot; &gt;&lt;a class=&quot;thumb&quot; href=&quot;https://sta.sh/01h19pvlqgoy&quot; title=&quot;kaGh5 patreon name and message by ElenaDudina, Oct 1, 2017&quot;data-super-img=&quot;https://images-wixmp-ed30a86b8c4ca887773594c2.wixmp.com/intermediary/f/10b31259-7cf0-4694-b93d-77c8100ec52f/dbp4v5j-47f77ffc-b586-4588-aace-a0f9781266a4.png&quot; data-super-width=&quot;656&quot; data-super-height=&quot;290&quot; data-super-transparent=&quot;true&quot; data-super-alt=&quot;kaGh5 patreon name and message by ElenaDudina&quot; data-super-full-img=&quot;https://api-da.wixmp.com/_api/download/file?downloadToken=eyJ0eXAiOiJKV1QiLCJhbGciOiJIUzI1NiJ9.eyJzdWIiOiJ1cm46YXBwOjdlMGQxODg5ODIyNjQzNzNhNWYwZDQxNWVhMGQyNmUwIiwiaXNzIjoidXJuOmFwcDo3ZTBkMTg4OTgyMjY0MzczYTVmMGQ0MTVlYTBkMjZlMCIsImV4cCI6MTU1MTEwOTQzMywiaWF0IjoxNTUxMTA4ODIzLCJqdGkiOiI1Yzc0MGFlMWU3OWZlIiwib2JqIjpudWxsLCJhdWQiOlsidXJuOnNlcnZpY2U6ZmlsZS5kb3dubG9hZCJdLCJwYXlsb2FkIjp7InBhdGgiOiJcL2ZcLzEwYjMxMjU5LTdjZjAtNDY5NC1iOTNkLTc3YzgxMDBlYzUyZlwvZGJwNHY1ai00N2Y3N2ZmYy1iNTg2LTQ1ODgtYWFjZS1hMGY5NzgxMjY2YTQucG5nIn19.ITxqaSf1ANdZFmEwIoos9wr_C0mwz6WcdcT0waL4oS0&quot; data-super-full-width=&quot;656&quot; data-super-full-height=&quot;290&quot;        data-sigil=&quot;thumb&quot;&gt;
        &lt;i&gt;&lt;/i&gt;&lt;img   width=&quot;150&quot; height=&quot;66&quot; alt=&quot;kaGh5 patreon name and message by ElenaDudina&quot; src=&quot;https://images-wixmp-ed30a86b8c4ca887773594c2.wixmp.com/intermediary/f/10b31259-7cf0-4694-b93d-77c8100ec52f/dbp4v5j-47f77ffc-b586-4588-aace-a0f9781266a4.png/v1/fit/w_150,h_150,strp/kagh5_patreon_name_and_message_by_elenadudina_dbp4v5j-150.png&quot; data-src=&quot;https://images-wixmp-ed30a86b8c4ca887773594c2.wixmp.com/intermediary/f/10b31259-7cf0-4694-b93d-77c8100ec52f/dbp4v5j-47f77ffc-b586-4588-aace-a0f9781266a4.png/v1/fit/w_150,h_150,strp/kagh5_patreon_name_and_message_by_elenadudina_dbp4v5j-150.png&quot; srcset=&quot;https://images-wixmp-ed30a86b8c4ca887773594c2.wixmp.com/intermediary/f/10b31259-7cf0-4694-b93d-77c8100ec52f/dbp4v5j-47f77ffc-b586-4588-aace-a0f9781266a4.png/v1/fit/w_150,h_150,strp/kagh5_patreon_name_and_message_by_elenadudina_dbp4v5j-150.png 150w,https://images-wixmp-ed30a86b8c4ca887773594c2.wixmp.com/intermediary/f/10b31259-7cf0-4694-b93d-77c8100ec52f/dbp4v5j-47f77ffc-b586-4588-aace-a0f9781266a4.png/v1/fill/w_500,h_221,strp/kagh5_patreon_name_and_message_by_elenadudina_dbp4v5j-250t.png 500w,https://images-wixmp-ed30a86b8c4ca887773594c2.wixmp.com/intermediary/f/10b31259-7cf0-4694-b93d-77c8100ec52f/dbp4v5j-47f77ffc-b586-4588-aace-a0f9781266a4.png 656w&quot; sizes=&quot;150px&quot;&gt;&lt;/a&gt;&lt;/span&gt;&lt;!-- ^TTT --&gt;&lt;!-- TTT$ --&gt;&lt;/span&gt;&lt;u&gt;&lt;b&gt;&lt;br /&gt;&lt;/b&gt;&lt;/u&gt;&lt;/div&gt;&lt;/div&gt;&lt;div&gt;&lt;div&gt;&lt;div&gt;&lt;div&gt;&lt;u&gt;&lt;b&gt;&lt;br /&gt;&lt;/b&gt;&lt;/u&gt;&lt;/div&gt;&lt;div&gt;&lt;u&gt;&lt;b&gt;&lt;a class=&quot;external&quot; href=&quot;https://www.deviantart.com/users/outgoing?https://www.patreon.com/elenadudina&quot;&gt;www.patreon.com/elenadudina&lt;/a&gt;&lt;/b&gt;&lt;/u&gt;&lt;/div&gt;&lt;div&gt;&lt;u&gt;&lt;b&gt;&lt;br /&gt;&lt;/b&gt;&lt;/u&gt;&lt;/div&gt;&lt;br /&gt;&lt;div&gt;&lt;u&gt;&lt;b&gt;&lt;br /&gt;&lt;/b&gt;&lt;/u&gt;&lt;/div&gt;&lt;div&gt;&lt;b&gt;&lt;u&gt;Stocks&lt;/u&gt;&lt;/b&gt;&lt;/div&gt;&lt;div&gt;&lt;br /&gt;&lt;div&gt;&lt;a class=&quot;external&quot; href=&quot;https://www.deviantart.com/users/outgoing?https://pixabay.com/es/photos/cielo-bosque-naturaleza-paisaje-3717371/&quot;&gt;&lt;b&gt;Castle&lt;/b&gt;&lt;/a&gt;&lt;/div&gt;&lt;div&gt;&lt;a class=&quot;external&quot; href=&quot;https://www.deviantart.com/users/outgoing?https://pixabay.com/es/photos/china-guilin-viajes-2448075/&quot;&gt;&lt;b&gt;Rocks&lt;/b&gt;&lt;/a&gt;&lt;/div&gt;&lt;div&gt;&lt;a class=&quot;external&quot; href=&quot;https://www.deviantart.com/users/outgoing?pacific 1&quot;&gt;&lt;b&gt;Rock&lt;/b&gt;&lt;/a&gt;&lt;/div&gt;&lt;a class=&quot;external&quot; href=&quot;https://www.deviantart.com/users/outgoing?https://pixabay.com/es/photos/guante-de-roca-oto%C3%B1o-naturaleza-1082731/&quot;&gt;&lt;b&gt;Rock&lt;/b&gt;&lt;/a&gt;&lt;/div&gt;&lt;div&gt;&lt;a class=&quot;external&quot; href=&quot;https://www.deviantart.com/users/outgoing?https://pixabay.com/es/photos/francia-ard%C3%A8che-r%C3%ADo-palista-paleta-2392124/&quot;&gt;&lt;b&gt;River&lt;/b&gt;&lt;/a&gt;&lt;/div&gt;&lt;div&gt;&lt;a href=&quot;https://www.deviantart.com/jj-247&quot;&gt;&lt;b&gt;Tree&lt;/b&gt;&lt;/a&gt;&lt;/div&gt;&lt;div&gt;&lt;br /&gt;&lt;/div&gt;&lt;/div&gt;&lt;div&gt;&lt;div&gt;&lt;b&gt;Lo dem&amp;#225;s, pintado y mis propios recursos &lt;/b&gt;&lt;br /&gt;&lt;/div&gt;&lt;/div&gt;&lt;div&gt;&lt;br /&gt;&lt;/div&gt;&lt;div&gt;&lt;span class=&quot;shadow-holder&quot; data-embed-type=&quot;deviation&quot; data-embed-id=&quot;783125162&quot; data-embed-format=&quot;thumb&quot;&gt;&lt;span class=&quot;shadow mild&quot; &gt;&lt;a class=&quot;thumb hasprint&quot; href=&quot;https://www.deviantart.com/elenadudina/art/Blue-tree-783125162&quot; title=&quot;Blue tree by ElenaDudina, Jan 28, 2019 in Digital Art &amp;gt; Photomanipulation &amp;gt; Fantasy&quot;data-super-img=&quot;https://images-wixmp-ed30a86b8c4ca887773594c2.wixmp.com/intermediary/f/10b31259-7cf0-4694-b93d-77c8100ec52f/dcy938q-78928b41-f2db-4e5f-a8f0-7aa063e09b4a.jpg/v1/fill/w_1024,h_552,q_70,strp/blue_tree_by_elenadudina_dcy938q-fullview.jpg&quot; data-super-width=&quot;1024&quot; data-super-height=&quot;552&quot; data-super-transparent=&quot;false&quot; data-super-alt=&quot;Blue tree by ElenaDudina&quot; data-super-full-img=&quot;https://images-wixmp-ed30a86b8c4ca887773594c2.wixmp.com/intermediary/f/10b31259-7cf0-4694-b93d-77c8100ec52f/dcy938q-78928b41-f2db-4e5f-a8f0-7aa063e09b4a.jpg/v1/fill/w_1024,h_552,q_70,strp/blue_tree_by_elenadudina_dcy938q-fullview.jpg&quot; data-super-full-width=&quot;1024&quot; data-super-full-height=&quot;552&quot;        data-sigil=&quot;thumb&quot;&gt;
        &lt;i&gt;&lt;/i&gt;&lt;img   width=&quot;150&quot; height=&quot;81&quot; alt=&quot;Blue tree by ElenaDudina&quot; src=&quot;https://images-wixmp-ed30a86b8c4ca887773594c2.wixmp.com/intermediary/f/10b31259-7cf0-4694-b93d-77c8100ec52f/dcy938q-78928b41-f2db-4e5f-a8f0-7aa063e09b4a.jpg/v1/fit/w_150,h_150,q_70,strp/blue_tree_by_elenadudina_dcy938q-150.jpg&quot; data-src=&quot;https://images-wixmp-ed30a86b8c4ca887773594c2.wixmp.com/intermediary/f/10b31259-7cf0-4694-b93d-77c8100ec52f/dcy938q-78928b41-f2db-4e5f-a8f0-7aa063e09b4a.jpg/v1/fit/w_150,h_150,q_70,strp/blue_tree_by_elenadudina_dcy938q-150.jpg&quot; srcset=&quot;https://images-wixmp-ed30a86b8c4ca887773594c2.wixmp.com/intermediary/f/10b31259-7cf0-4694-b93d-77c8100ec52f/dcy938q-78928b41-f2db-4e5f-a8f0-7aa063e09b4a.jpg/v1/fit/w_150,h_150,q_70,strp/blue_tree_by_elenadudina_dcy938q-150.jpg 150w,https://images-wixmp-ed30a86b8c4ca887773594c2.wixmp.com/intermediary/f/10b31259-7cf0-4694-b93d-77c8100ec52f/dcy938q-78928b41-f2db-4e5f-a8f0-7aa063e09b4a.jpg/v1/fill/w_464,h_250,q_70,strp/blue_tree_by_elenadudina_dcy938q-250t.jpg 464w,https://images-wixmp-ed30a86b8c4ca887773594c2.wixmp.com/intermediary/f/10b31259-7cf0-4694-b93d-77c8100ec52f/dcy938q-78928b41-f2db-4e5f-a8f0-7aa063e09b4a.jpg/v1/fill/w_650,h_350,q_70,strp/blue_tree_by_elenadudina_dcy938q-350t.jpg 649w,https://images-wixmp-ed30a86b8c4ca887773594c2.wixmp.com/intermediary/f/10b31259-7cf0-4694-b93d-77c8100ec52f/dcy938q-78928b41-f2db-4e5f-a8f0-7aa063e09b4a.jpg/v1/fill/w_743,h_400,q_70,strp/blue_tree_by_elenadudina_dcy938q-400t.jpg 742w,https://images-wixmp-ed30a86b8c4ca887773594c2.wixmp.com/intermediary/f/10b31259-7cf0-4694-b93d-77c8100ec52f/dcy938q-78928b41-f2db-4e5f-a8f0-7aa063e09b4a.jpg/v1/fill/w_1024,h_552,q_70,strp/blue_tree_by_elenadudina_dcy938q-fullview.jpg 1024w&quot; sizes=&quot;150px&quot;&gt;&lt;/a&gt;&lt;/span&gt;&lt;!-- ^TTT --&gt;&lt;!-- TTT$ --&gt;&lt;/span&gt;&lt;br /&gt;&lt;/div&gt;&lt;div&gt;&lt;span class=&quot;shadow-holder&quot; data-embed-type=&quot;deviation&quot; data-embed-id=&quot;781942753&quot; data-embed-format=&quot;thumb&quot;&gt;&lt;span class=&quot;shadow mild&quot; &gt;&lt;a class=&quot;thumb&quot; href=&quot;https://www.deviantart.com/elenadudina/art/Mountain-tree-781942753&quot; title=&quot;Mountain tree by ElenaDudina, Jan 20, 2019 in Digital Art &amp;gt; Photomanipulation &amp;gt; Landscapes &amp;amp; Scenery&quot;data-super-img=&quot;https://images-wixmp-ed30a86b8c4ca887773594c2.wixmp.com/intermediary/f/10b31259-7cf0-4694-b93d-77c8100ec52f/dcxjqw1-2e935167-ad5e-422d-bdc4-5808ca205a29.jpg/v1/fill/w_1218,h_656,q_70,strp/mountain_tree_by_elenadudina_dcxjqw1-pre.jpg&quot; data-super-width=&quot;1218&quot; data-super-height=&quot;656&quot; data-super-transparent=&quot;false&quot; data-super-alt=&quot;Mountain tree by ElenaDudina&quot; data-super-full-img=&quot;https://images-wixmp-ed30a86b8c4ca887773594c2.wixmp.com/intermediary/f/10b31259-7cf0-4694-b93d-77c8100ec52f/dcxjqw1-2e935167-ad5e-422d-bdc4-5808ca205a29.jpg/v1/fill/w_1280,h_690,q_70,strp/mountain_tree_by_elenadudina_dcxjqw1-fullview.jpg&quot; data-super-full-width=&quot;1280&quot; data-super-full-height=&quot;690&quot;        data-sigil=&quot;thumb&quot;&gt;
        &lt;i&gt;&lt;/i&gt;&lt;img   width=&quot;150&quot; height=&quot;81&quot; alt=&quot;Mountain tree by ElenaDudina&quot; src=&quot;https://images-wixmp-ed30a86b8c4ca887773594c2.wixmp.com/intermediary/f/10b31259-7cf0-4694-b93d-77c8100ec52f/dcxjqw1-2e935167-ad5e-422d-bdc4-5808ca205a29.jpg/v1/fit/w_150,h_150,q_70,strp/mountain_tree_by_elenadudina_dcxjqw1-150.jpg&quot; data-src=&quot;https://images-wixmp-ed30a86b8c4ca887773594c2.wixmp.com/intermediary/f/10b31259-7cf0-4694-b93d-77c8100ec52f/dcxjqw1-2e935167-ad5e-422d-bdc4-5808ca205a29.jpg/v1/fit/w_150,h_150,q_70,strp/mountain_tree_by_elenadudina_dcxjqw1-150.jpg&quot; srcset=&quot;https://images-wixmp-ed30a86b8c4ca887773594c2.wixmp.com/intermediary/f/10b31259-7cf0-4694-b93d-77c8100ec52f/dcxjqw1-2e935167-ad5e-422d-bdc4-5808ca205a29.jpg/v1/fit/w_150,h_150,q_70,strp/mountain_tree_by_elenadudina_dcxjqw1-150.jpg 150w,https://images-wixmp-ed30a86b8c4ca887773594c2.wixmp.com/intermediary/f/10b31259-7cf0-4694-b93d-77c8100ec52f/dcxjqw1-2e935167-ad5e-422d-bdc4-5808ca205a29.jpg/v1/fill/w_464,h_250,q_70,strp/mountain_tree_by_elenadudina_dcxjqw1-250t.jpg 464w,https://images-wixmp-ed30a86b8c4ca887773594c2.wixmp.com/intermediary/f/10b31259-7cf0-4694-b93d-77c8100ec52f/dcxjqw1-2e935167-ad5e-422d-bdc4-5808ca205a29.jpg/v1/fill/w_650,h_350,q_70,strp/mountain_tree_by_elenadudina_dcxjqw1-350t.jpg 649w,https://images-wixmp-ed30a86b8c4ca887773594c2.wixmp.com/intermediary/f/10b31259-7cf0-4694-b93d-77c8100ec52f/dcxjqw1-2e935167-ad5e-422d-bdc4-5808ca205a29.jpg/v1/fill/w_743,h_400,q_70,strp/mountain_tree_by_elenadudina_dcxjqw1-400t.jpg 742w,https://images-wixmp-ed30a86b8c4ca887773594c2.wixmp.com/intermediary/f/10b31259-7cf0-4694-b93d-77c8100ec52f/dcxjqw1-2e935167-ad5e-422d-bdc4-5808ca205a29.jpg/v1/fill/w_1218,h_656,q_70,strp/mountain_tree_by_elenadudina_dcxjqw1-pre.jpg 1218w&quot; sizes=&quot;150px&quot;&gt;&lt;/a&gt;&lt;/span&gt;&lt;!-- ^TTT --&gt;&lt;!-- TTT$ --&gt;&lt;/span&gt;&lt;/div&gt;&lt;div&gt;&lt;div&gt;&lt;b&gt;&lt;b&gt;&lt;b&gt;&lt;a href=&quot;https://elenadudina.deviantart.com/gallery/&quot;&gt;&lt;strong&gt;more from my Gallery !!!&lt;/strong&gt;&lt;/a&gt;&lt;/b&gt;&lt;/b&gt;&lt;/b&gt;&lt;br /&gt;&lt;br /&gt;&lt;br /&gt;&lt;b&gt;&lt;b&gt;&lt;b&gt;&lt;a href=&quot;https://elenadudina.deviantart.com/art/myfreecopyright.com/&quot;&gt;&lt;strong&gt;My Free Copyright&lt;/strong&gt;&lt;/a&gt; and &lt;a href=&quot;https://elenadudina.deviantart.com/art/safecreative.org/home.shtml?cid=83895&quot;&gt;&lt;strong&gt;Safe Creative&lt;/strong&gt;&lt;/a&gt;&lt;/b&gt;&lt;/b&gt;&lt;/b&gt;&lt;br /&gt;&lt;b&gt;&lt;b&gt;&lt;b&gt;&lt;sup&gt;All materials in my gallery may not be reproduced, copied, tubed, uploaded, edited, published or transmited without my prior written permission. Copyright(C)2019ElenaDudina&lt;/sup&gt;&lt;/b&gt;&lt;/b&gt;&lt;/b&gt;&lt;/div&gt;&lt;/div&gt;&lt;/div&gt;&lt;/div&gt;&lt;/div&gt;&lt;/div&gt;&lt;/div&gt;&lt;/div&gt;&lt;/div&gt;&lt;/div&gt;&lt;/div&gt;&lt;br /&gt;&lt;div&gt;&lt;img src=&quot;https://t00.deviantart.net/0afG9DbPG3nwyXnXEamIMnY2wqU=/300x200/filters:fixed_height(100,100):origin()/pre00/22a6/th/pre/i/2019/056/8/8/castle_on_the_hill_by_elenadudina-dd0o2pe.jpg&quot; alt=&quot;thumbnail&quot; /&gt;&lt;/div&gt;</description>            </item>
                    <item>
                <title>Beyond the moon</title>
                <link>https://ellysiumn.deviantart.com/art/Beyond-the-moon-786954384</link>
                <guid isPermaLink="true">https://ellysiumn.deviantart.com/art/Beyond-the-moon-786954384</guid>
                <pubDate>Mon, 25 Feb 2019 00:20:09 PST</pubDate>
                        <media:title type="plain">Beyond the moon</media:title>
        <media:keywords></media:keywords>
                        <media:rating>nonadult</media:rating>
                <media:category label="Abstract">customization/wallpaper/abstract</media:category>
        <media:credit role="author" scheme="urn:ebu">Ellysiumn</media:credit>
        <media:credit role="author" scheme="urn:ebu">https://a.deviantart.net/avatars/e/l/ellysiumn.jpg?10</media:credit>
        <media:copyright url="https://ellysiumn.deviantart.com">Copyright 2019 Ellysiumn</media:copyright>
            <media:community>
                <media:tags>@Ellysiumn</media:tags>
            </media:community>            <media:description type="html">&lt;div align=&quot;left&quot;&gt;Premium phone wallpaper for personal use only.&lt;br /&gt;&lt;br /&gt;Copyright &amp;#169; by Gene Raz von Edler aka Ellysiumn. All rights reserved.&amp;nbsp;&lt;/div&gt;&lt;div align=&quot;left&quot;&gt;My artwork may not be reproduced, copied, edited, published or uploaded in any&amp;nbsp;&lt;/div&gt;&lt;div align=&quot;left&quot;&gt;way without my written permission.&lt;br /&gt;&lt;br /&gt;&lt;a class=&quot;external&quot; href=&quot;https://www.deviantart.com/users/outgoing?https://stock.adobe.com&quot;&gt;Rocket&lt;/a&gt;&lt;br /&gt;Everything is painted and my own resources.&lt;/div&gt;&lt;div&gt;Tools: PS CC 2018, PaintStorm Studio and Wacom Intuos Pro L.&lt;br /&gt;&lt;br /&gt;&lt;br /&gt;&lt;a class=&quot;external&quot; href=&quot;https://www.deviantart.com/users/outgoing?https://www.instagram.com/ellysiumnarts/&quot;&gt;Instagram&lt;/a&gt;&lt;br /&gt;&lt;a class=&quot;external&quot; href=&quot;https://www.deviantart.com/users/outgoing?https://twitter.com/Ellysiumn&quot;&gt;Twitter&lt;/a&gt;&lt;br /&gt;&lt;a class=&quot;external&quot; href=&quot;https://www.deviantart.com/users/outgoing?https://www.artstation.com/genesisrazvonedler&quot;&gt;ArtStation&lt;/a&gt;&lt;/div&gt;</media:description>            <media:thumbnail url="https://t00.deviantart.net/7YVqURmVlQqhYHCvcdcEz0vV9sE=/fit-in/150x150/filters:no_upscale():origin()/pre00/765b/th/pre/i/2019/056/c/7/beyond_the_moon_by_ellysiumn-dd0j5w0.png" height="150" width="107"/>            <media:thumbnail url="https://t00.deviantart.net/LCKeHul55WT_xndntMPFqX715dU=/fit-in/300x900/filters:no_upscale():origin()/pre00/765b/th/pre/i/2019/056/c/7/beyond_the_moon_by_ellysiumn-dd0j5w0.png" height="421" width="300"/>            <media:thumbnail url="https://t00.deviantart.net/kOrZD93LS8L_zvYBbcdtpJrhfKQ=/300x200/filters:fixed_height(100,100):origin()/pre00/765b/th/pre/i/2019/056/c/7/beyond_the_moon_by_ellysiumn-dd0j5w0.png" height="200" width="143"/>            <media:content url="https://pre00.deviantart.net/765b/th/pre/i/2019/056/c/7/beyond_the_moon_by_ellysiumn-dd0j5w0.png" height="1059" width="755" medium="image"/>            
            <description>&lt;div align=&quot;left&quot;&gt;Premium phone wallpaper for personal use only.&lt;br /&gt;&lt;br /&gt;Copyright &amp;#169; by Gene Raz von Edler aka Ellysiumn. All rights reserved.&amp;nbsp;&lt;/div&gt;&lt;div align=&quot;left&quot;&gt;My artwork may not be reproduced, copied, edited, published or uploaded in any&amp;nbsp;&lt;/div&gt;&lt;div align=&quot;left&quot;&gt;way without my written permission.&lt;br /&gt;&lt;br /&gt;&lt;a class=&quot;external&quot; href=&quot;https://www.deviantart.com/users/outgoing?https://stock.adobe.com&quot;&gt;Rocket&lt;/a&gt;&lt;br /&gt;Everything is painted and my own resources.&lt;/div&gt;&lt;div&gt;Tools: PS CC 2018, PaintStorm Studio and Wacom Intuos Pro L.&lt;br /&gt;&lt;br /&gt;&lt;br /&gt;&lt;a class=&quot;external&quot; href=&quot;https://www.deviantart.com/users/outgoing?https://www.instagram.com/ellysiumnarts/&quot;&gt;Instagram&lt;/a&gt;&lt;br /&gt;&lt;a class=&quot;external&quot; href=&quot;https://www.deviantart.com/users/outgoing?https://twitter.com/Ellysiumn&quot;&gt;Twitter&lt;/a&gt;&lt;br /&gt;&lt;a class=&quot;external&quot; href=&quot;https://www.deviantart.com/users/outgoing?https://www.artstation.com/genesisrazvonedler&quot;&gt;ArtStation&lt;/a&gt;&lt;/div&gt;&lt;br /&gt;&lt;div&gt;&lt;img src=&quot;https://t00.deviantart.net/kOrZD93LS8L_zvYBbcdtpJrhfKQ=/300x200/filters:fixed_height(100,100):origin()/pre00/765b/th/pre/i/2019/056/c/7/beyond_the_moon_by_ellysiumn-dd0j5w0.png&quot; alt=&quot;thumbnail&quot; /&gt;&lt;/div&gt;</description>            </item>
                    <item>
                <title>The Punishment of Loki</title>
                <link>https://irenhorrors.deviantart.com/art/The-Punishment-of-Loki-787215253</link>
                <guid isPermaLink="true">https://irenhorrors.deviantart.com/art/The-Punishment-of-Loki-787215253</guid>
                <pubDate>Mon, 25 Feb 2019 10:51:32 PST</pubDate>
                        <media:title type="plain">The Punishment of Loki</media:title>
        <media:keywords></media:keywords>
                        <media:rating>nonadult</media:rating>
                <media:category label="Fantasy">digitalart/mixedmed/fantasy</media:category>
        <media:credit role="author" scheme="urn:ebu">IrenHorrors</media:credit>
        <media:credit role="author" scheme="urn:ebu">https://a.deviantart.net/avatars/i/r/irenhorrors.jpg?10</media:credit>
        <media:copyright url="https://irenhorrors.deviantart.com">Copyright 2019 IrenHorrors</media:copyright>             <creativeCommons:license>http://creativecommons.org/licenses/by-nc-nd/3.0/</creativeCommons:license>
                <media:description type="html">&lt;h3 align=&quot;start&quot;&gt;&lt;a class=&quot;external&quot; href=&quot;https://www.deviantart.com/users/outgoing?https://instagram.com/irenhorrors/&quot;&gt;Instagram&lt;/a&gt;&amp;nbsp;|&amp;nbsp;&lt;a class=&quot;external&quot; href=&quot;https://www.deviantart.com/users/outgoing?https://www.facebook.com/pages/Iren-Horrors/615736865167450&quot;&gt;Facebook&lt;/a&gt;&amp;nbsp;|&amp;nbsp;&lt;a class=&quot;external&quot; href=&quot;https://www.deviantart.com/users/outgoing?https://society6.com/irenhorrors&quot;&gt;Shop&lt;/a&gt;&amp;nbsp;&lt;/h3&gt;&lt;br /&gt;(Music: Nytt Land - Ragnar&amp;#246;k)&lt;br /&gt;&lt;span&gt;&lt;br /&gt;In Norse mythology, Sigyn is a goddess of fidelity and is the wife of Loki.&amp;nbsp;&amp;#128013; &amp;nbsp;&lt;br /&gt;Sigyn stays with Loki during his punishment, (He is bound by the guts of his own son, the only fetters that he cannot destroy and the venom of snake drips onto his face) she holds out a bowl to catch the dripping venom. However, when the bowl becomes full she leaves to pour out the venom. As a result, Loki is again described as shaking so violently that the planet shakes, and this process repeats until he breaks free, setting Ragnar&amp;#246;k into motion&lt;br /&gt;&lt;br /&gt;&lt;/span&gt;&lt;span&gt;More&amp;nbsp;&lt;/span&gt;&lt;span&gt;Norse&amp;nbsp;&lt;/span&gt;&lt;span&gt;mythology:&lt;/span&gt;&lt;span&gt;&lt;br /&gt;&lt;br /&gt;&lt;span class=&quot;shadow-holder&quot; data-embed-type=&quot;deviation&quot; data-embed-id=&quot;746010563&quot; data-embed-format=&quot;thumb&quot;&gt;&lt;span class=&quot;shadow mild&quot; &gt;&lt;a class=&quot;thumb&quot; href=&quot;https://www.deviantart.com/irenhorrors/art/Freya-746010563&quot; title=&quot;Freya by IrenHorrors, May 21, 2018 in Digital Art &amp;gt; Mixed Media &amp;gt; Fantasy&quot;data-super-img=&quot;https://images-wixmp-ed30a86b8c4ca887773594c2.wixmp.com/intermediary/f/6ec0d49d-038d-4900-b498-c8cc3863c8e8/dcc5lfn-d6019616-8874-4379-8784-1417ce93e168.jpg/v1/fill/w_600,h_800,q_70,strp/freya_by_irenhorrors_dcc5lfn-fullview.jpg&quot; data-super-width=&quot;600&quot; data-super-height=&quot;800&quot; data-super-transparent=&quot;false&quot; data-super-alt=&quot;Freya by IrenHorrors&quot; data-super-full-img=&quot;https://images-wixmp-ed30a86b8c4ca887773594c2.wixmp.com/intermediary/f/6ec0d49d-038d-4900-b498-c8cc3863c8e8/dcc5lfn-d6019616-8874-4379-8784-1417ce93e168.jpg/v1/fill/w_600,h_800,q_70,strp/freya_by_irenhorrors_dcc5lfn-fullview.jpg&quot; data-super-full-width=&quot;600&quot; data-super-full-height=&quot;800&quot;        data-sigil=&quot;thumb&quot;&gt;
        &lt;i&gt;&lt;/i&gt;&lt;img   width=&quot;113&quot; height=&quot;150&quot; alt=&quot;Freya by IrenHorrors&quot; src=&quot;https://images-wixmp-ed30a86b8c4ca887773594c2.wixmp.com/intermediary/f/6ec0d49d-038d-4900-b498-c8cc3863c8e8/dcc5lfn-d6019616-8874-4379-8784-1417ce93e168.jpg/v1/fit/w_150,h_150,q_70,strp/freya_by_irenhorrors_dcc5lfn-150.jpg&quot; data-src=&quot;https://images-wixmp-ed30a86b8c4ca887773594c2.wixmp.com/intermediary/f/6ec0d49d-038d-4900-b498-c8cc3863c8e8/dcc5lfn-d6019616-8874-4379-8784-1417ce93e168.jpg/v1/fit/w_150,h_150,q_70,strp/freya_by_irenhorrors_dcc5lfn-150.jpg&quot; srcset=&quot;https://images-wixmp-ed30a86b8c4ca887773594c2.wixmp.com/intermediary/f/6ec0d49d-038d-4900-b498-c8cc3863c8e8/dcc5lfn-d6019616-8874-4379-8784-1417ce93e168.jpg/v1/fit/w_150,h_150,q_70,strp/freya_by_irenhorrors_dcc5lfn-150.jpg 113w,https://images-wixmp-ed30a86b8c4ca887773594c2.wixmp.com/intermediary/f/6ec0d49d-038d-4900-b498-c8cc3863c8e8/dcc5lfn-d6019616-8874-4379-8784-1417ce93e168.jpg/v1/crop/w_188,h_250,x_0,y_0,scl_0.088637435172089,q_70,strp/freya_by_irenhorrors_dcc5lfn-250t.jpg 188w,https://images-wixmp-ed30a86b8c4ca887773594c2.wixmp.com/intermediary/f/6ec0d49d-038d-4900-b498-c8cc3863c8e8/dcc5lfn-d6019616-8874-4379-8784-1417ce93e168.jpg/v1/crop/w_263,h_350,x_0,y_0,scl_0.12399811409712,q_70,strp/freya_by_irenhorrors_dcc5lfn-350t.jpg 263w,https://images-wixmp-ed30a86b8c4ca887773594c2.wixmp.com/intermediary/f/6ec0d49d-038d-4900-b498-c8cc3863c8e8/dcc5lfn-d6019616-8874-4379-8784-1417ce93e168.jpg/v1/fill/w_300,h_400,q_70,strp/freya_by_irenhorrors_dcc5lfn-400t.jpg 300w,https://images-wixmp-ed30a86b8c4ca887773594c2.wixmp.com/intermediary/f/6ec0d49d-038d-4900-b498-c8cc3863c8e8/dcc5lfn-d6019616-8874-4379-8784-1417ce93e168.jpg/v1/fill/w_600,h_800,q_70,strp/freya_by_irenhorrors_dcc5lfn-fullview.jpg 600w&quot; sizes=&quot;113px&quot;&gt;&lt;/a&gt;&lt;/span&gt;&lt;!-- ^TTT --&gt;&lt;!-- TTT$ --&gt;&lt;/span&gt;&amp;nbsp;&lt;span class=&quot;shadow-holder&quot; data-embed-type=&quot;deviation&quot; data-embed-id=&quot;786590303&quot; data-embed-format=&quot;thumb&quot;&gt;&lt;span class=&quot;shadow mild&quot; &gt;&lt;a class=&quot;thumb&quot; href=&quot;https://www.deviantart.com/irenhorrors/art/Idunn-786590303&quot; title=&quot;Idunn by IrenHorrors, Feb 21, 2019 in Digital Art &amp;gt; Mixed Media &amp;gt; Fantasy&quot;data-super-img=&quot;https://images-wixmp-ed30a86b8c4ca887773594c2.wixmp.com/intermediary/f/6ec0d49d-038d-4900-b498-c8cc3863c8e8/dd0bcyn-ae5e2a16-6812-467a-8487-e2d9b62762f7.jpg/v1/fill/w_600,h_796,q_70,strp/idunn_by_irenhorrors_dd0bcyn-fullview.jpg&quot; data-super-width=&quot;600&quot; data-super-height=&quot;796&quot; data-super-transparent=&quot;false&quot; data-super-alt=&quot;Idunn by IrenHorrors&quot; data-super-full-img=&quot;https://images-wixmp-ed30a86b8c4ca887773594c2.wixmp.com/intermediary/f/6ec0d49d-038d-4900-b498-c8cc3863c8e8/dd0bcyn-ae5e2a16-6812-467a-8487-e2d9b62762f7.jpg/v1/fill/w_600,h_796,q_70,strp/idunn_by_irenhorrors_dd0bcyn-fullview.jpg&quot; data-super-full-width=&quot;600&quot; data-super-full-height=&quot;796&quot;        data-sigil=&quot;thumb&quot;&gt;
        &lt;i&gt;&lt;/i&gt;&lt;img   width=&quot;113&quot; height=&quot;150&quot; alt=&quot;Idunn by IrenHorrors&quot; src=&quot;https://images-wixmp-ed30a86b8c4ca887773594c2.wixmp.com/intermediary/f/6ec0d49d-038d-4900-b498-c8cc3863c8e8/dd0bcyn-ae5e2a16-6812-467a-8487-e2d9b62762f7.jpg/v1/fit/w_150,h_150,q_70,strp/idunn_by_irenhorrors_dd0bcyn-150.jpg&quot; data-src=&quot;https://images-wixmp-ed30a86b8c4ca887773594c2.wixmp.com/intermediary/f/6ec0d49d-038d-4900-b498-c8cc3863c8e8/dd0bcyn-ae5e2a16-6812-467a-8487-e2d9b62762f7.jpg/v1/fit/w_150,h_150,q_70,strp/idunn_by_irenhorrors_dd0bcyn-150.jpg&quot; srcset=&quot;https://images-wixmp-ed30a86b8c4ca887773594c2.wixmp.com/intermediary/f/6ec0d49d-038d-4900-b498-c8cc3863c8e8/dd0bcyn-ae5e2a16-6812-467a-8487-e2d9b62762f7.jpg/v1/fit/w_150,h_150,q_70,strp/idunn_by_irenhorrors_dd0bcyn-150.jpg 113w,https://images-wixmp-ed30a86b8c4ca887773594c2.wixmp.com/intermediary/f/6ec0d49d-038d-4900-b498-c8cc3863c8e8/dd0bcyn-ae5e2a16-6812-467a-8487-e2d9b62762f7.jpg/v1/crop/w_189,h_250,x_0,y_0,scl_0.08885754583921,q_70,strp/idunn_by_irenhorrors_dd0bcyn-250t.jpg 188w,https://images-wixmp-ed30a86b8c4ca887773594c2.wixmp.com/intermediary/f/6ec0d49d-038d-4900-b498-c8cc3863c8e8/dd0bcyn-ae5e2a16-6812-467a-8487-e2d9b62762f7.jpg/v1/fill/w_264,h_350,q_70,strp/idunn_by_irenhorrors_dd0bcyn-350t.jpg 264w,https://images-wixmp-ed30a86b8c4ca887773594c2.wixmp.com/intermediary/f/6ec0d49d-038d-4900-b498-c8cc3863c8e8/dd0bcyn-ae5e2a16-6812-467a-8487-e2d9b62762f7.jpg/v1/fill/w_302,h_400,q_70,strp/idunn_by_irenhorrors_dd0bcyn-400t.jpg 302w,https://images-wixmp-ed30a86b8c4ca887773594c2.wixmp.com/intermediary/f/6ec0d49d-038d-4900-b498-c8cc3863c8e8/dd0bcyn-ae5e2a16-6812-467a-8487-e2d9b62762f7.jpg/v1/fill/w_600,h_796,q_70,strp/idunn_by_irenhorrors_dd0bcyn-fullview.jpg 600w&quot; sizes=&quot;113px&quot;&gt;&lt;/a&gt;&lt;/span&gt;&lt;!-- ^TTT --&gt;&lt;!-- TTT$ --&gt;&lt;/span&gt;&amp;nbsp;&lt;span class=&quot;shadow-holder&quot; data-embed-type=&quot;deviation&quot; data-embed-id=&quot;786334976&quot; data-embed-format=&quot;thumb&quot;&gt;&lt;span class=&quot;shadow mild&quot; &gt;&lt;a class=&quot;thumb&quot; href=&quot;https://www.deviantart.com/irenhorrors/art/Skadi-786334976&quot; title=&quot;Skadi by IrenHorrors, Feb 19, 2019 in Digital Art &amp;gt; Mixed Media &amp;gt; Fantasy&quot;data-super-img=&quot;https://images-wixmp-ed30a86b8c4ca887773594c2.wixmp.com/intermediary/f/6ec0d49d-038d-4900-b498-c8cc3863c8e8/dd05vy8-530bf24e-db73-4613-a837-f98c13adbc47.jpg/v1/fill/w_600,h_819,q_70,strp/skadi_by_irenhorrors_dd05vy8-fullview.jpg&quot; data-super-width=&quot;600&quot; data-super-height=&quot;819&quot; data-super-transparent=&quot;false&quot; data-super-alt=&quot;Skadi by IrenHorrors&quot; data-super-full-img=&quot;https://images-wixmp-ed30a86b8c4ca887773594c2.wixmp.com/intermediary/f/6ec0d49d-038d-4900-b498-c8cc3863c8e8/dd05vy8-530bf24e-db73-4613-a837-f98c13adbc47.jpg/v1/fill/w_600,h_819,q_70,strp/skadi_by_irenhorrors_dd05vy8-fullview.jpg&quot; data-super-full-width=&quot;600&quot; data-super-full-height=&quot;819&quot;        data-sigil=&quot;thumb&quot;&gt;
        &lt;i&gt;&lt;/i&gt;&lt;img   width=&quot;110&quot; height=&quot;150&quot; alt=&quot;Skadi by IrenHorrors&quot; src=&quot;https://images-wixmp-ed30a86b8c4ca887773594c2.wixmp.com/intermediary/f/6ec0d49d-038d-4900-b498-c8cc3863c8e8/dd05vy8-530bf24e-db73-4613-a837-f98c13adbc47.jpg/v1/fit/w_150,h_150,q_70,strp/skadi_by_irenhorrors_dd05vy8-150.jpg&quot; data-src=&quot;https://images-wixmp-ed30a86b8c4ca887773594c2.wixmp.com/intermediary/f/6ec0d49d-038d-4900-b498-c8cc3863c8e8/dd05vy8-530bf24e-db73-4613-a837-f98c13adbc47.jpg/v1/fit/w_150,h_150,q_70,strp/skadi_by_irenhorrors_dd05vy8-150.jpg&quot; srcset=&quot;https://images-wixmp-ed30a86b8c4ca887773594c2.wixmp.com/intermediary/f/6ec0d49d-038d-4900-b498-c8cc3863c8e8/dd05vy8-530bf24e-db73-4613-a837-f98c13adbc47.jpg/v1/fit/w_150,h_150,q_70,strp/skadi_by_irenhorrors_dd05vy8-150.jpg 110w,https://images-wixmp-ed30a86b8c4ca887773594c2.wixmp.com/intermediary/f/6ec0d49d-038d-4900-b498-c8cc3863c8e8/dd05vy8-530bf24e-db73-4613-a837-f98c13adbc47.jpg/v1/fill/w_183,h_250,q_70,strp/skadi_by_irenhorrors_dd05vy8-250t.jpg 183w,https://images-wixmp-ed30a86b8c4ca887773594c2.wixmp.com/intermediary/f/6ec0d49d-038d-4900-b498-c8cc3863c8e8/dd05vy8-530bf24e-db73-4613-a837-f98c13adbc47.jpg/v1/crop/w_256,h_350,x_0,y_0,scl_0.12261450381679,q_70,strp/skadi_by_irenhorrors_dd05vy8-350t.jpg 256w,https://images-wixmp-ed30a86b8c4ca887773594c2.wixmp.com/intermediary/f/6ec0d49d-038d-4900-b498-c8cc3863c8e8/dd05vy8-530bf24e-db73-4613-a837-f98c13adbc47.jpg/v1/fill/w_293,h_400,q_70,strp/skadi_by_irenhorrors_dd05vy8-400t.jpg 293w,https://images-wixmp-ed30a86b8c4ca887773594c2.wixmp.com/intermediary/f/6ec0d49d-038d-4900-b498-c8cc3863c8e8/dd05vy8-530bf24e-db73-4613-a837-f98c13adbc47.jpg/v1/fill/w_600,h_819,q_70,strp/skadi_by_irenhorrors_dd05vy8-fullview.jpg 600w&quot; sizes=&quot;110px&quot;&gt;&lt;/a&gt;&lt;/span&gt;&lt;!-- ^TTT --&gt;&lt;!-- TTT$ --&gt;&lt;/span&gt;&amp;nbsp;&lt;span class=&quot;shadow-holder&quot; data-embed-type=&quot;deviation&quot; data-embed-id=&quot;703915555&quot; data-embed-format=&quot;thumb&quot;&gt;&lt;span class=&quot;shadow mild&quot; &gt;&lt;a class=&quot;thumb&quot; href=&quot;https://www.deviantart.com/irenhorrors/art/The-Norns-703915555&quot; title=&quot;The Norns by IrenHorrors, Sep 11, 2017 in Digital Art &amp;gt; Mixed Media &amp;gt; Dark&quot;data-super-img=&quot;https://images-wixmp-ed30a86b8c4ca887773594c2.wixmp.com/intermediary/f/6ec0d49d-038d-4900-b498-c8cc3863c8e8/dbn3cpv-a7839bd4-507f-477f-a612-57e5c9a5c84a.jpg/v1/fill/w_600,h_900,q_70,strp/the_norns_by_irenhorrors_dbn3cpv-fullview.jpg&quot; data-super-width=&quot;600&quot; data-super-height=&quot;900&quot; data-super-transparent=&quot;false&quot; data-super-alt=&quot;The Norns by IrenHorrors&quot; data-super-full-img=&quot;https://images-wixmp-ed30a86b8c4ca887773594c2.wixmp.com/intermediary/f/6ec0d49d-038d-4900-b498-c8cc3863c8e8/dbn3cpv-a7839bd4-507f-477f-a612-57e5c9a5c84a.jpg/v1/fill/w_600,h_900,q_70,strp/the_norns_by_irenhorrors_dbn3cpv-fullview.jpg&quot; data-super-full-width=&quot;600&quot; data-super-full-height=&quot;900&quot;        data-sigil=&quot;thumb&quot;&gt;
        &lt;i&gt;&lt;/i&gt;&lt;img   width=&quot;100&quot; height=&quot;150&quot; alt=&quot;The Norns by IrenHorrors&quot; src=&quot;https://images-wixmp-ed30a86b8c4ca887773594c2.wixmp.com/intermediary/f/6ec0d49d-038d-4900-b498-c8cc3863c8e8/dbn3cpv-a7839bd4-507f-477f-a612-57e5c9a5c84a.jpg/v1/fit/w_150,h_150,q_70,strp/the_norns_by_irenhorrors_dbn3cpv-150.jpg&quot; data-src=&quot;https://images-wixmp-ed30a86b8c4ca887773594c2.wixmp.com/intermediary/f/6ec0d49d-038d-4900-b498-c8cc3863c8e8/dbn3cpv-a7839bd4-507f-477f-a612-57e5c9a5c84a.jpg/v1/fit/w_150,h_150,q_70,strp/the_norns_by_irenhorrors_dbn3cpv-150.jpg&quot; srcset=&quot;https://images-wixmp-ed30a86b8c4ca887773594c2.wixmp.com/intermediary/f/6ec0d49d-038d-4900-b498-c8cc3863c8e8/dbn3cpv-a7839bd4-507f-477f-a612-57e5c9a5c84a.jpg/v1/fit/w_150,h_150,q_70,strp/the_norns_by_irenhorrors_dbn3cpv-150.jpg 100w,https://images-wixmp-ed30a86b8c4ca887773594c2.wixmp.com/intermediary/f/6ec0d49d-038d-4900-b498-c8cc3863c8e8/dbn3cpv-a7839bd4-507f-477f-a612-57e5c9a5c84a.jpg/v1/fill/w_167,h_250,q_70,strp/the_norns_by_irenhorrors_dbn3cpv-250t.jpg 167w,https://images-wixmp-ed30a86b8c4ca887773594c2.wixmp.com/intermediary/f/6ec0d49d-038d-4900-b498-c8cc3863c8e8/dbn3cpv-a7839bd4-507f-477f-a612-57e5c9a5c84a.jpg/v1/crop/w_233,h_350,x_0,y_0,scl_0.117,q_70,strp/the_norns_by_irenhorrors_dbn3cpv-350t.jpg 233w,https://images-wixmp-ed30a86b8c4ca887773594c2.wixmp.com/intermediary/f/6ec0d49d-038d-4900-b498-c8cc3863c8e8/dbn3cpv-a7839bd4-507f-477f-a612-57e5c9a5c84a.jpg/v1/fill/w_267,h_400,q_70,strp/the_norns_by_irenhorrors_dbn3cpv-400t.jpg 267w,https://images-wixmp-ed30a86b8c4ca887773594c2.wixmp.com/intermediary/f/6ec0d49d-038d-4900-b498-c8cc3863c8e8/dbn3cpv-a7839bd4-507f-477f-a612-57e5c9a5c84a.jpg/v1/fill/w_600,h_900,q_70,strp/the_norns_by_irenhorrors_dbn3cpv-fullview.jpg 600w&quot; sizes=&quot;100px&quot;&gt;&lt;/a&gt;&lt;/span&gt;&lt;!-- ^TTT --&gt;&lt;!-- TTT$ --&gt;&lt;/span&gt;&amp;nbsp;&lt;span class=&quot;shadow-holder&quot; data-embed-type=&quot;deviation&quot; data-embed-id=&quot;722653849&quot; data-embed-format=&quot;thumb&quot;&gt;&lt;span class=&quot;shadow mild&quot; &gt;&lt;a class=&quot;thumb&quot; href=&quot;https://www.deviantart.com/irenhorrors/art/Loki-s-Children-722653849&quot; title=&quot;Loki&amp;#039;s Children by IrenHorrors, Dec 30, 2017 in Digital Art &amp;gt; Mixed Media &amp;gt; Dark&quot;data-super-img=&quot;https://images-wixmp-ed30a86b8c4ca887773594c2.wixmp.com/intermediary/f/6ec0d49d-038d-4900-b498-c8cc3863c8e8/dby8za1-68894b0e-728d-43c7-a480-9bf3a5516b45.jpg/v1/fill/w_600,h_840,q_70,strp/loki_s_children_by_irenhorrors_dby8za1-fullview.jpg&quot; data-super-width=&quot;600&quot; data-super-height=&quot;840&quot; data-super-transparent=&quot;false&quot; data-super-alt=&quot;Loki&amp;#039;s Children by IrenHorrors&quot; data-super-full-img=&quot;https://images-wixmp-ed30a86b8c4ca887773594c2.wixmp.com/intermediary/f/6ec0d49d-038d-4900-b498-c8cc3863c8e8/dby8za1-68894b0e-728d-43c7-a480-9bf3a5516b45.jpg/v1/fill/w_600,h_840,q_70,strp/loki_s_children_by_irenhorrors_dby8za1-fullview.jpg&quot; data-super-full-width=&quot;600&quot; data-super-full-height=&quot;840&quot;        data-sigil=&quot;thumb&quot;&gt;
        &lt;i&gt;&lt;/i&gt;&lt;img   width=&quot;107&quot; height=&quot;150&quot; alt=&quot;Loki&amp;#039;s Children by IrenHorrors&quot; src=&quot;https://images-wixmp-ed30a86b8c4ca887773594c2.wixmp.com/intermediary/f/6ec0d49d-038d-4900-b498-c8cc3863c8e8/dby8za1-68894b0e-728d-43c7-a480-9bf3a5516b45.jpg/v1/fit/w_150,h_150,q_70,strp/loki_s_children_by_irenhorrors_dby8za1-150.jpg&quot; data-src=&quot;https://images-wixmp-ed30a86b8c4ca887773594c2.wixmp.com/intermediary/f/6ec0d49d-038d-4900-b498-c8cc3863c8e8/dby8za1-68894b0e-728d-43c7-a480-9bf3a5516b45.jpg/v1/fit/w_150,h_150,q_70,strp/loki_s_children_by_irenhorrors_dby8za1-150.jpg&quot; srcset=&quot;https://images-wixmp-ed30a86b8c4ca887773594c2.wixmp.com/intermediary/f/6ec0d49d-038d-4900-b498-c8cc3863c8e8/dby8za1-68894b0e-728d-43c7-a480-9bf3a5516b45.jpg/v1/fit/w_150,h_150,q_70,strp/loki_s_children_by_irenhorrors_dby8za1-150.jpg 107w,https://images-wixmp-ed30a86b8c4ca887773594c2.wixmp.com/intermediary/f/6ec0d49d-038d-4900-b498-c8cc3863c8e8/dby8za1-68894b0e-728d-43c7-a480-9bf3a5516b45.jpg/v1/crop/w_179,h_250,x_0,y_0,scl_0.086473429951691,q_70,strp/loki_s_children_by_irenhorrors_dby8za1-250t.jpg 179w,https://images-wixmp-ed30a86b8c4ca887773594c2.wixmp.com/intermediary/f/6ec0d49d-038d-4900-b498-c8cc3863c8e8/dby8za1-68894b0e-728d-43c7-a480-9bf3a5516b45.jpg/v1/fill/w_250,h_350,q_70,strp/loki_s_children_by_irenhorrors_dby8za1-350t.jpg 250w,https://images-wixmp-ed30a86b8c4ca887773594c2.wixmp.com/intermediary/f/6ec0d49d-038d-4900-b498-c8cc3863c8e8/dby8za1-68894b0e-728d-43c7-a480-9bf3a5516b45.jpg/v1/fill/w_286,h_400,q_70,strp/loki_s_children_by_irenhorrors_dby8za1-400t.jpg 286w,https://images-wixmp-ed30a86b8c4ca887773594c2.wixmp.com/intermediary/f/6ec0d49d-038d-4900-b498-c8cc3863c8e8/dby8za1-68894b0e-728d-43c7-a480-9bf3a5516b45.jpg/v1/fill/w_600,h_840,q_70,strp/loki_s_children_by_irenhorrors_dby8za1-fullview.jpg 600w&quot; sizes=&quot;107px&quot;&gt;&lt;/a&gt;&lt;/span&gt;&lt;!-- ^TTT --&gt;&lt;!-- TTT$ --&gt;&lt;/span&gt;&amp;nbsp;&lt;span class=&quot;shadow-holder&quot; data-embed-type=&quot;deviation&quot; data-embed-id=&quot;688409867&quot; data-embed-format=&quot;thumb&quot;&gt;&lt;span class=&quot;shadow mild&quot; &gt;&lt;a class=&quot;thumb&quot; href=&quot;https://www.deviantart.com/irenhorrors/art/Loki-688409867&quot; title=&quot;Loki by IrenHorrors, Jun 24, 2017 in Digital Art &amp;gt; Mixed Media &amp;gt; Dark&quot;data-super-img=&quot;https://images-wixmp-ed30a86b8c4ca887773594c2.wixmp.com/intermediary/f/6ec0d49d-038d-4900-b498-c8cc3863c8e8/dbdv0gb-ea21d549-e4d7-4d54-a9c8-54af879e7e35.jpg/v1/fill/w_800,h_858,q_70,strp/loki_by_irenhorrors_dbdv0gb-fullview.jpg&quot; data-super-width=&quot;800&quot; data-super-height=&quot;858&quot; data-super-transparent=&quot;false&quot; data-super-alt=&quot;Loki by IrenHorrors&quot; data-super-full-img=&quot;https://images-wixmp-ed30a86b8c4ca887773594c2.wixmp.com/intermediary/f/6ec0d49d-038d-4900-b498-c8cc3863c8e8/dbdv0gb-ea21d549-e4d7-4d54-a9c8-54af879e7e35.jpg/v1/fill/w_800,h_858,q_70,strp/loki_by_irenhorrors_dbdv0gb-fullview.jpg&quot; data-super-full-width=&quot;800&quot; data-super-full-height=&quot;858&quot;        data-sigil=&quot;thumb&quot;&gt;
        &lt;i&gt;&lt;/i&gt;&lt;img   width=&quot;140&quot; height=&quot;150&quot; alt=&quot;Loki by IrenHorrors&quot; src=&quot;https://images-wixmp-ed30a86b8c4ca887773594c2.wixmp.com/intermediary/f/6ec0d49d-038d-4900-b498-c8cc3863c8e8/dbdv0gb-ea21d549-e4d7-4d54-a9c8-54af879e7e35.jpg/v1/fit/w_150,h_150,q_70,strp/loki_by_irenhorrors_dbdv0gb-150.jpg&quot; data-src=&quot;https://images-wixmp-ed30a86b8c4ca887773594c2.wixmp.com/intermediary/f/6ec0d49d-038d-4900-b498-c8cc3863c8e8/dbdv0gb-ea21d549-e4d7-4d54-a9c8-54af879e7e35.jpg/v1/fit/w_150,h_150,q_70,strp/loki_by_irenhorrors_dbdv0gb-150.jpg&quot; srcset=&quot;https://images-wixmp-ed30a86b8c4ca887773594c2.wixmp.com/intermediary/f/6ec0d49d-038d-4900-b498-c8cc3863c8e8/dbdv0gb-ea21d549-e4d7-4d54-a9c8-54af879e7e35.jpg/v1/fit/w_150,h_150,q_70,strp/loki_by_irenhorrors_dbdv0gb-150.jpg 140w,https://images-wixmp-ed30a86b8c4ca887773594c2.wixmp.com/intermediary/f/6ec0d49d-038d-4900-b498-c8cc3863c8e8/dbdv0gb-ea21d549-e4d7-4d54-a9c8-54af879e7e35.jpg/v1/fill/w_233,h_250,q_70,strp/loki_by_irenhorrors_dbdv0gb-250t.jpg 233w,https://images-wixmp-ed30a86b8c4ca887773594c2.wixmp.com/intermediary/f/6ec0d49d-038d-4900-b498-c8cc3863c8e8/dbdv0gb-ea21d549-e4d7-4d54-a9c8-54af879e7e35.jpg/v1/fill/w_326,h_350,q_70,strp/loki_by_irenhorrors_dbdv0gb-350t.jpg 326w,https://images-wixmp-ed30a86b8c4ca887773594c2.wixmp.com/intermediary/f/6ec0d49d-038d-4900-b498-c8cc3863c8e8/dbdv0gb-ea21d549-e4d7-4d54-a9c8-54af879e7e35.jpg/v1/fill/w_373,h_400,q_70,strp/loki_by_irenhorrors_dbdv0gb-400t.jpg 373w,https://images-wixmp-ed30a86b8c4ca887773594c2.wixmp.com/intermediary/f/6ec0d49d-038d-4900-b498-c8cc3863c8e8/dbdv0gb-ea21d549-e4d7-4d54-a9c8-54af879e7e35.jpg/v1/fill/w_800,h_858,q_70,strp/loki_by_irenhorrors_dbdv0gb-fullview.jpg 800w&quot; sizes=&quot;140px&quot;&gt;&lt;/a&gt;&lt;/span&gt;&lt;!-- ^TTT --&gt;&lt;!-- TTT$ --&gt;&lt;/span&gt;&amp;nbsp;&lt;/span&gt;</media:description>            <media:thumbnail url="https://t00.deviantart.net/ZKDojSyJioC-xWFfhEokgMR2R0Q=/fit-in/150x150/filters:no_upscale():origin()/pre00/15b8/th/pre/i/2019/056/8/e/the_punishment_of_loki_by_irenhorrors-dd0or6d.jpg" height="150" width="104"/>            <media:thumbnail url="https://t00.deviantart.net/MQ_4vI_HioGP659b91KYuSsCZqY=/fit-in/300x900/filters:no_upscale():origin()/pre00/15b8/th/pre/i/2019/056/8/e/the_punishment_of_loki_by_irenhorrors-dd0or6d.jpg" height="434" width="300"/>            <media:thumbnail url="https://t00.deviantart.net/6EaNl7jnNjMnEpJ1hzVoRagy4cs=/300x200/filters:fixed_height(100,100):origin()/pre00/15b8/th/pre/i/2019/056/8/e/the_punishment_of_loki_by_irenhorrors-dd0or6d.jpg" height="200" width="138"/>            <media:content url="https://img00.deviantart.net/dbde/i/2019/056/8/e/the_punishment_of_loki_by_irenhorrors-dd0or6d.jpg" height="869" width="600" medium="image"/>            
            <description>&lt;h3 align=&quot;start&quot;&gt;&lt;a class=&quot;external&quot; href=&quot;https://www.deviantart.com/users/outgoing?https://instagram.com/irenhorrors/&quot;&gt;Instagram&lt;/a&gt;&amp;nbsp;|&amp;nbsp;&lt;a class=&quot;external&quot; href=&quot;https://www.deviantart.com/users/outgoing?https://www.facebook.com/pages/Iren-Horrors/615736865167450&quot;&gt;Facebook&lt;/a&gt;&amp;nbsp;|&amp;nbsp;&lt;a class=&quot;external&quot; href=&quot;https://www.deviantart.com/users/outgoing?https://society6.com/irenhorrors&quot;&gt;Shop&lt;/a&gt;&amp;nbsp;&lt;/h3&gt;&lt;br /&gt;(Music: Nytt Land - Ragnar&amp;#246;k)&lt;br /&gt;&lt;span&gt;&lt;br /&gt;In Norse mythology, Sigyn is a goddess of fidelity and is the wife of Loki.&amp;nbsp;&amp;#128013; &amp;nbsp;&lt;br /&gt;Sigyn stays with Loki during his punishment, (He is bound by the guts of his own son, the only fetters that he cannot destroy and the venom of snake drips onto his face) she holds out a bowl to catch the dripping venom. However, when the bowl becomes full she leaves to pour out the venom. As a result, Loki is again described as shaking so violently that the planet shakes, and this process repeats until he breaks free, setting Ragnar&amp;#246;k into motion&lt;br /&gt;&lt;br /&gt;&lt;/span&gt;&lt;span&gt;More&amp;nbsp;&lt;/span&gt;&lt;span&gt;Norse&amp;nbsp;&lt;/span&gt;&lt;span&gt;mythology:&lt;/span&gt;&lt;span&gt;&lt;br /&gt;&lt;br /&gt;&lt;span class=&quot;shadow-holder&quot; data-embed-type=&quot;deviation&quot; data-embed-id=&quot;746010563&quot; data-embed-format=&quot;thumb&quot;&gt;&lt;span class=&quot;shadow mild&quot; &gt;&lt;a class=&quot;thumb&quot; href=&quot;https://www.deviantart.com/irenhorrors/art/Freya-746010563&quot; title=&quot;Freya by IrenHorrors, May 21, 2018 in Digital Art &amp;gt; Mixed Media &amp;gt; Fantasy&quot;data-super-img=&quot;https://images-wixmp-ed30a86b8c4ca887773594c2.wixmp.com/intermediary/f/6ec0d49d-038d-4900-b498-c8cc3863c8e8/dcc5lfn-d6019616-8874-4379-8784-1417ce93e168.jpg/v1/fill/w_600,h_800,q_70,strp/freya_by_irenhorrors_dcc5lfn-fullview.jpg&quot; data-super-width=&quot;600&quot; data-super-height=&quot;800&quot; data-super-transparent=&quot;false&quot; data-super-alt=&quot;Freya by IrenHorrors&quot; data-super-full-img=&quot;https://images-wixmp-ed30a86b8c4ca887773594c2.wixmp.com/intermediary/f/6ec0d49d-038d-4900-b498-c8cc3863c8e8/dcc5lfn-d6019616-8874-4379-8784-1417ce93e168.jpg/v1/fill/w_600,h_800,q_70,strp/freya_by_irenhorrors_dcc5lfn-fullview.jpg&quot; data-super-full-width=&quot;600&quot; data-super-full-height=&quot;800&quot;        data-sigil=&quot;thumb&quot;&gt;
        &lt;i&gt;&lt;/i&gt;&lt;img   width=&quot;113&quot; height=&quot;150&quot; alt=&quot;Freya by IrenHorrors&quot; src=&quot;https://images-wixmp-ed30a86b8c4ca887773594c2.wixmp.com/intermediary/f/6ec0d49d-038d-4900-b498-c8cc3863c8e8/dcc5lfn-d6019616-8874-4379-8784-1417ce93e168.jpg/v1/fit/w_150,h_150,q_70,strp/freya_by_irenhorrors_dcc5lfn-150.jpg&quot; data-src=&quot;https://images-wixmp-ed30a86b8c4ca887773594c2.wixmp.com/intermediary/f/6ec0d49d-038d-4900-b498-c8cc3863c8e8/dcc5lfn-d6019616-8874-4379-8784-1417ce93e168.jpg/v1/fit/w_150,h_150,q_70,strp/freya_by_irenhorrors_dcc5lfn-150.jpg&quot; srcset=&quot;https://images-wixmp-ed30a86b8c4ca887773594c2.wixmp.com/intermediary/f/6ec0d49d-038d-4900-b498-c8cc3863c8e8/dcc5lfn-d6019616-8874-4379-8784-1417ce93e168.jpg/v1/fit/w_150,h_150,q_70,strp/freya_by_irenhorrors_dcc5lfn-150.jpg 113w,https://images-wixmp-ed30a86b8c4ca887773594c2.wixmp.com/intermediary/f/6ec0d49d-038d-4900-b498-c8cc3863c8e8/dcc5lfn-d6019616-8874-4379-8784-1417ce93e168.jpg/v1/crop/w_188,h_250,x_0,y_0,scl_0.088637435172089,q_70,strp/freya_by_irenhorrors_dcc5lfn-250t.jpg 188w,https://images-wixmp-ed30a86b8c4ca887773594c2.wixmp.com/intermediary/f/6ec0d49d-038d-4900-b498-c8cc3863c8e8/dcc5lfn-d6019616-8874-4379-8784-1417ce93e168.jpg/v1/crop/w_263,h_350,x_0,y_0,scl_0.12399811409712,q_70,strp/freya_by_irenhorrors_dcc5lfn-350t.jpg 263w,https://images-wixmp-ed30a86b8c4ca887773594c2.wixmp.com/intermediary/f/6ec0d49d-038d-4900-b498-c8cc3863c8e8/dcc5lfn-d6019616-8874-4379-8784-1417ce93e168.jpg/v1/fill/w_300,h_400,q_70,strp/freya_by_irenhorrors_dcc5lfn-400t.jpg 300w,https://images-wixmp-ed30a86b8c4ca887773594c2.wixmp.com/intermediary/f/6ec0d49d-038d-4900-b498-c8cc3863c8e8/dcc5lfn-d6019616-8874-4379-8784-1417ce93e168.jpg/v1/fill/w_600,h_800,q_70,strp/freya_by_irenhorrors_dcc5lfn-fullview.jpg 600w&quot; sizes=&quot;113px&quot;&gt;&lt;/a&gt;&lt;/span&gt;&lt;!-- ^TTT --&gt;&lt;!-- TTT$ --&gt;&lt;/span&gt;&amp;nbsp;&lt;span class=&quot;shadow-holder&quot; data-embed-type=&quot;deviation&quot; data-embed-id=&quot;786590303&quot; data-embed-format=&quot;thumb&quot;&gt;&lt;span class=&quot;shadow mild&quot; &gt;&lt;a class=&quot;thumb&quot; href=&quot;https://www.deviantart.com/irenhorrors/art/Idunn-786590303&quot; title=&quot;Idunn by IrenHorrors, Feb 21, 2019 in Digital Art &amp;gt; Mixed Media &amp;gt; Fantasy&quot;data-super-img=&quot;https://images-wixmp-ed30a86b8c4ca887773594c2.wixmp.com/intermediary/f/6ec0d49d-038d-4900-b498-c8cc3863c8e8/dd0bcyn-ae5e2a16-6812-467a-8487-e2d9b62762f7.jpg/v1/fill/w_600,h_796,q_70,strp/idunn_by_irenhorrors_dd0bcyn-fullview.jpg&quot; data-super-width=&quot;600&quot; data-super-height=&quot;796&quot; data-super-transparent=&quot;false&quot; data-super-alt=&quot;Idunn by IrenHorrors&quot; data-super-full-img=&quot;https://images-wixmp-ed30a86b8c4ca887773594c2.wixmp.com/intermediary/f/6ec0d49d-038d-4900-b498-c8cc3863c8e8/dd0bcyn-ae5e2a16-6812-467a-8487-e2d9b62762f7.jpg/v1/fill/w_600,h_796,q_70,strp/idunn_by_irenhorrors_dd0bcyn-fullview.jpg&quot; data-super-full-width=&quot;600&quot; data-super-full-height=&quot;796&quot;        data-sigil=&quot;thumb&quot;&gt;
        &lt;i&gt;&lt;/i&gt;&lt;img   width=&quot;113&quot; height=&quot;150&quot; alt=&quot;Idunn by IrenHorrors&quot; src=&quot;https://images-wixmp-ed30a86b8c4ca887773594c2.wixmp.com/intermediary/f/6ec0d49d-038d-4900-b498-c8cc3863c8e8/dd0bcyn-ae5e2a16-6812-467a-8487-e2d9b62762f7.jpg/v1/fit/w_150,h_150,q_70,strp/idunn_by_irenhorrors_dd0bcyn-150.jpg&quot; data-src=&quot;https://images-wixmp-ed30a86b8c4ca887773594c2.wixmp.com/intermediary/f/6ec0d49d-038d-4900-b498-c8cc3863c8e8/dd0bcyn-ae5e2a16-6812-467a-8487-e2d9b62762f7.jpg/v1/fit/w_150,h_150,q_70,strp/idunn_by_irenhorrors_dd0bcyn-150.jpg&quot; srcset=&quot;https://images-wixmp-ed30a86b8c4ca887773594c2.wixmp.com/intermediary/f/6ec0d49d-038d-4900-b498-c8cc3863c8e8/dd0bcyn-ae5e2a16-6812-467a-8487-e2d9b62762f7.jpg/v1/fit/w_150,h_150,q_70,strp/idunn_by_irenhorrors_dd0bcyn-150.jpg 113w,https://images-wixmp-ed30a86b8c4ca887773594c2.wixmp.com/intermediary/f/6ec0d49d-038d-4900-b498-c8cc3863c8e8/dd0bcyn-ae5e2a16-6812-467a-8487-e2d9b62762f7.jpg/v1/crop/w_189,h_250,x_0,y_0,scl_0.08885754583921,q_70,strp/idunn_by_irenhorrors_dd0bcyn-250t.jpg 188w,https://images-wixmp-ed30a86b8c4ca887773594c2.wixmp.com/intermediary/f/6ec0d49d-038d-4900-b498-c8cc3863c8e8/dd0bcyn-ae5e2a16-6812-467a-8487-e2d9b62762f7.jpg/v1/fill/w_264,h_350,q_70,strp/idunn_by_irenhorrors_dd0bcyn-350t.jpg 264w,https://images-wixmp-ed30a86b8c4ca887773594c2.wixmp.com/intermediary/f/6ec0d49d-038d-4900-b498-c8cc3863c8e8/dd0bcyn-ae5e2a16-6812-467a-8487-e2d9b62762f7.jpg/v1/fill/w_302,h_400,q_70,strp/idunn_by_irenhorrors_dd0bcyn-400t.jpg 302w,https://images-wixmp-ed30a86b8c4ca887773594c2.wixmp.com/intermediary/f/6ec0d49d-038d-4900-b498-c8cc3863c8e8/dd0bcyn-ae5e2a16-6812-467a-8487-e2d9b62762f7.jpg/v1/fill/w_600,h_796,q_70,strp/idunn_by_irenhorrors_dd0bcyn-fullview.jpg 600w&quot; sizes=&quot;113px&quot;&gt;&lt;/a&gt;&lt;/span&gt;&lt;!-- ^TTT --&gt;&lt;!-- TTT$ --&gt;&lt;/span&gt;&amp;nbsp;&lt;span class=&quot;shadow-holder&quot; data-embed-type=&quot;deviation&quot; data-embed-id=&quot;786334976&quot; data-embed-format=&quot;thumb&quot;&gt;&lt;span class=&quot;shadow mild&quot; &gt;&lt;a class=&quot;thumb&quot; href=&quot;https://www.deviantart.com/irenhorrors/art/Skadi-786334976&quot; title=&quot;Skadi by IrenHorrors, Feb 19, 2019 in Digital Art &amp;gt; Mixed Media &amp;gt; Fantasy&quot;data-super-img=&quot;https://images-wixmp-ed30a86b8c4ca887773594c2.wixmp.com/intermediary/f/6ec0d49d-038d-4900-b498-c8cc3863c8e8/dd05vy8-530bf24e-db73-4613-a837-f98c13adbc47.jpg/v1/fill/w_600,h_819,q_70,strp/skadi_by_irenhorrors_dd05vy8-fullview.jpg&quot; data-super-width=&quot;600&quot; data-super-height=&quot;819&quot; data-super-transparent=&quot;false&quot; data-super-alt=&quot;Skadi by IrenHorrors&quot; data-super-full-img=&quot;https://images-wixmp-ed30a86b8c4ca887773594c2.wixmp.com/intermediary/f/6ec0d49d-038d-4900-b498-c8cc3863c8e8/dd05vy8-530bf24e-db73-4613-a837-f98c13adbc47.jpg/v1/fill/w_600,h_819,q_70,strp/skadi_by_irenhorrors_dd05vy8-fullview.jpg&quot; data-super-full-width=&quot;600&quot; data-super-full-height=&quot;819&quot;        data-sigil=&quot;thumb&quot;&gt;
        &lt;i&gt;&lt;/i&gt;&lt;img   width=&quot;110&quot; height=&quot;150&quot; alt=&quot;Skadi by IrenHorrors&quot; src=&quot;https://images-wixmp-ed30a86b8c4ca887773594c2.wixmp.com/intermediary/f/6ec0d49d-038d-4900-b498-c8cc3863c8e8/dd05vy8-530bf24e-db73-4613-a837-f98c13adbc47.jpg/v1/fit/w_150,h_150,q_70,strp/skadi_by_irenhorrors_dd05vy8-150.jpg&quot; data-src=&quot;https://images-wixmp-ed30a86b8c4ca887773594c2.wixmp.com/intermediary/f/6ec0d49d-038d-4900-b498-c8cc3863c8e8/dd05vy8-530bf24e-db73-4613-a837-f98c13adbc47.jpg/v1/fit/w_150,h_150,q_70,strp/skadi_by_irenhorrors_dd05vy8-150.jpg&quot; srcset=&quot;https://images-wixmp-ed30a86b8c4ca887773594c2.wixmp.com/intermediary/f/6ec0d49d-038d-4900-b498-c8cc3863c8e8/dd05vy8-530bf24e-db73-4613-a837-f98c13adbc47.jpg/v1/fit/w_150,h_150,q_70,strp/skadi_by_irenhorrors_dd05vy8-150.jpg 110w,https://images-wixmp-ed30a86b8c4ca887773594c2.wixmp.com/intermediary/f/6ec0d49d-038d-4900-b498-c8cc3863c8e8/dd05vy8-530bf24e-db73-4613-a837-f98c13adbc47.jpg/v1/fill/w_183,h_250,q_70,strp/skadi_by_irenhorrors_dd05vy8-250t.jpg 183w,https://images-wixmp-ed30a86b8c4ca887773594c2.wixmp.com/intermediary/f/6ec0d49d-038d-4900-b498-c8cc3863c8e8/dd05vy8-530bf24e-db73-4613-a837-f98c13adbc47.jpg/v1/crop/w_256,h_350,x_0,y_0,scl_0.12261450381679,q_70,strp/skadi_by_irenhorrors_dd05vy8-350t.jpg 256w,https://images-wixmp-ed30a86b8c4ca887773594c2.wixmp.com/intermediary/f/6ec0d49d-038d-4900-b498-c8cc3863c8e8/dd05vy8-530bf24e-db73-4613-a837-f98c13adbc47.jpg/v1/fill/w_293,h_400,q_70,strp/skadi_by_irenhorrors_dd05vy8-400t.jpg 293w,https://images-wixmp-ed30a86b8c4ca887773594c2.wixmp.com/intermediary/f/6ec0d49d-038d-4900-b498-c8cc3863c8e8/dd05vy8-530bf24e-db73-4613-a837-f98c13adbc47.jpg/v1/fill/w_600,h_819,q_70,strp/skadi_by_irenhorrors_dd05vy8-fullview.jpg 600w&quot; sizes=&quot;110px&quot;&gt;&lt;/a&gt;&lt;/span&gt;&lt;!-- ^TTT --&gt;&lt;!-- TTT$ --&gt;&lt;/span&gt;&amp;nbsp;&lt;span class=&quot;shadow-holder&quot; data-embed-type=&quot;deviation&quot; data-embed-id=&quot;703915555&quot; data-embed-format=&quot;thumb&quot;&gt;&lt;span class=&quot;shadow mild&quot; &gt;&lt;a class=&quot;thumb&quot; href=&quot;https://www.deviantart.com/irenhorrors/art/The-Norns-703915555&quot; title=&quot;The Norns by IrenHorrors, Sep 11, 2017 in Digital Art &amp;gt; Mixed Media &amp;gt; Dark&quot;data-super-img=&quot;https://images-wixmp-ed30a86b8c4ca887773594c2.wixmp.com/intermediary/f/6ec0d49d-038d-4900-b498-c8cc3863c8e8/dbn3cpv-a7839bd4-507f-477f-a612-57e5c9a5c84a.jpg/v1/fill/w_600,h_900,q_70,strp/the_norns_by_irenhorrors_dbn3cpv-fullview.jpg&quot; data-super-width=&quot;600&quot; data-super-height=&quot;900&quot; data-super-transparent=&quot;false&quot; data-super-alt=&quot;The Norns by IrenHorrors&quot; data-super-full-img=&quot;https://images-wixmp-ed30a86b8c4ca887773594c2.wixmp.com/intermediary/f/6ec0d49d-038d-4900-b498-c8cc3863c8e8/dbn3cpv-a7839bd4-507f-477f-a612-57e5c9a5c84a.jpg/v1/fill/w_600,h_900,q_70,strp/the_norns_by_irenhorrors_dbn3cpv-fullview.jpg&quot; data-super-full-width=&quot;600&quot; data-super-full-height=&quot;900&quot;        data-sigil=&quot;thumb&quot;&gt;
        &lt;i&gt;&lt;/i&gt;&lt;img   width=&quot;100&quot; height=&quot;150&quot; alt=&quot;The Norns by IrenHorrors&quot; src=&quot;https://images-wixmp-ed30a86b8c4ca887773594c2.wixmp.com/intermediary/f/6ec0d49d-038d-4900-b498-c8cc3863c8e8/dbn3cpv-a7839bd4-507f-477f-a612-57e5c9a5c84a.jpg/v1/fit/w_150,h_150,q_70,strp/the_norns_by_irenhorrors_dbn3cpv-150.jpg&quot; data-src=&quot;https://images-wixmp-ed30a86b8c4ca887773594c2.wixmp.com/intermediary/f/6ec0d49d-038d-4900-b498-c8cc3863c8e8/dbn3cpv-a7839bd4-507f-477f-a612-57e5c9a5c84a.jpg/v1/fit/w_150,h_150,q_70,strp/the_norns_by_irenhorrors_dbn3cpv-150.jpg&quot; srcset=&quot;https://images-wixmp-ed30a86b8c4ca887773594c2.wixmp.com/intermediary/f/6ec0d49d-038d-4900-b498-c8cc3863c8e8/dbn3cpv-a7839bd4-507f-477f-a612-57e5c9a5c84a.jpg/v1/fit/w_150,h_150,q_70,strp/the_norns_by_irenhorrors_dbn3cpv-150.jpg 100w,https://images-wixmp-ed30a86b8c4ca887773594c2.wixmp.com/intermediary/f/6ec0d49d-038d-4900-b498-c8cc3863c8e8/dbn3cpv-a7839bd4-507f-477f-a612-57e5c9a5c84a.jpg/v1/fill/w_167,h_250,q_70,strp/the_norns_by_irenhorrors_dbn3cpv-250t.jpg 167w,https://images-wixmp-ed30a86b8c4ca887773594c2.wixmp.com/intermediary/f/6ec0d49d-038d-4900-b498-c8cc3863c8e8/dbn3cpv-a7839bd4-507f-477f-a612-57e5c9a5c84a.jpg/v1/crop/w_233,h_350,x_0,y_0,scl_0.117,q_70,strp/the_norns_by_irenhorrors_dbn3cpv-350t.jpg 233w,https://images-wixmp-ed30a86b8c4ca887773594c2.wixmp.com/intermediary/f/6ec0d49d-038d-4900-b498-c8cc3863c8e8/dbn3cpv-a7839bd4-507f-477f-a612-57e5c9a5c84a.jpg/v1/fill/w_267,h_400,q_70,strp/the_norns_by_irenhorrors_dbn3cpv-400t.jpg 267w,https://images-wixmp-ed30a86b8c4ca887773594c2.wixmp.com/intermediary/f/6ec0d49d-038d-4900-b498-c8cc3863c8e8/dbn3cpv-a7839bd4-507f-477f-a612-57e5c9a5c84a.jpg/v1/fill/w_600,h_900,q_70,strp/the_norns_by_irenhorrors_dbn3cpv-fullview.jpg 600w&quot; sizes=&quot;100px&quot;&gt;&lt;/a&gt;&lt;/span&gt;&lt;!-- ^TTT --&gt;&lt;!-- TTT$ --&gt;&lt;/span&gt;&amp;nbsp;&lt;span class=&quot;shadow-holder&quot; data-embed-type=&quot;deviation&quot; data-embed-id=&quot;722653849&quot; data-embed-format=&quot;thumb&quot;&gt;&lt;span class=&quot;shadow mild&quot; &gt;&lt;a class=&quot;thumb&quot; href=&quot;https://www.deviantart.com/irenhorrors/art/Loki-s-Children-722653849&quot; title=&quot;Loki&amp;#039;s Children by IrenHorrors, Dec 30, 2017 in Digital Art &amp;gt; Mixed Media &amp;gt; Dark&quot;data-super-img=&quot;https://images-wixmp-ed30a86b8c4ca887773594c2.wixmp.com/intermediary/f/6ec0d49d-038d-4900-b498-c8cc3863c8e8/dby8za1-68894b0e-728d-43c7-a480-9bf3a5516b45.jpg/v1/fill/w_600,h_840,q_70,strp/loki_s_children_by_irenhorrors_dby8za1-fullview.jpg&quot; data-super-width=&quot;600&quot; data-super-height=&quot;840&quot; data-super-transparent=&quot;false&quot; data-super-alt=&quot;Loki&amp;#039;s Children by IrenHorrors&quot; data-super-full-img=&quot;https://images-wixmp-ed30a86b8c4ca887773594c2.wixmp.com/intermediary/f/6ec0d49d-038d-4900-b498-c8cc3863c8e8/dby8za1-68894b0e-728d-43c7-a480-9bf3a5516b45.jpg/v1/fill/w_600,h_840,q_70,strp/loki_s_children_by_irenhorrors_dby8za1-fullview.jpg&quot; data-super-full-width=&quot;600&quot; data-super-full-height=&quot;840&quot;        data-sigil=&quot;thumb&quot;&gt;
        &lt;i&gt;&lt;/i&gt;&lt;img   width=&quot;107&quot; height=&quot;150&quot; alt=&quot;Loki&amp;#039;s Children by IrenHorrors&quot; src=&quot;https://images-wixmp-ed30a86b8c4ca887773594c2.wixmp.com/intermediary/f/6ec0d49d-038d-4900-b498-c8cc3863c8e8/dby8za1-68894b0e-728d-43c7-a480-9bf3a5516b45.jpg/v1/fit/w_150,h_150,q_70,strp/loki_s_children_by_irenhorrors_dby8za1-150.jpg&quot; data-src=&quot;https://images-wixmp-ed30a86b8c4ca887773594c2.wixmp.com/intermediary/f/6ec0d49d-038d-4900-b498-c8cc3863c8e8/dby8za1-68894b0e-728d-43c7-a480-9bf3a5516b45.jpg/v1/fit/w_150,h_150,q_70,strp/loki_s_children_by_irenhorrors_dby8za1-150.jpg&quot; srcset=&quot;https://images-wixmp-ed30a86b8c4ca887773594c2.wixmp.com/intermediary/f/6ec0d49d-038d-4900-b498-c8cc3863c8e8/dby8za1-68894b0e-728d-43c7-a480-9bf3a5516b45.jpg/v1/fit/w_150,h_150,q_70,strp/loki_s_children_by_irenhorrors_dby8za1-150.jpg 107w,https://images-wixmp-ed30a86b8c4ca887773594c2.wixmp.com/intermediary/f/6ec0d49d-038d-4900-b498-c8cc3863c8e8/dby8za1-68894b0e-728d-43c7-a480-9bf3a5516b45.jpg/v1/crop/w_179,h_250,x_0,y_0,scl_0.086473429951691,q_70,strp/loki_s_children_by_irenhorrors_dby8za1-250t.jpg 179w,https://images-wixmp-ed30a86b8c4ca887773594c2.wixmp.com/intermediary/f/6ec0d49d-038d-4900-b498-c8cc3863c8e8/dby8za1-68894b0e-728d-43c7-a480-9bf3a5516b45.jpg/v1/fill/w_250,h_350,q_70,strp/loki_s_children_by_irenhorrors_dby8za1-350t.jpg 250w,https://images-wixmp-ed30a86b8c4ca887773594c2.wixmp.com/intermediary/f/6ec0d49d-038d-4900-b498-c8cc3863c8e8/dby8za1-68894b0e-728d-43c7-a480-9bf3a5516b45.jpg/v1/fill/w_286,h_400,q_70,strp/loki_s_children_by_irenhorrors_dby8za1-400t.jpg 286w,https://images-wixmp-ed30a86b8c4ca887773594c2.wixmp.com/intermediary/f/6ec0d49d-038d-4900-b498-c8cc3863c8e8/dby8za1-68894b0e-728d-43c7-a480-9bf3a5516b45.jpg/v1/fill/w_600,h_840,q_70,strp/loki_s_children_by_irenhorrors_dby8za1-fullview.jpg 600w&quot; sizes=&quot;107px&quot;&gt;&lt;/a&gt;&lt;/span&gt;&lt;!-- ^TTT --&gt;&lt;!-- TTT$ --&gt;&lt;/span&gt;&amp;nbsp;&lt;span class=&quot;shadow-holder&quot; data-embed-type=&quot;deviation&quot; data-embed-id=&quot;688409867&quot; data-embed-format=&quot;thumb&quot;&gt;&lt;span class=&quot;shadow mild&quot; &gt;&lt;a class=&quot;thumb&quot; href=&quot;https://www.deviantart.com/irenhorrors/art/Loki-688409867&quot; title=&quot;Loki by IrenHorrors, Jun 24, 2017 in Digital Art &amp;gt; Mixed Media &amp;gt; Dark&quot;data-super-img=&quot;https://images-wixmp-ed30a86b8c4ca887773594c2.wixmp.com/intermediary/f/6ec0d49d-038d-4900-b498-c8cc3863c8e8/dbdv0gb-ea21d549-e4d7-4d54-a9c8-54af879e7e35.jpg/v1/fill/w_800,h_858,q_70,strp/loki_by_irenhorrors_dbdv0gb-fullview.jpg&quot; data-super-width=&quot;800&quot; data-super-height=&quot;858&quot; data-super-transparent=&quot;false&quot; data-super-alt=&quot;Loki by IrenHorrors&quot; data-super-full-img=&quot;https://images-wixmp-ed30a86b8c4ca887773594c2.wixmp.com/intermediary/f/6ec0d49d-038d-4900-b498-c8cc3863c8e8/dbdv0gb-ea21d549-e4d7-4d54-a9c8-54af879e7e35.jpg/v1/fill/w_800,h_858,q_70,strp/loki_by_irenhorrors_dbdv0gb-fullview.jpg&quot; data-super-full-width=&quot;800&quot; data-super-full-height=&quot;858&quot;        data-sigil=&quot;thumb&quot;&gt;
        &lt;i&gt;&lt;/i&gt;&lt;img   width=&quot;140&quot; height=&quot;150&quot; alt=&quot;Loki by IrenHorrors&quot; src=&quot;https://images-wixmp-ed30a86b8c4ca887773594c2.wixmp.com/intermediary/f/6ec0d49d-038d-4900-b498-c8cc3863c8e8/dbdv0gb-ea21d549-e4d7-4d54-a9c8-54af879e7e35.jpg/v1/fit/w_150,h_150,q_70,strp/loki_by_irenhorrors_dbdv0gb-150.jpg&quot; data-src=&quot;https://images-wixmp-ed30a86b8c4ca887773594c2.wixmp.com/intermediary/f/6ec0d49d-038d-4900-b498-c8cc3863c8e8/dbdv0gb-ea21d549-e4d7-4d54-a9c8-54af879e7e35.jpg/v1/fit/w_150,h_150,q_70,strp/loki_by_irenhorrors_dbdv0gb-150.jpg&quot; srcset=&quot;https://images-wixmp-ed30a86b8c4ca887773594c2.wixmp.com/intermediary/f/6ec0d49d-038d-4900-b498-c8cc3863c8e8/dbdv0gb-ea21d549-e4d7-4d54-a9c8-54af879e7e35.jpg/v1/fit/w_150,h_150,q_70,strp/loki_by_irenhorrors_dbdv0gb-150.jpg 140w,https://images-wixmp-ed30a86b8c4ca887773594c2.wixmp.com/intermediary/f/6ec0d49d-038d-4900-b498-c8cc3863c8e8/dbdv0gb-ea21d549-e4d7-4d54-a9c8-54af879e7e35.jpg/v1/fill/w_233,h_250,q_70,strp/loki_by_irenhorrors_dbdv0gb-250t.jpg 233w,https://images-wixmp-ed30a86b8c4ca887773594c2.wixmp.com/intermediary/f/6ec0d49d-038d-4900-b498-c8cc3863c8e8/dbdv0gb-ea21d549-e4d7-4d54-a9c8-54af879e7e35.jpg/v1/fill/w_326,h_350,q_70,strp/loki_by_irenhorrors_dbdv0gb-350t.jpg 326w,https://images-wixmp-ed30a86b8c4ca887773594c2.wixmp.com/intermediary/f/6ec0d49d-038d-4900-b498-c8cc3863c8e8/dbdv0gb-ea21d549-e4d7-4d54-a9c8-54af879e7e35.jpg/v1/fill/w_373,h_400,q_70,strp/loki_by_irenhorrors_dbdv0gb-400t.jpg 373w,https://images-wixmp-ed30a86b8c4ca887773594c2.wixmp.com/intermediary/f/6ec0d49d-038d-4900-b498-c8cc3863c8e8/dbdv0gb-ea21d549-e4d7-4d54-a9c8-54af879e7e35.jpg/v1/fill/w_800,h_858,q_70,strp/loki_by_irenhorrors_dbdv0gb-fullview.jpg 800w&quot; sizes=&quot;140px&quot;&gt;&lt;/a&gt;&lt;/span&gt;&lt;!-- ^TTT --&gt;&lt;!-- TTT$ --&gt;&lt;/span&gt;&amp;nbsp;&lt;/span&gt;&lt;br /&gt;&lt;div&gt;&lt;img src=&quot;https://t00.deviantart.net/6EaNl7jnNjMnEpJ1hzVoRagy4cs=/300x200/filters:fixed_height(100,100):origin()/pre00/15b8/th/pre/i/2019/056/8/e/the_punishment_of_loki_by_irenhorrors-dd0or6d.jpg&quot; alt=&quot;thumbnail&quot; /&gt;&lt;/div&gt;</description>            </item>
                    <item>
                <title>Starry Serpent</title>
                <link>https://tamberella.deviantart.com/art/Starry-Serpent-787209207</link>
                <guid isPermaLink="true">https://tamberella.deviantart.com/art/Starry-Serpent-787209207</guid>
                <pubDate>Mon, 25 Feb 2019 09:54:36 PST</pubDate>
                        <media:title type="plain">Starry Serpent</media:title>
        <media:keywords></media:keywords>
                        <media:rating>nonadult</media:rating>
                <media:category label="Other">digitalart/paintings/other</media:category>
        <media:credit role="author" scheme="urn:ebu">TamberElla</media:credit>
        <media:credit role="author" scheme="urn:ebu">https://a.deviantart.net/avatars/t/a/tamberella.jpg?4</media:credit>
        <media:copyright url="https://tamberella.deviantart.com">Copyright 2019 TamberElla</media:copyright>            <media:description type="html">I&#039;ve been busy getting ready for Emerald City Comic Con, C2E2, and Wondercon! Im really excited for March &lt;img src=&quot;https://e.deviantart.net/emoticons/s/smile.gif&quot; width=&quot;15&quot; height=&quot;15&quot; alt=&quot;:)&quot; data-embed-type=&quot;emoticon&quot; data-embed-id=&quot;391&quot; title=&quot;:) (Smile)&quot;/&gt;</media:description>            <media:thumbnail url="https://t00.deviantart.net/EmeQVVz1XafOMgwRymRtO6JPNYM=/fit-in/150x150/filters:no_upscale():origin()/pre00/4b67/th/pre/f/2019/056/b/f/starry_serpent_by_tamberella-dd0omif.jpg" height="150" width="120"/>            <media:thumbnail url="https://t00.deviantart.net/z0iOf1JKTu07v2dnQA-dR8XVoNw=/fit-in/300x900/filters:no_upscale():origin()/pre00/4b67/th/pre/f/2019/056/b/f/starry_serpent_by_tamberella-dd0omif.jpg" height="375" width="300"/>            <media:thumbnail url="https://t00.deviantart.net/2zEjobhtqOeBaoPFI6P9FRTqVsU=/300x200/filters:fixed_height(100,100):origin()/pre00/4b67/th/pre/f/2019/056/b/f/starry_serpent_by_tamberella-dd0omif.jpg" height="200" width="160"/>            <media:content url="https://pre00.deviantart.net/4b67/th/pre/f/2019/056/b/f/starry_serpent_by_tamberella-dd0omif.jpg" height="999" width="800" medium="image"/>            
            <description>I&#039;ve been busy getting ready for Emerald City Comic Con, C2E2, and Wondercon! Im really excited for March &lt;img src=&quot;https://e.deviantart.net/emoticons/s/smile.gif&quot; width=&quot;15&quot; height=&quot;15&quot; alt=&quot;:)&quot; data-embed-type=&quot;emoticon&quot; data-embed-id=&quot;391&quot; title=&quot;:) (Smile)&quot;/&gt;&lt;br /&gt;&lt;div&gt;&lt;img src=&quot;https://t00.deviantart.net/2zEjobhtqOeBaoPFI6P9FRTqVsU=/300x200/filters:fixed_height(100,100):origin()/pre00/4b67/th/pre/f/2019/056/b/f/starry_serpent_by_tamberella-dd0omif.jpg&quot; alt=&quot;thumbnail&quot; /&gt;&lt;/div&gt;</description>            </item>
                    <item>
                <title>Towering Shadows</title>
                <link>https://andreasrocha.deviantart.com/art/Towering-Shadows-787167743</link>
                <guid isPermaLink="true">https://andreasrocha.deviantart.com/art/Towering-Shadows-787167743</guid>
                <pubDate>Mon, 25 Feb 2019 01:23:34 PST</pubDate>
                        <media:title type="plain">Towering Shadows</media:title>
        <media:keywords></media:keywords>
                        <media:rating>nonadult</media:rating>
                <media:category label="Fantasy">digitalart/paintings/fantasy</media:category>
        <media:credit role="author" scheme="urn:ebu">andreasrocha</media:credit>
        <media:credit role="author" scheme="urn:ebu">https://a.deviantart.net/avatars/a/n/andreasrocha.jpg?6</media:credit>
        <media:copyright url="https://andreasrocha.deviantart.com">Copyright 2019 andreasrocha</media:copyright>            <media:description type="html">www.patreon.com/andreasrocha&lt;br /&gt;This image will be included in my next Illustration Pack (pledges close on the 28th February). Lately there has been a lot of buzz regarding Blender and I have been delving into that world trying to introduce 3d into my workflow learning from the large amount of resources available on the Internet. This is my first attempt and there were lots of hits and misses...I also took a lot of inspiration from the amazing Richard Wright.</media:description>            <media:thumbnail url="https://t00.deviantart.net/kEkgENzWLykSSV_CRZKsXK_wk0E=/fit-in/150x150/filters:no_upscale():origin()/pre00/9e07/th/pre/f/2019/056/4/b/toweringshadows01_by_andreasrocha-dd0nqin.jpg" height="90" width="150"/>            <media:thumbnail url="https://t00.deviantart.net/MKBwvRaZ6Sn9IC0UldyWyL4nYEo=/fit-in/300x900/filters:no_upscale():origin()/pre00/9e07/th/pre/f/2019/056/4/b/toweringshadows01_by_andreasrocha-dd0nqin.jpg" height="180" width="300"/>            <media:thumbnail url="https://t00.deviantart.net/NValfaQ3uE0OPhSNGcZlbyWzQd8=/300x200/filters:fixed_height(100,100):origin()/pre00/9e07/th/pre/f/2019/056/4/b/toweringshadows01_by_andreasrocha-dd0nqin.jpg" height="180" width="300"/>            <media:content url="https://pre00.deviantart.net/9e07/th/pre/f/2019/056/4/b/toweringshadows01_by_andreasrocha-dd0nqin.jpg" height="692" width="1154" medium="image"/>            
            <description>www.patreon.com/andreasrocha&lt;br /&gt;This image will be included in my next Illustration Pack (pledges close on the 28th February). Lately there has been a lot of buzz regarding Blender and I have been delving into that world trying to introduce 3d into my workflow learning from the large amount of resources available on the Internet. This is my first attempt and there were lots of hits and misses...I also took a lot of inspiration from the amazing Richard Wright.&lt;br /&gt;&lt;div&gt;&lt;img src=&quot;https://t00.deviantart.net/NValfaQ3uE0OPhSNGcZlbyWzQd8=/300x200/filters:fixed_height(100,100):origin()/pre00/9e07/th/pre/f/2019/056/4/b/toweringshadows01_by_andreasrocha-dd0nqin.jpg&quot; alt=&quot;thumbnail&quot; /&gt;&lt;/div&gt;</description>            </item>
                    <item>
                <title>The best House and the best Father</title>
                <link>https://karladraws14.deviantart.com/art/The-best-House-and-the-best-Father-787153089</link>
                <guid isPermaLink="true">https://karladraws14.deviantart.com/art/The-best-House-and-the-best-Father-787153089</guid>
                <pubDate>Sun, 24 Feb 2019 21:58:06 PST</pubDate>
                        <media:title type="plain">The best House and the best Father</media:title>
        <media:keywords></media:keywords>
                        <media:rating>nonadult</media:rating>
                <media:category label="Games">fanart/cartoons/digital/games</media:category>
        <media:credit role="author" scheme="urn:ebu">KarlaDraws14</media:credit>
        <media:credit role="author" scheme="urn:ebu">https://a.deviantart.net/avatars/k/a/karladraws14.png?9</media:credit>
        <media:copyright url="https://karladraws14.deviantart.com">Copyright 2019 KarlaDraws14</media:copyright>            <media:description type="html">&lt;b&gt;BONUS SCENE:&lt;/b&gt;&lt;br /&gt;&lt;br /&gt;&lt;b&gt;&lt;span class=&quot;shadow-holder&quot; data-embed-type=&quot;deviation&quot; data-embed-id=&quot;1497831309725065&quot; data-embed-format=&quot;thumb&quot;&gt;&lt;span class=&quot;shadow mild&quot; &gt;&lt;a class=&quot;thumb&quot; href=&quot;https://sta.sh/0eqxq7cy9op&quot; title=&quot;Screenshot 1992 by KarlaDraws14, Feb 24, 2019&quot;data-super-img=&quot;https://images-wixmp-ed30a86b8c4ca887773594c2.wixmp.com/intermediary/f/bf5b7c64-19a4-48a0-96a7-1286500345db/dd0nfby-f097eda7-d54a-4d4b-b6d4-2fa3c9f3714f.png&quot; data-super-width=&quot;910&quot; data-super-height=&quot;574&quot; data-super-transparent=&quot;false&quot; data-super-alt=&quot;Screenshot 1992 by KarlaDraws14&quot; data-super-full-img=&quot;https://api-da.wixmp.com/_api/download/file?downloadToken=eyJ0eXAiOiJKV1QiLCJhbGciOiJIUzI1NiJ9.eyJzdWIiOiJ1cm46YXBwOjdlMGQxODg5ODIyNjQzNzNhNWYwZDQxNWVhMGQyNmUwIiwiaXNzIjoidXJuOmFwcDo3ZTBkMTg4OTgyMjY0MzczYTVmMGQ0MTVlYTBkMjZlMCIsImV4cCI6MTU1MTA3NDUyNCwiaWF0IjoxNTUxMDczOTE0LCJqdGkiOiI1YzczODI4NGM4NzBmIiwib2JqIjpudWxsLCJhdWQiOlsidXJuOnNlcnZpY2U6ZmlsZS5kb3dubG9hZCJdLCJwYXlsb2FkIjp7InBhdGgiOiJcL2ZcL2JmNWI3YzY0LTE5YTQtNDhhMC05NmE3LTEyODY1MDAzNDVkYlwvZGQwbmZieS1mMDk3ZWRhNy1kNTRhLTRkNGItYjZkNC0yZmEzYzlmMzcxNGYucG5nIn19.kR4mJFbBjlYq3wYNE0pbfKaM2vHIqF1GmeqczNGUypI&quot; data-super-full-width=&quot;910&quot; data-super-full-height=&quot;574&quot;        data-sigil=&quot;thumb&quot;&gt;
        &lt;i&gt;&lt;/i&gt;&lt;img   width=&quot;150&quot; height=&quot;95&quot; alt=&quot;Screenshot 1992 by KarlaDraws14&quot; src=&quot;https://images-wixmp-ed30a86b8c4ca887773594c2.wixmp.com/intermediary/f/bf5b7c64-19a4-48a0-96a7-1286500345db/dd0nfby-f097eda7-d54a-4d4b-b6d4-2fa3c9f3714f.png/v1/fit/w_150,h_150,q_70,strp/screenshot_1992_by_karladraws14_dd0nfby-150.jpg&quot; data-src=&quot;https://images-wixmp-ed30a86b8c4ca887773594c2.wixmp.com/intermediary/f/bf5b7c64-19a4-48a0-96a7-1286500345db/dd0nfby-f097eda7-d54a-4d4b-b6d4-2fa3c9f3714f.png/v1/fit/w_150,h_150,q_70,strp/screenshot_1992_by_karladraws14_dd0nfby-150.jpg&quot; srcset=&quot;https://images-wixmp-ed30a86b8c4ca887773594c2.wixmp.com/intermediary/f/bf5b7c64-19a4-48a0-96a7-1286500345db/dd0nfby-f097eda7-d54a-4d4b-b6d4-2fa3c9f3714f.png/v1/fit/w_150,h_150,q_70,strp/screenshot_1992_by_karladraws14_dd0nfby-150.jpg 150w,https://images-wixmp-ed30a86b8c4ca887773594c2.wixmp.com/intermediary/f/bf5b7c64-19a4-48a0-96a7-1286500345db/dd0nfby-f097eda7-d54a-4d4b-b6d4-2fa3c9f3714f.png/v1/fill/w_396,h_250,q_70,strp/screenshot_1992_by_karladraws14_dd0nfby-250t.jpg 396w,https://images-wixmp-ed30a86b8c4ca887773594c2.wixmp.com/intermediary/f/bf5b7c64-19a4-48a0-96a7-1286500345db/dd0nfby-f097eda7-d54a-4d4b-b6d4-2fa3c9f3714f.png/v1/fill/w_555,h_350,q_70,strp/screenshot_1992_by_karladraws14_dd0nfby-350t.jpg 555w,https://images-wixmp-ed30a86b8c4ca887773594c2.wixmp.com/intermediary/f/bf5b7c64-19a4-48a0-96a7-1286500345db/dd0nfby-f097eda7-d54a-4d4b-b6d4-2fa3c9f3714f.png/v1/fill/w_634,h_400,q_70,strp/screenshot_1992_by_karladraws14_dd0nfby-400t.jpg 634w,https://images-wixmp-ed30a86b8c4ca887773594c2.wixmp.com/intermediary/f/bf5b7c64-19a4-48a0-96a7-1286500345db/dd0nfby-f097eda7-d54a-4d4b-b6d4-2fa3c9f3714f.png 910w&quot; sizes=&quot;150px&quot;&gt;&lt;/a&gt;&lt;/span&gt;&lt;!-- ^TTT --&gt;&lt;!-- TTT$ --&gt;&lt;/span&gt;&amp;nbsp;&lt;br /&gt;&lt;br /&gt;&lt;/b&gt;&lt;br /&gt;&lt;br /&gt;&lt;br /&gt;FIIUUU&amp;nbsp; It&#039;s been so long i doesn&#039;t drawed the Indie House!&lt;br /&gt;&lt;br /&gt;but here is, a big comic about they living life, and how the Neighbor is like&lt;br /&gt;a Big father for everyone in the house (he cleans, cooks, helps and etc)&lt;br /&gt;&lt;br /&gt;Good headcanons, so, there is, all the indies in the house (There&#039;s to many!!)&lt;br /&gt;it was really difficult cause they have so much elaborate designs (that i love)&lt;br /&gt;and they&#039;re like 14 indies! wow&amp;nbsp;&lt;br /&gt;&lt;br /&gt;&lt;a href=&quot;https://www.deviantart.com/matchstar/art/Frozen-Fever-Wow-Anna-s-Surprise-Icon-520124024&quot; class=&quot;emoticon&quot; data-embed-type=&quot;emoticon&quot; data-embed-id=&quot;520124024&quot; data-embed-profile=&quot;deviation&quot;&gt;&lt;img src=&quot;https://orig00.deviantart.net/74f4/f/2015/073/c/c/wow_icon_by_matchstar_by_matchstar-d8lo29k.gif&quot; alt=&quot;Frozen Fever - Wow! Anna&amp;#039;s Surprise Icon&quot; style=&quot;width:50px;height:50px&quot;&gt;&lt;/a&gt;&amp;nbsp;&lt;br /&gt;&lt;br /&gt;Later i gonna do a Sequel of this comic, and its gonna be about Ayano Aishi&lt;br /&gt;&lt;br /&gt;welp, Hope You Like It!</media:description>            <media:thumbnail url="https://t00.deviantart.net/yQZEb1BgDdYEsZLjZmYhNTe4l4k=/fit-in/150x150/filters:no_upscale():origin()/pre00/46c0/th/pre/i/2019/055/2/6/the_best_house_and_the_best_father_by_karladraws14-dd0nf7l.png" height="150" width="48"/>            <media:thumbnail url="https://t00.deviantart.net/PesDREi1rC2gtS210qOD0kWzX_k=/fit-in/300x900/filters:no_upscale():origin()/pre00/46c0/th/pre/i/2019/055/2/6/the_best_house_and_the_best_father_by_karladraws14-dd0nf7l.png" height="900" width="290"/>            <media:thumbnail url="https://t00.deviantart.net/j-uQ4fxcTzsKRR9mpRWQ1yGQx-Q=/300x200/filters:fixed_height(100,100):origin()/pre00/46c0/th/pre/i/2019/055/2/6/the_best_house_and_the_best_father_by_karladraws14-dd0nf7l.png" height="201" width="100"/>            <media:content url="https://pre00.deviantart.net/46c0/th/pre/i/2019/055/2/6/the_best_house_and_the_best_father_by_karladraws14-dd0nf7l.png" height="1575" width="507" medium="image"/>            
            <description>&lt;b&gt;BONUS SCENE:&lt;/b&gt;&lt;br /&gt;&lt;br /&gt;&lt;b&gt;&lt;span class=&quot;shadow-holder&quot; data-embed-type=&quot;deviation&quot; data-embed-id=&quot;1497831309725065&quot; data-embed-format=&quot;thumb&quot;&gt;&lt;span class=&quot;shadow mild&quot; &gt;&lt;a class=&quot;thumb&quot; href=&quot;https://sta.sh/0eqxq7cy9op&quot; title=&quot;Screenshot 1992 by KarlaDraws14, Feb 24, 2019&quot;data-super-img=&quot;https://images-wixmp-ed30a86b8c4ca887773594c2.wixmp.com/intermediary/f/bf5b7c64-19a4-48a0-96a7-1286500345db/dd0nfby-f097eda7-d54a-4d4b-b6d4-2fa3c9f3714f.png&quot; data-super-width=&quot;910&quot; data-super-height=&quot;574&quot; data-super-transparent=&quot;false&quot; data-super-alt=&quot;Screenshot 1992 by KarlaDraws14&quot; data-super-full-img=&quot;https://api-da.wixmp.com/_api/download/file?downloadToken=eyJ0eXAiOiJKV1QiLCJhbGciOiJIUzI1NiJ9.eyJzdWIiOiJ1cm46YXBwOjdlMGQxODg5ODIyNjQzNzNhNWYwZDQxNWVhMGQyNmUwIiwiaXNzIjoidXJuOmFwcDo3ZTBkMTg4OTgyMjY0MzczYTVmMGQ0MTVlYTBkMjZlMCIsImV4cCI6MTU1MTA3NDUyNCwiaWF0IjoxNTUxMDczOTE0LCJqdGkiOiI1YzczODI4NGM4NzBmIiwib2JqIjpudWxsLCJhdWQiOlsidXJuOnNlcnZpY2U6ZmlsZS5kb3dubG9hZCJdLCJwYXlsb2FkIjp7InBhdGgiOiJcL2ZcL2JmNWI3YzY0LTE5YTQtNDhhMC05NmE3LTEyODY1MDAzNDVkYlwvZGQwbmZieS1mMDk3ZWRhNy1kNTRhLTRkNGItYjZkNC0yZmEzYzlmMzcxNGYucG5nIn19.kR4mJFbBjlYq3wYNE0pbfKaM2vHIqF1GmeqczNGUypI&quot; data-super-full-width=&quot;910&quot; data-super-full-height=&quot;574&quot;        data-sigil=&quot;thumb&quot;&gt;
        &lt;i&gt;&lt;/i&gt;&lt;img   width=&quot;150&quot; height=&quot;95&quot; alt=&quot;Screenshot 1992 by KarlaDraws14&quot; src=&quot;https://images-wixmp-ed30a86b8c4ca887773594c2.wixmp.com/intermediary/f/bf5b7c64-19a4-48a0-96a7-1286500345db/dd0nfby-f097eda7-d54a-4d4b-b6d4-2fa3c9f3714f.png/v1/fit/w_150,h_150,q_70,strp/screenshot_1992_by_karladraws14_dd0nfby-150.jpg&quot; data-src=&quot;https://images-wixmp-ed30a86b8c4ca887773594c2.wixmp.com/intermediary/f/bf5b7c64-19a4-48a0-96a7-1286500345db/dd0nfby-f097eda7-d54a-4d4b-b6d4-2fa3c9f3714f.png/v1/fit/w_150,h_150,q_70,strp/screenshot_1992_by_karladraws14_dd0nfby-150.jpg&quot; srcset=&quot;https://images-wixmp-ed30a86b8c4ca887773594c2.wixmp.com/intermediary/f/bf5b7c64-19a4-48a0-96a7-1286500345db/dd0nfby-f097eda7-d54a-4d4b-b6d4-2fa3c9f3714f.png/v1/fit/w_150,h_150,q_70,strp/screenshot_1992_by_karladraws14_dd0nfby-150.jpg 150w,https://images-wixmp-ed30a86b8c4ca887773594c2.wixmp.com/intermediary/f/bf5b7c64-19a4-48a0-96a7-1286500345db/dd0nfby-f097eda7-d54a-4d4b-b6d4-2fa3c9f3714f.png/v1/fill/w_396,h_250,q_70,strp/screenshot_1992_by_karladraws14_dd0nfby-250t.jpg 396w,https://images-wixmp-ed30a86b8c4ca887773594c2.wixmp.com/intermediary/f/bf5b7c64-19a4-48a0-96a7-1286500345db/dd0nfby-f097eda7-d54a-4d4b-b6d4-2fa3c9f3714f.png/v1/fill/w_555,h_350,q_70,strp/screenshot_1992_by_karladraws14_dd0nfby-350t.jpg 555w,https://images-wixmp-ed30a86b8c4ca887773594c2.wixmp.com/intermediary/f/bf5b7c64-19a4-48a0-96a7-1286500345db/dd0nfby-f097eda7-d54a-4d4b-b6d4-2fa3c9f3714f.png/v1/fill/w_634,h_400,q_70,strp/screenshot_1992_by_karladraws14_dd0nfby-400t.jpg 634w,https://images-wixmp-ed30a86b8c4ca887773594c2.wixmp.com/intermediary/f/bf5b7c64-19a4-48a0-96a7-1286500345db/dd0nfby-f097eda7-d54a-4d4b-b6d4-2fa3c9f3714f.png 910w&quot; sizes=&quot;150px&quot;&gt;&lt;/a&gt;&lt;/span&gt;&lt;!-- ^TTT --&gt;&lt;!-- TTT$ --&gt;&lt;/span&gt;&amp;nbsp;&lt;br /&gt;&lt;br /&gt;&lt;/b&gt;&lt;br /&gt;&lt;br /&gt;&lt;br /&gt;FIIUUU&amp;nbsp; It&#039;s been so long i doesn&#039;t drawed the Indie House!&lt;br /&gt;&lt;br /&gt;but here is, a big comic about they living life, and how the Neighbor is like&lt;br /&gt;a Big father for everyone in the house (he cleans, cooks, helps and etc)&lt;br /&gt;&lt;br /&gt;Good headcanons, so, there is, all the indies in the house (There&#039;s to many!!)&lt;br /&gt;it was really difficult cause they have so much elaborate designs (that i love)&lt;br /&gt;and they&#039;re like 14 indies! wow&amp;nbsp;&lt;br /&gt;&lt;br /&gt;&lt;a href=&quot;https://www.deviantart.com/matchstar/art/Frozen-Fever-Wow-Anna-s-Surprise-Icon-520124024&quot; class=&quot;emoticon&quot; data-embed-type=&quot;emoticon&quot; data-embed-id=&quot;520124024&quot; data-embed-profile=&quot;deviation&quot;&gt;&lt;img src=&quot;https://orig00.deviantart.net/74f4/f/2015/073/c/c/wow_icon_by_matchstar_by_matchstar-d8lo29k.gif&quot; alt=&quot;Frozen Fever - Wow! Anna&amp;#039;s Surprise Icon&quot; style=&quot;width:50px;height:50px&quot;&gt;&lt;/a&gt;&amp;nbsp;&lt;br /&gt;&lt;br /&gt;Later i gonna do a Sequel of this comic, and its gonna be about Ayano Aishi&lt;br /&gt;&lt;br /&gt;welp, Hope You Like It!&lt;br /&gt;&lt;div&gt;&lt;img src=&quot;https://t00.deviantart.net/j-uQ4fxcTzsKRR9mpRWQ1yGQx-Q=/300x200/filters:fixed_height(100,100):origin()/pre00/46c0/th/pre/i/2019/055/2/6/the_best_house_and_the_best_father_by_karladraws14-dd0nf7l.png&quot; alt=&quot;thumbnail&quot; /&gt;&lt;/div&gt;</description>            </item>
                    <item>
                <title>Transparent PNG - Yoko Littner (Gurren Lagann)</title>
                <link>https://anastasiya-v.deviantart.com/art/Transparent-PNG-Yoko-Littner-Gurren-Lagann-787140034</link>
                <guid isPermaLink="true">https://anastasiya-v.deviantart.com/art/Transparent-PNG-Yoko-Littner-Gurren-Lagann-787140034</guid>
                <pubDate>Sun, 24 Feb 2019 19:40:30 PST</pubDate>
                        <media:title type="plain">Transparent PNG - Yoko Littner (Gurren Lagann)</media:title>
        <media:keywords></media:keywords>
                        <media:rating>nonadult</media:rating>
                <media:category label="Other">resources/stockart/3drenders/other</media:category>
        <media:credit role="author" scheme="urn:ebu">Anastasiya-V</media:credit>
        <media:credit role="author" scheme="urn:ebu">https://a.deviantart.net/avatars/a/n/anastasiya-v.png?12</media:credit>
        <media:copyright url="https://anastasiya-v.deviantart.com">Copyright 2019 Anastasiya-V</media:copyright>            <media:description type="html">&lt;b&gt;&amp;#10031; The original artist did give me permission to post this. &amp;#10031;&lt;/b&gt;&lt;br /&gt;______________________________________________________&lt;br /&gt;&lt;br /&gt;Original Picture : &lt;a class=&quot;external&quot; href=&quot;https://www.deviantart.com/users/outgoing?https://www.pixiv.net/member_illust.php?mode=medium&amp;amp;illust_id=69648274&quot;&gt;Pixiv&lt;/a&gt;&lt;br /&gt;______________________________________________________&lt;br /&gt;&lt;br /&gt;&lt;b&gt; I highly recommend you to check out the original artist: &lt;/b&gt;&lt;br /&gt;&lt;br /&gt;&amp;#10147; Pixiv: &lt;a class=&quot;external&quot; href=&quot;https://www.deviantart.com/users/outgoing?https://www.pixiv.net/member.php?id=9601454&quot;&gt;-dye-&lt;/a&gt;</media:description>            <media:thumbnail url="https://t00.deviantart.net/nqHSsReEs5foSvFvNXnB-81hc5I=/fit-in/150x150/filters:no_upscale():origin()/pre00/7365/th/pre/i/2019/055/b/8/transparent_png___yoko_littner__gurren_lagann__by_anastasiya_v-dd0n54y.png" height="150" width="106"/>            <media:thumbnail url="https://t00.deviantart.net/iF4hsNv5SqxHUL_GcTYataCRu-c=/fit-in/300x900/filters:no_upscale():origin()/pre00/7365/th/pre/i/2019/055/b/8/transparent_png___yoko_littner__gurren_lagann__by_anastasiya_v-dd0n54y.png" height="424" width="300"/>            <media:thumbnail url="https://t00.deviantart.net/5wbB_EEQVjvxGwKBE0XtBOy4V7s=/300x200/filters:fixed_height(100,100):origin()/pre00/7365/th/pre/i/2019/055/b/8/transparent_png___yoko_littner__gurren_lagann__by_anastasiya_v-dd0n54y.png" height="200" width="141"/>            <media:content url="https://pre00.deviantart.net/7365/th/pre/i/2019/055/b/8/transparent_png___yoko_littner__gurren_lagann__by_anastasiya_v-dd0n54y.png" height="1063" width="752" medium="image"/>            
            <description>&lt;b&gt;&amp;#10031; The original artist did give me permission to post this. &amp;#10031;&lt;/b&gt;&lt;br /&gt;______________________________________________________&lt;br /&gt;&lt;br /&gt;Original Picture : &lt;a class=&quot;external&quot; href=&quot;https://www.deviantart.com/users/outgoing?https://www.pixiv.net/member_illust.php?mode=medium&amp;amp;illust_id=69648274&quot;&gt;Pixiv&lt;/a&gt;&lt;br /&gt;______________________________________________________&lt;br /&gt;&lt;br /&gt;&lt;b&gt; I highly recommend you to check out the original artist: &lt;/b&gt;&lt;br /&gt;&lt;br /&gt;&amp;#10147; Pixiv: &lt;a class=&quot;external&quot; href=&quot;https://www.deviantart.com/users/outgoing?https://www.pixiv.net/member.php?id=9601454&quot;&gt;-dye-&lt;/a&gt;&lt;br /&gt;&lt;div&gt;&lt;img src=&quot;https://t00.deviantart.net/5wbB_EEQVjvxGwKBE0XtBOy4V7s=/300x200/filters:fixed_height(100,100):origin()/pre00/7365/th/pre/i/2019/055/b/8/transparent_png___yoko_littner__gurren_lagann__by_anastasiya_v-dd0n54y.png&quot; alt=&quot;thumbnail&quot; /&gt;&lt;/div&gt;</description>            </item>
                    <item>
                <title>RWBY: Yang Xiao Long</title>
                <link>https://kimmy77.deviantart.com/art/RWBY-Yang-Xiao-Long-787195305</link>
                <guid isPermaLink="true">https://kimmy77.deviantart.com/art/RWBY-Yang-Xiao-Long-787195305</guid>
                <pubDate>Mon, 25 Feb 2019 07:38:58 PST</pubDate>
                        <media:title type="plain">RWBY: Yang Xiao Long</media:title>
        <media:keywords></media:keywords>
                        <media:rating>nonadult</media:rating>
                <media:category label="Movies &amp; TV">fanart/manga/digital/movies</media:category>
        <media:credit role="author" scheme="urn:ebu">kimmy77</media:credit>
        <media:credit role="author" scheme="urn:ebu">https://a.deviantart.net/avatars/k/i/kimmy77.png?7</media:credit>
        <media:copyright url="https://kimmy77.deviantart.com">Copyright 2019 kimmy77</media:copyright>
            <media:community>
                <media:tags>@Kimmy77_Oekaki</media:tags>
            </media:community>            <media:description type="html">My fanart of Yang Xiao Long from RWBY.&lt;br /&gt;&lt;a class=&quot;external&quot; href=&quot;https://www.deviantart.com/users/outgoing?https://www.patreon.com/posts/24946367&quot;&gt;www.patreon.com/posts/24946367&lt;/a&gt;&lt;br /&gt;&lt;br /&gt;-&lt;br /&gt;&lt;br /&gt;&lt;a class=&quot;external&quot; href=&quot;https://www.deviantart.com/users/outgoing?https://picarto.tv/kimmy77&quot;&gt;picarto.tv/kimmy77&lt;/a&gt;&lt;br /&gt;&lt;a class=&quot;external&quot; href=&quot;https://www.deviantart.com/users/outgoing?https://www.patreon.com/kimmy77&quot;&gt;www.patreon.com/kimmy77&lt;/a&gt;&lt;br /&gt;&lt;a class=&quot;external&quot; href=&quot;https://www.deviantart.com/users/outgoing?https://pixiv.me/kimmy77&quot;&gt;pixiv.me/kimmy77&lt;/a&gt;&lt;br /&gt;&lt;a class=&quot;external&quot; href=&quot;https://www.deviantart.com/users/outgoing?https://www.facebook.com/olly.kimmy77&quot;&gt;www.facebook.com/olly.kimmy77&lt;/a&gt;&lt;br /&gt;&lt;a class=&quot;external&quot; href=&quot;https://www.deviantart.com/users/outgoing?https://twitter.com/Kimmy77_Oekaki&quot;&gt;twitter.com/Kimmy77_Oekaki&lt;/a&gt;</media:description>            <media:thumbnail url="https://t00.deviantart.net/dobsf0tPZtgBz4z9RmgrltxzzZw=/fit-in/150x150/filters:no_upscale():origin()/pre00/2e20/th/pre/f/2019/056/2/b/2be883caf6cedd12b09a3cca5b9114d5-dd0obs9.jpg" height="150" width="100"/>            <media:thumbnail url="https://t00.deviantart.net/p15-GnY-IyreYy35t3RDMmhe2CQ=/fit-in/300x900/filters:no_upscale():origin()/pre00/2e20/th/pre/f/2019/056/2/b/2be883caf6cedd12b09a3cca5b9114d5-dd0obs9.jpg" height="450" width="300"/>            <media:thumbnail url="https://t00.deviantart.net/hUae-FyXTaT5uruBdOESw9oj2RY=/300x200/filters:fixed_height(100,100):origin()/pre00/2e20/th/pre/f/2019/056/2/b/2be883caf6cedd12b09a3cca5b9114d5-dd0obs9.jpg" height="200" width="133"/>            <media:content url="https://pre00.deviantart.net/2e20/th/pre/f/2019/056/2/b/2be883caf6cedd12b09a3cca5b9114d5-dd0obs9.jpg" height="1095" width="730" medium="image"/>            
            <description>My fanart of Yang Xiao Long from RWBY.&lt;br /&gt;&lt;a class=&quot;external&quot; href=&quot;https://www.deviantart.com/users/outgoing?https://www.patreon.com/posts/24946367&quot;&gt;www.patreon.com/posts/24946367&lt;/a&gt;&lt;br /&gt;&lt;br /&gt;-&lt;br /&gt;&lt;br /&gt;&lt;a class=&quot;external&quot; href=&quot;https://www.deviantart.com/users/outgoing?https://picarto.tv/kimmy77&quot;&gt;picarto.tv/kimmy77&lt;/a&gt;&lt;br /&gt;&lt;a class=&quot;external&quot; href=&quot;https://www.deviantart.com/users/outgoing?https://www.patreon.com/kimmy77&quot;&gt;www.patreon.com/kimmy77&lt;/a&gt;&lt;br /&gt;&lt;a class=&quot;external&quot; href=&quot;https://www.deviantart.com/users/outgoing?https://pixiv.me/kimmy77&quot;&gt;pixiv.me/kimmy77&lt;/a&gt;&lt;br /&gt;&lt;a class=&quot;external&quot; href=&quot;https://www.deviantart.com/users/outgoing?https://www.facebook.com/olly.kimmy77&quot;&gt;www.facebook.com/olly.kimmy77&lt;/a&gt;&lt;br /&gt;&lt;a class=&quot;external&quot; href=&quot;https://www.deviantart.com/users/outgoing?https://twitter.com/Kimmy77_Oekaki&quot;&gt;twitter.com/Kimmy77_Oekaki&lt;/a&gt;&lt;br /&gt;&lt;div&gt;&lt;img src=&quot;https://t00.deviantart.net/hUae-FyXTaT5uruBdOESw9oj2RY=/300x200/filters:fixed_height(100,100):origin()/pre00/2e20/th/pre/f/2019/056/2/b/2be883caf6cedd12b09a3cca5b9114d5-dd0obs9.jpg&quot; alt=&quot;thumbnail&quot; /&gt;&lt;/div&gt;</description>            </item>
                    <item>
                <title>Red Forest - Skyrim</title>
                <link>https://watchtheskiies.deviantart.com/art/Red-Forest-Skyrim-787139569</link>
                <guid isPermaLink="true">https://watchtheskiies.deviantart.com/art/Red-Forest-Skyrim-787139569</guid>
                <pubDate>Sun, 24 Feb 2019 20:08:39 PST</pubDate>
                        <media:title type="plain">Red Forest - Skyrim</media:title>
        <media:keywords></media:keywords>
                        <media:rating>nonadult</media:rating>
                <media:category label="Games">fanart/wallpaper/games</media:category>
        <media:credit role="author" scheme="urn:ebu">WatchTheSkiies</media:credit>
        <media:credit role="author" scheme="urn:ebu">https://a.deviantart.net/avatars/w/a/watchtheskiies.jpg</media:credit>
        <media:copyright url="https://watchtheskiies.deviantart.com">Copyright 2019 WatchTheSkiies</media:copyright>            <media:description type="html">&lt;div align=&quot;center&quot;&gt;&lt;b&gt;Manipulated screenshot from the game The Elder Scrolls V: Skyrim.&lt;/b&gt;&lt;/div&gt;&lt;div align=&quot;center&quot;&gt;&lt;b&gt;&lt;u&gt;&lt;br /&gt;&lt;/u&gt;&lt;/b&gt;&lt;/div&gt;&lt;u&gt;&lt;div align=&quot;center&quot;&gt;&lt;b&gt;&lt;br /&gt;&lt;/b&gt;&lt;/div&gt;&lt;/u&gt;&lt;i&gt;&lt;div align=&quot;center&quot;&gt;&lt;i&gt;&quot;&lt;b&gt;Eastmarch&amp;nbsp;&lt;/b&gt;covers much of Skyrim&#039;s eastern border with Morrowind. The surrounding holds are Winterhold to the north, The Pale and Whiterun to the west and The Rift to the south. Central/south Eastmarch is a volcanically active area, plains with steaming gas leaking in between cracks in the ground, colorful, mineral filled bodies of water, and geysers. The far west of the hold resembles much of the rest of central Skyrim, and to the north a mountainous tundra, where the hold&#039;s capital Windhelm lies. The east is composed of the Velothi mountain range, which extends down to the Rift. The province&#039;s border with Morrowind can be accessed by road a short walk up the mountains from Windhelm, though the border cannot be crossed.&quot;&amp;nbsp;&amp;nbsp;&lt;/i&gt;&lt;/div&gt;&lt;div align=&quot;center&quot;&gt;&lt;br /&gt;&lt;/div&gt;&lt;div align=&quot;center&quot;&gt;&lt;i&gt;&quot;&lt;b&gt;Eastmarch&lt;/b&gt;&amp;nbsp;is one of the nine Holds of Skyrim, located along the eastern border. It is one of the four oldest holds in Skyrim, known collectively as Old Holds. The major city of Eastmarch is Windhelm, near the northern border. Ulfric Stormcloak is the Jarl of Windhelm and Eastmarch. Its symbol is a bear&#039;s head.&quot;&lt;/i&gt;&lt;/div&gt;&lt;/i&gt;</media:description>            <media:thumbnail url="https://t00.deviantart.net/ke-XJ7OUdpVn4RUlBe_YON0lIto=/fit-in/150x150/filters:no_upscale():origin()/pre00/f4cc/th/pre/i/2019/055/7/0/red_forest___skyrim_by_watchtheskiies-dd0n4s1.jpg" height="84" width="150"/>            <media:thumbnail url="https://t00.deviantart.net/0LX_qG_Hmb1f-0s28SEMm9qWVNI=/fit-in/300x900/filters:no_upscale():origin()/pre00/f4cc/th/pre/i/2019/055/7/0/red_forest___skyrim_by_watchtheskiies-dd0n4s1.jpg" height="169" width="300"/>            <media:thumbnail url="https://t00.deviantart.net/9lP9JCOZujHXFXawk58tRZCu42M=/300x200/filters:fixed_height(100,100):origin()/pre00/f4cc/th/pre/i/2019/055/7/0/red_forest___skyrim_by_watchtheskiies-dd0n4s1.jpg" height="169" width="300"/>            <media:content url="https://img00.deviantart.net/c742/i/2019/055/7/0/red_forest___skyrim_by_watchtheskiies-dd0n4s1.jpg" height="576" width="1024" medium="image"/>            
            <description>&lt;div align=&quot;center&quot;&gt;&lt;b&gt;Manipulated screenshot from the game The Elder Scrolls V: Skyrim.&lt;/b&gt;&lt;/div&gt;&lt;div align=&quot;center&quot;&gt;&lt;b&gt;&lt;u&gt;&lt;br /&gt;&lt;/u&gt;&lt;/b&gt;&lt;/div&gt;&lt;u&gt;&lt;div align=&quot;center&quot;&gt;&lt;b&gt;&lt;br /&gt;&lt;/b&gt;&lt;/div&gt;&lt;/u&gt;&lt;i&gt;&lt;div align=&quot;center&quot;&gt;&lt;i&gt;&quot;&lt;b&gt;Eastmarch&amp;nbsp;&lt;/b&gt;covers much of Skyrim&#039;s eastern border with Morrowind. The surrounding holds are Winterhold to the north, The Pale and Whiterun to the west and The Rift to the south. Central/south Eastmarch is a volcanically active area, plains with steaming gas leaking in between cracks in the ground, colorful, mineral filled bodies of water, and geysers. The far west of the hold resembles much of the rest of central Skyrim, and to the north a mountainous tundra, where the hold&#039;s capital Windhelm lies. The east is composed of the Velothi mountain range, which extends down to the Rift. The province&#039;s border with Morrowind can be accessed by road a short walk up the mountains from Windhelm, though the border cannot be crossed.&quot;&amp;nbsp;&amp;nbsp;&lt;/i&gt;&lt;/div&gt;&lt;div align=&quot;center&quot;&gt;&lt;br /&gt;&lt;/div&gt;&lt;div align=&quot;center&quot;&gt;&lt;i&gt;&quot;&lt;b&gt;Eastmarch&lt;/b&gt;&amp;nbsp;is one of the nine Holds of Skyrim, located along the eastern border. It is one of the four oldest holds in Skyrim, known collectively as Old Holds. The major city of Eastmarch is Windhelm, near the northern border. Ulfric Stormcloak is the Jarl of Windhelm and Eastmarch. Its symbol is a bear&#039;s head.&quot;&lt;/i&gt;&lt;/div&gt;&lt;/i&gt;&lt;br /&gt;&lt;div&gt;&lt;img src=&quot;https://t00.deviantart.net/9lP9JCOZujHXFXawk58tRZCu42M=/300x200/filters:fixed_height(100,100):origin()/pre00/f4cc/th/pre/i/2019/055/7/0/red_forest___skyrim_by_watchtheskiies-dd0n4s1.jpg&quot; alt=&quot;thumbnail&quot; /&gt;&lt;/div&gt;</description>            </item>
                    <item>
                <title>Ayana Hizuki</title>
                <link>https://ruff-sketches.deviantart.com/art/Ayana-Hizuki-787140814</link>
                <guid isPermaLink="true">https://ruff-sketches.deviantart.com/art/Ayana-Hizuki-787140814</guid>
                <pubDate>Sun, 24 Feb 2019 19:47:45 PST</pubDate>
                        <media:title type="plain">Ayana Hizuki</media:title>
        <media:keywords></media:keywords>
                        <media:rating>nonadult</media:rating>
                <media:category label="Other">fanart/manga/digital/other</media:category>
        <media:credit role="author" scheme="urn:ebu">Ruff-Sketches</media:credit>
        <media:credit role="author" scheme="urn:ebu">https://a.deviantart.net/avatars/r/u/ruff-sketches.jpg?7</media:credit>
        <media:copyright url="https://ruff-sketches.deviantart.com">Copyright 2019 Ruff-Sketches</media:copyright>            <media:description type="html">the winner of this month&#039;s Patreon sponsored Fan Art Poll&amp;nbsp;&lt;br /&gt;dont google her without your parent&#039;s permission.&lt;br /&gt;&lt;br /&gt;become a patron to participate in character selections for this poll each month!&lt;br /&gt;&lt;a class=&quot;external&quot; href=&quot;https://www.deviantart.com/users/outgoing?http://www.patreon.com/Ruffntumble&quot;&gt;www.patreon.com/Ruffntumble&lt;/a&gt;&lt;br /&gt;&lt;br /&gt;&lt;a class=&quot;external&quot; href=&quot;https://www.deviantart.com/users/outgoing?https://www.patreon.com/Ruffntumble&quot;&gt;Patreon&lt;/a&gt; | &lt;a class=&quot;external&quot; href=&quot;https://www.deviantart.com/users/outgoing?https://ruffsketches.tumblr.com/&quot;&gt;Tumblr&lt;/a&gt; | &lt;a class=&quot;external&quot; href=&quot;https://www.deviantart.com/users/outgoing?https://www.instagram.com/ruff.sketches/&quot;&gt;Instagram&lt;/a&gt; | &lt;a class=&quot;external&quot; href=&quot;https://www.deviantart.com/users/outgoing?https://twitter.com/Ruff_sketches&quot;&gt;Twitter&lt;/a&gt; | &lt;a class=&quot;external&quot; href=&quot;https://www.deviantart.com/users/outgoing?https://ruff-sketches.newgrounds.com/&quot;&gt;Newgrounds&lt;/a&gt; | &lt;a class=&quot;external&quot; href=&quot;https://www.deviantart.com/users/outgoing?https://www.twitch.tv/ruff_sketches&quot;&gt;Twitch&lt;/a&gt;</media:description>            <media:thumbnail url="https://t00.deviantart.net/Iq7cPamrxIjL5mhfZb6JF8GJlzU=/fit-in/150x150/filters:no_upscale():origin()/pre00/375d/th/pre/i/2019/055/9/0/ayana_hizuki_by_ruff_sketches-dd0n5qm.jpg" height="150" width="113"/>            <media:thumbnail url="https://t00.deviantart.net/fg76e24o9MkaUBdSUW47qBdaWWY=/fit-in/300x900/filters:no_upscale():origin()/pre00/375d/th/pre/i/2019/055/9/0/ayana_hizuki_by_ruff_sketches-dd0n5qm.jpg" height="400" width="300"/>            <media:thumbnail url="https://t00.deviantart.net/N8YK4DLE3u11iedy1ZFrG3FfukM=/300x200/filters:fixed_height(100,100):origin()/pre00/375d/th/pre/i/2019/055/9/0/ayana_hizuki_by_ruff_sketches-dd0n5qm.jpg" height="200" width="150"/>            <media:content url="https://pre00.deviantart.net/375d/th/pre/i/2019/055/9/0/ayana_hizuki_by_ruff_sketches-dd0n5qm.jpg" height="1032" width="774" medium="image"/>            
            <description>the winner of this month&#039;s Patreon sponsored Fan Art Poll&amp;nbsp;&lt;br /&gt;dont google her without your parent&#039;s permission.&lt;br /&gt;&lt;br /&gt;become a patron to participate in character selections for this poll each month!&lt;br /&gt;&lt;a class=&quot;external&quot; href=&quot;https://www.deviantart.com/users/outgoing?http://www.patreon.com/Ruffntumble&quot;&gt;www.patreon.com/Ruffntumble&lt;/a&gt;&lt;br /&gt;&lt;br /&gt;&lt;a class=&quot;external&quot; href=&quot;https://www.deviantart.com/users/outgoing?https://www.patreon.com/Ruffntumble&quot;&gt;Patreon&lt;/a&gt; | &lt;a class=&quot;external&quot; href=&quot;https://www.deviantart.com/users/outgoing?https://ruffsketches.tumblr.com/&quot;&gt;Tumblr&lt;/a&gt; | &lt;a class=&quot;external&quot; href=&quot;https://www.deviantart.com/users/outgoing?https://www.instagram.com/ruff.sketches/&quot;&gt;Instagram&lt;/a&gt; | &lt;a class=&quot;external&quot; href=&quot;https://www.deviantart.com/users/outgoing?https://twitter.com/Ruff_sketches&quot;&gt;Twitter&lt;/a&gt; | &lt;a class=&quot;external&quot; href=&quot;https://www.deviantart.com/users/outgoing?https://ruff-sketches.newgrounds.com/&quot;&gt;Newgrounds&lt;/a&gt; | &lt;a class=&quot;external&quot; href=&quot;https://www.deviantart.com/users/outgoing?https://www.twitch.tv/ruff_sketches&quot;&gt;Twitch&lt;/a&gt;&lt;br /&gt;&lt;div&gt;&lt;img src=&quot;https://t00.deviantart.net/N8YK4DLE3u11iedy1ZFrG3FfukM=/300x200/filters:fixed_height(100,100):origin()/pre00/375d/th/pre/i/2019/055/9/0/ayana_hizuki_by_ruff_sketches-dd0n5qm.jpg&quot; alt=&quot;thumbnail&quot; /&gt;&lt;/div&gt;</description>            </item>
                    <item>
                <title>Amethyst</title>
                <link>https://magion02.deviantart.com/art/Amethyst-787185963</link>
                <guid isPermaLink="true">https://magion02.deviantart.com/art/Amethyst-787185963</guid>
                <pubDate>Mon, 25 Feb 2019 05:47:45 PST</pubDate>
                        <media:title type="plain">Amethyst</media:title>
        <media:keywords></media:keywords>
                        <media:rating>nonadult</media:rating>
                <media:category label="Portraits">digitalart/paintings/people/portraits</media:category>
        <media:credit role="author" scheme="urn:ebu">magion02</media:credit>
        <media:credit role="author" scheme="urn:ebu">https://a.deviantart.net/avatars/m/a/magion02.jpg?8</media:credit>
        <media:copyright url="https://magion02.deviantart.com">Copyright 2019 magion02</media:copyright>            <media:description type="html">&lt;span&gt;Support me at&amp;nbsp;&lt;/span&gt;&lt;a class=&quot;external&quot; href=&quot;https://www.deviantart.com/users/outgoing?https://www.patreon.com/magion02&quot;&gt;Patreon&lt;/a&gt;&lt;span&gt;&amp;nbsp;and receive the&amp;nbsp;&lt;/span&gt;&lt;b&gt;HD version&lt;/b&gt;&lt;span&gt;,&lt;/span&gt;&lt;b&gt;&amp;nbsp;PSD file , Step by Step Process ,&amp;nbsp; and Process Video&lt;/b&gt;&lt;span&gt;&amp;nbsp;of my illustrations!&lt;/span&gt;&lt;br /&gt;&lt;b&gt;&lt;br /&gt;&lt;b&gt;Art book available at&amp;nbsp;&lt;a class=&quot;external&quot; href=&quot;https://www.deviantart.com/users/outgoing?http://www.magion02.com/&quot;&gt;www.magion02.com&lt;br /&gt;&lt;/a&gt;&lt;br /&gt;&lt;br /&gt;&lt;a class=&quot;external&quot; href=&quot;https://www.deviantart.com/users/outgoing?https://www.facebook.com/Magion02&quot;&gt;Facebook&lt;/a&gt;&amp;nbsp;&lt;br /&gt;&lt;br /&gt;&lt;a class=&quot;external&quot; href=&quot;https://www.deviantart.com/users/outgoing?https://www.instagram.com/magion02&quot;&gt;Instagram&lt;/a&gt;&lt;br /&gt;&lt;br /&gt;&lt;a class=&quot;external&quot; href=&quot;https://www.deviantart.com/users/outgoing?http://www.artstation.com/artist/magion02&quot;&gt;Art Station&lt;/a&gt;&lt;br /&gt;&lt;br /&gt;&lt;a class=&quot;external&quot; href=&quot;https://www.deviantart.com/users/outgoing?http://drawcrowd.com/magion02&quot;&gt;Drawcrowd&lt;/a&gt;&lt;br /&gt;&lt;br /&gt;&lt;a class=&quot;external&quot; href=&quot;https://www.deviantart.com/users/outgoing?https://twitter.com/magion02&quot;&gt;Twitter&lt;/a&gt;&lt;br /&gt;&lt;br /&gt;&lt;a class=&quot;external&quot; href=&quot;https://www.deviantart.com/users/outgoing?http://www.patreon.com/magion02&quot;&gt;Patreon&lt;/a&gt;&lt;br /&gt;&lt;br /&gt;&lt;/b&gt;&lt;/b&gt;&lt;a href=&quot;https://magion02.deviantart.com/journal/COMMISSION-Re-opens-2018-March-727417360&quot;&gt;Commission&lt;/a&gt;&lt;span&gt;&amp;nbsp;&lt;/span&gt;&lt;b&gt;is now OPEN!&lt;/b&gt;</media:description>            <media:thumbnail url="https://t00.deviantart.net/3gF8VFGtRYQO7CWnuvQ2KrdNpV4=/fit-in/150x150/filters:no_upscale():origin()/pre00/fe75/th/pre/i/2019/056/5/1/amethyst_by_magion02-dd0o4kr.jpg" height="150" width="106"/>            <media:thumbnail url="https://t00.deviantart.net/uoOVoXl-8MWs-FrIYSfrNPFhS7o=/fit-in/300x900/filters:no_upscale():origin()/pre00/fe75/th/pre/i/2019/056/5/1/amethyst_by_magion02-dd0o4kr.jpg" height="424" width="300"/>            <media:thumbnail url="https://t00.deviantart.net/-DLcqpSp5YVwJYWfbDj20ZcQM70=/300x200/filters:fixed_height(100,100):origin()/pre00/fe75/th/pre/i/2019/056/5/1/amethyst_by_magion02-dd0o4kr.jpg" height="200" width="141"/>            <media:content url="https://img00.deviantart.net/a803/i/2019/056/5/1/amethyst_by_magion02-dd0o4kr.jpg" height="848" width="600" medium="image"/>            
            <description>&lt;span&gt;Support me at&amp;nbsp;&lt;/span&gt;&lt;a class=&quot;external&quot; href=&quot;https://www.deviantart.com/users/outgoing?https://www.patreon.com/magion02&quot;&gt;Patreon&lt;/a&gt;&lt;span&gt;&amp;nbsp;and receive the&amp;nbsp;&lt;/span&gt;&lt;b&gt;HD version&lt;/b&gt;&lt;span&gt;,&lt;/span&gt;&lt;b&gt;&amp;nbsp;PSD file , Step by Step Process ,&amp;nbsp; and Process Video&lt;/b&gt;&lt;span&gt;&amp;nbsp;of my illustrations!&lt;/span&gt;&lt;br /&gt;&lt;b&gt;&lt;br /&gt;&lt;b&gt;Art book available at&amp;nbsp;&lt;a class=&quot;external&quot; href=&quot;https://www.deviantart.com/users/outgoing?http://www.magion02.com/&quot;&gt;www.magion02.com&lt;br /&gt;&lt;/a&gt;&lt;br /&gt;&lt;br /&gt;&lt;a class=&quot;external&quot; href=&quot;https://www.deviantart.com/users/outgoing?https://www.facebook.com/Magion02&quot;&gt;Facebook&lt;/a&gt;&amp;nbsp;&lt;br /&gt;&lt;br /&gt;&lt;a class=&quot;external&quot; href=&quot;https://www.deviantart.com/users/outgoing?https://www.instagram.com/magion02&quot;&gt;Instagram&lt;/a&gt;&lt;br /&gt;&lt;br /&gt;&lt;a class=&quot;external&quot; href=&quot;https://www.deviantart.com/users/outgoing?http://www.artstation.com/artist/magion02&quot;&gt;Art Station&lt;/a&gt;&lt;br /&gt;&lt;br /&gt;&lt;a class=&quot;external&quot; href=&quot;https://www.deviantart.com/users/outgoing?http://drawcrowd.com/magion02&quot;&gt;Drawcrowd&lt;/a&gt;&lt;br /&gt;&lt;br /&gt;&lt;a class=&quot;external&quot; href=&quot;https://www.deviantart.com/users/outgoing?https://twitter.com/magion02&quot;&gt;Twitter&lt;/a&gt;&lt;br /&gt;&lt;br /&gt;&lt;a class=&quot;external&quot; href=&quot;https://www.deviantart.com/users/outgoing?http://www.patreon.com/magion02&quot;&gt;Patreon&lt;/a&gt;&lt;br /&gt;&lt;br /&gt;&lt;/b&gt;&lt;/b&gt;&lt;a href=&quot;https://magion02.deviantart.com/journal/COMMISSION-Re-opens-2018-March-727417360&quot;&gt;Commission&lt;/a&gt;&lt;span&gt;&amp;nbsp;&lt;/span&gt;&lt;b&gt;is now OPEN!&lt;/b&gt;&lt;br /&gt;&lt;div&gt;&lt;img src=&quot;https://t00.deviantart.net/-DLcqpSp5YVwJYWfbDj20ZcQM70=/300x200/filters:fixed_height(100,100):origin()/pre00/fe75/th/pre/i/2019/056/5/1/amethyst_by_magion02-dd0o4kr.jpg&quot; alt=&quot;thumbnail&quot; /&gt;&lt;/div&gt;</description>            </item>
                    <item>
                <title>Melancholy</title>
                <link>https://larienne.deviantart.com/art/Melancholy-787229405</link>
                <guid isPermaLink="true">https://larienne.deviantart.com/art/Melancholy-787229405</guid>
                <pubDate>Mon, 25 Feb 2019 12:50:10 PST</pubDate>
                        <media:title type="plain">Melancholy</media:title>
        <media:keywords></media:keywords>
                        <media:rating>nonadult</media:rating>
                <media:category label="Drawings">manga/traditional/drawings</media:category>
        <media:credit role="author" scheme="urn:ebu">larienne</media:credit>
        <media:credit role="author" scheme="urn:ebu">https://a.deviantart.net/avatars/l/a/larienne.png?14</media:credit>
        <media:copyright url="https://larienne.deviantart.com">Copyright 2019 larienne</media:copyright>            <media:description type="html">Gouache/wtercolor painting &lt;img src=&quot;https://e.deviantart.net/emoticons/s/smile.gif&quot; width=&quot;15&quot; height=&quot;15&quot; alt=&quot;:)&quot; data-embed-type=&quot;emoticon&quot; data-embed-id=&quot;391&quot; title=&quot;:) (Smile)&quot;/&gt;</media:description>            <media:thumbnail url="https://t00.deviantart.net/2Tsi84lPyr0TCr8yyykFxA8pBKE=/fit-in/150x150/filters:no_upscale():origin()/pre00/b22e/th/pre/i/2019/056/b/d/melancholy_by_larienne-dd0p23h.jpg" height="150" width="120"/>            <media:thumbnail url="https://t00.deviantart.net/KKrKxNDOcBY4ZKRe2PcpuA3LvBw=/fit-in/300x900/filters:no_upscale():origin()/pre00/b22e/th/pre/i/2019/056/b/d/melancholy_by_larienne-dd0p23h.jpg" height="375" width="300"/>            <media:thumbnail url="https://t00.deviantart.net/2hFeAme7TO7uhwUav7SnLMZvmEo=/300x200/filters:fixed_height(100,100):origin()/pre00/b22e/th/pre/i/2019/056/b/d/melancholy_by_larienne-dd0p23h.jpg" height="200" width="160"/>            <media:content url="https://pre00.deviantart.net/b22e/th/pre/i/2019/056/b/d/melancholy_by_larienne-dd0p23h.jpg" height="1000" width="800" medium="image"/>            
            <description>Gouache/wtercolor painting &lt;img src=&quot;https://e.deviantart.net/emoticons/s/smile.gif&quot; width=&quot;15&quot; height=&quot;15&quot; alt=&quot;:)&quot; data-embed-type=&quot;emoticon&quot; data-embed-id=&quot;391&quot; title=&quot;:) (Smile)&quot;/&gt;&lt;br /&gt;&lt;div&gt;&lt;img src=&quot;https://t00.deviantart.net/2hFeAme7TO7uhwUav7SnLMZvmEo=/300x200/filters:fixed_height(100,100):origin()/pre00/b22e/th/pre/i/2019/056/b/d/melancholy_by_larienne-dd0p23h.jpg&quot; alt=&quot;thumbnail&quot; /&gt;&lt;/div&gt;</description>            </item>
                    <item>
                <title>[ARPG] Believe in Me</title>
                <link>https://arukanoda.deviantart.com/art/ARPG-Believe-in-Me-786638078</link>
                <guid isPermaLink="true">https://arukanoda.deviantart.com/art/ARPG-Believe-in-Me-786638078</guid>
                <pubDate>Mon, 25 Feb 2019 10:00:10 PST</pubDate>
                        <media:title type="plain">[ARPG] Believe in Me</media:title>
        <media:keywords></media:keywords>
                        <media:rating>nonadult</media:rating>
                <media:category label="Fantasy">digitalart/paintings/fantasy</media:category>
        <media:credit role="author" scheme="urn:ebu">Arukanoda</media:credit>
        <media:credit role="author" scheme="urn:ebu">https://a.deviantart.net/avatars/a/r/arukanoda.gif?3</media:credit>
        <media:copyright url="https://arukanoda.deviantart.com">Copyright 2019 Arukanoda</media:copyright>            <media:description type="html">&lt;b&gt;Due to Spam bots disrupting the deviation comments frequently, I think it&#039;s better to&amp;nbsp;disable&amp;nbsp;them entirely.&lt;br /&gt;&lt;/b&gt;Hopefully some kind of solution will arise in the future; I appreciate those who have genuinely left compliments!! ;__;&lt;br /&gt;&lt;br /&gt;____________________________________________________________________&lt;b&gt;&lt;br /&gt;&lt;br /&gt;Reposted from my ARPG account. I will be uploading choice pieces from that account as some of them I continue to argue are my best, or of a suitable quality to be included in my main gallery.&lt;/b&gt;&lt;br /&gt;&lt;span&gt;Some of these pieces have long since aged, but to some followers of mine, these were beloved and inspiring artworks to them.&lt;/span&gt;&lt;br /&gt;&lt;br /&gt;&lt;i&gt;The character to the right,&lt;b&gt;&amp;nbsp;Aeon&lt;/b&gt;, belongs to me, but is currently being reworked into my own species, the Arvani.&lt;br /&gt;The prong like applications on her face and canine like muzzle do not represent the Tyrian species accurately and are character specific.&amp;nbsp;&lt;br /&gt;&lt;br /&gt;Cherry on the left belongs to &lt;span class=&quot;username-with-symbol u&quot;&gt;&lt;a class=&quot;u regular username&quot; href=&quot;https://www.deviantart.com/feyfawn&quot;&gt;feyfawn&lt;/a&gt;&lt;span class=&quot;user-symbol regular&quot; data-quicktip-text=&quot;&quot; data-show-tooltip=&quot;&quot; data-gruser-type=&quot;regular&quot;&gt;&lt;/span&gt;&lt;/span&gt;&amp;nbsp;&lt;br /&gt;Vayrons and Tyrians belong to&amp;nbsp;&lt;span class=&quot;username-with-symbol u&quot;&gt;&lt;a class=&quot;u premium username&quot; href=&quot;https://www.deviantart.com/kelyias&quot;&gt;Kelyias&lt;/a&gt;&lt;span class=&quot;user-symbol premium&quot; data-quicktip-text=&quot;Core Member&quot; data-show-tooltip=&quot;1&quot; data-gruser-type=&quot;premium&quot;&gt;&lt;/span&gt;&lt;/span&gt;&amp;nbsp;&amp;amp;&amp;nbsp;&lt;span class=&quot;username-with-symbol u&quot;&gt;&lt;a class=&quot;u premium username&quot; href=&quot;https://www.deviantart.com/eternityspool&quot;&gt;Eternityspool&lt;/a&gt;&lt;span class=&quot;user-symbol premium&quot; data-quicktip-text=&quot;Core Member&quot; data-show-tooltip=&quot;1&quot; data-gruser-type=&quot;premium&quot;&gt;&lt;/span&gt;&lt;/span&gt;&amp;nbsp;.&amp;nbsp;&lt;br /&gt;I do not claim Vayrons, Tyrians, nor do I claim any part of the ARPG World-Of-Reos.&amp;nbsp;&lt;/i&gt;&lt;br /&gt;&lt;br /&gt;&lt;span&gt;____________________________________________________________________&lt;/span&gt;&lt;br /&gt;&lt;br /&gt;&lt;a class=&quot;external&quot; href=&quot;https://www.deviantart.com/users/outgoing?https://apexillustration.weebly.com/&quot;&gt;COMMISSION INFORMATION&lt;/a&gt;&lt;span&gt;&amp;nbsp;&amp;nbsp;//&amp;nbsp;&lt;/span&gt;&lt;a class=&quot;external&quot; href=&quot;https://www.deviantart.com/users/outgoing?http://www.furaffinity.net/user/arukanoda/&quot;&gt;FURAFFINITY&lt;/a&gt;&lt;span&gt;&amp;nbsp;//&amp;nbsp;&lt;/span&gt;&lt;a class=&quot;external&quot; href=&quot;https://www.deviantart.com/users/outgoing?https://picarto.tv/Apexplegian/5e5bb14f68d9655517b9f6997d2f5f57&quot;&gt;PICARTO&lt;/a&gt;&lt;span&gt;&amp;nbsp;//&amp;nbsp;&lt;/span&gt;&lt;a class=&quot;external&quot; href=&quot;https://www.deviantart.com/users/outgoing?https://twitter.com/arukanoda&quot;&gt;TWITTER&lt;/a&gt;&lt;br /&gt;&lt;br /&gt;&lt;a class=&quot;external&quot; href=&quot;https://www.deviantart.com/users/outgoing?https://docs.google.com/spreadsheets/d/1k-xAbAVtvJqkdC6txkwdhPFpeFd-dFajCjEdS3iOplQ/edit#gid=0&quot;&gt;DESIGN TOS AND MASTERIST&lt;/a&gt;&lt;span&gt;&amp;nbsp; //&amp;nbsp;Complete Masterlist logging and TOS of all designs in my Gallery&lt;/span&gt;&lt;br /&gt;&lt;a href=&quot;https://arukanoda.deviantart.com/journal/DRAGON-DESIGN-HUB-722431464&quot;&gt;DRAGON DESIGN HUB&lt;/a&gt;&lt;span&gt;&amp;nbsp;// For Trading /Reselling Assistance and Promotion&lt;/span&gt;</media:description>            <media:thumbnail url="https://t00.deviantart.net/uh_vEbSz3zjY4Dk9PNrcL_oHO0I=/fit-in/150x150/filters:no_upscale():origin()/pre00/671a/th/pre/f/2019/055/1/b/_arpg__believe_in_me_by_arukanoda-dd0cdtq.png" height="99" width="150"/>            <media:thumbnail url="https://t00.deviantart.net/K54SNabF7DNxsGVR6CdEuJ-HvLs=/fit-in/300x900/filters:no_upscale():origin()/pre00/671a/th/pre/f/2019/055/1/b/_arpg__believe_in_me_by_arukanoda-dd0cdtq.png" height="198" width="300"/>            <media:thumbnail url="https://t00.deviantart.net/LlzDGujh7WfgYcRx9-XjKF13vqs=/300x200/filters:fixed_height(100,100):origin()/pre00/671a/th/pre/f/2019/055/1/b/_arpg__believe_in_me_by_arukanoda-dd0cdtq.png" height="198" width="300"/>            <media:content url="https://pre00.deviantart.net/671a/th/pre/f/2019/055/1/b/_arpg__believe_in_me_by_arukanoda-dd0cdtq.png" height="727" width="1099" medium="image"/>            
            <description>&lt;b&gt;Due to Spam bots disrupting the deviation comments frequently, I think it&#039;s better to&amp;nbsp;disable&amp;nbsp;them entirely.&lt;br /&gt;&lt;/b&gt;Hopefully some kind of solution will arise in the future; I appreciate those who have genuinely left compliments!! ;__;&lt;br /&gt;&lt;br /&gt;____________________________________________________________________&lt;b&gt;&lt;br /&gt;&lt;br /&gt;Reposted from my ARPG account. I will be uploading choice pieces from that account as some of them I continue to argue are my best, or of a suitable quality to be included in my main gallery.&lt;/b&gt;&lt;br /&gt;&lt;span&gt;Some of these pieces have long since aged, but to some followers of mine, these were beloved and inspiring artworks to them.&lt;/span&gt;&lt;br /&gt;&lt;br /&gt;&lt;i&gt;The character to the right,&lt;b&gt;&amp;nbsp;Aeon&lt;/b&gt;, belongs to me, but is currently being reworked into my own species, the Arvani.&lt;br /&gt;The prong like applications on her face and canine like muzzle do not represent the Tyrian species accurately and are character specific.&amp;nbsp;&lt;br /&gt;&lt;br /&gt;Cherry on the left belongs to &lt;span class=&quot;username-with-symbol u&quot;&gt;&lt;a class=&quot;u regular username&quot; href=&quot;https://www.deviantart.com/feyfawn&quot;&gt;feyfawn&lt;/a&gt;&lt;span class=&quot;user-symbol regular&quot; data-quicktip-text=&quot;&quot; data-show-tooltip=&quot;&quot; data-gruser-type=&quot;regular&quot;&gt;&lt;/span&gt;&lt;/span&gt;&amp;nbsp;&lt;br /&gt;Vayrons and Tyrians belong to&amp;nbsp;&lt;span class=&quot;username-with-symbol u&quot;&gt;&lt;a class=&quot;u premium username&quot; href=&quot;https://www.deviantart.com/kelyias&quot;&gt;Kelyias&lt;/a&gt;&lt;span class=&quot;user-symbol premium&quot; data-quicktip-text=&quot;Core Member&quot; data-show-tooltip=&quot;1&quot; data-gruser-type=&quot;premium&quot;&gt;&lt;/span&gt;&lt;/span&gt;&amp;nbsp;&amp;amp;&amp;nbsp;&lt;span class=&quot;username-with-symbol u&quot;&gt;&lt;a class=&quot;u premium username&quot; href=&quot;https://www.deviantart.com/eternityspool&quot;&gt;Eternityspool&lt;/a&gt;&lt;span class=&quot;user-symbol premium&quot; data-quicktip-text=&quot;Core Member&quot; data-show-tooltip=&quot;1&quot; data-gruser-type=&quot;premium&quot;&gt;&lt;/span&gt;&lt;/span&gt;&amp;nbsp;.&amp;nbsp;&lt;br /&gt;I do not claim Vayrons, Tyrians, nor do I claim any part of the ARPG World-Of-Reos.&amp;nbsp;&lt;/i&gt;&lt;br /&gt;&lt;br /&gt;&lt;span&gt;____________________________________________________________________&lt;/span&gt;&lt;br /&gt;&lt;br /&gt;&lt;a class=&quot;external&quot; href=&quot;https://www.deviantart.com/users/outgoing?https://apexillustration.weebly.com/&quot;&gt;COMMISSION INFORMATION&lt;/a&gt;&lt;span&gt;&amp;nbsp;&amp;nbsp;//&amp;nbsp;&lt;/span&gt;&lt;a class=&quot;external&quot; href=&quot;https://www.deviantart.com/users/outgoing?http://www.furaffinity.net/user/arukanoda/&quot;&gt;FURAFFINITY&lt;/a&gt;&lt;span&gt;&amp;nbsp;//&amp;nbsp;&lt;/span&gt;&lt;a class=&quot;external&quot; href=&quot;https://www.deviantart.com/users/outgoing?https://picarto.tv/Apexplegian/5e5bb14f68d9655517b9f6997d2f5f57&quot;&gt;PICARTO&lt;/a&gt;&lt;span&gt;&amp;nbsp;//&amp;nbsp;&lt;/span&gt;&lt;a class=&quot;external&quot; href=&quot;https://www.deviantart.com/users/outgoing?https://twitter.com/arukanoda&quot;&gt;TWITTER&lt;/a&gt;&lt;br /&gt;&lt;br /&gt;&lt;a class=&quot;external&quot; href=&quot;https://www.deviantart.com/users/outgoing?https://docs.google.com/spreadsheets/d/1k-xAbAVtvJqkdC6txkwdhPFpeFd-dFajCjEdS3iOplQ/edit#gid=0&quot;&gt;DESIGN TOS AND MASTERIST&lt;/a&gt;&lt;span&gt;&amp;nbsp; //&amp;nbsp;Complete Masterlist logging and TOS of all designs in my Gallery&lt;/span&gt;&lt;br /&gt;&lt;a href=&quot;https://arukanoda.deviantart.com/journal/DRAGON-DESIGN-HUB-722431464&quot;&gt;DRAGON DESIGN HUB&lt;/a&gt;&lt;span&gt;&amp;nbsp;// For Trading /Reselling Assistance and Promotion&lt;/span&gt;&lt;br /&gt;&lt;div&gt;&lt;img src=&quot;https://t00.deviantart.net/LlzDGujh7WfgYcRx9-XjKF13vqs=/300x200/filters:fixed_height(100,100):origin()/pre00/671a/th/pre/f/2019/055/1/b/_arpg__believe_in_me_by_arukanoda-dd0cdtq.png&quot; alt=&quot;thumbnail&quot; /&gt;&lt;/div&gt;</description>            </item>
                    <item>
                <title>Heart of the Woods</title>
                <link>https://rosuuri.deviantart.com/art/Heart-of-the-Woods-787194987</link>
                <guid isPermaLink="true">https://rosuuri.deviantart.com/art/Heart-of-the-Woods-787194987</guid>
                <pubDate>Mon, 25 Feb 2019 07:33:44 PST</pubDate>
                        <media:title type="plain">Heart of the Woods</media:title>
        <media:keywords></media:keywords>
                        <media:rating>nonadult</media:rating>
                <media:category label="Drawings">manga/digital/drawings</media:category>
        <media:credit role="author" scheme="urn:ebu">Rosuuri</media:credit>
        <media:credit role="author" scheme="urn:ebu">https://a.deviantart.net/avatars/r/o/rosuuri.gif?5</media:credit>
        <media:copyright url="https://rosuuri.deviantart.com">Copyright 2019 Rosuuri</media:copyright>             <creativeCommons:license>http://creativecommons.org/licenses/by-nc-nd/3.0/</creativeCommons:license>
                <media:description type="html">&lt;div align=&quot;center&quot;&gt;I designed and drew the character art &amp;amp; cgs in Heart of the Woods yuri visual novel.&amp;nbsp;&lt;br /&gt;&lt;br /&gt;download the full game:&lt;br /&gt;&lt;h2&gt;Steam -&amp;nbsp;&lt;a class=&quot;external&quot; href=&quot;https://www.deviantart.com/users/outgoing?https://store.steampowered.com/app/844660/Heart_of_the_Woods/&quot;&gt;store.steampowered.com/app/844&amp;hellip;&lt;/a&gt;&lt;br /&gt;Itchi.io -&amp;nbsp;&lt;a class=&quot;external&quot; href=&quot;https://www.deviantart.com/users/outgoing?https://vnstudioelan.itch.io/heart-of-the-woods&quot;&gt;vnstudioelan.itch.io/heart-of-&amp;hellip;&lt;/a&gt;&lt;br /&gt;R18 ver. -&amp;nbsp;&lt;a href=&quot;https://www.deviantart.com/users/outgoing?https://denpasoft.com/products/heart-of-the-woods?rfsn=2313394.20bc39&amp;amp;utm_source=refersion&amp;amp;utm_medium=affiliate&amp;amp;utm_campaign=2313394.20bc39&quot; title=&quot;https://denpasoft.com/products/heart-of-the-woods?rfsn=2313394.20bc39&amp;amp;amp;utm_source=refersion&amp;amp;amp;utm_medium=affiliate&amp;amp;amp;utm_campaign=2313394.20bc39&quot;&gt;&lt;a class=&quot;external&quot; href=&quot;https://www.deviantart.com/users/outgoing?https://denpasoft.com/products/heart-of-the-woods?rfsn=2313394.20bc39&amp;utm_source=refersion&amp;amp;utm_medium=affiliate&amp;amp;utm_campaign=2313394.20bc39&quot;&gt;denpasoft.com/products/heart-o&amp;hellip;&lt;/a&gt;&lt;/a&gt;&lt;br /&gt;&lt;/h2&gt;&lt;br /&gt;&lt;br /&gt;&lt;span class=&quot;shadow-holder&quot; data-embed-type=&quot;deviation&quot; data-embed-id=&quot;744174809&quot; data-embed-format=&quot;thumb&quot;&gt;&lt;span class=&quot;shadow mild&quot; &gt;&lt;a class=&quot;thumb&quot; href=&quot;https://www.deviantart.com/rosuuri/art/Heart-of-the-Woods-Poster-744174809&quot; title=&quot;Heart of the Woods Poster by Rosuuri, May 9, 2018 in Designs &amp;amp; Interfaces &amp;gt; Game Development Art &amp;gt; 2D Game Art &amp;gt; Characters, Animals &amp;amp; Monsters&quot;data-super-img=&quot;https://images-wixmp-ed30a86b8c4ca887773594c2.wixmp.com/intermediary/f/90b4db6e-3d5e-4236-8250-a9a6fef0ef4a/dcb28yh-fd87e685-77d7-4526-85c5-afbb92df99bf.jpg/v1/fill/w_752,h_1062,q_70,strp/heart_of_the_woods_poster_by_rosuuri_dcb28yh-pre.jpg&quot; data-super-width=&quot;752&quot; data-super-height=&quot;1062&quot; data-super-transparent=&quot;false&quot; data-super-alt=&quot;Heart of the Woods Poster by Rosuuri&quot; data-super-full-img=&quot;https://images-wixmp-ed30a86b8c4ca887773594c2.wixmp.com/intermediary/f/90b4db6e-3d5e-4236-8250-a9a6fef0ef4a/dcb28yh-fd87e685-77d7-4526-85c5-afbb92df99bf.jpg&quot; data-super-full-width=&quot;900&quot; data-super-full-height=&quot;1271&quot;        data-sigil=&quot;thumb&quot;&gt;
        &lt;i&gt;&lt;/i&gt;&lt;img   width=&quot;106&quot; height=&quot;150&quot; alt=&quot;Heart of the Woods Poster by Rosuuri&quot; src=&quot;https://images-wixmp-ed30a86b8c4ca887773594c2.wixmp.com/intermediary/f/90b4db6e-3d5e-4236-8250-a9a6fef0ef4a/dcb28yh-fd87e685-77d7-4526-85c5-afbb92df99bf.jpg/v1/fit/w_150,h_150,q_70,strp/heart_of_the_woods_poster_by_rosuuri_dcb28yh-150.jpg&quot; data-src=&quot;https://images-wixmp-ed30a86b8c4ca887773594c2.wixmp.com/intermediary/f/90b4db6e-3d5e-4236-8250-a9a6fef0ef4a/dcb28yh-fd87e685-77d7-4526-85c5-afbb92df99bf.jpg/v1/fit/w_150,h_150,q_70,strp/heart_of_the_woods_poster_by_rosuuri_dcb28yh-150.jpg&quot; srcset=&quot;https://images-wixmp-ed30a86b8c4ca887773594c2.wixmp.com/intermediary/f/90b4db6e-3d5e-4236-8250-a9a6fef0ef4a/dcb28yh-fd87e685-77d7-4526-85c5-afbb92df99bf.jpg/v1/fit/w_150,h_150,q_70,strp/heart_of_the_woods_poster_by_rosuuri_dcb28yh-150.jpg 106w,https://images-wixmp-ed30a86b8c4ca887773594c2.wixmp.com/intermediary/f/90b4db6e-3d5e-4236-8250-a9a6fef0ef4a/dcb28yh-fd87e685-77d7-4526-85c5-afbb92df99bf.jpg/v1/fill/w_177,h_250,q_70,strp/heart_of_the_woods_poster_by_rosuuri_dcb28yh-250t.jpg 177w,https://images-wixmp-ed30a86b8c4ca887773594c2.wixmp.com/intermediary/f/90b4db6e-3d5e-4236-8250-a9a6fef0ef4a/dcb28yh-fd87e685-77d7-4526-85c5-afbb92df99bf.jpg/v1/fill/w_248,h_350,q_70,strp/heart_of_the_woods_poster_by_rosuuri_dcb28yh-350t.jpg 248w,https://images-wixmp-ed30a86b8c4ca887773594c2.wixmp.com/intermediary/f/90b4db6e-3d5e-4236-8250-a9a6fef0ef4a/dcb28yh-fd87e685-77d7-4526-85c5-afbb92df99bf.jpg/v1/fill/w_283,h_400,q_70,strp/heart_of_the_woods_poster_by_rosuuri_dcb28yh-400t.jpg 283w,https://images-wixmp-ed30a86b8c4ca887773594c2.wixmp.com/intermediary/f/90b4db6e-3d5e-4236-8250-a9a6fef0ef4a/dcb28yh-fd87e685-77d7-4526-85c5-afbb92df99bf.jpg/v1/fill/w_752,h_1062,q_70,strp/heart_of_the_woods_poster_by_rosuuri_dcb28yh-pre.jpg 752w&quot; sizes=&quot;106px&quot;&gt;&lt;/a&gt;&lt;/span&gt;&lt;!-- ^TTT --&gt;&lt;!-- TTT$ --&gt;&lt;/span&gt;&lt;br /&gt;&lt;br /&gt;Thank you so much for downloading and playing Heart of the Woods. I hope you guys enjoyed it!&lt;br /&gt;&lt;b&gt; We reached &lt;a href=&quot;https://www.deviantart.com/users/outgoing?https://twitter.com/sekaiproject/status/1096578050517598208&quot;&gt;#1 on Steam&lt;/a&gt; for a few days too!&lt;/b&gt; \ ^ o ^ /&lt;/div&gt;</media:description>            <media:thumbnail url="https://t00.deviantart.net/j9qf2pvo4HBMRu6vMV0SoNa9Ecc=/fit-in/150x150/filters:no_upscale():origin()/pre00/7674/th/pre/f/2019/056/b/0/heart_of_the_woods_by_rosuuri-dd0objf.jpg" height="150" width="73"/>            <media:thumbnail url="https://t00.deviantart.net/QxjFwiOBBviSlm61pTLX21zM4QI=/fit-in/300x900/filters:no_upscale():origin()/pre00/7674/th/pre/f/2019/056/b/0/heart_of_the_woods_by_rosuuri-dd0objf.jpg" height="620" width="300"/>            <media:thumbnail url="https://t00.deviantart.net/oDhNowQvF0E5CWg1SNBzKqEE4Zk=/300x200/filters:fixed_height(100,100):origin()/pre00/7674/th/pre/f/2019/056/b/0/heart_of_the_woods_by_rosuuri-dd0objf.jpg" height="201" width="100"/>            <media:content url="https://pre00.deviantart.net/7674/th/pre/f/2019/056/b/0/heart_of_the_woods_by_rosuuri-dd0objf.jpg" height="1285" width="622" medium="image"/>            
            <description>&lt;div align=&quot;center&quot;&gt;I designed and drew the character art &amp;amp; cgs in Heart of the Woods yuri visual novel.&amp;nbsp;&lt;br /&gt;&lt;br /&gt;download the full game:&lt;br /&gt;&lt;h2&gt;Steam -&amp;nbsp;&lt;a class=&quot;external&quot; href=&quot;https://www.deviantart.com/users/outgoing?https://store.steampowered.com/app/844660/Heart_of_the_Woods/&quot;&gt;store.steampowered.com/app/844&amp;hellip;&lt;/a&gt;&lt;br /&gt;Itchi.io -&amp;nbsp;&lt;a class=&quot;external&quot; href=&quot;https://www.deviantart.com/users/outgoing?https://vnstudioelan.itch.io/heart-of-the-woods&quot;&gt;vnstudioelan.itch.io/heart-of-&amp;hellip;&lt;/a&gt;&lt;br /&gt;R18 ver. -&amp;nbsp;&lt;a href=&quot;https://www.deviantart.com/users/outgoing?https://denpasoft.com/products/heart-of-the-woods?rfsn=2313394.20bc39&amp;amp;utm_source=refersion&amp;amp;utm_medium=affiliate&amp;amp;utm_campaign=2313394.20bc39&quot; title=&quot;https://denpasoft.com/products/heart-of-the-woods?rfsn=2313394.20bc39&amp;amp;amp;utm_source=refersion&amp;amp;amp;utm_medium=affiliate&amp;amp;amp;utm_campaign=2313394.20bc39&quot;&gt;&lt;a class=&quot;external&quot; href=&quot;https://www.deviantart.com/users/outgoing?https://denpasoft.com/products/heart-of-the-woods?rfsn=2313394.20bc39&amp;utm_source=refersion&amp;amp;utm_medium=affiliate&amp;amp;utm_campaign=2313394.20bc39&quot;&gt;denpasoft.com/products/heart-o&amp;hellip;&lt;/a&gt;&lt;/a&gt;&lt;br /&gt;&lt;/h2&gt;&lt;br /&gt;&lt;br /&gt;&lt;span class=&quot;shadow-holder&quot; data-embed-type=&quot;deviation&quot; data-embed-id=&quot;744174809&quot; data-embed-format=&quot;thumb&quot;&gt;&lt;span class=&quot;shadow mild&quot; &gt;&lt;a class=&quot;thumb&quot; href=&quot;https://www.deviantart.com/rosuuri/art/Heart-of-the-Woods-Poster-744174809&quot; title=&quot;Heart of the Woods Poster by Rosuuri, May 9, 2018 in Designs &amp;amp; Interfaces &amp;gt; Game Development Art &amp;gt; 2D Game Art &amp;gt; Characters, Animals &amp;amp; Monsters&quot;data-super-img=&quot;https://images-wixmp-ed30a86b8c4ca887773594c2.wixmp.com/intermediary/f/90b4db6e-3d5e-4236-8250-a9a6fef0ef4a/dcb28yh-fd87e685-77d7-4526-85c5-afbb92df99bf.jpg/v1/fill/w_752,h_1062,q_70,strp/heart_of_the_woods_poster_by_rosuuri_dcb28yh-pre.jpg&quot; data-super-width=&quot;752&quot; data-super-height=&quot;1062&quot; data-super-transparent=&quot;false&quot; data-super-alt=&quot;Heart of the Woods Poster by Rosuuri&quot; data-super-full-img=&quot;https://images-wixmp-ed30a86b8c4ca887773594c2.wixmp.com/intermediary/f/90b4db6e-3d5e-4236-8250-a9a6fef0ef4a/dcb28yh-fd87e685-77d7-4526-85c5-afbb92df99bf.jpg&quot; data-super-full-width=&quot;900&quot; data-super-full-height=&quot;1271&quot;        data-sigil=&quot;thumb&quot;&gt;
        &lt;i&gt;&lt;/i&gt;&lt;img   width=&quot;106&quot; height=&quot;150&quot; alt=&quot;Heart of the Woods Poster by Rosuuri&quot; src=&quot;https://images-wixmp-ed30a86b8c4ca887773594c2.wixmp.com/intermediary/f/90b4db6e-3d5e-4236-8250-a9a6fef0ef4a/dcb28yh-fd87e685-77d7-4526-85c5-afbb92df99bf.jpg/v1/fit/w_150,h_150,q_70,strp/heart_of_the_woods_poster_by_rosuuri_dcb28yh-150.jpg&quot; data-src=&quot;https://images-wixmp-ed30a86b8c4ca887773594c2.wixmp.com/intermediary/f/90b4db6e-3d5e-4236-8250-a9a6fef0ef4a/dcb28yh-fd87e685-77d7-4526-85c5-afbb92df99bf.jpg/v1/fit/w_150,h_150,q_70,strp/heart_of_the_woods_poster_by_rosuuri_dcb28yh-150.jpg&quot; srcset=&quot;https://images-wixmp-ed30a86b8c4ca887773594c2.wixmp.com/intermediary/f/90b4db6e-3d5e-4236-8250-a9a6fef0ef4a/dcb28yh-fd87e685-77d7-4526-85c5-afbb92df99bf.jpg/v1/fit/w_150,h_150,q_70,strp/heart_of_the_woods_poster_by_rosuuri_dcb28yh-150.jpg 106w,https://images-wixmp-ed30a86b8c4ca887773594c2.wixmp.com/intermediary/f/90b4db6e-3d5e-4236-8250-a9a6fef0ef4a/dcb28yh-fd87e685-77d7-4526-85c5-afbb92df99bf.jpg/v1/fill/w_177,h_250,q_70,strp/heart_of_the_woods_poster_by_rosuuri_dcb28yh-250t.jpg 177w,https://images-wixmp-ed30a86b8c4ca887773594c2.wixmp.com/intermediary/f/90b4db6e-3d5e-4236-8250-a9a6fef0ef4a/dcb28yh-fd87e685-77d7-4526-85c5-afbb92df99bf.jpg/v1/fill/w_248,h_350,q_70,strp/heart_of_the_woods_poster_by_rosuuri_dcb28yh-350t.jpg 248w,https://images-wixmp-ed30a86b8c4ca887773594c2.wixmp.com/intermediary/f/90b4db6e-3d5e-4236-8250-a9a6fef0ef4a/dcb28yh-fd87e685-77d7-4526-85c5-afbb92df99bf.jpg/v1/fill/w_283,h_400,q_70,strp/heart_of_the_woods_poster_by_rosuuri_dcb28yh-400t.jpg 283w,https://images-wixmp-ed30a86b8c4ca887773594c2.wixmp.com/intermediary/f/90b4db6e-3d5e-4236-8250-a9a6fef0ef4a/dcb28yh-fd87e685-77d7-4526-85c5-afbb92df99bf.jpg/v1/fill/w_752,h_1062,q_70,strp/heart_of_the_woods_poster_by_rosuuri_dcb28yh-pre.jpg 752w&quot; sizes=&quot;106px&quot;&gt;&lt;/a&gt;&lt;/span&gt;&lt;!-- ^TTT --&gt;&lt;!-- TTT$ --&gt;&lt;/span&gt;&lt;br /&gt;&lt;br /&gt;Thank you so much for downloading and playing Heart of the Woods. I hope you guys enjoyed it!&lt;br /&gt;&lt;b&gt; We reached &lt;a href=&quot;https://www.deviantart.com/users/outgoing?https://twitter.com/sekaiproject/status/1096578050517598208&quot;&gt;#1 on Steam&lt;/a&gt; for a few days too!&lt;/b&gt; \ ^ o ^ /&lt;/div&gt;&lt;br /&gt;&lt;div&gt;&lt;img src=&quot;https://t00.deviantart.net/oDhNowQvF0E5CWg1SNBzKqEE4Zk=/300x200/filters:fixed_height(100,100):origin()/pre00/7674/th/pre/f/2019/056/b/0/heart_of_the_woods_by_rosuuri-dd0objf.jpg&quot; alt=&quot;thumbnail&quot; /&gt;&lt;/div&gt;</description>            </item>
                    <item>
                <title>.:Streaming:. (EqG Shorts)</title>
                <link>https://the-butcher-x.deviantart.com/art/Streaming-EqG-Shorts-787134299</link>
                <guid isPermaLink="true">https://the-butcher-x.deviantart.com/art/Streaming-EqG-Shorts-787134299</guid>
                <pubDate>Sun, 24 Feb 2019 18:57:18 PST</pubDate>
                        <media:title type="plain">.:Streaming:. (EqG Shorts)</media:title>
        <media:keywords></media:keywords>
                        <media:rating>nonadult</media:rating>
                <media:category label="Other">fanart/digital/painting/other</media:category>
        <media:credit role="author" scheme="urn:ebu">The-Butcher-X</media:credit>
        <media:credit role="author" scheme="urn:ebu">https://a.deviantart.net/avatars/t/h/the-butcher-x.png?3</media:credit>
        <media:copyright url="https://the-butcher-x.deviantart.com">Copyright 2019 The-Butcher-X</media:copyright>
            <media:community>
                <media:tags>@mlpandeqg</media:tags>
            </media:community>            <media:description type="html">&lt;span&gt;PNG version here (use it wisely, with credits please &lt;img src=&quot;https://e.deviantart.net/emoticons/s/smile.gif&quot; width=&quot;15&quot; height=&quot;15&quot; alt=&quot;:)&quot; data-embed-type=&quot;emoticon&quot; data-embed-id=&quot;391&quot; title=&quot;:) (Smile)&quot;/&gt;):&lt;span class=&quot;shadow-holder&quot; data-embed-type=&quot;deviation&quot; data-embed-id=&quot;5187393913669047&quot; data-embed-format=&quot;thumb&quot;&gt;&lt;span class=&quot;shadow mild&quot; &gt;&lt;a class=&quot;thumb&quot; href=&quot;https://sta.sh/01f2rzv5nn3r&quot; title=&quot;Stream by The-Butcher-X, Feb 24, 2019&quot;data-super-img=&quot;https://images-wixmp-ed30a86b8c4ca887773594c2.wixmp.com/intermediary/f/940fced9-db60-4299-8d69-56825b1e47ff/dd0n10z-b487cfa8-2d13-4484-9f7c-d0c13a6b2f90.png/v1/fill/w_910,h_878,strp/stream_by_the_butcher_x_dd0n10z-pre.png&quot; data-super-width=&quot;910&quot; data-super-height=&quot;878&quot; data-super-transparent=&quot;true&quot; data-super-alt=&quot;Stream by The-Butcher-X&quot; data-super-full-img=&quot;https://api-da.wixmp.com/_api/download/file?downloadToken=eyJ0eXAiOiJKV1QiLCJhbGciOiJIUzI1NiJ9.eyJzdWIiOiJ1cm46YXBwOjdlMGQxODg5ODIyNjQzNzNhNWYwZDQxNWVhMGQyNmUwIiwiaXNzIjoidXJuOmFwcDo3ZTBkMTg4OTgyMjY0MzczYTVmMGQ0MTVlYTBkMjZlMCIsImV4cCI6MTU1MTA2Mzg1NywiaWF0IjoxNTUxMDYzMjQ3LCJqdGkiOiI1YzczNThkOTU2MzQ5Iiwib2JqIjpudWxsLCJhdWQiOlsidXJuOnNlcnZpY2U6ZmlsZS5kb3dubG9hZCJdLCJwYXlsb2FkIjp7InBhdGgiOiJcL2ZcLzk0MGZjZWQ5LWRiNjAtNDI5OS04ZDY5LTU2ODI1YjFlNDdmZlwvZGQwbjEwei1iNDg3Y2ZhOC0yZDEzLTQ0ODQtOWY3Yy1kMGMxM2E2YjJmOTAucG5nIn19.VV74qJ8I6nLREazUqFu3io5C2RrA6JEUlj9ob-UMlCc&quot; data-super-full-width=&quot;1160&quot; data-super-full-height=&quot;1120&quot;        data-sigil=&quot;thumb&quot;&gt;
        &lt;i&gt;&lt;/i&gt;&lt;img   width=&quot;150&quot; height=&quot;145&quot; alt=&quot;Stream by The-Butcher-X&quot; src=&quot;https://images-wixmp-ed30a86b8c4ca887773594c2.wixmp.com/intermediary/f/940fced9-db60-4299-8d69-56825b1e47ff/dd0n10z-b487cfa8-2d13-4484-9f7c-d0c13a6b2f90.png/v1/fit/w_150,h_150,strp/stream_by_the_butcher_x_dd0n10z-150.png&quot; data-src=&quot;https://images-wixmp-ed30a86b8c4ca887773594c2.wixmp.com/intermediary/f/940fced9-db60-4299-8d69-56825b1e47ff/dd0n10z-b487cfa8-2d13-4484-9f7c-d0c13a6b2f90.png/v1/fit/w_150,h_150,strp/stream_by_the_butcher_x_dd0n10z-150.png&quot; srcset=&quot;https://images-wixmp-ed30a86b8c4ca887773594c2.wixmp.com/intermediary/f/940fced9-db60-4299-8d69-56825b1e47ff/dd0n10z-b487cfa8-2d13-4484-9f7c-d0c13a6b2f90.png/v1/fit/w_150,h_150,strp/stream_by_the_butcher_x_dd0n10z-150.png 150w,https://images-wixmp-ed30a86b8c4ca887773594c2.wixmp.com/intermediary/f/940fced9-db60-4299-8d69-56825b1e47ff/dd0n10z-b487cfa8-2d13-4484-9f7c-d0c13a6b2f90.png/v1/fill/w_259,h_250,strp/stream_by_the_butcher_x_dd0n10z-250t.png 259w,https://images-wixmp-ed30a86b8c4ca887773594c2.wixmp.com/intermediary/f/940fced9-db60-4299-8d69-56825b1e47ff/dd0n10z-b487cfa8-2d13-4484-9f7c-d0c13a6b2f90.png/v1/fill/w_363,h_350,strp/stream_by_the_butcher_x_dd0n10z-350t.png 363w,https://images-wixmp-ed30a86b8c4ca887773594c2.wixmp.com/intermediary/f/940fced9-db60-4299-8d69-56825b1e47ff/dd0n10z-b487cfa8-2d13-4484-9f7c-d0c13a6b2f90.png/v1/fill/w_414,h_400,strp/stream_by_the_butcher_x_dd0n10z-400t.png 414w,https://images-wixmp-ed30a86b8c4ca887773594c2.wixmp.com/intermediary/f/940fced9-db60-4299-8d69-56825b1e47ff/dd0n10z-b487cfa8-2d13-4484-9f7c-d0c13a6b2f90.png/v1/fill/w_910,h_878,strp/stream_by_the_butcher_x_dd0n10z-pre.png 910w&quot; sizes=&quot;150px&quot;&gt;&lt;/a&gt;&lt;/span&gt;&lt;!-- ^TTT --&gt;&lt;!-- TTT$ --&gt;&lt;/span&gt;&lt;br /&gt;&lt;br /&gt;&lt;br /&gt;My Pages:&lt;/span&gt;&lt;br /&gt;&lt;br /&gt;&lt;a target=&quot;_self&quot; href=&quot;https://www.deviantart.com/youtube-plz&quot; &gt;&lt;img class=&quot;avatar&quot; width=&quot;50&quot; height=&quot;50&quot; src=&quot;https://a.deviantart.net/avatars/y/o/youtube-plz.png?4&quot; alt=&quot;:iconyoutube-plz:&quot; title=&quot;Youtube-plz&quot; /&gt;&lt;/a&gt;&lt;span&gt;&amp;nbsp;&lt;/span&gt;&lt;a class=&quot;external&quot; href=&quot;https://www.deviantart.com/users/outgoing?https://www.youtube.com/user/Butch407&quot;&gt;www.youtube.com/user/Butch407&lt;/a&gt;&lt;span&gt;&lt;/span&gt;&lt;br /&gt;&lt;a target=&quot;_self&quot; href=&quot;https://www.deviantart.com/facebook-plz&quot; &gt;&lt;img class=&quot;avatar&quot; width=&quot;50&quot; height=&quot;50&quot; src=&quot;https://a.deviantart.net/avatars/f/a/facebook-plz.jpg?5&quot; alt=&quot;:iconfacebook-plz:&quot; title=&quot;facebook-plz&quot; /&gt;&lt;/a&gt;&lt;span&gt;&amp;nbsp;&lt;/span&gt;&lt;a class=&quot;external&quot; href=&quot;https://www.deviantart.com/users/outgoing?https://www.facebook.com/thebutcherx/&quot;&gt;www.facebook.com/thebutcherx/&lt;/a&gt;&lt;span&gt;&lt;/span&gt;&lt;br /&gt;&lt;a target=&quot;_self&quot; href=&quot;https://www.deviantart.com/twitterplz&quot; &gt;&lt;img class=&quot;avatar&quot; width=&quot;50&quot; height=&quot;50&quot; src=&quot;https://a.deviantart.net/avatars/t/w/twitterplz.gif?1&quot; alt=&quot;:icontwitterplz:&quot; title=&quot;twitterplz&quot; /&gt;&lt;/a&gt;&lt;span&gt;&amp;nbsp;&lt;/span&gt;&lt;a class=&quot;external&quot; href=&quot;https://www.deviantart.com/users/outgoing?https://twitter.com/mlpandeqg&quot;&gt;twitter.com/mlpandeqg&lt;/a&gt;&lt;br /&gt;&lt;a target=&quot;_self&quot; href=&quot;https://www.deviantart.com/patreonplz&quot; &gt;&lt;img class=&quot;avatar&quot; width=&quot;50&quot; height=&quot;50&quot; src=&quot;https://a.deviantart.net/avatars/p/a/patreonplz.png?4&quot; alt=&quot;:iconpatreonplz:&quot; title=&quot;patreonplz&quot; /&gt;&lt;/a&gt;&lt;span&gt;&amp;nbsp;&lt;/span&gt;&lt;a class=&quot;external&quot; href=&quot;https://www.deviantart.com/users/outgoing?https://www.patreon.com/thebutcherx&quot;&gt;www.patreon.com/thebutcherx&lt;/a&gt;&lt;span&gt;&lt;br /&gt;&lt;span class=&quot;shadow-holder&quot; data-embed-type=&quot;deviation&quot; data-embed-id=&quot;529701190&quot; data-embed-format=&quot;thumb&quot;&gt;&lt;span class=&quot;shadow mild&quot; &gt;&lt;a class=&quot;thumb&quot; href=&quot;https://www.deviantart.com/th3emoo/art/Pixiv-529701190&quot; title=&quot;Pixiv by Th3EmOo, Apr 30, 2015 in Customization &amp;gt; Icons &amp;gt; Other&quot;data-super-img=&quot;https://images-wixmp-ed30a86b8c4ca887773594c2.wixmp.com/intermediary/f/182d3b70-4c99-4a6e-b62b-3a4adeba7f21/d8rdc1y-b9e4c045-43a9-4b15-ad6e-9626d851379e.png&quot; data-super-width=&quot;50&quot; data-super-height=&quot;50&quot; data-super-transparent=&quot;true&quot; data-super-alt=&quot;Pixiv by Th3EmOo&quot; data-super-full-img=&quot;https://images-wixmp-ed30a86b8c4ca887773594c2.wixmp.com/intermediary/f/182d3b70-4c99-4a6e-b62b-3a4adeba7f21/d8rdc1y-b9e4c045-43a9-4b15-ad6e-9626d851379e.png&quot; data-super-full-width=&quot;50&quot; data-super-full-height=&quot;50&quot;        data-sigil=&quot;thumb&quot;&gt;
        &lt;i&gt;&lt;/i&gt;&lt;img   width=&quot;50&quot; height=&quot;50&quot; alt=&quot;Pixiv by Th3EmOo&quot; src=&quot;https://images-wixmp-ed30a86b8c4ca887773594c2.wixmp.com/intermediary/f/182d3b70-4c99-4a6e-b62b-3a4adeba7f21/d8rdc1y-b9e4c045-43a9-4b15-ad6e-9626d851379e.png&quot; data-src=&quot;https://images-wixmp-ed30a86b8c4ca887773594c2.wixmp.com/intermediary/f/182d3b70-4c99-4a6e-b62b-3a4adeba7f21/d8rdc1y-b9e4c045-43a9-4b15-ad6e-9626d851379e.png&quot; srcset=&quot;https://images-wixmp-ed30a86b8c4ca887773594c2.wixmp.com/intermediary/f/182d3b70-4c99-4a6e-b62b-3a4adeba7f21/d8rdc1y-b9e4c045-43a9-4b15-ad6e-9626d851379e.png 50w&quot; sizes=&quot;50px&quot;&gt;&lt;/a&gt;&lt;/span&gt;&lt;!-- ^TTT --&gt;&lt;!-- TTT$ --&gt;&lt;/span&gt;&lt;a class=&quot;external&quot; href=&quot;https://www.deviantart.com/users/outgoing?https://www.pixiv.net/member.php?id=36285054&quot;&gt;www.pixiv.net/member.php?id=36&amp;#8230;&lt;/a&gt;&lt;br /&gt;&lt;a target=&quot;_self&quot; href=&quot;https://www.deviantart.com/newgroundsplz&quot; &gt;&lt;img class=&quot;avatar&quot; width=&quot;50&quot; height=&quot;50&quot; src=&quot;https://a.deviantart.net/avatars/n/e/newgroundsplz.gif?2&quot; alt=&quot;:iconnewgroundsplz:&quot; title=&quot;newgroundsplz&quot; /&gt;&lt;/a&gt;&amp;nbsp;&lt;a class=&quot;external&quot; href=&quot;https://www.deviantart.com/users/outgoing?https://the-butcher-x.newgrounds.com/&quot;&gt;the-butcher-x.newgrounds.com/&lt;/a&gt;&lt;br /&gt;&lt;a target=&quot;_self&quot; href=&quot;https://www.deviantart.com/ko-fiplz&quot; &gt;&lt;img class=&quot;avatar&quot; width=&quot;50&quot; height=&quot;50&quot; src=&quot;https://a.deviantart.net/avatars/k/o/ko-fiplz.png?5&quot; alt=&quot;:iconko-fiplz:&quot; title=&quot;ko-fiplz&quot; /&gt;&lt;/a&gt;&amp;nbsp;&lt;/span&gt;&lt;a class=&quot;external&quot; href=&quot;https://www.deviantart.com/users/outgoing?https://www.ko-fi.com/thebutcherx&quot;&gt;www.ko-fi.com/thebutcherx&lt;/a&gt;&lt;br /&gt;&lt;br /&gt;Fluttershy &amp;amp; Sunset Shimmer (My Little Pony: Equestria Girls Shorts)</media:description>            <media:thumbnail url="https://t00.deviantart.net/E03rLsEUoegWy1zIKFJJGQgDe9U=/fit-in/150x150/filters:no_upscale():origin()/pre00/3632/th/pre/i/2019/055/d/1/__streaming____eqg_shorts__by_the_butcher_x-dd0n0pn.png" height="145" width="150"/>            <media:thumbnail url="https://t00.deviantart.net/i1Aqow-UiiKFG4wrgn0DeNhP2OU=/fit-in/300x900/filters:no_upscale():origin()/pre00/3632/th/pre/i/2019/055/d/1/__streaming____eqg_shorts__by_the_butcher_x-dd0n0pn.png" height="290" width="300"/>            <media:thumbnail url="https://t00.deviantart.net/j4Yng_UVBobmoXCQG7aZCVAGJlk=/300x200/filters:fixed_height(100,100):origin()/pre00/3632/th/pre/i/2019/055/d/1/__streaming____eqg_shorts__by_the_butcher_x-dd0n0pn.png" height="200" width="207"/>            <media:content url="https://pre00.deviantart.net/3632/th/pre/i/2019/055/d/1/__streaming____eqg_shorts__by_the_butcher_x-dd0n0pn.png" height="879" width="910" medium="image"/>            
            <description>&lt;span&gt;PNG version here (use it wisely, with credits please &lt;img src=&quot;https://e.deviantart.net/emoticons/s/smile.gif&quot; width=&quot;15&quot; height=&quot;15&quot; alt=&quot;:)&quot; data-embed-type=&quot;emoticon&quot; data-embed-id=&quot;391&quot; title=&quot;:) (Smile)&quot;/&gt;):&lt;span class=&quot;shadow-holder&quot; data-embed-type=&quot;deviation&quot; data-embed-id=&quot;5187393913669047&quot; data-embed-format=&quot;thumb&quot;&gt;&lt;span class=&quot;shadow mild&quot; &gt;&lt;a class=&quot;thumb&quot; href=&quot;https://sta.sh/01f2rzv5nn3r&quot; title=&quot;Stream by The-Butcher-X, Feb 24, 2019&quot;data-super-img=&quot;https://images-wixmp-ed30a86b8c4ca887773594c2.wixmp.com/intermediary/f/940fced9-db60-4299-8d69-56825b1e47ff/dd0n10z-b487cfa8-2d13-4484-9f7c-d0c13a6b2f90.png/v1/fill/w_910,h_878,strp/stream_by_the_butcher_x_dd0n10z-pre.png&quot; data-super-width=&quot;910&quot; data-super-height=&quot;878&quot; data-super-transparent=&quot;true&quot; data-super-alt=&quot;Stream by The-Butcher-X&quot; data-super-full-img=&quot;https://api-da.wixmp.com/_api/download/file?downloadToken=eyJ0eXAiOiJKV1QiLCJhbGciOiJIUzI1NiJ9.eyJzdWIiOiJ1cm46YXBwOjdlMGQxODg5ODIyNjQzNzNhNWYwZDQxNWVhMGQyNmUwIiwiaXNzIjoidXJuOmFwcDo3ZTBkMTg4OTgyMjY0MzczYTVmMGQ0MTVlYTBkMjZlMCIsImV4cCI6MTU1MTA2Mzg1NywiaWF0IjoxNTUxMDYzMjQ3LCJqdGkiOiI1YzczNThkOTU2MzQ5Iiwib2JqIjpudWxsLCJhdWQiOlsidXJuOnNlcnZpY2U6ZmlsZS5kb3dubG9hZCJdLCJwYXlsb2FkIjp7InBhdGgiOiJcL2ZcLzk0MGZjZWQ5LWRiNjAtNDI5OS04ZDY5LTU2ODI1YjFlNDdmZlwvZGQwbjEwei1iNDg3Y2ZhOC0yZDEzLTQ0ODQtOWY3Yy1kMGMxM2E2YjJmOTAucG5nIn19.VV74qJ8I6nLREazUqFu3io5C2RrA6JEUlj9ob-UMlCc&quot; data-super-full-width=&quot;1160&quot; data-super-full-height=&quot;1120&quot;        data-sigil=&quot;thumb&quot;&gt;
        &lt;i&gt;&lt;/i&gt;&lt;img   width=&quot;150&quot; height=&quot;145&quot; alt=&quot;Stream by The-Butcher-X&quot; src=&quot;https://images-wixmp-ed30a86b8c4ca887773594c2.wixmp.com/intermediary/f/940fced9-db60-4299-8d69-56825b1e47ff/dd0n10z-b487cfa8-2d13-4484-9f7c-d0c13a6b2f90.png/v1/fit/w_150,h_150,strp/stream_by_the_butcher_x_dd0n10z-150.png&quot; data-src=&quot;https://images-wixmp-ed30a86b8c4ca887773594c2.wixmp.com/intermediary/f/940fced9-db60-4299-8d69-56825b1e47ff/dd0n10z-b487cfa8-2d13-4484-9f7c-d0c13a6b2f90.png/v1/fit/w_150,h_150,strp/stream_by_the_butcher_x_dd0n10z-150.png&quot; srcset=&quot;https://images-wixmp-ed30a86b8c4ca887773594c2.wixmp.com/intermediary/f/940fced9-db60-4299-8d69-56825b1e47ff/dd0n10z-b487cfa8-2d13-4484-9f7c-d0c13a6b2f90.png/v1/fit/w_150,h_150,strp/stream_by_the_butcher_x_dd0n10z-150.png 150w,https://images-wixmp-ed30a86b8c4ca887773594c2.wixmp.com/intermediary/f/940fced9-db60-4299-8d69-56825b1e47ff/dd0n10z-b487cfa8-2d13-4484-9f7c-d0c13a6b2f90.png/v1/fill/w_259,h_250,strp/stream_by_the_butcher_x_dd0n10z-250t.png 259w,https://images-wixmp-ed30a86b8c4ca887773594c2.wixmp.com/intermediary/f/940fced9-db60-4299-8d69-56825b1e47ff/dd0n10z-b487cfa8-2d13-4484-9f7c-d0c13a6b2f90.png/v1/fill/w_363,h_350,strp/stream_by_the_butcher_x_dd0n10z-350t.png 363w,https://images-wixmp-ed30a86b8c4ca887773594c2.wixmp.com/intermediary/f/940fced9-db60-4299-8d69-56825b1e47ff/dd0n10z-b487cfa8-2d13-4484-9f7c-d0c13a6b2f90.png/v1/fill/w_414,h_400,strp/stream_by_the_butcher_x_dd0n10z-400t.png 414w,https://images-wixmp-ed30a86b8c4ca887773594c2.wixmp.com/intermediary/f/940fced9-db60-4299-8d69-56825b1e47ff/dd0n10z-b487cfa8-2d13-4484-9f7c-d0c13a6b2f90.png/v1/fill/w_910,h_878,strp/stream_by_the_butcher_x_dd0n10z-pre.png 910w&quot; sizes=&quot;150px&quot;&gt;&lt;/a&gt;&lt;/span&gt;&lt;!-- ^TTT --&gt;&lt;!-- TTT$ --&gt;&lt;/span&gt;&lt;br /&gt;&lt;br /&gt;&lt;br /&gt;My Pages:&lt;/span&gt;&lt;br /&gt;&lt;br /&gt;&lt;a target=&quot;_self&quot; href=&quot;https://www.deviantart.com/youtube-plz&quot; &gt;&lt;img class=&quot;avatar&quot; width=&quot;50&quot; height=&quot;50&quot; src=&quot;https://a.deviantart.net/avatars/y/o/youtube-plz.png?4&quot; alt=&quot;:iconyoutube-plz:&quot; title=&quot;Youtube-plz&quot; /&gt;&lt;/a&gt;&lt;span&gt;&amp;nbsp;&lt;/span&gt;&lt;a class=&quot;external&quot; href=&quot;https://www.deviantart.com/users/outgoing?https://www.youtube.com/user/Butch407&quot;&gt;www.youtube.com/user/Butch407&lt;/a&gt;&lt;span&gt;&lt;/span&gt;&lt;br /&gt;&lt;a target=&quot;_self&quot; href=&quot;https://www.deviantart.com/facebook-plz&quot; &gt;&lt;img class=&quot;avatar&quot; width=&quot;50&quot; height=&quot;50&quot; src=&quot;https://a.deviantart.net/avatars/f/a/facebook-plz.jpg?5&quot; alt=&quot;:iconfacebook-plz:&quot; title=&quot;facebook-plz&quot; /&gt;&lt;/a&gt;&lt;span&gt;&amp;nbsp;&lt;/span&gt;&lt;a class=&quot;external&quot; href=&quot;https://www.deviantart.com/users/outgoing?https://www.facebook.com/thebutcherx/&quot;&gt;www.facebook.com/thebutcherx/&lt;/a&gt;&lt;span&gt;&lt;/span&gt;&lt;br /&gt;&lt;a target=&quot;_self&quot; href=&quot;https://www.deviantart.com/twitterplz&quot; &gt;&lt;img class=&quot;avatar&quot; width=&quot;50&quot; height=&quot;50&quot; src=&quot;https://a.deviantart.net/avatars/t/w/twitterplz.gif?1&quot; alt=&quot;:icontwitterplz:&quot; title=&quot;twitterplz&quot; /&gt;&lt;/a&gt;&lt;span&gt;&amp;nbsp;&lt;/span&gt;&lt;a class=&quot;external&quot; href=&quot;https://www.deviantart.com/users/outgoing?https://twitter.com/mlpandeqg&quot;&gt;twitter.com/mlpandeqg&lt;/a&gt;&lt;br /&gt;&lt;a target=&quot;_self&quot; href=&quot;https://www.deviantart.com/patreonplz&quot; &gt;&lt;img class=&quot;avatar&quot; width=&quot;50&quot; height=&quot;50&quot; src=&quot;https://a.deviantart.net/avatars/p/a/patreonplz.png?4&quot; alt=&quot;:iconpatreonplz:&quot; title=&quot;patreonplz&quot; /&gt;&lt;/a&gt;&lt;span&gt;&amp;nbsp;&lt;/span&gt;&lt;a class=&quot;external&quot; href=&quot;https://www.deviantart.com/users/outgoing?https://www.patreon.com/thebutcherx&quot;&gt;www.patreon.com/thebutcherx&lt;/a&gt;&lt;span&gt;&lt;br /&gt;&lt;span class=&quot;shadow-holder&quot; data-embed-type=&quot;deviation&quot; data-embed-id=&quot;529701190&quot; data-embed-format=&quot;thumb&quot;&gt;&lt;span class=&quot;shadow mild&quot; &gt;&lt;a class=&quot;thumb&quot; href=&quot;https://www.deviantart.com/th3emoo/art/Pixiv-529701190&quot; title=&quot;Pixiv by Th3EmOo, Apr 30, 2015 in Customization &amp;gt; Icons &amp;gt; Other&quot;data-super-img=&quot;https://images-wixmp-ed30a86b8c4ca887773594c2.wixmp.com/intermediary/f/182d3b70-4c99-4a6e-b62b-3a4adeba7f21/d8rdc1y-b9e4c045-43a9-4b15-ad6e-9626d851379e.png&quot; data-super-width=&quot;50&quot; data-super-height=&quot;50&quot; data-super-transparent=&quot;true&quot; data-super-alt=&quot;Pixiv by Th3EmOo&quot; data-super-full-img=&quot;https://images-wixmp-ed30a86b8c4ca887773594c2.wixmp.com/intermediary/f/182d3b70-4c99-4a6e-b62b-3a4adeba7f21/d8rdc1y-b9e4c045-43a9-4b15-ad6e-9626d851379e.png&quot; data-super-full-width=&quot;50&quot; data-super-full-height=&quot;50&quot;        data-sigil=&quot;thumb&quot;&gt;
        &lt;i&gt;&lt;/i&gt;&lt;img   width=&quot;50&quot; height=&quot;50&quot; alt=&quot;Pixiv by Th3EmOo&quot; src=&quot;https://images-wixmp-ed30a86b8c4ca887773594c2.wixmp.com/intermediary/f/182d3b70-4c99-4a6e-b62b-3a4adeba7f21/d8rdc1y-b9e4c045-43a9-4b15-ad6e-9626d851379e.png&quot; data-src=&quot;https://images-wixmp-ed30a86b8c4ca887773594c2.wixmp.com/intermediary/f/182d3b70-4c99-4a6e-b62b-3a4adeba7f21/d8rdc1y-b9e4c045-43a9-4b15-ad6e-9626d851379e.png&quot; srcset=&quot;https://images-wixmp-ed30a86b8c4ca887773594c2.wixmp.com/intermediary/f/182d3b70-4c99-4a6e-b62b-3a4adeba7f21/d8rdc1y-b9e4c045-43a9-4b15-ad6e-9626d851379e.png 50w&quot; sizes=&quot;50px&quot;&gt;&lt;/a&gt;&lt;/span&gt;&lt;!-- ^TTT --&gt;&lt;!-- TTT$ --&gt;&lt;/span&gt;&lt;a class=&quot;external&quot; href=&quot;https://www.deviantart.com/users/outgoing?https://www.pixiv.net/member.php?id=36285054&quot;&gt;www.pixiv.net/member.php?id=36&amp;#8230;&lt;/a&gt;&lt;br /&gt;&lt;a target=&quot;_self&quot; href=&quot;https://www.deviantart.com/newgroundsplz&quot; &gt;&lt;img class=&quot;avatar&quot; width=&quot;50&quot; height=&quot;50&quot; src=&quot;https://a.deviantart.net/avatars/n/e/newgroundsplz.gif?2&quot; alt=&quot;:iconnewgroundsplz:&quot; title=&quot;newgroundsplz&quot; /&gt;&lt;/a&gt;&amp;nbsp;&lt;a class=&quot;external&quot; href=&quot;https://www.deviantart.com/users/outgoing?https://the-butcher-x.newgrounds.com/&quot;&gt;the-butcher-x.newgrounds.com/&lt;/a&gt;&lt;br /&gt;&lt;a target=&quot;_self&quot; href=&quot;https://www.deviantart.com/ko-fiplz&quot; &gt;&lt;img class=&quot;avatar&quot; width=&quot;50&quot; height=&quot;50&quot; src=&quot;https://a.deviantart.net/avatars/k/o/ko-fiplz.png?5&quot; alt=&quot;:iconko-fiplz:&quot; title=&quot;ko-fiplz&quot; /&gt;&lt;/a&gt;&amp;nbsp;&lt;/span&gt;&lt;a class=&quot;external&quot; href=&quot;https://www.deviantart.com/users/outgoing?https://www.ko-fi.com/thebutcherx&quot;&gt;www.ko-fi.com/thebutcherx&lt;/a&gt;&lt;br /&gt;&lt;br /&gt;Fluttershy &amp;amp; Sunset Shimmer (My Little Pony: Equestria Girls Shorts)&lt;br /&gt;&lt;div&gt;&lt;img src=&quot;https://t00.deviantart.net/j4Yng_UVBobmoXCQG7aZCVAGJlk=/300x200/filters:fixed_height(100,100):origin()/pre00/3632/th/pre/i/2019/055/d/1/__streaming____eqg_shorts__by_the_butcher_x-dd0n0pn.png&quot; alt=&quot;thumbnail&quot; /&gt;&lt;/div&gt;</description>            </item>
                    <item>
                <title>Yoshimura Eto</title>
                <link>https://miura-n315.deviantart.com/art/Yoshimura-Eto-787220238</link>
                <guid isPermaLink="true">https://miura-n315.deviantart.com/art/Yoshimura-Eto-787220238</guid>
                <pubDate>Mon, 25 Feb 2019 11:34:30 PST</pubDate>
                        <media:title type="plain">Yoshimura Eto</media:title>
        <media:keywords></media:keywords>
                        <media:rating>nonadult</media:rating>
                <media:category label="Movies &amp; TV">fanart/digital/drawings/movies</media:category>
        <media:credit role="author" scheme="urn:ebu">miura-n315</media:credit>
        <media:credit role="author" scheme="urn:ebu">https://a.deviantart.net/avatars/m/i/miura-n315.jpg?11</media:credit>
        <media:copyright url="https://miura-n315.deviantart.com">Copyright 2019 miura-n315</media:copyright>            <media:description type="html">&lt;i&gt;Tokyo Ghoul&lt;/i&gt;&lt;span&gt;&lt;br /&gt;&lt;br /&gt;follow me:&lt;br /&gt;&lt;/span&gt;&lt;br /&gt;&lt;span&gt;Twitter&amp;nbsp;&lt;/span&gt;&lt;a class=&quot;external&quot; href=&quot;https://www.deviantart.com/users/outgoing?https://twitter.com/miura_n315&quot;&gt;twitter.com/miura_n315&lt;/a&gt;&lt;br /&gt;&lt;span&gt;&lt;br /&gt;Instagram&amp;nbsp;&lt;a class=&quot;external&quot; href=&quot;https://www.deviantart.com/users/outgoing?https://www.instagram.com/miura_n315/&quot;&gt;instagram.com/miura_n315/&lt;/a&gt;&lt;br /&gt;&lt;br /&gt;&lt;/span&gt;&lt;span&gt;Facebook&amp;nbsp;&lt;a class=&quot;external&quot; href=&quot;https://www.deviantart.com/users/outgoing?https://www.facebook.com/miura.n315/&quot;&gt;facebook.com/miura.n315/&lt;/a&gt;&lt;/span&gt;&lt;br /&gt;&lt;span&gt;&lt;br /&gt;Others:&lt;br /&gt;&lt;span class=&quot;shadow-holder&quot; data-embed-type=&quot;deviation&quot; data-embed-id=&quot;785672071&quot; data-embed-format=&quot;thumb&quot;&gt;&lt;span class=&quot;shadow mild&quot; &gt;&lt;a class=&quot;thumb&quot; href=&quot;https://www.deviantart.com/miura-n315/art/Beatrice-785672071&quot; title=&quot;Beatrice by miura-n315, Feb 15, 2019 in Fan Art &amp;gt; Digital Art &amp;gt; Drawings &amp;gt; Games&quot;data-super-img=&quot;https://images-wixmp-ed30a86b8c4ca887773594c2.wixmp.com/intermediary/f/49ce2ff3-2d12-464c-bb60-7387f20d677e/dczrog7-2bdcc251-0b73-45b9-923a-04d61638a035.png/v1/fill/w_751,h_1063,q_70,strp/beatrice_by_miura_n315_dczrog7-pre.jpg&quot; data-super-width=&quot;751&quot; data-super-height=&quot;1064&quot; data-super-transparent=&quot;false&quot; data-super-alt=&quot;Beatrice by miura-n315&quot; data-super-full-img=&quot;https://images-wixmp-ed30a86b8c4ca887773594c2.wixmp.com/intermediary/f/49ce2ff3-2d12-464c-bb60-7387f20d677e/dczrog7-2bdcc251-0b73-45b9-923a-04d61638a035.png/v1/fill/w_900,h_1274,q_80,strp/beatrice_by_miura_n315_dczrog7-fullview.jpg&quot; data-super-full-width=&quot;900&quot; data-super-full-height=&quot;1274&quot;        data-sigil=&quot;thumb&quot;&gt;
        &lt;i&gt;&lt;/i&gt;&lt;img   width=&quot;106&quot; height=&quot;150&quot; alt=&quot;Beatrice by miura-n315&quot; src=&quot;https://images-wixmp-ed30a86b8c4ca887773594c2.wixmp.com/intermediary/f/49ce2ff3-2d12-464c-bb60-7387f20d677e/dczrog7-2bdcc251-0b73-45b9-923a-04d61638a035.png/v1/fit/w_150,h_150,q_70,strp/beatrice_by_miura_n315_dczrog7-150.jpg&quot; data-src=&quot;https://images-wixmp-ed30a86b8c4ca887773594c2.wixmp.com/intermediary/f/49ce2ff3-2d12-464c-bb60-7387f20d677e/dczrog7-2bdcc251-0b73-45b9-923a-04d61638a035.png/v1/fit/w_150,h_150,q_70,strp/beatrice_by_miura_n315_dczrog7-150.jpg&quot; srcset=&quot;https://images-wixmp-ed30a86b8c4ca887773594c2.wixmp.com/intermediary/f/49ce2ff3-2d12-464c-bb60-7387f20d677e/dczrog7-2bdcc251-0b73-45b9-923a-04d61638a035.png/v1/fit/w_150,h_150,q_70,strp/beatrice_by_miura_n315_dczrog7-150.jpg 106w,https://images-wixmp-ed30a86b8c4ca887773594c2.wixmp.com/intermediary/f/49ce2ff3-2d12-464c-bb60-7387f20d677e/dczrog7-2bdcc251-0b73-45b9-923a-04d61638a035.png/v1/fill/w_177,h_250,q_70,strp/beatrice_by_miura_n315_dczrog7-250t.jpg 177w,https://images-wixmp-ed30a86b8c4ca887773594c2.wixmp.com/intermediary/f/49ce2ff3-2d12-464c-bb60-7387f20d677e/dczrog7-2bdcc251-0b73-45b9-923a-04d61638a035.png/v1/crop/w_247,h_350,x_0,y_0,scl_0.20495867768595,q_70,strp/beatrice_by_miura_n315_dczrog7-350t.jpg 247w,https://images-wixmp-ed30a86b8c4ca887773594c2.wixmp.com/intermediary/f/49ce2ff3-2d12-464c-bb60-7387f20d677e/dczrog7-2bdcc251-0b73-45b9-923a-04d61638a035.png/v1/fill/w_283,h_400,q_70,strp/beatrice_by_miura_n315_dczrog7-400t.jpg 283w,https://images-wixmp-ed30a86b8c4ca887773594c2.wixmp.com/intermediary/f/49ce2ff3-2d12-464c-bb60-7387f20d677e/dczrog7-2bdcc251-0b73-45b9-923a-04d61638a035.png/v1/fill/w_751,h_1063,q_70,strp/beatrice_by_miura_n315_dczrog7-pre.jpg 751w&quot; sizes=&quot;106px&quot;&gt;&lt;/a&gt;&lt;/span&gt;&lt;!-- ^TTT --&gt;&lt;!-- TTT$ --&gt;&lt;/span&gt;&amp;nbsp;&lt;span class=&quot;shadow-holder&quot; data-embed-type=&quot;deviation&quot; data-embed-id=&quot;783376944&quot; data-embed-format=&quot;thumb&quot;&gt;&lt;span class=&quot;shadow mild&quot; &gt;&lt;a class=&quot;thumb&quot; href=&quot;https://www.deviantart.com/miura-n315/art/Lucy-783376944&quot; title=&quot;Lucy by miura-n315, Jan 30, 2019 in Fan Art &amp;gt; Digital Art &amp;gt; Drawings &amp;gt; Movies &amp;amp; TV&quot;data-super-img=&quot;https://images-wixmp-ed30a86b8c4ca887773594c2.wixmp.com/intermediary/f/49ce2ff3-2d12-464c-bb60-7387f20d677e/dcyehio-6f5c8881-8b10-4cf6-a407-68cb5baad5e5.png/v1/fill/w_894,h_894,q_70,strp/lucy_by_miura_n315_dcyehio-pre.jpg&quot; data-super-width=&quot;894&quot; data-super-height=&quot;894&quot; data-super-transparent=&quot;false&quot; data-super-alt=&quot;Lucy by miura-n315&quot; data-super-full-img=&quot;https://images-wixmp-ed30a86b8c4ca887773594c2.wixmp.com/intermediary/f/49ce2ff3-2d12-464c-bb60-7387f20d677e/dcyehio-6f5c8881-8b10-4cf6-a407-68cb5baad5e5.png/v1/fill/w_900,h_900,q_80,strp/lucy_by_miura_n315_dcyehio-fullview.jpg&quot; data-super-full-width=&quot;900&quot; data-super-full-height=&quot;900&quot;        data-sigil=&quot;thumb&quot;&gt;
        &lt;i&gt;&lt;/i&gt;&lt;img   width=&quot;150&quot; height=&quot;150&quot; alt=&quot;Lucy by miura-n315&quot; src=&quot;https://images-wixmp-ed30a86b8c4ca887773594c2.wixmp.com/intermediary/f/49ce2ff3-2d12-464c-bb60-7387f20d677e/dcyehio-6f5c8881-8b10-4cf6-a407-68cb5baad5e5.png/v1/fit/w_150,h_150,q_70,strp/lucy_by_miura_n315_dcyehio-150.jpg&quot; data-src=&quot;https://images-wixmp-ed30a86b8c4ca887773594c2.wixmp.com/intermediary/f/49ce2ff3-2d12-464c-bb60-7387f20d677e/dcyehio-6f5c8881-8b10-4cf6-a407-68cb5baad5e5.png/v1/fit/w_150,h_150,q_70,strp/lucy_by_miura_n315_dcyehio-150.jpg&quot; srcset=&quot;https://images-wixmp-ed30a86b8c4ca887773594c2.wixmp.com/intermediary/f/49ce2ff3-2d12-464c-bb60-7387f20d677e/dcyehio-6f5c8881-8b10-4cf6-a407-68cb5baad5e5.png/v1/fit/w_150,h_150,q_70,strp/lucy_by_miura_n315_dcyehio-150.jpg 150w,https://images-wixmp-ed30a86b8c4ca887773594c2.wixmp.com/intermediary/f/49ce2ff3-2d12-464c-bb60-7387f20d677e/dcyehio-6f5c8881-8b10-4cf6-a407-68cb5baad5e5.png/v1/fill/w_250,h_250,q_70,strp/lucy_by_miura_n315_dcyehio-250t.jpg 250w,https://images-wixmp-ed30a86b8c4ca887773594c2.wixmp.com/intermediary/f/49ce2ff3-2d12-464c-bb60-7387f20d677e/dcyehio-6f5c8881-8b10-4cf6-a407-68cb5baad5e5.png/v1/fill/w_350,h_350,q_70,strp/lucy_by_miura_n315_dcyehio-350t.jpg 350w,https://images-wixmp-ed30a86b8c4ca887773594c2.wixmp.com/intermediary/f/49ce2ff3-2d12-464c-bb60-7387f20d677e/dcyehio-6f5c8881-8b10-4cf6-a407-68cb5baad5e5.png/v1/fill/w_400,h_400,q_70,strp/lucy_by_miura_n315_dcyehio-400t.jpg 400w,https://images-wixmp-ed30a86b8c4ca887773594c2.wixmp.com/intermediary/f/49ce2ff3-2d12-464c-bb60-7387f20d677e/dcyehio-6f5c8881-8b10-4cf6-a407-68cb5baad5e5.png/v1/fill/w_894,h_894,q_70,strp/lucy_by_miura_n315_dcyehio-pre.jpg 894w&quot; sizes=&quot;150px&quot;&gt;&lt;/a&gt;&lt;/span&gt;&lt;!-- ^TTT --&gt;&lt;!-- TTT$ --&gt;&lt;/span&gt;&amp;nbsp;&lt;span class=&quot;shadow-holder&quot; data-embed-type=&quot;deviation&quot; data-embed-id=&quot;780991552&quot; data-embed-format=&quot;thumb&quot;&gt;&lt;span class=&quot;shadow mild&quot; &gt;&lt;a class=&quot;thumb&quot; href=&quot;https://www.deviantart.com/miura-n315/art/Itori-780991552&quot; title=&quot;Itori by miura-n315, Jan 13, 2019 in Fan Art &amp;gt; Digital Art &amp;gt; Drawings &amp;gt; Movies &amp;amp; TV&quot;data-super-img=&quot;https://images-wixmp-ed30a86b8c4ca887773594c2.wixmp.com/intermediary/f/49ce2ff3-2d12-464c-bb60-7387f20d677e/dcwzcxs-8499667c-bbdc-43a3-9ace-69d2a5b88216.png/v1/fill/w_894,h_894,q_70,strp/itori_by_miura_n315_dcwzcxs-pre.jpg&quot; data-super-width=&quot;894&quot; data-super-height=&quot;894&quot; data-super-transparent=&quot;false&quot; data-super-alt=&quot;Itori by miura-n315&quot; data-super-full-img=&quot;https://images-wixmp-ed30a86b8c4ca887773594c2.wixmp.com/intermediary/f/49ce2ff3-2d12-464c-bb60-7387f20d677e/dcwzcxs-8499667c-bbdc-43a3-9ace-69d2a5b88216.png&quot; data-super-full-width=&quot;1280&quot; data-super-full-height=&quot;1280&quot;        data-sigil=&quot;thumb&quot;&gt;
        &lt;i&gt;&lt;/i&gt;&lt;img   width=&quot;150&quot; height=&quot;150&quot; alt=&quot;Itori by miura-n315&quot; src=&quot;https://images-wixmp-ed30a86b8c4ca887773594c2.wixmp.com/intermediary/f/49ce2ff3-2d12-464c-bb60-7387f20d677e/dcwzcxs-8499667c-bbdc-43a3-9ace-69d2a5b88216.png/v1/fit/w_150,h_150,q_70,strp/itori_by_miura_n315_dcwzcxs-150.jpg&quot; data-src=&quot;https://images-wixmp-ed30a86b8c4ca887773594c2.wixmp.com/intermediary/f/49ce2ff3-2d12-464c-bb60-7387f20d677e/dcwzcxs-8499667c-bbdc-43a3-9ace-69d2a5b88216.png/v1/fit/w_150,h_150,q_70,strp/itori_by_miura_n315_dcwzcxs-150.jpg&quot; srcset=&quot;https://images-wixmp-ed30a86b8c4ca887773594c2.wixmp.com/intermediary/f/49ce2ff3-2d12-464c-bb60-7387f20d677e/dcwzcxs-8499667c-bbdc-43a3-9ace-69d2a5b88216.png/v1/fit/w_150,h_150,q_70,strp/itori_by_miura_n315_dcwzcxs-150.jpg 150w,https://images-wixmp-ed30a86b8c4ca887773594c2.wixmp.com/intermediary/f/49ce2ff3-2d12-464c-bb60-7387f20d677e/dcwzcxs-8499667c-bbdc-43a3-9ace-69d2a5b88216.png/v1/fill/w_250,h_250,q_70,strp/itori_by_miura_n315_dcwzcxs-250t.jpg 250w,https://images-wixmp-ed30a86b8c4ca887773594c2.wixmp.com/intermediary/f/49ce2ff3-2d12-464c-bb60-7387f20d677e/dcwzcxs-8499667c-bbdc-43a3-9ace-69d2a5b88216.png/v1/fill/w_350,h_350,q_70,strp/itori_by_miura_n315_dcwzcxs-350t.jpg 350w,https://images-wixmp-ed30a86b8c4ca887773594c2.wixmp.com/intermediary/f/49ce2ff3-2d12-464c-bb60-7387f20d677e/dcwzcxs-8499667c-bbdc-43a3-9ace-69d2a5b88216.png/v1/fill/w_400,h_400,q_70,strp/itori_by_miura_n315_dcwzcxs-400t.jpg 400w,https://images-wixmp-ed30a86b8c4ca887773594c2.wixmp.com/intermediary/f/49ce2ff3-2d12-464c-bb60-7387f20d677e/dcwzcxs-8499667c-bbdc-43a3-9ace-69d2a5b88216.png/v1/fill/w_894,h_894,q_70,strp/itori_by_miura_n315_dcwzcxs-pre.jpg 894w&quot; sizes=&quot;150px&quot;&gt;&lt;/a&gt;&lt;/span&gt;&lt;!-- ^TTT --&gt;&lt;!-- TTT$ --&gt;&lt;/span&gt;&amp;nbsp;&lt;span class=&quot;shadow-holder&quot; data-embed-type=&quot;deviation&quot; data-embed-id=&quot;779888812&quot; data-embed-format=&quot;thumb&quot;&gt;&lt;span class=&quot;shadow mild&quot; &gt;&lt;a class=&quot;thumb&quot; href=&quot;https://www.deviantart.com/miura-n315/art/Natsumi-779888812&quot; title=&quot;Natsumi by miura-n315, Jan 6, 2019 in Fan Art &amp;gt; Digital Art &amp;gt; Drawings &amp;gt; Movies &amp;amp; TV&quot;data-super-img=&quot;https://images-wixmp-ed30a86b8c4ca887773594c2.wixmp.com/intermediary/f/49ce2ff3-2d12-464c-bb60-7387f20d677e/dcwbq24-159b313e-a085-4c02-8e96-820a941e974a.png/v1/fill/w_894,h_894,q_70,strp/natsumi_by_miura_n315_dcwbq24-pre.jpg&quot; data-super-width=&quot;894&quot; data-super-height=&quot;894&quot; data-super-transparent=&quot;false&quot; data-super-alt=&quot;Natsumi by miura-n315&quot; data-super-full-img=&quot;https://images-wixmp-ed30a86b8c4ca887773594c2.wixmp.com/intermediary/f/49ce2ff3-2d12-464c-bb60-7387f20d677e/dcwbq24-159b313e-a085-4c02-8e96-820a941e974a.png/v1/fill/w_900,h_900,q_80,strp/natsumi_by_miura_n315_dcwbq24-fullview.jpg&quot; data-super-full-width=&quot;900&quot; data-super-full-height=&quot;900&quot;        data-sigil=&quot;thumb&quot;&gt;
        &lt;i&gt;&lt;/i&gt;&lt;img   width=&quot;150&quot; height=&quot;150&quot; alt=&quot;Natsumi by miura-n315&quot; src=&quot;https://images-wixmp-ed30a86b8c4ca887773594c2.wixmp.com/intermediary/f/49ce2ff3-2d12-464c-bb60-7387f20d677e/dcwbq24-159b313e-a085-4c02-8e96-820a941e974a.png/v1/fit/w_150,h_150,q_70,strp/natsumi_by_miura_n315_dcwbq24-150.jpg&quot; data-src=&quot;https://images-wixmp-ed30a86b8c4ca887773594c2.wixmp.com/intermediary/f/49ce2ff3-2d12-464c-bb60-7387f20d677e/dcwbq24-159b313e-a085-4c02-8e96-820a941e974a.png/v1/fit/w_150,h_150,q_70,strp/natsumi_by_miura_n315_dcwbq24-150.jpg&quot; srcset=&quot;https://images-wixmp-ed30a86b8c4ca887773594c2.wixmp.com/intermediary/f/49ce2ff3-2d12-464c-bb60-7387f20d677e/dcwbq24-159b313e-a085-4c02-8e96-820a941e974a.png/v1/fit/w_150,h_150,q_70,strp/natsumi_by_miura_n315_dcwbq24-150.jpg 150w,https://images-wixmp-ed30a86b8c4ca887773594c2.wixmp.com/intermediary/f/49ce2ff3-2d12-464c-bb60-7387f20d677e/dcwbq24-159b313e-a085-4c02-8e96-820a941e974a.png/v1/fill/w_250,h_250,q_70,strp/natsumi_by_miura_n315_dcwbq24-250t.jpg 250w,https://images-wixmp-ed30a86b8c4ca887773594c2.wixmp.com/intermediary/f/49ce2ff3-2d12-464c-bb60-7387f20d677e/dcwbq24-159b313e-a085-4c02-8e96-820a941e974a.png/v1/fill/w_350,h_350,q_70,strp/natsumi_by_miura_n315_dcwbq24-350t.jpg 350w,https://images-wixmp-ed30a86b8c4ca887773594c2.wixmp.com/intermediary/f/49ce2ff3-2d12-464c-bb60-7387f20d677e/dcwbq24-159b313e-a085-4c02-8e96-820a941e974a.png/v1/fill/w_400,h_400,q_70,strp/natsumi_by_miura_n315_dcwbq24-400t.jpg 400w,https://images-wixmp-ed30a86b8c4ca887773594c2.wixmp.com/intermediary/f/49ce2ff3-2d12-464c-bb60-7387f20d677e/dcwbq24-159b313e-a085-4c02-8e96-820a941e974a.png/v1/fill/w_894,h_894,q_70,strp/natsumi_by_miura_n315_dcwbq24-pre.jpg 894w&quot; sizes=&quot;150px&quot;&gt;&lt;/a&gt;&lt;/span&gt;&lt;!-- ^TTT --&gt;&lt;!-- TTT$ --&gt;&lt;/span&gt;&amp;nbsp;&lt;span class=&quot;shadow-holder&quot; data-embed-type=&quot;deviation&quot; data-embed-id=&quot;775195900&quot; data-embed-format=&quot;thumb&quot;&gt;&lt;span class=&quot;shadow mild&quot; &gt;&lt;a class=&quot;thumb&quot; href=&quot;https://www.deviantart.com/miura-n315/art/Kamishiro-Rize-775195900&quot; title=&quot;Kamishiro Rize by miura-n315, Dec 3, 2018 in Fan Art &amp;gt; Digital Art &amp;gt; Drawings &amp;gt; Movies &amp;amp; TV&quot;data-super-img=&quot;https://images-wixmp-ed30a86b8c4ca887773594c2.wixmp.com/intermediary/f/49ce2ff3-2d12-464c-bb60-7387f20d677e/dctj4zg-df98a69a-56f3-440c-ae75-5af8ca9eca82.png/v1/fill/w_810,h_986,strp/kamishiro_rize_by_miura_n315_dctj4zg-pre.png&quot; data-super-width=&quot;810&quot; data-super-height=&quot;987&quot; data-super-transparent=&quot;true&quot; data-super-alt=&quot;Kamishiro Rize by miura-n315&quot; data-super-full-img=&quot;https://images-wixmp-ed30a86b8c4ca887773594c2.wixmp.com/intermediary/f/49ce2ff3-2d12-464c-bb60-7387f20d677e/dctj4zg-df98a69a-56f3-440c-ae75-5af8ca9eca82.png/v1/fill/w_900,h_1096,strp/kamishiro_rize_by_miura_n315_dctj4zg-fullview.png&quot; data-super-full-width=&quot;900&quot; data-super-full-height=&quot;1096&quot;        data-sigil=&quot;thumb&quot;&gt;
        &lt;i&gt;&lt;/i&gt;&lt;img   width=&quot;123&quot; height=&quot;150&quot; alt=&quot;Kamishiro Rize by miura-n315&quot; src=&quot;https://images-wixmp-ed30a86b8c4ca887773594c2.wixmp.com/intermediary/f/49ce2ff3-2d12-464c-bb60-7387f20d677e/dctj4zg-df98a69a-56f3-440c-ae75-5af8ca9eca82.png/v1/fit/w_150,h_150,strp/kamishiro_rize_by_miura_n315_dctj4zg-150.png&quot; data-src=&quot;https://images-wixmp-ed30a86b8c4ca887773594c2.wixmp.com/intermediary/f/49ce2ff3-2d12-464c-bb60-7387f20d677e/dctj4zg-df98a69a-56f3-440c-ae75-5af8ca9eca82.png/v1/fit/w_150,h_150,strp/kamishiro_rize_by_miura_n315_dctj4zg-150.png&quot; srcset=&quot;https://images-wixmp-ed30a86b8c4ca887773594c2.wixmp.com/intermediary/f/49ce2ff3-2d12-464c-bb60-7387f20d677e/dctj4zg-df98a69a-56f3-440c-ae75-5af8ca9eca82.png/v1/fit/w_150,h_150,strp/kamishiro_rize_by_miura_n315_dctj4zg-150.png 123w,https://images-wixmp-ed30a86b8c4ca887773594c2.wixmp.com/intermediary/f/49ce2ff3-2d12-464c-bb60-7387f20d677e/dctj4zg-df98a69a-56f3-440c-ae75-5af8ca9eca82.png/v1/fill/w_205,h_250,strp/kamishiro_rize_by_miura_n315_dctj4zg-250t.png 205w,https://images-wixmp-ed30a86b8c4ca887773594c2.wixmp.com/intermediary/f/49ce2ff3-2d12-464c-bb60-7387f20d677e/dctj4zg-df98a69a-56f3-440c-ae75-5af8ca9eca82.png/v1/crop/w_288,h_350,x_0,y_0,scl_0.225,strp/kamishiro_rize_by_miura_n315_dctj4zg-350t.png 287w,https://images-wixmp-ed30a86b8c4ca887773594c2.wixmp.com/intermediary/f/49ce2ff3-2d12-464c-bb60-7387f20d677e/dctj4zg-df98a69a-56f3-440c-ae75-5af8ca9eca82.png/v1/fill/w_329,h_400,strp/kamishiro_rize_by_miura_n315_dctj4zg-400t.png 328w,https://images-wixmp-ed30a86b8c4ca887773594c2.wixmp.com/intermediary/f/49ce2ff3-2d12-464c-bb60-7387f20d677e/dctj4zg-df98a69a-56f3-440c-ae75-5af8ca9eca82.png/v1/fill/w_810,h_986,strp/kamishiro_rize_by_miura_n315_dctj4zg-pre.png 810w&quot; sizes=&quot;123px&quot;&gt;&lt;/a&gt;&lt;/span&gt;&lt;!-- ^TTT --&gt;&lt;!-- TTT$ --&gt;&lt;/span&gt;&amp;nbsp;&lt;span class=&quot;shadow-holder&quot; data-embed-type=&quot;deviation&quot; data-embed-id=&quot;767768423&quot; data-embed-format=&quot;thumb&quot;&gt;&lt;span class=&quot;shadow mild&quot; &gt;&lt;a class=&quot;thumb&quot; href=&quot;https://www.deviantart.com/miura-n315/art/Halloween-Tanaka-Asuka-767768423&quot; title=&quot;Halloween Tanaka Asuka by miura-n315, Oct 11, 2018 in Fan Art &amp;gt; Digital Art &amp;gt; Drawings &amp;gt; Movies &amp;amp; TV&quot;data-super-img=&quot;https://images-wixmp-ed30a86b8c4ca887773594c2.wixmp.com/intermediary/f/49ce2ff3-2d12-464c-bb60-7387f20d677e/dcp3xwn-c60d296e-a540-4c82-bad9-6efa78c3a62d.png/v1/fill/w_894,h_894,q_70,strp/halloween_tanaka_asuka_by_miura_n315_dcp3xwn-pre.jpg&quot; data-super-width=&quot;894&quot; data-super-height=&quot;894&quot; data-super-transparent=&quot;false&quot; data-super-alt=&quot;Halloween Tanaka Asuka by miura-n315&quot; data-super-full-img=&quot;https://images-wixmp-ed30a86b8c4ca887773594c2.wixmp.com/intermediary/f/49ce2ff3-2d12-464c-bb60-7387f20d677e/dcp3xwn-c60d296e-a540-4c82-bad9-6efa78c3a62d.png/v1/fill/w_1024,h_1024,q_80,strp/halloween_tanaka_asuka_by_miura_n315_dcp3xwn-fullview.jpg&quot; data-super-full-width=&quot;1024&quot; data-super-full-height=&quot;1024&quot;        data-sigil=&quot;thumb&quot;&gt;
        &lt;i&gt;&lt;/i&gt;&lt;img   width=&quot;150&quot; height=&quot;150&quot; alt=&quot;Halloween Tanaka Asuka by miura-n315&quot; src=&quot;https://images-wixmp-ed30a86b8c4ca887773594c2.wixmp.com/intermediary/f/49ce2ff3-2d12-464c-bb60-7387f20d677e/dcp3xwn-c60d296e-a540-4c82-bad9-6efa78c3a62d.png/v1/fit/w_150,h_150,q_70,strp/halloween_tanaka_asuka_by_miura_n315_dcp3xwn-150.jpg&quot; data-src=&quot;https://images-wixmp-ed30a86b8c4ca887773594c2.wixmp.com/intermediary/f/49ce2ff3-2d12-464c-bb60-7387f20d677e/dcp3xwn-c60d296e-a540-4c82-bad9-6efa78c3a62d.png/v1/fit/w_150,h_150,q_70,strp/halloween_tanaka_asuka_by_miura_n315_dcp3xwn-150.jpg&quot; srcset=&quot;https://images-wixmp-ed30a86b8c4ca887773594c2.wixmp.com/intermediary/f/49ce2ff3-2d12-464c-bb60-7387f20d677e/dcp3xwn-c60d296e-a540-4c82-bad9-6efa78c3a62d.png/v1/fit/w_150,h_150,q_70,strp/halloween_tanaka_asuka_by_miura_n315_dcp3xwn-150.jpg 150w,https://images-wixmp-ed30a86b8c4ca887773594c2.wixmp.com/intermediary/f/49ce2ff3-2d12-464c-bb60-7387f20d677e/dcp3xwn-c60d296e-a540-4c82-bad9-6efa78c3a62d.png/v1/fill/w_250,h_250,q_70,strp/halloween_tanaka_asuka_by_miura_n315_dcp3xwn-250t.jpg 250w,https://images-wixmp-ed30a86b8c4ca887773594c2.wixmp.com/intermediary/f/49ce2ff3-2d12-464c-bb60-7387f20d677e/dcp3xwn-c60d296e-a540-4c82-bad9-6efa78c3a62d.png/v1/fill/w_350,h_350,q_70,strp/halloween_tanaka_asuka_by_miura_n315_dcp3xwn-350t.jpg 350w,https://images-wixmp-ed30a86b8c4ca887773594c2.wixmp.com/intermediary/f/49ce2ff3-2d12-464c-bb60-7387f20d677e/dcp3xwn-c60d296e-a540-4c82-bad9-6efa78c3a62d.png/v1/fill/w_400,h_400,q_70,strp/halloween_tanaka_asuka_by_miura_n315_dcp3xwn-400t.jpg 400w,https://images-wixmp-ed30a86b8c4ca887773594c2.wixmp.com/intermediary/f/49ce2ff3-2d12-464c-bb60-7387f20d677e/dcp3xwn-c60d296e-a540-4c82-bad9-6efa78c3a62d.png/v1/fill/w_894,h_894,q_70,strp/halloween_tanaka_asuka_by_miura_n315_dcp3xwn-pre.jpg 894w&quot; sizes=&quot;150px&quot;&gt;&lt;/a&gt;&lt;/span&gt;&lt;!-- ^TTT --&gt;&lt;!-- TTT$ --&gt;&lt;/span&gt;&amp;nbsp;&lt;br /&gt;&lt;/span&gt;</media:description>            <media:thumbnail url="https://t00.deviantart.net/RC7ySX2H02-fsZoYsJTcv0ESGtI=/fit-in/150x150/filters:no_upscale():origin()/pre00/b897/th/pre/i/2019/056/1/3/yoshimura_eto_by_miura_n315-dd0ov0u.png" height="150" width="118"/>            <media:thumbnail url="https://t00.deviantart.net/XpdcG9i0Y11T5zv3IDH-4vKhTdc=/fit-in/300x900/filters:no_upscale():origin()/pre00/b897/th/pre/i/2019/056/1/3/yoshimura_eto_by_miura_n315-dd0ov0u.png" height="382" width="300"/>            <media:thumbnail url="https://t00.deviantart.net/lBGjLz0AF_KxhDsT6Mq7ByZv35g=/300x200/filters:fixed_height(100,100):origin()/pre00/b897/th/pre/i/2019/056/1/3/yoshimura_eto_by_miura_n315-dd0ov0u.png" height="200" width="157"/>            <media:content url="https://pre00.deviantart.net/b897/th/pre/i/2019/056/1/3/yoshimura_eto_by_miura_n315-dd0ov0u.png" height="1009" width="792" medium="image"/>            
            <description>&lt;i&gt;Tokyo Ghoul&lt;/i&gt;&lt;span&gt;&lt;br /&gt;&lt;br /&gt;follow me:&lt;br /&gt;&lt;/span&gt;&lt;br /&gt;&lt;span&gt;Twitter&amp;nbsp;&lt;/span&gt;&lt;a class=&quot;external&quot; href=&quot;https://www.deviantart.com/users/outgoing?https://twitter.com/miura_n315&quot;&gt;twitter.com/miura_n315&lt;/a&gt;&lt;br /&gt;&lt;span&gt;&lt;br /&gt;Instagram&amp;nbsp;&lt;a class=&quot;external&quot; href=&quot;https://www.deviantart.com/users/outgoing?https://www.instagram.com/miura_n315/&quot;&gt;instagram.com/miura_n315/&lt;/a&gt;&lt;br /&gt;&lt;br /&gt;&lt;/span&gt;&lt;span&gt;Facebook&amp;nbsp;&lt;a class=&quot;external&quot; href=&quot;https://www.deviantart.com/users/outgoing?https://www.facebook.com/miura.n315/&quot;&gt;facebook.com/miura.n315/&lt;/a&gt;&lt;/span&gt;&lt;br /&gt;&lt;span&gt;&lt;br /&gt;Others:&lt;br /&gt;&lt;span class=&quot;shadow-holder&quot; data-embed-type=&quot;deviation&quot; data-embed-id=&quot;785672071&quot; data-embed-format=&quot;thumb&quot;&gt;&lt;span class=&quot;shadow mild&quot; &gt;&lt;a class=&quot;thumb&quot; href=&quot;https://www.deviantart.com/miura-n315/art/Beatrice-785672071&quot; title=&quot;Beatrice by miura-n315, Feb 15, 2019 in Fan Art &amp;gt; Digital Art &amp;gt; Drawings &amp;gt; Games&quot;data-super-img=&quot;https://images-wixmp-ed30a86b8c4ca887773594c2.wixmp.com/intermediary/f/49ce2ff3-2d12-464c-bb60-7387f20d677e/dczrog7-2bdcc251-0b73-45b9-923a-04d61638a035.png/v1/fill/w_751,h_1063,q_70,strp/beatrice_by_miura_n315_dczrog7-pre.jpg&quot; data-super-width=&quot;751&quot; data-super-height=&quot;1064&quot; data-super-transparent=&quot;false&quot; data-super-alt=&quot;Beatrice by miura-n315&quot; data-super-full-img=&quot;https://images-wixmp-ed30a86b8c4ca887773594c2.wixmp.com/intermediary/f/49ce2ff3-2d12-464c-bb60-7387f20d677e/dczrog7-2bdcc251-0b73-45b9-923a-04d61638a035.png/v1/fill/w_900,h_1274,q_80,strp/beatrice_by_miura_n315_dczrog7-fullview.jpg&quot; data-super-full-width=&quot;900&quot; data-super-full-height=&quot;1274&quot;        data-sigil=&quot;thumb&quot;&gt;
        &lt;i&gt;&lt;/i&gt;&lt;img   width=&quot;106&quot; height=&quot;150&quot; alt=&quot;Beatrice by miura-n315&quot; src=&quot;https://images-wixmp-ed30a86b8c4ca887773594c2.wixmp.com/intermediary/f/49ce2ff3-2d12-464c-bb60-7387f20d677e/dczrog7-2bdcc251-0b73-45b9-923a-04d61638a035.png/v1/fit/w_150,h_150,q_70,strp/beatrice_by_miura_n315_dczrog7-150.jpg&quot; data-src=&quot;https://images-wixmp-ed30a86b8c4ca887773594c2.wixmp.com/intermediary/f/49ce2ff3-2d12-464c-bb60-7387f20d677e/dczrog7-2bdcc251-0b73-45b9-923a-04d61638a035.png/v1/fit/w_150,h_150,q_70,strp/beatrice_by_miura_n315_dczrog7-150.jpg&quot; srcset=&quot;https://images-wixmp-ed30a86b8c4ca887773594c2.wixmp.com/intermediary/f/49ce2ff3-2d12-464c-bb60-7387f20d677e/dczrog7-2bdcc251-0b73-45b9-923a-04d61638a035.png/v1/fit/w_150,h_150,q_70,strp/beatrice_by_miura_n315_dczrog7-150.jpg 106w,https://images-wixmp-ed30a86b8c4ca887773594c2.wixmp.com/intermediary/f/49ce2ff3-2d12-464c-bb60-7387f20d677e/dczrog7-2bdcc251-0b73-45b9-923a-04d61638a035.png/v1/fill/w_177,h_250,q_70,strp/beatrice_by_miura_n315_dczrog7-250t.jpg 177w,https://images-wixmp-ed30a86b8c4ca887773594c2.wixmp.com/intermediary/f/49ce2ff3-2d12-464c-bb60-7387f20d677e/dczrog7-2bdcc251-0b73-45b9-923a-04d61638a035.png/v1/crop/w_247,h_350,x_0,y_0,scl_0.20495867768595,q_70,strp/beatrice_by_miura_n315_dczrog7-350t.jpg 247w,https://images-wixmp-ed30a86b8c4ca887773594c2.wixmp.com/intermediary/f/49ce2ff3-2d12-464c-bb60-7387f20d677e/dczrog7-2bdcc251-0b73-45b9-923a-04d61638a035.png/v1/fill/w_283,h_400,q_70,strp/beatrice_by_miura_n315_dczrog7-400t.jpg 283w,https://images-wixmp-ed30a86b8c4ca887773594c2.wixmp.com/intermediary/f/49ce2ff3-2d12-464c-bb60-7387f20d677e/dczrog7-2bdcc251-0b73-45b9-923a-04d61638a035.png/v1/fill/w_751,h_1063,q_70,strp/beatrice_by_miura_n315_dczrog7-pre.jpg 751w&quot; sizes=&quot;106px&quot;&gt;&lt;/a&gt;&lt;/span&gt;&lt;!-- ^TTT --&gt;&lt;!-- TTT$ --&gt;&lt;/span&gt;&amp;nbsp;&lt;span class=&quot;shadow-holder&quot; data-embed-type=&quot;deviation&quot; data-embed-id=&quot;783376944&quot; data-embed-format=&quot;thumb&quot;&gt;&lt;span class=&quot;shadow mild&quot; &gt;&lt;a class=&quot;thumb&quot; href=&quot;https://www.deviantart.com/miura-n315/art/Lucy-783376944&quot; title=&quot;Lucy by miura-n315, Jan 30, 2019 in Fan Art &amp;gt; Digital Art &amp;gt; Drawings &amp;gt; Movies &amp;amp; TV&quot;data-super-img=&quot;https://images-wixmp-ed30a86b8c4ca887773594c2.wixmp.com/intermediary/f/49ce2ff3-2d12-464c-bb60-7387f20d677e/dcyehio-6f5c8881-8b10-4cf6-a407-68cb5baad5e5.png/v1/fill/w_894,h_894,q_70,strp/lucy_by_miura_n315_dcyehio-pre.jpg&quot; data-super-width=&quot;894&quot; data-super-height=&quot;894&quot; data-super-transparent=&quot;false&quot; data-super-alt=&quot;Lucy by miura-n315&quot; data-super-full-img=&quot;https://images-wixmp-ed30a86b8c4ca887773594c2.wixmp.com/intermediary/f/49ce2ff3-2d12-464c-bb60-7387f20d677e/dcyehio-6f5c8881-8b10-4cf6-a407-68cb5baad5e5.png/v1/fill/w_900,h_900,q_80,strp/lucy_by_miura_n315_dcyehio-fullview.jpg&quot; data-super-full-width=&quot;900&quot; data-super-full-height=&quot;900&quot;        data-sigil=&quot;thumb&quot;&gt;
        &lt;i&gt;&lt;/i&gt;&lt;img   width=&quot;150&quot; height=&quot;150&quot; alt=&quot;Lucy by miura-n315&quot; src=&quot;https://images-wixmp-ed30a86b8c4ca887773594c2.wixmp.com/intermediary/f/49ce2ff3-2d12-464c-bb60-7387f20d677e/dcyehio-6f5c8881-8b10-4cf6-a407-68cb5baad5e5.png/v1/fit/w_150,h_150,q_70,strp/lucy_by_miura_n315_dcyehio-150.jpg&quot; data-src=&quot;https://images-wixmp-ed30a86b8c4ca887773594c2.wixmp.com/intermediary/f/49ce2ff3-2d12-464c-bb60-7387f20d677e/dcyehio-6f5c8881-8b10-4cf6-a407-68cb5baad5e5.png/v1/fit/w_150,h_150,q_70,strp/lucy_by_miura_n315_dcyehio-150.jpg&quot; srcset=&quot;https://images-wixmp-ed30a86b8c4ca887773594c2.wixmp.com/intermediary/f/49ce2ff3-2d12-464c-bb60-7387f20d677e/dcyehio-6f5c8881-8b10-4cf6-a407-68cb5baad5e5.png/v1/fit/w_150,h_150,q_70,strp/lucy_by_miura_n315_dcyehio-150.jpg 150w,https://images-wixmp-ed30a86b8c4ca887773594c2.wixmp.com/intermediary/f/49ce2ff3-2d12-464c-bb60-7387f20d677e/dcyehio-6f5c8881-8b10-4cf6-a407-68cb5baad5e5.png/v1/fill/w_250,h_250,q_70,strp/lucy_by_miura_n315_dcyehio-250t.jpg 250w,https://images-wixmp-ed30a86b8c4ca887773594c2.wixmp.com/intermediary/f/49ce2ff3-2d12-464c-bb60-7387f20d677e/dcyehio-6f5c8881-8b10-4cf6-a407-68cb5baad5e5.png/v1/fill/w_350,h_350,q_70,strp/lucy_by_miura_n315_dcyehio-350t.jpg 350w,https://images-wixmp-ed30a86b8c4ca887773594c2.wixmp.com/intermediary/f/49ce2ff3-2d12-464c-bb60-7387f20d677e/dcyehio-6f5c8881-8b10-4cf6-a407-68cb5baad5e5.png/v1/fill/w_400,h_400,q_70,strp/lucy_by_miura_n315_dcyehio-400t.jpg 400w,https://images-wixmp-ed30a86b8c4ca887773594c2.wixmp.com/intermediary/f/49ce2ff3-2d12-464c-bb60-7387f20d677e/dcyehio-6f5c8881-8b10-4cf6-a407-68cb5baad5e5.png/v1/fill/w_894,h_894,q_70,strp/lucy_by_miura_n315_dcyehio-pre.jpg 894w&quot; sizes=&quot;150px&quot;&gt;&lt;/a&gt;&lt;/span&gt;&lt;!-- ^TTT --&gt;&lt;!-- TTT$ --&gt;&lt;/span&gt;&amp;nbsp;&lt;span class=&quot;shadow-holder&quot; data-embed-type=&quot;deviation&quot; data-embed-id=&quot;780991552&quot; data-embed-format=&quot;thumb&quot;&gt;&lt;span class=&quot;shadow mild&quot; &gt;&lt;a class=&quot;thumb&quot; href=&quot;https://www.deviantart.com/miura-n315/art/Itori-780991552&quot; title=&quot;Itori by miura-n315, Jan 13, 2019 in Fan Art &amp;gt; Digital Art &amp;gt; Drawings &amp;gt; Movies &amp;amp; TV&quot;data-super-img=&quot;https://images-wixmp-ed30a86b8c4ca887773594c2.wixmp.com/intermediary/f/49ce2ff3-2d12-464c-bb60-7387f20d677e/dcwzcxs-8499667c-bbdc-43a3-9ace-69d2a5b88216.png/v1/fill/w_894,h_894,q_70,strp/itori_by_miura_n315_dcwzcxs-pre.jpg&quot; data-super-width=&quot;894&quot; data-super-height=&quot;894&quot; data-super-transparent=&quot;false&quot; data-super-alt=&quot;Itori by miura-n315&quot; data-super-full-img=&quot;https://images-wixmp-ed30a86b8c4ca887773594c2.wixmp.com/intermediary/f/49ce2ff3-2d12-464c-bb60-7387f20d677e/dcwzcxs-8499667c-bbdc-43a3-9ace-69d2a5b88216.png&quot; data-super-full-width=&quot;1280&quot; data-super-full-height=&quot;1280&quot;        data-sigil=&quot;thumb&quot;&gt;
        &lt;i&gt;&lt;/i&gt;&lt;img   width=&quot;150&quot; height=&quot;150&quot; alt=&quot;Itori by miura-n315&quot; src=&quot;https://images-wixmp-ed30a86b8c4ca887773594c2.wixmp.com/intermediary/f/49ce2ff3-2d12-464c-bb60-7387f20d677e/dcwzcxs-8499667c-bbdc-43a3-9ace-69d2a5b88216.png/v1/fit/w_150,h_150,q_70,strp/itori_by_miura_n315_dcwzcxs-150.jpg&quot; data-src=&quot;https://images-wixmp-ed30a86b8c4ca887773594c2.wixmp.com/intermediary/f/49ce2ff3-2d12-464c-bb60-7387f20d677e/dcwzcxs-8499667c-bbdc-43a3-9ace-69d2a5b88216.png/v1/fit/w_150,h_150,q_70,strp/itori_by_miura_n315_dcwzcxs-150.jpg&quot; srcset=&quot;https://images-wixmp-ed30a86b8c4ca887773594c2.wixmp.com/intermediary/f/49ce2ff3-2d12-464c-bb60-7387f20d677e/dcwzcxs-8499667c-bbdc-43a3-9ace-69d2a5b88216.png/v1/fit/w_150,h_150,q_70,strp/itori_by_miura_n315_dcwzcxs-150.jpg 150w,https://images-wixmp-ed30a86b8c4ca887773594c2.wixmp.com/intermediary/f/49ce2ff3-2d12-464c-bb60-7387f20d677e/dcwzcxs-8499667c-bbdc-43a3-9ace-69d2a5b88216.png/v1/fill/w_250,h_250,q_70,strp/itori_by_miura_n315_dcwzcxs-250t.jpg 250w,https://images-wixmp-ed30a86b8c4ca887773594c2.wixmp.com/intermediary/f/49ce2ff3-2d12-464c-bb60-7387f20d677e/dcwzcxs-8499667c-bbdc-43a3-9ace-69d2a5b88216.png/v1/fill/w_350,h_350,q_70,strp/itori_by_miura_n315_dcwzcxs-350t.jpg 350w,https://images-wixmp-ed30a86b8c4ca887773594c2.wixmp.com/intermediary/f/49ce2ff3-2d12-464c-bb60-7387f20d677e/dcwzcxs-8499667c-bbdc-43a3-9ace-69d2a5b88216.png/v1/fill/w_400,h_400,q_70,strp/itori_by_miura_n315_dcwzcxs-400t.jpg 400w,https://images-wixmp-ed30a86b8c4ca887773594c2.wixmp.com/intermediary/f/49ce2ff3-2d12-464c-bb60-7387f20d677e/dcwzcxs-8499667c-bbdc-43a3-9ace-69d2a5b88216.png/v1/fill/w_894,h_894,q_70,strp/itori_by_miura_n315_dcwzcxs-pre.jpg 894w&quot; sizes=&quot;150px&quot;&gt;&lt;/a&gt;&lt;/span&gt;&lt;!-- ^TTT --&gt;&lt;!-- TTT$ --&gt;&lt;/span&gt;&amp;nbsp;&lt;span class=&quot;shadow-holder&quot; data-embed-type=&quot;deviation&quot; data-embed-id=&quot;779888812&quot; data-embed-format=&quot;thumb&quot;&gt;&lt;span class=&quot;shadow mild&quot; &gt;&lt;a class=&quot;thumb&quot; href=&quot;https://www.deviantart.com/miura-n315/art/Natsumi-779888812&quot; title=&quot;Natsumi by miura-n315, Jan 6, 2019 in Fan Art &amp;gt; Digital Art &amp;gt; Drawings &amp;gt; Movies &amp;amp; TV&quot;data-super-img=&quot;https://images-wixmp-ed30a86b8c4ca887773594c2.wixmp.com/intermediary/f/49ce2ff3-2d12-464c-bb60-7387f20d677e/dcwbq24-159b313e-a085-4c02-8e96-820a941e974a.png/v1/fill/w_894,h_894,q_70,strp/natsumi_by_miura_n315_dcwbq24-pre.jpg&quot; data-super-width=&quot;894&quot; data-super-height=&quot;894&quot; data-super-transparent=&quot;false&quot; data-super-alt=&quot;Natsumi by miura-n315&quot; data-super-full-img=&quot;https://images-wixmp-ed30a86b8c4ca887773594c2.wixmp.com/intermediary/f/49ce2ff3-2d12-464c-bb60-7387f20d677e/dcwbq24-159b313e-a085-4c02-8e96-820a941e974a.png/v1/fill/w_900,h_900,q_80,strp/natsumi_by_miura_n315_dcwbq24-fullview.jpg&quot; data-super-full-width=&quot;900&quot; data-super-full-height=&quot;900&quot;        data-sigil=&quot;thumb&quot;&gt;
        &lt;i&gt;&lt;/i&gt;&lt;img   width=&quot;150&quot; height=&quot;150&quot; alt=&quot;Natsumi by miura-n315&quot; src=&quot;https://images-wixmp-ed30a86b8c4ca887773594c2.wixmp.com/intermediary/f/49ce2ff3-2d12-464c-bb60-7387f20d677e/dcwbq24-159b313e-a085-4c02-8e96-820a941e974a.png/v1/fit/w_150,h_150,q_70,strp/natsumi_by_miura_n315_dcwbq24-150.jpg&quot; data-src=&quot;https://images-wixmp-ed30a86b8c4ca887773594c2.wixmp.com/intermediary/f/49ce2ff3-2d12-464c-bb60-7387f20d677e/dcwbq24-159b313e-a085-4c02-8e96-820a941e974a.png/v1/fit/w_150,h_150,q_70,strp/natsumi_by_miura_n315_dcwbq24-150.jpg&quot; srcset=&quot;https://images-wixmp-ed30a86b8c4ca887773594c2.wixmp.com/intermediary/f/49ce2ff3-2d12-464c-bb60-7387f20d677e/dcwbq24-159b313e-a085-4c02-8e96-820a941e974a.png/v1/fit/w_150,h_150,q_70,strp/natsumi_by_miura_n315_dcwbq24-150.jpg 150w,https://images-wixmp-ed30a86b8c4ca887773594c2.wixmp.com/intermediary/f/49ce2ff3-2d12-464c-bb60-7387f20d677e/dcwbq24-159b313e-a085-4c02-8e96-820a941e974a.png/v1/fill/w_250,h_250,q_70,strp/natsumi_by_miura_n315_dcwbq24-250t.jpg 250w,https://images-wixmp-ed30a86b8c4ca887773594c2.wixmp.com/intermediary/f/49ce2ff3-2d12-464c-bb60-7387f20d677e/dcwbq24-159b313e-a085-4c02-8e96-820a941e974a.png/v1/fill/w_350,h_350,q_70,strp/natsumi_by_miura_n315_dcwbq24-350t.jpg 350w,https://images-wixmp-ed30a86b8c4ca887773594c2.wixmp.com/intermediary/f/49ce2ff3-2d12-464c-bb60-7387f20d677e/dcwbq24-159b313e-a085-4c02-8e96-820a941e974a.png/v1/fill/w_400,h_400,q_70,strp/natsumi_by_miura_n315_dcwbq24-400t.jpg 400w,https://images-wixmp-ed30a86b8c4ca887773594c2.wixmp.com/intermediary/f/49ce2ff3-2d12-464c-bb60-7387f20d677e/dcwbq24-159b313e-a085-4c02-8e96-820a941e974a.png/v1/fill/w_894,h_894,q_70,strp/natsumi_by_miura_n315_dcwbq24-pre.jpg 894w&quot; sizes=&quot;150px&quot;&gt;&lt;/a&gt;&lt;/span&gt;&lt;!-- ^TTT --&gt;&lt;!-- TTT$ --&gt;&lt;/span&gt;&amp;nbsp;&lt;span class=&quot;shadow-holder&quot; data-embed-type=&quot;deviation&quot; data-embed-id=&quot;775195900&quot; data-embed-format=&quot;thumb&quot;&gt;&lt;span class=&quot;shadow mild&quot; &gt;&lt;a class=&quot;thumb&quot; href=&quot;https://www.deviantart.com/miura-n315/art/Kamishiro-Rize-775195900&quot; title=&quot;Kamishiro Rize by miura-n315, Dec 3, 2018 in Fan Art &amp;gt; Digital Art &amp;gt; Drawings &amp;gt; Movies &amp;amp; TV&quot;data-super-img=&quot;https://images-wixmp-ed30a86b8c4ca887773594c2.wixmp.com/intermediary/f/49ce2ff3-2d12-464c-bb60-7387f20d677e/dctj4zg-df98a69a-56f3-440c-ae75-5af8ca9eca82.png/v1/fill/w_810,h_986,strp/kamishiro_rize_by_miura_n315_dctj4zg-pre.png&quot; data-super-width=&quot;810&quot; data-super-height=&quot;987&quot; data-super-transparent=&quot;true&quot; data-super-alt=&quot;Kamishiro Rize by miura-n315&quot; data-super-full-img=&quot;https://images-wixmp-ed30a86b8c4ca887773594c2.wixmp.com/intermediary/f/49ce2ff3-2d12-464c-bb60-7387f20d677e/dctj4zg-df98a69a-56f3-440c-ae75-5af8ca9eca82.png/v1/fill/w_900,h_1096,strp/kamishiro_rize_by_miura_n315_dctj4zg-fullview.png&quot; data-super-full-width=&quot;900&quot; data-super-full-height=&quot;1096&quot;        data-sigil=&quot;thumb&quot;&gt;
        &lt;i&gt;&lt;/i&gt;&lt;img   width=&quot;123&quot; height=&quot;150&quot; alt=&quot;Kamishiro Rize by miura-n315&quot; src=&quot;https://images-wixmp-ed30a86b8c4ca887773594c2.wixmp.com/intermediary/f/49ce2ff3-2d12-464c-bb60-7387f20d677e/dctj4zg-df98a69a-56f3-440c-ae75-5af8ca9eca82.png/v1/fit/w_150,h_150,strp/kamishiro_rize_by_miura_n315_dctj4zg-150.png&quot; data-src=&quot;https://images-wixmp-ed30a86b8c4ca887773594c2.wixmp.com/intermediary/f/49ce2ff3-2d12-464c-bb60-7387f20d677e/dctj4zg-df98a69a-56f3-440c-ae75-5af8ca9eca82.png/v1/fit/w_150,h_150,strp/kamishiro_rize_by_miura_n315_dctj4zg-150.png&quot; srcset=&quot;https://images-wixmp-ed30a86b8c4ca887773594c2.wixmp.com/intermediary/f/49ce2ff3-2d12-464c-bb60-7387f20d677e/dctj4zg-df98a69a-56f3-440c-ae75-5af8ca9eca82.png/v1/fit/w_150,h_150,strp/kamishiro_rize_by_miura_n315_dctj4zg-150.png 123w,https://images-wixmp-ed30a86b8c4ca887773594c2.wixmp.com/intermediary/f/49ce2ff3-2d12-464c-bb60-7387f20d677e/dctj4zg-df98a69a-56f3-440c-ae75-5af8ca9eca82.png/v1/fill/w_205,h_250,strp/kamishiro_rize_by_miura_n315_dctj4zg-250t.png 205w,https://images-wixmp-ed30a86b8c4ca887773594c2.wixmp.com/intermediary/f/49ce2ff3-2d12-464c-bb60-7387f20d677e/dctj4zg-df98a69a-56f3-440c-ae75-5af8ca9eca82.png/v1/crop/w_288,h_350,x_0,y_0,scl_0.225,strp/kamishiro_rize_by_miura_n315_dctj4zg-350t.png 287w,https://images-wixmp-ed30a86b8c4ca887773594c2.wixmp.com/intermediary/f/49ce2ff3-2d12-464c-bb60-7387f20d677e/dctj4zg-df98a69a-56f3-440c-ae75-5af8ca9eca82.png/v1/fill/w_329,h_400,strp/kamishiro_rize_by_miura_n315_dctj4zg-400t.png 328w,https://images-wixmp-ed30a86b8c4ca887773594c2.wixmp.com/intermediary/f/49ce2ff3-2d12-464c-bb60-7387f20d677e/dctj4zg-df98a69a-56f3-440c-ae75-5af8ca9eca82.png/v1/fill/w_810,h_986,strp/kamishiro_rize_by_miura_n315_dctj4zg-pre.png 810w&quot; sizes=&quot;123px&quot;&gt;&lt;/a&gt;&lt;/span&gt;&lt;!-- ^TTT --&gt;&lt;!-- TTT$ --&gt;&lt;/span&gt;&amp;nbsp;&lt;span class=&quot;shadow-holder&quot; data-embed-type=&quot;deviation&quot; data-embed-id=&quot;767768423&quot; data-embed-format=&quot;thumb&quot;&gt;&lt;span class=&quot;shadow mild&quot; &gt;&lt;a class=&quot;thumb&quot; href=&quot;https://www.deviantart.com/miura-n315/art/Halloween-Tanaka-Asuka-767768423&quot; title=&quot;Halloween Tanaka Asuka by miura-n315, Oct 11, 2018 in Fan Art &amp;gt; Digital Art &amp;gt; Drawings &amp;gt; Movies &amp;amp; TV&quot;data-super-img=&quot;https://images-wixmp-ed30a86b8c4ca887773594c2.wixmp.com/intermediary/f/49ce2ff3-2d12-464c-bb60-7387f20d677e/dcp3xwn-c60d296e-a540-4c82-bad9-6efa78c3a62d.png/v1/fill/w_894,h_894,q_70,strp/halloween_tanaka_asuka_by_miura_n315_dcp3xwn-pre.jpg&quot; data-super-width=&quot;894&quot; data-super-height=&quot;894&quot; data-super-transparent=&quot;false&quot; data-super-alt=&quot;Halloween Tanaka Asuka by miura-n315&quot; data-super-full-img=&quot;https://images-wixmp-ed30a86b8c4ca887773594c2.wixmp.com/intermediary/f/49ce2ff3-2d12-464c-bb60-7387f20d677e/dcp3xwn-c60d296e-a540-4c82-bad9-6efa78c3a62d.png/v1/fill/w_1024,h_1024,q_80,strp/halloween_tanaka_asuka_by_miura_n315_dcp3xwn-fullview.jpg&quot; data-super-full-width=&quot;1024&quot; data-super-full-height=&quot;1024&quot;        data-sigil=&quot;thumb&quot;&gt;
        &lt;i&gt;&lt;/i&gt;&lt;img   width=&quot;150&quot; height=&quot;150&quot; alt=&quot;Halloween Tanaka Asuka by miura-n315&quot; src=&quot;https://images-wixmp-ed30a86b8c4ca887773594c2.wixmp.com/intermediary/f/49ce2ff3-2d12-464c-bb60-7387f20d677e/dcp3xwn-c60d296e-a540-4c82-bad9-6efa78c3a62d.png/v1/fit/w_150,h_150,q_70,strp/halloween_tanaka_asuka_by_miura_n315_dcp3xwn-150.jpg&quot; data-src=&quot;https://images-wixmp-ed30a86b8c4ca887773594c2.wixmp.com/intermediary/f/49ce2ff3-2d12-464c-bb60-7387f20d677e/dcp3xwn-c60d296e-a540-4c82-bad9-6efa78c3a62d.png/v1/fit/w_150,h_150,q_70,strp/halloween_tanaka_asuka_by_miura_n315_dcp3xwn-150.jpg&quot; srcset=&quot;https://images-wixmp-ed30a86b8c4ca887773594c2.wixmp.com/intermediary/f/49ce2ff3-2d12-464c-bb60-7387f20d677e/dcp3xwn-c60d296e-a540-4c82-bad9-6efa78c3a62d.png/v1/fit/w_150,h_150,q_70,strp/halloween_tanaka_asuka_by_miura_n315_dcp3xwn-150.jpg 150w,https://images-wixmp-ed30a86b8c4ca887773594c2.wixmp.com/intermediary/f/49ce2ff3-2d12-464c-bb60-7387f20d677e/dcp3xwn-c60d296e-a540-4c82-bad9-6efa78c3a62d.png/v1/fill/w_250,h_250,q_70,strp/halloween_tanaka_asuka_by_miura_n315_dcp3xwn-250t.jpg 250w,https://images-wixmp-ed30a86b8c4ca887773594c2.wixmp.com/intermediary/f/49ce2ff3-2d12-464c-bb60-7387f20d677e/dcp3xwn-c60d296e-a540-4c82-bad9-6efa78c3a62d.png/v1/fill/w_350,h_350,q_70,strp/halloween_tanaka_asuka_by_miura_n315_dcp3xwn-350t.jpg 350w,https://images-wixmp-ed30a86b8c4ca887773594c2.wixmp.com/intermediary/f/49ce2ff3-2d12-464c-bb60-7387f20d677e/dcp3xwn-c60d296e-a540-4c82-bad9-6efa78c3a62d.png/v1/fill/w_400,h_400,q_70,strp/halloween_tanaka_asuka_by_miura_n315_dcp3xwn-400t.jpg 400w,https://images-wixmp-ed30a86b8c4ca887773594c2.wixmp.com/intermediary/f/49ce2ff3-2d12-464c-bb60-7387f20d677e/dcp3xwn-c60d296e-a540-4c82-bad9-6efa78c3a62d.png/v1/fill/w_894,h_894,q_70,strp/halloween_tanaka_asuka_by_miura_n315_dcp3xwn-pre.jpg 894w&quot; sizes=&quot;150px&quot;&gt;&lt;/a&gt;&lt;/span&gt;&lt;!-- ^TTT --&gt;&lt;!-- TTT$ --&gt;&lt;/span&gt;&amp;nbsp;&lt;br /&gt;&lt;/span&gt;&lt;br /&gt;&lt;div&gt;&lt;img src=&quot;https://t00.deviantart.net/lBGjLz0AF_KxhDsT6Mq7ByZv35g=/300x200/filters:fixed_height(100,100):origin()/pre00/b897/th/pre/i/2019/056/1/3/yoshimura_eto_by_miura_n315-dd0ov0u.png&quot; alt=&quot;thumbnail&quot; /&gt;&lt;/div&gt;</description>            </item>
                    <item>
                <title>Velvet Scarlatina</title>
                <link>https://magicstraw.deviantart.com/art/Velvet-Scarlatina-787176679</link>
                <guid isPermaLink="true">https://magicstraw.deviantart.com/art/Velvet-Scarlatina-787176679</guid>
                <pubDate>Mon, 25 Feb 2019 03:52:46 PST</pubDate>
                        <media:title type="plain">Velvet Scarlatina</media:title>
        <media:keywords></media:keywords>
                        <media:rating>nonadult</media:rating>
                <media:category label="Other">fanart/digital/drawings/other</media:category>
        <media:credit role="author" scheme="urn:ebu">MagicStraw</media:credit>
        <media:credit role="author" scheme="urn:ebu">https://a.deviantart.net/avatars/m/a/magicstraw.png?4</media:credit>
        <media:copyright url="https://magicstraw.deviantart.com">Copyright 2019 MagicStraw</media:copyright>            <media:description type="html"></media:description>            <media:thumbnail url="https://t00.deviantart.net/D-Q4xy_Y_6EuVv_lgwSo0oRF9o8=/fit-in/150x150/filters:no_upscale():origin()/pre00/ccd3/th/pre/i/2019/056/9/2/velvet_scarlatina_by_magicstraw-dd0nxev.jpg" height="88" width="150"/>            <media:thumbnail url="https://t00.deviantart.net/LCeg-vKfIhMfsenxuDiesUKq_UE=/fit-in/300x900/filters:no_upscale():origin()/pre00/ccd3/th/pre/i/2019/056/9/2/velvet_scarlatina_by_magicstraw-dd0nxev.jpg" height="176" width="300"/>            <media:thumbnail url="https://t00.deviantart.net/_jeLHkgUGeQt2nUIK_m1xl66yxE=/300x200/filters:fixed_height(100,100):origin()/pre00/ccd3/th/pre/i/2019/056/9/2/velvet_scarlatina_by_magicstraw-dd0nxev.jpg" height="176" width="300"/>            <media:content url="https://pre00.deviantart.net/ccd3/th/pre/i/2019/056/9/2/velvet_scarlatina_by_magicstraw-dd0nxev.jpg" height="685" width="1166" medium="image"/>            
            <description>&lt;br /&gt;&lt;div&gt;&lt;img src=&quot;https://t00.deviantart.net/_jeLHkgUGeQt2nUIK_m1xl66yxE=/300x200/filters:fixed_height(100,100):origin()/pre00/ccd3/th/pre/i/2019/056/9/2/velvet_scarlatina_by_magicstraw-dd0nxev.jpg&quot; alt=&quot;thumbnail&quot; /&gt;&lt;/div&gt;</description>            </item>
                    <item>
                <title>Graceful Gardevoir Render</title>
                <link>https://therealdjthed.deviantart.com/art/Graceful-Gardevoir-Render-787159722</link>
                <guid isPermaLink="true">https://therealdjthed.deviantart.com/art/Graceful-Gardevoir-Render-787159722</guid>
                <pubDate>Mon, 25 Feb 2019 00:01:12 PST</pubDate>
                        <media:title type="plain">Graceful Gardevoir Render</media:title>
        <media:keywords></media:keywords>
                        <media:rating>nonadult</media:rating>
                <media:category label="Games">fanart/digital/3dfanart/games</media:category>
        <media:credit role="author" scheme="urn:ebu">TheRealDJTHED</media:credit>
        <media:credit role="author" scheme="urn:ebu">https://a.deviantart.net/avatars/t/h/therealdjthed.gif?4</media:credit>
        <media:copyright url="https://therealdjthed.deviantart.com">Copyright 2019 TheRealDJTHED</media:copyright>            <media:description type="html">&lt;div&gt;&lt;div&gt;If you wish to support me, here&#039;s my Patreon link:&lt;/div&gt;&lt;a class=&quot;external&quot; href=&quot;https://www.deviantart.com/users/outgoing?https://www.patreon.com/djthed&quot;&gt;www.patreon.com/djthed&lt;/a&gt;&lt;br /&gt;&lt;br /&gt;Paypal Alternative:&lt;br /&gt;&lt;a class=&quot;external&quot; href=&quot;https://www.deviantart.com/users/outgoing?https://goo.gl/YTgduc&quot;&gt;goo.gl/YTgduc&lt;/a&gt;&lt;/div&gt;&lt;div&gt;&lt;br /&gt;&lt;/div&gt;&lt;div&gt;--&lt;/div&gt;&lt;div&gt;&lt;br /&gt;&lt;/div&gt;&lt;div&gt;I have once again found inspiration to do something Pokemon related again. Just like before, this is a heavily modified model of Gardevoir from the Nintendo 3DS games. Similar topology all around, except her face was completely reworked to have actual facial features instead of just a 2D texture. I spent around 3 days on this from start to finish, reworking topology, facial rigging, creating HD textures, among other things.&lt;br /&gt;&lt;br /&gt;Those of you with a keen eye may have noticed that I added a few feminine details to this particular Gardevoir. And yes, this particular Gardevoir is female. Gardevoirs can appear as both male and female, but in the games, they have no visually distinct features. I didn&#039;t do this to over sexualize anything, it&#039;s just that I&#039;ve always liked the idea of creating a distinction for those two variants. The male version would have differences from this model, like toned down eyelashes and chest down to how it was in Gardevoirs&#039; original design.&lt;br /&gt;&lt;br /&gt;As for my future Pony stuff, I think I&#039;ve almost figured out wings. Those dang wings have been incredibly hard for me to understand for a while, but I for some reason refuse to give up and continue trying to figure out some of the anatomy (anatomy of the feathers especially, primary feathers and leading edge feathers). Hopefully I can get something to show soon, but there&#039;s still a few things I need to work out.&lt;br /&gt;&lt;/div&gt;&lt;div&gt;&lt;br /&gt;&lt;/div&gt;&lt;div&gt;--&lt;br /&gt;&lt;br /&gt;Special thanks to my patrons:&lt;/div&gt;&lt;div&gt;TheGreatSako&lt;/div&gt;Katharine Berry&lt;br /&gt;R&amp;amp;DFunder539&lt;br /&gt;Bastler&lt;br /&gt;CyberPon3&lt;br /&gt;Flopzee&lt;br /&gt;MCtoastie&lt;br /&gt;JetWave&lt;br /&gt;StableCoder&lt;br /&gt;The Smiling Pony</media:description>            <media:thumbnail url="https://t00.deviantart.net/ymhCf8yrv0xxmsrm-sTMPfLUGhc=/fit-in/150x150/filters:no_upscale():origin()/pre00/ae5a/th/pre/f/2019/055/f/f/graceful_gardevoir_render_by_therealdjthed-dd0nkbu.png" height="136" width="150"/>            <media:thumbnail url="https://t00.deviantart.net/ahHTckoWahezHh3ZASDR8cfl3rQ=/fit-in/300x900/filters:no_upscale():origin()/pre00/ae5a/th/pre/f/2019/055/f/f/graceful_gardevoir_render_by_therealdjthed-dd0nkbu.png" height="272" width="300"/>            <media:thumbnail url="https://t00.deviantart.net/ATCwf_prptly-A6k4cs24vM3SH8=/300x200/filters:fixed_height(100,100):origin()/pre00/ae5a/th/pre/f/2019/055/f/f/graceful_gardevoir_render_by_therealdjthed-dd0nkbu.png" height="200" width="221"/>            <media:content url="https://pre00.deviantart.net/ae5a/th/pre/f/2019/055/f/f/graceful_gardevoir_render_by_therealdjthed-dd0nkbu.png" height="851" width="939" medium="image"/>            
            <description>&lt;div&gt;&lt;div&gt;If you wish to support me, here&#039;s my Patreon link:&lt;/div&gt;&lt;a class=&quot;external&quot; href=&quot;https://www.deviantart.com/users/outgoing?https://www.patreon.com/djthed&quot;&gt;www.patreon.com/djthed&lt;/a&gt;&lt;br /&gt;&lt;br /&gt;Paypal Alternative:&lt;br /&gt;&lt;a class=&quot;external&quot; href=&quot;https://www.deviantart.com/users/outgoing?https://goo.gl/YTgduc&quot;&gt;goo.gl/YTgduc&lt;/a&gt;&lt;/div&gt;&lt;div&gt;&lt;br /&gt;&lt;/div&gt;&lt;div&gt;--&lt;/div&gt;&lt;div&gt;&lt;br /&gt;&lt;/div&gt;&lt;div&gt;I have once again found inspiration to do something Pokemon related again. Just like before, this is a heavily modified model of Gardevoir from the Nintendo 3DS games. Similar topology all around, except her face was completely reworked to have actual facial features instead of just a 2D texture. I spent around 3 days on this from start to finish, reworking topology, facial rigging, creating HD textures, among other things.&lt;br /&gt;&lt;br /&gt;Those of you with a keen eye may have noticed that I added a few feminine details to this particular Gardevoir. And yes, this particular Gardevoir is female. Gardevoirs can appear as both male and female, but in the games, they have no visually distinct features. I didn&#039;t do this to over sexualize anything, it&#039;s just that I&#039;ve always liked the idea of creating a distinction for those two variants. The male version would have differences from this model, like toned down eyelashes and chest down to how it was in Gardevoirs&#039; original design.&lt;br /&gt;&lt;br /&gt;As for my future Pony stuff, I think I&#039;ve almost figured out wings. Those dang wings have been incredibly hard for me to understand for a while, but I for some reason refuse to give up and continue trying to figure out some of the anatomy (anatomy of the feathers especially, primary feathers and leading edge feathers). Hopefully I can get something to show soon, but there&#039;s still a few things I need to work out.&lt;br /&gt;&lt;/div&gt;&lt;div&gt;&lt;br /&gt;&lt;/div&gt;&lt;div&gt;--&lt;br /&gt;&lt;br /&gt;Special thanks to my patrons:&lt;/div&gt;&lt;div&gt;TheGreatSako&lt;/div&gt;Katharine Berry&lt;br /&gt;R&amp;amp;DFunder539&lt;br /&gt;Bastler&lt;br /&gt;CyberPon3&lt;br /&gt;Flopzee&lt;br /&gt;MCtoastie&lt;br /&gt;JetWave&lt;br /&gt;StableCoder&lt;br /&gt;The Smiling Pony&lt;br /&gt;&lt;div&gt;&lt;img src=&quot;https://t00.deviantart.net/ATCwf_prptly-A6k4cs24vM3SH8=/300x200/filters:fixed_height(100,100):origin()/pre00/ae5a/th/pre/f/2019/055/f/f/graceful_gardevoir_render_by_therealdjthed-dd0nkbu.png&quot; alt=&quot;thumbnail&quot; /&gt;&lt;/div&gt;</description>            </item>
                    <item>
                <title>From Anime to Semirealism Tutorial</title>
                <link>https://axsens.deviantart.com/art/From-Anime-to-Semirealism-Tutorial-787176477</link>
                <guid isPermaLink="true">https://axsens.deviantart.com/art/From-Anime-to-Semirealism-Tutorial-787176477</guid>
                <pubDate>Mon, 25 Feb 2019 03:49:25 PST</pubDate>
                        <media:title type="plain">From Anime to Semirealism Tutorial</media:title>
        <media:keywords></media:keywords>
                        <media:rating>nonadult</media:rating>
                <media:category label="Photoshop">resources/tutorials/digiart/dpadigi/photoshop</media:category>
        <media:credit role="author" scheme="urn:ebu">Axsens</media:credit>
        <media:credit role="author" scheme="urn:ebu">https://a.deviantart.net/avatars/a/x/axsens.png?2</media:credit>
        <media:copyright url="https://axsens.deviantart.com">Copyright 2019 Axsens</media:copyright>
            <media:community>
                <media:tags>@axsensart</media:tags>
            </media:community>            <media:description type="html">&lt;b&gt;&lt;a class=&quot;external&quot; href=&quot;https://www.deviantart.com/users/outgoing?https://www.patreon.com/join/axsens?&quot;&gt;PATREON&lt;/a&gt;&amp;nbsp; &amp;nbsp;|&amp;nbsp; &amp;nbsp;&lt;a class=&quot;external&quot; href=&quot;https://www.deviantart.com/users/outgoing?http://redbubble.com/people/axsens&quot;&gt;PRINTS&lt;/a&gt;&amp;nbsp; &amp;nbsp;|&amp;nbsp;&amp;nbsp;&amp;nbsp;&lt;a class=&quot;external&quot; href=&quot;https://www.deviantart.com/users/outgoing?https://instagram.com/axsens&quot;&gt;INSTA&lt;/a&gt;&amp;nbsp; &amp;nbsp;|&amp;nbsp; &amp;nbsp;&lt;a class=&quot;external&quot; href=&quot;https://www.deviantart.com/users/outgoing?http://axsens.tumblr.com/&quot;&gt;TUMBLR&lt;/a&gt;&amp;nbsp; &amp;nbsp;|&amp;nbsp; &amp;nbsp;&lt;a class=&quot;external&quot; href=&quot;https://www.deviantart.com/users/outgoing?https://fb.me/axsens&quot;&gt;FACEBOOK&lt;/a&gt;&amp;nbsp; &amp;nbsp;|&amp;nbsp; &amp;nbsp;&lt;a class=&quot;external&quot; href=&quot;https://www.deviantart.com/users/outgoing?https://twitter.com/axsensart&quot;&gt;TWITTER&lt;/a&gt;&amp;nbsp; &amp;nbsp;|&amp;nbsp;&amp;nbsp;&amp;nbsp; &lt;a class=&quot;external&quot; href=&quot;https://www.deviantart.com/users/outgoing?https://artstation.com/artist/axsens&quot;&gt;ARTSTATION&lt;/a&gt;&amp;nbsp; &amp;nbsp;|&amp;nbsp; &amp;nbsp;&lt;a class=&quot;external&quot; href=&quot;https://www.deviantart.com/users/outgoing?https://www.youtube.com/user/AxsenArt&quot;&gt;YOUTUBE&lt;/a&gt;&lt;/b&gt;&lt;hr/&gt;&lt;br /&gt;&lt;div&gt;&lt;div&gt;&lt;span&gt;My dear patrons&amp;nbsp;&lt;/span&gt;&lt;span&gt;have suggested&lt;/span&gt;&lt;span&gt;&amp;nbsp;to me a lot this kind of tutorial. And this was fun working on it because the original drawing was kindly provided to me by my friend, so I tried to make it easy to understand.&lt;/span&gt;&lt;span&gt;&amp;nbsp;Hope this will be useful!&lt;/span&gt;&lt;span&gt;&amp;nbsp;&lt;/span&gt;&lt;a href=&quot;https://www.deviantart.com/megaman5000/art/kaomoji-set-1-1-19-445477161&quot; class=&quot;emoticon&quot; data-embed-type=&quot;emoticon&quot; data-embed-id=&quot;445477161&quot; data-embed-profile=&quot;deviation&quot;&gt;&lt;img src=&quot;https://orig00.deviantart.net/07e9/f/2014/095/6/d/kaomoji_set_1_1_19_by_megaman5000-d7d84dl.gif&quot; alt=&quot;kaomoji set 1 1/19&quot; style=&quot;width:48px;height:20px&quot;&gt;&lt;/a&gt;&lt;span&gt;&amp;nbsp;&lt;/span&gt;&lt;/div&gt;&lt;/div&gt;&lt;br /&gt;&lt;a href=&quot;https://www.deviantart.com/boffinbrain/art/Clock-74279535&quot; class=&quot;emoticon&quot; data-embed-type=&quot;emoticon&quot; data-embed-id=&quot;74279535&quot; data-embed-profile=&quot;deviation&quot;&gt;&lt;img src=&quot;https://orig00.deviantart.net/1385/f/2008/014/8/0/804d5d8821b1770d.gif&quot; alt=&quot;Clock&quot; style=&quot;width:15px;height:15px&quot;&gt;&lt;/a&gt;&amp;nbsp;&lt;b&gt;&lt;span&gt;&lt;span&gt;Sign up before&amp;nbsp;&lt;/span&gt;&lt;/span&gt;&lt;span&gt;&lt;span&gt;20:00, 28/02/2019 UTC+1&lt;/span&gt;&lt;/span&gt;&lt;/b&gt;&amp;nbsp;&lt;a href=&quot;https://www.deviantart.com/boffinbrain/art/Clock-74279535&quot; class=&quot;emoticon&quot; data-embed-type=&quot;emoticon&quot; data-embed-id=&quot;74279535&quot; data-embed-profile=&quot;deviation&quot;&gt;&lt;img src=&quot;https://orig00.deviantart.net/1385/f/2008/014/8/0/804d5d8821b1770d.gif&quot; alt=&quot;Clock&quot; style=&quot;width:15px;height:15px&quot;&gt;&lt;/a&gt;&amp;nbsp; &lt;a class=&quot;external&quot; href=&quot;https://www.deviantart.com/users/outgoing?https://www.patreon.com/bePatron?c=160058&amp;amp;rid=233541&quot;&gt;Sign to Student Tier&lt;/a&gt;&lt;br /&gt;&lt;br /&gt;&lt;br /&gt;&lt;h4&gt;&lt;a href=&quot;https://www.deviantart.com/linux-rules/art/Patreon-2017-round-Icon-mid-687000979&quot; class=&quot;emoticon&quot; data-embed-type=&quot;emoticon&quot; data-embed-id=&quot;687000979&quot; data-embed-profile=&quot;deviation&quot;&gt;&lt;img src=&quot;https://images-wixmp-ed30a86b8c4ca887773594c2.wixmp.com/intermediary/f/25e46574-05d5-4425-916d-e5292bb066ac/dbd0tcj-3bd6ce74-6da8-4917-a845-07df88a0b74c.png&quot; alt=&quot;Patreon (2017, round) Icon mid&quot; style=&quot;width:35px;height:35px&quot;&gt;&lt;/a&gt;&amp;nbsp;High Res jpgs, Process Video, sfw/nsfw, Tutorials and more stuff will be available for supporters on my Patreon &lt;a class=&quot;external&quot; href=&quot;https://www.deviantart.com/users/outgoing?https://www.patreon.com/axsens/posts&quot;&gt;patreon.com/axsens&lt;/a&gt;&lt;/h4&gt;&lt;br /&gt;&lt;sub&gt;. . . . . . . . . . . . . . . . . . . . . . . . . . . . . . . . . . . . . . . . . . . . . . . . . . .&amp;nbsp;. . .&amp;nbsp;. . .&lt;/sub&gt;&lt;br /&gt;&lt;span class=&quot;shadow-holder&quot; data-embed-type=&quot;deviation&quot; data-embed-id=&quot;761673020&quot; data-embed-format=&quot;thumb&quot;&gt;&lt;span class=&quot;shadow mild&quot; &gt;&lt;a class=&quot;thumb&quot; href=&quot;https://www.deviantart.com/axsens/art/Light-Source-on-Head-Tutorial-761673020&quot; title=&quot;Light Source on Head Tutorial by Axsens, Aug 29, 2018 in Resources &amp;amp; Stock Images &amp;gt; Tutorials &amp;gt; Digital Art &amp;gt; Drawing &amp;amp; Painting &amp;gt; Photoshop&quot;data-super-img=&quot;https://images-wixmp-ed30a86b8c4ca887773594c2.wixmp.com/intermediary/f/d3456178-ab60-492f-bcdf-00f062f9ade3/dclhanw-27272fe2-d1f3-4bfb-bf0f-ee5ee56eaac3.jpg/v1/fill/w_600,h_595,q_70,strp/light_source_on_head_tutorial_by_axsens_dclhanw-fullview.jpg&quot; data-super-width=&quot;600&quot; data-super-height=&quot;595&quot; data-super-transparent=&quot;false&quot; data-super-alt=&quot;Light Source on Head Tutorial by Axsens&quot; data-super-full-img=&quot;https://images-wixmp-ed30a86b8c4ca887773594c2.wixmp.com/intermediary/f/d3456178-ab60-492f-bcdf-00f062f9ade3/dclhanw-27272fe2-d1f3-4bfb-bf0f-ee5ee56eaac3.jpg/v1/fill/w_600,h_595,q_70,strp/light_source_on_head_tutorial_by_axsens_dclhanw-fullview.jpg&quot; data-super-full-width=&quot;600&quot; data-super-full-height=&quot;595&quot;        data-sigil=&quot;thumb&quot;&gt;
        &lt;i&gt;&lt;/i&gt;&lt;img   width=&quot;150&quot; height=&quot;149&quot; alt=&quot;Light Source on Head Tutorial by Axsens&quot; src=&quot;https://images-wixmp-ed30a86b8c4ca887773594c2.wixmp.com/intermediary/f/d3456178-ab60-492f-bcdf-00f062f9ade3/dclhanw-27272fe2-d1f3-4bfb-bf0f-ee5ee56eaac3.jpg/v1/fit/w_150,h_150,q_70,strp/light_source_on_head_tutorial_by_axsens_dclhanw-150.jpg&quot; data-src=&quot;https://images-wixmp-ed30a86b8c4ca887773594c2.wixmp.com/intermediary/f/d3456178-ab60-492f-bcdf-00f062f9ade3/dclhanw-27272fe2-d1f3-4bfb-bf0f-ee5ee56eaac3.jpg/v1/fit/w_150,h_150,q_70,strp/light_source_on_head_tutorial_by_axsens_dclhanw-150.jpg&quot; srcset=&quot;https://images-wixmp-ed30a86b8c4ca887773594c2.wixmp.com/intermediary/f/d3456178-ab60-492f-bcdf-00f062f9ade3/dclhanw-27272fe2-d1f3-4bfb-bf0f-ee5ee56eaac3.jpg/v1/fit/w_150,h_150,q_70,strp/light_source_on_head_tutorial_by_axsens_dclhanw-150.jpg 150w,https://images-wixmp-ed30a86b8c4ca887773594c2.wixmp.com/intermediary/f/d3456178-ab60-492f-bcdf-00f062f9ade3/dclhanw-27272fe2-d1f3-4bfb-bf0f-ee5ee56eaac3.jpg/v1/fill/w_252,h_250,q_70,strp/light_source_on_head_tutorial_by_axsens_dclhanw-250t.jpg 252w,https://images-wixmp-ed30a86b8c4ca887773594c2.wixmp.com/intermediary/f/d3456178-ab60-492f-bcdf-00f062f9ade3/dclhanw-27272fe2-d1f3-4bfb-bf0f-ee5ee56eaac3.jpg/v1/fill/w_353,h_350,q_70,strp/light_source_on_head_tutorial_by_axsens_dclhanw-350t.jpg 353w,https://images-wixmp-ed30a86b8c4ca887773594c2.wixmp.com/intermediary/f/d3456178-ab60-492f-bcdf-00f062f9ade3/dclhanw-27272fe2-d1f3-4bfb-bf0f-ee5ee56eaac3.jpg/v1/fill/w_404,h_400,q_70,strp/light_source_on_head_tutorial_by_axsens_dclhanw-400t.jpg 403w,https://images-wixmp-ed30a86b8c4ca887773594c2.wixmp.com/intermediary/f/d3456178-ab60-492f-bcdf-00f062f9ade3/dclhanw-27272fe2-d1f3-4bfb-bf0f-ee5ee56eaac3.jpg/v1/fill/w_600,h_595,q_70,strp/light_source_on_head_tutorial_by_axsens_dclhanw-fullview.jpg 600w&quot; sizes=&quot;150px&quot;&gt;&lt;/a&gt;&lt;/span&gt;&lt;!-- ^TTT --&gt;&lt;!-- TTT$ --&gt;&lt;/span&gt;&lt;span class=&quot;shadow-holder&quot; data-embed-type=&quot;deviation&quot; data-embed-id=&quot;765875840&quot; data-embed-format=&quot;thumb&quot;&gt;&lt;span class=&quot;shadow mild&quot; &gt;&lt;a class=&quot;thumb&quot; href=&quot;https://www.deviantart.com/axsens/art/How-to-Draw-and-Paint-Anime-Chibi-Tutorial-765875840&quot; title=&quot;How to Draw and Paint Anime Chibi Tutorial by Axsens, Sep 28, 2018 in Resources &amp;amp; Stock Images &amp;gt; Tutorials &amp;gt; Digital Art &amp;gt; Drawing &amp;amp; Painting &amp;gt; Photoshop&quot;data-super-img=&quot;https://images-wixmp-ed30a86b8c4ca887773594c2.wixmp.com/intermediary/f/d3456178-ab60-492f-bcdf-00f062f9ade3/dcnzdkw-a5416bbf-b59c-42ba-8134-32398d993704.jpg/v1/fill/w_600,h_595,q_70,strp/how_to_draw_and_paint_anime_chibi_tutorial_by_axsens_dcnzdkw-fullview.jpg&quot; data-super-width=&quot;600&quot; data-super-height=&quot;595&quot; data-super-transparent=&quot;false&quot; data-super-alt=&quot;How to Draw and Paint Anime Chibi Tutorial by Axsens&quot; data-super-full-img=&quot;https://images-wixmp-ed30a86b8c4ca887773594c2.wixmp.com/intermediary/f/d3456178-ab60-492f-bcdf-00f062f9ade3/dcnzdkw-a5416bbf-b59c-42ba-8134-32398d993704.jpg/v1/fill/w_600,h_595,q_70,strp/how_to_draw_and_paint_anime_chibi_tutorial_by_axsens_dcnzdkw-fullview.jpg&quot; data-super-full-width=&quot;600&quot; data-super-full-height=&quot;595&quot;        data-sigil=&quot;thumb&quot;&gt;
        &lt;i&gt;&lt;/i&gt;&lt;img   width=&quot;150&quot; height=&quot;149&quot; alt=&quot;How to Draw and Paint Anime Chibi Tutorial by Axsens&quot; src=&quot;https://images-wixmp-ed30a86b8c4ca887773594c2.wixmp.com/intermediary/f/d3456178-ab60-492f-bcdf-00f062f9ade3/dcnzdkw-a5416bbf-b59c-42ba-8134-32398d993704.jpg/v1/fit/w_150,h_150,q_70,strp/how_to_draw_and_paint_anime_chibi_tutorial_by_axsens_dcnzdkw-150.jpg&quot; data-src=&quot;https://images-wixmp-ed30a86b8c4ca887773594c2.wixmp.com/intermediary/f/d3456178-ab60-492f-bcdf-00f062f9ade3/dcnzdkw-a5416bbf-b59c-42ba-8134-32398d993704.jpg/v1/fit/w_150,h_150,q_70,strp/how_to_draw_and_paint_anime_chibi_tutorial_by_axsens_dcnzdkw-150.jpg&quot; srcset=&quot;https://images-wixmp-ed30a86b8c4ca887773594c2.wixmp.com/intermediary/f/d3456178-ab60-492f-bcdf-00f062f9ade3/dcnzdkw-a5416bbf-b59c-42ba-8134-32398d993704.jpg/v1/fit/w_150,h_150,q_70,strp/how_to_draw_and_paint_anime_chibi_tutorial_by_axsens_dcnzdkw-150.jpg 150w,https://images-wixmp-ed30a86b8c4ca887773594c2.wixmp.com/intermediary/f/d3456178-ab60-492f-bcdf-00f062f9ade3/dcnzdkw-a5416bbf-b59c-42ba-8134-32398d993704.jpg/v1/fill/w_252,h_250,q_70,strp/how_to_draw_and_paint_anime_chibi_tutorial_by_axsens_dcnzdkw-250t.jpg 252w,https://images-wixmp-ed30a86b8c4ca887773594c2.wixmp.com/intermediary/f/d3456178-ab60-492f-bcdf-00f062f9ade3/dcnzdkw-a5416bbf-b59c-42ba-8134-32398d993704.jpg/v1/fill/w_353,h_350,q_70,strp/how_to_draw_and_paint_anime_chibi_tutorial_by_axsens_dcnzdkw-350t.jpg 353w,https://images-wixmp-ed30a86b8c4ca887773594c2.wixmp.com/intermediary/f/d3456178-ab60-492f-bcdf-00f062f9ade3/dcnzdkw-a5416bbf-b59c-42ba-8134-32398d993704.jpg/v1/fill/w_404,h_400,q_70,strp/how_to_draw_and_paint_anime_chibi_tutorial_by_axsens_dcnzdkw-400t.jpg 403w,https://images-wixmp-ed30a86b8c4ca887773594c2.wixmp.com/intermediary/f/d3456178-ab60-492f-bcdf-00f062f9ade3/dcnzdkw-a5416bbf-b59c-42ba-8134-32398d993704.jpg/v1/fill/w_600,h_595,q_70,strp/how_to_draw_and_paint_anime_chibi_tutorial_by_axsens_dcnzdkw-fullview.jpg 600w&quot; sizes=&quot;150px&quot;&gt;&lt;/a&gt;&lt;/span&gt;&lt;!-- ^TTT --&gt;&lt;!-- TTT$ --&gt;&lt;/span&gt;&lt;span class=&quot;shadow-holder&quot; data-embed-type=&quot;deviation&quot; data-embed-id=&quot;770373687&quot; data-embed-format=&quot;thumb&quot;&gt;&lt;span class=&quot;shadow mild&quot; &gt;&lt;a class=&quot;thumb&quot; href=&quot;https://www.deviantart.com/axsens/art/Halloween-Magic-Portrait-Tutorial-770373687&quot; title=&quot;Halloween Magic Portrait Tutorial by Axsens, Oct 29, 2018 in Resources &amp;amp; Stock Images &amp;gt; Tutorials &amp;gt; Digital Art &amp;gt; Drawing &amp;amp; Painting &amp;gt; Photoshop&quot;data-super-img=&quot;https://images-wixmp-ed30a86b8c4ca887773594c2.wixmp.com/intermediary/f/d3456178-ab60-492f-bcdf-00f062f9ade3/dcqns53-70849298-0f9e-4007-a124-e031bf5bdbf6.jpg/v1/fill/w_600,h_595,q_70,strp/halloween_magic_portrait_tutorial_by_axsens_dcqns53-fullview.jpg&quot; data-super-width=&quot;600&quot; data-super-height=&quot;595&quot; data-super-transparent=&quot;false&quot; data-super-alt=&quot;Halloween Magic Portrait Tutorial by Axsens&quot; data-super-full-img=&quot;https://images-wixmp-ed30a86b8c4ca887773594c2.wixmp.com/intermediary/f/d3456178-ab60-492f-bcdf-00f062f9ade3/dcqns53-70849298-0f9e-4007-a124-e031bf5bdbf6.jpg/v1/fill/w_600,h_595,q_70,strp/halloween_magic_portrait_tutorial_by_axsens_dcqns53-fullview.jpg&quot; data-super-full-width=&quot;600&quot; data-super-full-height=&quot;595&quot;        data-sigil=&quot;thumb&quot;&gt;
        &lt;i&gt;&lt;/i&gt;&lt;img   width=&quot;150&quot; height=&quot;149&quot; alt=&quot;Halloween Magic Portrait Tutorial by Axsens&quot; src=&quot;https://images-wixmp-ed30a86b8c4ca887773594c2.wixmp.com/intermediary/f/d3456178-ab60-492f-bcdf-00f062f9ade3/dcqns53-70849298-0f9e-4007-a124-e031bf5bdbf6.jpg/v1/fit/w_150,h_150,q_70,strp/halloween_magic_portrait_tutorial_by_axsens_dcqns53-150.jpg&quot; data-src=&quot;https://images-wixmp-ed30a86b8c4ca887773594c2.wixmp.com/intermediary/f/d3456178-ab60-492f-bcdf-00f062f9ade3/dcqns53-70849298-0f9e-4007-a124-e031bf5bdbf6.jpg/v1/fit/w_150,h_150,q_70,strp/halloween_magic_portrait_tutorial_by_axsens_dcqns53-150.jpg&quot; srcset=&quot;https://images-wixmp-ed30a86b8c4ca887773594c2.wixmp.com/intermediary/f/d3456178-ab60-492f-bcdf-00f062f9ade3/dcqns53-70849298-0f9e-4007-a124-e031bf5bdbf6.jpg/v1/fit/w_150,h_150,q_70,strp/halloween_magic_portrait_tutorial_by_axsens_dcqns53-150.jpg 150w,https://images-wixmp-ed30a86b8c4ca887773594c2.wixmp.com/intermediary/f/d3456178-ab60-492f-bcdf-00f062f9ade3/dcqns53-70849298-0f9e-4007-a124-e031bf5bdbf6.jpg/v1/fill/w_252,h_250,q_70,strp/halloween_magic_portrait_tutorial_by_axsens_dcqns53-250t.jpg 252w,https://images-wixmp-ed30a86b8c4ca887773594c2.wixmp.com/intermediary/f/d3456178-ab60-492f-bcdf-00f062f9ade3/dcqns53-70849298-0f9e-4007-a124-e031bf5bdbf6.jpg/v1/fill/w_353,h_350,q_70,strp/halloween_magic_portrait_tutorial_by_axsens_dcqns53-350t.jpg 353w,https://images-wixmp-ed30a86b8c4ca887773594c2.wixmp.com/intermediary/f/d3456178-ab60-492f-bcdf-00f062f9ade3/dcqns53-70849298-0f9e-4007-a124-e031bf5bdbf6.jpg/v1/fill/w_404,h_400,q_70,strp/halloween_magic_portrait_tutorial_by_axsens_dcqns53-400t.jpg 403w,https://images-wixmp-ed30a86b8c4ca887773594c2.wixmp.com/intermediary/f/d3456178-ab60-492f-bcdf-00f062f9ade3/dcqns53-70849298-0f9e-4007-a124-e031bf5bdbf6.jpg/v1/fill/w_600,h_595,q_70,strp/halloween_magic_portrait_tutorial_by_axsens_dcqns53-fullview.jpg 600w&quot; sizes=&quot;150px&quot;&gt;&lt;/a&gt;&lt;/span&gt;&lt;!-- ^TTT --&gt;&lt;!-- TTT$ --&gt;&lt;/span&gt;&lt;span class=&quot;shadow-holder&quot; data-embed-type=&quot;deviation&quot; data-embed-id=&quot;774397920&quot; data-embed-format=&quot;thumb&quot;&gt;&lt;span class=&quot;shadow mild&quot; &gt;&lt;a class=&quot;thumb&quot; href=&quot;https://www.deviantart.com/axsens/art/Drawing-and-Painting-Female-Breast-Tutorial-774397920&quot; title=&quot;Drawing and Painting Female Breast Tutorial by Axsens, Nov 28, 2018 in Resources &amp;amp; Stock Images &amp;gt; Tutorials &amp;gt; Digital Art &amp;gt; Drawing &amp;amp; Painting &amp;gt; Photoshop&quot;data-super-img=&quot;https://images-wixmp-ed30a86b8c4ca887773594c2.wixmp.com/intermediary/f/d3456178-ab60-492f-bcdf-00f062f9ade3/dct219c-3f6a1f51-cfba-4865-8e51-c30b4372f8af.jpg/v1/fill/w_600,h_595,q_70,strp/drawing_and_painting_female_breast_tutorial_by_axsens_dct219c-fullview.jpg&quot; data-super-width=&quot;600&quot; data-super-height=&quot;595&quot; data-super-transparent=&quot;false&quot; data-super-alt=&quot;Drawing and Painting Female Breast Tutorial by Axsens&quot; data-super-full-img=&quot;https://images-wixmp-ed30a86b8c4ca887773594c2.wixmp.com/intermediary/f/d3456178-ab60-492f-bcdf-00f062f9ade3/dct219c-3f6a1f51-cfba-4865-8e51-c30b4372f8af.jpg/v1/fill/w_600,h_595,q_70,strp/drawing_and_painting_female_breast_tutorial_by_axsens_dct219c-fullview.jpg&quot; data-super-full-width=&quot;600&quot; data-super-full-height=&quot;595&quot;        data-sigil=&quot;thumb&quot;&gt;
        &lt;i&gt;&lt;/i&gt;&lt;img   width=&quot;150&quot; height=&quot;149&quot; alt=&quot;Drawing and Painting Female Breast Tutorial by Axsens&quot; src=&quot;https://images-wixmp-ed30a86b8c4ca887773594c2.wixmp.com/intermediary/f/d3456178-ab60-492f-bcdf-00f062f9ade3/dct219c-3f6a1f51-cfba-4865-8e51-c30b4372f8af.jpg/v1/fit/w_150,h_150,q_70,strp/drawing_and_painting_female_breast_tutorial_by_axsens_dct219c-150.jpg&quot; data-src=&quot;https://images-wixmp-ed30a86b8c4ca887773594c2.wixmp.com/intermediary/f/d3456178-ab60-492f-bcdf-00f062f9ade3/dct219c-3f6a1f51-cfba-4865-8e51-c30b4372f8af.jpg/v1/fit/w_150,h_150,q_70,strp/drawing_and_painting_female_breast_tutorial_by_axsens_dct219c-150.jpg&quot; srcset=&quot;https://images-wixmp-ed30a86b8c4ca887773594c2.wixmp.com/intermediary/f/d3456178-ab60-492f-bcdf-00f062f9ade3/dct219c-3f6a1f51-cfba-4865-8e51-c30b4372f8af.jpg/v1/fit/w_150,h_150,q_70,strp/drawing_and_painting_female_breast_tutorial_by_axsens_dct219c-150.jpg 150w,https://images-wixmp-ed30a86b8c4ca887773594c2.wixmp.com/intermediary/f/d3456178-ab60-492f-bcdf-00f062f9ade3/dct219c-3f6a1f51-cfba-4865-8e51-c30b4372f8af.jpg/v1/fill/w_252,h_250,q_70,strp/drawing_and_painting_female_breast_tutorial_by_axsens_dct219c-250t.jpg 252w,https://images-wixmp-ed30a86b8c4ca887773594c2.wixmp.com/intermediary/f/d3456178-ab60-492f-bcdf-00f062f9ade3/dct219c-3f6a1f51-cfba-4865-8e51-c30b4372f8af.jpg/v1/fill/w_353,h_350,q_70,strp/drawing_and_painting_female_breast_tutorial_by_axsens_dct219c-350t.jpg 353w,https://images-wixmp-ed30a86b8c4ca887773594c2.wixmp.com/intermediary/f/d3456178-ab60-492f-bcdf-00f062f9ade3/dct219c-3f6a1f51-cfba-4865-8e51-c30b4372f8af.jpg/v1/fill/w_404,h_400,q_70,strp/drawing_and_painting_female_breast_tutorial_by_axsens_dct219c-400t.jpg 403w,https://images-wixmp-ed30a86b8c4ca887773594c2.wixmp.com/intermediary/f/d3456178-ab60-492f-bcdf-00f062f9ade3/dct219c-3f6a1f51-cfba-4865-8e51-c30b4372f8af.jpg/v1/fill/w_600,h_595,q_70,strp/drawing_and_painting_female_breast_tutorial_by_axsens_dct219c-fullview.jpg 600w&quot; sizes=&quot;150px&quot;&gt;&lt;/a&gt;&lt;/span&gt;&lt;!-- ^TTT --&gt;&lt;!-- TTT$ --&gt;&lt;/span&gt;&lt;span class=&quot;shadow-holder&quot; data-embed-type=&quot;deviation&quot; data-embed-id=&quot;778605487&quot; data-embed-format=&quot;thumb&quot;&gt;&lt;span class=&quot;shadow mild&quot; &gt;&lt;a class=&quot;thumb&quot; href=&quot;https://www.deviantart.com/axsens/art/Winter-Portrait-Tutorial-778605487&quot; title=&quot;Winter Portrait Tutorial by Axsens, Dec 28, 2018 in Resources &amp;amp; Stock Images &amp;gt; Tutorials &amp;gt; Digital Art &amp;gt; Drawing &amp;amp; Painting &amp;gt; Photoshop&quot;data-super-img=&quot;https://images-wixmp-ed30a86b8c4ca887773594c2.wixmp.com/intermediary/f/d3456178-ab60-492f-bcdf-00f062f9ade3/dcvk7u7-b179803b-6c5b-44a4-8439-67fd78620828.jpg/v1/fill/w_600,h_595,q_70,strp/winter_portrait_tutorial_by_axsens_dcvk7u7-fullview.jpg&quot; data-super-width=&quot;600&quot; data-super-height=&quot;595&quot; data-super-transparent=&quot;false&quot; data-super-alt=&quot;Winter Portrait Tutorial by Axsens&quot; data-super-full-img=&quot;https://images-wixmp-ed30a86b8c4ca887773594c2.wixmp.com/intermediary/f/d3456178-ab60-492f-bcdf-00f062f9ade3/dcvk7u7-b179803b-6c5b-44a4-8439-67fd78620828.jpg/v1/fill/w_600,h_595,q_70,strp/winter_portrait_tutorial_by_axsens_dcvk7u7-fullview.jpg&quot; data-super-full-width=&quot;600&quot; data-super-full-height=&quot;595&quot;        data-sigil=&quot;thumb&quot;&gt;
        &lt;i&gt;&lt;/i&gt;&lt;img   width=&quot;150&quot; height=&quot;149&quot; alt=&quot;Winter Portrait Tutorial by Axsens&quot; src=&quot;https://images-wixmp-ed30a86b8c4ca887773594c2.wixmp.com/intermediary/f/d3456178-ab60-492f-bcdf-00f062f9ade3/dcvk7u7-b179803b-6c5b-44a4-8439-67fd78620828.jpg/v1/fit/w_150,h_150,q_70,strp/winter_portrait_tutorial_by_axsens_dcvk7u7-150.jpg&quot; data-src=&quot;https://images-wixmp-ed30a86b8c4ca887773594c2.wixmp.com/intermediary/f/d3456178-ab60-492f-bcdf-00f062f9ade3/dcvk7u7-b179803b-6c5b-44a4-8439-67fd78620828.jpg/v1/fit/w_150,h_150,q_70,strp/winter_portrait_tutorial_by_axsens_dcvk7u7-150.jpg&quot; srcset=&quot;https://images-wixmp-ed30a86b8c4ca887773594c2.wixmp.com/intermediary/f/d3456178-ab60-492f-bcdf-00f062f9ade3/dcvk7u7-b179803b-6c5b-44a4-8439-67fd78620828.jpg/v1/fit/w_150,h_150,q_70,strp/winter_portrait_tutorial_by_axsens_dcvk7u7-150.jpg 150w,https://images-wixmp-ed30a86b8c4ca887773594c2.wixmp.com/intermediary/f/d3456178-ab60-492f-bcdf-00f062f9ade3/dcvk7u7-b179803b-6c5b-44a4-8439-67fd78620828.jpg/v1/fill/w_252,h_250,q_70,strp/winter_portrait_tutorial_by_axsens_dcvk7u7-250t.jpg 252w,https://images-wixmp-ed30a86b8c4ca887773594c2.wixmp.com/intermediary/f/d3456178-ab60-492f-bcdf-00f062f9ade3/dcvk7u7-b179803b-6c5b-44a4-8439-67fd78620828.jpg/v1/fill/w_353,h_350,q_70,strp/winter_portrait_tutorial_by_axsens_dcvk7u7-350t.jpg 353w,https://images-wixmp-ed30a86b8c4ca887773594c2.wixmp.com/intermediary/f/d3456178-ab60-492f-bcdf-00f062f9ade3/dcvk7u7-b179803b-6c5b-44a4-8439-67fd78620828.jpg/v1/fill/w_404,h_400,q_70,strp/winter_portrait_tutorial_by_axsens_dcvk7u7-400t.jpg 403w,https://images-wixmp-ed30a86b8c4ca887773594c2.wixmp.com/intermediary/f/d3456178-ab60-492f-bcdf-00f062f9ade3/dcvk7u7-b179803b-6c5b-44a4-8439-67fd78620828.jpg/v1/fill/w_600,h_595,q_70,strp/winter_portrait_tutorial_by_axsens_dcvk7u7-fullview.jpg 600w&quot; sizes=&quot;150px&quot;&gt;&lt;/a&gt;&lt;/span&gt;&lt;!-- ^TTT --&gt;&lt;!-- TTT$ --&gt;&lt;/span&gt;&lt;span class=&quot;shadow-holder&quot; data-embed-type=&quot;deviation&quot; data-embed-id=&quot;783134537&quot; data-embed-format=&quot;thumb&quot;&gt;&lt;span class=&quot;shadow mild&quot; &gt;&lt;a class=&quot;thumb&quot; href=&quot;https://www.deviantart.com/axsens/art/Adding-volume-Tutorial-10YearChallenge-783134537&quot; title=&quot;Adding volume Tutorial (#10YearChallenge) by Axsens, Jan 28, 2019 in Resources &amp;amp; Stock Images &amp;gt; Tutorials &amp;gt; Digital Art &amp;gt; Drawing &amp;amp; Painting &amp;gt; Photoshop&quot;data-super-img=&quot;https://images-wixmp-ed30a86b8c4ca887773594c2.wixmp.com/intermediary/f/d3456178-ab60-492f-bcdf-00f062f9ade3/dcy9ah5-d3eb1c28-6664-42f9-ac5d-b8e39704b456.jpg/v1/fill/w_898,h_890,q_70,strp/adding_volume_tutorial___10yearchallenge__by_axsens_dcy9ah5-pre.jpg&quot; data-super-width=&quot;898&quot; data-super-height=&quot;890&quot; data-super-transparent=&quot;false&quot; data-super-alt=&quot;Adding volume Tutorial (#10YearChallenge) by Axsens&quot; data-super-full-img=&quot;https://images-wixmp-ed30a86b8c4ca887773594c2.wixmp.com/intermediary/f/d3456178-ab60-492f-bcdf-00f062f9ade3/dcy9ah5-d3eb1c28-6664-42f9-ac5d-b8e39704b456.jpg/v1/fill/w_900,h_892,q_70,strp/adding_volume_tutorial___10yearchallenge__by_axsens_dcy9ah5-fullview.jpg&quot; data-super-full-width=&quot;900&quot; data-super-full-height=&quot;892&quot;        data-sigil=&quot;thumb&quot;&gt;
        &lt;i&gt;&lt;/i&gt;&lt;img   width=&quot;150&quot; height=&quot;149&quot; alt=&quot;Adding volume Tutorial (#10YearChallenge) by Axsens&quot; src=&quot;https://images-wixmp-ed30a86b8c4ca887773594c2.wixmp.com/intermediary/f/d3456178-ab60-492f-bcdf-00f062f9ade3/dcy9ah5-d3eb1c28-6664-42f9-ac5d-b8e39704b456.jpg/v1/fit/w_150,h_150,q_70,strp/adding_volume_tutorial___10yearchallenge__by_axsens_dcy9ah5-150.jpg&quot; data-src=&quot;https://images-wixmp-ed30a86b8c4ca887773594c2.wixmp.com/intermediary/f/d3456178-ab60-492f-bcdf-00f062f9ade3/dcy9ah5-d3eb1c28-6664-42f9-ac5d-b8e39704b456.jpg/v1/fit/w_150,h_150,q_70,strp/adding_volume_tutorial___10yearchallenge__by_axsens_dcy9ah5-150.jpg&quot; srcset=&quot;https://images-wixmp-ed30a86b8c4ca887773594c2.wixmp.com/intermediary/f/d3456178-ab60-492f-bcdf-00f062f9ade3/dcy9ah5-d3eb1c28-6664-42f9-ac5d-b8e39704b456.jpg/v1/fit/w_150,h_150,q_70,strp/adding_volume_tutorial___10yearchallenge__by_axsens_dcy9ah5-150.jpg 150w,https://images-wixmp-ed30a86b8c4ca887773594c2.wixmp.com/intermediary/f/d3456178-ab60-492f-bcdf-00f062f9ade3/dcy9ah5-d3eb1c28-6664-42f9-ac5d-b8e39704b456.jpg/v1/fill/w_252,h_250,q_70,strp/adding_volume_tutorial___10yearchallenge__by_axsens_dcy9ah5-250t.jpg 252w,https://images-wixmp-ed30a86b8c4ca887773594c2.wixmp.com/intermediary/f/d3456178-ab60-492f-bcdf-00f062f9ade3/dcy9ah5-d3eb1c28-6664-42f9-ac5d-b8e39704b456.jpg/v1/fill/w_353,h_350,q_70,strp/adding_volume_tutorial___10yearchallenge__by_axsens_dcy9ah5-350t.jpg 353w,https://images-wixmp-ed30a86b8c4ca887773594c2.wixmp.com/intermediary/f/d3456178-ab60-492f-bcdf-00f062f9ade3/dcy9ah5-d3eb1c28-6664-42f9-ac5d-b8e39704b456.jpg/v1/fill/w_404,h_400,q_70,strp/adding_volume_tutorial___10yearchallenge__by_axsens_dcy9ah5-400t.jpg 404w,https://images-wixmp-ed30a86b8c4ca887773594c2.wixmp.com/intermediary/f/d3456178-ab60-492f-bcdf-00f062f9ade3/dcy9ah5-d3eb1c28-6664-42f9-ac5d-b8e39704b456.jpg/v1/fill/w_898,h_890,q_70,strp/adding_volume_tutorial___10yearchallenge__by_axsens_dcy9ah5-pre.jpg 898w&quot; sizes=&quot;150px&quot;&gt;&lt;/a&gt;&lt;/span&gt;&lt;!-- ^TTT --&gt;&lt;!-- TTT$ --&gt;&lt;/span&gt;&lt;br /&gt;&amp;nbsp;&lt;a href=&quot;https://www.deviantart.com/chipi-chiu/art/Bunny-love-love-433665306&quot; class=&quot;emoticon&quot; data-embed-type=&quot;emoticon&quot; data-embed-id=&quot;433665306&quot; data-embed-profile=&quot;deviation&quot;&gt;&lt;img src=&quot;https://orig00.deviantart.net/ca1b/f/2014/043/8/5/tumblr_inline_n0vryskpqw1rxsw83_by_chipi_chiu-d766yai.gif&quot; alt=&quot;.:Bunny love love:.&quot; style=&quot;width:100px;height:20px&quot;&gt;&lt;/a&gt;&amp;nbsp;&lt;b&gt;THANK YOU VERY MUCH FOR THE COMMENTS AND SUPPORT! &lt;/b&gt;&lt;a href=&quot;https://www.deviantart.com/chipi-chiu/art/Bunny-love-love-433665306&quot; class=&quot;emoticon&quot; data-embed-type=&quot;emoticon&quot; data-embed-id=&quot;433665306&quot; data-embed-profile=&quot;deviation&quot;&gt;&lt;img src=&quot;https://orig00.deviantart.net/ca1b/f/2014/043/8/5/tumblr_inline_n0vryskpqw1rxsw83_by_chipi_chiu-d766yai.gif&quot; alt=&quot;.:Bunny love love:.&quot; style=&quot;width:100px;height:20px&quot;&gt;&lt;/a&gt;&amp;nbsp;&lt;br /&gt;&lt;hr/&gt;</media:description>            <media:thumbnail url="https://t00.deviantart.net/DAe6qoj8wPX2nS5AblMtFQSnzis=/fit-in/150x150/filters:no_upscale():origin()/pre00/93cf/th/pre/i/2019/056/0/1/from_anime_to_semirealism_tutorial_by_axsens-dd0nx99.jpg" height="149" width="150"/>            <media:thumbnail url="https://t00.deviantart.net/mbAQfbvfcGfYMcHN9Cg8e9Q3Dlk=/fit-in/300x900/filters:no_upscale():origin()/pre00/93cf/th/pre/i/2019/056/0/1/from_anime_to_semirealism_tutorial_by_axsens-dd0nx99.jpg" height="297" width="300"/>            <media:thumbnail url="https://t00.deviantart.net/dtX44xn7HCjp7eXMvYDVBTUq0c0=/300x200/filters:fixed_height(100,100):origin()/pre00/93cf/th/pre/i/2019/056/0/1/from_anime_to_semirealism_tutorial_by_axsens-dd0nx99.jpg" height="200" width="202"/>            <media:content url="https://pre00.deviantart.net/93cf/th/pre/i/2019/056/0/1/from_anime_to_semirealism_tutorial_by_axsens-dd0nx99.jpg" height="890" width="898" medium="image"/>            
            <description>&lt;b&gt;&lt;a class=&quot;external&quot; href=&quot;https://www.deviantart.com/users/outgoing?https://www.patreon.com/join/axsens?&quot;&gt;PATREON&lt;/a&gt;&amp;nbsp; &amp;nbsp;|&amp;nbsp; &amp;nbsp;&lt;a class=&quot;external&quot; href=&quot;https://www.deviantart.com/users/outgoing?http://redbubble.com/people/axsens&quot;&gt;PRINTS&lt;/a&gt;&amp;nbsp; &amp;nbsp;|&amp;nbsp;&amp;nbsp;&amp;nbsp;&lt;a class=&quot;external&quot; href=&quot;https://www.deviantart.com/users/outgoing?https://instagram.com/axsens&quot;&gt;INSTA&lt;/a&gt;&amp;nbsp; &amp;nbsp;|&amp;nbsp; &amp;nbsp;&lt;a class=&quot;external&quot; href=&quot;https://www.deviantart.com/users/outgoing?http://axsens.tumblr.com/&quot;&gt;TUMBLR&lt;/a&gt;&amp;nbsp; &amp;nbsp;|&amp;nbsp; &amp;nbsp;&lt;a class=&quot;external&quot; href=&quot;https://www.deviantart.com/users/outgoing?https://fb.me/axsens&quot;&gt;FACEBOOK&lt;/a&gt;&amp;nbsp; &amp;nbsp;|&amp;nbsp; &amp;nbsp;&lt;a class=&quot;external&quot; href=&quot;https://www.deviantart.com/users/outgoing?https://twitter.com/axsensart&quot;&gt;TWITTER&lt;/a&gt;&amp;nbsp; &amp;nbsp;|&amp;nbsp;&amp;nbsp;&amp;nbsp; &lt;a class=&quot;external&quot; href=&quot;https://www.deviantart.com/users/outgoing?https://artstation.com/artist/axsens&quot;&gt;ARTSTATION&lt;/a&gt;&amp;nbsp; &amp;nbsp;|&amp;nbsp; &amp;nbsp;&lt;a class=&quot;external&quot; href=&quot;https://www.deviantart.com/users/outgoing?https://www.youtube.com/user/AxsenArt&quot;&gt;YOUTUBE&lt;/a&gt;&lt;/b&gt;&lt;hr/&gt;&lt;br /&gt;&lt;div&gt;&lt;div&gt;&lt;span&gt;My dear patrons&amp;nbsp;&lt;/span&gt;&lt;span&gt;have suggested&lt;/span&gt;&lt;span&gt;&amp;nbsp;to me a lot this kind of tutorial. And this was fun working on it because the original drawing was kindly provided to me by my friend, so I tried to make it easy to understand.&lt;/span&gt;&lt;span&gt;&amp;nbsp;Hope this will be useful!&lt;/span&gt;&lt;span&gt;&amp;nbsp;&lt;/span&gt;&lt;a href=&quot;https://www.deviantart.com/megaman5000/art/kaomoji-set-1-1-19-445477161&quot; class=&quot;emoticon&quot; data-embed-type=&quot;emoticon&quot; data-embed-id=&quot;445477161&quot; data-embed-profile=&quot;deviation&quot;&gt;&lt;img src=&quot;https://orig00.deviantart.net/07e9/f/2014/095/6/d/kaomoji_set_1_1_19_by_megaman5000-d7d84dl.gif&quot; alt=&quot;kaomoji set 1 1/19&quot; style=&quot;width:48px;height:20px&quot;&gt;&lt;/a&gt;&lt;span&gt;&amp;nbsp;&lt;/span&gt;&lt;/div&gt;&lt;/div&gt;&lt;br /&gt;&lt;a href=&quot;https://www.deviantart.com/boffinbrain/art/Clock-74279535&quot; class=&quot;emoticon&quot; data-embed-type=&quot;emoticon&quot; data-embed-id=&quot;74279535&quot; data-embed-profile=&quot;deviation&quot;&gt;&lt;img src=&quot;https://orig00.deviantart.net/1385/f/2008/014/8/0/804d5d8821b1770d.gif&quot; alt=&quot;Clock&quot; style=&quot;width:15px;height:15px&quot;&gt;&lt;/a&gt;&amp;nbsp;&lt;b&gt;&lt;span&gt;&lt;span&gt;Sign up before&amp;nbsp;&lt;/span&gt;&lt;/span&gt;&lt;span&gt;&lt;span&gt;20:00, 28/02/2019 UTC+1&lt;/span&gt;&lt;/span&gt;&lt;/b&gt;&amp;nbsp;&lt;a href=&quot;https://www.deviantart.com/boffinbrain/art/Clock-74279535&quot; class=&quot;emoticon&quot; data-embed-type=&quot;emoticon&quot; data-embed-id=&quot;74279535&quot; data-embed-profile=&quot;deviation&quot;&gt;&lt;img src=&quot;https://orig00.deviantart.net/1385/f/2008/014/8/0/804d5d8821b1770d.gif&quot; alt=&quot;Clock&quot; style=&quot;width:15px;height:15px&quot;&gt;&lt;/a&gt;&amp;nbsp; &lt;a class=&quot;external&quot; href=&quot;https://www.deviantart.com/users/outgoing?https://www.patreon.com/bePatron?c=160058&amp;amp;rid=233541&quot;&gt;Sign to Student Tier&lt;/a&gt;&lt;br /&gt;&lt;br /&gt;&lt;br /&gt;&lt;h4&gt;&lt;a href=&quot;https://www.deviantart.com/linux-rules/art/Patreon-2017-round-Icon-mid-687000979&quot; class=&quot;emoticon&quot; data-embed-type=&quot;emoticon&quot; data-embed-id=&quot;687000979&quot; data-embed-profile=&quot;deviation&quot;&gt;&lt;img src=&quot;https://images-wixmp-ed30a86b8c4ca887773594c2.wixmp.com/intermediary/f/25e46574-05d5-4425-916d-e5292bb066ac/dbd0tcj-3bd6ce74-6da8-4917-a845-07df88a0b74c.png&quot; alt=&quot;Patreon (2017, round) Icon mid&quot; style=&quot;width:35px;height:35px&quot;&gt;&lt;/a&gt;&amp;nbsp;High Res jpgs, Process Video, sfw/nsfw, Tutorials and more stuff will be available for supporters on my Patreon &lt;a class=&quot;external&quot; href=&quot;https://www.deviantart.com/users/outgoing?https://www.patreon.com/axsens/posts&quot;&gt;patreon.com/axsens&lt;/a&gt;&lt;/h4&gt;&lt;br /&gt;&lt;sub&gt;. . . . . . . . . . . . . . . . . . . . . . . . . . . . . . . . . . . . . . . . . . . . . . . . . . .&amp;nbsp;. . .&amp;nbsp;. . .&lt;/sub&gt;&lt;br /&gt;&lt;span class=&quot;shadow-holder&quot; data-embed-type=&quot;deviation&quot; data-embed-id=&quot;761673020&quot; data-embed-format=&quot;thumb&quot;&gt;&lt;span class=&quot;shadow mild&quot; &gt;&lt;a class=&quot;thumb&quot; href=&quot;https://www.deviantart.com/axsens/art/Light-Source-on-Head-Tutorial-761673020&quot; title=&quot;Light Source on Head Tutorial by Axsens, Aug 29, 2018 in Resources &amp;amp; Stock Images &amp;gt; Tutorials &amp;gt; Digital Art &amp;gt; Drawing &amp;amp; Painting &amp;gt; Photoshop&quot;data-super-img=&quot;https://images-wixmp-ed30a86b8c4ca887773594c2.wixmp.com/intermediary/f/d3456178-ab60-492f-bcdf-00f062f9ade3/dclhanw-27272fe2-d1f3-4bfb-bf0f-ee5ee56eaac3.jpg/v1/fill/w_600,h_595,q_70,strp/light_source_on_head_tutorial_by_axsens_dclhanw-fullview.jpg&quot; data-super-width=&quot;600&quot; data-super-height=&quot;595&quot; data-super-transparent=&quot;false&quot; data-super-alt=&quot;Light Source on Head Tutorial by Axsens&quot; data-super-full-img=&quot;https://images-wixmp-ed30a86b8c4ca887773594c2.wixmp.com/intermediary/f/d3456178-ab60-492f-bcdf-00f062f9ade3/dclhanw-27272fe2-d1f3-4bfb-bf0f-ee5ee56eaac3.jpg/v1/fill/w_600,h_595,q_70,strp/light_source_on_head_tutorial_by_axsens_dclhanw-fullview.jpg&quot; data-super-full-width=&quot;600&quot; data-super-full-height=&quot;595&quot;        data-sigil=&quot;thumb&quot;&gt;
        &lt;i&gt;&lt;/i&gt;&lt;img   width=&quot;150&quot; height=&quot;149&quot; alt=&quot;Light Source on Head Tutorial by Axsens&quot; src=&quot;https://images-wixmp-ed30a86b8c4ca887773594c2.wixmp.com/intermediary/f/d3456178-ab60-492f-bcdf-00f062f9ade3/dclhanw-27272fe2-d1f3-4bfb-bf0f-ee5ee56eaac3.jpg/v1/fit/w_150,h_150,q_70,strp/light_source_on_head_tutorial_by_axsens_dclhanw-150.jpg&quot; data-src=&quot;https://images-wixmp-ed30a86b8c4ca887773594c2.wixmp.com/intermediary/f/d3456178-ab60-492f-bcdf-00f062f9ade3/dclhanw-27272fe2-d1f3-4bfb-bf0f-ee5ee56eaac3.jpg/v1/fit/w_150,h_150,q_70,strp/light_source_on_head_tutorial_by_axsens_dclhanw-150.jpg&quot; srcset=&quot;https://images-wixmp-ed30a86b8c4ca887773594c2.wixmp.com/intermediary/f/d3456178-ab60-492f-bcdf-00f062f9ade3/dclhanw-27272fe2-d1f3-4bfb-bf0f-ee5ee56eaac3.jpg/v1/fit/w_150,h_150,q_70,strp/light_source_on_head_tutorial_by_axsens_dclhanw-150.jpg 150w,https://images-wixmp-ed30a86b8c4ca887773594c2.wixmp.com/intermediary/f/d3456178-ab60-492f-bcdf-00f062f9ade3/dclhanw-27272fe2-d1f3-4bfb-bf0f-ee5ee56eaac3.jpg/v1/fill/w_252,h_250,q_70,strp/light_source_on_head_tutorial_by_axsens_dclhanw-250t.jpg 252w,https://images-wixmp-ed30a86b8c4ca887773594c2.wixmp.com/intermediary/f/d3456178-ab60-492f-bcdf-00f062f9ade3/dclhanw-27272fe2-d1f3-4bfb-bf0f-ee5ee56eaac3.jpg/v1/fill/w_353,h_350,q_70,strp/light_source_on_head_tutorial_by_axsens_dclhanw-350t.jpg 353w,https://images-wixmp-ed30a86b8c4ca887773594c2.wixmp.com/intermediary/f/d3456178-ab60-492f-bcdf-00f062f9ade3/dclhanw-27272fe2-d1f3-4bfb-bf0f-ee5ee56eaac3.jpg/v1/fill/w_404,h_400,q_70,strp/light_source_on_head_tutorial_by_axsens_dclhanw-400t.jpg 403w,https://images-wixmp-ed30a86b8c4ca887773594c2.wixmp.com/intermediary/f/d3456178-ab60-492f-bcdf-00f062f9ade3/dclhanw-27272fe2-d1f3-4bfb-bf0f-ee5ee56eaac3.jpg/v1/fill/w_600,h_595,q_70,strp/light_source_on_head_tutorial_by_axsens_dclhanw-fullview.jpg 600w&quot; sizes=&quot;150px&quot;&gt;&lt;/a&gt;&lt;/span&gt;&lt;!-- ^TTT --&gt;&lt;!-- TTT$ --&gt;&lt;/span&gt;&lt;span class=&quot;shadow-holder&quot; data-embed-type=&quot;deviation&quot; data-embed-id=&quot;765875840&quot; data-embed-format=&quot;thumb&quot;&gt;&lt;span class=&quot;shadow mild&quot; &gt;&lt;a class=&quot;thumb&quot; href=&quot;https://www.deviantart.com/axsens/art/How-to-Draw-and-Paint-Anime-Chibi-Tutorial-765875840&quot; title=&quot;How to Draw and Paint Anime Chibi Tutorial by Axsens, Sep 28, 2018 in Resources &amp;amp; Stock Images &amp;gt; Tutorials &amp;gt; Digital Art &amp;gt; Drawing &amp;amp; Painting &amp;gt; Photoshop&quot;data-super-img=&quot;https://images-wixmp-ed30a86b8c4ca887773594c2.wixmp.com/intermediary/f/d3456178-ab60-492f-bcdf-00f062f9ade3/dcnzdkw-a5416bbf-b59c-42ba-8134-32398d993704.jpg/v1/fill/w_600,h_595,q_70,strp/how_to_draw_and_paint_anime_chibi_tutorial_by_axsens_dcnzdkw-fullview.jpg&quot; data-super-width=&quot;600&quot; data-super-height=&quot;595&quot; data-super-transparent=&quot;false&quot; data-super-alt=&quot;How to Draw and Paint Anime Chibi Tutorial by Axsens&quot; data-super-full-img=&quot;https://images-wixmp-ed30a86b8c4ca887773594c2.wixmp.com/intermediary/f/d3456178-ab60-492f-bcdf-00f062f9ade3/dcnzdkw-a5416bbf-b59c-42ba-8134-32398d993704.jpg/v1/fill/w_600,h_595,q_70,strp/how_to_draw_and_paint_anime_chibi_tutorial_by_axsens_dcnzdkw-fullview.jpg&quot; data-super-full-width=&quot;600&quot; data-super-full-height=&quot;595&quot;        data-sigil=&quot;thumb&quot;&gt;
        &lt;i&gt;&lt;/i&gt;&lt;img   width=&quot;150&quot; height=&quot;149&quot; alt=&quot;How to Draw and Paint Anime Chibi Tutorial by Axsens&quot; src=&quot;https://images-wixmp-ed30a86b8c4ca887773594c2.wixmp.com/intermediary/f/d3456178-ab60-492f-bcdf-00f062f9ade3/dcnzdkw-a5416bbf-b59c-42ba-8134-32398d993704.jpg/v1/fit/w_150,h_150,q_70,strp/how_to_draw_and_paint_anime_chibi_tutorial_by_axsens_dcnzdkw-150.jpg&quot; data-src=&quot;https://images-wixmp-ed30a86b8c4ca887773594c2.wixmp.com/intermediary/f/d3456178-ab60-492f-bcdf-00f062f9ade3/dcnzdkw-a5416bbf-b59c-42ba-8134-32398d993704.jpg/v1/fit/w_150,h_150,q_70,strp/how_to_draw_and_paint_anime_chibi_tutorial_by_axsens_dcnzdkw-150.jpg&quot; srcset=&quot;https://images-wixmp-ed30a86b8c4ca887773594c2.wixmp.com/intermediary/f/d3456178-ab60-492f-bcdf-00f062f9ade3/dcnzdkw-a5416bbf-b59c-42ba-8134-32398d993704.jpg/v1/fit/w_150,h_150,q_70,strp/how_to_draw_and_paint_anime_chibi_tutorial_by_axsens_dcnzdkw-150.jpg 150w,https://images-wixmp-ed30a86b8c4ca887773594c2.wixmp.com/intermediary/f/d3456178-ab60-492f-bcdf-00f062f9ade3/dcnzdkw-a5416bbf-b59c-42ba-8134-32398d993704.jpg/v1/fill/w_252,h_250,q_70,strp/how_to_draw_and_paint_anime_chibi_tutorial_by_axsens_dcnzdkw-250t.jpg 252w,https://images-wixmp-ed30a86b8c4ca887773594c2.wixmp.com/intermediary/f/d3456178-ab60-492f-bcdf-00f062f9ade3/dcnzdkw-a5416bbf-b59c-42ba-8134-32398d993704.jpg/v1/fill/w_353,h_350,q_70,strp/how_to_draw_and_paint_anime_chibi_tutorial_by_axsens_dcnzdkw-350t.jpg 353w,https://images-wixmp-ed30a86b8c4ca887773594c2.wixmp.com/intermediary/f/d3456178-ab60-492f-bcdf-00f062f9ade3/dcnzdkw-a5416bbf-b59c-42ba-8134-32398d993704.jpg/v1/fill/w_404,h_400,q_70,strp/how_to_draw_and_paint_anime_chibi_tutorial_by_axsens_dcnzdkw-400t.jpg 403w,https://images-wixmp-ed30a86b8c4ca887773594c2.wixmp.com/intermediary/f/d3456178-ab60-492f-bcdf-00f062f9ade3/dcnzdkw-a5416bbf-b59c-42ba-8134-32398d993704.jpg/v1/fill/w_600,h_595,q_70,strp/how_to_draw_and_paint_anime_chibi_tutorial_by_axsens_dcnzdkw-fullview.jpg 600w&quot; sizes=&quot;150px&quot;&gt;&lt;/a&gt;&lt;/span&gt;&lt;!-- ^TTT --&gt;&lt;!-- TTT$ --&gt;&lt;/span&gt;&lt;span class=&quot;shadow-holder&quot; data-embed-type=&quot;deviation&quot; data-embed-id=&quot;770373687&quot; data-embed-format=&quot;thumb&quot;&gt;&lt;span class=&quot;shadow mild&quot; &gt;&lt;a class=&quot;thumb&quot; href=&quot;https://www.deviantart.com/axsens/art/Halloween-Magic-Portrait-Tutorial-770373687&quot; title=&quot;Halloween Magic Portrait Tutorial by Axsens, Oct 29, 2018 in Resources &amp;amp; Stock Images &amp;gt; Tutorials &amp;gt; Digital Art &amp;gt; Drawing &amp;amp; Painting &amp;gt; Photoshop&quot;data-super-img=&quot;https://images-wixmp-ed30a86b8c4ca887773594c2.wixmp.com/intermediary/f/d3456178-ab60-492f-bcdf-00f062f9ade3/dcqns53-70849298-0f9e-4007-a124-e031bf5bdbf6.jpg/v1/fill/w_600,h_595,q_70,strp/halloween_magic_portrait_tutorial_by_axsens_dcqns53-fullview.jpg&quot; data-super-width=&quot;600&quot; data-super-height=&quot;595&quot; data-super-transparent=&quot;false&quot; data-super-alt=&quot;Halloween Magic Portrait Tutorial by Axsens&quot; data-super-full-img=&quot;https://images-wixmp-ed30a86b8c4ca887773594c2.wixmp.com/intermediary/f/d3456178-ab60-492f-bcdf-00f062f9ade3/dcqns53-70849298-0f9e-4007-a124-e031bf5bdbf6.jpg/v1/fill/w_600,h_595,q_70,strp/halloween_magic_portrait_tutorial_by_axsens_dcqns53-fullview.jpg&quot; data-super-full-width=&quot;600&quot; data-super-full-height=&quot;595&quot;        data-sigil=&quot;thumb&quot;&gt;
        &lt;i&gt;&lt;/i&gt;&lt;img   width=&quot;150&quot; height=&quot;149&quot; alt=&quot;Halloween Magic Portrait Tutorial by Axsens&quot; src=&quot;https://images-wixmp-ed30a86b8c4ca887773594c2.wixmp.com/intermediary/f/d3456178-ab60-492f-bcdf-00f062f9ade3/dcqns53-70849298-0f9e-4007-a124-e031bf5bdbf6.jpg/v1/fit/w_150,h_150,q_70,strp/halloween_magic_portrait_tutorial_by_axsens_dcqns53-150.jpg&quot; data-src=&quot;https://images-wixmp-ed30a86b8c4ca887773594c2.wixmp.com/intermediary/f/d3456178-ab60-492f-bcdf-00f062f9ade3/dcqns53-70849298-0f9e-4007-a124-e031bf5bdbf6.jpg/v1/fit/w_150,h_150,q_70,strp/halloween_magic_portrait_tutorial_by_axsens_dcqns53-150.jpg&quot; srcset=&quot;https://images-wixmp-ed30a86b8c4ca887773594c2.wixmp.com/intermediary/f/d3456178-ab60-492f-bcdf-00f062f9ade3/dcqns53-70849298-0f9e-4007-a124-e031bf5bdbf6.jpg/v1/fit/w_150,h_150,q_70,strp/halloween_magic_portrait_tutorial_by_axsens_dcqns53-150.jpg 150w,https://images-wixmp-ed30a86b8c4ca887773594c2.wixmp.com/intermediary/f/d3456178-ab60-492f-bcdf-00f062f9ade3/dcqns53-70849298-0f9e-4007-a124-e031bf5bdbf6.jpg/v1/fill/w_252,h_250,q_70,strp/halloween_magic_portrait_tutorial_by_axsens_dcqns53-250t.jpg 252w,https://images-wixmp-ed30a86b8c4ca887773594c2.wixmp.com/intermediary/f/d3456178-ab60-492f-bcdf-00f062f9ade3/dcqns53-70849298-0f9e-4007-a124-e031bf5bdbf6.jpg/v1/fill/w_353,h_350,q_70,strp/halloween_magic_portrait_tutorial_by_axsens_dcqns53-350t.jpg 353w,https://images-wixmp-ed30a86b8c4ca887773594c2.wixmp.com/intermediary/f/d3456178-ab60-492f-bcdf-00f062f9ade3/dcqns53-70849298-0f9e-4007-a124-e031bf5bdbf6.jpg/v1/fill/w_404,h_400,q_70,strp/halloween_magic_portrait_tutorial_by_axsens_dcqns53-400t.jpg 403w,https://images-wixmp-ed30a86b8c4ca887773594c2.wixmp.com/intermediary/f/d3456178-ab60-492f-bcdf-00f062f9ade3/dcqns53-70849298-0f9e-4007-a124-e031bf5bdbf6.jpg/v1/fill/w_600,h_595,q_70,strp/halloween_magic_portrait_tutorial_by_axsens_dcqns53-fullview.jpg 600w&quot; sizes=&quot;150px&quot;&gt;&lt;/a&gt;&lt;/span&gt;&lt;!-- ^TTT --&gt;&lt;!-- TTT$ --&gt;&lt;/span&gt;&lt;span class=&quot;shadow-holder&quot; data-embed-type=&quot;deviation&quot; data-embed-id=&quot;774397920&quot; data-embed-format=&quot;thumb&quot;&gt;&lt;span class=&quot;shadow mild&quot; &gt;&lt;a class=&quot;thumb&quot; href=&quot;https://www.deviantart.com/axsens/art/Drawing-and-Painting-Female-Breast-Tutorial-774397920&quot; title=&quot;Drawing and Painting Female Breast Tutorial by Axsens, Nov 28, 2018 in Resources &amp;amp; Stock Images &amp;gt; Tutorials &amp;gt; Digital Art &amp;gt; Drawing &amp;amp; Painting &amp;gt; Photoshop&quot;data-super-img=&quot;https://images-wixmp-ed30a86b8c4ca887773594c2.wixmp.com/intermediary/f/d3456178-ab60-492f-bcdf-00f062f9ade3/dct219c-3f6a1f51-cfba-4865-8e51-c30b4372f8af.jpg/v1/fill/w_600,h_595,q_70,strp/drawing_and_painting_female_breast_tutorial_by_axsens_dct219c-fullview.jpg&quot; data-super-width=&quot;600&quot; data-super-height=&quot;595&quot; data-super-transparent=&quot;false&quot; data-super-alt=&quot;Drawing and Painting Female Breast Tutorial by Axsens&quot; data-super-full-img=&quot;https://images-wixmp-ed30a86b8c4ca887773594c2.wixmp.com/intermediary/f/d3456178-ab60-492f-bcdf-00f062f9ade3/dct219c-3f6a1f51-cfba-4865-8e51-c30b4372f8af.jpg/v1/fill/w_600,h_595,q_70,strp/drawing_and_painting_female_breast_tutorial_by_axsens_dct219c-fullview.jpg&quot; data-super-full-width=&quot;600&quot; data-super-full-height=&quot;595&quot;        data-sigil=&quot;thumb&quot;&gt;
        &lt;i&gt;&lt;/i&gt;&lt;img   width=&quot;150&quot; height=&quot;149&quot; alt=&quot;Drawing and Painting Female Breast Tutorial by Axsens&quot; src=&quot;https://images-wixmp-ed30a86b8c4ca887773594c2.wixmp.com/intermediary/f/d3456178-ab60-492f-bcdf-00f062f9ade3/dct219c-3f6a1f51-cfba-4865-8e51-c30b4372f8af.jpg/v1/fit/w_150,h_150,q_70,strp/drawing_and_painting_female_breast_tutorial_by_axsens_dct219c-150.jpg&quot; data-src=&quot;https://images-wixmp-ed30a86b8c4ca887773594c2.wixmp.com/intermediary/f/d3456178-ab60-492f-bcdf-00f062f9ade3/dct219c-3f6a1f51-cfba-4865-8e51-c30b4372f8af.jpg/v1/fit/w_150,h_150,q_70,strp/drawing_and_painting_female_breast_tutorial_by_axsens_dct219c-150.jpg&quot; srcset=&quot;https://images-wixmp-ed30a86b8c4ca887773594c2.wixmp.com/intermediary/f/d3456178-ab60-492f-bcdf-00f062f9ade3/dct219c-3f6a1f51-cfba-4865-8e51-c30b4372f8af.jpg/v1/fit/w_150,h_150,q_70,strp/drawing_and_painting_female_breast_tutorial_by_axsens_dct219c-150.jpg 150w,https://images-wixmp-ed30a86b8c4ca887773594c2.wixmp.com/intermediary/f/d3456178-ab60-492f-bcdf-00f062f9ade3/dct219c-3f6a1f51-cfba-4865-8e51-c30b4372f8af.jpg/v1/fill/w_252,h_250,q_70,strp/drawing_and_painting_female_breast_tutorial_by_axsens_dct219c-250t.jpg 252w,https://images-wixmp-ed30a86b8c4ca887773594c2.wixmp.com/intermediary/f/d3456178-ab60-492f-bcdf-00f062f9ade3/dct219c-3f6a1f51-cfba-4865-8e51-c30b4372f8af.jpg/v1/fill/w_353,h_350,q_70,strp/drawing_and_painting_female_breast_tutorial_by_axsens_dct219c-350t.jpg 353w,https://images-wixmp-ed30a86b8c4ca887773594c2.wixmp.com/intermediary/f/d3456178-ab60-492f-bcdf-00f062f9ade3/dct219c-3f6a1f51-cfba-4865-8e51-c30b4372f8af.jpg/v1/fill/w_404,h_400,q_70,strp/drawing_and_painting_female_breast_tutorial_by_axsens_dct219c-400t.jpg 403w,https://images-wixmp-ed30a86b8c4ca887773594c2.wixmp.com/intermediary/f/d3456178-ab60-492f-bcdf-00f062f9ade3/dct219c-3f6a1f51-cfba-4865-8e51-c30b4372f8af.jpg/v1/fill/w_600,h_595,q_70,strp/drawing_and_painting_female_breast_tutorial_by_axsens_dct219c-fullview.jpg 600w&quot; sizes=&quot;150px&quot;&gt;&lt;/a&gt;&lt;/span&gt;&lt;!-- ^TTT --&gt;&lt;!-- TTT$ --&gt;&lt;/span&gt;&lt;span class=&quot;shadow-holder&quot; data-embed-type=&quot;deviation&quot; data-embed-id=&quot;778605487&quot; data-embed-format=&quot;thumb&quot;&gt;&lt;span class=&quot;shadow mild&quot; &gt;&lt;a class=&quot;thumb&quot; href=&quot;https://www.deviantart.com/axsens/art/Winter-Portrait-Tutorial-778605487&quot; title=&quot;Winter Portrait Tutorial by Axsens, Dec 28, 2018 in Resources &amp;amp; Stock Images &amp;gt; Tutorials &amp;gt; Digital Art &amp;gt; Drawing &amp;amp; Painting &amp;gt; Photoshop&quot;data-super-img=&quot;https://images-wixmp-ed30a86b8c4ca887773594c2.wixmp.com/intermediary/f/d3456178-ab60-492f-bcdf-00f062f9ade3/dcvk7u7-b179803b-6c5b-44a4-8439-67fd78620828.jpg/v1/fill/w_600,h_595,q_70,strp/winter_portrait_tutorial_by_axsens_dcvk7u7-fullview.jpg&quot; data-super-width=&quot;600&quot; data-super-height=&quot;595&quot; data-super-transparent=&quot;false&quot; data-super-alt=&quot;Winter Portrait Tutorial by Axsens&quot; data-super-full-img=&quot;https://images-wixmp-ed30a86b8c4ca887773594c2.wixmp.com/intermediary/f/d3456178-ab60-492f-bcdf-00f062f9ade3/dcvk7u7-b179803b-6c5b-44a4-8439-67fd78620828.jpg/v1/fill/w_600,h_595,q_70,strp/winter_portrait_tutorial_by_axsens_dcvk7u7-fullview.jpg&quot; data-super-full-width=&quot;600&quot; data-super-full-height=&quot;595&quot;        data-sigil=&quot;thumb&quot;&gt;
        &lt;i&gt;&lt;/i&gt;&lt;img   width=&quot;150&quot; height=&quot;149&quot; alt=&quot;Winter Portrait Tutorial by Axsens&quot; src=&quot;https://images-wixmp-ed30a86b8c4ca887773594c2.wixmp.com/intermediary/f/d3456178-ab60-492f-bcdf-00f062f9ade3/dcvk7u7-b179803b-6c5b-44a4-8439-67fd78620828.jpg/v1/fit/w_150,h_150,q_70,strp/winter_portrait_tutorial_by_axsens_dcvk7u7-150.jpg&quot; data-src=&quot;https://images-wixmp-ed30a86b8c4ca887773594c2.wixmp.com/intermediary/f/d3456178-ab60-492f-bcdf-00f062f9ade3/dcvk7u7-b179803b-6c5b-44a4-8439-67fd78620828.jpg/v1/fit/w_150,h_150,q_70,strp/winter_portrait_tutorial_by_axsens_dcvk7u7-150.jpg&quot; srcset=&quot;https://images-wixmp-ed30a86b8c4ca887773594c2.wixmp.com/intermediary/f/d3456178-ab60-492f-bcdf-00f062f9ade3/dcvk7u7-b179803b-6c5b-44a4-8439-67fd78620828.jpg/v1/fit/w_150,h_150,q_70,strp/winter_portrait_tutorial_by_axsens_dcvk7u7-150.jpg 150w,https://images-wixmp-ed30a86b8c4ca887773594c2.wixmp.com/intermediary/f/d3456178-ab60-492f-bcdf-00f062f9ade3/dcvk7u7-b179803b-6c5b-44a4-8439-67fd78620828.jpg/v1/fill/w_252,h_250,q_70,strp/winter_portrait_tutorial_by_axsens_dcvk7u7-250t.jpg 252w,https://images-wixmp-ed30a86b8c4ca887773594c2.wixmp.com/intermediary/f/d3456178-ab60-492f-bcdf-00f062f9ade3/dcvk7u7-b179803b-6c5b-44a4-8439-67fd78620828.jpg/v1/fill/w_353,h_350,q_70,strp/winter_portrait_tutorial_by_axsens_dcvk7u7-350t.jpg 353w,https://images-wixmp-ed30a86b8c4ca887773594c2.wixmp.com/intermediary/f/d3456178-ab60-492f-bcdf-00f062f9ade3/dcvk7u7-b179803b-6c5b-44a4-8439-67fd78620828.jpg/v1/fill/w_404,h_400,q_70,strp/winter_portrait_tutorial_by_axsens_dcvk7u7-400t.jpg 403w,https://images-wixmp-ed30a86b8c4ca887773594c2.wixmp.com/intermediary/f/d3456178-ab60-492f-bcdf-00f062f9ade3/dcvk7u7-b179803b-6c5b-44a4-8439-67fd78620828.jpg/v1/fill/w_600,h_595,q_70,strp/winter_portrait_tutorial_by_axsens_dcvk7u7-fullview.jpg 600w&quot; sizes=&quot;150px&quot;&gt;&lt;/a&gt;&lt;/span&gt;&lt;!-- ^TTT --&gt;&lt;!-- TTT$ --&gt;&lt;/span&gt;&lt;span class=&quot;shadow-holder&quot; data-embed-type=&quot;deviation&quot; data-embed-id=&quot;783134537&quot; data-embed-format=&quot;thumb&quot;&gt;&lt;span class=&quot;shadow mild&quot; &gt;&lt;a class=&quot;thumb&quot; href=&quot;https://www.deviantart.com/axsens/art/Adding-volume-Tutorial-10YearChallenge-783134537&quot; title=&quot;Adding volume Tutorial (#10YearChallenge) by Axsens, Jan 28, 2019 in Resources &amp;amp; Stock Images &amp;gt; Tutorials &amp;gt; Digital Art &amp;gt; Drawing &amp;amp; Painting &amp;gt; Photoshop&quot;data-super-img=&quot;https://images-wixmp-ed30a86b8c4ca887773594c2.wixmp.com/intermediary/f/d3456178-ab60-492f-bcdf-00f062f9ade3/dcy9ah5-d3eb1c28-6664-42f9-ac5d-b8e39704b456.jpg/v1/fill/w_898,h_890,q_70,strp/adding_volume_tutorial___10yearchallenge__by_axsens_dcy9ah5-pre.jpg&quot; data-super-width=&quot;898&quot; data-super-height=&quot;890&quot; data-super-transparent=&quot;false&quot; data-super-alt=&quot;Adding volume Tutorial (#10YearChallenge) by Axsens&quot; data-super-full-img=&quot;https://images-wixmp-ed30a86b8c4ca887773594c2.wixmp.com/intermediary/f/d3456178-ab60-492f-bcdf-00f062f9ade3/dcy9ah5-d3eb1c28-6664-42f9-ac5d-b8e39704b456.jpg/v1/fill/w_900,h_892,q_70,strp/adding_volume_tutorial___10yearchallenge__by_axsens_dcy9ah5-fullview.jpg&quot; data-super-full-width=&quot;900&quot; data-super-full-height=&quot;892&quot;        data-sigil=&quot;thumb&quot;&gt;
        &lt;i&gt;&lt;/i&gt;&lt;img   width=&quot;150&quot; height=&quot;149&quot; alt=&quot;Adding volume Tutorial (#10YearChallenge) by Axsens&quot; src=&quot;https://images-wixmp-ed30a86b8c4ca887773594c2.wixmp.com/intermediary/f/d3456178-ab60-492f-bcdf-00f062f9ade3/dcy9ah5-d3eb1c28-6664-42f9-ac5d-b8e39704b456.jpg/v1/fit/w_150,h_150,q_70,strp/adding_volume_tutorial___10yearchallenge__by_axsens_dcy9ah5-150.jpg&quot; data-src=&quot;https://images-wixmp-ed30a86b8c4ca887773594c2.wixmp.com/intermediary/f/d3456178-ab60-492f-bcdf-00f062f9ade3/dcy9ah5-d3eb1c28-6664-42f9-ac5d-b8e39704b456.jpg/v1/fit/w_150,h_150,q_70,strp/adding_volume_tutorial___10yearchallenge__by_axsens_dcy9ah5-150.jpg&quot; srcset=&quot;https://images-wixmp-ed30a86b8c4ca887773594c2.wixmp.com/intermediary/f/d3456178-ab60-492f-bcdf-00f062f9ade3/dcy9ah5-d3eb1c28-6664-42f9-ac5d-b8e39704b456.jpg/v1/fit/w_150,h_150,q_70,strp/adding_volume_tutorial___10yearchallenge__by_axsens_dcy9ah5-150.jpg 150w,https://images-wixmp-ed30a86b8c4ca887773594c2.wixmp.com/intermediary/f/d3456178-ab60-492f-bcdf-00f062f9ade3/dcy9ah5-d3eb1c28-6664-42f9-ac5d-b8e39704b456.jpg/v1/fill/w_252,h_250,q_70,strp/adding_volume_tutorial___10yearchallenge__by_axsens_dcy9ah5-250t.jpg 252w,https://images-wixmp-ed30a86b8c4ca887773594c2.wixmp.com/intermediary/f/d3456178-ab60-492f-bcdf-00f062f9ade3/dcy9ah5-d3eb1c28-6664-42f9-ac5d-b8e39704b456.jpg/v1/fill/w_353,h_350,q_70,strp/adding_volume_tutorial___10yearchallenge__by_axsens_dcy9ah5-350t.jpg 353w,https://images-wixmp-ed30a86b8c4ca887773594c2.wixmp.com/intermediary/f/d3456178-ab60-492f-bcdf-00f062f9ade3/dcy9ah5-d3eb1c28-6664-42f9-ac5d-b8e39704b456.jpg/v1/fill/w_404,h_400,q_70,strp/adding_volume_tutorial___10yearchallenge__by_axsens_dcy9ah5-400t.jpg 404w,https://images-wixmp-ed30a86b8c4ca887773594c2.wixmp.com/intermediary/f/d3456178-ab60-492f-bcdf-00f062f9ade3/dcy9ah5-d3eb1c28-6664-42f9-ac5d-b8e39704b456.jpg/v1/fill/w_898,h_890,q_70,strp/adding_volume_tutorial___10yearchallenge__by_axsens_dcy9ah5-pre.jpg 898w&quot; sizes=&quot;150px&quot;&gt;&lt;/a&gt;&lt;/span&gt;&lt;!-- ^TTT --&gt;&lt;!-- TTT$ --&gt;&lt;/span&gt;&lt;br /&gt;&amp;nbsp;&lt;a href=&quot;https://www.deviantart.com/chipi-chiu/art/Bunny-love-love-433665306&quot; class=&quot;emoticon&quot; data-embed-type=&quot;emoticon&quot; data-embed-id=&quot;433665306&quot; data-embed-profile=&quot;deviation&quot;&gt;&lt;img src=&quot;https://orig00.deviantart.net/ca1b/f/2014/043/8/5/tumblr_inline_n0vryskpqw1rxsw83_by_chipi_chiu-d766yai.gif&quot; alt=&quot;.:Bunny love love:.&quot; style=&quot;width:100px;height:20px&quot;&gt;&lt;/a&gt;&amp;nbsp;&lt;b&gt;THANK YOU VERY MUCH FOR THE COMMENTS AND SUPPORT! &lt;/b&gt;&lt;a href=&quot;https://www.deviantart.com/chipi-chiu/art/Bunny-love-love-433665306&quot; class=&quot;emoticon&quot; data-embed-type=&quot;emoticon&quot; data-embed-id=&quot;433665306&quot; data-embed-profile=&quot;deviation&quot;&gt;&lt;img src=&quot;https://orig00.deviantart.net/ca1b/f/2014/043/8/5/tumblr_inline_n0vryskpqw1rxsw83_by_chipi_chiu-d766yai.gif&quot; alt=&quot;.:Bunny love love:.&quot; style=&quot;width:100px;height:20px&quot;&gt;&lt;/a&gt;&amp;nbsp;&lt;br /&gt;&lt;hr/&gt;&lt;br /&gt;&lt;div&gt;&lt;img src=&quot;https://t00.deviantart.net/dtX44xn7HCjp7eXMvYDVBTUq0c0=/300x200/filters:fixed_height(100,100):origin()/pre00/93cf/th/pre/i/2019/056/0/1/from_anime_to_semirealism_tutorial_by_axsens-dd0nx99.jpg&quot; alt=&quot;thumbnail&quot; /&gt;&lt;/div&gt;</description>            </item>
                    <item>
                <title>Wedding Lace Mercy</title>
                <link>https://sakimichan.deviantart.com/art/Wedding-Lace-Mercy-787119732</link>
                <guid isPermaLink="true">https://sakimichan.deviantart.com/art/Wedding-Lace-Mercy-787119732</guid>
                <pubDate>Sun, 24 Feb 2019 16:57:01 PST</pubDate>
                        <media:title type="plain">Wedding Lace Mercy</media:title>
        <media:keywords></media:keywords>
                        <media:rating>nonadult</media:rating>
                <media:category label="Games">fanart/digital/drawings/games</media:category>
        <media:credit role="author" scheme="urn:ebu">sakimichan</media:credit>
        <media:credit role="author" scheme="urn:ebu">https://a.deviantart.net/avatars/s/a/sakimichan.jpg?8</media:credit>
        <media:copyright url="https://sakimichan.deviantart.com">Copyright 2019 sakimichan</media:copyright>            <media:description type="html">&lt;div&gt;&lt;b&gt;&lt;a class=&quot;external&quot; href=&quot;https://www.deviantart.com/users/outgoing?http://www.pixiv.net/member.php?id=3384404&quot;&gt;&lt;b&gt;Pixiv&amp;nbsp;&lt;/b&gt;&lt;/a&gt;&lt;/b&gt;&lt;b&gt;ll&lt;a class=&quot;external&quot; href=&quot;https://www.deviantart.com/users/outgoing?https://www.facebook.com/Sakimichanart/&quot;&gt;&lt;b&gt;facebook&lt;/b&gt;&amp;nbsp;&lt;/a&gt;&amp;nbsp;&lt;/b&gt;ll&lt;a class=&quot;external&quot; href=&quot;https://www.deviantart.com/users/outgoing?http://sakimichanart.storenvy.com/&quot;&gt;Online Store&lt;/a&gt;&amp;nbsp;ll&amp;nbsp;&lt;a class=&quot;external&quot; href=&quot;https://www.deviantart.com/users/outgoing?http://sakimichan.tumblr.com/&quot;&gt;Tumblr&lt;/a&gt;&amp;nbsp;ll&amp;nbsp;&lt;b&gt;&lt;a class=&quot;external&quot; href=&quot;https://www.deviantart.com/users/outgoing?http://www.patreon.com/sakimichan&quot;&gt;&lt;b&gt;Patreon&lt;/b&gt;&lt;/a&gt;&lt;/b&gt;ll&lt;b&gt;&lt;a class=&quot;external&quot; href=&quot;https://www.deviantart.com/users/outgoing?http://www.artstation.com/artist/sakimichan&quot;&gt;Artstation&lt;/a&gt;&lt;/b&gt;l&lt;b&gt;&lt;a class=&quot;external&quot; href=&quot;https://www.deviantart.com/users/outgoing?http://instagram.com/sakimi.chan/&quot;&gt;&lt;b&gt;Instagram&lt;/b&gt;&lt;/a&gt;&lt;/b&gt;&amp;nbsp;&lt;b&gt;&lt;a class=&quot;external&quot; href=&quot;https://www.deviantart.com/users/outgoing?https://gumroad.com/sakimichan&quot;&gt;&lt;b&gt;gumroad(tutorial store)&lt;/b&gt;&lt;/a&gt;&lt;/b&gt;&lt;br /&gt;&lt;/div&gt;&lt;br /&gt;&lt;p&gt;continuing my bride pinup series with Mercy &amp;lt;3 haven&#039;t painted her ina &amp;nbsp;while. I took inspiration from lace and mermaid style wedding dresses :3 going for elegant and sexy !&lt;/p&gt;&lt;p&gt;&amp;nbsp;&lt;/p&gt;&lt;p&gt;&lt;a class=&quot;external&quot; href=&quot;https://www.deviantart.com/users/outgoing?https://www.patreon.com/posts/24934421&quot;&gt;&lt;strong&gt;nsfw preview&lt;/strong&gt; &amp;nbsp;&lt;/a&gt; &lt;br /&gt;&lt;/p&gt;&lt;div&gt;&lt;div&gt;&amp;#10053; PSD&lt;br /&gt;&amp;#10053; steps&lt;br /&gt;&amp;#10053;video process&lt;br /&gt;&amp;#10053;3-4k pixel jpg&lt;br /&gt;&lt;div&gt;&lt;h4&gt;&amp;#10053;&lt;a class=&quot;external&quot; href=&quot;https://www.deviantart.com/users/outgoing?https://www.patreon.com/posts/24934348&quot;&gt;&amp;nbsp;available through my patreon&amp;nbsp;&lt;br /&gt;&lt;/a&gt;&lt;/h4&gt;&lt;br /&gt;&lt;span class=&quot;shadow-holder&quot; data-embed-type=&quot;deviation&quot; data-embed-id=&quot;773722476&quot; data-embed-format=&quot;thumb&quot;&gt;&lt;span class=&quot;shadow mild&quot; &gt;&lt;a class=&quot;thumb&quot; href=&quot;https://www.deviantart.com/sakimichan/art/KDA-Akali-v2-773722476&quot; title=&quot;KDA Akali v2 by sakimichan, Nov 23, 2018 in Fan Art &amp;gt; Digital Art &amp;gt; Drawings &amp;gt; Games&quot;data-super-img=&quot;https://images-wixmp-ed30a86b8c4ca887773594c2.wixmp.com/intermediary/f/9ad8fbc8-aee8-4e92-a04b-6abf7a036a51/dcsnk30-94285715-1d04-4cc6-b77b-49c4183951df.jpg&quot; data-super-width=&quot;684&quot; data-super-height=&quot;1000&quot; data-super-transparent=&quot;false&quot; data-super-alt=&quot;KDA Akali v2 by sakimichan&quot; data-super-full-img=&quot;https://images-wixmp-ed30a86b8c4ca887773594c2.wixmp.com/intermediary/f/9ad8fbc8-aee8-4e92-a04b-6abf7a036a51/dcsnk30-94285715-1d04-4cc6-b77b-49c4183951df.jpg&quot; data-super-full-width=&quot;684&quot; data-super-full-height=&quot;1000&quot;        data-sigil=&quot;thumb&quot;&gt;
        &lt;i&gt;&lt;/i&gt;&lt;img   width=&quot;103&quot; height=&quot;150&quot; alt=&quot;KDA Akali v2 by sakimichan&quot; src=&quot;https://images-wixmp-ed30a86b8c4ca887773594c2.wixmp.com/intermediary/f/9ad8fbc8-aee8-4e92-a04b-6abf7a036a51/dcsnk30-94285715-1d04-4cc6-b77b-49c4183951df.jpg/v1/fit/w_150,h_150,q_70,strp/kda_akali_v2_by_sakimichan_dcsnk30-150.jpg&quot; data-src=&quot;https://images-wixmp-ed30a86b8c4ca887773594c2.wixmp.com/intermediary/f/9ad8fbc8-aee8-4e92-a04b-6abf7a036a51/dcsnk30-94285715-1d04-4cc6-b77b-49c4183951df.jpg/v1/fit/w_150,h_150,q_70,strp/kda_akali_v2_by_sakimichan_dcsnk30-150.jpg&quot; srcset=&quot;https://images-wixmp-ed30a86b8c4ca887773594c2.wixmp.com/intermediary/f/9ad8fbc8-aee8-4e92-a04b-6abf7a036a51/dcsnk30-94285715-1d04-4cc6-b77b-49c4183951df.jpg/v1/fit/w_150,h_150,q_70,strp/kda_akali_v2_by_sakimichan_dcsnk30-150.jpg 103w,https://images-wixmp-ed30a86b8c4ca887773594c2.wixmp.com/intermediary/f/9ad8fbc8-aee8-4e92-a04b-6abf7a036a51/dcsnk30-94285715-1d04-4cc6-b77b-49c4183951df.jpg/v1/fill/w_171,h_250,q_70,strp/kda_akali_v2_by_sakimichan_dcsnk30-250t.jpg 171w,https://images-wixmp-ed30a86b8c4ca887773594c2.wixmp.com/intermediary/f/9ad8fbc8-aee8-4e92-a04b-6abf7a036a51/dcsnk30-94285715-1d04-4cc6-b77b-49c4183951df.jpg/v1/crop/w_239,h_350,x_0,y_0,scl_0.35087719298246,q_70,strp/kda_akali_v2_by_sakimichan_dcsnk30-350t.jpg 239w,https://images-wixmp-ed30a86b8c4ca887773594c2.wixmp.com/intermediary/f/9ad8fbc8-aee8-4e92-a04b-6abf7a036a51/dcsnk30-94285715-1d04-4cc6-b77b-49c4183951df.jpg/v1/crop/w_274,h_400,x_0,y_0,scl_0.40058479532164,q_70,strp/kda_akali_v2_by_sakimichan_dcsnk30-400t.jpg 274w,https://images-wixmp-ed30a86b8c4ca887773594c2.wixmp.com/intermediary/f/9ad8fbc8-aee8-4e92-a04b-6abf7a036a51/dcsnk30-94285715-1d04-4cc6-b77b-49c4183951df.jpg 684w&quot; sizes=&quot;103px&quot;&gt;&lt;/a&gt;&lt;/span&gt;&lt;!-- ^TTT --&gt;&lt;!-- TTT$ --&gt;&lt;/span&gt;&lt;span class=&quot;shadow-holder&quot; data-embed-type=&quot;deviation&quot; data-embed-id=&quot;773578827&quot; data-embed-format=&quot;thumb&quot;&gt;&lt;span class=&quot;shadow mild&quot; &gt;&lt;a class=&quot;thumb&quot; href=&quot;https://www.deviantart.com/sakimichan/art/KDA-Akali-v1-773578827&quot; title=&quot;KDA Akali v1 by sakimichan, Nov 22, 2018 in Fan Art &amp;gt; Digital Art &amp;gt; Drawings &amp;gt; Games&quot;data-super-img=&quot;https://images-wixmp-ed30a86b8c4ca887773594c2.wixmp.com/intermediary/f/9ad8fbc8-aee8-4e92-a04b-6abf7a036a51/dcskh8r-b0dee55a-dd76-410f-a74a-9a3e5781c744.jpg&quot; data-super-width=&quot;684&quot; data-super-height=&quot;1000&quot; data-super-transparent=&quot;false&quot; data-super-alt=&quot;KDA Akali v1 by sakimichan&quot; data-super-full-img=&quot;https://images-wixmp-ed30a86b8c4ca887773594c2.wixmp.com/intermediary/f/9ad8fbc8-aee8-4e92-a04b-6abf7a036a51/dcskh8r-b0dee55a-dd76-410f-a74a-9a3e5781c744.jpg&quot; data-super-full-width=&quot;684&quot; data-super-full-height=&quot;1000&quot;        data-sigil=&quot;thumb&quot;&gt;
        &lt;i&gt;&lt;/i&gt;&lt;img   width=&quot;103&quot; height=&quot;150&quot; alt=&quot;KDA Akali v1 by sakimichan&quot; src=&quot;https://images-wixmp-ed30a86b8c4ca887773594c2.wixmp.com/intermediary/f/9ad8fbc8-aee8-4e92-a04b-6abf7a036a51/dcskh8r-b0dee55a-dd76-410f-a74a-9a3e5781c744.jpg/v1/fit/w_150,h_150,q_70,strp/kda_akali_v1_by_sakimichan_dcskh8r-150.jpg&quot; data-src=&quot;https://images-wixmp-ed30a86b8c4ca887773594c2.wixmp.com/intermediary/f/9ad8fbc8-aee8-4e92-a04b-6abf7a036a51/dcskh8r-b0dee55a-dd76-410f-a74a-9a3e5781c744.jpg/v1/fit/w_150,h_150,q_70,strp/kda_akali_v1_by_sakimichan_dcskh8r-150.jpg&quot; srcset=&quot;https://images-wixmp-ed30a86b8c4ca887773594c2.wixmp.com/intermediary/f/9ad8fbc8-aee8-4e92-a04b-6abf7a036a51/dcskh8r-b0dee55a-dd76-410f-a74a-9a3e5781c744.jpg/v1/fit/w_150,h_150,q_70,strp/kda_akali_v1_by_sakimichan_dcskh8r-150.jpg 103w,https://images-wixmp-ed30a86b8c4ca887773594c2.wixmp.com/intermediary/f/9ad8fbc8-aee8-4e92-a04b-6abf7a036a51/dcskh8r-b0dee55a-dd76-410f-a74a-9a3e5781c744.jpg/v1/fill/w_171,h_250,q_70,strp/kda_akali_v1_by_sakimichan_dcskh8r-250t.jpg 171w,https://images-wixmp-ed30a86b8c4ca887773594c2.wixmp.com/intermediary/f/9ad8fbc8-aee8-4e92-a04b-6abf7a036a51/dcskh8r-b0dee55a-dd76-410f-a74a-9a3e5781c744.jpg/v1/crop/w_239,h_350,x_0,y_0,scl_0.35087719298246,q_70,strp/kda_akali_v1_by_sakimichan_dcskh8r-350t.jpg 239w,https://images-wixmp-ed30a86b8c4ca887773594c2.wixmp.com/intermediary/f/9ad8fbc8-aee8-4e92-a04b-6abf7a036a51/dcskh8r-b0dee55a-dd76-410f-a74a-9a3e5781c744.jpg/v1/crop/w_274,h_400,x_0,y_0,scl_0.40058479532164,q_70,strp/kda_akali_v1_by_sakimichan_dcskh8r-400t.jpg 274w,https://images-wixmp-ed30a86b8c4ca887773594c2.wixmp.com/intermediary/f/9ad8fbc8-aee8-4e92-a04b-6abf7a036a51/dcskh8r-b0dee55a-dd76-410f-a74a-9a3e5781c744.jpg 684w&quot; sizes=&quot;103px&quot;&gt;&lt;/a&gt;&lt;/span&gt;&lt;!-- ^TTT --&gt;&lt;!-- TTT$ --&gt;&lt;/span&gt;&lt;span class=&quot;shadow-holder&quot; data-embed-type=&quot;deviation&quot; data-embed-id=&quot;782186107&quot; data-embed-format=&quot;thumb&quot;&gt;&lt;span class=&quot;shadow mild&quot; &gt;&lt;a class=&quot;thumb ismature&quot; href=&quot;https://www.deviantart.com/sakimichan/art/Lightning-suit-pinup-782186107&quot; title=&quot;Lightning suit pinup by sakimichan, Jan 22, 2019 in Fan Art &amp;gt; Digital Art &amp;gt; Drawings &amp;gt; Games&quot;data-super-img=&quot;https://images-wixmp-ed30a86b8c4ca887773594c2.wixmp.com/intermediary/f/9ad8fbc8-aee8-4e92-a04b-6abf7a036a51/dcxoynv-82d5159d-a6b9-401e-9aa7-bd27e746a71d.jpg&quot; data-super-width=&quot;684&quot; data-super-height=&quot;1000&quot; data-super-transparent=&quot;false&quot; data-super-alt=&quot;Lightning suit pinup by sakimichan&quot; data-super-full-img=&quot;https://images-wixmp-ed30a86b8c4ca887773594c2.wixmp.com/intermediary/f/9ad8fbc8-aee8-4e92-a04b-6abf7a036a51/dcxoynv-82d5159d-a6b9-401e-9aa7-bd27e746a71d.jpg&quot; data-super-full-width=&quot;684&quot; data-super-full-height=&quot;1000&quot;        data-sigil=&quot;thumb&quot;&gt;
                &lt;div class=&quot;thumb_agegate&quot;&gt;
            &lt;div class=&quot;agegate&quot;&gt;
                &lt;div class=&quot;nogo icon-blocked&quot;&gt;&lt;/div&gt;
                &lt;h1&gt;Mature Content&lt;/h1&gt;
            &lt;/div&gt;
        &lt;/div&gt;
        &lt;i&gt;&lt;/i&gt;&lt;img   width=&quot;103&quot; height=&quot;150&quot; alt=&quot;Lightning suit pinup by sakimichan&quot; src=&quot;https://images-wixmp-ed30a86b8c4ca887773594c2.wixmp.com/intermediary/f/9ad8fbc8-aee8-4e92-a04b-6abf7a036a51/dcxoynv-82d5159d-a6b9-401e-9aa7-bd27e746a71d.jpg/v1/fit/w_150,h_150,q_70,strp/lightning_suit_pinup_by_sakimichan_dcxoynv-150.jpg&quot; data-src=&quot;https://images-wixmp-ed30a86b8c4ca887773594c2.wixmp.com/intermediary/f/9ad8fbc8-aee8-4e92-a04b-6abf7a036a51/dcxoynv-82d5159d-a6b9-401e-9aa7-bd27e746a71d.jpg/v1/fit/w_150,h_150,q_70,strp/lightning_suit_pinup_by_sakimichan_dcxoynv-150.jpg&quot; srcset=&quot;https://images-wixmp-ed30a86b8c4ca887773594c2.wixmp.com/intermediary/f/9ad8fbc8-aee8-4e92-a04b-6abf7a036a51/dcxoynv-82d5159d-a6b9-401e-9aa7-bd27e746a71d.jpg/v1/fit/w_150,h_150,q_70,strp/lightning_suit_pinup_by_sakimichan_dcxoynv-150.jpg 103w,https://images-wixmp-ed30a86b8c4ca887773594c2.wixmp.com/intermediary/f/9ad8fbc8-aee8-4e92-a04b-6abf7a036a51/dcxoynv-82d5159d-a6b9-401e-9aa7-bd27e746a71d.jpg/v1/fill/w_171,h_250,q_70,strp/lightning_suit_pinup_by_sakimichan_dcxoynv-250t.jpg 171w,https://images-wixmp-ed30a86b8c4ca887773594c2.wixmp.com/intermediary/f/9ad8fbc8-aee8-4e92-a04b-6abf7a036a51/dcxoynv-82d5159d-a6b9-401e-9aa7-bd27e746a71d.jpg/v1/crop/w_239,h_350,x_0,y_0,scl_0.35087719298246,q_70,strp/lightning_suit_pinup_by_sakimichan_dcxoynv-350t.jpg 239w,https://images-wixmp-ed30a86b8c4ca887773594c2.wixmp.com/intermediary/f/9ad8fbc8-aee8-4e92-a04b-6abf7a036a51/dcxoynv-82d5159d-a6b9-401e-9aa7-bd27e746a71d.jpg/v1/crop/w_274,h_400,x_0,y_0,scl_0.40058479532164,q_70,strp/lightning_suit_pinup_by_sakimichan_dcxoynv-400t.jpg 274w,https://images-wixmp-ed30a86b8c4ca887773594c2.wixmp.com/intermediary/f/9ad8fbc8-aee8-4e92-a04b-6abf7a036a51/dcxoynv-82d5159d-a6b9-401e-9aa7-bd27e746a71d.jpg 684w&quot; sizes=&quot;103px&quot;&gt;&lt;/a&gt;&lt;/span&gt;&lt;!-- ^TTT --&gt;&lt;!-- TTT$ --&gt;&lt;/span&gt;&lt;span class=&quot;shadow-holder&quot; data-embed-type=&quot;deviation&quot; data-embed-id=&quot;782634128&quot; data-embed-format=&quot;thumb&quot;&gt;&lt;span class=&quot;shadow mild&quot; &gt;&lt;a class=&quot;thumb&quot; href=&quot;https://www.deviantart.com/sakimichan/art/2B-victorian-ruffle-v1-782634128&quot; title=&quot;2B -victorian ruffle v1 - by sakimichan, Jan 25, 2019 in Fan Art &amp;gt; Digital Art &amp;gt; Drawings &amp;gt; Games&quot;data-super-img=&quot;https://images-wixmp-ed30a86b8c4ca887773594c2.wixmp.com/intermediary/f/9ad8fbc8-aee8-4e92-a04b-6abf7a036a51/dcxykcw-94022ca6-8f1e-4727-9c2e-a13f36b59743.jpg&quot; data-super-width=&quot;684&quot; data-super-height=&quot;1000&quot; data-super-transparent=&quot;false&quot; data-super-alt=&quot;2B -victorian ruffle v1 - by sakimichan&quot; data-super-full-img=&quot;https://images-wixmp-ed30a86b8c4ca887773594c2.wixmp.com/intermediary/f/9ad8fbc8-aee8-4e92-a04b-6abf7a036a51/dcxykcw-94022ca6-8f1e-4727-9c2e-a13f36b59743.jpg&quot; data-super-full-width=&quot;684&quot; data-super-full-height=&quot;1000&quot;        data-sigil=&quot;thumb&quot;&gt;
        &lt;i&gt;&lt;/i&gt;&lt;img   width=&quot;103&quot; height=&quot;150&quot; alt=&quot;2B -victorian ruffle v1 - by sakimichan&quot; src=&quot;https://images-wixmp-ed30a86b8c4ca887773594c2.wixmp.com/intermediary/f/9ad8fbc8-aee8-4e92-a04b-6abf7a036a51/dcxykcw-94022ca6-8f1e-4727-9c2e-a13f36b59743.jpg/v1/fit/w_150,h_150,q_70,strp/2b__victorian_ruffle_v1___by_sakimichan_dcxykcw-150.jpg&quot; data-src=&quot;https://images-wixmp-ed30a86b8c4ca887773594c2.wixmp.com/intermediary/f/9ad8fbc8-aee8-4e92-a04b-6abf7a036a51/dcxykcw-94022ca6-8f1e-4727-9c2e-a13f36b59743.jpg/v1/fit/w_150,h_150,q_70,strp/2b__victorian_ruffle_v1___by_sakimichan_dcxykcw-150.jpg&quot; srcset=&quot;https://images-wixmp-ed30a86b8c4ca887773594c2.wixmp.com/intermediary/f/9ad8fbc8-aee8-4e92-a04b-6abf7a036a51/dcxykcw-94022ca6-8f1e-4727-9c2e-a13f36b59743.jpg/v1/fit/w_150,h_150,q_70,strp/2b__victorian_ruffle_v1___by_sakimichan_dcxykcw-150.jpg 103w,https://images-wixmp-ed30a86b8c4ca887773594c2.wixmp.com/intermediary/f/9ad8fbc8-aee8-4e92-a04b-6abf7a036a51/dcxykcw-94022ca6-8f1e-4727-9c2e-a13f36b59743.jpg/v1/fill/w_171,h_250,q_70,strp/2b__victorian_ruffle_v1___by_sakimichan_dcxykcw-250t.jpg 171w,https://images-wixmp-ed30a86b8c4ca887773594c2.wixmp.com/intermediary/f/9ad8fbc8-aee8-4e92-a04b-6abf7a036a51/dcxykcw-94022ca6-8f1e-4727-9c2e-a13f36b59743.jpg/v1/crop/w_239,h_350,x_0,y_0,scl_0.35087719298246,q_70,strp/2b__victorian_ruffle_v1___by_sakimichan_dcxykcw-350t.jpg 239w,https://images-wixmp-ed30a86b8c4ca887773594c2.wixmp.com/intermediary/f/9ad8fbc8-aee8-4e92-a04b-6abf7a036a51/dcxykcw-94022ca6-8f1e-4727-9c2e-a13f36b59743.jpg/v1/crop/w_274,h_400,x_0,y_0,scl_0.40058479532164,q_70,strp/2b__victorian_ruffle_v1___by_sakimichan_dcxykcw-400t.jpg 274w,https://images-wixmp-ed30a86b8c4ca887773594c2.wixmp.com/intermediary/f/9ad8fbc8-aee8-4e92-a04b-6abf7a036a51/dcxykcw-94022ca6-8f1e-4727-9c2e-a13f36b59743.jpg 684w&quot; sizes=&quot;103px&quot;&gt;&lt;/a&gt;&lt;/span&gt;&lt;!-- ^TTT --&gt;&lt;!-- TTT$ --&gt;&lt;/span&gt;&lt;span class=&quot;shadow-holder&quot; data-embed-type=&quot;deviation&quot; data-embed-id=&quot;782756189&quot; data-embed-format=&quot;thumb&quot;&gt;&lt;span class=&quot;shadow mild&quot; &gt;&lt;a class=&quot;thumb ismature&quot; href=&quot;https://www.deviantart.com/sakimichan/art/2b-Victorian-classic-color-782756189&quot; title=&quot;2b Victorian classic color by sakimichan, Jan 26, 2019 in Fan Art &amp;gt; Digital Art &amp;gt; Drawings &amp;gt; Games&quot;data-super-img=&quot;https://images-wixmp-ed30a86b8c4ca887773594c2.wixmp.com/intermediary/f/9ad8fbc8-aee8-4e92-a04b-6abf7a036a51/dcy16jh-3abc9294-d5f2-4d4b-8099-57a3ef8b3d33.jpg&quot; data-super-width=&quot;479&quot; data-super-height=&quot;700&quot; data-super-transparent=&quot;false&quot; data-super-alt=&quot;2b Victorian classic color by sakimichan&quot; data-super-full-img=&quot;https://images-wixmp-ed30a86b8c4ca887773594c2.wixmp.com/intermediary/f/9ad8fbc8-aee8-4e92-a04b-6abf7a036a51/dcy16jh-3abc9294-d5f2-4d4b-8099-57a3ef8b3d33.jpg&quot; data-super-full-width=&quot;479&quot; data-super-full-height=&quot;700&quot;        data-sigil=&quot;thumb&quot;&gt;
                &lt;div class=&quot;thumb_agegate&quot;&gt;
            &lt;div class=&quot;agegate&quot;&gt;
                &lt;div class=&quot;nogo icon-blocked&quot;&gt;&lt;/div&gt;
                &lt;h1&gt;Mature Content&lt;/h1&gt;
            &lt;/div&gt;
        &lt;/div&gt;
        &lt;i&gt;&lt;/i&gt;&lt;img   width=&quot;103&quot; height=&quot;150&quot; alt=&quot;2b Victorian classic color by sakimichan&quot; src=&quot;https://images-wixmp-ed30a86b8c4ca887773594c2.wixmp.com/intermediary/f/9ad8fbc8-aee8-4e92-a04b-6abf7a036a51/dcy16jh-3abc9294-d5f2-4d4b-8099-57a3ef8b3d33.jpg/v1/fit/w_150,h_150,q_70,strp/2b_victorian_classic_color_by_sakimichan_dcy16jh-150.jpg&quot; data-src=&quot;https://images-wixmp-ed30a86b8c4ca887773594c2.wixmp.com/intermediary/f/9ad8fbc8-aee8-4e92-a04b-6abf7a036a51/dcy16jh-3abc9294-d5f2-4d4b-8099-57a3ef8b3d33.jpg/v1/fit/w_150,h_150,q_70,strp/2b_victorian_classic_color_by_sakimichan_dcy16jh-150.jpg&quot; srcset=&quot;https://images-wixmp-ed30a86b8c4ca887773594c2.wixmp.com/intermediary/f/9ad8fbc8-aee8-4e92-a04b-6abf7a036a51/dcy16jh-3abc9294-d5f2-4d4b-8099-57a3ef8b3d33.jpg/v1/fit/w_150,h_150,q_70,strp/2b_victorian_classic_color_by_sakimichan_dcy16jh-150.jpg 103w,https://images-wixmp-ed30a86b8c4ca887773594c2.wixmp.com/intermediary/f/9ad8fbc8-aee8-4e92-a04b-6abf7a036a51/dcy16jh-3abc9294-d5f2-4d4b-8099-57a3ef8b3d33.jpg/v1/fill/w_171,h_250,q_70,strp/2b_victorian_classic_color_by_sakimichan_dcy16jh-250t.jpg 171w,https://images-wixmp-ed30a86b8c4ca887773594c2.wixmp.com/intermediary/f/9ad8fbc8-aee8-4e92-a04b-6abf7a036a51/dcy16jh-3abc9294-d5f2-4d4b-8099-57a3ef8b3d33.jpg/v1/crop/w_240,h_350,x_0,y_0,scl_0.50104384133612,q_70,strp/2b_victorian_classic_color_by_sakimichan_dcy16jh-350t.jpg 240w,https://images-wixmp-ed30a86b8c4ca887773594c2.wixmp.com/intermediary/f/9ad8fbc8-aee8-4e92-a04b-6abf7a036a51/dcy16jh-3abc9294-d5f2-4d4b-8099-57a3ef8b3d33.jpg/v1/fill/w_274,h_400,q_70,strp/2b_victorian_classic_color_by_sakimichan_dcy16jh-400t.jpg 274w,https://images-wixmp-ed30a86b8c4ca887773594c2.wixmp.com/intermediary/f/9ad8fbc8-aee8-4e92-a04b-6abf7a036a51/dcy16jh-3abc9294-d5f2-4d4b-8099-57a3ef8b3d33.jpg 479w&quot; sizes=&quot;103px&quot;&gt;&lt;/a&gt;&lt;/span&gt;&lt;!-- ^TTT --&gt;&lt;!-- TTT$ --&gt;&lt;/span&gt;&lt;br /&gt;&lt;br /&gt;&lt;br /&gt;&lt;a href=&quot;https://sakimichan.deviantart.com/journal/Patreon-Rewards-Archive-498302321&quot;&gt;reward archive&amp;nbsp;&lt;/a&gt;( see what rewards you can get by helping support me !)&lt;br /&gt;Thank you for your interest!&lt;br /&gt;&lt;br /&gt;used: photoshop CS6&lt;/div&gt;&lt;/div&gt;&lt;/div&gt;</media:description>            <media:thumbnail url="https://t00.deviantart.net/_aDyMkXai_JYccPrJvyDuhg1Q20=/fit-in/150x150/filters:no_upscale():origin()/pre00/9f68/th/pre/f/2019/055/d/5/wedding_lace_mercy_02_by_sakimichan-dd0mph0.jpg" height="150" width="97"/>            <media:thumbnail url="https://t00.deviantart.net/sYHPMuf6A_R7HmA5KPhNxAXCMqI=/fit-in/300x900/filters:no_upscale():origin()/pre00/9f68/th/pre/f/2019/055/d/5/wedding_lace_mercy_02_by_sakimichan-dd0mph0.jpg" height="465" width="300"/>            <media:thumbnail url="https://t00.deviantart.net/8rUCxBCNeuRt86lRZzdsk561dcU=/300x200/filters:fixed_height(100,100):origin()/pre00/9f68/th/pre/f/2019/055/d/5/wedding_lace_mercy_02_by_sakimichan-dd0mph0.jpg" height="200" width="129"/>            <media:content url="https://orig00.deviantart.net/d386/f/2019/055/d/5/wedding_lace_mercy_02_by_sakimichan-dd0mph0.jpg" height="1000" width="645" medium="image"/>            
            <description>&lt;div&gt;&lt;b&gt;&lt;a class=&quot;external&quot; href=&quot;https://www.deviantart.com/users/outgoing?http://www.pixiv.net/member.php?id=3384404&quot;&gt;&lt;b&gt;Pixiv&amp;nbsp;&lt;/b&gt;&lt;/a&gt;&lt;/b&gt;&lt;b&gt;ll&lt;a class=&quot;external&quot; href=&quot;https://www.deviantart.com/users/outgoing?https://www.facebook.com/Sakimichanart/&quot;&gt;&lt;b&gt;facebook&lt;/b&gt;&amp;nbsp;&lt;/a&gt;&amp;nbsp;&lt;/b&gt;ll&lt;a class=&quot;external&quot; href=&quot;https://www.deviantart.com/users/outgoing?http://sakimichanart.storenvy.com/&quot;&gt;Online Store&lt;/a&gt;&amp;nbsp;ll&amp;nbsp;&lt;a class=&quot;external&quot; href=&quot;https://www.deviantart.com/users/outgoing?http://sakimichan.tumblr.com/&quot;&gt;Tumblr&lt;/a&gt;&amp;nbsp;ll&amp;nbsp;&lt;b&gt;&lt;a class=&quot;external&quot; href=&quot;https://www.deviantart.com/users/outgoing?http://www.patreon.com/sakimichan&quot;&gt;&lt;b&gt;Patreon&lt;/b&gt;&lt;/a&gt;&lt;/b&gt;ll&lt;b&gt;&lt;a class=&quot;external&quot; href=&quot;https://www.deviantart.com/users/outgoing?http://www.artstation.com/artist/sakimichan&quot;&gt;Artstation&lt;/a&gt;&lt;/b&gt;l&lt;b&gt;&lt;a class=&quot;external&quot; href=&quot;https://www.deviantart.com/users/outgoing?http://instagram.com/sakimi.chan/&quot;&gt;&lt;b&gt;Instagram&lt;/b&gt;&lt;/a&gt;&lt;/b&gt;&amp;nbsp;&lt;b&gt;&lt;a class=&quot;external&quot; href=&quot;https://www.deviantart.com/users/outgoing?https://gumroad.com/sakimichan&quot;&gt;&lt;b&gt;gumroad(tutorial store)&lt;/b&gt;&lt;/a&gt;&lt;/b&gt;&lt;br /&gt;&lt;/div&gt;&lt;br /&gt;&lt;p&gt;continuing my bride pinup series with Mercy &amp;lt;3 haven&#039;t painted her ina &amp;nbsp;while. I took inspiration from lace and mermaid style wedding dresses :3 going for elegant and sexy !&lt;/p&gt;&lt;p&gt;&amp;nbsp;&lt;/p&gt;&lt;p&gt;&lt;a class=&quot;external&quot; href=&quot;https://www.deviantart.com/users/outgoing?https://www.patreon.com/posts/24934421&quot;&gt;&lt;strong&gt;nsfw preview&lt;/strong&gt; &amp;nbsp;&lt;/a&gt; &lt;br /&gt;&lt;/p&gt;&lt;div&gt;&lt;div&gt;&amp;#10053; PSD&lt;br /&gt;&amp;#10053; steps&lt;br /&gt;&amp;#10053;video process&lt;br /&gt;&amp;#10053;3-4k pixel jpg&lt;br /&gt;&lt;div&gt;&lt;h4&gt;&amp;#10053;&lt;a class=&quot;external&quot; href=&quot;https://www.deviantart.com/users/outgoing?https://www.patreon.com/posts/24934348&quot;&gt;&amp;nbsp;available through my patreon&amp;nbsp;&lt;br /&gt;&lt;/a&gt;&lt;/h4&gt;&lt;br /&gt;&lt;span class=&quot;shadow-holder&quot; data-embed-type=&quot;deviation&quot; data-embed-id=&quot;773722476&quot; data-embed-format=&quot;thumb&quot;&gt;&lt;span class=&quot;shadow mild&quot; &gt;&lt;a class=&quot;thumb&quot; href=&quot;https://www.deviantart.com/sakimichan/art/KDA-Akali-v2-773722476&quot; title=&quot;KDA Akali v2 by sakimichan, Nov 23, 2018 in Fan Art &amp;gt; Digital Art &amp;gt; Drawings &amp;gt; Games&quot;data-super-img=&quot;https://images-wixmp-ed30a86b8c4ca887773594c2.wixmp.com/intermediary/f/9ad8fbc8-aee8-4e92-a04b-6abf7a036a51/dcsnk30-94285715-1d04-4cc6-b77b-49c4183951df.jpg&quot; data-super-width=&quot;684&quot; data-super-height=&quot;1000&quot; data-super-transparent=&quot;false&quot; data-super-alt=&quot;KDA Akali v2 by sakimichan&quot; data-super-full-img=&quot;https://images-wixmp-ed30a86b8c4ca887773594c2.wixmp.com/intermediary/f/9ad8fbc8-aee8-4e92-a04b-6abf7a036a51/dcsnk30-94285715-1d04-4cc6-b77b-49c4183951df.jpg&quot; data-super-full-width=&quot;684&quot; data-super-full-height=&quot;1000&quot;        data-sigil=&quot;thumb&quot;&gt;
        &lt;i&gt;&lt;/i&gt;&lt;img   width=&quot;103&quot; height=&quot;150&quot; alt=&quot;KDA Akali v2 by sakimichan&quot; src=&quot;https://images-wixmp-ed30a86b8c4ca887773594c2.wixmp.com/intermediary/f/9ad8fbc8-aee8-4e92-a04b-6abf7a036a51/dcsnk30-94285715-1d04-4cc6-b77b-49c4183951df.jpg/v1/fit/w_150,h_150,q_70,strp/kda_akali_v2_by_sakimichan_dcsnk30-150.jpg&quot; data-src=&quot;https://images-wixmp-ed30a86b8c4ca887773594c2.wixmp.com/intermediary/f/9ad8fbc8-aee8-4e92-a04b-6abf7a036a51/dcsnk30-94285715-1d04-4cc6-b77b-49c4183951df.jpg/v1/fit/w_150,h_150,q_70,strp/kda_akali_v2_by_sakimichan_dcsnk30-150.jpg&quot; srcset=&quot;https://images-wixmp-ed30a86b8c4ca887773594c2.wixmp.com/intermediary/f/9ad8fbc8-aee8-4e92-a04b-6abf7a036a51/dcsnk30-94285715-1d04-4cc6-b77b-49c4183951df.jpg/v1/fit/w_150,h_150,q_70,strp/kda_akali_v2_by_sakimichan_dcsnk30-150.jpg 103w,https://images-wixmp-ed30a86b8c4ca887773594c2.wixmp.com/intermediary/f/9ad8fbc8-aee8-4e92-a04b-6abf7a036a51/dcsnk30-94285715-1d04-4cc6-b77b-49c4183951df.jpg/v1/fill/w_171,h_250,q_70,strp/kda_akali_v2_by_sakimichan_dcsnk30-250t.jpg 171w,https://images-wixmp-ed30a86b8c4ca887773594c2.wixmp.com/intermediary/f/9ad8fbc8-aee8-4e92-a04b-6abf7a036a51/dcsnk30-94285715-1d04-4cc6-b77b-49c4183951df.jpg/v1/crop/w_239,h_350,x_0,y_0,scl_0.35087719298246,q_70,strp/kda_akali_v2_by_sakimichan_dcsnk30-350t.jpg 239w,https://images-wixmp-ed30a86b8c4ca887773594c2.wixmp.com/intermediary/f/9ad8fbc8-aee8-4e92-a04b-6abf7a036a51/dcsnk30-94285715-1d04-4cc6-b77b-49c4183951df.jpg/v1/crop/w_274,h_400,x_0,y_0,scl_0.40058479532164,q_70,strp/kda_akali_v2_by_sakimichan_dcsnk30-400t.jpg 274w,https://images-wixmp-ed30a86b8c4ca887773594c2.wixmp.com/intermediary/f/9ad8fbc8-aee8-4e92-a04b-6abf7a036a51/dcsnk30-94285715-1d04-4cc6-b77b-49c4183951df.jpg 684w&quot; sizes=&quot;103px&quot;&gt;&lt;/a&gt;&lt;/span&gt;&lt;!-- ^TTT --&gt;&lt;!-- TTT$ --&gt;&lt;/span&gt;&lt;span class=&quot;shadow-holder&quot; data-embed-type=&quot;deviation&quot; data-embed-id=&quot;773578827&quot; data-embed-format=&quot;thumb&quot;&gt;&lt;span class=&quot;shadow mild&quot; &gt;&lt;a class=&quot;thumb&quot; href=&quot;https://www.deviantart.com/sakimichan/art/KDA-Akali-v1-773578827&quot; title=&quot;KDA Akali v1 by sakimichan, Nov 22, 2018 in Fan Art &amp;gt; Digital Art &amp;gt; Drawings &amp;gt; Games&quot;data-super-img=&quot;https://images-wixmp-ed30a86b8c4ca887773594c2.wixmp.com/intermediary/f/9ad8fbc8-aee8-4e92-a04b-6abf7a036a51/dcskh8r-b0dee55a-dd76-410f-a74a-9a3e5781c744.jpg&quot; data-super-width=&quot;684&quot; data-super-height=&quot;1000&quot; data-super-transparent=&quot;false&quot; data-super-alt=&quot;KDA Akali v1 by sakimichan&quot; data-super-full-img=&quot;https://images-wixmp-ed30a86b8c4ca887773594c2.wixmp.com/intermediary/f/9ad8fbc8-aee8-4e92-a04b-6abf7a036a51/dcskh8r-b0dee55a-dd76-410f-a74a-9a3e5781c744.jpg&quot; data-super-full-width=&quot;684&quot; data-super-full-height=&quot;1000&quot;        data-sigil=&quot;thumb&quot;&gt;
        &lt;i&gt;&lt;/i&gt;&lt;img   width=&quot;103&quot; height=&quot;150&quot; alt=&quot;KDA Akali v1 by sakimichan&quot; src=&quot;https://images-wixmp-ed30a86b8c4ca887773594c2.wixmp.com/intermediary/f/9ad8fbc8-aee8-4e92-a04b-6abf7a036a51/dcskh8r-b0dee55a-dd76-410f-a74a-9a3e5781c744.jpg/v1/fit/w_150,h_150,q_70,strp/kda_akali_v1_by_sakimichan_dcskh8r-150.jpg&quot; data-src=&quot;https://images-wixmp-ed30a86b8c4ca887773594c2.wixmp.com/intermediary/f/9ad8fbc8-aee8-4e92-a04b-6abf7a036a51/dcskh8r-b0dee55a-dd76-410f-a74a-9a3e5781c744.jpg/v1/fit/w_150,h_150,q_70,strp/kda_akali_v1_by_sakimichan_dcskh8r-150.jpg&quot; srcset=&quot;https://images-wixmp-ed30a86b8c4ca887773594c2.wixmp.com/intermediary/f/9ad8fbc8-aee8-4e92-a04b-6abf7a036a51/dcskh8r-b0dee55a-dd76-410f-a74a-9a3e5781c744.jpg/v1/fit/w_150,h_150,q_70,strp/kda_akali_v1_by_sakimichan_dcskh8r-150.jpg 103w,https://images-wixmp-ed30a86b8c4ca887773594c2.wixmp.com/intermediary/f/9ad8fbc8-aee8-4e92-a04b-6abf7a036a51/dcskh8r-b0dee55a-dd76-410f-a74a-9a3e5781c744.jpg/v1/fill/w_171,h_250,q_70,strp/kda_akali_v1_by_sakimichan_dcskh8r-250t.jpg 171w,https://images-wixmp-ed30a86b8c4ca887773594c2.wixmp.com/intermediary/f/9ad8fbc8-aee8-4e92-a04b-6abf7a036a51/dcskh8r-b0dee55a-dd76-410f-a74a-9a3e5781c744.jpg/v1/crop/w_239,h_350,x_0,y_0,scl_0.35087719298246,q_70,strp/kda_akali_v1_by_sakimichan_dcskh8r-350t.jpg 239w,https://images-wixmp-ed30a86b8c4ca887773594c2.wixmp.com/intermediary/f/9ad8fbc8-aee8-4e92-a04b-6abf7a036a51/dcskh8r-b0dee55a-dd76-410f-a74a-9a3e5781c744.jpg/v1/crop/w_274,h_400,x_0,y_0,scl_0.40058479532164,q_70,strp/kda_akali_v1_by_sakimichan_dcskh8r-400t.jpg 274w,https://images-wixmp-ed30a86b8c4ca887773594c2.wixmp.com/intermediary/f/9ad8fbc8-aee8-4e92-a04b-6abf7a036a51/dcskh8r-b0dee55a-dd76-410f-a74a-9a3e5781c744.jpg 684w&quot; sizes=&quot;103px&quot;&gt;&lt;/a&gt;&lt;/span&gt;&lt;!-- ^TTT --&gt;&lt;!-- TTT$ --&gt;&lt;/span&gt;&lt;span class=&quot;shadow-holder&quot; data-embed-type=&quot;deviation&quot; data-embed-id=&quot;782186107&quot; data-embed-format=&quot;thumb&quot;&gt;&lt;span class=&quot;shadow mild&quot; &gt;&lt;a class=&quot;thumb ismature&quot; href=&quot;https://www.deviantart.com/sakimichan/art/Lightning-suit-pinup-782186107&quot; title=&quot;Lightning suit pinup by sakimichan, Jan 22, 2019 in Fan Art &amp;gt; Digital Art &amp;gt; Drawings &amp;gt; Games&quot;data-super-img=&quot;https://images-wixmp-ed30a86b8c4ca887773594c2.wixmp.com/intermediary/f/9ad8fbc8-aee8-4e92-a04b-6abf7a036a51/dcxoynv-82d5159d-a6b9-401e-9aa7-bd27e746a71d.jpg&quot; data-super-width=&quot;684&quot; data-super-height=&quot;1000&quot; data-super-transparent=&quot;false&quot; data-super-alt=&quot;Lightning suit pinup by sakimichan&quot; data-super-full-img=&quot;https://images-wixmp-ed30a86b8c4ca887773594c2.wixmp.com/intermediary/f/9ad8fbc8-aee8-4e92-a04b-6abf7a036a51/dcxoynv-82d5159d-a6b9-401e-9aa7-bd27e746a71d.jpg&quot; data-super-full-width=&quot;684&quot; data-super-full-height=&quot;1000&quot;        data-sigil=&quot;thumb&quot;&gt;
                &lt;div class=&quot;thumb_agegate&quot;&gt;
            &lt;div class=&quot;agegate&quot;&gt;
                &lt;div class=&quot;nogo icon-blocked&quot;&gt;&lt;/div&gt;
                &lt;h1&gt;Mature Content&lt;/h1&gt;
            &lt;/div&gt;
        &lt;/div&gt;
        &lt;i&gt;&lt;/i&gt;&lt;img   width=&quot;103&quot; height=&quot;150&quot; alt=&quot;Lightning suit pinup by sakimichan&quot; src=&quot;https://images-wixmp-ed30a86b8c4ca887773594c2.wixmp.com/intermediary/f/9ad8fbc8-aee8-4e92-a04b-6abf7a036a51/dcxoynv-82d5159d-a6b9-401e-9aa7-bd27e746a71d.jpg/v1/fit/w_150,h_150,q_70,strp/lightning_suit_pinup_by_sakimichan_dcxoynv-150.jpg&quot; data-src=&quot;https://images-wixmp-ed30a86b8c4ca887773594c2.wixmp.com/intermediary/f/9ad8fbc8-aee8-4e92-a04b-6abf7a036a51/dcxoynv-82d5159d-a6b9-401e-9aa7-bd27e746a71d.jpg/v1/fit/w_150,h_150,q_70,strp/lightning_suit_pinup_by_sakimichan_dcxoynv-150.jpg&quot; srcset=&quot;https://images-wixmp-ed30a86b8c4ca887773594c2.wixmp.com/intermediary/f/9ad8fbc8-aee8-4e92-a04b-6abf7a036a51/dcxoynv-82d5159d-a6b9-401e-9aa7-bd27e746a71d.jpg/v1/fit/w_150,h_150,q_70,strp/lightning_suit_pinup_by_sakimichan_dcxoynv-150.jpg 103w,https://images-wixmp-ed30a86b8c4ca887773594c2.wixmp.com/intermediary/f/9ad8fbc8-aee8-4e92-a04b-6abf7a036a51/dcxoynv-82d5159d-a6b9-401e-9aa7-bd27e746a71d.jpg/v1/fill/w_171,h_250,q_70,strp/lightning_suit_pinup_by_sakimichan_dcxoynv-250t.jpg 171w,https://images-wixmp-ed30a86b8c4ca887773594c2.wixmp.com/intermediary/f/9ad8fbc8-aee8-4e92-a04b-6abf7a036a51/dcxoynv-82d5159d-a6b9-401e-9aa7-bd27e746a71d.jpg/v1/crop/w_239,h_350,x_0,y_0,scl_0.35087719298246,q_70,strp/lightning_suit_pinup_by_sakimichan_dcxoynv-350t.jpg 239w,https://images-wixmp-ed30a86b8c4ca887773594c2.wixmp.com/intermediary/f/9ad8fbc8-aee8-4e92-a04b-6abf7a036a51/dcxoynv-82d5159d-a6b9-401e-9aa7-bd27e746a71d.jpg/v1/crop/w_274,h_400,x_0,y_0,scl_0.40058479532164,q_70,strp/lightning_suit_pinup_by_sakimichan_dcxoynv-400t.jpg 274w,https://images-wixmp-ed30a86b8c4ca887773594c2.wixmp.com/intermediary/f/9ad8fbc8-aee8-4e92-a04b-6abf7a036a51/dcxoynv-82d5159d-a6b9-401e-9aa7-bd27e746a71d.jpg 684w&quot; sizes=&quot;103px&quot;&gt;&lt;/a&gt;&lt;/span&gt;&lt;!-- ^TTT --&gt;&lt;!-- TTT$ --&gt;&lt;/span&gt;&lt;span class=&quot;shadow-holder&quot; data-embed-type=&quot;deviation&quot; data-embed-id=&quot;782634128&quot; data-embed-format=&quot;thumb&quot;&gt;&lt;span class=&quot;shadow mild&quot; &gt;&lt;a class=&quot;thumb&quot; href=&quot;https://www.deviantart.com/sakimichan/art/2B-victorian-ruffle-v1-782634128&quot; title=&quot;2B -victorian ruffle v1 - by sakimichan, Jan 25, 2019 in Fan Art &amp;gt; Digital Art &amp;gt; Drawings &amp;gt; Games&quot;data-super-img=&quot;https://images-wixmp-ed30a86b8c4ca887773594c2.wixmp.com/intermediary/f/9ad8fbc8-aee8-4e92-a04b-6abf7a036a51/dcxykcw-94022ca6-8f1e-4727-9c2e-a13f36b59743.jpg&quot; data-super-width=&quot;684&quot; data-super-height=&quot;1000&quot; data-super-transparent=&quot;false&quot; data-super-alt=&quot;2B -victorian ruffle v1 - by sakimichan&quot; data-super-full-img=&quot;https://images-wixmp-ed30a86b8c4ca887773594c2.wixmp.com/intermediary/f/9ad8fbc8-aee8-4e92-a04b-6abf7a036a51/dcxykcw-94022ca6-8f1e-4727-9c2e-a13f36b59743.jpg&quot; data-super-full-width=&quot;684&quot; data-super-full-height=&quot;1000&quot;        data-sigil=&quot;thumb&quot;&gt;
        &lt;i&gt;&lt;/i&gt;&lt;img   width=&quot;103&quot; height=&quot;150&quot; alt=&quot;2B -victorian ruffle v1 - by sakimichan&quot; src=&quot;https://images-wixmp-ed30a86b8c4ca887773594c2.wixmp.com/intermediary/f/9ad8fbc8-aee8-4e92-a04b-6abf7a036a51/dcxykcw-94022ca6-8f1e-4727-9c2e-a13f36b59743.jpg/v1/fit/w_150,h_150,q_70,strp/2b__victorian_ruffle_v1___by_sakimichan_dcxykcw-150.jpg&quot; data-src=&quot;https://images-wixmp-ed30a86b8c4ca887773594c2.wixmp.com/intermediary/f/9ad8fbc8-aee8-4e92-a04b-6abf7a036a51/dcxykcw-94022ca6-8f1e-4727-9c2e-a13f36b59743.jpg/v1/fit/w_150,h_150,q_70,strp/2b__victorian_ruffle_v1___by_sakimichan_dcxykcw-150.jpg&quot; srcset=&quot;https://images-wixmp-ed30a86b8c4ca887773594c2.wixmp.com/intermediary/f/9ad8fbc8-aee8-4e92-a04b-6abf7a036a51/dcxykcw-94022ca6-8f1e-4727-9c2e-a13f36b59743.jpg/v1/fit/w_150,h_150,q_70,strp/2b__victorian_ruffle_v1___by_sakimichan_dcxykcw-150.jpg 103w,https://images-wixmp-ed30a86b8c4ca887773594c2.wixmp.com/intermediary/f/9ad8fbc8-aee8-4e92-a04b-6abf7a036a51/dcxykcw-94022ca6-8f1e-4727-9c2e-a13f36b59743.jpg/v1/fill/w_171,h_250,q_70,strp/2b__victorian_ruffle_v1___by_sakimichan_dcxykcw-250t.jpg 171w,https://images-wixmp-ed30a86b8c4ca887773594c2.wixmp.com/intermediary/f/9ad8fbc8-aee8-4e92-a04b-6abf7a036a51/dcxykcw-94022ca6-8f1e-4727-9c2e-a13f36b59743.jpg/v1/crop/w_239,h_350,x_0,y_0,scl_0.35087719298246,q_70,strp/2b__victorian_ruffle_v1___by_sakimichan_dcxykcw-350t.jpg 239w,https://images-wixmp-ed30a86b8c4ca887773594c2.wixmp.com/intermediary/f/9ad8fbc8-aee8-4e92-a04b-6abf7a036a51/dcxykcw-94022ca6-8f1e-4727-9c2e-a13f36b59743.jpg/v1/crop/w_274,h_400,x_0,y_0,scl_0.40058479532164,q_70,strp/2b__victorian_ruffle_v1___by_sakimichan_dcxykcw-400t.jpg 274w,https://images-wixmp-ed30a86b8c4ca887773594c2.wixmp.com/intermediary/f/9ad8fbc8-aee8-4e92-a04b-6abf7a036a51/dcxykcw-94022ca6-8f1e-4727-9c2e-a13f36b59743.jpg 684w&quot; sizes=&quot;103px&quot;&gt;&lt;/a&gt;&lt;/span&gt;&lt;!-- ^TTT --&gt;&lt;!-- TTT$ --&gt;&lt;/span&gt;&lt;span class=&quot;shadow-holder&quot; data-embed-type=&quot;deviation&quot; data-embed-id=&quot;782756189&quot; data-embed-format=&quot;thumb&quot;&gt;&lt;span class=&quot;shadow mild&quot; &gt;&lt;a class=&quot;thumb ismature&quot; href=&quot;https://www.deviantart.com/sakimichan/art/2b-Victorian-classic-color-782756189&quot; title=&quot;2b Victorian classic color by sakimichan, Jan 26, 2019 in Fan Art &amp;gt; Digital Art &amp;gt; Drawings &amp;gt; Games&quot;data-super-img=&quot;https://images-wixmp-ed30a86b8c4ca887773594c2.wixmp.com/intermediary/f/9ad8fbc8-aee8-4e92-a04b-6abf7a036a51/dcy16jh-3abc9294-d5f2-4d4b-8099-57a3ef8b3d33.jpg&quot; data-super-width=&quot;479&quot; data-super-height=&quot;700&quot; data-super-transparent=&quot;false&quot; data-super-alt=&quot;2b Victorian classic color by sakimichan&quot; data-super-full-img=&quot;https://images-wixmp-ed30a86b8c4ca887773594c2.wixmp.com/intermediary/f/9ad8fbc8-aee8-4e92-a04b-6abf7a036a51/dcy16jh-3abc9294-d5f2-4d4b-8099-57a3ef8b3d33.jpg&quot; data-super-full-width=&quot;479&quot; data-super-full-height=&quot;700&quot;        data-sigil=&quot;thumb&quot;&gt;
                &lt;div class=&quot;thumb_agegate&quot;&gt;
            &lt;div class=&quot;agegate&quot;&gt;
                &lt;div class=&quot;nogo icon-blocked&quot;&gt;&lt;/div&gt;
                &lt;h1&gt;Mature Content&lt;/h1&gt;
            &lt;/div&gt;
        &lt;/div&gt;
        &lt;i&gt;&lt;/i&gt;&lt;img   width=&quot;103&quot; height=&quot;150&quot; alt=&quot;2b Victorian classic color by sakimichan&quot; src=&quot;https://images-wixmp-ed30a86b8c4ca887773594c2.wixmp.com/intermediary/f/9ad8fbc8-aee8-4e92-a04b-6abf7a036a51/dcy16jh-3abc9294-d5f2-4d4b-8099-57a3ef8b3d33.jpg/v1/fit/w_150,h_150,q_70,strp/2b_victorian_classic_color_by_sakimichan_dcy16jh-150.jpg&quot; data-src=&quot;https://images-wixmp-ed30a86b8c4ca887773594c2.wixmp.com/intermediary/f/9ad8fbc8-aee8-4e92-a04b-6abf7a036a51/dcy16jh-3abc9294-d5f2-4d4b-8099-57a3ef8b3d33.jpg/v1/fit/w_150,h_150,q_70,strp/2b_victorian_classic_color_by_sakimichan_dcy16jh-150.jpg&quot; srcset=&quot;https://images-wixmp-ed30a86b8c4ca887773594c2.wixmp.com/intermediary/f/9ad8fbc8-aee8-4e92-a04b-6abf7a036a51/dcy16jh-3abc9294-d5f2-4d4b-8099-57a3ef8b3d33.jpg/v1/fit/w_150,h_150,q_70,strp/2b_victorian_classic_color_by_sakimichan_dcy16jh-150.jpg 103w,https://images-wixmp-ed30a86b8c4ca887773594c2.wixmp.com/intermediary/f/9ad8fbc8-aee8-4e92-a04b-6abf7a036a51/dcy16jh-3abc9294-d5f2-4d4b-8099-57a3ef8b3d33.jpg/v1/fill/w_171,h_250,q_70,strp/2b_victorian_classic_color_by_sakimichan_dcy16jh-250t.jpg 171w,https://images-wixmp-ed30a86b8c4ca887773594c2.wixmp.com/intermediary/f/9ad8fbc8-aee8-4e92-a04b-6abf7a036a51/dcy16jh-3abc9294-d5f2-4d4b-8099-57a3ef8b3d33.jpg/v1/crop/w_240,h_350,x_0,y_0,scl_0.50104384133612,q_70,strp/2b_victorian_classic_color_by_sakimichan_dcy16jh-350t.jpg 240w,https://images-wixmp-ed30a86b8c4ca887773594c2.wixmp.com/intermediary/f/9ad8fbc8-aee8-4e92-a04b-6abf7a036a51/dcy16jh-3abc9294-d5f2-4d4b-8099-57a3ef8b3d33.jpg/v1/fill/w_274,h_400,q_70,strp/2b_victorian_classic_color_by_sakimichan_dcy16jh-400t.jpg 274w,https://images-wixmp-ed30a86b8c4ca887773594c2.wixmp.com/intermediary/f/9ad8fbc8-aee8-4e92-a04b-6abf7a036a51/dcy16jh-3abc9294-d5f2-4d4b-8099-57a3ef8b3d33.jpg 479w&quot; sizes=&quot;103px&quot;&gt;&lt;/a&gt;&lt;/span&gt;&lt;!-- ^TTT --&gt;&lt;!-- TTT$ --&gt;&lt;/span&gt;&lt;br /&gt;&lt;br /&gt;&lt;br /&gt;&lt;a href=&quot;https://sakimichan.deviantart.com/journal/Patreon-Rewards-Archive-498302321&quot;&gt;reward archive&amp;nbsp;&lt;/a&gt;( see what rewards you can get by helping support me !)&lt;br /&gt;Thank you for your interest!&lt;br /&gt;&lt;br /&gt;used: photoshop CS6&lt;/div&gt;&lt;/div&gt;&lt;/div&gt;&lt;br /&gt;&lt;div&gt;&lt;img src=&quot;https://t00.deviantart.net/8rUCxBCNeuRt86lRZzdsk561dcU=/300x200/filters:fixed_height(100,100):origin()/pre00/9f68/th/pre/f/2019/055/d/5/wedding_lace_mercy_02_by_sakimichan-dd0mph0.jpg&quot; alt=&quot;thumbnail&quot; /&gt;&lt;/div&gt;</description>            </item>
                    <item>
                <title>2B Kaines outfit</title>
                <link>https://didi-esmeralda.deviantart.com/art/2B-Kaines-outfit-787184078</link>
                <guid isPermaLink="true">https://didi-esmeralda.deviantart.com/art/2B-Kaines-outfit-787184078</guid>
                <pubDate>Mon, 25 Feb 2019 05:31:21 PST</pubDate>
                        <media:title type="plain">2B Kaines outfit</media:title>
        <media:keywords></media:keywords>
                        <media:rating>adult</media:rating>
                <media:category label="Games">fanart/manga/digital/games</media:category>
        <media:credit role="author" scheme="urn:ebu">Didi-Esmeralda</media:credit>
        <media:credit role="author" scheme="urn:ebu">https://a.deviantart.net/avatars/d/i/didi-esmeralda.jpg?1</media:credit>
        <media:copyright url="https://didi-esmeralda.deviantart.com">Copyright 2019 Didi-Esmeralda</media:copyright>            <media:description type="html">&lt;p&gt;&lt;a href=&quot;https://www.deviantart.com/linux-rules/art/Patreon-2017-iOS-Icon-ultramini-687003319&quot; class=&quot;emoticon&quot; data-embed-type=&quot;emoticon&quot; data-embed-id=&quot;687003319&quot; data-embed-profile=&quot;deviation&quot;&gt;&lt;img src=&quot;https://images-wixmp-ed30a86b8c4ca887773594c2.wixmp.com/intermediary/f/25e46574-05d5-4425-916d-e5292bb066ac/dbd0v5j-989c0efc-79a6-45ed-b2f0-39ba9d1eb470.png&quot; alt=&quot;Patreon (2017, iOS) Icon ultramini&quot; style=&quot;width:16px;height:16px&quot;&gt;&lt;/a&gt;&amp;nbsp;&lt;a class=&quot;external&quot; href=&quot;https://www.deviantart.com/users/outgoing?https://www.patreon.com/DidiEsmeralda&quot;&gt;PATREON&lt;/a&gt;&amp;nbsp;|&amp;nbsp;&lt;a href=&quot;https://www.deviantart.com/poserfan/art/GumRoad-Icon-610621158&quot; class=&quot;emoticon&quot; data-embed-type=&quot;emoticon&quot; data-embed-id=&quot;610621158&quot; data-embed-profile=&quot;deviation&quot;&gt;&lt;img src=&quot;https://images-wixmp-ed30a86b8c4ca887773594c2.wixmp.com/intermediary/f/0a6e9796-d386-4234-97d1-d46c16906e81/da3jqau-69d0ef7f-916c-4086-b61e-fde14d0a3a8d.png&quot; alt=&quot;GumRoad Icon&quot; style=&quot;width:16px;height:16px&quot;&gt;&lt;/a&gt;&amp;nbsp;&lt;a class=&quot;external&quot; href=&quot;https://www.deviantart.com/users/outgoing?https://gumroad.com/didiesmeralda&quot;&gt;GUMROAD&lt;/a&gt;&amp;nbsp;|&amp;nbsp;&lt;b&gt;&amp;nbsp;&lt;img src=&quot;https://e.deviantart.net/emoticons/t/twitter_2.gif&quot; alt=&quot;Twitter&quot; style=&quot;width: 16px; height: 16px;&quot; data-embed-type=&quot;emoticon&quot; data-embed-id=&quot;614&quot;&gt;&amp;nbsp;&lt;/b&gt;&lt;a class=&quot;external&quot; href=&quot;https://www.deviantart.com/users/outgoing?https://twitter.com/DidiEsmeralda&quot;&gt;TWITTER&lt;/a&gt;&amp;nbsp;|&amp;nbsp;&lt;b&gt;&lt;a href=&quot;https://www.deviantart.com/poserfan/art/Instagram-New-Icon-608963664&quot; class=&quot;emoticon&quot; data-embed-type=&quot;emoticon&quot; data-embed-id=&quot;608963664&quot; data-embed-profile=&quot;deviation&quot;&gt;&lt;img src=&quot;https://images-wixmp-ed30a86b8c4ca887773594c2.wixmp.com/intermediary/f/0a6e9796-d386-4234-97d1-d46c16906e81/da2k7dc-81054cd1-99a8-4653-bd88-048d077f7265.png&quot; alt=&quot;Instagram New Icon&quot; style=&quot;width:16px;height:16px&quot;&gt;&lt;/a&gt;&amp;nbsp;&lt;/b&gt;&lt;a class=&quot;external&quot; href=&quot;https://www.deviantart.com/users/outgoing?https://www.instagram.com/didi_esmeralda/&quot;&gt;INSTAGRAM&lt;/a&gt;&amp;nbsp;|&amp;nbsp;&lt;a href=&quot;https://www.deviantart.com/liriorox/art/Redbubble-icon-593817458&quot; class=&quot;emoticon&quot; data-embed-type=&quot;emoticon&quot; data-embed-id=&quot;593817458&quot; data-embed-profile=&quot;deviation&quot;&gt;&lt;img src=&quot;https://images-wixmp-ed30a86b8c4ca887773594c2.wixmp.com/intermediary/f/0bd87312-636c-4da8-8502-26c542873b11/d9tjkhe-09046fde-3012-4229-b3fa-cd9ea4061326.png&quot; alt=&quot;Redbubble icon&quot; style=&quot;width:16px;height:16px&quot;&gt;&lt;/a&gt;&lt;a class=&quot;external&quot; href=&quot;https://www.deviantart.com/users/outgoing?https://www.redbubble.com/es/people/DidiEsmeralda/shop&quot;&gt;STORE&lt;/a&gt;&amp;nbsp;|&amp;nbsp;&lt;a href=&quot;https://www.deviantart.com/abloodycanadian/art/Picarto-Icon-533415160&quot; class=&quot;emoticon&quot; data-embed-type=&quot;emoticon&quot; data-embed-id=&quot;533415160&quot; data-embed-profile=&quot;deviation&quot;&gt;&lt;img src=&quot;https://images-wixmp-ed30a86b8c4ca887773594c2.wixmp.com/intermediary/f/98e436f3-bb73-4ab8-8275-2817329cd273/d8tkxrs-1461fe6b-c229-4683-8461-487e8538fd47.png&quot; alt=&quot;Picarto Icon&quot; style=&quot;width:16px;height:16px&quot;&gt;&lt;/a&gt;&lt;a class=&quot;external&quot; href=&quot;https://www.deviantart.com/users/outgoing?https://picarto.tv/DidiEsmeralda&quot;&gt;LIVE DRAWING&lt;/a&gt;&amp;nbsp;|&amp;nbsp;&lt;a href=&quot;https://www.deviantart.com/linux-rules/art/Newgrounds-2-Icon-ultramini-614009711&quot; class=&quot;emoticon&quot; data-embed-type=&quot;emoticon&quot; data-embed-id=&quot;614009711&quot; data-embed-profile=&quot;deviation&quot;&gt;&lt;img src=&quot;https://images-wixmp-ed30a86b8c4ca887773594c2.wixmp.com/intermediary/f/25e46574-05d5-4425-916d-e5292bb066ac/da5kcxb-76928305-6ed9-4a56-9f4d-30d065838c34.png&quot; alt=&quot;Newgrounds (2) Icon ultramini&quot; style=&quot;width:16px;height:16px&quot;&gt;&lt;/a&gt;&amp;nbsp;&lt;a class=&quot;external&quot; href=&quot;https://www.deviantart.com/users/outgoing?http://didiesmeralda.newgrounds.com/&quot;&gt;NEWGROUNDS&lt;/a&gt;&lt;/p&gt;&lt;p&gt;Rewards&amp;nbsp;on Patreon&amp;nbsp;&lt;a class=&quot;external&quot; href=&quot;https://www.deviantart.com/users/outgoing?https://www.patreon.com/posts/public-2b-kaines-24904640&quot;&gt;www.patreon.com/posts/public-2&amp;hellip;&lt;/a&gt;&lt;br /&gt;&lt;br /&gt;&amp;#128526;Wallpapers&lt;/p&gt;&lt;p&gt;&amp;#128526;Wallpapers NSFW +10&lt;br /&gt;&lt;br /&gt;&amp;#128526;High-Res &amp;nbsp;&lt;/p&gt;&lt;p&gt;&amp;#128526;Process Steps &amp;nbsp;&lt;/p&gt;&lt;p&gt;&amp;#128526;NSFW version&lt;/p&gt;&lt;p&gt;&amp;#128526;WIP&lt;br /&gt;&lt;br /&gt;&amp;#128526;NSFW Lingerie version&lt;/p&gt;&lt;p&gt;&amp;#128526;PSD +5 &amp;amp; +10&lt;/p&gt;&lt;p&gt;Thanks for watching&lt;br /&gt;Thanks for the favs&lt;img src=&quot;https://e.deviantart.net/emoticons/p/plusfav.gif&quot; alt=&quot;+fav&quot; style=&quot;width: 15px; height: 16px;&quot; data-embed-type=&quot;emoticon&quot; data-embed-id=&quot;194&quot;&gt;&amp;nbsp;&lt;br /&gt;Thanks for the comments&lt;br /&gt;&lt;br /&gt;&lt;span class=&quot;shadow-holder&quot; data-embed-type=&quot;deviation&quot; data-embed-id=&quot;732945350&quot; data-embed-format=&quot;thumb&quot;&gt;&lt;span class=&quot;shadow mild&quot; &gt;&lt;a class=&quot;thumb&quot; href=&quot;https://www.deviantart.com/didi-esmeralda/art/Poison-Ivy-and-Harley-Fanart-DC-Comics-732945350&quot; title=&quot;Poison Ivy and Harley Fanart | DC Comics by Didi-Esmeralda, Feb 26, 2018 in Cartoons &amp;amp; Comics &amp;gt; Digital Media &amp;gt; Cartoons &amp;gt; Oekaki &amp;gt; Fanart &amp;gt; Cartoons &amp;amp; Comics&quot;data-super-img=&quot;https://images-wixmp-ed30a86b8c4ca887773594c2.wixmp.com/intermediary/f/af0323f3-0177-42dc-912d-c598166ec330/dc4dk92-dddff384-67de-4503-a082-d92620a19dc2.jpg/v1/fill/w_785,h_1018,q_70,strp/poison_ivy_and_harley_fanart___dc_comics_by_didi_esmeralda_dc4dk92-pre.jpg&quot; data-super-width=&quot;785&quot; data-super-height=&quot;1018&quot; data-super-transparent=&quot;false&quot; data-super-alt=&quot;Poison Ivy and Harley Fanart | DC Comics by Didi-Esmeralda&quot; data-super-full-img=&quot;https://images-wixmp-ed30a86b8c4ca887773594c2.wixmp.com/intermediary/f/af0323f3-0177-42dc-912d-c598166ec330/dc4dk92-dddff384-67de-4503-a082-d92620a19dc2.jpg/v1/fill/w_900,h_1167,q_70,strp/poison_ivy_and_harley_fanart___dc_comics_by_didi_esmeralda_dc4dk92-fullview.jpg&quot; data-super-full-width=&quot;900&quot; data-super-full-height=&quot;1167&quot;        data-sigil=&quot;thumb&quot;&gt;
        &lt;i&gt;&lt;/i&gt;&lt;img   width=&quot;116&quot; height=&quot;150&quot; alt=&quot;Poison Ivy and Harley Fanart | DC Comics by Didi-Esmeralda&quot; src=&quot;https://images-wixmp-ed30a86b8c4ca887773594c2.wixmp.com/intermediary/f/af0323f3-0177-42dc-912d-c598166ec330/dc4dk92-dddff384-67de-4503-a082-d92620a19dc2.jpg/v1/fit/w_150,h_150,q_70,strp/poison_ivy_and_harley_fanart___dc_comics_by_didi_esmeralda_dc4dk92-150.jpg&quot; data-src=&quot;https://images-wixmp-ed30a86b8c4ca887773594c2.wixmp.com/intermediary/f/af0323f3-0177-42dc-912d-c598166ec330/dc4dk92-dddff384-67de-4503-a082-d92620a19dc2.jpg/v1/fit/w_150,h_150,q_70,strp/poison_ivy_and_harley_fanart___dc_comics_by_didi_esmeralda_dc4dk92-150.jpg&quot; srcset=&quot;https://images-wixmp-ed30a86b8c4ca887773594c2.wixmp.com/intermediary/f/af0323f3-0177-42dc-912d-c598166ec330/dc4dk92-dddff384-67de-4503-a082-d92620a19dc2.jpg/v1/fit/w_150,h_150,q_70,strp/poison_ivy_and_harley_fanart___dc_comics_by_didi_esmeralda_dc4dk92-150.jpg 116w,https://images-wixmp-ed30a86b8c4ca887773594c2.wixmp.com/intermediary/f/af0323f3-0177-42dc-912d-c598166ec330/dc4dk92-dddff384-67de-4503-a082-d92620a19dc2.jpg/v1/fill/w_193,h_250,q_70,strp/poison_ivy_and_harley_fanart___dc_comics_by_didi_esmeralda_dc4dk92-250t.jpg 193w,https://images-wixmp-ed30a86b8c4ca887773594c2.wixmp.com/intermediary/f/af0323f3-0177-42dc-912d-c598166ec330/dc4dk92-dddff384-67de-4503-a082-d92620a19dc2.jpg/v1/fill/w_270,h_350,q_70,strp/poison_ivy_and_harley_fanart___dc_comics_by_didi_esmeralda_dc4dk92-350t.jpg 270w,https://images-wixmp-ed30a86b8c4ca887773594c2.wixmp.com/intermediary/f/af0323f3-0177-42dc-912d-c598166ec330/dc4dk92-dddff384-67de-4503-a082-d92620a19dc2.jpg/v1/crop/w_308,h_400,x_0,y_0,scl_0.14365411436541,q_70,strp/poison_ivy_and_harley_fanart___dc_comics_by_didi_esmeralda_dc4dk92-400t.jpg 308w,https://images-wixmp-ed30a86b8c4ca887773594c2.wixmp.com/intermediary/f/af0323f3-0177-42dc-912d-c598166ec330/dc4dk92-dddff384-67de-4503-a082-d92620a19dc2.jpg/v1/fill/w_785,h_1018,q_70,strp/poison_ivy_and_harley_fanart___dc_comics_by_didi_esmeralda_dc4dk92-pre.jpg 785w&quot; sizes=&quot;116px&quot;&gt;&lt;/a&gt;&lt;/span&gt;&lt;!-- ^TTT --&gt;&lt;!-- TTT$ --&gt;&lt;/span&gt;&amp;nbsp;&lt;span class=&quot;shadow-holder&quot; data-embed-type=&quot;deviation&quot; data-embed-id=&quot;730713200&quot; data-embed-format=&quot;thumb&quot;&gt;&lt;span class=&quot;shadow mild&quot; &gt;&lt;a class=&quot;thumb&quot; href=&quot;https://www.deviantart.com/didi-esmeralda/art/Valentine-s-Day-Nier-Automata-730713200&quot; title=&quot;Valentine&amp;#039;s Day Nier Automata by Didi-Esmeralda, Feb 13, 2018 in Community Projects &amp;gt; Holidays &amp;gt; 2018 &amp;gt; Valentine Exchange&quot;data-super-img=&quot;https://images-wixmp-ed30a86b8c4ca887773594c2.wixmp.com/intermediary/f/af0323f3-0177-42dc-912d-c598166ec330/dc31pww-51a8e7b3-7340-4ec3-bfae-cee624b92c19.jpg/v1/fill/w_819,h_975,q_70,strp/valentine_s_day_nier_automata_by_didi_esmeralda_dc31pww-pre.jpg&quot; data-super-width=&quot;819&quot; data-super-height=&quot;976&quot; data-super-transparent=&quot;false&quot; data-super-alt=&quot;Valentine&amp;#039;s Day Nier Automata by Didi-Esmeralda&quot; data-super-full-img=&quot;https://images-wixmp-ed30a86b8c4ca887773594c2.wixmp.com/intermediary/f/af0323f3-0177-42dc-912d-c598166ec330/dc31pww-51a8e7b3-7340-4ec3-bfae-cee624b92c19.jpg/v1/fill/w_1024,h_1220,q_70,strp/valentine_s_day_nier_automata_by_didi_esmeralda_dc31pww-fullview.jpg&quot; data-super-full-width=&quot;1024&quot; data-super-full-height=&quot;1220&quot;        data-sigil=&quot;thumb&quot;&gt;
        &lt;i&gt;&lt;/i&gt;&lt;img   width=&quot;126&quot; height=&quot;150&quot; alt=&quot;Valentine&amp;#039;s Day Nier Automata by Didi-Esmeralda&quot; src=&quot;https://images-wixmp-ed30a86b8c4ca887773594c2.wixmp.com/intermediary/f/af0323f3-0177-42dc-912d-c598166ec330/dc31pww-51a8e7b3-7340-4ec3-bfae-cee624b92c19.jpg/v1/fit/w_150,h_150,q_70,strp/valentine_s_day_nier_automata_by_didi_esmeralda_dc31pww-150.jpg&quot; data-src=&quot;https://images-wixmp-ed30a86b8c4ca887773594c2.wixmp.com/intermediary/f/af0323f3-0177-42dc-912d-c598166ec330/dc31pww-51a8e7b3-7340-4ec3-bfae-cee624b92c19.jpg/v1/fit/w_150,h_150,q_70,strp/valentine_s_day_nier_automata_by_didi_esmeralda_dc31pww-150.jpg&quot; srcset=&quot;https://images-wixmp-ed30a86b8c4ca887773594c2.wixmp.com/intermediary/f/af0323f3-0177-42dc-912d-c598166ec330/dc31pww-51a8e7b3-7340-4ec3-bfae-cee624b92c19.jpg/v1/fit/w_150,h_150,q_70,strp/valentine_s_day_nier_automata_by_didi_esmeralda_dc31pww-150.jpg 126w,https://images-wixmp-ed30a86b8c4ca887773594c2.wixmp.com/intermediary/f/af0323f3-0177-42dc-912d-c598166ec330/dc31pww-51a8e7b3-7340-4ec3-bfae-cee624b92c19.jpg/v1/fill/w_210,h_250,q_70,strp/valentine_s_day_nier_automata_by_didi_esmeralda_dc31pww-250t.jpg 210w,https://images-wixmp-ed30a86b8c4ca887773594c2.wixmp.com/intermediary/f/af0323f3-0177-42dc-912d-c598166ec330/dc31pww-51a8e7b3-7340-4ec3-bfae-cee624b92c19.jpg/v1/fill/w_294,h_350,q_70,strp/valentine_s_day_nier_automata_by_didi_esmeralda_dc31pww-350t.jpg 294w,https://images-wixmp-ed30a86b8c4ca887773594c2.wixmp.com/intermediary/f/af0323f3-0177-42dc-912d-c598166ec330/dc31pww-51a8e7b3-7340-4ec3-bfae-cee624b92c19.jpg/v1/fill/w_336,h_400,q_70,strp/valentine_s_day_nier_automata_by_didi_esmeralda_dc31pww-400t.jpg 336w,https://images-wixmp-ed30a86b8c4ca887773594c2.wixmp.com/intermediary/f/af0323f3-0177-42dc-912d-c598166ec330/dc31pww-51a8e7b3-7340-4ec3-bfae-cee624b92c19.jpg/v1/fill/w_819,h_975,q_70,strp/valentine_s_day_nier_automata_by_didi_esmeralda_dc31pww-pre.jpg 819w&quot; sizes=&quot;126px&quot;&gt;&lt;/a&gt;&lt;/span&gt;&lt;!-- ^TTT --&gt;&lt;!-- TTT$ --&gt;&lt;/span&gt;&amp;nbsp;&lt;span class=&quot;shadow-holder&quot; data-embed-type=&quot;deviation&quot; data-embed-id=&quot;728667735&quot; data-embed-format=&quot;thumb&quot;&gt;&lt;span class=&quot;shadow mild&quot; &gt;&lt;a class=&quot;thumb&quot; href=&quot;https://www.deviantart.com/didi-esmeralda/art/Dva-Overwatch-Fanart-728667735&quot; title=&quot;Dva Overwatch Fanart by Didi-Esmeralda, Feb 1, 2018 in Fan Art &amp;gt; Digital Art &amp;gt; Painting &amp;amp; Airbrushing &amp;gt; Games&quot;data-super-img=&quot;https://images-wixmp-ed30a86b8c4ca887773594c2.wixmp.com/intermediary/f/af0323f3-0177-42dc-912d-c598166ec330/dc1tvmf-34300006-8c96-4e9d-8c71-73c4f2e2cf4c.jpg/v1/fill/w_724,h_1104,q_70,strp/dva_overwatch_fanart_by_didi_esmeralda_dc1tvmf-pre.jpg&quot; data-super-width=&quot;724&quot; data-super-height=&quot;1104&quot; data-super-transparent=&quot;false&quot; data-super-alt=&quot;Dva Overwatch Fanart by Didi-Esmeralda&quot; data-super-full-img=&quot;https://images-wixmp-ed30a86b8c4ca887773594c2.wixmp.com/intermediary/f/af0323f3-0177-42dc-912d-c598166ec330/dc1tvmf-34300006-8c96-4e9d-8c71-73c4f2e2cf4c.jpg&quot; data-super-full-width=&quot;775&quot; data-super-full-height=&quot;1181&quot;        data-sigil=&quot;thumb&quot;&gt;
        &lt;i&gt;&lt;/i&gt;&lt;img   width=&quot;98&quot; height=&quot;150&quot; alt=&quot;Dva Overwatch Fanart by Didi-Esmeralda&quot; src=&quot;https://images-wixmp-ed30a86b8c4ca887773594c2.wixmp.com/intermediary/f/af0323f3-0177-42dc-912d-c598166ec330/dc1tvmf-34300006-8c96-4e9d-8c71-73c4f2e2cf4c.jpg/v1/fit/w_150,h_150,q_70,strp/dva_overwatch_fanart_by_didi_esmeralda_dc1tvmf-150.jpg&quot; data-src=&quot;https://images-wixmp-ed30a86b8c4ca887773594c2.wixmp.com/intermediary/f/af0323f3-0177-42dc-912d-c598166ec330/dc1tvmf-34300006-8c96-4e9d-8c71-73c4f2e2cf4c.jpg/v1/fit/w_150,h_150,q_70,strp/dva_overwatch_fanart_by_didi_esmeralda_dc1tvmf-150.jpg&quot; srcset=&quot;https://images-wixmp-ed30a86b8c4ca887773594c2.wixmp.com/intermediary/f/af0323f3-0177-42dc-912d-c598166ec330/dc1tvmf-34300006-8c96-4e9d-8c71-73c4f2e2cf4c.jpg/v1/fit/w_150,h_150,q_70,strp/dva_overwatch_fanart_by_didi_esmeralda_dc1tvmf-150.jpg 98w,https://images-wixmp-ed30a86b8c4ca887773594c2.wixmp.com/intermediary/f/af0323f3-0177-42dc-912d-c598166ec330/dc1tvmf-34300006-8c96-4e9d-8c71-73c4f2e2cf4c.jpg/v1/fill/w_164,h_250,q_70,strp/dva_overwatch_fanart_by_didi_esmeralda_dc1tvmf-250t.jpg 164w,https://images-wixmp-ed30a86b8c4ca887773594c2.wixmp.com/intermediary/f/af0323f3-0177-42dc-912d-c598166ec330/dc1tvmf-34300006-8c96-4e9d-8c71-73c4f2e2cf4c.jpg/v1/fill/w_230,h_350,q_70,strp/dva_overwatch_fanart_by_didi_esmeralda_dc1tvmf-350t.jpg 230w,https://images-wixmp-ed30a86b8c4ca887773594c2.wixmp.com/intermediary/f/af0323f3-0177-42dc-912d-c598166ec330/dc1tvmf-34300006-8c96-4e9d-8c71-73c4f2e2cf4c.jpg/v1/crop/w_262,h_400,x_0,y_0,scl_0.33935483870968,q_70,strp/dva_overwatch_fanart_by_didi_esmeralda_dc1tvmf-400t.jpg 262w,https://images-wixmp-ed30a86b8c4ca887773594c2.wixmp.com/intermediary/f/af0323f3-0177-42dc-912d-c598166ec330/dc1tvmf-34300006-8c96-4e9d-8c71-73c4f2e2cf4c.jpg/v1/fill/w_724,h_1104,q_70,strp/dva_overwatch_fanart_by_didi_esmeralda_dc1tvmf-pre.jpg 724w&quot; sizes=&quot;98px&quot;&gt;&lt;/a&gt;&lt;/span&gt;&lt;!-- ^TTT --&gt;&lt;!-- TTT$ --&gt;&lt;/span&gt;&amp;nbsp;&lt;span class=&quot;shadow-holder&quot; data-embed-type=&quot;deviation&quot; data-embed-id=&quot;727634159&quot; data-embed-format=&quot;thumb&quot;&gt;&lt;span class=&quot;shadow mild&quot; &gt;&lt;a class=&quot;thumb&quot; href=&quot;https://www.deviantart.com/didi-esmeralda/art/WidowmakerNova-Overwatch-Fanart-727634159&quot; title=&quot;WidowmakerNova | Overwatch Fanart by Didi-Esmeralda, Jan 26, 2018 in Cartoons &amp;amp; Comics &amp;gt; Digital Media &amp;gt; Cartoons &amp;gt; Oekaki &amp;gt; Fanart &amp;gt; Games&quot;data-super-img=&quot;https://images-wixmp-ed30a86b8c4ca887773594c2.wixmp.com/intermediary/f/af0323f3-0177-42dc-912d-c598166ec330/dc17q3z-627b9a77-4def-4fbc-b3f9-cfff4baef328.jpg/v1/fill/w_751,h_1063,q_70,strp/widowmakernova___overwatch_fanart_by_didi_esmeralda_dc17q3z-pre.jpg&quot; data-super-width=&quot;751&quot; data-super-height=&quot;1063&quot; data-super-transparent=&quot;false&quot; data-super-alt=&quot;WidowmakerNova | Overwatch Fanart by Didi-Esmeralda&quot; data-super-full-img=&quot;https://images-wixmp-ed30a86b8c4ca887773594c2.wixmp.com/intermediary/f/af0323f3-0177-42dc-912d-c598166ec330/dc17q3z-627b9a77-4def-4fbc-b3f9-cfff4baef328.jpg/v1/fill/w_1024,h_1449,q_70,strp/widowmakernova___overwatch_fanart_by_didi_esmeralda_dc17q3z-fullview.jpg&quot; data-super-full-width=&quot;1024&quot; data-super-full-height=&quot;1449&quot;        data-sigil=&quot;thumb&quot;&gt;
        &lt;i&gt;&lt;/i&gt;&lt;img   width=&quot;106&quot; height=&quot;150&quot; alt=&quot;WidowmakerNova | Overwatch Fanart by Didi-Esmeralda&quot; src=&quot;https://images-wixmp-ed30a86b8c4ca887773594c2.wixmp.com/intermediary/f/af0323f3-0177-42dc-912d-c598166ec330/dc17q3z-627b9a77-4def-4fbc-b3f9-cfff4baef328.jpg/v1/fit/w_150,h_150,q_70,strp/widowmakernova___overwatch_fanart_by_didi_esmeralda_dc17q3z-150.jpg&quot; data-src=&quot;https://images-wixmp-ed30a86b8c4ca887773594c2.wixmp.com/intermediary/f/af0323f3-0177-42dc-912d-c598166ec330/dc17q3z-627b9a77-4def-4fbc-b3f9-cfff4baef328.jpg/v1/fit/w_150,h_150,q_70,strp/widowmakernova___overwatch_fanart_by_didi_esmeralda_dc17q3z-150.jpg&quot; srcset=&quot;https://images-wixmp-ed30a86b8c4ca887773594c2.wixmp.com/intermediary/f/af0323f3-0177-42dc-912d-c598166ec330/dc17q3z-627b9a77-4def-4fbc-b3f9-cfff4baef328.jpg/v1/fit/w_150,h_150,q_70,strp/widowmakernova___overwatch_fanart_by_didi_esmeralda_dc17q3z-150.jpg 106w,https://images-wixmp-ed30a86b8c4ca887773594c2.wixmp.com/intermediary/f/af0323f3-0177-42dc-912d-c598166ec330/dc17q3z-627b9a77-4def-4fbc-b3f9-cfff4baef328.jpg/v1/fill/w_177,h_250,q_70,strp/widowmakernova___overwatch_fanart_by_didi_esmeralda_dc17q3z-250t.jpg 177w,https://images-wixmp-ed30a86b8c4ca887773594c2.wixmp.com/intermediary/f/af0323f3-0177-42dc-912d-c598166ec330/dc17q3z-627b9a77-4def-4fbc-b3f9-cfff4baef328.jpg/v1/crop/w_247,h_350,x_0,y_0,scl_0.1204468188441,q_70,strp/widowmakernova___overwatch_fanart_by_didi_esmeralda_dc17q3z-350t.jpg 247w,https://images-wixmp-ed30a86b8c4ca887773594c2.wixmp.com/intermediary/f/af0323f3-0177-42dc-912d-c598166ec330/dc17q3z-627b9a77-4def-4fbc-b3f9-cfff4baef328.jpg/v1/fill/w_283,h_400,q_70,strp/widowmakernova___overwatch_fanart_by_didi_esmeralda_dc17q3z-400t.jpg 283w,https://images-wixmp-ed30a86b8c4ca887773594c2.wixmp.com/intermediary/f/af0323f3-0177-42dc-912d-c598166ec330/dc17q3z-627b9a77-4def-4fbc-b3f9-cfff4baef328.jpg/v1/fill/w_751,h_1063,q_70,strp/widowmakernova___overwatch_fanart_by_didi_esmeralda_dc17q3z-pre.jpg 751w&quot; sizes=&quot;106px&quot;&gt;&lt;/a&gt;&lt;/span&gt;&lt;!-- ^TTT --&gt;&lt;!-- TTT$ --&gt;&lt;/span&gt;&amp;nbsp;&lt;span class=&quot;shadow-holder&quot; data-embed-type=&quot;deviation&quot; data-embed-id=&quot;699388281&quot; data-embed-format=&quot;thumb&quot;&gt;&lt;span class=&quot;shadow mild&quot; &gt;&lt;a class=&quot;thumb&quot; href=&quot;https://www.deviantart.com/didi-esmeralda/art/Mercy-Summer-Games-Skin-2017-699388281&quot; title=&quot;Mercy Summer Games Skin 2017 by Didi-Esmeralda, Aug 17, 2017 in Fan Art &amp;gt; Digital Art &amp;gt; Painting &amp;amp; Airbrushing &amp;gt; Games&quot;data-super-img=&quot;https://images-wixmp-ed30a86b8c4ca887773594c2.wixmp.com/intermediary/f/af0323f3-0177-42dc-912d-c598166ec330/dbkebg9-4fc13b71-960c-440f-9b50-dfdbfaa49e36.jpg/v1/fill/w_753,h_1062,q_70,strp/mercy_summer_games_skin_2017_by_didi_esmeralda_dbkebg9-pre.jpg&quot; data-super-width=&quot;752&quot; data-super-height=&quot;1062&quot; data-super-transparent=&quot;false&quot; data-super-alt=&quot;Mercy Summer Games Skin 2017 by Didi-Esmeralda&quot; data-super-full-img=&quot;https://images-wixmp-ed30a86b8c4ca887773594c2.wixmp.com/intermediary/f/af0323f3-0177-42dc-912d-c598166ec330/dbkebg9-4fc13b71-960c-440f-9b50-dfdbfaa49e36.jpg/v1/fill/w_800,h_1129,q_70,strp/mercy_summer_games_skin_2017_by_didi_esmeralda_dbkebg9-fullview.jpg&quot; data-super-full-width=&quot;800&quot; data-super-full-height=&quot;1129&quot;        data-sigil=&quot;thumb&quot;&gt;
        &lt;i&gt;&lt;/i&gt;&lt;img   width=&quot;106&quot; height=&quot;150&quot; alt=&quot;Mercy Summer Games Skin 2017 by Didi-Esmeralda&quot; src=&quot;https://images-wixmp-ed30a86b8c4ca887773594c2.wixmp.com/intermediary/f/af0323f3-0177-42dc-912d-c598166ec330/dbkebg9-4fc13b71-960c-440f-9b50-dfdbfaa49e36.jpg/v1/fit/w_150,h_150,q_70,strp/mercy_summer_games_skin_2017_by_didi_esmeralda_dbkebg9-150.jpg&quot; data-src=&quot;https://images-wixmp-ed30a86b8c4ca887773594c2.wixmp.com/intermediary/f/af0323f3-0177-42dc-912d-c598166ec330/dbkebg9-4fc13b71-960c-440f-9b50-dfdbfaa49e36.jpg/v1/fit/w_150,h_150,q_70,strp/mercy_summer_games_skin_2017_by_didi_esmeralda_dbkebg9-150.jpg&quot; srcset=&quot;https://images-wixmp-ed30a86b8c4ca887773594c2.wixmp.com/intermediary/f/af0323f3-0177-42dc-912d-c598166ec330/dbkebg9-4fc13b71-960c-440f-9b50-dfdbfaa49e36.jpg/v1/fit/w_150,h_150,q_70,strp/mercy_summer_games_skin_2017_by_didi_esmeralda_dbkebg9-150.jpg 106w,https://images-wixmp-ed30a86b8c4ca887773594c2.wixmp.com/intermediary/f/af0323f3-0177-42dc-912d-c598166ec330/dbkebg9-4fc13b71-960c-440f-9b50-dfdbfaa49e36.jpg/v1/fill/w_177,h_250,q_70,strp/mercy_summer_games_skin_2017_by_didi_esmeralda_dbkebg9-250t.jpg 177w,https://images-wixmp-ed30a86b8c4ca887773594c2.wixmp.com/intermediary/f/af0323f3-0177-42dc-912d-c598166ec330/dbkebg9-4fc13b71-960c-440f-9b50-dfdbfaa49e36.jpg/v1/fill/w_248,h_350,q_70,strp/mercy_summer_games_skin_2017_by_didi_esmeralda_dbkebg9-350t.jpg 248w,https://images-wixmp-ed30a86b8c4ca887773594c2.wixmp.com/intermediary/f/af0323f3-0177-42dc-912d-c598166ec330/dbkebg9-4fc13b71-960c-440f-9b50-dfdbfaa49e36.jpg/v1/crop/w_284,h_400,x_0,y_0,scl_0.13773035887488,q_70,strp/mercy_summer_games_skin_2017_by_didi_esmeralda_dbkebg9-400t.jpg 283w,https://images-wixmp-ed30a86b8c4ca887773594c2.wixmp.com/intermediary/f/af0323f3-0177-42dc-912d-c598166ec330/dbkebg9-4fc13b71-960c-440f-9b50-dfdbfaa49e36.jpg/v1/fill/w_753,h_1062,q_70,strp/mercy_summer_games_skin_2017_by_didi_esmeralda_dbkebg9-pre.jpg 752w&quot; sizes=&quot;106px&quot;&gt;&lt;/a&gt;&lt;/span&gt;&lt;!-- ^TTT --&gt;&lt;!-- TTT$ --&gt;&lt;/span&gt;&lt;/p&gt;</media:description>            <media:thumbnail url="https://t00.deviantart.net/ccWOPb-4qRHSdlo1Go1zhNOsxRA=/fit-in/150x150/filters:no_upscale():origin()/pre00/9227/th/pre/i/2019/056/c/a/2b_kaines_outfit_by_didi_esmeralda-dd0o34e.jpg" height="135" width="150"/>            <media:thumbnail url="https://t00.deviantart.net/LMwJbURPGlcFxjQfbh8VnUpXsNo=/fit-in/300x900/filters:no_upscale():origin()/pre00/9227/th/pre/i/2019/056/c/a/2b_kaines_outfit_by_didi_esmeralda-dd0o34e.jpg" height="270" width="300"/>            <media:thumbnail url="https://t00.deviantart.net/_l6qgMy_44yOmkBw-NFzqodGu3E=/300x200/filters:fixed_height(100,100):origin()/pre00/9227/th/pre/i/2019/056/c/a/2b_kaines_outfit_by_didi_esmeralda-dd0o34e.jpg" height="200" width="222"/>            <media:content url="https://img00.deviantart.net/7fd9/i/2019/056/c/a/2b_kaines_outfit_by_didi_esmeralda-dd0o34e.jpg" height="811" width="900" medium="image"/>            
            <description>&lt;p&gt;&lt;a href=&quot;https://www.deviantart.com/linux-rules/art/Patreon-2017-iOS-Icon-ultramini-687003319&quot; class=&quot;emoticon&quot; data-embed-type=&quot;emoticon&quot; data-embed-id=&quot;687003319&quot; data-embed-profile=&quot;deviation&quot;&gt;&lt;img src=&quot;https://images-wixmp-ed30a86b8c4ca887773594c2.wixmp.com/intermediary/f/25e46574-05d5-4425-916d-e5292bb066ac/dbd0v5j-989c0efc-79a6-45ed-b2f0-39ba9d1eb470.png&quot; alt=&quot;Patreon (2017, iOS) Icon ultramini&quot; style=&quot;width:16px;height:16px&quot;&gt;&lt;/a&gt;&amp;nbsp;&lt;a class=&quot;external&quot; href=&quot;https://www.deviantart.com/users/outgoing?https://www.patreon.com/DidiEsmeralda&quot;&gt;PATREON&lt;/a&gt;&amp;nbsp;|&amp;nbsp;&lt;a href=&quot;https://www.deviantart.com/poserfan/art/GumRoad-Icon-610621158&quot; class=&quot;emoticon&quot; data-embed-type=&quot;emoticon&quot; data-embed-id=&quot;610621158&quot; data-embed-profile=&quot;deviation&quot;&gt;&lt;img src=&quot;https://images-wixmp-ed30a86b8c4ca887773594c2.wixmp.com/intermediary/f/0a6e9796-d386-4234-97d1-d46c16906e81/da3jqau-69d0ef7f-916c-4086-b61e-fde14d0a3a8d.png&quot; alt=&quot;GumRoad Icon&quot; style=&quot;width:16px;height:16px&quot;&gt;&lt;/a&gt;&amp;nbsp;&lt;a class=&quot;external&quot; href=&quot;https://www.deviantart.com/users/outgoing?https://gumroad.com/didiesmeralda&quot;&gt;GUMROAD&lt;/a&gt;&amp;nbsp;|&amp;nbsp;&lt;b&gt;&amp;nbsp;&lt;img src=&quot;https://e.deviantart.net/emoticons/t/twitter_2.gif&quot; alt=&quot;Twitter&quot; style=&quot;width: 16px; height: 16px;&quot; data-embed-type=&quot;emoticon&quot; data-embed-id=&quot;614&quot;&gt;&amp;nbsp;&lt;/b&gt;&lt;a class=&quot;external&quot; href=&quot;https://www.deviantart.com/users/outgoing?https://twitter.com/DidiEsmeralda&quot;&gt;TWITTER&lt;/a&gt;&amp;nbsp;|&amp;nbsp;&lt;b&gt;&lt;a href=&quot;https://www.deviantart.com/poserfan/art/Instagram-New-Icon-608963664&quot; class=&quot;emoticon&quot; data-embed-type=&quot;emoticon&quot; data-embed-id=&quot;608963664&quot; data-embed-profile=&quot;deviation&quot;&gt;&lt;img src=&quot;https://images-wixmp-ed30a86b8c4ca887773594c2.wixmp.com/intermediary/f/0a6e9796-d386-4234-97d1-d46c16906e81/da2k7dc-81054cd1-99a8-4653-bd88-048d077f7265.png&quot; alt=&quot;Instagram New Icon&quot; style=&quot;width:16px;height:16px&quot;&gt;&lt;/a&gt;&amp;nbsp;&lt;/b&gt;&lt;a class=&quot;external&quot; href=&quot;https://www.deviantart.com/users/outgoing?https://www.instagram.com/didi_esmeralda/&quot;&gt;INSTAGRAM&lt;/a&gt;&amp;nbsp;|&amp;nbsp;&lt;a href=&quot;https://www.deviantart.com/liriorox/art/Redbubble-icon-593817458&quot; class=&quot;emoticon&quot; data-embed-type=&quot;emoticon&quot; data-embed-id=&quot;593817458&quot; data-embed-profile=&quot;deviation&quot;&gt;&lt;img src=&quot;https://images-wixmp-ed30a86b8c4ca887773594c2.wixmp.com/intermediary/f/0bd87312-636c-4da8-8502-26c542873b11/d9tjkhe-09046fde-3012-4229-b3fa-cd9ea4061326.png&quot; alt=&quot;Redbubble icon&quot; style=&quot;width:16px;height:16px&quot;&gt;&lt;/a&gt;&lt;a class=&quot;external&quot; href=&quot;https://www.deviantart.com/users/outgoing?https://www.redbubble.com/es/people/DidiEsmeralda/shop&quot;&gt;STORE&lt;/a&gt;&amp;nbsp;|&amp;nbsp;&lt;a href=&quot;https://www.deviantart.com/abloodycanadian/art/Picarto-Icon-533415160&quot; class=&quot;emoticon&quot; data-embed-type=&quot;emoticon&quot; data-embed-id=&quot;533415160&quot; data-embed-profile=&quot;deviation&quot;&gt;&lt;img src=&quot;https://images-wixmp-ed30a86b8c4ca887773594c2.wixmp.com/intermediary/f/98e436f3-bb73-4ab8-8275-2817329cd273/d8tkxrs-1461fe6b-c229-4683-8461-487e8538fd47.png&quot; alt=&quot;Picarto Icon&quot; style=&quot;width:16px;height:16px&quot;&gt;&lt;/a&gt;&lt;a class=&quot;external&quot; href=&quot;https://www.deviantart.com/users/outgoing?https://picarto.tv/DidiEsmeralda&quot;&gt;LIVE DRAWING&lt;/a&gt;&amp;nbsp;|&amp;nbsp;&lt;a href=&quot;https://www.deviantart.com/linux-rules/art/Newgrounds-2-Icon-ultramini-614009711&quot; class=&quot;emoticon&quot; data-embed-type=&quot;emoticon&quot; data-embed-id=&quot;614009711&quot; data-embed-profile=&quot;deviation&quot;&gt;&lt;img src=&quot;https://images-wixmp-ed30a86b8c4ca887773594c2.wixmp.com/intermediary/f/25e46574-05d5-4425-916d-e5292bb066ac/da5kcxb-76928305-6ed9-4a56-9f4d-30d065838c34.png&quot; alt=&quot;Newgrounds (2) Icon ultramini&quot; style=&quot;width:16px;height:16px&quot;&gt;&lt;/a&gt;&amp;nbsp;&lt;a class=&quot;external&quot; href=&quot;https://www.deviantart.com/users/outgoing?http://didiesmeralda.newgrounds.com/&quot;&gt;NEWGROUNDS&lt;/a&gt;&lt;/p&gt;&lt;p&gt;Rewards&amp;nbsp;on Patreon&amp;nbsp;&lt;a class=&quot;external&quot; href=&quot;https://www.deviantart.com/users/outgoing?https://www.patreon.com/posts/public-2b-kaines-24904640&quot;&gt;www.patreon.com/posts/public-2&amp;hellip;&lt;/a&gt;&lt;br /&gt;&lt;br /&gt;&amp;#128526;Wallpapers&lt;/p&gt;&lt;p&gt;&amp;#128526;Wallpapers NSFW +10&lt;br /&gt;&lt;br /&gt;&amp;#128526;High-Res &amp;nbsp;&lt;/p&gt;&lt;p&gt;&amp;#128526;Process Steps &amp;nbsp;&lt;/p&gt;&lt;p&gt;&amp;#128526;NSFW version&lt;/p&gt;&lt;p&gt;&amp;#128526;WIP&lt;br /&gt;&lt;br /&gt;&amp;#128526;NSFW Lingerie version&lt;/p&gt;&lt;p&gt;&amp;#128526;PSD +5 &amp;amp; +10&lt;/p&gt;&lt;p&gt;Thanks for watching&lt;br /&gt;Thanks for the favs&lt;img src=&quot;https://e.deviantart.net/emoticons/p/plusfav.gif&quot; alt=&quot;+fav&quot; style=&quot;width: 15px; height: 16px;&quot; data-embed-type=&quot;emoticon&quot; data-embed-id=&quot;194&quot;&gt;&amp;nbsp;&lt;br /&gt;Thanks for the comments&lt;br /&gt;&lt;br /&gt;&lt;span class=&quot;shadow-holder&quot; data-embed-type=&quot;deviation&quot; data-embed-id=&quot;732945350&quot; data-embed-format=&quot;thumb&quot;&gt;&lt;span class=&quot;shadow mild&quot; &gt;&lt;a class=&quot;thumb&quot; href=&quot;https://www.deviantart.com/didi-esmeralda/art/Poison-Ivy-and-Harley-Fanart-DC-Comics-732945350&quot; title=&quot;Poison Ivy and Harley Fanart | DC Comics by Didi-Esmeralda, Feb 26, 2018 in Cartoons &amp;amp; Comics &amp;gt; Digital Media &amp;gt; Cartoons &amp;gt; Oekaki &amp;gt; Fanart &amp;gt; Cartoons &amp;amp; Comics&quot;data-super-img=&quot;https://images-wixmp-ed30a86b8c4ca887773594c2.wixmp.com/intermediary/f/af0323f3-0177-42dc-912d-c598166ec330/dc4dk92-dddff384-67de-4503-a082-d92620a19dc2.jpg/v1/fill/w_785,h_1018,q_70,strp/poison_ivy_and_harley_fanart___dc_comics_by_didi_esmeralda_dc4dk92-pre.jpg&quot; data-super-width=&quot;785&quot; data-super-height=&quot;1018&quot; data-super-transparent=&quot;false&quot; data-super-alt=&quot;Poison Ivy and Harley Fanart | DC Comics by Didi-Esmeralda&quot; data-super-full-img=&quot;https://images-wixmp-ed30a86b8c4ca887773594c2.wixmp.com/intermediary/f/af0323f3-0177-42dc-912d-c598166ec330/dc4dk92-dddff384-67de-4503-a082-d92620a19dc2.jpg/v1/fill/w_900,h_1167,q_70,strp/poison_ivy_and_harley_fanart___dc_comics_by_didi_esmeralda_dc4dk92-fullview.jpg&quot; data-super-full-width=&quot;900&quot; data-super-full-height=&quot;1167&quot;        data-sigil=&quot;thumb&quot;&gt;
        &lt;i&gt;&lt;/i&gt;&lt;img   width=&quot;116&quot; height=&quot;150&quot; alt=&quot;Poison Ivy and Harley Fanart | DC Comics by Didi-Esmeralda&quot; src=&quot;https://images-wixmp-ed30a86b8c4ca887773594c2.wixmp.com/intermediary/f/af0323f3-0177-42dc-912d-c598166ec330/dc4dk92-dddff384-67de-4503-a082-d92620a19dc2.jpg/v1/fit/w_150,h_150,q_70,strp/poison_ivy_and_harley_fanart___dc_comics_by_didi_esmeralda_dc4dk92-150.jpg&quot; data-src=&quot;https://images-wixmp-ed30a86b8c4ca887773594c2.wixmp.com/intermediary/f/af0323f3-0177-42dc-912d-c598166ec330/dc4dk92-dddff384-67de-4503-a082-d92620a19dc2.jpg/v1/fit/w_150,h_150,q_70,strp/poison_ivy_and_harley_fanart___dc_comics_by_didi_esmeralda_dc4dk92-150.jpg&quot; srcset=&quot;https://images-wixmp-ed30a86b8c4ca887773594c2.wixmp.com/intermediary/f/af0323f3-0177-42dc-912d-c598166ec330/dc4dk92-dddff384-67de-4503-a082-d92620a19dc2.jpg/v1/fit/w_150,h_150,q_70,strp/poison_ivy_and_harley_fanart___dc_comics_by_didi_esmeralda_dc4dk92-150.jpg 116w,https://images-wixmp-ed30a86b8c4ca887773594c2.wixmp.com/intermediary/f/af0323f3-0177-42dc-912d-c598166ec330/dc4dk92-dddff384-67de-4503-a082-d92620a19dc2.jpg/v1/fill/w_193,h_250,q_70,strp/poison_ivy_and_harley_fanart___dc_comics_by_didi_esmeralda_dc4dk92-250t.jpg 193w,https://images-wixmp-ed30a86b8c4ca887773594c2.wixmp.com/intermediary/f/af0323f3-0177-42dc-912d-c598166ec330/dc4dk92-dddff384-67de-4503-a082-d92620a19dc2.jpg/v1/fill/w_270,h_350,q_70,strp/poison_ivy_and_harley_fanart___dc_comics_by_didi_esmeralda_dc4dk92-350t.jpg 270w,https://images-wixmp-ed30a86b8c4ca887773594c2.wixmp.com/intermediary/f/af0323f3-0177-42dc-912d-c598166ec330/dc4dk92-dddff384-67de-4503-a082-d92620a19dc2.jpg/v1/crop/w_308,h_400,x_0,y_0,scl_0.14365411436541,q_70,strp/poison_ivy_and_harley_fanart___dc_comics_by_didi_esmeralda_dc4dk92-400t.jpg 308w,https://images-wixmp-ed30a86b8c4ca887773594c2.wixmp.com/intermediary/f/af0323f3-0177-42dc-912d-c598166ec330/dc4dk92-dddff384-67de-4503-a082-d92620a19dc2.jpg/v1/fill/w_785,h_1018,q_70,strp/poison_ivy_and_harley_fanart___dc_comics_by_didi_esmeralda_dc4dk92-pre.jpg 785w&quot; sizes=&quot;116px&quot;&gt;&lt;/a&gt;&lt;/span&gt;&lt;!-- ^TTT --&gt;&lt;!-- TTT$ --&gt;&lt;/span&gt;&amp;nbsp;&lt;span class=&quot;shadow-holder&quot; data-embed-type=&quot;deviation&quot; data-embed-id=&quot;730713200&quot; data-embed-format=&quot;thumb&quot;&gt;&lt;span class=&quot;shadow mild&quot; &gt;&lt;a class=&quot;thumb&quot; href=&quot;https://www.deviantart.com/didi-esmeralda/art/Valentine-s-Day-Nier-Automata-730713200&quot; title=&quot;Valentine&amp;#039;s Day Nier Automata by Didi-Esmeralda, Feb 13, 2018 in Community Projects &amp;gt; Holidays &amp;gt; 2018 &amp;gt; Valentine Exchange&quot;data-super-img=&quot;https://images-wixmp-ed30a86b8c4ca887773594c2.wixmp.com/intermediary/f/af0323f3-0177-42dc-912d-c598166ec330/dc31pww-51a8e7b3-7340-4ec3-bfae-cee624b92c19.jpg/v1/fill/w_819,h_975,q_70,strp/valentine_s_day_nier_automata_by_didi_esmeralda_dc31pww-pre.jpg&quot; data-super-width=&quot;819&quot; data-super-height=&quot;976&quot; data-super-transparent=&quot;false&quot; data-super-alt=&quot;Valentine&amp;#039;s Day Nier Automata by Didi-Esmeralda&quot; data-super-full-img=&quot;https://images-wixmp-ed30a86b8c4ca887773594c2.wixmp.com/intermediary/f/af0323f3-0177-42dc-912d-c598166ec330/dc31pww-51a8e7b3-7340-4ec3-bfae-cee624b92c19.jpg/v1/fill/w_1024,h_1220,q_70,strp/valentine_s_day_nier_automata_by_didi_esmeralda_dc31pww-fullview.jpg&quot; data-super-full-width=&quot;1024&quot; data-super-full-height=&quot;1220&quot;        data-sigil=&quot;thumb&quot;&gt;
        &lt;i&gt;&lt;/i&gt;&lt;img   width=&quot;126&quot; height=&quot;150&quot; alt=&quot;Valentine&amp;#039;s Day Nier Automata by Didi-Esmeralda&quot; src=&quot;https://images-wixmp-ed30a86b8c4ca887773594c2.wixmp.com/intermediary/f/af0323f3-0177-42dc-912d-c598166ec330/dc31pww-51a8e7b3-7340-4ec3-bfae-cee624b92c19.jpg/v1/fit/w_150,h_150,q_70,strp/valentine_s_day_nier_automata_by_didi_esmeralda_dc31pww-150.jpg&quot; data-src=&quot;https://images-wixmp-ed30a86b8c4ca887773594c2.wixmp.com/intermediary/f/af0323f3-0177-42dc-912d-c598166ec330/dc31pww-51a8e7b3-7340-4ec3-bfae-cee624b92c19.jpg/v1/fit/w_150,h_150,q_70,strp/valentine_s_day_nier_automata_by_didi_esmeralda_dc31pww-150.jpg&quot; srcset=&quot;https://images-wixmp-ed30a86b8c4ca887773594c2.wixmp.com/intermediary/f/af0323f3-0177-42dc-912d-c598166ec330/dc31pww-51a8e7b3-7340-4ec3-bfae-cee624b92c19.jpg/v1/fit/w_150,h_150,q_70,strp/valentine_s_day_nier_automata_by_didi_esmeralda_dc31pww-150.jpg 126w,https://images-wixmp-ed30a86b8c4ca887773594c2.wixmp.com/intermediary/f/af0323f3-0177-42dc-912d-c598166ec330/dc31pww-51a8e7b3-7340-4ec3-bfae-cee624b92c19.jpg/v1/fill/w_210,h_250,q_70,strp/valentine_s_day_nier_automata_by_didi_esmeralda_dc31pww-250t.jpg 210w,https://images-wixmp-ed30a86b8c4ca887773594c2.wixmp.com/intermediary/f/af0323f3-0177-42dc-912d-c598166ec330/dc31pww-51a8e7b3-7340-4ec3-bfae-cee624b92c19.jpg/v1/fill/w_294,h_350,q_70,strp/valentine_s_day_nier_automata_by_didi_esmeralda_dc31pww-350t.jpg 294w,https://images-wixmp-ed30a86b8c4ca887773594c2.wixmp.com/intermediary/f/af0323f3-0177-42dc-912d-c598166ec330/dc31pww-51a8e7b3-7340-4ec3-bfae-cee624b92c19.jpg/v1/fill/w_336,h_400,q_70,strp/valentine_s_day_nier_automata_by_didi_esmeralda_dc31pww-400t.jpg 336w,https://images-wixmp-ed30a86b8c4ca887773594c2.wixmp.com/intermediary/f/af0323f3-0177-42dc-912d-c598166ec330/dc31pww-51a8e7b3-7340-4ec3-bfae-cee624b92c19.jpg/v1/fill/w_819,h_975,q_70,strp/valentine_s_day_nier_automata_by_didi_esmeralda_dc31pww-pre.jpg 819w&quot; sizes=&quot;126px&quot;&gt;&lt;/a&gt;&lt;/span&gt;&lt;!-- ^TTT --&gt;&lt;!-- TTT$ --&gt;&lt;/span&gt;&amp;nbsp;&lt;span class=&quot;shadow-holder&quot; data-embed-type=&quot;deviation&quot; data-embed-id=&quot;728667735&quot; data-embed-format=&quot;thumb&quot;&gt;&lt;span class=&quot;shadow mild&quot; &gt;&lt;a class=&quot;thumb&quot; href=&quot;https://www.deviantart.com/didi-esmeralda/art/Dva-Overwatch-Fanart-728667735&quot; title=&quot;Dva Overwatch Fanart by Didi-Esmeralda, Feb 1, 2018 in Fan Art &amp;gt; Digital Art &amp;gt; Painting &amp;amp; Airbrushing &amp;gt; Games&quot;data-super-img=&quot;https://images-wixmp-ed30a86b8c4ca887773594c2.wixmp.com/intermediary/f/af0323f3-0177-42dc-912d-c598166ec330/dc1tvmf-34300006-8c96-4e9d-8c71-73c4f2e2cf4c.jpg/v1/fill/w_724,h_1104,q_70,strp/dva_overwatch_fanart_by_didi_esmeralda_dc1tvmf-pre.jpg&quot; data-super-width=&quot;724&quot; data-super-height=&quot;1104&quot; data-super-transparent=&quot;false&quot; data-super-alt=&quot;Dva Overwatch Fanart by Didi-Esmeralda&quot; data-super-full-img=&quot;https://images-wixmp-ed30a86b8c4ca887773594c2.wixmp.com/intermediary/f/af0323f3-0177-42dc-912d-c598166ec330/dc1tvmf-34300006-8c96-4e9d-8c71-73c4f2e2cf4c.jpg&quot; data-super-full-width=&quot;775&quot; data-super-full-height=&quot;1181&quot;        data-sigil=&quot;thumb&quot;&gt;
        &lt;i&gt;&lt;/i&gt;&lt;img   width=&quot;98&quot; height=&quot;150&quot; alt=&quot;Dva Overwatch Fanart by Didi-Esmeralda&quot; src=&quot;https://images-wixmp-ed30a86b8c4ca887773594c2.wixmp.com/intermediary/f/af0323f3-0177-42dc-912d-c598166ec330/dc1tvmf-34300006-8c96-4e9d-8c71-73c4f2e2cf4c.jpg/v1/fit/w_150,h_150,q_70,strp/dva_overwatch_fanart_by_didi_esmeralda_dc1tvmf-150.jpg&quot; data-src=&quot;https://images-wixmp-ed30a86b8c4ca887773594c2.wixmp.com/intermediary/f/af0323f3-0177-42dc-912d-c598166ec330/dc1tvmf-34300006-8c96-4e9d-8c71-73c4f2e2cf4c.jpg/v1/fit/w_150,h_150,q_70,strp/dva_overwatch_fanart_by_didi_esmeralda_dc1tvmf-150.jpg&quot; srcset=&quot;https://images-wixmp-ed30a86b8c4ca887773594c2.wixmp.com/intermediary/f/af0323f3-0177-42dc-912d-c598166ec330/dc1tvmf-34300006-8c96-4e9d-8c71-73c4f2e2cf4c.jpg/v1/fit/w_150,h_150,q_70,strp/dva_overwatch_fanart_by_didi_esmeralda_dc1tvmf-150.jpg 98w,https://images-wixmp-ed30a86b8c4ca887773594c2.wixmp.com/intermediary/f/af0323f3-0177-42dc-912d-c598166ec330/dc1tvmf-34300006-8c96-4e9d-8c71-73c4f2e2cf4c.jpg/v1/fill/w_164,h_250,q_70,strp/dva_overwatch_fanart_by_didi_esmeralda_dc1tvmf-250t.jpg 164w,https://images-wixmp-ed30a86b8c4ca887773594c2.wixmp.com/intermediary/f/af0323f3-0177-42dc-912d-c598166ec330/dc1tvmf-34300006-8c96-4e9d-8c71-73c4f2e2cf4c.jpg/v1/fill/w_230,h_350,q_70,strp/dva_overwatch_fanart_by_didi_esmeralda_dc1tvmf-350t.jpg 230w,https://images-wixmp-ed30a86b8c4ca887773594c2.wixmp.com/intermediary/f/af0323f3-0177-42dc-912d-c598166ec330/dc1tvmf-34300006-8c96-4e9d-8c71-73c4f2e2cf4c.jpg/v1/crop/w_262,h_400,x_0,y_0,scl_0.33935483870968,q_70,strp/dva_overwatch_fanart_by_didi_esmeralda_dc1tvmf-400t.jpg 262w,https://images-wixmp-ed30a86b8c4ca887773594c2.wixmp.com/intermediary/f/af0323f3-0177-42dc-912d-c598166ec330/dc1tvmf-34300006-8c96-4e9d-8c71-73c4f2e2cf4c.jpg/v1/fill/w_724,h_1104,q_70,strp/dva_overwatch_fanart_by_didi_esmeralda_dc1tvmf-pre.jpg 724w&quot; sizes=&quot;98px&quot;&gt;&lt;/a&gt;&lt;/span&gt;&lt;!-- ^TTT --&gt;&lt;!-- TTT$ --&gt;&lt;/span&gt;&amp;nbsp;&lt;span class=&quot;shadow-holder&quot; data-embed-type=&quot;deviation&quot; data-embed-id=&quot;727634159&quot; data-embed-format=&quot;thumb&quot;&gt;&lt;span class=&quot;shadow mild&quot; &gt;&lt;a class=&quot;thumb&quot; href=&quot;https://www.deviantart.com/didi-esmeralda/art/WidowmakerNova-Overwatch-Fanart-727634159&quot; title=&quot;WidowmakerNova | Overwatch Fanart by Didi-Esmeralda, Jan 26, 2018 in Cartoons &amp;amp; Comics &amp;gt; Digital Media &amp;gt; Cartoons &amp;gt; Oekaki &amp;gt; Fanart &amp;gt; Games&quot;data-super-img=&quot;https://images-wixmp-ed30a86b8c4ca887773594c2.wixmp.com/intermediary/f/af0323f3-0177-42dc-912d-c598166ec330/dc17q3z-627b9a77-4def-4fbc-b3f9-cfff4baef328.jpg/v1/fill/w_751,h_1063,q_70,strp/widowmakernova___overwatch_fanart_by_didi_esmeralda_dc17q3z-pre.jpg&quot; data-super-width=&quot;751&quot; data-super-height=&quot;1063&quot; data-super-transparent=&quot;false&quot; data-super-alt=&quot;WidowmakerNova | Overwatch Fanart by Didi-Esmeralda&quot; data-super-full-img=&quot;https://images-wixmp-ed30a86b8c4ca887773594c2.wixmp.com/intermediary/f/af0323f3-0177-42dc-912d-c598166ec330/dc17q3z-627b9a77-4def-4fbc-b3f9-cfff4baef328.jpg/v1/fill/w_1024,h_1449,q_70,strp/widowmakernova___overwatch_fanart_by_didi_esmeralda_dc17q3z-fullview.jpg&quot; data-super-full-width=&quot;1024&quot; data-super-full-height=&quot;1449&quot;        data-sigil=&quot;thumb&quot;&gt;
        &lt;i&gt;&lt;/i&gt;&lt;img   width=&quot;106&quot; height=&quot;150&quot; alt=&quot;WidowmakerNova | Overwatch Fanart by Didi-Esmeralda&quot; src=&quot;https://images-wixmp-ed30a86b8c4ca887773594c2.wixmp.com/intermediary/f/af0323f3-0177-42dc-912d-c598166ec330/dc17q3z-627b9a77-4def-4fbc-b3f9-cfff4baef328.jpg/v1/fit/w_150,h_150,q_70,strp/widowmakernova___overwatch_fanart_by_didi_esmeralda_dc17q3z-150.jpg&quot; data-src=&quot;https://images-wixmp-ed30a86b8c4ca887773594c2.wixmp.com/intermediary/f/af0323f3-0177-42dc-912d-c598166ec330/dc17q3z-627b9a77-4def-4fbc-b3f9-cfff4baef328.jpg/v1/fit/w_150,h_150,q_70,strp/widowmakernova___overwatch_fanart_by_didi_esmeralda_dc17q3z-150.jpg&quot; srcset=&quot;https://images-wixmp-ed30a86b8c4ca887773594c2.wixmp.com/intermediary/f/af0323f3-0177-42dc-912d-c598166ec330/dc17q3z-627b9a77-4def-4fbc-b3f9-cfff4baef328.jpg/v1/fit/w_150,h_150,q_70,strp/widowmakernova___overwatch_fanart_by_didi_esmeralda_dc17q3z-150.jpg 106w,https://images-wixmp-ed30a86b8c4ca887773594c2.wixmp.com/intermediary/f/af0323f3-0177-42dc-912d-c598166ec330/dc17q3z-627b9a77-4def-4fbc-b3f9-cfff4baef328.jpg/v1/fill/w_177,h_250,q_70,strp/widowmakernova___overwatch_fanart_by_didi_esmeralda_dc17q3z-250t.jpg 177w,https://images-wixmp-ed30a86b8c4ca887773594c2.wixmp.com/intermediary/f/af0323f3-0177-42dc-912d-c598166ec330/dc17q3z-627b9a77-4def-4fbc-b3f9-cfff4baef328.jpg/v1/crop/w_247,h_350,x_0,y_0,scl_0.1204468188441,q_70,strp/widowmakernova___overwatch_fanart_by_didi_esmeralda_dc17q3z-350t.jpg 247w,https://images-wixmp-ed30a86b8c4ca887773594c2.wixmp.com/intermediary/f/af0323f3-0177-42dc-912d-c598166ec330/dc17q3z-627b9a77-4def-4fbc-b3f9-cfff4baef328.jpg/v1/fill/w_283,h_400,q_70,strp/widowmakernova___overwatch_fanart_by_didi_esmeralda_dc17q3z-400t.jpg 283w,https://images-wixmp-ed30a86b8c4ca887773594c2.wixmp.com/intermediary/f/af0323f3-0177-42dc-912d-c598166ec330/dc17q3z-627b9a77-4def-4fbc-b3f9-cfff4baef328.jpg/v1/fill/w_751,h_1063,q_70,strp/widowmakernova___overwatch_fanart_by_didi_esmeralda_dc17q3z-pre.jpg 751w&quot; sizes=&quot;106px&quot;&gt;&lt;/a&gt;&lt;/span&gt;&lt;!-- ^TTT --&gt;&lt;!-- TTT$ --&gt;&lt;/span&gt;&amp;nbsp;&lt;span class=&quot;shadow-holder&quot; data-embed-type=&quot;deviation&quot; data-embed-id=&quot;699388281&quot; data-embed-format=&quot;thumb&quot;&gt;&lt;span class=&quot;shadow mild&quot; &gt;&lt;a class=&quot;thumb&quot; href=&quot;https://www.deviantart.com/didi-esmeralda/art/Mercy-Summer-Games-Skin-2017-699388281&quot; title=&quot;Mercy Summer Games Skin 2017 by Didi-Esmeralda, Aug 17, 2017 in Fan Art &amp;gt; Digital Art &amp;gt; Painting &amp;amp; Airbrushing &amp;gt; Games&quot;data-super-img=&quot;https://images-wixmp-ed30a86b8c4ca887773594c2.wixmp.com/intermediary/f/af0323f3-0177-42dc-912d-c598166ec330/dbkebg9-4fc13b71-960c-440f-9b50-dfdbfaa49e36.jpg/v1/fill/w_753,h_1062,q_70,strp/mercy_summer_games_skin_2017_by_didi_esmeralda_dbkebg9-pre.jpg&quot; data-super-width=&quot;752&quot; data-super-height=&quot;1062&quot; data-super-transparent=&quot;false&quot; data-super-alt=&quot;Mercy Summer Games Skin 2017 by Didi-Esmeralda&quot; data-super-full-img=&quot;https://images-wixmp-ed30a86b8c4ca887773594c2.wixmp.com/intermediary/f/af0323f3-0177-42dc-912d-c598166ec330/dbkebg9-4fc13b71-960c-440f-9b50-dfdbfaa49e36.jpg/v1/fill/w_800,h_1129,q_70,strp/mercy_summer_games_skin_2017_by_didi_esmeralda_dbkebg9-fullview.jpg&quot; data-super-full-width=&quot;800&quot; data-super-full-height=&quot;1129&quot;        data-sigil=&quot;thumb&quot;&gt;
        &lt;i&gt;&lt;/i&gt;&lt;img   width=&quot;106&quot; height=&quot;150&quot; alt=&quot;Mercy Summer Games Skin 2017 by Didi-Esmeralda&quot; src=&quot;https://images-wixmp-ed30a86b8c4ca887773594c2.wixmp.com/intermediary/f/af0323f3-0177-42dc-912d-c598166ec330/dbkebg9-4fc13b71-960c-440f-9b50-dfdbfaa49e36.jpg/v1/fit/w_150,h_150,q_70,strp/mercy_summer_games_skin_2017_by_didi_esmeralda_dbkebg9-150.jpg&quot; data-src=&quot;https://images-wixmp-ed30a86b8c4ca887773594c2.wixmp.com/intermediary/f/af0323f3-0177-42dc-912d-c598166ec330/dbkebg9-4fc13b71-960c-440f-9b50-dfdbfaa49e36.jpg/v1/fit/w_150,h_150,q_70,strp/mercy_summer_games_skin_2017_by_didi_esmeralda_dbkebg9-150.jpg&quot; srcset=&quot;https://images-wixmp-ed30a86b8c4ca887773594c2.wixmp.com/intermediary/f/af0323f3-0177-42dc-912d-c598166ec330/dbkebg9-4fc13b71-960c-440f-9b50-dfdbfaa49e36.jpg/v1/fit/w_150,h_150,q_70,strp/mercy_summer_games_skin_2017_by_didi_esmeralda_dbkebg9-150.jpg 106w,https://images-wixmp-ed30a86b8c4ca887773594c2.wixmp.com/intermediary/f/af0323f3-0177-42dc-912d-c598166ec330/dbkebg9-4fc13b71-960c-440f-9b50-dfdbfaa49e36.jpg/v1/fill/w_177,h_250,q_70,strp/mercy_summer_games_skin_2017_by_didi_esmeralda_dbkebg9-250t.jpg 177w,https://images-wixmp-ed30a86b8c4ca887773594c2.wixmp.com/intermediary/f/af0323f3-0177-42dc-912d-c598166ec330/dbkebg9-4fc13b71-960c-440f-9b50-dfdbfaa49e36.jpg/v1/fill/w_248,h_350,q_70,strp/mercy_summer_games_skin_2017_by_didi_esmeralda_dbkebg9-350t.jpg 248w,https://images-wixmp-ed30a86b8c4ca887773594c2.wixmp.com/intermediary/f/af0323f3-0177-42dc-912d-c598166ec330/dbkebg9-4fc13b71-960c-440f-9b50-dfdbfaa49e36.jpg/v1/crop/w_284,h_400,x_0,y_0,scl_0.13773035887488,q_70,strp/mercy_summer_games_skin_2017_by_didi_esmeralda_dbkebg9-400t.jpg 283w,https://images-wixmp-ed30a86b8c4ca887773594c2.wixmp.com/intermediary/f/af0323f3-0177-42dc-912d-c598166ec330/dbkebg9-4fc13b71-960c-440f-9b50-dfdbfaa49e36.jpg/v1/fill/w_753,h_1062,q_70,strp/mercy_summer_games_skin_2017_by_didi_esmeralda_dbkebg9-pre.jpg 752w&quot; sizes=&quot;106px&quot;&gt;&lt;/a&gt;&lt;/span&gt;&lt;!-- ^TTT --&gt;&lt;!-- TTT$ --&gt;&lt;/span&gt;&lt;/p&gt;&lt;br /&gt;&lt;div&gt;&lt;img src=&quot;https://t00.deviantart.net/_l6qgMy_44yOmkBw-NFzqodGu3E=/300x200/filters:fixed_height(100,100):origin()/pre00/9227/th/pre/i/2019/056/c/a/2b_kaines_outfit_by_didi_esmeralda-dd0o34e.jpg&quot; alt=&quot;thumbnail&quot; /&gt;&lt;/div&gt;</description>            </item>
                    <item>
                <title>Lucina Bound</title>
                <link>https://jam-orbital.deviantart.com/art/Lucina-Bound-787160465</link>
                <guid isPermaLink="true">https://jam-orbital.deviantart.com/art/Lucina-Bound-787160465</guid>
                <pubDate>Sun, 24 Feb 2019 23:21:08 PST</pubDate>
                        <media:title type="plain">Lucina Bound</media:title>
        <media:keywords></media:keywords>
                        <media:rating>adult</media:rating>
                <media:category label="Drawings">manga/digital/drawings</media:category>
        <media:credit role="author" scheme="urn:ebu">jam-orbital</media:credit>
        <media:credit role="author" scheme="urn:ebu">https://a.deviantart.net/avatars/j/a/jam-orbital.jpg?15</media:credit>
        <media:copyright url="https://jam-orbital.deviantart.com">Copyright 2019 jam-orbital</media:copyright>            <media:description type="html">&lt;div&gt;She&#039;s back! I did say I wanted to draw another Smash girl.&lt;/div&gt;&lt;div&gt;&lt;br /&gt;&lt;/div&gt;&lt;div&gt;And now for something completely different: &lt;a href=&quot;https://sta.sh/26kpc8tjtu1&quot;&gt;A male crossplayer alt.&lt;/a&gt;&lt;br /&gt;&lt;/div&gt;</media:description>            <media:thumbnail url="https://t00.deviantart.net/il2b7W1mUU4znJRmxweVx2MB1UQ=/fit-in/150x150/filters:no_upscale():origin()/pre00/c338/th/pre/i/2019/055/d/5/lucina_bound_by_jam_orbital-dd0nkwh.jpg" height="150" width="120"/>            <media:thumbnail url="https://t00.deviantart.net/C7sZSLGHAG9U0BubiROat4RNR6w=/fit-in/300x900/filters:no_upscale():origin()/pre00/c338/th/pre/i/2019/055/d/5/lucina_bound_by_jam_orbital-dd0nkwh.jpg" height="375" width="300"/>            <media:thumbnail url="https://t00.deviantart.net/VYWNHqqcr7aGbFPmc_yJaUEckAc=/300x200/filters:fixed_height(100,100):origin()/pre00/c338/th/pre/i/2019/055/d/5/lucina_bound_by_jam_orbital-dd0nkwh.jpg" height="200" width="160"/>            <media:content url="https://pre00.deviantart.net/c338/th/pre/i/2019/055/d/5/lucina_bound_by_jam_orbital-dd0nkwh.jpg" height="1000" width="800" medium="image"/>            
            <description>&lt;div&gt;She&#039;s back! I did say I wanted to draw another Smash girl.&lt;/div&gt;&lt;div&gt;&lt;br /&gt;&lt;/div&gt;&lt;div&gt;And now for something completely different: &lt;a href=&quot;https://sta.sh/26kpc8tjtu1&quot;&gt;A male crossplayer alt.&lt;/a&gt;&lt;br /&gt;&lt;/div&gt;&lt;br /&gt;&lt;div&gt;&lt;img src=&quot;https://t00.deviantart.net/VYWNHqqcr7aGbFPmc_yJaUEckAc=/300x200/filters:fixed_height(100,100):origin()/pre00/c338/th/pre/i/2019/055/d/5/lucina_bound_by_jam_orbital-dd0nkwh.jpg&quot; alt=&quot;thumbnail&quot; /&gt;&lt;/div&gt;</description>            </item>
                    <item>
                <title>Grape-comm</title>
                <link>https://xdtopsu01.deviantart.com/art/Grape-comm-786811546</link>
                <guid isPermaLink="true">https://xdtopsu01.deviantart.com/art/Grape-comm-786811546</guid>
                <pubDate>Sun, 24 Feb 2019 23:52:35 PST</pubDate>
                        <media:title type="plain">Grape-comm</media:title>
        <media:keywords></media:keywords>
                        <media:rating>adult</media:rating>
                <media:category label="Pin-up">digitalart/paintings/people/pinup</media:category>
        <media:credit role="author" scheme="urn:ebu">xdtopsu01</media:credit>
        <media:credit role="author" scheme="urn:ebu">https://a.deviantart.net/avatars/x/d/xdtopsu01.jpg?12</media:credit>
        <media:copyright url="https://xdtopsu01.deviantart.com">Copyright 2019 xdtopsu01</media:copyright>            <media:description type="html">&lt;div&gt;A commission from&amp;nbsp;greatdragonad&lt;/div&gt;&lt;ul&gt;&lt;li&gt;-&lt;b&gt;Suport me on&lt;/b&gt;&amp;nbsp;&lt;a class=&quot;external&quot; href=&quot;https://www.deviantart.com/users/outgoing?https://www.patreon.com/xdtopsu01&quot;&gt;PATREON&lt;/a&gt;&amp;#8212;-visit my patreon&amp;#8211;PSD-HD-&amp;nbsp;&lt;u&gt;&lt;b&gt;version patreon nfsw&lt;/b&gt;&lt;/u&gt;-&lt;br /&gt;&lt;/li&gt;&lt;li&gt;-&lt;b&gt;Follow me on&lt;/b&gt;&amp;nbsp;&amp;nbsp;&lt;a class=&quot;external&quot; href=&quot;https://www.deviantart.com/users/outgoing?https://www.deviantart.com/users/outgoing?http://t.umblr.com/redirect?z=http%3A%2F%2Fwww.deviantart.com%2Fusers%2Foutgoing%3Fhttps%3A%2F%2Fwww.facebook.com%2FXDtopsu%2F%3Fref%3Daymt_homepage_panel&amp;amp;t=MWMxNmNmYTdlZTZmY2RkMWI0ZjlkYmZkMzY0YTRkMjRiNjM5ZDhjZSxVVGR5TFdjQw%3D%3D&amp;amp;b=t%3AgPLhsqYFAYAvJ5ivNE6TEQ&amp;amp;m=1&quot;&gt;FACEBOOK&lt;/a&gt;&lt;br /&gt;&lt;/li&gt;&lt;li&gt;&lt;b&gt;-Follow me on&amp;nbsp;&lt;a class=&quot;external&quot; href=&quot;https://www.deviantart.com/users/outgoing?http://topsu01.tumblr.com/&quot;&gt;TUMBLR&lt;/a&gt;&lt;/b&gt;&lt;br /&gt;&lt;/li&gt;&lt;li&gt;Instagram!&lt;a class=&quot;external&quot; href=&quot;https://www.deviantart.com/users/outgoing?https://www.instagram.com/xdtopsu/&quot;&gt;www.instagram.com/xdtopsu/&lt;/a&gt;&lt;/li&gt;&lt;li&gt;please support me in patreon to continue uploading art with quality&lt;/li&gt;&lt;/ul&gt;</media:description>            <media:thumbnail url="https://t00.deviantart.net/-d_CG-k1Y5hL_gwsdnPzk2th_gY=/fit-in/150x150/filters:no_upscale():origin()/pre00/54d2/th/pre/f/2019/055/6/0/grape_comm_by_xdtopsu01-dd0g3oa.jpg" height="106" width="150"/>            <media:thumbnail url="https://t00.deviantart.net/YD7s2Ls7RXjsw4LZ7UwK3_21Wlc=/fit-in/300x900/filters:no_upscale():origin()/pre00/54d2/th/pre/f/2019/055/6/0/grape_comm_by_xdtopsu01-dd0g3oa.jpg" height="212" width="300"/>            <media:thumbnail url="https://t00.deviantart.net/jdALfq7_iJGnn3TaIYVmdZgROPU=/300x200/filters:fixed_height(100,100):origin()/pre00/54d2/th/pre/f/2019/055/6/0/grape_comm_by_xdtopsu01-dd0g3oa.jpg" height="200" width="283"/>            <media:content url="https://pre00.deviantart.net/54d2/th/pre/f/2019/055/6/0/grape_comm_by_xdtopsu01-dd0g3oa.jpg" height="752" width="1063" medium="image"/>            
            <description>&lt;div&gt;A commission from&amp;nbsp;greatdragonad&lt;/div&gt;&lt;ul&gt;&lt;li&gt;-&lt;b&gt;Suport me on&lt;/b&gt;&amp;nbsp;&lt;a class=&quot;external&quot; href=&quot;https://www.deviantart.com/users/outgoing?https://www.patreon.com/xdtopsu01&quot;&gt;PATREON&lt;/a&gt;&amp;#8212;-visit my patreon&amp;#8211;PSD-HD-&amp;nbsp;&lt;u&gt;&lt;b&gt;version patreon nfsw&lt;/b&gt;&lt;/u&gt;-&lt;br /&gt;&lt;/li&gt;&lt;li&gt;-&lt;b&gt;Follow me on&lt;/b&gt;&amp;nbsp;&amp;nbsp;&lt;a class=&quot;external&quot; href=&quot;https://www.deviantart.com/users/outgoing?https://www.deviantart.com/users/outgoing?http://t.umblr.com/redirect?z=http%3A%2F%2Fwww.deviantart.com%2Fusers%2Foutgoing%3Fhttps%3A%2F%2Fwww.facebook.com%2FXDtopsu%2F%3Fref%3Daymt_homepage_panel&amp;amp;t=MWMxNmNmYTdlZTZmY2RkMWI0ZjlkYmZkMzY0YTRkMjRiNjM5ZDhjZSxVVGR5TFdjQw%3D%3D&amp;amp;b=t%3AgPLhsqYFAYAvJ5ivNE6TEQ&amp;amp;m=1&quot;&gt;FACEBOOK&lt;/a&gt;&lt;br /&gt;&lt;/li&gt;&lt;li&gt;&lt;b&gt;-Follow me on&amp;nbsp;&lt;a class=&quot;external&quot; href=&quot;https://www.deviantart.com/users/outgoing?http://topsu01.tumblr.com/&quot;&gt;TUMBLR&lt;/a&gt;&lt;/b&gt;&lt;br /&gt;&lt;/li&gt;&lt;li&gt;Instagram!&lt;a class=&quot;external&quot; href=&quot;https://www.deviantart.com/users/outgoing?https://www.instagram.com/xdtopsu/&quot;&gt;www.instagram.com/xdtopsu/&lt;/a&gt;&lt;/li&gt;&lt;li&gt;please support me in patreon to continue uploading art with quality&lt;/li&gt;&lt;/ul&gt;&lt;br /&gt;&lt;div&gt;&lt;img src=&quot;https://t00.deviantart.net/jdALfq7_iJGnn3TaIYVmdZgROPU=/300x200/filters:fixed_height(100,100):origin()/pre00/54d2/th/pre/f/2019/055/6/0/grape_comm_by_xdtopsu01-dd0g3oa.jpg&quot; alt=&quot;thumbnail&quot; /&gt;&lt;/div&gt;</description>            </item>
                    <item>
                <title>Sketch Raven</title>
                <link>https://prywinko.deviantart.com/art/Sketch-Raven-787203924</link>
                <guid isPermaLink="true">https://prywinko.deviantart.com/art/Sketch-Raven-787203924</guid>
                <pubDate>Mon, 25 Feb 2019 09:18:25 PST</pubDate>
                        <media:title type="plain">Sketch Raven</media:title>
        <media:keywords></media:keywords>
                        <media:rating>nonadult</media:rating>
                <media:category label="Movies &amp; TV">fanart/manga/digital/movies</media:category>
        <media:credit role="author" scheme="urn:ebu">Prywinko</media:credit>
        <media:credit role="author" scheme="urn:ebu">https://a.deviantart.net/avatars/p/r/prywinko.jpg?8</media:credit>
        <media:copyright url="https://prywinko.deviantart.com">Copyright 2019 Prywinko</media:copyright>
            <media:community>
                <media:tags>@prywinko</media:tags>
            </media:community>            <media:description type="html">&lt;h4&gt;&lt;div align=&quot;center&quot;&gt;&lt;p align=&quot;center&quot;&gt;&lt;a href=&quot;https://www.deviantart.com/king-lulu-deer/art/Pride-Shooting-Star-685222491&quot; class=&quot;emoticon&quot; data-embed-type=&quot;emoticon&quot; data-embed-id=&quot;685222491&quot; data-embed-profile=&quot;deviation&quot;&gt;&lt;img src=&quot;https://orig00.deviantart.net/ed9c/f/2017/174/1/8/pride_shooting_star_by_king_lulu_deer-dbbyp23.gif&quot; alt=&quot;Pride Shooting Star&quot; style=&quot;width:119px;height:20px&quot;&gt;&lt;/a&gt;&lt;b&gt;&amp;nbsp;!&lt;/b&gt;&lt;b&gt;&lt;a class=&quot;external&quot; href=&quot;https://www.deviantart.com/users/outgoing?https://www.patreon.com/join/Prywinko&quot;&gt;GET HOT RAVEN!&lt;/a&gt;&amp;nbsp; &amp;nbsp;&lt;/b&gt;&lt;a href=&quot;https://www.deviantart.com/king-lulu-deer/art/Pride-Shooting-Star-685222491&quot; class=&quot;emoticon&quot; data-embed-type=&quot;emoticon&quot; data-embed-id=&quot;685222491&quot; data-embed-profile=&quot;deviation&quot;&gt;&lt;img src=&quot;https://orig00.deviantart.net/ed9c/f/2017/174/1/8/pride_shooting_star_by_king_lulu_deer-dbbyp23.gif&quot; alt=&quot;Pride Shooting Star&quot; style=&quot;width:119px;height:20px&quot;&gt;&lt;/a&gt;&lt;b&gt;&amp;nbsp;&lt;/b&gt;&lt;/p&gt;&lt;/div&gt;&lt;/h4&gt;&lt;h4&gt;&lt;div align=&quot;center&quot;&gt;&lt;p align=&quot;center&quot;&gt;&lt;b&gt;&lt;/b&gt;&lt;b&gt;&lt;a href=&quot;https://www.deviantart.com/kittyrocker/art/--547742247&quot; class=&quot;emoticon&quot; data-embed-type=&quot;emoticon&quot; data-embed-id=&quot;547742247&quot; data-embed-profile=&quot;deviation&quot;&gt;&lt;img src=&quot;https://orig00.deviantart.net/18bb/f/2015/201/0/6/__by_kittyrocker-d9240mf.gif&quot; alt=&quot;*&quot; style=&quot;width:10px;height:10px&quot;&gt;&lt;/a&gt;&lt;/b&gt;&lt;/p&gt;&lt;/div&gt;&lt;/h4&gt;&lt;div align=&quot;center&quot;&gt;&lt;div align=&quot;center&quot;&gt;&lt;div align=&quot;center&quot;&gt;&lt;div align=&quot;center&quot;&gt;&lt;b&gt;February Patreon reward&amp;nbsp;&amp;nbsp;&amp;nbsp;&lt;br /&gt;&lt;br /&gt;&amp;nbsp;&lt;/b&gt;&lt;b&gt;&lt;a href=&quot;https://www.deviantart.com/kittyrocker/art/--547742247&quot; class=&quot;emoticon&quot; data-embed-type=&quot;emoticon&quot; data-embed-id=&quot;547742247&quot; data-embed-profile=&quot;deviation&quot;&gt;&lt;img src=&quot;https://orig00.deviantart.net/18bb/f/2015/201/0/6/__by_kittyrocker-d9240mf.gif&quot; alt=&quot;*&quot; style=&quot;width:10px;height:10px&quot;&gt;&lt;/a&gt;&amp;nbsp;&lt;br /&gt;&lt;/b&gt;&lt;div align=&quot;center&quot;&gt;&lt;div align=&quot;center&quot;&gt;&lt;div align=&quot;center&quot;&gt;&lt;div align=&quot;center&quot;&gt;&lt;b&gt;My art and video are created thanks to your support! Thank you!&lt;br /&gt;&lt;/b&gt;&lt;br /&gt;&lt;/div&gt;&lt;/div&gt;&lt;/div&gt;&lt;/div&gt;&lt;div align=&quot;center&quot;&gt;&lt;b&gt;&amp;nbsp;&amp;nbsp;&lt;a href=&quot;https://www.deviantart.com/poserfan/art/Patreon-Icon-543304473&quot; class=&quot;emoticon&quot; data-embed-type=&quot;emoticon&quot; data-embed-id=&quot;543304473&quot; data-embed-profile=&quot;deviation&quot;&gt;&lt;img src=&quot;https://images-wixmp-ed30a86b8c4ca887773594c2.wixmp.com/intermediary/f/0a6e9796-d386-4234-97d1-d46c16906e81/d8zgwex-5864a807-08a9-4167-a686-55d51e951ded.png&quot; alt=&quot;Patreon Icon&quot; style=&quot;width:16px;height:16px&quot;&gt;&lt;/a&gt;&amp;nbsp;&lt;/b&gt;&lt;a class=&quot;external&quot; href=&quot;https://www.deviantart.com/users/outgoing?https://www.patreon.com/prywinko&quot;&gt;Patreon&amp;nbsp;&lt;/a&gt;&lt;b&gt;&amp;nbsp;&lt;a href=&quot;https://www.deviantart.com/liriorox/art/Gumroad-icon-2-545734859&quot; class=&quot;emoticon&quot; data-embed-type=&quot;emoticon&quot; data-embed-id=&quot;545734859&quot; data-embed-profile=&quot;deviation&quot;&gt;&lt;img src=&quot;https://images-wixmp-ed30a86b8c4ca887773594c2.wixmp.com/intermediary/f/0bd87312-636c-4da8-8502-26c542873b11/d90wzpn-47fbf5d8-7dd8-40b0-810d-f16277f51393.png&quot; alt=&quot;Gumroad icon 2&quot; style=&quot;width:16px;height:16px&quot;&gt;&lt;/a&gt;&amp;nbsp;&amp;nbsp;&lt;/b&gt;&lt;a class=&quot;external&quot; href=&quot;https://www.deviantart.com/users/outgoing?https://gumroad.com/prywinko&quot;&gt;Gumroad&lt;/a&gt;&lt;b&gt;&amp;nbsp;&amp;nbsp;&lt;a href=&quot;https://www.deviantart.com/linux-rules/art/Ko-fi-square-Icon-mini-615689033&quot; class=&quot;emoticon&quot; data-embed-type=&quot;emoticon&quot; data-embed-id=&quot;615689033&quot; data-embed-profile=&quot;deviation&quot;&gt;&lt;img src=&quot;https://images-wixmp-ed30a86b8c4ca887773594c2.wixmp.com/intermediary/f/25e46574-05d5-4425-916d-e5292bb066ac/da6kcp5-fcbf962a-dc0b-4e98-9a95-5e358a0493eb.png&quot; alt=&quot;Ko-fi (square) Icon mini&quot; style=&quot;width:21px;height:21px&quot;&gt;&lt;/a&gt;&amp;nbsp;&lt;/b&gt;&lt;a class=&quot;external&quot; href=&quot;https://www.deviantart.com/users/outgoing?https://ko-fi.com/A777O3E&quot;&gt;Ko-fi&lt;/a&gt;&lt;b&gt;&amp;nbsp;&lt;a href=&quot;https://www.deviantart.com/poserfan/art/Instagram-Icon-414445438&quot; class=&quot;emoticon&quot; data-embed-type=&quot;emoticon&quot; data-embed-id=&quot;414445438&quot; data-embed-profile=&quot;deviation&quot;&gt;&lt;img src=&quot;https://orig00.deviantart.net/efae/f/2013/326/f/3/instagram_icon_by_poserfan-d6ur05a.gif&quot; alt=&quot;Instagram Icon&quot; style=&quot;width:16px;height:16px&quot;&gt;&lt;/a&gt;&amp;nbsp;&amp;nbsp;&lt;/b&gt;&lt;a class=&quot;external&quot; href=&quot;https://www.deviantart.com/users/outgoing?https://www.instagram.com/prywinko&quot;&gt;Instagram&lt;/a&gt;&lt;b&gt;&amp;nbsp;&lt;img src=&quot;https://e.deviantart.net/emoticons/f/facebook.gif&quot; alt=&quot;Facebook&quot; style=&quot;width: 16px; height: 16px;&quot; data-embed-type=&quot;emoticon&quot; data-embed-id=&quot;616&quot;&gt;&amp;nbsp;&lt;/b&gt;&lt;a class=&quot;external&quot; href=&quot;https://www.deviantart.com/users/outgoing?https://www.facebook.com/prywinko&quot;&gt;Facebook&lt;/a&gt;&lt;b&gt;&amp;nbsp;&lt;/b&gt;&lt;a href=&quot;https://www.deviantart.com/users/outgoing?https://twitter.com/prywinko&quot;&gt;&lt;img src=&quot;https://e.deviantart.net/emoticons/t/twitter_2.gif&quot; alt=&quot;Twitter&quot; style=&quot;width: 16px; height: 16px;&quot; data-embed-type=&quot;emoticon&quot; data-embed-id=&quot;614&quot;&gt;&amp;nbsp;Twitter&lt;/a&gt;&lt;b&gt;&amp;nbsp;&amp;nbsp;&lt;a href=&quot;https://www.deviantart.com/hexsy/art/Tumblr-Emote-477200343&quot; class=&quot;emoticon&quot; data-embed-type=&quot;emoticon&quot; data-embed-id=&quot;477200343&quot; data-embed-profile=&quot;deviation&quot;&gt;&lt;img src=&quot;https://orig00.deviantart.net/5638/f/2014/233/8/d/tumblr_emote_by_hexsy-d7w4253.gif&quot; alt=&quot;Tumblr Emote&quot; style=&quot;width:16px;height:16px&quot;&gt;&lt;/a&gt;&amp;nbsp;&amp;nbsp;&lt;/b&gt;&lt;a class=&quot;external&quot; href=&quot;https://www.deviantart.com/users/outgoing?http://prywinko.tumblr.com/&quot;&gt;Tumblr&lt;/a&gt;&lt;b&gt;&amp;nbsp;&amp;nbsp;&lt;a href=&quot;https://www.deviantart.com/linux-rules/art/Pixiv-Icon-ultramini-614264723&quot; class=&quot;emoticon&quot; data-embed-type=&quot;emoticon&quot; data-embed-id=&quot;614264723&quot; data-embed-profile=&quot;deviation&quot;&gt;&lt;img src=&quot;https://images-wixmp-ed30a86b8c4ca887773594c2.wixmp.com/intermediary/f/25e46574-05d5-4425-916d-e5292bb066ac/da5ptoz-f899f03b-bad5-47d6-8a8c-e94b0ba74940.png&quot; alt=&quot;Pixiv Icon ultramini&quot; style=&quot;width:16px;height:16px&quot;&gt;&lt;/a&gt;&amp;nbsp;&lt;/b&gt;&lt;a class=&quot;external&quot; href=&quot;https://www.deviantart.com/users/outgoing?http://www.pixiv.net/member.php?id=11035409&quot;&gt;Pixiv&lt;/a&gt;&lt;b&gt;&amp;nbsp;&lt;a href=&quot;https://www.deviantart.com/poserfan/art/RedBubble-Icon-610621069&quot; class=&quot;emoticon&quot; data-embed-type=&quot;emoticon&quot; data-embed-id=&quot;610621069&quot; data-embed-profile=&quot;deviation&quot;&gt;&lt;img src=&quot;https://images-wixmp-ed30a86b8c4ca887773594c2.wixmp.com/intermediary/f/0a6e9796-d386-4234-97d1-d46c16906e81/da3jq8d-a73ec1da-e1ea-4429-a8b6-85f10e1a2eb6.png&quot; alt=&quot;RedBubble Icon&quot; style=&quot;width:16px;height:16px&quot;&gt;&lt;/a&gt;&amp;nbsp;(print)&amp;nbsp;&lt;/b&gt;&lt;a class=&quot;external&quot; href=&quot;https://www.deviantart.com/users/outgoing?http://www.redbubble.com/people/prywinko/&quot;&gt;RedBubble&lt;/a&gt;&lt;b&gt;&amp;nbsp;&lt;a href=&quot;https://www.deviantart.com/vampirehelenaharper/art/YouTube-Icon-530921372&quot; class=&quot;emoticon&quot; data-embed-type=&quot;emoticon&quot; data-embed-id=&quot;530921372&quot; data-embed-profile=&quot;deviation&quot;&gt;&lt;img src=&quot;https://images-wixmp-ed30a86b8c4ca887773594c2.wixmp.com/intermediary/f/80bda55e-e860-4969-8f37-9e9d51e43927/d8s3hjw-b4c05150-baba-4ad3-bea8-b4870929a06d.png&quot; alt=&quot;YouTube Icon&quot; style=&quot;width:16px;height:16px&quot;&gt;&lt;/a&gt;&amp;nbsp;&amp;nbsp;&lt;/b&gt;&lt;a class=&quot;external&quot; href=&quot;https://www.deviantart.com/users/outgoing?https://www.youtube.com/channel/UC_Rn0n1K-srpX0_u6gnNx-A&quot;&gt;Youtube&lt;/a&gt;&lt;b&gt;&amp;nbsp; &amp;nbsp;&lt;/b&gt;&lt;div align=&quot;center&quot;&gt;&lt;b&gt;&lt;a href=&quot;https://www.deviantart.com/linux-rules/art/Tapas-app-Icon-ultramini-614491251&quot; class=&quot;emoticon&quot; data-embed-type=&quot;emoticon&quot; data-embed-id=&quot;614491251&quot; data-embed-profile=&quot;deviation&quot;&gt;&lt;img src=&quot;https://images-wixmp-ed30a86b8c4ca887773594c2.wixmp.com/intermediary/f/25e46574-05d5-4425-916d-e5292bb066ac/da5uohf-082d4398-83e7-4e97-a151-c6adc04b4778.png&quot; alt=&quot;Tapas app Icon ultramini&quot; style=&quot;width:16px;height:16px&quot;&gt;&lt;/a&gt;&amp;nbsp;&lt;/b&gt;&lt;a class=&quot;external&quot; href=&quot;https://www.deviantart.com/users/outgoing?https://tapas.io/series/Prywinkos-life&quot;&gt;Tapas (comics)&lt;/a&gt;&lt;b&gt;&amp;nbsp;&amp;nbsp;&lt;br /&gt;&lt;span class=&quot;shadow-holder&quot; data-embed-type=&quot;deviation&quot; data-embed-id=&quot;702009008&quot; data-embed-format=&quot;thumb&quot;&gt;&lt;span class=&quot;shadow mild&quot; &gt;&lt;a class=&quot;thumb ismature&quot; href=&quot;https://www.deviantart.com/prywinko/art/Raven-702009008&quot; title=&quot;Raven by Prywinko, Sep 1, 2017 in Fan Art &amp;gt; Digital Art &amp;gt; Drawings &amp;gt; Other&quot;data-super-img=&quot;https://images-wixmp-ed30a86b8c4ca887773594c2.wixmp.com/intermediary/f/cf296ba5-0d5a-4ac6-b534-9ad3df9de58f/dblyhm8-5d891fb2-c9d4-449b-8d4f-cbd30f3c7de9.jpg/v1/fill/w_730,h_1095,q_70,strp/raven_by_prywinko_dblyhm8-pre.jpg&quot; data-super-width=&quot;730&quot; data-super-height=&quot;1095&quot; data-super-transparent=&quot;false&quot; data-super-alt=&quot;Raven by Prywinko&quot; data-super-full-img=&quot;https://images-wixmp-ed30a86b8c4ca887773594c2.wixmp.com/intermediary/f/cf296ba5-0d5a-4ac6-b534-9ad3df9de58f/dblyhm8-5d891fb2-c9d4-449b-8d4f-cbd30f3c7de9.jpg&quot; data-super-full-width=&quot;1000&quot; data-super-full-height=&quot;1500&quot;        data-sigil=&quot;thumb&quot;&gt;
                &lt;div class=&quot;thumb_agegate&quot;&gt;
            &lt;div class=&quot;agegate&quot;&gt;
                &lt;div class=&quot;nogo icon-blocked&quot;&gt;&lt;/div&gt;
                &lt;h1&gt;Mature Content&lt;/h1&gt;
            &lt;/div&gt;
        &lt;/div&gt;
        &lt;i&gt;&lt;/i&gt;&lt;img   width=&quot;100&quot; height=&quot;150&quot; alt=&quot;Raven by Prywinko&quot; src=&quot;https://images-wixmp-ed30a86b8c4ca887773594c2.wixmp.com/intermediary/f/cf296ba5-0d5a-4ac6-b534-9ad3df9de58f/dblyhm8-5d891fb2-c9d4-449b-8d4f-cbd30f3c7de9.jpg/v1/fit/w_150,h_150,q_70,strp/raven_by_prywinko_dblyhm8-150.jpg&quot; data-src=&quot;https://images-wixmp-ed30a86b8c4ca887773594c2.wixmp.com/intermediary/f/cf296ba5-0d5a-4ac6-b534-9ad3df9de58f/dblyhm8-5d891fb2-c9d4-449b-8d4f-cbd30f3c7de9.jpg/v1/fit/w_150,h_150,q_70,strp/raven_by_prywinko_dblyhm8-150.jpg&quot; srcset=&quot;https://images-wixmp-ed30a86b8c4ca887773594c2.wixmp.com/intermediary/f/cf296ba5-0d5a-4ac6-b534-9ad3df9de58f/dblyhm8-5d891fb2-c9d4-449b-8d4f-cbd30f3c7de9.jpg/v1/fit/w_150,h_150,q_70,strp/raven_by_prywinko_dblyhm8-150.jpg 100w,https://images-wixmp-ed30a86b8c4ca887773594c2.wixmp.com/intermediary/f/cf296ba5-0d5a-4ac6-b534-9ad3df9de58f/dblyhm8-5d891fb2-c9d4-449b-8d4f-cbd30f3c7de9.jpg/v1/crop/w_167,h_250,x_0,y_0,scl_0.167,q_70,strp/raven_by_prywinko_dblyhm8-250t.jpg 167w,https://images-wixmp-ed30a86b8c4ca887773594c2.wixmp.com/intermediary/f/cf296ba5-0d5a-4ac6-b534-9ad3df9de58f/dblyhm8-5d891fb2-c9d4-449b-8d4f-cbd30f3c7de9.jpg/v1/fill/w_233,h_350,q_70,strp/raven_by_prywinko_dblyhm8-350t.jpg 233w,https://images-wixmp-ed30a86b8c4ca887773594c2.wixmp.com/intermediary/f/cf296ba5-0d5a-4ac6-b534-9ad3df9de58f/dblyhm8-5d891fb2-c9d4-449b-8d4f-cbd30f3c7de9.jpg/v1/crop/w_267,h_400,x_0,y_0,scl_0.267,q_70,strp/raven_by_prywinko_dblyhm8-400t.jpg 267w,https://images-wixmp-ed30a86b8c4ca887773594c2.wixmp.com/intermediary/f/cf296ba5-0d5a-4ac6-b534-9ad3df9de58f/dblyhm8-5d891fb2-c9d4-449b-8d4f-cbd30f3c7de9.jpg/v1/fill/w_730,h_1095,q_70,strp/raven_by_prywinko_dblyhm8-pre.jpg 730w&quot; sizes=&quot;100px&quot;&gt;&lt;/a&gt;&lt;/span&gt;&lt;!-- ^TTT --&gt;&lt;!-- TTT$ --&gt;&lt;/span&gt;&lt;span class=&quot;shadow-holder&quot; data-embed-type=&quot;deviation&quot; data-embed-id=&quot;786663565&quot; data-embed-format=&quot;thumb&quot;&gt;&lt;span class=&quot;shadow mild&quot; &gt;&lt;a class=&quot;thumb ismature&quot; href=&quot;https://www.deviantart.com/prywinko/art/Pocahontas-786663565&quot; title=&quot;Pocahontas by Prywinko, Feb 22, 2019 in Fan Art &amp;gt; Digital Art &amp;gt; Drawings &amp;gt; Movies &amp;amp; TV&quot;data-super-img=&quot;https://images-wixmp-ed30a86b8c4ca887773594c2.wixmp.com/intermediary/f/cf296ba5-0d5a-4ac6-b534-9ad3df9de58f/dd0cxhp-85dbc157-9e41-4c2f-96b3-ace49536b391.jpg/v1/fill/w_730,h_1095,q_70,strp/pocahontas_by_prywinko_dd0cxhp-pre.jpg&quot; data-super-width=&quot;730&quot; data-super-height=&quot;1095&quot; data-super-transparent=&quot;false&quot; data-super-alt=&quot;Pocahontas by Prywinko&quot; data-super-full-img=&quot;https://images-wixmp-ed30a86b8c4ca887773594c2.wixmp.com/intermediary/f/cf296ba5-0d5a-4ac6-b534-9ad3df9de58f/dd0cxhp-85dbc157-9e41-4c2f-96b3-ace49536b391.jpg&quot; data-super-full-width=&quot;1000&quot; data-super-full-height=&quot;1500&quot;        data-sigil=&quot;thumb&quot;&gt;
                &lt;div class=&quot;thumb_agegate&quot;&gt;
            &lt;div class=&quot;agegate&quot;&gt;
                &lt;div class=&quot;nogo icon-blocked&quot;&gt;&lt;/div&gt;
                &lt;h1&gt;Mature Content&lt;/h1&gt;
            &lt;/div&gt;
        &lt;/div&gt;
        &lt;i&gt;&lt;/i&gt;&lt;img   width=&quot;100&quot; height=&quot;150&quot; alt=&quot;Pocahontas by Prywinko&quot; src=&quot;https://images-wixmp-ed30a86b8c4ca887773594c2.wixmp.com/intermediary/f/cf296ba5-0d5a-4ac6-b534-9ad3df9de58f/dd0cxhp-85dbc157-9e41-4c2f-96b3-ace49536b391.jpg/v1/fit/w_150,h_150,q_70,strp/pocahontas_by_prywinko_dd0cxhp-150.jpg&quot; data-src=&quot;https://images-wixmp-ed30a86b8c4ca887773594c2.wixmp.com/intermediary/f/cf296ba5-0d5a-4ac6-b534-9ad3df9de58f/dd0cxhp-85dbc157-9e41-4c2f-96b3-ace49536b391.jpg/v1/fit/w_150,h_150,q_70,strp/pocahontas_by_prywinko_dd0cxhp-150.jpg&quot; srcset=&quot;https://images-wixmp-ed30a86b8c4ca887773594c2.wixmp.com/intermediary/f/cf296ba5-0d5a-4ac6-b534-9ad3df9de58f/dd0cxhp-85dbc157-9e41-4c2f-96b3-ace49536b391.jpg/v1/fit/w_150,h_150,q_70,strp/pocahontas_by_prywinko_dd0cxhp-150.jpg 100w,https://images-wixmp-ed30a86b8c4ca887773594c2.wixmp.com/intermediary/f/cf296ba5-0d5a-4ac6-b534-9ad3df9de58f/dd0cxhp-85dbc157-9e41-4c2f-96b3-ace49536b391.jpg/v1/crop/w_167,h_250,x_0,y_0,scl_0.167,q_70,strp/pocahontas_by_prywinko_dd0cxhp-250t.jpg 167w,https://images-wixmp-ed30a86b8c4ca887773594c2.wixmp.com/intermediary/f/cf296ba5-0d5a-4ac6-b534-9ad3df9de58f/dd0cxhp-85dbc157-9e41-4c2f-96b3-ace49536b391.jpg/v1/fill/w_233,h_350,q_70,strp/pocahontas_by_prywinko_dd0cxhp-350t.jpg 233w,https://images-wixmp-ed30a86b8c4ca887773594c2.wixmp.com/intermediary/f/cf296ba5-0d5a-4ac6-b534-9ad3df9de58f/dd0cxhp-85dbc157-9e41-4c2f-96b3-ace49536b391.jpg/v1/crop/w_267,h_400,x_0,y_0,scl_0.267,q_70,strp/pocahontas_by_prywinko_dd0cxhp-400t.jpg 267w,https://images-wixmp-ed30a86b8c4ca887773594c2.wixmp.com/intermediary/f/cf296ba5-0d5a-4ac6-b534-9ad3df9de58f/dd0cxhp-85dbc157-9e41-4c2f-96b3-ace49536b391.jpg/v1/fill/w_730,h_1095,q_70,strp/pocahontas_by_prywinko_dd0cxhp-pre.jpg 730w&quot; sizes=&quot;100px&quot;&gt;&lt;/a&gt;&lt;/span&gt;&lt;!-- ^TTT --&gt;&lt;!-- TTT$ --&gt;&lt;/span&gt;&lt;span class=&quot;shadow-holder&quot; data-embed-type=&quot;deviation&quot; data-embed-id=&quot;785929357&quot; data-embed-format=&quot;thumb&quot;&gt;&lt;span class=&quot;shadow mild&quot; &gt;&lt;a class=&quot;thumb ismature&quot; href=&quot;https://www.deviantart.com/prywinko/art/Sword-Maiden-785929357&quot; title=&quot;Sword Maiden by Prywinko, Feb 17, 2019 in Fan Art &amp;gt; Manga &amp;amp; Anime &amp;gt; Digital &amp;gt; Movies &amp;amp; TV&quot;data-super-img=&quot;https://images-wixmp-ed30a86b8c4ca887773594c2.wixmp.com/intermediary/f/cf296ba5-0d5a-4ac6-b534-9ad3df9de58f/dczx6z1-cfc0e769-8c4f-4469-a51a-1a8a4fc2371b.jpg&quot; data-super-width=&quot;669&quot; data-super-height=&quot;1000&quot; data-super-transparent=&quot;false&quot; data-super-alt=&quot;Sword Maiden by Prywinko&quot; data-super-full-img=&quot;https://images-wixmp-ed30a86b8c4ca887773594c2.wixmp.com/intermediary/f/cf296ba5-0d5a-4ac6-b534-9ad3df9de58f/dczx6z1-cfc0e769-8c4f-4469-a51a-1a8a4fc2371b.jpg&quot; data-super-full-width=&quot;669&quot; data-super-full-height=&quot;1000&quot;        data-sigil=&quot;thumb&quot;&gt;
                &lt;div class=&quot;thumb_agegate&quot;&gt;
            &lt;div class=&quot;agegate&quot;&gt;
                &lt;div class=&quot;nogo icon-blocked&quot;&gt;&lt;/div&gt;
                &lt;h1&gt;Mature Content&lt;/h1&gt;
            &lt;/div&gt;
        &lt;/div&gt;
        &lt;i&gt;&lt;/i&gt;&lt;img   width=&quot;100&quot; height=&quot;150&quot; alt=&quot;Sword Maiden by Prywinko&quot; src=&quot;https://images-wixmp-ed30a86b8c4ca887773594c2.wixmp.com/intermediary/f/cf296ba5-0d5a-4ac6-b534-9ad3df9de58f/dczx6z1-cfc0e769-8c4f-4469-a51a-1a8a4fc2371b.jpg/v1/fit/w_150,h_150,q_70,strp/sword_maiden_by_prywinko_dczx6z1-150.jpg&quot; data-src=&quot;https://images-wixmp-ed30a86b8c4ca887773594c2.wixmp.com/intermediary/f/cf296ba5-0d5a-4ac6-b534-9ad3df9de58f/dczx6z1-cfc0e769-8c4f-4469-a51a-1a8a4fc2371b.jpg/v1/fit/w_150,h_150,q_70,strp/sword_maiden_by_prywinko_dczx6z1-150.jpg&quot; srcset=&quot;https://images-wixmp-ed30a86b8c4ca887773594c2.wixmp.com/intermediary/f/cf296ba5-0d5a-4ac6-b534-9ad3df9de58f/dczx6z1-cfc0e769-8c4f-4469-a51a-1a8a4fc2371b.jpg/v1/fit/w_150,h_150,q_70,strp/sword_maiden_by_prywinko_dczx6z1-150.jpg 100w,https://images-wixmp-ed30a86b8c4ca887773594c2.wixmp.com/intermediary/f/cf296ba5-0d5a-4ac6-b534-9ad3df9de58f/dczx6z1-cfc0e769-8c4f-4469-a51a-1a8a4fc2371b.jpg/v1/fill/w_167,h_250,q_70,strp/sword_maiden_by_prywinko_dczx6z1-250t.jpg 167w,https://images-wixmp-ed30a86b8c4ca887773594c2.wixmp.com/intermediary/f/cf296ba5-0d5a-4ac6-b534-9ad3df9de58f/dczx6z1-cfc0e769-8c4f-4469-a51a-1a8a4fc2371b.jpg/v1/fill/w_234,h_350,q_70,strp/sword_maiden_by_prywinko_dczx6z1-350t.jpg 234w,https://images-wixmp-ed30a86b8c4ca887773594c2.wixmp.com/intermediary/f/cf296ba5-0d5a-4ac6-b534-9ad3df9de58f/dczx6z1-cfc0e769-8c4f-4469-a51a-1a8a4fc2371b.jpg/v1/crop/w_268,h_400,x_0,y_0,scl_0.40059790732436,q_70,strp/sword_maiden_by_prywinko_dczx6z1-400t.jpg 268w,https://images-wixmp-ed30a86b8c4ca887773594c2.wixmp.com/intermediary/f/cf296ba5-0d5a-4ac6-b534-9ad3df9de58f/dczx6z1-cfc0e769-8c4f-4469-a51a-1a8a4fc2371b.jpg 669w&quot; sizes=&quot;100px&quot;&gt;&lt;/a&gt;&lt;/span&gt;&lt;!-- ^TTT --&gt;&lt;!-- TTT$ --&gt;&lt;/span&gt;&lt;span class=&quot;shadow-holder&quot; data-embed-type=&quot;deviation&quot; data-embed-id=&quot;785441952&quot; data-embed-format=&quot;thumb&quot;&gt;&lt;span class=&quot;shadow mild&quot; &gt;&lt;a class=&quot;thumb ismature&quot; href=&quot;https://www.deviantart.com/prywinko/art/Ada-Wong-Mr-X-Assault-785441952&quot; title=&quot;Ada Wong (Mr X Assault) by Prywinko, Feb 13, 2019 in Fan Art &amp;gt; Digital Art &amp;gt; Drawings &amp;gt; Games&quot;data-super-img=&quot;https://images-wixmp-ed30a86b8c4ca887773594c2.wixmp.com/intermediary/f/cf296ba5-0d5a-4ac6-b534-9ad3df9de58f/dczmqw0-09beb4fc-2169-4536-aa3a-40cb9e93e0af.jpg/v1/fill/w_730,h_1095,q_70,strp/ada_wong__mr_x_assault__by_prywinko_dczmqw0-pre.jpg&quot; data-super-width=&quot;730&quot; data-super-height=&quot;1095&quot; data-super-transparent=&quot;false&quot; data-super-alt=&quot;Ada Wong (Mr X Assault) by Prywinko&quot; data-super-full-img=&quot;https://images-wixmp-ed30a86b8c4ca887773594c2.wixmp.com/intermediary/f/cf296ba5-0d5a-4ac6-b534-9ad3df9de58f/dczmqw0-09beb4fc-2169-4536-aa3a-40cb9e93e0af.jpg&quot; data-super-full-width=&quot;1000&quot; data-super-full-height=&quot;1500&quot;        data-sigil=&quot;thumb&quot;&gt;
                &lt;div class=&quot;thumb_agegate&quot;&gt;
            &lt;div class=&quot;agegate&quot;&gt;
                &lt;div class=&quot;nogo icon-blocked&quot;&gt;&lt;/div&gt;
                &lt;h1&gt;Mature Content&lt;/h1&gt;
            &lt;/div&gt;
        &lt;/div&gt;
        &lt;i&gt;&lt;/i&gt;&lt;img   width=&quot;100&quot; height=&quot;150&quot; alt=&quot;Ada Wong (Mr X Assault) by Prywinko&quot; src=&quot;https://images-wixmp-ed30a86b8c4ca887773594c2.wixmp.com/intermediary/f/cf296ba5-0d5a-4ac6-b534-9ad3df9de58f/dczmqw0-09beb4fc-2169-4536-aa3a-40cb9e93e0af.jpg/v1/fit/w_150,h_150,q_70,strp/ada_wong__mr_x_assault__by_prywinko_dczmqw0-150.jpg&quot; data-src=&quot;https://images-wixmp-ed30a86b8c4ca887773594c2.wixmp.com/intermediary/f/cf296ba5-0d5a-4ac6-b534-9ad3df9de58f/dczmqw0-09beb4fc-2169-4536-aa3a-40cb9e93e0af.jpg/v1/fit/w_150,h_150,q_70,strp/ada_wong__mr_x_assault__by_prywinko_dczmqw0-150.jpg&quot; srcset=&quot;https://images-wixmp-ed30a86b8c4ca887773594c2.wixmp.com/intermediary/f/cf296ba5-0d5a-4ac6-b534-9ad3df9de58f/dczmqw0-09beb4fc-2169-4536-aa3a-40cb9e93e0af.jpg/v1/fit/w_150,h_150,q_70,strp/ada_wong__mr_x_assault__by_prywinko_dczmqw0-150.jpg 100w,https://images-wixmp-ed30a86b8c4ca887773594c2.wixmp.com/intermediary/f/cf296ba5-0d5a-4ac6-b534-9ad3df9de58f/dczmqw0-09beb4fc-2169-4536-aa3a-40cb9e93e0af.jpg/v1/crop/w_167,h_250,x_0,y_0,scl_0.167,q_70,strp/ada_wong__mr_x_assault__by_prywinko_dczmqw0-250t.jpg 167w,https://images-wixmp-ed30a86b8c4ca887773594c2.wixmp.com/intermediary/f/cf296ba5-0d5a-4ac6-b534-9ad3df9de58f/dczmqw0-09beb4fc-2169-4536-aa3a-40cb9e93e0af.jpg/v1/fill/w_233,h_350,q_70,strp/ada_wong__mr_x_assault__by_prywinko_dczmqw0-350t.jpg 233w,https://images-wixmp-ed30a86b8c4ca887773594c2.wixmp.com/intermediary/f/cf296ba5-0d5a-4ac6-b534-9ad3df9de58f/dczmqw0-09beb4fc-2169-4536-aa3a-40cb9e93e0af.jpg/v1/crop/w_267,h_400,x_0,y_0,scl_0.267,q_70,strp/ada_wong__mr_x_assault__by_prywinko_dczmqw0-400t.jpg 267w,https://images-wixmp-ed30a86b8c4ca887773594c2.wixmp.com/intermediary/f/cf296ba5-0d5a-4ac6-b534-9ad3df9de58f/dczmqw0-09beb4fc-2169-4536-aa3a-40cb9e93e0af.jpg/v1/fill/w_730,h_1095,q_70,strp/ada_wong__mr_x_assault__by_prywinko_dczmqw0-pre.jpg 730w&quot; sizes=&quot;100px&quot;&gt;&lt;/a&gt;&lt;/span&gt;&lt;!-- ^TTT --&gt;&lt;!-- TTT$ --&gt;&lt;/span&gt;&lt;span class=&quot;shadow-holder&quot; data-embed-type=&quot;deviation&quot; data-embed-id=&quot;785634289&quot; data-embed-format=&quot;thumb&quot;&gt;&lt;span class=&quot;shadow mild&quot; &gt;&lt;a class=&quot;thumb ismature&quot; href=&quot;https://www.deviantart.com/prywinko/art/Be-Mine-785634289&quot; title=&quot;Be Mine! by Prywinko, Feb 14, 2019 in Fan Art &amp;gt; Digital Art &amp;gt; Drawings &amp;gt; Games&quot;data-super-img=&quot;https://images-wixmp-ed30a86b8c4ca887773594c2.wixmp.com/intermediary/f/cf296ba5-0d5a-4ac6-b534-9ad3df9de58f/dczqvap-34140d5c-ca89-48b2-a2ba-e135db00849e.jpg/v1/fill/w_730,h_1095,q_70,strp/be_mine__by_prywinko_dczqvap-pre.jpg&quot; data-super-width=&quot;730&quot; data-super-height=&quot;1095&quot; data-super-transparent=&quot;false&quot; data-super-alt=&quot;Be Mine! by Prywinko&quot; data-super-full-img=&quot;https://images-wixmp-ed30a86b8c4ca887773594c2.wixmp.com/intermediary/f/cf296ba5-0d5a-4ac6-b534-9ad3df9de58f/dczqvap-34140d5c-ca89-48b2-a2ba-e135db00849e.jpg&quot; data-super-full-width=&quot;800&quot; data-super-full-height=&quot;1200&quot;        data-sigil=&quot;thumb&quot;&gt;
                &lt;div class=&quot;thumb_agegate&quot;&gt;
            &lt;div class=&quot;agegate&quot;&gt;
                &lt;div class=&quot;nogo icon-blocked&quot;&gt;&lt;/div&gt;
                &lt;h1&gt;Mature Content&lt;/h1&gt;
            &lt;/div&gt;
        &lt;/div&gt;
        &lt;i&gt;&lt;/i&gt;&lt;img   width=&quot;100&quot; height=&quot;150&quot; alt=&quot;Be Mine! by Prywinko&quot; src=&quot;https://images-wixmp-ed30a86b8c4ca887773594c2.wixmp.com/intermediary/f/cf296ba5-0d5a-4ac6-b534-9ad3df9de58f/dczqvap-34140d5c-ca89-48b2-a2ba-e135db00849e.jpg/v1/fit/w_150,h_150,q_70,strp/be_mine__by_prywinko_dczqvap-150.jpg&quot; data-src=&quot;https://images-wixmp-ed30a86b8c4ca887773594c2.wixmp.com/intermediary/f/cf296ba5-0d5a-4ac6-b534-9ad3df9de58f/dczqvap-34140d5c-ca89-48b2-a2ba-e135db00849e.jpg/v1/fit/w_150,h_150,q_70,strp/be_mine__by_prywinko_dczqvap-150.jpg&quot; srcset=&quot;https://images-wixmp-ed30a86b8c4ca887773594c2.wixmp.com/intermediary/f/cf296ba5-0d5a-4ac6-b534-9ad3df9de58f/dczqvap-34140d5c-ca89-48b2-a2ba-e135db00849e.jpg/v1/fit/w_150,h_150,q_70,strp/be_mine__by_prywinko_dczqvap-150.jpg 100w,https://images-wixmp-ed30a86b8c4ca887773594c2.wixmp.com/intermediary/f/cf296ba5-0d5a-4ac6-b534-9ad3df9de58f/dczqvap-34140d5c-ca89-48b2-a2ba-e135db00849e.jpg/v1/crop/w_167,h_250,x_0,y_0,scl_0.20875,q_70,strp/be_mine__by_prywinko_dczqvap-250t.jpg 167w,https://images-wixmp-ed30a86b8c4ca887773594c2.wixmp.com/intermediary/f/cf296ba5-0d5a-4ac6-b534-9ad3df9de58f/dczqvap-34140d5c-ca89-48b2-a2ba-e135db00849e.jpg/v1/fill/w_233,h_350,q_70,strp/be_mine__by_prywinko_dczqvap-350t.jpg 233w,https://images-wixmp-ed30a86b8c4ca887773594c2.wixmp.com/intermediary/f/cf296ba5-0d5a-4ac6-b534-9ad3df9de58f/dczqvap-34140d5c-ca89-48b2-a2ba-e135db00849e.jpg/v1/crop/w_267,h_400,x_0,y_0,scl_0.33375,q_70,strp/be_mine__by_prywinko_dczqvap-400t.jpg 267w,https://images-wixmp-ed30a86b8c4ca887773594c2.wixmp.com/intermediary/f/cf296ba5-0d5a-4ac6-b534-9ad3df9de58f/dczqvap-34140d5c-ca89-48b2-a2ba-e135db00849e.jpg/v1/fill/w_730,h_1095,q_70,strp/be_mine__by_prywinko_dczqvap-pre.jpg 730w&quot; sizes=&quot;100px&quot;&gt;&lt;/a&gt;&lt;/span&gt;&lt;!-- ^TTT --&gt;&lt;!-- TTT$ --&gt;&lt;/span&gt;&lt;span class=&quot;shadow-holder&quot; data-embed-type=&quot;deviation&quot; data-embed-id=&quot;785363834&quot; data-embed-format=&quot;thumb&quot;&gt;&lt;span class=&quot;shadow mild&quot; &gt;&lt;a class=&quot;thumb&quot; href=&quot;https://www.deviantart.com/prywinko/art/Ada-Wong-785363834&quot; title=&quot;Ada Wong by Prywinko, Feb 13, 2019 in Fan Art &amp;gt; Digital Art &amp;gt; Drawings &amp;gt; Games&quot;data-super-img=&quot;https://images-wixmp-ed30a86b8c4ca887773594c2.wixmp.com/intermediary/f/cf296ba5-0d5a-4ac6-b534-9ad3df9de58f/dczl2m2-c9be5ebd-74de-4814-aa61-addbdf3f084f.jpg/v1/fill/w_730,h_1095,q_70,strp/ada_wong_by_prywinko_dczl2m2-pre.jpg&quot; data-super-width=&quot;730&quot; data-super-height=&quot;1095&quot; data-super-transparent=&quot;false&quot; data-super-alt=&quot;Ada Wong by Prywinko&quot; data-super-full-img=&quot;https://images-wixmp-ed30a86b8c4ca887773594c2.wixmp.com/intermediary/f/cf296ba5-0d5a-4ac6-b534-9ad3df9de58f/dczl2m2-c9be5ebd-74de-4814-aa61-addbdf3f084f.jpg&quot; data-super-full-width=&quot;1000&quot; data-super-full-height=&quot;1500&quot;        data-sigil=&quot;thumb&quot;&gt;
        &lt;i&gt;&lt;/i&gt;&lt;img   width=&quot;100&quot; height=&quot;150&quot; alt=&quot;Ada Wong by Prywinko&quot; src=&quot;https://images-wixmp-ed30a86b8c4ca887773594c2.wixmp.com/intermediary/f/cf296ba5-0d5a-4ac6-b534-9ad3df9de58f/dczl2m2-c9be5ebd-74de-4814-aa61-addbdf3f084f.jpg/v1/fit/w_150,h_150,q_70,strp/ada_wong_by_prywinko_dczl2m2-150.jpg&quot; data-src=&quot;https://images-wixmp-ed30a86b8c4ca887773594c2.wixmp.com/intermediary/f/cf296ba5-0d5a-4ac6-b534-9ad3df9de58f/dczl2m2-c9be5ebd-74de-4814-aa61-addbdf3f084f.jpg/v1/fit/w_150,h_150,q_70,strp/ada_wong_by_prywinko_dczl2m2-150.jpg&quot; srcset=&quot;https://images-wixmp-ed30a86b8c4ca887773594c2.wixmp.com/intermediary/f/cf296ba5-0d5a-4ac6-b534-9ad3df9de58f/dczl2m2-c9be5ebd-74de-4814-aa61-addbdf3f084f.jpg/v1/fit/w_150,h_150,q_70,strp/ada_wong_by_prywinko_dczl2m2-150.jpg 100w,https://images-wixmp-ed30a86b8c4ca887773594c2.wixmp.com/intermediary/f/cf296ba5-0d5a-4ac6-b534-9ad3df9de58f/dczl2m2-c9be5ebd-74de-4814-aa61-addbdf3f084f.jpg/v1/crop/w_167,h_250,x_0,y_0,scl_0.167,q_70,strp/ada_wong_by_prywinko_dczl2m2-250t.jpg 167w,https://images-wixmp-ed30a86b8c4ca887773594c2.wixmp.com/intermediary/f/cf296ba5-0d5a-4ac6-b534-9ad3df9de58f/dczl2m2-c9be5ebd-74de-4814-aa61-addbdf3f084f.jpg/v1/fill/w_233,h_350,q_70,strp/ada_wong_by_prywinko_dczl2m2-350t.jpg 233w,https://images-wixmp-ed30a86b8c4ca887773594c2.wixmp.com/intermediary/f/cf296ba5-0d5a-4ac6-b534-9ad3df9de58f/dczl2m2-c9be5ebd-74de-4814-aa61-addbdf3f084f.jpg/v1/crop/w_267,h_400,x_0,y_0,scl_0.267,q_70,strp/ada_wong_by_prywinko_dczl2m2-400t.jpg 267w,https://images-wixmp-ed30a86b8c4ca887773594c2.wixmp.com/intermediary/f/cf296ba5-0d5a-4ac6-b534-9ad3df9de58f/dczl2m2-c9be5ebd-74de-4814-aa61-addbdf3f084f.jpg/v1/fill/w_730,h_1095,q_70,strp/ada_wong_by_prywinko_dczl2m2-pre.jpg 730w&quot; sizes=&quot;100px&quot;&gt;&lt;/a&gt;&lt;/span&gt;&lt;!-- ^TTT --&gt;&lt;!-- TTT$ --&gt;&lt;/span&gt;&lt;br /&gt;&lt;/b&gt;&lt;/div&gt;&lt;/div&gt;&lt;/div&gt;&lt;/div&gt;&lt;/div&gt;&lt;/div&gt;</media:description>            <media:thumbnail url="https://t00.deviantart.net/5AcbAvGeu7aFMTktXsbUP3GPstY=/fit-in/150x150/filters:no_upscale():origin()/pre00/9474/th/pre/f/2019/056/0/0/sketch_raven_by_prywinko-dd0oifo.jpg" height="90" width="150"/>            <media:thumbnail url="https://t00.deviantart.net/IXi2wXhZ_kd4qdfhqulwA6s30KM=/fit-in/300x900/filters:no_upscale():origin()/pre00/9474/th/pre/f/2019/056/0/0/sketch_raven_by_prywinko-dd0oifo.jpg" height="181" width="300"/>            <media:thumbnail url="https://t00.deviantart.net/76l-q_TqY0AdsXZtPhYzAyuEbNA=/300x200/filters:fixed_height(100,100):origin()/pre00/9474/th/pre/f/2019/056/0/0/sketch_raven_by_prywinko-dd0oifo.jpg" height="181" width="300"/>            <media:content url="https://orig00.deviantart.net/5c6b/f/2019/056/0/0/sketch_raven_by_prywinko-dd0oifo.jpg" height="618" width="1026" medium="image"/>            
            <description>&lt;h4&gt;&lt;div align=&quot;center&quot;&gt;&lt;p align=&quot;center&quot;&gt;&lt;a href=&quot;https://www.deviantart.com/king-lulu-deer/art/Pride-Shooting-Star-685222491&quot; class=&quot;emoticon&quot; data-embed-type=&quot;emoticon&quot; data-embed-id=&quot;685222491&quot; data-embed-profile=&quot;deviation&quot;&gt;&lt;img src=&quot;https://orig00.deviantart.net/ed9c/f/2017/174/1/8/pride_shooting_star_by_king_lulu_deer-dbbyp23.gif&quot; alt=&quot;Pride Shooting Star&quot; style=&quot;width:119px;height:20px&quot;&gt;&lt;/a&gt;&lt;b&gt;&amp;nbsp;!&lt;/b&gt;&lt;b&gt;&lt;a class=&quot;external&quot; href=&quot;https://www.deviantart.com/users/outgoing?https://www.patreon.com/join/Prywinko&quot;&gt;GET HOT RAVEN!&lt;/a&gt;&amp;nbsp; &amp;nbsp;&lt;/b&gt;&lt;a href=&quot;https://www.deviantart.com/king-lulu-deer/art/Pride-Shooting-Star-685222491&quot; class=&quot;emoticon&quot; data-embed-type=&quot;emoticon&quot; data-embed-id=&quot;685222491&quot; data-embed-profile=&quot;deviation&quot;&gt;&lt;img src=&quot;https://orig00.deviantart.net/ed9c/f/2017/174/1/8/pride_shooting_star_by_king_lulu_deer-dbbyp23.gif&quot; alt=&quot;Pride Shooting Star&quot; style=&quot;width:119px;height:20px&quot;&gt;&lt;/a&gt;&lt;b&gt;&amp;nbsp;&lt;/b&gt;&lt;/p&gt;&lt;/div&gt;&lt;/h4&gt;&lt;h4&gt;&lt;div align=&quot;center&quot;&gt;&lt;p align=&quot;center&quot;&gt;&lt;b&gt;&lt;/b&gt;&lt;b&gt;&lt;a href=&quot;https://www.deviantart.com/kittyrocker/art/--547742247&quot; class=&quot;emoticon&quot; data-embed-type=&quot;emoticon&quot; data-embed-id=&quot;547742247&quot; data-embed-profile=&quot;deviation&quot;&gt;&lt;img src=&quot;https://orig00.deviantart.net/18bb/f/2015/201/0/6/__by_kittyrocker-d9240mf.gif&quot; alt=&quot;*&quot; style=&quot;width:10px;height:10px&quot;&gt;&lt;/a&gt;&lt;/b&gt;&lt;/p&gt;&lt;/div&gt;&lt;/h4&gt;&lt;div align=&quot;center&quot;&gt;&lt;div align=&quot;center&quot;&gt;&lt;div align=&quot;center&quot;&gt;&lt;div align=&quot;center&quot;&gt;&lt;b&gt;February Patreon reward&amp;nbsp;&amp;nbsp;&amp;nbsp;&lt;br /&gt;&lt;br /&gt;&amp;nbsp;&lt;/b&gt;&lt;b&gt;&lt;a href=&quot;https://www.deviantart.com/kittyrocker/art/--547742247&quot; class=&quot;emoticon&quot; data-embed-type=&quot;emoticon&quot; data-embed-id=&quot;547742247&quot; data-embed-profile=&quot;deviation&quot;&gt;&lt;img src=&quot;https://orig00.deviantart.net/18bb/f/2015/201/0/6/__by_kittyrocker-d9240mf.gif&quot; alt=&quot;*&quot; style=&quot;width:10px;height:10px&quot;&gt;&lt;/a&gt;&amp;nbsp;&lt;br /&gt;&lt;/b&gt;&lt;div align=&quot;center&quot;&gt;&lt;div align=&quot;center&quot;&gt;&lt;div align=&quot;center&quot;&gt;&lt;div align=&quot;center&quot;&gt;&lt;b&gt;My art and video are created thanks to your support! Thank you!&lt;br /&gt;&lt;/b&gt;&lt;br /&gt;&lt;/div&gt;&lt;/div&gt;&lt;/div&gt;&lt;/div&gt;&lt;div align=&quot;center&quot;&gt;&lt;b&gt;&amp;nbsp;&amp;nbsp;&lt;a href=&quot;https://www.deviantart.com/poserfan/art/Patreon-Icon-543304473&quot; class=&quot;emoticon&quot; data-embed-type=&quot;emoticon&quot; data-embed-id=&quot;543304473&quot; data-embed-profile=&quot;deviation&quot;&gt;&lt;img src=&quot;https://images-wixmp-ed30a86b8c4ca887773594c2.wixmp.com/intermediary/f/0a6e9796-d386-4234-97d1-d46c16906e81/d8zgwex-5864a807-08a9-4167-a686-55d51e951ded.png&quot; alt=&quot;Patreon Icon&quot; style=&quot;width:16px;height:16px&quot;&gt;&lt;/a&gt;&amp;nbsp;&lt;/b&gt;&lt;a class=&quot;external&quot; href=&quot;https://www.deviantart.com/users/outgoing?https://www.patreon.com/prywinko&quot;&gt;Patreon&amp;nbsp;&lt;/a&gt;&lt;b&gt;&amp;nbsp;&lt;a href=&quot;https://www.deviantart.com/liriorox/art/Gumroad-icon-2-545734859&quot; class=&quot;emoticon&quot; data-embed-type=&quot;emoticon&quot; data-embed-id=&quot;545734859&quot; data-embed-profile=&quot;deviation&quot;&gt;&lt;img src=&quot;https://images-wixmp-ed30a86b8c4ca887773594c2.wixmp.com/intermediary/f/0bd87312-636c-4da8-8502-26c542873b11/d90wzpn-47fbf5d8-7dd8-40b0-810d-f16277f51393.png&quot; alt=&quot;Gumroad icon 2&quot; style=&quot;width:16px;height:16px&quot;&gt;&lt;/a&gt;&amp;nbsp;&amp;nbsp;&lt;/b&gt;&lt;a class=&quot;external&quot; href=&quot;https://www.deviantart.com/users/outgoing?https://gumroad.com/prywinko&quot;&gt;Gumroad&lt;/a&gt;&lt;b&gt;&amp;nbsp;&amp;nbsp;&lt;a href=&quot;https://www.deviantart.com/linux-rules/art/Ko-fi-square-Icon-mini-615689033&quot; class=&quot;emoticon&quot; data-embed-type=&quot;emoticon&quot; data-embed-id=&quot;615689033&quot; data-embed-profile=&quot;deviation&quot;&gt;&lt;img src=&quot;https://images-wixmp-ed30a86b8c4ca887773594c2.wixmp.com/intermediary/f/25e46574-05d5-4425-916d-e5292bb066ac/da6kcp5-fcbf962a-dc0b-4e98-9a95-5e358a0493eb.png&quot; alt=&quot;Ko-fi (square) Icon mini&quot; style=&quot;width:21px;height:21px&quot;&gt;&lt;/a&gt;&amp;nbsp;&lt;/b&gt;&lt;a class=&quot;external&quot; href=&quot;https://www.deviantart.com/users/outgoing?https://ko-fi.com/A777O3E&quot;&gt;Ko-fi&lt;/a&gt;&lt;b&gt;&amp;nbsp;&lt;a href=&quot;https://www.deviantart.com/poserfan/art/Instagram-Icon-414445438&quot; class=&quot;emoticon&quot; data-embed-type=&quot;emoticon&quot; data-embed-id=&quot;414445438&quot; data-embed-profile=&quot;deviation&quot;&gt;&lt;img src=&quot;https://orig00.deviantart.net/efae/f/2013/326/f/3/instagram_icon_by_poserfan-d6ur05a.gif&quot; alt=&quot;Instagram Icon&quot; style=&quot;width:16px;height:16px&quot;&gt;&lt;/a&gt;&amp;nbsp;&amp;nbsp;&lt;/b&gt;&lt;a class=&quot;external&quot; href=&quot;https://www.deviantart.com/users/outgoing?https://www.instagram.com/prywinko&quot;&gt;Instagram&lt;/a&gt;&lt;b&gt;&amp;nbsp;&lt;img src=&quot;https://e.deviantart.net/emoticons/f/facebook.gif&quot; alt=&quot;Facebook&quot; style=&quot;width: 16px; height: 16px;&quot; data-embed-type=&quot;emoticon&quot; data-embed-id=&quot;616&quot;&gt;&amp;nbsp;&lt;/b&gt;&lt;a class=&quot;external&quot; href=&quot;https://www.deviantart.com/users/outgoing?https://www.facebook.com/prywinko&quot;&gt;Facebook&lt;/a&gt;&lt;b&gt;&amp;nbsp;&lt;/b&gt;&lt;a href=&quot;https://www.deviantart.com/users/outgoing?https://twitter.com/prywinko&quot;&gt;&lt;img src=&quot;https://e.deviantart.net/emoticons/t/twitter_2.gif&quot; alt=&quot;Twitter&quot; style=&quot;width: 16px; height: 16px;&quot; data-embed-type=&quot;emoticon&quot; data-embed-id=&quot;614&quot;&gt;&amp;nbsp;Twitter&lt;/a&gt;&lt;b&gt;&amp;nbsp;&amp;nbsp;&lt;a href=&quot;https://www.deviantart.com/hexsy/art/Tumblr-Emote-477200343&quot; class=&quot;emoticon&quot; data-embed-type=&quot;emoticon&quot; data-embed-id=&quot;477200343&quot; data-embed-profile=&quot;deviation&quot;&gt;&lt;img src=&quot;https://orig00.deviantart.net/5638/f/2014/233/8/d/tumblr_emote_by_hexsy-d7w4253.gif&quot; alt=&quot;Tumblr Emote&quot; style=&quot;width:16px;height:16px&quot;&gt;&lt;/a&gt;&amp;nbsp;&amp;nbsp;&lt;/b&gt;&lt;a class=&quot;external&quot; href=&quot;https://www.deviantart.com/users/outgoing?http://prywinko.tumblr.com/&quot;&gt;Tumblr&lt;/a&gt;&lt;b&gt;&amp;nbsp;&amp;nbsp;&lt;a href=&quot;https://www.deviantart.com/linux-rules/art/Pixiv-Icon-ultramini-614264723&quot; class=&quot;emoticon&quot; data-embed-type=&quot;emoticon&quot; data-embed-id=&quot;614264723&quot; data-embed-profile=&quot;deviation&quot;&gt;&lt;img src=&quot;https://images-wixmp-ed30a86b8c4ca887773594c2.wixmp.com/intermediary/f/25e46574-05d5-4425-916d-e5292bb066ac/da5ptoz-f899f03b-bad5-47d6-8a8c-e94b0ba74940.png&quot; alt=&quot;Pixiv Icon ultramini&quot; style=&quot;width:16px;height:16px&quot;&gt;&lt;/a&gt;&amp;nbsp;&lt;/b&gt;&lt;a class=&quot;external&quot; href=&quot;https://www.deviantart.com/users/outgoing?http://www.pixiv.net/member.php?id=11035409&quot;&gt;Pixiv&lt;/a&gt;&lt;b&gt;&amp;nbsp;&lt;a href=&quot;https://www.deviantart.com/poserfan/art/RedBubble-Icon-610621069&quot; class=&quot;emoticon&quot; data-embed-type=&quot;emoticon&quot; data-embed-id=&quot;610621069&quot; data-embed-profile=&quot;deviation&quot;&gt;&lt;img src=&quot;https://images-wixmp-ed30a86b8c4ca887773594c2.wixmp.com/intermediary/f/0a6e9796-d386-4234-97d1-d46c16906e81/da3jq8d-a73ec1da-e1ea-4429-a8b6-85f10e1a2eb6.png&quot; alt=&quot;RedBubble Icon&quot; style=&quot;width:16px;height:16px&quot;&gt;&lt;/a&gt;&amp;nbsp;(print)&amp;nbsp;&lt;/b&gt;&lt;a class=&quot;external&quot; href=&quot;https://www.deviantart.com/users/outgoing?http://www.redbubble.com/people/prywinko/&quot;&gt;RedBubble&lt;/a&gt;&lt;b&gt;&amp;nbsp;&lt;a href=&quot;https://www.deviantart.com/vampirehelenaharper/art/YouTube-Icon-530921372&quot; class=&quot;emoticon&quot; data-embed-type=&quot;emoticon&quot; data-embed-id=&quot;530921372&quot; data-embed-profile=&quot;deviation&quot;&gt;&lt;img src=&quot;https://images-wixmp-ed30a86b8c4ca887773594c2.wixmp.com/intermediary/f/80bda55e-e860-4969-8f37-9e9d51e43927/d8s3hjw-b4c05150-baba-4ad3-bea8-b4870929a06d.png&quot; alt=&quot;YouTube Icon&quot; style=&quot;width:16px;height:16px&quot;&gt;&lt;/a&gt;&amp;nbsp;&amp;nbsp;&lt;/b&gt;&lt;a class=&quot;external&quot; href=&quot;https://www.deviantart.com/users/outgoing?https://www.youtube.com/channel/UC_Rn0n1K-srpX0_u6gnNx-A&quot;&gt;Youtube&lt;/a&gt;&lt;b&gt;&amp;nbsp; &amp;nbsp;&lt;/b&gt;&lt;div align=&quot;center&quot;&gt;&lt;b&gt;&lt;a href=&quot;https://www.deviantart.com/linux-rules/art/Tapas-app-Icon-ultramini-614491251&quot; class=&quot;emoticon&quot; data-embed-type=&quot;emoticon&quot; data-embed-id=&quot;614491251&quot; data-embed-profile=&quot;deviation&quot;&gt;&lt;img src=&quot;https://images-wixmp-ed30a86b8c4ca887773594c2.wixmp.com/intermediary/f/25e46574-05d5-4425-916d-e5292bb066ac/da5uohf-082d4398-83e7-4e97-a151-c6adc04b4778.png&quot; alt=&quot;Tapas app Icon ultramini&quot; style=&quot;width:16px;height:16px&quot;&gt;&lt;/a&gt;&amp;nbsp;&lt;/b&gt;&lt;a class=&quot;external&quot; href=&quot;https://www.deviantart.com/users/outgoing?https://tapas.io/series/Prywinkos-life&quot;&gt;Tapas (comics)&lt;/a&gt;&lt;b&gt;&amp;nbsp;&amp;nbsp;&lt;br /&gt;&lt;span class=&quot;shadow-holder&quot; data-embed-type=&quot;deviation&quot; data-embed-id=&quot;702009008&quot; data-embed-format=&quot;thumb&quot;&gt;&lt;span class=&quot;shadow mild&quot; &gt;&lt;a class=&quot;thumb ismature&quot; href=&quot;https://www.deviantart.com/prywinko/art/Raven-702009008&quot; title=&quot;Raven by Prywinko, Sep 1, 2017 in Fan Art &amp;gt; Digital Art &amp;gt; Drawings &amp;gt; Other&quot;data-super-img=&quot;https://images-wixmp-ed30a86b8c4ca887773594c2.wixmp.com/intermediary/f/cf296ba5-0d5a-4ac6-b534-9ad3df9de58f/dblyhm8-5d891fb2-c9d4-449b-8d4f-cbd30f3c7de9.jpg/v1/fill/w_730,h_1095,q_70,strp/raven_by_prywinko_dblyhm8-pre.jpg&quot; data-super-width=&quot;730&quot; data-super-height=&quot;1095&quot; data-super-transparent=&quot;false&quot; data-super-alt=&quot;Raven by Prywinko&quot; data-super-full-img=&quot;https://images-wixmp-ed30a86b8c4ca887773594c2.wixmp.com/intermediary/f/cf296ba5-0d5a-4ac6-b534-9ad3df9de58f/dblyhm8-5d891fb2-c9d4-449b-8d4f-cbd30f3c7de9.jpg&quot; data-super-full-width=&quot;1000&quot; data-super-full-height=&quot;1500&quot;        data-sigil=&quot;thumb&quot;&gt;
                &lt;div class=&quot;thumb_agegate&quot;&gt;
            &lt;div class=&quot;agegate&quot;&gt;
                &lt;div class=&quot;nogo icon-blocked&quot;&gt;&lt;/div&gt;
                &lt;h1&gt;Mature Content&lt;/h1&gt;
            &lt;/div&gt;
        &lt;/div&gt;
        &lt;i&gt;&lt;/i&gt;&lt;img   width=&quot;100&quot; height=&quot;150&quot; alt=&quot;Raven by Prywinko&quot; src=&quot;https://images-wixmp-ed30a86b8c4ca887773594c2.wixmp.com/intermediary/f/cf296ba5-0d5a-4ac6-b534-9ad3df9de58f/dblyhm8-5d891fb2-c9d4-449b-8d4f-cbd30f3c7de9.jpg/v1/fit/w_150,h_150,q_70,strp/raven_by_prywinko_dblyhm8-150.jpg&quot; data-src=&quot;https://images-wixmp-ed30a86b8c4ca887773594c2.wixmp.com/intermediary/f/cf296ba5-0d5a-4ac6-b534-9ad3df9de58f/dblyhm8-5d891fb2-c9d4-449b-8d4f-cbd30f3c7de9.jpg/v1/fit/w_150,h_150,q_70,strp/raven_by_prywinko_dblyhm8-150.jpg&quot; srcset=&quot;https://images-wixmp-ed30a86b8c4ca887773594c2.wixmp.com/intermediary/f/cf296ba5-0d5a-4ac6-b534-9ad3df9de58f/dblyhm8-5d891fb2-c9d4-449b-8d4f-cbd30f3c7de9.jpg/v1/fit/w_150,h_150,q_70,strp/raven_by_prywinko_dblyhm8-150.jpg 100w,https://images-wixmp-ed30a86b8c4ca887773594c2.wixmp.com/intermediary/f/cf296ba5-0d5a-4ac6-b534-9ad3df9de58f/dblyhm8-5d891fb2-c9d4-449b-8d4f-cbd30f3c7de9.jpg/v1/crop/w_167,h_250,x_0,y_0,scl_0.167,q_70,strp/raven_by_prywinko_dblyhm8-250t.jpg 167w,https://images-wixmp-ed30a86b8c4ca887773594c2.wixmp.com/intermediary/f/cf296ba5-0d5a-4ac6-b534-9ad3df9de58f/dblyhm8-5d891fb2-c9d4-449b-8d4f-cbd30f3c7de9.jpg/v1/fill/w_233,h_350,q_70,strp/raven_by_prywinko_dblyhm8-350t.jpg 233w,https://images-wixmp-ed30a86b8c4ca887773594c2.wixmp.com/intermediary/f/cf296ba5-0d5a-4ac6-b534-9ad3df9de58f/dblyhm8-5d891fb2-c9d4-449b-8d4f-cbd30f3c7de9.jpg/v1/crop/w_267,h_400,x_0,y_0,scl_0.267,q_70,strp/raven_by_prywinko_dblyhm8-400t.jpg 267w,https://images-wixmp-ed30a86b8c4ca887773594c2.wixmp.com/intermediary/f/cf296ba5-0d5a-4ac6-b534-9ad3df9de58f/dblyhm8-5d891fb2-c9d4-449b-8d4f-cbd30f3c7de9.jpg/v1/fill/w_730,h_1095,q_70,strp/raven_by_prywinko_dblyhm8-pre.jpg 730w&quot; sizes=&quot;100px&quot;&gt;&lt;/a&gt;&lt;/span&gt;&lt;!-- ^TTT --&gt;&lt;!-- TTT$ --&gt;&lt;/span&gt;&lt;span class=&quot;shadow-holder&quot; data-embed-type=&quot;deviation&quot; data-embed-id=&quot;786663565&quot; data-embed-format=&quot;thumb&quot;&gt;&lt;span class=&quot;shadow mild&quot; &gt;&lt;a class=&quot;thumb ismature&quot; href=&quot;https://www.deviantart.com/prywinko/art/Pocahontas-786663565&quot; title=&quot;Pocahontas by Prywinko, Feb 22, 2019 in Fan Art &amp;gt; Digital Art &amp;gt; Drawings &amp;gt; Movies &amp;amp; TV&quot;data-super-img=&quot;https://images-wixmp-ed30a86b8c4ca887773594c2.wixmp.com/intermediary/f/cf296ba5-0d5a-4ac6-b534-9ad3df9de58f/dd0cxhp-85dbc157-9e41-4c2f-96b3-ace49536b391.jpg/v1/fill/w_730,h_1095,q_70,strp/pocahontas_by_prywinko_dd0cxhp-pre.jpg&quot; data-super-width=&quot;730&quot; data-super-height=&quot;1095&quot; data-super-transparent=&quot;false&quot; data-super-alt=&quot;Pocahontas by Prywinko&quot; data-super-full-img=&quot;https://images-wixmp-ed30a86b8c4ca887773594c2.wixmp.com/intermediary/f/cf296ba5-0d5a-4ac6-b534-9ad3df9de58f/dd0cxhp-85dbc157-9e41-4c2f-96b3-ace49536b391.jpg&quot; data-super-full-width=&quot;1000&quot; data-super-full-height=&quot;1500&quot;        data-sigil=&quot;thumb&quot;&gt;
                &lt;div class=&quot;thumb_agegate&quot;&gt;
            &lt;div class=&quot;agegate&quot;&gt;
                &lt;div class=&quot;nogo icon-blocked&quot;&gt;&lt;/div&gt;
                &lt;h1&gt;Mature Content&lt;/h1&gt;
            &lt;/div&gt;
        &lt;/div&gt;
        &lt;i&gt;&lt;/i&gt;&lt;img   width=&quot;100&quot; height=&quot;150&quot; alt=&quot;Pocahontas by Prywinko&quot; src=&quot;https://images-wixmp-ed30a86b8c4ca887773594c2.wixmp.com/intermediary/f/cf296ba5-0d5a-4ac6-b534-9ad3df9de58f/dd0cxhp-85dbc157-9e41-4c2f-96b3-ace49536b391.jpg/v1/fit/w_150,h_150,q_70,strp/pocahontas_by_prywinko_dd0cxhp-150.jpg&quot; data-src=&quot;https://images-wixmp-ed30a86b8c4ca887773594c2.wixmp.com/intermediary/f/cf296ba5-0d5a-4ac6-b534-9ad3df9de58f/dd0cxhp-85dbc157-9e41-4c2f-96b3-ace49536b391.jpg/v1/fit/w_150,h_150,q_70,strp/pocahontas_by_prywinko_dd0cxhp-150.jpg&quot; srcset=&quot;https://images-wixmp-ed30a86b8c4ca887773594c2.wixmp.com/intermediary/f/cf296ba5-0d5a-4ac6-b534-9ad3df9de58f/dd0cxhp-85dbc157-9e41-4c2f-96b3-ace49536b391.jpg/v1/fit/w_150,h_150,q_70,strp/pocahontas_by_prywinko_dd0cxhp-150.jpg 100w,https://images-wixmp-ed30a86b8c4ca887773594c2.wixmp.com/intermediary/f/cf296ba5-0d5a-4ac6-b534-9ad3df9de58f/dd0cxhp-85dbc157-9e41-4c2f-96b3-ace49536b391.jpg/v1/crop/w_167,h_250,x_0,y_0,scl_0.167,q_70,strp/pocahontas_by_prywinko_dd0cxhp-250t.jpg 167w,https://images-wixmp-ed30a86b8c4ca887773594c2.wixmp.com/intermediary/f/cf296ba5-0d5a-4ac6-b534-9ad3df9de58f/dd0cxhp-85dbc157-9e41-4c2f-96b3-ace49536b391.jpg/v1/fill/w_233,h_350,q_70,strp/pocahontas_by_prywinko_dd0cxhp-350t.jpg 233w,https://images-wixmp-ed30a86b8c4ca887773594c2.wixmp.com/intermediary/f/cf296ba5-0d5a-4ac6-b534-9ad3df9de58f/dd0cxhp-85dbc157-9e41-4c2f-96b3-ace49536b391.jpg/v1/crop/w_267,h_400,x_0,y_0,scl_0.267,q_70,strp/pocahontas_by_prywinko_dd0cxhp-400t.jpg 267w,https://images-wixmp-ed30a86b8c4ca887773594c2.wixmp.com/intermediary/f/cf296ba5-0d5a-4ac6-b534-9ad3df9de58f/dd0cxhp-85dbc157-9e41-4c2f-96b3-ace49536b391.jpg/v1/fill/w_730,h_1095,q_70,strp/pocahontas_by_prywinko_dd0cxhp-pre.jpg 730w&quot; sizes=&quot;100px&quot;&gt;&lt;/a&gt;&lt;/span&gt;&lt;!-- ^TTT --&gt;&lt;!-- TTT$ --&gt;&lt;/span&gt;&lt;span class=&quot;shadow-holder&quot; data-embed-type=&quot;deviation&quot; data-embed-id=&quot;785929357&quot; data-embed-format=&quot;thumb&quot;&gt;&lt;span class=&quot;shadow mild&quot; &gt;&lt;a class=&quot;thumb ismature&quot; href=&quot;https://www.deviantart.com/prywinko/art/Sword-Maiden-785929357&quot; title=&quot;Sword Maiden by Prywinko, Feb 17, 2019 in Fan Art &amp;gt; Manga &amp;amp; Anime &amp;gt; Digital &amp;gt; Movies &amp;amp; TV&quot;data-super-img=&quot;https://images-wixmp-ed30a86b8c4ca887773594c2.wixmp.com/intermediary/f/cf296ba5-0d5a-4ac6-b534-9ad3df9de58f/dczx6z1-cfc0e769-8c4f-4469-a51a-1a8a4fc2371b.jpg&quot; data-super-width=&quot;669&quot; data-super-height=&quot;1000&quot; data-super-transparent=&quot;false&quot; data-super-alt=&quot;Sword Maiden by Prywinko&quot; data-super-full-img=&quot;https://images-wixmp-ed30a86b8c4ca887773594c2.wixmp.com/intermediary/f/cf296ba5-0d5a-4ac6-b534-9ad3df9de58f/dczx6z1-cfc0e769-8c4f-4469-a51a-1a8a4fc2371b.jpg&quot; data-super-full-width=&quot;669&quot; data-super-full-height=&quot;1000&quot;        data-sigil=&quot;thumb&quot;&gt;
                &lt;div class=&quot;thumb_agegate&quot;&gt;
            &lt;div class=&quot;agegate&quot;&gt;
                &lt;div class=&quot;nogo icon-blocked&quot;&gt;&lt;/div&gt;
                &lt;h1&gt;Mature Content&lt;/h1&gt;
            &lt;/div&gt;
        &lt;/div&gt;
        &lt;i&gt;&lt;/i&gt;&lt;img   width=&quot;100&quot; height=&quot;150&quot; alt=&quot;Sword Maiden by Prywinko&quot; src=&quot;https://images-wixmp-ed30a86b8c4ca887773594c2.wixmp.com/intermediary/f/cf296ba5-0d5a-4ac6-b534-9ad3df9de58f/dczx6z1-cfc0e769-8c4f-4469-a51a-1a8a4fc2371b.jpg/v1/fit/w_150,h_150,q_70,strp/sword_maiden_by_prywinko_dczx6z1-150.jpg&quot; data-src=&quot;https://images-wixmp-ed30a86b8c4ca887773594c2.wixmp.com/intermediary/f/cf296ba5-0d5a-4ac6-b534-9ad3df9de58f/dczx6z1-cfc0e769-8c4f-4469-a51a-1a8a4fc2371b.jpg/v1/fit/w_150,h_150,q_70,strp/sword_maiden_by_prywinko_dczx6z1-150.jpg&quot; srcset=&quot;https://images-wixmp-ed30a86b8c4ca887773594c2.wixmp.com/intermediary/f/cf296ba5-0d5a-4ac6-b534-9ad3df9de58f/dczx6z1-cfc0e769-8c4f-4469-a51a-1a8a4fc2371b.jpg/v1/fit/w_150,h_150,q_70,strp/sword_maiden_by_prywinko_dczx6z1-150.jpg 100w,https://images-wixmp-ed30a86b8c4ca887773594c2.wixmp.com/intermediary/f/cf296ba5-0d5a-4ac6-b534-9ad3df9de58f/dczx6z1-cfc0e769-8c4f-4469-a51a-1a8a4fc2371b.jpg/v1/fill/w_167,h_250,q_70,strp/sword_maiden_by_prywinko_dczx6z1-250t.jpg 167w,https://images-wixmp-ed30a86b8c4ca887773594c2.wixmp.com/intermediary/f/cf296ba5-0d5a-4ac6-b534-9ad3df9de58f/dczx6z1-cfc0e769-8c4f-4469-a51a-1a8a4fc2371b.jpg/v1/fill/w_234,h_350,q_70,strp/sword_maiden_by_prywinko_dczx6z1-350t.jpg 234w,https://images-wixmp-ed30a86b8c4ca887773594c2.wixmp.com/intermediary/f/cf296ba5-0d5a-4ac6-b534-9ad3df9de58f/dczx6z1-cfc0e769-8c4f-4469-a51a-1a8a4fc2371b.jpg/v1/crop/w_268,h_400,x_0,y_0,scl_0.40059790732436,q_70,strp/sword_maiden_by_prywinko_dczx6z1-400t.jpg 268w,https://images-wixmp-ed30a86b8c4ca887773594c2.wixmp.com/intermediary/f/cf296ba5-0d5a-4ac6-b534-9ad3df9de58f/dczx6z1-cfc0e769-8c4f-4469-a51a-1a8a4fc2371b.jpg 669w&quot; sizes=&quot;100px&quot;&gt;&lt;/a&gt;&lt;/span&gt;&lt;!-- ^TTT --&gt;&lt;!-- TTT$ --&gt;&lt;/span&gt;&lt;span class=&quot;shadow-holder&quot; data-embed-type=&quot;deviation&quot; data-embed-id=&quot;785441952&quot; data-embed-format=&quot;thumb&quot;&gt;&lt;span class=&quot;shadow mild&quot; &gt;&lt;a class=&quot;thumb ismature&quot; href=&quot;https://www.deviantart.com/prywinko/art/Ada-Wong-Mr-X-Assault-785441952&quot; title=&quot;Ada Wong (Mr X Assault) by Prywinko, Feb 13, 2019 in Fan Art &amp;gt; Digital Art &amp;gt; Drawings &amp;gt; Games&quot;data-super-img=&quot;https://images-wixmp-ed30a86b8c4ca887773594c2.wixmp.com/intermediary/f/cf296ba5-0d5a-4ac6-b534-9ad3df9de58f/dczmqw0-09beb4fc-2169-4536-aa3a-40cb9e93e0af.jpg/v1/fill/w_730,h_1095,q_70,strp/ada_wong__mr_x_assault__by_prywinko_dczmqw0-pre.jpg&quot; data-super-width=&quot;730&quot; data-super-height=&quot;1095&quot; data-super-transparent=&quot;false&quot; data-super-alt=&quot;Ada Wong (Mr X Assault) by Prywinko&quot; data-super-full-img=&quot;https://images-wixmp-ed30a86b8c4ca887773594c2.wixmp.com/intermediary/f/cf296ba5-0d5a-4ac6-b534-9ad3df9de58f/dczmqw0-09beb4fc-2169-4536-aa3a-40cb9e93e0af.jpg&quot; data-super-full-width=&quot;1000&quot; data-super-full-height=&quot;1500&quot;        data-sigil=&quot;thumb&quot;&gt;
                &lt;div class=&quot;thumb_agegate&quot;&gt;
            &lt;div class=&quot;agegate&quot;&gt;
                &lt;div class=&quot;nogo icon-blocked&quot;&gt;&lt;/div&gt;
                &lt;h1&gt;Mature Content&lt;/h1&gt;
            &lt;/div&gt;
        &lt;/div&gt;
        &lt;i&gt;&lt;/i&gt;&lt;img   width=&quot;100&quot; height=&quot;150&quot; alt=&quot;Ada Wong (Mr X Assault) by Prywinko&quot; src=&quot;https://images-wixmp-ed30a86b8c4ca887773594c2.wixmp.com/intermediary/f/cf296ba5-0d5a-4ac6-b534-9ad3df9de58f/dczmqw0-09beb4fc-2169-4536-aa3a-40cb9e93e0af.jpg/v1/fit/w_150,h_150,q_70,strp/ada_wong__mr_x_assault__by_prywinko_dczmqw0-150.jpg&quot; data-src=&quot;https://images-wixmp-ed30a86b8c4ca887773594c2.wixmp.com/intermediary/f/cf296ba5-0d5a-4ac6-b534-9ad3df9de58f/dczmqw0-09beb4fc-2169-4536-aa3a-40cb9e93e0af.jpg/v1/fit/w_150,h_150,q_70,strp/ada_wong__mr_x_assault__by_prywinko_dczmqw0-150.jpg&quot; srcset=&quot;https://images-wixmp-ed30a86b8c4ca887773594c2.wixmp.com/intermediary/f/cf296ba5-0d5a-4ac6-b534-9ad3df9de58f/dczmqw0-09beb4fc-2169-4536-aa3a-40cb9e93e0af.jpg/v1/fit/w_150,h_150,q_70,strp/ada_wong__mr_x_assault__by_prywinko_dczmqw0-150.jpg 100w,https://images-wixmp-ed30a86b8c4ca887773594c2.wixmp.com/intermediary/f/cf296ba5-0d5a-4ac6-b534-9ad3df9de58f/dczmqw0-09beb4fc-2169-4536-aa3a-40cb9e93e0af.jpg/v1/crop/w_167,h_250,x_0,y_0,scl_0.167,q_70,strp/ada_wong__mr_x_assault__by_prywinko_dczmqw0-250t.jpg 167w,https://images-wixmp-ed30a86b8c4ca887773594c2.wixmp.com/intermediary/f/cf296ba5-0d5a-4ac6-b534-9ad3df9de58f/dczmqw0-09beb4fc-2169-4536-aa3a-40cb9e93e0af.jpg/v1/fill/w_233,h_350,q_70,strp/ada_wong__mr_x_assault__by_prywinko_dczmqw0-350t.jpg 233w,https://images-wixmp-ed30a86b8c4ca887773594c2.wixmp.com/intermediary/f/cf296ba5-0d5a-4ac6-b534-9ad3df9de58f/dczmqw0-09beb4fc-2169-4536-aa3a-40cb9e93e0af.jpg/v1/crop/w_267,h_400,x_0,y_0,scl_0.267,q_70,strp/ada_wong__mr_x_assault__by_prywinko_dczmqw0-400t.jpg 267w,https://images-wixmp-ed30a86b8c4ca887773594c2.wixmp.com/intermediary/f/cf296ba5-0d5a-4ac6-b534-9ad3df9de58f/dczmqw0-09beb4fc-2169-4536-aa3a-40cb9e93e0af.jpg/v1/fill/w_730,h_1095,q_70,strp/ada_wong__mr_x_assault__by_prywinko_dczmqw0-pre.jpg 730w&quot; sizes=&quot;100px&quot;&gt;&lt;/a&gt;&lt;/span&gt;&lt;!-- ^TTT --&gt;&lt;!-- TTT$ --&gt;&lt;/span&gt;&lt;span class=&quot;shadow-holder&quot; data-embed-type=&quot;deviation&quot; data-embed-id=&quot;785634289&quot; data-embed-format=&quot;thumb&quot;&gt;&lt;span class=&quot;shadow mild&quot; &gt;&lt;a class=&quot;thumb ismature&quot; href=&quot;https://www.deviantart.com/prywinko/art/Be-Mine-785634289&quot; title=&quot;Be Mine! by Prywinko, Feb 14, 2019 in Fan Art &amp;gt; Digital Art &amp;gt; Drawings &amp;gt; Games&quot;data-super-img=&quot;https://images-wixmp-ed30a86b8c4ca887773594c2.wixmp.com/intermediary/f/cf296ba5-0d5a-4ac6-b534-9ad3df9de58f/dczqvap-34140d5c-ca89-48b2-a2ba-e135db00849e.jpg/v1/fill/w_730,h_1095,q_70,strp/be_mine__by_prywinko_dczqvap-pre.jpg&quot; data-super-width=&quot;730&quot; data-super-height=&quot;1095&quot; data-super-transparent=&quot;false&quot; data-super-alt=&quot;Be Mine! by Prywinko&quot; data-super-full-img=&quot;https://images-wixmp-ed30a86b8c4ca887773594c2.wixmp.com/intermediary/f/cf296ba5-0d5a-4ac6-b534-9ad3df9de58f/dczqvap-34140d5c-ca89-48b2-a2ba-e135db00849e.jpg&quot; data-super-full-width=&quot;800&quot; data-super-full-height=&quot;1200&quot;        data-sigil=&quot;thumb&quot;&gt;
                &lt;div class=&quot;thumb_agegate&quot;&gt;
            &lt;div class=&quot;agegate&quot;&gt;
                &lt;div class=&quot;nogo icon-blocked&quot;&gt;&lt;/div&gt;
                &lt;h1&gt;Mature Content&lt;/h1&gt;
            &lt;/div&gt;
        &lt;/div&gt;
        &lt;i&gt;&lt;/i&gt;&lt;img   width=&quot;100&quot; height=&quot;150&quot; alt=&quot;Be Mine! by Prywinko&quot; src=&quot;https://images-wixmp-ed30a86b8c4ca887773594c2.wixmp.com/intermediary/f/cf296ba5-0d5a-4ac6-b534-9ad3df9de58f/dczqvap-34140d5c-ca89-48b2-a2ba-e135db00849e.jpg/v1/fit/w_150,h_150,q_70,strp/be_mine__by_prywinko_dczqvap-150.jpg&quot; data-src=&quot;https://images-wixmp-ed30a86b8c4ca887773594c2.wixmp.com/intermediary/f/cf296ba5-0d5a-4ac6-b534-9ad3df9de58f/dczqvap-34140d5c-ca89-48b2-a2ba-e135db00849e.jpg/v1/fit/w_150,h_150,q_70,strp/be_mine__by_prywinko_dczqvap-150.jpg&quot; srcset=&quot;https://images-wixmp-ed30a86b8c4ca887773594c2.wixmp.com/intermediary/f/cf296ba5-0d5a-4ac6-b534-9ad3df9de58f/dczqvap-34140d5c-ca89-48b2-a2ba-e135db00849e.jpg/v1/fit/w_150,h_150,q_70,strp/be_mine__by_prywinko_dczqvap-150.jpg 100w,https://images-wixmp-ed30a86b8c4ca887773594c2.wixmp.com/intermediary/f/cf296ba5-0d5a-4ac6-b534-9ad3df9de58f/dczqvap-34140d5c-ca89-48b2-a2ba-e135db00849e.jpg/v1/crop/w_167,h_250,x_0,y_0,scl_0.20875,q_70,strp/be_mine__by_prywinko_dczqvap-250t.jpg 167w,https://images-wixmp-ed30a86b8c4ca887773594c2.wixmp.com/intermediary/f/cf296ba5-0d5a-4ac6-b534-9ad3df9de58f/dczqvap-34140d5c-ca89-48b2-a2ba-e135db00849e.jpg/v1/fill/w_233,h_350,q_70,strp/be_mine__by_prywinko_dczqvap-350t.jpg 233w,https://images-wixmp-ed30a86b8c4ca887773594c2.wixmp.com/intermediary/f/cf296ba5-0d5a-4ac6-b534-9ad3df9de58f/dczqvap-34140d5c-ca89-48b2-a2ba-e135db00849e.jpg/v1/crop/w_267,h_400,x_0,y_0,scl_0.33375,q_70,strp/be_mine__by_prywinko_dczqvap-400t.jpg 267w,https://images-wixmp-ed30a86b8c4ca887773594c2.wixmp.com/intermediary/f/cf296ba5-0d5a-4ac6-b534-9ad3df9de58f/dczqvap-34140d5c-ca89-48b2-a2ba-e135db00849e.jpg/v1/fill/w_730,h_1095,q_70,strp/be_mine__by_prywinko_dczqvap-pre.jpg 730w&quot; sizes=&quot;100px&quot;&gt;&lt;/a&gt;&lt;/span&gt;&lt;!-- ^TTT --&gt;&lt;!-- TTT$ --&gt;&lt;/span&gt;&lt;span class=&quot;shadow-holder&quot; data-embed-type=&quot;deviation&quot; data-embed-id=&quot;785363834&quot; data-embed-format=&quot;thumb&quot;&gt;&lt;span class=&quot;shadow mild&quot; &gt;&lt;a class=&quot;thumb&quot; href=&quot;https://www.deviantart.com/prywinko/art/Ada-Wong-785363834&quot; title=&quot;Ada Wong by Prywinko, Feb 13, 2019 in Fan Art &amp;gt; Digital Art &amp;gt; Drawings &amp;gt; Games&quot;data-super-img=&quot;https://images-wixmp-ed30a86b8c4ca887773594c2.wixmp.com/intermediary/f/cf296ba5-0d5a-4ac6-b534-9ad3df9de58f/dczl2m2-c9be5ebd-74de-4814-aa61-addbdf3f084f.jpg/v1/fill/w_730,h_1095,q_70,strp/ada_wong_by_prywinko_dczl2m2-pre.jpg&quot; data-super-width=&quot;730&quot; data-super-height=&quot;1095&quot; data-super-transparent=&quot;false&quot; data-super-alt=&quot;Ada Wong by Prywinko&quot; data-super-full-img=&quot;https://images-wixmp-ed30a86b8c4ca887773594c2.wixmp.com/intermediary/f/cf296ba5-0d5a-4ac6-b534-9ad3df9de58f/dczl2m2-c9be5ebd-74de-4814-aa61-addbdf3f084f.jpg&quot; data-super-full-width=&quot;1000&quot; data-super-full-height=&quot;1500&quot;        data-sigil=&quot;thumb&quot;&gt;
        &lt;i&gt;&lt;/i&gt;&lt;img   width=&quot;100&quot; height=&quot;150&quot; alt=&quot;Ada Wong by Prywinko&quot; src=&quot;https://images-wixmp-ed30a86b8c4ca887773594c2.wixmp.com/intermediary/f/cf296ba5-0d5a-4ac6-b534-9ad3df9de58f/dczl2m2-c9be5ebd-74de-4814-aa61-addbdf3f084f.jpg/v1/fit/w_150,h_150,q_70,strp/ada_wong_by_prywinko_dczl2m2-150.jpg&quot; data-src=&quot;https://images-wixmp-ed30a86b8c4ca887773594c2.wixmp.com/intermediary/f/cf296ba5-0d5a-4ac6-b534-9ad3df9de58f/dczl2m2-c9be5ebd-74de-4814-aa61-addbdf3f084f.jpg/v1/fit/w_150,h_150,q_70,strp/ada_wong_by_prywinko_dczl2m2-150.jpg&quot; srcset=&quot;https://images-wixmp-ed30a86b8c4ca887773594c2.wixmp.com/intermediary/f/cf296ba5-0d5a-4ac6-b534-9ad3df9de58f/dczl2m2-c9be5ebd-74de-4814-aa61-addbdf3f084f.jpg/v1/fit/w_150,h_150,q_70,strp/ada_wong_by_prywinko_dczl2m2-150.jpg 100w,https://images-wixmp-ed30a86b8c4ca887773594c2.wixmp.com/intermediary/f/cf296ba5-0d5a-4ac6-b534-9ad3df9de58f/dczl2m2-c9be5ebd-74de-4814-aa61-addbdf3f084f.jpg/v1/crop/w_167,h_250,x_0,y_0,scl_0.167,q_70,strp/ada_wong_by_prywinko_dczl2m2-250t.jpg 167w,https://images-wixmp-ed30a86b8c4ca887773594c2.wixmp.com/intermediary/f/cf296ba5-0d5a-4ac6-b534-9ad3df9de58f/dczl2m2-c9be5ebd-74de-4814-aa61-addbdf3f084f.jpg/v1/fill/w_233,h_350,q_70,strp/ada_wong_by_prywinko_dczl2m2-350t.jpg 233w,https://images-wixmp-ed30a86b8c4ca887773594c2.wixmp.com/intermediary/f/cf296ba5-0d5a-4ac6-b534-9ad3df9de58f/dczl2m2-c9be5ebd-74de-4814-aa61-addbdf3f084f.jpg/v1/crop/w_267,h_400,x_0,y_0,scl_0.267,q_70,strp/ada_wong_by_prywinko_dczl2m2-400t.jpg 267w,https://images-wixmp-ed30a86b8c4ca887773594c2.wixmp.com/intermediary/f/cf296ba5-0d5a-4ac6-b534-9ad3df9de58f/dczl2m2-c9be5ebd-74de-4814-aa61-addbdf3f084f.jpg/v1/fill/w_730,h_1095,q_70,strp/ada_wong_by_prywinko_dczl2m2-pre.jpg 730w&quot; sizes=&quot;100px&quot;&gt;&lt;/a&gt;&lt;/span&gt;&lt;!-- ^TTT --&gt;&lt;!-- TTT$ --&gt;&lt;/span&gt;&lt;br /&gt;&lt;/b&gt;&lt;/div&gt;&lt;/div&gt;&lt;/div&gt;&lt;/div&gt;&lt;/div&gt;&lt;/div&gt;&lt;br /&gt;&lt;div&gt;&lt;img src=&quot;https://t00.deviantart.net/76l-q_TqY0AdsXZtPhYzAyuEbNA=/300x200/filters:fixed_height(100,100):origin()/pre00/9474/th/pre/f/2019/056/0/0/sketch_raven_by_prywinko-dd0oifo.jpg&quot; alt=&quot;thumbnail&quot; /&gt;&lt;/div&gt;</description>            </item>
                    <item>
                <title>Claire Redfield RE2 fan art Just Jacket version</title>
                <link>https://ganassa.deviantart.com/art/Claire-Redfield-RE2-fan-art-Just-Jacket-version-787182503</link>
                <guid isPermaLink="true">https://ganassa.deviantart.com/art/Claire-Redfield-RE2-fan-art-Just-Jacket-version-787182503</guid>
                <pubDate>Mon, 25 Feb 2019 05:06:02 PST</pubDate>
                        <media:title type="plain">Claire Redfield RE2 fan art Just Jacket version</media:title>
        <media:keywords></media:keywords>
                        <media:rating>adult</media:rating>
                <media:category label="Games">fanart/digital/drawings/games</media:category>
        <media:credit role="author" scheme="urn:ebu">Ganassa</media:credit>
        <media:credit role="author" scheme="urn:ebu">https://a.deviantart.net/avatars/g/a/ganassa.gif</media:credit>
        <media:copyright url="https://ganassa.deviantart.com">Copyright 2019 Ganassa</media:copyright>
            <media:community>
                <media:tags>@ganassa_artwork</media:tags>
            </media:community>            <media:description type="html">Resident Evil 2 remake is a dream remake, and Claire... Wow... She&#039;s just stunning.&lt;br /&gt;&lt;br /&gt;Enjoy the &quot;Just Jacket&quot; version, more version on the way!&lt;br /&gt;&lt;br /&gt;BTW: the base piece is available on my INPRNT store!&amp;nbsp;&lt;br /&gt;&lt;br /&gt;Check it out! -&amp;gt;&amp;nbsp;&lt;a class=&quot;external&quot; href=&quot;https://www.deviantart.com/users/outgoing?https://www.inprnt.com/gallery/ganassa/resident-evil-2-claire-redfield/&quot;&gt;www.inprnt.com/gallery/ganassa&amp;hellip;&lt;/a&gt;&lt;br /&gt;&lt;br /&gt;Check out the other version!&lt;br /&gt;&lt;span class=&quot;shadow-holder&quot; data-embed-type=&quot;deviation&quot; data-embed-id=&quot;782549111&quot; data-embed-format=&quot;thumb&quot;&gt;&lt;span class=&quot;shadow mild&quot; &gt;&lt;a class=&quot;thumb ismature&quot; href=&quot;https://www.deviantart.com/ganassa/art/Claire-Redfield-Resident-Evil-2-fan-art-782549111&quot; title=&quot;Claire Redfield Resident Evil 2 fan art by Ganassa, Jan 24, 2019 in Fan Art &amp;gt; Digital Art &amp;gt; Drawings &amp;gt; Games&quot;data-super-img=&quot;https://images-wixmp-ed30a86b8c4ca887773594c2.wixmp.com/intermediary/f/b4684b33-c0f8-4fd6-a0ff-35a433e59796/dcxwqrb-08877af1-905e-4d04-a178-ae796dab56f5.jpg/v1/fill/w_751,h_1063,q_70,strp/claire_redfield_resident_evil_2_fan_art_by_ganassa_dcxwqrb-pre.jpg&quot; data-super-width=&quot;751&quot; data-super-height=&quot;1063&quot; data-super-transparent=&quot;false&quot; data-super-alt=&quot;Claire Redfield Resident Evil 2 fan art by Ganassa&quot; data-super-full-img=&quot;https://images-wixmp-ed30a86b8c4ca887773594c2.wixmp.com/intermediary/f/b4684b33-c0f8-4fd6-a0ff-35a433e59796/dcxwqrb-08877af1-905e-4d04-a178-ae796dab56f5.jpg&quot; data-super-full-width=&quot;848&quot; data-super-full-height=&quot;1200&quot;        data-sigil=&quot;thumb&quot;&gt;
                &lt;div class=&quot;thumb_agegate&quot;&gt;
            &lt;div class=&quot;agegate&quot;&gt;
                &lt;div class=&quot;nogo icon-blocked&quot;&gt;&lt;/div&gt;
                &lt;h1&gt;Mature Content&lt;/h1&gt;
            &lt;/div&gt;
        &lt;/div&gt;
        &lt;i&gt;&lt;/i&gt;&lt;img   width=&quot;106&quot; height=&quot;150&quot; alt=&quot;Claire Redfield Resident Evil 2 fan art by Ganassa&quot; src=&quot;https://images-wixmp-ed30a86b8c4ca887773594c2.wixmp.com/intermediary/f/b4684b33-c0f8-4fd6-a0ff-35a433e59796/dcxwqrb-08877af1-905e-4d04-a178-ae796dab56f5.jpg/v1/fit/w_150,h_150,q_70,strp/claire_redfield_resident_evil_2_fan_art_by_ganassa_dcxwqrb-150.jpg&quot; data-src=&quot;https://images-wixmp-ed30a86b8c4ca887773594c2.wixmp.com/intermediary/f/b4684b33-c0f8-4fd6-a0ff-35a433e59796/dcxwqrb-08877af1-905e-4d04-a178-ae796dab56f5.jpg/v1/fit/w_150,h_150,q_70,strp/claire_redfield_resident_evil_2_fan_art_by_ganassa_dcxwqrb-150.jpg&quot; srcset=&quot;https://images-wixmp-ed30a86b8c4ca887773594c2.wixmp.com/intermediary/f/b4684b33-c0f8-4fd6-a0ff-35a433e59796/dcxwqrb-08877af1-905e-4d04-a178-ae796dab56f5.jpg/v1/fit/w_150,h_150,q_70,strp/claire_redfield_resident_evil_2_fan_art_by_ganassa_dcxwqrb-150.jpg 106w,https://images-wixmp-ed30a86b8c4ca887773594c2.wixmp.com/intermediary/f/b4684b33-c0f8-4fd6-a0ff-35a433e59796/dcxwqrb-08877af1-905e-4d04-a178-ae796dab56f5.jpg/v1/fill/w_177,h_250,q_70,strp/claire_redfield_resident_evil_2_fan_art_by_ganassa_dcxwqrb-250t.jpg 177w,https://images-wixmp-ed30a86b8c4ca887773594c2.wixmp.com/intermediary/f/b4684b33-c0f8-4fd6-a0ff-35a433e59796/dcxwqrb-08877af1-905e-4d04-a178-ae796dab56f5.jpg/v1/fill/w_247,h_350,q_70,strp/claire_redfield_resident_evil_2_fan_art_by_ganassa_dcxwqrb-350t.jpg 247w,https://images-wixmp-ed30a86b8c4ca887773594c2.wixmp.com/intermediary/f/b4684b33-c0f8-4fd6-a0ff-35a433e59796/dcxwqrb-08877af1-905e-4d04-a178-ae796dab56f5.jpg/v1/fill/w_283,h_400,q_70,strp/claire_redfield_resident_evil_2_fan_art_by_ganassa_dcxwqrb-400t.jpg 283w,https://images-wixmp-ed30a86b8c4ca887773594c2.wixmp.com/intermediary/f/b4684b33-c0f8-4fd6-a0ff-35a433e59796/dcxwqrb-08877af1-905e-4d04-a178-ae796dab56f5.jpg/v1/fill/w_751,h_1063,q_70,strp/claire_redfield_resident_evil_2_fan_art_by_ganassa_dcxwqrb-pre.jpg 751w&quot; sizes=&quot;106px&quot;&gt;&lt;/a&gt;&lt;/span&gt;&lt;!-- ^TTT --&gt;&lt;!-- TTT$ --&gt;&lt;/span&gt;&lt;span class=&quot;shadow-holder&quot; data-embed-type=&quot;deviation&quot; data-embed-id=&quot;785311820&quot; data-embed-format=&quot;thumb&quot;&gt;&lt;span class=&quot;shadow mild&quot; &gt;&lt;a class=&quot;thumb ismature&quot; href=&quot;https://www.deviantart.com/ganassa/art/Claire-Redfield-RE2-fan-art-nude-version-785311820&quot; title=&quot;Claire Redfield RE2 fan art nude version by Ganassa, Feb 12, 2019 in Fan Art &amp;gt; Digital Art &amp;gt; Drawings &amp;gt; Games&quot;data-super-img=&quot;https://images-wixmp-ed30a86b8c4ca887773594c2.wixmp.com/intermediary/f/b4684b33-c0f8-4fd6-a0ff-35a433e59796/dczjyh8-d6d90ee5-1f2c-44fb-b698-812290b2e6b6.jpg/v1/fill/w_751,h_1063,q_70,strp/claire_redfield_re2_fan_art_nude_version_by_ganassa_dczjyh8-pre.jpg&quot; data-super-width=&quot;751&quot; data-super-height=&quot;1063&quot; data-super-transparent=&quot;false&quot; data-super-alt=&quot;Claire Redfield RE2 fan art nude version by Ganassa&quot; data-super-full-img=&quot;https://images-wixmp-ed30a86b8c4ca887773594c2.wixmp.com/intermediary/f/b4684b33-c0f8-4fd6-a0ff-35a433e59796/dczjyh8-d6d90ee5-1f2c-44fb-b698-812290b2e6b6.jpg&quot; data-super-full-width=&quot;848&quot; data-super-full-height=&quot;1200&quot;        data-sigil=&quot;thumb&quot;&gt;
                &lt;div class=&quot;thumb_agegate&quot;&gt;
            &lt;div class=&quot;agegate&quot;&gt;
                &lt;div class=&quot;nogo icon-blocked&quot;&gt;&lt;/div&gt;
                &lt;h1&gt;Mature Content&lt;/h1&gt;
            &lt;/div&gt;
        &lt;/div&gt;
        &lt;i&gt;&lt;/i&gt;&lt;img   width=&quot;106&quot; height=&quot;150&quot; alt=&quot;Claire Redfield RE2 fan art nude version by Ganassa&quot; src=&quot;https://images-wixmp-ed30a86b8c4ca887773594c2.wixmp.com/intermediary/f/b4684b33-c0f8-4fd6-a0ff-35a433e59796/dczjyh8-d6d90ee5-1f2c-44fb-b698-812290b2e6b6.jpg/v1/fit/w_150,h_150,q_70,strp/claire_redfield_re2_fan_art_nude_version_by_ganassa_dczjyh8-150.jpg&quot; data-src=&quot;https://images-wixmp-ed30a86b8c4ca887773594c2.wixmp.com/intermediary/f/b4684b33-c0f8-4fd6-a0ff-35a433e59796/dczjyh8-d6d90ee5-1f2c-44fb-b698-812290b2e6b6.jpg/v1/fit/w_150,h_150,q_70,strp/claire_redfield_re2_fan_art_nude_version_by_ganassa_dczjyh8-150.jpg&quot; srcset=&quot;https://images-wixmp-ed30a86b8c4ca887773594c2.wixmp.com/intermediary/f/b4684b33-c0f8-4fd6-a0ff-35a433e59796/dczjyh8-d6d90ee5-1f2c-44fb-b698-812290b2e6b6.jpg/v1/fit/w_150,h_150,q_70,strp/claire_redfield_re2_fan_art_nude_version_by_ganassa_dczjyh8-150.jpg 106w,https://images-wixmp-ed30a86b8c4ca887773594c2.wixmp.com/intermediary/f/b4684b33-c0f8-4fd6-a0ff-35a433e59796/dczjyh8-d6d90ee5-1f2c-44fb-b698-812290b2e6b6.jpg/v1/fill/w_177,h_250,q_70,strp/claire_redfield_re2_fan_art_nude_version_by_ganassa_dczjyh8-250t.jpg 177w,https://images-wixmp-ed30a86b8c4ca887773594c2.wixmp.com/intermediary/f/b4684b33-c0f8-4fd6-a0ff-35a433e59796/dczjyh8-d6d90ee5-1f2c-44fb-b698-812290b2e6b6.jpg/v1/fill/w_247,h_350,q_70,strp/claire_redfield_re2_fan_art_nude_version_by_ganassa_dczjyh8-350t.jpg 247w,https://images-wixmp-ed30a86b8c4ca887773594c2.wixmp.com/intermediary/f/b4684b33-c0f8-4fd6-a0ff-35a433e59796/dczjyh8-d6d90ee5-1f2c-44fb-b698-812290b2e6b6.jpg/v1/fill/w_283,h_400,q_70,strp/claire_redfield_re2_fan_art_nude_version_by_ganassa_dczjyh8-400t.jpg 283w,https://images-wixmp-ed30a86b8c4ca887773594c2.wixmp.com/intermediary/f/b4684b33-c0f8-4fd6-a0ff-35a433e59796/dczjyh8-d6d90ee5-1f2c-44fb-b698-812290b2e6b6.jpg/v1/fill/w_751,h_1063,q_70,strp/claire_redfield_re2_fan_art_nude_version_by_ganassa_dczjyh8-pre.jpg 751w&quot; sizes=&quot;106px&quot;&gt;&lt;/a&gt;&lt;/span&gt;&lt;!-- ^TTT --&gt;&lt;!-- TTT$ --&gt;&lt;/span&gt;</media:description>            <media:thumbnail url="https://t00.deviantart.net/sLjo_4axdm4mzamoVyF_FXpsNBY=/fit-in/150x150/filters:no_upscale():origin()/pre00/cdd9/th/pre/f/2019/056/0/4/claire_redfield_re2_fan_art_just_jacket_version_by_ganassa-dd0o1wn.jpg" height="150" width="106"/>            <media:thumbnail url="https://t00.deviantart.net/V9vKBqe41PEFl7InBg11sAo7kkI=/fit-in/300x900/filters:no_upscale():origin()/pre00/cdd9/th/pre/f/2019/056/0/4/claire_redfield_re2_fan_art_just_jacket_version_by_ganassa-dd0o1wn.jpg" height="425" width="300"/>            <media:thumbnail url="https://t00.deviantart.net/dDia6SdlMGNmPl0P_cBQz2UXk4c=/300x200/filters:fixed_height(100,100):origin()/pre00/cdd9/th/pre/f/2019/056/0/4/claire_redfield_re2_fan_art_just_jacket_version_by_ganassa-dd0o1wn.jpg" height="200" width="141"/>            <media:content url="https://pre00.deviantart.net/cdd9/th/pre/f/2019/056/0/4/claire_redfield_re2_fan_art_just_jacket_version_by_ganassa-dd0o1wn.jpg" height="1063" width="751" medium="image"/>            
            <description>Resident Evil 2 remake is a dream remake, and Claire... Wow... She&#039;s just stunning.&lt;br /&gt;&lt;br /&gt;Enjoy the &quot;Just Jacket&quot; version, more version on the way!&lt;br /&gt;&lt;br /&gt;BTW: the base piece is available on my INPRNT store!&amp;nbsp;&lt;br /&gt;&lt;br /&gt;Check it out! -&amp;gt;&amp;nbsp;&lt;a class=&quot;external&quot; href=&quot;https://www.deviantart.com/users/outgoing?https://www.inprnt.com/gallery/ganassa/resident-evil-2-claire-redfield/&quot;&gt;www.inprnt.com/gallery/ganassa&amp;hellip;&lt;/a&gt;&lt;br /&gt;&lt;br /&gt;Check out the other version!&lt;br /&gt;&lt;span class=&quot;shadow-holder&quot; data-embed-type=&quot;deviation&quot; data-embed-id=&quot;782549111&quot; data-embed-format=&quot;thumb&quot;&gt;&lt;span class=&quot;shadow mild&quot; &gt;&lt;a class=&quot;thumb ismature&quot; href=&quot;https://www.deviantart.com/ganassa/art/Claire-Redfield-Resident-Evil-2-fan-art-782549111&quot; title=&quot;Claire Redfield Resident Evil 2 fan art by Ganassa, Jan 24, 2019 in Fan Art &amp;gt; Digital Art &amp;gt; Drawings &amp;gt; Games&quot;data-super-img=&quot;https://images-wixmp-ed30a86b8c4ca887773594c2.wixmp.com/intermediary/f/b4684b33-c0f8-4fd6-a0ff-35a433e59796/dcxwqrb-08877af1-905e-4d04-a178-ae796dab56f5.jpg/v1/fill/w_751,h_1063,q_70,strp/claire_redfield_resident_evil_2_fan_art_by_ganassa_dcxwqrb-pre.jpg&quot; data-super-width=&quot;751&quot; data-super-height=&quot;1063&quot; data-super-transparent=&quot;false&quot; data-super-alt=&quot;Claire Redfield Resident Evil 2 fan art by Ganassa&quot; data-super-full-img=&quot;https://images-wixmp-ed30a86b8c4ca887773594c2.wixmp.com/intermediary/f/b4684b33-c0f8-4fd6-a0ff-35a433e59796/dcxwqrb-08877af1-905e-4d04-a178-ae796dab56f5.jpg&quot; data-super-full-width=&quot;848&quot; data-super-full-height=&quot;1200&quot;        data-sigil=&quot;thumb&quot;&gt;
                &lt;div class=&quot;thumb_agegate&quot;&gt;
            &lt;div class=&quot;agegate&quot;&gt;
                &lt;div class=&quot;nogo icon-blocked&quot;&gt;&lt;/div&gt;
                &lt;h1&gt;Mature Content&lt;/h1&gt;
            &lt;/div&gt;
        &lt;/div&gt;
        &lt;i&gt;&lt;/i&gt;&lt;img   width=&quot;106&quot; height=&quot;150&quot; alt=&quot;Claire Redfield Resident Evil 2 fan art by Ganassa&quot; src=&quot;https://images-wixmp-ed30a86b8c4ca887773594c2.wixmp.com/intermediary/f/b4684b33-c0f8-4fd6-a0ff-35a433e59796/dcxwqrb-08877af1-905e-4d04-a178-ae796dab56f5.jpg/v1/fit/w_150,h_150,q_70,strp/claire_redfield_resident_evil_2_fan_art_by_ganassa_dcxwqrb-150.jpg&quot; data-src=&quot;https://images-wixmp-ed30a86b8c4ca887773594c2.wixmp.com/intermediary/f/b4684b33-c0f8-4fd6-a0ff-35a433e59796/dcxwqrb-08877af1-905e-4d04-a178-ae796dab56f5.jpg/v1/fit/w_150,h_150,q_70,strp/claire_redfield_resident_evil_2_fan_art_by_ganassa_dcxwqrb-150.jpg&quot; srcset=&quot;https://images-wixmp-ed30a86b8c4ca887773594c2.wixmp.com/intermediary/f/b4684b33-c0f8-4fd6-a0ff-35a433e59796/dcxwqrb-08877af1-905e-4d04-a178-ae796dab56f5.jpg/v1/fit/w_150,h_150,q_70,strp/claire_redfield_resident_evil_2_fan_art_by_ganassa_dcxwqrb-150.jpg 106w,https://images-wixmp-ed30a86b8c4ca887773594c2.wixmp.com/intermediary/f/b4684b33-c0f8-4fd6-a0ff-35a433e59796/dcxwqrb-08877af1-905e-4d04-a178-ae796dab56f5.jpg/v1/fill/w_177,h_250,q_70,strp/claire_redfield_resident_evil_2_fan_art_by_ganassa_dcxwqrb-250t.jpg 177w,https://images-wixmp-ed30a86b8c4ca887773594c2.wixmp.com/intermediary/f/b4684b33-c0f8-4fd6-a0ff-35a433e59796/dcxwqrb-08877af1-905e-4d04-a178-ae796dab56f5.jpg/v1/fill/w_247,h_350,q_70,strp/claire_redfield_resident_evil_2_fan_art_by_ganassa_dcxwqrb-350t.jpg 247w,https://images-wixmp-ed30a86b8c4ca887773594c2.wixmp.com/intermediary/f/b4684b33-c0f8-4fd6-a0ff-35a433e59796/dcxwqrb-08877af1-905e-4d04-a178-ae796dab56f5.jpg/v1/fill/w_283,h_400,q_70,strp/claire_redfield_resident_evil_2_fan_art_by_ganassa_dcxwqrb-400t.jpg 283w,https://images-wixmp-ed30a86b8c4ca887773594c2.wixmp.com/intermediary/f/b4684b33-c0f8-4fd6-a0ff-35a433e59796/dcxwqrb-08877af1-905e-4d04-a178-ae796dab56f5.jpg/v1/fill/w_751,h_1063,q_70,strp/claire_redfield_resident_evil_2_fan_art_by_ganassa_dcxwqrb-pre.jpg 751w&quot; sizes=&quot;106px&quot;&gt;&lt;/a&gt;&lt;/span&gt;&lt;!-- ^TTT --&gt;&lt;!-- TTT$ --&gt;&lt;/span&gt;&lt;span class=&quot;shadow-holder&quot; data-embed-type=&quot;deviation&quot; data-embed-id=&quot;785311820&quot; data-embed-format=&quot;thumb&quot;&gt;&lt;span class=&quot;shadow mild&quot; &gt;&lt;a class=&quot;thumb ismature&quot; href=&quot;https://www.deviantart.com/ganassa/art/Claire-Redfield-RE2-fan-art-nude-version-785311820&quot; title=&quot;Claire Redfield RE2 fan art nude version by Ganassa, Feb 12, 2019 in Fan Art &amp;gt; Digital Art &amp;gt; Drawings &amp;gt; Games&quot;data-super-img=&quot;https://images-wixmp-ed30a86b8c4ca887773594c2.wixmp.com/intermediary/f/b4684b33-c0f8-4fd6-a0ff-35a433e59796/dczjyh8-d6d90ee5-1f2c-44fb-b698-812290b2e6b6.jpg/v1/fill/w_751,h_1063,q_70,strp/claire_redfield_re2_fan_art_nude_version_by_ganassa_dczjyh8-pre.jpg&quot; data-super-width=&quot;751&quot; data-super-height=&quot;1063&quot; data-super-transparent=&quot;false&quot; data-super-alt=&quot;Claire Redfield RE2 fan art nude version by Ganassa&quot; data-super-full-img=&quot;https://images-wixmp-ed30a86b8c4ca887773594c2.wixmp.com/intermediary/f/b4684b33-c0f8-4fd6-a0ff-35a433e59796/dczjyh8-d6d90ee5-1f2c-44fb-b698-812290b2e6b6.jpg&quot; data-super-full-width=&quot;848&quot; data-super-full-height=&quot;1200&quot;        data-sigil=&quot;thumb&quot;&gt;
                &lt;div class=&quot;thumb_agegate&quot;&gt;
            &lt;div class=&quot;agegate&quot;&gt;
                &lt;div class=&quot;nogo icon-blocked&quot;&gt;&lt;/div&gt;
                &lt;h1&gt;Mature Content&lt;/h1&gt;
            &lt;/div&gt;
        &lt;/div&gt;
        &lt;i&gt;&lt;/i&gt;&lt;img   width=&quot;106&quot; height=&quot;150&quot; alt=&quot;Claire Redfield RE2 fan art nude version by Ganassa&quot; src=&quot;https://images-wixmp-ed30a86b8c4ca887773594c2.wixmp.com/intermediary/f/b4684b33-c0f8-4fd6-a0ff-35a433e59796/dczjyh8-d6d90ee5-1f2c-44fb-b698-812290b2e6b6.jpg/v1/fit/w_150,h_150,q_70,strp/claire_redfield_re2_fan_art_nude_version_by_ganassa_dczjyh8-150.jpg&quot; data-src=&quot;https://images-wixmp-ed30a86b8c4ca887773594c2.wixmp.com/intermediary/f/b4684b33-c0f8-4fd6-a0ff-35a433e59796/dczjyh8-d6d90ee5-1f2c-44fb-b698-812290b2e6b6.jpg/v1/fit/w_150,h_150,q_70,strp/claire_redfield_re2_fan_art_nude_version_by_ganassa_dczjyh8-150.jpg&quot; srcset=&quot;https://images-wixmp-ed30a86b8c4ca887773594c2.wixmp.com/intermediary/f/b4684b33-c0f8-4fd6-a0ff-35a433e59796/dczjyh8-d6d90ee5-1f2c-44fb-b698-812290b2e6b6.jpg/v1/fit/w_150,h_150,q_70,strp/claire_redfield_re2_fan_art_nude_version_by_ganassa_dczjyh8-150.jpg 106w,https://images-wixmp-ed30a86b8c4ca887773594c2.wixmp.com/intermediary/f/b4684b33-c0f8-4fd6-a0ff-35a433e59796/dczjyh8-d6d90ee5-1f2c-44fb-b698-812290b2e6b6.jpg/v1/fill/w_177,h_250,q_70,strp/claire_redfield_re2_fan_art_nude_version_by_ganassa_dczjyh8-250t.jpg 177w,https://images-wixmp-ed30a86b8c4ca887773594c2.wixmp.com/intermediary/f/b4684b33-c0f8-4fd6-a0ff-35a433e59796/dczjyh8-d6d90ee5-1f2c-44fb-b698-812290b2e6b6.jpg/v1/fill/w_247,h_350,q_70,strp/claire_redfield_re2_fan_art_nude_version_by_ganassa_dczjyh8-350t.jpg 247w,https://images-wixmp-ed30a86b8c4ca887773594c2.wixmp.com/intermediary/f/b4684b33-c0f8-4fd6-a0ff-35a433e59796/dczjyh8-d6d90ee5-1f2c-44fb-b698-812290b2e6b6.jpg/v1/fill/w_283,h_400,q_70,strp/claire_redfield_re2_fan_art_nude_version_by_ganassa_dczjyh8-400t.jpg 283w,https://images-wixmp-ed30a86b8c4ca887773594c2.wixmp.com/intermediary/f/b4684b33-c0f8-4fd6-a0ff-35a433e59796/dczjyh8-d6d90ee5-1f2c-44fb-b698-812290b2e6b6.jpg/v1/fill/w_751,h_1063,q_70,strp/claire_redfield_re2_fan_art_nude_version_by_ganassa_dczjyh8-pre.jpg 751w&quot; sizes=&quot;106px&quot;&gt;&lt;/a&gt;&lt;/span&gt;&lt;!-- ^TTT --&gt;&lt;!-- TTT$ --&gt;&lt;/span&gt;&lt;br /&gt;&lt;div&gt;&lt;img src=&quot;https://t00.deviantart.net/dDia6SdlMGNmPl0P_cBQz2UXk4c=/300x200/filters:fixed_height(100,100):origin()/pre00/cdd9/th/pre/f/2019/056/0/4/claire_redfield_re2_fan_art_just_jacket_version_by_ganassa-dd0o1wn.jpg&quot; alt=&quot;thumbnail&quot; /&gt;&lt;/div&gt;</description>            </item>
                    <item>
                <title>Adorable Cute Girls Being Wonderful Pose Reference</title>
                <link>https://senshistock.deviantart.com/art/Adorable-Cute-Girls-Being-Wonderful-Pose-Reference-783293282</link>
                <guid isPermaLink="true">https://senshistock.deviantart.com/art/Adorable-Cute-Girls-Being-Wonderful-Pose-Reference-783293282</guid>
                <pubDate>Mon, 25 Feb 2019 05:00:03 PST</pubDate>
                        <media:title type="plain">Adorable Cute Girls Being Wonderful Pose Reference</media:title>
        <media:keywords></media:keywords>
                        <media:rating>nonadult</media:rating>
                <media:category label="Full Body">resources/stockart/model/people/fullbody</media:category>
        <media:credit role="author" scheme="urn:ebu">SenshiStock</media:credit>
        <media:credit role="author" scheme="urn:ebu">https://a.deviantart.net/avatars/s/e/senshistock.gif?2</media:credit>
        <media:copyright url="https://senshistock.deviantart.com">Copyright 2019 SenshiStock</media:copyright>
            <media:community>
                <media:tags>@SenshiStock</media:tags>
            </media:community>             <creativeCommons:license>http://creativecommons.org/licenses/by/3.0/</creativeCommons:license>
                <media:description type="html">From the Kickstarter Group Photoshoot Collab with &lt;span class=&quot;username-with-symbol u&quot;&gt;&lt;a class=&quot;u senior username&quot; href=&quot;https://www.deviantart.com/piratelotus-stock&quot;&gt;PirateLotus-Stock&lt;/a&gt;&lt;span class=&quot;user-symbol senior&quot; data-quicktip-text=&quot;Senior Member&quot; data-show-tooltip=&quot;1&quot; data-gruser-type=&quot;senior&quot;&gt;&lt;/span&gt;&lt;/span&gt; and I. Photography by &lt;a class=&quot;external&quot; href=&quot;https://www.deviantart.com/users/outgoing?https://adventuredogphotography.com&quot;&gt;Blue Amrich&lt;/a&gt;.&lt;br /&gt;&lt;br /&gt;&lt;p&gt;&lt;span&gt;You can get 200 unreleased images from this shoot right now from &lt;a class=&quot;external&quot; href=&quot;https://www.deviantart.com/users/outgoing?http://senshistock.com/group_pack.php&quot;&gt;SenshiStock.com&lt;/a&gt;! &lt;img src=&quot;https://e.deviantart.net/emoticons/h/happybounce.gif&quot; width=&quot;17&quot; height=&quot;23&quot; alt=&quot;:happybounce:&quot; data-embed-type=&quot;emoticon&quot; data-embed-id=&quot;599&quot; title=&quot;:happybounce:&quot;/&gt;&lt;br /&gt;&lt;br /&gt;--&lt;br /&gt;&lt;br /&gt;&lt;br /&gt;&lt;/span&gt;&lt;img src=&quot;https://e.deviantart.net/emoticons/s/star_full.gif&quot; width=&quot;17&quot; height=&quot;16&quot; alt=&quot;:star:&quot; data-embed-type=&quot;emoticon&quot; data-embed-id=&quot;450&quot; title=&quot;Star!&quot;/&gt; &lt;img src=&quot;https://e.deviantart.net/emoticons/s/star_full.gif&quot; width=&quot;17&quot; height=&quot;16&quot; alt=&quot;:star:&quot; data-embed-type=&quot;emoticon&quot; data-embed-id=&quot;450&quot; title=&quot;Star!&quot;/&gt; &lt;img src=&quot;https://e.deviantart.net/emoticons/s/star_full.gif&quot; width=&quot;17&quot; height=&quot;16&quot; alt=&quot;:star:&quot; data-embed-type=&quot;emoticon&quot; data-embed-id=&quot;450&quot; title=&quot;Star!&quot;/&gt; &amp;nbsp;&lt;b&gt;CRITIQUE NOT DESIRED&lt;/b&gt; &lt;img src=&quot;https://e.deviantart.net/emoticons/s/star_full.gif&quot; width=&quot;17&quot; height=&quot;16&quot; alt=&quot;:star:&quot; data-embed-type=&quot;emoticon&quot; data-embed-id=&quot;450&quot; title=&quot;Star!&quot;/&gt; &lt;img src=&quot;https://e.deviantart.net/emoticons/s/star_full.gif&quot; width=&quot;17&quot; height=&quot;16&quot; alt=&quot;:star:&quot; data-embed-type=&quot;emoticon&quot; data-embed-id=&quot;450&quot; title=&quot;Star!&quot;/&gt; &lt;img src=&quot;https://e.deviantart.net/emoticons/s/star_full.gif&quot; width=&quot;17&quot; height=&quot;16&quot; alt=&quot;:star:&quot; data-embed-type=&quot;emoticon&quot; data-embed-id=&quot;450&quot; title=&quot;Star!&quot;/&gt; &lt;a href=&quot;http://fav.me/d4zvxbh&quot;&gt;Why?&lt;/a&gt;&lt;br /&gt;&lt;/p&gt;&lt;br /&gt;&lt;p&gt;&lt;a href=&quot;https://senshistock.deviantart.com/journal/12576734/&quot;&gt;&lt;b&gt;Read the Rules&lt;/b&gt;&lt;/a&gt; before you use this stock.&lt;br /&gt;Check &lt;a href=&quot;https://senshistock.deviantart.com/journal/18507118/&quot;&gt;&lt;b&gt;FAQ&lt;/b&gt;&lt;/a&gt;!&lt;/p&gt;&lt;p&gt;&amp;#127912; Warm up with the web app! &lt;a class=&quot;external&quot; href=&quot;https://www.deviantart.com/users/outgoing?http://www.senshistock.com/sketch&quot;&gt;SenshiStock Sketch&lt;/a&gt;&lt;/p&gt;&lt;p&gt;&amp;#127775; &lt;a class=&quot;external&quot; href=&quot;https://www.deviantart.com/users/outgoing?https://www.patreon.com/senshistock&quot;&gt;Become a Patron&lt;/a&gt; and get exclusive and advanced stock access, including &lt;a class=&quot;external&quot; href=&quot;https://www.deviantart.com/users/outgoing?http://www.senshistock.com/&quot;&gt;SenshiStock.com Pack Subsciption&lt;/a&gt;.&lt;/p&gt;&lt;br /&gt;&lt;p&gt;&lt;b&gt;Social Media Links&lt;/b&gt;&lt;br /&gt;&lt;a class=&quot;external&quot; href=&quot;https://www.deviantart.com/users/outgoing?http://www.facebook.com/SenshiStock/&quot;&gt;Facebook&lt;/a&gt; &amp;#9899; &lt;a class=&quot;external&quot; href=&quot;https://www.deviantart.com/users/outgoing?http://senshistock.tumblr.com/&quot;&gt;Tumblr&lt;/a&gt; &amp;#9899; &lt;a class=&quot;external&quot; href=&quot;https://www.deviantart.com/users/outgoing?http://instagram.com/senshistock&quot;&gt;Instagram&lt;/a&gt; &amp;#9899; &lt;a class=&quot;external&quot; href=&quot;https://www.deviantart.com/users/outgoing?https://twitter.com/Senshistock&quot;&gt;Twitter&lt;/a&gt; &amp;#9899; &lt;a class=&quot;external&quot; href=&quot;https://www.deviantart.com/users/outgoing?https://twitter.com/SailorAstera&quot;&gt;Personal/Art Twitter&lt;/a&gt;&lt;/p&gt;&lt;p&gt;&lt;b&gt;SenshiStock Merch&lt;/b&gt;&lt;br /&gt;&lt;a class=&quot;external&quot; href=&quot;https://www.deviantart.com/users/outgoing?http://senshistock.com/books.php&quot;&gt;Pose Reference Books&lt;/a&gt;&lt;br /&gt;&lt;a class=&quot;external&quot; href=&quot;https://www.deviantart.com/users/outgoing?http://senshistock.com/usb.php&quot;&gt;Pose Reference USB Drives&lt;/a&gt;&lt;/p&gt;&lt;p&gt;&lt;strong&gt;FAQ #217:&lt;/strong&gt; &lt;a href=&quot;https://help.deviantart.com/217/&quot;&gt;What are &quot;Stock and Resources&quot; and can I use them in my submissions?&lt;/a&gt;&lt;/p&gt;</media:description>            <media:thumbnail url="https://t00.deviantart.net/-YH3Y1BYYw-VfZUQ4rDGjWcDv04=/fit-in/150x150/filters:no_upscale():origin()/pre00/ec31/th/pre/i/2019/056/9/9/adorable_cute_girls_being_wonderful_pose_reference_by_senshistock-dcycoyq.jpg" height="150" width="100"/>            <media:thumbnail url="https://t00.deviantart.net/d9GeOPmdEpmDP00z0urCkPZsgds=/fit-in/300x900/filters:no_upscale():origin()/pre00/ec31/th/pre/i/2019/056/9/9/adorable_cute_girls_being_wonderful_pose_reference_by_senshistock-dcycoyq.jpg" height="450" width="300"/>            <media:thumbnail url="https://t00.deviantart.net/TfjUt6q9nR3Icr6tLcjr9oxn7ig=/300x200/filters:fixed_height(100,100):origin()/pre00/ec31/th/pre/i/2019/056/9/9/adorable_cute_girls_being_wonderful_pose_reference_by_senshistock-dcycoyq.jpg" height="200" width="133"/>            <media:content url="https://pre00.deviantart.net/ec31/th/pre/i/2019/056/9/9/adorable_cute_girls_being_wonderful_pose_reference_by_senshistock-dcycoyq.jpg" height="1095" width="730" medium="image"/>            
            <description>From the Kickstarter Group Photoshoot Collab with &lt;span class=&quot;username-with-symbol u&quot;&gt;&lt;a class=&quot;u senior username&quot; href=&quot;https://www.deviantart.com/piratelotus-stock&quot;&gt;PirateLotus-Stock&lt;/a&gt;&lt;span class=&quot;user-symbol senior&quot; data-quicktip-text=&quot;Senior Member&quot; data-show-tooltip=&quot;1&quot; data-gruser-type=&quot;senior&quot;&gt;&lt;/span&gt;&lt;/span&gt; and I. Photography by &lt;a class=&quot;external&quot; href=&quot;https://www.deviantart.com/users/outgoing?https://adventuredogphotography.com&quot;&gt;Blue Amrich&lt;/a&gt;.&lt;br /&gt;&lt;br /&gt;&lt;p&gt;&lt;span&gt;You can get 200 unreleased images from this shoot right now from &lt;a class=&quot;external&quot; href=&quot;https://www.deviantart.com/users/outgoing?http://senshistock.com/group_pack.php&quot;&gt;SenshiStock.com&lt;/a&gt;! &lt;img src=&quot;https://e.deviantart.net/emoticons/h/happybounce.gif&quot; width=&quot;17&quot; height=&quot;23&quot; alt=&quot;:happybounce:&quot; data-embed-type=&quot;emoticon&quot; data-embed-id=&quot;599&quot; title=&quot;:happybounce:&quot;/&gt;&lt;br /&gt;&lt;br /&gt;--&lt;br /&gt;&lt;br /&gt;&lt;br /&gt;&lt;/span&gt;&lt;img src=&quot;https://e.deviantart.net/emoticons/s/star_full.gif&quot; width=&quot;17&quot; height=&quot;16&quot; alt=&quot;:star:&quot; data-embed-type=&quot;emoticon&quot; data-embed-id=&quot;450&quot; title=&quot;Star!&quot;/&gt; &lt;img src=&quot;https://e.deviantart.net/emoticons/s/star_full.gif&quot; width=&quot;17&quot; height=&quot;16&quot; alt=&quot;:star:&quot; data-embed-type=&quot;emoticon&quot; data-embed-id=&quot;450&quot; title=&quot;Star!&quot;/&gt; &lt;img src=&quot;https://e.deviantart.net/emoticons/s/star_full.gif&quot; width=&quot;17&quot; height=&quot;16&quot; alt=&quot;:star:&quot; data-embed-type=&quot;emoticon&quot; data-embed-id=&quot;450&quot; title=&quot;Star!&quot;/&gt; &amp;nbsp;&lt;b&gt;CRITIQUE NOT DESIRED&lt;/b&gt; &lt;img src=&quot;https://e.deviantart.net/emoticons/s/star_full.gif&quot; width=&quot;17&quot; height=&quot;16&quot; alt=&quot;:star:&quot; data-embed-type=&quot;emoticon&quot; data-embed-id=&quot;450&quot; title=&quot;Star!&quot;/&gt; &lt;img src=&quot;https://e.deviantart.net/emoticons/s/star_full.gif&quot; width=&quot;17&quot; height=&quot;16&quot; alt=&quot;:star:&quot; data-embed-type=&quot;emoticon&quot; data-embed-id=&quot;450&quot; title=&quot;Star!&quot;/&gt; &lt;img src=&quot;https://e.deviantart.net/emoticons/s/star_full.gif&quot; width=&quot;17&quot; height=&quot;16&quot; alt=&quot;:star:&quot; data-embed-type=&quot;emoticon&quot; data-embed-id=&quot;450&quot; title=&quot;Star!&quot;/&gt; &lt;a href=&quot;http://fav.me/d4zvxbh&quot;&gt;Why?&lt;/a&gt;&lt;br /&gt;&lt;/p&gt;&lt;br /&gt;&lt;p&gt;&lt;a href=&quot;https://senshistock.deviantart.com/journal/12576734/&quot;&gt;&lt;b&gt;Read the Rules&lt;/b&gt;&lt;/a&gt; before you use this stock.&lt;br /&gt;Check &lt;a href=&quot;https://senshistock.deviantart.com/journal/18507118/&quot;&gt;&lt;b&gt;FAQ&lt;/b&gt;&lt;/a&gt;!&lt;/p&gt;&lt;p&gt;&amp;#127912; Warm up with the web app! &lt;a class=&quot;external&quot; href=&quot;https://www.deviantart.com/users/outgoing?http://www.senshistock.com/sketch&quot;&gt;SenshiStock Sketch&lt;/a&gt;&lt;/p&gt;&lt;p&gt;&amp;#127775; &lt;a class=&quot;external&quot; href=&quot;https://www.deviantart.com/users/outgoing?https://www.patreon.com/senshistock&quot;&gt;Become a Patron&lt;/a&gt; and get exclusive and advanced stock access, including &lt;a class=&quot;external&quot; href=&quot;https://www.deviantart.com/users/outgoing?http://www.senshistock.com/&quot;&gt;SenshiStock.com Pack Subsciption&lt;/a&gt;.&lt;/p&gt;&lt;br /&gt;&lt;p&gt;&lt;b&gt;Social Media Links&lt;/b&gt;&lt;br /&gt;&lt;a class=&quot;external&quot; href=&quot;https://www.deviantart.com/users/outgoing?http://www.facebook.com/SenshiStock/&quot;&gt;Facebook&lt;/a&gt; &amp;#9899; &lt;a class=&quot;external&quot; href=&quot;https://www.deviantart.com/users/outgoing?http://senshistock.tumblr.com/&quot;&gt;Tumblr&lt;/a&gt; &amp;#9899; &lt;a class=&quot;external&quot; href=&quot;https://www.deviantart.com/users/outgoing?http://instagram.com/senshistock&quot;&gt;Instagram&lt;/a&gt; &amp;#9899; &lt;a class=&quot;external&quot; href=&quot;https://www.deviantart.com/users/outgoing?https://twitter.com/Senshistock&quot;&gt;Twitter&lt;/a&gt; &amp;#9899; &lt;a class=&quot;external&quot; href=&quot;https://www.deviantart.com/users/outgoing?https://twitter.com/SailorAstera&quot;&gt;Personal/Art Twitter&lt;/a&gt;&lt;/p&gt;&lt;p&gt;&lt;b&gt;SenshiStock Merch&lt;/b&gt;&lt;br /&gt;&lt;a class=&quot;external&quot; href=&quot;https://www.deviantart.com/users/outgoing?http://senshistock.com/books.php&quot;&gt;Pose Reference Books&lt;/a&gt;&lt;br /&gt;&lt;a class=&quot;external&quot; href=&quot;https://www.deviantart.com/users/outgoing?http://senshistock.com/usb.php&quot;&gt;Pose Reference USB Drives&lt;/a&gt;&lt;/p&gt;&lt;p&gt;&lt;strong&gt;FAQ #217:&lt;/strong&gt; &lt;a href=&quot;https://help.deviantart.com/217/&quot;&gt;What are &quot;Stock and Resources&quot; and can I use them in my submissions?&lt;/a&gt;&lt;/p&gt;&lt;br /&gt;&lt;div&gt;&lt;img src=&quot;https://t00.deviantart.net/TfjUt6q9nR3Icr6tLcjr9oxn7ig=/300x200/filters:fixed_height(100,100):origin()/pre00/ec31/th/pre/i/2019/056/9/9/adorable_cute_girls_being_wonderful_pose_reference_by_senshistock-dcycoyq.jpg&quot; alt=&quot;thumbnail&quot; /&gt;&lt;/div&gt;</description>            </item>
                    <item>
                <title>Grand Sunset</title>
                <link>https://thebrokencog.deviantart.com/art/Grand-Sunset-787136636</link>
                <guid isPermaLink="true">https://thebrokencog.deviantart.com/art/Grand-Sunset-787136636</guid>
                <pubDate>Sun, 24 Feb 2019 20:00:01 PST</pubDate>
                        <media:title type="plain">Grand Sunset</media:title>
        <media:keywords></media:keywords>
                        <media:rating>nonadult</media:rating>
                <media:category label="Drawings">cartoons/digital/cartoons/drawings</media:category>
        <media:credit role="author" scheme="urn:ebu">TheBrokenCOG</media:credit>
        <media:credit role="author" scheme="urn:ebu">https://a.deviantart.net/avatars/t/h/thebrokencog.png?7</media:credit>
        <media:copyright url="https://thebrokencog.deviantart.com">Copyright 2019 TheBrokenCOG</media:copyright>            <media:description type="html">Admire the sunset</media:description>            <media:thumbnail url="https://t00.deviantart.net/IC7_3SNXQF03O9OPYhN_GRMyYME=/fit-in/150x150/filters:no_upscale():origin()/pre00/b07e/th/pre/f/2019/055/c/f/grand_sunset_by_thebrokencog-dd0n2ik.png" height="150" width="99"/>            <media:thumbnail url="https://t00.deviantart.net/So9tXS92EAHFt3R1yNn_b0G0rBs=/fit-in/300x900/filters:no_upscale():origin()/pre00/b07e/th/pre/f/2019/055/c/f/grand_sunset_by_thebrokencog-dd0n2ik.png" height="457" width="300"/>            <media:thumbnail url="https://t00.deviantart.net/BqQ88Ql1n878c_IXHsjkKMfP95I=/300x200/filters:fixed_height(100,100):origin()/pre00/b07e/th/pre/f/2019/055/c/f/grand_sunset_by_thebrokencog-dd0n2ik.png" height="200" width="131"/>            <media:content url="https://orig00.deviantart.net/bd5a/f/2019/055/c/f/grand_sunset_by_thebrokencog-dd0n2ik.png" height="900" width="591" medium="image"/>            
            <description>Admire the sunset&lt;br /&gt;&lt;div&gt;&lt;img src=&quot;https://t00.deviantart.net/BqQ88Ql1n878c_IXHsjkKMfP95I=/300x200/filters:fixed_height(100,100):origin()/pre00/b07e/th/pre/f/2019/055/c/f/grand_sunset_by_thebrokencog-dd0n2ik.png&quot; alt=&quot;thumbnail&quot; /&gt;&lt;/div&gt;</description>            </item>
                    <item>
                <title>Cosplay Saber Nero</title>
                <link>https://disharmonica.deviantart.com/art/Cosplay-Saber-Nero-787204697</link>
                <guid isPermaLink="true">https://disharmonica.deviantart.com/art/Cosplay-Saber-Nero-787204697</guid>
                <pubDate>Mon, 25 Feb 2019 09:14:29 PST</pubDate>
                        <media:title type="plain">Cosplay Saber Nero</media:title>
        <media:keywords></media:keywords>
                        <media:rating>adult</media:rating>
                <media:category label="Cosplay">photography/people/cosplay</media:category>
        <media:credit role="author" scheme="urn:ebu">Disharmonica</media:credit>
        <media:credit role="author" scheme="urn:ebu">https://a.deviantart.net/avatars/d/i/disharmonica.jpg?7</media:credit>
        <media:copyright url="https://disharmonica.deviantart.com">Copyright 2019 Disharmonica</media:copyright>            <media:description type="html">Full set (including NSFW 18+ shots) is available on&amp;nbsp;&lt;a class=&quot;external&quot; href=&quot;https://www.deviantart.com/users/outgoing?http://patreon.com/hellyvalentine&quot;&gt;my Patreon&lt;/a&gt;&amp;nbsp;until February 28th 2019&amp;nbsp;&lt;br /&gt;&lt;br /&gt;As patreon exclusives I usually post some easy-to-make cosplays, fanservice, lingerie and boudoir sets or just lewds &lt;img src=&quot;https://e.deviantart.net/emoticons/s/smile.gif&quot; width=&quot;15&quot; height=&quot;15&quot; alt=&quot;:)&quot; data-embed-type=&quot;emoticon&quot; data-embed-id=&quot;391&quot; title=&quot;:) (Smile)&quot;/&gt;&amp;nbsp;&lt;br /&gt;&lt;br /&gt;Wanna have full sets with 18+ pics?&amp;nbsp;&lt;br /&gt;Feel free to check&amp;nbsp;&lt;a class=&quot;external&quot; href=&quot;https://www.deviantart.com/users/outgoing?http://patreon.com/hellyvalentine&quot;&gt;my Patreon&lt;/a&gt;&amp;nbsp;for details!&lt;br /&gt;Please notice that each set is available only during 1 month!&lt;br /&gt;&lt;br /&gt;In this gallery I will post all the free previews for these sets, like I do in my&amp;nbsp;&lt;a class=&quot;external&quot; href=&quot;https://www.deviantart.com/users/outgoing?http://instagram.com/disharmonica&quot;&gt;Instagram&lt;/a&gt;&amp;nbsp;&amp;nbsp;or&amp;nbsp;&lt;a class=&quot;external&quot; href=&quot;https://www.deviantart.com/users/outgoing?http://twitter.com/hellyvalentine&quot;&gt;Twitter&lt;/a&gt;</media:description>            <media:thumbnail url="https://t00.deviantart.net/8VLO2ADfHPcjbInHo99muqBYrWw=/fit-in/150x150/filters:no_upscale():origin()/pre00/8fa4/th/pre/f/2019/056/a/3/cosplay_saber_nero_by_disharmonica-dd0oj15.jpg" height="150" width="100"/>            <media:thumbnail url="https://t00.deviantart.net/4oHx8G3qf7VkcIA-Vy2-kK5fg_0=/fit-in/300x900/filters:no_upscale():origin()/pre00/8fa4/th/pre/f/2019/056/a/3/cosplay_saber_nero_by_disharmonica-dd0oj15.jpg" height="450" width="300"/>            <media:thumbnail url="https://t00.deviantart.net/K3k0J0XQIz9Q8i6z5oFbllixvLk=/300x200/filters:fixed_height(100,100):origin()/pre00/8fa4/th/pre/f/2019/056/a/3/cosplay_saber_nero_by_disharmonica-dd0oj15.jpg" height="200" width="133"/>            <media:content url="https://pre00.deviantart.net/8fa4/th/pre/f/2019/056/a/3/cosplay_saber_nero_by_disharmonica-dd0oj15.jpg" height="1094" width="730" medium="image"/>            
            <description>Full set (including NSFW 18+ shots) is available on&amp;nbsp;&lt;a class=&quot;external&quot; href=&quot;https://www.deviantart.com/users/outgoing?http://patreon.com/hellyvalentine&quot;&gt;my Patreon&lt;/a&gt;&amp;nbsp;until February 28th 2019&amp;nbsp;&lt;br /&gt;&lt;br /&gt;As patreon exclusives I usually post some easy-to-make cosplays, fanservice, lingerie and boudoir sets or just lewds &lt;img src=&quot;https://e.deviantart.net/emoticons/s/smile.gif&quot; width=&quot;15&quot; height=&quot;15&quot; alt=&quot;:)&quot; data-embed-type=&quot;emoticon&quot; data-embed-id=&quot;391&quot; title=&quot;:) (Smile)&quot;/&gt;&amp;nbsp;&lt;br /&gt;&lt;br /&gt;Wanna have full sets with 18+ pics?&amp;nbsp;&lt;br /&gt;Feel free to check&amp;nbsp;&lt;a class=&quot;external&quot; href=&quot;https://www.deviantart.com/users/outgoing?http://patreon.com/hellyvalentine&quot;&gt;my Patreon&lt;/a&gt;&amp;nbsp;for details!&lt;br /&gt;Please notice that each set is available only during 1 month!&lt;br /&gt;&lt;br /&gt;In this gallery I will post all the free previews for these sets, like I do in my&amp;nbsp;&lt;a class=&quot;external&quot; href=&quot;https://www.deviantart.com/users/outgoing?http://instagram.com/disharmonica&quot;&gt;Instagram&lt;/a&gt;&amp;nbsp;&amp;nbsp;or&amp;nbsp;&lt;a class=&quot;external&quot; href=&quot;https://www.deviantart.com/users/outgoing?http://twitter.com/hellyvalentine&quot;&gt;Twitter&lt;/a&gt;&lt;br /&gt;&lt;div&gt;&lt;img src=&quot;https://t00.deviantart.net/K3k0J0XQIz9Q8i6z5oFbllixvLk=/300x200/filters:fixed_height(100,100):origin()/pre00/8fa4/th/pre/f/2019/056/a/3/cosplay_saber_nero_by_disharmonica-dd0oj15.jpg&quot; alt=&quot;thumbnail&quot; /&gt;&lt;/div&gt;</description>            </item>
                    <item>
                <title>Enchanted Lake</title>
                <link>https://jjcanvas.deviantart.com/art/Enchanted-Lake-787217289</link>
                <guid isPermaLink="true">https://jjcanvas.deviantart.com/art/Enchanted-Lake-787217289</guid>
                <pubDate>Mon, 25 Feb 2019 11:09:43 PST</pubDate>
                        <media:title type="plain">Enchanted Lake</media:title>
        <media:keywords></media:keywords>
                        <media:rating>nonadult</media:rating>
                <media:category label="Landscapes &amp; Scenery">digitalart/paintings/landscapes</media:category>
        <media:credit role="author" scheme="urn:ebu">JJcanvas</media:credit>
        <media:credit role="author" scheme="urn:ebu">https://a.deviantart.net/avatars/j/j/jjcanvas.jpg?9</media:credit>
        <media:copyright url="https://jjcanvas.deviantart.com">Copyright 2019 JJcanvas</media:copyright>
            <media:community>
                <media:tags>@JJcanvas</media:tags>
            </media:community>            <media:description type="html">Reworked an old piece in ProCreate! &lt;img src=&quot;https://e.deviantart.net/emoticons/s/smile.gif&quot; width=&quot;15&quot; height=&quot;15&quot; alt=&quot;:)&quot; data-embed-type=&quot;emoticon&quot; data-embed-id=&quot;391&quot; title=&quot;:) (Smile)&quot;/&gt;&lt;br /&gt;&lt;br /&gt;&lt;br /&gt;&lt;br /&gt;Website - &lt;a class=&quot;external&quot; href=&quot;https://www.deviantart.com/users/outgoing?http://www.jorgejacinto.com&quot;&gt;www.jorgejacinto.com&lt;/a&gt;&lt;br /&gt;&lt;br /&gt;Instagram - &lt;a class=&quot;external&quot; href=&quot;https://www.deviantart.com/users/outgoing?https://www.instagram.com/jjcanvas_art/&quot;&gt;www.instagram.com/jjcanvas_art&amp;hellip;&lt;/a&gt;&lt;br /&gt;&lt;br /&gt;Artstation - &lt;a class=&quot;external&quot; href=&quot;https://www.deviantart.com/users/outgoing?https://www.artstation.com/artist/jjcanvas&quot;&gt;www.artstation.com/artist/jjca&amp;hellip;&lt;/a&gt;&lt;br /&gt;&lt;br /&gt;Facebook - &lt;a class=&quot;external&quot; href=&quot;https://www.deviantart.com/users/outgoing?https://www.facebook.com/JJcanvasArt&quot;&gt;www.facebook.com/JJcanvasArt&lt;/a&gt;&lt;br /&gt;&lt;br /&gt;Twitter - &lt;a class=&quot;external&quot; href=&quot;https://www.deviantart.com/users/outgoing?http://twitter.com/JJcanvas&quot;&gt;twitter.com/JJcanvas&lt;/a&gt;&lt;br /&gt;&lt;br /&gt;Youtube - &lt;a class=&quot;external&quot; href=&quot;https://www.deviantart.com/users/outgoing?http://www.youtube.com/blinckart&quot;&gt;www.youtube.com/blinckart&lt;/a&gt;&lt;br /&gt;&lt;br /&gt;Tumblr - &lt;a class=&quot;external&quot; href=&quot;https://www.deviantart.com/users/outgoing?http://jjcanvas.tumblr.com/&quot;&gt;jjcanvas.tumblr.com/&lt;/a&gt;&lt;br /&gt;&lt;br /&gt;Prints - &lt;a class=&quot;external&quot; href=&quot;https://www.deviantart.com/users/outgoing?http://www.inprnt.com/gallery/jjcanvas/&quot;&gt;www.inprnt.com/gallery/jjcanva&amp;hellip;&lt;/a&gt;</media:description>            <media:thumbnail url="https://t00.deviantart.net/4F61F-bLJjdOi-hmr_foOW3I7QE=/fit-in/150x150/filters:no_upscale():origin()/pre00/4e13/th/pre/f/2019/056/d/e/enchanted_lake_by_jjcanvas-dd0osqx.jpg" height="84" width="150"/>            <media:thumbnail url="https://t00.deviantart.net/bCgxPxlZGj7ILAIStwZ9vOgLncA=/fit-in/300x900/filters:no_upscale():origin()/pre00/4e13/th/pre/f/2019/056/d/e/enchanted_lake_by_jjcanvas-dd0osqx.jpg" height="169" width="300"/>            <media:thumbnail url="https://t00.deviantart.net/iBEkUKH11pK1dkeaL8_6WJ15HEY=/300x200/filters:fixed_height(100,100):origin()/pre00/4e13/th/pre/f/2019/056/d/e/enchanted_lake_by_jjcanvas-dd0osqx.jpg" height="169" width="300"/>            <media:content url="https://pre00.deviantart.net/4e13/th/pre/f/2019/056/d/e/enchanted_lake_by_jjcanvas-dd0osqx.jpg" height="670" width="1192" medium="image"/>            
            <description>Reworked an old piece in ProCreate! &lt;img src=&quot;https://e.deviantart.net/emoticons/s/smile.gif&quot; width=&quot;15&quot; height=&quot;15&quot; alt=&quot;:)&quot; data-embed-type=&quot;emoticon&quot; data-embed-id=&quot;391&quot; title=&quot;:) (Smile)&quot;/&gt;&lt;br /&gt;&lt;br /&gt;&lt;br /&gt;&lt;br /&gt;Website - &lt;a class=&quot;external&quot; href=&quot;https://www.deviantart.com/users/outgoing?http://www.jorgejacinto.com&quot;&gt;www.jorgejacinto.com&lt;/a&gt;&lt;br /&gt;&lt;br /&gt;Instagram - &lt;a class=&quot;external&quot; href=&quot;https://www.deviantart.com/users/outgoing?https://www.instagram.com/jjcanvas_art/&quot;&gt;www.instagram.com/jjcanvas_art&amp;hellip;&lt;/a&gt;&lt;br /&gt;&lt;br /&gt;Artstation - &lt;a class=&quot;external&quot; href=&quot;https://www.deviantart.com/users/outgoing?https://www.artstation.com/artist/jjcanvas&quot;&gt;www.artstation.com/artist/jjca&amp;hellip;&lt;/a&gt;&lt;br /&gt;&lt;br /&gt;Facebook - &lt;a class=&quot;external&quot; href=&quot;https://www.deviantart.com/users/outgoing?https://www.facebook.com/JJcanvasArt&quot;&gt;www.facebook.com/JJcanvasArt&lt;/a&gt;&lt;br /&gt;&lt;br /&gt;Twitter - &lt;a class=&quot;external&quot; href=&quot;https://www.deviantart.com/users/outgoing?http://twitter.com/JJcanvas&quot;&gt;twitter.com/JJcanvas&lt;/a&gt;&lt;br /&gt;&lt;br /&gt;Youtube - &lt;a class=&quot;external&quot; href=&quot;https://www.deviantart.com/users/outgoing?http://www.youtube.com/blinckart&quot;&gt;www.youtube.com/blinckart&lt;/a&gt;&lt;br /&gt;&lt;br /&gt;Tumblr - &lt;a class=&quot;external&quot; href=&quot;https://www.deviantart.com/users/outgoing?http://jjcanvas.tumblr.com/&quot;&gt;jjcanvas.tumblr.com/&lt;/a&gt;&lt;br /&gt;&lt;br /&gt;Prints - &lt;a class=&quot;external&quot; href=&quot;https://www.deviantart.com/users/outgoing?http://www.inprnt.com/gallery/jjcanvas/&quot;&gt;www.inprnt.com/gallery/jjcanva&amp;hellip;&lt;/a&gt;&lt;br /&gt;&lt;div&gt;&lt;img src=&quot;https://t00.deviantart.net/iBEkUKH11pK1dkeaL8_6WJ15HEY=/300x200/filters:fixed_height(100,100):origin()/pre00/4e13/th/pre/f/2019/056/d/e/enchanted_lake_by_jjcanvas-dd0osqx.jpg&quot; alt=&quot;thumbnail&quot; /&gt;&lt;/div&gt;</description>            </item>
                    <item>
                <title>master study: metal</title>
                <link>https://nitaoart.deviantart.com/art/master-study-metal-787166383</link>
                <guid isPermaLink="true">https://nitaoart.deviantart.com/art/master-study-metal-787166383</guid>
                <pubDate>Mon, 25 Feb 2019 01:37:09 PST</pubDate>
                        <media:title type="plain">master study: metal</media:title>
        <media:keywords></media:keywords>
                        <media:rating>nonadult</media:rating>
                <media:category label="Fantasy">digitalart/paintings/fantasy</media:category>
        <media:credit role="author" scheme="urn:ebu">NitaoART</media:credit>
        <media:credit role="author" scheme="urn:ebu">https://a.deviantart.net/avatars/n/i/nitaoart.png?14</media:credit>
        <media:copyright url="https://nitaoart.deviantart.com">Copyright 2019 NitaoART</media:copyright>            <media:description type="html">Today I upload my study of recent artwork published by Riot Games - &lt;a class=&quot;external&quot; href=&quot;https://www.deviantart.com/users/outgoing?https://lolstatic-a.akamaihd.net/frontpage/apps/prod/rg-champion-update-kayle-morgana/pl_PL/a1855090376724e2a000ab9b18112bd533a75f98/assets/img/content/kayleMorgana/wallpaper/splash/SilverKayle_FINAL.jpg&quot;&gt;Silver Kayle&lt;/a&gt;. I wanted to credit an artist instead of a studio but they did not credit the artist as well. If you happend to know person who painted this let me know in a comment.&lt;br /&gt;&lt;br /&gt;Since it is 1st time that I upload a master study, I guess it is nice to explain how it works.&lt;br /&gt;-pick an artwork that you love and set a goal, my goal here was to improve my rendering of metals (I focused on: helmet, pauldrons, chest)&lt;br /&gt;-place the artwork somewhere on the screen, set new project in a drawing program and start to mimic original&lt;br /&gt;-there are important rules: no tracing or colorpicking allowed (this is crucial to guess shapes and colors yourself in oreder to learn), you should work zoomed out for as long as you can&lt;br /&gt;-when you move to details (now you can zoom in), you continue until you accomplish your goal&lt;br /&gt;So far I find master studies the best and the fastest method of learning, you should try it yourself.&amp;nbsp;&lt;img src=&quot;https://e.deviantart.net/emoticons/l/love2.gif&quot; alt=&quot;Love&quot; style=&quot;width: 26px; height: 17px;&quot; data-embed-type=&quot;emoticon&quot; data-embed-id=&quot;276&quot;&gt;And holy cow, working on this gave me so much power, now I want to draw something in&amp;nbsp;similar setting.</media:description>            <media:thumbnail url="https://t00.deviantart.net/SECrI6xOdinCztFHt3ik1Ji5udY=/fit-in/150x150/filters:no_upscale():origin()/pre00/bf6b/th/pre/i/2019/056/8/f/master_study__metal_by_nitaoart-dd0npgv.png" height="85" width="150"/>            <media:thumbnail url="https://t00.deviantart.net/i5RGI4cIiYwWUMEfEM99_rhbjwk=/fit-in/300x900/filters:no_upscale():origin()/pre00/bf6b/th/pre/i/2019/056/8/f/master_study__metal_by_nitaoart-dd0npgv.png" height="169" width="300"/>            <media:thumbnail url="https://t00.deviantart.net/YBp6e_u-1PeCTkWp713I-9mc8Dc=/300x200/filters:fixed_height(100,100):origin()/pre00/bf6b/th/pre/i/2019/056/8/f/master_study__metal_by_nitaoart-dd0npgv.png" height="169" width="300"/>            <media:content url="https://pre00.deviantart.net/bf6b/th/pre/i/2019/056/8/f/master_study__metal_by_nitaoart-dd0npgv.png" height="671" width="1190" medium="image"/>            
            <description>Today I upload my study of recent artwork published by Riot Games - &lt;a class=&quot;external&quot; href=&quot;https://www.deviantart.com/users/outgoing?https://lolstatic-a.akamaihd.net/frontpage/apps/prod/rg-champion-update-kayle-morgana/pl_PL/a1855090376724e2a000ab9b18112bd533a75f98/assets/img/content/kayleMorgana/wallpaper/splash/SilverKayle_FINAL.jpg&quot;&gt;Silver Kayle&lt;/a&gt;. I wanted to credit an artist instead of a studio but they did not credit the artist as well. If you happend to know person who painted this let me know in a comment.&lt;br /&gt;&lt;br /&gt;Since it is 1st time that I upload a master study, I guess it is nice to explain how it works.&lt;br /&gt;-pick an artwork that you love and set a goal, my goal here was to improve my rendering of metals (I focused on: helmet, pauldrons, chest)&lt;br /&gt;-place the artwork somewhere on the screen, set new project in a drawing program and start to mimic original&lt;br /&gt;-there are important rules: no tracing or colorpicking allowed (this is crucial to guess shapes and colors yourself in oreder to learn), you should work zoomed out for as long as you can&lt;br /&gt;-when you move to details (now you can zoom in), you continue until you accomplish your goal&lt;br /&gt;So far I find master studies the best and the fastest method of learning, you should try it yourself.&amp;nbsp;&lt;img src=&quot;https://e.deviantart.net/emoticons/l/love2.gif&quot; alt=&quot;Love&quot; style=&quot;width: 26px; height: 17px;&quot; data-embed-type=&quot;emoticon&quot; data-embed-id=&quot;276&quot;&gt;And holy cow, working on this gave me so much power, now I want to draw something in&amp;nbsp;similar setting.&lt;br /&gt;&lt;div&gt;&lt;img src=&quot;https://t00.deviantart.net/YBp6e_u-1PeCTkWp713I-9mc8Dc=/300x200/filters:fixed_height(100,100):origin()/pre00/bf6b/th/pre/i/2019/056/8/f/master_study__metal_by_nitaoart-dd0npgv.png&quot; alt=&quot;thumbnail&quot; /&gt;&lt;/div&gt;</description>            </item>
                    <item>
                <title>Kayle x Morgana</title>
                <link>https://monorirogue.deviantart.com/art/Kayle-x-Morgana-787177676</link>
                <guid isPermaLink="true">https://monorirogue.deviantart.com/art/Kayle-x-Morgana-787177676</guid>
                <pubDate>Mon, 25 Feb 2019 04:01:58 PST</pubDate>
                        <media:title type="plain">Kayle x Morgana</media:title>
        <media:keywords></media:keywords>
                        <media:rating>nonadult</media:rating>
                <media:category label="Conceptual">digitalart/paintings/illustrations/conceptual</media:category>
        <media:credit role="author" scheme="urn:ebu">MonoriRogue</media:credit>
        <media:credit role="author" scheme="urn:ebu">https://a.deviantart.net/avatars/m/o/monorirogue.jpg?4</media:credit>
        <media:copyright url="https://monorirogue.deviantart.com">Copyright 2019 MonoriRogue</media:copyright>            <media:description type="html">&lt;div&gt;&lt;p&gt;The sisters got reworks. ( &amp;#865; &amp;#865;&amp;#176; &amp;#860; &amp;#662; &amp;#865; &amp;#865;&amp;#176;)b&lt;/p&gt;&lt;p&gt;&lt;strong&gt;My&lt;/strong&gt; &lt;strong&gt;Patrons&lt;/strong&gt; &lt;strong&gt;will&lt;/strong&gt; &lt;strong&gt;get:&lt;/strong&gt;&lt;/p&gt;&lt;ul&gt;&lt;li&gt;&lt;strong&gt;Full&lt;/strong&gt; &lt;strong&gt;size&lt;/strong&gt; &lt;strong&gt;JPG&lt;/strong&gt;&lt;/li&gt;&lt;li&gt;&lt;strong&gt;Hi-res&lt;/strong&gt; &lt;strong&gt;step&lt;/strong&gt; &lt;strong&gt;by&lt;/strong&gt; &lt;strong&gt;step&lt;/strong&gt; &lt;strong&gt;process&lt;/strong&gt;&lt;/li&gt;&lt;li&gt;&lt;strong&gt;PSD&lt;/strong&gt; &lt;strong&gt;file&lt;/strong&gt;&lt;/li&gt;&lt;/ul&gt;&lt;p&gt;-Monori&lt;br /&gt;&lt;span&gt;&lt;span&gt;&lt;span&gt;&lt;span&gt;&lt;span&gt;&lt;span&gt;---&lt;br /&gt;&lt;a class=&quot;external&quot; href=&quot;https://www.deviantart.com/users/outgoing?http://www.patreon.com/monorirogue&quot;&gt;&lt;b&gt;For PSDs, NSFW, Step by steps, Process Vids, doodles and much more support me here on Patreon!&lt;/b&gt;&lt;/a&gt;&lt;/span&gt;&lt;br /&gt;&lt;a class=&quot;external&quot; href=&quot;https://www.deviantart.com/users/outgoing?http://www.twitch.tv/monorirogue/&quot;&gt;&lt;b&gt;Art Streams on Twitch&lt;/b&gt;&lt;/a&gt;&lt;br /&gt;&lt;a class=&quot;external&quot; href=&quot;https://www.deviantart.com/users/outgoing?http://www.facebook.com/MonoriRoguedrawsstuff/&quot;&gt;&lt;b&gt;FB Fan Page&lt;/b&gt;&lt;/a&gt;&lt;br /&gt;&lt;a class=&quot;external&quot; href=&quot;https://www.deviantart.com/users/outgoing?https://twitter.com/MonoriRogue&quot;&gt;&lt;b&gt;Twitter&lt;/b&gt;&lt;/a&gt;&lt;/span&gt;&lt;/span&gt;&lt;/span&gt;&lt;/span&gt;&lt;/span&gt;&lt;br /&gt;&lt;/p&gt;&lt;/div&gt;</media:description>            <media:thumbnail url="https://t00.deviantart.net/7M-MFgdLkiI87BOE9Y0s5CwmKn8=/fit-in/150x150/filters:no_upscale():origin()/pre00/74f0/th/pre/i/2019/056/7/d/kayle_x_morgana_by_monorirogue-dd0ny6k.jpg" height="68" width="150"/>            <media:thumbnail url="https://t00.deviantart.net/WTSiFB6iAcxmiQgtpSSBklEwYDw=/fit-in/300x900/filters:no_upscale():origin()/pre00/74f0/th/pre/i/2019/056/7/d/kayle_x_morgana_by_monorirogue-dd0ny6k.jpg" height="136" width="300"/>            <media:thumbnail url="https://t00.deviantart.net/T9NWheETx00AeBuYDGMIyxE-SvE=/300x200/filters:fixed_height(100,100):origin()/pre00/74f0/th/pre/i/2019/056/7/d/kayle_x_morgana_by_monorirogue-dd0ny6k.jpg" height="136" width="300"/>            <media:content url="https://img00.deviantart.net/0695/i/2019/056/7/d/kayle_x_morgana_by_monorirogue-dd0ny6k.jpg" height="463" width="1024" medium="image"/>            
            <description>&lt;div&gt;&lt;p&gt;The sisters got reworks. ( &amp;#865; &amp;#865;&amp;#176; &amp;#860; &amp;#662; &amp;#865; &amp;#865;&amp;#176;)b&lt;/p&gt;&lt;p&gt;&lt;strong&gt;My&lt;/strong&gt; &lt;strong&gt;Patrons&lt;/strong&gt; &lt;strong&gt;will&lt;/strong&gt; &lt;strong&gt;get:&lt;/strong&gt;&lt;/p&gt;&lt;ul&gt;&lt;li&gt;&lt;strong&gt;Full&lt;/strong&gt; &lt;strong&gt;size&lt;/strong&gt; &lt;strong&gt;JPG&lt;/strong&gt;&lt;/li&gt;&lt;li&gt;&lt;strong&gt;Hi-res&lt;/strong&gt; &lt;strong&gt;step&lt;/strong&gt; &lt;strong&gt;by&lt;/strong&gt; &lt;strong&gt;step&lt;/strong&gt; &lt;strong&gt;process&lt;/strong&gt;&lt;/li&gt;&lt;li&gt;&lt;strong&gt;PSD&lt;/strong&gt; &lt;strong&gt;file&lt;/strong&gt;&lt;/li&gt;&lt;/ul&gt;&lt;p&gt;-Monori&lt;br /&gt;&lt;span&gt;&lt;span&gt;&lt;span&gt;&lt;span&gt;&lt;span&gt;&lt;span&gt;---&lt;br /&gt;&lt;a class=&quot;external&quot; href=&quot;https://www.deviantart.com/users/outgoing?http://www.patreon.com/monorirogue&quot;&gt;&lt;b&gt;For PSDs, NSFW, Step by steps, Process Vids, doodles and much more support me here on Patreon!&lt;/b&gt;&lt;/a&gt;&lt;/span&gt;&lt;br /&gt;&lt;a class=&quot;external&quot; href=&quot;https://www.deviantart.com/users/outgoing?http://www.twitch.tv/monorirogue/&quot;&gt;&lt;b&gt;Art Streams on Twitch&lt;/b&gt;&lt;/a&gt;&lt;br /&gt;&lt;a class=&quot;external&quot; href=&quot;https://www.deviantart.com/users/outgoing?http://www.facebook.com/MonoriRoguedrawsstuff/&quot;&gt;&lt;b&gt;FB Fan Page&lt;/b&gt;&lt;/a&gt;&lt;br /&gt;&lt;a class=&quot;external&quot; href=&quot;https://www.deviantart.com/users/outgoing?https://twitter.com/MonoriRogue&quot;&gt;&lt;b&gt;Twitter&lt;/b&gt;&lt;/a&gt;&lt;/span&gt;&lt;/span&gt;&lt;/span&gt;&lt;/span&gt;&lt;/span&gt;&lt;br /&gt;&lt;/p&gt;&lt;/div&gt;&lt;br /&gt;&lt;div&gt;&lt;img src=&quot;https://t00.deviantart.net/T9NWheETx00AeBuYDGMIyxE-SvE=/300x200/filters:fixed_height(100,100):origin()/pre00/74f0/th/pre/i/2019/056/7/d/kayle_x_morgana_by_monorirogue-dd0ny6k.jpg&quot; alt=&quot;thumbnail&quot; /&gt;&lt;/div&gt;</description>            </item>
                    <item>
                <title>CM- Ellie Lift</title>
                <link>https://superspoe.deviantart.com/art/CM-Ellie-Lift-787183276</link>
                <guid isPermaLink="true">https://superspoe.deviantart.com/art/CM-Ellie-Lift-787183276</guid>
                <pubDate>Mon, 25 Feb 2019 05:14:02 PST</pubDate>
                        <media:title type="plain">CM- Ellie Lift</media:title>
        <media:keywords></media:keywords>
                        <media:rating>adult</media:rating>
                <media:category label="Drawings">manga/digital/drawings</media:category>
        <media:credit role="author" scheme="urn:ebu">SuperSpoe</media:credit>
        <media:credit role="author" scheme="urn:ebu">https://a.deviantart.net/avatars/s/u/superspoe.png?9</media:credit>
        <media:copyright url="https://superspoe.deviantart.com">Copyright 2019 SuperSpoe</media:copyright>            <media:description type="html">commission for &lt;a target=&quot;_self&quot; href=&quot;https://www.deviantart.com/disentariaki&quot; &gt;&lt;img class=&quot;avatar&quot; width=&quot;50&quot; height=&quot;50&quot; src=&quot;https://a.deviantart.net/avatars/d/i/disentariaki.jpg?14&quot; alt=&quot;:icondisentariaki:&quot; title=&quot;Disentariaki&quot; /&gt;&lt;/a&gt;of ellie from borderlands 2</media:description>            <media:thumbnail url="https://t00.deviantart.net/KBbPUOW6k8cAmmbxU1yXJ60_m8k=/fit-in/150x150/filters:no_upscale():origin()/pre00/c2b3/th/pre/i/2019/056/4/a/cm__ellie_lift_by_superspoe-dd0o2i4.png" height="150" width="150"/>            <media:thumbnail url="https://t00.deviantart.net/1dHHYgq1lYwW7kEsbxAYwcY8uVk=/fit-in/300x900/filters:no_upscale():origin()/pre00/c2b3/th/pre/i/2019/056/4/a/cm__ellie_lift_by_superspoe-dd0o2i4.png" height="300" width="300"/>            <media:thumbnail url="https://t00.deviantart.net/RAmcocQtXV2eurq5AN-k6LHtzgY=/300x200/filters:fixed_height(100,100):origin()/pre00/c2b3/th/pre/i/2019/056/4/a/cm__ellie_lift_by_superspoe-dd0o2i4.png" height="200" width="200"/>            <media:content url="https://pre00.deviantart.net/c2b3/th/pre/i/2019/056/4/a/cm__ellie_lift_by_superspoe-dd0o2i4.png" height="894" width="894" medium="image"/>            
            <description>commission for &lt;a target=&quot;_self&quot; href=&quot;https://www.deviantart.com/disentariaki&quot; &gt;&lt;img class=&quot;avatar&quot; width=&quot;50&quot; height=&quot;50&quot; src=&quot;https://a.deviantart.net/avatars/d/i/disentariaki.jpg?14&quot; alt=&quot;:icondisentariaki:&quot; title=&quot;Disentariaki&quot; /&gt;&lt;/a&gt;of ellie from borderlands 2&lt;br /&gt;&lt;div&gt;&lt;img src=&quot;https://t00.deviantart.net/RAmcocQtXV2eurq5AN-k6LHtzgY=/300x200/filters:fixed_height(100,100):origin()/pre00/c2b3/th/pre/i/2019/056/4/a/cm__ellie_lift_by_superspoe-dd0o2i4.png&quot; alt=&quot;thumbnail&quot; /&gt;&lt;/div&gt;</description>            </item>
                    <item>
                <title>Darkness</title>
                <link>https://magicstraw.deviantart.com/art/Darkness-787176710</link>
                <guid isPermaLink="true">https://magicstraw.deviantart.com/art/Darkness-787176710</guid>
                <pubDate>Mon, 25 Feb 2019 03:52:29 PST</pubDate>
                        <media:title type="plain">Darkness</media:title>
        <media:keywords></media:keywords>
                        <media:rating>nonadult</media:rating>
                <media:category label="Other">fanart/digital/drawings/other</media:category>
        <media:credit role="author" scheme="urn:ebu">MagicStraw</media:credit>
        <media:credit role="author" scheme="urn:ebu">https://a.deviantart.net/avatars/m/a/magicstraw.png?4</media:credit>
        <media:copyright url="https://magicstraw.deviantart.com">Copyright 2019 MagicStraw</media:copyright>            <media:description type="html"></media:description>            <media:thumbnail url="https://t00.deviantart.net/_Nd9OrD3mpi0P9ukPw6aXpEld7A=/fit-in/150x150/filters:no_upscale():origin()/pre00/c21b/th/pre/i/2019/056/3/5/darkness_by_magicstraw-dd0nxfq.jpg" height="96" width="150"/>            <media:thumbnail url="https://t00.deviantart.net/v0O1E4lfhs-JQtbDKlSrhv95Pk4=/fit-in/300x900/filters:no_upscale():origin()/pre00/c21b/th/pre/i/2019/056/3/5/darkness_by_magicstraw-dd0nxfq.jpg" height="192" width="300"/>            <media:thumbnail url="https://t00.deviantart.net/NUF-QAAYnBalJBmhVSj3hmC-BT8=/300x200/filters:fixed_height(100,100):origin()/pre00/c21b/th/pre/i/2019/056/3/5/darkness_by_magicstraw-dd0nxfq.jpg" height="192" width="300"/>            <media:content url="https://pre00.deviantart.net/c21b/th/pre/i/2019/056/3/5/darkness_by_magicstraw-dd0nxfq.jpg" height="714" width="1119" medium="image"/>            
            <description>&lt;br /&gt;&lt;div&gt;&lt;img src=&quot;https://t00.deviantart.net/NUF-QAAYnBalJBmhVSj3hmC-BT8=/300x200/filters:fixed_height(100,100):origin()/pre00/c21b/th/pre/i/2019/056/3/5/darkness_by_magicstraw-dd0nxfq.jpg&quot; alt=&quot;thumbnail&quot; /&gt;&lt;/div&gt;</description>            </item>
                    <item>
                <title>CM- Stocking</title>
                <link>https://superspoe.deviantart.com/art/CM-Stocking-787183185</link>
                <guid isPermaLink="true">https://superspoe.deviantart.com/art/CM-Stocking-787183185</guid>
                <pubDate>Mon, 25 Feb 2019 05:12:39 PST</pubDate>
                        <media:title type="plain">CM- Stocking</media:title>
        <media:keywords></media:keywords>
                        <media:rating>adult</media:rating>
                <media:category label="Drawings">cartoons/digital/cartoons/drawings</media:category>
        <media:credit role="author" scheme="urn:ebu">SuperSpoe</media:credit>
        <media:credit role="author" scheme="urn:ebu">https://a.deviantart.net/avatars/s/u/superspoe.png?9</media:credit>
        <media:copyright url="https://superspoe.deviantart.com">Copyright 2019 SuperSpoe</media:copyright>            <media:description type="html">commission for &lt;a target=&quot;_self&quot; href=&quot;https://www.deviantart.com/crazytail30&quot; &gt;&lt;img class=&quot;avatar&quot; width=&quot;50&quot; height=&quot;50&quot; src=&quot;https://a.deviantart.net/avatars/default.gif&quot; alt=&quot;:iconcrazytail30:&quot; title=&quot;CrazyTail30&quot; /&gt;&lt;/a&gt;</media:description>            <media:thumbnail url="https://t00.deviantart.net/r7KVRVsQkPPsInPMNei1hpRZvoo=/fit-in/150x150/filters:no_upscale():origin()/pre00/d95a/th/pre/i/2019/056/8/3/cm__stocking_by_superspoe-dd0o2fl.png" height="150" width="117"/>            <media:thumbnail url="https://t00.deviantart.net/5ALVecg_PI773WjT4XUABcUlQ2E=/fit-in/300x900/filters:no_upscale():origin()/pre00/d95a/th/pre/i/2019/056/8/3/cm__stocking_by_superspoe-dd0o2fl.png" height="384" width="300"/>            <media:thumbnail url="https://t00.deviantart.net/cAFeXRb9xeAvAkEXT_ETd8y8dlU=/300x200/filters:fixed_height(100,100):origin()/pre00/d95a/th/pre/i/2019/056/8/3/cm__stocking_by_superspoe-dd0o2fl.png" height="200" width="156"/>            <media:content url="https://pre00.deviantart.net/d95a/th/pre/i/2019/056/8/3/cm__stocking_by_superspoe-dd0o2fl.png" height="1012" width="790" medium="image"/>            
            <description>commission for &lt;a target=&quot;_self&quot; href=&quot;https://www.deviantart.com/crazytail30&quot; &gt;&lt;img class=&quot;avatar&quot; width=&quot;50&quot; height=&quot;50&quot; src=&quot;https://a.deviantart.net/avatars/default.gif&quot; alt=&quot;:iconcrazytail30:&quot; title=&quot;CrazyTail30&quot; /&gt;&lt;/a&gt;&lt;br /&gt;&lt;div&gt;&lt;img src=&quot;https://t00.deviantart.net/cAFeXRb9xeAvAkEXT_ETd8y8dlU=/300x200/filters:fixed_height(100,100):origin()/pre00/d95a/th/pre/i/2019/056/8/3/cm__stocking_by_superspoe-dd0o2fl.png&quot; alt=&quot;thumbnail&quot; /&gt;&lt;/div&gt;</description>            </item>
                    <item>
                <title>Morrigain 2.0</title>
                <link>https://kafekafei.deviantart.com/art/Morrigain-2-0-787214399</link>
                <guid isPermaLink="true">https://kafekafei.deviantart.com/art/Morrigain-2-0-787214399</guid>
                <pubDate>Mon, 25 Feb 2019 10:41:55 PST</pubDate>
                        <media:title type="plain">Morrigain 2.0</media:title>
        <media:keywords></media:keywords>
                        <media:rating>nonadult</media:rating>
                <media:category label="Games">fanart/digital/drawings/games</media:category>
        <media:credit role="author" scheme="urn:ebu">KafeKafei</media:credit>
        <media:credit role="author" scheme="urn:ebu">https://a.deviantart.net/avatars/k/a/kafekafei.jpg?15</media:credit>
        <media:copyright url="https://kafekafei.deviantart.com">Copyright 2019 KafeKafei</media:copyright>            <media:description type="html">An older drawing I forgot to upload</media:description>            <media:thumbnail url="https://t00.deviantart.net/mTjCg-_VEQAr1BL7tGlDAWgYtcQ=/fit-in/150x150/filters:no_upscale():origin()/pre00/1419/th/pre/i/2019/056/e/0/morrigain_2_0_by_kafekafei-dd0oqin.png" height="150" width="126"/>            <media:thumbnail url="https://t00.deviantart.net/3GDUDzsFsZRgkvgoctF6eydOe2g=/fit-in/300x900/filters:no_upscale():origin()/pre00/1419/th/pre/i/2019/056/e/0/morrigain_2_0_by_kafekafei-dd0oqin.png" height="358" width="300"/>            <media:thumbnail url="https://t00.deviantart.net/Q50U8aE3E7H5O8ITUla7IFCAXXI=/300x200/filters:fixed_height(100,100):origin()/pre00/1419/th/pre/i/2019/056/e/0/morrigain_2_0_by_kafekafei-dd0oqin.png" height="200" width="168"/>            <media:content url="https://pre00.deviantart.net/1419/th/pre/i/2019/056/e/0/morrigain_2_0_by_kafekafei-dd0oqin.png" height="976" width="818" medium="image"/>            
            <description>An older drawing I forgot to upload&lt;br /&gt;&lt;div&gt;&lt;img src=&quot;https://t00.deviantart.net/Q50U8aE3E7H5O8ITUla7IFCAXXI=/300x200/filters:fixed_height(100,100):origin()/pre00/1419/th/pre/i/2019/056/e/0/morrigain_2_0_by_kafekafei-dd0oqin.png&quot; alt=&quot;thumbnail&quot; /&gt;&lt;/div&gt;</description>            </item>
                    <item>
                <title>One Piece: Nami Shiranui</title>
                <link>https://iurypadilha.deviantart.com/art/One-Piece-Nami-Shiranui-787124393</link>
                <guid isPermaLink="true">https://iurypadilha.deviantart.com/art/One-Piece-Nami-Shiranui-787124393</guid>
                <pubDate>Sun, 24 Feb 2019 17:39:56 PST</pubDate>
                        <media:title type="plain">One Piece: Nami Shiranui</media:title>
        <media:keywords></media:keywords>
                        <media:rating>nonadult</media:rating>
                <media:category label="Books &amp; Novels">fanart/manga/digital/books</media:category>
        <media:credit role="author" scheme="urn:ebu">iurypadilha</media:credit>
        <media:credit role="author" scheme="urn:ebu">https://a.deviantart.net/avatars/i/u/iurypadilha.gif?6</media:credit>
        <media:copyright url="https://iurypadilha.deviantart.com">Copyright 2019 iurypadilha</media:copyright>            <media:description type="html">&lt;div&gt;I had this idea of making Kunoichi Nami in Mai Shiranui&#039;s fighting pose.&lt;/div&gt;&lt;div&gt;&lt;br /&gt;&lt;/div&gt;&lt;div&gt;Facebook page: &lt;a class=&quot;external&quot; href=&quot;https://www.deviantart.com/users/outgoing?https://www.facebook.com/pages/Iury-Padilha-Art/232345560305354&quot;&gt;www.facebook.com/pages/Iury-Pa&amp;#8230;&lt;/a&gt;&lt;br /&gt;&lt;div&gt;Instagram: &lt;a class=&quot;external&quot; href=&quot;https://www.deviantart.com/users/outgoing?https://www.instagram.com/iurypadilha.art/&quot;&gt;www.instagram.com/iurypadilha.&amp;#8230;&lt;/a&gt;&lt;/div&gt;&lt;div&gt;Twitter: &lt;a class=&quot;external&quot; href=&quot;https://www.deviantart.com/users/outgoing?https://twitter.com/iurypadilha&quot;&gt;twitter.com/iurypadilha&lt;/a&gt;&lt;/div&gt;&lt;div&gt;Artstation: &lt;a class=&quot;external&quot; href=&quot;https://www.deviantart.com/users/outgoing?https://www.artstation.com/iurypadilha&quot;&gt;www.artstation.com/iurypadilha&lt;/a&gt;&lt;br /&gt;&lt;/div&gt;&lt;div&gt;Pixiv: &lt;a class=&quot;external&quot; href=&quot;https://www.deviantart.com/users/outgoing?https://www.pixiv.net/member.php?id=9558119&quot;&gt;www.pixiv.net/member.php?id=95&amp;hellip;&lt;/a&gt;&lt;/div&gt;&lt;div&gt;&lt;br /&gt;&lt;/div&gt;&lt;div&gt;more Nami&lt;/div&gt;&lt;div&gt;---------------------&lt;/div&gt;&lt;div&gt;&lt;span class=&quot;shadow-holder&quot; data-embed-type=&quot;deviation&quot; data-embed-id=&quot;786512208&quot; data-embed-format=&quot;thumb&quot;&gt;&lt;span class=&quot;shadow mild&quot; &gt;&lt;a class=&quot;thumb&quot; href=&quot;https://www.deviantart.com/iurypadilha/art/One-Piece-Sun-Wukong-Nami-786512208&quot; title=&quot;One Piece: Sun Wukong Nami by iurypadilha, Feb 20, 2019 in Fan Art &amp;gt; Manga &amp;amp; Anime &amp;gt; Digital &amp;gt; Books &amp;amp; Novels&quot;data-super-img=&quot;https://images-wixmp-ed30a86b8c4ca887773594c2.wixmp.com/intermediary/f/ebd92a16-825c-4214-af3e-3f1d16e89037/dd09opc-dd50a7f6-c851-4274-b686-0747a9ff1b6f.jpg/v1/fill/w_816,h_979,q_70,strp/one_piece__sun_wukong_nami_by_iurypadilha_dd09opc-pre.jpg&quot; data-super-width=&quot;816&quot; data-super-height=&quot;979&quot; data-super-transparent=&quot;false&quot; data-super-alt=&quot;One Piece: Sun Wukong Nami by iurypadilha&quot; data-super-full-img=&quot;https://images-wixmp-ed30a86b8c4ca887773594c2.wixmp.com/intermediary/f/ebd92a16-825c-4214-af3e-3f1d16e89037/dd09opc-dd50a7f6-c851-4274-b686-0747a9ff1b6f.jpg&quot; data-super-full-width=&quot;833&quot; data-super-full-height=&quot;1000&quot;        data-sigil=&quot;thumb&quot;&gt;
        &lt;i&gt;&lt;/i&gt;&lt;img   width=&quot;125&quot; height=&quot;150&quot; alt=&quot;One Piece: Sun Wukong Nami by iurypadilha&quot; src=&quot;https://images-wixmp-ed30a86b8c4ca887773594c2.wixmp.com/intermediary/f/ebd92a16-825c-4214-af3e-3f1d16e89037/dd09opc-dd50a7f6-c851-4274-b686-0747a9ff1b6f.jpg/v1/fit/w_150,h_150,q_70,strp/one_piece__sun_wukong_nami_by_iurypadilha_dd09opc-150.jpg&quot; data-src=&quot;https://images-wixmp-ed30a86b8c4ca887773594c2.wixmp.com/intermediary/f/ebd92a16-825c-4214-af3e-3f1d16e89037/dd09opc-dd50a7f6-c851-4274-b686-0747a9ff1b6f.jpg/v1/fit/w_150,h_150,q_70,strp/one_piece__sun_wukong_nami_by_iurypadilha_dd09opc-150.jpg&quot; srcset=&quot;https://images-wixmp-ed30a86b8c4ca887773594c2.wixmp.com/intermediary/f/ebd92a16-825c-4214-af3e-3f1d16e89037/dd09opc-dd50a7f6-c851-4274-b686-0747a9ff1b6f.jpg/v1/fit/w_150,h_150,q_70,strp/one_piece__sun_wukong_nami_by_iurypadilha_dd09opc-150.jpg 125w,https://images-wixmp-ed30a86b8c4ca887773594c2.wixmp.com/intermediary/f/ebd92a16-825c-4214-af3e-3f1d16e89037/dd09opc-dd50a7f6-c851-4274-b686-0747a9ff1b6f.jpg/v1/fill/w_208,h_250,q_70,strp/one_piece__sun_wukong_nami_by_iurypadilha_dd09opc-250t.jpg 208w,https://images-wixmp-ed30a86b8c4ca887773594c2.wixmp.com/intermediary/f/ebd92a16-825c-4214-af3e-3f1d16e89037/dd09opc-dd50a7f6-c851-4274-b686-0747a9ff1b6f.jpg/v1/crop/w_292,h_350,x_0,y_0,scl_0.35054021608643,q_70,strp/one_piece__sun_wukong_nami_by_iurypadilha_dd09opc-350t.jpg 292w,https://images-wixmp-ed30a86b8c4ca887773594c2.wixmp.com/intermediary/f/ebd92a16-825c-4214-af3e-3f1d16e89037/dd09opc-dd50a7f6-c851-4274-b686-0747a9ff1b6f.jpg/v1/fill/w_333,h_400,q_70,strp/one_piece__sun_wukong_nami_by_iurypadilha_dd09opc-400t.jpg 333w,https://images-wixmp-ed30a86b8c4ca887773594c2.wixmp.com/intermediary/f/ebd92a16-825c-4214-af3e-3f1d16e89037/dd09opc-dd50a7f6-c851-4274-b686-0747a9ff1b6f.jpg/v1/fill/w_816,h_979,q_70,strp/one_piece__sun_wukong_nami_by_iurypadilha_dd09opc-pre.jpg 816w&quot; sizes=&quot;125px&quot;&gt;&lt;/a&gt;&lt;/span&gt;&lt;!-- ^TTT --&gt;&lt;!-- TTT$ --&gt;&lt;/span&gt;&amp;nbsp;&lt;span class=&quot;shadow-holder&quot; data-embed-type=&quot;deviation&quot; data-embed-id=&quot;734794345&quot; data-embed-format=&quot;thumb&quot;&gt;&lt;span class=&quot;shadow mild&quot; &gt;&lt;a class=&quot;thumb&quot; href=&quot;https://www.deviantart.com/iurypadilha/art/Commission-Nami-and-Wanda-734794345&quot; title=&quot;Commission: Nami and Wanda by iurypadilha, Mar 10, 2018 in Fan Art &amp;gt; Manga &amp;amp; Anime &amp;gt; Digital &amp;gt; Books &amp;amp; Novels&quot;data-super-img=&quot;https://images-wixmp-ed30a86b8c4ca887773594c2.wixmp.com/intermediary/f/ebd92a16-825c-4214-af3e-3f1d16e89037/dc5h6y1-66d1beeb-b330-46c7-a322-47cda897191b.jpg/v1/fill/w_752,h_1063,q_70,strp/commission__nami_and_wanda_by_iurypadilha_dc5h6y1-pre.jpg&quot; data-super-width=&quot;752&quot; data-super-height=&quot;1063&quot; data-super-transparent=&quot;false&quot; data-super-alt=&quot;Commission: Nami and Wanda by iurypadilha&quot; data-super-full-img=&quot;https://images-wixmp-ed30a86b8c4ca887773594c2.wixmp.com/intermediary/f/ebd92a16-825c-4214-af3e-3f1d16e89037/dc5h6y1-66d1beeb-b330-46c7-a322-47cda897191b.jpg&quot; data-super-full-width=&quot;778&quot; data-super-full-height=&quot;1100&quot;        data-sigil=&quot;thumb&quot;&gt;
        &lt;i&gt;&lt;/i&gt;&lt;img   width=&quot;106&quot; height=&quot;150&quot; alt=&quot;Commission: Nami and Wanda by iurypadilha&quot; src=&quot;https://images-wixmp-ed30a86b8c4ca887773594c2.wixmp.com/intermediary/f/ebd92a16-825c-4214-af3e-3f1d16e89037/dc5h6y1-66d1beeb-b330-46c7-a322-47cda897191b.jpg/v1/fit/w_150,h_150,q_70,strp/commission__nami_and_wanda_by_iurypadilha_dc5h6y1-150.jpg&quot; data-src=&quot;https://images-wixmp-ed30a86b8c4ca887773594c2.wixmp.com/intermediary/f/ebd92a16-825c-4214-af3e-3f1d16e89037/dc5h6y1-66d1beeb-b330-46c7-a322-47cda897191b.jpg/v1/fit/w_150,h_150,q_70,strp/commission__nami_and_wanda_by_iurypadilha_dc5h6y1-150.jpg&quot; srcset=&quot;https://images-wixmp-ed30a86b8c4ca887773594c2.wixmp.com/intermediary/f/ebd92a16-825c-4214-af3e-3f1d16e89037/dc5h6y1-66d1beeb-b330-46c7-a322-47cda897191b.jpg/v1/fit/w_150,h_150,q_70,strp/commission__nami_and_wanda_by_iurypadilha_dc5h6y1-150.jpg 106w,https://images-wixmp-ed30a86b8c4ca887773594c2.wixmp.com/intermediary/f/ebd92a16-825c-4214-af3e-3f1d16e89037/dc5h6y1-66d1beeb-b330-46c7-a322-47cda897191b.jpg/v1/fill/w_177,h_250,q_70,strp/commission__nami_and_wanda_by_iurypadilha_dc5h6y1-250t.jpg 177w,https://images-wixmp-ed30a86b8c4ca887773594c2.wixmp.com/intermediary/f/ebd92a16-825c-4214-af3e-3f1d16e89037/dc5h6y1-66d1beeb-b330-46c7-a322-47cda897191b.jpg/v1/crop/w_248,h_350,x_0,y_0,scl_0.31876606683805,q_70,strp/commission__nami_and_wanda_by_iurypadilha_dc5h6y1-350t.jpg 248w,https://images-wixmp-ed30a86b8c4ca887773594c2.wixmp.com/intermediary/f/ebd92a16-825c-4214-af3e-3f1d16e89037/dc5h6y1-66d1beeb-b330-46c7-a322-47cda897191b.jpg/v1/fill/w_283,h_400,q_70,strp/commission__nami_and_wanda_by_iurypadilha_dc5h6y1-400t.jpg 283w,https://images-wixmp-ed30a86b8c4ca887773594c2.wixmp.com/intermediary/f/ebd92a16-825c-4214-af3e-3f1d16e89037/dc5h6y1-66d1beeb-b330-46c7-a322-47cda897191b.jpg/v1/fill/w_752,h_1063,q_70,strp/commission__nami_and_wanda_by_iurypadilha_dc5h6y1-pre.jpg 752w&quot; sizes=&quot;106px&quot;&gt;&lt;/a&gt;&lt;/span&gt;&lt;!-- ^TTT --&gt;&lt;!-- TTT$ --&gt;&lt;/span&gt;&amp;nbsp;&amp;nbsp;&lt;span class=&quot;shadow-holder&quot; data-embed-type=&quot;deviation&quot; data-embed-id=&quot;782308254&quot; data-embed-format=&quot;thumb&quot;&gt;&lt;span class=&quot;shadow mild&quot; &gt;&lt;a class=&quot;thumb&quot; href=&quot;https://www.deviantart.com/iurypadilha/art/Commission-Nami-burlesque-782308254&quot; title=&quot;Commission: Nami burlesque by iurypadilha, Jan 22, 2019 in Fan Art &amp;gt; Manga &amp;amp; Anime &amp;gt; Digital &amp;gt; Books &amp;amp; Novels&quot;data-super-img=&quot;https://images-wixmp-ed30a86b8c4ca887773594c2.wixmp.com/intermediary/f/ebd92a16-825c-4214-af3e-3f1d16e89037/dcxrkwu-4b57abd5-6aa9-4e24-917b-05c1e44f5d7d.jpg&quot; data-super-width=&quot;666&quot; data-super-height=&quot;1000&quot; data-super-transparent=&quot;false&quot; data-super-alt=&quot;Commission: Nami burlesque by iurypadilha&quot; data-super-full-img=&quot;https://images-wixmp-ed30a86b8c4ca887773594c2.wixmp.com/intermediary/f/ebd92a16-825c-4214-af3e-3f1d16e89037/dcxrkwu-4b57abd5-6aa9-4e24-917b-05c1e44f5d7d.jpg&quot; data-super-full-width=&quot;666&quot; data-super-full-height=&quot;1000&quot;        data-sigil=&quot;thumb&quot;&gt;
        &lt;i&gt;&lt;/i&gt;&lt;img   width=&quot;100&quot; height=&quot;150&quot; alt=&quot;Commission: Nami burlesque by iurypadilha&quot; src=&quot;https://images-wixmp-ed30a86b8c4ca887773594c2.wixmp.com/intermediary/f/ebd92a16-825c-4214-af3e-3f1d16e89037/dcxrkwu-4b57abd5-6aa9-4e24-917b-05c1e44f5d7d.jpg/v1/fit/w_150,h_150,q_70,strp/commission__nami_burlesque_by_iurypadilha_dcxrkwu-150.jpg&quot; data-src=&quot;https://images-wixmp-ed30a86b8c4ca887773594c2.wixmp.com/intermediary/f/ebd92a16-825c-4214-af3e-3f1d16e89037/dcxrkwu-4b57abd5-6aa9-4e24-917b-05c1e44f5d7d.jpg/v1/fit/w_150,h_150,q_70,strp/commission__nami_burlesque_by_iurypadilha_dcxrkwu-150.jpg&quot; srcset=&quot;https://images-wixmp-ed30a86b8c4ca887773594c2.wixmp.com/intermediary/f/ebd92a16-825c-4214-af3e-3f1d16e89037/dcxrkwu-4b57abd5-6aa9-4e24-917b-05c1e44f5d7d.jpg/v1/fit/w_150,h_150,q_70,strp/commission__nami_burlesque_by_iurypadilha_dcxrkwu-150.jpg 100w,https://images-wixmp-ed30a86b8c4ca887773594c2.wixmp.com/intermediary/f/ebd92a16-825c-4214-af3e-3f1d16e89037/dcxrkwu-4b57abd5-6aa9-4e24-917b-05c1e44f5d7d.jpg/v1/crop/w_167,h_250,x_0,y_0,scl_0.25075075075075,q_70,strp/commission__nami_burlesque_by_iurypadilha_dcxrkwu-250t.jpg 167w,https://images-wixmp-ed30a86b8c4ca887773594c2.wixmp.com/intermediary/f/ebd92a16-825c-4214-af3e-3f1d16e89037/dcxrkwu-4b57abd5-6aa9-4e24-917b-05c1e44f5d7d.jpg/v1/fill/w_233,h_350,q_70,strp/commission__nami_burlesque_by_iurypadilha_dcxrkwu-350t.jpg 233w,https://images-wixmp-ed30a86b8c4ca887773594c2.wixmp.com/intermediary/f/ebd92a16-825c-4214-af3e-3f1d16e89037/dcxrkwu-4b57abd5-6aa9-4e24-917b-05c1e44f5d7d.jpg/v1/crop/w_266,h_400,x_0,y_0,scl_0.4009009009009,q_70,strp/commission__nami_burlesque_by_iurypadilha_dcxrkwu-400t.jpg 266w,https://images-wixmp-ed30a86b8c4ca887773594c2.wixmp.com/intermediary/f/ebd92a16-825c-4214-af3e-3f1d16e89037/dcxrkwu-4b57abd5-6aa9-4e24-917b-05c1e44f5d7d.jpg 666w&quot; sizes=&quot;100px&quot;&gt;&lt;/a&gt;&lt;/span&gt;&lt;!-- ^TTT --&gt;&lt;!-- TTT$ --&gt;&lt;/span&gt;&amp;nbsp;&lt;span class=&quot;shadow-holder&quot; data-embed-type=&quot;deviation&quot; data-embed-id=&quot;781958370&quot; data-embed-format=&quot;thumb&quot;&gt;&lt;span class=&quot;shadow mild&quot; &gt;&lt;a class=&quot;thumb&quot; href=&quot;https://www.deviantart.com/iurypadilha/art/Commisson-Nami-Moulin-Rouge-781958370&quot; title=&quot;Commisson: Nami Moulin Rouge by iurypadilha, Jan 20, 2019 in Fan Art &amp;gt; Manga &amp;amp; Anime &amp;gt; Digital &amp;gt; Books &amp;amp; Novels&quot;data-super-img=&quot;https://images-wixmp-ed30a86b8c4ca887773594c2.wixmp.com/intermediary/f/ebd92a16-825c-4214-af3e-3f1d16e89037/dcxk2xu-bb61f99c-d703-4006-8979-4bda1ad32766.jpg/v1/fill/w_730,h_1095,q_70,strp/commisson__nami_moulin_rouge_by_iurypadilha_dcxk2xu-pre.jpg&quot; data-super-width=&quot;730&quot; data-super-height=&quot;1095&quot; data-super-transparent=&quot;false&quot; data-super-alt=&quot;Commisson: Nami Moulin Rouge by iurypadilha&quot; data-super-full-img=&quot;https://images-wixmp-ed30a86b8c4ca887773594c2.wixmp.com/intermediary/f/ebd92a16-825c-4214-af3e-3f1d16e89037/dcxk2xu-bb61f99c-d703-4006-8979-4bda1ad32766.jpg&quot; data-super-full-width=&quot;733&quot; data-super-full-height=&quot;1100&quot;        data-sigil=&quot;thumb&quot;&gt;
        &lt;i&gt;&lt;/i&gt;&lt;img   width=&quot;100&quot; height=&quot;150&quot; alt=&quot;Commisson: Nami Moulin Rouge by iurypadilha&quot; src=&quot;https://images-wixmp-ed30a86b8c4ca887773594c2.wixmp.com/intermediary/f/ebd92a16-825c-4214-af3e-3f1d16e89037/dcxk2xu-bb61f99c-d703-4006-8979-4bda1ad32766.jpg/v1/fit/w_150,h_150,q_70,strp/commisson__nami_moulin_rouge_by_iurypadilha_dcxk2xu-150.jpg&quot; data-src=&quot;https://images-wixmp-ed30a86b8c4ca887773594c2.wixmp.com/intermediary/f/ebd92a16-825c-4214-af3e-3f1d16e89037/dcxk2xu-bb61f99c-d703-4006-8979-4bda1ad32766.jpg/v1/fit/w_150,h_150,q_70,strp/commisson__nami_moulin_rouge_by_iurypadilha_dcxk2xu-150.jpg&quot; srcset=&quot;https://images-wixmp-ed30a86b8c4ca887773594c2.wixmp.com/intermediary/f/ebd92a16-825c-4214-af3e-3f1d16e89037/dcxk2xu-bb61f99c-d703-4006-8979-4bda1ad32766.jpg/v1/fit/w_150,h_150,q_70,strp/commisson__nami_moulin_rouge_by_iurypadilha_dcxk2xu-150.jpg 100w,https://images-wixmp-ed30a86b8c4ca887773594c2.wixmp.com/intermediary/f/ebd92a16-825c-4214-af3e-3f1d16e89037/dcxk2xu-bb61f99c-d703-4006-8979-4bda1ad32766.jpg/v1/crop/w_167,h_250,x_0,y_0,scl_0.22783083219645,q_70,strp/commisson__nami_moulin_rouge_by_iurypadilha_dcxk2xu-250t.jpg 167w,https://images-wixmp-ed30a86b8c4ca887773594c2.wixmp.com/intermediary/f/ebd92a16-825c-4214-af3e-3f1d16e89037/dcxk2xu-bb61f99c-d703-4006-8979-4bda1ad32766.jpg/v1/fill/w_233,h_350,q_70,strp/commisson__nami_moulin_rouge_by_iurypadilha_dcxk2xu-350t.jpg 233w,https://images-wixmp-ed30a86b8c4ca887773594c2.wixmp.com/intermediary/f/ebd92a16-825c-4214-af3e-3f1d16e89037/dcxk2xu-bb61f99c-d703-4006-8979-4bda1ad32766.jpg/v1/crop/w_267,h_400,x_0,y_0,scl_0.36425648021828,q_70,strp/commisson__nami_moulin_rouge_by_iurypadilha_dcxk2xu-400t.jpg 267w,https://images-wixmp-ed30a86b8c4ca887773594c2.wixmp.com/intermediary/f/ebd92a16-825c-4214-af3e-3f1d16e89037/dcxk2xu-bb61f99c-d703-4006-8979-4bda1ad32766.jpg/v1/fill/w_730,h_1095,q_70,strp/commisson__nami_moulin_rouge_by_iurypadilha_dcxk2xu-pre.jpg 730w&quot; sizes=&quot;100px&quot;&gt;&lt;/a&gt;&lt;/span&gt;&lt;!-- ^TTT --&gt;&lt;!-- TTT$ --&gt;&lt;/span&gt;&amp;nbsp;&lt;span class=&quot;shadow-holder&quot; data-embed-type=&quot;deviation&quot; data-embed-id=&quot;748803992&quot; data-embed-format=&quot;thumb&quot;&gt;&lt;span class=&quot;shadow mild&quot; &gt;&lt;a class=&quot;thumb&quot; href=&quot;https://www.deviantart.com/iurypadilha/art/One-Piece-Nami-at-Zou-748803992&quot; title=&quot;One Piece: Nami at Zou by iurypadilha, Jun 8, 2018 in Fan Art &amp;gt; Manga &amp;amp; Anime &amp;gt; Digital &amp;gt; Books &amp;amp; Novels&quot;data-super-img=&quot;https://images-wixmp-ed30a86b8c4ca887773594c2.wixmp.com/intermediary/f/ebd92a16-825c-4214-af3e-3f1d16e89037/dcdtguw-3d5f3272-80f7-464e-8b2e-ddfeabfc1a55.jpg/v1/fill/w_730,h_1095,q_70,strp/one_piece__nami_at_zou_by_iurypadilha_dcdtguw-pre.jpg&quot; data-super-width=&quot;730&quot; data-super-height=&quot;1095&quot; data-super-transparent=&quot;false&quot; data-super-alt=&quot;One Piece: Nami at Zou by iurypadilha&quot; data-super-full-img=&quot;https://images-wixmp-ed30a86b8c4ca887773594c2.wixmp.com/intermediary/f/ebd92a16-825c-4214-af3e-3f1d16e89037/dcdtguw-3d5f3272-80f7-464e-8b2e-ddfeabfc1a55.jpg&quot; data-super-full-width=&quot;733&quot; data-super-full-height=&quot;1100&quot;        data-sigil=&quot;thumb&quot;&gt;
        &lt;i&gt;&lt;/i&gt;&lt;img   width=&quot;100&quot; height=&quot;150&quot; alt=&quot;One Piece: Nami at Zou by iurypadilha&quot; src=&quot;https://images-wixmp-ed30a86b8c4ca887773594c2.wixmp.com/intermediary/f/ebd92a16-825c-4214-af3e-3f1d16e89037/dcdtguw-3d5f3272-80f7-464e-8b2e-ddfeabfc1a55.jpg/v1/fit/w_150,h_150,q_70,strp/one_piece__nami_at_zou_by_iurypadilha_dcdtguw-150.jpg&quot; data-src=&quot;https://images-wixmp-ed30a86b8c4ca887773594c2.wixmp.com/intermediary/f/ebd92a16-825c-4214-af3e-3f1d16e89037/dcdtguw-3d5f3272-80f7-464e-8b2e-ddfeabfc1a55.jpg/v1/fit/w_150,h_150,q_70,strp/one_piece__nami_at_zou_by_iurypadilha_dcdtguw-150.jpg&quot; srcset=&quot;https://images-wixmp-ed30a86b8c4ca887773594c2.wixmp.com/intermediary/f/ebd92a16-825c-4214-af3e-3f1d16e89037/dcdtguw-3d5f3272-80f7-464e-8b2e-ddfeabfc1a55.jpg/v1/fit/w_150,h_150,q_70,strp/one_piece__nami_at_zou_by_iurypadilha_dcdtguw-150.jpg 100w,https://images-wixmp-ed30a86b8c4ca887773594c2.wixmp.com/intermediary/f/ebd92a16-825c-4214-af3e-3f1d16e89037/dcdtguw-3d5f3272-80f7-464e-8b2e-ddfeabfc1a55.jpg/v1/crop/w_167,h_250,x_0,y_0,scl_0.22783083219645,q_70,strp/one_piece__nami_at_zou_by_iurypadilha_dcdtguw-250t.jpg 167w,https://images-wixmp-ed30a86b8c4ca887773594c2.wixmp.com/intermediary/f/ebd92a16-825c-4214-af3e-3f1d16e89037/dcdtguw-3d5f3272-80f7-464e-8b2e-ddfeabfc1a55.jpg/v1/fill/w_233,h_350,q_70,strp/one_piece__nami_at_zou_by_iurypadilha_dcdtguw-350t.jpg 233w,https://images-wixmp-ed30a86b8c4ca887773594c2.wixmp.com/intermediary/f/ebd92a16-825c-4214-af3e-3f1d16e89037/dcdtguw-3d5f3272-80f7-464e-8b2e-ddfeabfc1a55.jpg/v1/crop/w_267,h_400,x_0,y_0,scl_0.36425648021828,q_70,strp/one_piece__nami_at_zou_by_iurypadilha_dcdtguw-400t.jpg 267w,https://images-wixmp-ed30a86b8c4ca887773594c2.wixmp.com/intermediary/f/ebd92a16-825c-4214-af3e-3f1d16e89037/dcdtguw-3d5f3272-80f7-464e-8b2e-ddfeabfc1a55.jpg/v1/fill/w_730,h_1095,q_70,strp/one_piece__nami_at_zou_by_iurypadilha_dcdtguw-pre.jpg 730w&quot; sizes=&quot;100px&quot;&gt;&lt;/a&gt;&lt;/span&gt;&lt;!-- ^TTT --&gt;&lt;!-- TTT$ --&gt;&lt;/span&gt;&amp;nbsp;&lt;span class=&quot;shadow-holder&quot; data-embed-type=&quot;deviation&quot; data-embed-id=&quot;738219636&quot; data-embed-format=&quot;thumb&quot;&gt;&lt;span class=&quot;shadow mild&quot; &gt;&lt;a class=&quot;thumb&quot; href=&quot;https://www.deviantart.com/iurypadilha/art/One-Piece-Nami-Flag-Diamond-Ship-738219636&quot; title=&quot;One Piece: Nami Flag Diamond Ship by iurypadilha, Mar 31, 2018 in Fan Art &amp;gt; Manga &amp;amp; Anime &amp;gt; Digital &amp;gt; Books &amp;amp; Novels&quot;data-super-img=&quot;https://images-wixmp-ed30a86b8c4ca887773594c2.wixmp.com/intermediary/f/ebd92a16-825c-4214-af3e-3f1d16e89037/dc7ilx0-e365d385-07b8-4f95-b5fd-4236a30b4cf9.jpg/v1/fill/w_730,h_1095,q_70,strp/one_piece__nami_flag_diamond_ship_by_iurypadilha_dc7ilx0-pre.jpg&quot; data-super-width=&quot;730&quot; data-super-height=&quot;1095&quot; data-super-transparent=&quot;false&quot; data-super-alt=&quot;One Piece: Nami Flag Diamond Ship by iurypadilha&quot; data-super-full-img=&quot;https://images-wixmp-ed30a86b8c4ca887773594c2.wixmp.com/intermediary/f/ebd92a16-825c-4214-af3e-3f1d16e89037/dc7ilx0-e365d385-07b8-4f95-b5fd-4236a30b4cf9.jpg&quot; data-super-full-width=&quot;733&quot; data-super-full-height=&quot;1100&quot;        data-sigil=&quot;thumb&quot;&gt;
        &lt;i&gt;&lt;/i&gt;&lt;img   width=&quot;100&quot; height=&quot;150&quot; alt=&quot;One Piece: Nami Flag Diamond Ship by iurypadilha&quot; src=&quot;https://images-wixmp-ed30a86b8c4ca887773594c2.wixmp.com/intermediary/f/ebd92a16-825c-4214-af3e-3f1d16e89037/dc7ilx0-e365d385-07b8-4f95-b5fd-4236a30b4cf9.jpg/v1/fit/w_150,h_150,q_70,strp/one_piece__nami_flag_diamond_ship_by_iurypadilha_dc7ilx0-150.jpg&quot; data-src=&quot;https://images-wixmp-ed30a86b8c4ca887773594c2.wixmp.com/intermediary/f/ebd92a16-825c-4214-af3e-3f1d16e89037/dc7ilx0-e365d385-07b8-4f95-b5fd-4236a30b4cf9.jpg/v1/fit/w_150,h_150,q_70,strp/one_piece__nami_flag_diamond_ship_by_iurypadilha_dc7ilx0-150.jpg&quot; srcset=&quot;https://images-wixmp-ed30a86b8c4ca887773594c2.wixmp.com/intermediary/f/ebd92a16-825c-4214-af3e-3f1d16e89037/dc7ilx0-e365d385-07b8-4f95-b5fd-4236a30b4cf9.jpg/v1/fit/w_150,h_150,q_70,strp/one_piece__nami_flag_diamond_ship_by_iurypadilha_dc7ilx0-150.jpg 100w,https://images-wixmp-ed30a86b8c4ca887773594c2.wixmp.com/intermediary/f/ebd92a16-825c-4214-af3e-3f1d16e89037/dc7ilx0-e365d385-07b8-4f95-b5fd-4236a30b4cf9.jpg/v1/crop/w_167,h_250,x_0,y_0,scl_0.22783083219645,q_70,strp/one_piece__nami_flag_diamond_ship_by_iurypadilha_dc7ilx0-250t.jpg 167w,https://images-wixmp-ed30a86b8c4ca887773594c2.wixmp.com/intermediary/f/ebd92a16-825c-4214-af3e-3f1d16e89037/dc7ilx0-e365d385-07b8-4f95-b5fd-4236a30b4cf9.jpg/v1/fill/w_233,h_350,q_70,strp/one_piece__nami_flag_diamond_ship_by_iurypadilha_dc7ilx0-350t.jpg 233w,https://images-wixmp-ed30a86b8c4ca887773594c2.wixmp.com/intermediary/f/ebd92a16-825c-4214-af3e-3f1d16e89037/dc7ilx0-e365d385-07b8-4f95-b5fd-4236a30b4cf9.jpg/v1/crop/w_267,h_400,x_0,y_0,scl_0.36425648021828,q_70,strp/one_piece__nami_flag_diamond_ship_by_iurypadilha_dc7ilx0-400t.jpg 267w,https://images-wixmp-ed30a86b8c4ca887773594c2.wixmp.com/intermediary/f/ebd92a16-825c-4214-af3e-3f1d16e89037/dc7ilx0-e365d385-07b8-4f95-b5fd-4236a30b4cf9.jpg/v1/fill/w_730,h_1095,q_70,strp/one_piece__nami_flag_diamond_ship_by_iurypadilha_dc7ilx0-pre.jpg 730w&quot; sizes=&quot;100px&quot;&gt;&lt;/a&gt;&lt;/span&gt;&lt;!-- ^TTT --&gt;&lt;!-- TTT$ --&gt;&lt;/span&gt;&amp;nbsp;&lt;br /&gt;&lt;/div&gt;&lt;/div&gt;</media:description>            <media:thumbnail url="https://t00.deviantart.net/qemAGHh2OwnMZfqp45CbVdSqPzE=/fit-in/150x150/filters:no_upscale():origin()/pre00/1445/th/pre/f/2019/055/d/9/one_piece__nami_shiranui_by_iurypadilha-dd0mt2h.jpg" height="150" width="125"/>            <media:thumbnail url="https://t00.deviantart.net/Qlk5xssN2cxUAsIPUfTxEgPcwmI=/fit-in/300x900/filters:no_upscale():origin()/pre00/1445/th/pre/f/2019/055/d/9/one_piece__nami_shiranui_by_iurypadilha-dd0mt2h.jpg" height="360" width="300"/>            <media:thumbnail url="https://t00.deviantart.net/2xTAlpZ8xZPe7nKgokZwZvlytrw=/300x200/filters:fixed_height(100,100):origin()/pre00/1445/th/pre/f/2019/055/d/9/one_piece__nami_shiranui_by_iurypadilha-dd0mt2h.jpg" height="200" width="167"/>            <media:content url="https://pre00.deviantart.net/1445/th/pre/f/2019/055/d/9/one_piece__nami_shiranui_by_iurypadilha-dd0mt2h.jpg" height="979" width="816" medium="image"/>            
            <description>&lt;div&gt;I had this idea of making Kunoichi Nami in Mai Shiranui&#039;s fighting pose.&lt;/div&gt;&lt;div&gt;&lt;br /&gt;&lt;/div&gt;&lt;div&gt;Facebook page: &lt;a class=&quot;external&quot; href=&quot;https://www.deviantart.com/users/outgoing?https://www.facebook.com/pages/Iury-Padilha-Art/232345560305354&quot;&gt;www.facebook.com/pages/Iury-Pa&amp;#8230;&lt;/a&gt;&lt;br /&gt;&lt;div&gt;Instagram: &lt;a class=&quot;external&quot; href=&quot;https://www.deviantart.com/users/outgoing?https://www.instagram.com/iurypadilha.art/&quot;&gt;www.instagram.com/iurypadilha.&amp;#8230;&lt;/a&gt;&lt;/div&gt;&lt;div&gt;Twitter: &lt;a class=&quot;external&quot; href=&quot;https://www.deviantart.com/users/outgoing?https://twitter.com/iurypadilha&quot;&gt;twitter.com/iurypadilha&lt;/a&gt;&lt;/div&gt;&lt;div&gt;Artstation: &lt;a class=&quot;external&quot; href=&quot;https://www.deviantart.com/users/outgoing?https://www.artstation.com/iurypadilha&quot;&gt;www.artstation.com/iurypadilha&lt;/a&gt;&lt;br /&gt;&lt;/div&gt;&lt;div&gt;Pixiv: &lt;a class=&quot;external&quot; href=&quot;https://www.deviantart.com/users/outgoing?https://www.pixiv.net/member.php?id=9558119&quot;&gt;www.pixiv.net/member.php?id=95&amp;hellip;&lt;/a&gt;&lt;/div&gt;&lt;div&gt;&lt;br /&gt;&lt;/div&gt;&lt;div&gt;more Nami&lt;/div&gt;&lt;div&gt;---------------------&lt;/div&gt;&lt;div&gt;&lt;span class=&quot;shadow-holder&quot; data-embed-type=&quot;deviation&quot; data-embed-id=&quot;786512208&quot; data-embed-format=&quot;thumb&quot;&gt;&lt;span class=&quot;shadow mild&quot; &gt;&lt;a class=&quot;thumb&quot; href=&quot;https://www.deviantart.com/iurypadilha/art/One-Piece-Sun-Wukong-Nami-786512208&quot; title=&quot;One Piece: Sun Wukong Nami by iurypadilha, Feb 20, 2019 in Fan Art &amp;gt; Manga &amp;amp; Anime &amp;gt; Digital &amp;gt; Books &amp;amp; Novels&quot;data-super-img=&quot;https://images-wixmp-ed30a86b8c4ca887773594c2.wixmp.com/intermediary/f/ebd92a16-825c-4214-af3e-3f1d16e89037/dd09opc-dd50a7f6-c851-4274-b686-0747a9ff1b6f.jpg/v1/fill/w_816,h_979,q_70,strp/one_piece__sun_wukong_nami_by_iurypadilha_dd09opc-pre.jpg&quot; data-super-width=&quot;816&quot; data-super-height=&quot;979&quot; data-super-transparent=&quot;false&quot; data-super-alt=&quot;One Piece: Sun Wukong Nami by iurypadilha&quot; data-super-full-img=&quot;https://images-wixmp-ed30a86b8c4ca887773594c2.wixmp.com/intermediary/f/ebd92a16-825c-4214-af3e-3f1d16e89037/dd09opc-dd50a7f6-c851-4274-b686-0747a9ff1b6f.jpg&quot; data-super-full-width=&quot;833&quot; data-super-full-height=&quot;1000&quot;        data-sigil=&quot;thumb&quot;&gt;
        &lt;i&gt;&lt;/i&gt;&lt;img   width=&quot;125&quot; height=&quot;150&quot; alt=&quot;One Piece: Sun Wukong Nami by iurypadilha&quot; src=&quot;https://images-wixmp-ed30a86b8c4ca887773594c2.wixmp.com/intermediary/f/ebd92a16-825c-4214-af3e-3f1d16e89037/dd09opc-dd50a7f6-c851-4274-b686-0747a9ff1b6f.jpg/v1/fit/w_150,h_150,q_70,strp/one_piece__sun_wukong_nami_by_iurypadilha_dd09opc-150.jpg&quot; data-src=&quot;https://images-wixmp-ed30a86b8c4ca887773594c2.wixmp.com/intermediary/f/ebd92a16-825c-4214-af3e-3f1d16e89037/dd09opc-dd50a7f6-c851-4274-b686-0747a9ff1b6f.jpg/v1/fit/w_150,h_150,q_70,strp/one_piece__sun_wukong_nami_by_iurypadilha_dd09opc-150.jpg&quot; srcset=&quot;https://images-wixmp-ed30a86b8c4ca887773594c2.wixmp.com/intermediary/f/ebd92a16-825c-4214-af3e-3f1d16e89037/dd09opc-dd50a7f6-c851-4274-b686-0747a9ff1b6f.jpg/v1/fit/w_150,h_150,q_70,strp/one_piece__sun_wukong_nami_by_iurypadilha_dd09opc-150.jpg 125w,https://images-wixmp-ed30a86b8c4ca887773594c2.wixmp.com/intermediary/f/ebd92a16-825c-4214-af3e-3f1d16e89037/dd09opc-dd50a7f6-c851-4274-b686-0747a9ff1b6f.jpg/v1/fill/w_208,h_250,q_70,strp/one_piece__sun_wukong_nami_by_iurypadilha_dd09opc-250t.jpg 208w,https://images-wixmp-ed30a86b8c4ca887773594c2.wixmp.com/intermediary/f/ebd92a16-825c-4214-af3e-3f1d16e89037/dd09opc-dd50a7f6-c851-4274-b686-0747a9ff1b6f.jpg/v1/crop/w_292,h_350,x_0,y_0,scl_0.35054021608643,q_70,strp/one_piece__sun_wukong_nami_by_iurypadilha_dd09opc-350t.jpg 292w,https://images-wixmp-ed30a86b8c4ca887773594c2.wixmp.com/intermediary/f/ebd92a16-825c-4214-af3e-3f1d16e89037/dd09opc-dd50a7f6-c851-4274-b686-0747a9ff1b6f.jpg/v1/fill/w_333,h_400,q_70,strp/one_piece__sun_wukong_nami_by_iurypadilha_dd09opc-400t.jpg 333w,https://images-wixmp-ed30a86b8c4ca887773594c2.wixmp.com/intermediary/f/ebd92a16-825c-4214-af3e-3f1d16e89037/dd09opc-dd50a7f6-c851-4274-b686-0747a9ff1b6f.jpg/v1/fill/w_816,h_979,q_70,strp/one_piece__sun_wukong_nami_by_iurypadilha_dd09opc-pre.jpg 816w&quot; sizes=&quot;125px&quot;&gt;&lt;/a&gt;&lt;/span&gt;&lt;!-- ^TTT --&gt;&lt;!-- TTT$ --&gt;&lt;/span&gt;&amp;nbsp;&lt;span class=&quot;shadow-holder&quot; data-embed-type=&quot;deviation&quot; data-embed-id=&quot;734794345&quot; data-embed-format=&quot;thumb&quot;&gt;&lt;span class=&quot;shadow mild&quot; &gt;&lt;a class=&quot;thumb&quot; href=&quot;https://www.deviantart.com/iurypadilha/art/Commission-Nami-and-Wanda-734794345&quot; title=&quot;Commission: Nami and Wanda by iurypadilha, Mar 10, 2018 in Fan Art &amp;gt; Manga &amp;amp; Anime &amp;gt; Digital &amp;gt; Books &amp;amp; Novels&quot;data-super-img=&quot;https://images-wixmp-ed30a86b8c4ca887773594c2.wixmp.com/intermediary/f/ebd92a16-825c-4214-af3e-3f1d16e89037/dc5h6y1-66d1beeb-b330-46c7-a322-47cda897191b.jpg/v1/fill/w_752,h_1063,q_70,strp/commission__nami_and_wanda_by_iurypadilha_dc5h6y1-pre.jpg&quot; data-super-width=&quot;752&quot; data-super-height=&quot;1063&quot; data-super-transparent=&quot;false&quot; data-super-alt=&quot;Commission: Nami and Wanda by iurypadilha&quot; data-super-full-img=&quot;https://images-wixmp-ed30a86b8c4ca887773594c2.wixmp.com/intermediary/f/ebd92a16-825c-4214-af3e-3f1d16e89037/dc5h6y1-66d1beeb-b330-46c7-a322-47cda897191b.jpg&quot; data-super-full-width=&quot;778&quot; data-super-full-height=&quot;1100&quot;        data-sigil=&quot;thumb&quot;&gt;
        &lt;i&gt;&lt;/i&gt;&lt;img   width=&quot;106&quot; height=&quot;150&quot; alt=&quot;Commission: Nami and Wanda by iurypadilha&quot; src=&quot;https://images-wixmp-ed30a86b8c4ca887773594c2.wixmp.com/intermediary/f/ebd92a16-825c-4214-af3e-3f1d16e89037/dc5h6y1-66d1beeb-b330-46c7-a322-47cda897191b.jpg/v1/fit/w_150,h_150,q_70,strp/commission__nami_and_wanda_by_iurypadilha_dc5h6y1-150.jpg&quot; data-src=&quot;https://images-wixmp-ed30a86b8c4ca887773594c2.wixmp.com/intermediary/f/ebd92a16-825c-4214-af3e-3f1d16e89037/dc5h6y1-66d1beeb-b330-46c7-a322-47cda897191b.jpg/v1/fit/w_150,h_150,q_70,strp/commission__nami_and_wanda_by_iurypadilha_dc5h6y1-150.jpg&quot; srcset=&quot;https://images-wixmp-ed30a86b8c4ca887773594c2.wixmp.com/intermediary/f/ebd92a16-825c-4214-af3e-3f1d16e89037/dc5h6y1-66d1beeb-b330-46c7-a322-47cda897191b.jpg/v1/fit/w_150,h_150,q_70,strp/commission__nami_and_wanda_by_iurypadilha_dc5h6y1-150.jpg 106w,https://images-wixmp-ed30a86b8c4ca887773594c2.wixmp.com/intermediary/f/ebd92a16-825c-4214-af3e-3f1d16e89037/dc5h6y1-66d1beeb-b330-46c7-a322-47cda897191b.jpg/v1/fill/w_177,h_250,q_70,strp/commission__nami_and_wanda_by_iurypadilha_dc5h6y1-250t.jpg 177w,https://images-wixmp-ed30a86b8c4ca887773594c2.wixmp.com/intermediary/f/ebd92a16-825c-4214-af3e-3f1d16e89037/dc5h6y1-66d1beeb-b330-46c7-a322-47cda897191b.jpg/v1/crop/w_248,h_350,x_0,y_0,scl_0.31876606683805,q_70,strp/commission__nami_and_wanda_by_iurypadilha_dc5h6y1-350t.jpg 248w,https://images-wixmp-ed30a86b8c4ca887773594c2.wixmp.com/intermediary/f/ebd92a16-825c-4214-af3e-3f1d16e89037/dc5h6y1-66d1beeb-b330-46c7-a322-47cda897191b.jpg/v1/fill/w_283,h_400,q_70,strp/commission__nami_and_wanda_by_iurypadilha_dc5h6y1-400t.jpg 283w,https://images-wixmp-ed30a86b8c4ca887773594c2.wixmp.com/intermediary/f/ebd92a16-825c-4214-af3e-3f1d16e89037/dc5h6y1-66d1beeb-b330-46c7-a322-47cda897191b.jpg/v1/fill/w_752,h_1063,q_70,strp/commission__nami_and_wanda_by_iurypadilha_dc5h6y1-pre.jpg 752w&quot; sizes=&quot;106px&quot;&gt;&lt;/a&gt;&lt;/span&gt;&lt;!-- ^TTT --&gt;&lt;!-- TTT$ --&gt;&lt;/span&gt;&amp;nbsp;&amp;nbsp;&lt;span class=&quot;shadow-holder&quot; data-embed-type=&quot;deviation&quot; data-embed-id=&quot;782308254&quot; data-embed-format=&quot;thumb&quot;&gt;&lt;span class=&quot;shadow mild&quot; &gt;&lt;a class=&quot;thumb&quot; href=&quot;https://www.deviantart.com/iurypadilha/art/Commission-Nami-burlesque-782308254&quot; title=&quot;Commission: Nami burlesque by iurypadilha, Jan 22, 2019 in Fan Art &amp;gt; Manga &amp;amp; Anime &amp;gt; Digital &amp;gt; Books &amp;amp; Novels&quot;data-super-img=&quot;https://images-wixmp-ed30a86b8c4ca887773594c2.wixmp.com/intermediary/f/ebd92a16-825c-4214-af3e-3f1d16e89037/dcxrkwu-4b57abd5-6aa9-4e24-917b-05c1e44f5d7d.jpg&quot; data-super-width=&quot;666&quot; data-super-height=&quot;1000&quot; data-super-transparent=&quot;false&quot; data-super-alt=&quot;Commission: Nami burlesque by iurypadilha&quot; data-super-full-img=&quot;https://images-wixmp-ed30a86b8c4ca887773594c2.wixmp.com/intermediary/f/ebd92a16-825c-4214-af3e-3f1d16e89037/dcxrkwu-4b57abd5-6aa9-4e24-917b-05c1e44f5d7d.jpg&quot; data-super-full-width=&quot;666&quot; data-super-full-height=&quot;1000&quot;        data-sigil=&quot;thumb&quot;&gt;
        &lt;i&gt;&lt;/i&gt;&lt;img   width=&quot;100&quot; height=&quot;150&quot; alt=&quot;Commission: Nami burlesque by iurypadilha&quot; src=&quot;https://images-wixmp-ed30a86b8c4ca887773594c2.wixmp.com/intermediary/f/ebd92a16-825c-4214-af3e-3f1d16e89037/dcxrkwu-4b57abd5-6aa9-4e24-917b-05c1e44f5d7d.jpg/v1/fit/w_150,h_150,q_70,strp/commission__nami_burlesque_by_iurypadilha_dcxrkwu-150.jpg&quot; data-src=&quot;https://images-wixmp-ed30a86b8c4ca887773594c2.wixmp.com/intermediary/f/ebd92a16-825c-4214-af3e-3f1d16e89037/dcxrkwu-4b57abd5-6aa9-4e24-917b-05c1e44f5d7d.jpg/v1/fit/w_150,h_150,q_70,strp/commission__nami_burlesque_by_iurypadilha_dcxrkwu-150.jpg&quot; srcset=&quot;https://images-wixmp-ed30a86b8c4ca887773594c2.wixmp.com/intermediary/f/ebd92a16-825c-4214-af3e-3f1d16e89037/dcxrkwu-4b57abd5-6aa9-4e24-917b-05c1e44f5d7d.jpg/v1/fit/w_150,h_150,q_70,strp/commission__nami_burlesque_by_iurypadilha_dcxrkwu-150.jpg 100w,https://images-wixmp-ed30a86b8c4ca887773594c2.wixmp.com/intermediary/f/ebd92a16-825c-4214-af3e-3f1d16e89037/dcxrkwu-4b57abd5-6aa9-4e24-917b-05c1e44f5d7d.jpg/v1/crop/w_167,h_250,x_0,y_0,scl_0.25075075075075,q_70,strp/commission__nami_burlesque_by_iurypadilha_dcxrkwu-250t.jpg 167w,https://images-wixmp-ed30a86b8c4ca887773594c2.wixmp.com/intermediary/f/ebd92a16-825c-4214-af3e-3f1d16e89037/dcxrkwu-4b57abd5-6aa9-4e24-917b-05c1e44f5d7d.jpg/v1/fill/w_233,h_350,q_70,strp/commission__nami_burlesque_by_iurypadilha_dcxrkwu-350t.jpg 233w,https://images-wixmp-ed30a86b8c4ca887773594c2.wixmp.com/intermediary/f/ebd92a16-825c-4214-af3e-3f1d16e89037/dcxrkwu-4b57abd5-6aa9-4e24-917b-05c1e44f5d7d.jpg/v1/crop/w_266,h_400,x_0,y_0,scl_0.4009009009009,q_70,strp/commission__nami_burlesque_by_iurypadilha_dcxrkwu-400t.jpg 266w,https://images-wixmp-ed30a86b8c4ca887773594c2.wixmp.com/intermediary/f/ebd92a16-825c-4214-af3e-3f1d16e89037/dcxrkwu-4b57abd5-6aa9-4e24-917b-05c1e44f5d7d.jpg 666w&quot; sizes=&quot;100px&quot;&gt;&lt;/a&gt;&lt;/span&gt;&lt;!-- ^TTT --&gt;&lt;!-- TTT$ --&gt;&lt;/span&gt;&amp;nbsp;&lt;span class=&quot;shadow-holder&quot; data-embed-type=&quot;deviation&quot; data-embed-id=&quot;781958370&quot; data-embed-format=&quot;thumb&quot;&gt;&lt;span class=&quot;shadow mild&quot; &gt;&lt;a class=&quot;thumb&quot; href=&quot;https://www.deviantart.com/iurypadilha/art/Commisson-Nami-Moulin-Rouge-781958370&quot; title=&quot;Commisson: Nami Moulin Rouge by iurypadilha, Jan 20, 2019 in Fan Art &amp;gt; Manga &amp;amp; Anime &amp;gt; Digital &amp;gt; Books &amp;amp; Novels&quot;data-super-img=&quot;https://images-wixmp-ed30a86b8c4ca887773594c2.wixmp.com/intermediary/f/ebd92a16-825c-4214-af3e-3f1d16e89037/dcxk2xu-bb61f99c-d703-4006-8979-4bda1ad32766.jpg/v1/fill/w_730,h_1095,q_70,strp/commisson__nami_moulin_rouge_by_iurypadilha_dcxk2xu-pre.jpg&quot; data-super-width=&quot;730&quot; data-super-height=&quot;1095&quot; data-super-transparent=&quot;false&quot; data-super-alt=&quot;Commisson: Nami Moulin Rouge by iurypadilha&quot; data-super-full-img=&quot;https://images-wixmp-ed30a86b8c4ca887773594c2.wixmp.com/intermediary/f/ebd92a16-825c-4214-af3e-3f1d16e89037/dcxk2xu-bb61f99c-d703-4006-8979-4bda1ad32766.jpg&quot; data-super-full-width=&quot;733&quot; data-super-full-height=&quot;1100&quot;        data-sigil=&quot;thumb&quot;&gt;
        &lt;i&gt;&lt;/i&gt;&lt;img   width=&quot;100&quot; height=&quot;150&quot; alt=&quot;Commisson: Nami Moulin Rouge by iurypadilha&quot; src=&quot;https://images-wixmp-ed30a86b8c4ca887773594c2.wixmp.com/intermediary/f/ebd92a16-825c-4214-af3e-3f1d16e89037/dcxk2xu-bb61f99c-d703-4006-8979-4bda1ad32766.jpg/v1/fit/w_150,h_150,q_70,strp/commisson__nami_moulin_rouge_by_iurypadilha_dcxk2xu-150.jpg&quot; data-src=&quot;https://images-wixmp-ed30a86b8c4ca887773594c2.wixmp.com/intermediary/f/ebd92a16-825c-4214-af3e-3f1d16e89037/dcxk2xu-bb61f99c-d703-4006-8979-4bda1ad32766.jpg/v1/fit/w_150,h_150,q_70,strp/commisson__nami_moulin_rouge_by_iurypadilha_dcxk2xu-150.jpg&quot; srcset=&quot;https://images-wixmp-ed30a86b8c4ca887773594c2.wixmp.com/intermediary/f/ebd92a16-825c-4214-af3e-3f1d16e89037/dcxk2xu-bb61f99c-d703-4006-8979-4bda1ad32766.jpg/v1/fit/w_150,h_150,q_70,strp/commisson__nami_moulin_rouge_by_iurypadilha_dcxk2xu-150.jpg 100w,https://images-wixmp-ed30a86b8c4ca887773594c2.wixmp.com/intermediary/f/ebd92a16-825c-4214-af3e-3f1d16e89037/dcxk2xu-bb61f99c-d703-4006-8979-4bda1ad32766.jpg/v1/crop/w_167,h_250,x_0,y_0,scl_0.22783083219645,q_70,strp/commisson__nami_moulin_rouge_by_iurypadilha_dcxk2xu-250t.jpg 167w,https://images-wixmp-ed30a86b8c4ca887773594c2.wixmp.com/intermediary/f/ebd92a16-825c-4214-af3e-3f1d16e89037/dcxk2xu-bb61f99c-d703-4006-8979-4bda1ad32766.jpg/v1/fill/w_233,h_350,q_70,strp/commisson__nami_moulin_rouge_by_iurypadilha_dcxk2xu-350t.jpg 233w,https://images-wixmp-ed30a86b8c4ca887773594c2.wixmp.com/intermediary/f/ebd92a16-825c-4214-af3e-3f1d16e89037/dcxk2xu-bb61f99c-d703-4006-8979-4bda1ad32766.jpg/v1/crop/w_267,h_400,x_0,y_0,scl_0.36425648021828,q_70,strp/commisson__nami_moulin_rouge_by_iurypadilha_dcxk2xu-400t.jpg 267w,https://images-wixmp-ed30a86b8c4ca887773594c2.wixmp.com/intermediary/f/ebd92a16-825c-4214-af3e-3f1d16e89037/dcxk2xu-bb61f99c-d703-4006-8979-4bda1ad32766.jpg/v1/fill/w_730,h_1095,q_70,strp/commisson__nami_moulin_rouge_by_iurypadilha_dcxk2xu-pre.jpg 730w&quot; sizes=&quot;100px&quot;&gt;&lt;/a&gt;&lt;/span&gt;&lt;!-- ^TTT --&gt;&lt;!-- TTT$ --&gt;&lt;/span&gt;&amp;nbsp;&lt;span class=&quot;shadow-holder&quot; data-embed-type=&quot;deviation&quot; data-embed-id=&quot;748803992&quot; data-embed-format=&quot;thumb&quot;&gt;&lt;span class=&quot;shadow mild&quot; &gt;&lt;a class=&quot;thumb&quot; href=&quot;https://www.deviantart.com/iurypadilha/art/One-Piece-Nami-at-Zou-748803992&quot; title=&quot;One Piece: Nami at Zou by iurypadilha, Jun 8, 2018 in Fan Art &amp;gt; Manga &amp;amp; Anime &amp;gt; Digital &amp;gt; Books &amp;amp; Novels&quot;data-super-img=&quot;https://images-wixmp-ed30a86b8c4ca887773594c2.wixmp.com/intermediary/f/ebd92a16-825c-4214-af3e-3f1d16e89037/dcdtguw-3d5f3272-80f7-464e-8b2e-ddfeabfc1a55.jpg/v1/fill/w_730,h_1095,q_70,strp/one_piece__nami_at_zou_by_iurypadilha_dcdtguw-pre.jpg&quot; data-super-width=&quot;730&quot; data-super-height=&quot;1095&quot; data-super-transparent=&quot;false&quot; data-super-alt=&quot;One Piece: Nami at Zou by iurypadilha&quot; data-super-full-img=&quot;https://images-wixmp-ed30a86b8c4ca887773594c2.wixmp.com/intermediary/f/ebd92a16-825c-4214-af3e-3f1d16e89037/dcdtguw-3d5f3272-80f7-464e-8b2e-ddfeabfc1a55.jpg&quot; data-super-full-width=&quot;733&quot; data-super-full-height=&quot;1100&quot;        data-sigil=&quot;thumb&quot;&gt;
        &lt;i&gt;&lt;/i&gt;&lt;img   width=&quot;100&quot; height=&quot;150&quot; alt=&quot;One Piece: Nami at Zou by iurypadilha&quot; src=&quot;https://images-wixmp-ed30a86b8c4ca887773594c2.wixmp.com/intermediary/f/ebd92a16-825c-4214-af3e-3f1d16e89037/dcdtguw-3d5f3272-80f7-464e-8b2e-ddfeabfc1a55.jpg/v1/fit/w_150,h_150,q_70,strp/one_piece__nami_at_zou_by_iurypadilha_dcdtguw-150.jpg&quot; data-src=&quot;https://images-wixmp-ed30a86b8c4ca887773594c2.wixmp.com/intermediary/f/ebd92a16-825c-4214-af3e-3f1d16e89037/dcdtguw-3d5f3272-80f7-464e-8b2e-ddfeabfc1a55.jpg/v1/fit/w_150,h_150,q_70,strp/one_piece__nami_at_zou_by_iurypadilha_dcdtguw-150.jpg&quot; srcset=&quot;https://images-wixmp-ed30a86b8c4ca887773594c2.wixmp.com/intermediary/f/ebd92a16-825c-4214-af3e-3f1d16e89037/dcdtguw-3d5f3272-80f7-464e-8b2e-ddfeabfc1a55.jpg/v1/fit/w_150,h_150,q_70,strp/one_piece__nami_at_zou_by_iurypadilha_dcdtguw-150.jpg 100w,https://images-wixmp-ed30a86b8c4ca887773594c2.wixmp.com/intermediary/f/ebd92a16-825c-4214-af3e-3f1d16e89037/dcdtguw-3d5f3272-80f7-464e-8b2e-ddfeabfc1a55.jpg/v1/crop/w_167,h_250,x_0,y_0,scl_0.22783083219645,q_70,strp/one_piece__nami_at_zou_by_iurypadilha_dcdtguw-250t.jpg 167w,https://images-wixmp-ed30a86b8c4ca887773594c2.wixmp.com/intermediary/f/ebd92a16-825c-4214-af3e-3f1d16e89037/dcdtguw-3d5f3272-80f7-464e-8b2e-ddfeabfc1a55.jpg/v1/fill/w_233,h_350,q_70,strp/one_piece__nami_at_zou_by_iurypadilha_dcdtguw-350t.jpg 233w,https://images-wixmp-ed30a86b8c4ca887773594c2.wixmp.com/intermediary/f/ebd92a16-825c-4214-af3e-3f1d16e89037/dcdtguw-3d5f3272-80f7-464e-8b2e-ddfeabfc1a55.jpg/v1/crop/w_267,h_400,x_0,y_0,scl_0.36425648021828,q_70,strp/one_piece__nami_at_zou_by_iurypadilha_dcdtguw-400t.jpg 267w,https://images-wixmp-ed30a86b8c4ca887773594c2.wixmp.com/intermediary/f/ebd92a16-825c-4214-af3e-3f1d16e89037/dcdtguw-3d5f3272-80f7-464e-8b2e-ddfeabfc1a55.jpg/v1/fill/w_730,h_1095,q_70,strp/one_piece__nami_at_zou_by_iurypadilha_dcdtguw-pre.jpg 730w&quot; sizes=&quot;100px&quot;&gt;&lt;/a&gt;&lt;/span&gt;&lt;!-- ^TTT --&gt;&lt;!-- TTT$ --&gt;&lt;/span&gt;&amp;nbsp;&lt;span class=&quot;shadow-holder&quot; data-embed-type=&quot;deviation&quot; data-embed-id=&quot;738219636&quot; data-embed-format=&quot;thumb&quot;&gt;&lt;span class=&quot;shadow mild&quot; &gt;&lt;a class=&quot;thumb&quot; href=&quot;https://www.deviantart.com/iurypadilha/art/One-Piece-Nami-Flag-Diamond-Ship-738219636&quot; title=&quot;One Piece: Nami Flag Diamond Ship by iurypadilha, Mar 31, 2018 in Fan Art &amp;gt; Manga &amp;amp; Anime &amp;gt; Digital &amp;gt; Books &amp;amp; Novels&quot;data-super-img=&quot;https://images-wixmp-ed30a86b8c4ca887773594c2.wixmp.com/intermediary/f/ebd92a16-825c-4214-af3e-3f1d16e89037/dc7ilx0-e365d385-07b8-4f95-b5fd-4236a30b4cf9.jpg/v1/fill/w_730,h_1095,q_70,strp/one_piece__nami_flag_diamond_ship_by_iurypadilha_dc7ilx0-pre.jpg&quot; data-super-width=&quot;730&quot; data-super-height=&quot;1095&quot; data-super-transparent=&quot;false&quot; data-super-alt=&quot;One Piece: Nami Flag Diamond Ship by iurypadilha&quot; data-super-full-img=&quot;https://images-wixmp-ed30a86b8c4ca887773594c2.wixmp.com/intermediary/f/ebd92a16-825c-4214-af3e-3f1d16e89037/dc7ilx0-e365d385-07b8-4f95-b5fd-4236a30b4cf9.jpg&quot; data-super-full-width=&quot;733&quot; data-super-full-height=&quot;1100&quot;        data-sigil=&quot;thumb&quot;&gt;
        &lt;i&gt;&lt;/i&gt;&lt;img   width=&quot;100&quot; height=&quot;150&quot; alt=&quot;One Piece: Nami Flag Diamond Ship by iurypadilha&quot; src=&quot;https://images-wixmp-ed30a86b8c4ca887773594c2.wixmp.com/intermediary/f/ebd92a16-825c-4214-af3e-3f1d16e89037/dc7ilx0-e365d385-07b8-4f95-b5fd-4236a30b4cf9.jpg/v1/fit/w_150,h_150,q_70,strp/one_piece__nami_flag_diamond_ship_by_iurypadilha_dc7ilx0-150.jpg&quot; data-src=&quot;https://images-wixmp-ed30a86b8c4ca887773594c2.wixmp.com/intermediary/f/ebd92a16-825c-4214-af3e-3f1d16e89037/dc7ilx0-e365d385-07b8-4f95-b5fd-4236a30b4cf9.jpg/v1/fit/w_150,h_150,q_70,strp/one_piece__nami_flag_diamond_ship_by_iurypadilha_dc7ilx0-150.jpg&quot; srcset=&quot;https://images-wixmp-ed30a86b8c4ca887773594c2.wixmp.com/intermediary/f/ebd92a16-825c-4214-af3e-3f1d16e89037/dc7ilx0-e365d385-07b8-4f95-b5fd-4236a30b4cf9.jpg/v1/fit/w_150,h_150,q_70,strp/one_piece__nami_flag_diamond_ship_by_iurypadilha_dc7ilx0-150.jpg 100w,https://images-wixmp-ed30a86b8c4ca887773594c2.wixmp.com/intermediary/f/ebd92a16-825c-4214-af3e-3f1d16e89037/dc7ilx0-e365d385-07b8-4f95-b5fd-4236a30b4cf9.jpg/v1/crop/w_167,h_250,x_0,y_0,scl_0.22783083219645,q_70,strp/one_piece__nami_flag_diamond_ship_by_iurypadilha_dc7ilx0-250t.jpg 167w,https://images-wixmp-ed30a86b8c4ca887773594c2.wixmp.com/intermediary/f/ebd92a16-825c-4214-af3e-3f1d16e89037/dc7ilx0-e365d385-07b8-4f95-b5fd-4236a30b4cf9.jpg/v1/fill/w_233,h_350,q_70,strp/one_piece__nami_flag_diamond_ship_by_iurypadilha_dc7ilx0-350t.jpg 233w,https://images-wixmp-ed30a86b8c4ca887773594c2.wixmp.com/intermediary/f/ebd92a16-825c-4214-af3e-3f1d16e89037/dc7ilx0-e365d385-07b8-4f95-b5fd-4236a30b4cf9.jpg/v1/crop/w_267,h_400,x_0,y_0,scl_0.36425648021828,q_70,strp/one_piece__nami_flag_diamond_ship_by_iurypadilha_dc7ilx0-400t.jpg 267w,https://images-wixmp-ed30a86b8c4ca887773594c2.wixmp.com/intermediary/f/ebd92a16-825c-4214-af3e-3f1d16e89037/dc7ilx0-e365d385-07b8-4f95-b5fd-4236a30b4cf9.jpg/v1/fill/w_730,h_1095,q_70,strp/one_piece__nami_flag_diamond_ship_by_iurypadilha_dc7ilx0-pre.jpg 730w&quot; sizes=&quot;100px&quot;&gt;&lt;/a&gt;&lt;/span&gt;&lt;!-- ^TTT --&gt;&lt;!-- TTT$ --&gt;&lt;/span&gt;&amp;nbsp;&lt;br /&gt;&lt;/div&gt;&lt;/div&gt;&lt;br /&gt;&lt;div&gt;&lt;img src=&quot;https://t00.deviantart.net/2xTAlpZ8xZPe7nKgokZwZvlytrw=/300x200/filters:fixed_height(100,100):origin()/pre00/1445/th/pre/f/2019/055/d/9/one_piece__nami_shiranui_by_iurypadilha-dd0mt2h.jpg&quot; alt=&quot;thumbnail&quot; /&gt;&lt;/div&gt;</description>            </item>
                    <item>
                <title>Tifa</title>
                <link>https://magicstraw.deviantart.com/art/Tifa-787176735</link>
                <guid isPermaLink="true">https://magicstraw.deviantart.com/art/Tifa-787176735</guid>
                <pubDate>Mon, 25 Feb 2019 03:52:17 PST</pubDate>
                        <media:title type="plain">Tifa</media:title>
        <media:keywords></media:keywords>
                        <media:rating>nonadult</media:rating>
                <media:category label="Other">fanart/digital/drawings/other</media:category>
        <media:credit role="author" scheme="urn:ebu">MagicStraw</media:credit>
        <media:credit role="author" scheme="urn:ebu">https://a.deviantart.net/avatars/m/a/magicstraw.png?4</media:credit>
        <media:copyright url="https://magicstraw.deviantart.com">Copyright 2019 MagicStraw</media:copyright>            <media:description type="html"></media:description>            <media:thumbnail url="https://t00.deviantart.net/gHiKzqpp9NwQ-7QtK9vl7O22ji0=/fit-in/150x150/filters:no_upscale():origin()/pre00/610d/th/pre/i/2019/056/8/8/tifa_by_magicstraw-dd0nxgf.jpg" height="150" width="144"/>            <media:thumbnail url="https://t00.deviantart.net/NwitnICnkPpHZf9ZkuON7L5LLQk=/fit-in/300x900/filters:no_upscale():origin()/pre00/610d/th/pre/i/2019/056/8/8/tifa_by_magicstraw-dd0nxgf.jpg" height="312" width="300"/>            <media:thumbnail url="https://t00.deviantart.net/t4czKfwW5b8Q3wUyM8cc71mGI4A=/300x200/filters:fixed_height(100,100):origin()/pre00/610d/th/pre/i/2019/056/8/8/tifa_by_magicstraw-dd0nxgf.jpg" height="200" width="192"/>            <media:content url="https://pre00.deviantart.net/610d/th/pre/i/2019/056/8/8/tifa_by_magicstraw-dd0nxgf.jpg" height="912" width="876" medium="image"/>            
            <description>&lt;br /&gt;&lt;div&gt;&lt;img src=&quot;https://t00.deviantart.net/t4czKfwW5b8Q3wUyM8cc71mGI4A=/300x200/filters:fixed_height(100,100):origin()/pre00/610d/th/pre/i/2019/056/8/8/tifa_by_magicstraw-dd0nxgf.jpg&quot; alt=&quot;thumbnail&quot; /&gt;&lt;/div&gt;</description>            </item>
                    <item>
                <title>367.Huntail</title>
                <link>https://tamtamdi.deviantart.com/art/367-Huntail-787145243</link>
                <guid isPermaLink="true">https://tamtamdi.deviantart.com/art/367-Huntail-787145243</guid>
                <pubDate>Sun, 24 Feb 2019 20:26:02 PST</pubDate>
                        <media:title type="plain">367.Huntail</media:title>
        <media:keywords></media:keywords>
                        <media:rating>nonadult</media:rating>
                <media:category label="Games">fanart/digital/drawings/games</media:category>
        <media:credit role="author" scheme="urn:ebu">tamtamdi</media:credit>
        <media:credit role="author" scheme="urn:ebu">https://a.deviantart.net/avatars/t/a/tamtamdi.jpg?4</media:credit>
        <media:copyright url="https://tamtamdi.deviantart.com">Copyright 2019 tamtamdi</media:copyright>            <media:description type="html"></media:description>            <media:thumbnail url="https://t00.deviantart.net/C0BmwXUWnv98WVltH0nST7w1YIU=/fit-in/150x150/filters:no_upscale():origin()/pre00/6b13/th/pre/i/2019/055/5/f/367_huntail_by_tamtamdi-dd0n95n.jpg" height="150" width="132"/>            <media:thumbnail url="https://t00.deviantart.net/K36q5JL4YSOM1LY4Gq_nvyb1HqI=/fit-in/300x900/filters:no_upscale():origin()/pre00/6b13/th/pre/i/2019/055/5/f/367_huntail_by_tamtamdi-dd0n95n.jpg" height="341" width="300"/>            <media:thumbnail url="https://t00.deviantart.net/_3dVJ_CSGSLseVcRmltao0Nn4do=/300x200/filters:fixed_height(100,100):origin()/pre00/6b13/th/pre/i/2019/055/5/f/367_huntail_by_tamtamdi-dd0n95n.jpg" height="200" width="176"/>            <media:content url="https://img00.deviantart.net/0c4c/i/2019/055/5/f/367_huntail_by_tamtamdi-dd0n95n.jpg" height="908" width="800" medium="image"/>            
            <description>&lt;br /&gt;&lt;div&gt;&lt;img src=&quot;https://t00.deviantart.net/_3dVJ_CSGSLseVcRmltao0Nn4do=/300x200/filters:fixed_height(100,100):origin()/pre00/6b13/th/pre/i/2019/055/5/f/367_huntail_by_tamtamdi-dd0n95n.jpg&quot; alt=&quot;thumbnail&quot; /&gt;&lt;/div&gt;</description>            </item>
                    <item>
                <title>Belly-moko!</title>
                <link>https://plumpknight.deviantart.com/art/Belly-moko-787153799</link>
                <guid isPermaLink="true">https://plumpknight.deviantart.com/art/Belly-moko-787153799</guid>
                <pubDate>Sun, 24 Feb 2019 22:16:23 PST</pubDate>
                        <media:title type="plain">Belly-moko!</media:title>
        <media:keywords></media:keywords>
                        <media:rating>nonadult</media:rating>
                <media:category label="Drawings">manga/digital/drawings</media:category>
        <media:credit role="author" scheme="urn:ebu">PlumpKnight</media:credit>
        <media:credit role="author" scheme="urn:ebu">https://a.deviantart.net/avatars/p/l/plumpknight.jpg?7</media:credit>
        <media:copyright url="https://plumpknight.deviantart.com">Copyright 2019 PlumpKnight</media:copyright>
            <media:community>
                <media:tags>@JigglyKnight</media:tags>
            </media:community>            <media:description type="html">&lt;span&gt;A Sketch commission for &lt;a target=&quot;_self&quot; href=&quot;https://www.deviantart.com/tomokotrash&quot; &gt;&lt;img class=&quot;avatar&quot; width=&quot;50&quot; height=&quot;50&quot; src=&quot;https://a.deviantart.net/avatars/t/o/tomokotrash.jpg?2&quot; alt=&quot;:icontomokotrash:&quot; title=&quot;TomokoTrash&quot; /&gt;&lt;/a&gt; :3c&lt;br /&gt;&lt;br /&gt;&lt;/span&gt;&lt;b&gt;If you wanna see more of this join in my patreon!&amp;nbsp;&lt;a class=&quot;external&quot; href=&quot;https://www.deviantart.com/users/outgoing?https://www.patreon.com/plumpknight&quot;&gt;www.patreon.com/plumpknight&lt;/a&gt;&lt;/b&gt;&lt;span&gt;&lt;br /&gt;&lt;/span&gt;</media:description>            <media:thumbnail url="https://t00.deviantart.net/GCPD5G-dGkrP_1jL7h2hBGDFn4c=/fit-in/150x150/filters:no_upscale():origin()/pre00/1da4/th/pre/i/2019/055/f/5/belly_moko__by_plumpknight-dd0nfrb.png" height="100" width="150"/>            <media:thumbnail url="https://t00.deviantart.net/3Mp9lV9lzqjj1ahasIDc4uu5U3I=/fit-in/300x900/filters:no_upscale():origin()/pre00/1da4/th/pre/i/2019/055/f/5/belly_moko__by_plumpknight-dd0nfrb.png" height="200" width="300"/>            <media:thumbnail url="https://t00.deviantart.net/UETx9Xa-byFMs-bRwSNso8JF3-4=/300x200/filters:fixed_height(100,100):origin()/pre00/1da4/th/pre/i/2019/055/f/5/belly_moko__by_plumpknight-dd0nfrb.png" height="200" width="300"/>            <media:content url="https://pre00.deviantart.net/1da4/th/pre/i/2019/055/f/5/belly_moko__by_plumpknight-dd0nfrb.png" height="730" width="1095" medium="image"/>            
            <description>&lt;span&gt;A Sketch commission for &lt;a target=&quot;_self&quot; href=&quot;https://www.deviantart.com/tomokotrash&quot; &gt;&lt;img class=&quot;avatar&quot; width=&quot;50&quot; height=&quot;50&quot; src=&quot;https://a.deviantart.net/avatars/t/o/tomokotrash.jpg?2&quot; alt=&quot;:icontomokotrash:&quot; title=&quot;TomokoTrash&quot; /&gt;&lt;/a&gt; :3c&lt;br /&gt;&lt;br /&gt;&lt;/span&gt;&lt;b&gt;If you wanna see more of this join in my patreon!&amp;nbsp;&lt;a class=&quot;external&quot; href=&quot;https://www.deviantart.com/users/outgoing?https://www.patreon.com/plumpknight&quot;&gt;www.patreon.com/plumpknight&lt;/a&gt;&lt;/b&gt;&lt;span&gt;&lt;br /&gt;&lt;/span&gt;&lt;br /&gt;&lt;div&gt;&lt;img src=&quot;https://t00.deviantart.net/UETx9Xa-byFMs-bRwSNso8JF3-4=/300x200/filters:fixed_height(100,100):origin()/pre00/1da4/th/pre/i/2019/055/f/5/belly_moko__by_plumpknight-dd0nfrb.png&quot; alt=&quot;thumbnail&quot; /&gt;&lt;/div&gt;</description>            </item>
                    <item>
                <title>Satsuki Kiryuin</title>
                <link>https://foxilumi.deviantart.com/art/Satsuki-Kiryuin-787202282</link>
                <guid isPermaLink="true">https://foxilumi.deviantart.com/art/Satsuki-Kiryuin-787202282</guid>
                <pubDate>Mon, 25 Feb 2019 08:56:36 PST</pubDate>
                        <media:title type="plain">Satsuki Kiryuin</media:title>
        <media:keywords></media:keywords>
                        <media:rating>nonadult</media:rating>
                <media:category label="Pin-up">digitalart/paintings/people/pinup</media:category>
        <media:credit role="author" scheme="urn:ebu">Foxilumi</media:credit>
        <media:credit role="author" scheme="urn:ebu">https://a.deviantart.net/avatars/f/o/foxilumi.png?8</media:credit>
        <media:copyright url="https://foxilumi.deviantart.com">Copyright 2019 Foxilumi</media:copyright>            <media:description type="html">Decided to draw more Kill la Kill fanart. This time the grumpy one. &lt;img src=&quot;https://e.deviantart.net/emoticons/letters/=p.gif&quot; width=&quot;15&quot; height=&quot;15&quot; alt=&quot;:P&quot; data-embed-type=&quot;emoticon&quot; data-embed-id=&quot;395&quot; title=&quot;:P (Lick)&quot;/&gt;&lt;br /&gt;&lt;br /&gt;~~~&lt;br /&gt;&lt;br /&gt;Rewards in Patreon:&amp;nbsp;&lt;a class=&quot;external&quot; href=&quot;https://www.deviantart.com/users/outgoing?https://www.patreon.com/Foxilumi&quot;&gt;www.patreon.com/Foxilumi&lt;/a&gt;&lt;br /&gt;&lt;br /&gt;&lt;img src=&quot;https://e.deviantart.net/emoticons/s/star_full.gif&quot; alt=&quot;Star!&quot; style=&quot;width: 17px; height: 16px;&quot; data-embed-type=&quot;emoticon&quot; data-embed-id=&quot;450&quot;&gt;&amp;nbsp;High-Resolution&lt;br /&gt;&lt;img src=&quot;https://e.deviantart.net/emoticons/s/star_full.gif&quot; alt=&quot;Star!&quot; style=&quot;width: 17px; height: 16px;&quot; data-embed-type=&quot;emoticon&quot; data-embed-id=&quot;450&quot;&gt;&amp;nbsp;Lineart&lt;br /&gt;&lt;img src=&quot;https://e.deviantart.net/emoticons/s/star_full.gif&quot; alt=&quot;Star!&quot; style=&quot;width: 17px; height: 16px;&quot; data-embed-type=&quot;emoticon&quot; data-embed-id=&quot;450&quot;&gt;&amp;nbsp;Process Steps&lt;br /&gt;&lt;img src=&quot;https://e.deviantart.net/emoticons/s/star_full.gif&quot; alt=&quot;Star!&quot; style=&quot;width: 17px; height: 16px;&quot; data-embed-type=&quot;emoticon&quot; data-embed-id=&quot;450&quot;&gt;&amp;nbsp;PSD&lt;br /&gt;&lt;img src=&quot;https://e.deviantart.net/emoticons/s/star_full.gif&quot; alt=&quot;Star!&quot; style=&quot;width: 17px; height: 16px;&quot; data-embed-type=&quot;emoticon&quot; data-embed-id=&quot;450&quot;&gt;&amp;nbsp;NSFW&lt;br /&gt;&lt;br /&gt;Join this month to receive the rewards.&lt;br /&gt;&lt;br /&gt;~~~&lt;br /&gt;&lt;br /&gt;&lt;b&gt;&amp;nbsp;&lt;a href=&quot;https://www.deviantart.com/freakyed/art/Bullet-Patreon-455550600&quot; class=&quot;emoticon&quot; data-embed-type=&quot;emoticon&quot; data-embed-id=&quot;455550600&quot; data-embed-profile=&quot;deviation&quot;&gt;&lt;img src=&quot;https://images-wixmp-ed30a86b8c4ca887773594c2.wixmp.com/intermediary/f/e84b0e0f-dd81-4999-b6bc-536c4d32d85e/d7j813c-dc204c1d-c7d2-4616-b6bf-f40b92fae3b2.png&quot; alt=&quot;.:Bullet:. Patreon&quot; style=&quot;width:16px;height:16px&quot;&gt;&lt;/a&gt;&amp;nbsp;&lt;a class=&quot;external&quot; href=&quot;https://www.deviantart.com/users/outgoing?https://www.patreon.com/Foxilumi&quot; title=&quot;Foxilumi on Patreon&quot;&gt;Patreon&lt;/a&gt; |&amp;nbsp;&lt;a href=&quot;https://www.deviantart.com/liriorox/art/Gumroad-icon-2-545734859&quot; class=&quot;emoticon&quot; data-embed-type=&quot;emoticon&quot; data-embed-id=&quot;545734859&quot; data-embed-profile=&quot;deviation&quot;&gt;&lt;img src=&quot;https://images-wixmp-ed30a86b8c4ca887773594c2.wixmp.com/intermediary/f/0bd87312-636c-4da8-8502-26c542873b11/d90wzpn-47fbf5d8-7dd8-40b0-810d-f16277f51393.png&quot; alt=&quot;Gumroad icon 2&quot; style=&quot;width:16px;height:16px&quot;&gt;&lt;/a&gt;&amp;nbsp;&lt;a class=&quot;external&quot; href=&quot;https://www.deviantart.com/users/outgoing?https://www.gumroad.com/Foxilumi&quot; title=&quot;Foxilumi on Gumroad&quot;&gt;Gumroad&lt;/a&gt;&amp;nbsp;|&amp;nbsp;&lt;img src=&quot;https://e.deviantart.net/emoticons/t/twitter_2.gif&quot; alt=&quot;Twitter&quot; style=&quot;width: 16px; height: 16px;&quot; data-embed-type=&quot;emoticon&quot; data-embed-id=&quot;614&quot;&gt;&amp;nbsp;&lt;a class=&quot;external&quot; href=&quot;https://www.deviantart.com/users/outgoing?https://twitter.com/foxilumi&quot; title=&quot;Foxilumi on Twitter&quot;&gt;Twitter&lt;/a&gt;&amp;nbsp;|&amp;nbsp;&lt;a href=&quot;https://www.deviantart.com/hexsy/art/Tumblr-Emote-477200343&quot; class=&quot;emoticon&quot; data-embed-type=&quot;emoticon&quot; data-embed-id=&quot;477200343&quot; data-embed-profile=&quot;deviation&quot;&gt;&lt;img src=&quot;https://orig00.deviantart.net/5638/f/2014/233/8/d/tumblr_emote_by_hexsy-d7w4253.gif&quot; alt=&quot;Tumblr Emote&quot; style=&quot;width:16px;height:16px&quot;&gt;&lt;/a&gt;&amp;nbsp;&lt;a class=&quot;external&quot; href=&quot;https://www.deviantart.com/users/outgoing?http://foxilumi.tumblr.com/&quot;&gt;Tumblr&lt;/a&gt; |&amp;nbsp;&lt;a href=&quot;https://www.deviantart.com/poserfan/art/Instagram-Icon-414445438&quot; class=&quot;emoticon&quot; data-embed-type=&quot;emoticon&quot; data-embed-id=&quot;414445438&quot; data-embed-profile=&quot;deviation&quot;&gt;&lt;img src=&quot;https://orig00.deviantart.net/efae/f/2013/326/f/3/instagram_icon_by_poserfan-d6ur05a.gif&quot; alt=&quot;Instagram Icon&quot; style=&quot;width:16px;height:16px&quot;&gt;&lt;/a&gt;&amp;nbsp;&lt;a class=&quot;external&quot; href=&quot;https://www.deviantart.com/users/outgoing?https://www.instagram.com/foxilumi/&quot;&gt;Instagram&lt;/a&gt;&lt;/b&gt;</media:description>            <media:thumbnail url="https://t00.deviantart.net/K1WRaDt993RqX_1VMG-SdjMydRs=/fit-in/150x150/filters:no_upscale():origin()/pre00/c54e/th/pre/f/2019/056/a/7/satsuki_kiryuin_by_foxilumi-dd0oh62.png" height="150" width="120"/>            <media:thumbnail url="https://t00.deviantart.net/sbtYrq6_R9_dit3-6sLBxOwxwnU=/fit-in/300x900/filters:no_upscale():origin()/pre00/c54e/th/pre/f/2019/056/a/7/satsuki_kiryuin_by_foxilumi-dd0oh62.png" height="375" width="300"/>            <media:thumbnail url="https://t00.deviantart.net/vPN-gMYQcd-JXfuErLpkhBwNIWw=/300x200/filters:fixed_height(100,100):origin()/pre00/c54e/th/pre/f/2019/056/a/7/satsuki_kiryuin_by_foxilumi-dd0oh62.png" height="200" width="160"/>            <media:content url="https://orig00.deviantart.net/33c1/f/2019/056/a/7/satsuki_kiryuin_by_foxilumi-dd0oh62.png" height="900" width="720" medium="image"/>            
            <description>Decided to draw more Kill la Kill fanart. This time the grumpy one. &lt;img src=&quot;https://e.deviantart.net/emoticons/letters/=p.gif&quot; width=&quot;15&quot; height=&quot;15&quot; alt=&quot;:P&quot; data-embed-type=&quot;emoticon&quot; data-embed-id=&quot;395&quot; title=&quot;:P (Lick)&quot;/&gt;&lt;br /&gt;&lt;br /&gt;~~~&lt;br /&gt;&lt;br /&gt;Rewards in Patreon:&amp;nbsp;&lt;a class=&quot;external&quot; href=&quot;https://www.deviantart.com/users/outgoing?https://www.patreon.com/Foxilumi&quot;&gt;www.patreon.com/Foxilumi&lt;/a&gt;&lt;br /&gt;&lt;br /&gt;&lt;img src=&quot;https://e.deviantart.net/emoticons/s/star_full.gif&quot; alt=&quot;Star!&quot; style=&quot;width: 17px; height: 16px;&quot; data-embed-type=&quot;emoticon&quot; data-embed-id=&quot;450&quot;&gt;&amp;nbsp;High-Resolution&lt;br /&gt;&lt;img src=&quot;https://e.deviantart.net/emoticons/s/star_full.gif&quot; alt=&quot;Star!&quot; style=&quot;width: 17px; height: 16px;&quot; data-embed-type=&quot;emoticon&quot; data-embed-id=&quot;450&quot;&gt;&amp;nbsp;Lineart&lt;br /&gt;&lt;img src=&quot;https://e.deviantart.net/emoticons/s/star_full.gif&quot; alt=&quot;Star!&quot; style=&quot;width: 17px; height: 16px;&quot; data-embed-type=&quot;emoticon&quot; data-embed-id=&quot;450&quot;&gt;&amp;nbsp;Process Steps&lt;br /&gt;&lt;img src=&quot;https://e.deviantart.net/emoticons/s/star_full.gif&quot; alt=&quot;Star!&quot; style=&quot;width: 17px; height: 16px;&quot; data-embed-type=&quot;emoticon&quot; data-embed-id=&quot;450&quot;&gt;&amp;nbsp;PSD&lt;br /&gt;&lt;img src=&quot;https://e.deviantart.net/emoticons/s/star_full.gif&quot; alt=&quot;Star!&quot; style=&quot;width: 17px; height: 16px;&quot; data-embed-type=&quot;emoticon&quot; data-embed-id=&quot;450&quot;&gt;&amp;nbsp;NSFW&lt;br /&gt;&lt;br /&gt;Join this month to receive the rewards.&lt;br /&gt;&lt;br /&gt;~~~&lt;br /&gt;&lt;br /&gt;&lt;b&gt;&amp;nbsp;&lt;a href=&quot;https://www.deviantart.com/freakyed/art/Bullet-Patreon-455550600&quot; class=&quot;emoticon&quot; data-embed-type=&quot;emoticon&quot; data-embed-id=&quot;455550600&quot; data-embed-profile=&quot;deviation&quot;&gt;&lt;img src=&quot;https://images-wixmp-ed30a86b8c4ca887773594c2.wixmp.com/intermediary/f/e84b0e0f-dd81-4999-b6bc-536c4d32d85e/d7j813c-dc204c1d-c7d2-4616-b6bf-f40b92fae3b2.png&quot; alt=&quot;.:Bullet:. Patreon&quot; style=&quot;width:16px;height:16px&quot;&gt;&lt;/a&gt;&amp;nbsp;&lt;a class=&quot;external&quot; href=&quot;https://www.deviantart.com/users/outgoing?https://www.patreon.com/Foxilumi&quot; title=&quot;Foxilumi on Patreon&quot;&gt;Patreon&lt;/a&gt; |&amp;nbsp;&lt;a href=&quot;https://www.deviantart.com/liriorox/art/Gumroad-icon-2-545734859&quot; class=&quot;emoticon&quot; data-embed-type=&quot;emoticon&quot; data-embed-id=&quot;545734859&quot; data-embed-profile=&quot;deviation&quot;&gt;&lt;img src=&quot;https://images-wixmp-ed30a86b8c4ca887773594c2.wixmp.com/intermediary/f/0bd87312-636c-4da8-8502-26c542873b11/d90wzpn-47fbf5d8-7dd8-40b0-810d-f16277f51393.png&quot; alt=&quot;Gumroad icon 2&quot; style=&quot;width:16px;height:16px&quot;&gt;&lt;/a&gt;&amp;nbsp;&lt;a class=&quot;external&quot; href=&quot;https://www.deviantart.com/users/outgoing?https://www.gumroad.com/Foxilumi&quot; title=&quot;Foxilumi on Gumroad&quot;&gt;Gumroad&lt;/a&gt;&amp;nbsp;|&amp;nbsp;&lt;img src=&quot;https://e.deviantart.net/emoticons/t/twitter_2.gif&quot; alt=&quot;Twitter&quot; style=&quot;width: 16px; height: 16px;&quot; data-embed-type=&quot;emoticon&quot; data-embed-id=&quot;614&quot;&gt;&amp;nbsp;&lt;a class=&quot;external&quot; href=&quot;https://www.deviantart.com/users/outgoing?https://twitter.com/foxilumi&quot; title=&quot;Foxilumi on Twitter&quot;&gt;Twitter&lt;/a&gt;&amp;nbsp;|&amp;nbsp;&lt;a href=&quot;https://www.deviantart.com/hexsy/art/Tumblr-Emote-477200343&quot; class=&quot;emoticon&quot; data-embed-type=&quot;emoticon&quot; data-embed-id=&quot;477200343&quot; data-embed-profile=&quot;deviation&quot;&gt;&lt;img src=&quot;https://orig00.deviantart.net/5638/f/2014/233/8/d/tumblr_emote_by_hexsy-d7w4253.gif&quot; alt=&quot;Tumblr Emote&quot; style=&quot;width:16px;height:16px&quot;&gt;&lt;/a&gt;&amp;nbsp;&lt;a class=&quot;external&quot; href=&quot;https://www.deviantart.com/users/outgoing?http://foxilumi.tumblr.com/&quot;&gt;Tumblr&lt;/a&gt; |&amp;nbsp;&lt;a href=&quot;https://www.deviantart.com/poserfan/art/Instagram-Icon-414445438&quot; class=&quot;emoticon&quot; data-embed-type=&quot;emoticon&quot; data-embed-id=&quot;414445438&quot; data-embed-profile=&quot;deviation&quot;&gt;&lt;img src=&quot;https://orig00.deviantart.net/efae/f/2013/326/f/3/instagram_icon_by_poserfan-d6ur05a.gif&quot; alt=&quot;Instagram Icon&quot; style=&quot;width:16px;height:16px&quot;&gt;&lt;/a&gt;&amp;nbsp;&lt;a class=&quot;external&quot; href=&quot;https://www.deviantart.com/users/outgoing?https://www.instagram.com/foxilumi/&quot;&gt;Instagram&lt;/a&gt;&lt;/b&gt;&lt;br /&gt;&lt;div&gt;&lt;img src=&quot;https://t00.deviantart.net/vPN-gMYQcd-JXfuErLpkhBwNIWw=/300x200/filters:fixed_height(100,100):origin()/pre00/c54e/th/pre/f/2019/056/a/7/satsuki_kiryuin_by_foxilumi-dd0oh62.png&quot; alt=&quot;thumbnail&quot; /&gt;&lt;/div&gt;</description>            </item>
                    <item>
                <title>Suburban Sundays.</title>
                <link>https://pascalcampion.deviantart.com/art/Suburban-Sundays-787154872</link>
                <guid isPermaLink="true">https://pascalcampion.deviantart.com/art/Suburban-Sundays-787154872</guid>
                <pubDate>Sun, 24 Feb 2019 22:02:56 PST</pubDate>
                        <media:title type="plain">Suburban Sundays.</media:title>
        <media:keywords></media:keywords>
                        <media:rating>nonadult</media:rating>
                <media:category label="Storybook">digitalart/paintings/illustrations/storybook</media:category>
        <media:credit role="author" scheme="urn:ebu">PascalCampion</media:credit>
        <media:credit role="author" scheme="urn:ebu">https://a.deviantart.net/avatars/p/a/pascalcampion.jpg?4</media:credit>
        <media:copyright url="https://pascalcampion.deviantart.com">Copyright 2019 PascalCampion</media:copyright>            <media:description type="html">Suburban Sundays.&lt;br /&gt;&lt;a class=&quot;discoverytag&quot; href=&quot;https://www.deviantart.com/tag/pascalcampion&quot; data-canonical-tag=&quot;pascalcampion&quot;&gt;#pascalcampion&lt;/a&gt;</media:description>            <media:thumbnail url="https://t00.deviantart.net/xZtW5XRQ9jYosZdkUhNuW7dEGqc=/fit-in/150x150/filters:no_upscale():origin()/pre00/d178/th/pre/f/2019/055/8/e/4729_11rdc_by_pascalcampion-dd0ngl4.jpg" height="150" width="103"/>            <media:thumbnail url="https://t00.deviantart.net/2m8uDMe44Ok0ccwEshoa3kqlV_0=/fit-in/300x900/filters:no_upscale():origin()/pre00/d178/th/pre/f/2019/055/8/e/4729_11rdc_by_pascalcampion-dd0ngl4.jpg" height="438" width="300"/>            <media:thumbnail url="https://t00.deviantart.net/qKdKP9yAy025Q-9cYM0ESRIeQdQ=/300x200/filters:fixed_height(100,100):origin()/pre00/d178/th/pre/f/2019/055/8/e/4729_11rdc_by_pascalcampion-dd0ngl4.jpg" height="200" width="137"/>            <media:content url="https://pre00.deviantart.net/d178/th/pre/f/2019/055/8/e/4729_11rdc_by_pascalcampion-dd0ngl4.jpg" height="1081" width="740" medium="image"/>            
            <description>Suburban Sundays.&lt;br /&gt;&lt;a class=&quot;discoverytag&quot; href=&quot;https://www.deviantart.com/tag/pascalcampion&quot; data-canonical-tag=&quot;pascalcampion&quot;&gt;#pascalcampion&lt;/a&gt;&lt;br /&gt;&lt;div&gt;&lt;img src=&quot;https://t00.deviantart.net/qKdKP9yAy025Q-9cYM0ESRIeQdQ=/300x200/filters:fixed_height(100,100):origin()/pre00/d178/th/pre/f/2019/055/8/e/4729_11rdc_by_pascalcampion-dd0ngl4.jpg&quot; alt=&quot;thumbnail&quot; /&gt;&lt;/div&gt;</description>            </item>
                    <item>
                <title>Ulissa portrait</title>
                <link>https://aonikaart.deviantart.com/art/Ulissa-portrait-787171316</link>
                <guid isPermaLink="true">https://aonikaart.deviantart.com/art/Ulissa-portrait-787171316</guid>
                <pubDate>Mon, 25 Feb 2019 02:32:16 PST</pubDate>
                        <media:title type="plain">Ulissa portrait</media:title>
        <media:keywords></media:keywords>
                        <media:rating>nonadult</media:rating>
                <media:category label="Portraits">digitalart/paintings/people/portraits</media:category>
        <media:credit role="author" scheme="urn:ebu">AonikaArt</media:credit>
        <media:credit role="author" scheme="urn:ebu">https://a.deviantart.net/avatars/a/o/aonikaart.png?13</media:credit>
        <media:copyright url="https://aonikaart.deviantart.com">Copyright 2019 AonikaArt</media:copyright>            <media:description type="html">&lt;div align=&quot;center&quot;&gt;_______________________________________________&amp;#9671;&amp;#9671;&amp;#9671;___________________________________________&lt;br /&gt;&lt;br /&gt;| &lt;a class=&quot;external&quot; href=&quot;https://www.deviantart.com/users/outgoing?http://aonika-art.weebly.com&quot;&gt;Commission prices and info&lt;/a&gt; | &lt;a class=&quot;external&quot; href=&quot;https://www.deviantart.com/users/outgoing?http://www.patreon.com/aomori&quot;&gt;My Patreon&lt;/a&gt; | &lt;a class=&quot;external&quot; href=&quot;https://www.deviantart.com/users/outgoing?http://www.furaffinity.net/user/aomori/&quot;&gt;Visit me on Furaffinity&lt;/a&gt; |&lt;a class=&quot;external&quot; href=&quot;https://www.deviantart.com/users/outgoing?https://www.instagram.com/aomoriart/&quot;&gt;Instagram/&lt;/a&gt; | &lt;a class=&quot;external&quot; href=&quot;https://www.deviantart.com/users/outgoing?https://www.youtube.com/user/aomori88&quot;&gt;YouTube&lt;/a&gt; |&lt;br /&gt;_______________________________________________&amp;#9671;&amp;#9671;&amp;#9671;___________________________________________&lt;br /&gt;&lt;br /&gt;&lt;/div&gt;&lt;div align=&quot;center&quot;&gt;&lt;br /&gt;&lt;/div&gt;&lt;div align=&quot;center&quot;&gt;&lt;br /&gt;&lt;/div&gt;&lt;div align=&quot;center&quot;&gt;&lt;br /&gt;&lt;/div&gt;&lt;div align=&quot;center&quot;&gt;very special painterly commission for&lt;/div&gt;&lt;div align=&quot;center&quot;&gt;&lt;a target=&quot;_self&quot; href=&quot;https://www.deviantart.com/midknightblu1&quot; &gt;&lt;img class=&quot;avatar&quot; width=&quot;50&quot; height=&quot;50&quot; src=&quot;https://a.deviantart.net/avatars/m/i/midknightblu1.png?6&quot; alt=&quot;:iconmidknightblu1:&quot; title=&quot;Midknightblu1&quot; /&gt;&lt;/a&gt;&lt;br /&gt;&lt;/div&gt;&lt;div align=&quot;center&quot;&gt;&lt;br /&gt;&lt;/div&gt;&lt;div align=&quot;center&quot;&gt;&lt;br /&gt;&lt;/div&gt;&lt;div align=&quot;center&quot;&gt;...if anyone would like to get their character in a similar portrait feel free to drop me a note, &lt;br /&gt;&lt;/div&gt;&lt;div align=&quot;center&quot;&gt;I had so much fun painting this one &amp;lt;3&lt;br /&gt;&lt;/div&gt;&lt;h1&gt;&lt;br /&gt;&lt;/h1&gt;&lt;br /&gt;&lt;br /&gt;&lt;div align=&quot;center&quot;&gt;__________________&amp;#9671;&amp;#9671;&amp;#9671;__________________&lt;/div&gt;&lt;div align=&quot;center&quot;&gt;&lt;br /&gt;&lt;/div&gt;&lt;div align=&quot;center&quot;&gt;consider supporting me on Patreon for hi-res of the artworks WIPs and sketches&lt;br /&gt;&lt;/div&gt;</media:description>            <media:thumbnail url="https://t00.deviantart.net/tRxw-R_V3QJypeveVPIIJ_KyjgM=/fit-in/150x150/filters:no_upscale():origin()/pre00/95ea/th/pre/f/2019/056/d/6/ulissa_portrait_by_aonikaart-dd0nt9w.png" height="150" width="130"/>            <media:thumbnail url="https://t00.deviantart.net/usu53p1KKvEaquvAaJGWzZAQ7hA=/fit-in/300x900/filters:no_upscale():origin()/pre00/95ea/th/pre/f/2019/056/d/6/ulissa_portrait_by_aonikaart-dd0nt9w.png" height="345" width="300"/>            <media:thumbnail url="https://t00.deviantart.net/IYtgSwe6EoPj1fbH69mAi3Fl3DY=/300x200/filters:fixed_height(100,100):origin()/pre00/95ea/th/pre/f/2019/056/d/6/ulissa_portrait_by_aonikaart-dd0nt9w.png" height="200" width="174"/>            <media:content url="https://orig00.deviantart.net/8b72/f/2019/056/d/6/ulissa_portrait_by_aonikaart-dd0nt9w.png" height="950" width="826" medium="image"/>            
            <description>&lt;div align=&quot;center&quot;&gt;_______________________________________________&amp;#9671;&amp;#9671;&amp;#9671;___________________________________________&lt;br /&gt;&lt;br /&gt;| &lt;a class=&quot;external&quot; href=&quot;https://www.deviantart.com/users/outgoing?http://aonika-art.weebly.com&quot;&gt;Commission prices and info&lt;/a&gt; | &lt;a class=&quot;external&quot; href=&quot;https://www.deviantart.com/users/outgoing?http://www.patreon.com/aomori&quot;&gt;My Patreon&lt;/a&gt; | &lt;a class=&quot;external&quot; href=&quot;https://www.deviantart.com/users/outgoing?http://www.furaffinity.net/user/aomori/&quot;&gt;Visit me on Furaffinity&lt;/a&gt; |&lt;a class=&quot;external&quot; href=&quot;https://www.deviantart.com/users/outgoing?https://www.instagram.com/aomoriart/&quot;&gt;Instagram/&lt;/a&gt; | &lt;a class=&quot;external&quot; href=&quot;https://www.deviantart.com/users/outgoing?https://www.youtube.com/user/aomori88&quot;&gt;YouTube&lt;/a&gt; |&lt;br /&gt;_______________________________________________&amp;#9671;&amp;#9671;&amp;#9671;___________________________________________&lt;br /&gt;&lt;br /&gt;&lt;/div&gt;&lt;div align=&quot;center&quot;&gt;&lt;br /&gt;&lt;/div&gt;&lt;div align=&quot;center&quot;&gt;&lt;br /&gt;&lt;/div&gt;&lt;div align=&quot;center&quot;&gt;&lt;br /&gt;&lt;/div&gt;&lt;div align=&quot;center&quot;&gt;very special painterly commission for&lt;/div&gt;&lt;div align=&quot;center&quot;&gt;&lt;a target=&quot;_self&quot; href=&quot;https://www.deviantart.com/midknightblu1&quot; &gt;&lt;img class=&quot;avatar&quot; width=&quot;50&quot; height=&quot;50&quot; src=&quot;https://a.deviantart.net/avatars/m/i/midknightblu1.png?6&quot; alt=&quot;:iconmidknightblu1:&quot; title=&quot;Midknightblu1&quot; /&gt;&lt;/a&gt;&lt;br /&gt;&lt;/div&gt;&lt;div align=&quot;center&quot;&gt;&lt;br /&gt;&lt;/div&gt;&lt;div align=&quot;center&quot;&gt;&lt;br /&gt;&lt;/div&gt;&lt;div align=&quot;center&quot;&gt;...if anyone would like to get their character in a similar portrait feel free to drop me a note, &lt;br /&gt;&lt;/div&gt;&lt;div align=&quot;center&quot;&gt;I had so much fun painting this one &amp;lt;3&lt;br /&gt;&lt;/div&gt;&lt;h1&gt;&lt;br /&gt;&lt;/h1&gt;&lt;br /&gt;&lt;br /&gt;&lt;div align=&quot;center&quot;&gt;__________________&amp;#9671;&amp;#9671;&amp;#9671;__________________&lt;/div&gt;&lt;div align=&quot;center&quot;&gt;&lt;br /&gt;&lt;/div&gt;&lt;div align=&quot;center&quot;&gt;consider supporting me on Patreon for hi-res of the artworks WIPs and sketches&lt;br /&gt;&lt;/div&gt;&lt;br /&gt;&lt;div&gt;&lt;img src=&quot;https://t00.deviantart.net/IYtgSwe6EoPj1fbH69mAi3Fl3DY=/300x200/filters:fixed_height(100,100):origin()/pre00/95ea/th/pre/f/2019/056/d/6/ulissa_portrait_by_aonikaart-dd0nt9w.png&quot; alt=&quot;thumbnail&quot; /&gt;&lt;/div&gt;</description>            </item>
                    <item>
                <title>[IMPIM MYO] Sea-Salt Ice Cream</title>
                <link>https://kitkaloid.deviantart.com/art/IMPIM-MYO-Sea-Salt-Ice-Cream-787135426</link>
                <guid isPermaLink="true">https://kitkaloid.deviantart.com/art/IMPIM-MYO-Sea-Salt-Ice-Cream-787135426</guid>
                <pubDate>Sun, 24 Feb 2019 18:59:15 PST</pubDate>
                        <media:title type="plain">[IMPIM MYO] Sea-Salt Ice Cream</media:title>
        <media:keywords></media:keywords>
                        <media:rating>nonadult</media:rating>
                <media:category label="Mixed Media">cartoons/traditional/cartoons/mixedmedia</media:category>
        <media:credit role="author" scheme="urn:ebu">Kitkaloid</media:credit>
        <media:credit role="author" scheme="urn:ebu">https://a.deviantart.net/avatars/k/i/kitkaloid.gif?12</media:credit>
        <media:copyright url="https://kitkaloid.deviantart.com">Copyright 2019 Kitkaloid</media:copyright>
            <media:community>
                <media:tags>@strucktrue</media:tags>
            </media:community>            <media:description type="html">&lt;b&gt;update: i was on time. this is my magnum opus. i dont ever have to do anything ever again&lt;/b&gt;&lt;br /&gt;HELLO HERE&#039;S MINE I DONT EVEN KNOW IF I&#039;M ON TIME BUT I&#039;VE NEVER DRAWN SO FAST LMAO&amp;nbsp;&lt;br /&gt;&lt;br /&gt;&lt;a target=&quot;_self&quot; href=&quot;https://www.deviantart.com/planetimia&quot; &gt;&lt;img class=&quot;avatar group&quot; width=&quot;100&quot; height=&quot;50&quot; src=&quot;https://a.deviantart.net/avatars/p/l/planetimia.gif?8&quot; alt=&quot;:iconplanetimia:&quot; title=&quot;PlanetImia&quot; /&gt;&lt;/a&gt;&lt;br /&gt;&lt;sub&gt;&lt;sup&gt;impims are a CS by&amp;nbsp;&lt;span class=&quot;username-with-symbol u&quot;&gt;&lt;a class=&quot;u regular username&quot; href=&quot;https://www.deviantart.com/kunmao&quot;&gt;Kunmao&lt;/a&gt;&lt;span class=&quot;user-symbol regular&quot; data-quicktip-text=&quot;&quot; data-show-tooltip=&quot;&quot; data-gruser-type=&quot;regular&quot;&gt;&lt;/span&gt;&lt;/span&gt;&lt;br /&gt;&lt;/sup&gt;&lt;/sub&gt;&lt;br /&gt;&lt;b&gt;My Tumblr:&lt;/b&gt;&lt;span&gt;&amp;nbsp;&lt;/span&gt;&lt;a class=&quot;external&quot; href=&quot;https://www.deviantart.com/users/outgoing?http://kitkaloid.tumblr.com/&quot;&gt;kitkaloid.tumblr.com/&lt;/a&gt;&lt;br /&gt;&lt;b&gt;My Insta:&lt;/b&gt;&lt;span&gt;&amp;nbsp;&lt;/span&gt;&lt;a href=&quot;https://www.deviantart.com/users/outgoing?http://kitkaloid.tumblr.com/&quot;&gt;&lt;/a&gt;&lt;a class=&quot;external&quot; href=&quot;https://www.deviantart.com/users/outgoing?https://www.instagram.com/kitkaloid/?hl=en&quot;&gt;www.instagram.com/kitkaloid/?h&amp;#8230;&lt;/a&gt;&lt;br /&gt;&lt;b&gt;My Twitter:&lt;/b&gt;&lt;span&gt;&amp;nbsp;&lt;/span&gt;&lt;a href=&quot;https://www.deviantart.com/users/outgoing?http://kitkaloid.tumblr.com/&quot;&gt;&lt;/a&gt;&lt;a class=&quot;external&quot; href=&quot;https://www.deviantart.com/users/outgoing?https://twitter.com/strucktrue&quot;&gt;twitter.com/strucktrue&lt;/a&gt;</media:description>            <media:thumbnail url="https://t00.deviantart.net/cOfIaOrt7zoWuh_Ghyf-PCVwtEQ=/fit-in/150x150/filters:no_upscale():origin()/pre00/f6ab/th/pre/f/2019/055/5/1/impimyo22_by_kitkaloid-dd0n1ky.png" height="150" width="122"/>            <media:thumbnail url="https://t00.deviantart.net/ozxrAW41iCmXQPiVn5apBsDZIO8=/fit-in/300x900/filters:no_upscale():origin()/pre00/f6ab/th/pre/f/2019/055/5/1/impimyo22_by_kitkaloid-dd0n1ky.png" height="369" width="300"/>            <media:thumbnail url="https://t00.deviantart.net/lvCHBXTqsHoweEch92mrBSxYp9s=/300x200/filters:fixed_height(100,100):origin()/pre00/f6ab/th/pre/f/2019/055/5/1/impimyo22_by_kitkaloid-dd0n1ky.png" height="200" width="162"/>            <media:content url="https://pre00.deviantart.net/f6ab/th/pre/f/2019/055/5/1/impimyo22_by_kitkaloid-dd0n1ky.png" height="992" width="806" medium="image"/>            
            <description>&lt;b&gt;update: i was on time. this is my magnum opus. i dont ever have to do anything ever again&lt;/b&gt;&lt;br /&gt;HELLO HERE&#039;S MINE I DONT EVEN KNOW IF I&#039;M ON TIME BUT I&#039;VE NEVER DRAWN SO FAST LMAO&amp;nbsp;&lt;br /&gt;&lt;br /&gt;&lt;a target=&quot;_self&quot; href=&quot;https://www.deviantart.com/planetimia&quot; &gt;&lt;img class=&quot;avatar group&quot; width=&quot;100&quot; height=&quot;50&quot; src=&quot;https://a.deviantart.net/avatars/p/l/planetimia.gif?8&quot; alt=&quot;:iconplanetimia:&quot; title=&quot;PlanetImia&quot; /&gt;&lt;/a&gt;&lt;br /&gt;&lt;sub&gt;&lt;sup&gt;impims are a CS by&amp;nbsp;&lt;span class=&quot;username-with-symbol u&quot;&gt;&lt;a class=&quot;u regular username&quot; href=&quot;https://www.deviantart.com/kunmao&quot;&gt;Kunmao&lt;/a&gt;&lt;span class=&quot;user-symbol regular&quot; data-quicktip-text=&quot;&quot; data-show-tooltip=&quot;&quot; data-gruser-type=&quot;regular&quot;&gt;&lt;/span&gt;&lt;/span&gt;&lt;br /&gt;&lt;/sup&gt;&lt;/sub&gt;&lt;br /&gt;&lt;b&gt;My Tumblr:&lt;/b&gt;&lt;span&gt;&amp;nbsp;&lt;/span&gt;&lt;a class=&quot;external&quot; href=&quot;https://www.deviantart.com/users/outgoing?http://kitkaloid.tumblr.com/&quot;&gt;kitkaloid.tumblr.com/&lt;/a&gt;&lt;br /&gt;&lt;b&gt;My Insta:&lt;/b&gt;&lt;span&gt;&amp;nbsp;&lt;/span&gt;&lt;a href=&quot;https://www.deviantart.com/users/outgoing?http://kitkaloid.tumblr.com/&quot;&gt;&lt;/a&gt;&lt;a class=&quot;external&quot; href=&quot;https://www.deviantart.com/users/outgoing?https://www.instagram.com/kitkaloid/?hl=en&quot;&gt;www.instagram.com/kitkaloid/?h&amp;#8230;&lt;/a&gt;&lt;br /&gt;&lt;b&gt;My Twitter:&lt;/b&gt;&lt;span&gt;&amp;nbsp;&lt;/span&gt;&lt;a href=&quot;https://www.deviantart.com/users/outgoing?http://kitkaloid.tumblr.com/&quot;&gt;&lt;/a&gt;&lt;a class=&quot;external&quot; href=&quot;https://www.deviantart.com/users/outgoing?https://twitter.com/strucktrue&quot;&gt;twitter.com/strucktrue&lt;/a&gt;&lt;br /&gt;&lt;div&gt;&lt;img src=&quot;https://t00.deviantart.net/lvCHBXTqsHoweEch92mrBSxYp9s=/300x200/filters:fixed_height(100,100):origin()/pre00/f6ab/th/pre/f/2019/055/5/1/impimyo22_by_kitkaloid-dd0n1ky.png&quot; alt=&quot;thumbnail&quot; /&gt;&lt;/div&gt;</description>            </item>
                    <item>
                <title>Floral fairies</title>
                <link>https://telthona.deviantart.com/art/Floral-fairies-787186303</link>
                <guid isPermaLink="true">https://telthona.deviantart.com/art/Floral-fairies-787186303</guid>
                <pubDate>Mon, 25 Feb 2019 06:01:32 PST</pubDate>
                        <media:title type="plain">Floral fairies</media:title>
        <media:keywords></media:keywords>
                        <media:rating>nonadult</media:rating>
                <media:category label="Storybook">traditional/paintings/illustration/storybook</media:category>
        <media:credit role="author" scheme="urn:ebu">telthona</media:credit>
        <media:credit role="author" scheme="urn:ebu">https://a.deviantart.net/avatars/t/e/telthona.png?5</media:credit>
        <media:copyright url="https://telthona.deviantart.com">Copyright 2019 telthona</media:copyright>
            <media:community>
                <media:tags>@telthona</media:tags>
            </media:community>            <media:description type="html">&lt;div&gt;Some fairy designs to expand a bit field of&amp;nbsp; my expertise. Trying to do some more children book illustration style recently &lt;img src=&quot;https://e.deviantart.net/emoticons/s/smile.gif&quot; width=&quot;15&quot; height=&quot;15&quot; alt=&quot;:)&quot; data-embed-type=&quot;emoticon&quot; data-embed-id=&quot;391&quot; title=&quot;:) (Smile)&quot;/&gt; &lt;br /&gt;&lt;/div&gt;&lt;div&gt;Hope you like them!&lt;/div&gt;&lt;div&gt;&lt;br /&gt;&lt;/div&gt;&lt;div&gt;From left: Salad, Clover, Poppy, Daisy&lt;/div&gt;&lt;div&gt;&lt;br /&gt;&lt;/div&gt;&lt;div&gt;CLOSEUPS HQ ON ARTSTATION: &lt;a class=&quot;external&quot; href=&quot;https://www.deviantart.com/users/outgoing?https://www.artstation.com/artwork/rRWO4L&quot;&gt;www.artstation.com/artwork/rRW&amp;hellip;&lt;/a&gt;&lt;br /&gt;&lt;/div&gt;&lt;div&gt;&lt;br /&gt;&lt;/div&gt;&lt;div&gt;&lt;br /&gt;My other places:&lt;a href=&quot;https://www.deviantart.com/jerikuto/art/Bunny-Emoji-72-Kawaii-V4-462123125&quot; class=&quot;emoticon&quot; data-embed-type=&quot;emoticon&quot; data-embed-id=&quot;462123125&quot; data-embed-profile=&quot;deviation&quot;&gt;&lt;img src=&quot;https://orig00.deviantart.net/92b0/f/2014/170/b/6/bunny_emoji_72__kawaii___v4__by_jerikuto-d7n4whh.gif&quot; alt=&quot;Bunny Emoji-72 (Kawaii) [V4]&quot; style=&quot;width:20px;height:20px&quot;&gt;&lt;/a&gt;&lt;div&gt; &lt;br /&gt;&lt;a href=&quot;https://www.deviantart.com/linux-rules/art/ArtStation-Icon-ultramini-628815345&quot; class=&quot;emoticon&quot; data-embed-type=&quot;emoticon&quot; data-embed-id=&quot;628815345&quot; data-embed-profile=&quot;deviation&quot;&gt;&lt;img src=&quot;https://images-wixmp-ed30a86b8c4ca887773594c2.wixmp.com/intermediary/f/25e46574-05d5-4425-916d-e5292bb066ac/daedp0x-58b568ef-afac-4d36-96e7-1139e41ecd30.png&quot; alt=&quot;ArtStation Icon ultramini&quot; style=&quot;width:16px;height:16px&quot;&gt;&lt;/a&gt; &lt;a class=&quot;external&quot; href=&quot;https://www.deviantart.com/users/outgoing?https://www.artstation.com/artist/telthona&quot;&gt;artstiation&lt;/a&gt;&lt;br /&gt;&lt;a href=&quot;https://www.deviantart.com/vampirehelenaharper/art/New-Instagram-Logo-Icon-608654025&quot; class=&quot;emoticon&quot; data-embed-type=&quot;emoticon&quot; data-embed-id=&quot;608654025&quot; data-embed-profile=&quot;deviation&quot;&gt;&lt;img src=&quot;https://images-wixmp-ed30a86b8c4ca887773594c2.wixmp.com/intermediary/f/80bda55e-e860-4969-8f37-9e9d51e43927/da2dkg9-24287811-a278-46bc-896e-3f1de0c9e811.png&quot; alt=&quot;New Instagram Logo/Icon&quot; style=&quot;width:17px;height:17px&quot;&gt;&lt;/a&gt; &lt;a class=&quot;external&quot; href=&quot;https://www.deviantart.com/users/outgoing?https://www.instagram.com/telthona/&quot;&gt;instagram&lt;/a&gt;&lt;br /&gt;&lt;a href=&quot;https://www.deviantart.com/poserfan/art/Tumblr-Icon-314822709&quot; class=&quot;emoticon&quot; data-embed-type=&quot;emoticon&quot; data-embed-id=&quot;314822709&quot; data-embed-profile=&quot;deviation&quot;&gt;&lt;img src=&quot;https://orig00.deviantart.net/28ed/f/2015/212/c/0/tumblr_icon_by_poserfan-d57fqr9.gif&quot; alt=&quot;Tumblr Icon&quot; style=&quot;width:16px;height:16px&quot;&gt;&lt;/a&gt; &lt;a class=&quot;external&quot; href=&quot;https://www.deviantart.com/users/outgoing?http://telthona.tumblr.com/&quot;&gt;tumblr&lt;/a&gt;&lt;/div&gt;&lt;div&gt;&lt;a href=&quot;https://www.deviantart.com/poserfan/art/Twitter-Bird-Icon-314822882&quot; class=&quot;emoticon&quot; data-embed-type=&quot;emoticon&quot; data-embed-id=&quot;314822882&quot; data-embed-profile=&quot;deviation&quot;&gt;&lt;img src=&quot;https://orig00.deviantart.net/8002/f/2012/197/3/7/371cd85ab8ddc0776767bbeffa2ca89e-d57fqw2.gif&quot; alt=&quot;Twitter Bird Icon&quot; style=&quot;width:16px;height:16px&quot;&gt;&lt;/a&gt; &lt;a class=&quot;external&quot; href=&quot;https://www.deviantart.com/users/outgoing?https://twitter.com/telthona&quot;&gt;twitter&lt;/a&gt;&lt;br /&gt;&lt;a href=&quot;https://www.deviantart.com/cherushimetsumari/art/facebook-537756153&quot; class=&quot;emoticon&quot; data-embed-type=&quot;emoticon&quot; data-embed-id=&quot;537756153&quot; data-embed-profile=&quot;deviation&quot;&gt;&lt;img src=&quot;https://images-wixmp-ed30a86b8c4ca887773594c2.wixmp.com/intermediary/f/91df458d-5ec8-4ebb-a30e-328d4fd1ea22/d8w5zax-47010060-a718-4836-8db2-3ca3550ddf11.png&quot; alt=&quot;:facebook:&quot; style=&quot;width:16px;height:16px&quot;&gt;&lt;/a&gt; &lt;a class=&quot;external&quot; href=&quot;https://www.deviantart.com/users/outgoing?https://www.facebook.com/telthona/&quot;&gt;facebook&lt;/a&gt;&lt;/div&gt;&lt;/div&gt;&lt;div&gt;and now also: &lt;a href=&quot;https://www.deviantart.com/poserfan/art/Twitch-Icon-610621096&quot; class=&quot;emoticon&quot; data-embed-type=&quot;emoticon&quot; data-embed-id=&quot;610621096&quot; data-embed-profile=&quot;deviation&quot;&gt;&lt;img src=&quot;https://images-wixmp-ed30a86b8c4ca887773594c2.wixmp.com/intermediary/f/0a6e9796-d386-4234-97d1-d46c16906e81/da3jq94-f2cfceb5-2e4c-414a-9944-18f6e0b616c2.png&quot; alt=&quot;Twitch Icon&quot; style=&quot;width:16px;height:16px&quot;&gt;&lt;/a&gt; &lt;a class=&quot;external&quot; href=&quot;https://www.deviantart.com/users/outgoing?https://www.twitch.tv/telthona&quot;&gt;twitch!&lt;/a&gt; &lt;br /&gt;&lt;/div&gt;</media:description>            <media:thumbnail url="https://t00.deviantart.net/JO6Xcb4pTVEeV3yGIlqtjIyBnaA=/fit-in/150x150/filters:no_upscale():origin()/pre00/8ff8/th/pre/f/2019/056/d/d/floral_fairies_by_telthona-dd0o4u7.jpg" height="64" width="150"/>            <media:thumbnail url="https://t00.deviantart.net/bZPhr5gvXfSOF1NhZYm-iRqmfdc=/fit-in/300x900/filters:no_upscale():origin()/pre00/8ff8/th/pre/f/2019/056/d/d/floral_fairies_by_telthona-dd0o4u7.jpg" height="127" width="300"/>            <media:thumbnail url="https://t00.deviantart.net/nRSjivoCoM2olJYdxqhMe8lENuQ=/300x200/filters:fixed_height(100,100):origin()/pre00/8ff8/th/pre/f/2019/056/d/d/floral_fairies_by_telthona-dd0o4u7.jpg" height="127" width="300"/>            <media:content url="https://pre00.deviantart.net/8ff8/th/pre/f/2019/056/d/d/floral_fairies_by_telthona-dd0o4u7.jpg" height="582" width="1374" medium="image"/>            
            <description>&lt;div&gt;Some fairy designs to expand a bit field of&amp;nbsp; my expertise. Trying to do some more children book illustration style recently &lt;img src=&quot;https://e.deviantart.net/emoticons/s/smile.gif&quot; width=&quot;15&quot; height=&quot;15&quot; alt=&quot;:)&quot; data-embed-type=&quot;emoticon&quot; data-embed-id=&quot;391&quot; title=&quot;:) (Smile)&quot;/&gt; &lt;br /&gt;&lt;/div&gt;&lt;div&gt;Hope you like them!&lt;/div&gt;&lt;div&gt;&lt;br /&gt;&lt;/div&gt;&lt;div&gt;From left: Salad, Clover, Poppy, Daisy&lt;/div&gt;&lt;div&gt;&lt;br /&gt;&lt;/div&gt;&lt;div&gt;CLOSEUPS HQ ON ARTSTATION: &lt;a class=&quot;external&quot; href=&quot;https://www.deviantart.com/users/outgoing?https://www.artstation.com/artwork/rRWO4L&quot;&gt;www.artstation.com/artwork/rRW&amp;hellip;&lt;/a&gt;&lt;br /&gt;&lt;/div&gt;&lt;div&gt;&lt;br /&gt;&lt;/div&gt;&lt;div&gt;&lt;br /&gt;My other places:&lt;a href=&quot;https://www.deviantart.com/jerikuto/art/Bunny-Emoji-72-Kawaii-V4-462123125&quot; class=&quot;emoticon&quot; data-embed-type=&quot;emoticon&quot; data-embed-id=&quot;462123125&quot; data-embed-profile=&quot;deviation&quot;&gt;&lt;img src=&quot;https://orig00.deviantart.net/92b0/f/2014/170/b/6/bunny_emoji_72__kawaii___v4__by_jerikuto-d7n4whh.gif&quot; alt=&quot;Bunny Emoji-72 (Kawaii) [V4]&quot; style=&quot;width:20px;height:20px&quot;&gt;&lt;/a&gt;&lt;div&gt; &lt;br /&gt;&lt;a href=&quot;https://www.deviantart.com/linux-rules/art/ArtStation-Icon-ultramini-628815345&quot; class=&quot;emoticon&quot; data-embed-type=&quot;emoticon&quot; data-embed-id=&quot;628815345&quot; data-embed-profile=&quot;deviation&quot;&gt;&lt;img src=&quot;https://images-wixmp-ed30a86b8c4ca887773594c2.wixmp.com/intermediary/f/25e46574-05d5-4425-916d-e5292bb066ac/daedp0x-58b568ef-afac-4d36-96e7-1139e41ecd30.png&quot; alt=&quot;ArtStation Icon ultramini&quot; style=&quot;width:16px;height:16px&quot;&gt;&lt;/a&gt; &lt;a class=&quot;external&quot; href=&quot;https://www.deviantart.com/users/outgoing?https://www.artstation.com/artist/telthona&quot;&gt;artstiation&lt;/a&gt;&lt;br /&gt;&lt;a href=&quot;https://www.deviantart.com/vampirehelenaharper/art/New-Instagram-Logo-Icon-608654025&quot; class=&quot;emoticon&quot; data-embed-type=&quot;emoticon&quot; data-embed-id=&quot;608654025&quot; data-embed-profile=&quot;deviation&quot;&gt;&lt;img src=&quot;https://images-wixmp-ed30a86b8c4ca887773594c2.wixmp.com/intermediary/f/80bda55e-e860-4969-8f37-9e9d51e43927/da2dkg9-24287811-a278-46bc-896e-3f1de0c9e811.png&quot; alt=&quot;New Instagram Logo/Icon&quot; style=&quot;width:17px;height:17px&quot;&gt;&lt;/a&gt; &lt;a class=&quot;external&quot; href=&quot;https://www.deviantart.com/users/outgoing?https://www.instagram.com/telthona/&quot;&gt;instagram&lt;/a&gt;&lt;br /&gt;&lt;a href=&quot;https://www.deviantart.com/poserfan/art/Tumblr-Icon-314822709&quot; class=&quot;emoticon&quot; data-embed-type=&quot;emoticon&quot; data-embed-id=&quot;314822709&quot; data-embed-profile=&quot;deviation&quot;&gt;&lt;img src=&quot;https://orig00.deviantart.net/28ed/f/2015/212/c/0/tumblr_icon_by_poserfan-d57fqr9.gif&quot; alt=&quot;Tumblr Icon&quot; style=&quot;width:16px;height:16px&quot;&gt;&lt;/a&gt; &lt;a class=&quot;external&quot; href=&quot;https://www.deviantart.com/users/outgoing?http://telthona.tumblr.com/&quot;&gt;tumblr&lt;/a&gt;&lt;/div&gt;&lt;div&gt;&lt;a href=&quot;https://www.deviantart.com/poserfan/art/Twitter-Bird-Icon-314822882&quot; class=&quot;emoticon&quot; data-embed-type=&quot;emoticon&quot; data-embed-id=&quot;314822882&quot; data-embed-profile=&quot;deviation&quot;&gt;&lt;img src=&quot;https://orig00.deviantart.net/8002/f/2012/197/3/7/371cd85ab8ddc0776767bbeffa2ca89e-d57fqw2.gif&quot; alt=&quot;Twitter Bird Icon&quot; style=&quot;width:16px;height:16px&quot;&gt;&lt;/a&gt; &lt;a class=&quot;external&quot; href=&quot;https://www.deviantart.com/users/outgoing?https://twitter.com/telthona&quot;&gt;twitter&lt;/a&gt;&lt;br /&gt;&lt;a href=&quot;https://www.deviantart.com/cherushimetsumari/art/facebook-537756153&quot; class=&quot;emoticon&quot; data-embed-type=&quot;emoticon&quot; data-embed-id=&quot;537756153&quot; data-embed-profile=&quot;deviation&quot;&gt;&lt;img src=&quot;https://images-wixmp-ed30a86b8c4ca887773594c2.wixmp.com/intermediary/f/91df458d-5ec8-4ebb-a30e-328d4fd1ea22/d8w5zax-47010060-a718-4836-8db2-3ca3550ddf11.png&quot; alt=&quot;:facebook:&quot; style=&quot;width:16px;height:16px&quot;&gt;&lt;/a&gt; &lt;a class=&quot;external&quot; href=&quot;https://www.deviantart.com/users/outgoing?https://www.facebook.com/telthona/&quot;&gt;facebook&lt;/a&gt;&lt;/div&gt;&lt;/div&gt;&lt;div&gt;and now also: &lt;a href=&quot;https://www.deviantart.com/poserfan/art/Twitch-Icon-610621096&quot; class=&quot;emoticon&quot; data-embed-type=&quot;emoticon&quot; data-embed-id=&quot;610621096&quot; data-embed-profile=&quot;deviation&quot;&gt;&lt;img src=&quot;https://images-wixmp-ed30a86b8c4ca887773594c2.wixmp.com/intermediary/f/0a6e9796-d386-4234-97d1-d46c16906e81/da3jq94-f2cfceb5-2e4c-414a-9944-18f6e0b616c2.png&quot; alt=&quot;Twitch Icon&quot; style=&quot;width:16px;height:16px&quot;&gt;&lt;/a&gt; &lt;a class=&quot;external&quot; href=&quot;https://www.deviantart.com/users/outgoing?https://www.twitch.tv/telthona&quot;&gt;twitch!&lt;/a&gt; &lt;br /&gt;&lt;/div&gt;&lt;br /&gt;&lt;div&gt;&lt;img src=&quot;https://t00.deviantart.net/nRSjivoCoM2olJYdxqhMe8lENuQ=/300x200/filters:fixed_height(100,100):origin()/pre00/8ff8/th/pre/f/2019/056/d/d/floral_fairies_by_telthona-dd0o4u7.jpg&quot; alt=&quot;thumbnail&quot; /&gt;&lt;/div&gt;</description>            </item>
                    <item>
                <title>Claire Redfield Ass-ception</title>
                <link>https://fluffernubber.deviantart.com/art/Claire-Redfield-Ass-ception-787144420</link>
                <guid isPermaLink="true">https://fluffernubber.deviantart.com/art/Claire-Redfield-Ass-ception-787144420</guid>
                <pubDate>Sun, 24 Feb 2019 20:19:21 PST</pubDate>
                        <media:title type="plain">Claire Redfield Ass-ception</media:title>
        <media:keywords></media:keywords>
                        <media:rating>adult</media:rating>
                <media:category label="Games">fanart/digital/drawings/games</media:category>
        <media:credit role="author" scheme="urn:ebu">Fluffernubber</media:credit>
        <media:credit role="author" scheme="urn:ebu">https://a.deviantart.net/avatars/f/l/fluffernubber.gif?4</media:credit>
        <media:copyright url="https://fluffernubber.deviantart.com">Copyright 2019 Fluffernubber</media:copyright>
            <media:community>
                <media:tags>@dullvivid</media:tags>
            </media:community>            <media:description type="html">steve burnside stares at claire staring at her own self staring at her own ass as she stares at herself into infinity&amp;nbsp;</media:description>            <media:thumbnail url="https://t00.deviantart.net/kRlXuLbu-IDIaOXPdnAuMwUPq_A=/fit-in/150x150/filters:no_upscale():origin()/pre00/8030/th/pre/f/2019/055/6/7/claire_redfield_ass_ception_by_fluffernubber-dd0n8is.png" height="110" width="150"/>            <media:thumbnail url="https://t00.deviantart.net/IqYcuAlYzKmu9_rNYo1Z_0EZtyQ=/fit-in/300x900/filters:no_upscale():origin()/pre00/8030/th/pre/f/2019/055/6/7/claire_redfield_ass_ception_by_fluffernubber-dd0n8is.png" height="220" width="300"/>            <media:thumbnail url="https://t00.deviantart.net/TWhlFbZkNgf1OW5JnITAGPOwv1U=/300x200/filters:fixed_height(100,100):origin()/pre00/8030/th/pre/f/2019/055/6/7/claire_redfield_ass_ception_by_fluffernubber-dd0n8is.png" height="200" width="273"/>            <media:content url="https://pre00.deviantart.net/8030/th/pre/f/2019/055/6/7/claire_redfield_ass_ception_by_fluffernubber-dd0n8is.png" height="765" width="1045" medium="image"/>            
            <description>steve burnside stares at claire staring at her own self staring at her own ass as she stares at herself into infinity&amp;nbsp;&lt;br /&gt;&lt;div&gt;&lt;img src=&quot;https://t00.deviantart.net/TWhlFbZkNgf1OW5JnITAGPOwv1U=/300x200/filters:fixed_height(100,100):origin()/pre00/8030/th/pre/f/2019/055/6/7/claire_redfield_ass_ception_by_fluffernubber-dd0n8is.png&quot; alt=&quot;thumbnail&quot; /&gt;&lt;/div&gt;</description>            </item>
                    <item>
                <title>Dealing with haters</title>
                <link>https://bleedman.deviantart.com/art/Dealing-with-haters-787177359</link>
                <guid isPermaLink="true">https://bleedman.deviantart.com/art/Dealing-with-haters-787177359</guid>
                <pubDate>Mon, 25 Feb 2019 04:01:53 PST</pubDate>
                        <media:title type="plain">Dealing with haters</media:title>
        <media:keywords></media:keywords>
                        <media:rating>nonadult</media:rating>
                <media:category label="Conceptual">digitalart/paintings/illustrations/conceptual</media:category>
        <media:credit role="author" scheme="urn:ebu">bleedman</media:credit>
        <media:credit role="author" scheme="urn:ebu">https://a.deviantart.net/avatars/b/l/bleedman.png?10</media:credit>
        <media:copyright url="https://bleedman.deviantart.com">Copyright 2019 bleedman</media:copyright>            <media:description type="html">&lt;div&gt;I have made some bad decisions and I hope I can learn from my mistake to better myself. &lt;br /&gt;&lt;/div&gt;&lt;div&gt;&lt;br /&gt;&lt;/div&gt;&lt;div&gt;&lt;i&gt;&lt;b&gt;&lt;a class=&quot;external&quot; href=&quot;https://www.deviantart.com/users/outgoing?https://snafu-comics.com/swmcomic/an-unexpected-party/&quot;&gt;Boom! SURPRISE!&lt;/a&gt;&lt;/b&gt;&lt;/i&gt;&lt;/div&gt;&lt;div&gt;&lt;br /&gt;&lt;/div&gt;&lt;div&gt;&lt;div align=&quot;start&quot;&gt;&lt;i&gt;&lt;b&gt;Support the PPGD Webcomic at&lt;span&gt;&amp;nbsp;&lt;/span&gt;&lt;a class=&quot;external&quot; href=&quot;https://www.deviantart.com/users/outgoing?https://www.patreon.com/vinson&quot;&gt;PPGD Patreon&lt;/a&gt;&lt;br /&gt;&lt;/b&gt;&lt;/i&gt;&lt;/div&gt;&lt;div align=&quot;start&quot;&gt;&lt;div&gt;&lt;i&gt;&lt;b&gt;&lt;br /&gt;&lt;/b&gt;&lt;/i&gt;&lt;/div&gt;&lt;i&gt;&lt;b&gt;Check out some cool stuff at&lt;span&gt;&amp;nbsp;&lt;/span&gt;&lt;a class=&quot;external&quot; href=&quot;https://www.deviantart.com/users/outgoing?https://sharkrobot.com/&quot;&gt;Shark Robot&lt;/a&gt;&lt;/b&gt;&lt;/i&gt;&lt;/div&gt;&lt;/div&gt;</media:description>            <media:thumbnail url="https://t00.deviantart.net/xoIPOc6j2Pu4-sD1durBdlMIE_I=/fit-in/150x150/filters:no_upscale():origin()/pre00/0e7f/th/pre/f/2019/056/c/1/dealing_with_haters_by_bleedman-dd0nxxr.png" height="150" width="135"/>            <media:thumbnail url="https://t00.deviantart.net/9e2ot-KmDuoOnTdvkQ8fWC4_PvY=/fit-in/300x900/filters:no_upscale():origin()/pre00/0e7f/th/pre/f/2019/056/c/1/dealing_with_haters_by_bleedman-dd0nxxr.png" height="334" width="300"/>            <media:thumbnail url="https://t00.deviantart.net/_S6nytsRMrWoesmqEXLBJ3bVVfw=/300x200/filters:fixed_height(100,100):origin()/pre00/0e7f/th/pre/f/2019/056/c/1/dealing_with_haters_by_bleedman-dd0nxxr.png" height="200" width="180"/>            <media:content url="https://pre00.deviantart.net/0e7f/th/pre/f/2019/056/c/1/dealing_with_haters_by_bleedman-dd0nxxr.png" height="944" width="847" medium="image"/>            
            <description>&lt;div&gt;I have made some bad decisions and I hope I can learn from my mistake to better myself. &lt;br /&gt;&lt;/div&gt;&lt;div&gt;&lt;br /&gt;&lt;/div&gt;&lt;div&gt;&lt;i&gt;&lt;b&gt;&lt;a class=&quot;external&quot; href=&quot;https://www.deviantart.com/users/outgoing?https://snafu-comics.com/swmcomic/an-unexpected-party/&quot;&gt;Boom! SURPRISE!&lt;/a&gt;&lt;/b&gt;&lt;/i&gt;&lt;/div&gt;&lt;div&gt;&lt;br /&gt;&lt;/div&gt;&lt;div&gt;&lt;div align=&quot;start&quot;&gt;&lt;i&gt;&lt;b&gt;Support the PPGD Webcomic at&lt;span&gt;&amp;nbsp;&lt;/span&gt;&lt;a class=&quot;external&quot; href=&quot;https://www.deviantart.com/users/outgoing?https://www.patreon.com/vinson&quot;&gt;PPGD Patreon&lt;/a&gt;&lt;br /&gt;&lt;/b&gt;&lt;/i&gt;&lt;/div&gt;&lt;div align=&quot;start&quot;&gt;&lt;div&gt;&lt;i&gt;&lt;b&gt;&lt;br /&gt;&lt;/b&gt;&lt;/i&gt;&lt;/div&gt;&lt;i&gt;&lt;b&gt;Check out some cool stuff at&lt;span&gt;&amp;nbsp;&lt;/span&gt;&lt;a class=&quot;external&quot; href=&quot;https://www.deviantart.com/users/outgoing?https://sharkrobot.com/&quot;&gt;Shark Robot&lt;/a&gt;&lt;/b&gt;&lt;/i&gt;&lt;/div&gt;&lt;/div&gt;&lt;br /&gt;&lt;div&gt;&lt;img src=&quot;https://t00.deviantart.net/_S6nytsRMrWoesmqEXLBJ3bVVfw=/300x200/filters:fixed_height(100,100):origin()/pre00/0e7f/th/pre/f/2019/056/c/1/dealing_with_haters_by_bleedman-dd0nxxr.png&quot; alt=&quot;thumbnail&quot; /&gt;&lt;/div&gt;</description>            </item>
                    <item>
                <title>mother nature</title>
                <link>https://peach-water.deviantart.com/art/mother-nature-787137004</link>
                <guid isPermaLink="true">https://peach-water.deviantart.com/art/mother-nature-787137004</guid>
                <pubDate>Sun, 24 Feb 2019 19:15:07 PST</pubDate>
                        <media:title type="plain">mother nature</media:title>
        <media:keywords></media:keywords>
                        <media:rating>nonadult</media:rating>
                <media:category label="Macabre &amp; Horror">digitalart/paintings/macabre</media:category>
        <media:credit role="author" scheme="urn:ebu">peach-water</media:credit>
        <media:credit role="author" scheme="urn:ebu">https://a.deviantart.net/avatars/p/e/peach-water.png?10</media:credit>
        <media:copyright url="https://peach-water.deviantart.com">Copyright 2019 peach-water</media:copyright>            <media:description type="html">design comm 83</media:description>            <media:thumbnail url="https://t00.deviantart.net/PHyYpdrG_bAB6DnXmpMsHDdBkB0=/fit-in/150x150/filters:no_upscale():origin()/pre00/4241/th/pre/f/2019/055/a/4/mother_nature_by_peach_water-dd0n2ss.png" height="129" width="150"/>            <media:thumbnail url="https://t00.deviantart.net/4My1nj0itzim8mYvuT6Cd_GGmFg=/fit-in/300x900/filters:no_upscale():origin()/pre00/4241/th/pre/f/2019/055/a/4/mother_nature_by_peach_water-dd0n2ss.png" height="258" width="300"/>            <media:thumbnail url="https://t00.deviantart.net/rzdkY4FAae-6Hq1mhXwhJ4o3DcI=/300x200/filters:fixed_height(100,100):origin()/pre00/4241/th/pre/f/2019/055/a/4/mother_nature_by_peach_water-dd0n2ss.png" height="200" width="232"/>            <media:content url="https://pre00.deviantart.net/4241/th/pre/f/2019/055/a/4/mother_nature_by_peach_water-dd0n2ss.png" height="829" width="963" medium="image"/>            
            <description>design comm 83&lt;br /&gt;&lt;div&gt;&lt;img src=&quot;https://t00.deviantart.net/rzdkY4FAae-6Hq1mhXwhJ4o3DcI=/300x200/filters:fixed_height(100,100):origin()/pre00/4241/th/pre/f/2019/055/a/4/mother_nature_by_peach_water-dd0n2ss.png&quot; alt=&quot;thumbnail&quot; /&gt;&lt;/div&gt;</description>            </item>
                    <item>
                <title>August 2018 #2 - 2nd Place - Tifa</title>
                <link>https://wossarem.deviantart.com/art/August-2018-2-2nd-Place-Tifa-787226173</link>
                <guid isPermaLink="true">https://wossarem.deviantart.com/art/August-2018-2-2nd-Place-Tifa-787226173</guid>
                <pubDate>Mon, 25 Feb 2019 12:31:56 PST</pubDate>
                        <media:title type="plain">August 2018 #2 - 2nd Place - Tifa</media:title>
        <media:keywords></media:keywords>
                        <media:rating>adult</media:rating>
                <media:category label="Other">digitalart/paintings/other</media:category>
        <media:credit role="author" scheme="urn:ebu">WossaRem</media:credit>
        <media:credit role="author" scheme="urn:ebu">https://a.deviantart.net/avatars/w/o/wossarem.jpg?4</media:credit>
        <media:copyright url="https://wossarem.deviantart.com">Copyright 2019 WossaRem</media:copyright>            <media:description type="html">&lt;div&gt;The 2nd Place Winner of August 2018&#039;s second &lt;a class=&quot;external&quot; href=&quot;https://www.deviantart.com/users/outgoing?https://www.patreon.com/Wossa&quot;&gt;Patreon&lt;/a&gt; Fanart Vote was &lt;b&gt;Tifa&lt;/b&gt; from &lt;i&gt;Final Fantasy VII&lt;/i&gt; (feat. &lt;b&gt;Yuffie&lt;/b&gt;)!&lt;/div&gt;&lt;div&gt;&lt;br /&gt;&lt;/div&gt;&lt;div&gt;Yuffie&#039;s gonna get her Materia, one way or another - and lucky for us, she chose the most fun way!&lt;p&gt;Thanks to &lt;a target=&quot;_self&quot; href=&quot;https://www.deviantart.com/aidenke&quot; &gt;&lt;img class=&quot;avatar&quot; width=&quot;50&quot; height=&quot;50&quot; src=&quot;https://a.deviantart.net/avatars/a/i/aidenke.gif&quot; alt=&quot;:iconaidenke:&quot; title=&quot;aidenke&quot; /&gt;&lt;/a&gt; for taking on the role of Immersion Scientist for this one!&lt;br /&gt;&lt;br /&gt;Please also check out my &lt;a class=&quot;external&quot; href=&quot;https://www.deviantart.com/users/outgoing?https://twitter.com/WossaRem&quot;&gt;Twitter&lt;/a&gt; and &lt;a class=&quot;external&quot; href=&quot;https://www.deviantart.com/users/outgoing?https://pixiv.me/wossa&quot;&gt;Pixiv&lt;/a&gt; accounts!&lt;br /&gt;&lt;/p&gt;&lt;/div&gt;</media:description>            <media:thumbnail url="https://t00.deviantart.net/lWYvp6nQTXcfP79aXSED5Xmco08=/fit-in/150x150/filters:no_upscale():origin()/pre00/46b5/th/pre/f/2019/056/5/9/august_2018__2___2nd_place___tifa_by_wossarem-dd0ozlp.png" height="120" width="150"/>            <media:thumbnail url="https://t00.deviantart.net/ie0jICUDJ7GN7-md11f5mQpS_AQ=/fit-in/300x900/filters:no_upscale():origin()/pre00/46b5/th/pre/f/2019/056/5/9/august_2018__2___2nd_place___tifa_by_wossarem-dd0ozlp.png" height="240" width="300"/>            <media:thumbnail url="https://t00.deviantart.net/dyfmi2ilx2Puk385E1RD-OMcVNI=/300x200/filters:fixed_height(100,100):origin()/pre00/46b5/th/pre/f/2019/056/5/9/august_2018__2___2nd_place___tifa_by_wossarem-dd0ozlp.png" height="200" width="250"/>            <media:content url="https://pre00.deviantart.net/46b5/th/pre/f/2019/056/5/9/august_2018__2___2nd_place___tifa_by_wossarem-dd0ozlp.png" height="799" width="1000" medium="image"/>            
            <description>&lt;div&gt;The 2nd Place Winner of August 2018&#039;s second &lt;a class=&quot;external&quot; href=&quot;https://www.deviantart.com/users/outgoing?https://www.patreon.com/Wossa&quot;&gt;Patreon&lt;/a&gt; Fanart Vote was &lt;b&gt;Tifa&lt;/b&gt; from &lt;i&gt;Final Fantasy VII&lt;/i&gt; (feat. &lt;b&gt;Yuffie&lt;/b&gt;)!&lt;/div&gt;&lt;div&gt;&lt;br /&gt;&lt;/div&gt;&lt;div&gt;Yuffie&#039;s gonna get her Materia, one way or another - and lucky for us, she chose the most fun way!&lt;p&gt;Thanks to &lt;a target=&quot;_self&quot; href=&quot;https://www.deviantart.com/aidenke&quot; &gt;&lt;img class=&quot;avatar&quot; width=&quot;50&quot; height=&quot;50&quot; src=&quot;https://a.deviantart.net/avatars/a/i/aidenke.gif&quot; alt=&quot;:iconaidenke:&quot; title=&quot;aidenke&quot; /&gt;&lt;/a&gt; for taking on the role of Immersion Scientist for this one!&lt;br /&gt;&lt;br /&gt;Please also check out my &lt;a class=&quot;external&quot; href=&quot;https://www.deviantart.com/users/outgoing?https://twitter.com/WossaRem&quot;&gt;Twitter&lt;/a&gt; and &lt;a class=&quot;external&quot; href=&quot;https://www.deviantart.com/users/outgoing?https://pixiv.me/wossa&quot;&gt;Pixiv&lt;/a&gt; accounts!&lt;br /&gt;&lt;/p&gt;&lt;/div&gt;&lt;br /&gt;&lt;div&gt;&lt;img src=&quot;https://t00.deviantart.net/dyfmi2ilx2Puk385E1RD-OMcVNI=/300x200/filters:fixed_height(100,100):origin()/pre00/46b5/th/pre/f/2019/056/5/9/august_2018__2___2nd_place___tifa_by_wossarem-dd0ozlp.png&quot; alt=&quot;thumbnail&quot; /&gt;&lt;/div&gt;</description>            </item>
                    <item>
                <title>Pucca: TONT Page 47</title>
                <link>https://littlekidsin.deviantart.com/art/Pucca-TONT-Page-47-787164764</link>
                <guid isPermaLink="true">https://littlekidsin.deviantart.com/art/Pucca-TONT-Page-47-787164764</guid>
                <pubDate>Mon, 25 Feb 2019 00:33:28 PST</pubDate>
                        <media:title type="plain">Pucca: TONT Page 47</media:title>
        <media:keywords></media:keywords>
                        <media:rating>nonadult</media:rating>
                <media:category label="Pages">cartoons/digital/comics/pages</media:category>
        <media:credit role="author" scheme="urn:ebu">LittleKidsin</media:credit>
        <media:credit role="author" scheme="urn:ebu">https://a.deviantart.net/avatars/l/i/littlekidsin.jpg?8</media:credit>
        <media:copyright url="https://littlekidsin.deviantart.com">Copyright 2019 LittleKidsin</media:copyright>            <media:description type="html">Hi guys! I hope you&#039;re all having a good start to the week~ &lt;br /&gt;I&#039;m sorry for the wait for this one, as most of you know, I was unwell and couldn&#039;t find the strength to get this done on time ; v ; Hopefully next weeks update will look better!&lt;br /&gt;&lt;br /&gt;Thank you for your patience and understanding &lt;img src=&quot;https://e.deviantart.net/emoticons/h/heart.gif&quot; width=&quot;15&quot; height=&quot;13&quot; alt=&quot;:heart:&quot; data-embed-type=&quot;emoticon&quot; data-embed-id=&quot;357&quot; title=&quot;Heart&quot;/&gt; I worked really hard on this page ;; so I hope you like it!&lt;br /&gt;&lt;br /&gt;&lt;span&gt;Thanks for reading!&amp;nbsp;&lt;/span&gt;&lt;span&gt;See you next week~~&lt;/span&gt;&lt;br /&gt;&lt;br /&gt;&lt;span&gt;Cover:&amp;nbsp;&lt;span class=&quot;shadow-holder&quot; data-embed-type=&quot;deviation&quot; data-embed-id=&quot;584092762&quot; data-embed-format=&quot;thumb&quot;&gt;&lt;span class=&quot;shadow mild&quot; &gt;&lt;a class=&quot;thumb&quot; href=&quot;https://www.deviantart.com/littlekidsin/art/Pucca-Tobe-or-not-Tobe-584092762&quot; title=&quot;Pucca: Tobe or not Tobe by LittleKidsin, Jan 13, 2016 in Cartoons &amp;amp; Comics &amp;gt; Digital Media &amp;gt; Comics &amp;gt; Other&quot;data-super-img=&quot;https://images-wixmp-ed30a86b8c4ca887773594c2.wixmp.com/intermediary/f/5c2b59b0-34a7-41a5-86ac-6ed7cb8477b0/d9nr4uy-67dab5cd-1b84-4fc6-a4f9-97c9a8f97a4c.jpg/v1/fill/w_751,h_1063,q_70,strp/pucca__tobe_or_not_tobe_by_littlekidsin_d9nr4uy-pre.jpg&quot; data-super-width=&quot;751&quot; data-super-height=&quot;1063&quot; data-super-transparent=&quot;false&quot; data-super-alt=&quot;Pucca: Tobe or not Tobe by LittleKidsin&quot; data-super-full-img=&quot;https://images-wixmp-ed30a86b8c4ca887773594c2.wixmp.com/intermediary/f/5c2b59b0-34a7-41a5-86ac-6ed7cb8477b0/d9nr4uy-67dab5cd-1b84-4fc6-a4f9-97c9a8f97a4c.jpg/v1/fill/w_1024,h_1449,q_70,strp/pucca__tobe_or_not_tobe_by_littlekidsin_d9nr4uy-fullview.jpg&quot; data-super-full-width=&quot;1024&quot; data-super-full-height=&quot;1449&quot;        data-sigil=&quot;thumb&quot;&gt;
        &lt;i&gt;&lt;/i&gt;&lt;img   width=&quot;106&quot; height=&quot;150&quot; alt=&quot;Pucca: Tobe or not Tobe by LittleKidsin&quot; src=&quot;https://images-wixmp-ed30a86b8c4ca887773594c2.wixmp.com/intermediary/f/5c2b59b0-34a7-41a5-86ac-6ed7cb8477b0/d9nr4uy-67dab5cd-1b84-4fc6-a4f9-97c9a8f97a4c.jpg/v1/fit/w_150,h_150,q_70,strp/pucca__tobe_or_not_tobe_by_littlekidsin_d9nr4uy-150.jpg&quot; data-src=&quot;https://images-wixmp-ed30a86b8c4ca887773594c2.wixmp.com/intermediary/f/5c2b59b0-34a7-41a5-86ac-6ed7cb8477b0/d9nr4uy-67dab5cd-1b84-4fc6-a4f9-97c9a8f97a4c.jpg/v1/fit/w_150,h_150,q_70,strp/pucca__tobe_or_not_tobe_by_littlekidsin_d9nr4uy-150.jpg&quot; srcset=&quot;https://images-wixmp-ed30a86b8c4ca887773594c2.wixmp.com/intermediary/f/5c2b59b0-34a7-41a5-86ac-6ed7cb8477b0/d9nr4uy-67dab5cd-1b84-4fc6-a4f9-97c9a8f97a4c.jpg/v1/fit/w_150,h_150,q_70,strp/pucca__tobe_or_not_tobe_by_littlekidsin_d9nr4uy-150.jpg 106w,https://images-wixmp-ed30a86b8c4ca887773594c2.wixmp.com/intermediary/f/5c2b59b0-34a7-41a5-86ac-6ed7cb8477b0/d9nr4uy-67dab5cd-1b84-4fc6-a4f9-97c9a8f97a4c.jpg/v1/fill/w_177,h_250,q_70,strp/pucca__tobe_or_not_tobe_by_littlekidsin_d9nr4uy-250t.jpg 177w,https://images-wixmp-ed30a86b8c4ca887773594c2.wixmp.com/intermediary/f/5c2b59b0-34a7-41a5-86ac-6ed7cb8477b0/d9nr4uy-67dab5cd-1b84-4fc6-a4f9-97c9a8f97a4c.jpg/v1/crop/w_247,h_350,x_0,y_0,scl_0.1204468188441,q_70,strp/pucca__tobe_or_not_tobe_by_littlekidsin_d9nr4uy-350t.jpg 247w,https://images-wixmp-ed30a86b8c4ca887773594c2.wixmp.com/intermediary/f/5c2b59b0-34a7-41a5-86ac-6ed7cb8477b0/d9nr4uy-67dab5cd-1b84-4fc6-a4f9-97c9a8f97a4c.jpg/v1/fill/w_283,h_400,q_70,strp/pucca__tobe_or_not_tobe_by_littlekidsin_d9nr4uy-400t.jpg 283w,https://images-wixmp-ed30a86b8c4ca887773594c2.wixmp.com/intermediary/f/5c2b59b0-34a7-41a5-86ac-6ed7cb8477b0/d9nr4uy-67dab5cd-1b84-4fc6-a4f9-97c9a8f97a4c.jpg/v1/fill/w_751,h_1063,q_70,strp/pucca__tobe_or_not_tobe_by_littlekidsin_d9nr4uy-pre.jpg 751w&quot; sizes=&quot;106px&quot;&gt;&lt;/a&gt;&lt;/span&gt;&lt;!-- ^TTT --&gt;&lt;!-- TTT$ --&gt;&lt;/span&gt;&lt;/span&gt;&lt;br /&gt;&lt;br /&gt;&lt;span&gt;Next Page:&amp;nbsp;N/A&lt;/span&gt;&lt;br /&gt;&lt;span&gt;Previous Page:&amp;nbsp;&lt;span class=&quot;shadow-holder&quot; data-embed-type=&quot;deviation&quot; data-embed-id=&quot;785088194&quot; data-embed-format=&quot;thumb&quot;&gt;&lt;span class=&quot;shadow mild&quot; &gt;&lt;a class=&quot;thumb&quot; href=&quot;https://www.deviantart.com/littlekidsin/art/Pucca-TONT-Page-46-785088194&quot; title=&quot;Pucca: TONT Page 46 by LittleKidsin, Feb 11, 2019 in Cartoons &amp;amp; Comics &amp;gt; Digital Media &amp;gt; Comics &amp;gt; Pages&quot;data-super-img=&quot;https://images-wixmp-ed30a86b8c4ca887773594c2.wixmp.com/intermediary/f/5c2b59b0-34a7-41a5-86ac-6ed7cb8477b0/dczf5xe-179ac837-d836-4f80-82b0-5ebca33658ec.jpg/v1/fill/w_751,h_1063,q_70,strp/pucca__tont_page_46_by_littlekidsin_dczf5xe-pre.jpg&quot; data-super-width=&quot;751&quot; data-super-height=&quot;1063&quot; data-super-transparent=&quot;false&quot; data-super-alt=&quot;Pucca: TONT Page 46 by LittleKidsin&quot; data-super-full-img=&quot;https://images-wixmp-ed30a86b8c4ca887773594c2.wixmp.com/intermediary/f/5c2b59b0-34a7-41a5-86ac-6ed7cb8477b0/dczf5xe-179ac837-d836-4f80-82b0-5ebca33658ec.jpg/v1/fill/w_1024,h_1449,q_70,strp/pucca__tont_page_46_by_littlekidsin_dczf5xe-fullview.jpg&quot; data-super-full-width=&quot;1024&quot; data-super-full-height=&quot;1449&quot;        data-sigil=&quot;thumb&quot;&gt;
        &lt;i&gt;&lt;/i&gt;&lt;img   width=&quot;106&quot; height=&quot;150&quot; alt=&quot;Pucca: TONT Page 46 by LittleKidsin&quot; src=&quot;https://images-wixmp-ed30a86b8c4ca887773594c2.wixmp.com/intermediary/f/5c2b59b0-34a7-41a5-86ac-6ed7cb8477b0/dczf5xe-179ac837-d836-4f80-82b0-5ebca33658ec.jpg/v1/fit/w_150,h_150,q_70,strp/pucca__tont_page_46_by_littlekidsin_dczf5xe-150.jpg&quot; data-src=&quot;https://images-wixmp-ed30a86b8c4ca887773594c2.wixmp.com/intermediary/f/5c2b59b0-34a7-41a5-86ac-6ed7cb8477b0/dczf5xe-179ac837-d836-4f80-82b0-5ebca33658ec.jpg/v1/fit/w_150,h_150,q_70,strp/pucca__tont_page_46_by_littlekidsin_dczf5xe-150.jpg&quot; srcset=&quot;https://images-wixmp-ed30a86b8c4ca887773594c2.wixmp.com/intermediary/f/5c2b59b0-34a7-41a5-86ac-6ed7cb8477b0/dczf5xe-179ac837-d836-4f80-82b0-5ebca33658ec.jpg/v1/fit/w_150,h_150,q_70,strp/pucca__tont_page_46_by_littlekidsin_dczf5xe-150.jpg 106w,https://images-wixmp-ed30a86b8c4ca887773594c2.wixmp.com/intermediary/f/5c2b59b0-34a7-41a5-86ac-6ed7cb8477b0/dczf5xe-179ac837-d836-4f80-82b0-5ebca33658ec.jpg/v1/fill/w_177,h_250,q_70,strp/pucca__tont_page_46_by_littlekidsin_dczf5xe-250t.jpg 177w,https://images-wixmp-ed30a86b8c4ca887773594c2.wixmp.com/intermediary/f/5c2b59b0-34a7-41a5-86ac-6ed7cb8477b0/dczf5xe-179ac837-d836-4f80-82b0-5ebca33658ec.jpg/v1/crop/w_247,h_350,x_0,y_0,scl_0.1204468188441,q_70,strp/pucca__tont_page_46_by_littlekidsin_dczf5xe-350t.jpg 247w,https://images-wixmp-ed30a86b8c4ca887773594c2.wixmp.com/intermediary/f/5c2b59b0-34a7-41a5-86ac-6ed7cb8477b0/dczf5xe-179ac837-d836-4f80-82b0-5ebca33658ec.jpg/v1/fill/w_283,h_400,q_70,strp/pucca__tont_page_46_by_littlekidsin_dczf5xe-400t.jpg 283w,https://images-wixmp-ed30a86b8c4ca887773594c2.wixmp.com/intermediary/f/5c2b59b0-34a7-41a5-86ac-6ed7cb8477b0/dczf5xe-179ac837-d836-4f80-82b0-5ebca33658ec.jpg/v1/fill/w_751,h_1063,q_70,strp/pucca__tont_page_46_by_littlekidsin_dczf5xe-pre.jpg 751w&quot; sizes=&quot;106px&quot;&gt;&lt;/a&gt;&lt;/span&gt;&lt;!-- ^TTT --&gt;&lt;!-- TTT$ --&gt;&lt;/span&gt;&lt;/span&gt;&lt;br /&gt;&lt;br /&gt;&lt;span&gt;Pucca (c) Vooz&lt;/span&gt;&lt;br /&gt;&lt;span&gt;Art and Story (c)&amp;nbsp;&lt;/span&gt;&lt;span class=&quot;username-with-symbol u&quot;&gt;&lt;a class=&quot;u premium username&quot; href=&quot;https://www.deviantart.com/littlekidsin&quot;&gt;LittleKidsin&lt;/a&gt;&lt;span class=&quot;user-symbol premium&quot; data-quicktip-text=&quot;Core Member&quot; data-show-tooltip=&quot;1&quot; data-gruser-type=&quot;premium&quot;&gt;&lt;/span&gt;&lt;/span&gt;&lt;br /&gt;&lt;br /&gt;&lt;span&gt;---&lt;/span&gt;&lt;br /&gt;&lt;br /&gt;&lt;span&gt;If you like my work, please consider becoming a Patron! For just $1 per month, you can get access to pages before they&#039;re published! Along with a few other goodies~&lt;/span&gt;&lt;br /&gt;&lt;a class=&quot;external&quot; href=&quot;https://www.deviantart.com/users/outgoing?https://www.patreon.com/Littlekidsin&quot;&gt;www.patreon.com/Littlekidsin&lt;/a&gt;&lt;br /&gt;&lt;br /&gt;&lt;span&gt;Or if you don&#039;t want the commitment of full time support, how about shouting me a coffee?&amp;nbsp;&lt;/span&gt;&lt;a class=&quot;external&quot; href=&quot;https://www.deviantart.com/users/outgoing?https://ko-fi.com/littlekidsin&quot;&gt;ko-fi.com/littlekidsin&lt;/a&gt;&lt;span&gt;&amp;nbsp;Thank you!&amp;nbsp;&lt;img src=&quot;https://e.deviantart.net/emoticons/h/heart.gif&quot; alt=&quot;Heart&quot; style=&quot;width: 15px; height: 13px;&quot; data-embed-type=&quot;emoticon&quot; data-embed-id=&quot;357&quot;&gt;&lt;/span&gt;</media:description>            <media:thumbnail url="https://t00.deviantart.net/66hts6cAwj0Aa44y6GD6GZJiJTk=/fit-in/150x150/filters:no_upscale():origin()/pre00/765e/th/pre/i/2019/056/0/a/pucca__tont_page_47_by_littlekidsin-dd0no7w.jpg" height="150" width="106"/>            <media:thumbnail url="https://t00.deviantart.net/WxWWXJwPM6-ggtIbnhl-zXiL6Rs=/fit-in/300x900/filters:no_upscale():origin()/pre00/765e/th/pre/i/2019/056/0/a/pucca__tont_page_47_by_littlekidsin-dd0no7w.jpg" height="424" width="300"/>            <media:thumbnail url="https://t00.deviantart.net/zKVwQR4jYDjH3Yu8N-X6slKiTAY=/300x200/filters:fixed_height(100,100):origin()/pre00/765e/th/pre/i/2019/056/0/a/pucca__tont_page_47_by_littlekidsin-dd0no7w.jpg" height="200" width="141"/>            <media:content url="https://pre00.deviantart.net/765e/th/pre/i/2019/056/0/a/pucca__tont_page_47_by_littlekidsin-dd0no7w.jpg" height="1063" width="752" medium="image"/>            
            <description>Hi guys! I hope you&#039;re all having a good start to the week~ &lt;br /&gt;I&#039;m sorry for the wait for this one, as most of you know, I was unwell and couldn&#039;t find the strength to get this done on time ; v ; Hopefully next weeks update will look better!&lt;br /&gt;&lt;br /&gt;Thank you for your patience and understanding &lt;img src=&quot;https://e.deviantart.net/emoticons/h/heart.gif&quot; width=&quot;15&quot; height=&quot;13&quot; alt=&quot;:heart:&quot; data-embed-type=&quot;emoticon&quot; data-embed-id=&quot;357&quot; title=&quot;Heart&quot;/&gt; I worked really hard on this page ;; so I hope you like it!&lt;br /&gt;&lt;br /&gt;&lt;span&gt;Thanks for reading!&amp;nbsp;&lt;/span&gt;&lt;span&gt;See you next week~~&lt;/span&gt;&lt;br /&gt;&lt;br /&gt;&lt;span&gt;Cover:&amp;nbsp;&lt;span class=&quot;shadow-holder&quot; data-embed-type=&quot;deviation&quot; data-embed-id=&quot;584092762&quot; data-embed-format=&quot;thumb&quot;&gt;&lt;span class=&quot;shadow mild&quot; &gt;&lt;a class=&quot;thumb&quot; href=&quot;https://www.deviantart.com/littlekidsin/art/Pucca-Tobe-or-not-Tobe-584092762&quot; title=&quot;Pucca: Tobe or not Tobe by LittleKidsin, Jan 13, 2016 in Cartoons &amp;amp; Comics &amp;gt; Digital Media &amp;gt; Comics &amp;gt; Other&quot;data-super-img=&quot;https://images-wixmp-ed30a86b8c4ca887773594c2.wixmp.com/intermediary/f/5c2b59b0-34a7-41a5-86ac-6ed7cb8477b0/d9nr4uy-67dab5cd-1b84-4fc6-a4f9-97c9a8f97a4c.jpg/v1/fill/w_751,h_1063,q_70,strp/pucca__tobe_or_not_tobe_by_littlekidsin_d9nr4uy-pre.jpg&quot; data-super-width=&quot;751&quot; data-super-height=&quot;1063&quot; data-super-transparent=&quot;false&quot; data-super-alt=&quot;Pucca: Tobe or not Tobe by LittleKidsin&quot; data-super-full-img=&quot;https://images-wixmp-ed30a86b8c4ca887773594c2.wixmp.com/intermediary/f/5c2b59b0-34a7-41a5-86ac-6ed7cb8477b0/d9nr4uy-67dab5cd-1b84-4fc6-a4f9-97c9a8f97a4c.jpg/v1/fill/w_1024,h_1449,q_70,strp/pucca__tobe_or_not_tobe_by_littlekidsin_d9nr4uy-fullview.jpg&quot; data-super-full-width=&quot;1024&quot; data-super-full-height=&quot;1449&quot;        data-sigil=&quot;thumb&quot;&gt;
        &lt;i&gt;&lt;/i&gt;&lt;img   width=&quot;106&quot; height=&quot;150&quot; alt=&quot;Pucca: Tobe or not Tobe by LittleKidsin&quot; src=&quot;https://images-wixmp-ed30a86b8c4ca887773594c2.wixmp.com/intermediary/f/5c2b59b0-34a7-41a5-86ac-6ed7cb8477b0/d9nr4uy-67dab5cd-1b84-4fc6-a4f9-97c9a8f97a4c.jpg/v1/fit/w_150,h_150,q_70,strp/pucca__tobe_or_not_tobe_by_littlekidsin_d9nr4uy-150.jpg&quot; data-src=&quot;https://images-wixmp-ed30a86b8c4ca887773594c2.wixmp.com/intermediary/f/5c2b59b0-34a7-41a5-86ac-6ed7cb8477b0/d9nr4uy-67dab5cd-1b84-4fc6-a4f9-97c9a8f97a4c.jpg/v1/fit/w_150,h_150,q_70,strp/pucca__tobe_or_not_tobe_by_littlekidsin_d9nr4uy-150.jpg&quot; srcset=&quot;https://images-wixmp-ed30a86b8c4ca887773594c2.wixmp.com/intermediary/f/5c2b59b0-34a7-41a5-86ac-6ed7cb8477b0/d9nr4uy-67dab5cd-1b84-4fc6-a4f9-97c9a8f97a4c.jpg/v1/fit/w_150,h_150,q_70,strp/pucca__tobe_or_not_tobe_by_littlekidsin_d9nr4uy-150.jpg 106w,https://images-wixmp-ed30a86b8c4ca887773594c2.wixmp.com/intermediary/f/5c2b59b0-34a7-41a5-86ac-6ed7cb8477b0/d9nr4uy-67dab5cd-1b84-4fc6-a4f9-97c9a8f97a4c.jpg/v1/fill/w_177,h_250,q_70,strp/pucca__tobe_or_not_tobe_by_littlekidsin_d9nr4uy-250t.jpg 177w,https://images-wixmp-ed30a86b8c4ca887773594c2.wixmp.com/intermediary/f/5c2b59b0-34a7-41a5-86ac-6ed7cb8477b0/d9nr4uy-67dab5cd-1b84-4fc6-a4f9-97c9a8f97a4c.jpg/v1/crop/w_247,h_350,x_0,y_0,scl_0.1204468188441,q_70,strp/pucca__tobe_or_not_tobe_by_littlekidsin_d9nr4uy-350t.jpg 247w,https://images-wixmp-ed30a86b8c4ca887773594c2.wixmp.com/intermediary/f/5c2b59b0-34a7-41a5-86ac-6ed7cb8477b0/d9nr4uy-67dab5cd-1b84-4fc6-a4f9-97c9a8f97a4c.jpg/v1/fill/w_283,h_400,q_70,strp/pucca__tobe_or_not_tobe_by_littlekidsin_d9nr4uy-400t.jpg 283w,https://images-wixmp-ed30a86b8c4ca887773594c2.wixmp.com/intermediary/f/5c2b59b0-34a7-41a5-86ac-6ed7cb8477b0/d9nr4uy-67dab5cd-1b84-4fc6-a4f9-97c9a8f97a4c.jpg/v1/fill/w_751,h_1063,q_70,strp/pucca__tobe_or_not_tobe_by_littlekidsin_d9nr4uy-pre.jpg 751w&quot; sizes=&quot;106px&quot;&gt;&lt;/a&gt;&lt;/span&gt;&lt;!-- ^TTT --&gt;&lt;!-- TTT$ --&gt;&lt;/span&gt;&lt;/span&gt;&lt;br /&gt;&lt;br /&gt;&lt;span&gt;Next Page:&amp;nbsp;N/A&lt;/span&gt;&lt;br /&gt;&lt;span&gt;Previous Page:&amp;nbsp;&lt;span class=&quot;shadow-holder&quot; data-embed-type=&quot;deviation&quot; data-embed-id=&quot;785088194&quot; data-embed-format=&quot;thumb&quot;&gt;&lt;span class=&quot;shadow mild&quot; &gt;&lt;a class=&quot;thumb&quot; href=&quot;https://www.deviantart.com/littlekidsin/art/Pucca-TONT-Page-46-785088194&quot; title=&quot;Pucca: TONT Page 46 by LittleKidsin, Feb 11, 2019 in Cartoons &amp;amp; Comics &amp;gt; Digital Media &amp;gt; Comics &amp;gt; Pages&quot;data-super-img=&quot;https://images-wixmp-ed30a86b8c4ca887773594c2.wixmp.com/intermediary/f/5c2b59b0-34a7-41a5-86ac-6ed7cb8477b0/dczf5xe-179ac837-d836-4f80-82b0-5ebca33658ec.jpg/v1/fill/w_751,h_1063,q_70,strp/pucca__tont_page_46_by_littlekidsin_dczf5xe-pre.jpg&quot; data-super-width=&quot;751&quot; data-super-height=&quot;1063&quot; data-super-transparent=&quot;false&quot; data-super-alt=&quot;Pucca: TONT Page 46 by LittleKidsin&quot; data-super-full-img=&quot;https://images-wixmp-ed30a86b8c4ca887773594c2.wixmp.com/intermediary/f/5c2b59b0-34a7-41a5-86ac-6ed7cb8477b0/dczf5xe-179ac837-d836-4f80-82b0-5ebca33658ec.jpg/v1/fill/w_1024,h_1449,q_70,strp/pucca__tont_page_46_by_littlekidsin_dczf5xe-fullview.jpg&quot; data-super-full-width=&quot;1024&quot; data-super-full-height=&quot;1449&quot;        data-sigil=&quot;thumb&quot;&gt;
        &lt;i&gt;&lt;/i&gt;&lt;img   width=&quot;106&quot; height=&quot;150&quot; alt=&quot;Pucca: TONT Page 46 by LittleKidsin&quot; src=&quot;https://images-wixmp-ed30a86b8c4ca887773594c2.wixmp.com/intermediary/f/5c2b59b0-34a7-41a5-86ac-6ed7cb8477b0/dczf5xe-179ac837-d836-4f80-82b0-5ebca33658ec.jpg/v1/fit/w_150,h_150,q_70,strp/pucca__tont_page_46_by_littlekidsin_dczf5xe-150.jpg&quot; data-src=&quot;https://images-wixmp-ed30a86b8c4ca887773594c2.wixmp.com/intermediary/f/5c2b59b0-34a7-41a5-86ac-6ed7cb8477b0/dczf5xe-179ac837-d836-4f80-82b0-5ebca33658ec.jpg/v1/fit/w_150,h_150,q_70,strp/pucca__tont_page_46_by_littlekidsin_dczf5xe-150.jpg&quot; srcset=&quot;https://images-wixmp-ed30a86b8c4ca887773594c2.wixmp.com/intermediary/f/5c2b59b0-34a7-41a5-86ac-6ed7cb8477b0/dczf5xe-179ac837-d836-4f80-82b0-5ebca33658ec.jpg/v1/fit/w_150,h_150,q_70,strp/pucca__tont_page_46_by_littlekidsin_dczf5xe-150.jpg 106w,https://images-wixmp-ed30a86b8c4ca887773594c2.wixmp.com/intermediary/f/5c2b59b0-34a7-41a5-86ac-6ed7cb8477b0/dczf5xe-179ac837-d836-4f80-82b0-5ebca33658ec.jpg/v1/fill/w_177,h_250,q_70,strp/pucca__tont_page_46_by_littlekidsin_dczf5xe-250t.jpg 177w,https://images-wixmp-ed30a86b8c4ca887773594c2.wixmp.com/intermediary/f/5c2b59b0-34a7-41a5-86ac-6ed7cb8477b0/dczf5xe-179ac837-d836-4f80-82b0-5ebca33658ec.jpg/v1/crop/w_247,h_350,x_0,y_0,scl_0.1204468188441,q_70,strp/pucca__tont_page_46_by_littlekidsin_dczf5xe-350t.jpg 247w,https://images-wixmp-ed30a86b8c4ca887773594c2.wixmp.com/intermediary/f/5c2b59b0-34a7-41a5-86ac-6ed7cb8477b0/dczf5xe-179ac837-d836-4f80-82b0-5ebca33658ec.jpg/v1/fill/w_283,h_400,q_70,strp/pucca__tont_page_46_by_littlekidsin_dczf5xe-400t.jpg 283w,https://images-wixmp-ed30a86b8c4ca887773594c2.wixmp.com/intermediary/f/5c2b59b0-34a7-41a5-86ac-6ed7cb8477b0/dczf5xe-179ac837-d836-4f80-82b0-5ebca33658ec.jpg/v1/fill/w_751,h_1063,q_70,strp/pucca__tont_page_46_by_littlekidsin_dczf5xe-pre.jpg 751w&quot; sizes=&quot;106px&quot;&gt;&lt;/a&gt;&lt;/span&gt;&lt;!-- ^TTT --&gt;&lt;!-- TTT$ --&gt;&lt;/span&gt;&lt;/span&gt;&lt;br /&gt;&lt;br /&gt;&lt;span&gt;Pucca (c) Vooz&lt;/span&gt;&lt;br /&gt;&lt;span&gt;Art and Story (c)&amp;nbsp;&lt;/span&gt;&lt;span class=&quot;username-with-symbol u&quot;&gt;&lt;a class=&quot;u premium username&quot; href=&quot;https://www.deviantart.com/littlekidsin&quot;&gt;LittleKidsin&lt;/a&gt;&lt;span class=&quot;user-symbol premium&quot; data-quicktip-text=&quot;Core Member&quot; data-show-tooltip=&quot;1&quot; data-gruser-type=&quot;premium&quot;&gt;&lt;/span&gt;&lt;/span&gt;&lt;br /&gt;&lt;br /&gt;&lt;span&gt;---&lt;/span&gt;&lt;br /&gt;&lt;br /&gt;&lt;span&gt;If you like my work, please consider becoming a Patron! For just $1 per month, you can get access to pages before they&#039;re published! Along with a few other goodies~&lt;/span&gt;&lt;br /&gt;&lt;a class=&quot;external&quot; href=&quot;https://www.deviantart.com/users/outgoing?https://www.patreon.com/Littlekidsin&quot;&gt;www.patreon.com/Littlekidsin&lt;/a&gt;&lt;br /&gt;&lt;br /&gt;&lt;span&gt;Or if you don&#039;t want the commitment of full time support, how about shouting me a coffee?&amp;nbsp;&lt;/span&gt;&lt;a class=&quot;external&quot; href=&quot;https://www.deviantart.com/users/outgoing?https://ko-fi.com/littlekidsin&quot;&gt;ko-fi.com/littlekidsin&lt;/a&gt;&lt;span&gt;&amp;nbsp;Thank you!&amp;nbsp;&lt;img src=&quot;https://e.deviantart.net/emoticons/h/heart.gif&quot; alt=&quot;Heart&quot; style=&quot;width: 15px; height: 13px;&quot; data-embed-type=&quot;emoticon&quot; data-embed-id=&quot;357&quot;&gt;&lt;/span&gt;&lt;br /&gt;&lt;div&gt;&lt;img src=&quot;https://t00.deviantart.net/zKVwQR4jYDjH3Yu8N-X6slKiTAY=/300x200/filters:fixed_height(100,100):origin()/pre00/765e/th/pre/i/2019/056/0/a/pucca__tont_page_47_by_littlekidsin-dd0no7w.jpg&quot; alt=&quot;thumbnail&quot; /&gt;&lt;/div&gt;</description>            </item>
                    <item>
                <title>Red Dragon</title>
                <link>https://manzanedo.deviantart.com/art/Red-Dragon-787137759</link>
                <guid isPermaLink="true">https://manzanedo.deviantart.com/art/Red-Dragon-787137759</guid>
                <pubDate>Sun, 24 Feb 2019 19:19:35 PST</pubDate>
                        <media:title type="plain">Red Dragon</media:title>
        <media:keywords></media:keywords>
                        <media:rating>nonadult</media:rating>
                <media:category label="Fantasy">digitalart/paintings/fantasy</media:category>
        <media:credit role="author" scheme="urn:ebu">Manzanedo</media:credit>
        <media:credit role="author" scheme="urn:ebu">https://a.deviantart.net/avatars/m/a/manzanedo.jpg?13</media:credit>
        <media:copyright url="https://manzanedo.deviantart.com">Copyright 2019 Manzanedo</media:copyright>            <media:description type="html"></media:description>            <media:thumbnail url="https://t00.deviantart.net/nnKKwHJip7Fr5Wo2Cz1HUoEZygQ=/fit-in/150x150/filters:no_upscale():origin()/pre00/7936/th/pre/f/2019/055/7/6/7604a4f56d8f31d1e0a6ce5f793abc22-dd0n3dr.jpg" height="150" width="107"/>            <media:thumbnail url="https://t00.deviantart.net/0RUPpcikytlSFDMavmHaVQYyB_Q=/fit-in/300x900/filters:no_upscale():origin()/pre00/7936/th/pre/f/2019/055/7/6/7604a4f56d8f31d1e0a6ce5f793abc22-dd0n3dr.jpg" height="420" width="300"/>            <media:thumbnail url="https://t00.deviantart.net/3rc8B_3W_nbBvli6Zcpny-Cfulg=/300x200/filters:fixed_height(100,100):origin()/pre00/7936/th/pre/f/2019/055/7/6/7604a4f56d8f31d1e0a6ce5f793abc22-dd0n3dr.jpg" height="200" width="143"/>            <media:content url="https://orig00.deviantart.net/dbff/f/2019/055/7/6/7604a4f56d8f31d1e0a6ce5f793abc22-dd0n3dr.jpg" height="992" width="709" medium="image"/>            
            <description>&lt;br /&gt;&lt;div&gt;&lt;img src=&quot;https://t00.deviantart.net/3rc8B_3W_nbBvli6Zcpny-Cfulg=/300x200/filters:fixed_height(100,100):origin()/pre00/7936/th/pre/f/2019/055/7/6/7604a4f56d8f31d1e0a6ce5f793abc22-dd0n3dr.jpg&quot; alt=&quot;thumbnail&quot; /&gt;&lt;/div&gt;</description>            </item>
                    <item>
                <title>ONE DAY LEFT TO JOIN the KICKSTARTER MAILING LIST!</title>
                <link>https://etheringtonbrothers.deviantart.com/art/ONE-DAY-LEFT-TO-JOIN-the-KICKSTARTER-MAILING-LIST-787189007</link>
                <guid isPermaLink="true">https://etheringtonbrothers.deviantart.com/art/ONE-DAY-LEFT-TO-JOIN-the-KICKSTARTER-MAILING-LIST-787189007</guid>
                <pubDate>Mon, 25 Feb 2019 06:22:09 PST</pubDate>
                        <media:title type="plain">ONE DAY LEFT TO JOIN the KICKSTARTER MAILING LIST!</media:title>
        <media:keywords></media:keywords>
                        <media:rating>nonadult</media:rating>
                <media:category label="Human Anatomy">resources/tutorials/tradart/drawing/anatomy</media:category>
        <media:credit role="author" scheme="urn:ebu">EtheringtonBrothers</media:credit>
        <media:credit role="author" scheme="urn:ebu">https://a.deviantart.net/avatars/e/t/etheringtonbrothers.png?8</media:credit>
        <media:copyright url="https://etheringtonbrothers.deviantart.com">Copyright 2019 EtheringtonBrothers</media:copyright>            <media:description type="html">&lt;div&gt;&lt;div&gt;&lt;div&gt;&lt;div&gt;JUST 24 HOURS LEFT to join the&amp;nbsp;&lt;a href=&quot;https://www.deviantart.com/tag/howtothinkwhenyoudraw&quot;&gt;&lt;/a&gt;&lt;a href=&quot;https://www.deviantart.com/tag/howtothinkwhenyoudraw&quot;&gt;&lt;a class=&quot;discoverytag&quot; href=&quot;https://www.deviantart.com/tag/howtothinkwhenyoudraw&quot; data-canonical-tag=&quot;howtothinkwhenyoudraw&quot;&gt;#howtoTHINKwhenyoudraw&lt;/a&gt;&lt;/a&gt;&amp;nbsp;tutorials&amp;nbsp;&lt;b&gt;BOOKS KICKSTARTER&lt;/b&gt;&amp;nbsp;secret launch week mailing list!&lt;br /&gt;&lt;br /&gt;To join the list, just send&amp;nbsp;&lt;b&gt;&quot;Add me, Lorenzo!&quot;&lt;/b&gt;&amp;nbsp;to misterlorenzoboy@yahoo.co.uk - if you&#039;ve joined before, you&#039;re already on it!&amp;nbsp;&lt;b&gt;List closes TOMORROW!&lt;/b&gt;&lt;br /&gt;&lt;br /&gt;Lorenzo!&lt;/div&gt;&lt;div&gt;&lt;br /&gt;&lt;/div&gt;&lt;/div&gt;&lt;/div&gt;&lt;/div&gt;&lt;div&gt;&lt;a href=&quot;#&quot;&gt;&lt;/a&gt;&lt;span&gt;&lt;/span&gt;&lt;div&gt;&lt;/div&gt;&lt;/div&gt;</media:description>            <media:thumbnail url="https://t00.deviantart.net/St4tWD0adWQNNoxYHix24BcWH7I=/fit-in/150x150/filters:no_upscale():origin()/pre00/f5a3/th/pre/f/2019/056/f/e/one_day_left_to_join_the_kickstarter_mailing_list__by_etheringtonbrothers-dd0o6xb.jpg" height="150" width="72"/>            <media:thumbnail url="https://t00.deviantart.net/FNXwwMbcHZGBLsXbjTXUEBzzSqo=/fit-in/300x900/filters:no_upscale():origin()/pre00/f5a3/th/pre/f/2019/056/f/e/one_day_left_to_join_the_kickstarter_mailing_list__by_etheringtonbrothers-dd0o6xb.jpg" height="621" width="300"/>            <media:thumbnail url="https://t00.deviantart.net/9sVlc00b6CuPU92Kk1ZOQvVYfrQ=/300x200/filters:fixed_height(100,100):origin()/pre00/f5a3/th/pre/f/2019/056/f/e/one_day_left_to_join_the_kickstarter_mailing_list__by_etheringtonbrothers-dd0o6xb.jpg" height="201" width="100"/>            <media:content url="https://pre00.deviantart.net/f5a3/th/pre/f/2019/056/f/e/one_day_left_to_join_the_kickstarter_mailing_list__by_etheringtonbrothers-dd0o6xb.jpg" height="1287" width="621" medium="image"/>            
            <description>&lt;div&gt;&lt;div&gt;&lt;div&gt;&lt;div&gt;JUST 24 HOURS LEFT to join the&amp;nbsp;&lt;a href=&quot;https://www.deviantart.com/tag/howtothinkwhenyoudraw&quot;&gt;&lt;/a&gt;&lt;a href=&quot;https://www.deviantart.com/tag/howtothinkwhenyoudraw&quot;&gt;&lt;a class=&quot;discoverytag&quot; href=&quot;https://www.deviantart.com/tag/howtothinkwhenyoudraw&quot; data-canonical-tag=&quot;howtothinkwhenyoudraw&quot;&gt;#howtoTHINKwhenyoudraw&lt;/a&gt;&lt;/a&gt;&amp;nbsp;tutorials&amp;nbsp;&lt;b&gt;BOOKS KICKSTARTER&lt;/b&gt;&amp;nbsp;secret launch week mailing list!&lt;br /&gt;&lt;br /&gt;To join the list, just send&amp;nbsp;&lt;b&gt;&quot;Add me, Lorenzo!&quot;&lt;/b&gt;&amp;nbsp;to misterlorenzoboy@yahoo.co.uk - if you&#039;ve joined before, you&#039;re already on it!&amp;nbsp;&lt;b&gt;List closes TOMORROW!&lt;/b&gt;&lt;br /&gt;&lt;br /&gt;Lorenzo!&lt;/div&gt;&lt;div&gt;&lt;br /&gt;&lt;/div&gt;&lt;/div&gt;&lt;/div&gt;&lt;/div&gt;&lt;div&gt;&lt;a href=&quot;#&quot;&gt;&lt;/a&gt;&lt;span&gt;&lt;/span&gt;&lt;div&gt;&lt;/div&gt;&lt;/div&gt;&lt;br /&gt;&lt;div&gt;&lt;img src=&quot;https://t00.deviantart.net/9sVlc00b6CuPU92Kk1ZOQvVYfrQ=/300x200/filters:fixed_height(100,100):origin()/pre00/f5a3/th/pre/f/2019/056/f/e/one_day_left_to_join_the_kickstarter_mailing_list__by_etheringtonbrothers-dd0o6xb.jpg&quot; alt=&quot;thumbnail&quot; /&gt;&lt;/div&gt;</description>            </item>
                    <item>
                <title>Amethyst Dragon</title>
                <link>https://demonml.deviantart.com/art/Amethyst-Dragon-787153787</link>
                <guid isPermaLink="true">https://demonml.deviantart.com/art/Amethyst-Dragon-787153787</guid>
                <pubDate>Sun, 24 Feb 2019 21:54:11 PST</pubDate>
                        <media:title type="plain">Amethyst Dragon</media:title>
        <media:keywords></media:keywords>
                        <media:rating>nonadult</media:rating>
                <media:category label="Fantasy">digitalart/paintings/fantasy</media:category>
        <media:credit role="author" scheme="urn:ebu">DemonML</media:credit>
        <media:credit role="author" scheme="urn:ebu">https://a.deviantart.net/avatars/d/e/demonml.gif?4</media:credit>
        <media:copyright url="https://demonml.deviantart.com">Copyright 2019 DemonML</media:copyright>            <media:description type="html">&lt;div&gt;wound up just messing with shapes...&lt;/div&gt;&lt;div&gt;&lt;br /&gt;&lt;/div&gt;&lt;div&gt;More Gemstone dragons: &lt;span class=&quot;shadow-holder&quot; data-embed-type=&quot;deviation&quot; data-embed-id=&quot;784122643&quot; data-embed-format=&quot;thumb&quot;&gt;&lt;span class=&quot;shadow mild&quot; &gt;&lt;a class=&quot;thumb&quot; href=&quot;https://www.deviantart.com/demonml/art/Garnet-Dragon-784122643&quot; title=&quot;Garnet Dragon by DemonML, Feb 3, 2019 in Digital Art &amp;gt; Drawings &amp;amp; Paintings &amp;gt; Fantasy&quot;data-super-img=&quot;https://images-wixmp-ed30a86b8c4ca887773594c2.wixmp.com/intermediary/f/85b553e1-68c2-41dc-91e0-3be3c7a0bfc1/dcyugwj-2544aa51-176c-4fe5-a577-7847d98a148d.png/v1/fill/w_1337,h_597,q_70,strp/garnet_dragon_by_demonml_dcyugwj-pre.jpg&quot; data-super-width=&quot;1337&quot; data-super-height=&quot;597&quot; data-super-transparent=&quot;false&quot; data-super-alt=&quot;Garnet Dragon by DemonML&quot; data-super-full-img=&quot;https://images-wixmp-ed30a86b8c4ca887773594c2.wixmp.com/intermediary/f/85b553e1-68c2-41dc-91e0-3be3c7a0bfc1/dcyugwj-2544aa51-176c-4fe5-a577-7847d98a148d.png&quot; data-super-full-width=&quot;1600&quot; data-super-full-height=&quot;715&quot;        data-sigil=&quot;thumb&quot;&gt;
        &lt;i&gt;&lt;/i&gt;&lt;img   width=&quot;150&quot; height=&quot;67&quot; alt=&quot;Garnet Dragon by DemonML&quot; src=&quot;https://images-wixmp-ed30a86b8c4ca887773594c2.wixmp.com/intermediary/f/85b553e1-68c2-41dc-91e0-3be3c7a0bfc1/dcyugwj-2544aa51-176c-4fe5-a577-7847d98a148d.png/v1/fit/w_150,h_150,q_70,strp/garnet_dragon_by_demonml_dcyugwj-150.jpg&quot; data-src=&quot;https://images-wixmp-ed30a86b8c4ca887773594c2.wixmp.com/intermediary/f/85b553e1-68c2-41dc-91e0-3be3c7a0bfc1/dcyugwj-2544aa51-176c-4fe5-a577-7847d98a148d.png/v1/fit/w_150,h_150,q_70,strp/garnet_dragon_by_demonml_dcyugwj-150.jpg&quot; srcset=&quot;https://images-wixmp-ed30a86b8c4ca887773594c2.wixmp.com/intermediary/f/85b553e1-68c2-41dc-91e0-3be3c7a0bfc1/dcyugwj-2544aa51-176c-4fe5-a577-7847d98a148d.png/v1/fit/w_150,h_150,q_70,strp/garnet_dragon_by_demonml_dcyugwj-150.jpg 150w,https://images-wixmp-ed30a86b8c4ca887773594c2.wixmp.com/intermediary/f/85b553e1-68c2-41dc-91e0-3be3c7a0bfc1/dcyugwj-2544aa51-176c-4fe5-a577-7847d98a148d.png/v1/fill/w_500,h_223,q_70,strp/garnet_dragon_by_demonml_dcyugwj-250t.jpg 500w,https://images-wixmp-ed30a86b8c4ca887773594c2.wixmp.com/intermediary/f/85b553e1-68c2-41dc-91e0-3be3c7a0bfc1/dcyugwj-2544aa51-176c-4fe5-a577-7847d98a148d.png/v1/fill/w_700,h_313,q_70,strp/garnet_dragon_by_demonml_dcyugwj-350t.jpg 700w,https://images-wixmp-ed30a86b8c4ca887773594c2.wixmp.com/intermediary/f/85b553e1-68c2-41dc-91e0-3be3c7a0bfc1/dcyugwj-2544aa51-176c-4fe5-a577-7847d98a148d.png/v1/fill/w_800,h_358,q_70,strp/garnet_dragon_by_demonml_dcyugwj-400t.jpg 800w,https://images-wixmp-ed30a86b8c4ca887773594c2.wixmp.com/intermediary/f/85b553e1-68c2-41dc-91e0-3be3c7a0bfc1/dcyugwj-2544aa51-176c-4fe5-a577-7847d98a148d.png/v1/fill/w_1337,h_597,q_70,strp/garnet_dragon_by_demonml_dcyugwj-pre.jpg 1337w&quot; sizes=&quot;150px&quot;&gt;&lt;/a&gt;&lt;/span&gt;&lt;!-- ^TTT --&gt;&lt;!-- TTT$ --&gt;&lt;/span&gt; &lt;span class=&quot;shadow-holder&quot; data-embed-type=&quot;deviation&quot; data-embed-id=&quot;749203528&quot; data-embed-format=&quot;thumb&quot;&gt;&lt;span class=&quot;shadow mild&quot; &gt;&lt;a class=&quot;thumb&quot; href=&quot;https://www.deviantart.com/demonml/art/Aquamarine-Dragon-749203528&quot; title=&quot;Aquamarine Dragon by DemonML, Jun 10, 2018 in Digital Art &amp;gt; Drawings &amp;amp; Paintings &amp;gt; Fantasy&quot;data-super-img=&quot;https://images-wixmp-ed30a86b8c4ca887773594c2.wixmp.com/intermediary/f/85b553e1-68c2-41dc-91e0-3be3c7a0bfc1/dce2154-d46ab38b-455a-482f-91e8-8ea620947b27.png/v1/fill/w_650,h_1229,q_70,strp/aquamarine_dragon_by_demonml_dce2154-pre.jpg&quot; data-super-width=&quot;650&quot; data-super-height=&quot;1229&quot; data-super-transparent=&quot;false&quot; data-super-alt=&quot;Aquamarine Dragon by DemonML&quot; data-super-full-img=&quot;https://images-wixmp-ed30a86b8c4ca887773594c2.wixmp.com/intermediary/f/85b553e1-68c2-41dc-91e0-3be3c7a0bfc1/dce2154-d46ab38b-455a-482f-91e8-8ea620947b27.png&quot; data-super-full-width=&quot;677&quot; data-super-full-height=&quot;1280&quot;        data-sigil=&quot;thumb&quot;&gt;
        &lt;i&gt;&lt;/i&gt;&lt;img   width=&quot;79&quot; height=&quot;150&quot; alt=&quot;Aquamarine Dragon by DemonML&quot; src=&quot;https://images-wixmp-ed30a86b8c4ca887773594c2.wixmp.com/intermediary/f/85b553e1-68c2-41dc-91e0-3be3c7a0bfc1/dce2154-d46ab38b-455a-482f-91e8-8ea620947b27.png/v1/fit/w_150,h_150,q_70,strp/aquamarine_dragon_by_demonml_dce2154-150.jpg&quot; data-src=&quot;https://images-wixmp-ed30a86b8c4ca887773594c2.wixmp.com/intermediary/f/85b553e1-68c2-41dc-91e0-3be3c7a0bfc1/dce2154-d46ab38b-455a-482f-91e8-8ea620947b27.png/v1/fit/w_150,h_150,q_70,strp/aquamarine_dragon_by_demonml_dce2154-150.jpg&quot; srcset=&quot;https://images-wixmp-ed30a86b8c4ca887773594c2.wixmp.com/intermediary/f/85b553e1-68c2-41dc-91e0-3be3c7a0bfc1/dce2154-d46ab38b-455a-482f-91e8-8ea620947b27.png/v1/fit/w_150,h_150,q_70,strp/aquamarine_dragon_by_demonml_dce2154-150.jpg 79w,https://images-wixmp-ed30a86b8c4ca887773594c2.wixmp.com/intermediary/f/85b553e1-68c2-41dc-91e0-3be3c7a0bfc1/dce2154-d46ab38b-455a-482f-91e8-8ea620947b27.png/v1/fill/w_132,h_250,q_70,strp/aquamarine_dragon_by_demonml_dce2154-250t.jpg 132w,https://images-wixmp-ed30a86b8c4ca887773594c2.wixmp.com/intermediary/f/85b553e1-68c2-41dc-91e0-3be3c7a0bfc1/dce2154-d46ab38b-455a-482f-91e8-8ea620947b27.png/v1/fill/w_185,h_350,q_70,strp/aquamarine_dragon_by_demonml_dce2154-350t.jpg 185w,https://images-wixmp-ed30a86b8c4ca887773594c2.wixmp.com/intermediary/f/85b553e1-68c2-41dc-91e0-3be3c7a0bfc1/dce2154-d46ab38b-455a-482f-91e8-8ea620947b27.png/v1/crop/w_212,h_400,x_0,y_0,scl_0.31314623338257,q_70,strp/aquamarine_dragon_by_demonml_dce2154-400t.jpg 212w,https://images-wixmp-ed30a86b8c4ca887773594c2.wixmp.com/intermediary/f/85b553e1-68c2-41dc-91e0-3be3c7a0bfc1/dce2154-d46ab38b-455a-482f-91e8-8ea620947b27.png/v1/fill/w_650,h_1229,q_70,strp/aquamarine_dragon_by_demonml_dce2154-pre.jpg 650w&quot; sizes=&quot;79px&quot;&gt;&lt;/a&gt;&lt;/span&gt;&lt;!-- ^TTT --&gt;&lt;!-- TTT$ --&gt;&lt;/span&gt; &lt;span class=&quot;shadow-holder&quot; data-embed-type=&quot;deviation&quot; data-embed-id=&quot;750277726&quot; data-embed-format=&quot;thumb&quot;&gt;&lt;span class=&quot;shadow mild&quot; &gt;&lt;a class=&quot;thumb&quot; href=&quot;https://www.deviantart.com/demonml/art/Diamond-Dragon-750277726&quot; title=&quot;Diamond Dragon by DemonML, Jun 17, 2018 in Digital Art &amp;gt; Drawings &amp;amp; Paintings &amp;gt; Fantasy&quot;data-super-img=&quot;https://images-wixmp-ed30a86b8c4ca887773594c2.wixmp.com/intermediary/f/85b553e1-68c2-41dc-91e0-3be3c7a0bfc1/dcep1zy-eb9acbfe-f83c-4c17-8cdf-663591c7f8dd.png/v1/fill/w_648,h_1234,q_70,strp/diamond_dragon_by_demonml_dcep1zy-pre.jpg&quot; data-super-width=&quot;648&quot; data-super-height=&quot;1234&quot; data-super-transparent=&quot;false&quot; data-super-alt=&quot;Diamond Dragon by DemonML&quot; data-super-full-img=&quot;https://images-wixmp-ed30a86b8c4ca887773594c2.wixmp.com/intermediary/f/85b553e1-68c2-41dc-91e0-3be3c7a0bfc1/dcep1zy-eb9acbfe-f83c-4c17-8cdf-663591c7f8dd.png&quot; data-super-full-width=&quot;672&quot; data-super-full-height=&quot;1280&quot;        data-sigil=&quot;thumb&quot;&gt;
        &lt;i&gt;&lt;/i&gt;&lt;img   width=&quot;79&quot; height=&quot;150&quot; alt=&quot;Diamond Dragon by DemonML&quot; src=&quot;https://images-wixmp-ed30a86b8c4ca887773594c2.wixmp.com/intermediary/f/85b553e1-68c2-41dc-91e0-3be3c7a0bfc1/dcep1zy-eb9acbfe-f83c-4c17-8cdf-663591c7f8dd.png/v1/fit/w_150,h_150,q_70,strp/diamond_dragon_by_demonml_dcep1zy-150.jpg&quot; data-src=&quot;https://images-wixmp-ed30a86b8c4ca887773594c2.wixmp.com/intermediary/f/85b553e1-68c2-41dc-91e0-3be3c7a0bfc1/dcep1zy-eb9acbfe-f83c-4c17-8cdf-663591c7f8dd.png/v1/fit/w_150,h_150,q_70,strp/diamond_dragon_by_demonml_dcep1zy-150.jpg&quot; srcset=&quot;https://images-wixmp-ed30a86b8c4ca887773594c2.wixmp.com/intermediary/f/85b553e1-68c2-41dc-91e0-3be3c7a0bfc1/dcep1zy-eb9acbfe-f83c-4c17-8cdf-663591c7f8dd.png/v1/fit/w_150,h_150,q_70,strp/diamond_dragon_by_demonml_dcep1zy-150.jpg 79w,https://images-wixmp-ed30a86b8c4ca887773594c2.wixmp.com/intermediary/f/85b553e1-68c2-41dc-91e0-3be3c7a0bfc1/dcep1zy-eb9acbfe-f83c-4c17-8cdf-663591c7f8dd.png/v1/fill/w_131,h_250,q_70,strp/diamond_dragon_by_demonml_dcep1zy-250t.jpg 131w,https://images-wixmp-ed30a86b8c4ca887773594c2.wixmp.com/intermediary/f/85b553e1-68c2-41dc-91e0-3be3c7a0bfc1/dcep1zy-eb9acbfe-f83c-4c17-8cdf-663591c7f8dd.png/v1/fill/w_184,h_350,q_70,strp/diamond_dragon_by_demonml_dcep1zy-350t.jpg 184w,https://images-wixmp-ed30a86b8c4ca887773594c2.wixmp.com/intermediary/f/85b553e1-68c2-41dc-91e0-3be3c7a0bfc1/dcep1zy-eb9acbfe-f83c-4c17-8cdf-663591c7f8dd.png/v1/fill/w_210,h_400,q_70,strp/diamond_dragon_by_demonml_dcep1zy-400t.jpg 210w,https://images-wixmp-ed30a86b8c4ca887773594c2.wixmp.com/intermediary/f/85b553e1-68c2-41dc-91e0-3be3c7a0bfc1/dcep1zy-eb9acbfe-f83c-4c17-8cdf-663591c7f8dd.png/v1/fill/w_648,h_1234,q_70,strp/diamond_dragon_by_demonml_dcep1zy-pre.jpg 648w&quot; sizes=&quot;79px&quot;&gt;&lt;/a&gt;&lt;/span&gt;&lt;!-- ^TTT --&gt;&lt;!-- TTT$ --&gt;&lt;/span&gt; &lt;br /&gt;&lt;/div&gt;&lt;div&gt;&lt;br /&gt;&lt;/div&gt;&lt;div&gt;&lt;br /&gt;&lt;/div&gt;&lt;div&gt;Art (c) &lt;a target=&quot;_self&quot; href=&quot;https://www.deviantart.com/demonml&quot; &gt;&lt;img class=&quot;avatar&quot; width=&quot;50&quot; height=&quot;50&quot; src=&quot;https://a.deviantart.net/avatars/d/e/demonml.gif?4&quot; alt=&quot;:icondemonml:&quot; title=&quot;DemonML&quot; /&gt;&lt;/a&gt;&lt;/div&gt;&lt;div&gt;Do Not Use Copy or Repost&lt;br /&gt;&lt;/div&gt;</media:description>            <media:thumbnail url="https://t00.deviantart.net/dBmtntqLRz_lmf9QtZE7-3k2BMc=/fit-in/150x150/filters:no_upscale():origin()/pre00/72cc/th/pre/f/2019/055/7/f/amathyst_dragon_by_demonml-dd0nfqz.png" height="82" width="150"/>            <media:thumbnail url="https://t00.deviantart.net/rcAVS7IQZ_FDV6K0I3dxqShrmNc=/fit-in/300x900/filters:no_upscale():origin()/pre00/72cc/th/pre/f/2019/055/7/f/amathyst_dragon_by_demonml-dd0nfqz.png" height="164" width="300"/>            <media:thumbnail url="https://t00.deviantart.net/2gEZDFIQUrKw7kxmxOvNbYAVtgg=/300x200/filters:fixed_height(100,100):origin()/pre00/72cc/th/pre/f/2019/055/7/f/amathyst_dragon_by_demonml-dd0nfqz.png" height="164" width="300"/>            <media:content url="https://pre00.deviantart.net/72cc/th/pre/f/2019/055/7/f/amathyst_dragon_by_demonml-dd0nfqz.png" height="661" width="1210" medium="image"/>            
            <description>&lt;div&gt;wound up just messing with shapes...&lt;/div&gt;&lt;div&gt;&lt;br /&gt;&lt;/div&gt;&lt;div&gt;More Gemstone dragons: &lt;span class=&quot;shadow-holder&quot; data-embed-type=&quot;deviation&quot; data-embed-id=&quot;784122643&quot; data-embed-format=&quot;thumb&quot;&gt;&lt;span class=&quot;shadow mild&quot; &gt;&lt;a class=&quot;thumb&quot; href=&quot;https://www.deviantart.com/demonml/art/Garnet-Dragon-784122643&quot; title=&quot;Garnet Dragon by DemonML, Feb 3, 2019 in Digital Art &amp;gt; Drawings &amp;amp; Paintings &amp;gt; Fantasy&quot;data-super-img=&quot;https://images-wixmp-ed30a86b8c4ca887773594c2.wixmp.com/intermediary/f/85b553e1-68c2-41dc-91e0-3be3c7a0bfc1/dcyugwj-2544aa51-176c-4fe5-a577-7847d98a148d.png/v1/fill/w_1337,h_597,q_70,strp/garnet_dragon_by_demonml_dcyugwj-pre.jpg&quot; data-super-width=&quot;1337&quot; data-super-height=&quot;597&quot; data-super-transparent=&quot;false&quot; data-super-alt=&quot;Garnet Dragon by DemonML&quot; data-super-full-img=&quot;https://images-wixmp-ed30a86b8c4ca887773594c2.wixmp.com/intermediary/f/85b553e1-68c2-41dc-91e0-3be3c7a0bfc1/dcyugwj-2544aa51-176c-4fe5-a577-7847d98a148d.png&quot; data-super-full-width=&quot;1600&quot; data-super-full-height=&quot;715&quot;        data-sigil=&quot;thumb&quot;&gt;
        &lt;i&gt;&lt;/i&gt;&lt;img   width=&quot;150&quot; height=&quot;67&quot; alt=&quot;Garnet Dragon by DemonML&quot; src=&quot;https://images-wixmp-ed30a86b8c4ca887773594c2.wixmp.com/intermediary/f/85b553e1-68c2-41dc-91e0-3be3c7a0bfc1/dcyugwj-2544aa51-176c-4fe5-a577-7847d98a148d.png/v1/fit/w_150,h_150,q_70,strp/garnet_dragon_by_demonml_dcyugwj-150.jpg&quot; data-src=&quot;https://images-wixmp-ed30a86b8c4ca887773594c2.wixmp.com/intermediary/f/85b553e1-68c2-41dc-91e0-3be3c7a0bfc1/dcyugwj-2544aa51-176c-4fe5-a577-7847d98a148d.png/v1/fit/w_150,h_150,q_70,strp/garnet_dragon_by_demonml_dcyugwj-150.jpg&quot; srcset=&quot;https://images-wixmp-ed30a86b8c4ca887773594c2.wixmp.com/intermediary/f/85b553e1-68c2-41dc-91e0-3be3c7a0bfc1/dcyugwj-2544aa51-176c-4fe5-a577-7847d98a148d.png/v1/fit/w_150,h_150,q_70,strp/garnet_dragon_by_demonml_dcyugwj-150.jpg 150w,https://images-wixmp-ed30a86b8c4ca887773594c2.wixmp.com/intermediary/f/85b553e1-68c2-41dc-91e0-3be3c7a0bfc1/dcyugwj-2544aa51-176c-4fe5-a577-7847d98a148d.png/v1/fill/w_500,h_223,q_70,strp/garnet_dragon_by_demonml_dcyugwj-250t.jpg 500w,https://images-wixmp-ed30a86b8c4ca887773594c2.wixmp.com/intermediary/f/85b553e1-68c2-41dc-91e0-3be3c7a0bfc1/dcyugwj-2544aa51-176c-4fe5-a577-7847d98a148d.png/v1/fill/w_700,h_313,q_70,strp/garnet_dragon_by_demonml_dcyugwj-350t.jpg 700w,https://images-wixmp-ed30a86b8c4ca887773594c2.wixmp.com/intermediary/f/85b553e1-68c2-41dc-91e0-3be3c7a0bfc1/dcyugwj-2544aa51-176c-4fe5-a577-7847d98a148d.png/v1/fill/w_800,h_358,q_70,strp/garnet_dragon_by_demonml_dcyugwj-400t.jpg 800w,https://images-wixmp-ed30a86b8c4ca887773594c2.wixmp.com/intermediary/f/85b553e1-68c2-41dc-91e0-3be3c7a0bfc1/dcyugwj-2544aa51-176c-4fe5-a577-7847d98a148d.png/v1/fill/w_1337,h_597,q_70,strp/garnet_dragon_by_demonml_dcyugwj-pre.jpg 1337w&quot; sizes=&quot;150px&quot;&gt;&lt;/a&gt;&lt;/span&gt;&lt;!-- ^TTT --&gt;&lt;!-- TTT$ --&gt;&lt;/span&gt; &lt;span class=&quot;shadow-holder&quot; data-embed-type=&quot;deviation&quot; data-embed-id=&quot;749203528&quot; data-embed-format=&quot;thumb&quot;&gt;&lt;span class=&quot;shadow mild&quot; &gt;&lt;a class=&quot;thumb&quot; href=&quot;https://www.deviantart.com/demonml/art/Aquamarine-Dragon-749203528&quot; title=&quot;Aquamarine Dragon by DemonML, Jun 10, 2018 in Digital Art &amp;gt; Drawings &amp;amp; Paintings &amp;gt; Fantasy&quot;data-super-img=&quot;https://images-wixmp-ed30a86b8c4ca887773594c2.wixmp.com/intermediary/f/85b553e1-68c2-41dc-91e0-3be3c7a0bfc1/dce2154-d46ab38b-455a-482f-91e8-8ea620947b27.png/v1/fill/w_650,h_1229,q_70,strp/aquamarine_dragon_by_demonml_dce2154-pre.jpg&quot; data-super-width=&quot;650&quot; data-super-height=&quot;1229&quot; data-super-transparent=&quot;false&quot; data-super-alt=&quot;Aquamarine Dragon by DemonML&quot; data-super-full-img=&quot;https://images-wixmp-ed30a86b8c4ca887773594c2.wixmp.com/intermediary/f/85b553e1-68c2-41dc-91e0-3be3c7a0bfc1/dce2154-d46ab38b-455a-482f-91e8-8ea620947b27.png&quot; data-super-full-width=&quot;677&quot; data-super-full-height=&quot;1280&quot;        data-sigil=&quot;thumb&quot;&gt;
        &lt;i&gt;&lt;/i&gt;&lt;img   width=&quot;79&quot; height=&quot;150&quot; alt=&quot;Aquamarine Dragon by DemonML&quot; src=&quot;https://images-wixmp-ed30a86b8c4ca887773594c2.wixmp.com/intermediary/f/85b553e1-68c2-41dc-91e0-3be3c7a0bfc1/dce2154-d46ab38b-455a-482f-91e8-8ea620947b27.png/v1/fit/w_150,h_150,q_70,strp/aquamarine_dragon_by_demonml_dce2154-150.jpg&quot; data-src=&quot;https://images-wixmp-ed30a86b8c4ca887773594c2.wixmp.com/intermediary/f/85b553e1-68c2-41dc-91e0-3be3c7a0bfc1/dce2154-d46ab38b-455a-482f-91e8-8ea620947b27.png/v1/fit/w_150,h_150,q_70,strp/aquamarine_dragon_by_demonml_dce2154-150.jpg&quot; srcset=&quot;https://images-wixmp-ed30a86b8c4ca887773594c2.wixmp.com/intermediary/f/85b553e1-68c2-41dc-91e0-3be3c7a0bfc1/dce2154-d46ab38b-455a-482f-91e8-8ea620947b27.png/v1/fit/w_150,h_150,q_70,strp/aquamarine_dragon_by_demonml_dce2154-150.jpg 79w,https://images-wixmp-ed30a86b8c4ca887773594c2.wixmp.com/intermediary/f/85b553e1-68c2-41dc-91e0-3be3c7a0bfc1/dce2154-d46ab38b-455a-482f-91e8-8ea620947b27.png/v1/fill/w_132,h_250,q_70,strp/aquamarine_dragon_by_demonml_dce2154-250t.jpg 132w,https://images-wixmp-ed30a86b8c4ca887773594c2.wixmp.com/intermediary/f/85b553e1-68c2-41dc-91e0-3be3c7a0bfc1/dce2154-d46ab38b-455a-482f-91e8-8ea620947b27.png/v1/fill/w_185,h_350,q_70,strp/aquamarine_dragon_by_demonml_dce2154-350t.jpg 185w,https://images-wixmp-ed30a86b8c4ca887773594c2.wixmp.com/intermediary/f/85b553e1-68c2-41dc-91e0-3be3c7a0bfc1/dce2154-d46ab38b-455a-482f-91e8-8ea620947b27.png/v1/crop/w_212,h_400,x_0,y_0,scl_0.31314623338257,q_70,strp/aquamarine_dragon_by_demonml_dce2154-400t.jpg 212w,https://images-wixmp-ed30a86b8c4ca887773594c2.wixmp.com/intermediary/f/85b553e1-68c2-41dc-91e0-3be3c7a0bfc1/dce2154-d46ab38b-455a-482f-91e8-8ea620947b27.png/v1/fill/w_650,h_1229,q_70,strp/aquamarine_dragon_by_demonml_dce2154-pre.jpg 650w&quot; sizes=&quot;79px&quot;&gt;&lt;/a&gt;&lt;/span&gt;&lt;!-- ^TTT --&gt;&lt;!-- TTT$ --&gt;&lt;/span&gt; &lt;span class=&quot;shadow-holder&quot; data-embed-type=&quot;deviation&quot; data-embed-id=&quot;750277726&quot; data-embed-format=&quot;thumb&quot;&gt;&lt;span class=&quot;shadow mild&quot; &gt;&lt;a class=&quot;thumb&quot; href=&quot;https://www.deviantart.com/demonml/art/Diamond-Dragon-750277726&quot; title=&quot;Diamond Dragon by DemonML, Jun 17, 2018 in Digital Art &amp;gt; Drawings &amp;amp; Paintings &amp;gt; Fantasy&quot;data-super-img=&quot;https://images-wixmp-ed30a86b8c4ca887773594c2.wixmp.com/intermediary/f/85b553e1-68c2-41dc-91e0-3be3c7a0bfc1/dcep1zy-eb9acbfe-f83c-4c17-8cdf-663591c7f8dd.png/v1/fill/w_648,h_1234,q_70,strp/diamond_dragon_by_demonml_dcep1zy-pre.jpg&quot; data-super-width=&quot;648&quot; data-super-height=&quot;1234&quot; data-super-transparent=&quot;false&quot; data-super-alt=&quot;Diamond Dragon by DemonML&quot; data-super-full-img=&quot;https://images-wixmp-ed30a86b8c4ca887773594c2.wixmp.com/intermediary/f/85b553e1-68c2-41dc-91e0-3be3c7a0bfc1/dcep1zy-eb9acbfe-f83c-4c17-8cdf-663591c7f8dd.png&quot; data-super-full-width=&quot;672&quot; data-super-full-height=&quot;1280&quot;        data-sigil=&quot;thumb&quot;&gt;
        &lt;i&gt;&lt;/i&gt;&lt;img   width=&quot;79&quot; height=&quot;150&quot; alt=&quot;Diamond Dragon by DemonML&quot; src=&quot;https://images-wixmp-ed30a86b8c4ca887773594c2.wixmp.com/intermediary/f/85b553e1-68c2-41dc-91e0-3be3c7a0bfc1/dcep1zy-eb9acbfe-f83c-4c17-8cdf-663591c7f8dd.png/v1/fit/w_150,h_150,q_70,strp/diamond_dragon_by_demonml_dcep1zy-150.jpg&quot; data-src=&quot;https://images-wixmp-ed30a86b8c4ca887773594c2.wixmp.com/intermediary/f/85b553e1-68c2-41dc-91e0-3be3c7a0bfc1/dcep1zy-eb9acbfe-f83c-4c17-8cdf-663591c7f8dd.png/v1/fit/w_150,h_150,q_70,strp/diamond_dragon_by_demonml_dcep1zy-150.jpg&quot; srcset=&quot;https://images-wixmp-ed30a86b8c4ca887773594c2.wixmp.com/intermediary/f/85b553e1-68c2-41dc-91e0-3be3c7a0bfc1/dcep1zy-eb9acbfe-f83c-4c17-8cdf-663591c7f8dd.png/v1/fit/w_150,h_150,q_70,strp/diamond_dragon_by_demonml_dcep1zy-150.jpg 79w,https://images-wixmp-ed30a86b8c4ca887773594c2.wixmp.com/intermediary/f/85b553e1-68c2-41dc-91e0-3be3c7a0bfc1/dcep1zy-eb9acbfe-f83c-4c17-8cdf-663591c7f8dd.png/v1/fill/w_131,h_250,q_70,strp/diamond_dragon_by_demonml_dcep1zy-250t.jpg 131w,https://images-wixmp-ed30a86b8c4ca887773594c2.wixmp.com/intermediary/f/85b553e1-68c2-41dc-91e0-3be3c7a0bfc1/dcep1zy-eb9acbfe-f83c-4c17-8cdf-663591c7f8dd.png/v1/fill/w_184,h_350,q_70,strp/diamond_dragon_by_demonml_dcep1zy-350t.jpg 184w,https://images-wixmp-ed30a86b8c4ca887773594c2.wixmp.com/intermediary/f/85b553e1-68c2-41dc-91e0-3be3c7a0bfc1/dcep1zy-eb9acbfe-f83c-4c17-8cdf-663591c7f8dd.png/v1/fill/w_210,h_400,q_70,strp/diamond_dragon_by_demonml_dcep1zy-400t.jpg 210w,https://images-wixmp-ed30a86b8c4ca887773594c2.wixmp.com/intermediary/f/85b553e1-68c2-41dc-91e0-3be3c7a0bfc1/dcep1zy-eb9acbfe-f83c-4c17-8cdf-663591c7f8dd.png/v1/fill/w_648,h_1234,q_70,strp/diamond_dragon_by_demonml_dcep1zy-pre.jpg 648w&quot; sizes=&quot;79px&quot;&gt;&lt;/a&gt;&lt;/span&gt;&lt;!-- ^TTT --&gt;&lt;!-- TTT$ --&gt;&lt;/span&gt; &lt;br /&gt;&lt;/div&gt;&lt;div&gt;&lt;br /&gt;&lt;/div&gt;&lt;div&gt;&lt;br /&gt;&lt;/div&gt;&lt;div&gt;Art (c) &lt;a target=&quot;_self&quot; href=&quot;https://www.deviantart.com/demonml&quot; &gt;&lt;img class=&quot;avatar&quot; width=&quot;50&quot; height=&quot;50&quot; src=&quot;https://a.deviantart.net/avatars/d/e/demonml.gif?4&quot; alt=&quot;:icondemonml:&quot; title=&quot;DemonML&quot; /&gt;&lt;/a&gt;&lt;/div&gt;&lt;div&gt;Do Not Use Copy or Repost&lt;br /&gt;&lt;/div&gt;&lt;br /&gt;&lt;div&gt;&lt;img src=&quot;https://t00.deviantart.net/2gEZDFIQUrKw7kxmxOvNbYAVtgg=/300x200/filters:fixed_height(100,100):origin()/pre00/72cc/th/pre/f/2019/055/7/f/amathyst_dragon_by_demonml-dd0nfqz.png&quot; alt=&quot;thumbnail&quot; /&gt;&lt;/div&gt;</description>            </item>
                    <item>
                <title>+ Comes to Paradise +</title>
                <link>https://angekrystaleen.deviantart.com/art/Comes-to-Paradise-787109816</link>
                <guid isPermaLink="true">https://angekrystaleen.deviantart.com/art/Comes-to-Paradise-787109816</guid>
                <pubDate>Sun, 24 Feb 2019 15:53:02 PST</pubDate>
                        <media:title type="plain">+ Comes to Paradise +</media:title>
        <media:keywords></media:keywords>
                        <media:rating>nonadult</media:rating>
                <media:category label="Drawings">manga/digital/drawings</media:category>
        <media:credit role="author" scheme="urn:ebu">AngeKrystaleen</media:credit>
        <media:credit role="author" scheme="urn:ebu">https://a.deviantart.net/avatars/a/n/angekrystaleen.png?1</media:credit>
        <media:copyright url="https://angekrystaleen.deviantart.com">Copyright 2019 AngeKrystaleen</media:copyright>
            <media:community>
                <media:tags>@AngeKrystaleen</media:tags>
            </media:community>            <media:description type="html">&lt;div align=&quot;center&quot;&gt;&lt;div align=&quot;center&quot;&gt;&lt;a href=&quot;https://www.deviantart.com/jerikuto/art/Bear-Emoji-35-Shocked-Exclamation-V2-462123226&quot; class=&quot;emoticon&quot; data-embed-type=&quot;emoticon&quot; data-embed-id=&quot;462123226&quot; data-embed-profile=&quot;deviation&quot;&gt;&lt;img src=&quot;https://orig00.deviantart.net/0f8c/f/2014/171/6/d/bear_emoji_35__shocked_exclamation___v2__by_jerikuto-d7n4wka.gif&quot; alt=&quot;Bear Emoji-35 (Shocked Exclamation) [V2]&quot; style=&quot;width:20px;height:20px&quot;&gt;&lt;/a&gt;&amp;nbsp;&amp;nbsp;&lt;a href=&quot;https://www.deviantart.com/kayosa-stock/art/Rainbow-orb-628658136&quot; class=&quot;emoticon&quot; data-embed-type=&quot;emoticon&quot; data-embed-id=&quot;628658136&quot; data-embed-profile=&quot;deviation&quot;&gt;&lt;img src=&quot;https://images-wixmp-ed30a86b8c4ca887773594c2.wixmp.com/intermediary/f/ac0f4740-0a93-4c32-9553-fa4f1e4770fc/daeabq0-d372df28-7043-48f6-9b94-e3e18af67184.png&quot; alt=&quot;Rainbow-orb&quot; style=&quot;width:18px;height:18px&quot;&gt;&lt;/a&gt;&amp;nbsp;&lt;a href=&quot;https://www.deviantart.com/xvanyx/art/Rainbow-Letter-A-Animated-617164718&quot; class=&quot;emoticon&quot; data-embed-type=&quot;emoticon&quot; data-embed-id=&quot;617164718&quot; data-embed-profile=&quot;deviation&quot;&gt;&lt;img src=&quot;https://orig00.deviantart.net/0afc/f/2016/175/d/8/rainbow_letter__a__animated__by_xvanyx-da7fzce.gif&quot; alt=&quot;Rainbow Letter: A (Animated)&quot; style=&quot;width:9px;height:12px&quot;&gt;&lt;/a&gt;&amp;nbsp;&lt;a href=&quot;https://www.deviantart.com/xvanyx/art/Rainbow-Letter-T-Animated-618007721&quot; class=&quot;emoticon&quot; data-embed-type=&quot;emoticon&quot; data-embed-id=&quot;618007721&quot; data-embed-profile=&quot;deviation&quot;&gt;&lt;img src=&quot;https://orig00.deviantart.net/1dcd/f/2016/179/1/1/rainbow_letter__t__animated__by_xvanyx-da7y1t5.gif&quot; alt=&quot;Rainbow Letter: T (Animated)&quot; style=&quot;width:8px;height:12px&quot;&gt;&lt;/a&gt;&amp;nbsp;&lt;a href=&quot;https://www.deviantart.com/xvanyx/art/Rainbow-Letter-T-Animated-618007721&quot; class=&quot;emoticon&quot; data-embed-type=&quot;emoticon&quot; data-embed-id=&quot;618007721&quot; data-embed-profile=&quot;deviation&quot;&gt;&lt;img src=&quot;https://orig00.deviantart.net/1dcd/f/2016/179/1/1/rainbow_letter__t__animated__by_xvanyx-da7y1t5.gif&quot; alt=&quot;Rainbow Letter: T (Animated)&quot; style=&quot;width:8px;height:12px&quot;&gt;&lt;/a&gt;&amp;nbsp;&lt;a href=&quot;https://www.deviantart.com/xvanyx/art/Rainbow-Letter-E-Static-617861117&quot; class=&quot;emoticon&quot; data-embed-type=&quot;emoticon&quot; data-embed-id=&quot;617861117&quot; data-embed-profile=&quot;deviation&quot;&gt;&lt;img src=&quot;https://images-wixmp-ed30a86b8c4ca887773594c2.wixmp.com/intermediary/f/0f92c582-5de5-4807-af64-13c5f36b40a5/da7uwot-4f4d9a62-ea28-4555-a499-9cdadf3e0f32.png&quot; alt=&quot;Rainbow Letter: E (Static)&quot; style=&quot;width:6px;height:12px&quot;&gt;&lt;/a&gt;&amp;nbsp;&lt;a href=&quot;https://www.deviantart.com/xvanyx/art/Rainbow-Letter-N-Animated-618006151&quot; class=&quot;emoticon&quot; data-embed-type=&quot;emoticon&quot; data-embed-id=&quot;618006151&quot; data-embed-profile=&quot;deviation&quot;&gt;&lt;img src=&quot;https://orig00.deviantart.net/30f2/f/2016/179/7/e/rainbow_letter__n__animated__by_xvanyx-da7y0lj.gif&quot; alt=&quot;Rainbow Letter: N (Animated)&quot; style=&quot;width:8px;height:12px&quot;&gt;&lt;/a&gt;&amp;nbsp;&lt;a href=&quot;https://www.deviantart.com/xvanyx/art/Rainbow-Letter-T-Animated-618007721&quot; class=&quot;emoticon&quot; data-embed-type=&quot;emoticon&quot; data-embed-id=&quot;618007721&quot; data-embed-profile=&quot;deviation&quot;&gt;&lt;img src=&quot;https://orig00.deviantart.net/1dcd/f/2016/179/1/1/rainbow_letter__t__animated__by_xvanyx-da7y1t5.gif&quot; alt=&quot;Rainbow Letter: T (Animated)&quot; style=&quot;width:8px;height:12px&quot;&gt;&lt;/a&gt;&amp;nbsp;&lt;a href=&quot;https://www.deviantart.com/xvanyx/art/Rainbow-Letter-I-Animated-618004771&quot; class=&quot;emoticon&quot; data-embed-type=&quot;emoticon&quot; data-embed-id=&quot;618004771&quot; data-embed-profile=&quot;deviation&quot;&gt;&lt;img src=&quot;https://orig00.deviantart.net/bf7d/f/2016/179/8/6/rainbow_letter__i__animated__by_xvanyx-da7xzj7.gif&quot; alt=&quot;Rainbow Letter: I (Animated)&quot; style=&quot;width:1px;height:12px&quot;&gt;&lt;/a&gt;&amp;nbsp;&lt;a href=&quot;https://www.deviantart.com/xvanyx/art/Rainbow-Letter-O-Animated-618006467&quot; class=&quot;emoticon&quot; data-embed-type=&quot;emoticon&quot; data-embed-id=&quot;618006467&quot; data-embed-profile=&quot;deviation&quot;&gt;&lt;img src=&quot;https://orig00.deviantart.net/abf5/f/2016/179/4/1/rainbow_letter__o__animated__by_xvanyx-da7y0ub.gif&quot; alt=&quot;Rainbow Letter: O (Animated)&quot; style=&quot;width:11px;height:12px&quot;&gt;&lt;/a&gt;&amp;nbsp;&lt;a href=&quot;https://www.deviantart.com/xvanyx/art/Rainbow-Letter-N-Animated-618006151&quot; class=&quot;emoticon&quot; data-embed-type=&quot;emoticon&quot; data-embed-id=&quot;618006151&quot; data-embed-profile=&quot;deviation&quot;&gt;&lt;img src=&quot;https://orig00.deviantart.net/30f2/f/2016/179/7/e/rainbow_letter__n__animated__by_xvanyx-da7y0lj.gif&quot; alt=&quot;Rainbow Letter: N (Animated)&quot; style=&quot;width:8px;height:12px&quot;&gt;&lt;/a&gt;&amp;nbsp;&amp;nbsp;&lt;a href=&quot;https://www.deviantart.com/kayosa-stock/art/Rainbow-orb-628658136&quot; class=&quot;emoticon&quot; data-embed-type=&quot;emoticon&quot; data-embed-id=&quot;628658136&quot; data-embed-profile=&quot;deviation&quot;&gt;&lt;img src=&quot;https://images-wixmp-ed30a86b8c4ca887773594c2.wixmp.com/intermediary/f/ac0f4740-0a93-4c32-9553-fa4f1e4770fc/daeabq0-d372df28-7043-48f6-9b94-e3e18af67184.png&quot; alt=&quot;Rainbow-orb&quot; style=&quot;width:18px;height:18px&quot;&gt;&lt;/a&gt;&amp;nbsp;&amp;nbsp;&lt;a href=&quot;https://www.deviantart.com/jerikuto/art/Bear-Emoji-35-Shocked-Exclamation-V2-462123226&quot; class=&quot;emoticon&quot; data-embed-type=&quot;emoticon&quot; data-embed-id=&quot;462123226&quot; data-embed-profile=&quot;deviation&quot;&gt;&lt;img src=&quot;https://orig00.deviantart.net/0f8c/f/2014/171/6/d/bear_emoji_35__shocked_exclamation___v2__by_jerikuto-d7n4wka.gif&quot; alt=&quot;Bear Emoji-35 (Shocked Exclamation) [V2]&quot; style=&quot;width:20px;height:20px&quot;&gt;&lt;/a&gt;&amp;nbsp;&lt;br /&gt;&lt;br /&gt;&lt;b&gt;Fav &amp;amp; Comment to get a chance to win 1 Mini Chibi Rainbow&lt;br /&gt;&amp;nbsp;&lt;span class=&quot;shadow-holder&quot; data-embed-type=&quot;deviation&quot; data-embed-id=&quot;768029340&quot; data-embed-format=&quot;thumb&quot;&gt;&lt;span class=&quot;shadow mild&quot; &gt;&lt;a class=&quot;thumb&quot; href=&quot;https://www.deviantart.com/angekrystaleen/art/Celeste-and-Ange-768029340&quot; title=&quot;+ Celeste and Ange + by AngeKrystaleen, Oct 12, 2018 in Manga &amp;amp; Anime &amp;gt; Digital Media &amp;gt; Drawings&quot;data-super-img=&quot;https://images-wixmp-ed30a86b8c4ca887773594c2.wixmp.com/intermediary/f/964785ca-7bbf-464a-b735-8316411869eb/dcp9j8c-5d39d700-0933-4dc3-92cf-7750d6e0d1a8.png&quot; data-super-width=&quot;1000&quot; data-super-height=&quot;500&quot; data-super-transparent=&quot;true&quot; data-super-alt=&quot;+ Celeste and Ange + by AngeKrystaleen&quot; data-super-full-img=&quot;https://images-wixmp-ed30a86b8c4ca887773594c2.wixmp.com/intermediary/f/964785ca-7bbf-464a-b735-8316411869eb/dcp9j8c-5d39d700-0933-4dc3-92cf-7750d6e0d1a8.png&quot; data-super-full-width=&quot;1000&quot; data-super-full-height=&quot;500&quot;        data-sigil=&quot;thumb&quot;&gt;
        &lt;i&gt;&lt;/i&gt;&lt;img   width=&quot;150&quot; height=&quot;75&quot; alt=&quot;+ Celeste and Ange + by AngeKrystaleen&quot; src=&quot;https://images-wixmp-ed30a86b8c4ca887773594c2.wixmp.com/intermediary/f/964785ca-7bbf-464a-b735-8316411869eb/dcp9j8c-5d39d700-0933-4dc3-92cf-7750d6e0d1a8.png/v1/fit/w_150,h_150,strp/__celeste_and_ange___by_angekrystaleen_dcp9j8c-150.png&quot; data-src=&quot;https://images-wixmp-ed30a86b8c4ca887773594c2.wixmp.com/intermediary/f/964785ca-7bbf-464a-b735-8316411869eb/dcp9j8c-5d39d700-0933-4dc3-92cf-7750d6e0d1a8.png/v1/fit/w_150,h_150,strp/__celeste_and_ange___by_angekrystaleen_dcp9j8c-150.png&quot; srcset=&quot;https://images-wixmp-ed30a86b8c4ca887773594c2.wixmp.com/intermediary/f/964785ca-7bbf-464a-b735-8316411869eb/dcp9j8c-5d39d700-0933-4dc3-92cf-7750d6e0d1a8.png/v1/fit/w_150,h_150,strp/__celeste_and_ange___by_angekrystaleen_dcp9j8c-150.png 150w,https://images-wixmp-ed30a86b8c4ca887773594c2.wixmp.com/intermediary/f/964785ca-7bbf-464a-b735-8316411869eb/dcp9j8c-5d39d700-0933-4dc3-92cf-7750d6e0d1a8.png/v1/fill/w_500,h_250,strp/__celeste_and_ange___by_angekrystaleen_dcp9j8c-250t.png 500w,https://images-wixmp-ed30a86b8c4ca887773594c2.wixmp.com/intermediary/f/964785ca-7bbf-464a-b735-8316411869eb/dcp9j8c-5d39d700-0933-4dc3-92cf-7750d6e0d1a8.png/v1/fill/w_700,h_350,strp/__celeste_and_ange___by_angekrystaleen_dcp9j8c-350t.png 700w,https://images-wixmp-ed30a86b8c4ca887773594c2.wixmp.com/intermediary/f/964785ca-7bbf-464a-b735-8316411869eb/dcp9j8c-5d39d700-0933-4dc3-92cf-7750d6e0d1a8.png/v1/fill/w_800,h_400,strp/__celeste_and_ange___by_angekrystaleen_dcp9j8c-400t.png 800w,https://images-wixmp-ed30a86b8c4ca887773594c2.wixmp.com/intermediary/f/964785ca-7bbf-464a-b735-8316411869eb/dcp9j8c-5d39d700-0933-4dc3-92cf-7750d6e0d1a8.png 1000w&quot; sizes=&quot;150px&quot;&gt;&lt;/a&gt;&lt;/span&gt;&lt;!-- ^TTT --&gt;&lt;!-- TTT$ --&gt;&lt;/span&gt;&amp;nbsp;&lt;br /&gt;&lt;/b&gt;&lt;br /&gt;&lt;br /&gt;&lt;a href=&quot;https://www.deviantart.com/drache-lehre/art/Rainbow-Bullet-Outline-F2U-357354292&quot; class=&quot;emoticon&quot; data-embed-type=&quot;emoticon&quot; data-embed-id=&quot;357354292&quot; data-embed-profile=&quot;deviation&quot;&gt;&lt;img src=&quot;https://images-wixmp-ed30a86b8c4ca887773594c2.wixmp.com/intermediary/f/66a57468-5202-4c8b-987a-733b3eb4a6ca/d5wrcc4-5f830e2d-821a-48f0-9b2b-6530b697f50e.png&quot; alt=&quot;Rainbow Bullet (Outline) - F2U&quot; style=&quot;width:23px;height:15px&quot;&gt;&lt;/a&gt;&amp;nbsp;&lt;a href=&quot;https://www.deviantart.com/apparate/art/Pixel-Rainbow-Heart-186792353&quot; class=&quot;emoticon&quot; data-embed-type=&quot;emoticon&quot; data-embed-id=&quot;186792353&quot; data-embed-profile=&quot;deviation&quot;&gt;&lt;img src=&quot;https://images-wixmp-ed30a86b8c4ca887773594c2.wixmp.com/intermediary/f/144491b8-8521-4a1f-9b5a-e01967c31932/d337lwh-46400942-10b0-4fd5-8b6a-6da9080218ae.png&quot; alt=&quot;Pixel: Rainbow Heart&quot; style=&quot;width:16px;height:16px&quot;&gt;&lt;/a&gt;&amp;nbsp;&lt;a href=&quot;https://www.deviantart.com/xvanyx/art/Rainbow-Dots-Divider-Animated-763221096&quot; class=&quot;emoticon&quot; data-embed-type=&quot;emoticon&quot; data-embed-id=&quot;763221096&quot; data-embed-profile=&quot;deviation&quot;&gt;&lt;img src=&quot;https://orig00.deviantart.net/4484/f/2018/252/b/3/rainbow_divider_dots_animated_by_xvanyx-dcmeh60.gif&quot; alt=&quot;Rainbow Dots Divider, Animated&quot; style=&quot;width:89px;height:15px&quot;&gt;&lt;/a&gt;&lt;a href=&quot;https://www.deviantart.com/xvanyx/art/Rainbow-Dots-Divider-Animated-763221096&quot; class=&quot;emoticon&quot; data-embed-type=&quot;emoticon&quot; data-embed-id=&quot;763221096&quot; data-embed-profile=&quot;deviation&quot;&gt;&lt;img src=&quot;https://orig00.deviantart.net/4484/f/2018/252/b/3/rainbow_divider_dots_animated_by_xvanyx-dcmeh60.gif&quot; alt=&quot;Rainbow Dots Divider, Animated&quot; style=&quot;width:89px;height:15px&quot;&gt;&lt;/a&gt;&amp;nbsp;&lt;a href=&quot;https://www.deviantart.com/apparate/art/Pixel-Rainbow-Heart-186792353&quot; class=&quot;emoticon&quot; data-embed-type=&quot;emoticon&quot; data-embed-id=&quot;186792353&quot; data-embed-profile=&quot;deviation&quot;&gt;&lt;img src=&quot;https://images-wixmp-ed30a86b8c4ca887773594c2.wixmp.com/intermediary/f/144491b8-8521-4a1f-9b5a-e01967c31932/d337lwh-46400942-10b0-4fd5-8b6a-6da9080218ae.png&quot; alt=&quot;Pixel: Rainbow Heart&quot; style=&quot;width:16px;height:16px&quot;&gt;&lt;/a&gt;&amp;nbsp;&lt;a href=&quot;https://www.deviantart.com/drache-lehre/art/Rainbow-Bullet-Outline-F2U-357354292&quot; class=&quot;emoticon&quot; data-embed-type=&quot;emoticon&quot; data-embed-id=&quot;357354292&quot; data-embed-profile=&quot;deviation&quot;&gt;&lt;img src=&quot;https://images-wixmp-ed30a86b8c4ca887773594c2.wixmp.com/intermediary/f/66a57468-5202-4c8b-987a-733b3eb4a6ca/d5wrcc4-5f830e2d-821a-48f0-9b2b-6530b697f50e.png&quot; alt=&quot;Rainbow Bullet (Outline) - F2U&quot; style=&quot;width:23px;height:15px&quot;&gt;&lt;/a&gt;&amp;nbsp;&lt;/div&gt;&lt;div align=&quot;center&quot;&gt;&lt;b&gt;&lt;a href=&quot;https://www.deviantart.com/diegovainilla/art/rainbow-heart-big-683986660&quot; class=&quot;emoticon&quot; data-embed-type=&quot;emoticon&quot; data-embed-id=&quot;683986660&quot; data-embed-profile=&quot;deviation&quot;&gt;&lt;img src=&quot;https://orig00.deviantart.net/a813/f/2017/153/6/e/rainbow_heart__big__by_diegovainilla-dbb87hg.gif&quot; alt=&quot;rainbow heart {big}&quot; style=&quot;width:15px;height:15px&quot;&gt;&lt;/a&gt;&lt;/b&gt;&amp;nbsp;&lt;small&gt;&lt;b&gt;&amp;nbsp;Commissions :&amp;nbsp;&lt;/b&gt;&lt;/small&gt;&lt;b&gt;&lt;a href=&quot;http://fav.me/dbfwu2m&quot;&gt;&amp;#12304;Here&amp;#12305;&lt;/a&gt;&lt;/b&gt;&lt;b&gt;&amp;nbsp;&lt;a href=&quot;https://www.deviantart.com/diegovainilla/art/rainbow-heart-big-683986660&quot; class=&quot;emoticon&quot; data-embed-type=&quot;emoticon&quot; data-embed-id=&quot;683986660&quot; data-embed-profile=&quot;deviation&quot;&gt;&lt;img src=&quot;https://orig00.deviantart.net/a813/f/2017/153/6/e/rainbow_heart__big__by_diegovainilla-dbb87hg.gif&quot; alt=&quot;rainbow heart {big}&quot; style=&quot;width:15px;height:15px&quot;&gt;&lt;/a&gt;&amp;nbsp;&lt;br /&gt;&lt;/b&gt;&lt;b&gt;&lt;a href=&quot;https://www.deviantart.com/diegovainilla/art/rainbow-heart-big-683986660&quot; class=&quot;emoticon&quot; data-embed-type=&quot;emoticon&quot; data-embed-id=&quot;683986660&quot; data-embed-profile=&quot;deviation&quot;&gt;&lt;img src=&quot;https://orig00.deviantart.net/a813/f/2017/153/6/e/rainbow_heart__big__by_diegovainilla-dbb87hg.gif&quot; alt=&quot;rainbow heart {big}&quot; style=&quot;width:15px;height:15px&quot;&gt;&lt;/a&gt;&lt;/b&gt;&amp;nbsp;&lt;small&gt;&lt;b&gt;&amp;nbsp;Support me without money :&amp;nbsp;&lt;/b&gt;&lt;/small&gt;&lt;b&gt;&lt;a href=&quot;https://www.deviantart.com/angekrystaleen/journal/Support-me-WITHOUT-money-785861876&quot;&gt;&amp;#12304;Here&amp;#12305;&lt;/a&gt;&lt;/b&gt;&lt;b&gt;&amp;nbsp;&lt;a href=&quot;https://www.deviantart.com/diegovainilla/art/rainbow-heart-big-683986660&quot; class=&quot;emoticon&quot; data-embed-type=&quot;emoticon&quot; data-embed-id=&quot;683986660&quot; data-embed-profile=&quot;deviation&quot;&gt;&lt;img src=&quot;https://orig00.deviantart.net/a813/f/2017/153/6/e/rainbow_heart__big__by_diegovainilla-dbb87hg.gif&quot; alt=&quot;rainbow heart {big}&quot; style=&quot;width:15px;height:15px&quot;&gt;&lt;/a&gt;&amp;nbsp;&lt;/b&gt;&lt;br /&gt;&lt;/div&gt;&lt;div align=&quot;center&quot;&gt;&lt;a href=&quot;https://www.deviantart.com/drache-lehre/art/Rainbow-Bullet-Outline-F2U-357354292&quot; class=&quot;emoticon&quot; data-embed-type=&quot;emoticon&quot; data-embed-id=&quot;357354292&quot; data-embed-profile=&quot;deviation&quot;&gt;&lt;img src=&quot;https://images-wixmp-ed30a86b8c4ca887773594c2.wixmp.com/intermediary/f/66a57468-5202-4c8b-987a-733b3eb4a6ca/d5wrcc4-5f830e2d-821a-48f0-9b2b-6530b697f50e.png&quot; alt=&quot;Rainbow Bullet (Outline) - F2U&quot; style=&quot;width:23px;height:15px&quot;&gt;&lt;/a&gt;&amp;nbsp;&lt;a href=&quot;https://www.deviantart.com/apparate/art/Pixel-Rainbow-Heart-186792353&quot; class=&quot;emoticon&quot; data-embed-type=&quot;emoticon&quot; data-embed-id=&quot;186792353&quot; data-embed-profile=&quot;deviation&quot;&gt;&lt;img src=&quot;https://images-wixmp-ed30a86b8c4ca887773594c2.wixmp.com/intermediary/f/144491b8-8521-4a1f-9b5a-e01967c31932/d337lwh-46400942-10b0-4fd5-8b6a-6da9080218ae.png&quot; alt=&quot;Pixel: Rainbow Heart&quot; style=&quot;width:16px;height:16px&quot;&gt;&lt;/a&gt;&amp;nbsp;&lt;a href=&quot;https://www.deviantart.com/xvanyx/art/Rainbow-Dots-Divider-Animated-763221096&quot; class=&quot;emoticon&quot; data-embed-type=&quot;emoticon&quot; data-embed-id=&quot;763221096&quot; data-embed-profile=&quot;deviation&quot;&gt;&lt;img src=&quot;https://orig00.deviantart.net/4484/f/2018/252/b/3/rainbow_divider_dots_animated_by_xvanyx-dcmeh60.gif&quot; alt=&quot;Rainbow Dots Divider, Animated&quot; style=&quot;width:89px;height:15px&quot;&gt;&lt;/a&gt;&lt;a href=&quot;https://www.deviantart.com/xvanyx/art/Rainbow-Dots-Divider-Animated-763221096&quot; class=&quot;emoticon&quot; data-embed-type=&quot;emoticon&quot; data-embed-id=&quot;763221096&quot; data-embed-profile=&quot;deviation&quot;&gt;&lt;img src=&quot;https://orig00.deviantart.net/4484/f/2018/252/b/3/rainbow_divider_dots_animated_by_xvanyx-dcmeh60.gif&quot; alt=&quot;Rainbow Dots Divider, Animated&quot; style=&quot;width:89px;height:15px&quot;&gt;&lt;/a&gt;&amp;nbsp;&lt;a href=&quot;https://www.deviantart.com/apparate/art/Pixel-Rainbow-Heart-186792353&quot; class=&quot;emoticon&quot; data-embed-type=&quot;emoticon&quot; data-embed-id=&quot;186792353&quot; data-embed-profile=&quot;deviation&quot;&gt;&lt;img src=&quot;https://images-wixmp-ed30a86b8c4ca887773594c2.wixmp.com/intermediary/f/144491b8-8521-4a1f-9b5a-e01967c31932/d337lwh-46400942-10b0-4fd5-8b6a-6da9080218ae.png&quot; alt=&quot;Pixel: Rainbow Heart&quot; style=&quot;width:16px;height:16px&quot;&gt;&lt;/a&gt;&amp;nbsp;&lt;a href=&quot;https://www.deviantart.com/drache-lehre/art/Rainbow-Bullet-Outline-F2U-357354292&quot; class=&quot;emoticon&quot; data-embed-type=&quot;emoticon&quot; data-embed-id=&quot;357354292&quot; data-embed-profile=&quot;deviation&quot;&gt;&lt;img src=&quot;https://images-wixmp-ed30a86b8c4ca887773594c2.wixmp.com/intermediary/f/66a57468-5202-4c8b-987a-733b3eb4a6ca/d5wrcc4-5f830e2d-821a-48f0-9b2b-6530b697f50e.png&quot; alt=&quot;Rainbow Bullet (Outline) - F2U&quot; style=&quot;width:23px;height:15px&quot;&gt;&lt;/a&gt;&amp;nbsp;&lt;br /&gt;&lt;br /&gt;&lt;span class=&quot;shadow-holder&quot; data-embed-type=&quot;deviation&quot; data-embed-id=&quot;301297688794322&quot; data-embed-format=&quot;thumb&quot;&gt;&lt;span class=&quot;shadow mild&quot; &gt;&lt;a class=&quot;thumb&quot; href=&quot;https://sta.sh/02ysu8wmriq&quot; title=&quot;Crystalbullet3 by AngeKrystaleen, Jul 10, 2017&quot;data-super-img=&quot;https://images-wixmp-ed30a86b8c4ca887773594c2.wixmp.com/intermediary/f/964785ca-7bbf-464a-b735-8316411869eb/dbfsnsu-11d54c0f-664f-4d01-ac08-712bc9152724.png&quot; data-super-width=&quot;225&quot; data-super-height=&quot;30&quot; data-super-transparent=&quot;true&quot; data-super-alt=&quot;Crystalbullet3 by AngeKrystaleen&quot; data-super-full-img=&quot;https://api-da.wixmp.com/_api/download/file?downloadToken=eyJ0eXAiOiJKV1QiLCJhbGciOiJIUzI1NiJ9.eyJzdWIiOiJ1cm46YXBwOjdlMGQxODg5ODIyNjQzNzNhNWYwZDQxNWVhMGQyNmUwIiwiaXNzIjoidXJuOmFwcDo3ZTBkMTg4OTgyMjY0MzczYTVmMGQ0MTVlYTBkMjZlMCIsImV4cCI6MTU1MTA1MjkzMywiaWF0IjoxNTUxMDUyMzIzLCJqdGkiOiI1YzczMmUyZDBkMDdjIiwib2JqIjpudWxsLCJhdWQiOlsidXJuOnNlcnZpY2U6ZmlsZS5kb3dubG9hZCJdLCJwYXlsb2FkIjp7InBhdGgiOiJcL2ZcLzk2NDc4NWNhLTdiYmYtNDY0YS1iNzM1LTgzMTY0MTE4NjllYlwvZGJmc25zdS0xMWQ1NGMwZi02NjRmLTRkMDEtYWMwOC03MTJiYzkxNTI3MjQucG5nIn19.flPlSICUX547nQvAvSFgAG4pe_lqtEkiXlw-5a3R7JE&quot; data-super-full-width=&quot;225&quot; data-super-full-height=&quot;30&quot;        data-sigil=&quot;thumb&quot;&gt;
        &lt;i&gt;&lt;/i&gt;&lt;img   width=&quot;150&quot; height=&quot;20&quot; alt=&quot;Crystalbullet3 by AngeKrystaleen&quot; src=&quot;https://images-wixmp-ed30a86b8c4ca887773594c2.wixmp.com/intermediary/f/964785ca-7bbf-464a-b735-8316411869eb/dbfsnsu-11d54c0f-664f-4d01-ac08-712bc9152724.png/v1/fit/w_150,h_30,strp/crystalbullet3_by_angekrystaleen_dbfsnsu-150.png&quot; data-src=&quot;https://images-wixmp-ed30a86b8c4ca887773594c2.wixmp.com/intermediary/f/964785ca-7bbf-464a-b735-8316411869eb/dbfsnsu-11d54c0f-664f-4d01-ac08-712bc9152724.png/v1/fit/w_150,h_30,strp/crystalbullet3_by_angekrystaleen_dbfsnsu-150.png&quot; srcset=&quot;https://images-wixmp-ed30a86b8c4ca887773594c2.wixmp.com/intermediary/f/964785ca-7bbf-464a-b735-8316411869eb/dbfsnsu-11d54c0f-664f-4d01-ac08-712bc9152724.png/v1/fit/w_150,h_30,strp/crystalbullet3_by_angekrystaleen_dbfsnsu-150.png 150w,https://images-wixmp-ed30a86b8c4ca887773594c2.wixmp.com/intermediary/f/964785ca-7bbf-464a-b735-8316411869eb/dbfsnsu-11d54c0f-664f-4d01-ac08-712bc9152724.png 225w&quot; sizes=&quot;150px&quot;&gt;&lt;/a&gt;&lt;/span&gt;&lt;!-- ^TTT --&gt;&lt;!-- TTT$ --&gt;&lt;/span&gt;&lt;br /&gt;&lt;br /&gt;&lt;a href=&quot;https://www.deviantart.com/drawn-mario/art/Bullet-Purple-588624914&quot; class=&quot;emoticon&quot; data-embed-type=&quot;emoticon&quot; data-embed-id=&quot;588624914&quot; data-embed-profile=&quot;deviation&quot;&gt;&lt;img src=&quot;https://images-wixmp-ed30a86b8c4ca887773594c2.wixmp.com/intermediary/f/0227008f-4c5e-4e15-a020-ab3200b7002a/d9qg9w2-c5afd22e-d52c-4063-98ed-439a0feea36f.png&quot; alt=&quot;Bullet Purple&quot; style=&quot;width:10px;height:10px&quot;&gt;&lt;/a&gt;&amp;nbsp;Yay, done with this one &lt;img src=&quot;https://e.deviantart.net/emoticons/l/la.gif&quot; width=&quot;19&quot; height=&quot;19&quot; alt=&quot;:la:&quot; data-embed-type=&quot;emoticon&quot; data-embed-id=&quot;577&quot; title=&quot;La la la la&quot;/&gt; I think that most of my future illustration will have this type of composition, I really enjoy to draw rainbows and crystal like those &lt;img src=&quot;https://e.deviantart.net/emoticons/l/love2.gif&quot; width=&quot;26&quot; height=&quot;17&quot; alt=&quot;:love:&quot; data-embed-type=&quot;emoticon&quot; data-embed-id=&quot;276&quot; title=&quot;Love&quot;/&gt;&lt;br /&gt;&lt;a href=&quot;https://www.deviantart.com/drawn-mario/art/Bullet-Pink-588624913&quot; class=&quot;emoticon&quot; data-embed-type=&quot;emoticon&quot; data-embed-id=&quot;588624913&quot; data-embed-profile=&quot;deviation&quot;&gt;&lt;img src=&quot;https://images-wixmp-ed30a86b8c4ca887773594c2.wixmp.com/intermediary/f/0227008f-4c5e-4e15-a020-ab3200b7002a/d9qg9w1-4ed7438b-f5bc-4dd0-87cf-1ecd632069af.png&quot; alt=&quot;Bullet Pink&quot; style=&quot;width:10px;height:10px&quot;&gt;&lt;/a&gt;&amp;nbsp;OCs : Lunalys &amp;amp; Nightningal&lt;br /&gt;&lt;i&gt;Designed by&amp;nbsp;&lt;span class=&quot;username-with-symbol u&quot;&gt;&lt;a class=&quot;u volunteer username&quot; href=&quot;https://www.deviantart.com/angekrystaleen&quot;&gt;AngeKrystaleen&lt;/a&gt;&lt;span class=&quot;user-symbol volunteer&quot; data-quicktip-text=&quot;Volunteer&quot; data-show-tooltip=&quot;1&quot; data-gruser-type=&quot;volunteer&quot;&gt;&lt;/span&gt;&lt;/span&gt; &amp;amp; &lt;span class=&quot;username-with-symbol u&quot;&gt;&lt;a class=&quot;u regular username&quot; href=&quot;https://www.deviantart.com/rushiorusama&quot;&gt;RushioruSama&lt;/a&gt;&lt;span class=&quot;user-symbol regular&quot; data-quicktip-text=&quot;&quot; data-show-tooltip=&quot;&quot; data-gruser-type=&quot;regular&quot;&gt;&lt;/span&gt;&lt;/span&gt;&amp;nbsp;&lt;/i&gt;&lt;br /&gt;&lt;br /&gt;&lt;span class=&quot;shadow-holder&quot; data-embed-type=&quot;deviation&quot; data-embed-id=&quot;301297688794322&quot; data-embed-format=&quot;thumb&quot;&gt;&lt;span class=&quot;shadow mild&quot; &gt;&lt;a class=&quot;thumb&quot; href=&quot;https://sta.sh/02ysu8wmriq&quot; title=&quot;Crystalbullet3 by AngeKrystaleen, Jul 10, 2017&quot;data-super-img=&quot;https://images-wixmp-ed30a86b8c4ca887773594c2.wixmp.com/intermediary/f/964785ca-7bbf-464a-b735-8316411869eb/dbfsnsu-11d54c0f-664f-4d01-ac08-712bc9152724.png&quot; data-super-width=&quot;225&quot; data-super-height=&quot;30&quot; data-super-transparent=&quot;true&quot; data-super-alt=&quot;Crystalbullet3 by AngeKrystaleen&quot; data-super-full-img=&quot;https://api-da.wixmp.com/_api/download/file?downloadToken=eyJ0eXAiOiJKV1QiLCJhbGciOiJIUzI1NiJ9.eyJzdWIiOiJ1cm46YXBwOjdlMGQxODg5ODIyNjQzNzNhNWYwZDQxNWVhMGQyNmUwIiwiaXNzIjoidXJuOmFwcDo3ZTBkMTg4OTgyMjY0MzczYTVmMGQ0MTVlYTBkMjZlMCIsImV4cCI6MTU1MTA1MjkzMywiaWF0IjoxNTUxMDUyMzIzLCJqdGkiOiI1YzczMmUyZDBkMjNjIiwib2JqIjpudWxsLCJhdWQiOlsidXJuOnNlcnZpY2U6ZmlsZS5kb3dubG9hZCJdLCJwYXlsb2FkIjp7InBhdGgiOiJcL2ZcLzk2NDc4NWNhLTdiYmYtNDY0YS1iNzM1LTgzMTY0MTE4NjllYlwvZGJmc25zdS0xMWQ1NGMwZi02NjRmLTRkMDEtYWMwOC03MTJiYzkxNTI3MjQucG5nIn19.y_xH1fUiQm5TyG3hsBvv04-lwHQnVC9hYSrHm2ESWgY&quot; data-super-full-width=&quot;225&quot; data-super-full-height=&quot;30&quot;        data-sigil=&quot;thumb&quot;&gt;
        &lt;i&gt;&lt;/i&gt;&lt;img   width=&quot;150&quot; height=&quot;20&quot; alt=&quot;Crystalbullet3 by AngeKrystaleen&quot; src=&quot;https://images-wixmp-ed30a86b8c4ca887773594c2.wixmp.com/intermediary/f/964785ca-7bbf-464a-b735-8316411869eb/dbfsnsu-11d54c0f-664f-4d01-ac08-712bc9152724.png/v1/fit/w_150,h_30,strp/crystalbullet3_by_angekrystaleen_dbfsnsu-150.png&quot; data-src=&quot;https://images-wixmp-ed30a86b8c4ca887773594c2.wixmp.com/intermediary/f/964785ca-7bbf-464a-b735-8316411869eb/dbfsnsu-11d54c0f-664f-4d01-ac08-712bc9152724.png/v1/fit/w_150,h_30,strp/crystalbullet3_by_angekrystaleen_dbfsnsu-150.png&quot; srcset=&quot;https://images-wixmp-ed30a86b8c4ca887773594c2.wixmp.com/intermediary/f/964785ca-7bbf-464a-b735-8316411869eb/dbfsnsu-11d54c0f-664f-4d01-ac08-712bc9152724.png/v1/fit/w_150,h_30,strp/crystalbullet3_by_angekrystaleen_dbfsnsu-150.png 150w,https://images-wixmp-ed30a86b8c4ca887773594c2.wixmp.com/intermediary/f/964785ca-7bbf-464a-b735-8316411869eb/dbfsnsu-11d54c0f-664f-4d01-ac08-712bc9152724.png 225w&quot; sizes=&quot;150px&quot;&gt;&lt;/a&gt;&lt;/span&gt;&lt;!-- ^TTT --&gt;&lt;!-- TTT$ --&gt;&lt;/span&gt;&lt;br /&gt;&lt;br /&gt;&lt;span class=&quot;shadow-holder&quot; data-embed-type=&quot;deviation&quot; data-embed-id=&quot;315543891&quot; data-embed-format=&quot;thumb&quot;&gt;&lt;span class=&quot;shadow mild&quot; &gt;&lt;a class=&quot;thumb&quot; href=&quot;https://www.deviantart.com/peppermentpanda/art/Pretty-Light-Rainbow-Watermark-315543891&quot; title=&quot;Pretty Light Rainbow Watermark by PeppermentPanda, Jul 19, 2012 in Designs &amp;amp; Interfaces &amp;gt; Logos &amp;amp; Logotypes&quot;data-super-img=&quot;https://images-wixmp-ed30a86b8c4ca887773594c2.wixmp.com/intermediary/f/0ba296eb-b472-447b-a6b6-b3042d47bdab/d57v783-88fec402-33c1-42c0-8877-6179da5d9bb0.png&quot; data-super-width=&quot;150&quot; data-super-height=&quot;64&quot; data-super-transparent=&quot;true&quot; data-super-alt=&quot;Pretty Light Rainbow Watermark by PeppermentPanda&quot; data-super-full-img=&quot;https://images-wixmp-ed30a86b8c4ca887773594c2.wixmp.com/intermediary/f/0ba296eb-b472-447b-a6b6-b3042d47bdab/d57v783-88fec402-33c1-42c0-8877-6179da5d9bb0.png&quot; data-super-full-width=&quot;150&quot; data-super-full-height=&quot;64&quot;        data-sigil=&quot;thumb&quot;&gt;
        &lt;i&gt;&lt;/i&gt;&lt;img   width=&quot;150&quot; height=&quot;64&quot; alt=&quot;Pretty Light Rainbow Watermark by PeppermentPanda&quot; src=&quot;https://images-wixmp-ed30a86b8c4ca887773594c2.wixmp.com/intermediary/f/0ba296eb-b472-447b-a6b6-b3042d47bdab/d57v783-88fec402-33c1-42c0-8877-6179da5d9bb0.png&quot; data-src=&quot;https://images-wixmp-ed30a86b8c4ca887773594c2.wixmp.com/intermediary/f/0ba296eb-b472-447b-a6b6-b3042d47bdab/d57v783-88fec402-33c1-42c0-8877-6179da5d9bb0.png&quot; srcset=&quot;https://images-wixmp-ed30a86b8c4ca887773594c2.wixmp.com/intermediary/f/0ba296eb-b472-447b-a6b6-b3042d47bdab/d57v783-88fec402-33c1-42c0-8877-6179da5d9bb0.png 150w&quot; sizes=&quot;150px&quot;&gt;&lt;/a&gt;&lt;/span&gt;&lt;!-- ^TTT --&gt;&lt;!-- TTT$ --&gt;&lt;/span&gt;&lt;/div&gt;&lt;/div&gt;</media:description>            <media:thumbnail url="https://t00.deviantart.net/K05HEZaVTtGGpXcccrlzAc1UlHo=/fit-in/150x150/filters:no_upscale():origin()/pre00/e50a/th/pre/f/2019/055/2/5/254769ce8a6af63d315cab04e8208052-dd0mhtk.png" height="150" width="106"/>            <media:thumbnail url="https://t00.deviantart.net/lTJsm7QmJeiuyIrfDlSu7ItPcHU=/fit-in/300x900/filters:no_upscale():origin()/pre00/e50a/th/pre/f/2019/055/2/5/254769ce8a6af63d315cab04e8208052-dd0mhtk.png" height="423" width="300"/>            <media:thumbnail url="https://t00.deviantart.net/kjPpmIHjm2KX9KQuZ-AXXqTizSE=/300x200/filters:fixed_height(100,100):origin()/pre00/e50a/th/pre/f/2019/055/2/5/254769ce8a6af63d315cab04e8208052-dd0mhtk.png" height="200" width="142"/>            <media:content url="https://pre00.deviantart.net/e50a/th/pre/f/2019/055/2/5/254769ce8a6af63d315cab04e8208052-dd0mhtk.png" height="1061" width="753" medium="image"/>            
            <description>&lt;div align=&quot;center&quot;&gt;&lt;div align=&quot;center&quot;&gt;&lt;a href=&quot;https://www.deviantart.com/jerikuto/art/Bear-Emoji-35-Shocked-Exclamation-V2-462123226&quot; class=&quot;emoticon&quot; data-embed-type=&quot;emoticon&quot; data-embed-id=&quot;462123226&quot; data-embed-profile=&quot;deviation&quot;&gt;&lt;img src=&quot;https://orig00.deviantart.net/0f8c/f/2014/171/6/d/bear_emoji_35__shocked_exclamation___v2__by_jerikuto-d7n4wka.gif&quot; alt=&quot;Bear Emoji-35 (Shocked Exclamation) [V2]&quot; style=&quot;width:20px;height:20px&quot;&gt;&lt;/a&gt;&amp;nbsp;&amp;nbsp;&lt;a href=&quot;https://www.deviantart.com/kayosa-stock/art/Rainbow-orb-628658136&quot; class=&quot;emoticon&quot; data-embed-type=&quot;emoticon&quot; data-embed-id=&quot;628658136&quot; data-embed-profile=&quot;deviation&quot;&gt;&lt;img src=&quot;https://images-wixmp-ed30a86b8c4ca887773594c2.wixmp.com/intermediary/f/ac0f4740-0a93-4c32-9553-fa4f1e4770fc/daeabq0-d372df28-7043-48f6-9b94-e3e18af67184.png&quot; alt=&quot;Rainbow-orb&quot; style=&quot;width:18px;height:18px&quot;&gt;&lt;/a&gt;&amp;nbsp;&lt;a href=&quot;https://www.deviantart.com/xvanyx/art/Rainbow-Letter-A-Animated-617164718&quot; class=&quot;emoticon&quot; data-embed-type=&quot;emoticon&quot; data-embed-id=&quot;617164718&quot; data-embed-profile=&quot;deviation&quot;&gt;&lt;img src=&quot;https://orig00.deviantart.net/0afc/f/2016/175/d/8/rainbow_letter__a__animated__by_xvanyx-da7fzce.gif&quot; alt=&quot;Rainbow Letter: A (Animated)&quot; style=&quot;width:9px;height:12px&quot;&gt;&lt;/a&gt;&amp;nbsp;&lt;a href=&quot;https://www.deviantart.com/xvanyx/art/Rainbow-Letter-T-Animated-618007721&quot; class=&quot;emoticon&quot; data-embed-type=&quot;emoticon&quot; data-embed-id=&quot;618007721&quot; data-embed-profile=&quot;deviation&quot;&gt;&lt;img src=&quot;https://orig00.deviantart.net/1dcd/f/2016/179/1/1/rainbow_letter__t__animated__by_xvanyx-da7y1t5.gif&quot; alt=&quot;Rainbow Letter: T (Animated)&quot; style=&quot;width:8px;height:12px&quot;&gt;&lt;/a&gt;&amp;nbsp;&lt;a href=&quot;https://www.deviantart.com/xvanyx/art/Rainbow-Letter-T-Animated-618007721&quot; class=&quot;emoticon&quot; data-embed-type=&quot;emoticon&quot; data-embed-id=&quot;618007721&quot; data-embed-profile=&quot;deviation&quot;&gt;&lt;img src=&quot;https://orig00.deviantart.net/1dcd/f/2016/179/1/1/rainbow_letter__t__animated__by_xvanyx-da7y1t5.gif&quot; alt=&quot;Rainbow Letter: T (Animated)&quot; style=&quot;width:8px;height:12px&quot;&gt;&lt;/a&gt;&amp;nbsp;&lt;a href=&quot;https://www.deviantart.com/xvanyx/art/Rainbow-Letter-E-Static-617861117&quot; class=&quot;emoticon&quot; data-embed-type=&quot;emoticon&quot; data-embed-id=&quot;617861117&quot; data-embed-profile=&quot;deviation&quot;&gt;&lt;img src=&quot;https://images-wixmp-ed30a86b8c4ca887773594c2.wixmp.com/intermediary/f/0f92c582-5de5-4807-af64-13c5f36b40a5/da7uwot-4f4d9a62-ea28-4555-a499-9cdadf3e0f32.png&quot; alt=&quot;Rainbow Letter: E (Static)&quot; style=&quot;width:6px;height:12px&quot;&gt;&lt;/a&gt;&amp;nbsp;&lt;a href=&quot;https://www.deviantart.com/xvanyx/art/Rainbow-Letter-N-Animated-618006151&quot; class=&quot;emoticon&quot; data-embed-type=&quot;emoticon&quot; data-embed-id=&quot;618006151&quot; data-embed-profile=&quot;deviation&quot;&gt;&lt;img src=&quot;https://orig00.deviantart.net/30f2/f/2016/179/7/e/rainbow_letter__n__animated__by_xvanyx-da7y0lj.gif&quot; alt=&quot;Rainbow Letter: N (Animated)&quot; style=&quot;width:8px;height:12px&quot;&gt;&lt;/a&gt;&amp;nbsp;&lt;a href=&quot;https://www.deviantart.com/xvanyx/art/Rainbow-Letter-T-Animated-618007721&quot; class=&quot;emoticon&quot; data-embed-type=&quot;emoticon&quot; data-embed-id=&quot;618007721&quot; data-embed-profile=&quot;deviation&quot;&gt;&lt;img src=&quot;https://orig00.deviantart.net/1dcd/f/2016/179/1/1/rainbow_letter__t__animated__by_xvanyx-da7y1t5.gif&quot; alt=&quot;Rainbow Letter: T (Animated)&quot; style=&quot;width:8px;height:12px&quot;&gt;&lt;/a&gt;&amp;nbsp;&lt;a href=&quot;https://www.deviantart.com/xvanyx/art/Rainbow-Letter-I-Animated-618004771&quot; class=&quot;emoticon&quot; data-embed-type=&quot;emoticon&quot; data-embed-id=&quot;618004771&quot; data-embed-profile=&quot;deviation&quot;&gt;&lt;img src=&quot;https://orig00.deviantart.net/bf7d/f/2016/179/8/6/rainbow_letter__i__animated__by_xvanyx-da7xzj7.gif&quot; alt=&quot;Rainbow Letter: I (Animated)&quot; style=&quot;width:1px;height:12px&quot;&gt;&lt;/a&gt;&amp;nbsp;&lt;a href=&quot;https://www.deviantart.com/xvanyx/art/Rainbow-Letter-O-Animated-618006467&quot; class=&quot;emoticon&quot; data-embed-type=&quot;emoticon&quot; data-embed-id=&quot;618006467&quot; data-embed-profile=&quot;deviation&quot;&gt;&lt;img src=&quot;https://orig00.deviantart.net/abf5/f/2016/179/4/1/rainbow_letter__o__animated__by_xvanyx-da7y0ub.gif&quot; alt=&quot;Rainbow Letter: O (Animated)&quot; style=&quot;width:11px;height:12px&quot;&gt;&lt;/a&gt;&amp;nbsp;&lt;a href=&quot;https://www.deviantart.com/xvanyx/art/Rainbow-Letter-N-Animated-618006151&quot; class=&quot;emoticon&quot; data-embed-type=&quot;emoticon&quot; data-embed-id=&quot;618006151&quot; data-embed-profile=&quot;deviation&quot;&gt;&lt;img src=&quot;https://orig00.deviantart.net/30f2/f/2016/179/7/e/rainbow_letter__n__animated__by_xvanyx-da7y0lj.gif&quot; alt=&quot;Rainbow Letter: N (Animated)&quot; style=&quot;width:8px;height:12px&quot;&gt;&lt;/a&gt;&amp;nbsp;&amp;nbsp;&lt;a href=&quot;https://www.deviantart.com/kayosa-stock/art/Rainbow-orb-628658136&quot; class=&quot;emoticon&quot; data-embed-type=&quot;emoticon&quot; data-embed-id=&quot;628658136&quot; data-embed-profile=&quot;deviation&quot;&gt;&lt;img src=&quot;https://images-wixmp-ed30a86b8c4ca887773594c2.wixmp.com/intermediary/f/ac0f4740-0a93-4c32-9553-fa4f1e4770fc/daeabq0-d372df28-7043-48f6-9b94-e3e18af67184.png&quot; alt=&quot;Rainbow-orb&quot; style=&quot;width:18px;height:18px&quot;&gt;&lt;/a&gt;&amp;nbsp;&amp;nbsp;&lt;a href=&quot;https://www.deviantart.com/jerikuto/art/Bear-Emoji-35-Shocked-Exclamation-V2-462123226&quot; class=&quot;emoticon&quot; data-embed-type=&quot;emoticon&quot; data-embed-id=&quot;462123226&quot; data-embed-profile=&quot;deviation&quot;&gt;&lt;img src=&quot;https://orig00.deviantart.net/0f8c/f/2014/171/6/d/bear_emoji_35__shocked_exclamation___v2__by_jerikuto-d7n4wka.gif&quot; alt=&quot;Bear Emoji-35 (Shocked Exclamation) [V2]&quot; style=&quot;width:20px;height:20px&quot;&gt;&lt;/a&gt;&amp;nbsp;&lt;br /&gt;&lt;br /&gt;&lt;b&gt;Fav &amp;amp; Comment to get a chance to win 1 Mini Chibi Rainbow&lt;br /&gt;&amp;nbsp;&lt;span class=&quot;shadow-holder&quot; data-embed-type=&quot;deviation&quot; data-embed-id=&quot;768029340&quot; data-embed-format=&quot;thumb&quot;&gt;&lt;span class=&quot;shadow mild&quot; &gt;&lt;a class=&quot;thumb&quot; href=&quot;https://www.deviantart.com/angekrystaleen/art/Celeste-and-Ange-768029340&quot; title=&quot;+ Celeste and Ange + by AngeKrystaleen, Oct 12, 2018 in Manga &amp;amp; Anime &amp;gt; Digital Media &amp;gt; Drawings&quot;data-super-img=&quot;https://images-wixmp-ed30a86b8c4ca887773594c2.wixmp.com/intermediary/f/964785ca-7bbf-464a-b735-8316411869eb/dcp9j8c-5d39d700-0933-4dc3-92cf-7750d6e0d1a8.png&quot; data-super-width=&quot;1000&quot; data-super-height=&quot;500&quot; data-super-transparent=&quot;true&quot; data-super-alt=&quot;+ Celeste and Ange + by AngeKrystaleen&quot; data-super-full-img=&quot;https://images-wixmp-ed30a86b8c4ca887773594c2.wixmp.com/intermediary/f/964785ca-7bbf-464a-b735-8316411869eb/dcp9j8c-5d39d700-0933-4dc3-92cf-7750d6e0d1a8.png&quot; data-super-full-width=&quot;1000&quot; data-super-full-height=&quot;500&quot;        data-sigil=&quot;thumb&quot;&gt;
        &lt;i&gt;&lt;/i&gt;&lt;img   width=&quot;150&quot; height=&quot;75&quot; alt=&quot;+ Celeste and Ange + by AngeKrystaleen&quot; src=&quot;https://images-wixmp-ed30a86b8c4ca887773594c2.wixmp.com/intermediary/f/964785ca-7bbf-464a-b735-8316411869eb/dcp9j8c-5d39d700-0933-4dc3-92cf-7750d6e0d1a8.png/v1/fit/w_150,h_150,strp/__celeste_and_ange___by_angekrystaleen_dcp9j8c-150.png&quot; data-src=&quot;https://images-wixmp-ed30a86b8c4ca887773594c2.wixmp.com/intermediary/f/964785ca-7bbf-464a-b735-8316411869eb/dcp9j8c-5d39d700-0933-4dc3-92cf-7750d6e0d1a8.png/v1/fit/w_150,h_150,strp/__celeste_and_ange___by_angekrystaleen_dcp9j8c-150.png&quot; srcset=&quot;https://images-wixmp-ed30a86b8c4ca887773594c2.wixmp.com/intermediary/f/964785ca-7bbf-464a-b735-8316411869eb/dcp9j8c-5d39d700-0933-4dc3-92cf-7750d6e0d1a8.png/v1/fit/w_150,h_150,strp/__celeste_and_ange___by_angekrystaleen_dcp9j8c-150.png 150w,https://images-wixmp-ed30a86b8c4ca887773594c2.wixmp.com/intermediary/f/964785ca-7bbf-464a-b735-8316411869eb/dcp9j8c-5d39d700-0933-4dc3-92cf-7750d6e0d1a8.png/v1/fill/w_500,h_250,strp/__celeste_and_ange___by_angekrystaleen_dcp9j8c-250t.png 500w,https://images-wixmp-ed30a86b8c4ca887773594c2.wixmp.com/intermediary/f/964785ca-7bbf-464a-b735-8316411869eb/dcp9j8c-5d39d700-0933-4dc3-92cf-7750d6e0d1a8.png/v1/fill/w_700,h_350,strp/__celeste_and_ange___by_angekrystaleen_dcp9j8c-350t.png 700w,https://images-wixmp-ed30a86b8c4ca887773594c2.wixmp.com/intermediary/f/964785ca-7bbf-464a-b735-8316411869eb/dcp9j8c-5d39d700-0933-4dc3-92cf-7750d6e0d1a8.png/v1/fill/w_800,h_400,strp/__celeste_and_ange___by_angekrystaleen_dcp9j8c-400t.png 800w,https://images-wixmp-ed30a86b8c4ca887773594c2.wixmp.com/intermediary/f/964785ca-7bbf-464a-b735-8316411869eb/dcp9j8c-5d39d700-0933-4dc3-92cf-7750d6e0d1a8.png 1000w&quot; sizes=&quot;150px&quot;&gt;&lt;/a&gt;&lt;/span&gt;&lt;!-- ^TTT --&gt;&lt;!-- TTT$ --&gt;&lt;/span&gt;&amp;nbsp;&lt;br /&gt;&lt;/b&gt;&lt;br /&gt;&lt;br /&gt;&lt;a href=&quot;https://www.deviantart.com/drache-lehre/art/Rainbow-Bullet-Outline-F2U-357354292&quot; class=&quot;emoticon&quot; data-embed-type=&quot;emoticon&quot; data-embed-id=&quot;357354292&quot; data-embed-profile=&quot;deviation&quot;&gt;&lt;img src=&quot;https://images-wixmp-ed30a86b8c4ca887773594c2.wixmp.com/intermediary/f/66a57468-5202-4c8b-987a-733b3eb4a6ca/d5wrcc4-5f830e2d-821a-48f0-9b2b-6530b697f50e.png&quot; alt=&quot;Rainbow Bullet (Outline) - F2U&quot; style=&quot;width:23px;height:15px&quot;&gt;&lt;/a&gt;&amp;nbsp;&lt;a href=&quot;https://www.deviantart.com/apparate/art/Pixel-Rainbow-Heart-186792353&quot; class=&quot;emoticon&quot; data-embed-type=&quot;emoticon&quot; data-embed-id=&quot;186792353&quot; data-embed-profile=&quot;deviation&quot;&gt;&lt;img src=&quot;https://images-wixmp-ed30a86b8c4ca887773594c2.wixmp.com/intermediary/f/144491b8-8521-4a1f-9b5a-e01967c31932/d337lwh-46400942-10b0-4fd5-8b6a-6da9080218ae.png&quot; alt=&quot;Pixel: Rainbow Heart&quot; style=&quot;width:16px;height:16px&quot;&gt;&lt;/a&gt;&amp;nbsp;&lt;a href=&quot;https://www.deviantart.com/xvanyx/art/Rainbow-Dots-Divider-Animated-763221096&quot; class=&quot;emoticon&quot; data-embed-type=&quot;emoticon&quot; data-embed-id=&quot;763221096&quot; data-embed-profile=&quot;deviation&quot;&gt;&lt;img src=&quot;https://orig00.deviantart.net/4484/f/2018/252/b/3/rainbow_divider_dots_animated_by_xvanyx-dcmeh60.gif&quot; alt=&quot;Rainbow Dots Divider, Animated&quot; style=&quot;width:89px;height:15px&quot;&gt;&lt;/a&gt;&lt;a href=&quot;https://www.deviantart.com/xvanyx/art/Rainbow-Dots-Divider-Animated-763221096&quot; class=&quot;emoticon&quot; data-embed-type=&quot;emoticon&quot; data-embed-id=&quot;763221096&quot; data-embed-profile=&quot;deviation&quot;&gt;&lt;img src=&quot;https://orig00.deviantart.net/4484/f/2018/252/b/3/rainbow_divider_dots_animated_by_xvanyx-dcmeh60.gif&quot; alt=&quot;Rainbow Dots Divider, Animated&quot; style=&quot;width:89px;height:15px&quot;&gt;&lt;/a&gt;&amp;nbsp;&lt;a href=&quot;https://www.deviantart.com/apparate/art/Pixel-Rainbow-Heart-186792353&quot; class=&quot;emoticon&quot; data-embed-type=&quot;emoticon&quot; data-embed-id=&quot;186792353&quot; data-embed-profile=&quot;deviation&quot;&gt;&lt;img src=&quot;https://images-wixmp-ed30a86b8c4ca887773594c2.wixmp.com/intermediary/f/144491b8-8521-4a1f-9b5a-e01967c31932/d337lwh-46400942-10b0-4fd5-8b6a-6da9080218ae.png&quot; alt=&quot;Pixel: Rainbow Heart&quot; style=&quot;width:16px;height:16px&quot;&gt;&lt;/a&gt;&amp;nbsp;&lt;a href=&quot;https://www.deviantart.com/drache-lehre/art/Rainbow-Bullet-Outline-F2U-357354292&quot; class=&quot;emoticon&quot; data-embed-type=&quot;emoticon&quot; data-embed-id=&quot;357354292&quot; data-embed-profile=&quot;deviation&quot;&gt;&lt;img src=&quot;https://images-wixmp-ed30a86b8c4ca887773594c2.wixmp.com/intermediary/f/66a57468-5202-4c8b-987a-733b3eb4a6ca/d5wrcc4-5f830e2d-821a-48f0-9b2b-6530b697f50e.png&quot; alt=&quot;Rainbow Bullet (Outline) - F2U&quot; style=&quot;width:23px;height:15px&quot;&gt;&lt;/a&gt;&amp;nbsp;&lt;/div&gt;&lt;div align=&quot;center&quot;&gt;&lt;b&gt;&lt;a href=&quot;https://www.deviantart.com/diegovainilla/art/rainbow-heart-big-683986660&quot; class=&quot;emoticon&quot; data-embed-type=&quot;emoticon&quot; data-embed-id=&quot;683986660&quot; data-embed-profile=&quot;deviation&quot;&gt;&lt;img src=&quot;https://orig00.deviantart.net/a813/f/2017/153/6/e/rainbow_heart__big__by_diegovainilla-dbb87hg.gif&quot; alt=&quot;rainbow heart {big}&quot; style=&quot;width:15px;height:15px&quot;&gt;&lt;/a&gt;&lt;/b&gt;&amp;nbsp;&lt;small&gt;&lt;b&gt;&amp;nbsp;Commissions :&amp;nbsp;&lt;/b&gt;&lt;/small&gt;&lt;b&gt;&lt;a href=&quot;http://fav.me/dbfwu2m&quot;&gt;&amp;#12304;Here&amp;#12305;&lt;/a&gt;&lt;/b&gt;&lt;b&gt;&amp;nbsp;&lt;a href=&quot;https://www.deviantart.com/diegovainilla/art/rainbow-heart-big-683986660&quot; class=&quot;emoticon&quot; data-embed-type=&quot;emoticon&quot; data-embed-id=&quot;683986660&quot; data-embed-profile=&quot;deviation&quot;&gt;&lt;img src=&quot;https://orig00.deviantart.net/a813/f/2017/153/6/e/rainbow_heart__big__by_diegovainilla-dbb87hg.gif&quot; alt=&quot;rainbow heart {big}&quot; style=&quot;width:15px;height:15px&quot;&gt;&lt;/a&gt;&amp;nbsp;&lt;br /&gt;&lt;/b&gt;&lt;b&gt;&lt;a href=&quot;https://www.deviantart.com/diegovainilla/art/rainbow-heart-big-683986660&quot; class=&quot;emoticon&quot; data-embed-type=&quot;emoticon&quot; data-embed-id=&quot;683986660&quot; data-embed-profile=&quot;deviation&quot;&gt;&lt;img src=&quot;https://orig00.deviantart.net/a813/f/2017/153/6/e/rainbow_heart__big__by_diegovainilla-dbb87hg.gif&quot; alt=&quot;rainbow heart {big}&quot; style=&quot;width:15px;height:15px&quot;&gt;&lt;/a&gt;&lt;/b&gt;&amp;nbsp;&lt;small&gt;&lt;b&gt;&amp;nbsp;Support me without money :&amp;nbsp;&lt;/b&gt;&lt;/small&gt;&lt;b&gt;&lt;a href=&quot;https://www.deviantart.com/angekrystaleen/journal/Support-me-WITHOUT-money-785861876&quot;&gt;&amp;#12304;Here&amp;#12305;&lt;/a&gt;&lt;/b&gt;&lt;b&gt;&amp;nbsp;&lt;a href=&quot;https://www.deviantart.com/diegovainilla/art/rainbow-heart-big-683986660&quot; class=&quot;emoticon&quot; data-embed-type=&quot;emoticon&quot; data-embed-id=&quot;683986660&quot; data-embed-profile=&quot;deviation&quot;&gt;&lt;img src=&quot;https://orig00.deviantart.net/a813/f/2017/153/6/e/rainbow_heart__big__by_diegovainilla-dbb87hg.gif&quot; alt=&quot;rainbow heart {big}&quot; style=&quot;width:15px;height:15px&quot;&gt;&lt;/a&gt;&amp;nbsp;&lt;/b&gt;&lt;br /&gt;&lt;/div&gt;&lt;div align=&quot;center&quot;&gt;&lt;a href=&quot;https://www.deviantart.com/drache-lehre/art/Rainbow-Bullet-Outline-F2U-357354292&quot; class=&quot;emoticon&quot; data-embed-type=&quot;emoticon&quot; data-embed-id=&quot;357354292&quot; data-embed-profile=&quot;deviation&quot;&gt;&lt;img src=&quot;https://images-wixmp-ed30a86b8c4ca887773594c2.wixmp.com/intermediary/f/66a57468-5202-4c8b-987a-733b3eb4a6ca/d5wrcc4-5f830e2d-821a-48f0-9b2b-6530b697f50e.png&quot; alt=&quot;Rainbow Bullet (Outline) - F2U&quot; style=&quot;width:23px;height:15px&quot;&gt;&lt;/a&gt;&amp;nbsp;&lt;a href=&quot;https://www.deviantart.com/apparate/art/Pixel-Rainbow-Heart-186792353&quot; class=&quot;emoticon&quot; data-embed-type=&quot;emoticon&quot; data-embed-id=&quot;186792353&quot; data-embed-profile=&quot;deviation&quot;&gt;&lt;img src=&quot;https://images-wixmp-ed30a86b8c4ca887773594c2.wixmp.com/intermediary/f/144491b8-8521-4a1f-9b5a-e01967c31932/d337lwh-46400942-10b0-4fd5-8b6a-6da9080218ae.png&quot; alt=&quot;Pixel: Rainbow Heart&quot; style=&quot;width:16px;height:16px&quot;&gt;&lt;/a&gt;&amp;nbsp;&lt;a href=&quot;https://www.deviantart.com/xvanyx/art/Rainbow-Dots-Divider-Animated-763221096&quot; class=&quot;emoticon&quot; data-embed-type=&quot;emoticon&quot; data-embed-id=&quot;763221096&quot; data-embed-profile=&quot;deviation&quot;&gt;&lt;img src=&quot;https://orig00.deviantart.net/4484/f/2018/252/b/3/rainbow_divider_dots_animated_by_xvanyx-dcmeh60.gif&quot; alt=&quot;Rainbow Dots Divider, Animated&quot; style=&quot;width:89px;height:15px&quot;&gt;&lt;/a&gt;&lt;a href=&quot;https://www.deviantart.com/xvanyx/art/Rainbow-Dots-Divider-Animated-763221096&quot; class=&quot;emoticon&quot; data-embed-type=&quot;emoticon&quot; data-embed-id=&quot;763221096&quot; data-embed-profile=&quot;deviation&quot;&gt;&lt;img src=&quot;https://orig00.deviantart.net/4484/f/2018/252/b/3/rainbow_divider_dots_animated_by_xvanyx-dcmeh60.gif&quot; alt=&quot;Rainbow Dots Divider, Animated&quot; style=&quot;width:89px;height:15px&quot;&gt;&lt;/a&gt;&amp;nbsp;&lt;a href=&quot;https://www.deviantart.com/apparate/art/Pixel-Rainbow-Heart-186792353&quot; class=&quot;emoticon&quot; data-embed-type=&quot;emoticon&quot; data-embed-id=&quot;186792353&quot; data-embed-profile=&quot;deviation&quot;&gt;&lt;img src=&quot;https://images-wixmp-ed30a86b8c4ca887773594c2.wixmp.com/intermediary/f/144491b8-8521-4a1f-9b5a-e01967c31932/d337lwh-46400942-10b0-4fd5-8b6a-6da9080218ae.png&quot; alt=&quot;Pixel: Rainbow Heart&quot; style=&quot;width:16px;height:16px&quot;&gt;&lt;/a&gt;&amp;nbsp;&lt;a href=&quot;https://www.deviantart.com/drache-lehre/art/Rainbow-Bullet-Outline-F2U-357354292&quot; class=&quot;emoticon&quot; data-embed-type=&quot;emoticon&quot; data-embed-id=&quot;357354292&quot; data-embed-profile=&quot;deviation&quot;&gt;&lt;img src=&quot;https://images-wixmp-ed30a86b8c4ca887773594c2.wixmp.com/intermediary/f/66a57468-5202-4c8b-987a-733b3eb4a6ca/d5wrcc4-5f830e2d-821a-48f0-9b2b-6530b697f50e.png&quot; alt=&quot;Rainbow Bullet (Outline) - F2U&quot; style=&quot;width:23px;height:15px&quot;&gt;&lt;/a&gt;&amp;nbsp;&lt;br /&gt;&lt;br /&gt;&lt;span class=&quot;shadow-holder&quot; data-embed-type=&quot;deviation&quot; data-embed-id=&quot;301297688794322&quot; data-embed-format=&quot;thumb&quot;&gt;&lt;span class=&quot;shadow mild&quot; &gt;&lt;a class=&quot;thumb&quot; href=&quot;https://sta.sh/02ysu8wmriq&quot; title=&quot;Crystalbullet3 by AngeKrystaleen, Jul 10, 2017&quot;data-super-img=&quot;https://images-wixmp-ed30a86b8c4ca887773594c2.wixmp.com/intermediary/f/964785ca-7bbf-464a-b735-8316411869eb/dbfsnsu-11d54c0f-664f-4d01-ac08-712bc9152724.png&quot; data-super-width=&quot;225&quot; data-super-height=&quot;30&quot; data-super-transparent=&quot;true&quot; data-super-alt=&quot;Crystalbullet3 by AngeKrystaleen&quot; data-super-full-img=&quot;https://api-da.wixmp.com/_api/download/file?downloadToken=eyJ0eXAiOiJKV1QiLCJhbGciOiJIUzI1NiJ9.eyJzdWIiOiJ1cm46YXBwOjdlMGQxODg5ODIyNjQzNzNhNWYwZDQxNWVhMGQyNmUwIiwiaXNzIjoidXJuOmFwcDo3ZTBkMTg4OTgyMjY0MzczYTVmMGQ0MTVlYTBkMjZlMCIsImV4cCI6MTU1MTA1MjkzMywiaWF0IjoxNTUxMDUyMzIzLCJqdGkiOiI1YzczMmUyZDBkMDdjIiwib2JqIjpudWxsLCJhdWQiOlsidXJuOnNlcnZpY2U6ZmlsZS5kb3dubG9hZCJdLCJwYXlsb2FkIjp7InBhdGgiOiJcL2ZcLzk2NDc4NWNhLTdiYmYtNDY0YS1iNzM1LTgzMTY0MTE4NjllYlwvZGJmc25zdS0xMWQ1NGMwZi02NjRmLTRkMDEtYWMwOC03MTJiYzkxNTI3MjQucG5nIn19.flPlSICUX547nQvAvSFgAG4pe_lqtEkiXlw-5a3R7JE&quot; data-super-full-width=&quot;225&quot; data-super-full-height=&quot;30&quot;        data-sigil=&quot;thumb&quot;&gt;
        &lt;i&gt;&lt;/i&gt;&lt;img   width=&quot;150&quot; height=&quot;20&quot; alt=&quot;Crystalbullet3 by AngeKrystaleen&quot; src=&quot;https://images-wixmp-ed30a86b8c4ca887773594c2.wixmp.com/intermediary/f/964785ca-7bbf-464a-b735-8316411869eb/dbfsnsu-11d54c0f-664f-4d01-ac08-712bc9152724.png/v1/fit/w_150,h_30,strp/crystalbullet3_by_angekrystaleen_dbfsnsu-150.png&quot; data-src=&quot;https://images-wixmp-ed30a86b8c4ca887773594c2.wixmp.com/intermediary/f/964785ca-7bbf-464a-b735-8316411869eb/dbfsnsu-11d54c0f-664f-4d01-ac08-712bc9152724.png/v1/fit/w_150,h_30,strp/crystalbullet3_by_angekrystaleen_dbfsnsu-150.png&quot; srcset=&quot;https://images-wixmp-ed30a86b8c4ca887773594c2.wixmp.com/intermediary/f/964785ca-7bbf-464a-b735-8316411869eb/dbfsnsu-11d54c0f-664f-4d01-ac08-712bc9152724.png/v1/fit/w_150,h_30,strp/crystalbullet3_by_angekrystaleen_dbfsnsu-150.png 150w,https://images-wixmp-ed30a86b8c4ca887773594c2.wixmp.com/intermediary/f/964785ca-7bbf-464a-b735-8316411869eb/dbfsnsu-11d54c0f-664f-4d01-ac08-712bc9152724.png 225w&quot; sizes=&quot;150px&quot;&gt;&lt;/a&gt;&lt;/span&gt;&lt;!-- ^TTT --&gt;&lt;!-- TTT$ --&gt;&lt;/span&gt;&lt;br /&gt;&lt;br /&gt;&lt;a href=&quot;https://www.deviantart.com/drawn-mario/art/Bullet-Purple-588624914&quot; class=&quot;emoticon&quot; data-embed-type=&quot;emoticon&quot; data-embed-id=&quot;588624914&quot; data-embed-profile=&quot;deviation&quot;&gt;&lt;img src=&quot;https://images-wixmp-ed30a86b8c4ca887773594c2.wixmp.com/intermediary/f/0227008f-4c5e-4e15-a020-ab3200b7002a/d9qg9w2-c5afd22e-d52c-4063-98ed-439a0feea36f.png&quot; alt=&quot;Bullet Purple&quot; style=&quot;width:10px;height:10px&quot;&gt;&lt;/a&gt;&amp;nbsp;Yay, done with this one &lt;img src=&quot;https://e.deviantart.net/emoticons/l/la.gif&quot; width=&quot;19&quot; height=&quot;19&quot; alt=&quot;:la:&quot; data-embed-type=&quot;emoticon&quot; data-embed-id=&quot;577&quot; title=&quot;La la la la&quot;/&gt; I think that most of my future illustration will have this type of composition, I really enjoy to draw rainbows and crystal like those &lt;img src=&quot;https://e.deviantart.net/emoticons/l/love2.gif&quot; width=&quot;26&quot; height=&quot;17&quot; alt=&quot;:love:&quot; data-embed-type=&quot;emoticon&quot; data-embed-id=&quot;276&quot; title=&quot;Love&quot;/&gt;&lt;br /&gt;&lt;a href=&quot;https://www.deviantart.com/drawn-mario/art/Bullet-Pink-588624913&quot; class=&quot;emoticon&quot; data-embed-type=&quot;emoticon&quot; data-embed-id=&quot;588624913&quot; data-embed-profile=&quot;deviation&quot;&gt;&lt;img src=&quot;https://images-wixmp-ed30a86b8c4ca887773594c2.wixmp.com/intermediary/f/0227008f-4c5e-4e15-a020-ab3200b7002a/d9qg9w1-4ed7438b-f5bc-4dd0-87cf-1ecd632069af.png&quot; alt=&quot;Bullet Pink&quot; style=&quot;width:10px;height:10px&quot;&gt;&lt;/a&gt;&amp;nbsp;OCs : Lunalys &amp;amp; Nightningal&lt;br /&gt;&lt;i&gt;Designed by&amp;nbsp;&lt;span class=&quot;username-with-symbol u&quot;&gt;&lt;a class=&quot;u volunteer username&quot; href=&quot;https://www.deviantart.com/angekrystaleen&quot;&gt;AngeKrystaleen&lt;/a&gt;&lt;span class=&quot;user-symbol volunteer&quot; data-quicktip-text=&quot;Volunteer&quot; data-show-tooltip=&quot;1&quot; data-gruser-type=&quot;volunteer&quot;&gt;&lt;/span&gt;&lt;/span&gt; &amp;amp; &lt;span class=&quot;username-with-symbol u&quot;&gt;&lt;a class=&quot;u regular username&quot; href=&quot;https://www.deviantart.com/rushiorusama&quot;&gt;RushioruSama&lt;/a&gt;&lt;span class=&quot;user-symbol regular&quot; data-quicktip-text=&quot;&quot; data-show-tooltip=&quot;&quot; data-gruser-type=&quot;regular&quot;&gt;&lt;/span&gt;&lt;/span&gt;&amp;nbsp;&lt;/i&gt;&lt;br /&gt;&lt;br /&gt;&lt;span class=&quot;shadow-holder&quot; data-embed-type=&quot;deviation&quot; data-embed-id=&quot;301297688794322&quot; data-embed-format=&quot;thumb&quot;&gt;&lt;span class=&quot;shadow mild&quot; &gt;&lt;a class=&quot;thumb&quot; href=&quot;https://sta.sh/02ysu8wmriq&quot; title=&quot;Crystalbullet3 by AngeKrystaleen, Jul 10, 2017&quot;data-super-img=&quot;https://images-wixmp-ed30a86b8c4ca887773594c2.wixmp.com/intermediary/f/964785ca-7bbf-464a-b735-8316411869eb/dbfsnsu-11d54c0f-664f-4d01-ac08-712bc9152724.png&quot; data-super-width=&quot;225&quot; data-super-height=&quot;30&quot; data-super-transparent=&quot;true&quot; data-super-alt=&quot;Crystalbullet3 by AngeKrystaleen&quot; data-super-full-img=&quot;https://api-da.wixmp.com/_api/download/file?downloadToken=eyJ0eXAiOiJKV1QiLCJhbGciOiJIUzI1NiJ9.eyJzdWIiOiJ1cm46YXBwOjdlMGQxODg5ODIyNjQzNzNhNWYwZDQxNWVhMGQyNmUwIiwiaXNzIjoidXJuOmFwcDo3ZTBkMTg4OTgyMjY0MzczYTVmMGQ0MTVlYTBkMjZlMCIsImV4cCI6MTU1MTA1MjkzMywiaWF0IjoxNTUxMDUyMzIzLCJqdGkiOiI1YzczMmUyZDBkMjNjIiwib2JqIjpudWxsLCJhdWQiOlsidXJuOnNlcnZpY2U6ZmlsZS5kb3dubG9hZCJdLCJwYXlsb2FkIjp7InBhdGgiOiJcL2ZcLzk2NDc4NWNhLTdiYmYtNDY0YS1iNzM1LTgzMTY0MTE4NjllYlwvZGJmc25zdS0xMWQ1NGMwZi02NjRmLTRkMDEtYWMwOC03MTJiYzkxNTI3MjQucG5nIn19.y_xH1fUiQm5TyG3hsBvv04-lwHQnVC9hYSrHm2ESWgY&quot; data-super-full-width=&quot;225&quot; data-super-full-height=&quot;30&quot;        data-sigil=&quot;thumb&quot;&gt;
        &lt;i&gt;&lt;/i&gt;&lt;img   width=&quot;150&quot; height=&quot;20&quot; alt=&quot;Crystalbullet3 by AngeKrystaleen&quot; src=&quot;https://images-wixmp-ed30a86b8c4ca887773594c2.wixmp.com/intermediary/f/964785ca-7bbf-464a-b735-8316411869eb/dbfsnsu-11d54c0f-664f-4d01-ac08-712bc9152724.png/v1/fit/w_150,h_30,strp/crystalbullet3_by_angekrystaleen_dbfsnsu-150.png&quot; data-src=&quot;https://images-wixmp-ed30a86b8c4ca887773594c2.wixmp.com/intermediary/f/964785ca-7bbf-464a-b735-8316411869eb/dbfsnsu-11d54c0f-664f-4d01-ac08-712bc9152724.png/v1/fit/w_150,h_30,strp/crystalbullet3_by_angekrystaleen_dbfsnsu-150.png&quot; srcset=&quot;https://images-wixmp-ed30a86b8c4ca887773594c2.wixmp.com/intermediary/f/964785ca-7bbf-464a-b735-8316411869eb/dbfsnsu-11d54c0f-664f-4d01-ac08-712bc9152724.png/v1/fit/w_150,h_30,strp/crystalbullet3_by_angekrystaleen_dbfsnsu-150.png 150w,https://images-wixmp-ed30a86b8c4ca887773594c2.wixmp.com/intermediary/f/964785ca-7bbf-464a-b735-8316411869eb/dbfsnsu-11d54c0f-664f-4d01-ac08-712bc9152724.png 225w&quot; sizes=&quot;150px&quot;&gt;&lt;/a&gt;&lt;/span&gt;&lt;!-- ^TTT --&gt;&lt;!-- TTT$ --&gt;&lt;/span&gt;&lt;br /&gt;&lt;br /&gt;&lt;span class=&quot;shadow-holder&quot; data-embed-type=&quot;deviation&quot; data-embed-id=&quot;315543891&quot; data-embed-format=&quot;thumb&quot;&gt;&lt;span class=&quot;shadow mild&quot; &gt;&lt;a class=&quot;thumb&quot; href=&quot;https://www.deviantart.com/peppermentpanda/art/Pretty-Light-Rainbow-Watermark-315543891&quot; title=&quot;Pretty Light Rainbow Watermark by PeppermentPanda, Jul 19, 2012 in Designs &amp;amp; Interfaces &amp;gt; Logos &amp;amp; Logotypes&quot;data-super-img=&quot;https://images-wixmp-ed30a86b8c4ca887773594c2.wixmp.com/intermediary/f/0ba296eb-b472-447b-a6b6-b3042d47bdab/d57v783-88fec402-33c1-42c0-8877-6179da5d9bb0.png&quot; data-super-width=&quot;150&quot; data-super-height=&quot;64&quot; data-super-transparent=&quot;true&quot; data-super-alt=&quot;Pretty Light Rainbow Watermark by PeppermentPanda&quot; data-super-full-img=&quot;https://images-wixmp-ed30a86b8c4ca887773594c2.wixmp.com/intermediary/f/0ba296eb-b472-447b-a6b6-b3042d47bdab/d57v783-88fec402-33c1-42c0-8877-6179da5d9bb0.png&quot; data-super-full-width=&quot;150&quot; data-super-full-height=&quot;64&quot;        data-sigil=&quot;thumb&quot;&gt;
        &lt;i&gt;&lt;/i&gt;&lt;img   width=&quot;150&quot; height=&quot;64&quot; alt=&quot;Pretty Light Rainbow Watermark by PeppermentPanda&quot; src=&quot;https://images-wixmp-ed30a86b8c4ca887773594c2.wixmp.com/intermediary/f/0ba296eb-b472-447b-a6b6-b3042d47bdab/d57v783-88fec402-33c1-42c0-8877-6179da5d9bb0.png&quot; data-src=&quot;https://images-wixmp-ed30a86b8c4ca887773594c2.wixmp.com/intermediary/f/0ba296eb-b472-447b-a6b6-b3042d47bdab/d57v783-88fec402-33c1-42c0-8877-6179da5d9bb0.png&quot; srcset=&quot;https://images-wixmp-ed30a86b8c4ca887773594c2.wixmp.com/intermediary/f/0ba296eb-b472-447b-a6b6-b3042d47bdab/d57v783-88fec402-33c1-42c0-8877-6179da5d9bb0.png 150w&quot; sizes=&quot;150px&quot;&gt;&lt;/a&gt;&lt;/span&gt;&lt;!-- ^TTT --&gt;&lt;!-- TTT$ --&gt;&lt;/span&gt;&lt;/div&gt;&lt;/div&gt;&lt;br /&gt;&lt;div&gt;&lt;img src=&quot;https://t00.deviantart.net/kjPpmIHjm2KX9KQuZ-AXXqTizSE=/300x200/filters:fixed_height(100,100):origin()/pre00/e50a/th/pre/f/2019/055/2/5/254769ce8a6af63d315cab04e8208052-dd0mhtk.png&quot; alt=&quot;thumbnail&quot; /&gt;&lt;/div&gt;</description>            </item>
                    <item>
                <title>Lucina and Aversa</title>
                <link>https://cailin020.deviantart.com/art/Lucina-and-Aversa-787172201</link>
                <guid isPermaLink="true">https://cailin020.deviantart.com/art/Lucina-and-Aversa-787172201</guid>
                <pubDate>Mon, 25 Feb 2019 03:00:33 PST</pubDate>
                        <media:title type="plain">Lucina and Aversa</media:title>
        <media:keywords></media:keywords>
                        <media:rating>adult</media:rating>
                <media:category label="Drawings">manga/digital/drawings</media:category>
        <media:credit role="author" scheme="urn:ebu">cailin020</media:credit>
        <media:credit role="author" scheme="urn:ebu">https://a.deviantart.net/avatars/c/a/cailin020.jpg?9</media:credit>
        <media:copyright url="https://cailin020.deviantart.com">Copyright 2019 cailin020</media:copyright>            <media:description type="html">from fire emblem&lt;br /&gt;&lt;br /&gt;commissioned by &lt;a target=&quot;_self&quot; href=&quot;https://www.deviantart.com/agvitch&quot; &gt;&lt;img class=&quot;avatar&quot; width=&quot;50&quot; height=&quot;50&quot; src=&quot;https://a.deviantart.net/avatars/default.gif&quot; alt=&quot;:iconagvitch:&quot; title=&quot;agvitch&quot; /&gt;&lt;/a&gt;&lt;br /&gt;&lt;br /&gt;thanks for commissioning</media:description>            <media:thumbnail url="https://t00.deviantart.net/H_CEtuxdk62W92c3FoDnKhnLZLQ=/fit-in/150x150/filters:no_upscale():origin()/pre00/3e44/th/pre/i/2019/056/e/4/lucina_and_aversa_by_cailin020-dd0ntyh.jpg" height="150" width="106"/>            <media:thumbnail url="https://t00.deviantart.net/3lMiXmJ-5NfFObR_4K7XkLabBF0=/fit-in/300x900/filters:no_upscale():origin()/pre00/3e44/th/pre/i/2019/056/e/4/lucina_and_aversa_by_cailin020-dd0ntyh.jpg" height="424" width="300"/>            <media:thumbnail url="https://t00.deviantart.net/a43PBQzVXRlyfH4nxeKn2UZyy_o=/300x200/filters:fixed_height(100,100):origin()/pre00/3e44/th/pre/i/2019/056/e/4/lucina_and_aversa_by_cailin020-dd0ntyh.jpg" height="200" width="141"/>            <media:content url="https://pre00.deviantart.net/3e44/th/pre/i/2019/056/e/4/lucina_and_aversa_by_cailin020-dd0ntyh.jpg" height="1063" width="752" medium="image"/>            
            <description>from fire emblem&lt;br /&gt;&lt;br /&gt;commissioned by &lt;a target=&quot;_self&quot; href=&quot;https://www.deviantart.com/agvitch&quot; &gt;&lt;img class=&quot;avatar&quot; width=&quot;50&quot; height=&quot;50&quot; src=&quot;https://a.deviantart.net/avatars/default.gif&quot; alt=&quot;:iconagvitch:&quot; title=&quot;agvitch&quot; /&gt;&lt;/a&gt;&lt;br /&gt;&lt;br /&gt;thanks for commissioning&lt;br /&gt;&lt;div&gt;&lt;img src=&quot;https://t00.deviantart.net/a43PBQzVXRlyfH4nxeKn2UZyy_o=/300x200/filters:fixed_height(100,100):origin()/pre00/3e44/th/pre/i/2019/056/e/4/lucina_and_aversa_by_cailin020-dd0ntyh.jpg&quot; alt=&quot;thumbnail&quot; /&gt;&lt;/div&gt;</description>            </item>
            </channel>
</rss>