<?xml version="1.0" encoding="utf-8"?>
<rss version="2.0" xmlns:media="http://search.yahoo.com/mrss/" xmlns:atom="http://www.w3.org/2005/Atom" xmlns:creativeCommons="http://backend.userland.com/creativeCommonsRssModule">
    <channel>
        <title>DeviantArt: Popular</title>
        <link>https://www.deviantart.com/?q=-in%3Aliterature</link>
        <description>DeviantArt RSS for Popular</description>
        <language>en-us</language>
        <copyright>Copyright 2019, DeviantArt.com</copyright>
        <pubDate>Tue, 19 Feb 2019 12:40:12 PST</pubDate>

        <generator>DeviantArt.com</generator>
        <docs>http://blogs.law.harvard.edu/tech/rss</docs>
        <atom:icon>https://st.deviantart.net/minish/touch-icons/android-192.png</atom:icon>
        <atom:link type="application/rss+xml" rel="self" href="https://backend.deviantart.com/rss.xml?type=deviation&amp;q=-in%3Aliterature&amp;order=11" />
        <atom:link rel="next" href="https://backend.deviantart.com/rss.xml?type=deviation&amp;q=-in%3Aliterature&amp;order=11&amp;offset=60" />
                    <item>
                <title>Older Sora </title>
                <link>https://sakimichan.deviantart.com/art/Older-Sora-786261771</link>
                <guid isPermaLink="true">https://sakimichan.deviantart.com/art/Older-Sora-786261771</guid>
                <pubDate>Mon, 18 Feb 2019 17:46:35 PST</pubDate>
                        <media:title type="plain">Older Sora </media:title>
        <media:keywords></media:keywords>
                        <media:rating>nonadult</media:rating>
                <media:category label="Games">fanart/digital/drawings/games</media:category>
        <media:credit role="author" scheme="urn:ebu">sakimichan</media:credit>
        <media:credit role="author" scheme="urn:ebu">https://a.deviantart.net/avatars/s/a/sakimichan.jpg?8</media:credit>
        <media:copyright url="https://sakimichan.deviantart.com">Copyright 2019 sakimichan</media:copyright>            <media:description type="html">&lt;div&gt;&lt;b&gt;&lt;a class=&quot;external&quot; href=&quot;https://www.deviantart.com/users/outgoing?http://www.pixiv.net/member.php?id=3384404&quot;&gt;&lt;b&gt;Pixiv&amp;nbsp;&lt;/b&gt;&lt;/a&gt;&lt;/b&gt;&lt;b&gt;ll&lt;a class=&quot;external&quot; href=&quot;https://www.deviantart.com/users/outgoing?https://www.facebook.com/Sakimichanart/&quot;&gt;&lt;b&gt;facebook&lt;/b&gt;&amp;nbsp;&lt;/a&gt;&amp;nbsp;&lt;/b&gt;ll&lt;a class=&quot;external&quot; href=&quot;https://www.deviantart.com/users/outgoing?http://sakimichanart.storenvy.com/&quot;&gt;Online Store&lt;/a&gt;&amp;nbsp;ll&amp;nbsp;&lt;a class=&quot;external&quot; href=&quot;https://www.deviantart.com/users/outgoing?http://sakimichan.tumblr.com/&quot;&gt;Tumblr&lt;/a&gt;&amp;nbsp;ll&amp;nbsp;&lt;b&gt;&lt;a class=&quot;external&quot; href=&quot;https://www.deviantart.com/users/outgoing?http://www.patreon.com/sakimichan&quot;&gt;&lt;b&gt;Patreon&lt;/b&gt;&lt;/a&gt;&lt;/b&gt;ll&lt;b&gt;&lt;a class=&quot;external&quot; href=&quot;https://www.deviantart.com/users/outgoing?http://www.artstation.com/artist/sakimichan&quot;&gt;Artstation&lt;/a&gt;&lt;/b&gt;l&lt;b&gt;&lt;a class=&quot;external&quot; href=&quot;https://www.deviantart.com/users/outgoing?http://instagram.com/sakimi.chan/&quot;&gt;&lt;b&gt;Instagram&lt;/b&gt;&lt;/a&gt;&lt;/b&gt;&amp;nbsp;&lt;b&gt;&lt;a class=&quot;external&quot; href=&quot;https://www.deviantart.com/users/outgoing?https://gumroad.com/sakimichan&quot;&gt;&lt;b&gt;gumroad(tutorial store)&lt;/b&gt;&lt;/a&gt;&lt;/b&gt;&lt;br /&gt;&lt;/div&gt;&lt;div&gt;&lt;br /&gt;&lt;/div&gt;&lt;br /&gt;&lt;p&gt;My take on a older version fo HK3 &amp;lt;3 loving how the new game looks &amp;lt;3 so smooth&lt;/p&gt;&lt;p&gt;&lt;a class=&quot;external&quot; href=&quot;https://www.deviantart.com/users/outgoing?https://www.patreon.com/posts/24776298&quot;&gt;&lt;strong&gt;nsfw preview&lt;/strong&gt;&lt;/a&gt; &lt;br /&gt;&lt;/p&gt;&lt;div&gt;&lt;div&gt;&amp;#10053; PSD&lt;br /&gt;&amp;#10053; steps&lt;br /&gt;&amp;#10053;video process&lt;br /&gt;&amp;#10053;3-4k pixel jpg&lt;br /&gt;&lt;div&gt;&lt;h4&gt;&amp;#10053;&lt;a class=&quot;external&quot; href=&quot;https://www.deviantart.com/users/outgoing?https://www.patreon.com/posts/older-sora-hk-24776258&quot;&gt;&amp;nbsp;available through my patreon&amp;nbsp;&lt;br /&gt;&lt;/a&gt;&lt;/h4&gt;&lt;br /&gt;&lt;span class=&quot;shadow-holder&quot; data-embed-type=&quot;deviation&quot; data-embed-id=&quot;771684367&quot; data-embed-format=&quot;thumb&quot;&gt;&lt;span class=&quot;shadow mild&quot; &gt;&lt;a class=&quot;thumb&quot; href=&quot;https://www.deviantart.com/sakimichan/art/Kd-A-series-Kaisa-771684367&quot; title=&quot;Kd/A series:  Kaisa by sakimichan, Nov 8, 2018 in Fan Art &amp;gt; Digital Art &amp;gt; Drawings &amp;gt; Games&quot;data-super-img=&quot;https://images-wixmp-ed30a86b8c4ca887773594c2.wixmp.com/intermediary/f/9ad8fbc8-aee8-4e92-a04b-6abf7a036a51/dcrfvgv-e55abc8c-4831-4356-84a8-2d0818f068f5.jpg/v1/fill/w_771,h_1037,q_70,strp/kd_a_series___kaisa_by_sakimichan_dcrfvgv-pre.jpg&quot; data-super-width=&quot;771&quot; data-super-height=&quot;1037&quot; data-super-transparent=&quot;false&quot; data-super-alt=&quot;Kd/A series:  Kaisa by sakimichan&quot; data-super-full-img=&quot;https://images-wixmp-ed30a86b8c4ca887773594c2.wixmp.com/intermediary/f/9ad8fbc8-aee8-4e92-a04b-6abf7a036a51/dcrfvgv-e55abc8c-4831-4356-84a8-2d0818f068f5.jpg&quot; data-super-full-width=&quot;892&quot; data-super-full-height=&quot;1200&quot;        data-sigil=&quot;thumb&quot;&gt;
        &lt;i&gt;&lt;/i&gt;&lt;img   width=&quot;112&quot; height=&quot;150&quot; alt=&quot;Kd/A series:  Kaisa by sakimichan&quot; src=&quot;https://images-wixmp-ed30a86b8c4ca887773594c2.wixmp.com/intermediary/f/9ad8fbc8-aee8-4e92-a04b-6abf7a036a51/dcrfvgv-e55abc8c-4831-4356-84a8-2d0818f068f5.jpg/v1/fit/w_150,h_150,q_70,strp/kd_a_series___kaisa_by_sakimichan_dcrfvgv-150.jpg&quot; data-src=&quot;https://images-wixmp-ed30a86b8c4ca887773594c2.wixmp.com/intermediary/f/9ad8fbc8-aee8-4e92-a04b-6abf7a036a51/dcrfvgv-e55abc8c-4831-4356-84a8-2d0818f068f5.jpg/v1/fit/w_150,h_150,q_70,strp/kd_a_series___kaisa_by_sakimichan_dcrfvgv-150.jpg&quot; srcset=&quot;https://images-wixmp-ed30a86b8c4ca887773594c2.wixmp.com/intermediary/f/9ad8fbc8-aee8-4e92-a04b-6abf7a036a51/dcrfvgv-e55abc8c-4831-4356-84a8-2d0818f068f5.jpg/v1/fit/w_150,h_150,q_70,strp/kd_a_series___kaisa_by_sakimichan_dcrfvgv-150.jpg 112w,https://images-wixmp-ed30a86b8c4ca887773594c2.wixmp.com/intermediary/f/9ad8fbc8-aee8-4e92-a04b-6abf7a036a51/dcrfvgv-e55abc8c-4831-4356-84a8-2d0818f068f5.jpg/v1/fill/w_186,h_250,q_70,strp/kd_a_series___kaisa_by_sakimichan_dcrfvgv-250t.jpg 186w,https://images-wixmp-ed30a86b8c4ca887773594c2.wixmp.com/intermediary/f/9ad8fbc8-aee8-4e92-a04b-6abf7a036a51/dcrfvgv-e55abc8c-4831-4356-84a8-2d0818f068f5.jpg/v1/fill/w_260,h_350,q_70,strp/kd_a_series___kaisa_by_sakimichan_dcrfvgv-350t.jpg 260w,https://images-wixmp-ed30a86b8c4ca887773594c2.wixmp.com/intermediary/f/9ad8fbc8-aee8-4e92-a04b-6abf7a036a51/dcrfvgv-e55abc8c-4831-4356-84a8-2d0818f068f5.jpg/v1/fill/w_297,h_400,q_70,strp/kd_a_series___kaisa_by_sakimichan_dcrfvgv-400t.jpg 297w,https://images-wixmp-ed30a86b8c4ca887773594c2.wixmp.com/intermediary/f/9ad8fbc8-aee8-4e92-a04b-6abf7a036a51/dcrfvgv-e55abc8c-4831-4356-84a8-2d0818f068f5.jpg/v1/fill/w_771,h_1037,q_70,strp/kd_a_series___kaisa_by_sakimichan_dcrfvgv-pre.jpg 771w&quot; sizes=&quot;112px&quot;&gt;&lt;/a&gt;&lt;/span&gt;&lt;!-- ^TTT --&gt;&lt;!-- TTT$ --&gt;&lt;/span&gt;&lt;span class=&quot;shadow-holder&quot; data-embed-type=&quot;deviation&quot; data-embed-id=&quot;773578827&quot; data-embed-format=&quot;thumb&quot;&gt;&lt;span class=&quot;shadow mild&quot; &gt;&lt;a class=&quot;thumb&quot; href=&quot;https://www.deviantart.com/sakimichan/art/KDA-Akali-v1-773578827&quot; title=&quot;KDA Akali v1 by sakimichan, Nov 22, 2018 in Fan Art &amp;gt; Digital Art &amp;gt; Drawings &amp;gt; Games&quot;data-super-img=&quot;https://images-wixmp-ed30a86b8c4ca887773594c2.wixmp.com/intermediary/f/9ad8fbc8-aee8-4e92-a04b-6abf7a036a51/dcskh8r-b0dee55a-dd76-410f-a74a-9a3e5781c744.jpg&quot; data-super-width=&quot;684&quot; data-super-height=&quot;1000&quot; data-super-transparent=&quot;false&quot; data-super-alt=&quot;KDA Akali v1 by sakimichan&quot; data-super-full-img=&quot;https://images-wixmp-ed30a86b8c4ca887773594c2.wixmp.com/intermediary/f/9ad8fbc8-aee8-4e92-a04b-6abf7a036a51/dcskh8r-b0dee55a-dd76-410f-a74a-9a3e5781c744.jpg&quot; data-super-full-width=&quot;684&quot; data-super-full-height=&quot;1000&quot;        data-sigil=&quot;thumb&quot;&gt;
        &lt;i&gt;&lt;/i&gt;&lt;img   width=&quot;103&quot; height=&quot;150&quot; alt=&quot;KDA Akali v1 by sakimichan&quot; src=&quot;https://images-wixmp-ed30a86b8c4ca887773594c2.wixmp.com/intermediary/f/9ad8fbc8-aee8-4e92-a04b-6abf7a036a51/dcskh8r-b0dee55a-dd76-410f-a74a-9a3e5781c744.jpg/v1/fit/w_150,h_150,q_70,strp/kda_akali_v1_by_sakimichan_dcskh8r-150.jpg&quot; data-src=&quot;https://images-wixmp-ed30a86b8c4ca887773594c2.wixmp.com/intermediary/f/9ad8fbc8-aee8-4e92-a04b-6abf7a036a51/dcskh8r-b0dee55a-dd76-410f-a74a-9a3e5781c744.jpg/v1/fit/w_150,h_150,q_70,strp/kda_akali_v1_by_sakimichan_dcskh8r-150.jpg&quot; srcset=&quot;https://images-wixmp-ed30a86b8c4ca887773594c2.wixmp.com/intermediary/f/9ad8fbc8-aee8-4e92-a04b-6abf7a036a51/dcskh8r-b0dee55a-dd76-410f-a74a-9a3e5781c744.jpg/v1/fit/w_150,h_150,q_70,strp/kda_akali_v1_by_sakimichan_dcskh8r-150.jpg 103w,https://images-wixmp-ed30a86b8c4ca887773594c2.wixmp.com/intermediary/f/9ad8fbc8-aee8-4e92-a04b-6abf7a036a51/dcskh8r-b0dee55a-dd76-410f-a74a-9a3e5781c744.jpg/v1/fill/w_171,h_250,q_70,strp/kda_akali_v1_by_sakimichan_dcskh8r-250t.jpg 171w,https://images-wixmp-ed30a86b8c4ca887773594c2.wixmp.com/intermediary/f/9ad8fbc8-aee8-4e92-a04b-6abf7a036a51/dcskh8r-b0dee55a-dd76-410f-a74a-9a3e5781c744.jpg/v1/crop/w_239,h_350,x_0,y_0,scl_0.35087719298246,q_70,strp/kda_akali_v1_by_sakimichan_dcskh8r-350t.jpg 239w,https://images-wixmp-ed30a86b8c4ca887773594c2.wixmp.com/intermediary/f/9ad8fbc8-aee8-4e92-a04b-6abf7a036a51/dcskh8r-b0dee55a-dd76-410f-a74a-9a3e5781c744.jpg/v1/crop/w_274,h_400,x_0,y_0,scl_0.40058479532164,q_70,strp/kda_akali_v1_by_sakimichan_dcskh8r-400t.jpg 274w,https://images-wixmp-ed30a86b8c4ca887773594c2.wixmp.com/intermediary/f/9ad8fbc8-aee8-4e92-a04b-6abf7a036a51/dcskh8r-b0dee55a-dd76-410f-a74a-9a3e5781c744.jpg 684w&quot; sizes=&quot;103px&quot;&gt;&lt;/a&gt;&lt;/span&gt;&lt;!-- ^TTT --&gt;&lt;!-- TTT$ --&gt;&lt;/span&gt;&lt;span class=&quot;shadow-holder&quot; data-embed-type=&quot;deviation&quot; data-embed-id=&quot;777156118&quot; data-embed-format=&quot;thumb&quot;&gt;&lt;span class=&quot;shadow mild&quot; &gt;&lt;a class=&quot;thumb&quot; href=&quot;https://www.deviantart.com/sakimichan/art/Ban-Seven-deadly-sin-777156118&quot; title=&quot;Ban Seven deadly sin by sakimichan, Dec 18, 2018 in Fan Art &amp;gt; Digital Art &amp;gt; Drawings &amp;gt; Movies &amp;amp; TV&quot;data-super-img=&quot;https://images-wixmp-ed30a86b8c4ca887773594c2.wixmp.com/intermediary/f/9ad8fbc8-aee8-4e92-a04b-6abf7a036a51/dcup5hy-6a6ae809-ae82-4d31-b045-4df9d6ff30d9.jpg&quot; data-super-width=&quot;684&quot; data-super-height=&quot;1000&quot; data-super-transparent=&quot;false&quot; data-super-alt=&quot;Ban Seven deadly sin by sakimichan&quot; data-super-full-img=&quot;https://images-wixmp-ed30a86b8c4ca887773594c2.wixmp.com/intermediary/f/9ad8fbc8-aee8-4e92-a04b-6abf7a036a51/dcup5hy-6a6ae809-ae82-4d31-b045-4df9d6ff30d9.jpg&quot; data-super-full-width=&quot;684&quot; data-super-full-height=&quot;1000&quot;        data-sigil=&quot;thumb&quot;&gt;
        &lt;i&gt;&lt;/i&gt;&lt;img   width=&quot;103&quot; height=&quot;150&quot; alt=&quot;Ban Seven deadly sin by sakimichan&quot; src=&quot;https://images-wixmp-ed30a86b8c4ca887773594c2.wixmp.com/intermediary/f/9ad8fbc8-aee8-4e92-a04b-6abf7a036a51/dcup5hy-6a6ae809-ae82-4d31-b045-4df9d6ff30d9.jpg/v1/fit/w_150,h_150,q_70,strp/ban_seven_deadly_sin_by_sakimichan_dcup5hy-150.jpg&quot; data-src=&quot;https://images-wixmp-ed30a86b8c4ca887773594c2.wixmp.com/intermediary/f/9ad8fbc8-aee8-4e92-a04b-6abf7a036a51/dcup5hy-6a6ae809-ae82-4d31-b045-4df9d6ff30d9.jpg/v1/fit/w_150,h_150,q_70,strp/ban_seven_deadly_sin_by_sakimichan_dcup5hy-150.jpg&quot; srcset=&quot;https://images-wixmp-ed30a86b8c4ca887773594c2.wixmp.com/intermediary/f/9ad8fbc8-aee8-4e92-a04b-6abf7a036a51/dcup5hy-6a6ae809-ae82-4d31-b045-4df9d6ff30d9.jpg/v1/fit/w_150,h_150,q_70,strp/ban_seven_deadly_sin_by_sakimichan_dcup5hy-150.jpg 103w,https://images-wixmp-ed30a86b8c4ca887773594c2.wixmp.com/intermediary/f/9ad8fbc8-aee8-4e92-a04b-6abf7a036a51/dcup5hy-6a6ae809-ae82-4d31-b045-4df9d6ff30d9.jpg/v1/fill/w_171,h_250,q_70,strp/ban_seven_deadly_sin_by_sakimichan_dcup5hy-250t.jpg 171w,https://images-wixmp-ed30a86b8c4ca887773594c2.wixmp.com/intermediary/f/9ad8fbc8-aee8-4e92-a04b-6abf7a036a51/dcup5hy-6a6ae809-ae82-4d31-b045-4df9d6ff30d9.jpg/v1/crop/w_239,h_350,x_0,y_0,scl_0.35087719298246,q_70,strp/ban_seven_deadly_sin_by_sakimichan_dcup5hy-350t.jpg 239w,https://images-wixmp-ed30a86b8c4ca887773594c2.wixmp.com/intermediary/f/9ad8fbc8-aee8-4e92-a04b-6abf7a036a51/dcup5hy-6a6ae809-ae82-4d31-b045-4df9d6ff30d9.jpg/v1/crop/w_274,h_400,x_0,y_0,scl_0.40058479532164,q_70,strp/ban_seven_deadly_sin_by_sakimichan_dcup5hy-400t.jpg 274w,https://images-wixmp-ed30a86b8c4ca887773594c2.wixmp.com/intermediary/f/9ad8fbc8-aee8-4e92-a04b-6abf7a036a51/dcup5hy-6a6ae809-ae82-4d31-b045-4df9d6ff30d9.jpg 684w&quot; sizes=&quot;103px&quot;&gt;&lt;/a&gt;&lt;/span&gt;&lt;!-- ^TTT --&gt;&lt;!-- TTT$ --&gt;&lt;/span&gt;&lt;span class=&quot;shadow-holder&quot; data-embed-type=&quot;deviation&quot; data-embed-id=&quot;777811856&quot; data-embed-format=&quot;thumb&quot;&gt;&lt;span class=&quot;shadow mild&quot; &gt;&lt;a class=&quot;thumb&quot; href=&quot;https://www.deviantart.com/sakimichan/art/Older-Uraraka-pinup-777811856&quot; title=&quot;Older Uraraka pinup by sakimichan, Dec 23, 2018 in Fan Art &amp;gt; Digital Art &amp;gt; Drawings &amp;gt; Movies &amp;amp; TV&quot;data-super-img=&quot;https://images-wixmp-ed30a86b8c4ca887773594c2.wixmp.com/intermediary/f/9ad8fbc8-aee8-4e92-a04b-6abf7a036a51/dcv37gw-5cd7b2bc-576d-4d45-aced-3af042840833.jpg&quot; data-super-width=&quot;684&quot; data-super-height=&quot;1000&quot; data-super-transparent=&quot;false&quot; data-super-alt=&quot;Older Uraraka pinup by sakimichan&quot; data-super-full-img=&quot;https://images-wixmp-ed30a86b8c4ca887773594c2.wixmp.com/intermediary/f/9ad8fbc8-aee8-4e92-a04b-6abf7a036a51/dcv37gw-5cd7b2bc-576d-4d45-aced-3af042840833.jpg&quot; data-super-full-width=&quot;684&quot; data-super-full-height=&quot;1000&quot;        data-sigil=&quot;thumb&quot;&gt;
        &lt;i&gt;&lt;/i&gt;&lt;img   width=&quot;103&quot; height=&quot;150&quot; alt=&quot;Older Uraraka pinup by sakimichan&quot; src=&quot;https://images-wixmp-ed30a86b8c4ca887773594c2.wixmp.com/intermediary/f/9ad8fbc8-aee8-4e92-a04b-6abf7a036a51/dcv37gw-5cd7b2bc-576d-4d45-aced-3af042840833.jpg/v1/fit/w_150,h_150,q_70,strp/older_uraraka_pinup_by_sakimichan_dcv37gw-150.jpg&quot; data-src=&quot;https://images-wixmp-ed30a86b8c4ca887773594c2.wixmp.com/intermediary/f/9ad8fbc8-aee8-4e92-a04b-6abf7a036a51/dcv37gw-5cd7b2bc-576d-4d45-aced-3af042840833.jpg/v1/fit/w_150,h_150,q_70,strp/older_uraraka_pinup_by_sakimichan_dcv37gw-150.jpg&quot; srcset=&quot;https://images-wixmp-ed30a86b8c4ca887773594c2.wixmp.com/intermediary/f/9ad8fbc8-aee8-4e92-a04b-6abf7a036a51/dcv37gw-5cd7b2bc-576d-4d45-aced-3af042840833.jpg/v1/fit/w_150,h_150,q_70,strp/older_uraraka_pinup_by_sakimichan_dcv37gw-150.jpg 103w,https://images-wixmp-ed30a86b8c4ca887773594c2.wixmp.com/intermediary/f/9ad8fbc8-aee8-4e92-a04b-6abf7a036a51/dcv37gw-5cd7b2bc-576d-4d45-aced-3af042840833.jpg/v1/fill/w_171,h_250,q_70,strp/older_uraraka_pinup_by_sakimichan_dcv37gw-250t.jpg 171w,https://images-wixmp-ed30a86b8c4ca887773594c2.wixmp.com/intermediary/f/9ad8fbc8-aee8-4e92-a04b-6abf7a036a51/dcv37gw-5cd7b2bc-576d-4d45-aced-3af042840833.jpg/v1/crop/w_239,h_350,x_0,y_0,scl_0.35087719298246,q_70,strp/older_uraraka_pinup_by_sakimichan_dcv37gw-350t.jpg 239w,https://images-wixmp-ed30a86b8c4ca887773594c2.wixmp.com/intermediary/f/9ad8fbc8-aee8-4e92-a04b-6abf7a036a51/dcv37gw-5cd7b2bc-576d-4d45-aced-3af042840833.jpg/v1/crop/w_274,h_400,x_0,y_0,scl_0.40058479532164,q_70,strp/older_uraraka_pinup_by_sakimichan_dcv37gw-400t.jpg 274w,https://images-wixmp-ed30a86b8c4ca887773594c2.wixmp.com/intermediary/f/9ad8fbc8-aee8-4e92-a04b-6abf7a036a51/dcv37gw-5cd7b2bc-576d-4d45-aced-3af042840833.jpg 684w&quot; sizes=&quot;103px&quot;&gt;&lt;/a&gt;&lt;/span&gt;&lt;!-- ^TTT --&gt;&lt;!-- TTT$ --&gt;&lt;/span&gt;&lt;span class=&quot;shadow-holder&quot; data-embed-type=&quot;deviation&quot; data-embed-id=&quot;778098569&quot; data-embed-format=&quot;thumb&quot;&gt;&lt;span class=&quot;shadow mild&quot; &gt;&lt;a class=&quot;thumb&quot; href=&quot;https://www.deviantart.com/sakimichan/art/Holiday-Camilla-pinup-happy-holidays-778098569&quot; title=&quot;Holiday Camilla pinup, happy holidays ! by sakimichan, Dec 25, 2018 in Fan Art &amp;gt; Digital Art &amp;gt; Drawings &amp;gt; Games&quot;data-super-img=&quot;https://images-wixmp-ed30a86b8c4ca887773594c2.wixmp.com/intermediary/f/9ad8fbc8-aee8-4e92-a04b-6abf7a036a51/dcv9cp5-ffd8a7ce-9d10-47c1-a415-90c25fc4ec93.jpg&quot; data-super-width=&quot;684&quot; data-super-height=&quot;1000&quot; data-super-transparent=&quot;false&quot; data-super-alt=&quot;Holiday Camilla pinup, happy holidays ! by sakimichan&quot; data-super-full-img=&quot;https://images-wixmp-ed30a86b8c4ca887773594c2.wixmp.com/intermediary/f/9ad8fbc8-aee8-4e92-a04b-6abf7a036a51/dcv9cp5-ffd8a7ce-9d10-47c1-a415-90c25fc4ec93.jpg&quot; data-super-full-width=&quot;684&quot; data-super-full-height=&quot;1000&quot;        data-sigil=&quot;thumb&quot;&gt;
        &lt;i&gt;&lt;/i&gt;&lt;img   width=&quot;103&quot; height=&quot;150&quot; alt=&quot;Holiday Camilla pinup, happy holidays ! by sakimichan&quot; src=&quot;https://images-wixmp-ed30a86b8c4ca887773594c2.wixmp.com/intermediary/f/9ad8fbc8-aee8-4e92-a04b-6abf7a036a51/dcv9cp5-ffd8a7ce-9d10-47c1-a415-90c25fc4ec93.jpg/v1/fit/w_150,h_150,q_70,strp/holiday_camilla_pinup__happy_holidays___by_sakimichan_dcv9cp5-150.jpg&quot; data-src=&quot;https://images-wixmp-ed30a86b8c4ca887773594c2.wixmp.com/intermediary/f/9ad8fbc8-aee8-4e92-a04b-6abf7a036a51/dcv9cp5-ffd8a7ce-9d10-47c1-a415-90c25fc4ec93.jpg/v1/fit/w_150,h_150,q_70,strp/holiday_camilla_pinup__happy_holidays___by_sakimichan_dcv9cp5-150.jpg&quot; srcset=&quot;https://images-wixmp-ed30a86b8c4ca887773594c2.wixmp.com/intermediary/f/9ad8fbc8-aee8-4e92-a04b-6abf7a036a51/dcv9cp5-ffd8a7ce-9d10-47c1-a415-90c25fc4ec93.jpg/v1/fit/w_150,h_150,q_70,strp/holiday_camilla_pinup__happy_holidays___by_sakimichan_dcv9cp5-150.jpg 103w,https://images-wixmp-ed30a86b8c4ca887773594c2.wixmp.com/intermediary/f/9ad8fbc8-aee8-4e92-a04b-6abf7a036a51/dcv9cp5-ffd8a7ce-9d10-47c1-a415-90c25fc4ec93.jpg/v1/fill/w_171,h_250,q_70,strp/holiday_camilla_pinup__happy_holidays___by_sakimichan_dcv9cp5-250t.jpg 171w,https://images-wixmp-ed30a86b8c4ca887773594c2.wixmp.com/intermediary/f/9ad8fbc8-aee8-4e92-a04b-6abf7a036a51/dcv9cp5-ffd8a7ce-9d10-47c1-a415-90c25fc4ec93.jpg/v1/crop/w_239,h_350,x_0,y_0,scl_0.35087719298246,q_70,strp/holiday_camilla_pinup__happy_holidays___by_sakimichan_dcv9cp5-350t.jpg 239w,https://images-wixmp-ed30a86b8c4ca887773594c2.wixmp.com/intermediary/f/9ad8fbc8-aee8-4e92-a04b-6abf7a036a51/dcv9cp5-ffd8a7ce-9d10-47c1-a415-90c25fc4ec93.jpg/v1/crop/w_274,h_400,x_0,y_0,scl_0.40058479532164,q_70,strp/holiday_camilla_pinup__happy_holidays___by_sakimichan_dcv9cp5-400t.jpg 274w,https://images-wixmp-ed30a86b8c4ca887773594c2.wixmp.com/intermediary/f/9ad8fbc8-aee8-4e92-a04b-6abf7a036a51/dcv9cp5-ffd8a7ce-9d10-47c1-a415-90c25fc4ec93.jpg 684w&quot; sizes=&quot;103px&quot;&gt;&lt;/a&gt;&lt;/span&gt;&lt;!-- ^TTT --&gt;&lt;!-- TTT$ --&gt;&lt;/span&gt;&lt;br /&gt;&lt;br /&gt;&lt;br /&gt;&lt;a href=&quot;https://sakimichan.deviantart.com/journal/Patreon-Rewards-Archive-498302321&quot;&gt;reward archive&amp;nbsp;&lt;/a&gt;( see what rewards you can get by helping support me !)&lt;br /&gt;Thank you for your interest!&lt;br /&gt;&lt;br /&gt;used: photoshop CS6&lt;/div&gt;&lt;/div&gt;&lt;/div&gt;</media:description>            <media:thumbnail url="https://t00.deviantart.net/8sSg4ILGRR9vDhlKDI1tcOpEEGU=/fit-in/150x150/filters:no_upscale():origin()/pre00/3491/th/pre/f/2019/049/e/7/older_sora__by_sakimichan-dd04bgr.jpg" height="150" width="103"/>            <media:thumbnail url="https://t00.deviantart.net/saQhaaCJ_pa43OwD7fcUNCXLY0c=/fit-in/300x900/filters:no_upscale():origin()/pre00/3491/th/pre/f/2019/049/e/7/older_sora__by_sakimichan-dd04bgr.jpg" height="439" width="300"/>            <media:thumbnail url="https://t00.deviantart.net/QlYTM-LkWFsjFK1bfF8l4j3G-bQ=/300x200/filters:fixed_height(100,100):origin()/pre00/3491/th/pre/f/2019/049/e/7/older_sora__by_sakimichan-dd04bgr.jpg" height="200" width="137"/>            <media:content url="https://orig00.deviantart.net/9bf6/f/2019/049/e/7/older_sora__by_sakimichan-dd04bgr.jpg" height="1000" width="684" medium="image"/>            
            <description>&lt;div&gt;&lt;b&gt;&lt;a class=&quot;external&quot; href=&quot;https://www.deviantart.com/users/outgoing?http://www.pixiv.net/member.php?id=3384404&quot;&gt;&lt;b&gt;Pixiv&amp;nbsp;&lt;/b&gt;&lt;/a&gt;&lt;/b&gt;&lt;b&gt;ll&lt;a class=&quot;external&quot; href=&quot;https://www.deviantart.com/users/outgoing?https://www.facebook.com/Sakimichanart/&quot;&gt;&lt;b&gt;facebook&lt;/b&gt;&amp;nbsp;&lt;/a&gt;&amp;nbsp;&lt;/b&gt;ll&lt;a class=&quot;external&quot; href=&quot;https://www.deviantart.com/users/outgoing?http://sakimichanart.storenvy.com/&quot;&gt;Online Store&lt;/a&gt;&amp;nbsp;ll&amp;nbsp;&lt;a class=&quot;external&quot; href=&quot;https://www.deviantart.com/users/outgoing?http://sakimichan.tumblr.com/&quot;&gt;Tumblr&lt;/a&gt;&amp;nbsp;ll&amp;nbsp;&lt;b&gt;&lt;a class=&quot;external&quot; href=&quot;https://www.deviantart.com/users/outgoing?http://www.patreon.com/sakimichan&quot;&gt;&lt;b&gt;Patreon&lt;/b&gt;&lt;/a&gt;&lt;/b&gt;ll&lt;b&gt;&lt;a class=&quot;external&quot; href=&quot;https://www.deviantart.com/users/outgoing?http://www.artstation.com/artist/sakimichan&quot;&gt;Artstation&lt;/a&gt;&lt;/b&gt;l&lt;b&gt;&lt;a class=&quot;external&quot; href=&quot;https://www.deviantart.com/users/outgoing?http://instagram.com/sakimi.chan/&quot;&gt;&lt;b&gt;Instagram&lt;/b&gt;&lt;/a&gt;&lt;/b&gt;&amp;nbsp;&lt;b&gt;&lt;a class=&quot;external&quot; href=&quot;https://www.deviantart.com/users/outgoing?https://gumroad.com/sakimichan&quot;&gt;&lt;b&gt;gumroad(tutorial store)&lt;/b&gt;&lt;/a&gt;&lt;/b&gt;&lt;br /&gt;&lt;/div&gt;&lt;div&gt;&lt;br /&gt;&lt;/div&gt;&lt;br /&gt;&lt;p&gt;My take on a older version fo HK3 &amp;lt;3 loving how the new game looks &amp;lt;3 so smooth&lt;/p&gt;&lt;p&gt;&lt;a class=&quot;external&quot; href=&quot;https://www.deviantart.com/users/outgoing?https://www.patreon.com/posts/24776298&quot;&gt;&lt;strong&gt;nsfw preview&lt;/strong&gt;&lt;/a&gt; &lt;br /&gt;&lt;/p&gt;&lt;div&gt;&lt;div&gt;&amp;#10053; PSD&lt;br /&gt;&amp;#10053; steps&lt;br /&gt;&amp;#10053;video process&lt;br /&gt;&amp;#10053;3-4k pixel jpg&lt;br /&gt;&lt;div&gt;&lt;h4&gt;&amp;#10053;&lt;a class=&quot;external&quot; href=&quot;https://www.deviantart.com/users/outgoing?https://www.patreon.com/posts/older-sora-hk-24776258&quot;&gt;&amp;nbsp;available through my patreon&amp;nbsp;&lt;br /&gt;&lt;/a&gt;&lt;/h4&gt;&lt;br /&gt;&lt;span class=&quot;shadow-holder&quot; data-embed-type=&quot;deviation&quot; data-embed-id=&quot;771684367&quot; data-embed-format=&quot;thumb&quot;&gt;&lt;span class=&quot;shadow mild&quot; &gt;&lt;a class=&quot;thumb&quot; href=&quot;https://www.deviantart.com/sakimichan/art/Kd-A-series-Kaisa-771684367&quot; title=&quot;Kd/A series:  Kaisa by sakimichan, Nov 8, 2018 in Fan Art &amp;gt; Digital Art &amp;gt; Drawings &amp;gt; Games&quot;data-super-img=&quot;https://images-wixmp-ed30a86b8c4ca887773594c2.wixmp.com/intermediary/f/9ad8fbc8-aee8-4e92-a04b-6abf7a036a51/dcrfvgv-e55abc8c-4831-4356-84a8-2d0818f068f5.jpg/v1/fill/w_771,h_1037,q_70,strp/kd_a_series___kaisa_by_sakimichan_dcrfvgv-pre.jpg&quot; data-super-width=&quot;771&quot; data-super-height=&quot;1037&quot; data-super-transparent=&quot;false&quot; data-super-alt=&quot;Kd/A series:  Kaisa by sakimichan&quot; data-super-full-img=&quot;https://images-wixmp-ed30a86b8c4ca887773594c2.wixmp.com/intermediary/f/9ad8fbc8-aee8-4e92-a04b-6abf7a036a51/dcrfvgv-e55abc8c-4831-4356-84a8-2d0818f068f5.jpg&quot; data-super-full-width=&quot;892&quot; data-super-full-height=&quot;1200&quot;        data-sigil=&quot;thumb&quot;&gt;
        &lt;i&gt;&lt;/i&gt;&lt;img   width=&quot;112&quot; height=&quot;150&quot; alt=&quot;Kd/A series:  Kaisa by sakimichan&quot; src=&quot;https://images-wixmp-ed30a86b8c4ca887773594c2.wixmp.com/intermediary/f/9ad8fbc8-aee8-4e92-a04b-6abf7a036a51/dcrfvgv-e55abc8c-4831-4356-84a8-2d0818f068f5.jpg/v1/fit/w_150,h_150,q_70,strp/kd_a_series___kaisa_by_sakimichan_dcrfvgv-150.jpg&quot; data-src=&quot;https://images-wixmp-ed30a86b8c4ca887773594c2.wixmp.com/intermediary/f/9ad8fbc8-aee8-4e92-a04b-6abf7a036a51/dcrfvgv-e55abc8c-4831-4356-84a8-2d0818f068f5.jpg/v1/fit/w_150,h_150,q_70,strp/kd_a_series___kaisa_by_sakimichan_dcrfvgv-150.jpg&quot; srcset=&quot;https://images-wixmp-ed30a86b8c4ca887773594c2.wixmp.com/intermediary/f/9ad8fbc8-aee8-4e92-a04b-6abf7a036a51/dcrfvgv-e55abc8c-4831-4356-84a8-2d0818f068f5.jpg/v1/fit/w_150,h_150,q_70,strp/kd_a_series___kaisa_by_sakimichan_dcrfvgv-150.jpg 112w,https://images-wixmp-ed30a86b8c4ca887773594c2.wixmp.com/intermediary/f/9ad8fbc8-aee8-4e92-a04b-6abf7a036a51/dcrfvgv-e55abc8c-4831-4356-84a8-2d0818f068f5.jpg/v1/fill/w_186,h_250,q_70,strp/kd_a_series___kaisa_by_sakimichan_dcrfvgv-250t.jpg 186w,https://images-wixmp-ed30a86b8c4ca887773594c2.wixmp.com/intermediary/f/9ad8fbc8-aee8-4e92-a04b-6abf7a036a51/dcrfvgv-e55abc8c-4831-4356-84a8-2d0818f068f5.jpg/v1/fill/w_260,h_350,q_70,strp/kd_a_series___kaisa_by_sakimichan_dcrfvgv-350t.jpg 260w,https://images-wixmp-ed30a86b8c4ca887773594c2.wixmp.com/intermediary/f/9ad8fbc8-aee8-4e92-a04b-6abf7a036a51/dcrfvgv-e55abc8c-4831-4356-84a8-2d0818f068f5.jpg/v1/fill/w_297,h_400,q_70,strp/kd_a_series___kaisa_by_sakimichan_dcrfvgv-400t.jpg 297w,https://images-wixmp-ed30a86b8c4ca887773594c2.wixmp.com/intermediary/f/9ad8fbc8-aee8-4e92-a04b-6abf7a036a51/dcrfvgv-e55abc8c-4831-4356-84a8-2d0818f068f5.jpg/v1/fill/w_771,h_1037,q_70,strp/kd_a_series___kaisa_by_sakimichan_dcrfvgv-pre.jpg 771w&quot; sizes=&quot;112px&quot;&gt;&lt;/a&gt;&lt;/span&gt;&lt;!-- ^TTT --&gt;&lt;!-- TTT$ --&gt;&lt;/span&gt;&lt;span class=&quot;shadow-holder&quot; data-embed-type=&quot;deviation&quot; data-embed-id=&quot;773578827&quot; data-embed-format=&quot;thumb&quot;&gt;&lt;span class=&quot;shadow mild&quot; &gt;&lt;a class=&quot;thumb&quot; href=&quot;https://www.deviantart.com/sakimichan/art/KDA-Akali-v1-773578827&quot; title=&quot;KDA Akali v1 by sakimichan, Nov 22, 2018 in Fan Art &amp;gt; Digital Art &amp;gt; Drawings &amp;gt; Games&quot;data-super-img=&quot;https://images-wixmp-ed30a86b8c4ca887773594c2.wixmp.com/intermediary/f/9ad8fbc8-aee8-4e92-a04b-6abf7a036a51/dcskh8r-b0dee55a-dd76-410f-a74a-9a3e5781c744.jpg&quot; data-super-width=&quot;684&quot; data-super-height=&quot;1000&quot; data-super-transparent=&quot;false&quot; data-super-alt=&quot;KDA Akali v1 by sakimichan&quot; data-super-full-img=&quot;https://images-wixmp-ed30a86b8c4ca887773594c2.wixmp.com/intermediary/f/9ad8fbc8-aee8-4e92-a04b-6abf7a036a51/dcskh8r-b0dee55a-dd76-410f-a74a-9a3e5781c744.jpg&quot; data-super-full-width=&quot;684&quot; data-super-full-height=&quot;1000&quot;        data-sigil=&quot;thumb&quot;&gt;
        &lt;i&gt;&lt;/i&gt;&lt;img   width=&quot;103&quot; height=&quot;150&quot; alt=&quot;KDA Akali v1 by sakimichan&quot; src=&quot;https://images-wixmp-ed30a86b8c4ca887773594c2.wixmp.com/intermediary/f/9ad8fbc8-aee8-4e92-a04b-6abf7a036a51/dcskh8r-b0dee55a-dd76-410f-a74a-9a3e5781c744.jpg/v1/fit/w_150,h_150,q_70,strp/kda_akali_v1_by_sakimichan_dcskh8r-150.jpg&quot; data-src=&quot;https://images-wixmp-ed30a86b8c4ca887773594c2.wixmp.com/intermediary/f/9ad8fbc8-aee8-4e92-a04b-6abf7a036a51/dcskh8r-b0dee55a-dd76-410f-a74a-9a3e5781c744.jpg/v1/fit/w_150,h_150,q_70,strp/kda_akali_v1_by_sakimichan_dcskh8r-150.jpg&quot; srcset=&quot;https://images-wixmp-ed30a86b8c4ca887773594c2.wixmp.com/intermediary/f/9ad8fbc8-aee8-4e92-a04b-6abf7a036a51/dcskh8r-b0dee55a-dd76-410f-a74a-9a3e5781c744.jpg/v1/fit/w_150,h_150,q_70,strp/kda_akali_v1_by_sakimichan_dcskh8r-150.jpg 103w,https://images-wixmp-ed30a86b8c4ca887773594c2.wixmp.com/intermediary/f/9ad8fbc8-aee8-4e92-a04b-6abf7a036a51/dcskh8r-b0dee55a-dd76-410f-a74a-9a3e5781c744.jpg/v1/fill/w_171,h_250,q_70,strp/kda_akali_v1_by_sakimichan_dcskh8r-250t.jpg 171w,https://images-wixmp-ed30a86b8c4ca887773594c2.wixmp.com/intermediary/f/9ad8fbc8-aee8-4e92-a04b-6abf7a036a51/dcskh8r-b0dee55a-dd76-410f-a74a-9a3e5781c744.jpg/v1/crop/w_239,h_350,x_0,y_0,scl_0.35087719298246,q_70,strp/kda_akali_v1_by_sakimichan_dcskh8r-350t.jpg 239w,https://images-wixmp-ed30a86b8c4ca887773594c2.wixmp.com/intermediary/f/9ad8fbc8-aee8-4e92-a04b-6abf7a036a51/dcskh8r-b0dee55a-dd76-410f-a74a-9a3e5781c744.jpg/v1/crop/w_274,h_400,x_0,y_0,scl_0.40058479532164,q_70,strp/kda_akali_v1_by_sakimichan_dcskh8r-400t.jpg 274w,https://images-wixmp-ed30a86b8c4ca887773594c2.wixmp.com/intermediary/f/9ad8fbc8-aee8-4e92-a04b-6abf7a036a51/dcskh8r-b0dee55a-dd76-410f-a74a-9a3e5781c744.jpg 684w&quot; sizes=&quot;103px&quot;&gt;&lt;/a&gt;&lt;/span&gt;&lt;!-- ^TTT --&gt;&lt;!-- TTT$ --&gt;&lt;/span&gt;&lt;span class=&quot;shadow-holder&quot; data-embed-type=&quot;deviation&quot; data-embed-id=&quot;777156118&quot; data-embed-format=&quot;thumb&quot;&gt;&lt;span class=&quot;shadow mild&quot; &gt;&lt;a class=&quot;thumb&quot; href=&quot;https://www.deviantart.com/sakimichan/art/Ban-Seven-deadly-sin-777156118&quot; title=&quot;Ban Seven deadly sin by sakimichan, Dec 18, 2018 in Fan Art &amp;gt; Digital Art &amp;gt; Drawings &amp;gt; Movies &amp;amp; TV&quot;data-super-img=&quot;https://images-wixmp-ed30a86b8c4ca887773594c2.wixmp.com/intermediary/f/9ad8fbc8-aee8-4e92-a04b-6abf7a036a51/dcup5hy-6a6ae809-ae82-4d31-b045-4df9d6ff30d9.jpg&quot; data-super-width=&quot;684&quot; data-super-height=&quot;1000&quot; data-super-transparent=&quot;false&quot; data-super-alt=&quot;Ban Seven deadly sin by sakimichan&quot; data-super-full-img=&quot;https://images-wixmp-ed30a86b8c4ca887773594c2.wixmp.com/intermediary/f/9ad8fbc8-aee8-4e92-a04b-6abf7a036a51/dcup5hy-6a6ae809-ae82-4d31-b045-4df9d6ff30d9.jpg&quot; data-super-full-width=&quot;684&quot; data-super-full-height=&quot;1000&quot;        data-sigil=&quot;thumb&quot;&gt;
        &lt;i&gt;&lt;/i&gt;&lt;img   width=&quot;103&quot; height=&quot;150&quot; alt=&quot;Ban Seven deadly sin by sakimichan&quot; src=&quot;https://images-wixmp-ed30a86b8c4ca887773594c2.wixmp.com/intermediary/f/9ad8fbc8-aee8-4e92-a04b-6abf7a036a51/dcup5hy-6a6ae809-ae82-4d31-b045-4df9d6ff30d9.jpg/v1/fit/w_150,h_150,q_70,strp/ban_seven_deadly_sin_by_sakimichan_dcup5hy-150.jpg&quot; data-src=&quot;https://images-wixmp-ed30a86b8c4ca887773594c2.wixmp.com/intermediary/f/9ad8fbc8-aee8-4e92-a04b-6abf7a036a51/dcup5hy-6a6ae809-ae82-4d31-b045-4df9d6ff30d9.jpg/v1/fit/w_150,h_150,q_70,strp/ban_seven_deadly_sin_by_sakimichan_dcup5hy-150.jpg&quot; srcset=&quot;https://images-wixmp-ed30a86b8c4ca887773594c2.wixmp.com/intermediary/f/9ad8fbc8-aee8-4e92-a04b-6abf7a036a51/dcup5hy-6a6ae809-ae82-4d31-b045-4df9d6ff30d9.jpg/v1/fit/w_150,h_150,q_70,strp/ban_seven_deadly_sin_by_sakimichan_dcup5hy-150.jpg 103w,https://images-wixmp-ed30a86b8c4ca887773594c2.wixmp.com/intermediary/f/9ad8fbc8-aee8-4e92-a04b-6abf7a036a51/dcup5hy-6a6ae809-ae82-4d31-b045-4df9d6ff30d9.jpg/v1/fill/w_171,h_250,q_70,strp/ban_seven_deadly_sin_by_sakimichan_dcup5hy-250t.jpg 171w,https://images-wixmp-ed30a86b8c4ca887773594c2.wixmp.com/intermediary/f/9ad8fbc8-aee8-4e92-a04b-6abf7a036a51/dcup5hy-6a6ae809-ae82-4d31-b045-4df9d6ff30d9.jpg/v1/crop/w_239,h_350,x_0,y_0,scl_0.35087719298246,q_70,strp/ban_seven_deadly_sin_by_sakimichan_dcup5hy-350t.jpg 239w,https://images-wixmp-ed30a86b8c4ca887773594c2.wixmp.com/intermediary/f/9ad8fbc8-aee8-4e92-a04b-6abf7a036a51/dcup5hy-6a6ae809-ae82-4d31-b045-4df9d6ff30d9.jpg/v1/crop/w_274,h_400,x_0,y_0,scl_0.40058479532164,q_70,strp/ban_seven_deadly_sin_by_sakimichan_dcup5hy-400t.jpg 274w,https://images-wixmp-ed30a86b8c4ca887773594c2.wixmp.com/intermediary/f/9ad8fbc8-aee8-4e92-a04b-6abf7a036a51/dcup5hy-6a6ae809-ae82-4d31-b045-4df9d6ff30d9.jpg 684w&quot; sizes=&quot;103px&quot;&gt;&lt;/a&gt;&lt;/span&gt;&lt;!-- ^TTT --&gt;&lt;!-- TTT$ --&gt;&lt;/span&gt;&lt;span class=&quot;shadow-holder&quot; data-embed-type=&quot;deviation&quot; data-embed-id=&quot;777811856&quot; data-embed-format=&quot;thumb&quot;&gt;&lt;span class=&quot;shadow mild&quot; &gt;&lt;a class=&quot;thumb&quot; href=&quot;https://www.deviantart.com/sakimichan/art/Older-Uraraka-pinup-777811856&quot; title=&quot;Older Uraraka pinup by sakimichan, Dec 23, 2018 in Fan Art &amp;gt; Digital Art &amp;gt; Drawings &amp;gt; Movies &amp;amp; TV&quot;data-super-img=&quot;https://images-wixmp-ed30a86b8c4ca887773594c2.wixmp.com/intermediary/f/9ad8fbc8-aee8-4e92-a04b-6abf7a036a51/dcv37gw-5cd7b2bc-576d-4d45-aced-3af042840833.jpg&quot; data-super-width=&quot;684&quot; data-super-height=&quot;1000&quot; data-super-transparent=&quot;false&quot; data-super-alt=&quot;Older Uraraka pinup by sakimichan&quot; data-super-full-img=&quot;https://images-wixmp-ed30a86b8c4ca887773594c2.wixmp.com/intermediary/f/9ad8fbc8-aee8-4e92-a04b-6abf7a036a51/dcv37gw-5cd7b2bc-576d-4d45-aced-3af042840833.jpg&quot; data-super-full-width=&quot;684&quot; data-super-full-height=&quot;1000&quot;        data-sigil=&quot;thumb&quot;&gt;
        &lt;i&gt;&lt;/i&gt;&lt;img   width=&quot;103&quot; height=&quot;150&quot; alt=&quot;Older Uraraka pinup by sakimichan&quot; src=&quot;https://images-wixmp-ed30a86b8c4ca887773594c2.wixmp.com/intermediary/f/9ad8fbc8-aee8-4e92-a04b-6abf7a036a51/dcv37gw-5cd7b2bc-576d-4d45-aced-3af042840833.jpg/v1/fit/w_150,h_150,q_70,strp/older_uraraka_pinup_by_sakimichan_dcv37gw-150.jpg&quot; data-src=&quot;https://images-wixmp-ed30a86b8c4ca887773594c2.wixmp.com/intermediary/f/9ad8fbc8-aee8-4e92-a04b-6abf7a036a51/dcv37gw-5cd7b2bc-576d-4d45-aced-3af042840833.jpg/v1/fit/w_150,h_150,q_70,strp/older_uraraka_pinup_by_sakimichan_dcv37gw-150.jpg&quot; srcset=&quot;https://images-wixmp-ed30a86b8c4ca887773594c2.wixmp.com/intermediary/f/9ad8fbc8-aee8-4e92-a04b-6abf7a036a51/dcv37gw-5cd7b2bc-576d-4d45-aced-3af042840833.jpg/v1/fit/w_150,h_150,q_70,strp/older_uraraka_pinup_by_sakimichan_dcv37gw-150.jpg 103w,https://images-wixmp-ed30a86b8c4ca887773594c2.wixmp.com/intermediary/f/9ad8fbc8-aee8-4e92-a04b-6abf7a036a51/dcv37gw-5cd7b2bc-576d-4d45-aced-3af042840833.jpg/v1/fill/w_171,h_250,q_70,strp/older_uraraka_pinup_by_sakimichan_dcv37gw-250t.jpg 171w,https://images-wixmp-ed30a86b8c4ca887773594c2.wixmp.com/intermediary/f/9ad8fbc8-aee8-4e92-a04b-6abf7a036a51/dcv37gw-5cd7b2bc-576d-4d45-aced-3af042840833.jpg/v1/crop/w_239,h_350,x_0,y_0,scl_0.35087719298246,q_70,strp/older_uraraka_pinup_by_sakimichan_dcv37gw-350t.jpg 239w,https://images-wixmp-ed30a86b8c4ca887773594c2.wixmp.com/intermediary/f/9ad8fbc8-aee8-4e92-a04b-6abf7a036a51/dcv37gw-5cd7b2bc-576d-4d45-aced-3af042840833.jpg/v1/crop/w_274,h_400,x_0,y_0,scl_0.40058479532164,q_70,strp/older_uraraka_pinup_by_sakimichan_dcv37gw-400t.jpg 274w,https://images-wixmp-ed30a86b8c4ca887773594c2.wixmp.com/intermediary/f/9ad8fbc8-aee8-4e92-a04b-6abf7a036a51/dcv37gw-5cd7b2bc-576d-4d45-aced-3af042840833.jpg 684w&quot; sizes=&quot;103px&quot;&gt;&lt;/a&gt;&lt;/span&gt;&lt;!-- ^TTT --&gt;&lt;!-- TTT$ --&gt;&lt;/span&gt;&lt;span class=&quot;shadow-holder&quot; data-embed-type=&quot;deviation&quot; data-embed-id=&quot;778098569&quot; data-embed-format=&quot;thumb&quot;&gt;&lt;span class=&quot;shadow mild&quot; &gt;&lt;a class=&quot;thumb&quot; href=&quot;https://www.deviantart.com/sakimichan/art/Holiday-Camilla-pinup-happy-holidays-778098569&quot; title=&quot;Holiday Camilla pinup, happy holidays ! by sakimichan, Dec 25, 2018 in Fan Art &amp;gt; Digital Art &amp;gt; Drawings &amp;gt; Games&quot;data-super-img=&quot;https://images-wixmp-ed30a86b8c4ca887773594c2.wixmp.com/intermediary/f/9ad8fbc8-aee8-4e92-a04b-6abf7a036a51/dcv9cp5-ffd8a7ce-9d10-47c1-a415-90c25fc4ec93.jpg&quot; data-super-width=&quot;684&quot; data-super-height=&quot;1000&quot; data-super-transparent=&quot;false&quot; data-super-alt=&quot;Holiday Camilla pinup, happy holidays ! by sakimichan&quot; data-super-full-img=&quot;https://images-wixmp-ed30a86b8c4ca887773594c2.wixmp.com/intermediary/f/9ad8fbc8-aee8-4e92-a04b-6abf7a036a51/dcv9cp5-ffd8a7ce-9d10-47c1-a415-90c25fc4ec93.jpg&quot; data-super-full-width=&quot;684&quot; data-super-full-height=&quot;1000&quot;        data-sigil=&quot;thumb&quot;&gt;
        &lt;i&gt;&lt;/i&gt;&lt;img   width=&quot;103&quot; height=&quot;150&quot; alt=&quot;Holiday Camilla pinup, happy holidays ! by sakimichan&quot; src=&quot;https://images-wixmp-ed30a86b8c4ca887773594c2.wixmp.com/intermediary/f/9ad8fbc8-aee8-4e92-a04b-6abf7a036a51/dcv9cp5-ffd8a7ce-9d10-47c1-a415-90c25fc4ec93.jpg/v1/fit/w_150,h_150,q_70,strp/holiday_camilla_pinup__happy_holidays___by_sakimichan_dcv9cp5-150.jpg&quot; data-src=&quot;https://images-wixmp-ed30a86b8c4ca887773594c2.wixmp.com/intermediary/f/9ad8fbc8-aee8-4e92-a04b-6abf7a036a51/dcv9cp5-ffd8a7ce-9d10-47c1-a415-90c25fc4ec93.jpg/v1/fit/w_150,h_150,q_70,strp/holiday_camilla_pinup__happy_holidays___by_sakimichan_dcv9cp5-150.jpg&quot; srcset=&quot;https://images-wixmp-ed30a86b8c4ca887773594c2.wixmp.com/intermediary/f/9ad8fbc8-aee8-4e92-a04b-6abf7a036a51/dcv9cp5-ffd8a7ce-9d10-47c1-a415-90c25fc4ec93.jpg/v1/fit/w_150,h_150,q_70,strp/holiday_camilla_pinup__happy_holidays___by_sakimichan_dcv9cp5-150.jpg 103w,https://images-wixmp-ed30a86b8c4ca887773594c2.wixmp.com/intermediary/f/9ad8fbc8-aee8-4e92-a04b-6abf7a036a51/dcv9cp5-ffd8a7ce-9d10-47c1-a415-90c25fc4ec93.jpg/v1/fill/w_171,h_250,q_70,strp/holiday_camilla_pinup__happy_holidays___by_sakimichan_dcv9cp5-250t.jpg 171w,https://images-wixmp-ed30a86b8c4ca887773594c2.wixmp.com/intermediary/f/9ad8fbc8-aee8-4e92-a04b-6abf7a036a51/dcv9cp5-ffd8a7ce-9d10-47c1-a415-90c25fc4ec93.jpg/v1/crop/w_239,h_350,x_0,y_0,scl_0.35087719298246,q_70,strp/holiday_camilla_pinup__happy_holidays___by_sakimichan_dcv9cp5-350t.jpg 239w,https://images-wixmp-ed30a86b8c4ca887773594c2.wixmp.com/intermediary/f/9ad8fbc8-aee8-4e92-a04b-6abf7a036a51/dcv9cp5-ffd8a7ce-9d10-47c1-a415-90c25fc4ec93.jpg/v1/crop/w_274,h_400,x_0,y_0,scl_0.40058479532164,q_70,strp/holiday_camilla_pinup__happy_holidays___by_sakimichan_dcv9cp5-400t.jpg 274w,https://images-wixmp-ed30a86b8c4ca887773594c2.wixmp.com/intermediary/f/9ad8fbc8-aee8-4e92-a04b-6abf7a036a51/dcv9cp5-ffd8a7ce-9d10-47c1-a415-90c25fc4ec93.jpg 684w&quot; sizes=&quot;103px&quot;&gt;&lt;/a&gt;&lt;/span&gt;&lt;!-- ^TTT --&gt;&lt;!-- TTT$ --&gt;&lt;/span&gt;&lt;br /&gt;&lt;br /&gt;&lt;br /&gt;&lt;a href=&quot;https://sakimichan.deviantart.com/journal/Patreon-Rewards-Archive-498302321&quot;&gt;reward archive&amp;nbsp;&lt;/a&gt;( see what rewards you can get by helping support me !)&lt;br /&gt;Thank you for your interest!&lt;br /&gt;&lt;br /&gt;used: photoshop CS6&lt;/div&gt;&lt;/div&gt;&lt;/div&gt;&lt;br /&gt;&lt;div&gt;&lt;img src=&quot;https://t00.deviantart.net/QlYTM-LkWFsjFK1bfF8l4j3G-bQ=/300x200/filters:fixed_height(100,100):origin()/pre00/3491/th/pre/f/2019/049/e/7/older_sora__by_sakimichan-dd04bgr.jpg&quot; alt=&quot;thumbnail&quot; /&gt;&lt;/div&gt;</description>            </item>
                    <item>
                <title>Daily Paint 2281. Stargrazing</title>
                <link>https://cryptid-creations.deviantart.com/art/Daily-Paint-2281-Stargrazing-786270174</link>
                <guid isPermaLink="true">https://cryptid-creations.deviantart.com/art/Daily-Paint-2281-Stargrazing-786270174</guid>
                <pubDate>Mon, 18 Feb 2019 20:00:03 PST</pubDate>
                        <media:title type="plain">Daily Paint 2281. Stargrazing</media:title>
        <media:keywords></media:keywords>
                        <media:rating>nonadult</media:rating>
                <media:category label="Animals">digitalart/paintings/animals</media:category>
        <media:credit role="author" scheme="urn:ebu">Cryptid-Creations</media:credit>
        <media:credit role="author" scheme="urn:ebu">https://a.deviantart.net/avatars/c/r/cryptid-creations.png?4</media:credit>
        <media:copyright url="https://cryptid-creations.deviantart.com">Copyright 2019 Cryptid-Creations</media:copyright>            <media:description type="html">&lt;b&gt;&lt;/b&gt;&lt;b&gt;&lt;/b&gt;&lt;b&gt;&lt;/b&gt;&lt;b&gt;&lt;/b&gt;&lt;b&gt;&lt;/b&gt;&lt;b&gt;&lt;/b&gt;&lt;b&gt;&lt;/b&gt;&lt;b&gt;&lt;/b&gt;&lt;b&gt;&lt;/b&gt;&lt;b&gt;&lt;/b&gt;&lt;b&gt;&lt;/b&gt;&lt;b&gt;&lt;/b&gt;&lt;b&gt;&lt;/b&gt;&lt;b&gt;&lt;/b&gt;&lt;b&gt;&lt;/b&gt;&lt;b&gt;&lt;/b&gt;&lt;b&gt;&lt;/b&gt;&lt;b&gt;&lt;/b&gt;&lt;b&gt;&lt;/b&gt;&lt;b&gt;&lt;/b&gt;&lt;b&gt;&lt;/b&gt;&lt;b&gt;&lt;/b&gt;&lt;b&gt;&lt;/b&gt;&lt;b&gt;&lt;/b&gt;&lt;b&gt;&lt;/b&gt;&lt;b&gt;&lt;/b&gt;&lt;b&gt;&lt;/b&gt;&lt;b&gt;&lt;/b&gt;&lt;b&gt;&lt;/b&gt;&lt;b&gt;&lt;/b&gt;&lt;b&gt;&lt;/b&gt;&lt;b&gt;&lt;/b&gt;&lt;b&gt;&lt;/b&gt;&lt;b&gt;&lt;/b&gt;&lt;b&gt;&lt;/b&gt;&lt;b&gt;&lt;/b&gt;&lt;b&gt;&lt;/b&gt;&lt;b&gt;&lt;/b&gt;&lt;b&gt;&lt;/b&gt;&lt;b&gt;&lt;/b&gt;&lt;b&gt;&lt;/b&gt;&lt;b&gt;&lt;/b&gt;&lt;b&gt;&lt;/b&gt;&lt;b&gt;&lt;/b&gt;&lt;b&gt;&lt;/b&gt;&lt;b&gt;&lt;/b&gt;&lt;b&gt;&lt;/b&gt;&lt;b&gt;&lt;/b&gt;&lt;b&gt;&lt;/b&gt;&lt;b&gt;&lt;/b&gt;&lt;b&gt;&lt;/b&gt;&lt;b&gt;&lt;/b&gt;&lt;b&gt;&lt;/b&gt;&lt;b&gt;&lt;/b&gt;&lt;b&gt;&lt;/b&gt;&lt;b&gt;&lt;/b&gt;&lt;b&gt;&lt;/b&gt;&lt;b&gt;&lt;/b&gt;&lt;b&gt;&lt;/b&gt;&lt;b&gt;&lt;/b&gt;&lt;b&gt;&lt;/b&gt;&lt;b&gt;&lt;/b&gt;&lt;b&gt;&lt;/b&gt;&lt;b&gt;&lt;/b&gt;&lt;b&gt;&lt;/b&gt;&lt;b&gt;&lt;/b&gt;&lt;b&gt;&lt;/b&gt;&lt;b&gt;&lt;/b&gt;&lt;b&gt;&lt;/b&gt;&lt;b&gt;&lt;/b&gt;&lt;b&gt;&lt;/b&gt;&lt;b&gt;&lt;/b&gt;&lt;b&gt;&lt;/b&gt;&lt;b&gt;&lt;/b&gt;&lt;b&gt;&lt;/b&gt;&lt;b&gt;&lt;/b&gt;&lt;b&gt;&lt;/b&gt;&lt;b&gt;&lt;/b&gt;&lt;b&gt;&lt;/b&gt;&lt;b&gt;&lt;br /&gt;&lt;a class=&quot;external&quot; href=&quot;https://www.deviantart.com/users/outgoing?http://forgepublishing.com/shop/&quot;&gt;ForgePublishing.com/shop&lt;/a&gt;&lt;br /&gt;&lt;br /&gt;&lt;br /&gt;.&lt;img src=&quot;https://e.deviantart.net/emoticons/b/bulletgreen.gif&quot; width=&quot;10&quot; height=&quot;10&quot; alt=&quot;:bulletgreen:&quot; data-embed-type=&quot;emoticon&quot; data-embed-id=&quot;209&quot; title=&quot;Bullet; Green&quot;/&gt; &lt;b&gt;A big thanks to my Patrons for supporting my work! &lt;img src=&quot;https://e.deviantart.net/emoticons/s/smile.gif&quot; width=&quot;15&quot; height=&quot;15&quot; alt=&quot;:)&quot; data-embed-type=&quot;emoticon&quot; data-embed-id=&quot;391&quot; title=&quot;:) (Smile)&quot;/&gt; For time-lapses, WIP&#039;s and other goodies ---please check out my Patreon.&lt;/b&gt;&lt;b&gt;&lt;/b&gt;&lt;b&gt;&lt;/b&gt;&lt;b&gt;&lt;/b&gt;&lt;b&gt;&lt;/b&gt;&lt;b&gt;&lt;/b&gt;&lt;b&gt;&lt;/b&gt;&lt;b&gt;&lt;/b&gt;&lt;b&gt;&lt;/b&gt;&lt;b&gt;&lt;/b&gt;&lt;b&gt;&lt;/b&gt;&lt;b&gt;&lt;/b&gt;&lt;b&gt;&lt;/b&gt;&lt;b&gt;&lt;/b&gt;&lt;b&gt;&lt;/b&gt;&lt;b&gt;&lt;/b&gt;&lt;b&gt;&lt;/b&gt;&lt;b&gt;&lt;/b&gt;&lt;b&gt;&lt;/b&gt;&lt;b&gt;&lt;/b&gt;&lt;b&gt;&lt;/b&gt;&lt;b&gt;&lt;/b&gt;&lt;b&gt;&lt;/b&gt;&lt;b&gt;&lt;/b&gt;&lt;b&gt;&lt;/b&gt;&lt;b&gt;&lt;/b&gt;&lt;b&gt;&lt;/b&gt;&lt;b&gt;&lt;/b&gt;&lt;b&gt;&lt;/b&gt;&lt;b&gt;&lt;/b&gt;&lt;b&gt;&lt;/b&gt;&lt;b&gt;&lt;/b&gt;&lt;b&gt;&lt;/b&gt;&lt;b&gt;&lt;/b&gt;&lt;b&gt;&lt;/b&gt;&lt;b&gt;&lt;/b&gt;&lt;b&gt;&lt;/b&gt;&lt;b&gt;&lt;/b&gt;&lt;b&gt;&lt;/b&gt;&lt;b&gt;&lt;/b&gt;&lt;b&gt;&lt;/b&gt;&lt;b&gt;&lt;/b&gt;&lt;b&gt;&lt;/b&gt;&lt;b&gt;&lt;/b&gt;&lt;b&gt;&lt;/b&gt;&lt;b&gt;&lt;/b&gt;&lt;b&gt;&lt;/b&gt;&lt;b&gt;&lt;/b&gt;&lt;b&gt;&lt;/b&gt;&lt;b&gt;&lt;/b&gt;&lt;b&gt;&lt;/b&gt;&lt;b&gt;&lt;/b&gt;&lt;b&gt;&lt;/b&gt;&lt;b&gt;&lt;/b&gt;&lt;b&gt;&lt;/b&gt;&lt;b&gt;&lt;/b&gt;&lt;b&gt;&lt;/b&gt;&lt;b&gt;&lt;/b&gt;&lt;b&gt;&lt;/b&gt;&lt;b&gt;&lt;/b&gt;&lt;b&gt;&lt;/b&gt;&lt;b&gt;&lt;/b&gt;&lt;b&gt;&lt;/b&gt;&lt;b&gt;&lt;/b&gt;&lt;b&gt;&lt;/b&gt;&lt;b&gt;&lt;/b&gt;&lt;b&gt;&lt;/b&gt;&lt;b&gt;&lt;/b&gt;&lt;b&gt;&lt;/b&gt;&lt;b&gt;&lt;/b&gt;&lt;b&gt;&lt;/b&gt;&lt;b&gt;&lt;/b&gt;&lt;b&gt;&lt;/b&gt;&lt;b&gt;&lt;/b&gt;&lt;b&gt;&lt;/b&gt;&lt;b&gt;&lt;/b&gt;&lt;b&gt;&lt;/b&gt;&lt;b&gt;&lt;/b&gt;&lt;b&gt;&lt;/b&gt;&lt;b&gt;&lt;/b&gt;&lt;b&gt;&lt;/b&gt;&lt;b&gt;&lt;/b&gt;&lt;b&gt;&lt;/b&gt;&lt;b&gt;&lt;/b&gt;&lt;b&gt;&lt;/b&gt;&lt;b&gt;&lt;/b&gt;&lt;b&gt;&lt;/b&gt;&lt;b&gt;&lt;/b&gt;&lt;b&gt;&lt;/b&gt;&lt;b&gt;&lt;/b&gt;&lt;b&gt;&lt;/b&gt;&lt;b&gt;&lt;/b&gt;&lt;b&gt;&lt;/b&gt;&lt;b&gt;&lt;/b&gt;&lt;b&gt;&lt;/b&gt;&lt;b&gt;&lt;/b&gt;&lt;b&gt;&lt;/b&gt;&lt;b&gt;&lt;/b&gt;&lt;b&gt;&lt;/b&gt;&lt;b&gt;&lt;/b&gt;&lt;b&gt;&lt;/b&gt;&lt;b&gt;&lt;/b&gt;&lt;b&gt;&lt;/b&gt;&lt;b&gt;&lt;/b&gt;&lt;b&gt;&lt;/b&gt;&lt;b&gt;&lt;/b&gt;&lt;b&gt;&lt;/b&gt;&lt;b&gt;&lt;/b&gt;&lt;b&gt;&lt;/b&gt;&lt;b&gt;&lt;/b&gt;&lt;b&gt;&lt;/b&gt;&lt;b&gt;&lt;/b&gt;&lt;b&gt;&lt;/b&gt;&lt;b&gt;&lt;/b&gt;&lt;b&gt;&lt;/b&gt;&lt;b&gt;&lt;/b&gt;&lt;b&gt;&lt;/b&gt;&lt;b&gt;&lt;/b&gt;&lt;b&gt;&lt;/b&gt;&lt;b&gt;&lt;/b&gt;&lt;b&gt;&lt;/b&gt;&lt;b&gt;&lt;/b&gt;&lt;b&gt;&lt;/b&gt;&lt;b&gt;&lt;/b&gt;&lt;b&gt;&lt;/b&gt;&lt;b&gt;&lt;/b&gt;&lt;b&gt;&lt;/b&gt;&lt;b&gt;&lt;/b&gt;&lt;b&gt;&lt;/b&gt;&lt;b&gt;&lt;/b&gt;&lt;b&gt;&lt;/b&gt;&lt;b&gt;&lt;/b&gt;&lt;b&gt;&lt;/b&gt;&lt;b&gt;&lt;/b&gt;&lt;b&gt;&lt;/b&gt;&lt;b&gt;&lt;/b&gt;&lt;b&gt;&lt;/b&gt;&lt;b&gt;&lt;/b&gt;&lt;b&gt;&lt;/b&gt;&lt;b&gt;&lt;/b&gt;&lt;b&gt;&lt;/b&gt;&lt;b&gt;&lt;/b&gt;&lt;b&gt;&lt;/b&gt;&lt;b&gt;&lt;/b&gt;&lt;b&gt;&lt;/b&gt;&lt;b&gt;&lt;/b&gt;&lt;b&gt;&lt;/b&gt;&lt;b&gt;&lt;/b&gt;&lt;b&gt;&lt;/b&gt;&lt;b&gt;&lt;/b&gt;&lt;b&gt;&lt;/b&gt;&lt;b&gt;&lt;/b&gt;&lt;b&gt;&lt;/b&gt;&lt;b&gt;&lt;/b&gt;&lt;b&gt;&lt;/b&gt;&lt;b&gt;&lt;/b&gt;&lt;b&gt;&lt;/b&gt;&lt;b&gt;&lt;/b&gt;&lt;b&gt;&lt;/b&gt;&lt;b&gt;&lt;/b&gt;&lt;b&gt;&lt;/b&gt;&lt;b&gt;&lt;/b&gt;&lt;b&gt;&lt;/b&gt;&lt;b&gt;&lt;/b&gt;&lt;b&gt;&lt;/b&gt;&lt;b&gt;&lt;/b&gt;&lt;b&gt;&lt;/b&gt;&lt;b&gt;&lt;/b&gt;&lt;b&gt;&lt;/b&gt;&lt;b&gt;&lt;/b&gt;&lt;b&gt;&lt;/b&gt;&lt;b&gt;&lt;/b&gt;&lt;b&gt;&lt;/b&gt;&lt;b&gt;&lt;/b&gt;&lt;b&gt;&lt;/b&gt;&lt;b&gt;&lt;/b&gt;&lt;b&gt;&lt;/b&gt;&lt;b&gt;&lt;/b&gt;&lt;b&gt;&lt;/b&gt;&lt;b&gt;&lt;/b&gt;&lt;b&gt;&lt;/b&gt;&lt;b&gt;&lt;/b&gt;&lt;b&gt;&lt;/b&gt;&lt;b&gt;&lt;/b&gt;&lt;b&gt;&lt;/b&gt;&lt;b&gt;&lt;/b&gt;&lt;b&gt;&lt;/b&gt;&lt;b&gt;&lt;/b&gt;&lt;b&gt;&lt;/b&gt;&lt;b&gt;&lt;/b&gt;&lt;b&gt;&lt;/b&gt;&lt;b&gt;&lt;/b&gt;&lt;b&gt;&lt;/b&gt;&lt;b&gt;&lt;/b&gt;&lt;b&gt;&lt;/b&gt;&lt;b&gt;&lt;/b&gt;&lt;b&gt;&lt;/b&gt;&lt;b&gt;&lt;/b&gt;&lt;b&gt;&lt;/b&gt;&lt;b&gt;&lt;/b&gt;&lt;b&gt;&lt;/b&gt;&lt;b&gt;&lt;/b&gt;&lt;b&gt;&lt;/b&gt;&lt;b&gt;&lt;/b&gt;&lt;b&gt;&lt;/b&gt;&lt;b&gt;&lt;/b&gt;&lt;b&gt;&lt;/b&gt;&lt;b&gt;&lt;/b&gt;&lt;b&gt;&lt;/b&gt;&lt;b&gt;&lt;/b&gt;&lt;b&gt;&lt;/b&gt;&lt;b&gt;&lt;/b&gt;&lt;b&gt;&lt;/b&gt;&lt;b&gt;&lt;/b&gt;&lt;b&gt;&lt;/b&gt;&lt;b&gt;&lt;/b&gt;&lt;b&gt;&lt;/b&gt;&lt;b&gt;&lt;/b&gt;&lt;b&gt;&lt;/b&gt;&lt;b&gt;&lt;/b&gt;&lt;b&gt;&lt;/b&gt;&lt;b&gt;&lt;/b&gt;&lt;b&gt;&lt;/b&gt;&lt;b&gt;&lt;/b&gt;&lt;b&gt;&lt;/b&gt;&lt;b&gt;&lt;/b&gt;&lt;b&gt;&lt;/b&gt;&lt;b&gt;&lt;/b&gt;&lt;b&gt;&lt;/b&gt;&lt;b&gt;&lt;/b&gt;&lt;b&gt;&lt;/b&gt;&lt;b&gt;&lt;/b&gt;&lt;b&gt;&lt;/b&gt;&lt;b&gt;&lt;/b&gt;&lt;b&gt;&lt;/b&gt;&lt;b&gt;&lt;/b&gt;&lt;b&gt;&lt;/b&gt;&lt;b&gt;&lt;/b&gt;&lt;b&gt;&lt;/b&gt;&lt;b&gt;&lt;/b&gt;&lt;b&gt;&lt;/b&gt;&lt;b&gt;&lt;/b&gt;&lt;b&gt;&lt;/b&gt;&lt;b&gt;&lt;/b&gt;&lt;b&gt;&lt;/b&gt;&lt;b&gt;&lt;/b&gt;&lt;b&gt;&lt;/b&gt;&lt;b&gt;&lt;/b&gt;&lt;b&gt;&lt;/b&gt;&lt;b&gt;&lt;/b&gt;&lt;b&gt;&lt;/b&gt;&lt;b&gt;&lt;/b&gt;&lt;b&gt;&lt;/b&gt;&lt;b&gt;&lt;/b&gt;&lt;b&gt;&lt;/b&gt;&lt;b&gt;&lt;/b&gt;&lt;b&gt;&lt;/b&gt;&lt;b&gt;&lt;/b&gt;&lt;b&gt;&lt;/b&gt;&lt;b&gt;&lt;/b&gt;&lt;b&gt;&lt;/b&gt;&lt;b&gt;&lt;/b&gt;&lt;b&gt;&lt;/b&gt;&lt;b&gt;&lt;/b&gt;&lt;b&gt;&lt;/b&gt;&lt;b&gt;&lt;/b&gt;&lt;b&gt;&lt;/b&gt;&lt;b&gt;&lt;/b&gt;&lt;b&gt;&lt;/b&gt;&lt;b&gt;&lt;/b&gt;&lt;b&gt;&lt;/b&gt;&lt;b&gt;&lt;/b&gt;&lt;b&gt;&lt;/b&gt;&lt;b&gt;&lt;/b&gt;&lt;b&gt;&lt;/b&gt;&lt;b&gt;&lt;/b&gt;&lt;b&gt;&lt;/b&gt;&lt;b&gt;&lt;/b&gt;&lt;b&gt;&lt;/b&gt;&lt;b&gt;&lt;/b&gt;&lt;b&gt;&lt;/b&gt;&lt;b&gt;&lt;/b&gt;&lt;b&gt;&lt;/b&gt;&lt;b&gt;&lt;/b&gt;&lt;b&gt;&lt;/b&gt;&lt;b&gt;&lt;/b&gt;&lt;b&gt;&lt;/b&gt;&lt;b&gt;&lt;/b&gt;&lt;b&gt;&lt;/b&gt;&lt;b&gt;&lt;/b&gt;&lt;b&gt;&lt;/b&gt;&lt;b&gt;&lt;/b&gt;&lt;b&gt;&lt;/b&gt;&lt;b&gt;&lt;/b&gt;&lt;b&gt;&lt;/b&gt;&lt;b&gt;&lt;/b&gt;&lt;b&gt;&lt;/b&gt;&lt;b&gt;&lt;/b&gt;&lt;b&gt;&lt;/b&gt;&lt;b&gt;&lt;/b&gt;&lt;b&gt;&lt;/b&gt;&lt;b&gt;&lt;/b&gt;&lt;b&gt;&lt;/b&gt;&lt;b&gt;&lt;/b&gt;&lt;b&gt;&lt;/b&gt;&lt;b&gt;&lt;/b&gt;&lt;b&gt;&lt;/b&gt;&lt;b&gt;&lt;/b&gt;&lt;b&gt;&lt;/b&gt;&lt;b&gt;&lt;/b&gt;&lt;b&gt;&lt;/b&gt;&lt;b&gt;&lt;/b&gt;&lt;b&gt;&lt;/b&gt;&lt;b&gt;&lt;/b&gt;&lt;b&gt;&lt;/b&gt;&lt;b&gt;&lt;/b&gt;&lt;b&gt;&lt;/b&gt;&lt;b&gt;&lt;/b&gt;&lt;b&gt;&lt;/b&gt;&lt;b&gt;&lt;/b&gt;&lt;b&gt;&lt;/b&gt;&lt;b&gt;&lt;/b&gt;&lt;b&gt;&lt;/b&gt;&lt;b&gt;&lt;/b&gt;&lt;b&gt;&lt;/b&gt;&lt;b&gt;&lt;/b&gt;&lt;b&gt;&lt;/b&gt;&lt;b&gt;&lt;/b&gt;&lt;b&gt;&lt;/b&gt;&lt;b&gt;&lt;/b&gt;&lt;b&gt;&lt;/b&gt;&lt;b&gt;&lt;/b&gt;&lt;b&gt;&lt;/b&gt;&lt;b&gt;&lt;/b&gt;&lt;b&gt;&lt;/b&gt;&lt;b&gt;&lt;/b&gt;&lt;b&gt;&lt;/b&gt;&lt;b&gt;&lt;/b&gt;&lt;b&gt;&lt;/b&gt;&lt;b&gt;&lt;/b&gt;&lt;b&gt;&lt;/b&gt;&lt;b&gt;&lt;/b&gt;&lt;b&gt;&lt;/b&gt;&lt;b&gt;&lt;/b&gt;&lt;b&gt;&lt;/b&gt;&lt;b&gt;&lt;/b&gt;&lt;b&gt;&lt;/b&gt;&lt;b&gt;&lt;/b&gt;&lt;b&gt;&lt;/b&gt;&lt;b&gt;&lt;/b&gt;&lt;b&gt;&lt;/b&gt;&lt;b&gt;&lt;/b&gt;&lt;b&gt;&lt;/b&gt;&lt;b&gt;&lt;/b&gt;&lt;b&gt;&lt;/b&gt;&lt;b&gt;&lt;/b&gt;&lt;b&gt;&lt;/b&gt;&lt;b&gt;&lt;/b&gt;&lt;b&gt;&lt;/b&gt;&lt;b&gt;&lt;/b&gt;&lt;b&gt;&lt;/b&gt;&lt;b&gt;&lt;/b&gt;&lt;b&gt;&lt;/b&gt;&lt;b&gt;&lt;/b&gt;&lt;b&gt;&lt;/b&gt;&lt;b&gt;&lt;/b&gt;&lt;b&gt;&lt;/b&gt;&lt;b&gt;&lt;/b&gt;&lt;b&gt;&lt;/b&gt;&lt;b&gt;&lt;/b&gt;&lt;b&gt;&lt;/b&gt;&lt;b&gt;&lt;/b&gt;&lt;b&gt;&lt;/b&gt;&lt;b&gt;&lt;/b&gt;&lt;b&gt;&lt;/b&gt;&lt;b&gt;&lt;/b&gt;&lt;b&gt;&lt;/b&gt;&lt;b&gt;&lt;/b&gt;&lt;b&gt;&lt;/b&gt;&lt;b&gt;&lt;/b&gt;&lt;b&gt;&lt;/b&gt;&lt;b&gt;&lt;/b&gt;&lt;b&gt;&lt;/b&gt;&lt;b&gt;&lt;/b&gt;&lt;b&gt;&lt;/b&gt;&lt;b&gt;&lt;/b&gt;&lt;b&gt;&lt;/b&gt;&lt;b&gt;&lt;/b&gt;&lt;b&gt;&lt;/b&gt;&lt;b&gt;&lt;/b&gt;&lt;b&gt;&lt;/b&gt;&lt;b&gt;&lt;/b&gt;&lt;b&gt;&lt;/b&gt;&lt;b&gt;&lt;/b&gt;&lt;b&gt;&lt;/b&gt;&lt;b&gt;&lt;/b&gt;&lt;b&gt;&lt;/b&gt;&lt;b&gt;&lt;/b&gt;&lt;b&gt;&lt;/b&gt;&lt;b&gt;&lt;/b&gt;&lt;b&gt;&lt;/b&gt;&lt;b&gt;&lt;/b&gt;&lt;b&gt;&lt;/b&gt;&lt;b&gt;&lt;/b&gt;&lt;b&gt;&lt;/b&gt;&lt;b&gt;&lt;/b&gt;&lt;b&gt;&lt;/b&gt;&lt;b&gt;&lt;/b&gt;&lt;b&gt;&lt;/b&gt;&lt;b&gt;&lt;/b&gt;&lt;b&gt;&lt;/b&gt;&lt;b&gt;&lt;/b&gt;&lt;b&gt;&lt;/b&gt;&lt;b&gt;&lt;/b&gt;&lt;b&gt;&lt;/b&gt;&lt;b&gt;&lt;/b&gt;&lt;b&gt;&lt;/b&gt;&lt;b&gt;&lt;/b&gt;&lt;b&gt;&lt;/b&gt;&lt;b&gt;&lt;/b&gt;&lt;b&gt;&lt;/b&gt;&lt;b&gt;&lt;/b&gt;&lt;b&gt;&lt;/b&gt;&lt;b&gt;&lt;/b&gt;&lt;b&gt;&lt;/b&gt;&lt;b&gt;&lt;/b&gt;&lt;b&gt;&lt;/b&gt;&lt;b&gt;&lt;/b&gt;&lt;b&gt;&lt;/b&gt;&lt;b&gt;&lt;/b&gt;&lt;b&gt;&lt;/b&gt;&lt;b&gt;&lt;/b&gt;&lt;b&gt;&lt;/b&gt;&lt;b&gt;&lt;/b&gt;&lt;b&gt;&lt;/b&gt;&lt;b&gt;&lt;/b&gt;&lt;b&gt;&lt;/b&gt;&lt;b&gt;&lt;/b&gt;&lt;b&gt;&lt;/b&gt;&lt;b&gt;&lt;/b&gt;&lt;b&gt;&lt;/b&gt;&lt;b&gt;&lt;/b&gt;&lt;b&gt;&lt;/b&gt;&lt;b&gt;&lt;/b&gt;&lt;b&gt;&lt;/b&gt;&lt;b&gt;&lt;/b&gt;&lt;b&gt;&lt;/b&gt;&lt;b&gt;&lt;/b&gt;&lt;b&gt;&lt;/b&gt;&lt;b&gt;&lt;/b&gt;&lt;b&gt;&lt;/b&gt;&lt;b&gt;&lt;/b&gt;&lt;b&gt;&lt;/b&gt;&lt;b&gt;&lt;/b&gt;&lt;b&gt;&lt;/b&gt;&lt;b&gt;&lt;/b&gt;&lt;b&gt;&lt;/b&gt;&lt;b&gt;&lt;/b&gt;&lt;b&gt;&lt;/b&gt;&lt;b&gt;&lt;/b&gt;&lt;b&gt;&lt;/b&gt;&lt;b&gt;&lt;/b&gt;&lt;b&gt;&lt;/b&gt;&lt;b&gt;&lt;/b&gt;&lt;b&gt;&lt;/b&gt;&lt;b&gt;&lt;/b&gt;&lt;b&gt;&lt;/b&gt;&lt;b&gt;&lt;/b&gt;&lt;b&gt;&lt;/b&gt;&lt;b&gt;&lt;/b&gt;&lt;b&gt;&lt;/b&gt;&lt;b&gt;&lt;/b&gt;&lt;b&gt;&lt;/b&gt;&lt;b&gt;&lt;/b&gt;&lt;b&gt;&lt;/b&gt;&lt;b&gt;&lt;/b&gt;&lt;b&gt;&lt;/b&gt;&lt;b&gt;&lt;/b&gt;&lt;b&gt;&lt;/b&gt;&lt;b&gt;&lt;/b&gt;&lt;b&gt;&lt;/b&gt;&lt;b&gt;&lt;/b&gt;&lt;b&gt;&lt;/b&gt;&lt;b&gt;&lt;/b&gt;&lt;b&gt;&lt;/b&gt;&lt;b&gt;&lt;/b&gt;&lt;b&gt;&lt;/b&gt;&lt;b&gt;&lt;br /&gt;&lt;a class=&quot;external&quot; href=&quot;https://www.deviantart.com/users/outgoing?https://www.patreon.com/user?u=457132&amp;amp;ty=c&quot;&gt;Patreon&lt;/a&gt;&lt;br /&gt;&lt;img src=&quot;https://e.deviantart.net/emoticons/b/bulletgreen.gif&quot; width=&quot;10&quot; height=&quot;10&quot; alt=&quot;:bulletgreen:&quot; data-embed-type=&quot;emoticon&quot; data-embed-id=&quot;209&quot; title=&quot;Bullet; Green&quot;/&gt; &lt;b&gt;Other sites to follow my work&lt;/b&gt;&lt;b&gt;&lt;/b&gt;&lt;b&gt;&lt;/b&gt;&lt;b&gt;&lt;/b&gt;&lt;b&gt;&lt;/b&gt;&lt;b&gt;&lt;/b&gt;&lt;b&gt;&lt;/b&gt;&lt;b&gt;&lt;/b&gt;&lt;b&gt;&lt;/b&gt;&lt;b&gt;&lt;/b&gt;&lt;b&gt;&lt;/b&gt;&lt;b&gt;&lt;/b&gt;&lt;b&gt;&lt;/b&gt;&lt;b&gt;&lt;/b&gt;&lt;b&gt;&lt;/b&gt;&lt;b&gt;&lt;/b&gt;&lt;b&gt;&lt;/b&gt;&lt;b&gt;&lt;/b&gt;&lt;b&gt;&lt;/b&gt;&lt;b&gt;&lt;/b&gt;&lt;b&gt;&lt;/b&gt;&lt;b&gt;&lt;/b&gt;&lt;b&gt;&lt;/b&gt;&lt;b&gt;&lt;/b&gt;&lt;b&gt;&lt;/b&gt;&lt;b&gt;&lt;/b&gt;&lt;b&gt;&lt;/b&gt;&lt;b&gt;&lt;/b&gt;&lt;b&gt;&lt;/b&gt;&lt;b&gt;&lt;/b&gt;&lt;b&gt;&lt;/b&gt;&lt;b&gt;&lt;/b&gt;&lt;b&gt;&lt;/b&gt;&lt;b&gt;&lt;/b&gt;&lt;b&gt;&lt;/b&gt;&lt;b&gt;&lt;/b&gt;&lt;b&gt;&lt;/b&gt;&lt;b&gt;&lt;/b&gt;&lt;b&gt;&lt;/b&gt;&lt;b&gt;&lt;/b&gt;&lt;b&gt;&lt;/b&gt;&lt;b&gt;&lt;/b&gt;&lt;b&gt;&lt;/b&gt;&lt;b&gt;&lt;/b&gt;&lt;b&gt;&lt;/b&gt;&lt;b&gt;&lt;/b&gt;&lt;b&gt;&lt;/b&gt;&lt;b&gt;&lt;/b&gt;&lt;b&gt;&lt;/b&gt;&lt;b&gt;&lt;/b&gt;&lt;b&gt;&lt;/b&gt;&lt;b&gt;&lt;/b&gt;&lt;b&gt;&lt;/b&gt;&lt;b&gt;&lt;/b&gt;&lt;b&gt;&lt;/b&gt;&lt;b&gt;&lt;/b&gt;&lt;b&gt;&lt;/b&gt;&lt;b&gt;&lt;/b&gt;&lt;b&gt;&lt;/b&gt;&lt;b&gt;&lt;/b&gt;&lt;b&gt;&lt;/b&gt;&lt;b&gt;&lt;/b&gt;&lt;b&gt;&lt;/b&gt;&lt;b&gt;&lt;/b&gt;&lt;b&gt;&lt;/b&gt;&lt;b&gt;&lt;/b&gt;&lt;b&gt;&lt;/b&gt;&lt;b&gt;&lt;/b&gt;&lt;b&gt;&lt;/b&gt;&lt;b&gt;&lt;/b&gt;&lt;b&gt;&lt;/b&gt;&lt;b&gt;&lt;/b&gt;&lt;b&gt;&lt;/b&gt;&lt;b&gt;&lt;/b&gt;&lt;b&gt;&lt;/b&gt;&lt;b&gt;&lt;/b&gt;&lt;b&gt;&lt;/b&gt;&lt;b&gt;&lt;/b&gt;&lt;b&gt;&lt;/b&gt;&lt;b&gt;&lt;/b&gt;&lt;b&gt;&lt;/b&gt;&lt;b&gt;&lt;/b&gt;&lt;b&gt;&lt;/b&gt;&lt;b&gt;&lt;/b&gt;&lt;b&gt;&lt;/b&gt;&lt;b&gt;&lt;/b&gt;&lt;b&gt;&lt;/b&gt;&lt;b&gt;&lt;/b&gt;&lt;b&gt;&lt;/b&gt;&lt;b&gt;&lt;/b&gt;&lt;b&gt;&lt;/b&gt;&lt;b&gt;&lt;/b&gt;&lt;b&gt;&lt;/b&gt;&lt;b&gt;&lt;/b&gt;&lt;b&gt;&lt;/b&gt;&lt;b&gt;&lt;/b&gt;&lt;b&gt;&lt;/b&gt;&lt;b&gt;&lt;/b&gt;&lt;b&gt;&lt;/b&gt;&lt;b&gt;&lt;/b&gt;&lt;b&gt;&lt;/b&gt;&lt;b&gt;&lt;/b&gt;&lt;b&gt;&lt;/b&gt;&lt;b&gt;&lt;/b&gt;&lt;b&gt;&lt;/b&gt;&lt;b&gt;&lt;/b&gt;&lt;b&gt;&lt;/b&gt;&lt;b&gt;&lt;/b&gt;&lt;b&gt;&lt;/b&gt;&lt;b&gt;&lt;/b&gt;&lt;b&gt;&lt;/b&gt;&lt;b&gt;&lt;/b&gt;&lt;b&gt;&lt;/b&gt;&lt;b&gt;&lt;/b&gt;&lt;b&gt;&lt;/b&gt;&lt;b&gt;&lt;/b&gt;&lt;b&gt;&lt;/b&gt;&lt;b&gt;&lt;/b&gt;&lt;b&gt;&lt;/b&gt;&lt;b&gt;&lt;/b&gt;&lt;b&gt;&lt;/b&gt;&lt;b&gt;&lt;/b&gt;&lt;b&gt;&lt;/b&gt;&lt;b&gt;&lt;/b&gt;&lt;b&gt;&lt;/b&gt;&lt;b&gt;&lt;/b&gt;&lt;b&gt;&lt;/b&gt;&lt;b&gt;&lt;/b&gt;&lt;b&gt;&lt;/b&gt;&lt;b&gt;&lt;/b&gt;&lt;b&gt;&lt;/b&gt;&lt;b&gt;&lt;/b&gt;&lt;b&gt;&lt;/b&gt;&lt;b&gt;&lt;/b&gt;&lt;b&gt;&lt;/b&gt;&lt;b&gt;&lt;/b&gt;&lt;b&gt;&lt;/b&gt;&lt;b&gt;&lt;/b&gt;&lt;b&gt;&lt;/b&gt;&lt;b&gt;&lt;/b&gt;&lt;b&gt;&lt;/b&gt;&lt;b&gt;&lt;/b&gt;&lt;b&gt;&lt;/b&gt;&lt;b&gt;&lt;/b&gt;&lt;b&gt;&lt;/b&gt;&lt;b&gt;&lt;/b&gt;&lt;b&gt;&lt;/b&gt;&lt;b&gt;&lt;/b&gt;&lt;b&gt;&lt;/b&gt;&lt;b&gt;&lt;/b&gt;&lt;b&gt;&lt;/b&gt;&lt;b&gt;&lt;/b&gt;&lt;b&gt;&lt;/b&gt;&lt;b&gt;&lt;/b&gt;&lt;b&gt;&lt;/b&gt;&lt;b&gt;&lt;/b&gt;&lt;b&gt;&lt;/b&gt;&lt;b&gt;&lt;/b&gt;&lt;b&gt;&lt;/b&gt;&lt;b&gt;&lt;/b&gt;&lt;b&gt;&lt;/b&gt;&lt;b&gt;&lt;/b&gt;&lt;b&gt;&lt;/b&gt;&lt;b&gt;&lt;/b&gt;&lt;b&gt;&lt;/b&gt;&lt;b&gt;&lt;/b&gt;&lt;b&gt;&lt;/b&gt;&lt;b&gt;&lt;/b&gt;&lt;b&gt;&lt;/b&gt;&lt;b&gt;&lt;/b&gt;&lt;b&gt;&lt;/b&gt;&lt;b&gt;&lt;/b&gt;&lt;b&gt;&lt;/b&gt;&lt;b&gt;&lt;/b&gt;&lt;b&gt;&lt;/b&gt;&lt;b&gt;&lt;/b&gt;&lt;b&gt;&lt;/b&gt;&lt;b&gt;&lt;/b&gt;&lt;b&gt;&lt;/b&gt;&lt;b&gt;&lt;/b&gt;&lt;b&gt;&lt;/b&gt;&lt;b&gt;&lt;/b&gt;&lt;b&gt;&lt;/b&gt;&lt;b&gt;&lt;/b&gt;&lt;b&gt;&lt;/b&gt;&lt;b&gt;&lt;/b&gt;&lt;b&gt;&lt;/b&gt;&lt;b&gt;&lt;/b&gt;&lt;b&gt;&lt;/b&gt;&lt;b&gt;&lt;/b&gt;&lt;b&gt;&lt;/b&gt;&lt;b&gt;&lt;/b&gt;&lt;b&gt;&lt;/b&gt;&lt;b&gt;&lt;/b&gt;&lt;b&gt;&lt;/b&gt;&lt;b&gt;&lt;/b&gt;&lt;b&gt;&lt;/b&gt;&lt;b&gt;&lt;/b&gt;&lt;b&gt;&lt;/b&gt;&lt;b&gt;&lt;/b&gt;&lt;b&gt;&lt;/b&gt;&lt;b&gt;&lt;/b&gt;&lt;b&gt;&lt;/b&gt;&lt;b&gt;&lt;/b&gt;&lt;b&gt;&lt;/b&gt;&lt;b&gt;&lt;/b&gt;&lt;b&gt;&lt;/b&gt;&lt;b&gt;&lt;/b&gt;&lt;b&gt;&lt;/b&gt;&lt;b&gt;&lt;/b&gt;&lt;b&gt;&lt;/b&gt;&lt;b&gt;&lt;/b&gt;&lt;b&gt;&lt;/b&gt;&lt;b&gt;&lt;/b&gt;&lt;b&gt;&lt;/b&gt;&lt;b&gt;&lt;/b&gt;&lt;b&gt;&lt;/b&gt;&lt;b&gt;&lt;/b&gt;&lt;b&gt;&lt;/b&gt;&lt;b&gt;&lt;/b&gt;&lt;b&gt;&lt;/b&gt;&lt;b&gt;&lt;/b&gt;&lt;b&gt;&lt;/b&gt;&lt;b&gt;&lt;/b&gt;&lt;b&gt;&lt;/b&gt;&lt;b&gt;&lt;/b&gt;&lt;b&gt;&lt;/b&gt;&lt;b&gt;&lt;/b&gt;&lt;b&gt;&lt;/b&gt;&lt;b&gt;&lt;/b&gt;&lt;b&gt;&lt;/b&gt;&lt;b&gt;&lt;/b&gt;&lt;b&gt;&lt;/b&gt;&lt;b&gt;&lt;/b&gt;&lt;b&gt;&lt;/b&gt;&lt;b&gt;&lt;/b&gt;&lt;b&gt;&lt;/b&gt;&lt;b&gt;&lt;/b&gt;&lt;b&gt;&lt;/b&gt;&lt;b&gt;&lt;/b&gt;&lt;b&gt;&lt;/b&gt;&lt;b&gt;&lt;/b&gt;&lt;b&gt;&lt;/b&gt;&lt;b&gt;&lt;/b&gt;&lt;b&gt;&lt;/b&gt;&lt;b&gt;&lt;/b&gt;&lt;b&gt;&lt;/b&gt;&lt;b&gt;&lt;/b&gt;&lt;b&gt;&lt;/b&gt;&lt;b&gt;&lt;/b&gt;&lt;b&gt;&lt;/b&gt;&lt;b&gt;&lt;/b&gt;&lt;b&gt;&lt;/b&gt;&lt;b&gt;&lt;/b&gt;&lt;b&gt;&lt;/b&gt;&lt;b&gt;&lt;/b&gt;&lt;b&gt;&lt;/b&gt;&lt;b&gt;&lt;/b&gt;&lt;b&gt;&lt;/b&gt;&lt;b&gt;&lt;/b&gt;&lt;b&gt;&lt;/b&gt;&lt;b&gt;&lt;/b&gt;&lt;b&gt;&lt;/b&gt;&lt;b&gt;&lt;/b&gt;&lt;b&gt;&lt;/b&gt;&lt;b&gt;&lt;/b&gt;&lt;b&gt;&lt;/b&gt;&lt;b&gt;&lt;/b&gt;&lt;b&gt;&lt;/b&gt;&lt;b&gt;&lt;/b&gt;&lt;b&gt;&lt;/b&gt;&lt;b&gt;&lt;/b&gt;&lt;b&gt;&lt;/b&gt;&lt;b&gt;&lt;/b&gt;&lt;b&gt;&lt;/b&gt;&lt;b&gt;&lt;/b&gt;&lt;b&gt;&lt;/b&gt;&lt;b&gt;&lt;/b&gt;&lt;b&gt;&lt;/b&gt;&lt;b&gt;&lt;/b&gt;&lt;b&gt;&lt;/b&gt;&lt;b&gt;&lt;/b&gt;&lt;b&gt;&lt;/b&gt;&lt;b&gt;&lt;/b&gt;&lt;b&gt;&lt;/b&gt;&lt;b&gt;&lt;/b&gt;&lt;b&gt;&lt;/b&gt;&lt;b&gt;&lt;/b&gt;&lt;b&gt;&lt;/b&gt;&lt;b&gt;&lt;/b&gt;&lt;b&gt;&lt;/b&gt;&lt;b&gt;&lt;/b&gt;&lt;b&gt;&lt;/b&gt;&lt;b&gt;&lt;/b&gt;&lt;b&gt;&lt;/b&gt;&lt;b&gt;&lt;/b&gt;&lt;b&gt;&lt;/b&gt;&lt;b&gt;&lt;/b&gt;&lt;b&gt;&lt;/b&gt;&lt;b&gt;&lt;/b&gt;&lt;b&gt;&lt;/b&gt;&lt;b&gt;&lt;/b&gt;&lt;b&gt;&lt;/b&gt;&lt;b&gt;&lt;/b&gt;&lt;b&gt;&lt;/b&gt;&lt;b&gt;&lt;/b&gt;&lt;b&gt;&lt;/b&gt;&lt;b&gt;&lt;/b&gt;&lt;b&gt;&lt;/b&gt;&lt;b&gt;&lt;/b&gt;&lt;b&gt;&lt;/b&gt;&lt;b&gt;&lt;/b&gt;&lt;b&gt;&lt;/b&gt;&lt;b&gt;&lt;/b&gt;&lt;b&gt;&lt;/b&gt;&lt;b&gt;&lt;/b&gt;&lt;b&gt;&lt;/b&gt;&lt;b&gt;&lt;/b&gt;&lt;b&gt;&lt;/b&gt;&lt;b&gt;&lt;/b&gt;&lt;b&gt;&lt;/b&gt;&lt;b&gt;&lt;/b&gt;&lt;b&gt;&lt;/b&gt;&lt;b&gt;&lt;/b&gt;&lt;b&gt;&lt;/b&gt;&lt;b&gt;&lt;/b&gt;&lt;b&gt;&lt;/b&gt;&lt;b&gt;&lt;/b&gt;&lt;b&gt;&lt;/b&gt;&lt;b&gt;&lt;/b&gt;&lt;b&gt;&lt;/b&gt;&lt;b&gt;&lt;/b&gt;&lt;b&gt;&lt;/b&gt;&lt;b&gt;&lt;/b&gt;&lt;b&gt;&lt;/b&gt;&lt;b&gt;&lt;/b&gt;&lt;b&gt;&lt;/b&gt;&lt;b&gt;&lt;/b&gt;&lt;b&gt;&lt;/b&gt;&lt;b&gt;&lt;/b&gt;&lt;b&gt;&lt;/b&gt;&lt;b&gt;&lt;/b&gt;&lt;b&gt;&lt;/b&gt;&lt;b&gt;&lt;/b&gt;&lt;b&gt;&lt;/b&gt;&lt;b&gt;&lt;/b&gt;&lt;b&gt;&lt;/b&gt;&lt;b&gt;&lt;/b&gt;&lt;b&gt;&lt;/b&gt;&lt;b&gt;&lt;/b&gt;&lt;b&gt;&lt;/b&gt;&lt;b&gt;&lt;/b&gt;&lt;b&gt;&lt;/b&gt;&lt;b&gt;&lt;/b&gt;&lt;b&gt;&lt;/b&gt;&lt;b&gt;&lt;/b&gt;&lt;b&gt;&lt;/b&gt;&lt;b&gt;&lt;/b&gt;&lt;b&gt;&lt;/b&gt;&lt;b&gt;&lt;/b&gt;&lt;b&gt;&lt;/b&gt;&lt;b&gt;&lt;/b&gt;&lt;b&gt;&lt;/b&gt;&lt;b&gt;&lt;/b&gt;&lt;b&gt;&lt;/b&gt;&lt;b&gt;&lt;/b&gt;&lt;b&gt;&lt;/b&gt;&lt;b&gt;&lt;/b&gt;&lt;b&gt;&lt;/b&gt;&lt;b&gt;&lt;/b&gt;&lt;b&gt;&lt;/b&gt;&lt;b&gt;&lt;/b&gt;&lt;b&gt;&lt;/b&gt;&lt;b&gt;&lt;/b&gt;&lt;b&gt;&lt;/b&gt;&lt;b&gt;&lt;/b&gt;&lt;b&gt;&lt;/b&gt;&lt;b&gt;&lt;/b&gt;&lt;b&gt;&lt;/b&gt;&lt;b&gt;&lt;/b&gt;&lt;b&gt;&lt;/b&gt;&lt;b&gt;&lt;/b&gt;&lt;b&gt;&lt;/b&gt;&lt;b&gt;&lt;/b&gt;&lt;b&gt;&lt;/b&gt;&lt;b&gt;&lt;/b&gt;&lt;b&gt;&lt;/b&gt;&lt;b&gt;&lt;/b&gt;&lt;b&gt;&lt;/b&gt;&lt;b&gt;&lt;/b&gt;&lt;b&gt;&lt;/b&gt;&lt;b&gt;&lt;/b&gt;&lt;b&gt;&lt;/b&gt;&lt;b&gt;&lt;/b&gt;&lt;b&gt;&lt;/b&gt;&lt;b&gt;&lt;/b&gt;&lt;b&gt;&lt;/b&gt;&lt;b&gt;&lt;/b&gt;&lt;b&gt;&lt;/b&gt;&lt;b&gt;&lt;/b&gt;&lt;b&gt;&lt;/b&gt;&lt;b&gt;&lt;/b&gt;&lt;b&gt;&lt;/b&gt;&lt;b&gt;&lt;/b&gt;&lt;b&gt;&lt;/b&gt;&lt;b&gt;&lt;/b&gt;&lt;b&gt;&lt;/b&gt;&lt;b&gt;&lt;/b&gt;&lt;b&gt;&lt;/b&gt;&lt;b&gt;&lt;/b&gt;&lt;b&gt;&lt;/b&gt;&lt;b&gt;&lt;/b&gt;&lt;b&gt;&lt;/b&gt;&lt;b&gt;&lt;/b&gt;&lt;b&gt;&lt;/b&gt;&lt;b&gt;&lt;/b&gt;&lt;b&gt;&lt;/b&gt;&lt;b&gt;&lt;/b&gt;&lt;b&gt;&lt;/b&gt;&lt;b&gt;&lt;/b&gt;&lt;b&gt;&lt;/b&gt;&lt;b&gt;&lt;/b&gt;&lt;b&gt;&lt;/b&gt;&lt;b&gt;&lt;/b&gt;&lt;b&gt;&lt;/b&gt;&lt;b&gt;&lt;/b&gt;&lt;b&gt;&lt;/b&gt;&lt;b&gt;&lt;/b&gt;&lt;b&gt;&lt;/b&gt;&lt;b&gt;&lt;/b&gt;&lt;b&gt;&lt;/b&gt;&lt;b&gt;&lt;/b&gt;&lt;b&gt;&lt;/b&gt;&lt;b&gt;&lt;/b&gt;&lt;b&gt;&lt;/b&gt;&lt;b&gt;&lt;/b&gt;&lt;b&gt;&lt;/b&gt;&lt;b&gt;&lt;/b&gt;&lt;b&gt;&lt;/b&gt;&lt;b&gt;&lt;/b&gt;&lt;b&gt;&lt;/b&gt;&lt;b&gt;&lt;/b&gt;&lt;b&gt;&lt;/b&gt;&lt;b&gt;&lt;/b&gt;&lt;b&gt;&lt;/b&gt;&lt;b&gt;&lt;/b&gt;&lt;b&gt;&lt;/b&gt;&lt;b&gt;&lt;/b&gt;&lt;b&gt;&lt;/b&gt;&lt;b&gt;&lt;/b&gt;&lt;b&gt;&lt;/b&gt;&lt;b&gt;&lt;/b&gt;&lt;b&gt;&lt;/b&gt;&lt;b&gt;&lt;/b&gt;&lt;b&gt;&lt;/b&gt;&lt;b&gt;&lt;/b&gt;&lt;b&gt;&lt;/b&gt;&lt;b&gt;&lt;/b&gt;&lt;b&gt;&lt;/b&gt;&lt;b&gt;&lt;/b&gt;&lt;b&gt;&lt;/b&gt;&lt;b&gt;&lt;/b&gt;&lt;b&gt;&lt;/b&gt;&lt;b&gt;&lt;/b&gt;&lt;b&gt;&lt;/b&gt;&lt;b&gt;&lt;/b&gt;&lt;b&gt;&lt;/b&gt;&lt;b&gt;&lt;/b&gt;&lt;b&gt;&lt;/b&gt;&lt;b&gt;&lt;/b&gt;&lt;b&gt;&lt;/b&gt;&lt;b&gt;&lt;/b&gt;&lt;b&gt;&lt;/b&gt;&lt;b&gt;&lt;/b&gt;&lt;b&gt;&lt;/b&gt;&lt;b&gt;&lt;/b&gt;&lt;b&gt;&lt;/b&gt;&lt;b&gt;&lt;/b&gt;&lt;b&gt;&lt;/b&gt;&lt;b&gt;&lt;/b&gt;&lt;b&gt;&lt;/b&gt;&lt;b&gt;&lt;/b&gt;&lt;b&gt;&lt;/b&gt;&lt;b&gt;&lt;/b&gt;&lt;b&gt;&lt;/b&gt;&lt;b&gt;&lt;/b&gt;&lt;b&gt;&lt;/b&gt;&lt;b&gt;&lt;br /&gt;&lt;img src=&quot;https://e.deviantart.net/emoticons/f/facebook.gif&quot; width=&quot;16&quot; height=&quot;16&quot; alt=&quot;:facebook:&quot; data-embed-type=&quot;emoticon&quot; data-embed-id=&quot;616&quot; title=&quot;Facebook&quot;/&gt; &lt;a class=&quot;external&quot; href=&quot;https://www.deviantart.com/users/outgoing?https://www.facebook.com/CryptidCreations/timeline&quot;&gt;Facebook&lt;/a&gt;&lt;br /&gt;&lt;img src=&quot;https://e.deviantart.net/emoticons/t/twitter_2.gif&quot; width=&quot;16&quot; height=&quot;16&quot; alt=&quot;:twitter:&quot; data-embed-type=&quot;emoticon&quot; data-embed-id=&quot;614&quot; title=&quot;Twitter&quot;/&gt; &lt;a class=&quot;external&quot; href=&quot;https://www.deviantart.com/users/outgoing?https://twitter.com/Piper_Thibodeau&quot;&gt;Twitter&lt;/a&gt;&lt;br /&gt;&lt;img src=&quot;https://e.deviantart.net/emoticons/b/bulletgreen.gif&quot; width=&quot;10&quot; height=&quot;10&quot; alt=&quot;:bulletgreen:&quot; data-embed-type=&quot;emoticon&quot; data-embed-id=&quot;209&quot; title=&quot;Bullet; Green&quot;/&gt; For any business related inquiries please send me an e-mail at cryptidcreations@gmail.com&lt;br /&gt;&lt;/b&gt;&lt;/b&gt;&lt;/b&gt;</media:description>            <media:thumbnail url="https://t00.deviantart.net/WR4zxy_2swsOytAq_lkRee6cLSw=/fit-in/150x150/filters:no_upscale():origin()/pre00/0c1e/th/pre/f/2019/049/9/c/daily_paint_2281__stargrazing_by_cryptid_creations-dd04hy6.png" height="103" width="150"/>            <media:thumbnail url="https://t00.deviantart.net/MSBaOexGQ1rXmaOQiPToDaUMD74=/fit-in/300x900/filters:no_upscale():origin()/pre00/0c1e/th/pre/f/2019/049/9/c/daily_paint_2281__stargrazing_by_cryptid_creations-dd04hy6.png" height="205" width="300"/>            <media:thumbnail url="https://t00.deviantart.net/fpF7mnTw57d_FtDcYWl4AT8MnNw=/300x200/filters:fixed_height(100,100):origin()/pre00/0c1e/th/pre/f/2019/049/9/c/daily_paint_2281__stargrazing_by_cryptid_creations-dd04hy6.png" height="200" width="292"/>            <media:content url="https://orig00.deviantart.net/8fc3/f/2019/049/9/c/daily_paint_2281__stargrazing_by_cryptid_creations-dd04hy6.png" height="615" width="898" medium="image"/>            
            <description>&lt;b&gt;&lt;/b&gt;&lt;b&gt;&lt;/b&gt;&lt;b&gt;&lt;/b&gt;&lt;b&gt;&lt;/b&gt;&lt;b&gt;&lt;/b&gt;&lt;b&gt;&lt;/b&gt;&lt;b&gt;&lt;/b&gt;&lt;b&gt;&lt;/b&gt;&lt;b&gt;&lt;/b&gt;&lt;b&gt;&lt;/b&gt;&lt;b&gt;&lt;/b&gt;&lt;b&gt;&lt;/b&gt;&lt;b&gt;&lt;/b&gt;&lt;b&gt;&lt;/b&gt;&lt;b&gt;&lt;/b&gt;&lt;b&gt;&lt;/b&gt;&lt;b&gt;&lt;/b&gt;&lt;b&gt;&lt;/b&gt;&lt;b&gt;&lt;/b&gt;&lt;b&gt;&lt;/b&gt;&lt;b&gt;&lt;/b&gt;&lt;b&gt;&lt;/b&gt;&lt;b&gt;&lt;/b&gt;&lt;b&gt;&lt;/b&gt;&lt;b&gt;&lt;/b&gt;&lt;b&gt;&lt;/b&gt;&lt;b&gt;&lt;/b&gt;&lt;b&gt;&lt;/b&gt;&lt;b&gt;&lt;/b&gt;&lt;b&gt;&lt;/b&gt;&lt;b&gt;&lt;/b&gt;&lt;b&gt;&lt;/b&gt;&lt;b&gt;&lt;/b&gt;&lt;b&gt;&lt;/b&gt;&lt;b&gt;&lt;/b&gt;&lt;b&gt;&lt;/b&gt;&lt;b&gt;&lt;/b&gt;&lt;b&gt;&lt;/b&gt;&lt;b&gt;&lt;/b&gt;&lt;b&gt;&lt;/b&gt;&lt;b&gt;&lt;/b&gt;&lt;b&gt;&lt;/b&gt;&lt;b&gt;&lt;/b&gt;&lt;b&gt;&lt;/b&gt;&lt;b&gt;&lt;/b&gt;&lt;b&gt;&lt;/b&gt;&lt;b&gt;&lt;/b&gt;&lt;b&gt;&lt;/b&gt;&lt;b&gt;&lt;/b&gt;&lt;b&gt;&lt;/b&gt;&lt;b&gt;&lt;/b&gt;&lt;b&gt;&lt;/b&gt;&lt;b&gt;&lt;/b&gt;&lt;b&gt;&lt;/b&gt;&lt;b&gt;&lt;/b&gt;&lt;b&gt;&lt;/b&gt;&lt;b&gt;&lt;/b&gt;&lt;b&gt;&lt;/b&gt;&lt;b&gt;&lt;/b&gt;&lt;b&gt;&lt;/b&gt;&lt;b&gt;&lt;/b&gt;&lt;b&gt;&lt;/b&gt;&lt;b&gt;&lt;/b&gt;&lt;b&gt;&lt;/b&gt;&lt;b&gt;&lt;/b&gt;&lt;b&gt;&lt;/b&gt;&lt;b&gt;&lt;/b&gt;&lt;b&gt;&lt;/b&gt;&lt;b&gt;&lt;/b&gt;&lt;b&gt;&lt;/b&gt;&lt;b&gt;&lt;/b&gt;&lt;b&gt;&lt;/b&gt;&lt;b&gt;&lt;/b&gt;&lt;b&gt;&lt;/b&gt;&lt;b&gt;&lt;/b&gt;&lt;b&gt;&lt;/b&gt;&lt;b&gt;&lt;/b&gt;&lt;b&gt;&lt;/b&gt;&lt;b&gt;&lt;/b&gt;&lt;b&gt;&lt;br /&gt;&lt;a class=&quot;external&quot; href=&quot;https://www.deviantart.com/users/outgoing?http://forgepublishing.com/shop/&quot;&gt;ForgePublishing.com/shop&lt;/a&gt;&lt;br /&gt;&lt;br /&gt;&lt;br /&gt;.&lt;img src=&quot;https://e.deviantart.net/emoticons/b/bulletgreen.gif&quot; width=&quot;10&quot; height=&quot;10&quot; alt=&quot;:bulletgreen:&quot; data-embed-type=&quot;emoticon&quot; data-embed-id=&quot;209&quot; title=&quot;Bullet; Green&quot;/&gt; &lt;b&gt;A big thanks to my Patrons for supporting my work! &lt;img src=&quot;https://e.deviantart.net/emoticons/s/smile.gif&quot; width=&quot;15&quot; height=&quot;15&quot; alt=&quot;:)&quot; data-embed-type=&quot;emoticon&quot; data-embed-id=&quot;391&quot; title=&quot;:) (Smile)&quot;/&gt; For time-lapses, WIP&#039;s and other goodies ---please check out my Patreon.&lt;/b&gt;&lt;b&gt;&lt;/b&gt;&lt;b&gt;&lt;/b&gt;&lt;b&gt;&lt;/b&gt;&lt;b&gt;&lt;/b&gt;&lt;b&gt;&lt;/b&gt;&lt;b&gt;&lt;/b&gt;&lt;b&gt;&lt;/b&gt;&lt;b&gt;&lt;/b&gt;&lt;b&gt;&lt;/b&gt;&lt;b&gt;&lt;/b&gt;&lt;b&gt;&lt;/b&gt;&lt;b&gt;&lt;/b&gt;&lt;b&gt;&lt;/b&gt;&lt;b&gt;&lt;/b&gt;&lt;b&gt;&lt;/b&gt;&lt;b&gt;&lt;/b&gt;&lt;b&gt;&lt;/b&gt;&lt;b&gt;&lt;/b&gt;&lt;b&gt;&lt;/b&gt;&lt;b&gt;&lt;/b&gt;&lt;b&gt;&lt;/b&gt;&lt;b&gt;&lt;/b&gt;&lt;b&gt;&lt;/b&gt;&lt;b&gt;&lt;/b&gt;&lt;b&gt;&lt;/b&gt;&lt;b&gt;&lt;/b&gt;&lt;b&gt;&lt;/b&gt;&lt;b&gt;&lt;/b&gt;&lt;b&gt;&lt;/b&gt;&lt;b&gt;&lt;/b&gt;&lt;b&gt;&lt;/b&gt;&lt;b&gt;&lt;/b&gt;&lt;b&gt;&lt;/b&gt;&lt;b&gt;&lt;/b&gt;&lt;b&gt;&lt;/b&gt;&lt;b&gt;&lt;/b&gt;&lt;b&gt;&lt;/b&gt;&lt;b&gt;&lt;/b&gt;&lt;b&gt;&lt;/b&gt;&lt;b&gt;&lt;/b&gt;&lt;b&gt;&lt;/b&gt;&lt;b&gt;&lt;/b&gt;&lt;b&gt;&lt;/b&gt;&lt;b&gt;&lt;/b&gt;&lt;b&gt;&lt;/b&gt;&lt;b&gt;&lt;/b&gt;&lt;b&gt;&lt;/b&gt;&lt;b&gt;&lt;/b&gt;&lt;b&gt;&lt;/b&gt;&lt;b&gt;&lt;/b&gt;&lt;b&gt;&lt;/b&gt;&lt;b&gt;&lt;/b&gt;&lt;b&gt;&lt;/b&gt;&lt;b&gt;&lt;/b&gt;&lt;b&gt;&lt;/b&gt;&lt;b&gt;&lt;/b&gt;&lt;b&gt;&lt;/b&gt;&lt;b&gt;&lt;/b&gt;&lt;b&gt;&lt;/b&gt;&lt;b&gt;&lt;/b&gt;&lt;b&gt;&lt;/b&gt;&lt;b&gt;&lt;/b&gt;&lt;b&gt;&lt;/b&gt;&lt;b&gt;&lt;/b&gt;&lt;b&gt;&lt;/b&gt;&lt;b&gt;&lt;/b&gt;&lt;b&gt;&lt;/b&gt;&lt;b&gt;&lt;/b&gt;&lt;b&gt;&lt;/b&gt;&lt;b&gt;&lt;/b&gt;&lt;b&gt;&lt;/b&gt;&lt;b&gt;&lt;/b&gt;&lt;b&gt;&lt;/b&gt;&lt;b&gt;&lt;/b&gt;&lt;b&gt;&lt;/b&gt;&lt;b&gt;&lt;/b&gt;&lt;b&gt;&lt;/b&gt;&lt;b&gt;&lt;/b&gt;&lt;b&gt;&lt;/b&gt;&lt;b&gt;&lt;/b&gt;&lt;b&gt;&lt;/b&gt;&lt;b&gt;&lt;/b&gt;&lt;b&gt;&lt;/b&gt;&lt;b&gt;&lt;/b&gt;&lt;b&gt;&lt;/b&gt;&lt;b&gt;&lt;/b&gt;&lt;b&gt;&lt;/b&gt;&lt;b&gt;&lt;/b&gt;&lt;b&gt;&lt;/b&gt;&lt;b&gt;&lt;/b&gt;&lt;b&gt;&lt;/b&gt;&lt;b&gt;&lt;/b&gt;&lt;b&gt;&lt;/b&gt;&lt;b&gt;&lt;/b&gt;&lt;b&gt;&lt;/b&gt;&lt;b&gt;&lt;/b&gt;&lt;b&gt;&lt;/b&gt;&lt;b&gt;&lt;/b&gt;&lt;b&gt;&lt;/b&gt;&lt;b&gt;&lt;/b&gt;&lt;b&gt;&lt;/b&gt;&lt;b&gt;&lt;/b&gt;&lt;b&gt;&lt;/b&gt;&lt;b&gt;&lt;/b&gt;&lt;b&gt;&lt;/b&gt;&lt;b&gt;&lt;/b&gt;&lt;b&gt;&lt;/b&gt;&lt;b&gt;&lt;/b&gt;&lt;b&gt;&lt;/b&gt;&lt;b&gt;&lt;/b&gt;&lt;b&gt;&lt;/b&gt;&lt;b&gt;&lt;/b&gt;&lt;b&gt;&lt;/b&gt;&lt;b&gt;&lt;/b&gt;&lt;b&gt;&lt;/b&gt;&lt;b&gt;&lt;/b&gt;&lt;b&gt;&lt;/b&gt;&lt;b&gt;&lt;/b&gt;&lt;b&gt;&lt;/b&gt;&lt;b&gt;&lt;/b&gt;&lt;b&gt;&lt;/b&gt;&lt;b&gt;&lt;/b&gt;&lt;b&gt;&lt;/b&gt;&lt;b&gt;&lt;/b&gt;&lt;b&gt;&lt;/b&gt;&lt;b&gt;&lt;/b&gt;&lt;b&gt;&lt;/b&gt;&lt;b&gt;&lt;/b&gt;&lt;b&gt;&lt;/b&gt;&lt;b&gt;&lt;/b&gt;&lt;b&gt;&lt;/b&gt;&lt;b&gt;&lt;/b&gt;&lt;b&gt;&lt;/b&gt;&lt;b&gt;&lt;/b&gt;&lt;b&gt;&lt;/b&gt;&lt;b&gt;&lt;/b&gt;&lt;b&gt;&lt;/b&gt;&lt;b&gt;&lt;/b&gt;&lt;b&gt;&lt;/b&gt;&lt;b&gt;&lt;/b&gt;&lt;b&gt;&lt;/b&gt;&lt;b&gt;&lt;/b&gt;&lt;b&gt;&lt;/b&gt;&lt;b&gt;&lt;/b&gt;&lt;b&gt;&lt;/b&gt;&lt;b&gt;&lt;/b&gt;&lt;b&gt;&lt;/b&gt;&lt;b&gt;&lt;/b&gt;&lt;b&gt;&lt;/b&gt;&lt;b&gt;&lt;/b&gt;&lt;b&gt;&lt;/b&gt;&lt;b&gt;&lt;/b&gt;&lt;b&gt;&lt;/b&gt;&lt;b&gt;&lt;/b&gt;&lt;b&gt;&lt;/b&gt;&lt;b&gt;&lt;/b&gt;&lt;b&gt;&lt;/b&gt;&lt;b&gt;&lt;/b&gt;&lt;b&gt;&lt;/b&gt;&lt;b&gt;&lt;/b&gt;&lt;b&gt;&lt;/b&gt;&lt;b&gt;&lt;/b&gt;&lt;b&gt;&lt;/b&gt;&lt;b&gt;&lt;/b&gt;&lt;b&gt;&lt;/b&gt;&lt;b&gt;&lt;/b&gt;&lt;b&gt;&lt;/b&gt;&lt;b&gt;&lt;/b&gt;&lt;b&gt;&lt;/b&gt;&lt;b&gt;&lt;/b&gt;&lt;b&gt;&lt;/b&gt;&lt;b&gt;&lt;/b&gt;&lt;b&gt;&lt;/b&gt;&lt;b&gt;&lt;/b&gt;&lt;b&gt;&lt;/b&gt;&lt;b&gt;&lt;/b&gt;&lt;b&gt;&lt;/b&gt;&lt;b&gt;&lt;/b&gt;&lt;b&gt;&lt;/b&gt;&lt;b&gt;&lt;/b&gt;&lt;b&gt;&lt;/b&gt;&lt;b&gt;&lt;/b&gt;&lt;b&gt;&lt;/b&gt;&lt;b&gt;&lt;/b&gt;&lt;b&gt;&lt;/b&gt;&lt;b&gt;&lt;/b&gt;&lt;b&gt;&lt;/b&gt;&lt;b&gt;&lt;/b&gt;&lt;b&gt;&lt;/b&gt;&lt;b&gt;&lt;/b&gt;&lt;b&gt;&lt;/b&gt;&lt;b&gt;&lt;/b&gt;&lt;b&gt;&lt;/b&gt;&lt;b&gt;&lt;/b&gt;&lt;b&gt;&lt;/b&gt;&lt;b&gt;&lt;/b&gt;&lt;b&gt;&lt;/b&gt;&lt;b&gt;&lt;/b&gt;&lt;b&gt;&lt;/b&gt;&lt;b&gt;&lt;/b&gt;&lt;b&gt;&lt;/b&gt;&lt;b&gt;&lt;/b&gt;&lt;b&gt;&lt;/b&gt;&lt;b&gt;&lt;/b&gt;&lt;b&gt;&lt;/b&gt;&lt;b&gt;&lt;/b&gt;&lt;b&gt;&lt;/b&gt;&lt;b&gt;&lt;/b&gt;&lt;b&gt;&lt;/b&gt;&lt;b&gt;&lt;/b&gt;&lt;b&gt;&lt;/b&gt;&lt;b&gt;&lt;/b&gt;&lt;b&gt;&lt;/b&gt;&lt;b&gt;&lt;/b&gt;&lt;b&gt;&lt;/b&gt;&lt;b&gt;&lt;/b&gt;&lt;b&gt;&lt;/b&gt;&lt;b&gt;&lt;/b&gt;&lt;b&gt;&lt;/b&gt;&lt;b&gt;&lt;/b&gt;&lt;b&gt;&lt;/b&gt;&lt;b&gt;&lt;/b&gt;&lt;b&gt;&lt;/b&gt;&lt;b&gt;&lt;/b&gt;&lt;b&gt;&lt;/b&gt;&lt;b&gt;&lt;/b&gt;&lt;b&gt;&lt;/b&gt;&lt;b&gt;&lt;/b&gt;&lt;b&gt;&lt;/b&gt;&lt;b&gt;&lt;/b&gt;&lt;b&gt;&lt;/b&gt;&lt;b&gt;&lt;/b&gt;&lt;b&gt;&lt;/b&gt;&lt;b&gt;&lt;/b&gt;&lt;b&gt;&lt;/b&gt;&lt;b&gt;&lt;/b&gt;&lt;b&gt;&lt;/b&gt;&lt;b&gt;&lt;/b&gt;&lt;b&gt;&lt;/b&gt;&lt;b&gt;&lt;/b&gt;&lt;b&gt;&lt;/b&gt;&lt;b&gt;&lt;/b&gt;&lt;b&gt;&lt;/b&gt;&lt;b&gt;&lt;/b&gt;&lt;b&gt;&lt;/b&gt;&lt;b&gt;&lt;/b&gt;&lt;b&gt;&lt;/b&gt;&lt;b&gt;&lt;/b&gt;&lt;b&gt;&lt;/b&gt;&lt;b&gt;&lt;/b&gt;&lt;b&gt;&lt;/b&gt;&lt;b&gt;&lt;/b&gt;&lt;b&gt;&lt;/b&gt;&lt;b&gt;&lt;/b&gt;&lt;b&gt;&lt;/b&gt;&lt;b&gt;&lt;/b&gt;&lt;b&gt;&lt;/b&gt;&lt;b&gt;&lt;/b&gt;&lt;b&gt;&lt;/b&gt;&lt;b&gt;&lt;/b&gt;&lt;b&gt;&lt;/b&gt;&lt;b&gt;&lt;/b&gt;&lt;b&gt;&lt;/b&gt;&lt;b&gt;&lt;/b&gt;&lt;b&gt;&lt;/b&gt;&lt;b&gt;&lt;/b&gt;&lt;b&gt;&lt;/b&gt;&lt;b&gt;&lt;/b&gt;&lt;b&gt;&lt;/b&gt;&lt;b&gt;&lt;/b&gt;&lt;b&gt;&lt;/b&gt;&lt;b&gt;&lt;/b&gt;&lt;b&gt;&lt;/b&gt;&lt;b&gt;&lt;/b&gt;&lt;b&gt;&lt;/b&gt;&lt;b&gt;&lt;/b&gt;&lt;b&gt;&lt;/b&gt;&lt;b&gt;&lt;/b&gt;&lt;b&gt;&lt;/b&gt;&lt;b&gt;&lt;/b&gt;&lt;b&gt;&lt;/b&gt;&lt;b&gt;&lt;/b&gt;&lt;b&gt;&lt;/b&gt;&lt;b&gt;&lt;/b&gt;&lt;b&gt;&lt;/b&gt;&lt;b&gt;&lt;/b&gt;&lt;b&gt;&lt;/b&gt;&lt;b&gt;&lt;/b&gt;&lt;b&gt;&lt;/b&gt;&lt;b&gt;&lt;/b&gt;&lt;b&gt;&lt;/b&gt;&lt;b&gt;&lt;/b&gt;&lt;b&gt;&lt;/b&gt;&lt;b&gt;&lt;/b&gt;&lt;b&gt;&lt;/b&gt;&lt;b&gt;&lt;/b&gt;&lt;b&gt;&lt;/b&gt;&lt;b&gt;&lt;/b&gt;&lt;b&gt;&lt;/b&gt;&lt;b&gt;&lt;/b&gt;&lt;b&gt;&lt;/b&gt;&lt;b&gt;&lt;/b&gt;&lt;b&gt;&lt;/b&gt;&lt;b&gt;&lt;/b&gt;&lt;b&gt;&lt;/b&gt;&lt;b&gt;&lt;/b&gt;&lt;b&gt;&lt;/b&gt;&lt;b&gt;&lt;/b&gt;&lt;b&gt;&lt;/b&gt;&lt;b&gt;&lt;/b&gt;&lt;b&gt;&lt;/b&gt;&lt;b&gt;&lt;/b&gt;&lt;b&gt;&lt;/b&gt;&lt;b&gt;&lt;/b&gt;&lt;b&gt;&lt;/b&gt;&lt;b&gt;&lt;/b&gt;&lt;b&gt;&lt;/b&gt;&lt;b&gt;&lt;/b&gt;&lt;b&gt;&lt;/b&gt;&lt;b&gt;&lt;/b&gt;&lt;b&gt;&lt;/b&gt;&lt;b&gt;&lt;/b&gt;&lt;b&gt;&lt;/b&gt;&lt;b&gt;&lt;/b&gt;&lt;b&gt;&lt;/b&gt;&lt;b&gt;&lt;/b&gt;&lt;b&gt;&lt;/b&gt;&lt;b&gt;&lt;/b&gt;&lt;b&gt;&lt;/b&gt;&lt;b&gt;&lt;/b&gt;&lt;b&gt;&lt;/b&gt;&lt;b&gt;&lt;/b&gt;&lt;b&gt;&lt;/b&gt;&lt;b&gt;&lt;/b&gt;&lt;b&gt;&lt;/b&gt;&lt;b&gt;&lt;/b&gt;&lt;b&gt;&lt;/b&gt;&lt;b&gt;&lt;/b&gt;&lt;b&gt;&lt;/b&gt;&lt;b&gt;&lt;/b&gt;&lt;b&gt;&lt;/b&gt;&lt;b&gt;&lt;/b&gt;&lt;b&gt;&lt;/b&gt;&lt;b&gt;&lt;/b&gt;&lt;b&gt;&lt;/b&gt;&lt;b&gt;&lt;/b&gt;&lt;b&gt;&lt;/b&gt;&lt;b&gt;&lt;/b&gt;&lt;b&gt;&lt;/b&gt;&lt;b&gt;&lt;/b&gt;&lt;b&gt;&lt;/b&gt;&lt;b&gt;&lt;/b&gt;&lt;b&gt;&lt;/b&gt;&lt;b&gt;&lt;/b&gt;&lt;b&gt;&lt;/b&gt;&lt;b&gt;&lt;/b&gt;&lt;b&gt;&lt;/b&gt;&lt;b&gt;&lt;/b&gt;&lt;b&gt;&lt;/b&gt;&lt;b&gt;&lt;/b&gt;&lt;b&gt;&lt;/b&gt;&lt;b&gt;&lt;/b&gt;&lt;b&gt;&lt;/b&gt;&lt;b&gt;&lt;/b&gt;&lt;b&gt;&lt;/b&gt;&lt;b&gt;&lt;/b&gt;&lt;b&gt;&lt;/b&gt;&lt;b&gt;&lt;/b&gt;&lt;b&gt;&lt;/b&gt;&lt;b&gt;&lt;/b&gt;&lt;b&gt;&lt;/b&gt;&lt;b&gt;&lt;/b&gt;&lt;b&gt;&lt;/b&gt;&lt;b&gt;&lt;/b&gt;&lt;b&gt;&lt;/b&gt;&lt;b&gt;&lt;/b&gt;&lt;b&gt;&lt;/b&gt;&lt;b&gt;&lt;/b&gt;&lt;b&gt;&lt;/b&gt;&lt;b&gt;&lt;/b&gt;&lt;b&gt;&lt;/b&gt;&lt;b&gt;&lt;/b&gt;&lt;b&gt;&lt;/b&gt;&lt;b&gt;&lt;/b&gt;&lt;b&gt;&lt;/b&gt;&lt;b&gt;&lt;/b&gt;&lt;b&gt;&lt;/b&gt;&lt;b&gt;&lt;/b&gt;&lt;b&gt;&lt;/b&gt;&lt;b&gt;&lt;/b&gt;&lt;b&gt;&lt;/b&gt;&lt;b&gt;&lt;/b&gt;&lt;b&gt;&lt;/b&gt;&lt;b&gt;&lt;/b&gt;&lt;b&gt;&lt;/b&gt;&lt;b&gt;&lt;/b&gt;&lt;b&gt;&lt;/b&gt;&lt;b&gt;&lt;/b&gt;&lt;b&gt;&lt;/b&gt;&lt;b&gt;&lt;/b&gt;&lt;b&gt;&lt;/b&gt;&lt;b&gt;&lt;/b&gt;&lt;b&gt;&lt;/b&gt;&lt;b&gt;&lt;/b&gt;&lt;b&gt;&lt;/b&gt;&lt;b&gt;&lt;/b&gt;&lt;b&gt;&lt;/b&gt;&lt;b&gt;&lt;/b&gt;&lt;b&gt;&lt;/b&gt;&lt;b&gt;&lt;/b&gt;&lt;b&gt;&lt;/b&gt;&lt;b&gt;&lt;/b&gt;&lt;b&gt;&lt;/b&gt;&lt;b&gt;&lt;/b&gt;&lt;b&gt;&lt;/b&gt;&lt;b&gt;&lt;/b&gt;&lt;b&gt;&lt;/b&gt;&lt;b&gt;&lt;/b&gt;&lt;b&gt;&lt;/b&gt;&lt;b&gt;&lt;/b&gt;&lt;b&gt;&lt;/b&gt;&lt;b&gt;&lt;/b&gt;&lt;b&gt;&lt;/b&gt;&lt;b&gt;&lt;/b&gt;&lt;b&gt;&lt;/b&gt;&lt;b&gt;&lt;/b&gt;&lt;b&gt;&lt;/b&gt;&lt;b&gt;&lt;/b&gt;&lt;b&gt;&lt;/b&gt;&lt;b&gt;&lt;/b&gt;&lt;b&gt;&lt;/b&gt;&lt;b&gt;&lt;/b&gt;&lt;b&gt;&lt;/b&gt;&lt;b&gt;&lt;/b&gt;&lt;b&gt;&lt;/b&gt;&lt;b&gt;&lt;/b&gt;&lt;b&gt;&lt;/b&gt;&lt;b&gt;&lt;/b&gt;&lt;b&gt;&lt;/b&gt;&lt;b&gt;&lt;/b&gt;&lt;b&gt;&lt;/b&gt;&lt;b&gt;&lt;/b&gt;&lt;b&gt;&lt;/b&gt;&lt;b&gt;&lt;/b&gt;&lt;b&gt;&lt;/b&gt;&lt;b&gt;&lt;/b&gt;&lt;b&gt;&lt;/b&gt;&lt;b&gt;&lt;/b&gt;&lt;b&gt;&lt;/b&gt;&lt;b&gt;&lt;/b&gt;&lt;b&gt;&lt;/b&gt;&lt;b&gt;&lt;/b&gt;&lt;b&gt;&lt;/b&gt;&lt;b&gt;&lt;/b&gt;&lt;b&gt;&lt;/b&gt;&lt;b&gt;&lt;/b&gt;&lt;b&gt;&lt;/b&gt;&lt;b&gt;&lt;/b&gt;&lt;b&gt;&lt;/b&gt;&lt;b&gt;&lt;/b&gt;&lt;b&gt;&lt;/b&gt;&lt;b&gt;&lt;/b&gt;&lt;b&gt;&lt;/b&gt;&lt;b&gt;&lt;/b&gt;&lt;b&gt;&lt;/b&gt;&lt;b&gt;&lt;/b&gt;&lt;b&gt;&lt;/b&gt;&lt;b&gt;&lt;/b&gt;&lt;b&gt;&lt;/b&gt;&lt;b&gt;&lt;/b&gt;&lt;b&gt;&lt;/b&gt;&lt;b&gt;&lt;/b&gt;&lt;b&gt;&lt;/b&gt;&lt;b&gt;&lt;/b&gt;&lt;b&gt;&lt;/b&gt;&lt;b&gt;&lt;/b&gt;&lt;b&gt;&lt;/b&gt;&lt;b&gt;&lt;/b&gt;&lt;b&gt;&lt;/b&gt;&lt;b&gt;&lt;/b&gt;&lt;b&gt;&lt;/b&gt;&lt;b&gt;&lt;/b&gt;&lt;b&gt;&lt;/b&gt;&lt;b&gt;&lt;/b&gt;&lt;b&gt;&lt;/b&gt;&lt;b&gt;&lt;/b&gt;&lt;b&gt;&lt;br /&gt;&lt;a class=&quot;external&quot; href=&quot;https://www.deviantart.com/users/outgoing?https://www.patreon.com/user?u=457132&amp;amp;ty=c&quot;&gt;Patreon&lt;/a&gt;&lt;br /&gt;&lt;img src=&quot;https://e.deviantart.net/emoticons/b/bulletgreen.gif&quot; width=&quot;10&quot; height=&quot;10&quot; alt=&quot;:bulletgreen:&quot; data-embed-type=&quot;emoticon&quot; data-embed-id=&quot;209&quot; title=&quot;Bullet; Green&quot;/&gt; &lt;b&gt;Other sites to follow my work&lt;/b&gt;&lt;b&gt;&lt;/b&gt;&lt;b&gt;&lt;/b&gt;&lt;b&gt;&lt;/b&gt;&lt;b&gt;&lt;/b&gt;&lt;b&gt;&lt;/b&gt;&lt;b&gt;&lt;/b&gt;&lt;b&gt;&lt;/b&gt;&lt;b&gt;&lt;/b&gt;&lt;b&gt;&lt;/b&gt;&lt;b&gt;&lt;/b&gt;&lt;b&gt;&lt;/b&gt;&lt;b&gt;&lt;/b&gt;&lt;b&gt;&lt;/b&gt;&lt;b&gt;&lt;/b&gt;&lt;b&gt;&lt;/b&gt;&lt;b&gt;&lt;/b&gt;&lt;b&gt;&lt;/b&gt;&lt;b&gt;&lt;/b&gt;&lt;b&gt;&lt;/b&gt;&lt;b&gt;&lt;/b&gt;&lt;b&gt;&lt;/b&gt;&lt;b&gt;&lt;/b&gt;&lt;b&gt;&lt;/b&gt;&lt;b&gt;&lt;/b&gt;&lt;b&gt;&lt;/b&gt;&lt;b&gt;&lt;/b&gt;&lt;b&gt;&lt;/b&gt;&lt;b&gt;&lt;/b&gt;&lt;b&gt;&lt;/b&gt;&lt;b&gt;&lt;/b&gt;&lt;b&gt;&lt;/b&gt;&lt;b&gt;&lt;/b&gt;&lt;b&gt;&lt;/b&gt;&lt;b&gt;&lt;/b&gt;&lt;b&gt;&lt;/b&gt;&lt;b&gt;&lt;/b&gt;&lt;b&gt;&lt;/b&gt;&lt;b&gt;&lt;/b&gt;&lt;b&gt;&lt;/b&gt;&lt;b&gt;&lt;/b&gt;&lt;b&gt;&lt;/b&gt;&lt;b&gt;&lt;/b&gt;&lt;b&gt;&lt;/b&gt;&lt;b&gt;&lt;/b&gt;&lt;b&gt;&lt;/b&gt;&lt;b&gt;&lt;/b&gt;&lt;b&gt;&lt;/b&gt;&lt;b&gt;&lt;/b&gt;&lt;b&gt;&lt;/b&gt;&lt;b&gt;&lt;/b&gt;&lt;b&gt;&lt;/b&gt;&lt;b&gt;&lt;/b&gt;&lt;b&gt;&lt;/b&gt;&lt;b&gt;&lt;/b&gt;&lt;b&gt;&lt;/b&gt;&lt;b&gt;&lt;/b&gt;&lt;b&gt;&lt;/b&gt;&lt;b&gt;&lt;/b&gt;&lt;b&gt;&lt;/b&gt;&lt;b&gt;&lt;/b&gt;&lt;b&gt;&lt;/b&gt;&lt;b&gt;&lt;/b&gt;&lt;b&gt;&lt;/b&gt;&lt;b&gt;&lt;/b&gt;&lt;b&gt;&lt;/b&gt;&lt;b&gt;&lt;/b&gt;&lt;b&gt;&lt;/b&gt;&lt;b&gt;&lt;/b&gt;&lt;b&gt;&lt;/b&gt;&lt;b&gt;&lt;/b&gt;&lt;b&gt;&lt;/b&gt;&lt;b&gt;&lt;/b&gt;&lt;b&gt;&lt;/b&gt;&lt;b&gt;&lt;/b&gt;&lt;b&gt;&lt;/b&gt;&lt;b&gt;&lt;/b&gt;&lt;b&gt;&lt;/b&gt;&lt;b&gt;&lt;/b&gt;&lt;b&gt;&lt;/b&gt;&lt;b&gt;&lt;/b&gt;&lt;b&gt;&lt;/b&gt;&lt;b&gt;&lt;/b&gt;&lt;b&gt;&lt;/b&gt;&lt;b&gt;&lt;/b&gt;&lt;b&gt;&lt;/b&gt;&lt;b&gt;&lt;/b&gt;&lt;b&gt;&lt;/b&gt;&lt;b&gt;&lt;/b&gt;&lt;b&gt;&lt;/b&gt;&lt;b&gt;&lt;/b&gt;&lt;b&gt;&lt;/b&gt;&lt;b&gt;&lt;/b&gt;&lt;b&gt;&lt;/b&gt;&lt;b&gt;&lt;/b&gt;&lt;b&gt;&lt;/b&gt;&lt;b&gt;&lt;/b&gt;&lt;b&gt;&lt;/b&gt;&lt;b&gt;&lt;/b&gt;&lt;b&gt;&lt;/b&gt;&lt;b&gt;&lt;/b&gt;&lt;b&gt;&lt;/b&gt;&lt;b&gt;&lt;/b&gt;&lt;b&gt;&lt;/b&gt;&lt;b&gt;&lt;/b&gt;&lt;b&gt;&lt;/b&gt;&lt;b&gt;&lt;/b&gt;&lt;b&gt;&lt;/b&gt;&lt;b&gt;&lt;/b&gt;&lt;b&gt;&lt;/b&gt;&lt;b&gt;&lt;/b&gt;&lt;b&gt;&lt;/b&gt;&lt;b&gt;&lt;/b&gt;&lt;b&gt;&lt;/b&gt;&lt;b&gt;&lt;/b&gt;&lt;b&gt;&lt;/b&gt;&lt;b&gt;&lt;/b&gt;&lt;b&gt;&lt;/b&gt;&lt;b&gt;&lt;/b&gt;&lt;b&gt;&lt;/b&gt;&lt;b&gt;&lt;/b&gt;&lt;b&gt;&lt;/b&gt;&lt;b&gt;&lt;/b&gt;&lt;b&gt;&lt;/b&gt;&lt;b&gt;&lt;/b&gt;&lt;b&gt;&lt;/b&gt;&lt;b&gt;&lt;/b&gt;&lt;b&gt;&lt;/b&gt;&lt;b&gt;&lt;/b&gt;&lt;b&gt;&lt;/b&gt;&lt;b&gt;&lt;/b&gt;&lt;b&gt;&lt;/b&gt;&lt;b&gt;&lt;/b&gt;&lt;b&gt;&lt;/b&gt;&lt;b&gt;&lt;/b&gt;&lt;b&gt;&lt;/b&gt;&lt;b&gt;&lt;/b&gt;&lt;b&gt;&lt;/b&gt;&lt;b&gt;&lt;/b&gt;&lt;b&gt;&lt;/b&gt;&lt;b&gt;&lt;/b&gt;&lt;b&gt;&lt;/b&gt;&lt;b&gt;&lt;/b&gt;&lt;b&gt;&lt;/b&gt;&lt;b&gt;&lt;/b&gt;&lt;b&gt;&lt;/b&gt;&lt;b&gt;&lt;/b&gt;&lt;b&gt;&lt;/b&gt;&lt;b&gt;&lt;/b&gt;&lt;b&gt;&lt;/b&gt;&lt;b&gt;&lt;/b&gt;&lt;b&gt;&lt;/b&gt;&lt;b&gt;&lt;/b&gt;&lt;b&gt;&lt;/b&gt;&lt;b&gt;&lt;/b&gt;&lt;b&gt;&lt;/b&gt;&lt;b&gt;&lt;/b&gt;&lt;b&gt;&lt;/b&gt;&lt;b&gt;&lt;/b&gt;&lt;b&gt;&lt;/b&gt;&lt;b&gt;&lt;/b&gt;&lt;b&gt;&lt;/b&gt;&lt;b&gt;&lt;/b&gt;&lt;b&gt;&lt;/b&gt;&lt;b&gt;&lt;/b&gt;&lt;b&gt;&lt;/b&gt;&lt;b&gt;&lt;/b&gt;&lt;b&gt;&lt;/b&gt;&lt;b&gt;&lt;/b&gt;&lt;b&gt;&lt;/b&gt;&lt;b&gt;&lt;/b&gt;&lt;b&gt;&lt;/b&gt;&lt;b&gt;&lt;/b&gt;&lt;b&gt;&lt;/b&gt;&lt;b&gt;&lt;/b&gt;&lt;b&gt;&lt;/b&gt;&lt;b&gt;&lt;/b&gt;&lt;b&gt;&lt;/b&gt;&lt;b&gt;&lt;/b&gt;&lt;b&gt;&lt;/b&gt;&lt;b&gt;&lt;/b&gt;&lt;b&gt;&lt;/b&gt;&lt;b&gt;&lt;/b&gt;&lt;b&gt;&lt;/b&gt;&lt;b&gt;&lt;/b&gt;&lt;b&gt;&lt;/b&gt;&lt;b&gt;&lt;/b&gt;&lt;b&gt;&lt;/b&gt;&lt;b&gt;&lt;/b&gt;&lt;b&gt;&lt;/b&gt;&lt;b&gt;&lt;/b&gt;&lt;b&gt;&lt;/b&gt;&lt;b&gt;&lt;/b&gt;&lt;b&gt;&lt;/b&gt;&lt;b&gt;&lt;/b&gt;&lt;b&gt;&lt;/b&gt;&lt;b&gt;&lt;/b&gt;&lt;b&gt;&lt;/b&gt;&lt;b&gt;&lt;/b&gt;&lt;b&gt;&lt;/b&gt;&lt;b&gt;&lt;/b&gt;&lt;b&gt;&lt;/b&gt;&lt;b&gt;&lt;/b&gt;&lt;b&gt;&lt;/b&gt;&lt;b&gt;&lt;/b&gt;&lt;b&gt;&lt;/b&gt;&lt;b&gt;&lt;/b&gt;&lt;b&gt;&lt;/b&gt;&lt;b&gt;&lt;/b&gt;&lt;b&gt;&lt;/b&gt;&lt;b&gt;&lt;/b&gt;&lt;b&gt;&lt;/b&gt;&lt;b&gt;&lt;/b&gt;&lt;b&gt;&lt;/b&gt;&lt;b&gt;&lt;/b&gt;&lt;b&gt;&lt;/b&gt;&lt;b&gt;&lt;/b&gt;&lt;b&gt;&lt;/b&gt;&lt;b&gt;&lt;/b&gt;&lt;b&gt;&lt;/b&gt;&lt;b&gt;&lt;/b&gt;&lt;b&gt;&lt;/b&gt;&lt;b&gt;&lt;/b&gt;&lt;b&gt;&lt;/b&gt;&lt;b&gt;&lt;/b&gt;&lt;b&gt;&lt;/b&gt;&lt;b&gt;&lt;/b&gt;&lt;b&gt;&lt;/b&gt;&lt;b&gt;&lt;/b&gt;&lt;b&gt;&lt;/b&gt;&lt;b&gt;&lt;/b&gt;&lt;b&gt;&lt;/b&gt;&lt;b&gt;&lt;/b&gt;&lt;b&gt;&lt;/b&gt;&lt;b&gt;&lt;/b&gt;&lt;b&gt;&lt;/b&gt;&lt;b&gt;&lt;/b&gt;&lt;b&gt;&lt;/b&gt;&lt;b&gt;&lt;/b&gt;&lt;b&gt;&lt;/b&gt;&lt;b&gt;&lt;/b&gt;&lt;b&gt;&lt;/b&gt;&lt;b&gt;&lt;/b&gt;&lt;b&gt;&lt;/b&gt;&lt;b&gt;&lt;/b&gt;&lt;b&gt;&lt;/b&gt;&lt;b&gt;&lt;/b&gt;&lt;b&gt;&lt;/b&gt;&lt;b&gt;&lt;/b&gt;&lt;b&gt;&lt;/b&gt;&lt;b&gt;&lt;/b&gt;&lt;b&gt;&lt;/b&gt;&lt;b&gt;&lt;/b&gt;&lt;b&gt;&lt;/b&gt;&lt;b&gt;&lt;/b&gt;&lt;b&gt;&lt;/b&gt;&lt;b&gt;&lt;/b&gt;&lt;b&gt;&lt;/b&gt;&lt;b&gt;&lt;/b&gt;&lt;b&gt;&lt;/b&gt;&lt;b&gt;&lt;/b&gt;&lt;b&gt;&lt;/b&gt;&lt;b&gt;&lt;/b&gt;&lt;b&gt;&lt;/b&gt;&lt;b&gt;&lt;/b&gt;&lt;b&gt;&lt;/b&gt;&lt;b&gt;&lt;/b&gt;&lt;b&gt;&lt;/b&gt;&lt;b&gt;&lt;/b&gt;&lt;b&gt;&lt;/b&gt;&lt;b&gt;&lt;/b&gt;&lt;b&gt;&lt;/b&gt;&lt;b&gt;&lt;/b&gt;&lt;b&gt;&lt;/b&gt;&lt;b&gt;&lt;/b&gt;&lt;b&gt;&lt;/b&gt;&lt;b&gt;&lt;/b&gt;&lt;b&gt;&lt;/b&gt;&lt;b&gt;&lt;/b&gt;&lt;b&gt;&lt;/b&gt;&lt;b&gt;&lt;/b&gt;&lt;b&gt;&lt;/b&gt;&lt;b&gt;&lt;/b&gt;&lt;b&gt;&lt;/b&gt;&lt;b&gt;&lt;/b&gt;&lt;b&gt;&lt;/b&gt;&lt;b&gt;&lt;/b&gt;&lt;b&gt;&lt;/b&gt;&lt;b&gt;&lt;/b&gt;&lt;b&gt;&lt;/b&gt;&lt;b&gt;&lt;/b&gt;&lt;b&gt;&lt;/b&gt;&lt;b&gt;&lt;/b&gt;&lt;b&gt;&lt;/b&gt;&lt;b&gt;&lt;/b&gt;&lt;b&gt;&lt;/b&gt;&lt;b&gt;&lt;/b&gt;&lt;b&gt;&lt;/b&gt;&lt;b&gt;&lt;/b&gt;&lt;b&gt;&lt;/b&gt;&lt;b&gt;&lt;/b&gt;&lt;b&gt;&lt;/b&gt;&lt;b&gt;&lt;/b&gt;&lt;b&gt;&lt;/b&gt;&lt;b&gt;&lt;/b&gt;&lt;b&gt;&lt;/b&gt;&lt;b&gt;&lt;/b&gt;&lt;b&gt;&lt;/b&gt;&lt;b&gt;&lt;/b&gt;&lt;b&gt;&lt;/b&gt;&lt;b&gt;&lt;/b&gt;&lt;b&gt;&lt;/b&gt;&lt;b&gt;&lt;/b&gt;&lt;b&gt;&lt;/b&gt;&lt;b&gt;&lt;/b&gt;&lt;b&gt;&lt;/b&gt;&lt;b&gt;&lt;/b&gt;&lt;b&gt;&lt;/b&gt;&lt;b&gt;&lt;/b&gt;&lt;b&gt;&lt;/b&gt;&lt;b&gt;&lt;/b&gt;&lt;b&gt;&lt;/b&gt;&lt;b&gt;&lt;/b&gt;&lt;b&gt;&lt;/b&gt;&lt;b&gt;&lt;/b&gt;&lt;b&gt;&lt;/b&gt;&lt;b&gt;&lt;/b&gt;&lt;b&gt;&lt;/b&gt;&lt;b&gt;&lt;/b&gt;&lt;b&gt;&lt;/b&gt;&lt;b&gt;&lt;/b&gt;&lt;b&gt;&lt;/b&gt;&lt;b&gt;&lt;/b&gt;&lt;b&gt;&lt;/b&gt;&lt;b&gt;&lt;/b&gt;&lt;b&gt;&lt;/b&gt;&lt;b&gt;&lt;/b&gt;&lt;b&gt;&lt;/b&gt;&lt;b&gt;&lt;/b&gt;&lt;b&gt;&lt;/b&gt;&lt;b&gt;&lt;/b&gt;&lt;b&gt;&lt;/b&gt;&lt;b&gt;&lt;/b&gt;&lt;b&gt;&lt;/b&gt;&lt;b&gt;&lt;/b&gt;&lt;b&gt;&lt;/b&gt;&lt;b&gt;&lt;/b&gt;&lt;b&gt;&lt;/b&gt;&lt;b&gt;&lt;/b&gt;&lt;b&gt;&lt;/b&gt;&lt;b&gt;&lt;/b&gt;&lt;b&gt;&lt;/b&gt;&lt;b&gt;&lt;/b&gt;&lt;b&gt;&lt;/b&gt;&lt;b&gt;&lt;/b&gt;&lt;b&gt;&lt;/b&gt;&lt;b&gt;&lt;/b&gt;&lt;b&gt;&lt;/b&gt;&lt;b&gt;&lt;/b&gt;&lt;b&gt;&lt;/b&gt;&lt;b&gt;&lt;/b&gt;&lt;b&gt;&lt;/b&gt;&lt;b&gt;&lt;/b&gt;&lt;b&gt;&lt;/b&gt;&lt;b&gt;&lt;/b&gt;&lt;b&gt;&lt;/b&gt;&lt;b&gt;&lt;/b&gt;&lt;b&gt;&lt;/b&gt;&lt;b&gt;&lt;/b&gt;&lt;b&gt;&lt;/b&gt;&lt;b&gt;&lt;/b&gt;&lt;b&gt;&lt;/b&gt;&lt;b&gt;&lt;/b&gt;&lt;b&gt;&lt;/b&gt;&lt;b&gt;&lt;/b&gt;&lt;b&gt;&lt;/b&gt;&lt;b&gt;&lt;/b&gt;&lt;b&gt;&lt;/b&gt;&lt;b&gt;&lt;/b&gt;&lt;b&gt;&lt;/b&gt;&lt;b&gt;&lt;/b&gt;&lt;b&gt;&lt;/b&gt;&lt;b&gt;&lt;/b&gt;&lt;b&gt;&lt;/b&gt;&lt;b&gt;&lt;/b&gt;&lt;b&gt;&lt;/b&gt;&lt;b&gt;&lt;/b&gt;&lt;b&gt;&lt;/b&gt;&lt;b&gt;&lt;/b&gt;&lt;b&gt;&lt;/b&gt;&lt;b&gt;&lt;/b&gt;&lt;b&gt;&lt;/b&gt;&lt;b&gt;&lt;/b&gt;&lt;b&gt;&lt;/b&gt;&lt;b&gt;&lt;/b&gt;&lt;b&gt;&lt;/b&gt;&lt;b&gt;&lt;/b&gt;&lt;b&gt;&lt;/b&gt;&lt;b&gt;&lt;/b&gt;&lt;b&gt;&lt;/b&gt;&lt;b&gt;&lt;/b&gt;&lt;b&gt;&lt;/b&gt;&lt;b&gt;&lt;/b&gt;&lt;b&gt;&lt;/b&gt;&lt;b&gt;&lt;/b&gt;&lt;b&gt;&lt;/b&gt;&lt;b&gt;&lt;/b&gt;&lt;b&gt;&lt;/b&gt;&lt;b&gt;&lt;/b&gt;&lt;b&gt;&lt;/b&gt;&lt;b&gt;&lt;/b&gt;&lt;b&gt;&lt;/b&gt;&lt;b&gt;&lt;/b&gt;&lt;b&gt;&lt;/b&gt;&lt;b&gt;&lt;/b&gt;&lt;b&gt;&lt;/b&gt;&lt;b&gt;&lt;/b&gt;&lt;b&gt;&lt;/b&gt;&lt;b&gt;&lt;/b&gt;&lt;b&gt;&lt;/b&gt;&lt;b&gt;&lt;/b&gt;&lt;b&gt;&lt;/b&gt;&lt;b&gt;&lt;/b&gt;&lt;b&gt;&lt;/b&gt;&lt;b&gt;&lt;/b&gt;&lt;b&gt;&lt;/b&gt;&lt;b&gt;&lt;/b&gt;&lt;b&gt;&lt;/b&gt;&lt;b&gt;&lt;/b&gt;&lt;b&gt;&lt;/b&gt;&lt;b&gt;&lt;/b&gt;&lt;b&gt;&lt;/b&gt;&lt;b&gt;&lt;/b&gt;&lt;b&gt;&lt;/b&gt;&lt;b&gt;&lt;/b&gt;&lt;b&gt;&lt;/b&gt;&lt;b&gt;&lt;/b&gt;&lt;b&gt;&lt;/b&gt;&lt;b&gt;&lt;/b&gt;&lt;b&gt;&lt;/b&gt;&lt;b&gt;&lt;/b&gt;&lt;b&gt;&lt;/b&gt;&lt;b&gt;&lt;/b&gt;&lt;b&gt;&lt;/b&gt;&lt;b&gt;&lt;/b&gt;&lt;b&gt;&lt;/b&gt;&lt;b&gt;&lt;/b&gt;&lt;b&gt;&lt;/b&gt;&lt;b&gt;&lt;/b&gt;&lt;b&gt;&lt;/b&gt;&lt;b&gt;&lt;/b&gt;&lt;b&gt;&lt;/b&gt;&lt;b&gt;&lt;/b&gt;&lt;b&gt;&lt;/b&gt;&lt;b&gt;&lt;/b&gt;&lt;b&gt;&lt;/b&gt;&lt;b&gt;&lt;/b&gt;&lt;b&gt;&lt;/b&gt;&lt;b&gt;&lt;/b&gt;&lt;b&gt;&lt;/b&gt;&lt;b&gt;&lt;/b&gt;&lt;b&gt;&lt;/b&gt;&lt;b&gt;&lt;/b&gt;&lt;b&gt;&lt;/b&gt;&lt;b&gt;&lt;/b&gt;&lt;b&gt;&lt;/b&gt;&lt;b&gt;&lt;/b&gt;&lt;b&gt;&lt;/b&gt;&lt;b&gt;&lt;/b&gt;&lt;b&gt;&lt;/b&gt;&lt;b&gt;&lt;/b&gt;&lt;b&gt;&lt;/b&gt;&lt;b&gt;&lt;/b&gt;&lt;b&gt;&lt;/b&gt;&lt;b&gt;&lt;/b&gt;&lt;b&gt;&lt;/b&gt;&lt;b&gt;&lt;/b&gt;&lt;b&gt;&lt;/b&gt;&lt;b&gt;&lt;/b&gt;&lt;b&gt;&lt;/b&gt;&lt;b&gt;&lt;/b&gt;&lt;b&gt;&lt;/b&gt;&lt;b&gt;&lt;/b&gt;&lt;b&gt;&lt;/b&gt;&lt;b&gt;&lt;/b&gt;&lt;b&gt;&lt;/b&gt;&lt;b&gt;&lt;/b&gt;&lt;b&gt;&lt;br /&gt;&lt;img src=&quot;https://e.deviantart.net/emoticons/f/facebook.gif&quot; width=&quot;16&quot; height=&quot;16&quot; alt=&quot;:facebook:&quot; data-embed-type=&quot;emoticon&quot; data-embed-id=&quot;616&quot; title=&quot;Facebook&quot;/&gt; &lt;a class=&quot;external&quot; href=&quot;https://www.deviantart.com/users/outgoing?https://www.facebook.com/CryptidCreations/timeline&quot;&gt;Facebook&lt;/a&gt;&lt;br /&gt;&lt;img src=&quot;https://e.deviantart.net/emoticons/t/twitter_2.gif&quot; width=&quot;16&quot; height=&quot;16&quot; alt=&quot;:twitter:&quot; data-embed-type=&quot;emoticon&quot; data-embed-id=&quot;614&quot; title=&quot;Twitter&quot;/&gt; &lt;a class=&quot;external&quot; href=&quot;https://www.deviantart.com/users/outgoing?https://twitter.com/Piper_Thibodeau&quot;&gt;Twitter&lt;/a&gt;&lt;br /&gt;&lt;img src=&quot;https://e.deviantart.net/emoticons/b/bulletgreen.gif&quot; width=&quot;10&quot; height=&quot;10&quot; alt=&quot;:bulletgreen:&quot; data-embed-type=&quot;emoticon&quot; data-embed-id=&quot;209&quot; title=&quot;Bullet; Green&quot;/&gt; For any business related inquiries please send me an e-mail at cryptidcreations@gmail.com&lt;br /&gt;&lt;/b&gt;&lt;/b&gt;&lt;/b&gt;&lt;br /&gt;&lt;div&gt;&lt;img src=&quot;https://t00.deviantart.net/fpF7mnTw57d_FtDcYWl4AT8MnNw=/300x200/filters:fixed_height(100,100):origin()/pre00/0c1e/th/pre/f/2019/049/9/c/daily_paint_2281__stargrazing_by_cryptid_creations-dd04hy6.png&quot; alt=&quot;thumbnail&quot; /&gt;&lt;/div&gt;</description>            </item>
                    <item>
                <title>Marceline</title>
                <link>https://foxilumi.deviantart.com/art/Marceline-786232524</link>
                <guid isPermaLink="true">https://foxilumi.deviantart.com/art/Marceline-786232524</guid>
                <pubDate>Mon, 18 Feb 2019 14:11:22 PST</pubDate>
                        <media:title type="plain">Marceline</media:title>
        <media:keywords></media:keywords>
                        <media:rating>nonadult</media:rating>
                <media:category label="Movies &amp; TV">fanart/cartoons/digital/movies</media:category>
        <media:credit role="author" scheme="urn:ebu">Foxilumi</media:credit>
        <media:credit role="author" scheme="urn:ebu">https://a.deviantart.net/avatars/f/o/foxilumi.png?8</media:credit>
        <media:copyright url="https://foxilumi.deviantart.com">Copyright 2019 Foxilumi</media:copyright>            <media:description type="html">Marceline from the Adventure Time. Wanted to try a bit more vintage style pin-up this time.&amp;nbsp;&lt;br /&gt;&lt;br /&gt;lol... already guessed some will notice that how come she not burn in the sun. XD I myself realized it half way when drawing it. But well maybe she ate a magic strawberry that made her immune to sun for a day. &lt;img src=&quot;https://e.deviantart.net/emoticons/letters/=p.gif&quot; width=&quot;15&quot; height=&quot;15&quot; alt=&quot;:P&quot; data-embed-type=&quot;emoticon&quot; data-embed-id=&quot;395&quot; title=&quot;:P (Lick)&quot;/&gt; Magic is answer to all the problems. &lt;img src=&quot;https://e.deviantart.net/emoticons/w/wink.gif&quot; width=&quot;15&quot; height=&quot;15&quot; alt=&quot;;)&quot; data-embed-type=&quot;emoticon&quot; data-embed-id=&quot;387&quot; title=&quot;;) (Wink)&quot;/&gt;&lt;br /&gt;&lt;br /&gt;~~~&lt;br /&gt;&lt;br /&gt;Rewards in Patreon:&amp;nbsp;&lt;a class=&quot;external&quot; href=&quot;https://www.deviantart.com/users/outgoing?https://www.patreon.com/Foxilumi&quot;&gt;www.patreon.com/Foxilumi&lt;/a&gt;&lt;br /&gt;&lt;br /&gt;&lt;img src=&quot;https://e.deviantart.net/emoticons/s/star_full.gif&quot; alt=&quot;Star!&quot; style=&quot;width: 17px; height: 16px;&quot; data-embed-type=&quot;emoticon&quot; data-embed-id=&quot;450&quot;&gt;&amp;nbsp;High-Resolution&lt;br /&gt;&lt;img src=&quot;https://e.deviantart.net/emoticons/s/star_full.gif&quot; alt=&quot;Star!&quot; style=&quot;width: 17px; height: 16px;&quot; data-embed-type=&quot;emoticon&quot; data-embed-id=&quot;450&quot;&gt;&amp;nbsp;Lineart&lt;br /&gt;&lt;img src=&quot;https://e.deviantart.net/emoticons/s/star_full.gif&quot; alt=&quot;Star!&quot; style=&quot;width: 17px; height: 16px;&quot; data-embed-type=&quot;emoticon&quot; data-embed-id=&quot;450&quot;&gt;&amp;nbsp;Process Steps&lt;br /&gt;&lt;img src=&quot;https://e.deviantart.net/emoticons/s/star_full.gif&quot; alt=&quot;Star!&quot; style=&quot;width: 17px; height: 16px;&quot; data-embed-type=&quot;emoticon&quot; data-embed-id=&quot;450&quot;&gt;&amp;nbsp;PSD&lt;br /&gt;&lt;img src=&quot;https://e.deviantart.net/emoticons/s/star_full.gif&quot; alt=&quot;Star!&quot; style=&quot;width: 17px; height: 16px;&quot; data-embed-type=&quot;emoticon&quot; data-embed-id=&quot;450&quot;&gt;&amp;nbsp;NSFW&lt;br /&gt;&lt;br /&gt;Join this month to receive the rewards.&lt;br /&gt;&lt;br /&gt;~~~&lt;br /&gt;&lt;br /&gt;&lt;b&gt;&amp;nbsp;&lt;a href=&quot;https://www.deviantart.com/freakyed/art/Bullet-Patreon-455550600&quot; class=&quot;emoticon&quot; data-embed-type=&quot;emoticon&quot; data-embed-id=&quot;455550600&quot; data-embed-profile=&quot;deviation&quot;&gt;&lt;img src=&quot;https://images-wixmp-ed30a86b8c4ca887773594c2.wixmp.com/intermediary/f/e84b0e0f-dd81-4999-b6bc-536c4d32d85e/d7j813c-dc204c1d-c7d2-4616-b6bf-f40b92fae3b2.png&quot; alt=&quot;.:Bullet:. Patreon&quot; style=&quot;width:16px;height:16px&quot;&gt;&lt;/a&gt;&amp;nbsp;&lt;a class=&quot;external&quot; href=&quot;https://www.deviantart.com/users/outgoing?https://www.patreon.com/Foxilumi&quot; title=&quot;Foxilumi on Patreon&quot;&gt;Patreon&lt;/a&gt; &amp;nbsp;&lt;img src=&quot;https://e.deviantart.net/emoticons/t/twitter_2.gif&quot; alt=&quot;Twitter&quot; style=&quot;width: 16px; height: 16px;&quot; data-embed-type=&quot;emoticon&quot; data-embed-id=&quot;614&quot;&gt;&amp;nbsp;&lt;a class=&quot;external&quot; href=&quot;https://www.deviantart.com/users/outgoing?https://twitter.com/foxilumi&quot; title=&quot;Foxilumi on Twitter&quot;&gt;Twitter&lt;/a&gt;&amp;nbsp;|&amp;nbsp;&lt;a href=&quot;https://www.deviantart.com/hexsy/art/Tumblr-Emote-477200343&quot; class=&quot;emoticon&quot; data-embed-type=&quot;emoticon&quot; data-embed-id=&quot;477200343&quot; data-embed-profile=&quot;deviation&quot;&gt;&lt;img src=&quot;https://orig00.deviantart.net/5638/f/2014/233/8/d/tumblr_emote_by_hexsy-d7w4253.gif&quot; alt=&quot;Tumblr Emote&quot; style=&quot;width:16px;height:16px&quot;&gt;&lt;/a&gt;&amp;nbsp;&lt;a class=&quot;external&quot; href=&quot;https://www.deviantart.com/users/outgoing?http://foxilumi.tumblr.com/&quot;&gt;Tumblr&lt;/a&gt; |&amp;nbsp;&lt;a href=&quot;https://www.deviantart.com/poserfan/art/Instagram-Icon-414445438&quot; class=&quot;emoticon&quot; data-embed-type=&quot;emoticon&quot; data-embed-id=&quot;414445438&quot; data-embed-profile=&quot;deviation&quot;&gt;&lt;img src=&quot;https://orig00.deviantart.net/efae/f/2013/326/f/3/instagram_icon_by_poserfan-d6ur05a.gif&quot; alt=&quot;Instagram Icon&quot; style=&quot;width:16px;height:16px&quot;&gt;&lt;/a&gt;&amp;nbsp;&lt;a class=&quot;external&quot; href=&quot;https://www.deviantart.com/users/outgoing?https://www.instagram.com/foxilumi/&quot;&gt;Instagram&lt;/a&gt;&lt;/b&gt;</media:description>            <media:thumbnail url="https://t00.deviantart.net/ZvXqubacgxtZAqVnRFebpiJDITQ=/fit-in/150x150/filters:no_upscale():origin()/pre00/8895/th/pre/i/2019/049/c/6/marceline_by_foxilumi-dd03owc.png" height="150" width="107"/>            <media:thumbnail url="https://t00.deviantart.net/NGizRssN_qR--ZwEQrPPj108AKA=/fit-in/300x900/filters:no_upscale():origin()/pre00/8895/th/pre/i/2019/049/c/6/marceline_by_foxilumi-dd03owc.png" height="420" width="300"/>            <media:thumbnail url="https://t00.deviantart.net/5XZkfLS3vXNTfzzVInObCTFElbg=/300x200/filters:fixed_height(100,100):origin()/pre00/8895/th/pre/i/2019/049/c/6/marceline_by_foxilumi-dd03owc.png" height="200" width="143"/>            <media:content url="https://img00.deviantart.net/b891/i/2019/049/c/6/marceline_by_foxilumi-dd03owc.png" height="840" width="600" medium="image"/>            
            <description>Marceline from the Adventure Time. Wanted to try a bit more vintage style pin-up this time.&amp;nbsp;&lt;br /&gt;&lt;br /&gt;lol... already guessed some will notice that how come she not burn in the sun. XD I myself realized it half way when drawing it. But well maybe she ate a magic strawberry that made her immune to sun for a day. &lt;img src=&quot;https://e.deviantart.net/emoticons/letters/=p.gif&quot; width=&quot;15&quot; height=&quot;15&quot; alt=&quot;:P&quot; data-embed-type=&quot;emoticon&quot; data-embed-id=&quot;395&quot; title=&quot;:P (Lick)&quot;/&gt; Magic is answer to all the problems. &lt;img src=&quot;https://e.deviantart.net/emoticons/w/wink.gif&quot; width=&quot;15&quot; height=&quot;15&quot; alt=&quot;;)&quot; data-embed-type=&quot;emoticon&quot; data-embed-id=&quot;387&quot; title=&quot;;) (Wink)&quot;/&gt;&lt;br /&gt;&lt;br /&gt;~~~&lt;br /&gt;&lt;br /&gt;Rewards in Patreon:&amp;nbsp;&lt;a class=&quot;external&quot; href=&quot;https://www.deviantart.com/users/outgoing?https://www.patreon.com/Foxilumi&quot;&gt;www.patreon.com/Foxilumi&lt;/a&gt;&lt;br /&gt;&lt;br /&gt;&lt;img src=&quot;https://e.deviantart.net/emoticons/s/star_full.gif&quot; alt=&quot;Star!&quot; style=&quot;width: 17px; height: 16px;&quot; data-embed-type=&quot;emoticon&quot; data-embed-id=&quot;450&quot;&gt;&amp;nbsp;High-Resolution&lt;br /&gt;&lt;img src=&quot;https://e.deviantart.net/emoticons/s/star_full.gif&quot; alt=&quot;Star!&quot; style=&quot;width: 17px; height: 16px;&quot; data-embed-type=&quot;emoticon&quot; data-embed-id=&quot;450&quot;&gt;&amp;nbsp;Lineart&lt;br /&gt;&lt;img src=&quot;https://e.deviantart.net/emoticons/s/star_full.gif&quot; alt=&quot;Star!&quot; style=&quot;width: 17px; height: 16px;&quot; data-embed-type=&quot;emoticon&quot; data-embed-id=&quot;450&quot;&gt;&amp;nbsp;Process Steps&lt;br /&gt;&lt;img src=&quot;https://e.deviantart.net/emoticons/s/star_full.gif&quot; alt=&quot;Star!&quot; style=&quot;width: 17px; height: 16px;&quot; data-embed-type=&quot;emoticon&quot; data-embed-id=&quot;450&quot;&gt;&amp;nbsp;PSD&lt;br /&gt;&lt;img src=&quot;https://e.deviantart.net/emoticons/s/star_full.gif&quot; alt=&quot;Star!&quot; style=&quot;width: 17px; height: 16px;&quot; data-embed-type=&quot;emoticon&quot; data-embed-id=&quot;450&quot;&gt;&amp;nbsp;NSFW&lt;br /&gt;&lt;br /&gt;Join this month to receive the rewards.&lt;br /&gt;&lt;br /&gt;~~~&lt;br /&gt;&lt;br /&gt;&lt;b&gt;&amp;nbsp;&lt;a href=&quot;https://www.deviantart.com/freakyed/art/Bullet-Patreon-455550600&quot; class=&quot;emoticon&quot; data-embed-type=&quot;emoticon&quot; data-embed-id=&quot;455550600&quot; data-embed-profile=&quot;deviation&quot;&gt;&lt;img src=&quot;https://images-wixmp-ed30a86b8c4ca887773594c2.wixmp.com/intermediary/f/e84b0e0f-dd81-4999-b6bc-536c4d32d85e/d7j813c-dc204c1d-c7d2-4616-b6bf-f40b92fae3b2.png&quot; alt=&quot;.:Bullet:. Patreon&quot; style=&quot;width:16px;height:16px&quot;&gt;&lt;/a&gt;&amp;nbsp;&lt;a class=&quot;external&quot; href=&quot;https://www.deviantart.com/users/outgoing?https://www.patreon.com/Foxilumi&quot; title=&quot;Foxilumi on Patreon&quot;&gt;Patreon&lt;/a&gt; &amp;nbsp;&lt;img src=&quot;https://e.deviantart.net/emoticons/t/twitter_2.gif&quot; alt=&quot;Twitter&quot; style=&quot;width: 16px; height: 16px;&quot; data-embed-type=&quot;emoticon&quot; data-embed-id=&quot;614&quot;&gt;&amp;nbsp;&lt;a class=&quot;external&quot; href=&quot;https://www.deviantart.com/users/outgoing?https://twitter.com/foxilumi&quot; title=&quot;Foxilumi on Twitter&quot;&gt;Twitter&lt;/a&gt;&amp;nbsp;|&amp;nbsp;&lt;a href=&quot;https://www.deviantart.com/hexsy/art/Tumblr-Emote-477200343&quot; class=&quot;emoticon&quot; data-embed-type=&quot;emoticon&quot; data-embed-id=&quot;477200343&quot; data-embed-profile=&quot;deviation&quot;&gt;&lt;img src=&quot;https://orig00.deviantart.net/5638/f/2014/233/8/d/tumblr_emote_by_hexsy-d7w4253.gif&quot; alt=&quot;Tumblr Emote&quot; style=&quot;width:16px;height:16px&quot;&gt;&lt;/a&gt;&amp;nbsp;&lt;a class=&quot;external&quot; href=&quot;https://www.deviantart.com/users/outgoing?http://foxilumi.tumblr.com/&quot;&gt;Tumblr&lt;/a&gt; |&amp;nbsp;&lt;a href=&quot;https://www.deviantart.com/poserfan/art/Instagram-Icon-414445438&quot; class=&quot;emoticon&quot; data-embed-type=&quot;emoticon&quot; data-embed-id=&quot;414445438&quot; data-embed-profile=&quot;deviation&quot;&gt;&lt;img src=&quot;https://orig00.deviantart.net/efae/f/2013/326/f/3/instagram_icon_by_poserfan-d6ur05a.gif&quot; alt=&quot;Instagram Icon&quot; style=&quot;width:16px;height:16px&quot;&gt;&lt;/a&gt;&amp;nbsp;&lt;a class=&quot;external&quot; href=&quot;https://www.deviantart.com/users/outgoing?https://www.instagram.com/foxilumi/&quot;&gt;Instagram&lt;/a&gt;&lt;/b&gt;&lt;br /&gt;&lt;div&gt;&lt;img src=&quot;https://t00.deviantart.net/5XZkfLS3vXNTfzzVInObCTFElbg=/300x200/filters:fixed_height(100,100):origin()/pre00/8895/th/pre/i/2019/049/c/6/marceline_by_foxilumi-dd03owc.png&quot; alt=&quot;thumbnail&quot; /&gt;&lt;/div&gt;</description>            </item>
                    <item>
                <title>Trip</title>
                <link>https://nightrizer.deviantart.com/art/Trip-786259193</link>
                <guid isPermaLink="true">https://nightrizer.deviantart.com/art/Trip-786259193</guid>
                <pubDate>Mon, 18 Feb 2019 17:31:23 PST</pubDate>
                        <media:title type="plain">Trip</media:title>
        <media:keywords></media:keywords>
                        <media:rating>nonadult</media:rating>
                <media:category label="Fantasy">digitalart/paintings/fantasy</media:category>
        <media:credit role="author" scheme="urn:ebu">Nightrizer</media:credit>
        <media:credit role="author" scheme="urn:ebu">https://a.deviantart.net/avatars/n/i/nightrizer.gif?10</media:credit>
        <media:copyright url="https://nightrizer.deviantart.com">Copyright 2019 Nightrizer</media:copyright>            <media:description type="html">&lt;p&gt;&lt;sub&gt;I managed to finish this between everything else today :&#039;D&lt;/sub&gt; Commission for &lt;a target=&quot;_self&quot; href=&quot;https://www.deviantart.com/missdismal&quot; &gt;&lt;img class=&quot;avatar&quot; width=&quot;50&quot; height=&quot;50&quot; src=&quot;https://a.deviantart.net/avatars/m/i/missdismal.png?2&quot; alt=&quot;:iconmissdismal:&quot; title=&quot;MissDismal&quot; /&gt;&lt;/a&gt; ! Thank you for commissioning me! &lt;img src=&quot;https://e.deviantart.net/emoticons/b/biggrin.gif&quot; width=&quot;15&quot; height=&quot;15&quot; alt=&quot;:D&quot; data-embed-type=&quot;emoticon&quot; data-embed-id=&quot;366&quot; title=&quot;:D (Big Grin)&quot;/&gt;&lt;/p&gt; &lt;p&gt;&amp;nbsp;&lt;/p&gt; &lt;p&gt;&amp;nbsp;&lt;/p&gt; &lt;p&gt;&amp;nbsp;&lt;/p&gt; &lt;p&gt;Character &amp;#169; &lt;span class=&quot;username-with-symbol u&quot;&gt;&lt;a class=&quot;u premium username&quot; href=&quot;https://www.deviantart.com/missdismal&quot;&gt;MissDismal&lt;/a&gt;&lt;span class=&quot;user-symbol premium&quot; data-quicktip-text=&quot;Core Member&quot; data-show-tooltip=&quot;1&quot; data-gruser-type=&quot;premium&quot;&gt;&lt;/span&gt;&lt;/span&gt;&lt;/p&gt; &lt;p&gt;Art &amp;#169; &lt;span class=&quot;username-with-symbol u&quot;&gt;&lt;a class=&quot;u premium username&quot; href=&quot;https://www.deviantart.com/nightrizer&quot;&gt;Nightrizer&lt;/a&gt;&lt;span class=&quot;user-symbol premium&quot; data-quicktip-text=&quot;Core Member&quot; data-show-tooltip=&quot;1&quot; data-gruser-type=&quot;premium&quot;&gt;&lt;/span&gt;&lt;/span&gt;&lt;/p&gt;</media:description>            <media:thumbnail url="https://t00.deviantart.net/MJ0TgtWhFV011SQxps8N3I2KD_4=/fit-in/150x150/filters:no_upscale():origin()/pre00/c7eb/th/pre/f/2019/049/7/2/trip_by_nightrizer-dd049h5.png" height="150" width="150"/>            <media:thumbnail url="https://t00.deviantart.net/-UYClmBVK8pOJM8n_j9iN1tpVlo=/fit-in/300x900/filters:no_upscale():origin()/pre00/c7eb/th/pre/f/2019/049/7/2/trip_by_nightrizer-dd049h5.png" height="300" width="300"/>            <media:thumbnail url="https://t00.deviantart.net/etbdoBjkJpqXv_A6e118AtiPQMY=/300x200/filters:fixed_height(100,100):origin()/pre00/c7eb/th/pre/f/2019/049/7/2/trip_by_nightrizer-dd049h5.png" height="200" width="200"/>            <media:content url="https://pre00.deviantart.net/c7eb/th/pre/f/2019/049/7/2/trip_by_nightrizer-dd049h5.png" height="894" width="894" medium="image"/>            
            <description>&lt;p&gt;&lt;sub&gt;I managed to finish this between everything else today :&#039;D&lt;/sub&gt; Commission for &lt;a target=&quot;_self&quot; href=&quot;https://www.deviantart.com/missdismal&quot; &gt;&lt;img class=&quot;avatar&quot; width=&quot;50&quot; height=&quot;50&quot; src=&quot;https://a.deviantart.net/avatars/m/i/missdismal.png?2&quot; alt=&quot;:iconmissdismal:&quot; title=&quot;MissDismal&quot; /&gt;&lt;/a&gt; ! Thank you for commissioning me! &lt;img src=&quot;https://e.deviantart.net/emoticons/b/biggrin.gif&quot; width=&quot;15&quot; height=&quot;15&quot; alt=&quot;:D&quot; data-embed-type=&quot;emoticon&quot; data-embed-id=&quot;366&quot; title=&quot;:D (Big Grin)&quot;/&gt;&lt;/p&gt; &lt;p&gt;&amp;nbsp;&lt;/p&gt; &lt;p&gt;&amp;nbsp;&lt;/p&gt; &lt;p&gt;&amp;nbsp;&lt;/p&gt; &lt;p&gt;Character &amp;#169; &lt;span class=&quot;username-with-symbol u&quot;&gt;&lt;a class=&quot;u premium username&quot; href=&quot;https://www.deviantart.com/missdismal&quot;&gt;MissDismal&lt;/a&gt;&lt;span class=&quot;user-symbol premium&quot; data-quicktip-text=&quot;Core Member&quot; data-show-tooltip=&quot;1&quot; data-gruser-type=&quot;premium&quot;&gt;&lt;/span&gt;&lt;/span&gt;&lt;/p&gt; &lt;p&gt;Art &amp;#169; &lt;span class=&quot;username-with-symbol u&quot;&gt;&lt;a class=&quot;u premium username&quot; href=&quot;https://www.deviantart.com/nightrizer&quot;&gt;Nightrizer&lt;/a&gt;&lt;span class=&quot;user-symbol premium&quot; data-quicktip-text=&quot;Core Member&quot; data-show-tooltip=&quot;1&quot; data-gruser-type=&quot;premium&quot;&gt;&lt;/span&gt;&lt;/span&gt;&lt;/p&gt;&lt;br /&gt;&lt;div&gt;&lt;img src=&quot;https://t00.deviantart.net/etbdoBjkJpqXv_A6e118AtiPQMY=/300x200/filters:fixed_height(100,100):origin()/pre00/c7eb/th/pre/f/2019/049/7/2/trip_by_nightrizer-dd049h5.png&quot; alt=&quot;thumbnail&quot; /&gt;&lt;/div&gt;</description>            </item>
                    <item>
                <title>syl</title>
                <link>https://kittydogcrystal.deviantart.com/art/syl-786262953</link>
                <guid isPermaLink="true">https://kittydogcrystal.deviantart.com/art/syl-786262953</guid>
                <pubDate>Mon, 18 Feb 2019 18:00:56 PST</pubDate>
                        <media:title type="plain">syl</media:title>
        <media:keywords></media:keywords>
                        <media:rating>nonadult</media:rating>
                <media:category label="Animals">anthro/digital/drawings/animals</media:category>
        <media:credit role="author" scheme="urn:ebu">kittydogcrystal</media:credit>
        <media:credit role="author" scheme="urn:ebu">https://a.deviantart.net/avatars/k/i/kittydogcrystal.png?3</media:credit>
        <media:copyright url="https://kittydogcrystal.deviantart.com">Copyright 2019 kittydogcrystal</media:copyright>            <media:description type="html">commission for&amp;nbsp;&lt;span&gt;&lt;span class=&quot;username-with-symbol u&quot;&gt;&lt;a class=&quot;u regular username&quot; href=&quot;https://www.deviantart.com/spunkiestspunky&quot;&gt;SpunkiestSpunky&lt;/a&gt;&lt;span class=&quot;user-symbol regular&quot; data-quicktip-text=&quot;&quot; data-show-tooltip=&quot;&quot; data-gruser-type=&quot;regular&quot;&gt;&lt;/span&gt;&lt;/span&gt; uwu&lt;/span&gt;</media:description>            <media:thumbnail url="https://t00.deviantart.net/yuT-XlCAa3dKSMabEULz0qAnrB0=/fit-in/150x150/filters:no_upscale():origin()/pre00/e130/th/pre/f/2019/049/a/9/sfdfds_by_kittydogcrystal-dd04cdl.png" height="150" width="131"/>            <media:thumbnail url="https://t00.deviantart.net/fRBeIH_jfcJSzHM3KRLRbjmGDOQ=/fit-in/300x900/filters:no_upscale():origin()/pre00/e130/th/pre/f/2019/049/a/9/sfdfds_by_kittydogcrystal-dd04cdl.png" height="343" width="300"/>            <media:thumbnail url="https://t00.deviantart.net/O2rBigxESiVcriq2m-5jyltMeX8=/300x200/filters:fixed_height(100,100):origin()/pre00/e130/th/pre/f/2019/049/a/9/sfdfds_by_kittydogcrystal-dd04cdl.png" height="200" width="175"/>            <media:content url="https://orig00.deviantart.net/faf2/f/2019/049/a/9/sfdfds_by_kittydogcrystal-dd04cdl.png" height="800" width="700" medium="image"/>            
            <description>commission for&amp;nbsp;&lt;span&gt;&lt;span class=&quot;username-with-symbol u&quot;&gt;&lt;a class=&quot;u regular username&quot; href=&quot;https://www.deviantart.com/spunkiestspunky&quot;&gt;SpunkiestSpunky&lt;/a&gt;&lt;span class=&quot;user-symbol regular&quot; data-quicktip-text=&quot;&quot; data-show-tooltip=&quot;&quot; data-gruser-type=&quot;regular&quot;&gt;&lt;/span&gt;&lt;/span&gt; uwu&lt;/span&gt;&lt;br /&gt;&lt;div&gt;&lt;img src=&quot;https://t00.deviantart.net/O2rBigxESiVcriq2m-5jyltMeX8=/300x200/filters:fixed_height(100,100):origin()/pre00/e130/th/pre/f/2019/049/a/9/sfdfds_by_kittydogcrystal-dd04cdl.png&quot; alt=&quot;thumbnail&quot; /&gt;&lt;/div&gt;</description>            </item>
                    <item>
                <title>Arcanine</title>
                <link>https://cutgut.deviantart.com/art/Arcanine-785976929</link>
                <guid isPermaLink="true">https://cutgut.deviantart.com/art/Arcanine-785976929</guid>
                <pubDate>Mon, 18 Feb 2019 13:20:24 PST</pubDate>
                        <media:title type="plain">Arcanine</media:title>
        <media:keywords></media:keywords>
                        <media:rating>nonadult</media:rating>
                <media:category label="Non-Isometric">digitalart/pixelart/characters/noniso</media:category>
        <media:credit role="author" scheme="urn:ebu">cutgut</media:credit>
        <media:credit role="author" scheme="urn:ebu">https://a.deviantart.net/avatars/c/u/cutgut.png?9</media:credit>
        <media:copyright url="https://cutgut.deviantart.com">Copyright 2019 cutgut</media:copyright>            <media:description type="html">&lt;sub&gt; Arcanine using Flare Blitz&amp;nbsp;&amp;nbsp;&lt;a href=&quot;https://www.deviantart.com/kaizoku-no-yume/art/059-Arcanine-494818458&quot; class=&quot;emoticon&quot; data-embed-type=&quot;emoticon&quot; data-embed-id=&quot;494818458&quot; data-embed-profile=&quot;deviation&quot;&gt;&lt;img src=&quot;https://orig00.deviantart.net/cef8/f/2014/320/e/a/059_by_kaizoku_no_yume-d86lod6.gif&quot; alt=&quot;#059 Arcanine&quot; style=&quot;width:32px;height:32px&quot;&gt;&lt;/a&gt;&amp;nbsp;&lt;br /&gt;&lt;br /&gt;&lt;img src=&quot;https://e.deviantart.net/emoticons/b/bulletred.gif&quot; width=&quot;10&quot; height=&quot;10&quot; alt=&quot;:bulletred:&quot; data-embed-type=&quot;emoticon&quot; data-embed-id=&quot;210&quot; title=&quot;Bullet; Red&quot;/&gt; twitter: &lt;a class=&quot;external&quot; href=&quot;https://www.deviantart.com/users/outgoing?https://twitter.com/_cutgut&quot;&gt;twitter.com/_cutgut&lt;/a&gt;&lt;/sub&gt;</media:description>            <media:thumbnail url="https://t00.deviantart.net/RVcqckZ134kIIdJUFvjGZXJhK5U=/fit-in/150x150/filters:no_upscale():origin()/pre00/4c33/th/pre/f/2019/049/3/c/arcanine_by_cutgut-dczy7oh.png" height="99" width="150"/>            <media:thumbnail url="https://orig00.deviantart.net/bdb0/f/2019/049/3/c/arcanine_by_cutgut-dczy7oh.png" height="129" width="195"/>            <media:thumbnail url="https://orig00.deviantart.net/bdb0/f/2019/049/3/c/arcanine_by_cutgut-dczy7oh.png" height="129" width="195"/>            <media:content url="https://orig00.deviantart.net/bdb0/f/2019/049/3/c/arcanine_by_cutgut-dczy7oh.png" height="129" width="195" medium="image"/>            
            <description>&lt;sub&gt; Arcanine using Flare Blitz&amp;nbsp;&amp;nbsp;&lt;a href=&quot;https://www.deviantart.com/kaizoku-no-yume/art/059-Arcanine-494818458&quot; class=&quot;emoticon&quot; data-embed-type=&quot;emoticon&quot; data-embed-id=&quot;494818458&quot; data-embed-profile=&quot;deviation&quot;&gt;&lt;img src=&quot;https://orig00.deviantart.net/cef8/f/2014/320/e/a/059_by_kaizoku_no_yume-d86lod6.gif&quot; alt=&quot;#059 Arcanine&quot; style=&quot;width:32px;height:32px&quot;&gt;&lt;/a&gt;&amp;nbsp;&lt;br /&gt;&lt;br /&gt;&lt;img src=&quot;https://e.deviantart.net/emoticons/b/bulletred.gif&quot; width=&quot;10&quot; height=&quot;10&quot; alt=&quot;:bulletred:&quot; data-embed-type=&quot;emoticon&quot; data-embed-id=&quot;210&quot; title=&quot;Bullet; Red&quot;/&gt; twitter: &lt;a class=&quot;external&quot; href=&quot;https://www.deviantart.com/users/outgoing?https://twitter.com/_cutgut&quot;&gt;twitter.com/_cutgut&lt;/a&gt;&lt;/sub&gt;&lt;br /&gt;&lt;div&gt;&lt;img src=&quot;https://orig00.deviantart.net/bdb0/f/2019/049/3/c/arcanine_by_cutgut-dczy7oh.png&quot; alt=&quot;thumbnail&quot; /&gt;&lt;/div&gt;</description>            </item>
                    <item>
                <title>Skadi</title>
                <link>https://irenhorrors.deviantart.com/art/Skadi-786334976</link>
                <guid isPermaLink="true">https://irenhorrors.deviantart.com/art/Skadi-786334976</guid>
                <pubDate>Tue, 19 Feb 2019 08:57:31 PST</pubDate>
                        <media:title type="plain">Skadi</media:title>
        <media:keywords></media:keywords>
                        <media:rating>nonadult</media:rating>
                <media:category label="Fantasy">digitalart/mixedmed/fantasy</media:category>
        <media:credit role="author" scheme="urn:ebu">IrenHorrors</media:credit>
        <media:credit role="author" scheme="urn:ebu">https://a.deviantart.net/avatars/i/r/irenhorrors.jpg?10</media:credit>
        <media:copyright url="https://irenhorrors.deviantart.com">Copyright 2019 IrenHorrors</media:copyright>             <creativeCommons:license>http://creativecommons.org/licenses/by-nc-nd/3.0/</creativeCommons:license>
                <media:description type="html">&lt;h3 align=&quot;start&quot;&gt;&lt;a class=&quot;external&quot; href=&quot;https://www.deviantart.com/users/outgoing?https://instagram.com/irenhorrors/&quot;&gt;Instagram&lt;/a&gt;&amp;nbsp;|&amp;nbsp;&lt;a class=&quot;external&quot; href=&quot;https://www.deviantart.com/users/outgoing?https://www.facebook.com/pages/Iren-Horrors/615736865167450&quot;&gt;Facebook&lt;/a&gt;&amp;nbsp;|&amp;nbsp;&lt;a class=&quot;external&quot; href=&quot;https://www.deviantart.com/users/outgoing?https://society6.com/irenhorrors&quot;&gt;Shop&lt;/a&gt;&amp;nbsp;&lt;/h3&gt;&lt;br /&gt;&lt;span&gt;(Music: Hagalaz&#039; Runedance - Wake Skadi)&lt;/span&gt;&lt;br /&gt;&lt;span&gt;&lt;br /&gt;In Norse mythology, Ska&amp;#240;i (Skadi, Skade, or Skathi) is a j&amp;#246;tunn (giantess) and goddess associated with bowhunting, skiing, winter, and mountains.&amp;nbsp;&amp;nbsp;&lt;/span&gt;&lt;span&gt;&amp;#10052;&amp;#128058;&amp;#10052;&lt;/span&gt;&lt;span&gt;&lt;br /&gt;&lt;br /&gt;More&amp;nbsp;&lt;/span&gt;Norse&amp;nbsp;&lt;span&gt;mythology:&lt;br /&gt;&lt;br /&gt;&lt;span class=&quot;shadow-holder&quot; data-embed-type=&quot;deviation&quot; data-embed-id=&quot;746010563&quot; data-embed-format=&quot;thumb&quot;&gt;&lt;span class=&quot;shadow mild&quot; &gt;&lt;a class=&quot;thumb&quot; href=&quot;https://www.deviantart.com/irenhorrors/art/Freya-746010563&quot; title=&quot;Freya by IrenHorrors, May 21, 2018 in Digital Art &amp;gt; Mixed Media &amp;gt; Fantasy&quot;data-super-img=&quot;https://images-wixmp-ed30a86b8c4ca887773594c2.wixmp.com/intermediary/f/6ec0d49d-038d-4900-b498-c8cc3863c8e8/dcc5lfn-d6019616-8874-4379-8784-1417ce93e168.jpg/v1/fill/w_600,h_800,q_70,strp/freya_by_irenhorrors_dcc5lfn-fullview.jpg&quot; data-super-width=&quot;600&quot; data-super-height=&quot;800&quot; data-super-transparent=&quot;false&quot; data-super-alt=&quot;Freya by IrenHorrors&quot; data-super-full-img=&quot;https://images-wixmp-ed30a86b8c4ca887773594c2.wixmp.com/intermediary/f/6ec0d49d-038d-4900-b498-c8cc3863c8e8/dcc5lfn-d6019616-8874-4379-8784-1417ce93e168.jpg/v1/fill/w_600,h_800,q_70,strp/freya_by_irenhorrors_dcc5lfn-fullview.jpg&quot; data-super-full-width=&quot;600&quot; data-super-full-height=&quot;800&quot;        data-sigil=&quot;thumb&quot;&gt;
        &lt;i&gt;&lt;/i&gt;&lt;img   width=&quot;113&quot; height=&quot;150&quot; alt=&quot;Freya by IrenHorrors&quot; src=&quot;https://images-wixmp-ed30a86b8c4ca887773594c2.wixmp.com/intermediary/f/6ec0d49d-038d-4900-b498-c8cc3863c8e8/dcc5lfn-d6019616-8874-4379-8784-1417ce93e168.jpg/v1/fit/w_150,h_150,q_70,strp/freya_by_irenhorrors_dcc5lfn-150.jpg&quot; data-src=&quot;https://images-wixmp-ed30a86b8c4ca887773594c2.wixmp.com/intermediary/f/6ec0d49d-038d-4900-b498-c8cc3863c8e8/dcc5lfn-d6019616-8874-4379-8784-1417ce93e168.jpg/v1/fit/w_150,h_150,q_70,strp/freya_by_irenhorrors_dcc5lfn-150.jpg&quot; srcset=&quot;https://images-wixmp-ed30a86b8c4ca887773594c2.wixmp.com/intermediary/f/6ec0d49d-038d-4900-b498-c8cc3863c8e8/dcc5lfn-d6019616-8874-4379-8784-1417ce93e168.jpg/v1/fit/w_150,h_150,q_70,strp/freya_by_irenhorrors_dcc5lfn-150.jpg 113w,https://images-wixmp-ed30a86b8c4ca887773594c2.wixmp.com/intermediary/f/6ec0d49d-038d-4900-b498-c8cc3863c8e8/dcc5lfn-d6019616-8874-4379-8784-1417ce93e168.jpg/v1/crop/w_188,h_250,x_0,y_0,scl_0.088637435172089,q_70,strp/freya_by_irenhorrors_dcc5lfn-250t.jpg 188w,https://images-wixmp-ed30a86b8c4ca887773594c2.wixmp.com/intermediary/f/6ec0d49d-038d-4900-b498-c8cc3863c8e8/dcc5lfn-d6019616-8874-4379-8784-1417ce93e168.jpg/v1/crop/w_263,h_350,x_0,y_0,scl_0.12399811409712,q_70,strp/freya_by_irenhorrors_dcc5lfn-350t.jpg 263w,https://images-wixmp-ed30a86b8c4ca887773594c2.wixmp.com/intermediary/f/6ec0d49d-038d-4900-b498-c8cc3863c8e8/dcc5lfn-d6019616-8874-4379-8784-1417ce93e168.jpg/v1/fill/w_300,h_400,q_70,strp/freya_by_irenhorrors_dcc5lfn-400t.jpg 300w,https://images-wixmp-ed30a86b8c4ca887773594c2.wixmp.com/intermediary/f/6ec0d49d-038d-4900-b498-c8cc3863c8e8/dcc5lfn-d6019616-8874-4379-8784-1417ce93e168.jpg/v1/fill/w_600,h_800,q_70,strp/freya_by_irenhorrors_dcc5lfn-fullview.jpg 600w&quot; sizes=&quot;113px&quot;&gt;&lt;/a&gt;&lt;/span&gt;&lt;!-- ^TTT --&gt;&lt;!-- TTT$ --&gt;&lt;/span&gt;&amp;nbsp;&lt;span class=&quot;shadow-holder&quot; data-embed-type=&quot;deviation&quot; data-embed-id=&quot;722653849&quot; data-embed-format=&quot;thumb&quot;&gt;&lt;span class=&quot;shadow mild&quot; &gt;&lt;a class=&quot;thumb&quot; href=&quot;https://www.deviantart.com/irenhorrors/art/Loki-s-Children-722653849&quot; title=&quot;Loki&amp;#039;s Children by IrenHorrors, Dec 30, 2017 in Digital Art &amp;gt; Mixed Media &amp;gt; Dark&quot;data-super-img=&quot;https://images-wixmp-ed30a86b8c4ca887773594c2.wixmp.com/intermediary/f/6ec0d49d-038d-4900-b498-c8cc3863c8e8/dby8za1-68894b0e-728d-43c7-a480-9bf3a5516b45.jpg/v1/fill/w_600,h_840,q_70,strp/loki_s_children_by_irenhorrors_dby8za1-fullview.jpg&quot; data-super-width=&quot;600&quot; data-super-height=&quot;840&quot; data-super-transparent=&quot;false&quot; data-super-alt=&quot;Loki&amp;#039;s Children by IrenHorrors&quot; data-super-full-img=&quot;https://images-wixmp-ed30a86b8c4ca887773594c2.wixmp.com/intermediary/f/6ec0d49d-038d-4900-b498-c8cc3863c8e8/dby8za1-68894b0e-728d-43c7-a480-9bf3a5516b45.jpg/v1/fill/w_600,h_840,q_70,strp/loki_s_children_by_irenhorrors_dby8za1-fullview.jpg&quot; data-super-full-width=&quot;600&quot; data-super-full-height=&quot;840&quot;        data-sigil=&quot;thumb&quot;&gt;
        &lt;i&gt;&lt;/i&gt;&lt;img   width=&quot;107&quot; height=&quot;150&quot; alt=&quot;Loki&amp;#039;s Children by IrenHorrors&quot; src=&quot;https://images-wixmp-ed30a86b8c4ca887773594c2.wixmp.com/intermediary/f/6ec0d49d-038d-4900-b498-c8cc3863c8e8/dby8za1-68894b0e-728d-43c7-a480-9bf3a5516b45.jpg/v1/fit/w_150,h_150,q_70,strp/loki_s_children_by_irenhorrors_dby8za1-150.jpg&quot; data-src=&quot;https://images-wixmp-ed30a86b8c4ca887773594c2.wixmp.com/intermediary/f/6ec0d49d-038d-4900-b498-c8cc3863c8e8/dby8za1-68894b0e-728d-43c7-a480-9bf3a5516b45.jpg/v1/fit/w_150,h_150,q_70,strp/loki_s_children_by_irenhorrors_dby8za1-150.jpg&quot; srcset=&quot;https://images-wixmp-ed30a86b8c4ca887773594c2.wixmp.com/intermediary/f/6ec0d49d-038d-4900-b498-c8cc3863c8e8/dby8za1-68894b0e-728d-43c7-a480-9bf3a5516b45.jpg/v1/fit/w_150,h_150,q_70,strp/loki_s_children_by_irenhorrors_dby8za1-150.jpg 107w,https://images-wixmp-ed30a86b8c4ca887773594c2.wixmp.com/intermediary/f/6ec0d49d-038d-4900-b498-c8cc3863c8e8/dby8za1-68894b0e-728d-43c7-a480-9bf3a5516b45.jpg/v1/crop/w_179,h_250,x_0,y_0,scl_0.086473429951691,q_70,strp/loki_s_children_by_irenhorrors_dby8za1-250t.jpg 179w,https://images-wixmp-ed30a86b8c4ca887773594c2.wixmp.com/intermediary/f/6ec0d49d-038d-4900-b498-c8cc3863c8e8/dby8za1-68894b0e-728d-43c7-a480-9bf3a5516b45.jpg/v1/fill/w_250,h_350,q_70,strp/loki_s_children_by_irenhorrors_dby8za1-350t.jpg 250w,https://images-wixmp-ed30a86b8c4ca887773594c2.wixmp.com/intermediary/f/6ec0d49d-038d-4900-b498-c8cc3863c8e8/dby8za1-68894b0e-728d-43c7-a480-9bf3a5516b45.jpg/v1/fill/w_286,h_400,q_70,strp/loki_s_children_by_irenhorrors_dby8za1-400t.jpg 286w,https://images-wixmp-ed30a86b8c4ca887773594c2.wixmp.com/intermediary/f/6ec0d49d-038d-4900-b498-c8cc3863c8e8/dby8za1-68894b0e-728d-43c7-a480-9bf3a5516b45.jpg/v1/fill/w_600,h_840,q_70,strp/loki_s_children_by_irenhorrors_dby8za1-fullview.jpg 600w&quot; sizes=&quot;107px&quot;&gt;&lt;/a&gt;&lt;/span&gt;&lt;!-- ^TTT --&gt;&lt;!-- TTT$ --&gt;&lt;/span&gt;&amp;nbsp;&lt;span class=&quot;shadow-holder&quot; data-embed-type=&quot;deviation&quot; data-embed-id=&quot;688409867&quot; data-embed-format=&quot;thumb&quot;&gt;&lt;span class=&quot;shadow mild&quot; &gt;&lt;a class=&quot;thumb&quot; href=&quot;https://www.deviantart.com/irenhorrors/art/Loki-688409867&quot; title=&quot;Loki by IrenHorrors, Jun 24, 2017 in Digital Art &amp;gt; Mixed Media &amp;gt; Dark&quot;data-super-img=&quot;https://images-wixmp-ed30a86b8c4ca887773594c2.wixmp.com/intermediary/f/6ec0d49d-038d-4900-b498-c8cc3863c8e8/dbdv0gb-ea21d549-e4d7-4d54-a9c8-54af879e7e35.jpg/v1/fill/w_800,h_858,q_70,strp/loki_by_irenhorrors_dbdv0gb-fullview.jpg&quot; data-super-width=&quot;800&quot; data-super-height=&quot;858&quot; data-super-transparent=&quot;false&quot; data-super-alt=&quot;Loki by IrenHorrors&quot; data-super-full-img=&quot;https://images-wixmp-ed30a86b8c4ca887773594c2.wixmp.com/intermediary/f/6ec0d49d-038d-4900-b498-c8cc3863c8e8/dbdv0gb-ea21d549-e4d7-4d54-a9c8-54af879e7e35.jpg/v1/fill/w_800,h_858,q_70,strp/loki_by_irenhorrors_dbdv0gb-fullview.jpg&quot; data-super-full-width=&quot;800&quot; data-super-full-height=&quot;858&quot;        data-sigil=&quot;thumb&quot;&gt;
        &lt;i&gt;&lt;/i&gt;&lt;img   width=&quot;140&quot; height=&quot;150&quot; alt=&quot;Loki by IrenHorrors&quot; src=&quot;https://images-wixmp-ed30a86b8c4ca887773594c2.wixmp.com/intermediary/f/6ec0d49d-038d-4900-b498-c8cc3863c8e8/dbdv0gb-ea21d549-e4d7-4d54-a9c8-54af879e7e35.jpg/v1/fit/w_150,h_150,q_70,strp/loki_by_irenhorrors_dbdv0gb-150.jpg&quot; data-src=&quot;https://images-wixmp-ed30a86b8c4ca887773594c2.wixmp.com/intermediary/f/6ec0d49d-038d-4900-b498-c8cc3863c8e8/dbdv0gb-ea21d549-e4d7-4d54-a9c8-54af879e7e35.jpg/v1/fit/w_150,h_150,q_70,strp/loki_by_irenhorrors_dbdv0gb-150.jpg&quot; srcset=&quot;https://images-wixmp-ed30a86b8c4ca887773594c2.wixmp.com/intermediary/f/6ec0d49d-038d-4900-b498-c8cc3863c8e8/dbdv0gb-ea21d549-e4d7-4d54-a9c8-54af879e7e35.jpg/v1/fit/w_150,h_150,q_70,strp/loki_by_irenhorrors_dbdv0gb-150.jpg 140w,https://images-wixmp-ed30a86b8c4ca887773594c2.wixmp.com/intermediary/f/6ec0d49d-038d-4900-b498-c8cc3863c8e8/dbdv0gb-ea21d549-e4d7-4d54-a9c8-54af879e7e35.jpg/v1/fill/w_233,h_250,q_70,strp/loki_by_irenhorrors_dbdv0gb-250t.jpg 233w,https://images-wixmp-ed30a86b8c4ca887773594c2.wixmp.com/intermediary/f/6ec0d49d-038d-4900-b498-c8cc3863c8e8/dbdv0gb-ea21d549-e4d7-4d54-a9c8-54af879e7e35.jpg/v1/fill/w_326,h_350,q_70,strp/loki_by_irenhorrors_dbdv0gb-350t.jpg 326w,https://images-wixmp-ed30a86b8c4ca887773594c2.wixmp.com/intermediary/f/6ec0d49d-038d-4900-b498-c8cc3863c8e8/dbdv0gb-ea21d549-e4d7-4d54-a9c8-54af879e7e35.jpg/v1/fill/w_373,h_400,q_70,strp/loki_by_irenhorrors_dbdv0gb-400t.jpg 373w,https://images-wixmp-ed30a86b8c4ca887773594c2.wixmp.com/intermediary/f/6ec0d49d-038d-4900-b498-c8cc3863c8e8/dbdv0gb-ea21d549-e4d7-4d54-a9c8-54af879e7e35.jpg/v1/fill/w_800,h_858,q_70,strp/loki_by_irenhorrors_dbdv0gb-fullview.jpg 800w&quot; sizes=&quot;140px&quot;&gt;&lt;/a&gt;&lt;/span&gt;&lt;!-- ^TTT --&gt;&lt;!-- TTT$ --&gt;&lt;/span&gt;&amp;nbsp;&lt;br /&gt;&lt;/span&gt;</media:description>            <media:thumbnail url="https://t00.deviantart.net/w30OPkofZ-Y7F2fELGwHXq-CWpQ=/fit-in/150x150/filters:no_upscale():origin()/pre00/5e1e/th/pre/i/2019/050/6/c/skadi_by_irenhorrors-dd05vy8.jpg" height="150" width="110"/>            <media:thumbnail url="https://t00.deviantart.net/6q_r7KLdUU8naysFS3SiEBbtedw=/fit-in/300x900/filters:no_upscale():origin()/pre00/5e1e/th/pre/i/2019/050/6/c/skadi_by_irenhorrors-dd05vy8.jpg" height="409" width="300"/>            <media:thumbnail url="https://t00.deviantart.net/LzdWtiktjhSX4-Ync9I191bSfPU=/300x200/filters:fixed_height(100,100):origin()/pre00/5e1e/th/pre/i/2019/050/6/c/skadi_by_irenhorrors-dd05vy8.jpg" height="200" width="147"/>            <media:content url="https://img00.deviantart.net/a1d4/i/2019/050/6/c/skadi_by_irenhorrors-dd05vy8.jpg" height="819" width="600" medium="image"/>            
            <description>&lt;h3 align=&quot;start&quot;&gt;&lt;a class=&quot;external&quot; href=&quot;https://www.deviantart.com/users/outgoing?https://instagram.com/irenhorrors/&quot;&gt;Instagram&lt;/a&gt;&amp;nbsp;|&amp;nbsp;&lt;a class=&quot;external&quot; href=&quot;https://www.deviantart.com/users/outgoing?https://www.facebook.com/pages/Iren-Horrors/615736865167450&quot;&gt;Facebook&lt;/a&gt;&amp;nbsp;|&amp;nbsp;&lt;a class=&quot;external&quot; href=&quot;https://www.deviantart.com/users/outgoing?https://society6.com/irenhorrors&quot;&gt;Shop&lt;/a&gt;&amp;nbsp;&lt;/h3&gt;&lt;br /&gt;&lt;span&gt;(Music: Hagalaz&#039; Runedance - Wake Skadi)&lt;/span&gt;&lt;br /&gt;&lt;span&gt;&lt;br /&gt;In Norse mythology, Ska&amp;#240;i (Skadi, Skade, or Skathi) is a j&amp;#246;tunn (giantess) and goddess associated with bowhunting, skiing, winter, and mountains.&amp;nbsp;&amp;nbsp;&lt;/span&gt;&lt;span&gt;&amp;#10052;&amp;#128058;&amp;#10052;&lt;/span&gt;&lt;span&gt;&lt;br /&gt;&lt;br /&gt;More&amp;nbsp;&lt;/span&gt;Norse&amp;nbsp;&lt;span&gt;mythology:&lt;br /&gt;&lt;br /&gt;&lt;span class=&quot;shadow-holder&quot; data-embed-type=&quot;deviation&quot; data-embed-id=&quot;746010563&quot; data-embed-format=&quot;thumb&quot;&gt;&lt;span class=&quot;shadow mild&quot; &gt;&lt;a class=&quot;thumb&quot; href=&quot;https://www.deviantart.com/irenhorrors/art/Freya-746010563&quot; title=&quot;Freya by IrenHorrors, May 21, 2018 in Digital Art &amp;gt; Mixed Media &amp;gt; Fantasy&quot;data-super-img=&quot;https://images-wixmp-ed30a86b8c4ca887773594c2.wixmp.com/intermediary/f/6ec0d49d-038d-4900-b498-c8cc3863c8e8/dcc5lfn-d6019616-8874-4379-8784-1417ce93e168.jpg/v1/fill/w_600,h_800,q_70,strp/freya_by_irenhorrors_dcc5lfn-fullview.jpg&quot; data-super-width=&quot;600&quot; data-super-height=&quot;800&quot; data-super-transparent=&quot;false&quot; data-super-alt=&quot;Freya by IrenHorrors&quot; data-super-full-img=&quot;https://images-wixmp-ed30a86b8c4ca887773594c2.wixmp.com/intermediary/f/6ec0d49d-038d-4900-b498-c8cc3863c8e8/dcc5lfn-d6019616-8874-4379-8784-1417ce93e168.jpg/v1/fill/w_600,h_800,q_70,strp/freya_by_irenhorrors_dcc5lfn-fullview.jpg&quot; data-super-full-width=&quot;600&quot; data-super-full-height=&quot;800&quot;        data-sigil=&quot;thumb&quot;&gt;
        &lt;i&gt;&lt;/i&gt;&lt;img   width=&quot;113&quot; height=&quot;150&quot; alt=&quot;Freya by IrenHorrors&quot; src=&quot;https://images-wixmp-ed30a86b8c4ca887773594c2.wixmp.com/intermediary/f/6ec0d49d-038d-4900-b498-c8cc3863c8e8/dcc5lfn-d6019616-8874-4379-8784-1417ce93e168.jpg/v1/fit/w_150,h_150,q_70,strp/freya_by_irenhorrors_dcc5lfn-150.jpg&quot; data-src=&quot;https://images-wixmp-ed30a86b8c4ca887773594c2.wixmp.com/intermediary/f/6ec0d49d-038d-4900-b498-c8cc3863c8e8/dcc5lfn-d6019616-8874-4379-8784-1417ce93e168.jpg/v1/fit/w_150,h_150,q_70,strp/freya_by_irenhorrors_dcc5lfn-150.jpg&quot; srcset=&quot;https://images-wixmp-ed30a86b8c4ca887773594c2.wixmp.com/intermediary/f/6ec0d49d-038d-4900-b498-c8cc3863c8e8/dcc5lfn-d6019616-8874-4379-8784-1417ce93e168.jpg/v1/fit/w_150,h_150,q_70,strp/freya_by_irenhorrors_dcc5lfn-150.jpg 113w,https://images-wixmp-ed30a86b8c4ca887773594c2.wixmp.com/intermediary/f/6ec0d49d-038d-4900-b498-c8cc3863c8e8/dcc5lfn-d6019616-8874-4379-8784-1417ce93e168.jpg/v1/crop/w_188,h_250,x_0,y_0,scl_0.088637435172089,q_70,strp/freya_by_irenhorrors_dcc5lfn-250t.jpg 188w,https://images-wixmp-ed30a86b8c4ca887773594c2.wixmp.com/intermediary/f/6ec0d49d-038d-4900-b498-c8cc3863c8e8/dcc5lfn-d6019616-8874-4379-8784-1417ce93e168.jpg/v1/crop/w_263,h_350,x_0,y_0,scl_0.12399811409712,q_70,strp/freya_by_irenhorrors_dcc5lfn-350t.jpg 263w,https://images-wixmp-ed30a86b8c4ca887773594c2.wixmp.com/intermediary/f/6ec0d49d-038d-4900-b498-c8cc3863c8e8/dcc5lfn-d6019616-8874-4379-8784-1417ce93e168.jpg/v1/fill/w_300,h_400,q_70,strp/freya_by_irenhorrors_dcc5lfn-400t.jpg 300w,https://images-wixmp-ed30a86b8c4ca887773594c2.wixmp.com/intermediary/f/6ec0d49d-038d-4900-b498-c8cc3863c8e8/dcc5lfn-d6019616-8874-4379-8784-1417ce93e168.jpg/v1/fill/w_600,h_800,q_70,strp/freya_by_irenhorrors_dcc5lfn-fullview.jpg 600w&quot; sizes=&quot;113px&quot;&gt;&lt;/a&gt;&lt;/span&gt;&lt;!-- ^TTT --&gt;&lt;!-- TTT$ --&gt;&lt;/span&gt;&amp;nbsp;&lt;span class=&quot;shadow-holder&quot; data-embed-type=&quot;deviation&quot; data-embed-id=&quot;722653849&quot; data-embed-format=&quot;thumb&quot;&gt;&lt;span class=&quot;shadow mild&quot; &gt;&lt;a class=&quot;thumb&quot; href=&quot;https://www.deviantart.com/irenhorrors/art/Loki-s-Children-722653849&quot; title=&quot;Loki&amp;#039;s Children by IrenHorrors, Dec 30, 2017 in Digital Art &amp;gt; Mixed Media &amp;gt; Dark&quot;data-super-img=&quot;https://images-wixmp-ed30a86b8c4ca887773594c2.wixmp.com/intermediary/f/6ec0d49d-038d-4900-b498-c8cc3863c8e8/dby8za1-68894b0e-728d-43c7-a480-9bf3a5516b45.jpg/v1/fill/w_600,h_840,q_70,strp/loki_s_children_by_irenhorrors_dby8za1-fullview.jpg&quot; data-super-width=&quot;600&quot; data-super-height=&quot;840&quot; data-super-transparent=&quot;false&quot; data-super-alt=&quot;Loki&amp;#039;s Children by IrenHorrors&quot; data-super-full-img=&quot;https://images-wixmp-ed30a86b8c4ca887773594c2.wixmp.com/intermediary/f/6ec0d49d-038d-4900-b498-c8cc3863c8e8/dby8za1-68894b0e-728d-43c7-a480-9bf3a5516b45.jpg/v1/fill/w_600,h_840,q_70,strp/loki_s_children_by_irenhorrors_dby8za1-fullview.jpg&quot; data-super-full-width=&quot;600&quot; data-super-full-height=&quot;840&quot;        data-sigil=&quot;thumb&quot;&gt;
        &lt;i&gt;&lt;/i&gt;&lt;img   width=&quot;107&quot; height=&quot;150&quot; alt=&quot;Loki&amp;#039;s Children by IrenHorrors&quot; src=&quot;https://images-wixmp-ed30a86b8c4ca887773594c2.wixmp.com/intermediary/f/6ec0d49d-038d-4900-b498-c8cc3863c8e8/dby8za1-68894b0e-728d-43c7-a480-9bf3a5516b45.jpg/v1/fit/w_150,h_150,q_70,strp/loki_s_children_by_irenhorrors_dby8za1-150.jpg&quot; data-src=&quot;https://images-wixmp-ed30a86b8c4ca887773594c2.wixmp.com/intermediary/f/6ec0d49d-038d-4900-b498-c8cc3863c8e8/dby8za1-68894b0e-728d-43c7-a480-9bf3a5516b45.jpg/v1/fit/w_150,h_150,q_70,strp/loki_s_children_by_irenhorrors_dby8za1-150.jpg&quot; srcset=&quot;https://images-wixmp-ed30a86b8c4ca887773594c2.wixmp.com/intermediary/f/6ec0d49d-038d-4900-b498-c8cc3863c8e8/dby8za1-68894b0e-728d-43c7-a480-9bf3a5516b45.jpg/v1/fit/w_150,h_150,q_70,strp/loki_s_children_by_irenhorrors_dby8za1-150.jpg 107w,https://images-wixmp-ed30a86b8c4ca887773594c2.wixmp.com/intermediary/f/6ec0d49d-038d-4900-b498-c8cc3863c8e8/dby8za1-68894b0e-728d-43c7-a480-9bf3a5516b45.jpg/v1/crop/w_179,h_250,x_0,y_0,scl_0.086473429951691,q_70,strp/loki_s_children_by_irenhorrors_dby8za1-250t.jpg 179w,https://images-wixmp-ed30a86b8c4ca887773594c2.wixmp.com/intermediary/f/6ec0d49d-038d-4900-b498-c8cc3863c8e8/dby8za1-68894b0e-728d-43c7-a480-9bf3a5516b45.jpg/v1/fill/w_250,h_350,q_70,strp/loki_s_children_by_irenhorrors_dby8za1-350t.jpg 250w,https://images-wixmp-ed30a86b8c4ca887773594c2.wixmp.com/intermediary/f/6ec0d49d-038d-4900-b498-c8cc3863c8e8/dby8za1-68894b0e-728d-43c7-a480-9bf3a5516b45.jpg/v1/fill/w_286,h_400,q_70,strp/loki_s_children_by_irenhorrors_dby8za1-400t.jpg 286w,https://images-wixmp-ed30a86b8c4ca887773594c2.wixmp.com/intermediary/f/6ec0d49d-038d-4900-b498-c8cc3863c8e8/dby8za1-68894b0e-728d-43c7-a480-9bf3a5516b45.jpg/v1/fill/w_600,h_840,q_70,strp/loki_s_children_by_irenhorrors_dby8za1-fullview.jpg 600w&quot; sizes=&quot;107px&quot;&gt;&lt;/a&gt;&lt;/span&gt;&lt;!-- ^TTT --&gt;&lt;!-- TTT$ --&gt;&lt;/span&gt;&amp;nbsp;&lt;span class=&quot;shadow-holder&quot; data-embed-type=&quot;deviation&quot; data-embed-id=&quot;688409867&quot; data-embed-format=&quot;thumb&quot;&gt;&lt;span class=&quot;shadow mild&quot; &gt;&lt;a class=&quot;thumb&quot; href=&quot;https://www.deviantart.com/irenhorrors/art/Loki-688409867&quot; title=&quot;Loki by IrenHorrors, Jun 24, 2017 in Digital Art &amp;gt; Mixed Media &amp;gt; Dark&quot;data-super-img=&quot;https://images-wixmp-ed30a86b8c4ca887773594c2.wixmp.com/intermediary/f/6ec0d49d-038d-4900-b498-c8cc3863c8e8/dbdv0gb-ea21d549-e4d7-4d54-a9c8-54af879e7e35.jpg/v1/fill/w_800,h_858,q_70,strp/loki_by_irenhorrors_dbdv0gb-fullview.jpg&quot; data-super-width=&quot;800&quot; data-super-height=&quot;858&quot; data-super-transparent=&quot;false&quot; data-super-alt=&quot;Loki by IrenHorrors&quot; data-super-full-img=&quot;https://images-wixmp-ed30a86b8c4ca887773594c2.wixmp.com/intermediary/f/6ec0d49d-038d-4900-b498-c8cc3863c8e8/dbdv0gb-ea21d549-e4d7-4d54-a9c8-54af879e7e35.jpg/v1/fill/w_800,h_858,q_70,strp/loki_by_irenhorrors_dbdv0gb-fullview.jpg&quot; data-super-full-width=&quot;800&quot; data-super-full-height=&quot;858&quot;        data-sigil=&quot;thumb&quot;&gt;
        &lt;i&gt;&lt;/i&gt;&lt;img   width=&quot;140&quot; height=&quot;150&quot; alt=&quot;Loki by IrenHorrors&quot; src=&quot;https://images-wixmp-ed30a86b8c4ca887773594c2.wixmp.com/intermediary/f/6ec0d49d-038d-4900-b498-c8cc3863c8e8/dbdv0gb-ea21d549-e4d7-4d54-a9c8-54af879e7e35.jpg/v1/fit/w_150,h_150,q_70,strp/loki_by_irenhorrors_dbdv0gb-150.jpg&quot; data-src=&quot;https://images-wixmp-ed30a86b8c4ca887773594c2.wixmp.com/intermediary/f/6ec0d49d-038d-4900-b498-c8cc3863c8e8/dbdv0gb-ea21d549-e4d7-4d54-a9c8-54af879e7e35.jpg/v1/fit/w_150,h_150,q_70,strp/loki_by_irenhorrors_dbdv0gb-150.jpg&quot; srcset=&quot;https://images-wixmp-ed30a86b8c4ca887773594c2.wixmp.com/intermediary/f/6ec0d49d-038d-4900-b498-c8cc3863c8e8/dbdv0gb-ea21d549-e4d7-4d54-a9c8-54af879e7e35.jpg/v1/fit/w_150,h_150,q_70,strp/loki_by_irenhorrors_dbdv0gb-150.jpg 140w,https://images-wixmp-ed30a86b8c4ca887773594c2.wixmp.com/intermediary/f/6ec0d49d-038d-4900-b498-c8cc3863c8e8/dbdv0gb-ea21d549-e4d7-4d54-a9c8-54af879e7e35.jpg/v1/fill/w_233,h_250,q_70,strp/loki_by_irenhorrors_dbdv0gb-250t.jpg 233w,https://images-wixmp-ed30a86b8c4ca887773594c2.wixmp.com/intermediary/f/6ec0d49d-038d-4900-b498-c8cc3863c8e8/dbdv0gb-ea21d549-e4d7-4d54-a9c8-54af879e7e35.jpg/v1/fill/w_326,h_350,q_70,strp/loki_by_irenhorrors_dbdv0gb-350t.jpg 326w,https://images-wixmp-ed30a86b8c4ca887773594c2.wixmp.com/intermediary/f/6ec0d49d-038d-4900-b498-c8cc3863c8e8/dbdv0gb-ea21d549-e4d7-4d54-a9c8-54af879e7e35.jpg/v1/fill/w_373,h_400,q_70,strp/loki_by_irenhorrors_dbdv0gb-400t.jpg 373w,https://images-wixmp-ed30a86b8c4ca887773594c2.wixmp.com/intermediary/f/6ec0d49d-038d-4900-b498-c8cc3863c8e8/dbdv0gb-ea21d549-e4d7-4d54-a9c8-54af879e7e35.jpg/v1/fill/w_800,h_858,q_70,strp/loki_by_irenhorrors_dbdv0gb-fullview.jpg 800w&quot; sizes=&quot;140px&quot;&gt;&lt;/a&gt;&lt;/span&gt;&lt;!-- ^TTT --&gt;&lt;!-- TTT$ --&gt;&lt;/span&gt;&amp;nbsp;&lt;br /&gt;&lt;/span&gt;&lt;br /&gt;&lt;div&gt;&lt;img src=&quot;https://t00.deviantart.net/LzdWtiktjhSX4-Ync9I191bSfPU=/300x200/filters:fixed_height(100,100):origin()/pre00/5e1e/th/pre/i/2019/050/6/c/skadi_by_irenhorrors-dd05vy8.jpg&quot; alt=&quot;thumbnail&quot; /&gt;&lt;/div&gt;</description>            </item>
                    <item>
                <title>Character for the game Waven</title>
                <link>https://xa-xa-xa.deviantart.com/art/Character-for-the-game-Waven-786301545</link>
                <guid isPermaLink="true">https://xa-xa-xa.deviantart.com/art/Character-for-the-game-Waven-786301545</guid>
                <pubDate>Tue, 19 Feb 2019 01:45:31 PST</pubDate>
                        <media:title type="plain">Character for the game Waven</media:title>
        <media:keywords></media:keywords>
                        <media:rating>nonadult</media:rating>
                <media:category label="Fantasy">digitalart/paintings/fantasy</media:category>
        <media:credit role="author" scheme="urn:ebu">xa-xa-xa</media:credit>
        <media:credit role="author" scheme="urn:ebu">https://a.deviantart.net/avatars/x/a/xa-xa-xa.png?5</media:credit>
        <media:copyright url="https://xa-xa-xa.deviantart.com">Copyright 2019 xa-xa-xa</media:copyright>            <media:description type="html">Made with clip studio Paint&lt;br /&gt;&lt;a class=&quot;external&quot; href=&quot;https://www.deviantart.com/users/outgoing?https://blog.waven-game.com&quot;&gt;blog.waven-game.com&lt;/a&gt;&lt;br /&gt;&lt;br /&gt;&lt;a class=&quot;external&quot; href=&quot;https://www.deviantart.com/users/outgoing?https://www.youtube.com/channel/UCqgBd5b12GEeiRNdnFxkvyw&quot;&gt;&lt;u&gt;My youtube Channel&lt;/u&gt;&lt;/a&gt;&lt;br /&gt;&lt;a class=&quot;external&quot; href=&quot;https://www.deviantart.com/users/outgoing?https://gumroad.com/xaxaxa&quot;&gt;&lt;u&gt;My Gumroad Tutorial&lt;/u&gt;&lt;/a&gt;&amp;nbsp;&amp;nbsp;</media:description>            <media:thumbnail url="https://t00.deviantart.net/BP2mfMildkq8RhgUeSIKHqm_8lA=/fit-in/150x150/filters:no_upscale():origin()/pre00/c88f/th/pre/f/2019/050/a/d/ad63b91d952ad2f5938d2e2a4c862909-dd0565l.jpg" height="150" width="108"/>            <media:thumbnail url="https://t00.deviantart.net/ZOBJRj-tnextgr1yztJgH-sBAD8=/fit-in/300x900/filters:no_upscale():origin()/pre00/c88f/th/pre/f/2019/050/a/d/ad63b91d952ad2f5938d2e2a4c862909-dd0565l.jpg" height="417" width="300"/>            <media:thumbnail url="https://t00.deviantart.net/-P_F3GOoyYgnDF4TZbw8pUoYoRk=/300x200/filters:fixed_height(100,100):origin()/pre00/c88f/th/pre/f/2019/050/a/d/ad63b91d952ad2f5938d2e2a4c862909-dd0565l.jpg" height="200" width="144"/>            <media:content url="https://orig00.deviantart.net/85d9/f/2019/050/a/d/ad63b91d952ad2f5938d2e2a4c862909-dd0565l.jpg" height="839" width="603" medium="image"/>            
            <description>Made with clip studio Paint&lt;br /&gt;&lt;a class=&quot;external&quot; href=&quot;https://www.deviantart.com/users/outgoing?https://blog.waven-game.com&quot;&gt;blog.waven-game.com&lt;/a&gt;&lt;br /&gt;&lt;br /&gt;&lt;a class=&quot;external&quot; href=&quot;https://www.deviantart.com/users/outgoing?https://www.youtube.com/channel/UCqgBd5b12GEeiRNdnFxkvyw&quot;&gt;&lt;u&gt;My youtube Channel&lt;/u&gt;&lt;/a&gt;&lt;br /&gt;&lt;a class=&quot;external&quot; href=&quot;https://www.deviantart.com/users/outgoing?https://gumroad.com/xaxaxa&quot;&gt;&lt;u&gt;My Gumroad Tutorial&lt;/u&gt;&lt;/a&gt;&amp;nbsp;&amp;nbsp;&lt;br /&gt;&lt;div&gt;&lt;img src=&quot;https://t00.deviantart.net/-P_F3GOoyYgnDF4TZbw8pUoYoRk=/300x200/filters:fixed_height(100,100):origin()/pre00/c88f/th/pre/f/2019/050/a/d/ad63b91d952ad2f5938d2e2a4c862909-dd0565l.jpg&quot; alt=&quot;thumbnail&quot; /&gt;&lt;/div&gt;</description>            </item>
                    <item>
                <title>[COMMISSION] The Pikachu-family</title>
                <link>https://seviyummy.deviantart.com/art/COMMISSION-The-Pikachu-family-786229549</link>
                <guid isPermaLink="true">https://seviyummy.deviantart.com/art/COMMISSION-The-Pikachu-family-786229549</guid>
                <pubDate>Mon, 18 Feb 2019 13:45:08 PST</pubDate>
                        <media:title type="plain">[COMMISSION] The Pikachu-family</media:title>
        <media:keywords></media:keywords>
                        <media:rating>nonadult</media:rating>
                <media:category label="Games">fanart/digital/drawings/games</media:category>
        <media:credit role="author" scheme="urn:ebu">SeviYummy</media:credit>
        <media:credit role="author" scheme="urn:ebu">https://a.deviantart.net/avatars/s/e/seviyummy.png?3</media:credit>
        <media:copyright url="https://seviyummy.deviantart.com">Copyright 2019 SeviYummy</media:copyright>            <media:description type="html">&lt;div align=&quot;center&quot;&gt;Commission for&amp;nbsp;&amp;nbsp;&lt;span class=&quot;username-with-symbol u&quot;&gt;&lt;a class=&quot;u beta username&quot; href=&quot;https://www.deviantart.com/sixpathspony&quot;&gt;sixpathspony&lt;/a&gt;&lt;span class=&quot;user-symbol beta&quot; data-quicktip-text=&quot;Beta Tester&quot; data-show-tooltip=&quot;1&quot; data-gruser-type=&quot;beta&quot;&gt;&lt;/span&gt;&lt;/span&gt;&lt;br /&gt;&lt;br /&gt;&lt;/div&gt;&lt;div align=&quot;center&quot;&gt;&lt;a target=&quot;_self&quot; href=&quot;https://www.deviantart.com/prettypinkline01plz&quot; &gt;&lt;img class=&quot;avatar&quot; width=&quot;50&quot; height=&quot;50&quot; src=&quot;https://a.deviantart.net/avatars/p/r/prettypinkline01plz.gif?1&quot; alt=&quot;:iconprettypinkline01plz:&quot; title=&quot;prettypinkline01plz&quot; /&gt;&lt;/a&gt;&lt;a target=&quot;_self&quot; href=&quot;https://www.deviantart.com/prettypinkline02plz&quot; &gt;&lt;img class=&quot;avatar&quot; width=&quot;50&quot; height=&quot;50&quot; src=&quot;https://a.deviantart.net/avatars/p/r/prettypinkline02plz.gif?1&quot; alt=&quot;:iconprettypinkline02plz:&quot; title=&quot;prettypinkline02plz&quot; /&gt;&lt;/a&gt;&lt;a target=&quot;_self&quot; href=&quot;https://www.deviantart.com/prettypinkline02plz&quot; &gt;&lt;img class=&quot;avatar&quot; width=&quot;50&quot; height=&quot;50&quot; src=&quot;https://a.deviantart.net/avatars/p/r/prettypinkline02plz.gif?1&quot; alt=&quot;:iconprettypinkline02plz:&quot; title=&quot;prettypinkline02plz&quot; /&gt;&lt;/a&gt;&lt;a target=&quot;_self&quot; href=&quot;https://www.deviantart.com/prettypinkline02plz&quot; &gt;&lt;img class=&quot;avatar&quot; width=&quot;50&quot; height=&quot;50&quot; src=&quot;https://a.deviantart.net/avatars/p/r/prettypinkline02plz.gif?1&quot; alt=&quot;:iconprettypinkline02plz:&quot; title=&quot;prettypinkline02plz&quot; /&gt;&lt;/a&gt;&lt;a target=&quot;_self&quot; href=&quot;https://www.deviantart.com/prettypinkline04plz&quot; &gt;&lt;img class=&quot;avatar&quot; width=&quot;50&quot; height=&quot;50&quot; src=&quot;https://a.deviantart.net/avatars/p/r/prettypinkline04plz.gif?1&quot; alt=&quot;:iconprettypinkline04plz:&quot; title=&quot;prettypinkline04plz&quot; /&gt;&lt;/a&gt;&lt;br /&gt;&lt;br /&gt;&lt;div align=&quot;center&quot;&gt;&lt;a href=&quot;https://www.deviantart.com/artigo157/art/pokeball-v2-114772532&quot; class=&quot;emoticon&quot; data-embed-type=&quot;emoticon&quot; data-embed-id=&quot;114772532&quot; data-embed-profile=&quot;deviation&quot;&gt;&lt;img src=&quot;https://orig00.deviantart.net/f71c/f/2009/062/5/2/pokeball_v2_by_artigo157.gif&quot; alt=&quot;pokeball v2&quot; style=&quot;width:25px;height:28px&quot;&gt;&lt;/a&gt;&amp;nbsp;&amp;nbsp;See more of my work here: &amp;nbsp;&lt;a href=&quot;https://www.deviantart.com/artigo157/art/pokeball-v2-114772532&quot; class=&quot;emoticon&quot; data-embed-type=&quot;emoticon&quot; data-embed-id=&quot;114772532&quot; data-embed-profile=&quot;deviation&quot;&gt;&lt;img src=&quot;https://orig00.deviantart.net/f71c/f/2009/062/5/2/pokeball_v2_by_artigo157.gif&quot; alt=&quot;pokeball v2&quot; style=&quot;width:25px;height:28px&quot;&gt;&lt;/a&gt;&amp;nbsp;&lt;/div&gt;&lt;div align=&quot;center&quot;&gt;&lt;br /&gt;&lt;/div&gt;&lt;div align=&quot;center&quot;&gt;&amp;nbsp;&amp;nbsp;&lt;span class=&quot;shadow-holder&quot; data-embed-type=&quot;deviation&quot; data-embed-id=&quot;752357896&quot; data-embed-format=&quot;thumb&quot;&gt;&lt;span class=&quot;shadow mild&quot; &gt;&lt;a class=&quot;thumb&quot; href=&quot;https://www.deviantart.com/seviyummy/art/COMMISSION-Fluttershy-s-team-752357896&quot; title=&quot;[COMMISSION] Fluttershy&amp;#039;s team by SeviYummy, Jul 1, 2018 in Fan Art &amp;gt; Digital Art &amp;gt; Drawings &amp;gt; Games&quot;data-super-img=&quot;https://images-wixmp-ed30a86b8c4ca887773594c2.wixmp.com/intermediary/f/c7bca634-434f-4d30-8394-513ca6421852/dcfxn2g-7badb842-4452-4fa8-9df1-34a5f26542da.png/v1/fill/w_1003,h_796,q_70,strp/_commission__fluttershy_s_team_by_seviyummy_dcfxn2g-pre.jpg&quot; data-super-width=&quot;1003&quot; data-super-height=&quot;796&quot; data-super-transparent=&quot;false&quot; data-super-alt=&quot;[COMMISSION] Fluttershy&amp;#039;s team by SeviYummy&quot; data-super-full-img=&quot;https://images-wixmp-ed30a86b8c4ca887773594c2.wixmp.com/intermediary/f/c7bca634-434f-4d30-8394-513ca6421852/dcfxn2g-7badb842-4452-4fa8-9df1-34a5f26542da.png/v1/fill/w_1024,h_813,q_80,strp/_commission__fluttershy_s_team_by_seviyummy_dcfxn2g-fullview.jpg&quot; data-super-full-width=&quot;1024&quot; data-super-full-height=&quot;813&quot;        data-sigil=&quot;thumb&quot;&gt;
        &lt;i&gt;&lt;/i&gt;&lt;img   width=&quot;150&quot; height=&quot;119&quot; alt=&quot;[COMMISSION] Fluttershy&amp;#039;s team by SeviYummy&quot; src=&quot;https://images-wixmp-ed30a86b8c4ca887773594c2.wixmp.com/intermediary/f/c7bca634-434f-4d30-8394-513ca6421852/dcfxn2g-7badb842-4452-4fa8-9df1-34a5f26542da.png/v1/fit/w_150,h_150,q_70,strp/_commission__fluttershy_s_team_by_seviyummy_dcfxn2g-150.jpg&quot; data-src=&quot;https://images-wixmp-ed30a86b8c4ca887773594c2.wixmp.com/intermediary/f/c7bca634-434f-4d30-8394-513ca6421852/dcfxn2g-7badb842-4452-4fa8-9df1-34a5f26542da.png/v1/fit/w_150,h_150,q_70,strp/_commission__fluttershy_s_team_by_seviyummy_dcfxn2g-150.jpg&quot; srcset=&quot;https://images-wixmp-ed30a86b8c4ca887773594c2.wixmp.com/intermediary/f/c7bca634-434f-4d30-8394-513ca6421852/dcfxn2g-7badb842-4452-4fa8-9df1-34a5f26542da.png/v1/fit/w_150,h_150,q_70,strp/_commission__fluttershy_s_team_by_seviyummy_dcfxn2g-150.jpg 150w,https://images-wixmp-ed30a86b8c4ca887773594c2.wixmp.com/intermediary/f/c7bca634-434f-4d30-8394-513ca6421852/dcfxn2g-7badb842-4452-4fa8-9df1-34a5f26542da.png/v1/fill/w_315,h_250,q_70,strp/_commission__fluttershy_s_team_by_seviyummy_dcfxn2g-250t.jpg 315w,https://images-wixmp-ed30a86b8c4ca887773594c2.wixmp.com/intermediary/f/c7bca634-434f-4d30-8394-513ca6421852/dcfxn2g-7badb842-4452-4fa8-9df1-34a5f26542da.png/v1/fill/w_441,h_350,q_70,strp/_commission__fluttershy_s_team_by_seviyummy_dcfxn2g-350t.jpg 441w,https://images-wixmp-ed30a86b8c4ca887773594c2.wixmp.com/intermediary/f/c7bca634-434f-4d30-8394-513ca6421852/dcfxn2g-7badb842-4452-4fa8-9df1-34a5f26542da.png/v1/fill/w_504,h_400,q_70,strp/_commission__fluttershy_s_team_by_seviyummy_dcfxn2g-400t.jpg 504w,https://images-wixmp-ed30a86b8c4ca887773594c2.wixmp.com/intermediary/f/c7bca634-434f-4d30-8394-513ca6421852/dcfxn2g-7badb842-4452-4fa8-9df1-34a5f26542da.png/v1/fill/w_1003,h_796,q_70,strp/_commission__fluttershy_s_team_by_seviyummy_dcfxn2g-pre.jpg 1003w&quot; sizes=&quot;150px&quot;&gt;&lt;/a&gt;&lt;/span&gt;&lt;!-- ^TTT --&gt;&lt;!-- TTT$ --&gt;&lt;/span&gt;&amp;nbsp;&amp;nbsp;&lt;span class=&quot;shadow-holder&quot; data-embed-type=&quot;deviation&quot; data-embed-id=&quot;755919810&quot; data-embed-format=&quot;thumb&quot;&gt;&lt;span class=&quot;shadow mild&quot; &gt;&lt;a class=&quot;thumb&quot; href=&quot;https://www.deviantart.com/seviyummy/art/COMMISSION-Rainbow-Dash-Pokemon-Team-755919810&quot; title=&quot;[COMMISSION] Rainbow Dash Pokemon Team by SeviYummy, Jul 23, 2018 in Fan Art &amp;gt; Digital Art &amp;gt; Drawings &amp;gt; Movies &amp;amp; TV&quot;data-super-img=&quot;https://images-wixmp-ed30a86b8c4ca887773594c2.wixmp.com/intermediary/f/c7bca634-434f-4d30-8394-513ca6421852/dci1zgi-695bf24e-e936-4f5f-a718-cff2c6fd0f0f.png/v1/fill/w_1024,h_710,q_80,strp/_commission__rainbow_dash_pokemon_team_by_seviyummy_dci1zgi-fullview.jpg&quot; data-super-width=&quot;1024&quot; data-super-height=&quot;710&quot; data-super-transparent=&quot;false&quot; data-super-alt=&quot;[COMMISSION] Rainbow Dash Pokemon Team by SeviYummy&quot; data-super-full-img=&quot;https://images-wixmp-ed30a86b8c4ca887773594c2.wixmp.com/intermediary/f/c7bca634-434f-4d30-8394-513ca6421852/dci1zgi-695bf24e-e936-4f5f-a718-cff2c6fd0f0f.png/v1/fill/w_1024,h_710,q_80,strp/_commission__rainbow_dash_pokemon_team_by_seviyummy_dci1zgi-fullview.jpg&quot; data-super-full-width=&quot;1024&quot; data-super-full-height=&quot;710&quot;        data-sigil=&quot;thumb&quot;&gt;
        &lt;i&gt;&lt;/i&gt;&lt;img   width=&quot;150&quot; height=&quot;104&quot; alt=&quot;[COMMISSION] Rainbow Dash Pokemon Team by SeviYummy&quot; src=&quot;https://images-wixmp-ed30a86b8c4ca887773594c2.wixmp.com/intermediary/f/c7bca634-434f-4d30-8394-513ca6421852/dci1zgi-695bf24e-e936-4f5f-a718-cff2c6fd0f0f.png/v1/fit/w_150,h_150,q_70,strp/_commission__rainbow_dash_pokemon_team_by_seviyummy_dci1zgi-150.jpg&quot; data-src=&quot;https://images-wixmp-ed30a86b8c4ca887773594c2.wixmp.com/intermediary/f/c7bca634-434f-4d30-8394-513ca6421852/dci1zgi-695bf24e-e936-4f5f-a718-cff2c6fd0f0f.png/v1/fit/w_150,h_150,q_70,strp/_commission__rainbow_dash_pokemon_team_by_seviyummy_dci1zgi-150.jpg&quot; srcset=&quot;https://images-wixmp-ed30a86b8c4ca887773594c2.wixmp.com/intermediary/f/c7bca634-434f-4d30-8394-513ca6421852/dci1zgi-695bf24e-e936-4f5f-a718-cff2c6fd0f0f.png/v1/fit/w_150,h_150,q_70,strp/_commission__rainbow_dash_pokemon_team_by_seviyummy_dci1zgi-150.jpg 150w,https://images-wixmp-ed30a86b8c4ca887773594c2.wixmp.com/intermediary/f/c7bca634-434f-4d30-8394-513ca6421852/dci1zgi-695bf24e-e936-4f5f-a718-cff2c6fd0f0f.png/v1/fill/w_361,h_250,q_70,strp/_commission__rainbow_dash_pokemon_team_by_seviyummy_dci1zgi-250t.jpg 361w,https://images-wixmp-ed30a86b8c4ca887773594c2.wixmp.com/intermediary/f/c7bca634-434f-4d30-8394-513ca6421852/dci1zgi-695bf24e-e936-4f5f-a718-cff2c6fd0f0f.png/v1/fill/w_505,h_350,q_70,strp/_commission__rainbow_dash_pokemon_team_by_seviyummy_dci1zgi-350t.jpg 505w,https://images-wixmp-ed30a86b8c4ca887773594c2.wixmp.com/intermediary/f/c7bca634-434f-4d30-8394-513ca6421852/dci1zgi-695bf24e-e936-4f5f-a718-cff2c6fd0f0f.png/v1/fill/w_578,h_400,q_70,strp/_commission__rainbow_dash_pokemon_team_by_seviyummy_dci1zgi-400t.jpg 577w,https://images-wixmp-ed30a86b8c4ca887773594c2.wixmp.com/intermediary/f/c7bca634-434f-4d30-8394-513ca6421852/dci1zgi-695bf24e-e936-4f5f-a718-cff2c6fd0f0f.png/v1/fill/w_1024,h_710,q_80,strp/_commission__rainbow_dash_pokemon_team_by_seviyummy_dci1zgi-fullview.jpg 1024w&quot; sizes=&quot;150px&quot;&gt;&lt;/a&gt;&lt;/span&gt;&lt;!-- ^TTT --&gt;&lt;!-- TTT$ --&gt;&lt;/span&gt;&amp;nbsp;&amp;nbsp;&lt;span class=&quot;shadow-holder&quot; data-embed-type=&quot;deviation&quot; data-embed-id=&quot;707369004&quot; data-embed-format=&quot;thumb&quot;&gt;&lt;span class=&quot;shadow mild&quot; &gt;&lt;a class=&quot;thumb&quot; href=&quot;https://www.deviantart.com/seviyummy/art/COMMISSION-Meowstic-707369004&quot; title=&quot;COMMISSION: Meowstic by SeviYummy, Oct 1, 2017 in Fan Art &amp;gt; Digital Art &amp;gt; Drawings &amp;gt; Games&quot;data-super-img=&quot;https://images-wixmp-ed30a86b8c4ca887773594c2.wixmp.com/intermediary/f/c7bca634-434f-4d30-8394-513ca6421852/dbp5df0-ab92136f-b9c1-443f-858c-24d1b3576ebb.png/v1/fill/w_800,h_800,q_80,strp/commission__meowstic_by_seviyummy_dbp5df0-fullview.jpg&quot; data-super-width=&quot;800&quot; data-super-height=&quot;800&quot; data-super-transparent=&quot;false&quot; data-super-alt=&quot;COMMISSION: Meowstic by SeviYummy&quot; data-super-full-img=&quot;https://images-wixmp-ed30a86b8c4ca887773594c2.wixmp.com/intermediary/f/c7bca634-434f-4d30-8394-513ca6421852/dbp5df0-ab92136f-b9c1-443f-858c-24d1b3576ebb.png/v1/fill/w_800,h_800,q_80,strp/commission__meowstic_by_seviyummy_dbp5df0-fullview.jpg&quot; data-super-full-width=&quot;800&quot; data-super-full-height=&quot;800&quot;        data-sigil=&quot;thumb&quot;&gt;
        &lt;i&gt;&lt;/i&gt;&lt;img   width=&quot;150&quot; height=&quot;150&quot; alt=&quot;COMMISSION: Meowstic by SeviYummy&quot; src=&quot;https://images-wixmp-ed30a86b8c4ca887773594c2.wixmp.com/intermediary/f/c7bca634-434f-4d30-8394-513ca6421852/dbp5df0-ab92136f-b9c1-443f-858c-24d1b3576ebb.png/v1/fit/w_150,h_150,q_70,strp/commission__meowstic_by_seviyummy_dbp5df0-150.jpg&quot; data-src=&quot;https://images-wixmp-ed30a86b8c4ca887773594c2.wixmp.com/intermediary/f/c7bca634-434f-4d30-8394-513ca6421852/dbp5df0-ab92136f-b9c1-443f-858c-24d1b3576ebb.png/v1/fit/w_150,h_150,q_70,strp/commission__meowstic_by_seviyummy_dbp5df0-150.jpg&quot; srcset=&quot;https://images-wixmp-ed30a86b8c4ca887773594c2.wixmp.com/intermediary/f/c7bca634-434f-4d30-8394-513ca6421852/dbp5df0-ab92136f-b9c1-443f-858c-24d1b3576ebb.png/v1/fit/w_150,h_150,q_70,strp/commission__meowstic_by_seviyummy_dbp5df0-150.jpg 150w,https://images-wixmp-ed30a86b8c4ca887773594c2.wixmp.com/intermediary/f/c7bca634-434f-4d30-8394-513ca6421852/dbp5df0-ab92136f-b9c1-443f-858c-24d1b3576ebb.png/v1/fill/w_250,h_250,q_70,strp/commission__meowstic_by_seviyummy_dbp5df0-250t.jpg 250w,https://images-wixmp-ed30a86b8c4ca887773594c2.wixmp.com/intermediary/f/c7bca634-434f-4d30-8394-513ca6421852/dbp5df0-ab92136f-b9c1-443f-858c-24d1b3576ebb.png/v1/fill/w_350,h_350,q_70,strp/commission__meowstic_by_seviyummy_dbp5df0-350t.jpg 350w,https://images-wixmp-ed30a86b8c4ca887773594c2.wixmp.com/intermediary/f/c7bca634-434f-4d30-8394-513ca6421852/dbp5df0-ab92136f-b9c1-443f-858c-24d1b3576ebb.png/v1/fill/w_400,h_400,q_70,strp/commission__meowstic_by_seviyummy_dbp5df0-400t.jpg 400w,https://images-wixmp-ed30a86b8c4ca887773594c2.wixmp.com/intermediary/f/c7bca634-434f-4d30-8394-513ca6421852/dbp5df0-ab92136f-b9c1-443f-858c-24d1b3576ebb.png/v1/fill/w_800,h_800,q_80,strp/commission__meowstic_by_seviyummy_dbp5df0-fullview.jpg 800w&quot; sizes=&quot;150px&quot;&gt;&lt;/a&gt;&lt;/span&gt;&lt;!-- ^TTT --&gt;&lt;!-- TTT$ --&gt;&lt;/span&gt;&amp;nbsp;&lt;span class=&quot;shadow-holder&quot; data-embed-type=&quot;deviation&quot; data-embed-id=&quot;773050581&quot; data-embed-format=&quot;thumb&quot;&gt;&lt;span class=&quot;shadow mild&quot; &gt;&lt;a class=&quot;thumb&quot; href=&quot;https://www.deviantart.com/seviyummy/art/COMMISSION-Midnight-773050581&quot; title=&quot;[COMMISSION] Midnight by SeviYummy, Nov 18, 2018 in Fan Art &amp;gt; Digital Art &amp;gt; Drawings &amp;gt; Games&quot;data-super-img=&quot;https://images-wixmp-ed30a86b8c4ca887773594c2.wixmp.com/intermediary/f/c7bca634-434f-4d30-8394-513ca6421852/dcs95n9-0178e24c-2464-44d5-ba1b-97fc31b112e3.png/v1/fill/w_800,h_800,q_80,strp/_commission__midnight_by_seviyummy_dcs95n9-fullview.jpg&quot; data-super-width=&quot;800&quot; data-super-height=&quot;800&quot; data-super-transparent=&quot;false&quot; data-super-alt=&quot;[COMMISSION] Midnight by SeviYummy&quot; data-super-full-img=&quot;https://images-wixmp-ed30a86b8c4ca887773594c2.wixmp.com/intermediary/f/c7bca634-434f-4d30-8394-513ca6421852/dcs95n9-0178e24c-2464-44d5-ba1b-97fc31b112e3.png/v1/fill/w_800,h_800,q_80,strp/_commission__midnight_by_seviyummy_dcs95n9-fullview.jpg&quot; data-super-full-width=&quot;800&quot; data-super-full-height=&quot;800&quot;        data-sigil=&quot;thumb&quot;&gt;
        &lt;i&gt;&lt;/i&gt;&lt;img   width=&quot;150&quot; height=&quot;150&quot; alt=&quot;[COMMISSION] Midnight by SeviYummy&quot; src=&quot;https://images-wixmp-ed30a86b8c4ca887773594c2.wixmp.com/intermediary/f/c7bca634-434f-4d30-8394-513ca6421852/dcs95n9-0178e24c-2464-44d5-ba1b-97fc31b112e3.png/v1/fit/w_150,h_150,q_70,strp/_commission__midnight_by_seviyummy_dcs95n9-150.jpg&quot; data-src=&quot;https://images-wixmp-ed30a86b8c4ca887773594c2.wixmp.com/intermediary/f/c7bca634-434f-4d30-8394-513ca6421852/dcs95n9-0178e24c-2464-44d5-ba1b-97fc31b112e3.png/v1/fit/w_150,h_150,q_70,strp/_commission__midnight_by_seviyummy_dcs95n9-150.jpg&quot; srcset=&quot;https://images-wixmp-ed30a86b8c4ca887773594c2.wixmp.com/intermediary/f/c7bca634-434f-4d30-8394-513ca6421852/dcs95n9-0178e24c-2464-44d5-ba1b-97fc31b112e3.png/v1/fit/w_150,h_150,q_70,strp/_commission__midnight_by_seviyummy_dcs95n9-150.jpg 150w,https://images-wixmp-ed30a86b8c4ca887773594c2.wixmp.com/intermediary/f/c7bca634-434f-4d30-8394-513ca6421852/dcs95n9-0178e24c-2464-44d5-ba1b-97fc31b112e3.png/v1/fill/w_250,h_250,q_70,strp/_commission__midnight_by_seviyummy_dcs95n9-250t.jpg 250w,https://images-wixmp-ed30a86b8c4ca887773594c2.wixmp.com/intermediary/f/c7bca634-434f-4d30-8394-513ca6421852/dcs95n9-0178e24c-2464-44d5-ba1b-97fc31b112e3.png/v1/fill/w_350,h_350,q_70,strp/_commission__midnight_by_seviyummy_dcs95n9-350t.jpg 350w,https://images-wixmp-ed30a86b8c4ca887773594c2.wixmp.com/intermediary/f/c7bca634-434f-4d30-8394-513ca6421852/dcs95n9-0178e24c-2464-44d5-ba1b-97fc31b112e3.png/v1/fill/w_400,h_400,q_70,strp/_commission__midnight_by_seviyummy_dcs95n9-400t.jpg 400w,https://images-wixmp-ed30a86b8c4ca887773594c2.wixmp.com/intermediary/f/c7bca634-434f-4d30-8394-513ca6421852/dcs95n9-0178e24c-2464-44d5-ba1b-97fc31b112e3.png/v1/fill/w_800,h_800,q_80,strp/_commission__midnight_by_seviyummy_dcs95n9-fullview.jpg 800w&quot; sizes=&quot;150px&quot;&gt;&lt;/a&gt;&lt;/span&gt;&lt;!-- ^TTT --&gt;&lt;!-- TTT$ --&gt;&lt;/span&gt;&amp;nbsp;&lt;span class=&quot;shadow-holder&quot; data-embed-type=&quot;deviation&quot; data-embed-id=&quot;763315247&quot; data-embed-format=&quot;thumb&quot;&gt;&lt;span class=&quot;shadow mild&quot; &gt;&lt;a class=&quot;thumb&quot; href=&quot;https://www.deviantart.com/seviyummy/art/COMMISSION-Twilight-Sparkle-763315247&quot; title=&quot;[COMMISSION] Twilight Sparkle by SeviYummy, Sep 9, 2018 in Fan Art &amp;gt; Digital Art &amp;gt; Drawings &amp;gt; Games&quot;data-super-img=&quot;https://images-wixmp-ed30a86b8c4ca887773594c2.wixmp.com/intermediary/f/c7bca634-434f-4d30-8394-513ca6421852/dcmghtb-3bb4a55b-0b6f-40fd-aeb2-c5155e18606f.png/v1/fill/w_666,h_1200,q_70,strp/_commission__twilight_sparkle_by_seviyummy_dcmghtb-pre.jpg&quot; data-super-width=&quot;666&quot; data-super-height=&quot;1200&quot; data-super-transparent=&quot;false&quot; data-super-alt=&quot;[COMMISSION] Twilight Sparkle by SeviYummy&quot; data-super-full-img=&quot;https://images-wixmp-ed30a86b8c4ca887773594c2.wixmp.com/intermediary/f/c7bca634-434f-4d30-8394-513ca6421852/dcmghtb-3bb4a55b-0b6f-40fd-aeb2-c5155e18606f.png/v1/fill/w_1024,h_1846,q_80,strp/_commission__twilight_sparkle_by_seviyummy_dcmghtb-fullview.jpg&quot; data-super-full-width=&quot;1024&quot; data-super-full-height=&quot;1846&quot;        data-sigil=&quot;thumb&quot;&gt;
        &lt;i&gt;&lt;/i&gt;&lt;img   width=&quot;83&quot; height=&quot;150&quot; alt=&quot;[COMMISSION] Twilight Sparkle by SeviYummy&quot; src=&quot;https://images-wixmp-ed30a86b8c4ca887773594c2.wixmp.com/intermediary/f/c7bca634-434f-4d30-8394-513ca6421852/dcmghtb-3bb4a55b-0b6f-40fd-aeb2-c5155e18606f.png/v1/fit/w_150,h_150,q_70,strp/_commission__twilight_sparkle_by_seviyummy_dcmghtb-150.jpg&quot; data-src=&quot;https://images-wixmp-ed30a86b8c4ca887773594c2.wixmp.com/intermediary/f/c7bca634-434f-4d30-8394-513ca6421852/dcmghtb-3bb4a55b-0b6f-40fd-aeb2-c5155e18606f.png/v1/fit/w_150,h_150,q_70,strp/_commission__twilight_sparkle_by_seviyummy_dcmghtb-150.jpg&quot; srcset=&quot;https://images-wixmp-ed30a86b8c4ca887773594c2.wixmp.com/intermediary/f/c7bca634-434f-4d30-8394-513ca6421852/dcmghtb-3bb4a55b-0b6f-40fd-aeb2-c5155e18606f.png/v1/fit/w_150,h_150,q_70,strp/_commission__twilight_sparkle_by_seviyummy_dcmghtb-150.jpg 83w,https://images-wixmp-ed30a86b8c4ca887773594c2.wixmp.com/intermediary/f/c7bca634-434f-4d30-8394-513ca6421852/dcmghtb-3bb4a55b-0b6f-40fd-aeb2-c5155e18606f.png/v1/fill/w_139,h_250,q_70,strp/_commission__twilight_sparkle_by_seviyummy_dcmghtb-250t.jpg 139w,https://images-wixmp-ed30a86b8c4ca887773594c2.wixmp.com/intermediary/f/c7bca634-434f-4d30-8394-513ca6421852/dcmghtb-3bb4a55b-0b6f-40fd-aeb2-c5155e18606f.png/v1/fill/w_194,h_350,q_70,strp/_commission__twilight_sparkle_by_seviyummy_dcmghtb-350t.jpg 194w,https://images-wixmp-ed30a86b8c4ca887773594c2.wixmp.com/intermediary/f/c7bca634-434f-4d30-8394-513ca6421852/dcmghtb-3bb4a55b-0b6f-40fd-aeb2-c5155e18606f.png/v1/fill/w_222,h_400,q_70,strp/_commission__twilight_sparkle_by_seviyummy_dcmghtb-400t.jpg 222w,https://images-wixmp-ed30a86b8c4ca887773594c2.wixmp.com/intermediary/f/c7bca634-434f-4d30-8394-513ca6421852/dcmghtb-3bb4a55b-0b6f-40fd-aeb2-c5155e18606f.png/v1/fill/w_666,h_1200,q_70,strp/_commission__twilight_sparkle_by_seviyummy_dcmghtb-pre.jpg 666w&quot; sizes=&quot;83px&quot;&gt;&lt;/a&gt;&lt;/span&gt;&lt;!-- ^TTT --&gt;&lt;!-- TTT$ --&gt;&lt;/span&gt;&amp;nbsp;&lt;span class=&quot;shadow-holder&quot; data-embed-type=&quot;deviation&quot; data-embed-id=&quot;781165050&quot; data-embed-format=&quot;thumb&quot;&gt;&lt;span class=&quot;shadow mild&quot; &gt;&lt;a class=&quot;thumb&quot; href=&quot;https://www.deviantart.com/seviyummy/art/COMMISSION-Midnight-s-Team-781165050&quot; title=&quot;[COMMISSION] Midnight&amp;#039;s Team by SeviYummy, Jan 14, 2019 in Fan Art &amp;gt; Digital Art &amp;gt; Drawings &amp;gt; Games&quot;data-super-img=&quot;https://images-wixmp-ed30a86b8c4ca887773594c2.wixmp.com/intermediary/f/c7bca634-434f-4d30-8394-513ca6421852/dcx32t6-5979ba22-50e5-4990-abe1-349496050675.png/v1/fill/w_800,h_952,q_80,strp/_commission__midnight_s_team_by_seviyummy_dcx32t6-fullview.jpg&quot; data-super-width=&quot;800&quot; data-super-height=&quot;952&quot; data-super-transparent=&quot;false&quot; data-super-alt=&quot;[COMMISSION] Midnight&amp;#039;s Team by SeviYummy&quot; data-super-full-img=&quot;https://images-wixmp-ed30a86b8c4ca887773594c2.wixmp.com/intermediary/f/c7bca634-434f-4d30-8394-513ca6421852/dcx32t6-5979ba22-50e5-4990-abe1-349496050675.png/v1/fill/w_800,h_952,q_80,strp/_commission__midnight_s_team_by_seviyummy_dcx32t6-fullview.jpg&quot; data-super-full-width=&quot;800&quot; data-super-full-height=&quot;952&quot;        data-sigil=&quot;thumb&quot;&gt;
        &lt;i&gt;&lt;/i&gt;&lt;img   width=&quot;126&quot; height=&quot;150&quot; alt=&quot;[COMMISSION] Midnight&amp;#039;s Team by SeviYummy&quot; src=&quot;https://images-wixmp-ed30a86b8c4ca887773594c2.wixmp.com/intermediary/f/c7bca634-434f-4d30-8394-513ca6421852/dcx32t6-5979ba22-50e5-4990-abe1-349496050675.png/v1/fit/w_150,h_150,q_70,strp/_commission__midnight_s_team_by_seviyummy_dcx32t6-150.jpg&quot; data-src=&quot;https://images-wixmp-ed30a86b8c4ca887773594c2.wixmp.com/intermediary/f/c7bca634-434f-4d30-8394-513ca6421852/dcx32t6-5979ba22-50e5-4990-abe1-349496050675.png/v1/fit/w_150,h_150,q_70,strp/_commission__midnight_s_team_by_seviyummy_dcx32t6-150.jpg&quot; srcset=&quot;https://images-wixmp-ed30a86b8c4ca887773594c2.wixmp.com/intermediary/f/c7bca634-434f-4d30-8394-513ca6421852/dcx32t6-5979ba22-50e5-4990-abe1-349496050675.png/v1/fit/w_150,h_150,q_70,strp/_commission__midnight_s_team_by_seviyummy_dcx32t6-150.jpg 126w,https://images-wixmp-ed30a86b8c4ca887773594c2.wixmp.com/intermediary/f/c7bca634-434f-4d30-8394-513ca6421852/dcx32t6-5979ba22-50e5-4990-abe1-349496050675.png/v1/fill/w_210,h_250,q_70,strp/_commission__midnight_s_team_by_seviyummy_dcx32t6-250t.jpg 210w,https://images-wixmp-ed30a86b8c4ca887773594c2.wixmp.com/intermediary/f/c7bca634-434f-4d30-8394-513ca6421852/dcx32t6-5979ba22-50e5-4990-abe1-349496050675.png/v1/fill/w_294,h_350,q_70,strp/_commission__midnight_s_team_by_seviyummy_dcx32t6-350t.jpg 294w,https://images-wixmp-ed30a86b8c4ca887773594c2.wixmp.com/intermediary/f/c7bca634-434f-4d30-8394-513ca6421852/dcx32t6-5979ba22-50e5-4990-abe1-349496050675.png/v1/fill/w_336,h_400,q_70,strp/_commission__midnight_s_team_by_seviyummy_dcx32t6-400t.jpg 336w,https://images-wixmp-ed30a86b8c4ca887773594c2.wixmp.com/intermediary/f/c7bca634-434f-4d30-8394-513ca6421852/dcx32t6-5979ba22-50e5-4990-abe1-349496050675.png/v1/fill/w_800,h_952,q_80,strp/_commission__midnight_s_team_by_seviyummy_dcx32t6-fullview.jpg 800w&quot; sizes=&quot;126px&quot;&gt;&lt;/a&gt;&lt;/span&gt;&lt;!-- ^TTT --&gt;&lt;!-- TTT$ --&gt;&lt;/span&gt;&lt;/div&gt;&lt;/div&gt;&lt;div align=&quot;center&quot;&gt;&lt;p align=&quot;center&quot;&gt;&amp;#8226; &amp;#8226; &amp;#8226; &amp;#8226; &amp;#8226; &amp;#8226; &amp;#8226; &amp;#8226; &amp;#8226; &amp;#8226; &amp;#8226; &amp;#8226; &amp;#8226; &amp;#8226; &amp;#8226; &amp;#8226; &amp;#8226; &amp;#8226; &amp;#8226; &amp;#8226; &amp;#8226; &amp;#8226; &amp;#8226; &amp;#8226; &amp;#8226; &amp;#8226; &amp;#8226; &amp;#8226; &amp;#8226; &amp;#8226; &amp;#8226;&amp;nbsp;&amp;#8226; &amp;#8226; &amp;#8226;&amp;nbsp;&amp;#8226; &amp;#8226; &amp;#8226;&amp;nbsp;&amp;#8226; &amp;#8226;&amp;nbsp;&lt;/p&gt;&lt;p align=&quot;left&quot;&gt;&lt;/p&gt;&lt;div align=&quot;center&quot;&gt;&amp;#9829;&amp;nbsp;&amp;nbsp;&lt;a class=&quot;external&quot; href=&quot;https://www.deviantart.com/users/outgoing?http://ko-fi.com/seviyummy&quot;&gt;Ko-fi&lt;/a&gt;&amp;nbsp;&amp;#9829;&amp;nbsp;&lt;a class=&quot;external&quot; href=&quot;https://www.deviantart.com/users/outgoing?https://seviyummy.tumblr.com/&quot;&gt;Tumblr&lt;/a&gt;&amp;nbsp;&amp;#9829;&amp;nbsp;&lt;a href=&quot;https://www.deviantart.com/seviyummy/journal/COMMISSIONS-Rules-and-Prices-707075470&quot;&gt;Commissions&amp;nbsp;&lt;/a&gt;&amp;nbsp;&amp;#9829;&amp;nbsp;&lt;a class=&quot;external&quot; href=&quot;https://www.deviantart.com/users/outgoing?https://www.patreon.com/seviyummy&quot;&gt;Patreon&amp;nbsp;&lt;/a&gt;&amp;nbsp;&amp;#9829;&amp;nbsp;&lt;a class=&quot;external&quot; href=&quot;https://www.deviantart.com/users/outgoing?https://www.redbubble.com/people/seviyummy&quot;&gt;My Store&lt;/a&gt;&amp;nbsp; &amp;#9829;&amp;nbsp;&lt;/div&gt;&lt;div align=&quot;center&quot;&gt;&lt;br /&gt;&lt;/div&gt;&lt;div align=&quot;center&quot;&gt;&amp;#8226; &amp;#8226; &amp;#8226; &amp;#8226; &amp;#8226; &amp;#8226; &amp;#8226; &amp;#8226; &amp;#8226; &amp;#8226; &amp;#8226; &amp;#8226; &amp;#8226; &amp;#8226; &amp;#8226; &amp;#8226; &amp;#8226; &amp;#8226; &amp;#8226; &amp;#8226; &amp;#8226; &amp;#8226; &amp;#8226; &amp;#8226; &amp;#8226; &amp;#8226; &amp;#8226; &amp;#8226; &amp;#8226; &amp;#8226; &amp;#8226;&amp;nbsp;&amp;#8226; &amp;#8226; &amp;#8226;&amp;nbsp;&amp;#8226; &amp;#8226; &amp;#8226;&amp;nbsp;&amp;#8226; &amp;#8226;&amp;nbsp;&lt;/div&gt;&lt;p&gt;&lt;/p&gt;&lt;/div&gt;&lt;div align=&quot;center&quot;&gt;&lt;br /&gt;&lt;/div&gt;&lt;div align=&quot;center&quot;&gt;&lt;br /&gt;&lt;/div&gt;&lt;div align=&quot;center&quot;&gt;&lt;br /&gt;&lt;a target=&quot;_self&quot; href=&quot;https://www.deviantart.com/seviyummy&quot; &gt;&lt;img class=&quot;avatar&quot; width=&quot;50&quot; height=&quot;50&quot; src=&quot;https://a.deviantart.net/avatars/s/e/seviyummy.png?3&quot; alt=&quot;:iconseviyummy:&quot; title=&quot;SeviYummy&quot; /&gt;&lt;/a&gt;&lt;br /&gt;Sevi Yummy&lt;/div&gt;</media:description>            <media:thumbnail url="https://t00.deviantart.net/xL7WWBiv6RKw6c9sYm9BCjyIRKs=/fit-in/150x150/filters:no_upscale():origin()/pre00/8585/th/pre/i/2019/049/e/2/_commission__the_pikachu_family_by_seviyummy-dd03mlp.png" height="113" width="150"/>            <media:thumbnail url="https://t00.deviantart.net/-CSAfI5TQr1wGG5GKOA9eBRXEJ4=/fit-in/300x900/filters:no_upscale():origin()/pre00/8585/th/pre/i/2019/049/e/2/_commission__the_pikachu_family_by_seviyummy-dd03mlp.png" height="225" width="300"/>            <media:thumbnail url="https://t00.deviantart.net/-GefJ-2h1frbtANw3Ma90662VGI=/300x200/filters:fixed_height(100,100):origin()/pre00/8585/th/pre/i/2019/049/e/2/_commission__the_pikachu_family_by_seviyummy-dd03mlp.png" height="200" width="267"/>            <media:content url="https://img00.deviantart.net/1ada/i/2019/049/e/2/_commission__the_pikachu_family_by_seviyummy-dd03mlp.png" height="600" width="800" medium="image"/>            
            <description>&lt;div align=&quot;center&quot;&gt;Commission for&amp;nbsp;&amp;nbsp;&lt;span class=&quot;username-with-symbol u&quot;&gt;&lt;a class=&quot;u beta username&quot; href=&quot;https://www.deviantart.com/sixpathspony&quot;&gt;sixpathspony&lt;/a&gt;&lt;span class=&quot;user-symbol beta&quot; data-quicktip-text=&quot;Beta Tester&quot; data-show-tooltip=&quot;1&quot; data-gruser-type=&quot;beta&quot;&gt;&lt;/span&gt;&lt;/span&gt;&lt;br /&gt;&lt;br /&gt;&lt;/div&gt;&lt;div align=&quot;center&quot;&gt;&lt;a target=&quot;_self&quot; href=&quot;https://www.deviantart.com/prettypinkline01plz&quot; &gt;&lt;img class=&quot;avatar&quot; width=&quot;50&quot; height=&quot;50&quot; src=&quot;https://a.deviantart.net/avatars/p/r/prettypinkline01plz.gif?1&quot; alt=&quot;:iconprettypinkline01plz:&quot; title=&quot;prettypinkline01plz&quot; /&gt;&lt;/a&gt;&lt;a target=&quot;_self&quot; href=&quot;https://www.deviantart.com/prettypinkline02plz&quot; &gt;&lt;img class=&quot;avatar&quot; width=&quot;50&quot; height=&quot;50&quot; src=&quot;https://a.deviantart.net/avatars/p/r/prettypinkline02plz.gif?1&quot; alt=&quot;:iconprettypinkline02plz:&quot; title=&quot;prettypinkline02plz&quot; /&gt;&lt;/a&gt;&lt;a target=&quot;_self&quot; href=&quot;https://www.deviantart.com/prettypinkline02plz&quot; &gt;&lt;img class=&quot;avatar&quot; width=&quot;50&quot; height=&quot;50&quot; src=&quot;https://a.deviantart.net/avatars/p/r/prettypinkline02plz.gif?1&quot; alt=&quot;:iconprettypinkline02plz:&quot; title=&quot;prettypinkline02plz&quot; /&gt;&lt;/a&gt;&lt;a target=&quot;_self&quot; href=&quot;https://www.deviantart.com/prettypinkline02plz&quot; &gt;&lt;img class=&quot;avatar&quot; width=&quot;50&quot; height=&quot;50&quot; src=&quot;https://a.deviantart.net/avatars/p/r/prettypinkline02plz.gif?1&quot; alt=&quot;:iconprettypinkline02plz:&quot; title=&quot;prettypinkline02plz&quot; /&gt;&lt;/a&gt;&lt;a target=&quot;_self&quot; href=&quot;https://www.deviantart.com/prettypinkline04plz&quot; &gt;&lt;img class=&quot;avatar&quot; width=&quot;50&quot; height=&quot;50&quot; src=&quot;https://a.deviantart.net/avatars/p/r/prettypinkline04plz.gif?1&quot; alt=&quot;:iconprettypinkline04plz:&quot; title=&quot;prettypinkline04plz&quot; /&gt;&lt;/a&gt;&lt;br /&gt;&lt;br /&gt;&lt;div align=&quot;center&quot;&gt;&lt;a href=&quot;https://www.deviantart.com/artigo157/art/pokeball-v2-114772532&quot; class=&quot;emoticon&quot; data-embed-type=&quot;emoticon&quot; data-embed-id=&quot;114772532&quot; data-embed-profile=&quot;deviation&quot;&gt;&lt;img src=&quot;https://orig00.deviantart.net/f71c/f/2009/062/5/2/pokeball_v2_by_artigo157.gif&quot; alt=&quot;pokeball v2&quot; style=&quot;width:25px;height:28px&quot;&gt;&lt;/a&gt;&amp;nbsp;&amp;nbsp;See more of my work here: &amp;nbsp;&lt;a href=&quot;https://www.deviantart.com/artigo157/art/pokeball-v2-114772532&quot; class=&quot;emoticon&quot; data-embed-type=&quot;emoticon&quot; data-embed-id=&quot;114772532&quot; data-embed-profile=&quot;deviation&quot;&gt;&lt;img src=&quot;https://orig00.deviantart.net/f71c/f/2009/062/5/2/pokeball_v2_by_artigo157.gif&quot; alt=&quot;pokeball v2&quot; style=&quot;width:25px;height:28px&quot;&gt;&lt;/a&gt;&amp;nbsp;&lt;/div&gt;&lt;div align=&quot;center&quot;&gt;&lt;br /&gt;&lt;/div&gt;&lt;div align=&quot;center&quot;&gt;&amp;nbsp;&amp;nbsp;&lt;span class=&quot;shadow-holder&quot; data-embed-type=&quot;deviation&quot; data-embed-id=&quot;752357896&quot; data-embed-format=&quot;thumb&quot;&gt;&lt;span class=&quot;shadow mild&quot; &gt;&lt;a class=&quot;thumb&quot; href=&quot;https://www.deviantart.com/seviyummy/art/COMMISSION-Fluttershy-s-team-752357896&quot; title=&quot;[COMMISSION] Fluttershy&amp;#039;s team by SeviYummy, Jul 1, 2018 in Fan Art &amp;gt; Digital Art &amp;gt; Drawings &amp;gt; Games&quot;data-super-img=&quot;https://images-wixmp-ed30a86b8c4ca887773594c2.wixmp.com/intermediary/f/c7bca634-434f-4d30-8394-513ca6421852/dcfxn2g-7badb842-4452-4fa8-9df1-34a5f26542da.png/v1/fill/w_1003,h_796,q_70,strp/_commission__fluttershy_s_team_by_seviyummy_dcfxn2g-pre.jpg&quot; data-super-width=&quot;1003&quot; data-super-height=&quot;796&quot; data-super-transparent=&quot;false&quot; data-super-alt=&quot;[COMMISSION] Fluttershy&amp;#039;s team by SeviYummy&quot; data-super-full-img=&quot;https://images-wixmp-ed30a86b8c4ca887773594c2.wixmp.com/intermediary/f/c7bca634-434f-4d30-8394-513ca6421852/dcfxn2g-7badb842-4452-4fa8-9df1-34a5f26542da.png/v1/fill/w_1024,h_813,q_80,strp/_commission__fluttershy_s_team_by_seviyummy_dcfxn2g-fullview.jpg&quot; data-super-full-width=&quot;1024&quot; data-super-full-height=&quot;813&quot;        data-sigil=&quot;thumb&quot;&gt;
        &lt;i&gt;&lt;/i&gt;&lt;img   width=&quot;150&quot; height=&quot;119&quot; alt=&quot;[COMMISSION] Fluttershy&amp;#039;s team by SeviYummy&quot; src=&quot;https://images-wixmp-ed30a86b8c4ca887773594c2.wixmp.com/intermediary/f/c7bca634-434f-4d30-8394-513ca6421852/dcfxn2g-7badb842-4452-4fa8-9df1-34a5f26542da.png/v1/fit/w_150,h_150,q_70,strp/_commission__fluttershy_s_team_by_seviyummy_dcfxn2g-150.jpg&quot; data-src=&quot;https://images-wixmp-ed30a86b8c4ca887773594c2.wixmp.com/intermediary/f/c7bca634-434f-4d30-8394-513ca6421852/dcfxn2g-7badb842-4452-4fa8-9df1-34a5f26542da.png/v1/fit/w_150,h_150,q_70,strp/_commission__fluttershy_s_team_by_seviyummy_dcfxn2g-150.jpg&quot; srcset=&quot;https://images-wixmp-ed30a86b8c4ca887773594c2.wixmp.com/intermediary/f/c7bca634-434f-4d30-8394-513ca6421852/dcfxn2g-7badb842-4452-4fa8-9df1-34a5f26542da.png/v1/fit/w_150,h_150,q_70,strp/_commission__fluttershy_s_team_by_seviyummy_dcfxn2g-150.jpg 150w,https://images-wixmp-ed30a86b8c4ca887773594c2.wixmp.com/intermediary/f/c7bca634-434f-4d30-8394-513ca6421852/dcfxn2g-7badb842-4452-4fa8-9df1-34a5f26542da.png/v1/fill/w_315,h_250,q_70,strp/_commission__fluttershy_s_team_by_seviyummy_dcfxn2g-250t.jpg 315w,https://images-wixmp-ed30a86b8c4ca887773594c2.wixmp.com/intermediary/f/c7bca634-434f-4d30-8394-513ca6421852/dcfxn2g-7badb842-4452-4fa8-9df1-34a5f26542da.png/v1/fill/w_441,h_350,q_70,strp/_commission__fluttershy_s_team_by_seviyummy_dcfxn2g-350t.jpg 441w,https://images-wixmp-ed30a86b8c4ca887773594c2.wixmp.com/intermediary/f/c7bca634-434f-4d30-8394-513ca6421852/dcfxn2g-7badb842-4452-4fa8-9df1-34a5f26542da.png/v1/fill/w_504,h_400,q_70,strp/_commission__fluttershy_s_team_by_seviyummy_dcfxn2g-400t.jpg 504w,https://images-wixmp-ed30a86b8c4ca887773594c2.wixmp.com/intermediary/f/c7bca634-434f-4d30-8394-513ca6421852/dcfxn2g-7badb842-4452-4fa8-9df1-34a5f26542da.png/v1/fill/w_1003,h_796,q_70,strp/_commission__fluttershy_s_team_by_seviyummy_dcfxn2g-pre.jpg 1003w&quot; sizes=&quot;150px&quot;&gt;&lt;/a&gt;&lt;/span&gt;&lt;!-- ^TTT --&gt;&lt;!-- TTT$ --&gt;&lt;/span&gt;&amp;nbsp;&amp;nbsp;&lt;span class=&quot;shadow-holder&quot; data-embed-type=&quot;deviation&quot; data-embed-id=&quot;755919810&quot; data-embed-format=&quot;thumb&quot;&gt;&lt;span class=&quot;shadow mild&quot; &gt;&lt;a class=&quot;thumb&quot; href=&quot;https://www.deviantart.com/seviyummy/art/COMMISSION-Rainbow-Dash-Pokemon-Team-755919810&quot; title=&quot;[COMMISSION] Rainbow Dash Pokemon Team by SeviYummy, Jul 23, 2018 in Fan Art &amp;gt; Digital Art &amp;gt; Drawings &amp;gt; Movies &amp;amp; TV&quot;data-super-img=&quot;https://images-wixmp-ed30a86b8c4ca887773594c2.wixmp.com/intermediary/f/c7bca634-434f-4d30-8394-513ca6421852/dci1zgi-695bf24e-e936-4f5f-a718-cff2c6fd0f0f.png/v1/fill/w_1024,h_710,q_80,strp/_commission__rainbow_dash_pokemon_team_by_seviyummy_dci1zgi-fullview.jpg&quot; data-super-width=&quot;1024&quot; data-super-height=&quot;710&quot; data-super-transparent=&quot;false&quot; data-super-alt=&quot;[COMMISSION] Rainbow Dash Pokemon Team by SeviYummy&quot; data-super-full-img=&quot;https://images-wixmp-ed30a86b8c4ca887773594c2.wixmp.com/intermediary/f/c7bca634-434f-4d30-8394-513ca6421852/dci1zgi-695bf24e-e936-4f5f-a718-cff2c6fd0f0f.png/v1/fill/w_1024,h_710,q_80,strp/_commission__rainbow_dash_pokemon_team_by_seviyummy_dci1zgi-fullview.jpg&quot; data-super-full-width=&quot;1024&quot; data-super-full-height=&quot;710&quot;        data-sigil=&quot;thumb&quot;&gt;
        &lt;i&gt;&lt;/i&gt;&lt;img   width=&quot;150&quot; height=&quot;104&quot; alt=&quot;[COMMISSION] Rainbow Dash Pokemon Team by SeviYummy&quot; src=&quot;https://images-wixmp-ed30a86b8c4ca887773594c2.wixmp.com/intermediary/f/c7bca634-434f-4d30-8394-513ca6421852/dci1zgi-695bf24e-e936-4f5f-a718-cff2c6fd0f0f.png/v1/fit/w_150,h_150,q_70,strp/_commission__rainbow_dash_pokemon_team_by_seviyummy_dci1zgi-150.jpg&quot; data-src=&quot;https://images-wixmp-ed30a86b8c4ca887773594c2.wixmp.com/intermediary/f/c7bca634-434f-4d30-8394-513ca6421852/dci1zgi-695bf24e-e936-4f5f-a718-cff2c6fd0f0f.png/v1/fit/w_150,h_150,q_70,strp/_commission__rainbow_dash_pokemon_team_by_seviyummy_dci1zgi-150.jpg&quot; srcset=&quot;https://images-wixmp-ed30a86b8c4ca887773594c2.wixmp.com/intermediary/f/c7bca634-434f-4d30-8394-513ca6421852/dci1zgi-695bf24e-e936-4f5f-a718-cff2c6fd0f0f.png/v1/fit/w_150,h_150,q_70,strp/_commission__rainbow_dash_pokemon_team_by_seviyummy_dci1zgi-150.jpg 150w,https://images-wixmp-ed30a86b8c4ca887773594c2.wixmp.com/intermediary/f/c7bca634-434f-4d30-8394-513ca6421852/dci1zgi-695bf24e-e936-4f5f-a718-cff2c6fd0f0f.png/v1/fill/w_361,h_250,q_70,strp/_commission__rainbow_dash_pokemon_team_by_seviyummy_dci1zgi-250t.jpg 361w,https://images-wixmp-ed30a86b8c4ca887773594c2.wixmp.com/intermediary/f/c7bca634-434f-4d30-8394-513ca6421852/dci1zgi-695bf24e-e936-4f5f-a718-cff2c6fd0f0f.png/v1/fill/w_505,h_350,q_70,strp/_commission__rainbow_dash_pokemon_team_by_seviyummy_dci1zgi-350t.jpg 505w,https://images-wixmp-ed30a86b8c4ca887773594c2.wixmp.com/intermediary/f/c7bca634-434f-4d30-8394-513ca6421852/dci1zgi-695bf24e-e936-4f5f-a718-cff2c6fd0f0f.png/v1/fill/w_578,h_400,q_70,strp/_commission__rainbow_dash_pokemon_team_by_seviyummy_dci1zgi-400t.jpg 577w,https://images-wixmp-ed30a86b8c4ca887773594c2.wixmp.com/intermediary/f/c7bca634-434f-4d30-8394-513ca6421852/dci1zgi-695bf24e-e936-4f5f-a718-cff2c6fd0f0f.png/v1/fill/w_1024,h_710,q_80,strp/_commission__rainbow_dash_pokemon_team_by_seviyummy_dci1zgi-fullview.jpg 1024w&quot; sizes=&quot;150px&quot;&gt;&lt;/a&gt;&lt;/span&gt;&lt;!-- ^TTT --&gt;&lt;!-- TTT$ --&gt;&lt;/span&gt;&amp;nbsp;&amp;nbsp;&lt;span class=&quot;shadow-holder&quot; data-embed-type=&quot;deviation&quot; data-embed-id=&quot;707369004&quot; data-embed-format=&quot;thumb&quot;&gt;&lt;span class=&quot;shadow mild&quot; &gt;&lt;a class=&quot;thumb&quot; href=&quot;https://www.deviantart.com/seviyummy/art/COMMISSION-Meowstic-707369004&quot; title=&quot;COMMISSION: Meowstic by SeviYummy, Oct 1, 2017 in Fan Art &amp;gt; Digital Art &amp;gt; Drawings &amp;gt; Games&quot;data-super-img=&quot;https://images-wixmp-ed30a86b8c4ca887773594c2.wixmp.com/intermediary/f/c7bca634-434f-4d30-8394-513ca6421852/dbp5df0-ab92136f-b9c1-443f-858c-24d1b3576ebb.png/v1/fill/w_800,h_800,q_80,strp/commission__meowstic_by_seviyummy_dbp5df0-fullview.jpg&quot; data-super-width=&quot;800&quot; data-super-height=&quot;800&quot; data-super-transparent=&quot;false&quot; data-super-alt=&quot;COMMISSION: Meowstic by SeviYummy&quot; data-super-full-img=&quot;https://images-wixmp-ed30a86b8c4ca887773594c2.wixmp.com/intermediary/f/c7bca634-434f-4d30-8394-513ca6421852/dbp5df0-ab92136f-b9c1-443f-858c-24d1b3576ebb.png/v1/fill/w_800,h_800,q_80,strp/commission__meowstic_by_seviyummy_dbp5df0-fullview.jpg&quot; data-super-full-width=&quot;800&quot; data-super-full-height=&quot;800&quot;        data-sigil=&quot;thumb&quot;&gt;
        &lt;i&gt;&lt;/i&gt;&lt;img   width=&quot;150&quot; height=&quot;150&quot; alt=&quot;COMMISSION: Meowstic by SeviYummy&quot; src=&quot;https://images-wixmp-ed30a86b8c4ca887773594c2.wixmp.com/intermediary/f/c7bca634-434f-4d30-8394-513ca6421852/dbp5df0-ab92136f-b9c1-443f-858c-24d1b3576ebb.png/v1/fit/w_150,h_150,q_70,strp/commission__meowstic_by_seviyummy_dbp5df0-150.jpg&quot; data-src=&quot;https://images-wixmp-ed30a86b8c4ca887773594c2.wixmp.com/intermediary/f/c7bca634-434f-4d30-8394-513ca6421852/dbp5df0-ab92136f-b9c1-443f-858c-24d1b3576ebb.png/v1/fit/w_150,h_150,q_70,strp/commission__meowstic_by_seviyummy_dbp5df0-150.jpg&quot; srcset=&quot;https://images-wixmp-ed30a86b8c4ca887773594c2.wixmp.com/intermediary/f/c7bca634-434f-4d30-8394-513ca6421852/dbp5df0-ab92136f-b9c1-443f-858c-24d1b3576ebb.png/v1/fit/w_150,h_150,q_70,strp/commission__meowstic_by_seviyummy_dbp5df0-150.jpg 150w,https://images-wixmp-ed30a86b8c4ca887773594c2.wixmp.com/intermediary/f/c7bca634-434f-4d30-8394-513ca6421852/dbp5df0-ab92136f-b9c1-443f-858c-24d1b3576ebb.png/v1/fill/w_250,h_250,q_70,strp/commission__meowstic_by_seviyummy_dbp5df0-250t.jpg 250w,https://images-wixmp-ed30a86b8c4ca887773594c2.wixmp.com/intermediary/f/c7bca634-434f-4d30-8394-513ca6421852/dbp5df0-ab92136f-b9c1-443f-858c-24d1b3576ebb.png/v1/fill/w_350,h_350,q_70,strp/commission__meowstic_by_seviyummy_dbp5df0-350t.jpg 350w,https://images-wixmp-ed30a86b8c4ca887773594c2.wixmp.com/intermediary/f/c7bca634-434f-4d30-8394-513ca6421852/dbp5df0-ab92136f-b9c1-443f-858c-24d1b3576ebb.png/v1/fill/w_400,h_400,q_70,strp/commission__meowstic_by_seviyummy_dbp5df0-400t.jpg 400w,https://images-wixmp-ed30a86b8c4ca887773594c2.wixmp.com/intermediary/f/c7bca634-434f-4d30-8394-513ca6421852/dbp5df0-ab92136f-b9c1-443f-858c-24d1b3576ebb.png/v1/fill/w_800,h_800,q_80,strp/commission__meowstic_by_seviyummy_dbp5df0-fullview.jpg 800w&quot; sizes=&quot;150px&quot;&gt;&lt;/a&gt;&lt;/span&gt;&lt;!-- ^TTT --&gt;&lt;!-- TTT$ --&gt;&lt;/span&gt;&amp;nbsp;&lt;span class=&quot;shadow-holder&quot; data-embed-type=&quot;deviation&quot; data-embed-id=&quot;773050581&quot; data-embed-format=&quot;thumb&quot;&gt;&lt;span class=&quot;shadow mild&quot; &gt;&lt;a class=&quot;thumb&quot; href=&quot;https://www.deviantart.com/seviyummy/art/COMMISSION-Midnight-773050581&quot; title=&quot;[COMMISSION] Midnight by SeviYummy, Nov 18, 2018 in Fan Art &amp;gt; Digital Art &amp;gt; Drawings &amp;gt; Games&quot;data-super-img=&quot;https://images-wixmp-ed30a86b8c4ca887773594c2.wixmp.com/intermediary/f/c7bca634-434f-4d30-8394-513ca6421852/dcs95n9-0178e24c-2464-44d5-ba1b-97fc31b112e3.png/v1/fill/w_800,h_800,q_80,strp/_commission__midnight_by_seviyummy_dcs95n9-fullview.jpg&quot; data-super-width=&quot;800&quot; data-super-height=&quot;800&quot; data-super-transparent=&quot;false&quot; data-super-alt=&quot;[COMMISSION] Midnight by SeviYummy&quot; data-super-full-img=&quot;https://images-wixmp-ed30a86b8c4ca887773594c2.wixmp.com/intermediary/f/c7bca634-434f-4d30-8394-513ca6421852/dcs95n9-0178e24c-2464-44d5-ba1b-97fc31b112e3.png/v1/fill/w_800,h_800,q_80,strp/_commission__midnight_by_seviyummy_dcs95n9-fullview.jpg&quot; data-super-full-width=&quot;800&quot; data-super-full-height=&quot;800&quot;        data-sigil=&quot;thumb&quot;&gt;
        &lt;i&gt;&lt;/i&gt;&lt;img   width=&quot;150&quot; height=&quot;150&quot; alt=&quot;[COMMISSION] Midnight by SeviYummy&quot; src=&quot;https://images-wixmp-ed30a86b8c4ca887773594c2.wixmp.com/intermediary/f/c7bca634-434f-4d30-8394-513ca6421852/dcs95n9-0178e24c-2464-44d5-ba1b-97fc31b112e3.png/v1/fit/w_150,h_150,q_70,strp/_commission__midnight_by_seviyummy_dcs95n9-150.jpg&quot; data-src=&quot;https://images-wixmp-ed30a86b8c4ca887773594c2.wixmp.com/intermediary/f/c7bca634-434f-4d30-8394-513ca6421852/dcs95n9-0178e24c-2464-44d5-ba1b-97fc31b112e3.png/v1/fit/w_150,h_150,q_70,strp/_commission__midnight_by_seviyummy_dcs95n9-150.jpg&quot; srcset=&quot;https://images-wixmp-ed30a86b8c4ca887773594c2.wixmp.com/intermediary/f/c7bca634-434f-4d30-8394-513ca6421852/dcs95n9-0178e24c-2464-44d5-ba1b-97fc31b112e3.png/v1/fit/w_150,h_150,q_70,strp/_commission__midnight_by_seviyummy_dcs95n9-150.jpg 150w,https://images-wixmp-ed30a86b8c4ca887773594c2.wixmp.com/intermediary/f/c7bca634-434f-4d30-8394-513ca6421852/dcs95n9-0178e24c-2464-44d5-ba1b-97fc31b112e3.png/v1/fill/w_250,h_250,q_70,strp/_commission__midnight_by_seviyummy_dcs95n9-250t.jpg 250w,https://images-wixmp-ed30a86b8c4ca887773594c2.wixmp.com/intermediary/f/c7bca634-434f-4d30-8394-513ca6421852/dcs95n9-0178e24c-2464-44d5-ba1b-97fc31b112e3.png/v1/fill/w_350,h_350,q_70,strp/_commission__midnight_by_seviyummy_dcs95n9-350t.jpg 350w,https://images-wixmp-ed30a86b8c4ca887773594c2.wixmp.com/intermediary/f/c7bca634-434f-4d30-8394-513ca6421852/dcs95n9-0178e24c-2464-44d5-ba1b-97fc31b112e3.png/v1/fill/w_400,h_400,q_70,strp/_commission__midnight_by_seviyummy_dcs95n9-400t.jpg 400w,https://images-wixmp-ed30a86b8c4ca887773594c2.wixmp.com/intermediary/f/c7bca634-434f-4d30-8394-513ca6421852/dcs95n9-0178e24c-2464-44d5-ba1b-97fc31b112e3.png/v1/fill/w_800,h_800,q_80,strp/_commission__midnight_by_seviyummy_dcs95n9-fullview.jpg 800w&quot; sizes=&quot;150px&quot;&gt;&lt;/a&gt;&lt;/span&gt;&lt;!-- ^TTT --&gt;&lt;!-- TTT$ --&gt;&lt;/span&gt;&amp;nbsp;&lt;span class=&quot;shadow-holder&quot; data-embed-type=&quot;deviation&quot; data-embed-id=&quot;763315247&quot; data-embed-format=&quot;thumb&quot;&gt;&lt;span class=&quot;shadow mild&quot; &gt;&lt;a class=&quot;thumb&quot; href=&quot;https://www.deviantart.com/seviyummy/art/COMMISSION-Twilight-Sparkle-763315247&quot; title=&quot;[COMMISSION] Twilight Sparkle by SeviYummy, Sep 9, 2018 in Fan Art &amp;gt; Digital Art &amp;gt; Drawings &amp;gt; Games&quot;data-super-img=&quot;https://images-wixmp-ed30a86b8c4ca887773594c2.wixmp.com/intermediary/f/c7bca634-434f-4d30-8394-513ca6421852/dcmghtb-3bb4a55b-0b6f-40fd-aeb2-c5155e18606f.png/v1/fill/w_666,h_1200,q_70,strp/_commission__twilight_sparkle_by_seviyummy_dcmghtb-pre.jpg&quot; data-super-width=&quot;666&quot; data-super-height=&quot;1200&quot; data-super-transparent=&quot;false&quot; data-super-alt=&quot;[COMMISSION] Twilight Sparkle by SeviYummy&quot; data-super-full-img=&quot;https://images-wixmp-ed30a86b8c4ca887773594c2.wixmp.com/intermediary/f/c7bca634-434f-4d30-8394-513ca6421852/dcmghtb-3bb4a55b-0b6f-40fd-aeb2-c5155e18606f.png/v1/fill/w_1024,h_1846,q_80,strp/_commission__twilight_sparkle_by_seviyummy_dcmghtb-fullview.jpg&quot; data-super-full-width=&quot;1024&quot; data-super-full-height=&quot;1846&quot;        data-sigil=&quot;thumb&quot;&gt;
        &lt;i&gt;&lt;/i&gt;&lt;img   width=&quot;83&quot; height=&quot;150&quot; alt=&quot;[COMMISSION] Twilight Sparkle by SeviYummy&quot; src=&quot;https://images-wixmp-ed30a86b8c4ca887773594c2.wixmp.com/intermediary/f/c7bca634-434f-4d30-8394-513ca6421852/dcmghtb-3bb4a55b-0b6f-40fd-aeb2-c5155e18606f.png/v1/fit/w_150,h_150,q_70,strp/_commission__twilight_sparkle_by_seviyummy_dcmghtb-150.jpg&quot; data-src=&quot;https://images-wixmp-ed30a86b8c4ca887773594c2.wixmp.com/intermediary/f/c7bca634-434f-4d30-8394-513ca6421852/dcmghtb-3bb4a55b-0b6f-40fd-aeb2-c5155e18606f.png/v1/fit/w_150,h_150,q_70,strp/_commission__twilight_sparkle_by_seviyummy_dcmghtb-150.jpg&quot; srcset=&quot;https://images-wixmp-ed30a86b8c4ca887773594c2.wixmp.com/intermediary/f/c7bca634-434f-4d30-8394-513ca6421852/dcmghtb-3bb4a55b-0b6f-40fd-aeb2-c5155e18606f.png/v1/fit/w_150,h_150,q_70,strp/_commission__twilight_sparkle_by_seviyummy_dcmghtb-150.jpg 83w,https://images-wixmp-ed30a86b8c4ca887773594c2.wixmp.com/intermediary/f/c7bca634-434f-4d30-8394-513ca6421852/dcmghtb-3bb4a55b-0b6f-40fd-aeb2-c5155e18606f.png/v1/fill/w_139,h_250,q_70,strp/_commission__twilight_sparkle_by_seviyummy_dcmghtb-250t.jpg 139w,https://images-wixmp-ed30a86b8c4ca887773594c2.wixmp.com/intermediary/f/c7bca634-434f-4d30-8394-513ca6421852/dcmghtb-3bb4a55b-0b6f-40fd-aeb2-c5155e18606f.png/v1/fill/w_194,h_350,q_70,strp/_commission__twilight_sparkle_by_seviyummy_dcmghtb-350t.jpg 194w,https://images-wixmp-ed30a86b8c4ca887773594c2.wixmp.com/intermediary/f/c7bca634-434f-4d30-8394-513ca6421852/dcmghtb-3bb4a55b-0b6f-40fd-aeb2-c5155e18606f.png/v1/fill/w_222,h_400,q_70,strp/_commission__twilight_sparkle_by_seviyummy_dcmghtb-400t.jpg 222w,https://images-wixmp-ed30a86b8c4ca887773594c2.wixmp.com/intermediary/f/c7bca634-434f-4d30-8394-513ca6421852/dcmghtb-3bb4a55b-0b6f-40fd-aeb2-c5155e18606f.png/v1/fill/w_666,h_1200,q_70,strp/_commission__twilight_sparkle_by_seviyummy_dcmghtb-pre.jpg 666w&quot; sizes=&quot;83px&quot;&gt;&lt;/a&gt;&lt;/span&gt;&lt;!-- ^TTT --&gt;&lt;!-- TTT$ --&gt;&lt;/span&gt;&amp;nbsp;&lt;span class=&quot;shadow-holder&quot; data-embed-type=&quot;deviation&quot; data-embed-id=&quot;781165050&quot; data-embed-format=&quot;thumb&quot;&gt;&lt;span class=&quot;shadow mild&quot; &gt;&lt;a class=&quot;thumb&quot; href=&quot;https://www.deviantart.com/seviyummy/art/COMMISSION-Midnight-s-Team-781165050&quot; title=&quot;[COMMISSION] Midnight&amp;#039;s Team by SeviYummy, Jan 14, 2019 in Fan Art &amp;gt; Digital Art &amp;gt; Drawings &amp;gt; Games&quot;data-super-img=&quot;https://images-wixmp-ed30a86b8c4ca887773594c2.wixmp.com/intermediary/f/c7bca634-434f-4d30-8394-513ca6421852/dcx32t6-5979ba22-50e5-4990-abe1-349496050675.png/v1/fill/w_800,h_952,q_80,strp/_commission__midnight_s_team_by_seviyummy_dcx32t6-fullview.jpg&quot; data-super-width=&quot;800&quot; data-super-height=&quot;952&quot; data-super-transparent=&quot;false&quot; data-super-alt=&quot;[COMMISSION] Midnight&amp;#039;s Team by SeviYummy&quot; data-super-full-img=&quot;https://images-wixmp-ed30a86b8c4ca887773594c2.wixmp.com/intermediary/f/c7bca634-434f-4d30-8394-513ca6421852/dcx32t6-5979ba22-50e5-4990-abe1-349496050675.png/v1/fill/w_800,h_952,q_80,strp/_commission__midnight_s_team_by_seviyummy_dcx32t6-fullview.jpg&quot; data-super-full-width=&quot;800&quot; data-super-full-height=&quot;952&quot;        data-sigil=&quot;thumb&quot;&gt;
        &lt;i&gt;&lt;/i&gt;&lt;img   width=&quot;126&quot; height=&quot;150&quot; alt=&quot;[COMMISSION] Midnight&amp;#039;s Team by SeviYummy&quot; src=&quot;https://images-wixmp-ed30a86b8c4ca887773594c2.wixmp.com/intermediary/f/c7bca634-434f-4d30-8394-513ca6421852/dcx32t6-5979ba22-50e5-4990-abe1-349496050675.png/v1/fit/w_150,h_150,q_70,strp/_commission__midnight_s_team_by_seviyummy_dcx32t6-150.jpg&quot; data-src=&quot;https://images-wixmp-ed30a86b8c4ca887773594c2.wixmp.com/intermediary/f/c7bca634-434f-4d30-8394-513ca6421852/dcx32t6-5979ba22-50e5-4990-abe1-349496050675.png/v1/fit/w_150,h_150,q_70,strp/_commission__midnight_s_team_by_seviyummy_dcx32t6-150.jpg&quot; srcset=&quot;https://images-wixmp-ed30a86b8c4ca887773594c2.wixmp.com/intermediary/f/c7bca634-434f-4d30-8394-513ca6421852/dcx32t6-5979ba22-50e5-4990-abe1-349496050675.png/v1/fit/w_150,h_150,q_70,strp/_commission__midnight_s_team_by_seviyummy_dcx32t6-150.jpg 126w,https://images-wixmp-ed30a86b8c4ca887773594c2.wixmp.com/intermediary/f/c7bca634-434f-4d30-8394-513ca6421852/dcx32t6-5979ba22-50e5-4990-abe1-349496050675.png/v1/fill/w_210,h_250,q_70,strp/_commission__midnight_s_team_by_seviyummy_dcx32t6-250t.jpg 210w,https://images-wixmp-ed30a86b8c4ca887773594c2.wixmp.com/intermediary/f/c7bca634-434f-4d30-8394-513ca6421852/dcx32t6-5979ba22-50e5-4990-abe1-349496050675.png/v1/fill/w_294,h_350,q_70,strp/_commission__midnight_s_team_by_seviyummy_dcx32t6-350t.jpg 294w,https://images-wixmp-ed30a86b8c4ca887773594c2.wixmp.com/intermediary/f/c7bca634-434f-4d30-8394-513ca6421852/dcx32t6-5979ba22-50e5-4990-abe1-349496050675.png/v1/fill/w_336,h_400,q_70,strp/_commission__midnight_s_team_by_seviyummy_dcx32t6-400t.jpg 336w,https://images-wixmp-ed30a86b8c4ca887773594c2.wixmp.com/intermediary/f/c7bca634-434f-4d30-8394-513ca6421852/dcx32t6-5979ba22-50e5-4990-abe1-349496050675.png/v1/fill/w_800,h_952,q_80,strp/_commission__midnight_s_team_by_seviyummy_dcx32t6-fullview.jpg 800w&quot; sizes=&quot;126px&quot;&gt;&lt;/a&gt;&lt;/span&gt;&lt;!-- ^TTT --&gt;&lt;!-- TTT$ --&gt;&lt;/span&gt;&lt;/div&gt;&lt;/div&gt;&lt;div align=&quot;center&quot;&gt;&lt;p align=&quot;center&quot;&gt;&amp;#8226; &amp;#8226; &amp;#8226; &amp;#8226; &amp;#8226; &amp;#8226; &amp;#8226; &amp;#8226; &amp;#8226; &amp;#8226; &amp;#8226; &amp;#8226; &amp;#8226; &amp;#8226; &amp;#8226; &amp;#8226; &amp;#8226; &amp;#8226; &amp;#8226; &amp;#8226; &amp;#8226; &amp;#8226; &amp;#8226; &amp;#8226; &amp;#8226; &amp;#8226; &amp;#8226; &amp;#8226; &amp;#8226; &amp;#8226; &amp;#8226;&amp;nbsp;&amp;#8226; &amp;#8226; &amp;#8226;&amp;nbsp;&amp;#8226; &amp;#8226; &amp;#8226;&amp;nbsp;&amp;#8226; &amp;#8226;&amp;nbsp;&lt;/p&gt;&lt;p align=&quot;left&quot;&gt;&lt;/p&gt;&lt;div align=&quot;center&quot;&gt;&amp;#9829;&amp;nbsp;&amp;nbsp;&lt;a class=&quot;external&quot; href=&quot;https://www.deviantart.com/users/outgoing?http://ko-fi.com/seviyummy&quot;&gt;Ko-fi&lt;/a&gt;&amp;nbsp;&amp;#9829;&amp;nbsp;&lt;a class=&quot;external&quot; href=&quot;https://www.deviantart.com/users/outgoing?https://seviyummy.tumblr.com/&quot;&gt;Tumblr&lt;/a&gt;&amp;nbsp;&amp;#9829;&amp;nbsp;&lt;a href=&quot;https://www.deviantart.com/seviyummy/journal/COMMISSIONS-Rules-and-Prices-707075470&quot;&gt;Commissions&amp;nbsp;&lt;/a&gt;&amp;nbsp;&amp;#9829;&amp;nbsp;&lt;a class=&quot;external&quot; href=&quot;https://www.deviantart.com/users/outgoing?https://www.patreon.com/seviyummy&quot;&gt;Patreon&amp;nbsp;&lt;/a&gt;&amp;nbsp;&amp;#9829;&amp;nbsp;&lt;a class=&quot;external&quot; href=&quot;https://www.deviantart.com/users/outgoing?https://www.redbubble.com/people/seviyummy&quot;&gt;My Store&lt;/a&gt;&amp;nbsp; &amp;#9829;&amp;nbsp;&lt;/div&gt;&lt;div align=&quot;center&quot;&gt;&lt;br /&gt;&lt;/div&gt;&lt;div align=&quot;center&quot;&gt;&amp;#8226; &amp;#8226; &amp;#8226; &amp;#8226; &amp;#8226; &amp;#8226; &amp;#8226; &amp;#8226; &amp;#8226; &amp;#8226; &amp;#8226; &amp;#8226; &amp;#8226; &amp;#8226; &amp;#8226; &amp;#8226; &amp;#8226; &amp;#8226; &amp;#8226; &amp;#8226; &amp;#8226; &amp;#8226; &amp;#8226; &amp;#8226; &amp;#8226; &amp;#8226; &amp;#8226; &amp;#8226; &amp;#8226; &amp;#8226; &amp;#8226;&amp;nbsp;&amp;#8226; &amp;#8226; &amp;#8226;&amp;nbsp;&amp;#8226; &amp;#8226; &amp;#8226;&amp;nbsp;&amp;#8226; &amp;#8226;&amp;nbsp;&lt;/div&gt;&lt;p&gt;&lt;/p&gt;&lt;/div&gt;&lt;div align=&quot;center&quot;&gt;&lt;br /&gt;&lt;/div&gt;&lt;div align=&quot;center&quot;&gt;&lt;br /&gt;&lt;/div&gt;&lt;div align=&quot;center&quot;&gt;&lt;br /&gt;&lt;a target=&quot;_self&quot; href=&quot;https://www.deviantart.com/seviyummy&quot; &gt;&lt;img class=&quot;avatar&quot; width=&quot;50&quot; height=&quot;50&quot; src=&quot;https://a.deviantart.net/avatars/s/e/seviyummy.png?3&quot; alt=&quot;:iconseviyummy:&quot; title=&quot;SeviYummy&quot; /&gt;&lt;/a&gt;&lt;br /&gt;Sevi Yummy&lt;/div&gt;&lt;br /&gt;&lt;div&gt;&lt;img src=&quot;https://t00.deviantart.net/-GefJ-2h1frbtANw3Ma90662VGI=/300x200/filters:fixed_height(100,100):origin()/pre00/8585/th/pre/i/2019/049/e/2/_commission__the_pikachu_family_by_seviyummy-dd03mlp.png&quot; alt=&quot;thumbnail&quot; /&gt;&lt;/div&gt;</description>            </item>
                    <item>
                <title>Happy Thoughts</title>
                <link>https://rossdraws.deviantart.com/art/Happy-Thoughts-786351146</link>
                <guid isPermaLink="true">https://rossdraws.deviantart.com/art/Happy-Thoughts-786351146</guid>
                <pubDate>Tue, 19 Feb 2019 11:08:46 PST</pubDate>
                        <media:title type="plain">Happy Thoughts</media:title>
        <media:keywords></media:keywords>
                        <media:rating>nonadult</media:rating>
                <media:category label="Landscapes &amp; Scenery">digitalart/paintings/landscapes</media:category>
        <media:credit role="author" scheme="urn:ebu">rossdraws</media:credit>
        <media:credit role="author" scheme="urn:ebu">https://a.deviantart.net/avatars/r/o/rossdraws.jpg?9</media:credit>
        <media:copyright url="https://rossdraws.deviantart.com">Copyright 2019 rossdraws</media:copyright>            <media:description type="html">&lt;div align=&quot;-webkit-center&quot;&gt;&lt;div align=&quot;center&quot;&gt;&lt;p&gt;Here&#039;s the final from Milo&#039;s Birthday episode! Thanks everyone who came to wish him a good day.&amp;nbsp; He&#039;s a big part of my life and the channel and im glad I can create him something. Last year he drew his new best friend and now she&#039;s 7 dog years older and has grown up! Had a lot of fun with it and was inspired by Studio Ghibli. Hope you guys enjoy it!&amp;nbsp;&lt;a href=&quot;https://www.deviantart.com/kiss-the-iconist/art/Emote-Cuddle-Love-113054916&quot; class=&quot;emoticon&quot; data-embed-type=&quot;emoticon&quot; data-embed-id=&quot;113054916&quot; data-embed-profile=&quot;deviation&quot;&gt;&lt;img src=&quot;https://orig00.deviantart.net/ba93/f/2009/046/c/3/c3c448df5d6607a1b5c2ada77e0928f8.gif&quot; alt=&quot;Emote Cuddle Love&quot; style=&quot;width:27px;height:42px&quot;&gt;&lt;/a&gt;&lt;span&gt;&amp;nbsp;&lt;/span&gt;&lt;/p&gt;&lt;p&gt;&lt;br /&gt;&lt;b&gt;&lt;a href=&quot;https://www.deviantart.com/vitavitachan/art/Arrow-Right-Pink-735795416&quot; class=&quot;emoticon&quot; data-embed-type=&quot;emoticon&quot; data-embed-id=&quot;735795416&quot; data-embed-profile=&quot;deviation&quot;&gt;&lt;img src=&quot;https://orig00.deviantart.net/bff1/f/2018/075/a/4/arrow_right_pink_by_vitavitachan-dc62ndk.gif&quot; alt=&quot;Arrow Right Pink&quot; style=&quot;width:13px;height:13px&quot;&gt;&lt;/a&gt;&amp;nbsp;VIDEO:&amp;nbsp;&lt;/b&gt;&lt;a class=&quot;external&quot; href=&quot;https://www.deviantart.com/users/outgoing?https://youtu.be/JK4D3UPWrNU&quot;&gt;youtu.be/JK4D3UPWrNU&lt;/a&gt;&amp;nbsp;&lt;a href=&quot;https://www.deviantart.com/vitavitachan/art/Arrow-left-PINK-735794768&quot; class=&quot;emoticon&quot; data-embed-type=&quot;emoticon&quot; data-embed-id=&quot;735794768&quot; data-embed-profile=&quot;deviation&quot;&gt;&lt;img src=&quot;https://orig00.deviantart.net/3d2d/f/2018/075/e/7/arrow_left_pink_by_vitavitachan-dc62mvk.gif&quot; alt=&quot;Arrow left PINK&quot; style=&quot;width:13px;height:13px&quot;&gt;&lt;/a&gt;&amp;nbsp;&lt;br /&gt;&lt;br /&gt;&lt;span class=&quot;shadow-holder&quot; data-embed-type=&quot;deviation&quot; data-embed-id=&quot;785751414&quot; data-embed-format=&quot;thumb&quot;&gt;&lt;span class=&quot;shadow mild&quot; &gt;&lt;a class=&quot;thumb&quot; href=&quot;https://www.deviantart.com/rossdraws/art/Dog-s-drawing-YouTube-785751414&quot; title=&quot;Dog&amp;#039;s drawing! YouTube by rossdraws, Feb 15, 2019 in Digital Art &amp;gt; Drawings &amp;amp; Paintings &amp;gt; People &amp;gt; Fantasy&quot;data-super-img=&quot;https://images-wixmp-ed30a86b8c4ca887773594c2.wixmp.com/intermediary/f/b013e38f-b1f0-4193-8d90-acfeae93d61a/dcztdo6-d939f2af-bc39-4f5a-ab62-7c7be74fc2ce.jpg/v1/fill/w_1078,h_741,q_70,strp/dog_s_drawing__youtube_by_rossdraws_dcztdo6-pre.jpg&quot; data-super-width=&quot;1078&quot; data-super-height=&quot;741&quot; data-super-transparent=&quot;false&quot; data-super-alt=&quot;Dog&amp;#039;s drawing! YouTube by rossdraws&quot; data-super-full-img=&quot;https://images-wixmp-ed30a86b8c4ca887773594c2.wixmp.com/intermediary/f/b013e38f-b1f0-4193-8d90-acfeae93d61a/dcztdo6-d939f2af-bc39-4f5a-ab62-7c7be74fc2ce.jpg&quot; data-super-full-width=&quot;1100&quot; data-super-full-height=&quot;757&quot;        data-sigil=&quot;thumb&quot;&gt;
        &lt;i&gt;&lt;/i&gt;&lt;img   width=&quot;150&quot; height=&quot;103&quot; alt=&quot;Dog&amp;#039;s drawing! YouTube by rossdraws&quot; src=&quot;https://images-wixmp-ed30a86b8c4ca887773594c2.wixmp.com/intermediary/f/b013e38f-b1f0-4193-8d90-acfeae93d61a/dcztdo6-d939f2af-bc39-4f5a-ab62-7c7be74fc2ce.jpg/v1/fit/w_150,h_150,q_70,strp/dog_s_drawing__youtube_by_rossdraws_dcztdo6-150.jpg&quot; data-src=&quot;https://images-wixmp-ed30a86b8c4ca887773594c2.wixmp.com/intermediary/f/b013e38f-b1f0-4193-8d90-acfeae93d61a/dcztdo6-d939f2af-bc39-4f5a-ab62-7c7be74fc2ce.jpg/v1/fit/w_150,h_150,q_70,strp/dog_s_drawing__youtube_by_rossdraws_dcztdo6-150.jpg&quot; srcset=&quot;https://images-wixmp-ed30a86b8c4ca887773594c2.wixmp.com/intermediary/f/b013e38f-b1f0-4193-8d90-acfeae93d61a/dcztdo6-d939f2af-bc39-4f5a-ab62-7c7be74fc2ce.jpg/v1/fit/w_150,h_150,q_70,strp/dog_s_drawing__youtube_by_rossdraws_dcztdo6-150.jpg 150w,https://images-wixmp-ed30a86b8c4ca887773594c2.wixmp.com/intermediary/f/b013e38f-b1f0-4193-8d90-acfeae93d61a/dcztdo6-d939f2af-bc39-4f5a-ab62-7c7be74fc2ce.jpg/v1/fill/w_363,h_250,q_70,strp/dog_s_drawing__youtube_by_rossdraws_dcztdo6-250t.jpg 363w,https://images-wixmp-ed30a86b8c4ca887773594c2.wixmp.com/intermediary/f/b013e38f-b1f0-4193-8d90-acfeae93d61a/dcztdo6-d939f2af-bc39-4f5a-ab62-7c7be74fc2ce.jpg/v1/fill/w_509,h_350,q_70,strp/dog_s_drawing__youtube_by_rossdraws_dcztdo6-350t.jpg 509w,https://images-wixmp-ed30a86b8c4ca887773594c2.wixmp.com/intermediary/f/b013e38f-b1f0-4193-8d90-acfeae93d61a/dcztdo6-d939f2af-bc39-4f5a-ab62-7c7be74fc2ce.jpg/v1/fill/w_581,h_400,q_70,strp/dog_s_drawing__youtube_by_rossdraws_dcztdo6-400t.jpg 581w,https://images-wixmp-ed30a86b8c4ca887773594c2.wixmp.com/intermediary/f/b013e38f-b1f0-4193-8d90-acfeae93d61a/dcztdo6-d939f2af-bc39-4f5a-ab62-7c7be74fc2ce.jpg/v1/fill/w_1078,h_741,q_70,strp/dog_s_drawing__youtube_by_rossdraws_dcztdo6-pre.jpg 1078w&quot; sizes=&quot;150px&quot;&gt;&lt;/a&gt;&lt;/span&gt;&lt;!-- ^TTT --&gt;&lt;!-- TTT$ --&gt;&lt;/span&gt;&lt;br /&gt;&lt;br /&gt;*This video tutorial will be out on my&amp;nbsp;&lt;a class=&quot;external&quot; href=&quot;https://www.deviantart.com/users/outgoing?https://www.patreon.com/Rossdraws&quot;&gt;Patreon&lt;/a&gt;&amp;nbsp;soon!&amp;nbsp;&lt;br /&gt;&lt;br /&gt;If you&#039;d like to join our art community and participate in our monthly challenges, feel free to join our Discord!&amp;nbsp;&lt;br /&gt;&lt;a href=&quot;https://www.deviantart.com/users/outgoing?http://discord.gg/colordodge&quot;&gt;&lt;a class=&quot;external&quot; href=&quot;https://www.deviantart.com/users/outgoing?http://discord.gg/colordodge&quot;&gt;discord.gg/colordodge&lt;/a&gt;&lt;/a&gt;&amp;nbsp;&lt;br /&gt;&lt;br /&gt;&lt;br /&gt;&lt;b&gt;&lt;br /&gt;&lt;/b&gt;&lt;a href=&quot;https://www.deviantart.com/vitavitachan/art/Arrow-Right-Pink-735795416&quot; class=&quot;emoticon&quot; data-embed-type=&quot;emoticon&quot; data-embed-id=&quot;735795416&quot; data-embed-profile=&quot;deviation&quot;&gt;&lt;img src=&quot;https://orig00.deviantart.net/bff1/f/2018/075/a/4/arrow_right_pink_by_vitavitachan-dc62ndk.gif&quot; alt=&quot;Arrow Right Pink&quot; style=&quot;width:13px;height:13px&quot;&gt;&lt;/a&gt;&lt;b&gt;New Print Shop!:&amp;nbsp;&lt;/b&gt;&lt;a href=&quot;https://www.deviantart.com/users/outgoing?https://www.rossdraws.com/shop&quot;&gt;&lt;a class=&quot;external&quot; href=&quot;https://www.deviantart.com/users/outgoing?https://www.rossdraws.com/shop&quot;&gt;www.rossdraws.com/shop&lt;/a&gt;&lt;/a&gt;&lt;br /&gt;&lt;br /&gt;&lt;i&gt;Support me on Patreon for Tutorials and Goodies!&lt;/i&gt;&lt;br /&gt;&amp;#128310; &lt;a class=&quot;external&quot; href=&quot;https://www.deviantart.com/users/outgoing?https://www.patreon.com/Rossdraws&quot;&gt;www.patreon.com/Rossdraws&lt;/a&gt; &amp;#128310;&amp;nbsp;&lt;br /&gt;&lt;/p&gt;&lt;/div&gt;&lt;span&gt;&amp;nbsp;&amp;#11093;&amp;#65039;&amp;#11093;&amp;#65039;&amp;nbsp;&amp;nbsp;&lt;a href=&quot;https://www.deviantart.com/users/outgoing?https://www.rossdraws.com/&quot;&gt;&lt;/a&gt;&lt;a class=&quot;external&quot; href=&quot;https://www.deviantart.com/users/outgoing?https://www.rossdraws.com/&quot;&gt;&lt;b&gt;Official Store and Site&amp;nbsp;&lt;/b&gt;&lt;/a&gt;&amp;nbsp; &amp;#11093;&amp;#65039;&amp;#11093;&amp;#65039;&amp;nbsp;&lt;/span&gt;&lt;div align=&quot;center&quot;&gt;&lt;br /&gt;&lt;/div&gt;&lt;div align=&quot;center&quot;&gt;&lt;a class=&quot;external&quot; href=&quot;https://www.deviantart.com/users/outgoing?https://www.youtube.com/c/rossdraws&quot;&gt;YOUTUBE!!!&lt;/a&gt;&amp;nbsp;&amp;#128310;&amp;nbsp;&lt;a class=&quot;external&quot; href=&quot;https://www.deviantart.com/users/outgoing?https://instagram.com/rossdraws/&quot;&gt;Instagram!&lt;/a&gt;&amp;#128310;&amp;nbsp;&lt;a class=&quot;external&quot; href=&quot;https://www.deviantart.com/users/outgoing?https://gumroad.com/rossdraws&quot;&gt;Tutorial Store&lt;/a&gt;&amp;nbsp;&amp;#128310;&amp;nbsp;&lt;a class=&quot;external&quot; href=&quot;https://www.deviantart.com/users/outgoing?http://rossdraws.tumblr.com/&quot;&gt;Tumblr!&lt;/a&gt;&amp;nbsp;&amp;#128310;&amp;nbsp;&lt;a class=&quot;external&quot; href=&quot;https://www.deviantart.com/users/outgoing?https://www.facebook.com/rossdraws&quot;&gt;Facebook!&lt;/a&gt;&amp;nbsp;&amp;#128310;&lt;/div&gt;&lt;/div&gt;&lt;p align=&quot;left&quot;&gt;&lt;/p&gt;&lt;div align=&quot;-webkit-center&quot;&gt;&lt;br /&gt;&lt;span class=&quot;shadow-holder&quot; data-embed-type=&quot;deviation&quot; data-embed-id=&quot;775753174&quot; data-embed-format=&quot;thumb&quot;&gt;&lt;span class=&quot;shadow mild&quot; &gt;&lt;a class=&quot;thumb&quot; href=&quot;https://www.deviantart.com/rossdraws/art/Super-Smash-Bros-YouTube-775753174&quot; title=&quot;Super Smash Bros. : YouTube! by rossdraws, Dec 7, 2018 in Fan Art &amp;gt; Digital Art &amp;gt; Painting &amp;amp; Airbrushing &amp;gt; Games&quot;data-super-img=&quot;https://images-wixmp-ed30a86b8c4ca887773594c2.wixmp.com/intermediary/f/b013e38f-b1f0-4193-8d90-acfeae93d61a/dctv2za-2bee542b-6b7e-4943-a2ec-64e7f62ac69a.jpg&quot; data-super-width=&quot;700&quot; data-super-height=&quot;940&quot; data-super-transparent=&quot;false&quot; data-super-alt=&quot;Super Smash Bros. : YouTube! by rossdraws&quot; data-super-full-img=&quot;https://images-wixmp-ed30a86b8c4ca887773594c2.wixmp.com/intermediary/f/b013e38f-b1f0-4193-8d90-acfeae93d61a/dctv2za-2bee542b-6b7e-4943-a2ec-64e7f62ac69a.jpg&quot; data-super-full-width=&quot;700&quot; data-super-full-height=&quot;940&quot;        data-sigil=&quot;thumb&quot;&gt;
        &lt;i&gt;&lt;/i&gt;&lt;img   width=&quot;112&quot; height=&quot;150&quot; alt=&quot;Super Smash Bros. : YouTube! by rossdraws&quot; src=&quot;https://images-wixmp-ed30a86b8c4ca887773594c2.wixmp.com/intermediary/f/b013e38f-b1f0-4193-8d90-acfeae93d61a/dctv2za-2bee542b-6b7e-4943-a2ec-64e7f62ac69a.jpg/v1/fit/w_150,h_150,q_70,strp/super_smash_bros____youtube__by_rossdraws_dctv2za-150.jpg&quot; data-src=&quot;https://images-wixmp-ed30a86b8c4ca887773594c2.wixmp.com/intermediary/f/b013e38f-b1f0-4193-8d90-acfeae93d61a/dctv2za-2bee542b-6b7e-4943-a2ec-64e7f62ac69a.jpg/v1/fit/w_150,h_150,q_70,strp/super_smash_bros____youtube__by_rossdraws_dctv2za-150.jpg&quot; srcset=&quot;https://images-wixmp-ed30a86b8c4ca887773594c2.wixmp.com/intermediary/f/b013e38f-b1f0-4193-8d90-acfeae93d61a/dctv2za-2bee542b-6b7e-4943-a2ec-64e7f62ac69a.jpg/v1/fit/w_150,h_150,q_70,strp/super_smash_bros____youtube__by_rossdraws_dctv2za-150.jpg 112w,https://images-wixmp-ed30a86b8c4ca887773594c2.wixmp.com/intermediary/f/b013e38f-b1f0-4193-8d90-acfeae93d61a/dctv2za-2bee542b-6b7e-4943-a2ec-64e7f62ac69a.jpg/v1/fill/w_186,h_250,q_70,strp/super_smash_bros____youtube__by_rossdraws_dctv2za-250t.jpg 186w,https://images-wixmp-ed30a86b8c4ca887773594c2.wixmp.com/intermediary/f/b013e38f-b1f0-4193-8d90-acfeae93d61a/dctv2za-2bee542b-6b7e-4943-a2ec-64e7f62ac69a.jpg/v1/fill/w_261,h_350,q_70,strp/super_smash_bros____youtube__by_rossdraws_dctv2za-350t.jpg 261w,https://images-wixmp-ed30a86b8c4ca887773594c2.wixmp.com/intermediary/f/b013e38f-b1f0-4193-8d90-acfeae93d61a/dctv2za-2bee542b-6b7e-4943-a2ec-64e7f62ac69a.jpg/v1/fill/w_298,h_400,q_70,strp/super_smash_bros____youtube__by_rossdraws_dctv2za-400t.jpg 298w,https://images-wixmp-ed30a86b8c4ca887773594c2.wixmp.com/intermediary/f/b013e38f-b1f0-4193-8d90-acfeae93d61a/dctv2za-2bee542b-6b7e-4943-a2ec-64e7f62ac69a.jpg 700w&quot; sizes=&quot;112px&quot;&gt;&lt;/a&gt;&lt;/span&gt;&lt;!-- ^TTT --&gt;&lt;!-- TTT$ --&gt;&lt;/span&gt;&amp;nbsp;&lt;span class=&quot;shadow-holder&quot; data-embed-type=&quot;deviation&quot; data-embed-id=&quot;783159333&quot; data-embed-format=&quot;thumb&quot;&gt;&lt;span class=&quot;shadow mild&quot; &gt;&lt;a class=&quot;thumb&quot; href=&quot;https://www.deviantart.com/rossdraws/art/Valencia-783159333&quot; title=&quot;Valencia by rossdraws, Jan 28, 2019 in Digital Art &amp;gt; Drawings &amp;amp; Paintings &amp;gt; People &amp;gt; Fantasy&quot;data-super-img=&quot;https://images-wixmp-ed30a86b8c4ca887773594c2.wixmp.com/intermediary/f/b013e38f-b1f0-4193-8d90-acfeae93d61a/dcy9tlx-1ccef0e6-b549-47f3-8881-f0a942b81511.jpg&quot; data-super-width=&quot;650&quot; data-super-height=&quot;887&quot; data-super-transparent=&quot;false&quot; data-super-alt=&quot;Valencia by rossdraws&quot; data-super-full-img=&quot;https://images-wixmp-ed30a86b8c4ca887773594c2.wixmp.com/intermediary/f/b013e38f-b1f0-4193-8d90-acfeae93d61a/dcy9tlx-1ccef0e6-b549-47f3-8881-f0a942b81511.jpg&quot; data-super-full-width=&quot;650&quot; data-super-full-height=&quot;887&quot;        data-sigil=&quot;thumb&quot;&gt;
        &lt;i&gt;&lt;/i&gt;&lt;img   width=&quot;110&quot; height=&quot;150&quot; alt=&quot;Valencia by rossdraws&quot; src=&quot;https://images-wixmp-ed30a86b8c4ca887773594c2.wixmp.com/intermediary/f/b013e38f-b1f0-4193-8d90-acfeae93d61a/dcy9tlx-1ccef0e6-b549-47f3-8881-f0a942b81511.jpg/v1/fit/w_150,h_150,q_70,strp/valencia_by_rossdraws_dcy9tlx-150.jpg&quot; data-src=&quot;https://images-wixmp-ed30a86b8c4ca887773594c2.wixmp.com/intermediary/f/b013e38f-b1f0-4193-8d90-acfeae93d61a/dcy9tlx-1ccef0e6-b549-47f3-8881-f0a942b81511.jpg/v1/fit/w_150,h_150,q_70,strp/valencia_by_rossdraws_dcy9tlx-150.jpg&quot; srcset=&quot;https://images-wixmp-ed30a86b8c4ca887773594c2.wixmp.com/intermediary/f/b013e38f-b1f0-4193-8d90-acfeae93d61a/dcy9tlx-1ccef0e6-b549-47f3-8881-f0a942b81511.jpg/v1/fit/w_150,h_150,q_70,strp/valencia_by_rossdraws_dcy9tlx-150.jpg 110w,https://images-wixmp-ed30a86b8c4ca887773594c2.wixmp.com/intermediary/f/b013e38f-b1f0-4193-8d90-acfeae93d61a/dcy9tlx-1ccef0e6-b549-47f3-8881-f0a942b81511.jpg/v1/fill/w_183,h_250,q_70,strp/valencia_by_rossdraws_dcy9tlx-250t.jpg 183w,https://images-wixmp-ed30a86b8c4ca887773594c2.wixmp.com/intermediary/f/b013e38f-b1f0-4193-8d90-acfeae93d61a/dcy9tlx-1ccef0e6-b549-47f3-8881-f0a942b81511.jpg/v1/crop/w_256,h_350,x_0,y_0,scl_0.39538461538462,q_70,strp/valencia_by_rossdraws_dcy9tlx-350t.jpg 256w,https://images-wixmp-ed30a86b8c4ca887773594c2.wixmp.com/intermediary/f/b013e38f-b1f0-4193-8d90-acfeae93d61a/dcy9tlx-1ccef0e6-b549-47f3-8881-f0a942b81511.jpg/v1/fill/w_293,h_400,q_70,strp/valencia_by_rossdraws_dcy9tlx-400t.jpg 293w,https://images-wixmp-ed30a86b8c4ca887773594c2.wixmp.com/intermediary/f/b013e38f-b1f0-4193-8d90-acfeae93d61a/dcy9tlx-1ccef0e6-b549-47f3-8881-f0a942b81511.jpg 650w&quot; sizes=&quot;110px&quot;&gt;&lt;/a&gt;&lt;/span&gt;&lt;!-- ^TTT --&gt;&lt;!-- TTT$ --&gt;&lt;/span&gt;&amp;nbsp;&lt;span class=&quot;shadow-holder&quot; data-embed-type=&quot;deviation&quot; data-embed-id=&quot;768006073&quot; data-embed-format=&quot;thumb&quot;&gt;&lt;span class=&quot;shadow mild&quot; &gt;&lt;a class=&quot;thumb&quot; href=&quot;https://www.deviantart.com/rossdraws/art/Sword-Art-Online-YouTube-768006073&quot; title=&quot;Sword Art Online: YouTube by rossdraws, Oct 12, 2018 in Digital Art &amp;gt; Drawings &amp;amp; Paintings &amp;gt; People &amp;gt; Fantasy&quot;data-super-img=&quot;https://images-wixmp-ed30a86b8c4ca887773594c2.wixmp.com/intermediary/f/b013e38f-b1f0-4193-8d90-acfeae93d61a/dcp91a1-df842a60-b2e4-466f-a08d-18beeda5b01d.jpg&quot; data-super-width=&quot;750&quot; data-super-height=&quot;1039&quot; data-super-transparent=&quot;false&quot; data-super-alt=&quot;Sword Art Online: YouTube by rossdraws&quot; data-super-full-img=&quot;https://images-wixmp-ed30a86b8c4ca887773594c2.wixmp.com/intermediary/f/b013e38f-b1f0-4193-8d90-acfeae93d61a/dcp91a1-df842a60-b2e4-466f-a08d-18beeda5b01d.jpg&quot; data-super-full-width=&quot;750&quot; data-super-full-height=&quot;1039&quot;        data-sigil=&quot;thumb&quot;&gt;
        &lt;i&gt;&lt;/i&gt;&lt;img   width=&quot;108&quot; height=&quot;150&quot; alt=&quot;Sword Art Online: YouTube by rossdraws&quot; src=&quot;https://images-wixmp-ed30a86b8c4ca887773594c2.wixmp.com/intermediary/f/b013e38f-b1f0-4193-8d90-acfeae93d61a/dcp91a1-df842a60-b2e4-466f-a08d-18beeda5b01d.jpg/v1/fit/w_150,h_150,q_70,strp/sword_art_online__youtube_by_rossdraws_dcp91a1-150.jpg&quot; data-src=&quot;https://images-wixmp-ed30a86b8c4ca887773594c2.wixmp.com/intermediary/f/b013e38f-b1f0-4193-8d90-acfeae93d61a/dcp91a1-df842a60-b2e4-466f-a08d-18beeda5b01d.jpg/v1/fit/w_150,h_150,q_70,strp/sword_art_online__youtube_by_rossdraws_dcp91a1-150.jpg&quot; srcset=&quot;https://images-wixmp-ed30a86b8c4ca887773594c2.wixmp.com/intermediary/f/b013e38f-b1f0-4193-8d90-acfeae93d61a/dcp91a1-df842a60-b2e4-466f-a08d-18beeda5b01d.jpg/v1/fit/w_150,h_150,q_70,strp/sword_art_online__youtube_by_rossdraws_dcp91a1-150.jpg 108w,https://images-wixmp-ed30a86b8c4ca887773594c2.wixmp.com/intermediary/f/b013e38f-b1f0-4193-8d90-acfeae93d61a/dcp91a1-df842a60-b2e4-466f-a08d-18beeda5b01d.jpg/v1/crop/w_180,h_250,x_0,y_0,scl_0.24133333333333,q_70,strp/sword_art_online__youtube_by_rossdraws_dcp91a1-250t.jpg 180w,https://images-wixmp-ed30a86b8c4ca887773594c2.wixmp.com/intermediary/f/b013e38f-b1f0-4193-8d90-acfeae93d61a/dcp91a1-df842a60-b2e4-466f-a08d-18beeda5b01d.jpg/v1/fill/w_253,h_350,q_70,strp/sword_art_online__youtube_by_rossdraws_dcp91a1-350t.jpg 253w,https://images-wixmp-ed30a86b8c4ca887773594c2.wixmp.com/intermediary/f/b013e38f-b1f0-4193-8d90-acfeae93d61a/dcp91a1-df842a60-b2e4-466f-a08d-18beeda5b01d.jpg/v1/fill/w_289,h_400,q_70,strp/sword_art_online__youtube_by_rossdraws_dcp91a1-400t.jpg 289w,https://images-wixmp-ed30a86b8c4ca887773594c2.wixmp.com/intermediary/f/b013e38f-b1f0-4193-8d90-acfeae93d61a/dcp91a1-df842a60-b2e4-466f-a08d-18beeda5b01d.jpg 750w&quot; sizes=&quot;108px&quot;&gt;&lt;/a&gt;&lt;/span&gt;&lt;!-- ^TTT --&gt;&lt;!-- TTT$ --&gt;&lt;/span&gt;&amp;nbsp;&lt;span class=&quot;shadow-holder&quot; data-embed-type=&quot;deviation&quot; data-embed-id=&quot;783398476&quot; data-embed-format=&quot;thumb&quot;&gt;&lt;span class=&quot;shadow mild&quot; &gt;&lt;a class=&quot;thumb&quot; href=&quot;https://www.deviantart.com/rossdraws/art/Touch-783398476&quot; title=&quot;Touch by rossdraws, Jan 30, 2019 in Digital Art &amp;gt; Drawings &amp;amp; Paintings &amp;gt; People &amp;gt; Fantasy&quot;data-super-img=&quot;https://images-wixmp-ed30a86b8c4ca887773594c2.wixmp.com/intermediary/f/b013e38f-b1f0-4193-8d90-acfeae93d61a/dcyey4s-2c84ec54-ecaa-404f-b760-4e3b280fe33d.jpg&quot; data-super-width=&quot;750&quot; data-super-height=&quot;899&quot; data-super-transparent=&quot;false&quot; data-super-alt=&quot;Touch by rossdraws&quot; data-super-full-img=&quot;https://images-wixmp-ed30a86b8c4ca887773594c2.wixmp.com/intermediary/f/b013e38f-b1f0-4193-8d90-acfeae93d61a/dcyey4s-2c84ec54-ecaa-404f-b760-4e3b280fe33d.jpg&quot; data-super-full-width=&quot;750&quot; data-super-full-height=&quot;899&quot;        data-sigil=&quot;thumb&quot;&gt;
        &lt;i&gt;&lt;/i&gt;&lt;img   width=&quot;125&quot; height=&quot;150&quot; alt=&quot;Touch by rossdraws&quot; src=&quot;https://images-wixmp-ed30a86b8c4ca887773594c2.wixmp.com/intermediary/f/b013e38f-b1f0-4193-8d90-acfeae93d61a/dcyey4s-2c84ec54-ecaa-404f-b760-4e3b280fe33d.jpg/v1/fit/w_150,h_150,q_70,strp/touch_by_rossdraws_dcyey4s-150.jpg&quot; data-src=&quot;https://images-wixmp-ed30a86b8c4ca887773594c2.wixmp.com/intermediary/f/b013e38f-b1f0-4193-8d90-acfeae93d61a/dcyey4s-2c84ec54-ecaa-404f-b760-4e3b280fe33d.jpg/v1/fit/w_150,h_150,q_70,strp/touch_by_rossdraws_dcyey4s-150.jpg&quot; srcset=&quot;https://images-wixmp-ed30a86b8c4ca887773594c2.wixmp.com/intermediary/f/b013e38f-b1f0-4193-8d90-acfeae93d61a/dcyey4s-2c84ec54-ecaa-404f-b760-4e3b280fe33d.jpg/v1/fit/w_150,h_150,q_70,strp/touch_by_rossdraws_dcyey4s-150.jpg 125w,https://images-wixmp-ed30a86b8c4ca887773594c2.wixmp.com/intermediary/f/b013e38f-b1f0-4193-8d90-acfeae93d61a/dcyey4s-2c84ec54-ecaa-404f-b760-4e3b280fe33d.jpg/v1/crop/w_209,h_250,x_0,y_0,scl_0.27866666666667,q_70,strp/touch_by_rossdraws_dcyey4s-250t.jpg 209w,https://images-wixmp-ed30a86b8c4ca887773594c2.wixmp.com/intermediary/f/b013e38f-b1f0-4193-8d90-acfeae93d61a/dcyey4s-2c84ec54-ecaa-404f-b760-4e3b280fe33d.jpg/v1/fill/w_292,h_350,q_70,strp/touch_by_rossdraws_dcyey4s-350t.jpg 292w,https://images-wixmp-ed30a86b8c4ca887773594c2.wixmp.com/intermediary/f/b013e38f-b1f0-4193-8d90-acfeae93d61a/dcyey4s-2c84ec54-ecaa-404f-b760-4e3b280fe33d.jpg/v1/fill/w_334,h_400,q_70,strp/touch_by_rossdraws_dcyey4s-400t.jpg 334w,https://images-wixmp-ed30a86b8c4ca887773594c2.wixmp.com/intermediary/f/b013e38f-b1f0-4193-8d90-acfeae93d61a/dcyey4s-2c84ec54-ecaa-404f-b760-4e3b280fe33d.jpg 750w&quot; sizes=&quot;125px&quot;&gt;&lt;/a&gt;&lt;/span&gt;&lt;!-- ^TTT --&gt;&lt;!-- TTT$ --&gt;&lt;/span&gt;&amp;nbsp;&lt;span class=&quot;shadow-holder&quot; data-embed-type=&quot;deviation&quot; data-embed-id=&quot;774237099&quot; data-embed-format=&quot;thumb&quot;&gt;&lt;span class=&quot;shadow mild&quot; &gt;&lt;a class=&quot;thumb&quot; href=&quot;https://www.deviantart.com/rossdraws/art/Disney-Princess-Battle-Royale-YouTube-774237099&quot; title=&quot;Disney Princess Battle Royale : YouTube! by rossdraws, Nov 27, 2018 in Fan Art &amp;gt; Digital Art &amp;gt; Painting &amp;amp; Airbrushing &amp;gt; Movies &amp;amp; TV&quot;data-super-img=&quot;https://images-wixmp-ed30a86b8c4ca887773594c2.wixmp.com/intermediary/f/b013e38f-b1f0-4193-8d90-acfeae93d61a/dcsyl63-eabb2dd4-6380-4a55-b869-fe839985a862.jpg/v1/fill/w_1127,h_709,q_70,strp/disney_princess_battle_royale___youtube__by_rossdraws_dcsyl63-pre.jpg&quot; data-super-width=&quot;1127&quot; data-super-height=&quot;709&quot; data-super-transparent=&quot;false&quot; data-super-alt=&quot;Disney Princess Battle Royale : YouTube! by rossdraws&quot; data-super-full-img=&quot;https://images-wixmp-ed30a86b8c4ca887773594c2.wixmp.com/intermediary/f/b013e38f-b1f0-4193-8d90-acfeae93d61a/dcsyl63-eabb2dd4-6380-4a55-b869-fe839985a862.jpg&quot; data-super-full-width=&quot;1200&quot; data-super-full-height=&quot;755&quot;        data-sigil=&quot;thumb&quot;&gt;
        &lt;i&gt;&lt;/i&gt;&lt;img   width=&quot;150&quot; height=&quot;94&quot; alt=&quot;Disney Princess Battle Royale : YouTube! by rossdraws&quot; src=&quot;https://images-wixmp-ed30a86b8c4ca887773594c2.wixmp.com/intermediary/f/b013e38f-b1f0-4193-8d90-acfeae93d61a/dcsyl63-eabb2dd4-6380-4a55-b869-fe839985a862.jpg/v1/fit/w_150,h_150,q_70,strp/disney_princess_battle_royale___youtube__by_rossdraws_dcsyl63-150.jpg&quot; data-src=&quot;https://images-wixmp-ed30a86b8c4ca887773594c2.wixmp.com/intermediary/f/b013e38f-b1f0-4193-8d90-acfeae93d61a/dcsyl63-eabb2dd4-6380-4a55-b869-fe839985a862.jpg/v1/fit/w_150,h_150,q_70,strp/disney_princess_battle_royale___youtube__by_rossdraws_dcsyl63-150.jpg&quot; srcset=&quot;https://images-wixmp-ed30a86b8c4ca887773594c2.wixmp.com/intermediary/f/b013e38f-b1f0-4193-8d90-acfeae93d61a/dcsyl63-eabb2dd4-6380-4a55-b869-fe839985a862.jpg/v1/fit/w_150,h_150,q_70,strp/disney_princess_battle_royale___youtube__by_rossdraws_dcsyl63-150.jpg 150w,https://images-wixmp-ed30a86b8c4ca887773594c2.wixmp.com/intermediary/f/b013e38f-b1f0-4193-8d90-acfeae93d61a/dcsyl63-eabb2dd4-6380-4a55-b869-fe839985a862.jpg/v1/fill/w_397,h_250,q_70,strp/disney_princess_battle_royale___youtube__by_rossdraws_dcsyl63-250t.jpg 397w,https://images-wixmp-ed30a86b8c4ca887773594c2.wixmp.com/intermediary/f/b013e38f-b1f0-4193-8d90-acfeae93d61a/dcsyl63-eabb2dd4-6380-4a55-b869-fe839985a862.jpg/v1/fill/w_556,h_350,q_70,strp/disney_princess_battle_royale___youtube__by_rossdraws_dcsyl63-350t.jpg 556w,https://images-wixmp-ed30a86b8c4ca887773594c2.wixmp.com/intermediary/f/b013e38f-b1f0-4193-8d90-acfeae93d61a/dcsyl63-eabb2dd4-6380-4a55-b869-fe839985a862.jpg/v1/fill/w_636,h_400,q_70,strp/disney_princess_battle_royale___youtube__by_rossdraws_dcsyl63-400t.jpg 636w,https://images-wixmp-ed30a86b8c4ca887773594c2.wixmp.com/intermediary/f/b013e38f-b1f0-4193-8d90-acfeae93d61a/dcsyl63-eabb2dd4-6380-4a55-b869-fe839985a862.jpg/v1/fill/w_1127,h_709,q_70,strp/disney_princess_battle_royale___youtube__by_rossdraws_dcsyl63-pre.jpg 1127w&quot; sizes=&quot;150px&quot;&gt;&lt;/a&gt;&lt;/span&gt;&lt;!-- ^TTT --&gt;&lt;!-- TTT$ --&gt;&lt;/span&gt;&amp;nbsp;&lt;/div&gt;</media:description>            <media:thumbnail url="https://t00.deviantart.net/KaQ4MOAlbfAd_Wk1bphtvuFjZ5Q=/fit-in/150x150/filters:no_upscale():origin()/pre00/66fa/th/pre/f/2019/050/5/b/happy_thoughts_by_rossdraws-dd068fe.jpg" height="150" width="113"/>            <media:thumbnail url="https://t00.deviantart.net/d4gCPrzN-StHlHXVWi69DVuybaA=/fit-in/300x900/filters:no_upscale():origin()/pre00/66fa/th/pre/f/2019/050/5/b/happy_thoughts_by_rossdraws-dd068fe.jpg" height="400" width="300"/>            <media:thumbnail url="https://t00.deviantart.net/uW239RTjKwwnIY4gs96ndabwnPk=/300x200/filters:fixed_height(100,100):origin()/pre00/66fa/th/pre/f/2019/050/5/b/happy_thoughts_by_rossdraws-dd068fe.jpg" height="200" width="150"/>            <media:content url="https://orig00.deviantart.net/216a/f/2019/050/5/b/happy_thoughts_by_rossdraws-dd068fe.jpg" height="800" width="600" medium="image"/>            
            <description>&lt;div align=&quot;-webkit-center&quot;&gt;&lt;div align=&quot;center&quot;&gt;&lt;p&gt;Here&#039;s the final from Milo&#039;s Birthday episode! Thanks everyone who came to wish him a good day.&amp;nbsp; He&#039;s a big part of my life and the channel and im glad I can create him something. Last year he drew his new best friend and now she&#039;s 7 dog years older and has grown up! Had a lot of fun with it and was inspired by Studio Ghibli. Hope you guys enjoy it!&amp;nbsp;&lt;a href=&quot;https://www.deviantart.com/kiss-the-iconist/art/Emote-Cuddle-Love-113054916&quot; class=&quot;emoticon&quot; data-embed-type=&quot;emoticon&quot; data-embed-id=&quot;113054916&quot; data-embed-profile=&quot;deviation&quot;&gt;&lt;img src=&quot;https://orig00.deviantart.net/ba93/f/2009/046/c/3/c3c448df5d6607a1b5c2ada77e0928f8.gif&quot; alt=&quot;Emote Cuddle Love&quot; style=&quot;width:27px;height:42px&quot;&gt;&lt;/a&gt;&lt;span&gt;&amp;nbsp;&lt;/span&gt;&lt;/p&gt;&lt;p&gt;&lt;br /&gt;&lt;b&gt;&lt;a href=&quot;https://www.deviantart.com/vitavitachan/art/Arrow-Right-Pink-735795416&quot; class=&quot;emoticon&quot; data-embed-type=&quot;emoticon&quot; data-embed-id=&quot;735795416&quot; data-embed-profile=&quot;deviation&quot;&gt;&lt;img src=&quot;https://orig00.deviantart.net/bff1/f/2018/075/a/4/arrow_right_pink_by_vitavitachan-dc62ndk.gif&quot; alt=&quot;Arrow Right Pink&quot; style=&quot;width:13px;height:13px&quot;&gt;&lt;/a&gt;&amp;nbsp;VIDEO:&amp;nbsp;&lt;/b&gt;&lt;a class=&quot;external&quot; href=&quot;https://www.deviantart.com/users/outgoing?https://youtu.be/JK4D3UPWrNU&quot;&gt;youtu.be/JK4D3UPWrNU&lt;/a&gt;&amp;nbsp;&lt;a href=&quot;https://www.deviantart.com/vitavitachan/art/Arrow-left-PINK-735794768&quot; class=&quot;emoticon&quot; data-embed-type=&quot;emoticon&quot; data-embed-id=&quot;735794768&quot; data-embed-profile=&quot;deviation&quot;&gt;&lt;img src=&quot;https://orig00.deviantart.net/3d2d/f/2018/075/e/7/arrow_left_pink_by_vitavitachan-dc62mvk.gif&quot; alt=&quot;Arrow left PINK&quot; style=&quot;width:13px;height:13px&quot;&gt;&lt;/a&gt;&amp;nbsp;&lt;br /&gt;&lt;br /&gt;&lt;span class=&quot;shadow-holder&quot; data-embed-type=&quot;deviation&quot; data-embed-id=&quot;785751414&quot; data-embed-format=&quot;thumb&quot;&gt;&lt;span class=&quot;shadow mild&quot; &gt;&lt;a class=&quot;thumb&quot; href=&quot;https://www.deviantart.com/rossdraws/art/Dog-s-drawing-YouTube-785751414&quot; title=&quot;Dog&amp;#039;s drawing! YouTube by rossdraws, Feb 15, 2019 in Digital Art &amp;gt; Drawings &amp;amp; Paintings &amp;gt; People &amp;gt; Fantasy&quot;data-super-img=&quot;https://images-wixmp-ed30a86b8c4ca887773594c2.wixmp.com/intermediary/f/b013e38f-b1f0-4193-8d90-acfeae93d61a/dcztdo6-d939f2af-bc39-4f5a-ab62-7c7be74fc2ce.jpg/v1/fill/w_1078,h_741,q_70,strp/dog_s_drawing__youtube_by_rossdraws_dcztdo6-pre.jpg&quot; data-super-width=&quot;1078&quot; data-super-height=&quot;741&quot; data-super-transparent=&quot;false&quot; data-super-alt=&quot;Dog&amp;#039;s drawing! YouTube by rossdraws&quot; data-super-full-img=&quot;https://images-wixmp-ed30a86b8c4ca887773594c2.wixmp.com/intermediary/f/b013e38f-b1f0-4193-8d90-acfeae93d61a/dcztdo6-d939f2af-bc39-4f5a-ab62-7c7be74fc2ce.jpg&quot; data-super-full-width=&quot;1100&quot; data-super-full-height=&quot;757&quot;        data-sigil=&quot;thumb&quot;&gt;
        &lt;i&gt;&lt;/i&gt;&lt;img   width=&quot;150&quot; height=&quot;103&quot; alt=&quot;Dog&amp;#039;s drawing! YouTube by rossdraws&quot; src=&quot;https://images-wixmp-ed30a86b8c4ca887773594c2.wixmp.com/intermediary/f/b013e38f-b1f0-4193-8d90-acfeae93d61a/dcztdo6-d939f2af-bc39-4f5a-ab62-7c7be74fc2ce.jpg/v1/fit/w_150,h_150,q_70,strp/dog_s_drawing__youtube_by_rossdraws_dcztdo6-150.jpg&quot; data-src=&quot;https://images-wixmp-ed30a86b8c4ca887773594c2.wixmp.com/intermediary/f/b013e38f-b1f0-4193-8d90-acfeae93d61a/dcztdo6-d939f2af-bc39-4f5a-ab62-7c7be74fc2ce.jpg/v1/fit/w_150,h_150,q_70,strp/dog_s_drawing__youtube_by_rossdraws_dcztdo6-150.jpg&quot; srcset=&quot;https://images-wixmp-ed30a86b8c4ca887773594c2.wixmp.com/intermediary/f/b013e38f-b1f0-4193-8d90-acfeae93d61a/dcztdo6-d939f2af-bc39-4f5a-ab62-7c7be74fc2ce.jpg/v1/fit/w_150,h_150,q_70,strp/dog_s_drawing__youtube_by_rossdraws_dcztdo6-150.jpg 150w,https://images-wixmp-ed30a86b8c4ca887773594c2.wixmp.com/intermediary/f/b013e38f-b1f0-4193-8d90-acfeae93d61a/dcztdo6-d939f2af-bc39-4f5a-ab62-7c7be74fc2ce.jpg/v1/fill/w_363,h_250,q_70,strp/dog_s_drawing__youtube_by_rossdraws_dcztdo6-250t.jpg 363w,https://images-wixmp-ed30a86b8c4ca887773594c2.wixmp.com/intermediary/f/b013e38f-b1f0-4193-8d90-acfeae93d61a/dcztdo6-d939f2af-bc39-4f5a-ab62-7c7be74fc2ce.jpg/v1/fill/w_509,h_350,q_70,strp/dog_s_drawing__youtube_by_rossdraws_dcztdo6-350t.jpg 509w,https://images-wixmp-ed30a86b8c4ca887773594c2.wixmp.com/intermediary/f/b013e38f-b1f0-4193-8d90-acfeae93d61a/dcztdo6-d939f2af-bc39-4f5a-ab62-7c7be74fc2ce.jpg/v1/fill/w_581,h_400,q_70,strp/dog_s_drawing__youtube_by_rossdraws_dcztdo6-400t.jpg 581w,https://images-wixmp-ed30a86b8c4ca887773594c2.wixmp.com/intermediary/f/b013e38f-b1f0-4193-8d90-acfeae93d61a/dcztdo6-d939f2af-bc39-4f5a-ab62-7c7be74fc2ce.jpg/v1/fill/w_1078,h_741,q_70,strp/dog_s_drawing__youtube_by_rossdraws_dcztdo6-pre.jpg 1078w&quot; sizes=&quot;150px&quot;&gt;&lt;/a&gt;&lt;/span&gt;&lt;!-- ^TTT --&gt;&lt;!-- TTT$ --&gt;&lt;/span&gt;&lt;br /&gt;&lt;br /&gt;*This video tutorial will be out on my&amp;nbsp;&lt;a class=&quot;external&quot; href=&quot;https://www.deviantart.com/users/outgoing?https://www.patreon.com/Rossdraws&quot;&gt;Patreon&lt;/a&gt;&amp;nbsp;soon!&amp;nbsp;&lt;br /&gt;&lt;br /&gt;If you&#039;d like to join our art community and participate in our monthly challenges, feel free to join our Discord!&amp;nbsp;&lt;br /&gt;&lt;a href=&quot;https://www.deviantart.com/users/outgoing?http://discord.gg/colordodge&quot;&gt;&lt;a class=&quot;external&quot; href=&quot;https://www.deviantart.com/users/outgoing?http://discord.gg/colordodge&quot;&gt;discord.gg/colordodge&lt;/a&gt;&lt;/a&gt;&amp;nbsp;&lt;br /&gt;&lt;br /&gt;&lt;br /&gt;&lt;b&gt;&lt;br /&gt;&lt;/b&gt;&lt;a href=&quot;https://www.deviantart.com/vitavitachan/art/Arrow-Right-Pink-735795416&quot; class=&quot;emoticon&quot; data-embed-type=&quot;emoticon&quot; data-embed-id=&quot;735795416&quot; data-embed-profile=&quot;deviation&quot;&gt;&lt;img src=&quot;https://orig00.deviantart.net/bff1/f/2018/075/a/4/arrow_right_pink_by_vitavitachan-dc62ndk.gif&quot; alt=&quot;Arrow Right Pink&quot; style=&quot;width:13px;height:13px&quot;&gt;&lt;/a&gt;&lt;b&gt;New Print Shop!:&amp;nbsp;&lt;/b&gt;&lt;a href=&quot;https://www.deviantart.com/users/outgoing?https://www.rossdraws.com/shop&quot;&gt;&lt;a class=&quot;external&quot; href=&quot;https://www.deviantart.com/users/outgoing?https://www.rossdraws.com/shop&quot;&gt;www.rossdraws.com/shop&lt;/a&gt;&lt;/a&gt;&lt;br /&gt;&lt;br /&gt;&lt;i&gt;Support me on Patreon for Tutorials and Goodies!&lt;/i&gt;&lt;br /&gt;&amp;#128310; &lt;a class=&quot;external&quot; href=&quot;https://www.deviantart.com/users/outgoing?https://www.patreon.com/Rossdraws&quot;&gt;www.patreon.com/Rossdraws&lt;/a&gt; &amp;#128310;&amp;nbsp;&lt;br /&gt;&lt;/p&gt;&lt;/div&gt;&lt;span&gt;&amp;nbsp;&amp;#11093;&amp;#65039;&amp;#11093;&amp;#65039;&amp;nbsp;&amp;nbsp;&lt;a href=&quot;https://www.deviantart.com/users/outgoing?https://www.rossdraws.com/&quot;&gt;&lt;/a&gt;&lt;a class=&quot;external&quot; href=&quot;https://www.deviantart.com/users/outgoing?https://www.rossdraws.com/&quot;&gt;&lt;b&gt;Official Store and Site&amp;nbsp;&lt;/b&gt;&lt;/a&gt;&amp;nbsp; &amp;#11093;&amp;#65039;&amp;#11093;&amp;#65039;&amp;nbsp;&lt;/span&gt;&lt;div align=&quot;center&quot;&gt;&lt;br /&gt;&lt;/div&gt;&lt;div align=&quot;center&quot;&gt;&lt;a class=&quot;external&quot; href=&quot;https://www.deviantart.com/users/outgoing?https://www.youtube.com/c/rossdraws&quot;&gt;YOUTUBE!!!&lt;/a&gt;&amp;nbsp;&amp;#128310;&amp;nbsp;&lt;a class=&quot;external&quot; href=&quot;https://www.deviantart.com/users/outgoing?https://instagram.com/rossdraws/&quot;&gt;Instagram!&lt;/a&gt;&amp;#128310;&amp;nbsp;&lt;a class=&quot;external&quot; href=&quot;https://www.deviantart.com/users/outgoing?https://gumroad.com/rossdraws&quot;&gt;Tutorial Store&lt;/a&gt;&amp;nbsp;&amp;#128310;&amp;nbsp;&lt;a class=&quot;external&quot; href=&quot;https://www.deviantart.com/users/outgoing?http://rossdraws.tumblr.com/&quot;&gt;Tumblr!&lt;/a&gt;&amp;nbsp;&amp;#128310;&amp;nbsp;&lt;a class=&quot;external&quot; href=&quot;https://www.deviantart.com/users/outgoing?https://www.facebook.com/rossdraws&quot;&gt;Facebook!&lt;/a&gt;&amp;nbsp;&amp;#128310;&lt;/div&gt;&lt;/div&gt;&lt;p align=&quot;left&quot;&gt;&lt;/p&gt;&lt;div align=&quot;-webkit-center&quot;&gt;&lt;br /&gt;&lt;span class=&quot;shadow-holder&quot; data-embed-type=&quot;deviation&quot; data-embed-id=&quot;775753174&quot; data-embed-format=&quot;thumb&quot;&gt;&lt;span class=&quot;shadow mild&quot; &gt;&lt;a class=&quot;thumb&quot; href=&quot;https://www.deviantart.com/rossdraws/art/Super-Smash-Bros-YouTube-775753174&quot; title=&quot;Super Smash Bros. : YouTube! by rossdraws, Dec 7, 2018 in Fan Art &amp;gt; Digital Art &amp;gt; Painting &amp;amp; Airbrushing &amp;gt; Games&quot;data-super-img=&quot;https://images-wixmp-ed30a86b8c4ca887773594c2.wixmp.com/intermediary/f/b013e38f-b1f0-4193-8d90-acfeae93d61a/dctv2za-2bee542b-6b7e-4943-a2ec-64e7f62ac69a.jpg&quot; data-super-width=&quot;700&quot; data-super-height=&quot;940&quot; data-super-transparent=&quot;false&quot; data-super-alt=&quot;Super Smash Bros. : YouTube! by rossdraws&quot; data-super-full-img=&quot;https://images-wixmp-ed30a86b8c4ca887773594c2.wixmp.com/intermediary/f/b013e38f-b1f0-4193-8d90-acfeae93d61a/dctv2za-2bee542b-6b7e-4943-a2ec-64e7f62ac69a.jpg&quot; data-super-full-width=&quot;700&quot; data-super-full-height=&quot;940&quot;        data-sigil=&quot;thumb&quot;&gt;
        &lt;i&gt;&lt;/i&gt;&lt;img   width=&quot;112&quot; height=&quot;150&quot; alt=&quot;Super Smash Bros. : YouTube! by rossdraws&quot; src=&quot;https://images-wixmp-ed30a86b8c4ca887773594c2.wixmp.com/intermediary/f/b013e38f-b1f0-4193-8d90-acfeae93d61a/dctv2za-2bee542b-6b7e-4943-a2ec-64e7f62ac69a.jpg/v1/fit/w_150,h_150,q_70,strp/super_smash_bros____youtube__by_rossdraws_dctv2za-150.jpg&quot; data-src=&quot;https://images-wixmp-ed30a86b8c4ca887773594c2.wixmp.com/intermediary/f/b013e38f-b1f0-4193-8d90-acfeae93d61a/dctv2za-2bee542b-6b7e-4943-a2ec-64e7f62ac69a.jpg/v1/fit/w_150,h_150,q_70,strp/super_smash_bros____youtube__by_rossdraws_dctv2za-150.jpg&quot; srcset=&quot;https://images-wixmp-ed30a86b8c4ca887773594c2.wixmp.com/intermediary/f/b013e38f-b1f0-4193-8d90-acfeae93d61a/dctv2za-2bee542b-6b7e-4943-a2ec-64e7f62ac69a.jpg/v1/fit/w_150,h_150,q_70,strp/super_smash_bros____youtube__by_rossdraws_dctv2za-150.jpg 112w,https://images-wixmp-ed30a86b8c4ca887773594c2.wixmp.com/intermediary/f/b013e38f-b1f0-4193-8d90-acfeae93d61a/dctv2za-2bee542b-6b7e-4943-a2ec-64e7f62ac69a.jpg/v1/fill/w_186,h_250,q_70,strp/super_smash_bros____youtube__by_rossdraws_dctv2za-250t.jpg 186w,https://images-wixmp-ed30a86b8c4ca887773594c2.wixmp.com/intermediary/f/b013e38f-b1f0-4193-8d90-acfeae93d61a/dctv2za-2bee542b-6b7e-4943-a2ec-64e7f62ac69a.jpg/v1/fill/w_261,h_350,q_70,strp/super_smash_bros____youtube__by_rossdraws_dctv2za-350t.jpg 261w,https://images-wixmp-ed30a86b8c4ca887773594c2.wixmp.com/intermediary/f/b013e38f-b1f0-4193-8d90-acfeae93d61a/dctv2za-2bee542b-6b7e-4943-a2ec-64e7f62ac69a.jpg/v1/fill/w_298,h_400,q_70,strp/super_smash_bros____youtube__by_rossdraws_dctv2za-400t.jpg 298w,https://images-wixmp-ed30a86b8c4ca887773594c2.wixmp.com/intermediary/f/b013e38f-b1f0-4193-8d90-acfeae93d61a/dctv2za-2bee542b-6b7e-4943-a2ec-64e7f62ac69a.jpg 700w&quot; sizes=&quot;112px&quot;&gt;&lt;/a&gt;&lt;/span&gt;&lt;!-- ^TTT --&gt;&lt;!-- TTT$ --&gt;&lt;/span&gt;&amp;nbsp;&lt;span class=&quot;shadow-holder&quot; data-embed-type=&quot;deviation&quot; data-embed-id=&quot;783159333&quot; data-embed-format=&quot;thumb&quot;&gt;&lt;span class=&quot;shadow mild&quot; &gt;&lt;a class=&quot;thumb&quot; href=&quot;https://www.deviantart.com/rossdraws/art/Valencia-783159333&quot; title=&quot;Valencia by rossdraws, Jan 28, 2019 in Digital Art &amp;gt; Drawings &amp;amp; Paintings &amp;gt; People &amp;gt; Fantasy&quot;data-super-img=&quot;https://images-wixmp-ed30a86b8c4ca887773594c2.wixmp.com/intermediary/f/b013e38f-b1f0-4193-8d90-acfeae93d61a/dcy9tlx-1ccef0e6-b549-47f3-8881-f0a942b81511.jpg&quot; data-super-width=&quot;650&quot; data-super-height=&quot;887&quot; data-super-transparent=&quot;false&quot; data-super-alt=&quot;Valencia by rossdraws&quot; data-super-full-img=&quot;https://images-wixmp-ed30a86b8c4ca887773594c2.wixmp.com/intermediary/f/b013e38f-b1f0-4193-8d90-acfeae93d61a/dcy9tlx-1ccef0e6-b549-47f3-8881-f0a942b81511.jpg&quot; data-super-full-width=&quot;650&quot; data-super-full-height=&quot;887&quot;        data-sigil=&quot;thumb&quot;&gt;
        &lt;i&gt;&lt;/i&gt;&lt;img   width=&quot;110&quot; height=&quot;150&quot; alt=&quot;Valencia by rossdraws&quot; src=&quot;https://images-wixmp-ed30a86b8c4ca887773594c2.wixmp.com/intermediary/f/b013e38f-b1f0-4193-8d90-acfeae93d61a/dcy9tlx-1ccef0e6-b549-47f3-8881-f0a942b81511.jpg/v1/fit/w_150,h_150,q_70,strp/valencia_by_rossdraws_dcy9tlx-150.jpg&quot; data-src=&quot;https://images-wixmp-ed30a86b8c4ca887773594c2.wixmp.com/intermediary/f/b013e38f-b1f0-4193-8d90-acfeae93d61a/dcy9tlx-1ccef0e6-b549-47f3-8881-f0a942b81511.jpg/v1/fit/w_150,h_150,q_70,strp/valencia_by_rossdraws_dcy9tlx-150.jpg&quot; srcset=&quot;https://images-wixmp-ed30a86b8c4ca887773594c2.wixmp.com/intermediary/f/b013e38f-b1f0-4193-8d90-acfeae93d61a/dcy9tlx-1ccef0e6-b549-47f3-8881-f0a942b81511.jpg/v1/fit/w_150,h_150,q_70,strp/valencia_by_rossdraws_dcy9tlx-150.jpg 110w,https://images-wixmp-ed30a86b8c4ca887773594c2.wixmp.com/intermediary/f/b013e38f-b1f0-4193-8d90-acfeae93d61a/dcy9tlx-1ccef0e6-b549-47f3-8881-f0a942b81511.jpg/v1/fill/w_183,h_250,q_70,strp/valencia_by_rossdraws_dcy9tlx-250t.jpg 183w,https://images-wixmp-ed30a86b8c4ca887773594c2.wixmp.com/intermediary/f/b013e38f-b1f0-4193-8d90-acfeae93d61a/dcy9tlx-1ccef0e6-b549-47f3-8881-f0a942b81511.jpg/v1/crop/w_256,h_350,x_0,y_0,scl_0.39538461538462,q_70,strp/valencia_by_rossdraws_dcy9tlx-350t.jpg 256w,https://images-wixmp-ed30a86b8c4ca887773594c2.wixmp.com/intermediary/f/b013e38f-b1f0-4193-8d90-acfeae93d61a/dcy9tlx-1ccef0e6-b549-47f3-8881-f0a942b81511.jpg/v1/fill/w_293,h_400,q_70,strp/valencia_by_rossdraws_dcy9tlx-400t.jpg 293w,https://images-wixmp-ed30a86b8c4ca887773594c2.wixmp.com/intermediary/f/b013e38f-b1f0-4193-8d90-acfeae93d61a/dcy9tlx-1ccef0e6-b549-47f3-8881-f0a942b81511.jpg 650w&quot; sizes=&quot;110px&quot;&gt;&lt;/a&gt;&lt;/span&gt;&lt;!-- ^TTT --&gt;&lt;!-- TTT$ --&gt;&lt;/span&gt;&amp;nbsp;&lt;span class=&quot;shadow-holder&quot; data-embed-type=&quot;deviation&quot; data-embed-id=&quot;768006073&quot; data-embed-format=&quot;thumb&quot;&gt;&lt;span class=&quot;shadow mild&quot; &gt;&lt;a class=&quot;thumb&quot; href=&quot;https://www.deviantart.com/rossdraws/art/Sword-Art-Online-YouTube-768006073&quot; title=&quot;Sword Art Online: YouTube by rossdraws, Oct 12, 2018 in Digital Art &amp;gt; Drawings &amp;amp; Paintings &amp;gt; People &amp;gt; Fantasy&quot;data-super-img=&quot;https://images-wixmp-ed30a86b8c4ca887773594c2.wixmp.com/intermediary/f/b013e38f-b1f0-4193-8d90-acfeae93d61a/dcp91a1-df842a60-b2e4-466f-a08d-18beeda5b01d.jpg&quot; data-super-width=&quot;750&quot; data-super-height=&quot;1039&quot; data-super-transparent=&quot;false&quot; data-super-alt=&quot;Sword Art Online: YouTube by rossdraws&quot; data-super-full-img=&quot;https://images-wixmp-ed30a86b8c4ca887773594c2.wixmp.com/intermediary/f/b013e38f-b1f0-4193-8d90-acfeae93d61a/dcp91a1-df842a60-b2e4-466f-a08d-18beeda5b01d.jpg&quot; data-super-full-width=&quot;750&quot; data-super-full-height=&quot;1039&quot;        data-sigil=&quot;thumb&quot;&gt;
        &lt;i&gt;&lt;/i&gt;&lt;img   width=&quot;108&quot; height=&quot;150&quot; alt=&quot;Sword Art Online: YouTube by rossdraws&quot; src=&quot;https://images-wixmp-ed30a86b8c4ca887773594c2.wixmp.com/intermediary/f/b013e38f-b1f0-4193-8d90-acfeae93d61a/dcp91a1-df842a60-b2e4-466f-a08d-18beeda5b01d.jpg/v1/fit/w_150,h_150,q_70,strp/sword_art_online__youtube_by_rossdraws_dcp91a1-150.jpg&quot; data-src=&quot;https://images-wixmp-ed30a86b8c4ca887773594c2.wixmp.com/intermediary/f/b013e38f-b1f0-4193-8d90-acfeae93d61a/dcp91a1-df842a60-b2e4-466f-a08d-18beeda5b01d.jpg/v1/fit/w_150,h_150,q_70,strp/sword_art_online__youtube_by_rossdraws_dcp91a1-150.jpg&quot; srcset=&quot;https://images-wixmp-ed30a86b8c4ca887773594c2.wixmp.com/intermediary/f/b013e38f-b1f0-4193-8d90-acfeae93d61a/dcp91a1-df842a60-b2e4-466f-a08d-18beeda5b01d.jpg/v1/fit/w_150,h_150,q_70,strp/sword_art_online__youtube_by_rossdraws_dcp91a1-150.jpg 108w,https://images-wixmp-ed30a86b8c4ca887773594c2.wixmp.com/intermediary/f/b013e38f-b1f0-4193-8d90-acfeae93d61a/dcp91a1-df842a60-b2e4-466f-a08d-18beeda5b01d.jpg/v1/crop/w_180,h_250,x_0,y_0,scl_0.24133333333333,q_70,strp/sword_art_online__youtube_by_rossdraws_dcp91a1-250t.jpg 180w,https://images-wixmp-ed30a86b8c4ca887773594c2.wixmp.com/intermediary/f/b013e38f-b1f0-4193-8d90-acfeae93d61a/dcp91a1-df842a60-b2e4-466f-a08d-18beeda5b01d.jpg/v1/fill/w_253,h_350,q_70,strp/sword_art_online__youtube_by_rossdraws_dcp91a1-350t.jpg 253w,https://images-wixmp-ed30a86b8c4ca887773594c2.wixmp.com/intermediary/f/b013e38f-b1f0-4193-8d90-acfeae93d61a/dcp91a1-df842a60-b2e4-466f-a08d-18beeda5b01d.jpg/v1/fill/w_289,h_400,q_70,strp/sword_art_online__youtube_by_rossdraws_dcp91a1-400t.jpg 289w,https://images-wixmp-ed30a86b8c4ca887773594c2.wixmp.com/intermediary/f/b013e38f-b1f0-4193-8d90-acfeae93d61a/dcp91a1-df842a60-b2e4-466f-a08d-18beeda5b01d.jpg 750w&quot; sizes=&quot;108px&quot;&gt;&lt;/a&gt;&lt;/span&gt;&lt;!-- ^TTT --&gt;&lt;!-- TTT$ --&gt;&lt;/span&gt;&amp;nbsp;&lt;span class=&quot;shadow-holder&quot; data-embed-type=&quot;deviation&quot; data-embed-id=&quot;783398476&quot; data-embed-format=&quot;thumb&quot;&gt;&lt;span class=&quot;shadow mild&quot; &gt;&lt;a class=&quot;thumb&quot; href=&quot;https://www.deviantart.com/rossdraws/art/Touch-783398476&quot; title=&quot;Touch by rossdraws, Jan 30, 2019 in Digital Art &amp;gt; Drawings &amp;amp; Paintings &amp;gt; People &amp;gt; Fantasy&quot;data-super-img=&quot;https://images-wixmp-ed30a86b8c4ca887773594c2.wixmp.com/intermediary/f/b013e38f-b1f0-4193-8d90-acfeae93d61a/dcyey4s-2c84ec54-ecaa-404f-b760-4e3b280fe33d.jpg&quot; data-super-width=&quot;750&quot; data-super-height=&quot;899&quot; data-super-transparent=&quot;false&quot; data-super-alt=&quot;Touch by rossdraws&quot; data-super-full-img=&quot;https://images-wixmp-ed30a86b8c4ca887773594c2.wixmp.com/intermediary/f/b013e38f-b1f0-4193-8d90-acfeae93d61a/dcyey4s-2c84ec54-ecaa-404f-b760-4e3b280fe33d.jpg&quot; data-super-full-width=&quot;750&quot; data-super-full-height=&quot;899&quot;        data-sigil=&quot;thumb&quot;&gt;
        &lt;i&gt;&lt;/i&gt;&lt;img   width=&quot;125&quot; height=&quot;150&quot; alt=&quot;Touch by rossdraws&quot; src=&quot;https://images-wixmp-ed30a86b8c4ca887773594c2.wixmp.com/intermediary/f/b013e38f-b1f0-4193-8d90-acfeae93d61a/dcyey4s-2c84ec54-ecaa-404f-b760-4e3b280fe33d.jpg/v1/fit/w_150,h_150,q_70,strp/touch_by_rossdraws_dcyey4s-150.jpg&quot; data-src=&quot;https://images-wixmp-ed30a86b8c4ca887773594c2.wixmp.com/intermediary/f/b013e38f-b1f0-4193-8d90-acfeae93d61a/dcyey4s-2c84ec54-ecaa-404f-b760-4e3b280fe33d.jpg/v1/fit/w_150,h_150,q_70,strp/touch_by_rossdraws_dcyey4s-150.jpg&quot; srcset=&quot;https://images-wixmp-ed30a86b8c4ca887773594c2.wixmp.com/intermediary/f/b013e38f-b1f0-4193-8d90-acfeae93d61a/dcyey4s-2c84ec54-ecaa-404f-b760-4e3b280fe33d.jpg/v1/fit/w_150,h_150,q_70,strp/touch_by_rossdraws_dcyey4s-150.jpg 125w,https://images-wixmp-ed30a86b8c4ca887773594c2.wixmp.com/intermediary/f/b013e38f-b1f0-4193-8d90-acfeae93d61a/dcyey4s-2c84ec54-ecaa-404f-b760-4e3b280fe33d.jpg/v1/crop/w_209,h_250,x_0,y_0,scl_0.27866666666667,q_70,strp/touch_by_rossdraws_dcyey4s-250t.jpg 209w,https://images-wixmp-ed30a86b8c4ca887773594c2.wixmp.com/intermediary/f/b013e38f-b1f0-4193-8d90-acfeae93d61a/dcyey4s-2c84ec54-ecaa-404f-b760-4e3b280fe33d.jpg/v1/fill/w_292,h_350,q_70,strp/touch_by_rossdraws_dcyey4s-350t.jpg 292w,https://images-wixmp-ed30a86b8c4ca887773594c2.wixmp.com/intermediary/f/b013e38f-b1f0-4193-8d90-acfeae93d61a/dcyey4s-2c84ec54-ecaa-404f-b760-4e3b280fe33d.jpg/v1/fill/w_334,h_400,q_70,strp/touch_by_rossdraws_dcyey4s-400t.jpg 334w,https://images-wixmp-ed30a86b8c4ca887773594c2.wixmp.com/intermediary/f/b013e38f-b1f0-4193-8d90-acfeae93d61a/dcyey4s-2c84ec54-ecaa-404f-b760-4e3b280fe33d.jpg 750w&quot; sizes=&quot;125px&quot;&gt;&lt;/a&gt;&lt;/span&gt;&lt;!-- ^TTT --&gt;&lt;!-- TTT$ --&gt;&lt;/span&gt;&amp;nbsp;&lt;span class=&quot;shadow-holder&quot; data-embed-type=&quot;deviation&quot; data-embed-id=&quot;774237099&quot; data-embed-format=&quot;thumb&quot;&gt;&lt;span class=&quot;shadow mild&quot; &gt;&lt;a class=&quot;thumb&quot; href=&quot;https://www.deviantart.com/rossdraws/art/Disney-Princess-Battle-Royale-YouTube-774237099&quot; title=&quot;Disney Princess Battle Royale : YouTube! by rossdraws, Nov 27, 2018 in Fan Art &amp;gt; Digital Art &amp;gt; Painting &amp;amp; Airbrushing &amp;gt; Movies &amp;amp; TV&quot;data-super-img=&quot;https://images-wixmp-ed30a86b8c4ca887773594c2.wixmp.com/intermediary/f/b013e38f-b1f0-4193-8d90-acfeae93d61a/dcsyl63-eabb2dd4-6380-4a55-b869-fe839985a862.jpg/v1/fill/w_1127,h_709,q_70,strp/disney_princess_battle_royale___youtube__by_rossdraws_dcsyl63-pre.jpg&quot; data-super-width=&quot;1127&quot; data-super-height=&quot;709&quot; data-super-transparent=&quot;false&quot; data-super-alt=&quot;Disney Princess Battle Royale : YouTube! by rossdraws&quot; data-super-full-img=&quot;https://images-wixmp-ed30a86b8c4ca887773594c2.wixmp.com/intermediary/f/b013e38f-b1f0-4193-8d90-acfeae93d61a/dcsyl63-eabb2dd4-6380-4a55-b869-fe839985a862.jpg&quot; data-super-full-width=&quot;1200&quot; data-super-full-height=&quot;755&quot;        data-sigil=&quot;thumb&quot;&gt;
        &lt;i&gt;&lt;/i&gt;&lt;img   width=&quot;150&quot; height=&quot;94&quot; alt=&quot;Disney Princess Battle Royale : YouTube! by rossdraws&quot; src=&quot;https://images-wixmp-ed30a86b8c4ca887773594c2.wixmp.com/intermediary/f/b013e38f-b1f0-4193-8d90-acfeae93d61a/dcsyl63-eabb2dd4-6380-4a55-b869-fe839985a862.jpg/v1/fit/w_150,h_150,q_70,strp/disney_princess_battle_royale___youtube__by_rossdraws_dcsyl63-150.jpg&quot; data-src=&quot;https://images-wixmp-ed30a86b8c4ca887773594c2.wixmp.com/intermediary/f/b013e38f-b1f0-4193-8d90-acfeae93d61a/dcsyl63-eabb2dd4-6380-4a55-b869-fe839985a862.jpg/v1/fit/w_150,h_150,q_70,strp/disney_princess_battle_royale___youtube__by_rossdraws_dcsyl63-150.jpg&quot; srcset=&quot;https://images-wixmp-ed30a86b8c4ca887773594c2.wixmp.com/intermediary/f/b013e38f-b1f0-4193-8d90-acfeae93d61a/dcsyl63-eabb2dd4-6380-4a55-b869-fe839985a862.jpg/v1/fit/w_150,h_150,q_70,strp/disney_princess_battle_royale___youtube__by_rossdraws_dcsyl63-150.jpg 150w,https://images-wixmp-ed30a86b8c4ca887773594c2.wixmp.com/intermediary/f/b013e38f-b1f0-4193-8d90-acfeae93d61a/dcsyl63-eabb2dd4-6380-4a55-b869-fe839985a862.jpg/v1/fill/w_397,h_250,q_70,strp/disney_princess_battle_royale___youtube__by_rossdraws_dcsyl63-250t.jpg 397w,https://images-wixmp-ed30a86b8c4ca887773594c2.wixmp.com/intermediary/f/b013e38f-b1f0-4193-8d90-acfeae93d61a/dcsyl63-eabb2dd4-6380-4a55-b869-fe839985a862.jpg/v1/fill/w_556,h_350,q_70,strp/disney_princess_battle_royale___youtube__by_rossdraws_dcsyl63-350t.jpg 556w,https://images-wixmp-ed30a86b8c4ca887773594c2.wixmp.com/intermediary/f/b013e38f-b1f0-4193-8d90-acfeae93d61a/dcsyl63-eabb2dd4-6380-4a55-b869-fe839985a862.jpg/v1/fill/w_636,h_400,q_70,strp/disney_princess_battle_royale___youtube__by_rossdraws_dcsyl63-400t.jpg 636w,https://images-wixmp-ed30a86b8c4ca887773594c2.wixmp.com/intermediary/f/b013e38f-b1f0-4193-8d90-acfeae93d61a/dcsyl63-eabb2dd4-6380-4a55-b869-fe839985a862.jpg/v1/fill/w_1127,h_709,q_70,strp/disney_princess_battle_royale___youtube__by_rossdraws_dcsyl63-pre.jpg 1127w&quot; sizes=&quot;150px&quot;&gt;&lt;/a&gt;&lt;/span&gt;&lt;!-- ^TTT --&gt;&lt;!-- TTT$ --&gt;&lt;/span&gt;&amp;nbsp;&lt;/div&gt;&lt;br /&gt;&lt;div&gt;&lt;img src=&quot;https://t00.deviantart.net/uW239RTjKwwnIY4gs96ndabwnPk=/300x200/filters:fixed_height(100,100):origin()/pre00/66fa/th/pre/f/2019/050/5/b/happy_thoughts_by_rossdraws-dd068fe.jpg&quot; alt=&quot;thumbnail&quot; /&gt;&lt;/div&gt;</description>            </item>
                    <item>
                <title>Robin Hood (2018) - Last arrow</title>
                <link>https://daroz.deviantart.com/art/Robin-Hood-2018-Last-arrow-786231098</link>
                <guid isPermaLink="true">https://daroz.deviantart.com/art/Robin-Hood-2018-Last-arrow-786231098</guid>
                <pubDate>Mon, 18 Feb 2019 13:56:23 PST</pubDate>
                        <media:title type="plain">Robin Hood (2018) - Last arrow</media:title>
        <media:keywords></media:keywords>
                        <media:rating>nonadult</media:rating>
                <media:category label="Conceptual">digitalart/paintings/illustrations/conceptual</media:category>
        <media:credit role="author" scheme="urn:ebu">daRoz</media:credit>
        <media:credit role="author" scheme="urn:ebu">https://a.deviantart.net/avatars/d/a/daroz.jpg?11</media:credit>
        <media:copyright url="https://daroz.deviantart.com">Copyright 2019 daRoz</media:copyright>            <media:description type="html">Robin Hood the movie has been out for a while now but since I haven&#039;t posted anything here for a good while it&#039;s time to catch up! This is the work for that movie I made back in 2015. If I remember correctly that was actually my first blockbuster film project I worked on, that time I worked with Framestore guys on it and I still have sentiment to some of these concepts!&amp;nbsp;&lt;br /&gt;I remember being impressed by &quot;on point&quot; art direction of Framestore Art director Martin Macrae and how it all was just so new to me. Definitely great times!&amp;nbsp;&lt;br /&gt;In the end the movie probably took a bit different approach (haven&#039;t seen it yet) but it&#039;s always nice to see how things progress&amp;nbsp;&lt;br /&gt;These are location sketches to showcase the palace/castle interior and its full color appeal&amp;nbsp;&lt;br /&gt;All rights reserved &amp;#169;Lionsgate.&lt;b&gt;&lt;br /&gt;&lt;br /&gt;&lt;img src=&quot;https://e.deviantart.net/emoticons/n/new.gif&quot; width=&quot;30&quot; height=&quot;27&quot; alt=&quot;:new:&quot; data-embed-type=&quot;emoticon&quot; data-embed-id=&quot;109&quot; title=&quot;New&quot;/&gt; &lt;img src=&quot;https://e.deviantart.net/emoticons/n/new.gif&quot; width=&quot;30&quot; height=&quot;27&quot; alt=&quot;:new:&quot; data-embed-type=&quot;emoticon&quot; data-embed-id=&quot;109&quot; title=&quot;New&quot;/&gt; &lt;img src=&quot;https://e.deviantart.net/emoticons/n/new.gif&quot; width=&quot;30&quot; height=&quot;27&quot; alt=&quot;:new:&quot; data-embed-type=&quot;emoticon&quot; data-embed-id=&quot;109&quot; title=&quot;New&quot;/&gt; &lt;img src=&quot;https://e.deviantart.net/emoticons/l/leetcrab.gif&quot; width=&quot;28&quot; height=&quot;25&quot; alt=&quot;:leetcrab:&quot; data-embed-type=&quot;emoticon&quot; data-embed-id=&quot;613&quot; title=&quot;Aww aint it cute&quot;/&gt; MY NEWEST CONCEPT ART SCHOOL PROJECT!!! -------------&amp;gt;&amp;nbsp;&lt;/b&gt;&lt;a class=&quot;external&quot; href=&quot;https://www.deviantart.com/users/outgoing?https://focalpointschool.com&quot;&gt;focalpointschool.com&lt;/a&gt; &lt;img src=&quot;https://e.deviantart.net/emoticons/l/leetcrab.gif&quot; width=&quot;28&quot; height=&quot;25&quot; alt=&quot;:leetcrab:&quot; data-embed-type=&quot;emoticon&quot; data-embed-id=&quot;613&quot; title=&quot;Aww aint it cute&quot;/&gt;&amp;nbsp;&lt;br /&gt;&lt;br /&gt;&lt;br /&gt;&lt;b&gt;Follow me on:&lt;/b&gt;&lt;b&gt;&lt;br /&gt;Instagram---&amp;gt;&amp;gt;&amp;gt;&amp;gt;&amp;gt;&amp;gt;&amp;nbsp;&lt;b&gt;&lt;a href=&quot;https://www.deviantart.com/users/outgoing?https://www.instagram.com/darekzabrocki&quot;&gt;&lt;a class=&quot;external&quot; href=&quot;https://www.deviantart.com/users/outgoing?https://www.instagram.com/darekzabrocki&quot;&gt;www.instagram.com/darekzabrock&amp;hellip;&lt;/a&gt;&lt;/a&gt;&amp;nbsp;&lt;br /&gt;Facebook---&amp;gt;&amp;gt;&amp;gt;&amp;gt;&amp;gt;&amp;gt;&amp;nbsp;&lt;a href=&quot;https://www.deviantart.com/users/outgoing?https://www.facebook.com/darek.zabrocki91&quot;&gt;&lt;a class=&quot;external&quot; href=&quot;https://www.deviantart.com/users/outgoing?https://www.facebook.com/darek.zabrocki91&quot;&gt;www.facebook.com/darek.zabrock&amp;hellip;&lt;/a&gt;&lt;/a&gt;&lt;br /&gt;Twitter---&amp;gt;&amp;gt;&amp;gt;&amp;gt;&amp;gt;&amp;gt; &lt;a class=&quot;external&quot; href=&quot;https://www.deviantart.com/users/outgoing?https://twitter.com/darekzabrocki&quot;&gt;twitter.com/darekzabrocki&lt;/a&gt;&lt;/b&gt;&lt;/b&gt;</media:description>            <media:thumbnail url="https://t00.deviantart.net/o0vyzFA1ulxDA64i1dnLpAOGEhA=/fit-in/150x150/filters:no_upscale():origin()/pre00/9ba3/th/pre/i/2019/049/7/d/robin_hood__2018____last_arrow_by_daroz-dd03nsq.jpg" height="64" width="150"/>            <media:thumbnail url="https://t00.deviantart.net/1CTLEsYCcwevROp88PIi1QUeJKc=/fit-in/300x900/filters:no_upscale():origin()/pre00/9ba3/th/pre/i/2019/049/7/d/robin_hood__2018____last_arrow_by_daroz-dd03nsq.jpg" height="128" width="300"/>            <media:thumbnail url="https://t00.deviantart.net/I1bL7vFsIuGzYtKfPJW4Js4oARQ=/300x200/filters:fixed_height(100,100):origin()/pre00/9ba3/th/pre/i/2019/049/7/d/robin_hood__2018____last_arrow_by_daroz-dd03nsq.jpg" height="128" width="300"/>            <media:content url="https://pre00.deviantart.net/9ba3/th/pre/i/2019/049/7/d/robin_hood__2018____last_arrow_by_daroz-dd03nsq.jpg" height="583" width="1369" medium="image"/>            
            <description>Robin Hood the movie has been out for a while now but since I haven&#039;t posted anything here for a good while it&#039;s time to catch up! This is the work for that movie I made back in 2015. If I remember correctly that was actually my first blockbuster film project I worked on, that time I worked with Framestore guys on it and I still have sentiment to some of these concepts!&amp;nbsp;&lt;br /&gt;I remember being impressed by &quot;on point&quot; art direction of Framestore Art director Martin Macrae and how it all was just so new to me. Definitely great times!&amp;nbsp;&lt;br /&gt;In the end the movie probably took a bit different approach (haven&#039;t seen it yet) but it&#039;s always nice to see how things progress&amp;nbsp;&lt;br /&gt;These are location sketches to showcase the palace/castle interior and its full color appeal&amp;nbsp;&lt;br /&gt;All rights reserved &amp;#169;Lionsgate.&lt;b&gt;&lt;br /&gt;&lt;br /&gt;&lt;img src=&quot;https://e.deviantart.net/emoticons/n/new.gif&quot; width=&quot;30&quot; height=&quot;27&quot; alt=&quot;:new:&quot; data-embed-type=&quot;emoticon&quot; data-embed-id=&quot;109&quot; title=&quot;New&quot;/&gt; &lt;img src=&quot;https://e.deviantart.net/emoticons/n/new.gif&quot; width=&quot;30&quot; height=&quot;27&quot; alt=&quot;:new:&quot; data-embed-type=&quot;emoticon&quot; data-embed-id=&quot;109&quot; title=&quot;New&quot;/&gt; &lt;img src=&quot;https://e.deviantart.net/emoticons/n/new.gif&quot; width=&quot;30&quot; height=&quot;27&quot; alt=&quot;:new:&quot; data-embed-type=&quot;emoticon&quot; data-embed-id=&quot;109&quot; title=&quot;New&quot;/&gt; &lt;img src=&quot;https://e.deviantart.net/emoticons/l/leetcrab.gif&quot; width=&quot;28&quot; height=&quot;25&quot; alt=&quot;:leetcrab:&quot; data-embed-type=&quot;emoticon&quot; data-embed-id=&quot;613&quot; title=&quot;Aww aint it cute&quot;/&gt; MY NEWEST CONCEPT ART SCHOOL PROJECT!!! -------------&amp;gt;&amp;nbsp;&lt;/b&gt;&lt;a class=&quot;external&quot; href=&quot;https://www.deviantart.com/users/outgoing?https://focalpointschool.com&quot;&gt;focalpointschool.com&lt;/a&gt; &lt;img src=&quot;https://e.deviantart.net/emoticons/l/leetcrab.gif&quot; width=&quot;28&quot; height=&quot;25&quot; alt=&quot;:leetcrab:&quot; data-embed-type=&quot;emoticon&quot; data-embed-id=&quot;613&quot; title=&quot;Aww aint it cute&quot;/&gt;&amp;nbsp;&lt;br /&gt;&lt;br /&gt;&lt;br /&gt;&lt;b&gt;Follow me on:&lt;/b&gt;&lt;b&gt;&lt;br /&gt;Instagram---&amp;gt;&amp;gt;&amp;gt;&amp;gt;&amp;gt;&amp;gt;&amp;nbsp;&lt;b&gt;&lt;a href=&quot;https://www.deviantart.com/users/outgoing?https://www.instagram.com/darekzabrocki&quot;&gt;&lt;a class=&quot;external&quot; href=&quot;https://www.deviantart.com/users/outgoing?https://www.instagram.com/darekzabrocki&quot;&gt;www.instagram.com/darekzabrock&amp;hellip;&lt;/a&gt;&lt;/a&gt;&amp;nbsp;&lt;br /&gt;Facebook---&amp;gt;&amp;gt;&amp;gt;&amp;gt;&amp;gt;&amp;gt;&amp;nbsp;&lt;a href=&quot;https://www.deviantart.com/users/outgoing?https://www.facebook.com/darek.zabrocki91&quot;&gt;&lt;a class=&quot;external&quot; href=&quot;https://www.deviantart.com/users/outgoing?https://www.facebook.com/darek.zabrocki91&quot;&gt;www.facebook.com/darek.zabrock&amp;hellip;&lt;/a&gt;&lt;/a&gt;&lt;br /&gt;Twitter---&amp;gt;&amp;gt;&amp;gt;&amp;gt;&amp;gt;&amp;gt; &lt;a class=&quot;external&quot; href=&quot;https://www.deviantart.com/users/outgoing?https://twitter.com/darekzabrocki&quot;&gt;twitter.com/darekzabrocki&lt;/a&gt;&lt;/b&gt;&lt;/b&gt;&lt;br /&gt;&lt;div&gt;&lt;img src=&quot;https://t00.deviantart.net/I1bL7vFsIuGzYtKfPJW4Js4oARQ=/300x200/filters:fixed_height(100,100):origin()/pre00/9ba3/th/pre/i/2019/049/7/d/robin_hood__2018____last_arrow_by_daroz-dd03nsq.jpg&quot; alt=&quot;thumbnail&quot; /&gt;&lt;/div&gt;</description>            </item>
                    <item>
                <title>every open eye</title>
                <link>https://apofiss.deviantart.com/art/every-open-eye-786345197</link>
                <guid isPermaLink="true">https://apofiss.deviantart.com/art/every-open-eye-786345197</guid>
                <pubDate>Tue, 19 Feb 2019 10:20:22 PST</pubDate>
                        <media:title type="plain">every open eye</media:title>
        <media:keywords></media:keywords>
                        <media:rating>nonadult</media:rating>
                <media:category label="Animals">digitalart/paintings/animals</media:category>
        <media:credit role="author" scheme="urn:ebu">Apofiss</media:credit>
        <media:credit role="author" scheme="urn:ebu">https://a.deviantart.net/avatars/a/p/apofiss.jpg?7</media:credit>
        <media:copyright url="https://apofiss.deviantart.com">Copyright 2019 Apofiss</media:copyright>            <media:description type="html">tiger theme with a touch of light fantasy feel to it! :} flow of it was partly influanced by the background music from CHVRCHES.&lt;br /&gt;&lt;br /&gt;&lt;br /&gt;&lt;span class=&quot;shadow-holder&quot; data-embed-type=&quot;deviation&quot; data-embed-id=&quot;5490791459949688&quot; data-embed-format=&quot;thumb&quot;&gt;&lt;span class=&quot;shadow mild&quot; &gt;&lt;a class=&quot;thumb&quot; href=&quot;https://sta.sh/01i2bmrv7wqg&quot; title=&quot;Patrein Text Small by Apofiss, Jul 31, 2018&quot;data-super-img=&quot;https://images-wixmp-ed30a86b8c4ca887773594c2.wixmp.com/intermediary/f/07f7a6bb-2d35-4630-93fc-be249af22b3e/dcirwzo-9e0453d0-4b7b-444f-ae71-fc7d8a4ea6a4.png&quot; data-super-width=&quot;84&quot; data-super-height=&quot;30&quot; data-super-transparent=&quot;true&quot; data-super-alt=&quot;Patrein Text Small by Apofiss&quot; data-super-full-img=&quot;https://api-da.wixmp.com/_api/download/file?downloadToken=eyJ0eXAiOiJKV1QiLCJhbGciOiJIUzI1NiJ9.eyJzdWIiOiJ1cm46YXBwOjdlMGQxODg5ODIyNjQzNzNhNWYwZDQxNWVhMGQyNmUwIiwiaXNzIjoidXJuOmFwcDo3ZTBkMTg4OTgyMjY0MzczYTVmMGQ0MTVlYTBkMjZlMCIsImV4cCI6MTU1MDYwMDkxNywiaWF0IjoxNTUwNjAwMzA3LCJqdGkiOiI1YzZjNDg3ZDI4YTQxIiwib2JqIjpudWxsLCJhdWQiOlsidXJuOnNlcnZpY2U6ZmlsZS5kb3dubG9hZCJdLCJwYXlsb2FkIjp7InBhdGgiOiJcL2ZcLzA3ZjdhNmJiLTJkMzUtNDYzMC05M2ZjLWJlMjQ5YWYyMmIzZVwvZGNpcnd6by05ZTA0NTNkMC00YjdiLTQ0NGYtYWU3MS1mYzdkOGE0ZWE2YTQucG5nIn19.Lg4LyyNsf9rLyFTXhHDo_69u9kXii0_E1iP7oJ_avZU&quot; data-super-full-width=&quot;84&quot; data-super-full-height=&quot;30&quot;        data-sigil=&quot;thumb&quot;&gt;
        &lt;i&gt;&lt;/i&gt;&lt;img   width=&quot;84&quot; height=&quot;30&quot; alt=&quot;Patrein Text Small by Apofiss&quot; src=&quot;https://images-wixmp-ed30a86b8c4ca887773594c2.wixmp.com/intermediary/f/07f7a6bb-2d35-4630-93fc-be249af22b3e/dcirwzo-9e0453d0-4b7b-444f-ae71-fc7d8a4ea6a4.png&quot; data-src=&quot;https://images-wixmp-ed30a86b8c4ca887773594c2.wixmp.com/intermediary/f/07f7a6bb-2d35-4630-93fc-be249af22b3e/dcirwzo-9e0453d0-4b7b-444f-ae71-fc7d8a4ea6a4.png&quot; srcset=&quot;https://images-wixmp-ed30a86b8c4ca887773594c2.wixmp.com/intermediary/f/07f7a6bb-2d35-4630-93fc-be249af22b3e/dcirwzo-9e0453d0-4b7b-444f-ae71-fc7d8a4ea6a4.png 84w&quot; sizes=&quot;84px&quot;&gt;&lt;/a&gt;&lt;/span&gt;&lt;!-- ^TTT --&gt;&lt;!-- TTT$ --&gt;&lt;/span&gt;&amp;nbsp;&lt;span class=&quot;shadow-holder&quot; data-embed-type=&quot;deviation&quot; data-embed-id=&quot;7036337445118931&quot; data-embed-format=&quot;thumb&quot;&gt;&lt;span class=&quot;shadow mild&quot; &gt;&lt;a class=&quot;thumb&quot; href=&quot;https://sta.sh/01xa68spz36b&quot; title=&quot;Patreon Ico 30 by Apofiss, Jul 31, 2018&quot;data-super-img=&quot;https://images-wixmp-ed30a86b8c4ca887773594c2.wixmp.com/intermediary/f/07f7a6bb-2d35-4630-93fc-be249af22b3e/dcirwwn-b3bc0e43-bbdb-456d-8714-6dbc2a96dd46.png&quot; data-super-width=&quot;30&quot; data-super-height=&quot;30&quot; data-super-transparent=&quot;true&quot; data-super-alt=&quot;Patreon Ico 30 by Apofiss&quot; data-super-full-img=&quot;https://api-da.wixmp.com/_api/download/file?downloadToken=eyJ0eXAiOiJKV1QiLCJhbGciOiJIUzI1NiJ9.eyJzdWIiOiJ1cm46YXBwOjdlMGQxODg5ODIyNjQzNzNhNWYwZDQxNWVhMGQyNmUwIiwiaXNzIjoidXJuOmFwcDo3ZTBkMTg4OTgyMjY0MzczYTVmMGQ0MTVlYTBkMjZlMCIsImV4cCI6MTU1MDYwMDkxNywiaWF0IjoxNTUwNjAwMzA3LCJqdGkiOiI1YzZjNDg3ZDI4YjVmIiwib2JqIjpudWxsLCJhdWQiOlsidXJuOnNlcnZpY2U6ZmlsZS5kb3dubG9hZCJdLCJwYXlsb2FkIjp7InBhdGgiOiJcL2ZcLzA3ZjdhNmJiLTJkMzUtNDYzMC05M2ZjLWJlMjQ5YWYyMmIzZVwvZGNpcnd3bi1iM2JjMGU0My1iYmRiLTQ1NmQtODcxNC02ZGJjMmE5NmRkNDYucG5nIn19.DEH5572hMZJvYfvBGPx5bwaf2I3HajKgJ53PIsBcsFo&quot; data-super-full-width=&quot;30&quot; data-super-full-height=&quot;30&quot;        data-sigil=&quot;thumb&quot;&gt;
        &lt;i&gt;&lt;/i&gt;&lt;img   width=&quot;30&quot; height=&quot;30&quot; alt=&quot;Patreon Ico 30 by Apofiss&quot; src=&quot;https://images-wixmp-ed30a86b8c4ca887773594c2.wixmp.com/intermediary/f/07f7a6bb-2d35-4630-93fc-be249af22b3e/dcirwwn-b3bc0e43-bbdb-456d-8714-6dbc2a96dd46.png&quot; data-src=&quot;https://images-wixmp-ed30a86b8c4ca887773594c2.wixmp.com/intermediary/f/07f7a6bb-2d35-4630-93fc-be249af22b3e/dcirwwn-b3bc0e43-bbdb-456d-8714-6dbc2a96dd46.png&quot; srcset=&quot;https://images-wixmp-ed30a86b8c4ca887773594c2.wixmp.com/intermediary/f/07f7a6bb-2d35-4630-93fc-be249af22b3e/dcirwwn-b3bc0e43-bbdb-456d-8714-6dbc2a96dd46.png 30w&quot; sizes=&quot;30px&quot;&gt;&lt;/a&gt;&lt;/span&gt;&lt;!-- ^TTT --&gt;&lt;!-- TTT$ --&gt;&lt;/span&gt;&lt;br /&gt;&lt;b&gt;Full HD WALLPAPER&lt;/b&gt; version is available on my &lt;a class=&quot;external&quot; href=&quot;https://www.deviantart.com/users/outgoing?https://www.patreon.com/apofiss&quot;&gt;Patreon!&lt;/a&gt;&lt;br /&gt;&lt;br /&gt;&lt;br /&gt;&lt;br /&gt;Me elsewhere: &amp;nbsp;&lt;a class=&quot;external&quot; href=&quot;https://www.deviantart.com/users/outgoing?https://www.facebook.com/apofissx/&quot;&gt;Facebook&lt;/a&gt; &amp;nbsp;| &amp;nbsp;&lt;a class=&quot;external&quot; href=&quot;https://www.deviantart.com/users/outgoing?https://www.instagram.com/apofissx/&quot;&gt;Instagram&lt;/a&gt; | &lt;a href=&quot;https://www.deviantart.com/apofiss/journal/status-F-A-Q-233977495&quot;&gt;FAQ&lt;/a&gt;&lt;br /&gt;&lt;br /&gt;&lt;b&gt;Calendar 2019&lt;/b&gt;&lt;br /&gt;&lt;span class=&quot;shadow-holder&quot; data-embed-type=&quot;deviation&quot; data-embed-id=&quot;767294098&quot; data-embed-format=&quot;thumb&quot;&gt;&lt;span class=&quot;shadow mild&quot; &gt;&lt;a class=&quot;thumb hasprint&quot; href=&quot;https://www.deviantart.com/apofiss/art/2019-calendar-Big-Wild-Cats-767294098&quot; title=&quot;2019 calendar - Big Wild Cats by Apofiss, Oct 7, 2018 in Digital Art &amp;gt; Drawings &amp;amp; Paintings &amp;gt; Animals&quot;data-super-img=&quot;https://images-wixmp-ed30a86b8c4ca887773594c2.wixmp.com/intermediary/f/07f7a6bb-2d35-4630-93fc-be249af22b3e/dcotrwy-85eda7f0-f449-4adc-a5b7-f421c6211aba.jpg&quot; data-super-width=&quot;600&quot; data-super-height=&quot;927&quot; data-super-transparent=&quot;false&quot; data-super-alt=&quot;2019 calendar - Big Wild Cats by Apofiss&quot; data-super-full-img=&quot;https://images-wixmp-ed30a86b8c4ca887773594c2.wixmp.com/intermediary/f/07f7a6bb-2d35-4630-93fc-be249af22b3e/dcotrwy-85eda7f0-f449-4adc-a5b7-f421c6211aba.jpg&quot; data-super-full-width=&quot;600&quot; data-super-full-height=&quot;927&quot;        data-sigil=&quot;thumb&quot;&gt;
        &lt;i&gt;&lt;/i&gt;&lt;img   width=&quot;97&quot; height=&quot;150&quot; alt=&quot;2019 calendar - Big Wild Cats by Apofiss&quot; src=&quot;https://images-wixmp-ed30a86b8c4ca887773594c2.wixmp.com/intermediary/f/07f7a6bb-2d35-4630-93fc-be249af22b3e/dcotrwy-85eda7f0-f449-4adc-a5b7-f421c6211aba.jpg/v1/fit/w_150,h_150,q_70,strp/2019_calendar___big_wild_cats_by_apofiss_dcotrwy-150.jpg&quot; data-src=&quot;https://images-wixmp-ed30a86b8c4ca887773594c2.wixmp.com/intermediary/f/07f7a6bb-2d35-4630-93fc-be249af22b3e/dcotrwy-85eda7f0-f449-4adc-a5b7-f421c6211aba.jpg/v1/fit/w_150,h_150,q_70,strp/2019_calendar___big_wild_cats_by_apofiss_dcotrwy-150.jpg&quot; srcset=&quot;https://images-wixmp-ed30a86b8c4ca887773594c2.wixmp.com/intermediary/f/07f7a6bb-2d35-4630-93fc-be249af22b3e/dcotrwy-85eda7f0-f449-4adc-a5b7-f421c6211aba.jpg/v1/fit/w_150,h_150,q_70,strp/2019_calendar___big_wild_cats_by_apofiss_dcotrwy-150.jpg 97w,https://images-wixmp-ed30a86b8c4ca887773594c2.wixmp.com/intermediary/f/07f7a6bb-2d35-4630-93fc-be249af22b3e/dcotrwy-85eda7f0-f449-4adc-a5b7-f421c6211aba.jpg/v1/fill/w_162,h_250,q_70,strp/2019_calendar___big_wild_cats_by_apofiss_dcotrwy-250t.jpg 162w,https://images-wixmp-ed30a86b8c4ca887773594c2.wixmp.com/intermediary/f/07f7a6bb-2d35-4630-93fc-be249af22b3e/dcotrwy-85eda7f0-f449-4adc-a5b7-f421c6211aba.jpg/v1/crop/w_227,h_350,x_0,y_0,scl_0.37833333333333,q_70,strp/2019_calendar___big_wild_cats_by_apofiss_dcotrwy-350t.jpg 227w,https://images-wixmp-ed30a86b8c4ca887773594c2.wixmp.com/intermediary/f/07f7a6bb-2d35-4630-93fc-be249af22b3e/dcotrwy-85eda7f0-f449-4adc-a5b7-f421c6211aba.jpg/v1/fill/w_259,h_400,q_70,strp/2019_calendar___big_wild_cats_by_apofiss_dcotrwy-400t.jpg 259w,https://images-wixmp-ed30a86b8c4ca887773594c2.wixmp.com/intermediary/f/07f7a6bb-2d35-4630-93fc-be249af22b3e/dcotrwy-85eda7f0-f449-4adc-a5b7-f421c6211aba.jpg 600w&quot; sizes=&quot;97px&quot;&gt;&lt;/a&gt;&lt;/span&gt;&lt;!-- ^TTT --&gt;&lt;!-- TTT$ --&gt;&lt;/span&gt;</media:description>            <media:thumbnail url="https://t00.deviantart.net/4VmX52Xv9RCipzeAgK1iT4lQKRc=/fit-in/150x150/filters:no_upscale():origin()/pre00/bb3d/th/pre/f/2019/050/0/6/06dfbbf163905098a36723569005df58-dd063u5.jpg" height="86" width="150"/>            <media:thumbnail url="https://t00.deviantart.net/CHHLYEOEyGN0P8VQS4xGk-hjHTQ=/fit-in/300x900/filters:no_upscale():origin()/pre00/bb3d/th/pre/f/2019/050/0/6/06dfbbf163905098a36723569005df58-dd063u5.jpg" height="172" width="300"/>            <media:thumbnail url="https://t00.deviantart.net/IFzfpbjLD8TGdj6LUibOmAeM3v4=/300x200/filters:fixed_height(100,100):origin()/pre00/bb3d/th/pre/f/2019/050/0/6/06dfbbf163905098a36723569005df58-dd063u5.jpg" height="172" width="300"/>            <media:content url="https://orig00.deviantart.net/f669/f/2019/050/0/6/06dfbbf163905098a36723569005df58-dd063u5.jpg" height="450" width="785" medium="image"/>            
            <description>tiger theme with a touch of light fantasy feel to it! :} flow of it was partly influanced by the background music from CHVRCHES.&lt;br /&gt;&lt;br /&gt;&lt;br /&gt;&lt;span class=&quot;shadow-holder&quot; data-embed-type=&quot;deviation&quot; data-embed-id=&quot;5490791459949688&quot; data-embed-format=&quot;thumb&quot;&gt;&lt;span class=&quot;shadow mild&quot; &gt;&lt;a class=&quot;thumb&quot; href=&quot;https://sta.sh/01i2bmrv7wqg&quot; title=&quot;Patrein Text Small by Apofiss, Jul 31, 2018&quot;data-super-img=&quot;https://images-wixmp-ed30a86b8c4ca887773594c2.wixmp.com/intermediary/f/07f7a6bb-2d35-4630-93fc-be249af22b3e/dcirwzo-9e0453d0-4b7b-444f-ae71-fc7d8a4ea6a4.png&quot; data-super-width=&quot;84&quot; data-super-height=&quot;30&quot; data-super-transparent=&quot;true&quot; data-super-alt=&quot;Patrein Text Small by Apofiss&quot; data-super-full-img=&quot;https://api-da.wixmp.com/_api/download/file?downloadToken=eyJ0eXAiOiJKV1QiLCJhbGciOiJIUzI1NiJ9.eyJzdWIiOiJ1cm46YXBwOjdlMGQxODg5ODIyNjQzNzNhNWYwZDQxNWVhMGQyNmUwIiwiaXNzIjoidXJuOmFwcDo3ZTBkMTg4OTgyMjY0MzczYTVmMGQ0MTVlYTBkMjZlMCIsImV4cCI6MTU1MDYwMDkxNywiaWF0IjoxNTUwNjAwMzA3LCJqdGkiOiI1YzZjNDg3ZDI4YTQxIiwib2JqIjpudWxsLCJhdWQiOlsidXJuOnNlcnZpY2U6ZmlsZS5kb3dubG9hZCJdLCJwYXlsb2FkIjp7InBhdGgiOiJcL2ZcLzA3ZjdhNmJiLTJkMzUtNDYzMC05M2ZjLWJlMjQ5YWYyMmIzZVwvZGNpcnd6by05ZTA0NTNkMC00YjdiLTQ0NGYtYWU3MS1mYzdkOGE0ZWE2YTQucG5nIn19.Lg4LyyNsf9rLyFTXhHDo_69u9kXii0_E1iP7oJ_avZU&quot; data-super-full-width=&quot;84&quot; data-super-full-height=&quot;30&quot;        data-sigil=&quot;thumb&quot;&gt;
        &lt;i&gt;&lt;/i&gt;&lt;img   width=&quot;84&quot; height=&quot;30&quot; alt=&quot;Patrein Text Small by Apofiss&quot; src=&quot;https://images-wixmp-ed30a86b8c4ca887773594c2.wixmp.com/intermediary/f/07f7a6bb-2d35-4630-93fc-be249af22b3e/dcirwzo-9e0453d0-4b7b-444f-ae71-fc7d8a4ea6a4.png&quot; data-src=&quot;https://images-wixmp-ed30a86b8c4ca887773594c2.wixmp.com/intermediary/f/07f7a6bb-2d35-4630-93fc-be249af22b3e/dcirwzo-9e0453d0-4b7b-444f-ae71-fc7d8a4ea6a4.png&quot; srcset=&quot;https://images-wixmp-ed30a86b8c4ca887773594c2.wixmp.com/intermediary/f/07f7a6bb-2d35-4630-93fc-be249af22b3e/dcirwzo-9e0453d0-4b7b-444f-ae71-fc7d8a4ea6a4.png 84w&quot; sizes=&quot;84px&quot;&gt;&lt;/a&gt;&lt;/span&gt;&lt;!-- ^TTT --&gt;&lt;!-- TTT$ --&gt;&lt;/span&gt;&amp;nbsp;&lt;span class=&quot;shadow-holder&quot; data-embed-type=&quot;deviation&quot; data-embed-id=&quot;7036337445118931&quot; data-embed-format=&quot;thumb&quot;&gt;&lt;span class=&quot;shadow mild&quot; &gt;&lt;a class=&quot;thumb&quot; href=&quot;https://sta.sh/01xa68spz36b&quot; title=&quot;Patreon Ico 30 by Apofiss, Jul 31, 2018&quot;data-super-img=&quot;https://images-wixmp-ed30a86b8c4ca887773594c2.wixmp.com/intermediary/f/07f7a6bb-2d35-4630-93fc-be249af22b3e/dcirwwn-b3bc0e43-bbdb-456d-8714-6dbc2a96dd46.png&quot; data-super-width=&quot;30&quot; data-super-height=&quot;30&quot; data-super-transparent=&quot;true&quot; data-super-alt=&quot;Patreon Ico 30 by Apofiss&quot; data-super-full-img=&quot;https://api-da.wixmp.com/_api/download/file?downloadToken=eyJ0eXAiOiJKV1QiLCJhbGciOiJIUzI1NiJ9.eyJzdWIiOiJ1cm46YXBwOjdlMGQxODg5ODIyNjQzNzNhNWYwZDQxNWVhMGQyNmUwIiwiaXNzIjoidXJuOmFwcDo3ZTBkMTg4OTgyMjY0MzczYTVmMGQ0MTVlYTBkMjZlMCIsImV4cCI6MTU1MDYwMDkxNywiaWF0IjoxNTUwNjAwMzA3LCJqdGkiOiI1YzZjNDg3ZDI4YjVmIiwib2JqIjpudWxsLCJhdWQiOlsidXJuOnNlcnZpY2U6ZmlsZS5kb3dubG9hZCJdLCJwYXlsb2FkIjp7InBhdGgiOiJcL2ZcLzA3ZjdhNmJiLTJkMzUtNDYzMC05M2ZjLWJlMjQ5YWYyMmIzZVwvZGNpcnd3bi1iM2JjMGU0My1iYmRiLTQ1NmQtODcxNC02ZGJjMmE5NmRkNDYucG5nIn19.DEH5572hMZJvYfvBGPx5bwaf2I3HajKgJ53PIsBcsFo&quot; data-super-full-width=&quot;30&quot; data-super-full-height=&quot;30&quot;        data-sigil=&quot;thumb&quot;&gt;
        &lt;i&gt;&lt;/i&gt;&lt;img   width=&quot;30&quot; height=&quot;30&quot; alt=&quot;Patreon Ico 30 by Apofiss&quot; src=&quot;https://images-wixmp-ed30a86b8c4ca887773594c2.wixmp.com/intermediary/f/07f7a6bb-2d35-4630-93fc-be249af22b3e/dcirwwn-b3bc0e43-bbdb-456d-8714-6dbc2a96dd46.png&quot; data-src=&quot;https://images-wixmp-ed30a86b8c4ca887773594c2.wixmp.com/intermediary/f/07f7a6bb-2d35-4630-93fc-be249af22b3e/dcirwwn-b3bc0e43-bbdb-456d-8714-6dbc2a96dd46.png&quot; srcset=&quot;https://images-wixmp-ed30a86b8c4ca887773594c2.wixmp.com/intermediary/f/07f7a6bb-2d35-4630-93fc-be249af22b3e/dcirwwn-b3bc0e43-bbdb-456d-8714-6dbc2a96dd46.png 30w&quot; sizes=&quot;30px&quot;&gt;&lt;/a&gt;&lt;/span&gt;&lt;!-- ^TTT --&gt;&lt;!-- TTT$ --&gt;&lt;/span&gt;&lt;br /&gt;&lt;b&gt;Full HD WALLPAPER&lt;/b&gt; version is available on my &lt;a class=&quot;external&quot; href=&quot;https://www.deviantart.com/users/outgoing?https://www.patreon.com/apofiss&quot;&gt;Patreon!&lt;/a&gt;&lt;br /&gt;&lt;br /&gt;&lt;br /&gt;&lt;br /&gt;Me elsewhere: &amp;nbsp;&lt;a class=&quot;external&quot; href=&quot;https://www.deviantart.com/users/outgoing?https://www.facebook.com/apofissx/&quot;&gt;Facebook&lt;/a&gt; &amp;nbsp;| &amp;nbsp;&lt;a class=&quot;external&quot; href=&quot;https://www.deviantart.com/users/outgoing?https://www.instagram.com/apofissx/&quot;&gt;Instagram&lt;/a&gt; | &lt;a href=&quot;https://www.deviantart.com/apofiss/journal/status-F-A-Q-233977495&quot;&gt;FAQ&lt;/a&gt;&lt;br /&gt;&lt;br /&gt;&lt;b&gt;Calendar 2019&lt;/b&gt;&lt;br /&gt;&lt;span class=&quot;shadow-holder&quot; data-embed-type=&quot;deviation&quot; data-embed-id=&quot;767294098&quot; data-embed-format=&quot;thumb&quot;&gt;&lt;span class=&quot;shadow mild&quot; &gt;&lt;a class=&quot;thumb hasprint&quot; href=&quot;https://www.deviantart.com/apofiss/art/2019-calendar-Big-Wild-Cats-767294098&quot; title=&quot;2019 calendar - Big Wild Cats by Apofiss, Oct 7, 2018 in Digital Art &amp;gt; Drawings &amp;amp; Paintings &amp;gt; Animals&quot;data-super-img=&quot;https://images-wixmp-ed30a86b8c4ca887773594c2.wixmp.com/intermediary/f/07f7a6bb-2d35-4630-93fc-be249af22b3e/dcotrwy-85eda7f0-f449-4adc-a5b7-f421c6211aba.jpg&quot; data-super-width=&quot;600&quot; data-super-height=&quot;927&quot; data-super-transparent=&quot;false&quot; data-super-alt=&quot;2019 calendar - Big Wild Cats by Apofiss&quot; data-super-full-img=&quot;https://images-wixmp-ed30a86b8c4ca887773594c2.wixmp.com/intermediary/f/07f7a6bb-2d35-4630-93fc-be249af22b3e/dcotrwy-85eda7f0-f449-4adc-a5b7-f421c6211aba.jpg&quot; data-super-full-width=&quot;600&quot; data-super-full-height=&quot;927&quot;        data-sigil=&quot;thumb&quot;&gt;
        &lt;i&gt;&lt;/i&gt;&lt;img   width=&quot;97&quot; height=&quot;150&quot; alt=&quot;2019 calendar - Big Wild Cats by Apofiss&quot; src=&quot;https://images-wixmp-ed30a86b8c4ca887773594c2.wixmp.com/intermediary/f/07f7a6bb-2d35-4630-93fc-be249af22b3e/dcotrwy-85eda7f0-f449-4adc-a5b7-f421c6211aba.jpg/v1/fit/w_150,h_150,q_70,strp/2019_calendar___big_wild_cats_by_apofiss_dcotrwy-150.jpg&quot; data-src=&quot;https://images-wixmp-ed30a86b8c4ca887773594c2.wixmp.com/intermediary/f/07f7a6bb-2d35-4630-93fc-be249af22b3e/dcotrwy-85eda7f0-f449-4adc-a5b7-f421c6211aba.jpg/v1/fit/w_150,h_150,q_70,strp/2019_calendar___big_wild_cats_by_apofiss_dcotrwy-150.jpg&quot; srcset=&quot;https://images-wixmp-ed30a86b8c4ca887773594c2.wixmp.com/intermediary/f/07f7a6bb-2d35-4630-93fc-be249af22b3e/dcotrwy-85eda7f0-f449-4adc-a5b7-f421c6211aba.jpg/v1/fit/w_150,h_150,q_70,strp/2019_calendar___big_wild_cats_by_apofiss_dcotrwy-150.jpg 97w,https://images-wixmp-ed30a86b8c4ca887773594c2.wixmp.com/intermediary/f/07f7a6bb-2d35-4630-93fc-be249af22b3e/dcotrwy-85eda7f0-f449-4adc-a5b7-f421c6211aba.jpg/v1/fill/w_162,h_250,q_70,strp/2019_calendar___big_wild_cats_by_apofiss_dcotrwy-250t.jpg 162w,https://images-wixmp-ed30a86b8c4ca887773594c2.wixmp.com/intermediary/f/07f7a6bb-2d35-4630-93fc-be249af22b3e/dcotrwy-85eda7f0-f449-4adc-a5b7-f421c6211aba.jpg/v1/crop/w_227,h_350,x_0,y_0,scl_0.37833333333333,q_70,strp/2019_calendar___big_wild_cats_by_apofiss_dcotrwy-350t.jpg 227w,https://images-wixmp-ed30a86b8c4ca887773594c2.wixmp.com/intermediary/f/07f7a6bb-2d35-4630-93fc-be249af22b3e/dcotrwy-85eda7f0-f449-4adc-a5b7-f421c6211aba.jpg/v1/fill/w_259,h_400,q_70,strp/2019_calendar___big_wild_cats_by_apofiss_dcotrwy-400t.jpg 259w,https://images-wixmp-ed30a86b8c4ca887773594c2.wixmp.com/intermediary/f/07f7a6bb-2d35-4630-93fc-be249af22b3e/dcotrwy-85eda7f0-f449-4adc-a5b7-f421c6211aba.jpg 600w&quot; sizes=&quot;97px&quot;&gt;&lt;/a&gt;&lt;/span&gt;&lt;!-- ^TTT --&gt;&lt;!-- TTT$ --&gt;&lt;/span&gt;&lt;br /&gt;&lt;div&gt;&lt;img src=&quot;https://t00.deviantart.net/IFzfpbjLD8TGdj6LUibOmAeM3v4=/300x200/filters:fixed_height(100,100):origin()/pre00/bb3d/th/pre/f/2019/050/0/6/06dfbbf163905098a36723569005df58-dd063u5.jpg&quot; alt=&quot;thumbnail&quot; /&gt;&lt;/div&gt;</description>            </item>
                    <item>
                <title>Flame guard (collab</title>
                <link>https://grimmla.deviantart.com/art/Flame-guard-collab-786230139</link>
                <guid isPermaLink="true">https://grimmla.deviantart.com/art/Flame-guard-collab-786230139</guid>
                <pubDate>Mon, 18 Feb 2019 13:49:45 PST</pubDate>
                        <media:title type="plain">Flame guard (collab</media:title>
        <media:keywords></media:keywords>
                        <media:rating>nonadult</media:rating>
                <media:category label="Fantasy">digitalart/mixedmed/fantasy</media:category>
        <media:credit role="author" scheme="urn:ebu">Grimmla</media:credit>
        <media:credit role="author" scheme="urn:ebu">https://a.deviantart.net/avatars/g/r/grimmla.gif?8</media:credit>
        <media:copyright url="https://grimmla.deviantart.com">Copyright 2019 Grimmla</media:copyright>            <media:description type="html">collab between me and &lt;a target=&quot;_self&quot; href=&quot;https://www.deviantart.com/dragolisco&quot; &gt;&lt;img class=&quot;avatar&quot; width=&quot;50&quot; height=&quot;50&quot; src=&quot;https://a.deviantart.net/avatars/d/r/dragolisco.jpg?12&quot; alt=&quot;:icondragolisco:&quot; title=&quot;Dragolisco&quot; /&gt;&lt;/a&gt; &amp;nbsp;</media:description>            <media:thumbnail url="https://t00.deviantart.net/-2djBlBzrM74f8h4fBkgCVNsP-4=/fit-in/150x150/filters:no_upscale():origin()/pre00/db20/th/pre/i/2019/049/c/b/flame_guard__collab_by_grimmla-dd03n23.png" height="69" width="150"/>            <media:thumbnail url="https://t00.deviantart.net/8_DPiVwUjCuRR5GPdjzlYfE5JzU=/fit-in/300x900/filters:no_upscale():origin()/pre00/db20/th/pre/i/2019/049/c/b/flame_guard__collab_by_grimmla-dd03n23.png" height="138" width="300"/>            <media:thumbnail url="https://t00.deviantart.net/oy437FflObt36SC8XXKGKfuK4Nk=/300x200/filters:fixed_height(100,100):origin()/pre00/db20/th/pre/i/2019/049/c/b/flame_guard__collab_by_grimmla-dd03n23.png" height="138" width="300"/>            <media:content url="https://img00.deviantart.net/ff8e/i/2019/049/c/b/flame_guard__collab_by_grimmla-dd03n23.png" height="470" width="1024" medium="image"/>            
            <description>collab between me and &lt;a target=&quot;_self&quot; href=&quot;https://www.deviantart.com/dragolisco&quot; &gt;&lt;img class=&quot;avatar&quot; width=&quot;50&quot; height=&quot;50&quot; src=&quot;https://a.deviantart.net/avatars/d/r/dragolisco.jpg?12&quot; alt=&quot;:icondragolisco:&quot; title=&quot;Dragolisco&quot; /&gt;&lt;/a&gt; &amp;nbsp;&lt;br /&gt;&lt;div&gt;&lt;img src=&quot;https://t00.deviantart.net/oy437FflObt36SC8XXKGKfuK4Nk=/300x200/filters:fixed_height(100,100):origin()/pre00/db20/th/pre/i/2019/049/c/b/flame_guard__collab_by_grimmla-dd03n23.png&quot; alt=&quot;thumbnail&quot; /&gt;&lt;/div&gt;</description>            </item>
                    <item>
                <title>Fresh breeze</title>
                <link>https://ellysiumn.deviantart.com/art/Fresh-breeze-786073864</link>
                <guid isPermaLink="true">https://ellysiumn.deviantart.com/art/Fresh-breeze-786073864</guid>
                <pubDate>Tue, 19 Feb 2019 00:18:57 PST</pubDate>
                        <media:title type="plain">Fresh breeze</media:title>
        <media:keywords></media:keywords>
                        <media:rating>nonadult</media:rating>
                <media:category label="Abstract">customization/wallpaper/abstract</media:category>
        <media:credit role="author" scheme="urn:ebu">Ellysiumn</media:credit>
        <media:credit role="author" scheme="urn:ebu">https://a.deviantart.net/avatars/e/l/ellysiumn.jpg?10</media:credit>
        <media:copyright url="https://ellysiumn.deviantart.com">Copyright 2019 Ellysiumn</media:copyright>
            <media:community>
                <media:tags>@Ellysiumn</media:tags>
            </media:community>            <media:description type="html">Premium 4k wallpaper for personal use only.&lt;br /&gt;Anime style (i love create works in this style!!)&lt;br /&gt;&lt;br /&gt;&lt;br /&gt;&lt;div align=&quot;left&quot;&gt;Copyright &amp;#169; by Gene Raz von Edler aka Ellysiumn. All rights reserved.&amp;nbsp;&lt;/div&gt;&lt;div align=&quot;left&quot;&gt;My artwork may not be reproduced, copied, edited, published or uploaded in any&amp;nbsp;&lt;/div&gt;&lt;div align=&quot;left&quot;&gt;way without my written permission.&lt;br /&gt;&lt;br /&gt;&lt;br /&gt;Everything is painted and my own resources. I used reference for paint the girl.&lt;/div&gt;&lt;div&gt;Tools: PS CC 2018, PaintStorm Studio and Wacom Intuos Pro L.&lt;br /&gt;&lt;br /&gt;&lt;br /&gt;&lt;a class=&quot;external&quot; href=&quot;https://www.deviantart.com/users/outgoing?https://www.instagram.com/ellysiumnarts/&quot;&gt;Instagram&lt;/a&gt;&lt;br /&gt;&lt;a class=&quot;external&quot; href=&quot;https://www.deviantart.com/users/outgoing?https://twitter.com/Ellysiumn&quot;&gt;Twitter&lt;/a&gt;&lt;br /&gt;&lt;a class=&quot;external&quot; href=&quot;https://www.deviantart.com/users/outgoing?https://www.artstation.com/genesisrazvonedler&quot;&gt;ArtStation&lt;/a&gt;&lt;br /&gt;&lt;br /&gt;Other works in this style&amp;nbsp;&amp;nbsp;&lt;span class=&quot;shadow-holder&quot; data-embed-type=&quot;deviation&quot; data-embed-id=&quot;784379401&quot; data-embed-format=&quot;thumb&quot;&gt;&lt;span class=&quot;shadow mild&quot; &gt;&lt;a class=&quot;thumb hasprint&quot; href=&quot;https://www.deviantart.com/ellysiumn/art/Magical-place-784379401&quot; title=&quot;Magical place by Ellysiumn, Feb 7, 2019 in Customization &amp;gt; Wallpaper &amp;gt; HDTV &amp;amp; Widescreen&quot;data-super-img=&quot;https://images-wixmp-ed30a86b8c4ca887773594c2.wixmp.com/intermediary/f/faa48d2d-12c2-43d1-bf23-b5e99857825b/dcyzz0p-652a9eb4-e401-4b55-b83d-cbc3cc6f0b5a.png/v1/fill/w_1192,h_670,q_70,strp/magical_place_by_ellysiumn_dcyzz0p-pre.jpg&quot; data-super-width=&quot;1192&quot; data-super-height=&quot;670&quot; data-super-transparent=&quot;false&quot; data-super-alt=&quot;Magical place by Ellysiumn&quot; data-super-full-img=&quot;https://images-wixmp-ed30a86b8c4ca887773594c2.wixmp.com/intermediary/f/faa48d2d-12c2-43d1-bf23-b5e99857825b/dcyzz0p-652a9eb4-e401-4b55-b83d-cbc3cc6f0b5a.png/v1/fill/w_1280,h_720,q_80,strp/magical_place_by_ellysiumn_dcyzz0p-fullview.jpg&quot; data-super-full-width=&quot;1280&quot; data-super-full-height=&quot;720&quot;        data-sigil=&quot;thumb&quot;&gt;
        &lt;i&gt;&lt;/i&gt;&lt;img   width=&quot;150&quot; height=&quot;84&quot; alt=&quot;Magical place by Ellysiumn&quot; src=&quot;https://images-wixmp-ed30a86b8c4ca887773594c2.wixmp.com/intermediary/f/faa48d2d-12c2-43d1-bf23-b5e99857825b/dcyzz0p-652a9eb4-e401-4b55-b83d-cbc3cc6f0b5a.png/v1/fit/w_150,h_150,q_70,strp/magical_place_by_ellysiumn_dcyzz0p-150.jpg&quot; data-src=&quot;https://images-wixmp-ed30a86b8c4ca887773594c2.wixmp.com/intermediary/f/faa48d2d-12c2-43d1-bf23-b5e99857825b/dcyzz0p-652a9eb4-e401-4b55-b83d-cbc3cc6f0b5a.png/v1/fit/w_150,h_150,q_70,strp/magical_place_by_ellysiumn_dcyzz0p-150.jpg&quot; srcset=&quot;https://images-wixmp-ed30a86b8c4ca887773594c2.wixmp.com/intermediary/f/faa48d2d-12c2-43d1-bf23-b5e99857825b/dcyzz0p-652a9eb4-e401-4b55-b83d-cbc3cc6f0b5a.png/v1/fit/w_150,h_150,q_70,strp/magical_place_by_ellysiumn_dcyzz0p-150.jpg 150w,https://images-wixmp-ed30a86b8c4ca887773594c2.wixmp.com/intermediary/f/faa48d2d-12c2-43d1-bf23-b5e99857825b/dcyzz0p-652a9eb4-e401-4b55-b83d-cbc3cc6f0b5a.png/v1/fill/w_444,h_250,q_70,strp/magical_place_by_ellysiumn_dcyzz0p-250t.jpg 444w,https://images-wixmp-ed30a86b8c4ca887773594c2.wixmp.com/intermediary/f/faa48d2d-12c2-43d1-bf23-b5e99857825b/dcyzz0p-652a9eb4-e401-4b55-b83d-cbc3cc6f0b5a.png/v1/fill/w_622,h_350,q_70,strp/magical_place_by_ellysiumn_dcyzz0p-350t.jpg 622w,https://images-wixmp-ed30a86b8c4ca887773594c2.wixmp.com/intermediary/f/faa48d2d-12c2-43d1-bf23-b5e99857825b/dcyzz0p-652a9eb4-e401-4b55-b83d-cbc3cc6f0b5a.png/v1/fill/w_711,h_400,q_70,strp/magical_place_by_ellysiumn_dcyzz0p-400t.jpg 711w,https://images-wixmp-ed30a86b8c4ca887773594c2.wixmp.com/intermediary/f/faa48d2d-12c2-43d1-bf23-b5e99857825b/dcyzz0p-652a9eb4-e401-4b55-b83d-cbc3cc6f0b5a.png/v1/fill/w_1192,h_670,q_70,strp/magical_place_by_ellysiumn_dcyzz0p-pre.jpg 1192w&quot; sizes=&quot;150px&quot;&gt;&lt;/a&gt;&lt;/span&gt;&lt;!-- ^TTT --&gt;&lt;!-- TTT$ --&gt;&lt;/span&gt;&amp;nbsp;&amp;nbsp;&lt;span class=&quot;shadow-holder&quot; data-embed-type=&quot;deviation&quot; data-embed-id=&quot;753560125&quot; data-embed-format=&quot;thumb&quot;&gt;&lt;span class=&quot;shadow mild&quot; &gt;&lt;a class=&quot;thumb hasprint&quot; href=&quot;https://www.deviantart.com/ellysiumn/art/In-my-own-world-753560125&quot; title=&quot;In my own world by Ellysiumn, Jul 9, 2018 in Customization &amp;gt; Wallpaper &amp;gt; HDTV &amp;amp; Widescreen&quot;data-super-img=&quot;https://images-wixmp-ed30a86b8c4ca887773594c2.wixmp.com/intermediary/f/faa48d2d-12c2-43d1-bf23-b5e99857825b/dcgnepp-6d67637c-bec2-488d-b18f-757b58e25d97.jpg/v1/fill/w_1024,h_576,q_70,strp/in_my_own_world_by_ellysiumn_dcgnepp-fullview.jpg&quot; data-super-width=&quot;1024&quot; data-super-height=&quot;576&quot; data-super-transparent=&quot;false&quot; data-super-alt=&quot;In my own world by Ellysiumn&quot; data-super-full-img=&quot;https://images-wixmp-ed30a86b8c4ca887773594c2.wixmp.com/intermediary/f/faa48d2d-12c2-43d1-bf23-b5e99857825b/dcgnepp-6d67637c-bec2-488d-b18f-757b58e25d97.jpg/v1/fill/w_1024,h_576,q_70,strp/in_my_own_world_by_ellysiumn_dcgnepp-fullview.jpg&quot; data-super-full-width=&quot;1024&quot; data-super-full-height=&quot;576&quot;        data-sigil=&quot;thumb&quot;&gt;
        &lt;i&gt;&lt;/i&gt;&lt;img   width=&quot;150&quot; height=&quot;84&quot; alt=&quot;In my own world by Ellysiumn&quot; src=&quot;https://images-wixmp-ed30a86b8c4ca887773594c2.wixmp.com/intermediary/f/faa48d2d-12c2-43d1-bf23-b5e99857825b/dcgnepp-6d67637c-bec2-488d-b18f-757b58e25d97.jpg/v1/fit/w_150,h_150,q_70,strp/in_my_own_world_by_ellysiumn_dcgnepp-150.jpg&quot; data-src=&quot;https://images-wixmp-ed30a86b8c4ca887773594c2.wixmp.com/intermediary/f/faa48d2d-12c2-43d1-bf23-b5e99857825b/dcgnepp-6d67637c-bec2-488d-b18f-757b58e25d97.jpg/v1/fit/w_150,h_150,q_70,strp/in_my_own_world_by_ellysiumn_dcgnepp-150.jpg&quot; srcset=&quot;https://images-wixmp-ed30a86b8c4ca887773594c2.wixmp.com/intermediary/f/faa48d2d-12c2-43d1-bf23-b5e99857825b/dcgnepp-6d67637c-bec2-488d-b18f-757b58e25d97.jpg/v1/fit/w_150,h_150,q_70,strp/in_my_own_world_by_ellysiumn_dcgnepp-150.jpg 150w,https://images-wixmp-ed30a86b8c4ca887773594c2.wixmp.com/intermediary/f/faa48d2d-12c2-43d1-bf23-b5e99857825b/dcgnepp-6d67637c-bec2-488d-b18f-757b58e25d97.jpg/v1/fill/w_444,h_250,q_70,strp/in_my_own_world_by_ellysiumn_dcgnepp-250t.jpg 444w,https://images-wixmp-ed30a86b8c4ca887773594c2.wixmp.com/intermediary/f/faa48d2d-12c2-43d1-bf23-b5e99857825b/dcgnepp-6d67637c-bec2-488d-b18f-757b58e25d97.jpg/v1/fill/w_622,h_350,q_70,strp/in_my_own_world_by_ellysiumn_dcgnepp-350t.jpg 622w,https://images-wixmp-ed30a86b8c4ca887773594c2.wixmp.com/intermediary/f/faa48d2d-12c2-43d1-bf23-b5e99857825b/dcgnepp-6d67637c-bec2-488d-b18f-757b58e25d97.jpg/v1/fill/w_711,h_400,q_70,strp/in_my_own_world_by_ellysiumn_dcgnepp-400t.jpg 711w,https://images-wixmp-ed30a86b8c4ca887773594c2.wixmp.com/intermediary/f/faa48d2d-12c2-43d1-bf23-b5e99857825b/dcgnepp-6d67637c-bec2-488d-b18f-757b58e25d97.jpg/v1/fill/w_1024,h_576,q_70,strp/in_my_own_world_by_ellysiumn_dcgnepp-fullview.jpg 1024w&quot; sizes=&quot;150px&quot;&gt;&lt;/a&gt;&lt;/span&gt;&lt;!-- ^TTT --&gt;&lt;!-- TTT$ --&gt;&lt;/span&gt;&amp;nbsp;&lt;span class=&quot;shadow-holder&quot; data-embed-type=&quot;deviation&quot; data-embed-id=&quot;742405744&quot; data-embed-format=&quot;thumb&quot;&gt;&lt;span class=&quot;shadow mild&quot; &gt;&lt;a class=&quot;thumb&quot; href=&quot;https://www.deviantart.com/ellysiumn/art/The-sun-girl-Daily-12-742405744&quot; title=&quot;The sun girl #Daily 12 by Ellysiumn, Apr 28, 2018 in Customization &amp;gt; Wallpaper &amp;gt; HDTV &amp;amp; Widescreen&quot;data-super-img=&quot;https://images-wixmp-ed30a86b8c4ca887773594c2.wixmp.com/intermediary/f/faa48d2d-12c2-43d1-bf23-b5e99857825b/dca0bxs-3a41d37f-df32-417a-881a-cd6395179de9.jpg/v1/fill/w_1024,h_576,q_70,strp/the_sun_girl__daily_12_by_ellysiumn_dca0bxs-fullview.jpg&quot; data-super-width=&quot;1024&quot; data-super-height=&quot;576&quot; data-super-transparent=&quot;false&quot; data-super-alt=&quot;The sun girl #Daily 12 by Ellysiumn&quot; data-super-full-img=&quot;https://images-wixmp-ed30a86b8c4ca887773594c2.wixmp.com/intermediary/f/faa48d2d-12c2-43d1-bf23-b5e99857825b/dca0bxs-3a41d37f-df32-417a-881a-cd6395179de9.jpg/v1/fill/w_1024,h_576,q_70,strp/the_sun_girl__daily_12_by_ellysiumn_dca0bxs-fullview.jpg&quot; data-super-full-width=&quot;1024&quot; data-super-full-height=&quot;576&quot;        data-sigil=&quot;thumb&quot;&gt;
        &lt;i&gt;&lt;/i&gt;&lt;img   width=&quot;150&quot; height=&quot;84&quot; alt=&quot;The sun girl #Daily 12 by Ellysiumn&quot; src=&quot;https://images-wixmp-ed30a86b8c4ca887773594c2.wixmp.com/intermediary/f/faa48d2d-12c2-43d1-bf23-b5e99857825b/dca0bxs-3a41d37f-df32-417a-881a-cd6395179de9.jpg/v1/fit/w_150,h_150,q_70,strp/the_sun_girl__daily_12_by_ellysiumn_dca0bxs-150.jpg&quot; data-src=&quot;https://images-wixmp-ed30a86b8c4ca887773594c2.wixmp.com/intermediary/f/faa48d2d-12c2-43d1-bf23-b5e99857825b/dca0bxs-3a41d37f-df32-417a-881a-cd6395179de9.jpg/v1/fit/w_150,h_150,q_70,strp/the_sun_girl__daily_12_by_ellysiumn_dca0bxs-150.jpg&quot; srcset=&quot;https://images-wixmp-ed30a86b8c4ca887773594c2.wixmp.com/intermediary/f/faa48d2d-12c2-43d1-bf23-b5e99857825b/dca0bxs-3a41d37f-df32-417a-881a-cd6395179de9.jpg/v1/fit/w_150,h_150,q_70,strp/the_sun_girl__daily_12_by_ellysiumn_dca0bxs-150.jpg 150w,https://images-wixmp-ed30a86b8c4ca887773594c2.wixmp.com/intermediary/f/faa48d2d-12c2-43d1-bf23-b5e99857825b/dca0bxs-3a41d37f-df32-417a-881a-cd6395179de9.jpg/v1/fill/w_444,h_250,q_70,strp/the_sun_girl__daily_12_by_ellysiumn_dca0bxs-250t.jpg 444w,https://images-wixmp-ed30a86b8c4ca887773594c2.wixmp.com/intermediary/f/faa48d2d-12c2-43d1-bf23-b5e99857825b/dca0bxs-3a41d37f-df32-417a-881a-cd6395179de9.jpg/v1/fill/w_622,h_350,q_70,strp/the_sun_girl__daily_12_by_ellysiumn_dca0bxs-350t.jpg 622w,https://images-wixmp-ed30a86b8c4ca887773594c2.wixmp.com/intermediary/f/faa48d2d-12c2-43d1-bf23-b5e99857825b/dca0bxs-3a41d37f-df32-417a-881a-cd6395179de9.jpg/v1/fill/w_711,h_400,q_70,strp/the_sun_girl__daily_12_by_ellysiumn_dca0bxs-400t.jpg 711w,https://images-wixmp-ed30a86b8c4ca887773594c2.wixmp.com/intermediary/f/faa48d2d-12c2-43d1-bf23-b5e99857825b/dca0bxs-3a41d37f-df32-417a-881a-cd6395179de9.jpg/v1/fill/w_1024,h_576,q_70,strp/the_sun_girl__daily_12_by_ellysiumn_dca0bxs-fullview.jpg 1024w&quot; sizes=&quot;150px&quot;&gt;&lt;/a&gt;&lt;/span&gt;&lt;!-- ^TTT --&gt;&lt;!-- TTT$ --&gt;&lt;/span&gt;&amp;nbsp;&lt;span class=&quot;shadow-holder&quot; data-embed-type=&quot;deviation&quot; data-embed-id=&quot;741809286&quot; data-embed-format=&quot;thumb&quot;&gt;&lt;span class=&quot;shadow mild&quot; &gt;&lt;a class=&quot;thumb&quot; href=&quot;https://www.deviantart.com/ellysiumn/art/Magical-lights-Daily-8-741809286&quot; title=&quot;Magical lights #Daily 8 by Ellysiumn, Apr 24, 2018 in Digital Art &amp;gt; Drawings &amp;amp; Paintings &amp;gt; Fantasy&quot;data-super-img=&quot;https://images-wixmp-ed30a86b8c4ca887773594c2.wixmp.com/intermediary/f/faa48d2d-12c2-43d1-bf23-b5e99857825b/dc9njpi-cd37863e-1b8b-4863-8584-bb8bb4f566c3.jpg/v1/fill/w_1024,h_511,q_70,strp/magical_lights__daily_8_by_ellysiumn_dc9njpi-fullview.jpg&quot; data-super-width=&quot;1024&quot; data-super-height=&quot;511&quot; data-super-transparent=&quot;false&quot; data-super-alt=&quot;Magical lights #Daily 8 by Ellysiumn&quot; data-super-full-img=&quot;https://images-wixmp-ed30a86b8c4ca887773594c2.wixmp.com/intermediary/f/faa48d2d-12c2-43d1-bf23-b5e99857825b/dc9njpi-cd37863e-1b8b-4863-8584-bb8bb4f566c3.jpg/v1/fill/w_1024,h_511,q_70,strp/magical_lights__daily_8_by_ellysiumn_dc9njpi-fullview.jpg&quot; data-super-full-width=&quot;1024&quot; data-super-full-height=&quot;511&quot;        data-sigil=&quot;thumb&quot;&gt;
        &lt;i&gt;&lt;/i&gt;&lt;img   width=&quot;150&quot; height=&quot;75&quot; alt=&quot;Magical lights #Daily 8 by Ellysiumn&quot; src=&quot;https://images-wixmp-ed30a86b8c4ca887773594c2.wixmp.com/intermediary/f/faa48d2d-12c2-43d1-bf23-b5e99857825b/dc9njpi-cd37863e-1b8b-4863-8584-bb8bb4f566c3.jpg/v1/fit/w_150,h_150,q_70,strp/magical_lights__daily_8_by_ellysiumn_dc9njpi-150.jpg&quot; data-src=&quot;https://images-wixmp-ed30a86b8c4ca887773594c2.wixmp.com/intermediary/f/faa48d2d-12c2-43d1-bf23-b5e99857825b/dc9njpi-cd37863e-1b8b-4863-8584-bb8bb4f566c3.jpg/v1/fit/w_150,h_150,q_70,strp/magical_lights__daily_8_by_ellysiumn_dc9njpi-150.jpg&quot; srcset=&quot;https://images-wixmp-ed30a86b8c4ca887773594c2.wixmp.com/intermediary/f/faa48d2d-12c2-43d1-bf23-b5e99857825b/dc9njpi-cd37863e-1b8b-4863-8584-bb8bb4f566c3.jpg/v1/fit/w_150,h_150,q_70,strp/magical_lights__daily_8_by_ellysiumn_dc9njpi-150.jpg 150w,https://images-wixmp-ed30a86b8c4ca887773594c2.wixmp.com/intermediary/f/faa48d2d-12c2-43d1-bf23-b5e99857825b/dc9njpi-cd37863e-1b8b-4863-8584-bb8bb4f566c3.jpg/v1/fill/w_500,h_249,q_70,strp/magical_lights__daily_8_by_ellysiumn_dc9njpi-250t.jpg 500w,https://images-wixmp-ed30a86b8c4ca887773594c2.wixmp.com/intermediary/f/faa48d2d-12c2-43d1-bf23-b5e99857825b/dc9njpi-cd37863e-1b8b-4863-8584-bb8bb4f566c3.jpg/v1/fill/w_700,h_349,q_70,strp/magical_lights__daily_8_by_ellysiumn_dc9njpi-350t.jpg 700w,https://images-wixmp-ed30a86b8c4ca887773594c2.wixmp.com/intermediary/f/faa48d2d-12c2-43d1-bf23-b5e99857825b/dc9njpi-cd37863e-1b8b-4863-8584-bb8bb4f566c3.jpg/v1/fill/w_800,h_398,q_70,strp/magical_lights__daily_8_by_ellysiumn_dc9njpi-400t.jpg 800w,https://images-wixmp-ed30a86b8c4ca887773594c2.wixmp.com/intermediary/f/faa48d2d-12c2-43d1-bf23-b5e99857825b/dc9njpi-cd37863e-1b8b-4863-8584-bb8bb4f566c3.jpg/v1/fill/w_1024,h_511,q_70,strp/magical_lights__daily_8_by_ellysiumn_dc9njpi-fullview.jpg 1024w&quot; sizes=&quot;150px&quot;&gt;&lt;/a&gt;&lt;/span&gt;&lt;!-- ^TTT --&gt;&lt;!-- TTT$ --&gt;&lt;/span&gt;&amp;nbsp;&lt;span class=&quot;shadow-holder&quot; data-embed-type=&quot;deviation&quot; data-embed-id=&quot;732810553&quot; data-embed-format=&quot;thumb&quot;&gt;&lt;span class=&quot;shadow mild&quot; &gt;&lt;a class=&quot;thumb hasprint&quot; href=&quot;https://www.deviantart.com/ellysiumn/art/Nightfall-732810553&quot; title=&quot;Nightfall by Ellysiumn, Mar 5, 2018 in Digital Art &amp;gt; Drawings &amp;amp; Paintings &amp;gt; Landscapes &amp;amp; Scenery&quot;data-super-img=&quot;https://images-wixmp-ed30a86b8c4ca887773594c2.wixmp.com/intermediary/f/faa48d2d-12c2-43d1-bf23-b5e99857825b/dc4ao8p-10bbcb69-daf3-41d8-b307-1533d8f56ef3.jpg/v1/fill/w_900,h_472,q_70,strp/nightfall_by_ellysiumn_dc4ao8p-fullview.jpg&quot; data-super-width=&quot;900&quot; data-super-height=&quot;472&quot; data-super-transparent=&quot;false&quot; data-super-alt=&quot;Nightfall by Ellysiumn&quot; data-super-full-img=&quot;https://images-wixmp-ed30a86b8c4ca887773594c2.wixmp.com/intermediary/f/faa48d2d-12c2-43d1-bf23-b5e99857825b/dc4ao8p-10bbcb69-daf3-41d8-b307-1533d8f56ef3.jpg/v1/fill/w_900,h_472,q_70,strp/nightfall_by_ellysiumn_dc4ao8p-fullview.jpg&quot; data-super-full-width=&quot;900&quot; data-super-full-height=&quot;472&quot;        data-sigil=&quot;thumb&quot;&gt;
        &lt;i&gt;&lt;/i&gt;&lt;img   width=&quot;150&quot; height=&quot;79&quot; alt=&quot;Nightfall by Ellysiumn&quot; src=&quot;https://images-wixmp-ed30a86b8c4ca887773594c2.wixmp.com/intermediary/f/faa48d2d-12c2-43d1-bf23-b5e99857825b/dc4ao8p-10bbcb69-daf3-41d8-b307-1533d8f56ef3.jpg/v1/fit/w_150,h_150,q_70,strp/nightfall_by_ellysiumn_dc4ao8p-150.jpg&quot; data-src=&quot;https://images-wixmp-ed30a86b8c4ca887773594c2.wixmp.com/intermediary/f/faa48d2d-12c2-43d1-bf23-b5e99857825b/dc4ao8p-10bbcb69-daf3-41d8-b307-1533d8f56ef3.jpg/v1/fit/w_150,h_150,q_70,strp/nightfall_by_ellysiumn_dc4ao8p-150.jpg&quot; srcset=&quot;https://images-wixmp-ed30a86b8c4ca887773594c2.wixmp.com/intermediary/f/faa48d2d-12c2-43d1-bf23-b5e99857825b/dc4ao8p-10bbcb69-daf3-41d8-b307-1533d8f56ef3.jpg/v1/fit/w_150,h_150,q_70,strp/nightfall_by_ellysiumn_dc4ao8p-150.jpg 150w,https://images-wixmp-ed30a86b8c4ca887773594c2.wixmp.com/intermediary/f/faa48d2d-12c2-43d1-bf23-b5e99857825b/dc4ao8p-10bbcb69-daf3-41d8-b307-1533d8f56ef3.jpg/v1/fill/w_477,h_250,q_70,strp/nightfall_by_ellysiumn_dc4ao8p-250t.jpg 477w,https://images-wixmp-ed30a86b8c4ca887773594c2.wixmp.com/intermediary/f/faa48d2d-12c2-43d1-bf23-b5e99857825b/dc4ao8p-10bbcb69-daf3-41d8-b307-1533d8f56ef3.jpg/v1/fill/w_668,h_350,q_70,strp/nightfall_by_ellysiumn_dc4ao8p-350t.jpg 667w,https://images-wixmp-ed30a86b8c4ca887773594c2.wixmp.com/intermediary/f/faa48d2d-12c2-43d1-bf23-b5e99857825b/dc4ao8p-10bbcb69-daf3-41d8-b307-1533d8f56ef3.jpg/v1/fill/w_763,h_400,q_70,strp/nightfall_by_ellysiumn_dc4ao8p-400t.jpg 763w,https://images-wixmp-ed30a86b8c4ca887773594c2.wixmp.com/intermediary/f/faa48d2d-12c2-43d1-bf23-b5e99857825b/dc4ao8p-10bbcb69-daf3-41d8-b307-1533d8f56ef3.jpg/v1/fill/w_900,h_472,q_70,strp/nightfall_by_ellysiumn_dc4ao8p-fullview.jpg 900w&quot; sizes=&quot;150px&quot;&gt;&lt;/a&gt;&lt;/span&gt;&lt;!-- ^TTT --&gt;&lt;!-- TTT$ --&gt;&lt;/span&gt;&amp;nbsp;and more in my gallery.&lt;/div&gt;</media:description>            <media:thumbnail url="https://t00.deviantart.net/YmBrIMBiLAYigPCKJ53AGUoT8IU=/fit-in/150x150/filters:no_upscale():origin()/pre00/762b/th/pre/i/2019/049/6/8/fresh_breeze_by_ellysiumn-dd00ah4.png" height="84" width="150"/>            <media:thumbnail url="https://t00.deviantart.net/aeL63YpGtXb0xVUyMt3oKZz69CA=/fit-in/300x900/filters:no_upscale():origin()/pre00/762b/th/pre/i/2019/049/6/8/fresh_breeze_by_ellysiumn-dd00ah4.png" height="169" width="300"/>            <media:thumbnail url="https://t00.deviantart.net/Uou4VYSIWjsjnTnUw7U3G7fR84c=/300x200/filters:fixed_height(100,100):origin()/pre00/762b/th/pre/i/2019/049/6/8/fresh_breeze_by_ellysiumn-dd00ah4.png" height="169" width="300"/>            <media:content url="https://img00.deviantart.net/c000/i/2019/049/6/8/fresh_breeze_by_ellysiumn-dd00ah4.png" height="576" width="1024" medium="image"/>            
            <description>Premium 4k wallpaper for personal use only.&lt;br /&gt;Anime style (i love create works in this style!!)&lt;br /&gt;&lt;br /&gt;&lt;br /&gt;&lt;div align=&quot;left&quot;&gt;Copyright &amp;#169; by Gene Raz von Edler aka Ellysiumn. All rights reserved.&amp;nbsp;&lt;/div&gt;&lt;div align=&quot;left&quot;&gt;My artwork may not be reproduced, copied, edited, published or uploaded in any&amp;nbsp;&lt;/div&gt;&lt;div align=&quot;left&quot;&gt;way without my written permission.&lt;br /&gt;&lt;br /&gt;&lt;br /&gt;Everything is painted and my own resources. I used reference for paint the girl.&lt;/div&gt;&lt;div&gt;Tools: PS CC 2018, PaintStorm Studio and Wacom Intuos Pro L.&lt;br /&gt;&lt;br /&gt;&lt;br /&gt;&lt;a class=&quot;external&quot; href=&quot;https://www.deviantart.com/users/outgoing?https://www.instagram.com/ellysiumnarts/&quot;&gt;Instagram&lt;/a&gt;&lt;br /&gt;&lt;a class=&quot;external&quot; href=&quot;https://www.deviantart.com/users/outgoing?https://twitter.com/Ellysiumn&quot;&gt;Twitter&lt;/a&gt;&lt;br /&gt;&lt;a class=&quot;external&quot; href=&quot;https://www.deviantart.com/users/outgoing?https://www.artstation.com/genesisrazvonedler&quot;&gt;ArtStation&lt;/a&gt;&lt;br /&gt;&lt;br /&gt;Other works in this style&amp;nbsp;&amp;nbsp;&lt;span class=&quot;shadow-holder&quot; data-embed-type=&quot;deviation&quot; data-embed-id=&quot;784379401&quot; data-embed-format=&quot;thumb&quot;&gt;&lt;span class=&quot;shadow mild&quot; &gt;&lt;a class=&quot;thumb hasprint&quot; href=&quot;https://www.deviantart.com/ellysiumn/art/Magical-place-784379401&quot; title=&quot;Magical place by Ellysiumn, Feb 7, 2019 in Customization &amp;gt; Wallpaper &amp;gt; HDTV &amp;amp; Widescreen&quot;data-super-img=&quot;https://images-wixmp-ed30a86b8c4ca887773594c2.wixmp.com/intermediary/f/faa48d2d-12c2-43d1-bf23-b5e99857825b/dcyzz0p-652a9eb4-e401-4b55-b83d-cbc3cc6f0b5a.png/v1/fill/w_1192,h_670,q_70,strp/magical_place_by_ellysiumn_dcyzz0p-pre.jpg&quot; data-super-width=&quot;1192&quot; data-super-height=&quot;670&quot; data-super-transparent=&quot;false&quot; data-super-alt=&quot;Magical place by Ellysiumn&quot; data-super-full-img=&quot;https://images-wixmp-ed30a86b8c4ca887773594c2.wixmp.com/intermediary/f/faa48d2d-12c2-43d1-bf23-b5e99857825b/dcyzz0p-652a9eb4-e401-4b55-b83d-cbc3cc6f0b5a.png/v1/fill/w_1280,h_720,q_80,strp/magical_place_by_ellysiumn_dcyzz0p-fullview.jpg&quot; data-super-full-width=&quot;1280&quot; data-super-full-height=&quot;720&quot;        data-sigil=&quot;thumb&quot;&gt;
        &lt;i&gt;&lt;/i&gt;&lt;img   width=&quot;150&quot; height=&quot;84&quot; alt=&quot;Magical place by Ellysiumn&quot; src=&quot;https://images-wixmp-ed30a86b8c4ca887773594c2.wixmp.com/intermediary/f/faa48d2d-12c2-43d1-bf23-b5e99857825b/dcyzz0p-652a9eb4-e401-4b55-b83d-cbc3cc6f0b5a.png/v1/fit/w_150,h_150,q_70,strp/magical_place_by_ellysiumn_dcyzz0p-150.jpg&quot; data-src=&quot;https://images-wixmp-ed30a86b8c4ca887773594c2.wixmp.com/intermediary/f/faa48d2d-12c2-43d1-bf23-b5e99857825b/dcyzz0p-652a9eb4-e401-4b55-b83d-cbc3cc6f0b5a.png/v1/fit/w_150,h_150,q_70,strp/magical_place_by_ellysiumn_dcyzz0p-150.jpg&quot; srcset=&quot;https://images-wixmp-ed30a86b8c4ca887773594c2.wixmp.com/intermediary/f/faa48d2d-12c2-43d1-bf23-b5e99857825b/dcyzz0p-652a9eb4-e401-4b55-b83d-cbc3cc6f0b5a.png/v1/fit/w_150,h_150,q_70,strp/magical_place_by_ellysiumn_dcyzz0p-150.jpg 150w,https://images-wixmp-ed30a86b8c4ca887773594c2.wixmp.com/intermediary/f/faa48d2d-12c2-43d1-bf23-b5e99857825b/dcyzz0p-652a9eb4-e401-4b55-b83d-cbc3cc6f0b5a.png/v1/fill/w_444,h_250,q_70,strp/magical_place_by_ellysiumn_dcyzz0p-250t.jpg 444w,https://images-wixmp-ed30a86b8c4ca887773594c2.wixmp.com/intermediary/f/faa48d2d-12c2-43d1-bf23-b5e99857825b/dcyzz0p-652a9eb4-e401-4b55-b83d-cbc3cc6f0b5a.png/v1/fill/w_622,h_350,q_70,strp/magical_place_by_ellysiumn_dcyzz0p-350t.jpg 622w,https://images-wixmp-ed30a86b8c4ca887773594c2.wixmp.com/intermediary/f/faa48d2d-12c2-43d1-bf23-b5e99857825b/dcyzz0p-652a9eb4-e401-4b55-b83d-cbc3cc6f0b5a.png/v1/fill/w_711,h_400,q_70,strp/magical_place_by_ellysiumn_dcyzz0p-400t.jpg 711w,https://images-wixmp-ed30a86b8c4ca887773594c2.wixmp.com/intermediary/f/faa48d2d-12c2-43d1-bf23-b5e99857825b/dcyzz0p-652a9eb4-e401-4b55-b83d-cbc3cc6f0b5a.png/v1/fill/w_1192,h_670,q_70,strp/magical_place_by_ellysiumn_dcyzz0p-pre.jpg 1192w&quot; sizes=&quot;150px&quot;&gt;&lt;/a&gt;&lt;/span&gt;&lt;!-- ^TTT --&gt;&lt;!-- TTT$ --&gt;&lt;/span&gt;&amp;nbsp;&amp;nbsp;&lt;span class=&quot;shadow-holder&quot; data-embed-type=&quot;deviation&quot; data-embed-id=&quot;753560125&quot; data-embed-format=&quot;thumb&quot;&gt;&lt;span class=&quot;shadow mild&quot; &gt;&lt;a class=&quot;thumb hasprint&quot; href=&quot;https://www.deviantart.com/ellysiumn/art/In-my-own-world-753560125&quot; title=&quot;In my own world by Ellysiumn, Jul 9, 2018 in Customization &amp;gt; Wallpaper &amp;gt; HDTV &amp;amp; Widescreen&quot;data-super-img=&quot;https://images-wixmp-ed30a86b8c4ca887773594c2.wixmp.com/intermediary/f/faa48d2d-12c2-43d1-bf23-b5e99857825b/dcgnepp-6d67637c-bec2-488d-b18f-757b58e25d97.jpg/v1/fill/w_1024,h_576,q_70,strp/in_my_own_world_by_ellysiumn_dcgnepp-fullview.jpg&quot; data-super-width=&quot;1024&quot; data-super-height=&quot;576&quot; data-super-transparent=&quot;false&quot; data-super-alt=&quot;In my own world by Ellysiumn&quot; data-super-full-img=&quot;https://images-wixmp-ed30a86b8c4ca887773594c2.wixmp.com/intermediary/f/faa48d2d-12c2-43d1-bf23-b5e99857825b/dcgnepp-6d67637c-bec2-488d-b18f-757b58e25d97.jpg/v1/fill/w_1024,h_576,q_70,strp/in_my_own_world_by_ellysiumn_dcgnepp-fullview.jpg&quot; data-super-full-width=&quot;1024&quot; data-super-full-height=&quot;576&quot;        data-sigil=&quot;thumb&quot;&gt;
        &lt;i&gt;&lt;/i&gt;&lt;img   width=&quot;150&quot; height=&quot;84&quot; alt=&quot;In my own world by Ellysiumn&quot; src=&quot;https://images-wixmp-ed30a86b8c4ca887773594c2.wixmp.com/intermediary/f/faa48d2d-12c2-43d1-bf23-b5e99857825b/dcgnepp-6d67637c-bec2-488d-b18f-757b58e25d97.jpg/v1/fit/w_150,h_150,q_70,strp/in_my_own_world_by_ellysiumn_dcgnepp-150.jpg&quot; data-src=&quot;https://images-wixmp-ed30a86b8c4ca887773594c2.wixmp.com/intermediary/f/faa48d2d-12c2-43d1-bf23-b5e99857825b/dcgnepp-6d67637c-bec2-488d-b18f-757b58e25d97.jpg/v1/fit/w_150,h_150,q_70,strp/in_my_own_world_by_ellysiumn_dcgnepp-150.jpg&quot; srcset=&quot;https://images-wixmp-ed30a86b8c4ca887773594c2.wixmp.com/intermediary/f/faa48d2d-12c2-43d1-bf23-b5e99857825b/dcgnepp-6d67637c-bec2-488d-b18f-757b58e25d97.jpg/v1/fit/w_150,h_150,q_70,strp/in_my_own_world_by_ellysiumn_dcgnepp-150.jpg 150w,https://images-wixmp-ed30a86b8c4ca887773594c2.wixmp.com/intermediary/f/faa48d2d-12c2-43d1-bf23-b5e99857825b/dcgnepp-6d67637c-bec2-488d-b18f-757b58e25d97.jpg/v1/fill/w_444,h_250,q_70,strp/in_my_own_world_by_ellysiumn_dcgnepp-250t.jpg 444w,https://images-wixmp-ed30a86b8c4ca887773594c2.wixmp.com/intermediary/f/faa48d2d-12c2-43d1-bf23-b5e99857825b/dcgnepp-6d67637c-bec2-488d-b18f-757b58e25d97.jpg/v1/fill/w_622,h_350,q_70,strp/in_my_own_world_by_ellysiumn_dcgnepp-350t.jpg 622w,https://images-wixmp-ed30a86b8c4ca887773594c2.wixmp.com/intermediary/f/faa48d2d-12c2-43d1-bf23-b5e99857825b/dcgnepp-6d67637c-bec2-488d-b18f-757b58e25d97.jpg/v1/fill/w_711,h_400,q_70,strp/in_my_own_world_by_ellysiumn_dcgnepp-400t.jpg 711w,https://images-wixmp-ed30a86b8c4ca887773594c2.wixmp.com/intermediary/f/faa48d2d-12c2-43d1-bf23-b5e99857825b/dcgnepp-6d67637c-bec2-488d-b18f-757b58e25d97.jpg/v1/fill/w_1024,h_576,q_70,strp/in_my_own_world_by_ellysiumn_dcgnepp-fullview.jpg 1024w&quot; sizes=&quot;150px&quot;&gt;&lt;/a&gt;&lt;/span&gt;&lt;!-- ^TTT --&gt;&lt;!-- TTT$ --&gt;&lt;/span&gt;&amp;nbsp;&lt;span class=&quot;shadow-holder&quot; data-embed-type=&quot;deviation&quot; data-embed-id=&quot;742405744&quot; data-embed-format=&quot;thumb&quot;&gt;&lt;span class=&quot;shadow mild&quot; &gt;&lt;a class=&quot;thumb&quot; href=&quot;https://www.deviantart.com/ellysiumn/art/The-sun-girl-Daily-12-742405744&quot; title=&quot;The sun girl #Daily 12 by Ellysiumn, Apr 28, 2018 in Customization &amp;gt; Wallpaper &amp;gt; HDTV &amp;amp; Widescreen&quot;data-super-img=&quot;https://images-wixmp-ed30a86b8c4ca887773594c2.wixmp.com/intermediary/f/faa48d2d-12c2-43d1-bf23-b5e99857825b/dca0bxs-3a41d37f-df32-417a-881a-cd6395179de9.jpg/v1/fill/w_1024,h_576,q_70,strp/the_sun_girl__daily_12_by_ellysiumn_dca0bxs-fullview.jpg&quot; data-super-width=&quot;1024&quot; data-super-height=&quot;576&quot; data-super-transparent=&quot;false&quot; data-super-alt=&quot;The sun girl #Daily 12 by Ellysiumn&quot; data-super-full-img=&quot;https://images-wixmp-ed30a86b8c4ca887773594c2.wixmp.com/intermediary/f/faa48d2d-12c2-43d1-bf23-b5e99857825b/dca0bxs-3a41d37f-df32-417a-881a-cd6395179de9.jpg/v1/fill/w_1024,h_576,q_70,strp/the_sun_girl__daily_12_by_ellysiumn_dca0bxs-fullview.jpg&quot; data-super-full-width=&quot;1024&quot; data-super-full-height=&quot;576&quot;        data-sigil=&quot;thumb&quot;&gt;
        &lt;i&gt;&lt;/i&gt;&lt;img   width=&quot;150&quot; height=&quot;84&quot; alt=&quot;The sun girl #Daily 12 by Ellysiumn&quot; src=&quot;https://images-wixmp-ed30a86b8c4ca887773594c2.wixmp.com/intermediary/f/faa48d2d-12c2-43d1-bf23-b5e99857825b/dca0bxs-3a41d37f-df32-417a-881a-cd6395179de9.jpg/v1/fit/w_150,h_150,q_70,strp/the_sun_girl__daily_12_by_ellysiumn_dca0bxs-150.jpg&quot; data-src=&quot;https://images-wixmp-ed30a86b8c4ca887773594c2.wixmp.com/intermediary/f/faa48d2d-12c2-43d1-bf23-b5e99857825b/dca0bxs-3a41d37f-df32-417a-881a-cd6395179de9.jpg/v1/fit/w_150,h_150,q_70,strp/the_sun_girl__daily_12_by_ellysiumn_dca0bxs-150.jpg&quot; srcset=&quot;https://images-wixmp-ed30a86b8c4ca887773594c2.wixmp.com/intermediary/f/faa48d2d-12c2-43d1-bf23-b5e99857825b/dca0bxs-3a41d37f-df32-417a-881a-cd6395179de9.jpg/v1/fit/w_150,h_150,q_70,strp/the_sun_girl__daily_12_by_ellysiumn_dca0bxs-150.jpg 150w,https://images-wixmp-ed30a86b8c4ca887773594c2.wixmp.com/intermediary/f/faa48d2d-12c2-43d1-bf23-b5e99857825b/dca0bxs-3a41d37f-df32-417a-881a-cd6395179de9.jpg/v1/fill/w_444,h_250,q_70,strp/the_sun_girl__daily_12_by_ellysiumn_dca0bxs-250t.jpg 444w,https://images-wixmp-ed30a86b8c4ca887773594c2.wixmp.com/intermediary/f/faa48d2d-12c2-43d1-bf23-b5e99857825b/dca0bxs-3a41d37f-df32-417a-881a-cd6395179de9.jpg/v1/fill/w_622,h_350,q_70,strp/the_sun_girl__daily_12_by_ellysiumn_dca0bxs-350t.jpg 622w,https://images-wixmp-ed30a86b8c4ca887773594c2.wixmp.com/intermediary/f/faa48d2d-12c2-43d1-bf23-b5e99857825b/dca0bxs-3a41d37f-df32-417a-881a-cd6395179de9.jpg/v1/fill/w_711,h_400,q_70,strp/the_sun_girl__daily_12_by_ellysiumn_dca0bxs-400t.jpg 711w,https://images-wixmp-ed30a86b8c4ca887773594c2.wixmp.com/intermediary/f/faa48d2d-12c2-43d1-bf23-b5e99857825b/dca0bxs-3a41d37f-df32-417a-881a-cd6395179de9.jpg/v1/fill/w_1024,h_576,q_70,strp/the_sun_girl__daily_12_by_ellysiumn_dca0bxs-fullview.jpg 1024w&quot; sizes=&quot;150px&quot;&gt;&lt;/a&gt;&lt;/span&gt;&lt;!-- ^TTT --&gt;&lt;!-- TTT$ --&gt;&lt;/span&gt;&amp;nbsp;&lt;span class=&quot;shadow-holder&quot; data-embed-type=&quot;deviation&quot; data-embed-id=&quot;741809286&quot; data-embed-format=&quot;thumb&quot;&gt;&lt;span class=&quot;shadow mild&quot; &gt;&lt;a class=&quot;thumb&quot; href=&quot;https://www.deviantart.com/ellysiumn/art/Magical-lights-Daily-8-741809286&quot; title=&quot;Magical lights #Daily 8 by Ellysiumn, Apr 24, 2018 in Digital Art &amp;gt; Drawings &amp;amp; Paintings &amp;gt; Fantasy&quot;data-super-img=&quot;https://images-wixmp-ed30a86b8c4ca887773594c2.wixmp.com/intermediary/f/faa48d2d-12c2-43d1-bf23-b5e99857825b/dc9njpi-cd37863e-1b8b-4863-8584-bb8bb4f566c3.jpg/v1/fill/w_1024,h_511,q_70,strp/magical_lights__daily_8_by_ellysiumn_dc9njpi-fullview.jpg&quot; data-super-width=&quot;1024&quot; data-super-height=&quot;511&quot; data-super-transparent=&quot;false&quot; data-super-alt=&quot;Magical lights #Daily 8 by Ellysiumn&quot; data-super-full-img=&quot;https://images-wixmp-ed30a86b8c4ca887773594c2.wixmp.com/intermediary/f/faa48d2d-12c2-43d1-bf23-b5e99857825b/dc9njpi-cd37863e-1b8b-4863-8584-bb8bb4f566c3.jpg/v1/fill/w_1024,h_511,q_70,strp/magical_lights__daily_8_by_ellysiumn_dc9njpi-fullview.jpg&quot; data-super-full-width=&quot;1024&quot; data-super-full-height=&quot;511&quot;        data-sigil=&quot;thumb&quot;&gt;
        &lt;i&gt;&lt;/i&gt;&lt;img   width=&quot;150&quot; height=&quot;75&quot; alt=&quot;Magical lights #Daily 8 by Ellysiumn&quot; src=&quot;https://images-wixmp-ed30a86b8c4ca887773594c2.wixmp.com/intermediary/f/faa48d2d-12c2-43d1-bf23-b5e99857825b/dc9njpi-cd37863e-1b8b-4863-8584-bb8bb4f566c3.jpg/v1/fit/w_150,h_150,q_70,strp/magical_lights__daily_8_by_ellysiumn_dc9njpi-150.jpg&quot; data-src=&quot;https://images-wixmp-ed30a86b8c4ca887773594c2.wixmp.com/intermediary/f/faa48d2d-12c2-43d1-bf23-b5e99857825b/dc9njpi-cd37863e-1b8b-4863-8584-bb8bb4f566c3.jpg/v1/fit/w_150,h_150,q_70,strp/magical_lights__daily_8_by_ellysiumn_dc9njpi-150.jpg&quot; srcset=&quot;https://images-wixmp-ed30a86b8c4ca887773594c2.wixmp.com/intermediary/f/faa48d2d-12c2-43d1-bf23-b5e99857825b/dc9njpi-cd37863e-1b8b-4863-8584-bb8bb4f566c3.jpg/v1/fit/w_150,h_150,q_70,strp/magical_lights__daily_8_by_ellysiumn_dc9njpi-150.jpg 150w,https://images-wixmp-ed30a86b8c4ca887773594c2.wixmp.com/intermediary/f/faa48d2d-12c2-43d1-bf23-b5e99857825b/dc9njpi-cd37863e-1b8b-4863-8584-bb8bb4f566c3.jpg/v1/fill/w_500,h_249,q_70,strp/magical_lights__daily_8_by_ellysiumn_dc9njpi-250t.jpg 500w,https://images-wixmp-ed30a86b8c4ca887773594c2.wixmp.com/intermediary/f/faa48d2d-12c2-43d1-bf23-b5e99857825b/dc9njpi-cd37863e-1b8b-4863-8584-bb8bb4f566c3.jpg/v1/fill/w_700,h_349,q_70,strp/magical_lights__daily_8_by_ellysiumn_dc9njpi-350t.jpg 700w,https://images-wixmp-ed30a86b8c4ca887773594c2.wixmp.com/intermediary/f/faa48d2d-12c2-43d1-bf23-b5e99857825b/dc9njpi-cd37863e-1b8b-4863-8584-bb8bb4f566c3.jpg/v1/fill/w_800,h_398,q_70,strp/magical_lights__daily_8_by_ellysiumn_dc9njpi-400t.jpg 800w,https://images-wixmp-ed30a86b8c4ca887773594c2.wixmp.com/intermediary/f/faa48d2d-12c2-43d1-bf23-b5e99857825b/dc9njpi-cd37863e-1b8b-4863-8584-bb8bb4f566c3.jpg/v1/fill/w_1024,h_511,q_70,strp/magical_lights__daily_8_by_ellysiumn_dc9njpi-fullview.jpg 1024w&quot; sizes=&quot;150px&quot;&gt;&lt;/a&gt;&lt;/span&gt;&lt;!-- ^TTT --&gt;&lt;!-- TTT$ --&gt;&lt;/span&gt;&amp;nbsp;&lt;span class=&quot;shadow-holder&quot; data-embed-type=&quot;deviation&quot; data-embed-id=&quot;732810553&quot; data-embed-format=&quot;thumb&quot;&gt;&lt;span class=&quot;shadow mild&quot; &gt;&lt;a class=&quot;thumb hasprint&quot; href=&quot;https://www.deviantart.com/ellysiumn/art/Nightfall-732810553&quot; title=&quot;Nightfall by Ellysiumn, Mar 5, 2018 in Digital Art &amp;gt; Drawings &amp;amp; Paintings &amp;gt; Landscapes &amp;amp; Scenery&quot;data-super-img=&quot;https://images-wixmp-ed30a86b8c4ca887773594c2.wixmp.com/intermediary/f/faa48d2d-12c2-43d1-bf23-b5e99857825b/dc4ao8p-10bbcb69-daf3-41d8-b307-1533d8f56ef3.jpg/v1/fill/w_900,h_472,q_70,strp/nightfall_by_ellysiumn_dc4ao8p-fullview.jpg&quot; data-super-width=&quot;900&quot; data-super-height=&quot;472&quot; data-super-transparent=&quot;false&quot; data-super-alt=&quot;Nightfall by Ellysiumn&quot; data-super-full-img=&quot;https://images-wixmp-ed30a86b8c4ca887773594c2.wixmp.com/intermediary/f/faa48d2d-12c2-43d1-bf23-b5e99857825b/dc4ao8p-10bbcb69-daf3-41d8-b307-1533d8f56ef3.jpg/v1/fill/w_900,h_472,q_70,strp/nightfall_by_ellysiumn_dc4ao8p-fullview.jpg&quot; data-super-full-width=&quot;900&quot; data-super-full-height=&quot;472&quot;        data-sigil=&quot;thumb&quot;&gt;
        &lt;i&gt;&lt;/i&gt;&lt;img   width=&quot;150&quot; height=&quot;79&quot; alt=&quot;Nightfall by Ellysiumn&quot; src=&quot;https://images-wixmp-ed30a86b8c4ca887773594c2.wixmp.com/intermediary/f/faa48d2d-12c2-43d1-bf23-b5e99857825b/dc4ao8p-10bbcb69-daf3-41d8-b307-1533d8f56ef3.jpg/v1/fit/w_150,h_150,q_70,strp/nightfall_by_ellysiumn_dc4ao8p-150.jpg&quot; data-src=&quot;https://images-wixmp-ed30a86b8c4ca887773594c2.wixmp.com/intermediary/f/faa48d2d-12c2-43d1-bf23-b5e99857825b/dc4ao8p-10bbcb69-daf3-41d8-b307-1533d8f56ef3.jpg/v1/fit/w_150,h_150,q_70,strp/nightfall_by_ellysiumn_dc4ao8p-150.jpg&quot; srcset=&quot;https://images-wixmp-ed30a86b8c4ca887773594c2.wixmp.com/intermediary/f/faa48d2d-12c2-43d1-bf23-b5e99857825b/dc4ao8p-10bbcb69-daf3-41d8-b307-1533d8f56ef3.jpg/v1/fit/w_150,h_150,q_70,strp/nightfall_by_ellysiumn_dc4ao8p-150.jpg 150w,https://images-wixmp-ed30a86b8c4ca887773594c2.wixmp.com/intermediary/f/faa48d2d-12c2-43d1-bf23-b5e99857825b/dc4ao8p-10bbcb69-daf3-41d8-b307-1533d8f56ef3.jpg/v1/fill/w_477,h_250,q_70,strp/nightfall_by_ellysiumn_dc4ao8p-250t.jpg 477w,https://images-wixmp-ed30a86b8c4ca887773594c2.wixmp.com/intermediary/f/faa48d2d-12c2-43d1-bf23-b5e99857825b/dc4ao8p-10bbcb69-daf3-41d8-b307-1533d8f56ef3.jpg/v1/fill/w_668,h_350,q_70,strp/nightfall_by_ellysiumn_dc4ao8p-350t.jpg 667w,https://images-wixmp-ed30a86b8c4ca887773594c2.wixmp.com/intermediary/f/faa48d2d-12c2-43d1-bf23-b5e99857825b/dc4ao8p-10bbcb69-daf3-41d8-b307-1533d8f56ef3.jpg/v1/fill/w_763,h_400,q_70,strp/nightfall_by_ellysiumn_dc4ao8p-400t.jpg 763w,https://images-wixmp-ed30a86b8c4ca887773594c2.wixmp.com/intermediary/f/faa48d2d-12c2-43d1-bf23-b5e99857825b/dc4ao8p-10bbcb69-daf3-41d8-b307-1533d8f56ef3.jpg/v1/fill/w_900,h_472,q_70,strp/nightfall_by_ellysiumn_dc4ao8p-fullview.jpg 900w&quot; sizes=&quot;150px&quot;&gt;&lt;/a&gt;&lt;/span&gt;&lt;!-- ^TTT --&gt;&lt;!-- TTT$ --&gt;&lt;/span&gt;&amp;nbsp;and more in my gallery.&lt;/div&gt;&lt;br /&gt;&lt;div&gt;&lt;img src=&quot;https://t00.deviantart.net/Uou4VYSIWjsjnTnUw7U3G7fR84c=/300x200/filters:fixed_height(100,100):origin()/pre00/762b/th/pre/i/2019/049/6/8/fresh_breeze_by_ellysiumn-dd00ah4.png&quot; alt=&quot;thumbnail&quot; /&gt;&lt;/div&gt;</description>            </item>
                    <item>
                <title>Where have Yellow-breasted Bunting gone?</title>
                <link>https://hontor.deviantart.com/art/Where-have-Yellow-breasted-Bunting-gone-786236277</link>
                <guid isPermaLink="true">https://hontor.deviantart.com/art/Where-have-Yellow-breasted-Bunting-gone-786236277</guid>
                <pubDate>Mon, 18 Feb 2019 14:55:31 PST</pubDate>
                        <media:title type="plain">Where have Yellow-breasted Bunting gone?</media:title>
        <media:keywords></media:keywords>
                        <media:rating>nonadult</media:rating>
                <media:category label="Animals">digitalart/paintings/animals</media:category>
        <media:credit role="author" scheme="urn:ebu">hontor</media:credit>
        <media:credit role="author" scheme="urn:ebu">https://a.deviantart.net/avatars/h/o/hontor.png?8</media:credit>
        <media:copyright url="https://hontor.deviantart.com">Copyright 2019 hontor</media:copyright>            <media:description type="html">&lt;p&gt;The project is aimed at studying and conservation of Yellow-breasted Bunting, a small beautiful bird of the Emberizidae family, whose nesting area has catastrophically decreased over the past 30 years.&lt;/p&gt;&lt;p&gt;&lt;span&gt;Being the one of the most wide spread bird species Yellow-breasted Bunting has drastically decreased in numbers and breeding range, disappeared from various Western breeding grounds.&lt;/span&gt;&lt;span&gt;&amp;nbsp;&lt;/span&gt;&lt;/p&gt;&lt;p&gt;We are the team of researchers from Baikalsky State Nature Biosphere Reserve, Research Institute of Biology at Irkutsk State University and University of M&amp;#252;nster want to study the current situation.&lt;span&gt;&amp;nbsp;&lt;/span&gt;&lt;/p&gt;&lt;p&gt;Scientists assume that one of the main reasons of the Yellow-breasted Bunting population declining are the degradation of habitats and the direct prey of the species by humans in the migration stopovers and wintering grounds. Therefore, one of the priorities is the finding out places where Yellow-breasted Buntings are concentrating during migration and wintering. For these purposes, one of best methods is to put geolocators on birds - light sensors, which allow locating the birds by the length of the day. To obtain information from the sensor, the bird must be recaptured, therefore, individuals who have already occupied the nesting area are caught for research. This is due to the fact that Yellow-breasted Buntings have high breeding-site&amp;nbsp;fidelity (the bird returns to the same nesting area from year to year). So we will be able to re-catch it after a year in the same place in order to remove the geolocator. This technique had been used in studying migration of similar species &amp;#8211; Ortolan Bunting.&lt;br /&gt;&lt;br /&gt;I drew it to help the project. You can learn more and support this project here: &lt;a class=&quot;external&quot; href=&quot;https://www.deviantart.com/users/outgoing?https://planeta.ru/campaigns/100599&quot;&gt;planeta.ru/campaigns/100599&lt;/a&gt;&lt;br /&gt;&lt;/p&gt;</media:description>            <media:thumbnail url="https://t00.deviantart.net/_JRd0HzuKNM3W0NzMPqwbsAlJx8=/fit-in/150x150/filters:no_upscale():origin()/pre00/0f3b/th/pre/i/2019/049/f/2/where_have_yellow_breasted_bunting_gone__by_hontor-dd03rsl.jpg" height="150" width="102"/>            <media:thumbnail url="https://t00.deviantart.net/NOkpgoc9n0y3Q95n_TZ4DzYHzyQ=/fit-in/300x900/filters:no_upscale():origin()/pre00/0f3b/th/pre/i/2019/049/f/2/where_have_yellow_breasted_bunting_gone__by_hontor-dd03rsl.jpg" height="440" width="300"/>            <media:thumbnail url="https://t00.deviantart.net/fSgVFPktAanEGD-RpKxSgStkiZI=/300x200/filters:fixed_height(100,100):origin()/pre00/0f3b/th/pre/i/2019/049/f/2/where_have_yellow_breasted_bunting_gone__by_hontor-dd03rsl.jpg" height="200" width="136"/>            <media:content url="https://pre00.deviantart.net/0f3b/th/pre/i/2019/049/f/2/where_have_yellow_breasted_bunting_gone__by_hontor-dd03rsl.jpg" height="1083" width="738" medium="image"/>            
            <description>&lt;p&gt;The project is aimed at studying and conservation of Yellow-breasted Bunting, a small beautiful bird of the Emberizidae family, whose nesting area has catastrophically decreased over the past 30 years.&lt;/p&gt;&lt;p&gt;&lt;span&gt;Being the one of the most wide spread bird species Yellow-breasted Bunting has drastically decreased in numbers and breeding range, disappeared from various Western breeding grounds.&lt;/span&gt;&lt;span&gt;&amp;nbsp;&lt;/span&gt;&lt;/p&gt;&lt;p&gt;We are the team of researchers from Baikalsky State Nature Biosphere Reserve, Research Institute of Biology at Irkutsk State University and University of M&amp;#252;nster want to study the current situation.&lt;span&gt;&amp;nbsp;&lt;/span&gt;&lt;/p&gt;&lt;p&gt;Scientists assume that one of the main reasons of the Yellow-breasted Bunting population declining are the degradation of habitats and the direct prey of the species by humans in the migration stopovers and wintering grounds. Therefore, one of the priorities is the finding out places where Yellow-breasted Buntings are concentrating during migration and wintering. For these purposes, one of best methods is to put geolocators on birds - light sensors, which allow locating the birds by the length of the day. To obtain information from the sensor, the bird must be recaptured, therefore, individuals who have already occupied the nesting area are caught for research. This is due to the fact that Yellow-breasted Buntings have high breeding-site&amp;nbsp;fidelity (the bird returns to the same nesting area from year to year). So we will be able to re-catch it after a year in the same place in order to remove the geolocator. This technique had been used in studying migration of similar species &amp;#8211; Ortolan Bunting.&lt;br /&gt;&lt;br /&gt;I drew it to help the project. You can learn more and support this project here: &lt;a class=&quot;external&quot; href=&quot;https://www.deviantart.com/users/outgoing?https://planeta.ru/campaigns/100599&quot;&gt;planeta.ru/campaigns/100599&lt;/a&gt;&lt;br /&gt;&lt;/p&gt;&lt;br /&gt;&lt;div&gt;&lt;img src=&quot;https://t00.deviantart.net/fSgVFPktAanEGD-RpKxSgStkiZI=/300x200/filters:fixed_height(100,100):origin()/pre00/0f3b/th/pre/i/2019/049/f/2/where_have_yellow_breasted_bunting_gone__by_hontor-dd03rsl.jpg&quot; alt=&quot;thumbnail&quot; /&gt;&lt;/div&gt;</description>            </item>
                    <item>
                <title>Fire Fox</title>
                <link>https://lucky978.deviantart.com/art/Fire-Fox-786262865</link>
                <guid isPermaLink="true">https://lucky978.deviantart.com/art/Fire-Fox-786262865</guid>
                <pubDate>Mon, 18 Feb 2019 17:56:47 PST</pubDate>
                        <media:title type="plain">Fire Fox</media:title>
        <media:keywords></media:keywords>
                        <media:rating>nonadult</media:rating>
                <media:category label="Fantasy">traditional/drawings/fantasy</media:category>
        <media:credit role="author" scheme="urn:ebu">Lucky978</media:credit>
        <media:credit role="author" scheme="urn:ebu">https://a.deviantart.net/avatars/l/u/lucky978.jpg?2</media:credit>
        <media:copyright url="https://lucky978.deviantart.com">Copyright 2019 Lucky978</media:copyright>            <media:description type="html">All I can say is I am sorry I am so behind on posting new images to deviantART XD I&#039;ll be better. In the meantime, I am pretty consistent on Instagram @ katy_lipscomb</media:description>            <media:thumbnail url="https://t00.deviantart.net/m6owt71Y2188DfCW1if9k_grelY=/fit-in/150x150/filters:no_upscale():origin()/pre00/876e/th/pre/i/2019/049/2/c/photo_jan_03__1_06_14_pm_by_lucky978-dd04cb5.jpg" height="150" width="150"/>            <media:thumbnail url="https://t00.deviantart.net/shwBOUQLoO0esnnURTftS6Km5LQ=/fit-in/300x900/filters:no_upscale():origin()/pre00/876e/th/pre/i/2019/049/2/c/photo_jan_03__1_06_14_pm_by_lucky978-dd04cb5.jpg" height="300" width="300"/>            <media:thumbnail url="https://t00.deviantart.net/g-d7SJJnuPaK22j9bA9jI9AjROU=/300x200/filters:fixed_height(100,100):origin()/pre00/876e/th/pre/i/2019/049/2/c/photo_jan_03__1_06_14_pm_by_lucky978-dd04cb5.jpg" height="200" width="200"/>            <media:content url="https://img00.deviantart.net/f4db/i/2019/049/2/c/photo_jan_03__1_06_14_pm_by_lucky978-dd04cb5.jpg" height="800" width="800" medium="image"/>            
            <description>All I can say is I am sorry I am so behind on posting new images to deviantART XD I&#039;ll be better. In the meantime, I am pretty consistent on Instagram @ katy_lipscomb&lt;br /&gt;&lt;div&gt;&lt;img src=&quot;https://t00.deviantart.net/g-d7SJJnuPaK22j9bA9jI9AjROU=/300x200/filters:fixed_height(100,100):origin()/pre00/876e/th/pre/i/2019/049/2/c/photo_jan_03__1_06_14_pm_by_lucky978-dd04cb5.jpg&quot; alt=&quot;thumbnail&quot; /&gt;&lt;/div&gt;</description>            </item>
                    <item>
                <title>Startin&#039; fires.</title>
                <link>https://jollyjack.deviantart.com/art/Startin-fires-786245051</link>
                <guid isPermaLink="true">https://jollyjack.deviantart.com/art/Startin-fires-786245051</guid>
                <pubDate>Mon, 18 Feb 2019 15:33:36 PST</pubDate>
                        <media:title type="plain">Startin&#039; fires.</media:title>
        <media:keywords></media:keywords>
                        <media:rating>nonadult</media:rating>
                <media:category label="Drawings">cartoons/digital/cartoons/drawings</media:category>
        <media:credit role="author" scheme="urn:ebu">jollyjack</media:credit>
        <media:credit role="author" scheme="urn:ebu">https://a.deviantart.net/avatars/j/o/jollyjack.gif</media:credit>
        <media:copyright url="https://jollyjack.deviantart.com">Copyright 2019 jollyjack</media:copyright>            <media:description type="html"></media:description>            <media:thumbnail url="https://t00.deviantart.net/T9RCujHz0vdfXsdWPA7HabXTGVU=/fit-in/150x150/filters:no_upscale():origin()/pre00/1c10/th/pre/f/2019/049/3/8/startin__fires__by_jollyjack-dd03ykb.jpg" height="110" width="150"/>            <media:thumbnail url="https://t00.deviantart.net/gKSbchcIWyv_KBS4DNZj7iw891s=/fit-in/300x900/filters:no_upscale():origin()/pre00/1c10/th/pre/f/2019/049/3/8/startin__fires__by_jollyjack-dd03ykb.jpg" height="220" width="300"/>            <media:thumbnail url="https://t00.deviantart.net/a_NYmFl-AnaVT-qXYBspmkLUtLw=/300x200/filters:fixed_height(100,100):origin()/pre00/1c10/th/pre/f/2019/049/3/8/startin__fires__by_jollyjack-dd03ykb.jpg" height="200" width="273"/>            <media:content url="https://orig00.deviantart.net/d910/f/2019/049/3/8/startin__fires__by_jollyjack-dd03ykb.jpg" height="570" width="779" medium="image"/>            
            <description>&lt;br /&gt;&lt;div&gt;&lt;img src=&quot;https://t00.deviantart.net/a_NYmFl-AnaVT-qXYBspmkLUtLw=/300x200/filters:fixed_height(100,100):origin()/pre00/1c10/th/pre/f/2019/049/3/8/startin__fires__by_jollyjack-dd03ykb.jpg&quot; alt=&quot;thumbnail&quot; /&gt;&lt;/div&gt;</description>            </item>
                    <item>
                <title>fay n ivy</title>
                <link>https://k030.deviantart.com/art/fay-n-ivy-786229144</link>
                <guid isPermaLink="true">https://k030.deviantart.com/art/fay-n-ivy-786229144</guid>
                <pubDate>Mon, 18 Feb 2019 13:47:23 PST</pubDate>
                        <media:title type="plain">fay n ivy</media:title>
        <media:keywords></media:keywords>
                        <media:rating>nonadult</media:rating>
                <media:category label="Other">digitalart/paintings/other</media:category>
        <media:credit role="author" scheme="urn:ebu">k030</media:credit>
        <media:credit role="author" scheme="urn:ebu">https://a.deviantart.net/avatars/k/0/k030.png?13</media:credit>
        <media:copyright url="https://k030.deviantart.com">Copyright 2019 k030</media:copyright>            <media:description type="html">&lt;small&gt;me demor&amp;#233; m&amp;#225;s en tratar de hacer un fondo y terminar por decidir hacer algo simple que en el mismo dibujo&lt;br /&gt;tengo una historia completa hecha en mi cabeza de fay y dann and i cant bring myself to dRAW IT&lt;/small&gt;</media:description>            <media:thumbnail url="https://t00.deviantart.net/f6rkjwKZYIkrhVs_4U9gtuLM_xQ=/fit-in/150x150/filters:no_upscale():origin()/pre00/6780/th/pre/f/2019/049/c/0/c0ebee6490d359c8326a33d9b91e9266-dd03mag.png" height="144" width="150"/>            <media:thumbnail url="https://t00.deviantart.net/Yjk2-0uy873sRnPXMOvWlCRKhyk=/fit-in/300x900/filters:no_upscale():origin()/pre00/6780/th/pre/f/2019/049/c/0/c0ebee6490d359c8326a33d9b91e9266-dd03mag.png" height="288" width="300"/>            <media:thumbnail url="https://t00.deviantart.net/q4dESr2xSGOw1IEeAqeB80uHKV8=/300x200/filters:fixed_height(100,100):origin()/pre00/6780/th/pre/f/2019/049/c/0/c0ebee6490d359c8326a33d9b91e9266-dd03mag.png" height="200" width="208"/>            <media:content url="https://pre00.deviantart.net/6780/th/pre/f/2019/049/c/0/c0ebee6490d359c8326a33d9b91e9266-dd03mag.png" height="876" width="912" medium="image"/>            
            <description>&lt;small&gt;me demor&amp;#233; m&amp;#225;s en tratar de hacer un fondo y terminar por decidir hacer algo simple que en el mismo dibujo&lt;br /&gt;tengo una historia completa hecha en mi cabeza de fay y dann and i cant bring myself to dRAW IT&lt;/small&gt;&lt;br /&gt;&lt;div&gt;&lt;img src=&quot;https://t00.deviantart.net/q4dESr2xSGOw1IEeAqeB80uHKV8=/300x200/filters:fixed_height(100,100):origin()/pre00/6780/th/pre/f/2019/049/c/0/c0ebee6490d359c8326a33d9b91e9266-dd03mag.png&quot; alt=&quot;thumbnail&quot; /&gt;&lt;/div&gt;</description>            </item>
                    <item>
                <title>Shikishi 3</title>
                <link>https://zombiesmile.deviantart.com/art/Shikishi-3-786322584</link>
                <guid isPermaLink="true">https://zombiesmile.deviantart.com/art/Shikishi-3-786322584</guid>
                <pubDate>Tue, 19 Feb 2019 06:50:01 PST</pubDate>
                        <media:title type="plain">Shikishi 3</media:title>
        <media:keywords></media:keywords>
                        <media:rating>nonadult</media:rating>
                <media:category label="Drawings">manga/traditional/drawings</media:category>
        <media:credit role="author" scheme="urn:ebu">Zombiesmile</media:credit>
        <media:credit role="author" scheme="urn:ebu">https://a.deviantart.net/avatars/z/o/zombiesmile.gif?6</media:credit>
        <media:copyright url="https://zombiesmile.deviantart.com">Copyright 2019 Zombiesmile</media:copyright>
            <media:community>
                <media:tags>@Zombiesmile</media:tags>
            </media:community>            <media:description type="html">These are medium sized shikishi this time. :&amp;gt; Really enjoying these.&lt;br /&gt;I&#039;ll be selling most of them on Patreon.&amp;nbsp;&lt;br /&gt;&lt;br /&gt;&lt;br /&gt;&lt;img src=&quot;https://e.deviantart.net/emoticons/s/star_full.gif&quot; alt=&quot;Star!&quot; style=&quot;width: 17px; height: 16px;&quot; data-embed-type=&quot;emoticon&quot; data-embed-id=&quot;450&quot;&gt;&lt;b&gt;&amp;nbsp;SHOPS!&amp;nbsp;&lt;/b&gt;&lt;img src=&quot;https://e.deviantart.net/emoticons/s/star_full.gif&quot; alt=&quot;Star!&quot; style=&quot;width: 17px; height: 16px;&quot; data-embed-type=&quot;emoticon&quot; data-embed-id=&quot;450&quot;&gt;&lt;br /&gt;&lt;b&gt;&lt;a class=&quot;external&quot; href=&quot;https://www.deviantart.com/users/outgoing?https://gumroad.com/mikiko&quot;&gt;&lt;b&gt;You can buy digital comics here!&lt;/b&gt;&lt;/a&gt;&lt;br /&gt;&lt;/b&gt;&lt;a class=&quot;external&quot; href=&quot;https://www.deviantart.com/users/outgoing?https://mikiko.storenvy.com/&quot;&gt;&lt;b&gt;You can buy physical copies here!&lt;/b&gt;&lt;br /&gt;&lt;/a&gt;&lt;br /&gt;&lt;a target=&quot;_self&quot; href=&quot;https://www.deviantart.com/donotuseplz&quot; &gt;&lt;img class=&quot;avatar&quot; width=&quot;50&quot; height=&quot;50&quot; src=&quot;https://a.deviantart.net/avatars/d/o/donotuseplz.gif?2&quot; alt=&quot;:icondonotuseplz:&quot; title=&quot;DoNotUsePlz&quot; /&gt;&lt;/a&gt;&lt;a target=&quot;_self&quot; href=&quot;https://www.deviantart.com/myartplz&quot; &gt;&lt;img class=&quot;avatar&quot; width=&quot;50&quot; height=&quot;50&quot; src=&quot;https://a.deviantart.net/avatars/m/y/myartplz.gif?2&quot; alt=&quot;:iconmyartplz:&quot; title=&quot;MyArtPlz&quot; /&gt;&lt;/a&gt;&lt;span&gt;&amp;nbsp;&lt;/span&gt;&lt;br /&gt;&lt;a class=&quot;external&quot; href=&quot;https://www.deviantart.com/users/outgoing?https://mikiko.art/&quot;&gt;Mikiko.art&lt;/a&gt;&lt;span&gt;&amp;nbsp;|&amp;nbsp;&lt;/span&gt;&lt;a class=&quot;external&quot; href=&quot;https://www.deviantart.com/users/outgoing?http://www.patreon.com/mikiko&quot;&gt;Patreon&lt;/a&gt;&lt;span&gt;&amp;nbsp;|&amp;nbsp;&lt;/span&gt;&lt;a class=&quot;external&quot; href=&quot;https://www.deviantart.com/users/outgoing?http://mikiko.storenvy.com/&quot;&gt;Shop&lt;/a&gt;&lt;span&gt;&amp;nbsp;| or buy me&amp;nbsp;&lt;/span&gt;&lt;a class=&quot;external&quot; href=&quot;https://www.deviantart.com/users/outgoing?https://ko-fi.com/mikiko&quot;&gt;coffee&lt;/a&gt;&lt;span&gt;&amp;nbsp;to keep me drawing! &amp;#9829;&lt;/span&gt;&lt;br /&gt;&lt;span&gt;Please share by&amp;nbsp;&lt;/span&gt;&lt;i&gt;linking back&lt;/i&gt;&lt;span&gt;&amp;nbsp;to my work and&amp;nbsp;&lt;/span&gt;&lt;a class=&quot;external&quot; href=&quot;https://www.deviantart.com/users/outgoing?https://mikiko.art&quot;&gt;social media accounts&lt;/a&gt;&lt;span&gt;, and crediting me by correct username/name and website. Thank you!&amp;nbsp;&lt;/span&gt;</media:description>            <media:thumbnail url="https://t00.deviantart.net/NN-E5yTO2Yxve4Kvmhyp5lZdISg=/fit-in/150x150/filters:no_upscale():origin()/pre00/2b69/th/pre/i/2019/050/9/1/shikishi_3_by_zombiesmile-dd05me0.jpg" height="85" width="150"/>            <media:thumbnail url="https://t00.deviantart.net/Y6KLaBfe4sSompCcEU0dbPKvNbI=/fit-in/300x900/filters:no_upscale():origin()/pre00/2b69/th/pre/i/2019/050/9/1/shikishi_3_by_zombiesmile-dd05me0.jpg" height="170" width="300"/>            <media:thumbnail url="https://t00.deviantart.net/7EqN3QCWpXuhgIQJ8OLlit7X9EA=/300x200/filters:fixed_height(100,100):origin()/pre00/2b69/th/pre/i/2019/050/9/1/shikishi_3_by_zombiesmile-dd05me0.jpg" height="170" width="300"/>            <media:content url="https://img00.deviantart.net/0b98/i/2019/050/9/1/shikishi_3_by_zombiesmile-dd05me0.jpg" height="580" width="1024" medium="image"/>            
            <description>These are medium sized shikishi this time. :&amp;gt; Really enjoying these.&lt;br /&gt;I&#039;ll be selling most of them on Patreon.&amp;nbsp;&lt;br /&gt;&lt;br /&gt;&lt;br /&gt;&lt;img src=&quot;https://e.deviantart.net/emoticons/s/star_full.gif&quot; alt=&quot;Star!&quot; style=&quot;width: 17px; height: 16px;&quot; data-embed-type=&quot;emoticon&quot; data-embed-id=&quot;450&quot;&gt;&lt;b&gt;&amp;nbsp;SHOPS!&amp;nbsp;&lt;/b&gt;&lt;img src=&quot;https://e.deviantart.net/emoticons/s/star_full.gif&quot; alt=&quot;Star!&quot; style=&quot;width: 17px; height: 16px;&quot; data-embed-type=&quot;emoticon&quot; data-embed-id=&quot;450&quot;&gt;&lt;br /&gt;&lt;b&gt;&lt;a class=&quot;external&quot; href=&quot;https://www.deviantart.com/users/outgoing?https://gumroad.com/mikiko&quot;&gt;&lt;b&gt;You can buy digital comics here!&lt;/b&gt;&lt;/a&gt;&lt;br /&gt;&lt;/b&gt;&lt;a class=&quot;external&quot; href=&quot;https://www.deviantart.com/users/outgoing?https://mikiko.storenvy.com/&quot;&gt;&lt;b&gt;You can buy physical copies here!&lt;/b&gt;&lt;br /&gt;&lt;/a&gt;&lt;br /&gt;&lt;a target=&quot;_self&quot; href=&quot;https://www.deviantart.com/donotuseplz&quot; &gt;&lt;img class=&quot;avatar&quot; width=&quot;50&quot; height=&quot;50&quot; src=&quot;https://a.deviantart.net/avatars/d/o/donotuseplz.gif?2&quot; alt=&quot;:icondonotuseplz:&quot; title=&quot;DoNotUsePlz&quot; /&gt;&lt;/a&gt;&lt;a target=&quot;_self&quot; href=&quot;https://www.deviantart.com/myartplz&quot; &gt;&lt;img class=&quot;avatar&quot; width=&quot;50&quot; height=&quot;50&quot; src=&quot;https://a.deviantart.net/avatars/m/y/myartplz.gif?2&quot; alt=&quot;:iconmyartplz:&quot; title=&quot;MyArtPlz&quot; /&gt;&lt;/a&gt;&lt;span&gt;&amp;nbsp;&lt;/span&gt;&lt;br /&gt;&lt;a class=&quot;external&quot; href=&quot;https://www.deviantart.com/users/outgoing?https://mikiko.art/&quot;&gt;Mikiko.art&lt;/a&gt;&lt;span&gt;&amp;nbsp;|&amp;nbsp;&lt;/span&gt;&lt;a class=&quot;external&quot; href=&quot;https://www.deviantart.com/users/outgoing?http://www.patreon.com/mikiko&quot;&gt;Patreon&lt;/a&gt;&lt;span&gt;&amp;nbsp;|&amp;nbsp;&lt;/span&gt;&lt;a class=&quot;external&quot; href=&quot;https://www.deviantart.com/users/outgoing?http://mikiko.storenvy.com/&quot;&gt;Shop&lt;/a&gt;&lt;span&gt;&amp;nbsp;| or buy me&amp;nbsp;&lt;/span&gt;&lt;a class=&quot;external&quot; href=&quot;https://www.deviantart.com/users/outgoing?https://ko-fi.com/mikiko&quot;&gt;coffee&lt;/a&gt;&lt;span&gt;&amp;nbsp;to keep me drawing! &amp;#9829;&lt;/span&gt;&lt;br /&gt;&lt;span&gt;Please share by&amp;nbsp;&lt;/span&gt;&lt;i&gt;linking back&lt;/i&gt;&lt;span&gt;&amp;nbsp;to my work and&amp;nbsp;&lt;/span&gt;&lt;a class=&quot;external&quot; href=&quot;https://www.deviantart.com/users/outgoing?https://mikiko.art&quot;&gt;social media accounts&lt;/a&gt;&lt;span&gt;, and crediting me by correct username/name and website. Thank you!&amp;nbsp;&lt;/span&gt;&lt;br /&gt;&lt;div&gt;&lt;img src=&quot;https://t00.deviantart.net/7EqN3QCWpXuhgIQJ8OLlit7X9EA=/300x200/filters:fixed_height(100,100):origin()/pre00/2b69/th/pre/i/2019/050/9/1/shikishi_3_by_zombiesmile-dd05me0.jpg&quot; alt=&quot;thumbnail&quot; /&gt;&lt;/div&gt;</description>            </item>
                    <item>
                <title>Everybody Loves Sora - Power of Waking</title>
                <link>https://ry-spirit.deviantart.com/art/Everybody-Loves-Sora-Power-of-Waking-786275923</link>
                <guid isPermaLink="true">https://ry-spirit.deviantart.com/art/Everybody-Loves-Sora-Power-of-Waking-786275923</guid>
                <pubDate>Mon, 18 Feb 2019 19:57:34 PST</pubDate>
                        <media:title type="plain">Everybody Loves Sora - Power of Waking</media:title>
        <media:keywords></media:keywords>
                        <media:rating>nonadult</media:rating>
                <media:category label="Strips">cartoons/digital/comics/strips</media:category>
        <media:credit role="author" scheme="urn:ebu">Ry-Spirit</media:credit>
        <media:credit role="author" scheme="urn:ebu">https://a.deviantart.net/avatars/r/y/ry-spirit.gif?1</media:credit>
        <media:copyright url="https://ry-spirit.deviantart.com">Copyright 2019 Ry-Spirit</media:copyright>
            <media:community>
                <media:tags>@ryspirit</media:tags>
            </media:community>             <creativeCommons:license>http://creativecommons.org/licenses/by-nc-nd/3.0/</creativeCommons:license>
                <media:description type="html">Sora gets some advice from the great Yen Sid.&lt;br /&gt;&lt;br /&gt;&lt;span class=&quot;shadow-holder&quot; data-embed-type=&quot;deviation&quot; data-embed-id=&quot;784408503&quot; data-embed-format=&quot;thumb&quot;&gt;&lt;span class=&quot;shadow mild&quot; &gt;&lt;a class=&quot;thumb&quot; href=&quot;https://www.deviantart.com/ry-spirit/art/Everybody-Loves-Sora-Hi-Potion-784408503&quot; title=&quot;Everybody Loves Sora - Hi-Potion by Ry-Spirit, Feb 5, 2019 in Cartoons &amp;amp; Comics &amp;gt; Digital Media &amp;gt; Comics &amp;gt; Strips&quot;data-super-img=&quot;https://images-wixmp-ed30a86b8c4ca887773594c2.wixmp.com/intermediary/f/fd7c0697-63f5-4f26-8db8-6dad33e98c46/dcz0lh3-d798689b-195a-4e85-9cf7-e6a20ca07420.jpg/v1/fill/w_751,h_1063,q_70,strp/everybody_loves_sora___hi_potion_by_ry_spirit_dcz0lh3-pre.jpg&quot; data-super-width=&quot;751&quot; data-super-height=&quot;1063&quot; data-super-transparent=&quot;false&quot; data-super-alt=&quot;Everybody Loves Sora - Hi-Potion by Ry-Spirit&quot; data-super-full-img=&quot;https://images-wixmp-ed30a86b8c4ca887773594c2.wixmp.com/intermediary/f/fd7c0697-63f5-4f26-8db8-6dad33e98c46/dcz0lh3-d798689b-195a-4e85-9cf7-e6a20ca07420.jpg/v1/fill/w_800,h_1132,q_70,strp/everybody_loves_sora___hi_potion_by_ry_spirit_dcz0lh3-fullview.jpg&quot; data-super-full-width=&quot;800&quot; data-super-full-height=&quot;1132&quot;        data-sigil=&quot;thumb&quot;&gt;
        &lt;i&gt;&lt;/i&gt;&lt;img   width=&quot;106&quot; height=&quot;150&quot; alt=&quot;Everybody Loves Sora - Hi-Potion by Ry-Spirit&quot; src=&quot;https://images-wixmp-ed30a86b8c4ca887773594c2.wixmp.com/intermediary/f/fd7c0697-63f5-4f26-8db8-6dad33e98c46/dcz0lh3-d798689b-195a-4e85-9cf7-e6a20ca07420.jpg/v1/fit/w_150,h_150,q_70,strp/everybody_loves_sora___hi_potion_by_ry_spirit_dcz0lh3-150.jpg&quot; data-src=&quot;https://images-wixmp-ed30a86b8c4ca887773594c2.wixmp.com/intermediary/f/fd7c0697-63f5-4f26-8db8-6dad33e98c46/dcz0lh3-d798689b-195a-4e85-9cf7-e6a20ca07420.jpg/v1/fit/w_150,h_150,q_70,strp/everybody_loves_sora___hi_potion_by_ry_spirit_dcz0lh3-150.jpg&quot; srcset=&quot;https://images-wixmp-ed30a86b8c4ca887773594c2.wixmp.com/intermediary/f/fd7c0697-63f5-4f26-8db8-6dad33e98c46/dcz0lh3-d798689b-195a-4e85-9cf7-e6a20ca07420.jpg/v1/fit/w_150,h_150,q_70,strp/everybody_loves_sora___hi_potion_by_ry_spirit_dcz0lh3-150.jpg 106w,https://images-wixmp-ed30a86b8c4ca887773594c2.wixmp.com/intermediary/f/fd7c0697-63f5-4f26-8db8-6dad33e98c46/dcz0lh3-d798689b-195a-4e85-9cf7-e6a20ca07420.jpg/v1/fill/w_177,h_250,q_70,strp/everybody_loves_sora___hi_potion_by_ry_spirit_dcz0lh3-250t.jpg 177w,https://images-wixmp-ed30a86b8c4ca887773594c2.wixmp.com/intermediary/f/fd7c0697-63f5-4f26-8db8-6dad33e98c46/dcz0lh3-d798689b-195a-4e85-9cf7-e6a20ca07420.jpg/v1/crop/w_247,h_350,x_0,y_0,scl_0.1204468188441,q_70,strp/everybody_loves_sora___hi_potion_by_ry_spirit_dcz0lh3-350t.jpg 247w,https://images-wixmp-ed30a86b8c4ca887773594c2.wixmp.com/intermediary/f/fd7c0697-63f5-4f26-8db8-6dad33e98c46/dcz0lh3-d798689b-195a-4e85-9cf7-e6a20ca07420.jpg/v1/fill/w_283,h_400,q_70,strp/everybody_loves_sora___hi_potion_by_ry_spirit_dcz0lh3-400t.jpg 283w,https://images-wixmp-ed30a86b8c4ca887773594c2.wixmp.com/intermediary/f/fd7c0697-63f5-4f26-8db8-6dad33e98c46/dcz0lh3-d798689b-195a-4e85-9cf7-e6a20ca07420.jpg/v1/fill/w_751,h_1063,q_70,strp/everybody_loves_sora___hi_potion_by_ry_spirit_dcz0lh3-pre.jpg 751w&quot; sizes=&quot;106px&quot;&gt;&lt;/a&gt;&lt;/span&gt;&lt;!-- ^TTT --&gt;&lt;!-- TTT$ --&gt;&lt;/span&gt;&amp;nbsp;&lt;span class=&quot;shadow-holder&quot; data-embed-type=&quot;deviation&quot; data-embed-id=&quot;784826084&quot; data-embed-format=&quot;thumb&quot;&gt;&lt;span class=&quot;shadow mild&quot; &gt;&lt;a class=&quot;thumb&quot; href=&quot;https://www.deviantart.com/ry-spirit/art/Everybody-Loves-Sora-Beautiful-784826084&quot; title=&quot;Everybody Loves Sora - Beautiful by Ry-Spirit, Feb 8, 2019 in Cartoons &amp;amp; Comics &amp;gt; Digital Media &amp;gt; Comics &amp;gt; Strips&quot;data-super-img=&quot;https://images-wixmp-ed30a86b8c4ca887773594c2.wixmp.com/intermediary/f/fd7c0697-63f5-4f26-8db8-6dad33e98c46/dcz9jok-b0c7ea29-a3b3-424c-8585-53b7e5f858bb.jpg/v1/fill/w_751,h_1063,q_70,strp/everybody_loves_sora___beautiful_by_ry_spirit_dcz9jok-pre.jpg&quot; data-super-width=&quot;751&quot; data-super-height=&quot;1063&quot; data-super-transparent=&quot;false&quot; data-super-alt=&quot;Everybody Loves Sora - Beautiful by Ry-Spirit&quot; data-super-full-img=&quot;https://images-wixmp-ed30a86b8c4ca887773594c2.wixmp.com/intermediary/f/fd7c0697-63f5-4f26-8db8-6dad33e98c46/dcz9jok-b0c7ea29-a3b3-424c-8585-53b7e5f858bb.jpg/v1/fill/w_800,h_1132,q_70,strp/everybody_loves_sora___beautiful_by_ry_spirit_dcz9jok-fullview.jpg&quot; data-super-full-width=&quot;800&quot; data-super-full-height=&quot;1132&quot;        data-sigil=&quot;thumb&quot;&gt;
        &lt;i&gt;&lt;/i&gt;&lt;img   width=&quot;106&quot; height=&quot;150&quot; alt=&quot;Everybody Loves Sora - Beautiful by Ry-Spirit&quot; src=&quot;https://images-wixmp-ed30a86b8c4ca887773594c2.wixmp.com/intermediary/f/fd7c0697-63f5-4f26-8db8-6dad33e98c46/dcz9jok-b0c7ea29-a3b3-424c-8585-53b7e5f858bb.jpg/v1/fit/w_150,h_150,q_70,strp/everybody_loves_sora___beautiful_by_ry_spirit_dcz9jok-150.jpg&quot; data-src=&quot;https://images-wixmp-ed30a86b8c4ca887773594c2.wixmp.com/intermediary/f/fd7c0697-63f5-4f26-8db8-6dad33e98c46/dcz9jok-b0c7ea29-a3b3-424c-8585-53b7e5f858bb.jpg/v1/fit/w_150,h_150,q_70,strp/everybody_loves_sora___beautiful_by_ry_spirit_dcz9jok-150.jpg&quot; srcset=&quot;https://images-wixmp-ed30a86b8c4ca887773594c2.wixmp.com/intermediary/f/fd7c0697-63f5-4f26-8db8-6dad33e98c46/dcz9jok-b0c7ea29-a3b3-424c-8585-53b7e5f858bb.jpg/v1/fit/w_150,h_150,q_70,strp/everybody_loves_sora___beautiful_by_ry_spirit_dcz9jok-150.jpg 106w,https://images-wixmp-ed30a86b8c4ca887773594c2.wixmp.com/intermediary/f/fd7c0697-63f5-4f26-8db8-6dad33e98c46/dcz9jok-b0c7ea29-a3b3-424c-8585-53b7e5f858bb.jpg/v1/fill/w_177,h_250,q_70,strp/everybody_loves_sora___beautiful_by_ry_spirit_dcz9jok-250t.jpg 177w,https://images-wixmp-ed30a86b8c4ca887773594c2.wixmp.com/intermediary/f/fd7c0697-63f5-4f26-8db8-6dad33e98c46/dcz9jok-b0c7ea29-a3b3-424c-8585-53b7e5f858bb.jpg/v1/crop/w_247,h_350,x_0,y_0,scl_0.1204468188441,q_70,strp/everybody_loves_sora___beautiful_by_ry_spirit_dcz9jok-350t.jpg 247w,https://images-wixmp-ed30a86b8c4ca887773594c2.wixmp.com/intermediary/f/fd7c0697-63f5-4f26-8db8-6dad33e98c46/dcz9jok-b0c7ea29-a3b3-424c-8585-53b7e5f858bb.jpg/v1/fill/w_283,h_400,q_70,strp/everybody_loves_sora___beautiful_by_ry_spirit_dcz9jok-400t.jpg 283w,https://images-wixmp-ed30a86b8c4ca887773594c2.wixmp.com/intermediary/f/fd7c0697-63f5-4f26-8db8-6dad33e98c46/dcz9jok-b0c7ea29-a3b3-424c-8585-53b7e5f858bb.jpg/v1/fill/w_751,h_1063,q_70,strp/everybody_loves_sora___beautiful_by_ry_spirit_dcz9jok-pre.jpg 751w&quot; sizes=&quot;106px&quot;&gt;&lt;/a&gt;&lt;/span&gt;&lt;!-- ^TTT --&gt;&lt;!-- TTT$ --&gt;&lt;/span&gt;&lt;br /&gt;&lt;div&gt;&lt;br /&gt;&lt;/div&gt;&lt;div&gt;&lt;a class=&quot;external&quot; href=&quot;https://www.deviantart.com/users/outgoing?https://www.teepublic.com/user/ryspirit&quot;&gt;[Buy T-Shirt]&lt;/a&gt; &lt;a class=&quot;external&quot; href=&quot;https://www.deviantart.com/users/outgoing?http://www.facebook.com/ryspiritart&quot;&gt;[Facebook]&lt;/a&gt; &lt;a class=&quot;external&quot; href=&quot;https://www.deviantart.com/users/outgoing?http://ry-spirit.tumblr.com&quot;&gt;[Tumblr]&lt;/a&gt; &lt;a class=&quot;external&quot; href=&quot;https://www.deviantart.com/users/outgoing?http://www.youtube.com/ryspirit&quot;&gt;[Youtube]&lt;/a&gt; &lt;a class=&quot;external&quot; href=&quot;https://www.deviantart.com/users/outgoing?http://twitter.com/RySpirit&quot;&gt;[Twitter]&lt;/a&gt; &lt;a class=&quot;external&quot; href=&quot;https://www.deviantart.com/users/outgoing?https://instagram.com/ryspiritart/&quot;&gt;[Instagram]&lt;/a&gt; &lt;a class=&quot;external&quot; href=&quot;https://www.deviantart.com/users/outgoing?http://www.patreon.com/RySpirit&quot;&gt;[PATREON]&lt;/a&gt;&lt;br /&gt;&lt;/div&gt;</media:description>            <media:thumbnail url="https://t00.deviantart.net/yLQQvB12sjB94TyWQNM1Jydqq6E=/fit-in/150x150/filters:no_upscale():origin()/pre00/b956/th/pre/i/2019/049/7/e/everybody_loves_sora___power_of_waking_by_ry_spirit-dd04mdv.jpg" height="150" width="106"/>            <media:thumbnail url="https://t00.deviantart.net/JpEc_nStGeOZ7ySv5g0AlfiTJ4I=/fit-in/300x900/filters:no_upscale():origin()/pre00/b956/th/pre/i/2019/049/7/e/everybody_loves_sora___power_of_waking_by_ry_spirit-dd04mdv.jpg" height="424" width="300"/>            <media:thumbnail url="https://t00.deviantart.net/NnILHQ5F6i7vRL20uU7aKOwD8GA=/300x200/filters:fixed_height(100,100):origin()/pre00/b956/th/pre/i/2019/049/7/e/everybody_loves_sora___power_of_waking_by_ry_spirit-dd04mdv.jpg" height="200" width="141"/>            <media:content url="https://pre00.deviantart.net/b956/th/pre/i/2019/049/7/e/everybody_loves_sora___power_of_waking_by_ry_spirit-dd04mdv.jpg" height="1063" width="751" medium="image"/>            
            <description>Sora gets some advice from the great Yen Sid.&lt;br /&gt;&lt;br /&gt;&lt;span class=&quot;shadow-holder&quot; data-embed-type=&quot;deviation&quot; data-embed-id=&quot;784408503&quot; data-embed-format=&quot;thumb&quot;&gt;&lt;span class=&quot;shadow mild&quot; &gt;&lt;a class=&quot;thumb&quot; href=&quot;https://www.deviantart.com/ry-spirit/art/Everybody-Loves-Sora-Hi-Potion-784408503&quot; title=&quot;Everybody Loves Sora - Hi-Potion by Ry-Spirit, Feb 5, 2019 in Cartoons &amp;amp; Comics &amp;gt; Digital Media &amp;gt; Comics &amp;gt; Strips&quot;data-super-img=&quot;https://images-wixmp-ed30a86b8c4ca887773594c2.wixmp.com/intermediary/f/fd7c0697-63f5-4f26-8db8-6dad33e98c46/dcz0lh3-d798689b-195a-4e85-9cf7-e6a20ca07420.jpg/v1/fill/w_751,h_1063,q_70,strp/everybody_loves_sora___hi_potion_by_ry_spirit_dcz0lh3-pre.jpg&quot; data-super-width=&quot;751&quot; data-super-height=&quot;1063&quot; data-super-transparent=&quot;false&quot; data-super-alt=&quot;Everybody Loves Sora - Hi-Potion by Ry-Spirit&quot; data-super-full-img=&quot;https://images-wixmp-ed30a86b8c4ca887773594c2.wixmp.com/intermediary/f/fd7c0697-63f5-4f26-8db8-6dad33e98c46/dcz0lh3-d798689b-195a-4e85-9cf7-e6a20ca07420.jpg/v1/fill/w_800,h_1132,q_70,strp/everybody_loves_sora___hi_potion_by_ry_spirit_dcz0lh3-fullview.jpg&quot; data-super-full-width=&quot;800&quot; data-super-full-height=&quot;1132&quot;        data-sigil=&quot;thumb&quot;&gt;
        &lt;i&gt;&lt;/i&gt;&lt;img   width=&quot;106&quot; height=&quot;150&quot; alt=&quot;Everybody Loves Sora - Hi-Potion by Ry-Spirit&quot; src=&quot;https://images-wixmp-ed30a86b8c4ca887773594c2.wixmp.com/intermediary/f/fd7c0697-63f5-4f26-8db8-6dad33e98c46/dcz0lh3-d798689b-195a-4e85-9cf7-e6a20ca07420.jpg/v1/fit/w_150,h_150,q_70,strp/everybody_loves_sora___hi_potion_by_ry_spirit_dcz0lh3-150.jpg&quot; data-src=&quot;https://images-wixmp-ed30a86b8c4ca887773594c2.wixmp.com/intermediary/f/fd7c0697-63f5-4f26-8db8-6dad33e98c46/dcz0lh3-d798689b-195a-4e85-9cf7-e6a20ca07420.jpg/v1/fit/w_150,h_150,q_70,strp/everybody_loves_sora___hi_potion_by_ry_spirit_dcz0lh3-150.jpg&quot; srcset=&quot;https://images-wixmp-ed30a86b8c4ca887773594c2.wixmp.com/intermediary/f/fd7c0697-63f5-4f26-8db8-6dad33e98c46/dcz0lh3-d798689b-195a-4e85-9cf7-e6a20ca07420.jpg/v1/fit/w_150,h_150,q_70,strp/everybody_loves_sora___hi_potion_by_ry_spirit_dcz0lh3-150.jpg 106w,https://images-wixmp-ed30a86b8c4ca887773594c2.wixmp.com/intermediary/f/fd7c0697-63f5-4f26-8db8-6dad33e98c46/dcz0lh3-d798689b-195a-4e85-9cf7-e6a20ca07420.jpg/v1/fill/w_177,h_250,q_70,strp/everybody_loves_sora___hi_potion_by_ry_spirit_dcz0lh3-250t.jpg 177w,https://images-wixmp-ed30a86b8c4ca887773594c2.wixmp.com/intermediary/f/fd7c0697-63f5-4f26-8db8-6dad33e98c46/dcz0lh3-d798689b-195a-4e85-9cf7-e6a20ca07420.jpg/v1/crop/w_247,h_350,x_0,y_0,scl_0.1204468188441,q_70,strp/everybody_loves_sora___hi_potion_by_ry_spirit_dcz0lh3-350t.jpg 247w,https://images-wixmp-ed30a86b8c4ca887773594c2.wixmp.com/intermediary/f/fd7c0697-63f5-4f26-8db8-6dad33e98c46/dcz0lh3-d798689b-195a-4e85-9cf7-e6a20ca07420.jpg/v1/fill/w_283,h_400,q_70,strp/everybody_loves_sora___hi_potion_by_ry_spirit_dcz0lh3-400t.jpg 283w,https://images-wixmp-ed30a86b8c4ca887773594c2.wixmp.com/intermediary/f/fd7c0697-63f5-4f26-8db8-6dad33e98c46/dcz0lh3-d798689b-195a-4e85-9cf7-e6a20ca07420.jpg/v1/fill/w_751,h_1063,q_70,strp/everybody_loves_sora___hi_potion_by_ry_spirit_dcz0lh3-pre.jpg 751w&quot; sizes=&quot;106px&quot;&gt;&lt;/a&gt;&lt;/span&gt;&lt;!-- ^TTT --&gt;&lt;!-- TTT$ --&gt;&lt;/span&gt;&amp;nbsp;&lt;span class=&quot;shadow-holder&quot; data-embed-type=&quot;deviation&quot; data-embed-id=&quot;784826084&quot; data-embed-format=&quot;thumb&quot;&gt;&lt;span class=&quot;shadow mild&quot; &gt;&lt;a class=&quot;thumb&quot; href=&quot;https://www.deviantart.com/ry-spirit/art/Everybody-Loves-Sora-Beautiful-784826084&quot; title=&quot;Everybody Loves Sora - Beautiful by Ry-Spirit, Feb 8, 2019 in Cartoons &amp;amp; Comics &amp;gt; Digital Media &amp;gt; Comics &amp;gt; Strips&quot;data-super-img=&quot;https://images-wixmp-ed30a86b8c4ca887773594c2.wixmp.com/intermediary/f/fd7c0697-63f5-4f26-8db8-6dad33e98c46/dcz9jok-b0c7ea29-a3b3-424c-8585-53b7e5f858bb.jpg/v1/fill/w_751,h_1063,q_70,strp/everybody_loves_sora___beautiful_by_ry_spirit_dcz9jok-pre.jpg&quot; data-super-width=&quot;751&quot; data-super-height=&quot;1063&quot; data-super-transparent=&quot;false&quot; data-super-alt=&quot;Everybody Loves Sora - Beautiful by Ry-Spirit&quot; data-super-full-img=&quot;https://images-wixmp-ed30a86b8c4ca887773594c2.wixmp.com/intermediary/f/fd7c0697-63f5-4f26-8db8-6dad33e98c46/dcz9jok-b0c7ea29-a3b3-424c-8585-53b7e5f858bb.jpg/v1/fill/w_800,h_1132,q_70,strp/everybody_loves_sora___beautiful_by_ry_spirit_dcz9jok-fullview.jpg&quot; data-super-full-width=&quot;800&quot; data-super-full-height=&quot;1132&quot;        data-sigil=&quot;thumb&quot;&gt;
        &lt;i&gt;&lt;/i&gt;&lt;img   width=&quot;106&quot; height=&quot;150&quot; alt=&quot;Everybody Loves Sora - Beautiful by Ry-Spirit&quot; src=&quot;https://images-wixmp-ed30a86b8c4ca887773594c2.wixmp.com/intermediary/f/fd7c0697-63f5-4f26-8db8-6dad33e98c46/dcz9jok-b0c7ea29-a3b3-424c-8585-53b7e5f858bb.jpg/v1/fit/w_150,h_150,q_70,strp/everybody_loves_sora___beautiful_by_ry_spirit_dcz9jok-150.jpg&quot; data-src=&quot;https://images-wixmp-ed30a86b8c4ca887773594c2.wixmp.com/intermediary/f/fd7c0697-63f5-4f26-8db8-6dad33e98c46/dcz9jok-b0c7ea29-a3b3-424c-8585-53b7e5f858bb.jpg/v1/fit/w_150,h_150,q_70,strp/everybody_loves_sora___beautiful_by_ry_spirit_dcz9jok-150.jpg&quot; srcset=&quot;https://images-wixmp-ed30a86b8c4ca887773594c2.wixmp.com/intermediary/f/fd7c0697-63f5-4f26-8db8-6dad33e98c46/dcz9jok-b0c7ea29-a3b3-424c-8585-53b7e5f858bb.jpg/v1/fit/w_150,h_150,q_70,strp/everybody_loves_sora___beautiful_by_ry_spirit_dcz9jok-150.jpg 106w,https://images-wixmp-ed30a86b8c4ca887773594c2.wixmp.com/intermediary/f/fd7c0697-63f5-4f26-8db8-6dad33e98c46/dcz9jok-b0c7ea29-a3b3-424c-8585-53b7e5f858bb.jpg/v1/fill/w_177,h_250,q_70,strp/everybody_loves_sora___beautiful_by_ry_spirit_dcz9jok-250t.jpg 177w,https://images-wixmp-ed30a86b8c4ca887773594c2.wixmp.com/intermediary/f/fd7c0697-63f5-4f26-8db8-6dad33e98c46/dcz9jok-b0c7ea29-a3b3-424c-8585-53b7e5f858bb.jpg/v1/crop/w_247,h_350,x_0,y_0,scl_0.1204468188441,q_70,strp/everybody_loves_sora___beautiful_by_ry_spirit_dcz9jok-350t.jpg 247w,https://images-wixmp-ed30a86b8c4ca887773594c2.wixmp.com/intermediary/f/fd7c0697-63f5-4f26-8db8-6dad33e98c46/dcz9jok-b0c7ea29-a3b3-424c-8585-53b7e5f858bb.jpg/v1/fill/w_283,h_400,q_70,strp/everybody_loves_sora___beautiful_by_ry_spirit_dcz9jok-400t.jpg 283w,https://images-wixmp-ed30a86b8c4ca887773594c2.wixmp.com/intermediary/f/fd7c0697-63f5-4f26-8db8-6dad33e98c46/dcz9jok-b0c7ea29-a3b3-424c-8585-53b7e5f858bb.jpg/v1/fill/w_751,h_1063,q_70,strp/everybody_loves_sora___beautiful_by_ry_spirit_dcz9jok-pre.jpg 751w&quot; sizes=&quot;106px&quot;&gt;&lt;/a&gt;&lt;/span&gt;&lt;!-- ^TTT --&gt;&lt;!-- TTT$ --&gt;&lt;/span&gt;&lt;br /&gt;&lt;div&gt;&lt;br /&gt;&lt;/div&gt;&lt;div&gt;&lt;a class=&quot;external&quot; href=&quot;https://www.deviantart.com/users/outgoing?https://www.teepublic.com/user/ryspirit&quot;&gt;[Buy T-Shirt]&lt;/a&gt; &lt;a class=&quot;external&quot; href=&quot;https://www.deviantart.com/users/outgoing?http://www.facebook.com/ryspiritart&quot;&gt;[Facebook]&lt;/a&gt; &lt;a class=&quot;external&quot; href=&quot;https://www.deviantart.com/users/outgoing?http://ry-spirit.tumblr.com&quot;&gt;[Tumblr]&lt;/a&gt; &lt;a class=&quot;external&quot; href=&quot;https://www.deviantart.com/users/outgoing?http://www.youtube.com/ryspirit&quot;&gt;[Youtube]&lt;/a&gt; &lt;a class=&quot;external&quot; href=&quot;https://www.deviantart.com/users/outgoing?http://twitter.com/RySpirit&quot;&gt;[Twitter]&lt;/a&gt; &lt;a class=&quot;external&quot; href=&quot;https://www.deviantart.com/users/outgoing?https://instagram.com/ryspiritart/&quot;&gt;[Instagram]&lt;/a&gt; &lt;a class=&quot;external&quot; href=&quot;https://www.deviantart.com/users/outgoing?http://www.patreon.com/RySpirit&quot;&gt;[PATREON]&lt;/a&gt;&lt;br /&gt;&lt;/div&gt;&lt;br /&gt;&lt;div&gt;&lt;img src=&quot;https://t00.deviantart.net/NnILHQ5F6i7vRL20uU7aKOwD8GA=/300x200/filters:fixed_height(100,100):origin()/pre00/b956/th/pre/i/2019/049/7/e/everybody_loves_sora___power_of_waking_by_ry_spirit-dd04mdv.jpg&quot; alt=&quot;thumbnail&quot; /&gt;&lt;/div&gt;</description>            </item>
                    <item>
                <title>The Kung Fu Monster</title>
                <link>https://hypex2772.deviantart.com/art/The-Kung-Fu-Monster-786230939</link>
                <guid isPermaLink="true">https://hypex2772.deviantart.com/art/The-Kung-Fu-Monster-786230939</guid>
                <pubDate>Mon, 18 Feb 2019 13:57:31 PST</pubDate>
                        <media:title type="plain">The Kung Fu Monster</media:title>
        <media:keywords></media:keywords>
                        <media:rating>nonadult</media:rating>
                <media:category label="Raw Fractals">digitalart/fractals/rawfractal</media:category>
        <media:credit role="author" scheme="urn:ebu">hypex2772</media:credit>
        <media:credit role="author" scheme="urn:ebu">https://a.deviantart.net/avatars/h/y/hypex2772.png?3</media:credit>
        <media:copyright url="https://hypex2772.deviantart.com">Copyright 2019 hypex2772</media:copyright>            <media:description type="html">Mandelbulb 3D. DEcombinate: _DEComb_ISph_Plane + _SinApprox + Aexion C + transformIFS + totoricalIFS + HeightMapIFS&lt;br /&gt;&lt;br /&gt;Experimental work. Aexion C surrounded by totoricalIFS-transformed HeightMapIFS. &lt;br /&gt;&lt;br /&gt;&lt;br /&gt;Mandelbulb3Dv18{&lt;br /&gt;g......1...k4...I....2A....6KxO7Yuv9.LFAvKiBGY4EFAbax3h/IzvBhaSR0Wfxz6fdayzWe81E&lt;br /&gt;................................qWTK6XaCvy1.......EW./..................y.2...wD&lt;br /&gt;...Uz6...MYpd.../Q.1/....2kc0...E....2kb.....6/pPhz30frD/QkldcsD...61dTvfh1.OaN4&lt;br /&gt;.JEnAnQD12..12......................OaNaNaNaNz1..........2U5.....y1...sD...../..&lt;br /&gt;.z1...sDVG1rEyD/IyntQH2JApaJzg1u1QXyZ.ljEHbKT7iQKxv7xF/vGqzYzEZQMbITw2pjauysxsDO&lt;br /&gt;dv976UyK/DIIzkipBsn68EtDU.....oTZ/..J03.......sD.6....sD..G.....................&lt;br /&gt;.............oAnAt1...sD5Sea.x1...................................kldcsD5....2..&lt;br /&gt;.....Ksulz1.......kzXQytb1UX.U7.81...A/...UD....Y.U06.5..U.F....6/...Ao0....SrbH&lt;br /&gt;.E4U.06U.SirSvxtz16EbHRoh06.Jc..7H9a...........U6s41pmERLz1..........2.28.kFrA0.&lt;br /&gt;.Ub96aAIVz9.1se7Umvxz0..........2QcL.UAPF/..NfwaoPWtzu.H71LjW//k.gY7TPH3cz1/5u3.&lt;br /&gt;6nKI...ET/.lFZyDd95HSL//F.A.6xWOah42.J./CxDU.yD...UEU2dNtv18eUi5Sgzqz0USOg5qMHzD&lt;br /&gt;3EUHz16Uz1...EAT8F81z0EawIc8LlxD.oBd.s5Cpz1..2xeV0.U.06UACFnx08..06U.Wl78vfa..6U&lt;br /&gt;.0MctgAgZ0.U.06URDYnmi7..06U.mfHA5Pd..6U.0cBNlggD0.U.06UKBqlxa7..06U.4QPFL9d..6U&lt;br /&gt;.0c/sVwfK0.U.06U..ULrZ3P1TFMFKYSUpmUUy5Zc6ZLMxdM..1Nic4Qb/......................&lt;br /&gt;E6...MU2HBE.....I....Q....kL2JoEjpaMTZoIkVqLElKMiJ4.............................&lt;br /&gt;.....................cNaNaNaNaxD........1.2........A./.................ctl1BnAnA&lt;br /&gt;nAn2./..........................................................................&lt;br /&gt;.....................2.....3....3....wpIdtKEk/bQjV5.dBKMg/......................&lt;br /&gt;02E./2........................zDBnAnAnAnUzXNaNaNaNq..3nAnAnAnQyD................&lt;br /&gt;................................................................................&lt;br /&gt;................................/....Y.....0..../J4SdxaPUA2.rN1.................&lt;br /&gt;.............6U...U.0...................E.2........wz.........zD........kz1.....&lt;br /&gt;...2./........zD........kz1........5./..........................................&lt;br /&gt;..........................................E.....I....c.....Rm3aPnNqPmpKG4B3.ElKM&lt;br /&gt;iJ4......................MU/46U.0....................YaNaNaNaL1EOaNaNaNq8/A.....&lt;br /&gt;..kK.1......M93E.......aH/2........................................wz...........&lt;br /&gt;.....................................................2.....3....7....ErPoxaQdBKM&lt;br /&gt;gZYFH/...................................6...........I......U93E........E.2.....&lt;br /&gt;.............E.E...................wzmAnAnAnAo2k...................szAnAnAnAnAyD&lt;br /&gt;OaNaNaNaty1........wz0........................................../....E/...U1....&lt;br /&gt;6JKObV4RB34Q7NoI..........................U./2E./2E.4MU/06E./..........IH02.....&lt;br /&gt;...........................UT4Ls.VY7zsFVf53iSItDKaNaNaNai.A.....................&lt;br /&gt;..............................zD...................wz.......................}&lt;br /&gt;{Titel: The Kung Fu Monster}</media:description>            <media:thumbnail url="https://t00.deviantart.net/2_sK-rNsyx33_7fitEKMjPZTFPY=/fit-in/150x150/filters:no_upscale():origin()/pre00/e625/th/pre/i/2019/049/3/1/the_kung_fu_monster_by_hypex2772-dd03nob.png" height="84" width="150"/>            <media:thumbnail url="https://t00.deviantart.net/ehrBYjM8DDCGdexWZu3Rwwqg4Bs=/fit-in/300x900/filters:no_upscale():origin()/pre00/e625/th/pre/i/2019/049/3/1/the_kung_fu_monster_by_hypex2772-dd03nob.png" height="169" width="300"/>            <media:thumbnail url="https://t00.deviantart.net/C4wLgjHbcaxsZ-IZuXyz43lWObQ=/300x200/filters:fixed_height(100,100):origin()/pre00/e625/th/pre/i/2019/049/3/1/the_kung_fu_monster_by_hypex2772-dd03nob.png" height="169" width="300"/>            <media:content url="https://img00.deviantart.net/3295/i/2019/049/3/1/the_kung_fu_monster_by_hypex2772-dd03nob.png" height="576" width="1024" medium="image"/>            
            <description>Mandelbulb 3D. DEcombinate: _DEComb_ISph_Plane + _SinApprox + Aexion C + transformIFS + totoricalIFS + HeightMapIFS&lt;br /&gt;&lt;br /&gt;Experimental work. Aexion C surrounded by totoricalIFS-transformed HeightMapIFS. &lt;br /&gt;&lt;br /&gt;&lt;br /&gt;Mandelbulb3Dv18{&lt;br /&gt;g......1...k4...I....2A....6KxO7Yuv9.LFAvKiBGY4EFAbax3h/IzvBhaSR0Wfxz6fdayzWe81E&lt;br /&gt;................................qWTK6XaCvy1.......EW./..................y.2...wD&lt;br /&gt;...Uz6...MYpd.../Q.1/....2kc0...E....2kb.....6/pPhz30frD/QkldcsD...61dTvfh1.OaN4&lt;br /&gt;.JEnAnQD12..12......................OaNaNaNaNz1..........2U5.....y1...sD...../..&lt;br /&gt;.z1...sDVG1rEyD/IyntQH2JApaJzg1u1QXyZ.ljEHbKT7iQKxv7xF/vGqzYzEZQMbITw2pjauysxsDO&lt;br /&gt;dv976UyK/DIIzkipBsn68EtDU.....oTZ/..J03.......sD.6....sD..G.....................&lt;br /&gt;.............oAnAt1...sD5Sea.x1...................................kldcsD5....2..&lt;br /&gt;.....Ksulz1.......kzXQytb1UX.U7.81...A/...UD....Y.U06.5..U.F....6/...Ao0....SrbH&lt;br /&gt;.E4U.06U.SirSvxtz16EbHRoh06.Jc..7H9a...........U6s41pmERLz1..........2.28.kFrA0.&lt;br /&gt;.Ub96aAIVz9.1se7Umvxz0..........2QcL.UAPF/..NfwaoPWtzu.H71LjW//k.gY7TPH3cz1/5u3.&lt;br /&gt;6nKI...ET/.lFZyDd95HSL//F.A.6xWOah42.J./CxDU.yD...UEU2dNtv18eUi5Sgzqz0USOg5qMHzD&lt;br /&gt;3EUHz16Uz1...EAT8F81z0EawIc8LlxD.oBd.s5Cpz1..2xeV0.U.06UACFnx08..06U.Wl78vfa..6U&lt;br /&gt;.0MctgAgZ0.U.06URDYnmi7..06U.mfHA5Pd..6U.0cBNlggD0.U.06UKBqlxa7..06U.4QPFL9d..6U&lt;br /&gt;.0c/sVwfK0.U.06U..ULrZ3P1TFMFKYSUpmUUy5Zc6ZLMxdM..1Nic4Qb/......................&lt;br /&gt;E6...MU2HBE.....I....Q....kL2JoEjpaMTZoIkVqLElKMiJ4.............................&lt;br /&gt;.....................cNaNaNaNaxD........1.2........A./.................ctl1BnAnA&lt;br /&gt;nAn2./..........................................................................&lt;br /&gt;.....................2.....3....3....wpIdtKEk/bQjV5.dBKMg/......................&lt;br /&gt;02E./2........................zDBnAnAnAnUzXNaNaNaNq..3nAnAnAnQyD................&lt;br /&gt;................................................................................&lt;br /&gt;................................/....Y.....0..../J4SdxaPUA2.rN1.................&lt;br /&gt;.............6U...U.0...................E.2........wz.........zD........kz1.....&lt;br /&gt;...2./........zD........kz1........5./..........................................&lt;br /&gt;..........................................E.....I....c.....Rm3aPnNqPmpKG4B3.ElKM&lt;br /&gt;iJ4......................MU/46U.0....................YaNaNaNaL1EOaNaNaNq8/A.....&lt;br /&gt;..kK.1......M93E.......aH/2........................................wz...........&lt;br /&gt;.....................................................2.....3....7....ErPoxaQdBKM&lt;br /&gt;gZYFH/...................................6...........I......U93E........E.2.....&lt;br /&gt;.............E.E...................wzmAnAnAnAo2k...................szAnAnAnAnAyD&lt;br /&gt;OaNaNaNaty1........wz0........................................../....E/...U1....&lt;br /&gt;6JKObV4RB34Q7NoI..........................U./2E./2E.4MU/06E./..........IH02.....&lt;br /&gt;...........................UT4Ls.VY7zsFVf53iSItDKaNaNaNai.A.....................&lt;br /&gt;..............................zD...................wz.......................}&lt;br /&gt;{Titel: The Kung Fu Monster}&lt;br /&gt;&lt;div&gt;&lt;img src=&quot;https://t00.deviantart.net/C4wLgjHbcaxsZ-IZuXyz43lWObQ=/300x200/filters:fixed_height(100,100):origin()/pre00/e625/th/pre/i/2019/049/3/1/the_kung_fu_monster_by_hypex2772-dd03nob.png&quot; alt=&quot;thumbnail&quot; /&gt;&lt;/div&gt;</description>            </item>
                    <item>
                <title>How to draw ORIGINAL CHARACTER SHAPES QUICK TIP!</title>
                <link>https://etheringtonbrothers.deviantart.com/art/How-to-draw-ORIGINAL-CHARACTER-SHAPES-QUICK-TIP-786293304</link>
                <guid isPermaLink="true">https://etheringtonbrothers.deviantart.com/art/How-to-draw-ORIGINAL-CHARACTER-SHAPES-QUICK-TIP-786293304</guid>
                <pubDate>Tue, 19 Feb 2019 06:05:48 PST</pubDate>
                        <media:title type="plain">How to draw ORIGINAL CHARACTER SHAPES QUICK TIP!</media:title>
        <media:keywords></media:keywords>
                        <media:rating>nonadult</media:rating>
                <media:category label="Human Anatomy">resources/tutorials/tradart/drawing/anatomy</media:category>
        <media:credit role="author" scheme="urn:ebu">EtheringtonBrothers</media:credit>
        <media:credit role="author" scheme="urn:ebu">https://a.deviantart.net/avatars/e/t/etheringtonbrothers.png?8</media:credit>
        <media:copyright url="https://etheringtonbrothers.deviantart.com">Copyright 2019 EtheringtonBrothers</media:copyright>            <media:description type="html">&lt;span&gt;Today&#039;s&amp;nbsp;&lt;/span&gt;&lt;b&gt;&lt;a href=&quot;https://www.deviantart.com/tag/howtothinkwhenyoudraw&quot;&gt;&lt;/a&gt;&lt;a href=&quot;https://www.deviantart.com/tag/howtothinkwhenyoudraw&quot;&gt;&lt;/a&gt;&lt;a href=&quot;https://www.deviantart.com/tag/howtothinkwhenyoudraw&quot;&gt;&lt;/a&gt;&lt;a href=&quot;https://www.deviantart.com/tag/howtothinkwhenyoudraw&quot;&gt;&lt;/a&gt;&lt;a href=&quot;https://www.deviantart.com/tag/howtothinkwhenyoudraw&quot;&gt;&lt;a class=&quot;discoverytag&quot; href=&quot;https://www.deviantart.com/tag/howtothinkwhenyoudraw&quot; data-canonical-tag=&quot;howtothinkwhenyoudraw&quot;&gt;#howtothinkwhenyoudraw&lt;/a&gt;&lt;/a&gt;&lt;/b&gt;&lt;span&gt;&amp;nbsp;&lt;/span&gt;&lt;b&gt;QUICK TIP&lt;/b&gt;&lt;span&gt;&amp;nbsp;is&amp;nbsp;all about&amp;nbsp;&lt;/span&gt;&lt;span&gt;&lt;b&gt;A REALLY FAST WAY to create ENDLESS CHARACTER DESIGN SHAPE VARIATIONS!&lt;/b&gt;&lt;/span&gt;&lt;b&gt;&amp;nbsp;&lt;/b&gt;&lt;span&gt;Tutorials&amp;nbsp;&lt;/span&gt;&lt;b&gt;BOOKS 1 and 2&lt;/b&gt;&lt;span&gt;&amp;nbsp;coming EXCLUSIVELY to KICKSTARTER&amp;nbsp;&lt;/span&gt;&lt;b&gt;NEXT MONTH,&amp;nbsp;&lt;/b&gt;&lt;span&gt;just mail&amp;nbsp;&lt;/span&gt;&lt;i&gt;&lt;b&gt;&amp;#8220;Add me, Lorenzo!&amp;#8221;&lt;/b&gt;&lt;/i&gt;&lt;span&gt;&amp;nbsp;to&amp;nbsp;&lt;/span&gt;&lt;b&gt;misterlorenzoboy@yahoo.co.uk&lt;/b&gt;&lt;span&gt;&amp;nbsp;to be on the SECRET LAUNCH WEEK MAILING LIST - the only way to guarantee you don&amp;#8217;t miss them, since the books will&amp;nbsp;&lt;/span&gt;&lt;b&gt;&lt;i&gt;NOT&lt;/i&gt;&lt;/b&gt;&lt;span&gt;&amp;nbsp;be made available&amp;nbsp;&lt;/span&gt;&lt;b&gt;&lt;i&gt;anywhere else&lt;/i&gt;&lt;/b&gt;&lt;span&gt;&amp;nbsp;this year (online, Amazon, bookshops etc)!&lt;/span&gt;&lt;br /&gt;&lt;br /&gt;&lt;span&gt;I&#039;ve uploaded EVERY TUTORIAL I&#039;ve EVER MADE, and 1,000s of my REFERENCE SETS into one MASSIVE ENDLESS GALLERY, right&amp;nbsp;&lt;/span&gt;&lt;a class=&quot;external&quot; href=&quot;https://www.deviantart.com/users/outgoing?https://www.instagram.com/etheringtonbrothers/&quot;&gt;&lt;b&gt;HERE!&lt;/b&gt;&lt;/a&gt;&lt;br /&gt;&lt;br /&gt;&lt;span&gt;Lorenzo!&lt;/span&gt;</media:description>            <media:thumbnail url="https://t00.deviantart.net/imljDL2ZjtApPBuI2qzvahmsJ_g=/fit-in/150x150/filters:no_upscale():origin()/pre00/bb62/th/pre/f/2019/050/0/0/how_to_draw_original_character_shapes_quick_tip__by_etheringtonbrothers-dd04zso.jpg" height="150" width="150"/>            <media:thumbnail url="https://t00.deviantart.net/cX1thd3CYFTqMHkZWL8oBS_dNJg=/fit-in/300x900/filters:no_upscale():origin()/pre00/bb62/th/pre/f/2019/050/0/0/how_to_draw_original_character_shapes_quick_tip__by_etheringtonbrothers-dd04zso.jpg" height="300" width="300"/>            <media:thumbnail url="https://t00.deviantart.net/bk7N95xnNjRuYBySOWRq6V7Gy7o=/300x200/filters:fixed_height(100,100):origin()/pre00/bb62/th/pre/f/2019/050/0/0/how_to_draw_original_character_shapes_quick_tip__by_etheringtonbrothers-dd04zso.jpg" height="200" width="200"/>            <media:content url="https://orig00.deviantart.net/90b8/f/2019/050/0/0/how_to_draw_original_character_shapes_quick_tip__by_etheringtonbrothers-dd04zso.jpg" height="792" width="792" medium="image"/>            
            <description>&lt;span&gt;Today&#039;s&amp;nbsp;&lt;/span&gt;&lt;b&gt;&lt;a href=&quot;https://www.deviantart.com/tag/howtothinkwhenyoudraw&quot;&gt;&lt;/a&gt;&lt;a href=&quot;https://www.deviantart.com/tag/howtothinkwhenyoudraw&quot;&gt;&lt;/a&gt;&lt;a href=&quot;https://www.deviantart.com/tag/howtothinkwhenyoudraw&quot;&gt;&lt;/a&gt;&lt;a href=&quot;https://www.deviantart.com/tag/howtothinkwhenyoudraw&quot;&gt;&lt;/a&gt;&lt;a href=&quot;https://www.deviantart.com/tag/howtothinkwhenyoudraw&quot;&gt;&lt;a class=&quot;discoverytag&quot; href=&quot;https://www.deviantart.com/tag/howtothinkwhenyoudraw&quot; data-canonical-tag=&quot;howtothinkwhenyoudraw&quot;&gt;#howtothinkwhenyoudraw&lt;/a&gt;&lt;/a&gt;&lt;/b&gt;&lt;span&gt;&amp;nbsp;&lt;/span&gt;&lt;b&gt;QUICK TIP&lt;/b&gt;&lt;span&gt;&amp;nbsp;is&amp;nbsp;all about&amp;nbsp;&lt;/span&gt;&lt;span&gt;&lt;b&gt;A REALLY FAST WAY to create ENDLESS CHARACTER DESIGN SHAPE VARIATIONS!&lt;/b&gt;&lt;/span&gt;&lt;b&gt;&amp;nbsp;&lt;/b&gt;&lt;span&gt;Tutorials&amp;nbsp;&lt;/span&gt;&lt;b&gt;BOOKS 1 and 2&lt;/b&gt;&lt;span&gt;&amp;nbsp;coming EXCLUSIVELY to KICKSTARTER&amp;nbsp;&lt;/span&gt;&lt;b&gt;NEXT MONTH,&amp;nbsp;&lt;/b&gt;&lt;span&gt;just mail&amp;nbsp;&lt;/span&gt;&lt;i&gt;&lt;b&gt;&amp;#8220;Add me, Lorenzo!&amp;#8221;&lt;/b&gt;&lt;/i&gt;&lt;span&gt;&amp;nbsp;to&amp;nbsp;&lt;/span&gt;&lt;b&gt;misterlorenzoboy@yahoo.co.uk&lt;/b&gt;&lt;span&gt;&amp;nbsp;to be on the SECRET LAUNCH WEEK MAILING LIST - the only way to guarantee you don&amp;#8217;t miss them, since the books will&amp;nbsp;&lt;/span&gt;&lt;b&gt;&lt;i&gt;NOT&lt;/i&gt;&lt;/b&gt;&lt;span&gt;&amp;nbsp;be made available&amp;nbsp;&lt;/span&gt;&lt;b&gt;&lt;i&gt;anywhere else&lt;/i&gt;&lt;/b&gt;&lt;span&gt;&amp;nbsp;this year (online, Amazon, bookshops etc)!&lt;/span&gt;&lt;br /&gt;&lt;br /&gt;&lt;span&gt;I&#039;ve uploaded EVERY TUTORIAL I&#039;ve EVER MADE, and 1,000s of my REFERENCE SETS into one MASSIVE ENDLESS GALLERY, right&amp;nbsp;&lt;/span&gt;&lt;a class=&quot;external&quot; href=&quot;https://www.deviantart.com/users/outgoing?https://www.instagram.com/etheringtonbrothers/&quot;&gt;&lt;b&gt;HERE!&lt;/b&gt;&lt;/a&gt;&lt;br /&gt;&lt;br /&gt;&lt;span&gt;Lorenzo!&lt;/span&gt;&lt;br /&gt;&lt;div&gt;&lt;img src=&quot;https://t00.deviantart.net/bk7N95xnNjRuYBySOWRq6V7Gy7o=/300x200/filters:fixed_height(100,100):origin()/pre00/bb62/th/pre/f/2019/050/0/0/how_to_draw_original_character_shapes_quick_tip__by_etheringtonbrothers-dd04zso.jpg&quot; alt=&quot;thumbnail&quot; /&gt;&lt;/div&gt;</description>            </item>
                    <item>
                <title>Flame guard (Collab with Grimmla)</title>
                <link>https://dragolisco.deviantart.com/art/Flame-guard-Collab-with-Grimmla-786241126</link>
                <guid isPermaLink="true">https://dragolisco.deviantart.com/art/Flame-guard-Collab-with-Grimmla-786241126</guid>
                <pubDate>Mon, 18 Feb 2019 15:10:43 PST</pubDate>
                        <media:title type="plain">Flame guard (Collab with Grimmla)</media:title>
        <media:keywords></media:keywords>
                        <media:rating>nonadult</media:rating>
                <media:category label="Fantasy">digitalart/paintings/fantasy</media:category>
        <media:credit role="author" scheme="urn:ebu">Dragolisco</media:credit>
        <media:credit role="author" scheme="urn:ebu">https://a.deviantart.net/avatars/d/r/dragolisco.jpg?12</media:credit>
        <media:copyright url="https://dragolisco.deviantart.com">Copyright 2019 Dragolisco</media:copyright>            <media:description type="html">Another collab I did with &lt;a target=&quot;_self&quot; href=&quot;https://www.deviantart.com/grimmla&quot; &gt;&lt;img class=&quot;avatar&quot; width=&quot;50&quot; height=&quot;50&quot; src=&quot;https://a.deviantart.net/avatars/g/r/grimmla.gif?8&quot; alt=&quot;:icongrimmla:&quot; title=&quot;Grimmla&quot; /&gt;&lt;/a&gt;, she did the sketch, I added shading and colors. I was fun! I hope you guys like it!&lt;br /&gt;Since this is a collab, I won&#039;t submit this picture, nor the .psd, to my Patreon. I hope you understand. If you want to support me, check:&amp;nbsp;&lt;a class=&quot;external&quot; href=&quot;https://www.deviantart.com/users/outgoing?https://www.patreon.com/dragolisco&quot;&gt;www.patreon.com/dragolisco&lt;/a&gt; , I&#039;ll appreciate it much!</media:description>            <media:thumbnail url="https://t00.deviantart.net/MTaIGPtEPpLty9_7NsJ6vXMUTHE=/fit-in/150x150/filters:no_upscale():origin()/pre00/e1a7/th/pre/i/2019/049/9/6/flame_guard__collab_with_grimmla__by_dragolisco-dd03vja.jpg" height="69" width="150"/>            <media:thumbnail url="https://t00.deviantart.net/Bsqdd4VPA99EABSgYSbwUNH0F44=/fit-in/300x900/filters:no_upscale():origin()/pre00/e1a7/th/pre/i/2019/049/9/6/flame_guard__collab_with_grimmla__by_dragolisco-dd03vja.jpg" height="138" width="300"/>            <media:thumbnail url="https://t00.deviantart.net/4taLJYv8ON_ONJEYLTzoCIefFmM=/300x200/filters:fixed_height(100,100):origin()/pre00/e1a7/th/pre/i/2019/049/9/6/flame_guard__collab_with_grimmla__by_dragolisco-dd03vja.jpg" height="138" width="300"/>            <media:content url="https://pre00.deviantart.net/e1a7/th/pre/i/2019/049/9/6/flame_guard__collab_with_grimmla__by_dragolisco-dd03vja.jpg" height="606" width="1319" medium="image"/>            
            <description>Another collab I did with &lt;a target=&quot;_self&quot; href=&quot;https://www.deviantart.com/grimmla&quot; &gt;&lt;img class=&quot;avatar&quot; width=&quot;50&quot; height=&quot;50&quot; src=&quot;https://a.deviantart.net/avatars/g/r/grimmla.gif?8&quot; alt=&quot;:icongrimmla:&quot; title=&quot;Grimmla&quot; /&gt;&lt;/a&gt;, she did the sketch, I added shading and colors. I was fun! I hope you guys like it!&lt;br /&gt;Since this is a collab, I won&#039;t submit this picture, nor the .psd, to my Patreon. I hope you understand. If you want to support me, check:&amp;nbsp;&lt;a class=&quot;external&quot; href=&quot;https://www.deviantart.com/users/outgoing?https://www.patreon.com/dragolisco&quot;&gt;www.patreon.com/dragolisco&lt;/a&gt; , I&#039;ll appreciate it much!&lt;br /&gt;&lt;div&gt;&lt;img src=&quot;https://t00.deviantart.net/4taLJYv8ON_ONJEYLTzoCIefFmM=/300x200/filters:fixed_height(100,100):origin()/pre00/e1a7/th/pre/i/2019/049/9/6/flame_guard__collab_with_grimmla__by_dragolisco-dd03vja.jpg&quot; alt=&quot;thumbnail&quot; /&gt;&lt;/div&gt;</description>            </item>
                    <item>
                <title>#1652 Abstract BB - Zodiac Capricorn</title>
                <link>https://griffsnuff.deviantart.com/art/1652-Abstract-BB-Zodiac-Capricorn-786261241</link>
                <guid isPermaLink="true">https://griffsnuff.deviantart.com/art/1652-Abstract-BB-Zodiac-Capricorn-786261241</guid>
                <pubDate>Mon, 18 Feb 2019 17:41:10 PST</pubDate>
                        <media:title type="plain">#1652 Abstract BB - Zodiac Capricorn</media:title>
        <media:keywords></media:keywords>
                        <media:rating>nonadult</media:rating>
                <media:category label="Other">digitalart/paintings/other</media:category>
        <media:credit role="author" scheme="urn:ebu">griffsnuff</media:credit>
        <media:credit role="author" scheme="urn:ebu">https://a.deviantart.net/avatars/g/r/griffsnuff.gif?12</media:credit>
        <media:copyright url="https://griffsnuff.deviantart.com">Copyright 2019 griffsnuff</media:copyright>            <media:description type="html">&lt;img src=&quot;https://e.deviantart.net/emoticons/l/la.gif&quot; alt=&quot;La la la la&quot; style=&quot;width: 19px; height: 19px;&quot; data-embed-type=&quot;emoticon&quot; data-embed-id=&quot;577&quot;&gt;&amp;nbsp;Doing the Zodiacs in Titan form!&amp;nbsp; &lt;b&gt;Last one for today! hand is dead&lt;/b&gt;&lt;br /&gt;&lt;br /&gt;&lt;b&gt;Rules for&amp;nbsp;flatsales&lt;/b&gt;&lt;br /&gt;&lt;img src=&quot;https://e.deviantart.net/emoticons/b/bulletgreen.gif&quot; alt=&quot;Bullet; Green&quot; style=&quot;width: 10px; height: 10px;&quot; data-embed-type=&quot;emoticon&quot; data-embed-id=&quot;209&quot;&gt;&amp;nbsp;Paypal only!&lt;br /&gt;&lt;img src=&quot;https://e.deviantart.net/emoticons/b/bulletred.gif&quot; alt=&quot;Bullet; Red&quot; style=&quot;width: 10px; height: 10px;&quot; data-embed-type=&quot;emoticon&quot; data-embed-id=&quot;210&quot;&gt;&amp;nbsp;First come first serve&lt;br /&gt;&lt;img src=&quot;https://e.deviantart.net/emoticons/b/bulletred.gif&quot; alt=&quot;Bullet; Red&quot; style=&quot;width: 10px; height: 10px;&quot; data-embed-type=&quot;emoticon&quot; data-embed-id=&quot;210&quot;&gt;&amp;nbsp;Do not claim unless you have the full amount asked for.&lt;br /&gt;&lt;img src=&quot;https://e.deviantart.net/emoticons/b/bulletred.gif&quot; alt=&quot;Bullet; Red&quot; style=&quot;width: 10px; height: 10px;&quot; data-embed-type=&quot;emoticon&quot; data-embed-id=&quot;210&quot;&gt;&amp;nbsp;Payment due after claiming it or it will be resold.&lt;br /&gt;&lt;br /&gt;&lt;b&gt;$200 PAID&lt;/b&gt;&lt;br /&gt;&lt;br /&gt;&lt;b&gt;Information&lt;/b&gt;&lt;br /&gt;Griffian: Bagbean ( Titan form)&lt;br /&gt;Subtype: Abstract&lt;br /&gt;Status: Gifted, Blessed&lt;br /&gt;Mutations: Glow&amp;nbsp; - Mineral growth,&amp;nbsp; &amp;nbsp;, Different tail, Keratin growth, Coat cover&lt;br /&gt;Owner:&amp;nbsp;&lt;a href=&quot;https://www.deviantart.com/pixiepea&quot;&gt;pixiepea&lt;/a&gt;&lt;span&gt;&lt;/span&gt;</media:description>            <media:thumbnail url="https://t00.deviantart.net/z--tI-Mayph1gceOe66xLSjTXAE=/fit-in/150x150/filters:no_upscale():origin()/pre00/2fb3/th/pre/f/2019/049/9/e/bagbean_72f_by_griffsnuff-dd04b21.png" height="113" width="150"/>            <media:thumbnail url="https://t00.deviantart.net/G9RqFPtq85T8h9q_y_QXEbnwsHc=/fit-in/300x900/filters:no_upscale():origin()/pre00/2fb3/th/pre/f/2019/049/9/e/bagbean_72f_by_griffsnuff-dd04b21.png" height="227" width="300"/>            <media:thumbnail url="https://t00.deviantart.net/Xg2RkaUwbeSC6oJUEXlmAp5ITXw=/300x200/filters:fixed_height(100,100):origin()/pre00/2fb3/th/pre/f/2019/049/9/e/bagbean_72f_by_griffsnuff-dd04b21.png" height="200" width="265"/>            <media:content url="https://pre00.deviantart.net/2fb3/th/pre/f/2019/049/9/e/bagbean_72f_by_griffsnuff-dd04b21.png" height="777" width="1028" medium="image"/>            
            <description>&lt;img src=&quot;https://e.deviantart.net/emoticons/l/la.gif&quot; alt=&quot;La la la la&quot; style=&quot;width: 19px; height: 19px;&quot; data-embed-type=&quot;emoticon&quot; data-embed-id=&quot;577&quot;&gt;&amp;nbsp;Doing the Zodiacs in Titan form!&amp;nbsp; &lt;b&gt;Last one for today! hand is dead&lt;/b&gt;&lt;br /&gt;&lt;br /&gt;&lt;b&gt;Rules for&amp;nbsp;flatsales&lt;/b&gt;&lt;br /&gt;&lt;img src=&quot;https://e.deviantart.net/emoticons/b/bulletgreen.gif&quot; alt=&quot;Bullet; Green&quot; style=&quot;width: 10px; height: 10px;&quot; data-embed-type=&quot;emoticon&quot; data-embed-id=&quot;209&quot;&gt;&amp;nbsp;Paypal only!&lt;br /&gt;&lt;img src=&quot;https://e.deviantart.net/emoticons/b/bulletred.gif&quot; alt=&quot;Bullet; Red&quot; style=&quot;width: 10px; height: 10px;&quot; data-embed-type=&quot;emoticon&quot; data-embed-id=&quot;210&quot;&gt;&amp;nbsp;First come first serve&lt;br /&gt;&lt;img src=&quot;https://e.deviantart.net/emoticons/b/bulletred.gif&quot; alt=&quot;Bullet; Red&quot; style=&quot;width: 10px; height: 10px;&quot; data-embed-type=&quot;emoticon&quot; data-embed-id=&quot;210&quot;&gt;&amp;nbsp;Do not claim unless you have the full amount asked for.&lt;br /&gt;&lt;img src=&quot;https://e.deviantart.net/emoticons/b/bulletred.gif&quot; alt=&quot;Bullet; Red&quot; style=&quot;width: 10px; height: 10px;&quot; data-embed-type=&quot;emoticon&quot; data-embed-id=&quot;210&quot;&gt;&amp;nbsp;Payment due after claiming it or it will be resold.&lt;br /&gt;&lt;br /&gt;&lt;b&gt;$200 PAID&lt;/b&gt;&lt;br /&gt;&lt;br /&gt;&lt;b&gt;Information&lt;/b&gt;&lt;br /&gt;Griffian: Bagbean ( Titan form)&lt;br /&gt;Subtype: Abstract&lt;br /&gt;Status: Gifted, Blessed&lt;br /&gt;Mutations: Glow&amp;nbsp; - Mineral growth,&amp;nbsp; &amp;nbsp;, Different tail, Keratin growth, Coat cover&lt;br /&gt;Owner:&amp;nbsp;&lt;a href=&quot;https://www.deviantart.com/pixiepea&quot;&gt;pixiepea&lt;/a&gt;&lt;span&gt;&lt;/span&gt;&lt;br /&gt;&lt;div&gt;&lt;img src=&quot;https://t00.deviantart.net/Xg2RkaUwbeSC6oJUEXlmAp5ITXw=/300x200/filters:fixed_height(100,100):origin()/pre00/2fb3/th/pre/f/2019/049/9/e/bagbean_72f_by_griffsnuff-dd04b21.png&quot; alt=&quot;thumbnail&quot; /&gt;&lt;/div&gt;</description>            </item>
                    <item>
                <title>fragileMemories</title>
                <link>https://rhexfiremind.deviantart.com/art/fragileMemories-786230089</link>
                <guid isPermaLink="true">https://rhexfiremind.deviantart.com/art/fragileMemories-786230089</guid>
                <pubDate>Mon, 18 Feb 2019 13:55:18 PST</pubDate>
                        <media:title type="plain">fragileMemories</media:title>
        <media:keywords></media:keywords>
                        <media:rating>nonadult</media:rating>
                <media:category label="Conceptual">digitalart/paintings/illustrations/conceptual</media:category>
        <media:credit role="author" scheme="urn:ebu">RhexFiremind</media:credit>
        <media:credit role="author" scheme="urn:ebu">https://a.deviantart.net/avatars/r/h/rhexfiremind.jpg?10</media:credit>
        <media:copyright url="https://rhexfiremind.deviantart.com">Copyright 2019 RhexFiremind</media:copyright>            <media:description type="html">they say that the essence&amp;nbsp;of those who left us come time to time on very subtle things, simple memories and small details that make you remember them.&lt;br /&gt;&lt;br /&gt;quick painting done on procreate!&lt;br /&gt;&lt;br /&gt;what do you think? should i keep drawimg dinosaurs?</media:description>            <media:thumbnail url="https://t00.deviantart.net/btg-VpeIYXYi8-c-42HYiAdmhZU=/fit-in/150x150/filters:no_upscale():origin()/pre00/ad23/th/pre/i/2019/049/5/7/fragilememories_by_rhexfiremind-dd03n0p.png" height="77" width="150"/>            <media:thumbnail url="https://t00.deviantart.net/cbsQ8I40PrRoFFwH-LoBv_2hjW8=/fit-in/300x900/filters:no_upscale():origin()/pre00/ad23/th/pre/i/2019/049/5/7/fragilememories_by_rhexfiremind-dd03n0p.png" height="154" width="300"/>            <media:thumbnail url="https://t00.deviantart.net/wmg9C33MVRLdVFn_sGtivIqepFs=/300x200/filters:fixed_height(100,100):origin()/pre00/ad23/th/pre/i/2019/049/5/7/fragilememories_by_rhexfiremind-dd03n0p.png" height="154" width="300"/>            <media:content url="https://img00.deviantart.net/d572/i/2019/049/5/7/fragilememories_by_rhexfiremind-dd03n0p.png" height="524" width="1024" medium="image"/>            
            <description>they say that the essence&amp;nbsp;of those who left us come time to time on very subtle things, simple memories and small details that make you remember them.&lt;br /&gt;&lt;br /&gt;quick painting done on procreate!&lt;br /&gt;&lt;br /&gt;what do you think? should i keep drawimg dinosaurs?&lt;br /&gt;&lt;div&gt;&lt;img src=&quot;https://t00.deviantart.net/wmg9C33MVRLdVFn_sGtivIqepFs=/300x200/filters:fixed_height(100,100):origin()/pre00/ad23/th/pre/i/2019/049/5/7/fragilememories_by_rhexfiremind-dd03n0p.png&quot; alt=&quot;thumbnail&quot; /&gt;&lt;/div&gt;</description>            </item>
                    <item>
                <title>Inko Midoriya (my hero academia)</title>
                <link>https://cutesexyrobutts.deviantart.com/art/Inko-Midoriya-my-hero-academia-786239862</link>
                <guid isPermaLink="true">https://cutesexyrobutts.deviantart.com/art/Inko-Midoriya-my-hero-academia-786239862</guid>
                <pubDate>Mon, 18 Feb 2019 14:59:38 PST</pubDate>
                        <media:title type="plain">Inko Midoriya (my hero academia)</media:title>
        <media:keywords></media:keywords>
                        <media:rating>adult</media:rating>
                <media:category label="Paintings">manga/digital/paintings</media:category>
        <media:credit role="author" scheme="urn:ebu">cutesexyrobutts</media:credit>
        <media:credit role="author" scheme="urn:ebu">https://a.deviantart.net/avatars/c/u/cutesexyrobutts.png?3</media:credit>
        <media:copyright url="https://cutesexyrobutts.deviantart.com">Copyright 2019 cutesexyrobutts</media:copyright>            <media:description type="html"></media:description>            <media:thumbnail url="https://t00.deviantart.net/oiBOyiL-CvrswwpFZRpJTjo_bo8=/fit-in/150x150/filters:no_upscale():origin()/pre00/bd26/th/pre/i/2019/049/8/a/inko_midoriya__my_hero_academia__by_cutesexyrobutts-dd03uk6.png" height="150" width="126"/>            <media:thumbnail url="https://t00.deviantart.net/-xaGAKjab7RYMJ8vH5W9xfti854=/fit-in/300x900/filters:no_upscale():origin()/pre00/bd26/th/pre/i/2019/049/8/a/inko_midoriya__my_hero_academia__by_cutesexyrobutts-dd03uk6.png" height="358" width="300"/>            <media:thumbnail url="https://t00.deviantart.net/L6aSr6BJLIKQGobm0L5jCcWGplc=/300x200/filters:fixed_height(100,100):origin()/pre00/bd26/th/pre/i/2019/049/8/a/inko_midoriya__my_hero_academia__by_cutesexyrobutts-dd03uk6.png" height="200" width="168"/>            <media:content url="https://pre00.deviantart.net/bd26/th/pre/i/2019/049/8/a/inko_midoriya__my_hero_academia__by_cutesexyrobutts-dd03uk6.png" height="976" width="819" medium="image"/>            
            <description>&lt;br /&gt;&lt;div&gt;&lt;img src=&quot;https://t00.deviantart.net/L6aSr6BJLIKQGobm0L5jCcWGplc=/300x200/filters:fixed_height(100,100):origin()/pre00/bd26/th/pre/i/2019/049/8/a/inko_midoriya__my_hero_academia__by_cutesexyrobutts-dd03uk6.png&quot; alt=&quot;thumbnail&quot; /&gt;&lt;/div&gt;</description>            </item>
                    <item>
                <title>Dear Bowsette...</title>
                <link>https://dr--worm.deviantart.com/art/Dear-Bowsette-786244860</link>
                <guid isPermaLink="true">https://dr--worm.deviantart.com/art/Dear-Bowsette-786244860</guid>
                <pubDate>Mon, 18 Feb 2019 15:33:08 PST</pubDate>
                        <media:title type="plain">Dear Bowsette...</media:title>
        <media:keywords></media:keywords>
                        <media:rating>adult</media:rating>
                <media:category label="Drawings">manga/digital/drawings</media:category>
        <media:credit role="author" scheme="urn:ebu">Dr--Worm</media:credit>
        <media:credit role="author" scheme="urn:ebu">https://a.deviantart.net/avatars/d/r/dr--worm.gif?14</media:credit>
        <media:copyright url="https://dr--worm.deviantart.com">Copyright 2019 Dr--Worm</media:copyright>            <media:description type="html">Please come over! I&#039;ve prepared a cake for you!&amp;nbsp;&lt;br /&gt;&lt;br /&gt;&lt;a class=&quot;external&quot; href=&quot;https://www.deviantart.com/users/outgoing?https://www.patreon.com/lewdlemage&quot;&gt;Patreon&lt;/a&gt;&amp;nbsp;</media:description>            <media:thumbnail url="https://t00.deviantart.net/E2KSTvx3tX96Vfj4sWgq_cc_F9w=/fit-in/150x150/filters:no_upscale():origin()/pre00/bf26/th/pre/i/2019/049/3/7/dear_bowsette____by_dr__worm-dd03yf0.png" height="150" width="150"/>            <media:thumbnail url="https://t00.deviantart.net/tvYZfIMSFfw5VkMvIQo0tkQQbo0=/fit-in/300x900/filters:no_upscale():origin()/pre00/bf26/th/pre/i/2019/049/3/7/dear_bowsette____by_dr__worm-dd03yf0.png" height="300" width="300"/>            <media:thumbnail url="https://t00.deviantart.net/JTIthMmJk93rHUE26Ek65eU0Jro=/300x200/filters:fixed_height(100,100):origin()/pre00/bf26/th/pre/i/2019/049/3/7/dear_bowsette____by_dr__worm-dd03yf0.png" height="200" width="200"/>            <media:content url="https://pre00.deviantart.net/bf26/th/pre/i/2019/049/3/7/dear_bowsette____by_dr__worm-dd03yf0.png" height="894" width="894" medium="image"/>            
            <description>Please come over! I&#039;ve prepared a cake for you!&amp;nbsp;&lt;br /&gt;&lt;br /&gt;&lt;a class=&quot;external&quot; href=&quot;https://www.deviantart.com/users/outgoing?https://www.patreon.com/lewdlemage&quot;&gt;Patreon&lt;/a&gt;&amp;nbsp;&lt;br /&gt;&lt;div&gt;&lt;img src=&quot;https://t00.deviantart.net/JTIthMmJk93rHUE26Ek65eU0Jro=/300x200/filters:fixed_height(100,100):origin()/pre00/bf26/th/pre/i/2019/049/3/7/dear_bowsette____by_dr__worm-dd03yf0.png&quot; alt=&quot;thumbnail&quot; /&gt;&lt;/div&gt;</description>            </item>
                    <item>
                <title>miiiiina ashido</title>
                <link>https://dr--worm.deviantart.com/art/miiiiina-ashido-786244555</link>
                <guid isPermaLink="true">https://dr--worm.deviantart.com/art/miiiiina-ashido-786244555</guid>
                <pubDate>Mon, 18 Feb 2019 15:31:27 PST</pubDate>
                        <media:title type="plain">miiiiina ashido</media:title>
        <media:keywords></media:keywords>
                        <media:rating>adult</media:rating>
                <media:category label="Drawings">manga/digital/drawings</media:category>
        <media:credit role="author" scheme="urn:ebu">Dr--Worm</media:credit>
        <media:credit role="author" scheme="urn:ebu">https://a.deviantart.net/avatars/d/r/dr--worm.gif?14</media:credit>
        <media:copyright url="https://dr--worm.deviantart.com">Copyright 2019 Dr--Worm</media:copyright>            <media:description type="html">It&#039;s surprising I&#039;ve gone this long without drawing more of the BNHA girls considering how much of Horikoshi&#039;s style i&#039;ve chomped haha&lt;br /&gt;&lt;br /&gt;&lt;a class=&quot;external&quot; href=&quot;https://www.deviantart.com/users/outgoing?https://www.patreon.com/lewdlemage&quot;&gt;Patreon&lt;/a&gt;&amp;nbsp;</media:description>            <media:thumbnail url="https://t00.deviantart.net/H3YgWtZ7e7FnmXfQhMyjw6X4DZ0=/fit-in/150x150/filters:no_upscale():origin()/pre00/cdff/th/pre/i/2019/049/1/d/miiiiina_ashido_by_dr__worm-dd03y6j.png" height="150" width="98"/>            <media:thumbnail url="https://t00.deviantart.net/88NDAIxoG_ELPaHnYwJpAzYGzGw=/fit-in/300x900/filters:no_upscale():origin()/pre00/cdff/th/pre/i/2019/049/1/d/miiiiina_ashido_by_dr__worm-dd03y6j.png" height="462" width="300"/>            <media:thumbnail url="https://t00.deviantart.net/yubAHpt40nl3eoyTwqfl7g-O4jI=/300x200/filters:fixed_height(100,100):origin()/pre00/cdff/th/pre/i/2019/049/1/d/miiiiina_ashido_by_dr__worm-dd03y6j.png" height="200" width="130"/>            <media:content url="https://pre00.deviantart.net/cdff/th/pre/i/2019/049/1/d/miiiiina_ashido_by_dr__worm-dd03y6j.png" height="1109" width="721" medium="image"/>            
            <description>It&#039;s surprising I&#039;ve gone this long without drawing more of the BNHA girls considering how much of Horikoshi&#039;s style i&#039;ve chomped haha&lt;br /&gt;&lt;br /&gt;&lt;a class=&quot;external&quot; href=&quot;https://www.deviantart.com/users/outgoing?https://www.patreon.com/lewdlemage&quot;&gt;Patreon&lt;/a&gt;&amp;nbsp;&lt;br /&gt;&lt;div&gt;&lt;img src=&quot;https://t00.deviantart.net/yubAHpt40nl3eoyTwqfl7g-O4jI=/300x200/filters:fixed_height(100,100):origin()/pre00/cdff/th/pre/i/2019/049/1/d/miiiiina_ashido_by_dr__worm-dd03y6j.png&quot; alt=&quot;thumbnail&quot; /&gt;&lt;/div&gt;</description>            </item>
                    <item>
                <title>winona&#039;s hot takes</title>
                <link>https://dr--worm.deviantart.com/art/winona-s-hot-takes-786245186</link>
                <guid isPermaLink="true">https://dr--worm.deviantart.com/art/winona-s-hot-takes-786245186</guid>
                <pubDate>Mon, 18 Feb 2019 15:34:36 PST</pubDate>
                        <media:title type="plain">winona&#039;s hot takes</media:title>
        <media:keywords></media:keywords>
                        <media:rating>adult</media:rating>
                <media:category label="Drawings">manga/digital/drawings</media:category>
        <media:credit role="author" scheme="urn:ebu">Dr--Worm</media:credit>
        <media:credit role="author" scheme="urn:ebu">https://a.deviantart.net/avatars/d/r/dr--worm.gif?14</media:credit>
        <media:copyright url="https://dr--worm.deviantart.com">Copyright 2019 Dr--Worm</media:copyright>            <media:description type="html">she can&#039;t eat everyone by herself guys!!&lt;br /&gt;&lt;br /&gt;&lt;a class=&quot;external&quot; href=&quot;https://www.deviantart.com/users/outgoing?https://www.patreon.com/lewdlemage&quot;&gt;Patreon&lt;/a&gt;&amp;nbsp;</media:description>            <media:thumbnail url="https://t00.deviantart.net/34P8ENcJCL5r4iIkUaeXHZMkAn0=/fit-in/150x150/filters:no_upscale():origin()/pre00/e5e2/th/pre/i/2019/049/6/2/winona_s_hot_takes_by_dr__worm-dd03yo2.png" height="150" width="120"/>            <media:thumbnail url="https://t00.deviantart.net/8CzO9dPBYRhnKsL5SYepRmKhLds=/fit-in/300x900/filters:no_upscale():origin()/pre00/e5e2/th/pre/i/2019/049/6/2/winona_s_hot_takes_by_dr__worm-dd03yo2.png" height="375" width="300"/>            <media:thumbnail url="https://t00.deviantart.net/Dl4P3my_y1iwRtEiyJ0YLrXy5B8=/300x200/filters:fixed_height(100,100):origin()/pre00/e5e2/th/pre/i/2019/049/6/2/winona_s_hot_takes_by_dr__worm-dd03yo2.png" height="200" width="160"/>            <media:content url="https://pre00.deviantart.net/e5e2/th/pre/i/2019/049/6/2/winona_s_hot_takes_by_dr__worm-dd03yo2.png" height="1000" width="800" medium="image"/>            
            <description>she can&#039;t eat everyone by herself guys!!&lt;br /&gt;&lt;br /&gt;&lt;a class=&quot;external&quot; href=&quot;https://www.deviantart.com/users/outgoing?https://www.patreon.com/lewdlemage&quot;&gt;Patreon&lt;/a&gt;&amp;nbsp;&lt;br /&gt;&lt;div&gt;&lt;img src=&quot;https://t00.deviantart.net/Dl4P3my_y1iwRtEiyJ0YLrXy5B8=/300x200/filters:fixed_height(100,100):origin()/pre00/e5e2/th/pre/i/2019/049/6/2/winona_s_hot_takes_by_dr__worm-dd03yo2.png&quot; alt=&quot;thumbnail&quot; /&gt;&lt;/div&gt;</description>            </item>
                    <item>
                <title>Nami x Sanji</title>
                <link>https://flowerxl.deviantart.com/art/Nami-x-Sanji-786216132</link>
                <guid isPermaLink="true">https://flowerxl.deviantart.com/art/Nami-x-Sanji-786216132</guid>
                <pubDate>Mon, 18 Feb 2019 20:00:05 PST</pubDate>
                        <media:title type="plain">Nami x Sanji</media:title>
        <media:keywords></media:keywords>
                        <media:rating>nonadult</media:rating>
                <media:category label="Pin-up">digitalart/paintings/people/pinup</media:category>
        <media:credit role="author" scheme="urn:ebu">Flowerxl</media:credit>
        <media:credit role="author" scheme="urn:ebu">https://a.deviantart.net/avatars/f/l/flowerxl.png?8</media:credit>
        <media:copyright url="https://flowerxl.deviantart.com">Copyright 2019 Flowerxl</media:copyright>            <media:description type="html">&lt;h4 align=&quot;center&quot;&gt;&lt;a href=&quot;https://www.deviantart.com/poserfan/art/Patreon-Icon-543304473&quot; class=&quot;emoticon&quot; data-embed-type=&quot;emoticon&quot; data-embed-id=&quot;543304473&quot; data-embed-profile=&quot;deviation&quot;&gt;&lt;img src=&quot;https://images-wixmp-ed30a86b8c4ca887773594c2.wixmp.com/intermediary/f/0a6e9796-d386-4234-97d1-d46c16906e81/d8zgwex-5864a807-08a9-4167-a686-55d51e951ded.png&quot; alt=&quot;Patreon Icon&quot; style=&quot;width:16px;height:16px&quot;&gt;&lt;/a&gt;&amp;nbsp;&lt;a class=&quot;external&quot; href=&quot;https://www.deviantart.com/users/outgoing?https://www.patreon.com/flowerxl&quot;&gt;SUPPORT ME ON PATREON&lt;/a&gt;&lt;/h4&gt;&lt;h4 align=&quot;center&quot;&gt;&lt;div align=&quot;left&quot;&gt;&lt;hr/&gt;&lt;/div&gt;&lt;/h4&gt;&lt;p&gt;I&#039;ve started to draw high quality explicit ONE PIECE COMICS 18+!&lt;/p&gt;&lt;p&gt;This is page #2. High resolution version and other pages are on my&amp;nbsp;&lt;a class=&quot;external&quot; href=&quot;https://www.deviantart.com/users/outgoing?https://www.patreon.com/flowerxl&quot;&gt;PATREON&lt;/a&gt;&lt;/p&gt;&lt;p&gt;&lt;/p&gt;&lt;br /&gt;&lt;h4 align=&quot;center&quot;&gt;&lt;div align=&quot;left&quot;&gt;&lt;span class=&quot;shadow-holder&quot; data-embed-type=&quot;deviation&quot; data-embed-id=&quot;652502708&quot; data-embed-format=&quot;thumb&quot;&gt;&lt;span class=&quot;shadow mild&quot; &gt;&lt;a class=&quot;thumb&quot; href=&quot;https://www.deviantart.com/flowerxl/art/COMMISSIONS-ARE-OPEN-652502708&quot; title=&quot;COMMISSIONS ARE OPEN by Flowerxl, Dec 21, 2016 in Scraps&quot;data-super-img=&quot;https://images-wixmp-ed30a86b8c4ca887773594c2.wixmp.com/intermediary/f/6b336d7e-76d0-4fcf-bc45-51a747f81e34/dasheb8-72c64838-48d0-4b60-8c16-942c4c39e3c4.jpg&quot; data-super-width=&quot;200&quot; data-super-height=&quot;200&quot; data-super-transparent=&quot;true&quot; data-super-alt=&quot;COMMISSIONS ARE OPEN by Flowerxl&quot; data-super-full-img=&quot;https://images-wixmp-ed30a86b8c4ca887773594c2.wixmp.com/intermediary/f/6b336d7e-76d0-4fcf-bc45-51a747f81e34/dasheb8-72c64838-48d0-4b60-8c16-942c4c39e3c4.jpg&quot; data-super-full-width=&quot;200&quot; data-super-full-height=&quot;200&quot;        data-sigil=&quot;thumb&quot;&gt;
        &lt;i&gt;&lt;/i&gt;&lt;img   width=&quot;150&quot; height=&quot;150&quot; alt=&quot;COMMISSIONS ARE OPEN by Flowerxl&quot; src=&quot;https://images-wixmp-ed30a86b8c4ca887773594c2.wixmp.com/intermediary/f/6b336d7e-76d0-4fcf-bc45-51a747f81e34/dasheb8-72c64838-48d0-4b60-8c16-942c4c39e3c4.jpg/v1/fit/w_150,h_150,q_70,strp/commissions_are_open_by_flowerxl_dasheb8-150.jpg&quot; data-src=&quot;https://images-wixmp-ed30a86b8c4ca887773594c2.wixmp.com/intermediary/f/6b336d7e-76d0-4fcf-bc45-51a747f81e34/dasheb8-72c64838-48d0-4b60-8c16-942c4c39e3c4.jpg/v1/fit/w_150,h_150,q_70,strp/commissions_are_open_by_flowerxl_dasheb8-150.jpg&quot; srcset=&quot;https://images-wixmp-ed30a86b8c4ca887773594c2.wixmp.com/intermediary/f/6b336d7e-76d0-4fcf-bc45-51a747f81e34/dasheb8-72c64838-48d0-4b60-8c16-942c4c39e3c4.jpg/v1/fit/w_150,h_150,q_70,strp/commissions_are_open_by_flowerxl_dasheb8-150.jpg 150w,https://images-wixmp-ed30a86b8c4ca887773594c2.wixmp.com/intermediary/f/6b336d7e-76d0-4fcf-bc45-51a747f81e34/dasheb8-72c64838-48d0-4b60-8c16-942c4c39e3c4.jpg 200w&quot; sizes=&quot;150px&quot;&gt;&lt;/a&gt;&lt;/span&gt;&lt;!-- ^TTT --&gt;&lt;!-- TTT$ --&gt;&lt;/span&gt;&lt;br /&gt;&lt;a href=&quot;https://www.deviantart.com/flowerxl/art/Harley-Quinn-652502708&quot; title=&quot;Harley Quinn by Flowerxl, Dec 21, 2016 in Scraps&quot;&gt;&lt;/a&gt;&lt;/div&gt;&lt;div align=&quot;left&quot;&gt;&lt;br /&gt;&lt;br /&gt;&lt;span class=&quot;shadow-holder&quot; data-embed-type=&quot;deviation&quot; data-embed-id=&quot;406367145&quot; data-embed-format=&quot;thumb&quot;&gt;&lt;span class=&quot;shadow mild&quot; &gt;&lt;a class=&quot;thumb&quot; href=&quot;https://www.deviantart.com/flowerxl/art/COMMISSION-Princess-Peach-II-406367145&quot; title=&quot;COMMISSION: Princess Peach II by Flowerxl, Oct 10, 2013 in Fan Art &amp;gt; Digital Art &amp;gt; Drawings &amp;gt; Games&quot;data-super-img=&quot;https://images-wixmp-ed30a86b8c4ca887773594c2.wixmp.com/intermediary/f/6b336d7e-76d0-4fcf-bc45-51a747f81e34/d6pxuw9-eac68800-0924-4791-8229-9b56121ab6ab.jpg&quot; data-super-width=&quot;607&quot; data-super-height=&quot;900&quot; data-super-transparent=&quot;false&quot; data-super-alt=&quot;COMMISSION: Princess Peach II by Flowerxl&quot; data-super-full-img=&quot;https://images-wixmp-ed30a86b8c4ca887773594c2.wixmp.com/intermediary/f/6b336d7e-76d0-4fcf-bc45-51a747f81e34/d6pxuw9-eac68800-0924-4791-8229-9b56121ab6ab.jpg&quot; data-super-full-width=&quot;607&quot; data-super-full-height=&quot;900&quot;        data-sigil=&quot;thumb&quot;&gt;
        &lt;i&gt;&lt;/i&gt;&lt;img   width=&quot;101&quot; height=&quot;150&quot; alt=&quot;COMMISSION: Princess Peach II by Flowerxl&quot; src=&quot;https://images-wixmp-ed30a86b8c4ca887773594c2.wixmp.com/intermediary/f/6b336d7e-76d0-4fcf-bc45-51a747f81e34/d6pxuw9-eac68800-0924-4791-8229-9b56121ab6ab.jpg/v1/fit/w_150,h_150,q_70,strp/commission__princess_peach_ii_by_flowerxl_d6pxuw9-150.jpg&quot; data-src=&quot;https://images-wixmp-ed30a86b8c4ca887773594c2.wixmp.com/intermediary/f/6b336d7e-76d0-4fcf-bc45-51a747f81e34/d6pxuw9-eac68800-0924-4791-8229-9b56121ab6ab.jpg/v1/fit/w_150,h_150,q_70,strp/commission__princess_peach_ii_by_flowerxl_d6pxuw9-150.jpg&quot; srcset=&quot;https://images-wixmp-ed30a86b8c4ca887773594c2.wixmp.com/intermediary/f/6b336d7e-76d0-4fcf-bc45-51a747f81e34/d6pxuw9-eac68800-0924-4791-8229-9b56121ab6ab.jpg/v1/fit/w_150,h_150,q_70,strp/commission__princess_peach_ii_by_flowerxl_d6pxuw9-150.jpg 101w,https://images-wixmp-ed30a86b8c4ca887773594c2.wixmp.com/intermediary/f/6b336d7e-76d0-4fcf-bc45-51a747f81e34/d6pxuw9-eac68800-0924-4791-8229-9b56121ab6ab.jpg/v1/crop/w_169,h_250,x_0,y_0,scl_0.27841845140033,q_70,strp/commission__princess_peach_ii_by_flowerxl_d6pxuw9-250t.jpg 169w,https://images-wixmp-ed30a86b8c4ca887773594c2.wixmp.com/intermediary/f/6b336d7e-76d0-4fcf-bc45-51a747f81e34/d6pxuw9-eac68800-0924-4791-8229-9b56121ab6ab.jpg/v1/fill/w_236,h_350,q_70,strp/commission__princess_peach_ii_by_flowerxl_d6pxuw9-350t.jpg 236w,https://images-wixmp-ed30a86b8c4ca887773594c2.wixmp.com/intermediary/f/6b336d7e-76d0-4fcf-bc45-51a747f81e34/d6pxuw9-eac68800-0924-4791-8229-9b56121ab6ab.jpg/v1/fill/w_270,h_400,q_70,strp/commission__princess_peach_ii_by_flowerxl_d6pxuw9-400t.jpg 270w,https://images-wixmp-ed30a86b8c4ca887773594c2.wixmp.com/intermediary/f/6b336d7e-76d0-4fcf-bc45-51a747f81e34/d6pxuw9-eac68800-0924-4791-8229-9b56121ab6ab.jpg 607w&quot; sizes=&quot;101px&quot;&gt;&lt;/a&gt;&lt;/span&gt;&lt;!-- ^TTT --&gt;&lt;!-- TTT$ --&gt;&lt;/span&gt; &amp;nbsp;&lt;span class=&quot;shadow-holder&quot; data-embed-type=&quot;deviation&quot; data-embed-id=&quot;703385298&quot; data-embed-format=&quot;thumb&quot;&gt;&lt;span class=&quot;shadow mild&quot; &gt;&lt;a class=&quot;thumb&quot; href=&quot;https://www.deviantart.com/flowerxl/art/Widowmaker-Summer-703385298&quot; title=&quot;Widowmaker Summer by Flowerxl, Sep 8, 2017 in Digital Art &amp;gt; Drawings &amp;amp; Paintings &amp;gt; People &amp;gt; Pin-up&quot;data-super-img=&quot;https://images-wixmp-ed30a86b8c4ca887773594c2.wixmp.com/intermediary/f/6b336d7e-76d0-4fcf-bc45-51a747f81e34/dbmrzki-b9a0ca7f-b36b-486a-9d80-09d82e5f8424.jpg&quot; data-super-width=&quot;780&quot; data-super-height=&quot;900&quot; data-super-transparent=&quot;false&quot; data-super-alt=&quot;Widowmaker Summer by Flowerxl&quot; data-super-full-img=&quot;https://images-wixmp-ed30a86b8c4ca887773594c2.wixmp.com/intermediary/f/6b336d7e-76d0-4fcf-bc45-51a747f81e34/dbmrzki-b9a0ca7f-b36b-486a-9d80-09d82e5f8424.jpg&quot; data-super-full-width=&quot;780&quot; data-super-full-height=&quot;900&quot;        data-sigil=&quot;thumb&quot;&gt;
        &lt;i&gt;&lt;/i&gt;&lt;img   width=&quot;130&quot; height=&quot;150&quot; alt=&quot;Widowmaker Summer by Flowerxl&quot; src=&quot;https://images-wixmp-ed30a86b8c4ca887773594c2.wixmp.com/intermediary/f/6b336d7e-76d0-4fcf-bc45-51a747f81e34/dbmrzki-b9a0ca7f-b36b-486a-9d80-09d82e5f8424.jpg/v1/fit/w_150,h_150,q_70,strp/widowmaker_summer_by_flowerxl_dbmrzki-150.jpg&quot; data-src=&quot;https://images-wixmp-ed30a86b8c4ca887773594c2.wixmp.com/intermediary/f/6b336d7e-76d0-4fcf-bc45-51a747f81e34/dbmrzki-b9a0ca7f-b36b-486a-9d80-09d82e5f8424.jpg/v1/fit/w_150,h_150,q_70,strp/widowmaker_summer_by_flowerxl_dbmrzki-150.jpg&quot; srcset=&quot;https://images-wixmp-ed30a86b8c4ca887773594c2.wixmp.com/intermediary/f/6b336d7e-76d0-4fcf-bc45-51a747f81e34/dbmrzki-b9a0ca7f-b36b-486a-9d80-09d82e5f8424.jpg/v1/fit/w_150,h_150,q_70,strp/widowmaker_summer_by_flowerxl_dbmrzki-150.jpg 130w,https://images-wixmp-ed30a86b8c4ca887773594c2.wixmp.com/intermediary/f/6b336d7e-76d0-4fcf-bc45-51a747f81e34/dbmrzki-b9a0ca7f-b36b-486a-9d80-09d82e5f8424.jpg/v1/fill/w_217,h_250,q_70,strp/widowmaker_summer_by_flowerxl_dbmrzki-250t.jpg 217w,https://images-wixmp-ed30a86b8c4ca887773594c2.wixmp.com/intermediary/f/6b336d7e-76d0-4fcf-bc45-51a747f81e34/dbmrzki-b9a0ca7f-b36b-486a-9d80-09d82e5f8424.jpg/v1/fill/w_303,h_350,q_70,strp/widowmaker_summer_by_flowerxl_dbmrzki-350t.jpg 303w,https://images-wixmp-ed30a86b8c4ca887773594c2.wixmp.com/intermediary/f/6b336d7e-76d0-4fcf-bc45-51a747f81e34/dbmrzki-b9a0ca7f-b36b-486a-9d80-09d82e5f8424.jpg/v1/fill/w_347,h_400,q_70,strp/widowmaker_summer_by_flowerxl_dbmrzki-400t.jpg 347w,https://images-wixmp-ed30a86b8c4ca887773594c2.wixmp.com/intermediary/f/6b336d7e-76d0-4fcf-bc45-51a747f81e34/dbmrzki-b9a0ca7f-b36b-486a-9d80-09d82e5f8424.jpg 780w&quot; sizes=&quot;130px&quot;&gt;&lt;/a&gt;&lt;/span&gt;&lt;!-- ^TTT --&gt;&lt;!-- TTT$ --&gt;&lt;/span&gt;&amp;nbsp;&lt;span class=&quot;shadow-holder&quot; data-embed-type=&quot;deviation&quot; data-embed-id=&quot;716715949&quot; data-embed-format=&quot;thumb&quot;&gt;&lt;span class=&quot;shadow mild&quot; &gt;&lt;a class=&quot;thumb&quot; href=&quot;https://www.deviantart.com/flowerxl/art/Wonder-Woman-716715949&quot; title=&quot;Wonder Woman by Flowerxl, Nov 24, 2017 in Digital Art &amp;gt; Drawings &amp;amp; Paintings &amp;gt; People &amp;gt; Pin-up&quot;data-super-img=&quot;https://images-wixmp-ed30a86b8c4ca887773594c2.wixmp.com/intermediary/f/6b336d7e-76d0-4fcf-bc45-51a747f81e34/dbuppkd-b81281d1-a19f-493b-b286-90c4bc34828a.jpg&quot; data-super-width=&quot;651&quot; data-super-height=&quot;900&quot; data-super-transparent=&quot;false&quot; data-super-alt=&quot;Wonder Woman by Flowerxl&quot; data-super-full-img=&quot;https://images-wixmp-ed30a86b8c4ca887773594c2.wixmp.com/intermediary/f/6b336d7e-76d0-4fcf-bc45-51a747f81e34/dbuppkd-b81281d1-a19f-493b-b286-90c4bc34828a.jpg&quot; data-super-full-width=&quot;651&quot; data-super-full-height=&quot;900&quot;        data-sigil=&quot;thumb&quot;&gt;
        &lt;i&gt;&lt;/i&gt;&lt;img   width=&quot;109&quot; height=&quot;150&quot; alt=&quot;Wonder Woman by Flowerxl&quot; src=&quot;https://images-wixmp-ed30a86b8c4ca887773594c2.wixmp.com/intermediary/f/6b336d7e-76d0-4fcf-bc45-51a747f81e34/dbuppkd-b81281d1-a19f-493b-b286-90c4bc34828a.jpg/v1/fit/w_150,h_150,q_70,strp/wonder_woman_by_flowerxl_dbuppkd-150.jpg&quot; data-src=&quot;https://images-wixmp-ed30a86b8c4ca887773594c2.wixmp.com/intermediary/f/6b336d7e-76d0-4fcf-bc45-51a747f81e34/dbuppkd-b81281d1-a19f-493b-b286-90c4bc34828a.jpg/v1/fit/w_150,h_150,q_70,strp/wonder_woman_by_flowerxl_dbuppkd-150.jpg&quot; srcset=&quot;https://images-wixmp-ed30a86b8c4ca887773594c2.wixmp.com/intermediary/f/6b336d7e-76d0-4fcf-bc45-51a747f81e34/dbuppkd-b81281d1-a19f-493b-b286-90c4bc34828a.jpg/v1/fit/w_150,h_150,q_70,strp/wonder_woman_by_flowerxl_dbuppkd-150.jpg 109w,https://images-wixmp-ed30a86b8c4ca887773594c2.wixmp.com/intermediary/f/6b336d7e-76d0-4fcf-bc45-51a747f81e34/dbuppkd-b81281d1-a19f-493b-b286-90c4bc34828a.jpg/v1/fill/w_181,h_250,q_70,strp/wonder_woman_by_flowerxl_dbuppkd-250t.jpg 181w,https://images-wixmp-ed30a86b8c4ca887773594c2.wixmp.com/intermediary/f/6b336d7e-76d0-4fcf-bc45-51a747f81e34/dbuppkd-b81281d1-a19f-493b-b286-90c4bc34828a.jpg/v1/fill/w_253,h_350,q_70,strp/wonder_woman_by_flowerxl_dbuppkd-350t.jpg 253w,https://images-wixmp-ed30a86b8c4ca887773594c2.wixmp.com/intermediary/f/6b336d7e-76d0-4fcf-bc45-51a747f81e34/dbuppkd-b81281d1-a19f-493b-b286-90c4bc34828a.jpg/v1/fill/w_289,h_400,q_70,strp/wonder_woman_by_flowerxl_dbuppkd-400t.jpg 289w,https://images-wixmp-ed30a86b8c4ca887773594c2.wixmp.com/intermediary/f/6b336d7e-76d0-4fcf-bc45-51a747f81e34/dbuppkd-b81281d1-a19f-493b-b286-90c4bc34828a.jpg 651w&quot; sizes=&quot;109px&quot;&gt;&lt;/a&gt;&lt;/span&gt;&lt;!-- ^TTT --&gt;&lt;!-- TTT$ --&gt;&lt;/span&gt;&amp;nbsp;&lt;span class=&quot;shadow-holder&quot; data-embed-type=&quot;deviation&quot; data-embed-id=&quot;711663874&quot; data-embed-format=&quot;thumb&quot;&gt;&lt;span class=&quot;shadow mild&quot; &gt;&lt;a class=&quot;thumb&quot; href=&quot;https://www.deviantart.com/flowerxl/art/Overwatch-711663874&quot; title=&quot;Overwatch by Flowerxl, Oct 25, 2017 in Digital Art &amp;gt; Drawings &amp;amp; Paintings &amp;gt; People &amp;gt; Pin-up&quot;data-super-img=&quot;https://images-wixmp-ed30a86b8c4ca887773594c2.wixmp.com/intermediary/f/6b336d7e-76d0-4fcf-bc45-51a747f81e34/dbrpfcy-355732e0-391f-4017-adf9-78d2aeb9464e.jpg/v1/fill/w_1108,h_721,q_70,strp/overwatch_by_flowerxl_dbrpfcy-pre.jpg&quot; data-super-width=&quot;1108&quot; data-super-height=&quot;721&quot; data-super-transparent=&quot;false&quot; data-super-alt=&quot;Overwatch by Flowerxl&quot; data-super-full-img=&quot;https://images-wixmp-ed30a86b8c4ca887773594c2.wixmp.com/intermediary/f/6b336d7e-76d0-4fcf-bc45-51a747f81e34/dbrpfcy-355732e0-391f-4017-adf9-78d2aeb9464e.jpg&quot; data-super-full-width=&quot;1200&quot; data-super-full-height=&quot;781&quot;        data-sigil=&quot;thumb&quot;&gt;
        &lt;i&gt;&lt;/i&gt;&lt;img   width=&quot;150&quot; height=&quot;98&quot; alt=&quot;Overwatch by Flowerxl&quot; src=&quot;https://images-wixmp-ed30a86b8c4ca887773594c2.wixmp.com/intermediary/f/6b336d7e-76d0-4fcf-bc45-51a747f81e34/dbrpfcy-355732e0-391f-4017-adf9-78d2aeb9464e.jpg/v1/fit/w_150,h_150,q_70,strp/overwatch_by_flowerxl_dbrpfcy-150.jpg&quot; data-src=&quot;https://images-wixmp-ed30a86b8c4ca887773594c2.wixmp.com/intermediary/f/6b336d7e-76d0-4fcf-bc45-51a747f81e34/dbrpfcy-355732e0-391f-4017-adf9-78d2aeb9464e.jpg/v1/fit/w_150,h_150,q_70,strp/overwatch_by_flowerxl_dbrpfcy-150.jpg&quot; srcset=&quot;https://images-wixmp-ed30a86b8c4ca887773594c2.wixmp.com/intermediary/f/6b336d7e-76d0-4fcf-bc45-51a747f81e34/dbrpfcy-355732e0-391f-4017-adf9-78d2aeb9464e.jpg/v1/fit/w_150,h_150,q_70,strp/overwatch_by_flowerxl_dbrpfcy-150.jpg 150w,https://images-wixmp-ed30a86b8c4ca887773594c2.wixmp.com/intermediary/f/6b336d7e-76d0-4fcf-bc45-51a747f81e34/dbrpfcy-355732e0-391f-4017-adf9-78d2aeb9464e.jpg/v1/fill/w_384,h_250,q_70,strp/overwatch_by_flowerxl_dbrpfcy-250t.jpg 384w,https://images-wixmp-ed30a86b8c4ca887773594c2.wixmp.com/intermediary/f/6b336d7e-76d0-4fcf-bc45-51a747f81e34/dbrpfcy-355732e0-391f-4017-adf9-78d2aeb9464e.jpg/v1/fill/w_538,h_350,q_70,strp/overwatch_by_flowerxl_dbrpfcy-350t.jpg 538w,https://images-wixmp-ed30a86b8c4ca887773594c2.wixmp.com/intermediary/f/6b336d7e-76d0-4fcf-bc45-51a747f81e34/dbrpfcy-355732e0-391f-4017-adf9-78d2aeb9464e.jpg/v1/fill/w_615,h_400,q_70,strp/overwatch_by_flowerxl_dbrpfcy-400t.jpg 615w,https://images-wixmp-ed30a86b8c4ca887773594c2.wixmp.com/intermediary/f/6b336d7e-76d0-4fcf-bc45-51a747f81e34/dbrpfcy-355732e0-391f-4017-adf9-78d2aeb9464e.jpg/v1/fill/w_1108,h_721,q_70,strp/overwatch_by_flowerxl_dbrpfcy-pre.jpg 1108w&quot; sizes=&quot;150px&quot;&gt;&lt;/a&gt;&lt;/span&gt;&lt;!-- ^TTT --&gt;&lt;!-- TTT$ --&gt;&lt;/span&gt;&lt;/div&gt;&lt;div align=&quot;left&quot;&gt;&lt;br /&gt;&lt;/div&gt;&lt;/h4&gt;&lt;h1&gt;&lt;hr/&gt;&lt;/h1&gt;&lt;div align=&quot;center&quot;&gt;&lt;a href=&quot;https://www.deviantart.com/poserfan/art/Patreon-Icon-543304473&quot; class=&quot;emoticon&quot; data-embed-type=&quot;emoticon&quot; data-embed-id=&quot;543304473&quot; data-embed-profile=&quot;deviation&quot;&gt;&lt;img src=&quot;https://images-wixmp-ed30a86b8c4ca887773594c2.wixmp.com/intermediary/f/0a6e9796-d386-4234-97d1-d46c16906e81/d8zgwex-5864a807-08a9-4167-a686-55d51e951ded.png&quot; alt=&quot;Patreon Icon&quot; style=&quot;width:16px;height:16px&quot;&gt;&lt;/a&gt;&amp;nbsp;&lt;a class=&quot;external&quot; href=&quot;https://www.deviantart.com/users/outgoing?https://www.patreon.com/flowerxl&quot;&gt;P A T R E O N&lt;/a&gt;&amp;nbsp; | &amp;nbsp;&lt;a href=&quot;https://www.deviantart.com/liriorox/art/Gumroad-icon-2-545734859&quot; class=&quot;emoticon&quot; data-embed-type=&quot;emoticon&quot; data-embed-id=&quot;545734859&quot; data-embed-profile=&quot;deviation&quot;&gt;&lt;img src=&quot;https://images-wixmp-ed30a86b8c4ca887773594c2.wixmp.com/intermediary/f/0bd87312-636c-4da8-8502-26c542873b11/d90wzpn-47fbf5d8-7dd8-40b0-810d-f16277f51393.png&quot; alt=&quot;Gumroad icon 2&quot; style=&quot;width:16px;height:16px&quot;&gt;&lt;/a&gt;&amp;nbsp;&amp;nbsp;&lt;a class=&quot;external&quot; href=&quot;https://www.deviantart.com/users/outgoing?https://gumroad.com/flowerxl&quot;&gt;G U M R O A D&lt;/a&gt;&amp;nbsp; |&amp;nbsp;&lt;a href=&quot;https://www.deviantart.com/poserfan/art/Tumblr-Icon-314822709&quot; class=&quot;emoticon&quot; data-embed-type=&quot;emoticon&quot; data-embed-id=&quot;314822709&quot; data-embed-profile=&quot;deviation&quot;&gt;&lt;img src=&quot;https://orig00.deviantart.net/28ed/f/2015/212/c/0/tumblr_icon_by_poserfan-d57fqr9.gif&quot; alt=&quot;Tumblr Icon&quot; style=&quot;width:16px;height:16px&quot;&gt;&lt;/a&gt;&amp;nbsp;&lt;a class=&quot;external&quot; href=&quot;https://www.deviantart.com/users/outgoing?https://flowerxl1.tumblr.com/&quot;&gt;T U M B L R&lt;/a&gt;&amp;nbsp;|&amp;nbsp;&lt;a href=&quot;https://www.deviantart.com/cherushimetsumari/art/instagram-537756143&quot; class=&quot;emoticon&quot; data-embed-type=&quot;emoticon&quot; data-embed-id=&quot;537756143&quot; data-embed-profile=&quot;deviation&quot;&gt;&lt;img src=&quot;https://images-wixmp-ed30a86b8c4ca887773594c2.wixmp.com/intermediary/f/91df458d-5ec8-4ebb-a30e-328d4fd1ea22/d8w5zan-017fec14-6306-44ee-a005-a37c740cd502.png&quot; alt=&quot;:instagram:&quot; style=&quot;width:16px;height:16px&quot;&gt;&lt;/a&gt;&amp;nbsp;&amp;nbsp;&lt;a class=&quot;external&quot; href=&quot;https://www.deviantart.com/users/outgoing?https://www.instagram.com/flowerxl1/&quot;&gt;I N S T A G R A M&lt;/a&gt;&lt;/div&gt;&lt;div&gt;&lt;br /&gt;&lt;/div&gt;</media:description>            <media:thumbnail url="https://t00.deviantart.net/0_Bmxi70kP238ryJFMZnAURvYE8=/fit-in/150x150/filters:no_upscale():origin()/pre00/b405/th/pre/f/2019/049/8/8/nami_x_sanji_by_flowerxl-dd03c90.jpg" height="150" width="113"/>            <media:thumbnail url="https://t00.deviantart.net/GWU-EP-imQpa57wSf1JyGyw6lIo=/fit-in/300x900/filters:no_upscale():origin()/pre00/b405/th/pre/f/2019/049/8/8/nami_x_sanji_by_flowerxl-dd03c90.jpg" height="400" width="300"/>            <media:thumbnail url="https://t00.deviantart.net/RjRQ16Tod_2LdVelHBJFTd1qdqg=/300x200/filters:fixed_height(100,100):origin()/pre00/b405/th/pre/f/2019/049/8/8/nami_x_sanji_by_flowerxl-dd03c90.jpg" height="200" width="150"/>            <media:content url="https://orig00.deviantart.net/cdb0/f/2019/049/8/8/nami_x_sanji_by_flowerxl-dd03c90.jpg" height="900" width="675" medium="image"/>            
            <description>&lt;h4 align=&quot;center&quot;&gt;&lt;a href=&quot;https://www.deviantart.com/poserfan/art/Patreon-Icon-543304473&quot; class=&quot;emoticon&quot; data-embed-type=&quot;emoticon&quot; data-embed-id=&quot;543304473&quot; data-embed-profile=&quot;deviation&quot;&gt;&lt;img src=&quot;https://images-wixmp-ed30a86b8c4ca887773594c2.wixmp.com/intermediary/f/0a6e9796-d386-4234-97d1-d46c16906e81/d8zgwex-5864a807-08a9-4167-a686-55d51e951ded.png&quot; alt=&quot;Patreon Icon&quot; style=&quot;width:16px;height:16px&quot;&gt;&lt;/a&gt;&amp;nbsp;&lt;a class=&quot;external&quot; href=&quot;https://www.deviantart.com/users/outgoing?https://www.patreon.com/flowerxl&quot;&gt;SUPPORT ME ON PATREON&lt;/a&gt;&lt;/h4&gt;&lt;h4 align=&quot;center&quot;&gt;&lt;div align=&quot;left&quot;&gt;&lt;hr/&gt;&lt;/div&gt;&lt;/h4&gt;&lt;p&gt;I&#039;ve started to draw high quality explicit ONE PIECE COMICS 18+!&lt;/p&gt;&lt;p&gt;This is page #2. High resolution version and other pages are on my&amp;nbsp;&lt;a class=&quot;external&quot; href=&quot;https://www.deviantart.com/users/outgoing?https://www.patreon.com/flowerxl&quot;&gt;PATREON&lt;/a&gt;&lt;/p&gt;&lt;p&gt;&lt;/p&gt;&lt;br /&gt;&lt;h4 align=&quot;center&quot;&gt;&lt;div align=&quot;left&quot;&gt;&lt;span class=&quot;shadow-holder&quot; data-embed-type=&quot;deviation&quot; data-embed-id=&quot;652502708&quot; data-embed-format=&quot;thumb&quot;&gt;&lt;span class=&quot;shadow mild&quot; &gt;&lt;a class=&quot;thumb&quot; href=&quot;https://www.deviantart.com/flowerxl/art/COMMISSIONS-ARE-OPEN-652502708&quot; title=&quot;COMMISSIONS ARE OPEN by Flowerxl, Dec 21, 2016 in Scraps&quot;data-super-img=&quot;https://images-wixmp-ed30a86b8c4ca887773594c2.wixmp.com/intermediary/f/6b336d7e-76d0-4fcf-bc45-51a747f81e34/dasheb8-72c64838-48d0-4b60-8c16-942c4c39e3c4.jpg&quot; data-super-width=&quot;200&quot; data-super-height=&quot;200&quot; data-super-transparent=&quot;true&quot; data-super-alt=&quot;COMMISSIONS ARE OPEN by Flowerxl&quot; data-super-full-img=&quot;https://images-wixmp-ed30a86b8c4ca887773594c2.wixmp.com/intermediary/f/6b336d7e-76d0-4fcf-bc45-51a747f81e34/dasheb8-72c64838-48d0-4b60-8c16-942c4c39e3c4.jpg&quot; data-super-full-width=&quot;200&quot; data-super-full-height=&quot;200&quot;        data-sigil=&quot;thumb&quot;&gt;
        &lt;i&gt;&lt;/i&gt;&lt;img   width=&quot;150&quot; height=&quot;150&quot; alt=&quot;COMMISSIONS ARE OPEN by Flowerxl&quot; src=&quot;https://images-wixmp-ed30a86b8c4ca887773594c2.wixmp.com/intermediary/f/6b336d7e-76d0-4fcf-bc45-51a747f81e34/dasheb8-72c64838-48d0-4b60-8c16-942c4c39e3c4.jpg/v1/fit/w_150,h_150,q_70,strp/commissions_are_open_by_flowerxl_dasheb8-150.jpg&quot; data-src=&quot;https://images-wixmp-ed30a86b8c4ca887773594c2.wixmp.com/intermediary/f/6b336d7e-76d0-4fcf-bc45-51a747f81e34/dasheb8-72c64838-48d0-4b60-8c16-942c4c39e3c4.jpg/v1/fit/w_150,h_150,q_70,strp/commissions_are_open_by_flowerxl_dasheb8-150.jpg&quot; srcset=&quot;https://images-wixmp-ed30a86b8c4ca887773594c2.wixmp.com/intermediary/f/6b336d7e-76d0-4fcf-bc45-51a747f81e34/dasheb8-72c64838-48d0-4b60-8c16-942c4c39e3c4.jpg/v1/fit/w_150,h_150,q_70,strp/commissions_are_open_by_flowerxl_dasheb8-150.jpg 150w,https://images-wixmp-ed30a86b8c4ca887773594c2.wixmp.com/intermediary/f/6b336d7e-76d0-4fcf-bc45-51a747f81e34/dasheb8-72c64838-48d0-4b60-8c16-942c4c39e3c4.jpg 200w&quot; sizes=&quot;150px&quot;&gt;&lt;/a&gt;&lt;/span&gt;&lt;!-- ^TTT --&gt;&lt;!-- TTT$ --&gt;&lt;/span&gt;&lt;br /&gt;&lt;a href=&quot;https://www.deviantart.com/flowerxl/art/Harley-Quinn-652502708&quot; title=&quot;Harley Quinn by Flowerxl, Dec 21, 2016 in Scraps&quot;&gt;&lt;/a&gt;&lt;/div&gt;&lt;div align=&quot;left&quot;&gt;&lt;br /&gt;&lt;br /&gt;&lt;span class=&quot;shadow-holder&quot; data-embed-type=&quot;deviation&quot; data-embed-id=&quot;406367145&quot; data-embed-format=&quot;thumb&quot;&gt;&lt;span class=&quot;shadow mild&quot; &gt;&lt;a class=&quot;thumb&quot; href=&quot;https://www.deviantart.com/flowerxl/art/COMMISSION-Princess-Peach-II-406367145&quot; title=&quot;COMMISSION: Princess Peach II by Flowerxl, Oct 10, 2013 in Fan Art &amp;gt; Digital Art &amp;gt; Drawings &amp;gt; Games&quot;data-super-img=&quot;https://images-wixmp-ed30a86b8c4ca887773594c2.wixmp.com/intermediary/f/6b336d7e-76d0-4fcf-bc45-51a747f81e34/d6pxuw9-eac68800-0924-4791-8229-9b56121ab6ab.jpg&quot; data-super-width=&quot;607&quot; data-super-height=&quot;900&quot; data-super-transparent=&quot;false&quot; data-super-alt=&quot;COMMISSION: Princess Peach II by Flowerxl&quot; data-super-full-img=&quot;https://images-wixmp-ed30a86b8c4ca887773594c2.wixmp.com/intermediary/f/6b336d7e-76d0-4fcf-bc45-51a747f81e34/d6pxuw9-eac68800-0924-4791-8229-9b56121ab6ab.jpg&quot; data-super-full-width=&quot;607&quot; data-super-full-height=&quot;900&quot;        data-sigil=&quot;thumb&quot;&gt;
        &lt;i&gt;&lt;/i&gt;&lt;img   width=&quot;101&quot; height=&quot;150&quot; alt=&quot;COMMISSION: Princess Peach II by Flowerxl&quot; src=&quot;https://images-wixmp-ed30a86b8c4ca887773594c2.wixmp.com/intermediary/f/6b336d7e-76d0-4fcf-bc45-51a747f81e34/d6pxuw9-eac68800-0924-4791-8229-9b56121ab6ab.jpg/v1/fit/w_150,h_150,q_70,strp/commission__princess_peach_ii_by_flowerxl_d6pxuw9-150.jpg&quot; data-src=&quot;https://images-wixmp-ed30a86b8c4ca887773594c2.wixmp.com/intermediary/f/6b336d7e-76d0-4fcf-bc45-51a747f81e34/d6pxuw9-eac68800-0924-4791-8229-9b56121ab6ab.jpg/v1/fit/w_150,h_150,q_70,strp/commission__princess_peach_ii_by_flowerxl_d6pxuw9-150.jpg&quot; srcset=&quot;https://images-wixmp-ed30a86b8c4ca887773594c2.wixmp.com/intermediary/f/6b336d7e-76d0-4fcf-bc45-51a747f81e34/d6pxuw9-eac68800-0924-4791-8229-9b56121ab6ab.jpg/v1/fit/w_150,h_150,q_70,strp/commission__princess_peach_ii_by_flowerxl_d6pxuw9-150.jpg 101w,https://images-wixmp-ed30a86b8c4ca887773594c2.wixmp.com/intermediary/f/6b336d7e-76d0-4fcf-bc45-51a747f81e34/d6pxuw9-eac68800-0924-4791-8229-9b56121ab6ab.jpg/v1/crop/w_169,h_250,x_0,y_0,scl_0.27841845140033,q_70,strp/commission__princess_peach_ii_by_flowerxl_d6pxuw9-250t.jpg 169w,https://images-wixmp-ed30a86b8c4ca887773594c2.wixmp.com/intermediary/f/6b336d7e-76d0-4fcf-bc45-51a747f81e34/d6pxuw9-eac68800-0924-4791-8229-9b56121ab6ab.jpg/v1/fill/w_236,h_350,q_70,strp/commission__princess_peach_ii_by_flowerxl_d6pxuw9-350t.jpg 236w,https://images-wixmp-ed30a86b8c4ca887773594c2.wixmp.com/intermediary/f/6b336d7e-76d0-4fcf-bc45-51a747f81e34/d6pxuw9-eac68800-0924-4791-8229-9b56121ab6ab.jpg/v1/fill/w_270,h_400,q_70,strp/commission__princess_peach_ii_by_flowerxl_d6pxuw9-400t.jpg 270w,https://images-wixmp-ed30a86b8c4ca887773594c2.wixmp.com/intermediary/f/6b336d7e-76d0-4fcf-bc45-51a747f81e34/d6pxuw9-eac68800-0924-4791-8229-9b56121ab6ab.jpg 607w&quot; sizes=&quot;101px&quot;&gt;&lt;/a&gt;&lt;/span&gt;&lt;!-- ^TTT --&gt;&lt;!-- TTT$ --&gt;&lt;/span&gt; &amp;nbsp;&lt;span class=&quot;shadow-holder&quot; data-embed-type=&quot;deviation&quot; data-embed-id=&quot;703385298&quot; data-embed-format=&quot;thumb&quot;&gt;&lt;span class=&quot;shadow mild&quot; &gt;&lt;a class=&quot;thumb&quot; href=&quot;https://www.deviantart.com/flowerxl/art/Widowmaker-Summer-703385298&quot; title=&quot;Widowmaker Summer by Flowerxl, Sep 8, 2017 in Digital Art &amp;gt; Drawings &amp;amp; Paintings &amp;gt; People &amp;gt; Pin-up&quot;data-super-img=&quot;https://images-wixmp-ed30a86b8c4ca887773594c2.wixmp.com/intermediary/f/6b336d7e-76d0-4fcf-bc45-51a747f81e34/dbmrzki-b9a0ca7f-b36b-486a-9d80-09d82e5f8424.jpg&quot; data-super-width=&quot;780&quot; data-super-height=&quot;900&quot; data-super-transparent=&quot;false&quot; data-super-alt=&quot;Widowmaker Summer by Flowerxl&quot; data-super-full-img=&quot;https://images-wixmp-ed30a86b8c4ca887773594c2.wixmp.com/intermediary/f/6b336d7e-76d0-4fcf-bc45-51a747f81e34/dbmrzki-b9a0ca7f-b36b-486a-9d80-09d82e5f8424.jpg&quot; data-super-full-width=&quot;780&quot; data-super-full-height=&quot;900&quot;        data-sigil=&quot;thumb&quot;&gt;
        &lt;i&gt;&lt;/i&gt;&lt;img   width=&quot;130&quot; height=&quot;150&quot; alt=&quot;Widowmaker Summer by Flowerxl&quot; src=&quot;https://images-wixmp-ed30a86b8c4ca887773594c2.wixmp.com/intermediary/f/6b336d7e-76d0-4fcf-bc45-51a747f81e34/dbmrzki-b9a0ca7f-b36b-486a-9d80-09d82e5f8424.jpg/v1/fit/w_150,h_150,q_70,strp/widowmaker_summer_by_flowerxl_dbmrzki-150.jpg&quot; data-src=&quot;https://images-wixmp-ed30a86b8c4ca887773594c2.wixmp.com/intermediary/f/6b336d7e-76d0-4fcf-bc45-51a747f81e34/dbmrzki-b9a0ca7f-b36b-486a-9d80-09d82e5f8424.jpg/v1/fit/w_150,h_150,q_70,strp/widowmaker_summer_by_flowerxl_dbmrzki-150.jpg&quot; srcset=&quot;https://images-wixmp-ed30a86b8c4ca887773594c2.wixmp.com/intermediary/f/6b336d7e-76d0-4fcf-bc45-51a747f81e34/dbmrzki-b9a0ca7f-b36b-486a-9d80-09d82e5f8424.jpg/v1/fit/w_150,h_150,q_70,strp/widowmaker_summer_by_flowerxl_dbmrzki-150.jpg 130w,https://images-wixmp-ed30a86b8c4ca887773594c2.wixmp.com/intermediary/f/6b336d7e-76d0-4fcf-bc45-51a747f81e34/dbmrzki-b9a0ca7f-b36b-486a-9d80-09d82e5f8424.jpg/v1/fill/w_217,h_250,q_70,strp/widowmaker_summer_by_flowerxl_dbmrzki-250t.jpg 217w,https://images-wixmp-ed30a86b8c4ca887773594c2.wixmp.com/intermediary/f/6b336d7e-76d0-4fcf-bc45-51a747f81e34/dbmrzki-b9a0ca7f-b36b-486a-9d80-09d82e5f8424.jpg/v1/fill/w_303,h_350,q_70,strp/widowmaker_summer_by_flowerxl_dbmrzki-350t.jpg 303w,https://images-wixmp-ed30a86b8c4ca887773594c2.wixmp.com/intermediary/f/6b336d7e-76d0-4fcf-bc45-51a747f81e34/dbmrzki-b9a0ca7f-b36b-486a-9d80-09d82e5f8424.jpg/v1/fill/w_347,h_400,q_70,strp/widowmaker_summer_by_flowerxl_dbmrzki-400t.jpg 347w,https://images-wixmp-ed30a86b8c4ca887773594c2.wixmp.com/intermediary/f/6b336d7e-76d0-4fcf-bc45-51a747f81e34/dbmrzki-b9a0ca7f-b36b-486a-9d80-09d82e5f8424.jpg 780w&quot; sizes=&quot;130px&quot;&gt;&lt;/a&gt;&lt;/span&gt;&lt;!-- ^TTT --&gt;&lt;!-- TTT$ --&gt;&lt;/span&gt;&amp;nbsp;&lt;span class=&quot;shadow-holder&quot; data-embed-type=&quot;deviation&quot; data-embed-id=&quot;716715949&quot; data-embed-format=&quot;thumb&quot;&gt;&lt;span class=&quot;shadow mild&quot; &gt;&lt;a class=&quot;thumb&quot; href=&quot;https://www.deviantart.com/flowerxl/art/Wonder-Woman-716715949&quot; title=&quot;Wonder Woman by Flowerxl, Nov 24, 2017 in Digital Art &amp;gt; Drawings &amp;amp; Paintings &amp;gt; People &amp;gt; Pin-up&quot;data-super-img=&quot;https://images-wixmp-ed30a86b8c4ca887773594c2.wixmp.com/intermediary/f/6b336d7e-76d0-4fcf-bc45-51a747f81e34/dbuppkd-b81281d1-a19f-493b-b286-90c4bc34828a.jpg&quot; data-super-width=&quot;651&quot; data-super-height=&quot;900&quot; data-super-transparent=&quot;false&quot; data-super-alt=&quot;Wonder Woman by Flowerxl&quot; data-super-full-img=&quot;https://images-wixmp-ed30a86b8c4ca887773594c2.wixmp.com/intermediary/f/6b336d7e-76d0-4fcf-bc45-51a747f81e34/dbuppkd-b81281d1-a19f-493b-b286-90c4bc34828a.jpg&quot; data-super-full-width=&quot;651&quot; data-super-full-height=&quot;900&quot;        data-sigil=&quot;thumb&quot;&gt;
        &lt;i&gt;&lt;/i&gt;&lt;img   width=&quot;109&quot; height=&quot;150&quot; alt=&quot;Wonder Woman by Flowerxl&quot; src=&quot;https://images-wixmp-ed30a86b8c4ca887773594c2.wixmp.com/intermediary/f/6b336d7e-76d0-4fcf-bc45-51a747f81e34/dbuppkd-b81281d1-a19f-493b-b286-90c4bc34828a.jpg/v1/fit/w_150,h_150,q_70,strp/wonder_woman_by_flowerxl_dbuppkd-150.jpg&quot; data-src=&quot;https://images-wixmp-ed30a86b8c4ca887773594c2.wixmp.com/intermediary/f/6b336d7e-76d0-4fcf-bc45-51a747f81e34/dbuppkd-b81281d1-a19f-493b-b286-90c4bc34828a.jpg/v1/fit/w_150,h_150,q_70,strp/wonder_woman_by_flowerxl_dbuppkd-150.jpg&quot; srcset=&quot;https://images-wixmp-ed30a86b8c4ca887773594c2.wixmp.com/intermediary/f/6b336d7e-76d0-4fcf-bc45-51a747f81e34/dbuppkd-b81281d1-a19f-493b-b286-90c4bc34828a.jpg/v1/fit/w_150,h_150,q_70,strp/wonder_woman_by_flowerxl_dbuppkd-150.jpg 109w,https://images-wixmp-ed30a86b8c4ca887773594c2.wixmp.com/intermediary/f/6b336d7e-76d0-4fcf-bc45-51a747f81e34/dbuppkd-b81281d1-a19f-493b-b286-90c4bc34828a.jpg/v1/fill/w_181,h_250,q_70,strp/wonder_woman_by_flowerxl_dbuppkd-250t.jpg 181w,https://images-wixmp-ed30a86b8c4ca887773594c2.wixmp.com/intermediary/f/6b336d7e-76d0-4fcf-bc45-51a747f81e34/dbuppkd-b81281d1-a19f-493b-b286-90c4bc34828a.jpg/v1/fill/w_253,h_350,q_70,strp/wonder_woman_by_flowerxl_dbuppkd-350t.jpg 253w,https://images-wixmp-ed30a86b8c4ca887773594c2.wixmp.com/intermediary/f/6b336d7e-76d0-4fcf-bc45-51a747f81e34/dbuppkd-b81281d1-a19f-493b-b286-90c4bc34828a.jpg/v1/fill/w_289,h_400,q_70,strp/wonder_woman_by_flowerxl_dbuppkd-400t.jpg 289w,https://images-wixmp-ed30a86b8c4ca887773594c2.wixmp.com/intermediary/f/6b336d7e-76d0-4fcf-bc45-51a747f81e34/dbuppkd-b81281d1-a19f-493b-b286-90c4bc34828a.jpg 651w&quot; sizes=&quot;109px&quot;&gt;&lt;/a&gt;&lt;/span&gt;&lt;!-- ^TTT --&gt;&lt;!-- TTT$ --&gt;&lt;/span&gt;&amp;nbsp;&lt;span class=&quot;shadow-holder&quot; data-embed-type=&quot;deviation&quot; data-embed-id=&quot;711663874&quot; data-embed-format=&quot;thumb&quot;&gt;&lt;span class=&quot;shadow mild&quot; &gt;&lt;a class=&quot;thumb&quot; href=&quot;https://www.deviantart.com/flowerxl/art/Overwatch-711663874&quot; title=&quot;Overwatch by Flowerxl, Oct 25, 2017 in Digital Art &amp;gt; Drawings &amp;amp; Paintings &amp;gt; People &amp;gt; Pin-up&quot;data-super-img=&quot;https://images-wixmp-ed30a86b8c4ca887773594c2.wixmp.com/intermediary/f/6b336d7e-76d0-4fcf-bc45-51a747f81e34/dbrpfcy-355732e0-391f-4017-adf9-78d2aeb9464e.jpg/v1/fill/w_1108,h_721,q_70,strp/overwatch_by_flowerxl_dbrpfcy-pre.jpg&quot; data-super-width=&quot;1108&quot; data-super-height=&quot;721&quot; data-super-transparent=&quot;false&quot; data-super-alt=&quot;Overwatch by Flowerxl&quot; data-super-full-img=&quot;https://images-wixmp-ed30a86b8c4ca887773594c2.wixmp.com/intermediary/f/6b336d7e-76d0-4fcf-bc45-51a747f81e34/dbrpfcy-355732e0-391f-4017-adf9-78d2aeb9464e.jpg&quot; data-super-full-width=&quot;1200&quot; data-super-full-height=&quot;781&quot;        data-sigil=&quot;thumb&quot;&gt;
        &lt;i&gt;&lt;/i&gt;&lt;img   width=&quot;150&quot; height=&quot;98&quot; alt=&quot;Overwatch by Flowerxl&quot; src=&quot;https://images-wixmp-ed30a86b8c4ca887773594c2.wixmp.com/intermediary/f/6b336d7e-76d0-4fcf-bc45-51a747f81e34/dbrpfcy-355732e0-391f-4017-adf9-78d2aeb9464e.jpg/v1/fit/w_150,h_150,q_70,strp/overwatch_by_flowerxl_dbrpfcy-150.jpg&quot; data-src=&quot;https://images-wixmp-ed30a86b8c4ca887773594c2.wixmp.com/intermediary/f/6b336d7e-76d0-4fcf-bc45-51a747f81e34/dbrpfcy-355732e0-391f-4017-adf9-78d2aeb9464e.jpg/v1/fit/w_150,h_150,q_70,strp/overwatch_by_flowerxl_dbrpfcy-150.jpg&quot; srcset=&quot;https://images-wixmp-ed30a86b8c4ca887773594c2.wixmp.com/intermediary/f/6b336d7e-76d0-4fcf-bc45-51a747f81e34/dbrpfcy-355732e0-391f-4017-adf9-78d2aeb9464e.jpg/v1/fit/w_150,h_150,q_70,strp/overwatch_by_flowerxl_dbrpfcy-150.jpg 150w,https://images-wixmp-ed30a86b8c4ca887773594c2.wixmp.com/intermediary/f/6b336d7e-76d0-4fcf-bc45-51a747f81e34/dbrpfcy-355732e0-391f-4017-adf9-78d2aeb9464e.jpg/v1/fill/w_384,h_250,q_70,strp/overwatch_by_flowerxl_dbrpfcy-250t.jpg 384w,https://images-wixmp-ed30a86b8c4ca887773594c2.wixmp.com/intermediary/f/6b336d7e-76d0-4fcf-bc45-51a747f81e34/dbrpfcy-355732e0-391f-4017-adf9-78d2aeb9464e.jpg/v1/fill/w_538,h_350,q_70,strp/overwatch_by_flowerxl_dbrpfcy-350t.jpg 538w,https://images-wixmp-ed30a86b8c4ca887773594c2.wixmp.com/intermediary/f/6b336d7e-76d0-4fcf-bc45-51a747f81e34/dbrpfcy-355732e0-391f-4017-adf9-78d2aeb9464e.jpg/v1/fill/w_615,h_400,q_70,strp/overwatch_by_flowerxl_dbrpfcy-400t.jpg 615w,https://images-wixmp-ed30a86b8c4ca887773594c2.wixmp.com/intermediary/f/6b336d7e-76d0-4fcf-bc45-51a747f81e34/dbrpfcy-355732e0-391f-4017-adf9-78d2aeb9464e.jpg/v1/fill/w_1108,h_721,q_70,strp/overwatch_by_flowerxl_dbrpfcy-pre.jpg 1108w&quot; sizes=&quot;150px&quot;&gt;&lt;/a&gt;&lt;/span&gt;&lt;!-- ^TTT --&gt;&lt;!-- TTT$ --&gt;&lt;/span&gt;&lt;/div&gt;&lt;div align=&quot;left&quot;&gt;&lt;br /&gt;&lt;/div&gt;&lt;/h4&gt;&lt;h1&gt;&lt;hr/&gt;&lt;/h1&gt;&lt;div align=&quot;center&quot;&gt;&lt;a href=&quot;https://www.deviantart.com/poserfan/art/Patreon-Icon-543304473&quot; class=&quot;emoticon&quot; data-embed-type=&quot;emoticon&quot; data-embed-id=&quot;543304473&quot; data-embed-profile=&quot;deviation&quot;&gt;&lt;img src=&quot;https://images-wixmp-ed30a86b8c4ca887773594c2.wixmp.com/intermediary/f/0a6e9796-d386-4234-97d1-d46c16906e81/d8zgwex-5864a807-08a9-4167-a686-55d51e951ded.png&quot; alt=&quot;Patreon Icon&quot; style=&quot;width:16px;height:16px&quot;&gt;&lt;/a&gt;&amp;nbsp;&lt;a class=&quot;external&quot; href=&quot;https://www.deviantart.com/users/outgoing?https://www.patreon.com/flowerxl&quot;&gt;P A T R E O N&lt;/a&gt;&amp;nbsp; | &amp;nbsp;&lt;a href=&quot;https://www.deviantart.com/liriorox/art/Gumroad-icon-2-545734859&quot; class=&quot;emoticon&quot; data-embed-type=&quot;emoticon&quot; data-embed-id=&quot;545734859&quot; data-embed-profile=&quot;deviation&quot;&gt;&lt;img src=&quot;https://images-wixmp-ed30a86b8c4ca887773594c2.wixmp.com/intermediary/f/0bd87312-636c-4da8-8502-26c542873b11/d90wzpn-47fbf5d8-7dd8-40b0-810d-f16277f51393.png&quot; alt=&quot;Gumroad icon 2&quot; style=&quot;width:16px;height:16px&quot;&gt;&lt;/a&gt;&amp;nbsp;&amp;nbsp;&lt;a class=&quot;external&quot; href=&quot;https://www.deviantart.com/users/outgoing?https://gumroad.com/flowerxl&quot;&gt;G U M R O A D&lt;/a&gt;&amp;nbsp; |&amp;nbsp;&lt;a href=&quot;https://www.deviantart.com/poserfan/art/Tumblr-Icon-314822709&quot; class=&quot;emoticon&quot; data-embed-type=&quot;emoticon&quot; data-embed-id=&quot;314822709&quot; data-embed-profile=&quot;deviation&quot;&gt;&lt;img src=&quot;https://orig00.deviantart.net/28ed/f/2015/212/c/0/tumblr_icon_by_poserfan-d57fqr9.gif&quot; alt=&quot;Tumblr Icon&quot; style=&quot;width:16px;height:16px&quot;&gt;&lt;/a&gt;&amp;nbsp;&lt;a class=&quot;external&quot; href=&quot;https://www.deviantart.com/users/outgoing?https://flowerxl1.tumblr.com/&quot;&gt;T U M B L R&lt;/a&gt;&amp;nbsp;|&amp;nbsp;&lt;a href=&quot;https://www.deviantart.com/cherushimetsumari/art/instagram-537756143&quot; class=&quot;emoticon&quot; data-embed-type=&quot;emoticon&quot; data-embed-id=&quot;537756143&quot; data-embed-profile=&quot;deviation&quot;&gt;&lt;img src=&quot;https://images-wixmp-ed30a86b8c4ca887773594c2.wixmp.com/intermediary/f/91df458d-5ec8-4ebb-a30e-328d4fd1ea22/d8w5zan-017fec14-6306-44ee-a005-a37c740cd502.png&quot; alt=&quot;:instagram:&quot; style=&quot;width:16px;height:16px&quot;&gt;&lt;/a&gt;&amp;nbsp;&amp;nbsp;&lt;a class=&quot;external&quot; href=&quot;https://www.deviantart.com/users/outgoing?https://www.instagram.com/flowerxl1/&quot;&gt;I N S T A G R A M&lt;/a&gt;&lt;/div&gt;&lt;div&gt;&lt;br /&gt;&lt;/div&gt;&lt;br /&gt;&lt;div&gt;&lt;img src=&quot;https://t00.deviantart.net/RjRQ16Tod_2LdVelHBJFTd1qdqg=/300x200/filters:fixed_height(100,100):origin()/pre00/b405/th/pre/f/2019/049/8/8/nami_x_sanji_by_flowerxl-dd03c90.jpg&quot; alt=&quot;thumbnail&quot; /&gt;&lt;/div&gt;</description>            </item>
                    <item>
                <title>Commission 268</title>
                <link>https://kurocaze-s.deviantart.com/art/Commission-268-786293933</link>
                <guid isPermaLink="true">https://kurocaze-s.deviantart.com/art/Commission-268-786293933</guid>
                <pubDate>Mon, 18 Feb 2019 23:34:04 PST</pubDate>
                        <media:title type="plain">Commission 268</media:title>
        <media:keywords></media:keywords>
                        <media:rating>nonadult</media:rating>
                <media:category label="Games">fanart/manga/digital/games</media:category>
        <media:credit role="author" scheme="urn:ebu">kurocaze-s</media:credit>
        <media:credit role="author" scheme="urn:ebu">https://a.deviantart.net/avatars/k/u/kurocaze-s.jpg?11</media:credit>
        <media:copyright url="https://kurocaze-s.deviantart.com">Copyright 2019 kurocaze-s</media:copyright>            <media:description type="html">&lt;span&gt;This Commission is from sakatyu&lt;/span&gt;&lt;a target=&quot;_self&quot; href=&quot;https://www.deviantart.com/sakatyu&quot; &gt;&lt;img class=&quot;avatar&quot; width=&quot;50&quot; height=&quot;50&quot; src=&quot;https://a.deviantart.net/avatars/s/a/sakatyu.jpg?3&quot; alt=&quot;:iconsakatyu:&quot; title=&quot;sakatyu&quot; /&gt;&lt;/a&gt;</media:description>            <media:thumbnail url="https://t00.deviantart.net/gsigxjNoASHo1h-4lMnP0FTVwQA=/fit-in/150x150/filters:no_upscale():origin()/pre00/86b3/th/pre/f/2019/049/f/7/commission_268_by_kurocaze_s-dd050a5.jpg" height="150" width="98"/>            <media:thumbnail url="https://t00.deviantart.net/6bro-Nl7hngGnGw1Z0Eqx7WhxiA=/fit-in/300x900/filters:no_upscale():origin()/pre00/86b3/th/pre/f/2019/049/f/7/commission_268_by_kurocaze_s-dd050a5.jpg" height="461" width="300"/>            <media:thumbnail url="https://t00.deviantart.net/RsibT4_XB_Ol7LRrmFsukqgVURE=/300x200/filters:fixed_height(100,100):origin()/pre00/86b3/th/pre/f/2019/049/f/7/commission_268_by_kurocaze_s-dd050a5.jpg" height="200" width="130"/>            <media:content url="https://pre00.deviantart.net/86b3/th/pre/f/2019/049/f/7/commission_268_by_kurocaze_s-dd050a5.jpg" height="1108" width="721" medium="image"/>            
            <description>&lt;span&gt;This Commission is from sakatyu&lt;/span&gt;&lt;a target=&quot;_self&quot; href=&quot;https://www.deviantart.com/sakatyu&quot; &gt;&lt;img class=&quot;avatar&quot; width=&quot;50&quot; height=&quot;50&quot; src=&quot;https://a.deviantart.net/avatars/s/a/sakatyu.jpg?3&quot; alt=&quot;:iconsakatyu:&quot; title=&quot;sakatyu&quot; /&gt;&lt;/a&gt;&lt;br /&gt;&lt;div&gt;&lt;img src=&quot;https://t00.deviantart.net/RsibT4_XB_Ol7LRrmFsukqgVURE=/300x200/filters:fixed_height(100,100):origin()/pre00/86b3/th/pre/f/2019/049/f/7/commission_268_by_kurocaze_s-dd050a5.jpg&quot; alt=&quot;thumbnail&quot; /&gt;&lt;/div&gt;</description>            </item>
                    <item>
                <title>Sup</title>
                <link>https://bleedman.deviantart.com/art/Sup-786245280</link>
                <guid isPermaLink="true">https://bleedman.deviantart.com/art/Sup-786245280</guid>
                <pubDate>Mon, 18 Feb 2019 15:36:22 PST</pubDate>
                        <media:title type="plain">Sup</media:title>
        <media:keywords></media:keywords>
                        <media:rating>nonadult</media:rating>
                <media:category label="Conceptual">digitalart/paintings/illustrations/conceptual</media:category>
        <media:credit role="author" scheme="urn:ebu">bleedman</media:credit>
        <media:credit role="author" scheme="urn:ebu">https://a.deviantart.net/avatars/b/l/bleedman.jpg?8</media:credit>
        <media:copyright url="https://bleedman.deviantart.com">Copyright 2019 bleedman</media:copyright>            <media:description type="html">&lt;div&gt;Hey. How ya doin? &lt;br /&gt;&lt;/div&gt;&lt;div&gt;&lt;br /&gt;&lt;/div&gt;</media:description>            <media:thumbnail url="https://t00.deviantart.net/8JbDCSfWDV3CGF1PL4aMHL9FLNY=/fit-in/150x150/filters:no_upscale():origin()/pre00/10f5/th/pre/f/2019/049/7/9/sup_by_bleedman-dd03yqo.png" height="150" width="116"/>            <media:thumbnail url="https://t00.deviantart.net/NGF5nsfnjN0AhxfEKkdJQVZ6iNc=/fit-in/300x900/filters:no_upscale():origin()/pre00/10f5/th/pre/f/2019/049/7/9/sup_by_bleedman-dd03yqo.png" height="388" width="300"/>            <media:thumbnail url="https://t00.deviantart.net/EvxhNeYkcxXCaOQRPZHJB-oH0xs=/300x200/filters:fixed_height(100,100):origin()/pre00/10f5/th/pre/f/2019/049/7/9/sup_by_bleedman-dd03yqo.png" height="200" width="155"/>            <media:content url="https://orig00.deviantart.net/5ced/f/2019/049/7/9/sup_by_bleedman-dd03yqo.png" height="792" width="612" medium="image"/>            
            <description>&lt;div&gt;Hey. How ya doin? &lt;br /&gt;&lt;/div&gt;&lt;div&gt;&lt;br /&gt;&lt;/div&gt;&lt;br /&gt;&lt;div&gt;&lt;img src=&quot;https://t00.deviantart.net/EvxhNeYkcxXCaOQRPZHJB-oH0xs=/300x200/filters:fixed_height(100,100):origin()/pre00/10f5/th/pre/f/2019/049/7/9/sup_by_bleedman-dd03yqo.png&quot; alt=&quot;thumbnail&quot; /&gt;&lt;/div&gt;</description>            </item>
                    <item>
                <title>Kiara</title>
                <link>https://bamboo-ale.deviantart.com/art/Kiara-786274741</link>
                <guid isPermaLink="true">https://bamboo-ale.deviantart.com/art/Kiara-786274741</guid>
                <pubDate>Mon, 18 Feb 2019 19:38:25 PST</pubDate>
                        <media:title type="plain">Kiara</media:title>
        <media:keywords></media:keywords>
                        <media:rating>adult</media:rating>
                <media:category label="Other">digitalart/paintings/other</media:category>
        <media:credit role="author" scheme="urn:ebu">Bamboo-Ale</media:credit>
        <media:credit role="author" scheme="urn:ebu">https://a.deviantart.net/avatars/b/a/bamboo-ale.png?9</media:credit>
        <media:copyright url="https://bamboo-ale.deviantart.com">Copyright 2019 Bamboo-Ale</media:copyright>
            <media:community>
                <media:tags>@Bamboo_Ale</media:tags>
            </media:community>            <media:description type="html">New Oc, All rights belong to ME&lt;br /&gt;&lt;br /&gt;alt&lt;br /&gt;&lt;br /&gt;&lt;span class=&quot;shadow-holder&quot; data-embed-type=&quot;deviation&quot; data-embed-id=&quot;5745128393601627&quot; data-embed-format=&quot;thumb&quot;&gt;&lt;span class=&quot;shadow mild&quot; &gt;&lt;a class=&quot;thumb&quot; href=&quot;https://sta.sh/01kkh7jqqbff&quot; title=&quot;K22 by Bamboo-Ale, Feb 19, 2019&quot;data-super-img=&quot;https://images-wixmp-ed30a86b8c4ca887773594c2.wixmp.com/intermediary/f/28dd8f0b-1d04-4ef8-b4f9-666019dff478/dd04ljw-8c8f4cc8-50cd-4d5f-9c48-adb721380e02.jpg/v1/fill/w_897,h_891,q_70,strp/k22_by_bamboo_ale_dd04ljw-pre.jpg&quot; data-super-width=&quot;897&quot; data-super-height=&quot;891&quot; data-super-transparent=&quot;false&quot; data-super-alt=&quot;K22 by Bamboo-Ale&quot; data-super-full-img=&quot;https://api-da.wixmp.com/_api/download/file?downloadToken=eyJ0eXAiOiJKV1QiLCJhbGciOiJIUzI1NiJ9.eyJzdWIiOiJ1cm46YXBwOjdlMGQxODg5ODIyNjQzNzNhNWYwZDQxNWVhMGQyNmUwIiwiaXNzIjoidXJuOmFwcDo3ZTBkMTg4OTgyMjY0MzczYTVmMGQ0MTVlYTBkMjZlMCIsImV4cCI6MTU1MDU0ODEwMCwiaWF0IjoxNTUwNTQ3NDkwLCJqdGkiOiI1YzZiN2EyY2RmN2Q5Iiwib2JqIjpudWxsLCJhdWQiOlsidXJuOnNlcnZpY2U6ZmlsZS5kb3dubG9hZCJdLCJwYXlsb2FkIjp7InBhdGgiOiJcL2ZcLzI4ZGQ4ZjBiLTFkMDQtNGVmOC1iNGY5LTY2NjAxOWRmZjQ3OFwvZGQwNGxqdy04YzhmNGNjOC01MGNkLTRkNWYtOWM0OC1hZGI3MjEzODBlMDIuanBnIn19.5FxsVWtZ0jpAZufJ0F2QpW_QjvYQM9I1kUnYF-N6mec&quot; data-super-full-width=&quot;1478&quot; data-super-full-height=&quot;1467&quot;        data-sigil=&quot;thumb&quot;&gt;
        &lt;i&gt;&lt;/i&gt;&lt;img   width=&quot;150&quot; height=&quot;149&quot; alt=&quot;K22 by Bamboo-Ale&quot; src=&quot;https://images-wixmp-ed30a86b8c4ca887773594c2.wixmp.com/intermediary/f/28dd8f0b-1d04-4ef8-b4f9-666019dff478/dd04ljw-8c8f4cc8-50cd-4d5f-9c48-adb721380e02.jpg/v1/fit/w_150,h_150,q_70,strp/k22_by_bamboo_ale_dd04ljw-150.jpg&quot; data-src=&quot;https://images-wixmp-ed30a86b8c4ca887773594c2.wixmp.com/intermediary/f/28dd8f0b-1d04-4ef8-b4f9-666019dff478/dd04ljw-8c8f4cc8-50cd-4d5f-9c48-adb721380e02.jpg/v1/fit/w_150,h_150,q_70,strp/k22_by_bamboo_ale_dd04ljw-150.jpg&quot; srcset=&quot;https://images-wixmp-ed30a86b8c4ca887773594c2.wixmp.com/intermediary/f/28dd8f0b-1d04-4ef8-b4f9-666019dff478/dd04ljw-8c8f4cc8-50cd-4d5f-9c48-adb721380e02.jpg/v1/fit/w_150,h_150,q_70,strp/k22_by_bamboo_ale_dd04ljw-150.jpg 150w,https://images-wixmp-ed30a86b8c4ca887773594c2.wixmp.com/intermediary/f/28dd8f0b-1d04-4ef8-b4f9-666019dff478/dd04ljw-8c8f4cc8-50cd-4d5f-9c48-adb721380e02.jpg/v1/fill/w_252,h_250,q_70,strp/k22_by_bamboo_ale_dd04ljw-250t.jpg 252w,https://images-wixmp-ed30a86b8c4ca887773594c2.wixmp.com/intermediary/f/28dd8f0b-1d04-4ef8-b4f9-666019dff478/dd04ljw-8c8f4cc8-50cd-4d5f-9c48-adb721380e02.jpg/v1/fill/w_353,h_350,q_70,strp/k22_by_bamboo_ale_dd04ljw-350t.jpg 352w,https://images-wixmp-ed30a86b8c4ca887773594c2.wixmp.com/intermediary/f/28dd8f0b-1d04-4ef8-b4f9-666019dff478/dd04ljw-8c8f4cc8-50cd-4d5f-9c48-adb721380e02.jpg/v1/fill/w_403,h_400,q_70,strp/k22_by_bamboo_ale_dd04ljw-400t.jpg 403w,https://images-wixmp-ed30a86b8c4ca887773594c2.wixmp.com/intermediary/f/28dd8f0b-1d04-4ef8-b4f9-666019dff478/dd04ljw-8c8f4cc8-50cd-4d5f-9c48-adb721380e02.jpg/v1/fill/w_897,h_891,q_70,strp/k22_by_bamboo_ale_dd04ljw-pre.jpg 897w&quot; sizes=&quot;150px&quot;&gt;&lt;/a&gt;&lt;/span&gt;&lt;!-- ^TTT --&gt;&lt;!-- TTT$ --&gt;&lt;/span&gt;</media:description>            <media:thumbnail url="https://t00.deviantart.net/hh2Iluqb2yTNCIJa3XsOaVprXd4=/fit-in/150x150/filters:no_upscale():origin()/pre00/ae52/th/pre/f/2019/049/e/6/kiara_by_bamboo_ale-dd04lh1.jpg" height="147" width="150"/>            <media:thumbnail url="https://t00.deviantart.net/eXA0NiAeqWUYG9aLAbsETfA9TlY=/fit-in/300x900/filters:no_upscale():origin()/pre00/ae52/th/pre/f/2019/049/e/6/kiara_by_bamboo_ale-dd04lh1.jpg" height="295" width="300"/>            <media:thumbnail url="https://t00.deviantart.net/T13plDB2pUiquE2iA7jbkRFkuQw=/300x200/filters:fixed_height(100,100):origin()/pre00/ae52/th/pre/f/2019/049/e/6/kiara_by_bamboo_ale-dd04lh1.jpg" height="200" width="204"/>            <media:content url="https://pre00.deviantart.net/ae52/th/pre/f/2019/049/e/6/kiara_by_bamboo_ale-dd04lh1.jpg" height="886" width="902" medium="image"/>            
            <description>New Oc, All rights belong to ME&lt;br /&gt;&lt;br /&gt;alt&lt;br /&gt;&lt;br /&gt;&lt;span class=&quot;shadow-holder&quot; data-embed-type=&quot;deviation&quot; data-embed-id=&quot;5745128393601627&quot; data-embed-format=&quot;thumb&quot;&gt;&lt;span class=&quot;shadow mild&quot; &gt;&lt;a class=&quot;thumb&quot; href=&quot;https://sta.sh/01kkh7jqqbff&quot; title=&quot;K22 by Bamboo-Ale, Feb 19, 2019&quot;data-super-img=&quot;https://images-wixmp-ed30a86b8c4ca887773594c2.wixmp.com/intermediary/f/28dd8f0b-1d04-4ef8-b4f9-666019dff478/dd04ljw-8c8f4cc8-50cd-4d5f-9c48-adb721380e02.jpg/v1/fill/w_897,h_891,q_70,strp/k22_by_bamboo_ale_dd04ljw-pre.jpg&quot; data-super-width=&quot;897&quot; data-super-height=&quot;891&quot; data-super-transparent=&quot;false&quot; data-super-alt=&quot;K22 by Bamboo-Ale&quot; data-super-full-img=&quot;https://api-da.wixmp.com/_api/download/file?downloadToken=eyJ0eXAiOiJKV1QiLCJhbGciOiJIUzI1NiJ9.eyJzdWIiOiJ1cm46YXBwOjdlMGQxODg5ODIyNjQzNzNhNWYwZDQxNWVhMGQyNmUwIiwiaXNzIjoidXJuOmFwcDo3ZTBkMTg4OTgyMjY0MzczYTVmMGQ0MTVlYTBkMjZlMCIsImV4cCI6MTU1MDU0ODEwMCwiaWF0IjoxNTUwNTQ3NDkwLCJqdGkiOiI1YzZiN2EyY2RmN2Q5Iiwib2JqIjpudWxsLCJhdWQiOlsidXJuOnNlcnZpY2U6ZmlsZS5kb3dubG9hZCJdLCJwYXlsb2FkIjp7InBhdGgiOiJcL2ZcLzI4ZGQ4ZjBiLTFkMDQtNGVmOC1iNGY5LTY2NjAxOWRmZjQ3OFwvZGQwNGxqdy04YzhmNGNjOC01MGNkLTRkNWYtOWM0OC1hZGI3MjEzODBlMDIuanBnIn19.5FxsVWtZ0jpAZufJ0F2QpW_QjvYQM9I1kUnYF-N6mec&quot; data-super-full-width=&quot;1478&quot; data-super-full-height=&quot;1467&quot;        data-sigil=&quot;thumb&quot;&gt;
        &lt;i&gt;&lt;/i&gt;&lt;img   width=&quot;150&quot; height=&quot;149&quot; alt=&quot;K22 by Bamboo-Ale&quot; src=&quot;https://images-wixmp-ed30a86b8c4ca887773594c2.wixmp.com/intermediary/f/28dd8f0b-1d04-4ef8-b4f9-666019dff478/dd04ljw-8c8f4cc8-50cd-4d5f-9c48-adb721380e02.jpg/v1/fit/w_150,h_150,q_70,strp/k22_by_bamboo_ale_dd04ljw-150.jpg&quot; data-src=&quot;https://images-wixmp-ed30a86b8c4ca887773594c2.wixmp.com/intermediary/f/28dd8f0b-1d04-4ef8-b4f9-666019dff478/dd04ljw-8c8f4cc8-50cd-4d5f-9c48-adb721380e02.jpg/v1/fit/w_150,h_150,q_70,strp/k22_by_bamboo_ale_dd04ljw-150.jpg&quot; srcset=&quot;https://images-wixmp-ed30a86b8c4ca887773594c2.wixmp.com/intermediary/f/28dd8f0b-1d04-4ef8-b4f9-666019dff478/dd04ljw-8c8f4cc8-50cd-4d5f-9c48-adb721380e02.jpg/v1/fit/w_150,h_150,q_70,strp/k22_by_bamboo_ale_dd04ljw-150.jpg 150w,https://images-wixmp-ed30a86b8c4ca887773594c2.wixmp.com/intermediary/f/28dd8f0b-1d04-4ef8-b4f9-666019dff478/dd04ljw-8c8f4cc8-50cd-4d5f-9c48-adb721380e02.jpg/v1/fill/w_252,h_250,q_70,strp/k22_by_bamboo_ale_dd04ljw-250t.jpg 252w,https://images-wixmp-ed30a86b8c4ca887773594c2.wixmp.com/intermediary/f/28dd8f0b-1d04-4ef8-b4f9-666019dff478/dd04ljw-8c8f4cc8-50cd-4d5f-9c48-adb721380e02.jpg/v1/fill/w_353,h_350,q_70,strp/k22_by_bamboo_ale_dd04ljw-350t.jpg 352w,https://images-wixmp-ed30a86b8c4ca887773594c2.wixmp.com/intermediary/f/28dd8f0b-1d04-4ef8-b4f9-666019dff478/dd04ljw-8c8f4cc8-50cd-4d5f-9c48-adb721380e02.jpg/v1/fill/w_403,h_400,q_70,strp/k22_by_bamboo_ale_dd04ljw-400t.jpg 403w,https://images-wixmp-ed30a86b8c4ca887773594c2.wixmp.com/intermediary/f/28dd8f0b-1d04-4ef8-b4f9-666019dff478/dd04ljw-8c8f4cc8-50cd-4d5f-9c48-adb721380e02.jpg/v1/fill/w_897,h_891,q_70,strp/k22_by_bamboo_ale_dd04ljw-pre.jpg 897w&quot; sizes=&quot;150px&quot;&gt;&lt;/a&gt;&lt;/span&gt;&lt;!-- ^TTT --&gt;&lt;!-- TTT$ --&gt;&lt;/span&gt;&lt;br /&gt;&lt;div&gt;&lt;img src=&quot;https://t00.deviantart.net/T13plDB2pUiquE2iA7jbkRFkuQw=/300x200/filters:fixed_height(100,100):origin()/pre00/ae52/th/pre/f/2019/049/e/6/kiara_by_bamboo_ale-dd04lh1.jpg&quot; alt=&quot;thumbnail&quot; /&gt;&lt;/div&gt;</description>            </item>
                    <item>
                <title>Liana&#039;s escape challenge!</title>
                <link>https://bagelbomb.deviantart.com/art/Liana-s-escape-challenge-786249517</link>
                <guid isPermaLink="true">https://bagelbomb.deviantart.com/art/Liana-s-escape-challenge-786249517</guid>
                <pubDate>Mon, 18 Feb 2019 16:11:21 PST</pubDate>
                        <media:title type="plain">Liana&#039;s escape challenge!</media:title>
        <media:keywords></media:keywords>
                        <media:rating>adult</media:rating>
                <media:category label="Drawings">manga/digital/drawings</media:category>
        <media:credit role="author" scheme="urn:ebu">BagelBomb</media:credit>
        <media:credit role="author" scheme="urn:ebu">https://a.deviantart.net/avatars/b/a/bagelbomb.png?6</media:credit>
        <media:copyright url="https://bagelbomb.deviantart.com">Copyright 2019 BagelBomb</media:copyright>            <media:description type="html">&lt;span&gt;A commission for &lt;a target=&quot;_self&quot; href=&quot;https://www.deviantart.com/reixi2525s&quot; &gt;&lt;img class=&quot;avatar&quot; width=&quot;50&quot; height=&quot;50&quot; src=&quot;https://a.deviantart.net/avatars/r/e/reixi2525s.png?13&quot; alt=&quot;:iconreixi2525s:&quot; title=&quot;Reixi2525s&quot; /&gt;&lt;/a&gt; involving his OC Liana attempting an escape challenge!&lt;br /&gt;&lt;br /&gt;variants:&amp;nbsp;&lt;a href=&quot;https://sta.sh/21aab57bulpu?edit=1&quot;&gt;sta.sh/21aab57bulpu?edit=1&lt;/a&gt;&lt;br /&gt;&lt;br /&gt;Vibe variants on my twitter:&amp;nbsp;&lt;/span&gt;&lt;span&gt;&lt;a class=&quot;external&quot; href=&quot;https://www.deviantart.com/users/outgoing?https://twitter.com/BagelBombed/status/1086800798246420481&quot;&gt;twitter.com/BagelBombed/status&amp;hellip;&lt;/a&gt;&lt;/span&gt;</media:description>            <media:thumbnail url="https://t00.deviantart.net/JtVxLCUQBVzAVI8-IPFePq3YbPY=/fit-in/150x150/filters:no_upscale():origin()/pre00/6ec0/th/pre/i/2019/049/1/c/liana_s_escape_challenge__by_bagelbomb-dd0420d.png" height="150" width="95"/>            <media:thumbnail url="https://t00.deviantart.net/QXnPQjuQptXpudBl76zg2taVG_s=/fit-in/300x900/filters:no_upscale():origin()/pre00/6ec0/th/pre/i/2019/049/1/c/liana_s_escape_challenge__by_bagelbomb-dd0420d.png" height="474" width="300"/>            <media:thumbnail url="https://t00.deviantart.net/plJrt_aqGuhimZb2hyz_NVY1WfE=/300x200/filters:fixed_height(100,100):origin()/pre00/6ec0/th/pre/i/2019/049/1/c/liana_s_escape_challenge__by_bagelbomb-dd0420d.png" height="200" width="127"/>            <media:content url="https://pre00.deviantart.net/6ec0/th/pre/i/2019/049/1/c/liana_s_escape_challenge__by_bagelbomb-dd0420d.png" height="1124" width="711" medium="image"/>            
            <description>&lt;span&gt;A commission for &lt;a target=&quot;_self&quot; href=&quot;https://www.deviantart.com/reixi2525s&quot; &gt;&lt;img class=&quot;avatar&quot; width=&quot;50&quot; height=&quot;50&quot; src=&quot;https://a.deviantart.net/avatars/r/e/reixi2525s.png?13&quot; alt=&quot;:iconreixi2525s:&quot; title=&quot;Reixi2525s&quot; /&gt;&lt;/a&gt; involving his OC Liana attempting an escape challenge!&lt;br /&gt;&lt;br /&gt;variants:&amp;nbsp;&lt;a href=&quot;https://sta.sh/21aab57bulpu?edit=1&quot;&gt;sta.sh/21aab57bulpu?edit=1&lt;/a&gt;&lt;br /&gt;&lt;br /&gt;Vibe variants on my twitter:&amp;nbsp;&lt;/span&gt;&lt;span&gt;&lt;a class=&quot;external&quot; href=&quot;https://www.deviantart.com/users/outgoing?https://twitter.com/BagelBombed/status/1086800798246420481&quot;&gt;twitter.com/BagelBombed/status&amp;hellip;&lt;/a&gt;&lt;/span&gt;&lt;br /&gt;&lt;div&gt;&lt;img src=&quot;https://t00.deviantart.net/plJrt_aqGuhimZb2hyz_NVY1WfE=/300x200/filters:fixed_height(100,100):origin()/pre00/6ec0/th/pre/i/2019/049/1/c/liana_s_escape_challenge__by_bagelbomb-dd0420d.png&quot; alt=&quot;thumbnail&quot; /&gt;&lt;/div&gt;</description>            </item>
                    <item>
                <title>Stiran</title>
                <link>https://vest.deviantart.com/art/Stiran-786241105</link>
                <guid isPermaLink="true">https://vest.deviantart.com/art/Stiran-786241105</guid>
                <pubDate>Mon, 18 Feb 2019 15:06:08 PST</pubDate>
                        <media:title type="plain">Stiran</media:title>
        <media:keywords></media:keywords>
                        <media:rating>adult</media:rating>
                <media:category label="Pin-up">digitalart/paintings/people/pinup</media:category>
        <media:credit role="author" scheme="urn:ebu">vest</media:credit>
        <media:credit role="author" scheme="urn:ebu">https://a.deviantart.net/avatars/v/e/vest.gif?10</media:credit>
        <media:copyright url="https://vest.deviantart.com">Copyright 2019 vest</media:copyright>            <media:description type="html">&lt;div align=&quot;center&quot;&gt;&lt;br /&gt;&lt;hr/&gt;&lt;br /&gt;&lt;br /&gt;&lt;div align=&quot;center&quot;&gt;&lt;h4&gt;&lt;a class=&quot;external&quot; href=&quot;https://www.deviantart.com/users/outgoing?https://ko-fi.com/V7V1B8JB&quot;&gt;[If you like what you see, support future creations!]&lt;/a&gt;&lt;/h4&gt;&lt;br /&gt;&lt;br /&gt;&lt;h4&gt;Alternate NSFW and High Resolutions Version Can Be Found&lt;br /&gt;&lt;a class=&quot;external&quot; href=&quot;https://www.deviantart.com/users/outgoing?https://twitter.com/Colors_by_Vest&quot;&gt;&lt;b&gt;[On My Twitter]&lt;/b&gt;&lt;/a&gt;&lt;/h4&gt;&lt;br /&gt;&lt;br /&gt;&lt;br /&gt;&lt;hr/&gt;&lt;br /&gt;&lt;br /&gt;&lt;div align=&quot;center&quot;&gt;&lt;a target=&quot;_self&quot; href=&quot;https://www.deviantart.com/lcfreitas&quot; &gt;&lt;img class=&quot;avatar&quot; width=&quot;50&quot; height=&quot;50&quot; src=&quot;https://a.deviantart.net/avatars/l/c/lcfreitas.jpg?7&quot; alt=&quot;:iconlcfreitas:&quot; title=&quot;LCFreitas&quot; /&gt;&lt;/a&gt; &amp;amp; &lt;a target=&quot;_self&quot; href=&quot;https://www.deviantart.com/vest&quot; &gt;&lt;img class=&quot;avatar&quot; width=&quot;50&quot; height=&quot;50&quot; src=&quot;https://a.deviantart.net/avatars/v/e/vest.gif?10&quot; alt=&quot;:iconvest:&quot; title=&quot;vest&quot; /&gt;&lt;/a&gt;&lt;br /&gt;&lt;br /&gt;&lt;span class=&quot;shadow-holder&quot; data-embed-type=&quot;deviation&quot; data-embed-id=&quot;783259193&quot; data-embed-format=&quot;thumb&quot;&gt;&lt;span class=&quot;shadow mild&quot; &gt;&lt;a class=&quot;thumb&quot; href=&quot;https://www.deviantart.com/lcfreitas/art/Stiran-explorer-783259193&quot; title=&quot;Stiran, explorer by LCFreitas, Jan 29, 2019 in Fan Art &amp;gt; Traditional Art &amp;gt; Drawings &amp;gt; Books &amp;amp; Novels&quot;data-super-img=&quot;https://images-wixmp-ed30a86b8c4ca887773594c2.wixmp.com/intermediary/f/426355d6-b96c-4d11-80fa-d71a83fde144/dcybynt-fe841abf-d3c9-4cb5-be79-aa9beddaadeb.jpg/v1/fill/w_749,h_1067,q_70,strp/stiran__explorer_by_lcfreitas_dcybynt-pre.jpg&quot; data-super-width=&quot;749&quot; data-super-height=&quot;1067&quot; data-super-transparent=&quot;false&quot; data-super-alt=&quot;Stiran, explorer by LCFreitas&quot; data-super-full-img=&quot;https://images-wixmp-ed30a86b8c4ca887773594c2.wixmp.com/intermediary/f/426355d6-b96c-4d11-80fa-d71a83fde144/dcybynt-fe841abf-d3c9-4cb5-be79-aa9beddaadeb.jpg/v1/fill/w_1024,h_1458,q_70,strp/stiran__explorer_by_lcfreitas_dcybynt-fullview.jpg&quot; data-super-full-width=&quot;1024&quot; data-super-full-height=&quot;1458&quot;        data-sigil=&quot;thumb&quot;&gt;
        &lt;i&gt;&lt;/i&gt;&lt;img   width=&quot;105&quot; height=&quot;150&quot; alt=&quot;Stiran, explorer by LCFreitas&quot; src=&quot;https://images-wixmp-ed30a86b8c4ca887773594c2.wixmp.com/intermediary/f/426355d6-b96c-4d11-80fa-d71a83fde144/dcybynt-fe841abf-d3c9-4cb5-be79-aa9beddaadeb.jpg/v1/fit/w_150,h_150,q_70,strp/stiran__explorer_by_lcfreitas_dcybynt-150.jpg&quot; data-src=&quot;https://images-wixmp-ed30a86b8c4ca887773594c2.wixmp.com/intermediary/f/426355d6-b96c-4d11-80fa-d71a83fde144/dcybynt-fe841abf-d3c9-4cb5-be79-aa9beddaadeb.jpg/v1/fit/w_150,h_150,q_70,strp/stiran__explorer_by_lcfreitas_dcybynt-150.jpg&quot; srcset=&quot;https://images-wixmp-ed30a86b8c4ca887773594c2.wixmp.com/intermediary/f/426355d6-b96c-4d11-80fa-d71a83fde144/dcybynt-fe841abf-d3c9-4cb5-be79-aa9beddaadeb.jpg/v1/fit/w_150,h_150,q_70,strp/stiran__explorer_by_lcfreitas_dcybynt-150.jpg 105w,https://images-wixmp-ed30a86b8c4ca887773594c2.wixmp.com/intermediary/f/426355d6-b96c-4d11-80fa-d71a83fde144/dcybynt-fe841abf-d3c9-4cb5-be79-aa9beddaadeb.jpg/v1/crop/w_176,h_250,x_0,y_0,scl_0.085769980506823,q_70,strp/stiran__explorer_by_lcfreitas_dcybynt-250t.jpg 176w,https://images-wixmp-ed30a86b8c4ca887773594c2.wixmp.com/intermediary/f/426355d6-b96c-4d11-80fa-d71a83fde144/dcybynt-fe841abf-d3c9-4cb5-be79-aa9beddaadeb.jpg/v1/fill/w_246,h_350,q_70,strp/stiran__explorer_by_lcfreitas_dcybynt-350t.jpg 246w,https://images-wixmp-ed30a86b8c4ca887773594c2.wixmp.com/intermediary/f/426355d6-b96c-4d11-80fa-d71a83fde144/dcybynt-fe841abf-d3c9-4cb5-be79-aa9beddaadeb.jpg/v1/fill/w_281,h_400,q_70,strp/stiran__explorer_by_lcfreitas_dcybynt-400t.jpg 281w,https://images-wixmp-ed30a86b8c4ca887773594c2.wixmp.com/intermediary/f/426355d6-b96c-4d11-80fa-d71a83fde144/dcybynt-fe841abf-d3c9-4cb5-be79-aa9beddaadeb.jpg/v1/fill/w_749,h_1067,q_70,strp/stiran__explorer_by_lcfreitas_dcybynt-pre.jpg 749w&quot; sizes=&quot;105px&quot;&gt;&lt;/a&gt;&lt;/span&gt;&lt;!-- ^TTT --&gt;&lt;!-- TTT$ --&gt;&lt;/span&gt;&lt;br /&gt;&lt;a href=&quot;https://www.deviantart.com/lcfreitas/art/Stiran-explorer-783259193&quot;&gt;Original Lines by LCFreitas&lt;/a&gt;&lt;br /&gt;&lt;br /&gt;Color by &lt;span class=&quot;username-with-symbol u&quot;&gt;&lt;a class=&quot;u senior username&quot; href=&quot;https://www.deviantart.com/vest&quot;&gt;vest&lt;/a&gt;&lt;span class=&quot;user-symbol senior&quot; data-quicktip-text=&quot;Senior Member&quot; data-show-tooltip=&quot;1&quot; data-gruser-type=&quot;senior&quot;&gt;&lt;/span&gt;&lt;/span&gt;&lt;br /&gt;&lt;br /&gt;&lt;hr/&gt;&lt;br /&gt;&lt;br /&gt;&lt;b&gt;Check out the other collabs with &lt;span class=&quot;username-with-symbol u&quot;&gt;&lt;a class=&quot;u regular username&quot; href=&quot;https://www.deviantart.com/lcfreitas&quot;&gt;LCFreitas&lt;/a&gt;&lt;span class=&quot;user-symbol regular&quot; data-quicktip-text=&quot;&quot; data-show-tooltip=&quot;&quot; data-gruser-type=&quot;regular&quot;&gt;&lt;/span&gt;&lt;/span&gt;!&lt;/b&gt;&lt;br /&gt;&lt;br /&gt;&lt;span class=&quot;shadow-holder&quot; data-embed-type=&quot;deviation&quot; data-embed-id=&quot;776558579&quot; data-embed-format=&quot;thumb&quot;&gt;&lt;span class=&quot;shadow mild&quot; &gt;&lt;a class=&quot;thumb ismature&quot; href=&quot;https://www.deviantart.com/vest/art/Elsa-Gotch-er-Nose-776558579&quot; title=&quot;Elsa - Gotch&amp;#039;er Nose by vest, Dec 13, 2018 in Digital Art &amp;gt; Drawings &amp;amp; Paintings &amp;gt; People &amp;gt; Pin-up&quot;data-super-img=&quot;https://images-wixmp-ed30a86b8c4ca887773594c2.wixmp.com/intermediary/f/22ef46cb-79ab-42b3-bb81-e013889dcb6b/dcuccfn-4aeaf128-bec9-4927-afd9-7d6d3be31127.png/v1/fill/w_707,h_1130,q_70,strp/elsa___gotch_er_nose_by_vest_dcuccfn-pre.jpg&quot; data-super-width=&quot;707&quot; data-super-height=&quot;1130&quot; data-super-transparent=&quot;false&quot; data-super-alt=&quot;Elsa - Gotch&amp;#039;er Nose by vest&quot; data-super-full-img=&quot;https://images-wixmp-ed30a86b8c4ca887773594c2.wixmp.com/intermediary/f/22ef46cb-79ab-42b3-bb81-e013889dcb6b/dcuccfn-4aeaf128-bec9-4927-afd9-7d6d3be31127.png&quot; data-super-full-width=&quot;801&quot; data-super-full-height=&quot;1280&quot;        data-sigil=&quot;thumb&quot;&gt;
                &lt;div class=&quot;thumb_agegate&quot;&gt;
            &lt;div class=&quot;agegate&quot;&gt;
                &lt;div class=&quot;nogo icon-blocked&quot;&gt;&lt;/div&gt;
                &lt;h1&gt;Mature Content&lt;/h1&gt;
            &lt;/div&gt;
        &lt;/div&gt;
        &lt;i&gt;&lt;/i&gt;&lt;img   width=&quot;94&quot; height=&quot;150&quot; alt=&quot;Elsa - Gotch&amp;#039;er Nose by vest&quot; src=&quot;https://images-wixmp-ed30a86b8c4ca887773594c2.wixmp.com/intermediary/f/22ef46cb-79ab-42b3-bb81-e013889dcb6b/dcuccfn-4aeaf128-bec9-4927-afd9-7d6d3be31127.png/v1/fit/w_150,h_150,q_70,strp/elsa___gotch_er_nose_by_vest_dcuccfn-150.jpg&quot; data-src=&quot;https://images-wixmp-ed30a86b8c4ca887773594c2.wixmp.com/intermediary/f/22ef46cb-79ab-42b3-bb81-e013889dcb6b/dcuccfn-4aeaf128-bec9-4927-afd9-7d6d3be31127.png/v1/fit/w_150,h_150,q_70,strp/elsa___gotch_er_nose_by_vest_dcuccfn-150.jpg&quot; srcset=&quot;https://images-wixmp-ed30a86b8c4ca887773594c2.wixmp.com/intermediary/f/22ef46cb-79ab-42b3-bb81-e013889dcb6b/dcuccfn-4aeaf128-bec9-4927-afd9-7d6d3be31127.png/v1/fit/w_150,h_150,q_70,strp/elsa___gotch_er_nose_by_vest_dcuccfn-150.jpg 94w,https://images-wixmp-ed30a86b8c4ca887773594c2.wixmp.com/intermediary/f/22ef46cb-79ab-42b3-bb81-e013889dcb6b/dcuccfn-4aeaf128-bec9-4927-afd9-7d6d3be31127.png/v1/crop/w_156,h_250,x_0,y_0,scl_0.1960049937578,q_70,strp/elsa___gotch_er_nose_by_vest_dcuccfn-250t.jpg 156w,https://images-wixmp-ed30a86b8c4ca887773594c2.wixmp.com/intermediary/f/22ef46cb-79ab-42b3-bb81-e013889dcb6b/dcuccfn-4aeaf128-bec9-4927-afd9-7d6d3be31127.png/v1/fill/w_219,h_350,q_70,strp/elsa___gotch_er_nose_by_vest_dcuccfn-350t.jpg 219w,https://images-wixmp-ed30a86b8c4ca887773594c2.wixmp.com/intermediary/f/22ef46cb-79ab-42b3-bb81-e013889dcb6b/dcuccfn-4aeaf128-bec9-4927-afd9-7d6d3be31127.png/v1/fill/w_250,h_400,q_70,strp/elsa___gotch_er_nose_by_vest_dcuccfn-400t.jpg 250w,https://images-wixmp-ed30a86b8c4ca887773594c2.wixmp.com/intermediary/f/22ef46cb-79ab-42b3-bb81-e013889dcb6b/dcuccfn-4aeaf128-bec9-4927-afd9-7d6d3be31127.png/v1/fill/w_707,h_1130,q_70,strp/elsa___gotch_er_nose_by_vest_dcuccfn-pre.jpg 707w&quot; sizes=&quot;94px&quot;&gt;&lt;/a&gt;&lt;/span&gt;&lt;!-- ^TTT --&gt;&lt;!-- TTT$ --&gt;&lt;/span&gt; &lt;span class=&quot;shadow-holder&quot; data-embed-type=&quot;deviation&quot; data-embed-id=&quot;776219874&quot; data-embed-format=&quot;thumb&quot;&gt;&lt;span class=&quot;shadow mild&quot; &gt;&lt;a class=&quot;thumb ismature&quot; href=&quot;https://www.deviantart.com/vest/art/Red-Riding-Hood-Night-of-the-Wolf-776219874&quot; title=&quot;Red Riding Hood: Night of the Wolf by vest, Dec 10, 2018 in Digital Art &amp;gt; Drawings &amp;amp; Paintings &amp;gt; People &amp;gt; Pin-up&quot;data-super-img=&quot;https://images-wixmp-ed30a86b8c4ca887773594c2.wixmp.com/intermediary/f/22ef46cb-79ab-42b3-bb81-e013889dcb6b/dcu5336-29672200-c812-4958-a0ea-50495e656094.png/v1/fill/w_1069,h_748,q_70,strp/red_riding_hood__night_of_the_wolf_by_vest_dcu5336-pre.jpg&quot; data-super-width=&quot;1069&quot; data-super-height=&quot;748&quot; data-super-transparent=&quot;false&quot; data-super-alt=&quot;Red Riding Hood: Night of the Wolf by vest&quot; data-super-full-img=&quot;https://images-wixmp-ed30a86b8c4ca887773594c2.wixmp.com/intermediary/f/22ef46cb-79ab-42b3-bb81-e013889dcb6b/dcu5336-29672200-c812-4958-a0ea-50495e656094.png&quot; data-super-full-width=&quot;1280&quot; data-super-full-height=&quot;896&quot;        data-sigil=&quot;thumb&quot;&gt;
                &lt;div class=&quot;thumb_agegate&quot;&gt;
            &lt;div class=&quot;agegate&quot;&gt;
                &lt;div class=&quot;nogo icon-blocked&quot;&gt;&lt;/div&gt;
                &lt;h1&gt;Mature Content&lt;/h1&gt;
            &lt;/div&gt;
        &lt;/div&gt;
        &lt;i&gt;&lt;/i&gt;&lt;img   width=&quot;150&quot; height=&quot;105&quot; alt=&quot;Red Riding Hood: Night of the Wolf by vest&quot; src=&quot;https://images-wixmp-ed30a86b8c4ca887773594c2.wixmp.com/intermediary/f/22ef46cb-79ab-42b3-bb81-e013889dcb6b/dcu5336-29672200-c812-4958-a0ea-50495e656094.png/v1/fit/w_150,h_150,q_70,strp/red_riding_hood__night_of_the_wolf_by_vest_dcu5336-150.jpg&quot; data-src=&quot;https://images-wixmp-ed30a86b8c4ca887773594c2.wixmp.com/intermediary/f/22ef46cb-79ab-42b3-bb81-e013889dcb6b/dcu5336-29672200-c812-4958-a0ea-50495e656094.png/v1/fit/w_150,h_150,q_70,strp/red_riding_hood__night_of_the_wolf_by_vest_dcu5336-150.jpg&quot; srcset=&quot;https://images-wixmp-ed30a86b8c4ca887773594c2.wixmp.com/intermediary/f/22ef46cb-79ab-42b3-bb81-e013889dcb6b/dcu5336-29672200-c812-4958-a0ea-50495e656094.png/v1/fit/w_150,h_150,q_70,strp/red_riding_hood__night_of_the_wolf_by_vest_dcu5336-150.jpg 150w,https://images-wixmp-ed30a86b8c4ca887773594c2.wixmp.com/intermediary/f/22ef46cb-79ab-42b3-bb81-e013889dcb6b/dcu5336-29672200-c812-4958-a0ea-50495e656094.png/v1/fill/w_357,h_250,q_70,strp/red_riding_hood__night_of_the_wolf_by_vest_dcu5336-250t.jpg 357w,https://images-wixmp-ed30a86b8c4ca887773594c2.wixmp.com/intermediary/f/22ef46cb-79ab-42b3-bb81-e013889dcb6b/dcu5336-29672200-c812-4958-a0ea-50495e656094.png/v1/fill/w_500,h_350,q_70,strp/red_riding_hood__night_of_the_wolf_by_vest_dcu5336-350t.jpg 500w,https://images-wixmp-ed30a86b8c4ca887773594c2.wixmp.com/intermediary/f/22ef46cb-79ab-42b3-bb81-e013889dcb6b/dcu5336-29672200-c812-4958-a0ea-50495e656094.png/v1/fill/w_571,h_400,q_70,strp/red_riding_hood__night_of_the_wolf_by_vest_dcu5336-400t.jpg 571w,https://images-wixmp-ed30a86b8c4ca887773594c2.wixmp.com/intermediary/f/22ef46cb-79ab-42b3-bb81-e013889dcb6b/dcu5336-29672200-c812-4958-a0ea-50495e656094.png/v1/fill/w_1069,h_748,q_70,strp/red_riding_hood__night_of_the_wolf_by_vest_dcu5336-pre.jpg 1069w&quot; sizes=&quot;150px&quot;&gt;&lt;/a&gt;&lt;/span&gt;&lt;!-- ^TTT --&gt;&lt;!-- TTT$ --&gt;&lt;/span&gt; &lt;span class=&quot;shadow-holder&quot; data-embed-type=&quot;deviation&quot; data-embed-id=&quot;771982650&quot; data-embed-format=&quot;thumb&quot;&gt;&lt;span class=&quot;shadow mild&quot; &gt;&lt;a class=&quot;thumb&quot; href=&quot;https://www.deviantart.com/vest/art/Lady-Mechanika-Reclining-771982650&quot; title=&quot;Lady Mechanika Reclining by vest, Nov 10, 2018 in Digital Art &amp;gt; Drawings &amp;amp; Paintings &amp;gt; People &amp;gt; Pin-up&quot;data-super-img=&quot;https://images-wixmp-ed30a86b8c4ca887773594c2.wixmp.com/intermediary/f/22ef46cb-79ab-42b3-bb81-e013889dcb6b/dcrm9mi-62b0e5aa-9c5e-4f0c-b6b3-61537e3df190.png/v1/fill/w_754,h_1059,q_70,strp/lady_mechanika_reclining_by_vest_dcrm9mi-pre.jpg&quot; data-super-width=&quot;754&quot; data-super-height=&quot;1059&quot; data-super-transparent=&quot;false&quot; data-super-alt=&quot;Lady Mechanika Reclining by vest&quot; data-super-full-img=&quot;https://images-wixmp-ed30a86b8c4ca887773594c2.wixmp.com/intermediary/f/22ef46cb-79ab-42b3-bb81-e013889dcb6b/dcrm9mi-62b0e5aa-9c5e-4f0c-b6b3-61537e3df190.png&quot; data-super-full-width=&quot;912&quot; data-super-full-height=&quot;1280&quot;        data-sigil=&quot;thumb&quot;&gt;
        &lt;i&gt;&lt;/i&gt;&lt;img   width=&quot;107&quot; height=&quot;150&quot; alt=&quot;Lady Mechanika Reclining by vest&quot; src=&quot;https://images-wixmp-ed30a86b8c4ca887773594c2.wixmp.com/intermediary/f/22ef46cb-79ab-42b3-bb81-e013889dcb6b/dcrm9mi-62b0e5aa-9c5e-4f0c-b6b3-61537e3df190.png/v1/fit/w_150,h_150,q_70,strp/lady_mechanika_reclining_by_vest_dcrm9mi-150.jpg&quot; data-src=&quot;https://images-wixmp-ed30a86b8c4ca887773594c2.wixmp.com/intermediary/f/22ef46cb-79ab-42b3-bb81-e013889dcb6b/dcrm9mi-62b0e5aa-9c5e-4f0c-b6b3-61537e3df190.png/v1/fit/w_150,h_150,q_70,strp/lady_mechanika_reclining_by_vest_dcrm9mi-150.jpg&quot; srcset=&quot;https://images-wixmp-ed30a86b8c4ca887773594c2.wixmp.com/intermediary/f/22ef46cb-79ab-42b3-bb81-e013889dcb6b/dcrm9mi-62b0e5aa-9c5e-4f0c-b6b3-61537e3df190.png/v1/fit/w_150,h_150,q_70,strp/lady_mechanika_reclining_by_vest_dcrm9mi-150.jpg 107w,https://images-wixmp-ed30a86b8c4ca887773594c2.wixmp.com/intermediary/f/22ef46cb-79ab-42b3-bb81-e013889dcb6b/dcrm9mi-62b0e5aa-9c5e-4f0c-b6b3-61537e3df190.png/v1/fill/w_178,h_250,q_70,strp/lady_mechanika_reclining_by_vest_dcrm9mi-250t.jpg 178w,https://images-wixmp-ed30a86b8c4ca887773594c2.wixmp.com/intermediary/f/22ef46cb-79ab-42b3-bb81-e013889dcb6b/dcrm9mi-62b0e5aa-9c5e-4f0c-b6b3-61537e3df190.png/v1/crop/w_249,h_350,x_0,y_0,scl_0.27412280701754,q_70,strp/lady_mechanika_reclining_by_vest_dcrm9mi-350t.jpg 249w,https://images-wixmp-ed30a86b8c4ca887773594c2.wixmp.com/intermediary/f/22ef46cb-79ab-42b3-bb81-e013889dcb6b/dcrm9mi-62b0e5aa-9c5e-4f0c-b6b3-61537e3df190.png/v1/fill/w_285,h_400,q_70,strp/lady_mechanika_reclining_by_vest_dcrm9mi-400t.jpg 285w,https://images-wixmp-ed30a86b8c4ca887773594c2.wixmp.com/intermediary/f/22ef46cb-79ab-42b3-bb81-e013889dcb6b/dcrm9mi-62b0e5aa-9c5e-4f0c-b6b3-61537e3df190.png/v1/fill/w_754,h_1059,q_70,strp/lady_mechanika_reclining_by_vest_dcrm9mi-pre.jpg 754w&quot; sizes=&quot;107px&quot;&gt;&lt;/a&gt;&lt;/span&gt;&lt;!-- ^TTT --&gt;&lt;!-- TTT$ --&gt;&lt;/span&gt; &lt;span class=&quot;shadow-holder&quot; data-embed-type=&quot;deviation&quot; data-embed-id=&quot;770360919&quot; data-embed-format=&quot;thumb&quot;&gt;&lt;span class=&quot;shadow mild&quot; &gt;&lt;a class=&quot;thumb&quot; href=&quot;https://www.deviantart.com/vest/art/Wicked-Witch-Halloween-770360919&quot; title=&quot;Wicked Witch Halloween by vest, Oct 29, 2018 in Digital Art &amp;gt; Drawings &amp;amp; Paintings &amp;gt; People &amp;gt; Pin-up&quot;data-super-img=&quot;https://images-wixmp-ed30a86b8c4ca887773594c2.wixmp.com/intermediary/f/22ef46cb-79ab-42b3-bb81-e013889dcb6b/dcqniaf-9e45db78-1b5d-4276-a552-781bf007c8e4.png/v1/fill/w_755,h_1059,q_70,strp/wicked_witch_halloween_by_vest_dcqniaf-pre.jpg&quot; data-super-width=&quot;755&quot; data-super-height=&quot;1059&quot; data-super-transparent=&quot;false&quot; data-super-alt=&quot;Wicked Witch Halloween by vest&quot; data-super-full-img=&quot;https://images-wixmp-ed30a86b8c4ca887773594c2.wixmp.com/intermediary/f/22ef46cb-79ab-42b3-bb81-e013889dcb6b/dcqniaf-9e45db78-1b5d-4276-a552-781bf007c8e4.png&quot; data-super-full-width=&quot;913&quot; data-super-full-height=&quot;1280&quot;        data-sigil=&quot;thumb&quot;&gt;
        &lt;i&gt;&lt;/i&gt;&lt;img   width=&quot;107&quot; height=&quot;150&quot; alt=&quot;Wicked Witch Halloween by vest&quot; src=&quot;https://images-wixmp-ed30a86b8c4ca887773594c2.wixmp.com/intermediary/f/22ef46cb-79ab-42b3-bb81-e013889dcb6b/dcqniaf-9e45db78-1b5d-4276-a552-781bf007c8e4.png/v1/fit/w_150,h_150,q_70,strp/wicked_witch_halloween_by_vest_dcqniaf-150.jpg&quot; data-src=&quot;https://images-wixmp-ed30a86b8c4ca887773594c2.wixmp.com/intermediary/f/22ef46cb-79ab-42b3-bb81-e013889dcb6b/dcqniaf-9e45db78-1b5d-4276-a552-781bf007c8e4.png/v1/fit/w_150,h_150,q_70,strp/wicked_witch_halloween_by_vest_dcqniaf-150.jpg&quot; srcset=&quot;https://images-wixmp-ed30a86b8c4ca887773594c2.wixmp.com/intermediary/f/22ef46cb-79ab-42b3-bb81-e013889dcb6b/dcqniaf-9e45db78-1b5d-4276-a552-781bf007c8e4.png/v1/fit/w_150,h_150,q_70,strp/wicked_witch_halloween_by_vest_dcqniaf-150.jpg 107w,https://images-wixmp-ed30a86b8c4ca887773594c2.wixmp.com/intermediary/f/22ef46cb-79ab-42b3-bb81-e013889dcb6b/dcqniaf-9e45db78-1b5d-4276-a552-781bf007c8e4.png/v1/fill/w_178,h_250,q_70,strp/wicked_witch_halloween_by_vest_dcqniaf-250t.jpg 178w,https://images-wixmp-ed30a86b8c4ca887773594c2.wixmp.com/intermediary/f/22ef46cb-79ab-42b3-bb81-e013889dcb6b/dcqniaf-9e45db78-1b5d-4276-a552-781bf007c8e4.png/v1/fill/w_250,h_350,q_70,strp/wicked_witch_halloween_by_vest_dcqniaf-350t.jpg 250w,https://images-wixmp-ed30a86b8c4ca887773594c2.wixmp.com/intermediary/f/22ef46cb-79ab-42b3-bb81-e013889dcb6b/dcqniaf-9e45db78-1b5d-4276-a552-781bf007c8e4.png/v1/fill/w_285,h_400,q_70,strp/wicked_witch_halloween_by_vest_dcqniaf-400t.jpg 285w,https://images-wixmp-ed30a86b8c4ca887773594c2.wixmp.com/intermediary/f/22ef46cb-79ab-42b3-bb81-e013889dcb6b/dcqniaf-9e45db78-1b5d-4276-a552-781bf007c8e4.png/v1/fill/w_755,h_1059,q_70,strp/wicked_witch_halloween_by_vest_dcqniaf-pre.jpg 755w&quot; sizes=&quot;107px&quot;&gt;&lt;/a&gt;&lt;/span&gt;&lt;!-- ^TTT --&gt;&lt;!-- TTT$ --&gt;&lt;/span&gt; &lt;span class=&quot;shadow-holder&quot; data-embed-type=&quot;deviation&quot; data-embed-id=&quot;769062811&quot; data-embed-format=&quot;thumb&quot;&gt;&lt;span class=&quot;shadow mild&quot; &gt;&lt;a class=&quot;thumb&quot; href=&quot;https://www.deviantart.com/vest/art/Savage-Rogue-Slip-769062811&quot; title=&quot;Savage Rogue Slip by vest, Oct 20, 2018 in Digital Art &amp;gt; Drawings &amp;amp; Paintings &amp;gt; People &amp;gt; Pin-up&quot;data-super-img=&quot;https://images-wixmp-ed30a86b8c4ca887773594c2.wixmp.com/intermediary/f/22ef46cb-79ab-42b3-bb81-e013889dcb6b/dcpvonv-4c48280a-1042-4c92-aa69-47d131d01bdc.png/v1/fill/w_748,h_1069,q_70,strp/savage_rogue_slip_by_vest_dcpvonv-pre.jpg&quot; data-super-width=&quot;748&quot; data-super-height=&quot;1069&quot; data-super-transparent=&quot;false&quot; data-super-alt=&quot;Savage Rogue Slip by vest&quot; data-super-full-img=&quot;https://images-wixmp-ed30a86b8c4ca887773594c2.wixmp.com/intermediary/f/22ef46cb-79ab-42b3-bb81-e013889dcb6b/dcpvonv-4c48280a-1042-4c92-aa69-47d131d01bdc.png&quot; data-super-full-width=&quot;896&quot; data-super-full-height=&quot;1280&quot;        data-sigil=&quot;thumb&quot;&gt;
        &lt;i&gt;&lt;/i&gt;&lt;img   width=&quot;105&quot; height=&quot;150&quot; alt=&quot;Savage Rogue Slip by vest&quot; src=&quot;https://images-wixmp-ed30a86b8c4ca887773594c2.wixmp.com/intermediary/f/22ef46cb-79ab-42b3-bb81-e013889dcb6b/dcpvonv-4c48280a-1042-4c92-aa69-47d131d01bdc.png/v1/fit/w_150,h_150,q_70,strp/savage_rogue_slip_by_vest_dcpvonv-150.jpg&quot; data-src=&quot;https://images-wixmp-ed30a86b8c4ca887773594c2.wixmp.com/intermediary/f/22ef46cb-79ab-42b3-bb81-e013889dcb6b/dcpvonv-4c48280a-1042-4c92-aa69-47d131d01bdc.png/v1/fit/w_150,h_150,q_70,strp/savage_rogue_slip_by_vest_dcpvonv-150.jpg&quot; srcset=&quot;https://images-wixmp-ed30a86b8c4ca887773594c2.wixmp.com/intermediary/f/22ef46cb-79ab-42b3-bb81-e013889dcb6b/dcpvonv-4c48280a-1042-4c92-aa69-47d131d01bdc.png/v1/fit/w_150,h_150,q_70,strp/savage_rogue_slip_by_vest_dcpvonv-150.jpg 105w,https://images-wixmp-ed30a86b8c4ca887773594c2.wixmp.com/intermediary/f/22ef46cb-79ab-42b3-bb81-e013889dcb6b/dcpvonv-4c48280a-1042-4c92-aa69-47d131d01bdc.png/v1/fill/w_175,h_250,q_70,strp/savage_rogue_slip_by_vest_dcpvonv-250t.jpg 175w,https://images-wixmp-ed30a86b8c4ca887773594c2.wixmp.com/intermediary/f/22ef46cb-79ab-42b3-bb81-e013889dcb6b/dcpvonv-4c48280a-1042-4c92-aa69-47d131d01bdc.png/v1/fill/w_245,h_350,q_70,strp/savage_rogue_slip_by_vest_dcpvonv-350t.jpg 245w,https://images-wixmp-ed30a86b8c4ca887773594c2.wixmp.com/intermediary/f/22ef46cb-79ab-42b3-bb81-e013889dcb6b/dcpvonv-4c48280a-1042-4c92-aa69-47d131d01bdc.png/v1/fill/w_280,h_400,q_70,strp/savage_rogue_slip_by_vest_dcpvonv-400t.jpg 280w,https://images-wixmp-ed30a86b8c4ca887773594c2.wixmp.com/intermediary/f/22ef46cb-79ab-42b3-bb81-e013889dcb6b/dcpvonv-4c48280a-1042-4c92-aa69-47d131d01bdc.png/v1/fill/w_748,h_1069,q_70,strp/savage_rogue_slip_by_vest_dcpvonv-pre.jpg 748w&quot; sizes=&quot;105px&quot;&gt;&lt;/a&gt;&lt;/span&gt;&lt;!-- ^TTT --&gt;&lt;!-- TTT$ --&gt;&lt;/span&gt;&lt;br /&gt;&lt;br /&gt;&lt;br /&gt;&lt;hr/&gt;&lt;br /&gt;&lt;hr/&gt;&lt;br /&gt;&lt;br /&gt;&lt;b&gt;Drop a comment, give a fav, and don&#039;t forget to follow me for art updates!&lt;/b&gt;&lt;br /&gt;&lt;br /&gt;&lt;h4&gt;&lt;a class=&quot;external&quot; href=&quot;https://www.deviantart.com/users/outgoing?https://twitter.com/Colors_by_Vest&quot;&gt; NSFW Twitter (18+)&lt;/a&gt; &amp;nbsp; &amp;nbsp; - &amp;nbsp; &amp;nbsp; &lt;a class=&quot;external&quot; href=&quot;https://www.deviantart.com/users/outgoing?http://vest816.newgrounds.com/&quot;&gt;Newgrounds (18+)&lt;/a&gt;&lt;/h4&gt;&lt;br /&gt;&lt;br /&gt;&lt;br /&gt;&lt;/div&gt;&lt;/div&gt;&lt;/div&gt;</media:description>            <media:thumbnail url="https://t00.deviantart.net/FbwMwAD9yXx7JcJ1ReOamjG3OGA=/fit-in/150x150/filters:no_upscale():origin()/pre00/debb/th/pre/f/2019/049/5/a/stiran_by_vest-dd03vip.png" height="150" width="99"/>            <media:thumbnail url="https://t00.deviantart.net/TrCS1qkStrmE-cdFok7xBtOgBmw=/fit-in/300x900/filters:no_upscale():origin()/pre00/debb/th/pre/f/2019/049/5/a/stiran_by_vest-dd03vip.png" height="455" width="300"/>            <media:thumbnail url="https://t00.deviantart.net/GNFxK8JcinEVrLADYvKjLomyK8M=/300x200/filters:fixed_height(100,100):origin()/pre00/debb/th/pre/f/2019/049/5/a/stiran_by_vest-dd03vip.png" height="200" width="132"/>            <media:content url="https://pre00.deviantart.net/debb/th/pre/f/2019/049/5/a/stiran_by_vest-dd03vip.png" height="1101" width="726" medium="image"/>            
            <description>&lt;div align=&quot;center&quot;&gt;&lt;br /&gt;&lt;hr/&gt;&lt;br /&gt;&lt;br /&gt;&lt;div align=&quot;center&quot;&gt;&lt;h4&gt;&lt;a class=&quot;external&quot; href=&quot;https://www.deviantart.com/users/outgoing?https://ko-fi.com/V7V1B8JB&quot;&gt;[If you like what you see, support future creations!]&lt;/a&gt;&lt;/h4&gt;&lt;br /&gt;&lt;br /&gt;&lt;h4&gt;Alternate NSFW and High Resolutions Version Can Be Found&lt;br /&gt;&lt;a class=&quot;external&quot; href=&quot;https://www.deviantart.com/users/outgoing?https://twitter.com/Colors_by_Vest&quot;&gt;&lt;b&gt;[On My Twitter]&lt;/b&gt;&lt;/a&gt;&lt;/h4&gt;&lt;br /&gt;&lt;br /&gt;&lt;br /&gt;&lt;hr/&gt;&lt;br /&gt;&lt;br /&gt;&lt;div align=&quot;center&quot;&gt;&lt;a target=&quot;_self&quot; href=&quot;https://www.deviantart.com/lcfreitas&quot; &gt;&lt;img class=&quot;avatar&quot; width=&quot;50&quot; height=&quot;50&quot; src=&quot;https://a.deviantart.net/avatars/l/c/lcfreitas.jpg?7&quot; alt=&quot;:iconlcfreitas:&quot; title=&quot;LCFreitas&quot; /&gt;&lt;/a&gt; &amp;amp; &lt;a target=&quot;_self&quot; href=&quot;https://www.deviantart.com/vest&quot; &gt;&lt;img class=&quot;avatar&quot; width=&quot;50&quot; height=&quot;50&quot; src=&quot;https://a.deviantart.net/avatars/v/e/vest.gif?10&quot; alt=&quot;:iconvest:&quot; title=&quot;vest&quot; /&gt;&lt;/a&gt;&lt;br /&gt;&lt;br /&gt;&lt;span class=&quot;shadow-holder&quot; data-embed-type=&quot;deviation&quot; data-embed-id=&quot;783259193&quot; data-embed-format=&quot;thumb&quot;&gt;&lt;span class=&quot;shadow mild&quot; &gt;&lt;a class=&quot;thumb&quot; href=&quot;https://www.deviantart.com/lcfreitas/art/Stiran-explorer-783259193&quot; title=&quot;Stiran, explorer by LCFreitas, Jan 29, 2019 in Fan Art &amp;gt; Traditional Art &amp;gt; Drawings &amp;gt; Books &amp;amp; Novels&quot;data-super-img=&quot;https://images-wixmp-ed30a86b8c4ca887773594c2.wixmp.com/intermediary/f/426355d6-b96c-4d11-80fa-d71a83fde144/dcybynt-fe841abf-d3c9-4cb5-be79-aa9beddaadeb.jpg/v1/fill/w_749,h_1067,q_70,strp/stiran__explorer_by_lcfreitas_dcybynt-pre.jpg&quot; data-super-width=&quot;749&quot; data-super-height=&quot;1067&quot; data-super-transparent=&quot;false&quot; data-super-alt=&quot;Stiran, explorer by LCFreitas&quot; data-super-full-img=&quot;https://images-wixmp-ed30a86b8c4ca887773594c2.wixmp.com/intermediary/f/426355d6-b96c-4d11-80fa-d71a83fde144/dcybynt-fe841abf-d3c9-4cb5-be79-aa9beddaadeb.jpg/v1/fill/w_1024,h_1458,q_70,strp/stiran__explorer_by_lcfreitas_dcybynt-fullview.jpg&quot; data-super-full-width=&quot;1024&quot; data-super-full-height=&quot;1458&quot;        data-sigil=&quot;thumb&quot;&gt;
        &lt;i&gt;&lt;/i&gt;&lt;img   width=&quot;105&quot; height=&quot;150&quot; alt=&quot;Stiran, explorer by LCFreitas&quot; src=&quot;https://images-wixmp-ed30a86b8c4ca887773594c2.wixmp.com/intermediary/f/426355d6-b96c-4d11-80fa-d71a83fde144/dcybynt-fe841abf-d3c9-4cb5-be79-aa9beddaadeb.jpg/v1/fit/w_150,h_150,q_70,strp/stiran__explorer_by_lcfreitas_dcybynt-150.jpg&quot; data-src=&quot;https://images-wixmp-ed30a86b8c4ca887773594c2.wixmp.com/intermediary/f/426355d6-b96c-4d11-80fa-d71a83fde144/dcybynt-fe841abf-d3c9-4cb5-be79-aa9beddaadeb.jpg/v1/fit/w_150,h_150,q_70,strp/stiran__explorer_by_lcfreitas_dcybynt-150.jpg&quot; srcset=&quot;https://images-wixmp-ed30a86b8c4ca887773594c2.wixmp.com/intermediary/f/426355d6-b96c-4d11-80fa-d71a83fde144/dcybynt-fe841abf-d3c9-4cb5-be79-aa9beddaadeb.jpg/v1/fit/w_150,h_150,q_70,strp/stiran__explorer_by_lcfreitas_dcybynt-150.jpg 105w,https://images-wixmp-ed30a86b8c4ca887773594c2.wixmp.com/intermediary/f/426355d6-b96c-4d11-80fa-d71a83fde144/dcybynt-fe841abf-d3c9-4cb5-be79-aa9beddaadeb.jpg/v1/crop/w_176,h_250,x_0,y_0,scl_0.085769980506823,q_70,strp/stiran__explorer_by_lcfreitas_dcybynt-250t.jpg 176w,https://images-wixmp-ed30a86b8c4ca887773594c2.wixmp.com/intermediary/f/426355d6-b96c-4d11-80fa-d71a83fde144/dcybynt-fe841abf-d3c9-4cb5-be79-aa9beddaadeb.jpg/v1/fill/w_246,h_350,q_70,strp/stiran__explorer_by_lcfreitas_dcybynt-350t.jpg 246w,https://images-wixmp-ed30a86b8c4ca887773594c2.wixmp.com/intermediary/f/426355d6-b96c-4d11-80fa-d71a83fde144/dcybynt-fe841abf-d3c9-4cb5-be79-aa9beddaadeb.jpg/v1/fill/w_281,h_400,q_70,strp/stiran__explorer_by_lcfreitas_dcybynt-400t.jpg 281w,https://images-wixmp-ed30a86b8c4ca887773594c2.wixmp.com/intermediary/f/426355d6-b96c-4d11-80fa-d71a83fde144/dcybynt-fe841abf-d3c9-4cb5-be79-aa9beddaadeb.jpg/v1/fill/w_749,h_1067,q_70,strp/stiran__explorer_by_lcfreitas_dcybynt-pre.jpg 749w&quot; sizes=&quot;105px&quot;&gt;&lt;/a&gt;&lt;/span&gt;&lt;!-- ^TTT --&gt;&lt;!-- TTT$ --&gt;&lt;/span&gt;&lt;br /&gt;&lt;a href=&quot;https://www.deviantart.com/lcfreitas/art/Stiran-explorer-783259193&quot;&gt;Original Lines by LCFreitas&lt;/a&gt;&lt;br /&gt;&lt;br /&gt;Color by &lt;span class=&quot;username-with-symbol u&quot;&gt;&lt;a class=&quot;u senior username&quot; href=&quot;https://www.deviantart.com/vest&quot;&gt;vest&lt;/a&gt;&lt;span class=&quot;user-symbol senior&quot; data-quicktip-text=&quot;Senior Member&quot; data-show-tooltip=&quot;1&quot; data-gruser-type=&quot;senior&quot;&gt;&lt;/span&gt;&lt;/span&gt;&lt;br /&gt;&lt;br /&gt;&lt;hr/&gt;&lt;br /&gt;&lt;br /&gt;&lt;b&gt;Check out the other collabs with &lt;span class=&quot;username-with-symbol u&quot;&gt;&lt;a class=&quot;u regular username&quot; href=&quot;https://www.deviantart.com/lcfreitas&quot;&gt;LCFreitas&lt;/a&gt;&lt;span class=&quot;user-symbol regular&quot; data-quicktip-text=&quot;&quot; data-show-tooltip=&quot;&quot; data-gruser-type=&quot;regular&quot;&gt;&lt;/span&gt;&lt;/span&gt;!&lt;/b&gt;&lt;br /&gt;&lt;br /&gt;&lt;span class=&quot;shadow-holder&quot; data-embed-type=&quot;deviation&quot; data-embed-id=&quot;776558579&quot; data-embed-format=&quot;thumb&quot;&gt;&lt;span class=&quot;shadow mild&quot; &gt;&lt;a class=&quot;thumb ismature&quot; href=&quot;https://www.deviantart.com/vest/art/Elsa-Gotch-er-Nose-776558579&quot; title=&quot;Elsa - Gotch&amp;#039;er Nose by vest, Dec 13, 2018 in Digital Art &amp;gt; Drawings &amp;amp; Paintings &amp;gt; People &amp;gt; Pin-up&quot;data-super-img=&quot;https://images-wixmp-ed30a86b8c4ca887773594c2.wixmp.com/intermediary/f/22ef46cb-79ab-42b3-bb81-e013889dcb6b/dcuccfn-4aeaf128-bec9-4927-afd9-7d6d3be31127.png/v1/fill/w_707,h_1130,q_70,strp/elsa___gotch_er_nose_by_vest_dcuccfn-pre.jpg&quot; data-super-width=&quot;707&quot; data-super-height=&quot;1130&quot; data-super-transparent=&quot;false&quot; data-super-alt=&quot;Elsa - Gotch&amp;#039;er Nose by vest&quot; data-super-full-img=&quot;https://images-wixmp-ed30a86b8c4ca887773594c2.wixmp.com/intermediary/f/22ef46cb-79ab-42b3-bb81-e013889dcb6b/dcuccfn-4aeaf128-bec9-4927-afd9-7d6d3be31127.png&quot; data-super-full-width=&quot;801&quot; data-super-full-height=&quot;1280&quot;        data-sigil=&quot;thumb&quot;&gt;
                &lt;div class=&quot;thumb_agegate&quot;&gt;
            &lt;div class=&quot;agegate&quot;&gt;
                &lt;div class=&quot;nogo icon-blocked&quot;&gt;&lt;/div&gt;
                &lt;h1&gt;Mature Content&lt;/h1&gt;
            &lt;/div&gt;
        &lt;/div&gt;
        &lt;i&gt;&lt;/i&gt;&lt;img   width=&quot;94&quot; height=&quot;150&quot; alt=&quot;Elsa - Gotch&amp;#039;er Nose by vest&quot; src=&quot;https://images-wixmp-ed30a86b8c4ca887773594c2.wixmp.com/intermediary/f/22ef46cb-79ab-42b3-bb81-e013889dcb6b/dcuccfn-4aeaf128-bec9-4927-afd9-7d6d3be31127.png/v1/fit/w_150,h_150,q_70,strp/elsa___gotch_er_nose_by_vest_dcuccfn-150.jpg&quot; data-src=&quot;https://images-wixmp-ed30a86b8c4ca887773594c2.wixmp.com/intermediary/f/22ef46cb-79ab-42b3-bb81-e013889dcb6b/dcuccfn-4aeaf128-bec9-4927-afd9-7d6d3be31127.png/v1/fit/w_150,h_150,q_70,strp/elsa___gotch_er_nose_by_vest_dcuccfn-150.jpg&quot; srcset=&quot;https://images-wixmp-ed30a86b8c4ca887773594c2.wixmp.com/intermediary/f/22ef46cb-79ab-42b3-bb81-e013889dcb6b/dcuccfn-4aeaf128-bec9-4927-afd9-7d6d3be31127.png/v1/fit/w_150,h_150,q_70,strp/elsa___gotch_er_nose_by_vest_dcuccfn-150.jpg 94w,https://images-wixmp-ed30a86b8c4ca887773594c2.wixmp.com/intermediary/f/22ef46cb-79ab-42b3-bb81-e013889dcb6b/dcuccfn-4aeaf128-bec9-4927-afd9-7d6d3be31127.png/v1/crop/w_156,h_250,x_0,y_0,scl_0.1960049937578,q_70,strp/elsa___gotch_er_nose_by_vest_dcuccfn-250t.jpg 156w,https://images-wixmp-ed30a86b8c4ca887773594c2.wixmp.com/intermediary/f/22ef46cb-79ab-42b3-bb81-e013889dcb6b/dcuccfn-4aeaf128-bec9-4927-afd9-7d6d3be31127.png/v1/fill/w_219,h_350,q_70,strp/elsa___gotch_er_nose_by_vest_dcuccfn-350t.jpg 219w,https://images-wixmp-ed30a86b8c4ca887773594c2.wixmp.com/intermediary/f/22ef46cb-79ab-42b3-bb81-e013889dcb6b/dcuccfn-4aeaf128-bec9-4927-afd9-7d6d3be31127.png/v1/fill/w_250,h_400,q_70,strp/elsa___gotch_er_nose_by_vest_dcuccfn-400t.jpg 250w,https://images-wixmp-ed30a86b8c4ca887773594c2.wixmp.com/intermediary/f/22ef46cb-79ab-42b3-bb81-e013889dcb6b/dcuccfn-4aeaf128-bec9-4927-afd9-7d6d3be31127.png/v1/fill/w_707,h_1130,q_70,strp/elsa___gotch_er_nose_by_vest_dcuccfn-pre.jpg 707w&quot; sizes=&quot;94px&quot;&gt;&lt;/a&gt;&lt;/span&gt;&lt;!-- ^TTT --&gt;&lt;!-- TTT$ --&gt;&lt;/span&gt; &lt;span class=&quot;shadow-holder&quot; data-embed-type=&quot;deviation&quot; data-embed-id=&quot;776219874&quot; data-embed-format=&quot;thumb&quot;&gt;&lt;span class=&quot;shadow mild&quot; &gt;&lt;a class=&quot;thumb ismature&quot; href=&quot;https://www.deviantart.com/vest/art/Red-Riding-Hood-Night-of-the-Wolf-776219874&quot; title=&quot;Red Riding Hood: Night of the Wolf by vest, Dec 10, 2018 in Digital Art &amp;gt; Drawings &amp;amp; Paintings &amp;gt; People &amp;gt; Pin-up&quot;data-super-img=&quot;https://images-wixmp-ed30a86b8c4ca887773594c2.wixmp.com/intermediary/f/22ef46cb-79ab-42b3-bb81-e013889dcb6b/dcu5336-29672200-c812-4958-a0ea-50495e656094.png/v1/fill/w_1069,h_748,q_70,strp/red_riding_hood__night_of_the_wolf_by_vest_dcu5336-pre.jpg&quot; data-super-width=&quot;1069&quot; data-super-height=&quot;748&quot; data-super-transparent=&quot;false&quot; data-super-alt=&quot;Red Riding Hood: Night of the Wolf by vest&quot; data-super-full-img=&quot;https://images-wixmp-ed30a86b8c4ca887773594c2.wixmp.com/intermediary/f/22ef46cb-79ab-42b3-bb81-e013889dcb6b/dcu5336-29672200-c812-4958-a0ea-50495e656094.png&quot; data-super-full-width=&quot;1280&quot; data-super-full-height=&quot;896&quot;        data-sigil=&quot;thumb&quot;&gt;
                &lt;div class=&quot;thumb_agegate&quot;&gt;
            &lt;div class=&quot;agegate&quot;&gt;
                &lt;div class=&quot;nogo icon-blocked&quot;&gt;&lt;/div&gt;
                &lt;h1&gt;Mature Content&lt;/h1&gt;
            &lt;/div&gt;
        &lt;/div&gt;
        &lt;i&gt;&lt;/i&gt;&lt;img   width=&quot;150&quot; height=&quot;105&quot; alt=&quot;Red Riding Hood: Night of the Wolf by vest&quot; src=&quot;https://images-wixmp-ed30a86b8c4ca887773594c2.wixmp.com/intermediary/f/22ef46cb-79ab-42b3-bb81-e013889dcb6b/dcu5336-29672200-c812-4958-a0ea-50495e656094.png/v1/fit/w_150,h_150,q_70,strp/red_riding_hood__night_of_the_wolf_by_vest_dcu5336-150.jpg&quot; data-src=&quot;https://images-wixmp-ed30a86b8c4ca887773594c2.wixmp.com/intermediary/f/22ef46cb-79ab-42b3-bb81-e013889dcb6b/dcu5336-29672200-c812-4958-a0ea-50495e656094.png/v1/fit/w_150,h_150,q_70,strp/red_riding_hood__night_of_the_wolf_by_vest_dcu5336-150.jpg&quot; srcset=&quot;https://images-wixmp-ed30a86b8c4ca887773594c2.wixmp.com/intermediary/f/22ef46cb-79ab-42b3-bb81-e013889dcb6b/dcu5336-29672200-c812-4958-a0ea-50495e656094.png/v1/fit/w_150,h_150,q_70,strp/red_riding_hood__night_of_the_wolf_by_vest_dcu5336-150.jpg 150w,https://images-wixmp-ed30a86b8c4ca887773594c2.wixmp.com/intermediary/f/22ef46cb-79ab-42b3-bb81-e013889dcb6b/dcu5336-29672200-c812-4958-a0ea-50495e656094.png/v1/fill/w_357,h_250,q_70,strp/red_riding_hood__night_of_the_wolf_by_vest_dcu5336-250t.jpg 357w,https://images-wixmp-ed30a86b8c4ca887773594c2.wixmp.com/intermediary/f/22ef46cb-79ab-42b3-bb81-e013889dcb6b/dcu5336-29672200-c812-4958-a0ea-50495e656094.png/v1/fill/w_500,h_350,q_70,strp/red_riding_hood__night_of_the_wolf_by_vest_dcu5336-350t.jpg 500w,https://images-wixmp-ed30a86b8c4ca887773594c2.wixmp.com/intermediary/f/22ef46cb-79ab-42b3-bb81-e013889dcb6b/dcu5336-29672200-c812-4958-a0ea-50495e656094.png/v1/fill/w_571,h_400,q_70,strp/red_riding_hood__night_of_the_wolf_by_vest_dcu5336-400t.jpg 571w,https://images-wixmp-ed30a86b8c4ca887773594c2.wixmp.com/intermediary/f/22ef46cb-79ab-42b3-bb81-e013889dcb6b/dcu5336-29672200-c812-4958-a0ea-50495e656094.png/v1/fill/w_1069,h_748,q_70,strp/red_riding_hood__night_of_the_wolf_by_vest_dcu5336-pre.jpg 1069w&quot; sizes=&quot;150px&quot;&gt;&lt;/a&gt;&lt;/span&gt;&lt;!-- ^TTT --&gt;&lt;!-- TTT$ --&gt;&lt;/span&gt; &lt;span class=&quot;shadow-holder&quot; data-embed-type=&quot;deviation&quot; data-embed-id=&quot;771982650&quot; data-embed-format=&quot;thumb&quot;&gt;&lt;span class=&quot;shadow mild&quot; &gt;&lt;a class=&quot;thumb&quot; href=&quot;https://www.deviantart.com/vest/art/Lady-Mechanika-Reclining-771982650&quot; title=&quot;Lady Mechanika Reclining by vest, Nov 10, 2018 in Digital Art &amp;gt; Drawings &amp;amp; Paintings &amp;gt; People &amp;gt; Pin-up&quot;data-super-img=&quot;https://images-wixmp-ed30a86b8c4ca887773594c2.wixmp.com/intermediary/f/22ef46cb-79ab-42b3-bb81-e013889dcb6b/dcrm9mi-62b0e5aa-9c5e-4f0c-b6b3-61537e3df190.png/v1/fill/w_754,h_1059,q_70,strp/lady_mechanika_reclining_by_vest_dcrm9mi-pre.jpg&quot; data-super-width=&quot;754&quot; data-super-height=&quot;1059&quot; data-super-transparent=&quot;false&quot; data-super-alt=&quot;Lady Mechanika Reclining by vest&quot; data-super-full-img=&quot;https://images-wixmp-ed30a86b8c4ca887773594c2.wixmp.com/intermediary/f/22ef46cb-79ab-42b3-bb81-e013889dcb6b/dcrm9mi-62b0e5aa-9c5e-4f0c-b6b3-61537e3df190.png&quot; data-super-full-width=&quot;912&quot; data-super-full-height=&quot;1280&quot;        data-sigil=&quot;thumb&quot;&gt;
        &lt;i&gt;&lt;/i&gt;&lt;img   width=&quot;107&quot; height=&quot;150&quot; alt=&quot;Lady Mechanika Reclining by vest&quot; src=&quot;https://images-wixmp-ed30a86b8c4ca887773594c2.wixmp.com/intermediary/f/22ef46cb-79ab-42b3-bb81-e013889dcb6b/dcrm9mi-62b0e5aa-9c5e-4f0c-b6b3-61537e3df190.png/v1/fit/w_150,h_150,q_70,strp/lady_mechanika_reclining_by_vest_dcrm9mi-150.jpg&quot; data-src=&quot;https://images-wixmp-ed30a86b8c4ca887773594c2.wixmp.com/intermediary/f/22ef46cb-79ab-42b3-bb81-e013889dcb6b/dcrm9mi-62b0e5aa-9c5e-4f0c-b6b3-61537e3df190.png/v1/fit/w_150,h_150,q_70,strp/lady_mechanika_reclining_by_vest_dcrm9mi-150.jpg&quot; srcset=&quot;https://images-wixmp-ed30a86b8c4ca887773594c2.wixmp.com/intermediary/f/22ef46cb-79ab-42b3-bb81-e013889dcb6b/dcrm9mi-62b0e5aa-9c5e-4f0c-b6b3-61537e3df190.png/v1/fit/w_150,h_150,q_70,strp/lady_mechanika_reclining_by_vest_dcrm9mi-150.jpg 107w,https://images-wixmp-ed30a86b8c4ca887773594c2.wixmp.com/intermediary/f/22ef46cb-79ab-42b3-bb81-e013889dcb6b/dcrm9mi-62b0e5aa-9c5e-4f0c-b6b3-61537e3df190.png/v1/fill/w_178,h_250,q_70,strp/lady_mechanika_reclining_by_vest_dcrm9mi-250t.jpg 178w,https://images-wixmp-ed30a86b8c4ca887773594c2.wixmp.com/intermediary/f/22ef46cb-79ab-42b3-bb81-e013889dcb6b/dcrm9mi-62b0e5aa-9c5e-4f0c-b6b3-61537e3df190.png/v1/crop/w_249,h_350,x_0,y_0,scl_0.27412280701754,q_70,strp/lady_mechanika_reclining_by_vest_dcrm9mi-350t.jpg 249w,https://images-wixmp-ed30a86b8c4ca887773594c2.wixmp.com/intermediary/f/22ef46cb-79ab-42b3-bb81-e013889dcb6b/dcrm9mi-62b0e5aa-9c5e-4f0c-b6b3-61537e3df190.png/v1/fill/w_285,h_400,q_70,strp/lady_mechanika_reclining_by_vest_dcrm9mi-400t.jpg 285w,https://images-wixmp-ed30a86b8c4ca887773594c2.wixmp.com/intermediary/f/22ef46cb-79ab-42b3-bb81-e013889dcb6b/dcrm9mi-62b0e5aa-9c5e-4f0c-b6b3-61537e3df190.png/v1/fill/w_754,h_1059,q_70,strp/lady_mechanika_reclining_by_vest_dcrm9mi-pre.jpg 754w&quot; sizes=&quot;107px&quot;&gt;&lt;/a&gt;&lt;/span&gt;&lt;!-- ^TTT --&gt;&lt;!-- TTT$ --&gt;&lt;/span&gt; &lt;span class=&quot;shadow-holder&quot; data-embed-type=&quot;deviation&quot; data-embed-id=&quot;770360919&quot; data-embed-format=&quot;thumb&quot;&gt;&lt;span class=&quot;shadow mild&quot; &gt;&lt;a class=&quot;thumb&quot; href=&quot;https://www.deviantart.com/vest/art/Wicked-Witch-Halloween-770360919&quot; title=&quot;Wicked Witch Halloween by vest, Oct 29, 2018 in Digital Art &amp;gt; Drawings &amp;amp; Paintings &amp;gt; People &amp;gt; Pin-up&quot;data-super-img=&quot;https://images-wixmp-ed30a86b8c4ca887773594c2.wixmp.com/intermediary/f/22ef46cb-79ab-42b3-bb81-e013889dcb6b/dcqniaf-9e45db78-1b5d-4276-a552-781bf007c8e4.png/v1/fill/w_755,h_1059,q_70,strp/wicked_witch_halloween_by_vest_dcqniaf-pre.jpg&quot; data-super-width=&quot;755&quot; data-super-height=&quot;1059&quot; data-super-transparent=&quot;false&quot; data-super-alt=&quot;Wicked Witch Halloween by vest&quot; data-super-full-img=&quot;https://images-wixmp-ed30a86b8c4ca887773594c2.wixmp.com/intermediary/f/22ef46cb-79ab-42b3-bb81-e013889dcb6b/dcqniaf-9e45db78-1b5d-4276-a552-781bf007c8e4.png&quot; data-super-full-width=&quot;913&quot; data-super-full-height=&quot;1280&quot;        data-sigil=&quot;thumb&quot;&gt;
        &lt;i&gt;&lt;/i&gt;&lt;img   width=&quot;107&quot; height=&quot;150&quot; alt=&quot;Wicked Witch Halloween by vest&quot; src=&quot;https://images-wixmp-ed30a86b8c4ca887773594c2.wixmp.com/intermediary/f/22ef46cb-79ab-42b3-bb81-e013889dcb6b/dcqniaf-9e45db78-1b5d-4276-a552-781bf007c8e4.png/v1/fit/w_150,h_150,q_70,strp/wicked_witch_halloween_by_vest_dcqniaf-150.jpg&quot; data-src=&quot;https://images-wixmp-ed30a86b8c4ca887773594c2.wixmp.com/intermediary/f/22ef46cb-79ab-42b3-bb81-e013889dcb6b/dcqniaf-9e45db78-1b5d-4276-a552-781bf007c8e4.png/v1/fit/w_150,h_150,q_70,strp/wicked_witch_halloween_by_vest_dcqniaf-150.jpg&quot; srcset=&quot;https://images-wixmp-ed30a86b8c4ca887773594c2.wixmp.com/intermediary/f/22ef46cb-79ab-42b3-bb81-e013889dcb6b/dcqniaf-9e45db78-1b5d-4276-a552-781bf007c8e4.png/v1/fit/w_150,h_150,q_70,strp/wicked_witch_halloween_by_vest_dcqniaf-150.jpg 107w,https://images-wixmp-ed30a86b8c4ca887773594c2.wixmp.com/intermediary/f/22ef46cb-79ab-42b3-bb81-e013889dcb6b/dcqniaf-9e45db78-1b5d-4276-a552-781bf007c8e4.png/v1/fill/w_178,h_250,q_70,strp/wicked_witch_halloween_by_vest_dcqniaf-250t.jpg 178w,https://images-wixmp-ed30a86b8c4ca887773594c2.wixmp.com/intermediary/f/22ef46cb-79ab-42b3-bb81-e013889dcb6b/dcqniaf-9e45db78-1b5d-4276-a552-781bf007c8e4.png/v1/fill/w_250,h_350,q_70,strp/wicked_witch_halloween_by_vest_dcqniaf-350t.jpg 250w,https://images-wixmp-ed30a86b8c4ca887773594c2.wixmp.com/intermediary/f/22ef46cb-79ab-42b3-bb81-e013889dcb6b/dcqniaf-9e45db78-1b5d-4276-a552-781bf007c8e4.png/v1/fill/w_285,h_400,q_70,strp/wicked_witch_halloween_by_vest_dcqniaf-400t.jpg 285w,https://images-wixmp-ed30a86b8c4ca887773594c2.wixmp.com/intermediary/f/22ef46cb-79ab-42b3-bb81-e013889dcb6b/dcqniaf-9e45db78-1b5d-4276-a552-781bf007c8e4.png/v1/fill/w_755,h_1059,q_70,strp/wicked_witch_halloween_by_vest_dcqniaf-pre.jpg 755w&quot; sizes=&quot;107px&quot;&gt;&lt;/a&gt;&lt;/span&gt;&lt;!-- ^TTT --&gt;&lt;!-- TTT$ --&gt;&lt;/span&gt; &lt;span class=&quot;shadow-holder&quot; data-embed-type=&quot;deviation&quot; data-embed-id=&quot;769062811&quot; data-embed-format=&quot;thumb&quot;&gt;&lt;span class=&quot;shadow mild&quot; &gt;&lt;a class=&quot;thumb&quot; href=&quot;https://www.deviantart.com/vest/art/Savage-Rogue-Slip-769062811&quot; title=&quot;Savage Rogue Slip by vest, Oct 20, 2018 in Digital Art &amp;gt; Drawings &amp;amp; Paintings &amp;gt; People &amp;gt; Pin-up&quot;data-super-img=&quot;https://images-wixmp-ed30a86b8c4ca887773594c2.wixmp.com/intermediary/f/22ef46cb-79ab-42b3-bb81-e013889dcb6b/dcpvonv-4c48280a-1042-4c92-aa69-47d131d01bdc.png/v1/fill/w_748,h_1069,q_70,strp/savage_rogue_slip_by_vest_dcpvonv-pre.jpg&quot; data-super-width=&quot;748&quot; data-super-height=&quot;1069&quot; data-super-transparent=&quot;false&quot; data-super-alt=&quot;Savage Rogue Slip by vest&quot; data-super-full-img=&quot;https://images-wixmp-ed30a86b8c4ca887773594c2.wixmp.com/intermediary/f/22ef46cb-79ab-42b3-bb81-e013889dcb6b/dcpvonv-4c48280a-1042-4c92-aa69-47d131d01bdc.png&quot; data-super-full-width=&quot;896&quot; data-super-full-height=&quot;1280&quot;        data-sigil=&quot;thumb&quot;&gt;
        &lt;i&gt;&lt;/i&gt;&lt;img   width=&quot;105&quot; height=&quot;150&quot; alt=&quot;Savage Rogue Slip by vest&quot; src=&quot;https://images-wixmp-ed30a86b8c4ca887773594c2.wixmp.com/intermediary/f/22ef46cb-79ab-42b3-bb81-e013889dcb6b/dcpvonv-4c48280a-1042-4c92-aa69-47d131d01bdc.png/v1/fit/w_150,h_150,q_70,strp/savage_rogue_slip_by_vest_dcpvonv-150.jpg&quot; data-src=&quot;https://images-wixmp-ed30a86b8c4ca887773594c2.wixmp.com/intermediary/f/22ef46cb-79ab-42b3-bb81-e013889dcb6b/dcpvonv-4c48280a-1042-4c92-aa69-47d131d01bdc.png/v1/fit/w_150,h_150,q_70,strp/savage_rogue_slip_by_vest_dcpvonv-150.jpg&quot; srcset=&quot;https://images-wixmp-ed30a86b8c4ca887773594c2.wixmp.com/intermediary/f/22ef46cb-79ab-42b3-bb81-e013889dcb6b/dcpvonv-4c48280a-1042-4c92-aa69-47d131d01bdc.png/v1/fit/w_150,h_150,q_70,strp/savage_rogue_slip_by_vest_dcpvonv-150.jpg 105w,https://images-wixmp-ed30a86b8c4ca887773594c2.wixmp.com/intermediary/f/22ef46cb-79ab-42b3-bb81-e013889dcb6b/dcpvonv-4c48280a-1042-4c92-aa69-47d131d01bdc.png/v1/fill/w_175,h_250,q_70,strp/savage_rogue_slip_by_vest_dcpvonv-250t.jpg 175w,https://images-wixmp-ed30a86b8c4ca887773594c2.wixmp.com/intermediary/f/22ef46cb-79ab-42b3-bb81-e013889dcb6b/dcpvonv-4c48280a-1042-4c92-aa69-47d131d01bdc.png/v1/fill/w_245,h_350,q_70,strp/savage_rogue_slip_by_vest_dcpvonv-350t.jpg 245w,https://images-wixmp-ed30a86b8c4ca887773594c2.wixmp.com/intermediary/f/22ef46cb-79ab-42b3-bb81-e013889dcb6b/dcpvonv-4c48280a-1042-4c92-aa69-47d131d01bdc.png/v1/fill/w_280,h_400,q_70,strp/savage_rogue_slip_by_vest_dcpvonv-400t.jpg 280w,https://images-wixmp-ed30a86b8c4ca887773594c2.wixmp.com/intermediary/f/22ef46cb-79ab-42b3-bb81-e013889dcb6b/dcpvonv-4c48280a-1042-4c92-aa69-47d131d01bdc.png/v1/fill/w_748,h_1069,q_70,strp/savage_rogue_slip_by_vest_dcpvonv-pre.jpg 748w&quot; sizes=&quot;105px&quot;&gt;&lt;/a&gt;&lt;/span&gt;&lt;!-- ^TTT --&gt;&lt;!-- TTT$ --&gt;&lt;/span&gt;&lt;br /&gt;&lt;br /&gt;&lt;br /&gt;&lt;hr/&gt;&lt;br /&gt;&lt;hr/&gt;&lt;br /&gt;&lt;br /&gt;&lt;b&gt;Drop a comment, give a fav, and don&#039;t forget to follow me for art updates!&lt;/b&gt;&lt;br /&gt;&lt;br /&gt;&lt;h4&gt;&lt;a class=&quot;external&quot; href=&quot;https://www.deviantart.com/users/outgoing?https://twitter.com/Colors_by_Vest&quot;&gt; NSFW Twitter (18+)&lt;/a&gt; &amp;nbsp; &amp;nbsp; - &amp;nbsp; &amp;nbsp; &lt;a class=&quot;external&quot; href=&quot;https://www.deviantart.com/users/outgoing?http://vest816.newgrounds.com/&quot;&gt;Newgrounds (18+)&lt;/a&gt;&lt;/h4&gt;&lt;br /&gt;&lt;br /&gt;&lt;br /&gt;&lt;/div&gt;&lt;/div&gt;&lt;/div&gt;&lt;br /&gt;&lt;div&gt;&lt;img src=&quot;https://t00.deviantart.net/GNFxK8JcinEVrLADYvKjLomyK8M=/300x200/filters:fixed_height(100,100):origin()/pre00/debb/th/pre/f/2019/049/5/a/stiran_by_vest-dd03vip.png&quot; alt=&quot;thumbnail&quot; /&gt;&lt;/div&gt;</description>            </item>
                    <item>
                <title>Kassandra wallpaper</title>
                <link>https://prywinko.deviantart.com/art/Kassandra-wallpaper-786334108</link>
                <guid isPermaLink="true">https://prywinko.deviantart.com/art/Kassandra-wallpaper-786334108</guid>
                <pubDate>Tue, 19 Feb 2019 08:54:11 PST</pubDate>
                        <media:title type="plain">Kassandra wallpaper</media:title>
        <media:keywords></media:keywords>
                        <media:rating>nonadult</media:rating>
                <media:category label="Games">fanart/digital/drawings/games</media:category>
        <media:credit role="author" scheme="urn:ebu">Prywinko</media:credit>
        <media:credit role="author" scheme="urn:ebu">https://a.deviantart.net/avatars/p/r/prywinko.jpg?8</media:credit>
        <media:copyright url="https://prywinko.deviantart.com">Copyright 2019 Prywinko</media:copyright>
            <media:community>
                <media:tags>@prywinko</media:tags>
            </media:community>            <media:description type="html">&lt;h4&gt;&lt;div align=&quot;center&quot;&gt;&lt;p align=&quot;center&quot;&gt;&lt;a href=&quot;https://www.deviantart.com/king-lulu-deer/art/Pride-Shooting-Star-685222491&quot; class=&quot;emoticon&quot; data-embed-type=&quot;emoticon&quot; data-embed-id=&quot;685222491&quot; data-embed-profile=&quot;deviation&quot;&gt;&lt;img src=&quot;https://orig00.deviantart.net/ed9c/f/2017/174/1/8/pride_shooting_star_by_king_lulu_deer-dbbyp23.gif&quot; alt=&quot;Pride Shooting Star&quot; style=&quot;width:119px;height:20px&quot;&gt;&lt;/a&gt;&lt;b&gt;&amp;nbsp;!&lt;/b&gt;&lt;b&gt;&lt;a class=&quot;external&quot; href=&quot;https://www.deviantart.com/users/outgoing?https://www.patreon.com/join/Prywinko&quot;&gt;GET HOT KASSANDRA!&lt;/a&gt;&amp;nbsp; &amp;nbsp;&lt;/b&gt;&lt;a href=&quot;https://www.deviantart.com/king-lulu-deer/art/Pride-Shooting-Star-685222491&quot; class=&quot;emoticon&quot; data-embed-type=&quot;emoticon&quot; data-embed-id=&quot;685222491&quot; data-embed-profile=&quot;deviation&quot;&gt;&lt;img src=&quot;https://orig00.deviantart.net/ed9c/f/2017/174/1/8/pride_shooting_star_by_king_lulu_deer-dbbyp23.gif&quot; alt=&quot;Pride Shooting Star&quot; style=&quot;width:119px;height:20px&quot;&gt;&lt;/a&gt;&lt;b&gt;&amp;nbsp;&lt;/b&gt;&lt;br /&gt;&lt;/p&gt;&lt;/div&gt;&lt;/h4&gt;&lt;div align=&quot;center&quot;&gt;&lt;b&gt;&lt;b&gt;&lt;/b&gt;&lt;/b&gt;&lt;div align=&quot;center&quot;&gt;&lt;b&gt;&lt;b&gt;&lt;/b&gt;&lt;/b&gt;&lt;div align=&quot;center&quot;&gt;&lt;b&gt;&lt;b&gt;&lt;/b&gt;&lt;div align=&quot;center&quot;&gt;&lt;b&gt;&lt;b&gt;&lt;/b&gt;&lt;/b&gt;&lt;div align=&quot;center&quot;&gt;&lt;b&gt;&lt;b&gt;&lt;/b&gt;&lt;/b&gt;&lt;/div&gt;&lt;/div&gt;&lt;b&gt;&lt;/b&gt;&lt;/b&gt;&lt;div align=&quot;center&quot;&gt;&lt;b&gt;&lt;b&gt;&lt;/b&gt;&lt;/b&gt;&lt;div align=&quot;center&quot;&gt;&lt;b&gt;&lt;b&gt;&lt;/b&gt;&lt;/b&gt;&lt;div align=&quot;center&quot;&gt;&lt;b&gt;&lt;b&gt;&lt;/b&gt;&lt;/b&gt;&lt;div align=&quot;center&quot;&gt;&lt;b&gt;&lt;b&gt;&lt;/b&gt;&lt;/b&gt;&lt;div align=&quot;center&quot;&gt;&lt;b&gt;&lt;b&gt;&lt;/b&gt;&lt;/b&gt;&lt;div align=&quot;center&quot;&gt;&lt;b&gt;&lt;b&gt;&lt;/b&gt;&lt;/b&gt;&lt;div align=&quot;center&quot;&gt;&lt;b&gt;&lt;a href=&quot;https://www.deviantart.com/kittyrocker/art/--547742247&quot; class=&quot;emoticon&quot; data-embed-type=&quot;emoticon&quot; data-embed-id=&quot;547742247&quot; data-embed-profile=&quot;deviation&quot;&gt;&lt;img src=&quot;https://orig00.deviantart.net/18bb/f/2015/201/0/6/__by_kittyrocker-d9240mf.gif&quot; alt=&quot;*&quot; style=&quot;width:10px;height:10px&quot;&gt;&lt;/a&gt;&lt;/b&gt;&lt;/div&gt;&lt;/div&gt;&lt;/div&gt;&lt;/div&gt;&lt;/div&gt;&lt;/div&gt;&lt;b&gt;January Patreon reward&amp;nbsp;&amp;nbsp;&amp;nbsp;&lt;br /&gt;&lt;br /&gt;&amp;nbsp;&lt;/b&gt;&lt;b&gt;&lt;a href=&quot;https://www.deviantart.com/kittyrocker/art/--547742247&quot; class=&quot;emoticon&quot; data-embed-type=&quot;emoticon&quot; data-embed-id=&quot;547742247&quot; data-embed-profile=&quot;deviation&quot;&gt;&lt;img src=&quot;https://orig00.deviantart.net/18bb/f/2015/201/0/6/__by_kittyrocker-d9240mf.gif&quot; alt=&quot;*&quot; style=&quot;width:10px;height:10px&quot;&gt;&lt;/a&gt;&amp;nbsp;&lt;/b&gt;&lt;/div&gt;&lt;/div&gt;&lt;/div&gt;&lt;/div&gt;&lt;p&gt;&lt;b&gt;&lt;/b&gt;&lt;strong&gt;Kassandra&lt;/strong&gt;&amp;nbsp;(71 image)&lt;strong&gt;:&amp;nbsp;&lt;/strong&gt;&lt;b&gt;&lt;a class=&quot;external&quot; href=&quot;https://www.deviantart.com/users/outgoing?https://www.patreon.com/posts/24438673&quot;&gt;18+ Preview&lt;/a&gt;&lt;/b&gt;&lt;/p&gt;&lt;a href=&quot;https://www.deviantart.com/wishtoys/art/pastel-cake-emoji-yum-720796305&quot; class=&quot;emoticon&quot; data-embed-type=&quot;emoticon&quot; data-embed-id=&quot;720796305&quot; data-embed-profile=&quot;deviation&quot;&gt;&lt;img src=&quot;https://orig00.deviantart.net/e055/f/2017/352/4/b/pastel_cake_emoji__yum___by_wishtoys-dbx55zl.gif&quot; alt=&quot;pastel cake emoji (yum!)&quot; style=&quot;width:20px;height:20px&quot;&gt;&lt;/a&gt;&lt;span&gt;&amp;nbsp;&lt;/span&gt;&lt;span&gt;Hi-Res Images&lt;br /&gt;&lt;/span&gt;&lt;a href=&quot;https://www.deviantart.com/wishtoys/art/pastel-cake-emoji-yum-720796305&quot; class=&quot;emoticon&quot; data-embed-type=&quot;emoticon&quot; data-embed-id=&quot;720796305&quot; data-embed-profile=&quot;deviation&quot;&gt;&lt;img src=&quot;https://orig00.deviantart.net/e055/f/2017/352/4/b/pastel_cake_emoji__yum___by_wishtoys-dbx55zl.gif&quot; alt=&quot;pastel cake emoji (yum!)&quot; style=&quot;width:20px;height:20px&quot;&gt;&lt;/a&gt;&lt;span&gt;Steps&lt;/span&gt;&lt;br /&gt;&lt;a href=&quot;https://www.deviantart.com/wishtoys/art/pastel-cake-emoji-yum-720796305&quot; class=&quot;emoticon&quot; data-embed-type=&quot;emoticon&quot; data-embed-id=&quot;720796305&quot; data-embed-profile=&quot;deviation&quot;&gt;&lt;img src=&quot;https://orig00.deviantart.net/e055/f/2017/352/4/b/pastel_cake_emoji__yum___by_wishtoys-dbx55zl.gif&quot; alt=&quot;pastel cake emoji (yum!)&quot; style=&quot;width:20px;height:20px&quot;&gt;&lt;/a&gt;&lt;span&gt;&amp;nbsp;&lt;/span&gt;&lt;span&gt;NSFW image&amp;nbsp;&lt;/span&gt;&lt;br /&gt;&lt;a href=&quot;https://www.deviantart.com/wishtoys/art/pastel-cake-emoji-yum-720796305&quot; class=&quot;emoticon&quot; data-embed-type=&quot;emoticon&quot; data-embed-id=&quot;720796305&quot; data-embed-profile=&quot;deviation&quot;&gt;&lt;img src=&quot;https://orig00.deviantart.net/e055/f/2017/352/4/b/pastel_cake_emoji__yum___by_wishtoys-dbx55zl.gif&quot; alt=&quot;pastel cake emoji (yum!)&quot; style=&quot;width:20px;height:20px&quot;&gt;&lt;/a&gt;&lt;span&gt;&amp;nbsp;SFW+NSFW wallpaper&lt;/span&gt;&lt;br /&gt;&lt;a href=&quot;https://www.deviantart.com/wishtoys/art/pastel-cake-emoji-yum-720796305&quot; class=&quot;emoticon&quot; data-embed-type=&quot;emoticon&quot; data-embed-id=&quot;720796305&quot; data-embed-profile=&quot;deviation&quot;&gt;&lt;img src=&quot;https://orig00.deviantart.net/e055/f/2017/352/4/b/pastel_cake_emoji__yum___by_wishtoys-dbx55zl.gif&quot; alt=&quot;pastel cake emoji (yum!)&quot; style=&quot;width:20px;height:20px&quot;&gt;&lt;/a&gt;&lt;span&gt;&amp;nbsp;&lt;/span&gt;&lt;span&gt;Photoshop PSDs&amp;nbsp;&lt;br /&gt;&lt;/span&gt;&lt;a href=&quot;https://www.deviantart.com/riverkpocc/art/Rainbow-Layers-Cake-with-candle-32x32-icon-634880832&quot; class=&quot;emoticon&quot; data-embed-type=&quot;emoticon&quot; data-embed-id=&quot;634880832&quot; data-embed-profile=&quot;deviation&quot;&gt;&lt;img src=&quot;https://orig00.deviantart.net/b286/f/2016/260/7/f/rainbowlayerscake32x32ani_by_riverkpocc-dahzp6o.gif&quot; alt=&quot;Rainbow Layers Cake with candle 32x32 icon&quot; style=&quot;width:32px;height:32px&quot;&gt;&lt;/a&gt;&lt;span&gt;&amp;nbsp;Ahegao, cum, milk, squirt&lt;/span&gt;&lt;span&gt;&lt;br /&gt;&lt;/span&gt;&lt;a href=&quot;https://www.deviantart.com/riverkpocc/art/Rainbow-Layers-Cake-with-candle-32x32-icon-634880832&quot; class=&quot;emoticon&quot; data-embed-type=&quot;emoticon&quot; data-embed-id=&quot;634880832&quot; data-embed-profile=&quot;deviation&quot;&gt;&lt;img src=&quot;https://orig00.deviantart.net/b286/f/2016/260/7/f/rainbowlayerscake32x32ani_by_riverkpocc-dahzp6o.gif&quot; alt=&quot;Rainbow Layers Cake with candle 32x32 icon&quot; style=&quot;width:32px;height:32px&quot;&gt;&lt;/a&gt;&lt;span&gt;&amp;nbsp;Futa version&lt;br /&gt;&lt;/span&gt;&lt;div align=&quot;center&quot;&gt;&lt;div align=&quot;center&quot;&gt;&lt;div align=&quot;center&quot;&gt;&lt;div align=&quot;center&quot;&gt;&lt;br /&gt;&lt;b&gt;My art and video are created thanks to your support! Thank you!&lt;br /&gt;&lt;/b&gt;&lt;br /&gt;&lt;/div&gt;&lt;/div&gt;&lt;/div&gt;&lt;/div&gt;&lt;div align=&quot;center&quot;&gt;&lt;b&gt;&amp;nbsp;&amp;nbsp;&lt;a href=&quot;https://www.deviantart.com/poserfan/art/Patreon-Icon-543304473&quot; class=&quot;emoticon&quot; data-embed-type=&quot;emoticon&quot; data-embed-id=&quot;543304473&quot; data-embed-profile=&quot;deviation&quot;&gt;&lt;img src=&quot;https://images-wixmp-ed30a86b8c4ca887773594c2.wixmp.com/intermediary/f/0a6e9796-d386-4234-97d1-d46c16906e81/d8zgwex-5864a807-08a9-4167-a686-55d51e951ded.png&quot; alt=&quot;Patreon Icon&quot; style=&quot;width:16px;height:16px&quot;&gt;&lt;/a&gt;&amp;nbsp;&lt;/b&gt;&lt;a class=&quot;external&quot; href=&quot;https://www.deviantart.com/users/outgoing?https://www.patreon.com/prywinko&quot;&gt;Patreon&amp;nbsp;&lt;/a&gt;&lt;b&gt;&amp;nbsp;&lt;a href=&quot;https://www.deviantart.com/liriorox/art/Gumroad-icon-2-545734859&quot; class=&quot;emoticon&quot; data-embed-type=&quot;emoticon&quot; data-embed-id=&quot;545734859&quot; data-embed-profile=&quot;deviation&quot;&gt;&lt;img src=&quot;https://images-wixmp-ed30a86b8c4ca887773594c2.wixmp.com/intermediary/f/0bd87312-636c-4da8-8502-26c542873b11/d90wzpn-47fbf5d8-7dd8-40b0-810d-f16277f51393.png&quot; alt=&quot;Gumroad icon 2&quot; style=&quot;width:16px;height:16px&quot;&gt;&lt;/a&gt;&amp;nbsp;&amp;nbsp;&lt;/b&gt;&lt;a class=&quot;external&quot; href=&quot;https://www.deviantart.com/users/outgoing?https://gumroad.com/prywinko&quot;&gt;Gumroad&lt;/a&gt;&lt;b&gt;&amp;nbsp;&amp;nbsp;&lt;a href=&quot;https://www.deviantart.com/linux-rules/art/Ko-fi-square-Icon-mini-615689033&quot; class=&quot;emoticon&quot; data-embed-type=&quot;emoticon&quot; data-embed-id=&quot;615689033&quot; data-embed-profile=&quot;deviation&quot;&gt;&lt;img src=&quot;https://images-wixmp-ed30a86b8c4ca887773594c2.wixmp.com/intermediary/f/25e46574-05d5-4425-916d-e5292bb066ac/da6kcp5-fcbf962a-dc0b-4e98-9a95-5e358a0493eb.png&quot; alt=&quot;Ko-fi (square) Icon mini&quot; style=&quot;width:21px;height:21px&quot;&gt;&lt;/a&gt;&amp;nbsp;&lt;/b&gt;&lt;a class=&quot;external&quot; href=&quot;https://www.deviantart.com/users/outgoing?https://ko-fi.com/A777O3E&quot;&gt;Ko-fi&lt;/a&gt;&lt;b&gt;&amp;nbsp;&lt;a href=&quot;https://www.deviantart.com/poserfan/art/Instagram-Icon-414445438&quot; class=&quot;emoticon&quot; data-embed-type=&quot;emoticon&quot; data-embed-id=&quot;414445438&quot; data-embed-profile=&quot;deviation&quot;&gt;&lt;img src=&quot;https://orig00.deviantart.net/efae/f/2013/326/f/3/instagram_icon_by_poserfan-d6ur05a.gif&quot; alt=&quot;Instagram Icon&quot; style=&quot;width:16px;height:16px&quot;&gt;&lt;/a&gt;&amp;nbsp;&amp;nbsp;&lt;/b&gt;&lt;a class=&quot;external&quot; href=&quot;https://www.deviantart.com/users/outgoing?https://www.instagram.com/prywinko&quot;&gt;Instagram&lt;/a&gt;&lt;b&gt;&amp;nbsp;&lt;img src=&quot;https://e.deviantart.net/emoticons/f/facebook.gif&quot; alt=&quot;Facebook&quot; style=&quot;width: 16px; height: 16px;&quot; data-embed-type=&quot;emoticon&quot; data-embed-id=&quot;616&quot;&gt;&amp;nbsp;&lt;/b&gt;&lt;a class=&quot;external&quot; href=&quot;https://www.deviantart.com/users/outgoing?https://www.facebook.com/prywinko&quot;&gt;Facebook&lt;/a&gt;&lt;b&gt;&amp;nbsp;&lt;/b&gt;&lt;a href=&quot;https://www.deviantart.com/users/outgoing?https://twitter.com/prywinko&quot;&gt;&lt;img src=&quot;https://e.deviantart.net/emoticons/t/twitter_2.gif&quot; alt=&quot;Twitter&quot; style=&quot;width: 16px; height: 16px;&quot; data-embed-type=&quot;emoticon&quot; data-embed-id=&quot;614&quot;&gt;&amp;nbsp;Twitter&lt;/a&gt;&lt;b&gt;&amp;nbsp;&amp;nbsp;&lt;a href=&quot;https://www.deviantart.com/hexsy/art/Tumblr-Emote-477200343&quot; class=&quot;emoticon&quot; data-embed-type=&quot;emoticon&quot; data-embed-id=&quot;477200343&quot; data-embed-profile=&quot;deviation&quot;&gt;&lt;img src=&quot;https://orig00.deviantart.net/5638/f/2014/233/8/d/tumblr_emote_by_hexsy-d7w4253.gif&quot; alt=&quot;Tumblr Emote&quot; style=&quot;width:16px;height:16px&quot;&gt;&lt;/a&gt;&amp;nbsp;&amp;nbsp;&lt;/b&gt;&lt;a class=&quot;external&quot; href=&quot;https://www.deviantart.com/users/outgoing?http://prywinko.tumblr.com/&quot;&gt;Tumblr&lt;/a&gt;&lt;b&gt;&amp;nbsp;&amp;nbsp;&lt;a href=&quot;https://www.deviantart.com/linux-rules/art/Pixiv-Icon-ultramini-614264723&quot; class=&quot;emoticon&quot; data-embed-type=&quot;emoticon&quot; data-embed-id=&quot;614264723&quot; data-embed-profile=&quot;deviation&quot;&gt;&lt;img src=&quot;https://images-wixmp-ed30a86b8c4ca887773594c2.wixmp.com/intermediary/f/25e46574-05d5-4425-916d-e5292bb066ac/da5ptoz-f899f03b-bad5-47d6-8a8c-e94b0ba74940.png&quot; alt=&quot;Pixiv Icon ultramini&quot; style=&quot;width:16px;height:16px&quot;&gt;&lt;/a&gt;&amp;nbsp;&lt;/b&gt;&lt;a class=&quot;external&quot; href=&quot;https://www.deviantart.com/users/outgoing?http://www.pixiv.net/member.php?id=11035409&quot;&gt;Pixiv&lt;/a&gt;&lt;b&gt;&amp;nbsp;&lt;a href=&quot;https://www.deviantart.com/poserfan/art/RedBubble-Icon-610621069&quot; class=&quot;emoticon&quot; data-embed-type=&quot;emoticon&quot; data-embed-id=&quot;610621069&quot; data-embed-profile=&quot;deviation&quot;&gt;&lt;img src=&quot;https://images-wixmp-ed30a86b8c4ca887773594c2.wixmp.com/intermediary/f/0a6e9796-d386-4234-97d1-d46c16906e81/da3jq8d-a73ec1da-e1ea-4429-a8b6-85f10e1a2eb6.png&quot; alt=&quot;RedBubble Icon&quot; style=&quot;width:16px;height:16px&quot;&gt;&lt;/a&gt;&amp;nbsp;(print)&amp;nbsp;&lt;/b&gt;&lt;a class=&quot;external&quot; href=&quot;https://www.deviantart.com/users/outgoing?http://www.redbubble.com/people/prywinko/&quot;&gt;RedBubble&lt;/a&gt;&lt;b&gt;&amp;nbsp;&lt;a href=&quot;https://www.deviantart.com/vampirehelenaharper/art/YouTube-Icon-530921372&quot; class=&quot;emoticon&quot; data-embed-type=&quot;emoticon&quot; data-embed-id=&quot;530921372&quot; data-embed-profile=&quot;deviation&quot;&gt;&lt;img src=&quot;https://images-wixmp-ed30a86b8c4ca887773594c2.wixmp.com/intermediary/f/80bda55e-e860-4969-8f37-9e9d51e43927/d8s3hjw-b4c05150-baba-4ad3-bea8-b4870929a06d.png&quot; alt=&quot;YouTube Icon&quot; style=&quot;width:16px;height:16px&quot;&gt;&lt;/a&gt;&amp;nbsp;&amp;nbsp;&lt;/b&gt;&lt;a class=&quot;external&quot; href=&quot;https://www.deviantart.com/users/outgoing?https://www.youtube.com/channel/UC_Rn0n1K-srpX0_u6gnNx-A&quot;&gt;Youtube&lt;/a&gt;&lt;b&gt;&amp;nbsp; &amp;nbsp;&lt;/b&gt;&lt;b&gt;&lt;div align=&quot;center&quot;&gt;&lt;a href=&quot;https://www.deviantart.com/linux-rules/art/Tapas-app-Icon-ultramini-614491251&quot; class=&quot;emoticon&quot; data-embed-type=&quot;emoticon&quot; data-embed-id=&quot;614491251&quot; data-embed-profile=&quot;deviation&quot;&gt;&lt;img src=&quot;https://images-wixmp-ed30a86b8c4ca887773594c2.wixmp.com/intermediary/f/25e46574-05d5-4425-916d-e5292bb066ac/da5uohf-082d4398-83e7-4e97-a151-c6adc04b4778.png&quot; alt=&quot;Tapas app Icon ultramini&quot; style=&quot;width:16px;height:16px&quot;&gt;&lt;/a&gt;&amp;nbsp;&lt;a class=&quot;external&quot; href=&quot;https://www.deviantart.com/users/outgoing?https://tapas.io/series/Prywinkos-life&quot;&gt;Tapas (comics)&lt;/a&gt;&amp;nbsp;&amp;nbsp;&lt;/div&gt;&lt;/b&gt;&lt;div align=&quot;start&quot;&gt;&lt;a href=&quot;https://www.deviantart.com/prywinko/art/Albedo-January-Patreon-Reward-782679148#&quot;&gt;&lt;/a&gt;&lt;div&gt;&lt;br /&gt;&lt;div&gt;&lt;div&gt;&lt;/div&gt;&lt;/div&gt;&lt;/div&gt;&lt;/div&gt;&lt;b&gt;&lt;span class=&quot;shadow-holder&quot; data-embed-type=&quot;deviation&quot; data-embed-id=&quot;785363834&quot; data-embed-format=&quot;thumb&quot;&gt;&lt;span class=&quot;shadow mild&quot; &gt;&lt;a class=&quot;thumb&quot; href=&quot;https://www.deviantart.com/prywinko/art/Ada-Wong-785363834&quot; title=&quot;Ada Wong by Prywinko, Feb 13, 2019 in Fan Art &amp;gt; Digital Art &amp;gt; Drawings &amp;gt; Games&quot;data-super-img=&quot;https://images-wixmp-ed30a86b8c4ca887773594c2.wixmp.com/intermediary/f/cf296ba5-0d5a-4ac6-b534-9ad3df9de58f/dczl2m2-c9be5ebd-74de-4814-aa61-addbdf3f084f.jpg/v1/fill/w_730,h_1095,q_70,strp/ada_wong_by_prywinko_dczl2m2-pre.jpg&quot; data-super-width=&quot;730&quot; data-super-height=&quot;1095&quot; data-super-transparent=&quot;false&quot; data-super-alt=&quot;Ada Wong by Prywinko&quot; data-super-full-img=&quot;https://images-wixmp-ed30a86b8c4ca887773594c2.wixmp.com/intermediary/f/cf296ba5-0d5a-4ac6-b534-9ad3df9de58f/dczl2m2-c9be5ebd-74de-4814-aa61-addbdf3f084f.jpg&quot; data-super-full-width=&quot;1000&quot; data-super-full-height=&quot;1500&quot;        data-sigil=&quot;thumb&quot;&gt;
        &lt;i&gt;&lt;/i&gt;&lt;img   width=&quot;100&quot; height=&quot;150&quot; alt=&quot;Ada Wong by Prywinko&quot; src=&quot;https://images-wixmp-ed30a86b8c4ca887773594c2.wixmp.com/intermediary/f/cf296ba5-0d5a-4ac6-b534-9ad3df9de58f/dczl2m2-c9be5ebd-74de-4814-aa61-addbdf3f084f.jpg/v1/fit/w_150,h_150,q_70,strp/ada_wong_by_prywinko_dczl2m2-150.jpg&quot; data-src=&quot;https://images-wixmp-ed30a86b8c4ca887773594c2.wixmp.com/intermediary/f/cf296ba5-0d5a-4ac6-b534-9ad3df9de58f/dczl2m2-c9be5ebd-74de-4814-aa61-addbdf3f084f.jpg/v1/fit/w_150,h_150,q_70,strp/ada_wong_by_prywinko_dczl2m2-150.jpg&quot; srcset=&quot;https://images-wixmp-ed30a86b8c4ca887773594c2.wixmp.com/intermediary/f/cf296ba5-0d5a-4ac6-b534-9ad3df9de58f/dczl2m2-c9be5ebd-74de-4814-aa61-addbdf3f084f.jpg/v1/fit/w_150,h_150,q_70,strp/ada_wong_by_prywinko_dczl2m2-150.jpg 100w,https://images-wixmp-ed30a86b8c4ca887773594c2.wixmp.com/intermediary/f/cf296ba5-0d5a-4ac6-b534-9ad3df9de58f/dczl2m2-c9be5ebd-74de-4814-aa61-addbdf3f084f.jpg/v1/crop/w_167,h_250,x_0,y_0,scl_0.167,q_70,strp/ada_wong_by_prywinko_dczl2m2-250t.jpg 167w,https://images-wixmp-ed30a86b8c4ca887773594c2.wixmp.com/intermediary/f/cf296ba5-0d5a-4ac6-b534-9ad3df9de58f/dczl2m2-c9be5ebd-74de-4814-aa61-addbdf3f084f.jpg/v1/fill/w_233,h_350,q_70,strp/ada_wong_by_prywinko_dczl2m2-350t.jpg 233w,https://images-wixmp-ed30a86b8c4ca887773594c2.wixmp.com/intermediary/f/cf296ba5-0d5a-4ac6-b534-9ad3df9de58f/dczl2m2-c9be5ebd-74de-4814-aa61-addbdf3f084f.jpg/v1/crop/w_267,h_400,x_0,y_0,scl_0.267,q_70,strp/ada_wong_by_prywinko_dczl2m2-400t.jpg 267w,https://images-wixmp-ed30a86b8c4ca887773594c2.wixmp.com/intermediary/f/cf296ba5-0d5a-4ac6-b534-9ad3df9de58f/dczl2m2-c9be5ebd-74de-4814-aa61-addbdf3f084f.jpg/v1/fill/w_730,h_1095,q_70,strp/ada_wong_by_prywinko_dczl2m2-pre.jpg 730w&quot; sizes=&quot;100px&quot;&gt;&lt;/a&gt;&lt;/span&gt;&lt;!-- ^TTT --&gt;&lt;!-- TTT$ --&gt;&lt;/span&gt;&lt;span class=&quot;shadow-holder&quot; data-embed-type=&quot;deviation&quot; data-embed-id=&quot;782112765&quot; data-embed-format=&quot;thumb&quot;&gt;&lt;span class=&quot;shadow mild&quot; &gt;&lt;a class=&quot;thumb&quot; href=&quot;https://www.deviantart.com/prywinko/art/Samus-Aran-January-Patreon-reward-782112765&quot; title=&quot;Samus Aran (January Patreon reward) by Prywinko, Jan 21, 2019 in Fan Art &amp;gt; Digital Art &amp;gt; Drawings &amp;gt; Games&quot;data-super-img=&quot;https://images-wixmp-ed30a86b8c4ca887773594c2.wixmp.com/intermediary/f/cf296ba5-0d5a-4ac6-b534-9ad3df9de58f/dcxne2l-c230caa3-bca4-405a-8a2f-742143cce961.jpg/v1/fill/w_1192,h_670,q_70,strp/samus_aran__january_patreon_reward__by_prywinko_dcxne2l-pre.jpg&quot; data-super-width=&quot;1192&quot; data-super-height=&quot;670&quot; data-super-transparent=&quot;false&quot; data-super-alt=&quot;Samus Aran (January Patreon reward) by Prywinko&quot; data-super-full-img=&quot;https://images-wixmp-ed30a86b8c4ca887773594c2.wixmp.com/intermediary/f/cf296ba5-0d5a-4ac6-b534-9ad3df9de58f/dcxne2l-c230caa3-bca4-405a-8a2f-742143cce961.jpg/v1/fill/w_1280,h_720,q_70,strp/samus_aran__january_patreon_reward__by_prywinko_dcxne2l-fullview.jpg&quot; data-super-full-width=&quot;1280&quot; data-super-full-height=&quot;720&quot;        data-sigil=&quot;thumb&quot;&gt;
        &lt;i&gt;&lt;/i&gt;&lt;img   width=&quot;150&quot; height=&quot;84&quot; alt=&quot;Samus Aran (January Patreon reward) by Prywinko&quot; src=&quot;https://images-wixmp-ed30a86b8c4ca887773594c2.wixmp.com/intermediary/f/cf296ba5-0d5a-4ac6-b534-9ad3df9de58f/dcxne2l-c230caa3-bca4-405a-8a2f-742143cce961.jpg/v1/fit/w_150,h_150,q_70,strp/samus_aran__january_patreon_reward__by_prywinko_dcxne2l-150.jpg&quot; data-src=&quot;https://images-wixmp-ed30a86b8c4ca887773594c2.wixmp.com/intermediary/f/cf296ba5-0d5a-4ac6-b534-9ad3df9de58f/dcxne2l-c230caa3-bca4-405a-8a2f-742143cce961.jpg/v1/fit/w_150,h_150,q_70,strp/samus_aran__january_patreon_reward__by_prywinko_dcxne2l-150.jpg&quot; srcset=&quot;https://images-wixmp-ed30a86b8c4ca887773594c2.wixmp.com/intermediary/f/cf296ba5-0d5a-4ac6-b534-9ad3df9de58f/dcxne2l-c230caa3-bca4-405a-8a2f-742143cce961.jpg/v1/fit/w_150,h_150,q_70,strp/samus_aran__january_patreon_reward__by_prywinko_dcxne2l-150.jpg 150w,https://images-wixmp-ed30a86b8c4ca887773594c2.wixmp.com/intermediary/f/cf296ba5-0d5a-4ac6-b534-9ad3df9de58f/dcxne2l-c230caa3-bca4-405a-8a2f-742143cce961.jpg/v1/fill/w_444,h_250,q_70,strp/samus_aran__january_patreon_reward__by_prywinko_dcxne2l-250t.jpg 444w,https://images-wixmp-ed30a86b8c4ca887773594c2.wixmp.com/intermediary/f/cf296ba5-0d5a-4ac6-b534-9ad3df9de58f/dcxne2l-c230caa3-bca4-405a-8a2f-742143cce961.jpg/v1/fill/w_622,h_350,q_70,strp/samus_aran__january_patreon_reward__by_prywinko_dcxne2l-350t.jpg 622w,https://images-wixmp-ed30a86b8c4ca887773594c2.wixmp.com/intermediary/f/cf296ba5-0d5a-4ac6-b534-9ad3df9de58f/dcxne2l-c230caa3-bca4-405a-8a2f-742143cce961.jpg/v1/fill/w_711,h_400,q_70,strp/samus_aran__january_patreon_reward__by_prywinko_dcxne2l-400t.jpg 711w,https://images-wixmp-ed30a86b8c4ca887773594c2.wixmp.com/intermediary/f/cf296ba5-0d5a-4ac6-b534-9ad3df9de58f/dcxne2l-c230caa3-bca4-405a-8a2f-742143cce961.jpg/v1/fill/w_1192,h_670,q_70,strp/samus_aran__january_patreon_reward__by_prywinko_dcxne2l-pre.jpg 1192w&quot; sizes=&quot;150px&quot;&gt;&lt;/a&gt;&lt;/span&gt;&lt;!-- ^TTT --&gt;&lt;!-- TTT$ --&gt;&lt;/span&gt;&lt;span class=&quot;shadow-holder&quot; data-embed-type=&quot;deviation&quot; data-embed-id=&quot;780690330&quot; data-embed-format=&quot;thumb&quot;&gt;&lt;span class=&quot;shadow mild&quot; &gt;&lt;a class=&quot;thumb ismature&quot; href=&quot;https://www.deviantart.com/prywinko/art/Heilog-780690330&quot; title=&quot;Heilog by Prywinko, Jan 11, 2019 in Digital Art &amp;gt; Drawings &amp;amp; Paintings &amp;gt; Fantasy&quot;data-super-img=&quot;https://images-wixmp-ed30a86b8c4ca887773594c2.wixmp.com/intermediary/f/cf296ba5-0d5a-4ac6-b534-9ad3df9de58f/dcwswii-4bf59406-33f3-46cf-a8c4-ae82f1e72ee7.jpg/v1/fill/w_752,h_1063,q_70,strp/heilog_by_prywinko_dcwswii-pre.jpg&quot; data-super-width=&quot;752&quot; data-super-height=&quot;1063&quot; data-super-transparent=&quot;false&quot; data-super-alt=&quot;Heilog by Prywinko&quot; data-super-full-img=&quot;https://images-wixmp-ed30a86b8c4ca887773594c2.wixmp.com/intermediary/f/cf296ba5-0d5a-4ac6-b534-9ad3df9de58f/dcwswii-4bf59406-33f3-46cf-a8c4-ae82f1e72ee7.jpg&quot; data-super-full-width=&quot;1061&quot; data-super-full-height=&quot;1500&quot;        data-sigil=&quot;thumb&quot;&gt;
                &lt;div class=&quot;thumb_agegate&quot;&gt;
            &lt;div class=&quot;agegate&quot;&gt;
                &lt;div class=&quot;nogo icon-blocked&quot;&gt;&lt;/div&gt;
                &lt;h1&gt;Mature Content&lt;/h1&gt;
            &lt;/div&gt;
        &lt;/div&gt;
        &lt;i&gt;&lt;/i&gt;&lt;img   width=&quot;106&quot; height=&quot;150&quot; alt=&quot;Heilog by Prywinko&quot; src=&quot;https://images-wixmp-ed30a86b8c4ca887773594c2.wixmp.com/intermediary/f/cf296ba5-0d5a-4ac6-b534-9ad3df9de58f/dcwswii-4bf59406-33f3-46cf-a8c4-ae82f1e72ee7.jpg/v1/fit/w_150,h_150,q_70,strp/heilog_by_prywinko_dcwswii-150.jpg&quot; data-src=&quot;https://images-wixmp-ed30a86b8c4ca887773594c2.wixmp.com/intermediary/f/cf296ba5-0d5a-4ac6-b534-9ad3df9de58f/dcwswii-4bf59406-33f3-46cf-a8c4-ae82f1e72ee7.jpg/v1/fit/w_150,h_150,q_70,strp/heilog_by_prywinko_dcwswii-150.jpg&quot; srcset=&quot;https://images-wixmp-ed30a86b8c4ca887773594c2.wixmp.com/intermediary/f/cf296ba5-0d5a-4ac6-b534-9ad3df9de58f/dcwswii-4bf59406-33f3-46cf-a8c4-ae82f1e72ee7.jpg/v1/fit/w_150,h_150,q_70,strp/heilog_by_prywinko_dcwswii-150.jpg 106w,https://images-wixmp-ed30a86b8c4ca887773594c2.wixmp.com/intermediary/f/cf296ba5-0d5a-4ac6-b534-9ad3df9de58f/dcwswii-4bf59406-33f3-46cf-a8c4-ae82f1e72ee7.jpg/v1/fill/w_177,h_250,q_70,strp/heilog_by_prywinko_dcwswii-250t.jpg 177w,https://images-wixmp-ed30a86b8c4ca887773594c2.wixmp.com/intermediary/f/cf296ba5-0d5a-4ac6-b534-9ad3df9de58f/dcwswii-4bf59406-33f3-46cf-a8c4-ae82f1e72ee7.jpg/v1/crop/w_248,h_350,x_0,y_0,scl_0.23374175306315,q_70,strp/heilog_by_prywinko_dcwswii-350t.jpg 248w,https://images-wixmp-ed30a86b8c4ca887773594c2.wixmp.com/intermediary/f/cf296ba5-0d5a-4ac6-b534-9ad3df9de58f/dcwswii-4bf59406-33f3-46cf-a8c4-ae82f1e72ee7.jpg/v1/fill/w_283,h_400,q_70,strp/heilog_by_prywinko_dcwswii-400t.jpg 283w,https://images-wixmp-ed30a86b8c4ca887773594c2.wixmp.com/intermediary/f/cf296ba5-0d5a-4ac6-b534-9ad3df9de58f/dcwswii-4bf59406-33f3-46cf-a8c4-ae82f1e72ee7.jpg/v1/fill/w_752,h_1063,q_70,strp/heilog_by_prywinko_dcwswii-pre.jpg 752w&quot; sizes=&quot;106px&quot;&gt;&lt;/a&gt;&lt;/span&gt;&lt;!-- ^TTT --&gt;&lt;!-- TTT$ --&gt;&lt;/span&gt;&lt;span class=&quot;shadow-holder&quot; data-embed-type=&quot;deviation&quot; data-embed-id=&quot;783339290&quot; data-embed-format=&quot;thumb&quot;&gt;&lt;span class=&quot;shadow mild&quot; &gt;&lt;a class=&quot;thumb&quot; href=&quot;https://www.deviantart.com/prywinko/art/Request-winner-Harley-Quinn-Last-day-to-enter-783339290&quot; title=&quot;(Request winner) Harley Quinn (Last day to enter!) by Prywinko, Jan 30, 2019 in Fan Art &amp;gt; Manga &amp;amp; Anime &amp;gt; Digital &amp;gt; Books &amp;amp; Novels&quot;data-super-img=&quot;https://images-wixmp-ed30a86b8c4ca887773594c2.wixmp.com/intermediary/f/cf296ba5-0d5a-4ac6-b534-9ad3df9de58f/dcydogq-bb91bfbd-0819-42f0-a7d4-1e5a02d42b4a.jpg/v1/fill/w_730,h_1095,q_70,strp/_request_winner__harley_quinn__last_day_to_enter___by_prywinko_dcydogq-pre.jpg&quot; data-super-width=&quot;730&quot; data-super-height=&quot;1095&quot; data-super-transparent=&quot;false&quot; data-super-alt=&quot;(Request winner) Harley Quinn (Last day to enter!) by Prywinko&quot; data-super-full-img=&quot;https://images-wixmp-ed30a86b8c4ca887773594c2.wixmp.com/intermediary/f/cf296ba5-0d5a-4ac6-b534-9ad3df9de58f/dcydogq-bb91bfbd-0819-42f0-a7d4-1e5a02d42b4a.jpg&quot; data-super-full-width=&quot;1000&quot; data-super-full-height=&quot;1500&quot;        data-sigil=&quot;thumb&quot;&gt;
        &lt;i&gt;&lt;/i&gt;&lt;img   width=&quot;100&quot; height=&quot;150&quot; alt=&quot;(Request winner) Harley Quinn (Last day to enter!) by Prywinko&quot; src=&quot;https://images-wixmp-ed30a86b8c4ca887773594c2.wixmp.com/intermediary/f/cf296ba5-0d5a-4ac6-b534-9ad3df9de58f/dcydogq-bb91bfbd-0819-42f0-a7d4-1e5a02d42b4a.jpg/v1/fit/w_150,h_150,q_70,strp/_request_winner__harley_quinn__last_day_to_enter___by_prywinko_dcydogq-150.jpg&quot; data-src=&quot;https://images-wixmp-ed30a86b8c4ca887773594c2.wixmp.com/intermediary/f/cf296ba5-0d5a-4ac6-b534-9ad3df9de58f/dcydogq-bb91bfbd-0819-42f0-a7d4-1e5a02d42b4a.jpg/v1/fit/w_150,h_150,q_70,strp/_request_winner__harley_quinn__last_day_to_enter___by_prywinko_dcydogq-150.jpg&quot; srcset=&quot;https://images-wixmp-ed30a86b8c4ca887773594c2.wixmp.com/intermediary/f/cf296ba5-0d5a-4ac6-b534-9ad3df9de58f/dcydogq-bb91bfbd-0819-42f0-a7d4-1e5a02d42b4a.jpg/v1/fit/w_150,h_150,q_70,strp/_request_winner__harley_quinn__last_day_to_enter___by_prywinko_dcydogq-150.jpg 100w,https://images-wixmp-ed30a86b8c4ca887773594c2.wixmp.com/intermediary/f/cf296ba5-0d5a-4ac6-b534-9ad3df9de58f/dcydogq-bb91bfbd-0819-42f0-a7d4-1e5a02d42b4a.jpg/v1/crop/w_167,h_250,x_0,y_0,scl_0.167,q_70,strp/_request_winner__harley_quinn__last_day_to_enter___by_prywinko_dcydogq-250t.jpg 167w,https://images-wixmp-ed30a86b8c4ca887773594c2.wixmp.com/intermediary/f/cf296ba5-0d5a-4ac6-b534-9ad3df9de58f/dcydogq-bb91bfbd-0819-42f0-a7d4-1e5a02d42b4a.jpg/v1/fill/w_233,h_350,q_70,strp/_request_winner__harley_quinn__last_day_to_enter___by_prywinko_dcydogq-350t.jpg 233w,https://images-wixmp-ed30a86b8c4ca887773594c2.wixmp.com/intermediary/f/cf296ba5-0d5a-4ac6-b534-9ad3df9de58f/dcydogq-bb91bfbd-0819-42f0-a7d4-1e5a02d42b4a.jpg/v1/crop/w_267,h_400,x_0,y_0,scl_0.267,q_70,strp/_request_winner__harley_quinn__last_day_to_enter___by_prywinko_dcydogq-400t.jpg 267w,https://images-wixmp-ed30a86b8c4ca887773594c2.wixmp.com/intermediary/f/cf296ba5-0d5a-4ac6-b534-9ad3df9de58f/dcydogq-bb91bfbd-0819-42f0-a7d4-1e5a02d42b4a.jpg/v1/fill/w_730,h_1095,q_70,strp/_request_winner__harley_quinn__last_day_to_enter___by_prywinko_dcydogq-pre.jpg 730w&quot; sizes=&quot;100px&quot;&gt;&lt;/a&gt;&lt;/span&gt;&lt;!-- ^TTT --&gt;&lt;!-- TTT$ --&gt;&lt;/span&gt;&lt;span class=&quot;shadow-holder&quot; data-embed-type=&quot;deviation&quot; data-embed-id=&quot;782679148&quot; data-embed-format=&quot;thumb&quot;&gt;&lt;span class=&quot;shadow mild&quot; &gt;&lt;a class=&quot;thumb&quot; href=&quot;https://www.deviantart.com/prywinko/art/Albedo-January-Patreon-Reward-782679148&quot; title=&quot;Albedo (January Patreon Reward) by Prywinko, Jan 25, 2019 in Fan Art &amp;gt; Manga &amp;amp; Anime &amp;gt; Digital &amp;gt; Movies &amp;amp; TV&quot;data-super-img=&quot;https://images-wixmp-ed30a86b8c4ca887773594c2.wixmp.com/intermediary/f/cf296ba5-0d5a-4ac6-b534-9ad3df9de58f/dcxzj3g-98112018-01b8-4030-9f57-c58734caa598.jpg/v1/fill/w_730,h_1095,q_70,strp/albedo__january_patreon_reward__by_prywinko_dcxzj3g-pre.jpg&quot; data-super-width=&quot;730&quot; data-super-height=&quot;1095&quot; data-super-transparent=&quot;false&quot; data-super-alt=&quot;Albedo (January Patreon Reward) by Prywinko&quot; data-super-full-img=&quot;https://images-wixmp-ed30a86b8c4ca887773594c2.wixmp.com/intermediary/f/cf296ba5-0d5a-4ac6-b534-9ad3df9de58f/dcxzj3g-98112018-01b8-4030-9f57-c58734caa598.jpg&quot; data-super-full-width=&quot;1000&quot; data-super-full-height=&quot;1500&quot;        data-sigil=&quot;thumb&quot;&gt;
        &lt;i&gt;&lt;/i&gt;&lt;img   width=&quot;100&quot; height=&quot;150&quot; alt=&quot;Albedo (January Patreon Reward) by Prywinko&quot; src=&quot;https://images-wixmp-ed30a86b8c4ca887773594c2.wixmp.com/intermediary/f/cf296ba5-0d5a-4ac6-b534-9ad3df9de58f/dcxzj3g-98112018-01b8-4030-9f57-c58734caa598.jpg/v1/fit/w_150,h_150,q_70,strp/albedo__january_patreon_reward__by_prywinko_dcxzj3g-150.jpg&quot; data-src=&quot;https://images-wixmp-ed30a86b8c4ca887773594c2.wixmp.com/intermediary/f/cf296ba5-0d5a-4ac6-b534-9ad3df9de58f/dcxzj3g-98112018-01b8-4030-9f57-c58734caa598.jpg/v1/fit/w_150,h_150,q_70,strp/albedo__january_patreon_reward__by_prywinko_dcxzj3g-150.jpg&quot; srcset=&quot;https://images-wixmp-ed30a86b8c4ca887773594c2.wixmp.com/intermediary/f/cf296ba5-0d5a-4ac6-b534-9ad3df9de58f/dcxzj3g-98112018-01b8-4030-9f57-c58734caa598.jpg/v1/fit/w_150,h_150,q_70,strp/albedo__january_patreon_reward__by_prywinko_dcxzj3g-150.jpg 100w,https://images-wixmp-ed30a86b8c4ca887773594c2.wixmp.com/intermediary/f/cf296ba5-0d5a-4ac6-b534-9ad3df9de58f/dcxzj3g-98112018-01b8-4030-9f57-c58734caa598.jpg/v1/crop/w_167,h_250,x_0,y_0,scl_0.167,q_70,strp/albedo__january_patreon_reward__by_prywinko_dcxzj3g-250t.jpg 167w,https://images-wixmp-ed30a86b8c4ca887773594c2.wixmp.com/intermediary/f/cf296ba5-0d5a-4ac6-b534-9ad3df9de58f/dcxzj3g-98112018-01b8-4030-9f57-c58734caa598.jpg/v1/fill/w_233,h_350,q_70,strp/albedo__january_patreon_reward__by_prywinko_dcxzj3g-350t.jpg 233w,https://images-wixmp-ed30a86b8c4ca887773594c2.wixmp.com/intermediary/f/cf296ba5-0d5a-4ac6-b534-9ad3df9de58f/dcxzj3g-98112018-01b8-4030-9f57-c58734caa598.jpg/v1/crop/w_267,h_400,x_0,y_0,scl_0.267,q_70,strp/albedo__january_patreon_reward__by_prywinko_dcxzj3g-400t.jpg 267w,https://images-wixmp-ed30a86b8c4ca887773594c2.wixmp.com/intermediary/f/cf296ba5-0d5a-4ac6-b534-9ad3df9de58f/dcxzj3g-98112018-01b8-4030-9f57-c58734caa598.jpg/v1/fill/w_730,h_1095,q_70,strp/albedo__january_patreon_reward__by_prywinko_dcxzj3g-pre.jpg 730w&quot; sizes=&quot;100px&quot;&gt;&lt;/a&gt;&lt;/span&gt;&lt;!-- ^TTT --&gt;&lt;!-- TTT$ --&gt;&lt;/span&gt;&lt;span class=&quot;shadow-holder&quot; data-embed-type=&quot;deviation&quot; data-embed-id=&quot;785929357&quot; data-embed-format=&quot;thumb&quot;&gt;&lt;span class=&quot;shadow mild&quot; &gt;&lt;a class=&quot;thumb ismature&quot; href=&quot;https://www.deviantart.com/prywinko/art/Sword-Maiden-785929357&quot; title=&quot;Sword Maiden by Prywinko, Feb 17, 2019 in Fan Art &amp;gt; Manga &amp;amp; Anime &amp;gt; Digital &amp;gt; Movies &amp;amp; TV&quot;data-super-img=&quot;https://images-wixmp-ed30a86b8c4ca887773594c2.wixmp.com/intermediary/f/cf296ba5-0d5a-4ac6-b534-9ad3df9de58f/dczx6z1-cfc0e769-8c4f-4469-a51a-1a8a4fc2371b.jpg&quot; data-super-width=&quot;669&quot; data-super-height=&quot;1000&quot; data-super-transparent=&quot;false&quot; data-super-alt=&quot;Sword Maiden by Prywinko&quot; data-super-full-img=&quot;https://images-wixmp-ed30a86b8c4ca887773594c2.wixmp.com/intermediary/f/cf296ba5-0d5a-4ac6-b534-9ad3df9de58f/dczx6z1-cfc0e769-8c4f-4469-a51a-1a8a4fc2371b.jpg&quot; data-super-full-width=&quot;669&quot; data-super-full-height=&quot;1000&quot;        data-sigil=&quot;thumb&quot;&gt;
                &lt;div class=&quot;thumb_agegate&quot;&gt;
            &lt;div class=&quot;agegate&quot;&gt;
                &lt;div class=&quot;nogo icon-blocked&quot;&gt;&lt;/div&gt;
                &lt;h1&gt;Mature Content&lt;/h1&gt;
            &lt;/div&gt;
        &lt;/div&gt;
        &lt;i&gt;&lt;/i&gt;&lt;img   width=&quot;100&quot; height=&quot;150&quot; alt=&quot;Sword Maiden by Prywinko&quot; src=&quot;https://images-wixmp-ed30a86b8c4ca887773594c2.wixmp.com/intermediary/f/cf296ba5-0d5a-4ac6-b534-9ad3df9de58f/dczx6z1-cfc0e769-8c4f-4469-a51a-1a8a4fc2371b.jpg/v1/fit/w_150,h_150,q_70,strp/sword_maiden_by_prywinko_dczx6z1-150.jpg&quot; data-src=&quot;https://images-wixmp-ed30a86b8c4ca887773594c2.wixmp.com/intermediary/f/cf296ba5-0d5a-4ac6-b534-9ad3df9de58f/dczx6z1-cfc0e769-8c4f-4469-a51a-1a8a4fc2371b.jpg/v1/fit/w_150,h_150,q_70,strp/sword_maiden_by_prywinko_dczx6z1-150.jpg&quot; srcset=&quot;https://images-wixmp-ed30a86b8c4ca887773594c2.wixmp.com/intermediary/f/cf296ba5-0d5a-4ac6-b534-9ad3df9de58f/dczx6z1-cfc0e769-8c4f-4469-a51a-1a8a4fc2371b.jpg/v1/fit/w_150,h_150,q_70,strp/sword_maiden_by_prywinko_dczx6z1-150.jpg 100w,https://images-wixmp-ed30a86b8c4ca887773594c2.wixmp.com/intermediary/f/cf296ba5-0d5a-4ac6-b534-9ad3df9de58f/dczx6z1-cfc0e769-8c4f-4469-a51a-1a8a4fc2371b.jpg/v1/fill/w_167,h_250,q_70,strp/sword_maiden_by_prywinko_dczx6z1-250t.jpg 167w,https://images-wixmp-ed30a86b8c4ca887773594c2.wixmp.com/intermediary/f/cf296ba5-0d5a-4ac6-b534-9ad3df9de58f/dczx6z1-cfc0e769-8c4f-4469-a51a-1a8a4fc2371b.jpg/v1/fill/w_234,h_350,q_70,strp/sword_maiden_by_prywinko_dczx6z1-350t.jpg 234w,https://images-wixmp-ed30a86b8c4ca887773594c2.wixmp.com/intermediary/f/cf296ba5-0d5a-4ac6-b534-9ad3df9de58f/dczx6z1-cfc0e769-8c4f-4469-a51a-1a8a4fc2371b.jpg/v1/crop/w_268,h_400,x_0,y_0,scl_0.40059790732436,q_70,strp/sword_maiden_by_prywinko_dczx6z1-400t.jpg 268w,https://images-wixmp-ed30a86b8c4ca887773594c2.wixmp.com/intermediary/f/cf296ba5-0d5a-4ac6-b534-9ad3df9de58f/dczx6z1-cfc0e769-8c4f-4469-a51a-1a8a4fc2371b.jpg 669w&quot; sizes=&quot;100px&quot;&gt;&lt;/a&gt;&lt;/span&gt;&lt;!-- ^TTT --&gt;&lt;!-- TTT$ --&gt;&lt;/span&gt;&lt;br /&gt;&lt;/b&gt;&lt;br /&gt;&lt;div align=&quot;left&quot;&gt;Use reference, textures, magic&lt;a href=&quot;https://www.deviantart.com/jerikuto/art/SpongeBob-Magic-Love-431218163&quot; class=&quot;emoticon&quot; data-embed-type=&quot;emoticon&quot; data-embed-id=&quot;431218163&quot; data-embed-profile=&quot;deviation&quot;&gt;&lt;img src=&quot;https://orig00.deviantart.net/928b/f/2014/032/1/8/spongebob__magic_love__by_jerikuto-d74qi2b.gif&quot; alt=&quot;SpongeBob (Magic Love)&quot; style=&quot;width:50px;height:50px&quot;&gt;&lt;/a&gt;&amp;nbsp;(leather texture,&amp;nbsp;pendant, lance)&lt;/div&gt;&lt;/div&gt;</media:description>            <media:thumbnail url="https://t00.deviantart.net/8OtM6iM4Wc2anpRyMibSyqCbd_I=/fit-in/150x150/filters:no_upscale():origin()/pre00/015f/th/pre/f/2019/050/7/4/kassandra_wallpaper_by_prywinko-dd05va4.jpg" height="84" width="150"/>            <media:thumbnail url="https://t00.deviantart.net/RhP-jXCN7B5sMmxGmvPOfiSWmeQ=/fit-in/300x900/filters:no_upscale():origin()/pre00/015f/th/pre/f/2019/050/7/4/kassandra_wallpaper_by_prywinko-dd05va4.jpg" height="169" width="300"/>            <media:thumbnail url="https://t00.deviantart.net/mQKjxADYZF3L-f3MtwlPxhYfweI=/300x200/filters:fixed_height(100,100):origin()/pre00/015f/th/pre/f/2019/050/7/4/kassandra_wallpaper_by_prywinko-dd05va4.jpg" height="169" width="300"/>            <media:content url="https://pre00.deviantart.net/015f/th/pre/f/2019/050/7/4/kassandra_wallpaper_by_prywinko-dd05va4.jpg" height="670" width="1192" medium="image"/>            
            <description>&lt;h4&gt;&lt;div align=&quot;center&quot;&gt;&lt;p align=&quot;center&quot;&gt;&lt;a href=&quot;https://www.deviantart.com/king-lulu-deer/art/Pride-Shooting-Star-685222491&quot; class=&quot;emoticon&quot; data-embed-type=&quot;emoticon&quot; data-embed-id=&quot;685222491&quot; data-embed-profile=&quot;deviation&quot;&gt;&lt;img src=&quot;https://orig00.deviantart.net/ed9c/f/2017/174/1/8/pride_shooting_star_by_king_lulu_deer-dbbyp23.gif&quot; alt=&quot;Pride Shooting Star&quot; style=&quot;width:119px;height:20px&quot;&gt;&lt;/a&gt;&lt;b&gt;&amp;nbsp;!&lt;/b&gt;&lt;b&gt;&lt;a class=&quot;external&quot; href=&quot;https://www.deviantart.com/users/outgoing?https://www.patreon.com/join/Prywinko&quot;&gt;GET HOT KASSANDRA!&lt;/a&gt;&amp;nbsp; &amp;nbsp;&lt;/b&gt;&lt;a href=&quot;https://www.deviantart.com/king-lulu-deer/art/Pride-Shooting-Star-685222491&quot; class=&quot;emoticon&quot; data-embed-type=&quot;emoticon&quot; data-embed-id=&quot;685222491&quot; data-embed-profile=&quot;deviation&quot;&gt;&lt;img src=&quot;https://orig00.deviantart.net/ed9c/f/2017/174/1/8/pride_shooting_star_by_king_lulu_deer-dbbyp23.gif&quot; alt=&quot;Pride Shooting Star&quot; style=&quot;width:119px;height:20px&quot;&gt;&lt;/a&gt;&lt;b&gt;&amp;nbsp;&lt;/b&gt;&lt;br /&gt;&lt;/p&gt;&lt;/div&gt;&lt;/h4&gt;&lt;div align=&quot;center&quot;&gt;&lt;b&gt;&lt;b&gt;&lt;/b&gt;&lt;/b&gt;&lt;div align=&quot;center&quot;&gt;&lt;b&gt;&lt;b&gt;&lt;/b&gt;&lt;/b&gt;&lt;div align=&quot;center&quot;&gt;&lt;b&gt;&lt;b&gt;&lt;/b&gt;&lt;div align=&quot;center&quot;&gt;&lt;b&gt;&lt;b&gt;&lt;/b&gt;&lt;/b&gt;&lt;div align=&quot;center&quot;&gt;&lt;b&gt;&lt;b&gt;&lt;/b&gt;&lt;/b&gt;&lt;/div&gt;&lt;/div&gt;&lt;b&gt;&lt;/b&gt;&lt;/b&gt;&lt;div align=&quot;center&quot;&gt;&lt;b&gt;&lt;b&gt;&lt;/b&gt;&lt;/b&gt;&lt;div align=&quot;center&quot;&gt;&lt;b&gt;&lt;b&gt;&lt;/b&gt;&lt;/b&gt;&lt;div align=&quot;center&quot;&gt;&lt;b&gt;&lt;b&gt;&lt;/b&gt;&lt;/b&gt;&lt;div align=&quot;center&quot;&gt;&lt;b&gt;&lt;b&gt;&lt;/b&gt;&lt;/b&gt;&lt;div align=&quot;center&quot;&gt;&lt;b&gt;&lt;b&gt;&lt;/b&gt;&lt;/b&gt;&lt;div align=&quot;center&quot;&gt;&lt;b&gt;&lt;b&gt;&lt;/b&gt;&lt;/b&gt;&lt;div align=&quot;center&quot;&gt;&lt;b&gt;&lt;a href=&quot;https://www.deviantart.com/kittyrocker/art/--547742247&quot; class=&quot;emoticon&quot; data-embed-type=&quot;emoticon&quot; data-embed-id=&quot;547742247&quot; data-embed-profile=&quot;deviation&quot;&gt;&lt;img src=&quot;https://orig00.deviantart.net/18bb/f/2015/201/0/6/__by_kittyrocker-d9240mf.gif&quot; alt=&quot;*&quot; style=&quot;width:10px;height:10px&quot;&gt;&lt;/a&gt;&lt;/b&gt;&lt;/div&gt;&lt;/div&gt;&lt;/div&gt;&lt;/div&gt;&lt;/div&gt;&lt;/div&gt;&lt;b&gt;January Patreon reward&amp;nbsp;&amp;nbsp;&amp;nbsp;&lt;br /&gt;&lt;br /&gt;&amp;nbsp;&lt;/b&gt;&lt;b&gt;&lt;a href=&quot;https://www.deviantart.com/kittyrocker/art/--547742247&quot; class=&quot;emoticon&quot; data-embed-type=&quot;emoticon&quot; data-embed-id=&quot;547742247&quot; data-embed-profile=&quot;deviation&quot;&gt;&lt;img src=&quot;https://orig00.deviantart.net/18bb/f/2015/201/0/6/__by_kittyrocker-d9240mf.gif&quot; alt=&quot;*&quot; style=&quot;width:10px;height:10px&quot;&gt;&lt;/a&gt;&amp;nbsp;&lt;/b&gt;&lt;/div&gt;&lt;/div&gt;&lt;/div&gt;&lt;/div&gt;&lt;p&gt;&lt;b&gt;&lt;/b&gt;&lt;strong&gt;Kassandra&lt;/strong&gt;&amp;nbsp;(71 image)&lt;strong&gt;:&amp;nbsp;&lt;/strong&gt;&lt;b&gt;&lt;a class=&quot;external&quot; href=&quot;https://www.deviantart.com/users/outgoing?https://www.patreon.com/posts/24438673&quot;&gt;18+ Preview&lt;/a&gt;&lt;/b&gt;&lt;/p&gt;&lt;a href=&quot;https://www.deviantart.com/wishtoys/art/pastel-cake-emoji-yum-720796305&quot; class=&quot;emoticon&quot; data-embed-type=&quot;emoticon&quot; data-embed-id=&quot;720796305&quot; data-embed-profile=&quot;deviation&quot;&gt;&lt;img src=&quot;https://orig00.deviantart.net/e055/f/2017/352/4/b/pastel_cake_emoji__yum___by_wishtoys-dbx55zl.gif&quot; alt=&quot;pastel cake emoji (yum!)&quot; style=&quot;width:20px;height:20px&quot;&gt;&lt;/a&gt;&lt;span&gt;&amp;nbsp;&lt;/span&gt;&lt;span&gt;Hi-Res Images&lt;br /&gt;&lt;/span&gt;&lt;a href=&quot;https://www.deviantart.com/wishtoys/art/pastel-cake-emoji-yum-720796305&quot; class=&quot;emoticon&quot; data-embed-type=&quot;emoticon&quot; data-embed-id=&quot;720796305&quot; data-embed-profile=&quot;deviation&quot;&gt;&lt;img src=&quot;https://orig00.deviantart.net/e055/f/2017/352/4/b/pastel_cake_emoji__yum___by_wishtoys-dbx55zl.gif&quot; alt=&quot;pastel cake emoji (yum!)&quot; style=&quot;width:20px;height:20px&quot;&gt;&lt;/a&gt;&lt;span&gt;Steps&lt;/span&gt;&lt;br /&gt;&lt;a href=&quot;https://www.deviantart.com/wishtoys/art/pastel-cake-emoji-yum-720796305&quot; class=&quot;emoticon&quot; data-embed-type=&quot;emoticon&quot; data-embed-id=&quot;720796305&quot; data-embed-profile=&quot;deviation&quot;&gt;&lt;img src=&quot;https://orig00.deviantart.net/e055/f/2017/352/4/b/pastel_cake_emoji__yum___by_wishtoys-dbx55zl.gif&quot; alt=&quot;pastel cake emoji (yum!)&quot; style=&quot;width:20px;height:20px&quot;&gt;&lt;/a&gt;&lt;span&gt;&amp;nbsp;&lt;/span&gt;&lt;span&gt;NSFW image&amp;nbsp;&lt;/span&gt;&lt;br /&gt;&lt;a href=&quot;https://www.deviantart.com/wishtoys/art/pastel-cake-emoji-yum-720796305&quot; class=&quot;emoticon&quot; data-embed-type=&quot;emoticon&quot; data-embed-id=&quot;720796305&quot; data-embed-profile=&quot;deviation&quot;&gt;&lt;img src=&quot;https://orig00.deviantart.net/e055/f/2017/352/4/b/pastel_cake_emoji__yum___by_wishtoys-dbx55zl.gif&quot; alt=&quot;pastel cake emoji (yum!)&quot; style=&quot;width:20px;height:20px&quot;&gt;&lt;/a&gt;&lt;span&gt;&amp;nbsp;SFW+NSFW wallpaper&lt;/span&gt;&lt;br /&gt;&lt;a href=&quot;https://www.deviantart.com/wishtoys/art/pastel-cake-emoji-yum-720796305&quot; class=&quot;emoticon&quot; data-embed-type=&quot;emoticon&quot; data-embed-id=&quot;720796305&quot; data-embed-profile=&quot;deviation&quot;&gt;&lt;img src=&quot;https://orig00.deviantart.net/e055/f/2017/352/4/b/pastel_cake_emoji__yum___by_wishtoys-dbx55zl.gif&quot; alt=&quot;pastel cake emoji (yum!)&quot; style=&quot;width:20px;height:20px&quot;&gt;&lt;/a&gt;&lt;span&gt;&amp;nbsp;&lt;/span&gt;&lt;span&gt;Photoshop PSDs&amp;nbsp;&lt;br /&gt;&lt;/span&gt;&lt;a href=&quot;https://www.deviantart.com/riverkpocc/art/Rainbow-Layers-Cake-with-candle-32x32-icon-634880832&quot; class=&quot;emoticon&quot; data-embed-type=&quot;emoticon&quot; data-embed-id=&quot;634880832&quot; data-embed-profile=&quot;deviation&quot;&gt;&lt;img src=&quot;https://orig00.deviantart.net/b286/f/2016/260/7/f/rainbowlayerscake32x32ani_by_riverkpocc-dahzp6o.gif&quot; alt=&quot;Rainbow Layers Cake with candle 32x32 icon&quot; style=&quot;width:32px;height:32px&quot;&gt;&lt;/a&gt;&lt;span&gt;&amp;nbsp;Ahegao, cum, milk, squirt&lt;/span&gt;&lt;span&gt;&lt;br /&gt;&lt;/span&gt;&lt;a href=&quot;https://www.deviantart.com/riverkpocc/art/Rainbow-Layers-Cake-with-candle-32x32-icon-634880832&quot; class=&quot;emoticon&quot; data-embed-type=&quot;emoticon&quot; data-embed-id=&quot;634880832&quot; data-embed-profile=&quot;deviation&quot;&gt;&lt;img src=&quot;https://orig00.deviantart.net/b286/f/2016/260/7/f/rainbowlayerscake32x32ani_by_riverkpocc-dahzp6o.gif&quot; alt=&quot;Rainbow Layers Cake with candle 32x32 icon&quot; style=&quot;width:32px;height:32px&quot;&gt;&lt;/a&gt;&lt;span&gt;&amp;nbsp;Futa version&lt;br /&gt;&lt;/span&gt;&lt;div align=&quot;center&quot;&gt;&lt;div align=&quot;center&quot;&gt;&lt;div align=&quot;center&quot;&gt;&lt;div align=&quot;center&quot;&gt;&lt;br /&gt;&lt;b&gt;My art and video are created thanks to your support! Thank you!&lt;br /&gt;&lt;/b&gt;&lt;br /&gt;&lt;/div&gt;&lt;/div&gt;&lt;/div&gt;&lt;/div&gt;&lt;div align=&quot;center&quot;&gt;&lt;b&gt;&amp;nbsp;&amp;nbsp;&lt;a href=&quot;https://www.deviantart.com/poserfan/art/Patreon-Icon-543304473&quot; class=&quot;emoticon&quot; data-embed-type=&quot;emoticon&quot; data-embed-id=&quot;543304473&quot; data-embed-profile=&quot;deviation&quot;&gt;&lt;img src=&quot;https://images-wixmp-ed30a86b8c4ca887773594c2.wixmp.com/intermediary/f/0a6e9796-d386-4234-97d1-d46c16906e81/d8zgwex-5864a807-08a9-4167-a686-55d51e951ded.png&quot; alt=&quot;Patreon Icon&quot; style=&quot;width:16px;height:16px&quot;&gt;&lt;/a&gt;&amp;nbsp;&lt;/b&gt;&lt;a class=&quot;external&quot; href=&quot;https://www.deviantart.com/users/outgoing?https://www.patreon.com/prywinko&quot;&gt;Patreon&amp;nbsp;&lt;/a&gt;&lt;b&gt;&amp;nbsp;&lt;a href=&quot;https://www.deviantart.com/liriorox/art/Gumroad-icon-2-545734859&quot; class=&quot;emoticon&quot; data-embed-type=&quot;emoticon&quot; data-embed-id=&quot;545734859&quot; data-embed-profile=&quot;deviation&quot;&gt;&lt;img src=&quot;https://images-wixmp-ed30a86b8c4ca887773594c2.wixmp.com/intermediary/f/0bd87312-636c-4da8-8502-26c542873b11/d90wzpn-47fbf5d8-7dd8-40b0-810d-f16277f51393.png&quot; alt=&quot;Gumroad icon 2&quot; style=&quot;width:16px;height:16px&quot;&gt;&lt;/a&gt;&amp;nbsp;&amp;nbsp;&lt;/b&gt;&lt;a class=&quot;external&quot; href=&quot;https://www.deviantart.com/users/outgoing?https://gumroad.com/prywinko&quot;&gt;Gumroad&lt;/a&gt;&lt;b&gt;&amp;nbsp;&amp;nbsp;&lt;a href=&quot;https://www.deviantart.com/linux-rules/art/Ko-fi-square-Icon-mini-615689033&quot; class=&quot;emoticon&quot; data-embed-type=&quot;emoticon&quot; data-embed-id=&quot;615689033&quot; data-embed-profile=&quot;deviation&quot;&gt;&lt;img src=&quot;https://images-wixmp-ed30a86b8c4ca887773594c2.wixmp.com/intermediary/f/25e46574-05d5-4425-916d-e5292bb066ac/da6kcp5-fcbf962a-dc0b-4e98-9a95-5e358a0493eb.png&quot; alt=&quot;Ko-fi (square) Icon mini&quot; style=&quot;width:21px;height:21px&quot;&gt;&lt;/a&gt;&amp;nbsp;&lt;/b&gt;&lt;a class=&quot;external&quot; href=&quot;https://www.deviantart.com/users/outgoing?https://ko-fi.com/A777O3E&quot;&gt;Ko-fi&lt;/a&gt;&lt;b&gt;&amp;nbsp;&lt;a href=&quot;https://www.deviantart.com/poserfan/art/Instagram-Icon-414445438&quot; class=&quot;emoticon&quot; data-embed-type=&quot;emoticon&quot; data-embed-id=&quot;414445438&quot; data-embed-profile=&quot;deviation&quot;&gt;&lt;img src=&quot;https://orig00.deviantart.net/efae/f/2013/326/f/3/instagram_icon_by_poserfan-d6ur05a.gif&quot; alt=&quot;Instagram Icon&quot; style=&quot;width:16px;height:16px&quot;&gt;&lt;/a&gt;&amp;nbsp;&amp;nbsp;&lt;/b&gt;&lt;a class=&quot;external&quot; href=&quot;https://www.deviantart.com/users/outgoing?https://www.instagram.com/prywinko&quot;&gt;Instagram&lt;/a&gt;&lt;b&gt;&amp;nbsp;&lt;img src=&quot;https://e.deviantart.net/emoticons/f/facebook.gif&quot; alt=&quot;Facebook&quot; style=&quot;width: 16px; height: 16px;&quot; data-embed-type=&quot;emoticon&quot; data-embed-id=&quot;616&quot;&gt;&amp;nbsp;&lt;/b&gt;&lt;a class=&quot;external&quot; href=&quot;https://www.deviantart.com/users/outgoing?https://www.facebook.com/prywinko&quot;&gt;Facebook&lt;/a&gt;&lt;b&gt;&amp;nbsp;&lt;/b&gt;&lt;a href=&quot;https://www.deviantart.com/users/outgoing?https://twitter.com/prywinko&quot;&gt;&lt;img src=&quot;https://e.deviantart.net/emoticons/t/twitter_2.gif&quot; alt=&quot;Twitter&quot; style=&quot;width: 16px; height: 16px;&quot; data-embed-type=&quot;emoticon&quot; data-embed-id=&quot;614&quot;&gt;&amp;nbsp;Twitter&lt;/a&gt;&lt;b&gt;&amp;nbsp;&amp;nbsp;&lt;a href=&quot;https://www.deviantart.com/hexsy/art/Tumblr-Emote-477200343&quot; class=&quot;emoticon&quot; data-embed-type=&quot;emoticon&quot; data-embed-id=&quot;477200343&quot; data-embed-profile=&quot;deviation&quot;&gt;&lt;img src=&quot;https://orig00.deviantart.net/5638/f/2014/233/8/d/tumblr_emote_by_hexsy-d7w4253.gif&quot; alt=&quot;Tumblr Emote&quot; style=&quot;width:16px;height:16px&quot;&gt;&lt;/a&gt;&amp;nbsp;&amp;nbsp;&lt;/b&gt;&lt;a class=&quot;external&quot; href=&quot;https://www.deviantart.com/users/outgoing?http://prywinko.tumblr.com/&quot;&gt;Tumblr&lt;/a&gt;&lt;b&gt;&amp;nbsp;&amp;nbsp;&lt;a href=&quot;https://www.deviantart.com/linux-rules/art/Pixiv-Icon-ultramini-614264723&quot; class=&quot;emoticon&quot; data-embed-type=&quot;emoticon&quot; data-embed-id=&quot;614264723&quot; data-embed-profile=&quot;deviation&quot;&gt;&lt;img src=&quot;https://images-wixmp-ed30a86b8c4ca887773594c2.wixmp.com/intermediary/f/25e46574-05d5-4425-916d-e5292bb066ac/da5ptoz-f899f03b-bad5-47d6-8a8c-e94b0ba74940.png&quot; alt=&quot;Pixiv Icon ultramini&quot; style=&quot;width:16px;height:16px&quot;&gt;&lt;/a&gt;&amp;nbsp;&lt;/b&gt;&lt;a class=&quot;external&quot; href=&quot;https://www.deviantart.com/users/outgoing?http://www.pixiv.net/member.php?id=11035409&quot;&gt;Pixiv&lt;/a&gt;&lt;b&gt;&amp;nbsp;&lt;a href=&quot;https://www.deviantart.com/poserfan/art/RedBubble-Icon-610621069&quot; class=&quot;emoticon&quot; data-embed-type=&quot;emoticon&quot; data-embed-id=&quot;610621069&quot; data-embed-profile=&quot;deviation&quot;&gt;&lt;img src=&quot;https://images-wixmp-ed30a86b8c4ca887773594c2.wixmp.com/intermediary/f/0a6e9796-d386-4234-97d1-d46c16906e81/da3jq8d-a73ec1da-e1ea-4429-a8b6-85f10e1a2eb6.png&quot; alt=&quot;RedBubble Icon&quot; style=&quot;width:16px;height:16px&quot;&gt;&lt;/a&gt;&amp;nbsp;(print)&amp;nbsp;&lt;/b&gt;&lt;a class=&quot;external&quot; href=&quot;https://www.deviantart.com/users/outgoing?http://www.redbubble.com/people/prywinko/&quot;&gt;RedBubble&lt;/a&gt;&lt;b&gt;&amp;nbsp;&lt;a href=&quot;https://www.deviantart.com/vampirehelenaharper/art/YouTube-Icon-530921372&quot; class=&quot;emoticon&quot; data-embed-type=&quot;emoticon&quot; data-embed-id=&quot;530921372&quot; data-embed-profile=&quot;deviation&quot;&gt;&lt;img src=&quot;https://images-wixmp-ed30a86b8c4ca887773594c2.wixmp.com/intermediary/f/80bda55e-e860-4969-8f37-9e9d51e43927/d8s3hjw-b4c05150-baba-4ad3-bea8-b4870929a06d.png&quot; alt=&quot;YouTube Icon&quot; style=&quot;width:16px;height:16px&quot;&gt;&lt;/a&gt;&amp;nbsp;&amp;nbsp;&lt;/b&gt;&lt;a class=&quot;external&quot; href=&quot;https://www.deviantart.com/users/outgoing?https://www.youtube.com/channel/UC_Rn0n1K-srpX0_u6gnNx-A&quot;&gt;Youtube&lt;/a&gt;&lt;b&gt;&amp;nbsp; &amp;nbsp;&lt;/b&gt;&lt;b&gt;&lt;div align=&quot;center&quot;&gt;&lt;a href=&quot;https://www.deviantart.com/linux-rules/art/Tapas-app-Icon-ultramini-614491251&quot; class=&quot;emoticon&quot; data-embed-type=&quot;emoticon&quot; data-embed-id=&quot;614491251&quot; data-embed-profile=&quot;deviation&quot;&gt;&lt;img src=&quot;https://images-wixmp-ed30a86b8c4ca887773594c2.wixmp.com/intermediary/f/25e46574-05d5-4425-916d-e5292bb066ac/da5uohf-082d4398-83e7-4e97-a151-c6adc04b4778.png&quot; alt=&quot;Tapas app Icon ultramini&quot; style=&quot;width:16px;height:16px&quot;&gt;&lt;/a&gt;&amp;nbsp;&lt;a class=&quot;external&quot; href=&quot;https://www.deviantart.com/users/outgoing?https://tapas.io/series/Prywinkos-life&quot;&gt;Tapas (comics)&lt;/a&gt;&amp;nbsp;&amp;nbsp;&lt;/div&gt;&lt;/b&gt;&lt;div align=&quot;start&quot;&gt;&lt;a href=&quot;https://www.deviantart.com/prywinko/art/Albedo-January-Patreon-Reward-782679148#&quot;&gt;&lt;/a&gt;&lt;div&gt;&lt;br /&gt;&lt;div&gt;&lt;div&gt;&lt;/div&gt;&lt;/div&gt;&lt;/div&gt;&lt;/div&gt;&lt;b&gt;&lt;span class=&quot;shadow-holder&quot; data-embed-type=&quot;deviation&quot; data-embed-id=&quot;785363834&quot; data-embed-format=&quot;thumb&quot;&gt;&lt;span class=&quot;shadow mild&quot; &gt;&lt;a class=&quot;thumb&quot; href=&quot;https://www.deviantart.com/prywinko/art/Ada-Wong-785363834&quot; title=&quot;Ada Wong by Prywinko, Feb 13, 2019 in Fan Art &amp;gt; Digital Art &amp;gt; Drawings &amp;gt; Games&quot;data-super-img=&quot;https://images-wixmp-ed30a86b8c4ca887773594c2.wixmp.com/intermediary/f/cf296ba5-0d5a-4ac6-b534-9ad3df9de58f/dczl2m2-c9be5ebd-74de-4814-aa61-addbdf3f084f.jpg/v1/fill/w_730,h_1095,q_70,strp/ada_wong_by_prywinko_dczl2m2-pre.jpg&quot; data-super-width=&quot;730&quot; data-super-height=&quot;1095&quot; data-super-transparent=&quot;false&quot; data-super-alt=&quot;Ada Wong by Prywinko&quot; data-super-full-img=&quot;https://images-wixmp-ed30a86b8c4ca887773594c2.wixmp.com/intermediary/f/cf296ba5-0d5a-4ac6-b534-9ad3df9de58f/dczl2m2-c9be5ebd-74de-4814-aa61-addbdf3f084f.jpg&quot; data-super-full-width=&quot;1000&quot; data-super-full-height=&quot;1500&quot;        data-sigil=&quot;thumb&quot;&gt;
        &lt;i&gt;&lt;/i&gt;&lt;img   width=&quot;100&quot; height=&quot;150&quot; alt=&quot;Ada Wong by Prywinko&quot; src=&quot;https://images-wixmp-ed30a86b8c4ca887773594c2.wixmp.com/intermediary/f/cf296ba5-0d5a-4ac6-b534-9ad3df9de58f/dczl2m2-c9be5ebd-74de-4814-aa61-addbdf3f084f.jpg/v1/fit/w_150,h_150,q_70,strp/ada_wong_by_prywinko_dczl2m2-150.jpg&quot; data-src=&quot;https://images-wixmp-ed30a86b8c4ca887773594c2.wixmp.com/intermediary/f/cf296ba5-0d5a-4ac6-b534-9ad3df9de58f/dczl2m2-c9be5ebd-74de-4814-aa61-addbdf3f084f.jpg/v1/fit/w_150,h_150,q_70,strp/ada_wong_by_prywinko_dczl2m2-150.jpg&quot; srcset=&quot;https://images-wixmp-ed30a86b8c4ca887773594c2.wixmp.com/intermediary/f/cf296ba5-0d5a-4ac6-b534-9ad3df9de58f/dczl2m2-c9be5ebd-74de-4814-aa61-addbdf3f084f.jpg/v1/fit/w_150,h_150,q_70,strp/ada_wong_by_prywinko_dczl2m2-150.jpg 100w,https://images-wixmp-ed30a86b8c4ca887773594c2.wixmp.com/intermediary/f/cf296ba5-0d5a-4ac6-b534-9ad3df9de58f/dczl2m2-c9be5ebd-74de-4814-aa61-addbdf3f084f.jpg/v1/crop/w_167,h_250,x_0,y_0,scl_0.167,q_70,strp/ada_wong_by_prywinko_dczl2m2-250t.jpg 167w,https://images-wixmp-ed30a86b8c4ca887773594c2.wixmp.com/intermediary/f/cf296ba5-0d5a-4ac6-b534-9ad3df9de58f/dczl2m2-c9be5ebd-74de-4814-aa61-addbdf3f084f.jpg/v1/fill/w_233,h_350,q_70,strp/ada_wong_by_prywinko_dczl2m2-350t.jpg 233w,https://images-wixmp-ed30a86b8c4ca887773594c2.wixmp.com/intermediary/f/cf296ba5-0d5a-4ac6-b534-9ad3df9de58f/dczl2m2-c9be5ebd-74de-4814-aa61-addbdf3f084f.jpg/v1/crop/w_267,h_400,x_0,y_0,scl_0.267,q_70,strp/ada_wong_by_prywinko_dczl2m2-400t.jpg 267w,https://images-wixmp-ed30a86b8c4ca887773594c2.wixmp.com/intermediary/f/cf296ba5-0d5a-4ac6-b534-9ad3df9de58f/dczl2m2-c9be5ebd-74de-4814-aa61-addbdf3f084f.jpg/v1/fill/w_730,h_1095,q_70,strp/ada_wong_by_prywinko_dczl2m2-pre.jpg 730w&quot; sizes=&quot;100px&quot;&gt;&lt;/a&gt;&lt;/span&gt;&lt;!-- ^TTT --&gt;&lt;!-- TTT$ --&gt;&lt;/span&gt;&lt;span class=&quot;shadow-holder&quot; data-embed-type=&quot;deviation&quot; data-embed-id=&quot;782112765&quot; data-embed-format=&quot;thumb&quot;&gt;&lt;span class=&quot;shadow mild&quot; &gt;&lt;a class=&quot;thumb&quot; href=&quot;https://www.deviantart.com/prywinko/art/Samus-Aran-January-Patreon-reward-782112765&quot; title=&quot;Samus Aran (January Patreon reward) by Prywinko, Jan 21, 2019 in Fan Art &amp;gt; Digital Art &amp;gt; Drawings &amp;gt; Games&quot;data-super-img=&quot;https://images-wixmp-ed30a86b8c4ca887773594c2.wixmp.com/intermediary/f/cf296ba5-0d5a-4ac6-b534-9ad3df9de58f/dcxne2l-c230caa3-bca4-405a-8a2f-742143cce961.jpg/v1/fill/w_1192,h_670,q_70,strp/samus_aran__january_patreon_reward__by_prywinko_dcxne2l-pre.jpg&quot; data-super-width=&quot;1192&quot; data-super-height=&quot;670&quot; data-super-transparent=&quot;false&quot; data-super-alt=&quot;Samus Aran (January Patreon reward) by Prywinko&quot; data-super-full-img=&quot;https://images-wixmp-ed30a86b8c4ca887773594c2.wixmp.com/intermediary/f/cf296ba5-0d5a-4ac6-b534-9ad3df9de58f/dcxne2l-c230caa3-bca4-405a-8a2f-742143cce961.jpg/v1/fill/w_1280,h_720,q_70,strp/samus_aran__january_patreon_reward__by_prywinko_dcxne2l-fullview.jpg&quot; data-super-full-width=&quot;1280&quot; data-super-full-height=&quot;720&quot;        data-sigil=&quot;thumb&quot;&gt;
        &lt;i&gt;&lt;/i&gt;&lt;img   width=&quot;150&quot; height=&quot;84&quot; alt=&quot;Samus Aran (January Patreon reward) by Prywinko&quot; src=&quot;https://images-wixmp-ed30a86b8c4ca887773594c2.wixmp.com/intermediary/f/cf296ba5-0d5a-4ac6-b534-9ad3df9de58f/dcxne2l-c230caa3-bca4-405a-8a2f-742143cce961.jpg/v1/fit/w_150,h_150,q_70,strp/samus_aran__january_patreon_reward__by_prywinko_dcxne2l-150.jpg&quot; data-src=&quot;https://images-wixmp-ed30a86b8c4ca887773594c2.wixmp.com/intermediary/f/cf296ba5-0d5a-4ac6-b534-9ad3df9de58f/dcxne2l-c230caa3-bca4-405a-8a2f-742143cce961.jpg/v1/fit/w_150,h_150,q_70,strp/samus_aran__january_patreon_reward__by_prywinko_dcxne2l-150.jpg&quot; srcset=&quot;https://images-wixmp-ed30a86b8c4ca887773594c2.wixmp.com/intermediary/f/cf296ba5-0d5a-4ac6-b534-9ad3df9de58f/dcxne2l-c230caa3-bca4-405a-8a2f-742143cce961.jpg/v1/fit/w_150,h_150,q_70,strp/samus_aran__january_patreon_reward__by_prywinko_dcxne2l-150.jpg 150w,https://images-wixmp-ed30a86b8c4ca887773594c2.wixmp.com/intermediary/f/cf296ba5-0d5a-4ac6-b534-9ad3df9de58f/dcxne2l-c230caa3-bca4-405a-8a2f-742143cce961.jpg/v1/fill/w_444,h_250,q_70,strp/samus_aran__january_patreon_reward__by_prywinko_dcxne2l-250t.jpg 444w,https://images-wixmp-ed30a86b8c4ca887773594c2.wixmp.com/intermediary/f/cf296ba5-0d5a-4ac6-b534-9ad3df9de58f/dcxne2l-c230caa3-bca4-405a-8a2f-742143cce961.jpg/v1/fill/w_622,h_350,q_70,strp/samus_aran__january_patreon_reward__by_prywinko_dcxne2l-350t.jpg 622w,https://images-wixmp-ed30a86b8c4ca887773594c2.wixmp.com/intermediary/f/cf296ba5-0d5a-4ac6-b534-9ad3df9de58f/dcxne2l-c230caa3-bca4-405a-8a2f-742143cce961.jpg/v1/fill/w_711,h_400,q_70,strp/samus_aran__january_patreon_reward__by_prywinko_dcxne2l-400t.jpg 711w,https://images-wixmp-ed30a86b8c4ca887773594c2.wixmp.com/intermediary/f/cf296ba5-0d5a-4ac6-b534-9ad3df9de58f/dcxne2l-c230caa3-bca4-405a-8a2f-742143cce961.jpg/v1/fill/w_1192,h_670,q_70,strp/samus_aran__january_patreon_reward__by_prywinko_dcxne2l-pre.jpg 1192w&quot; sizes=&quot;150px&quot;&gt;&lt;/a&gt;&lt;/span&gt;&lt;!-- ^TTT --&gt;&lt;!-- TTT$ --&gt;&lt;/span&gt;&lt;span class=&quot;shadow-holder&quot; data-embed-type=&quot;deviation&quot; data-embed-id=&quot;780690330&quot; data-embed-format=&quot;thumb&quot;&gt;&lt;span class=&quot;shadow mild&quot; &gt;&lt;a class=&quot;thumb ismature&quot; href=&quot;https://www.deviantart.com/prywinko/art/Heilog-780690330&quot; title=&quot;Heilog by Prywinko, Jan 11, 2019 in Digital Art &amp;gt; Drawings &amp;amp; Paintings &amp;gt; Fantasy&quot;data-super-img=&quot;https://images-wixmp-ed30a86b8c4ca887773594c2.wixmp.com/intermediary/f/cf296ba5-0d5a-4ac6-b534-9ad3df9de58f/dcwswii-4bf59406-33f3-46cf-a8c4-ae82f1e72ee7.jpg/v1/fill/w_752,h_1063,q_70,strp/heilog_by_prywinko_dcwswii-pre.jpg&quot; data-super-width=&quot;752&quot; data-super-height=&quot;1063&quot; data-super-transparent=&quot;false&quot; data-super-alt=&quot;Heilog by Prywinko&quot; data-super-full-img=&quot;https://images-wixmp-ed30a86b8c4ca887773594c2.wixmp.com/intermediary/f/cf296ba5-0d5a-4ac6-b534-9ad3df9de58f/dcwswii-4bf59406-33f3-46cf-a8c4-ae82f1e72ee7.jpg&quot; data-super-full-width=&quot;1061&quot; data-super-full-height=&quot;1500&quot;        data-sigil=&quot;thumb&quot;&gt;
                &lt;div class=&quot;thumb_agegate&quot;&gt;
            &lt;div class=&quot;agegate&quot;&gt;
                &lt;div class=&quot;nogo icon-blocked&quot;&gt;&lt;/div&gt;
                &lt;h1&gt;Mature Content&lt;/h1&gt;
            &lt;/div&gt;
        &lt;/div&gt;
        &lt;i&gt;&lt;/i&gt;&lt;img   width=&quot;106&quot; height=&quot;150&quot; alt=&quot;Heilog by Prywinko&quot; src=&quot;https://images-wixmp-ed30a86b8c4ca887773594c2.wixmp.com/intermediary/f/cf296ba5-0d5a-4ac6-b534-9ad3df9de58f/dcwswii-4bf59406-33f3-46cf-a8c4-ae82f1e72ee7.jpg/v1/fit/w_150,h_150,q_70,strp/heilog_by_prywinko_dcwswii-150.jpg&quot; data-src=&quot;https://images-wixmp-ed30a86b8c4ca887773594c2.wixmp.com/intermediary/f/cf296ba5-0d5a-4ac6-b534-9ad3df9de58f/dcwswii-4bf59406-33f3-46cf-a8c4-ae82f1e72ee7.jpg/v1/fit/w_150,h_150,q_70,strp/heilog_by_prywinko_dcwswii-150.jpg&quot; srcset=&quot;https://images-wixmp-ed30a86b8c4ca887773594c2.wixmp.com/intermediary/f/cf296ba5-0d5a-4ac6-b534-9ad3df9de58f/dcwswii-4bf59406-33f3-46cf-a8c4-ae82f1e72ee7.jpg/v1/fit/w_150,h_150,q_70,strp/heilog_by_prywinko_dcwswii-150.jpg 106w,https://images-wixmp-ed30a86b8c4ca887773594c2.wixmp.com/intermediary/f/cf296ba5-0d5a-4ac6-b534-9ad3df9de58f/dcwswii-4bf59406-33f3-46cf-a8c4-ae82f1e72ee7.jpg/v1/fill/w_177,h_250,q_70,strp/heilog_by_prywinko_dcwswii-250t.jpg 177w,https://images-wixmp-ed30a86b8c4ca887773594c2.wixmp.com/intermediary/f/cf296ba5-0d5a-4ac6-b534-9ad3df9de58f/dcwswii-4bf59406-33f3-46cf-a8c4-ae82f1e72ee7.jpg/v1/crop/w_248,h_350,x_0,y_0,scl_0.23374175306315,q_70,strp/heilog_by_prywinko_dcwswii-350t.jpg 248w,https://images-wixmp-ed30a86b8c4ca887773594c2.wixmp.com/intermediary/f/cf296ba5-0d5a-4ac6-b534-9ad3df9de58f/dcwswii-4bf59406-33f3-46cf-a8c4-ae82f1e72ee7.jpg/v1/fill/w_283,h_400,q_70,strp/heilog_by_prywinko_dcwswii-400t.jpg 283w,https://images-wixmp-ed30a86b8c4ca887773594c2.wixmp.com/intermediary/f/cf296ba5-0d5a-4ac6-b534-9ad3df9de58f/dcwswii-4bf59406-33f3-46cf-a8c4-ae82f1e72ee7.jpg/v1/fill/w_752,h_1063,q_70,strp/heilog_by_prywinko_dcwswii-pre.jpg 752w&quot; sizes=&quot;106px&quot;&gt;&lt;/a&gt;&lt;/span&gt;&lt;!-- ^TTT --&gt;&lt;!-- TTT$ --&gt;&lt;/span&gt;&lt;span class=&quot;shadow-holder&quot; data-embed-type=&quot;deviation&quot; data-embed-id=&quot;783339290&quot; data-embed-format=&quot;thumb&quot;&gt;&lt;span class=&quot;shadow mild&quot; &gt;&lt;a class=&quot;thumb&quot; href=&quot;https://www.deviantart.com/prywinko/art/Request-winner-Harley-Quinn-Last-day-to-enter-783339290&quot; title=&quot;(Request winner) Harley Quinn (Last day to enter!) by Prywinko, Jan 30, 2019 in Fan Art &amp;gt; Manga &amp;amp; Anime &amp;gt; Digital &amp;gt; Books &amp;amp; Novels&quot;data-super-img=&quot;https://images-wixmp-ed30a86b8c4ca887773594c2.wixmp.com/intermediary/f/cf296ba5-0d5a-4ac6-b534-9ad3df9de58f/dcydogq-bb91bfbd-0819-42f0-a7d4-1e5a02d42b4a.jpg/v1/fill/w_730,h_1095,q_70,strp/_request_winner__harley_quinn__last_day_to_enter___by_prywinko_dcydogq-pre.jpg&quot; data-super-width=&quot;730&quot; data-super-height=&quot;1095&quot; data-super-transparent=&quot;false&quot; data-super-alt=&quot;(Request winner) Harley Quinn (Last day to enter!) by Prywinko&quot; data-super-full-img=&quot;https://images-wixmp-ed30a86b8c4ca887773594c2.wixmp.com/intermediary/f/cf296ba5-0d5a-4ac6-b534-9ad3df9de58f/dcydogq-bb91bfbd-0819-42f0-a7d4-1e5a02d42b4a.jpg&quot; data-super-full-width=&quot;1000&quot; data-super-full-height=&quot;1500&quot;        data-sigil=&quot;thumb&quot;&gt;
        &lt;i&gt;&lt;/i&gt;&lt;img   width=&quot;100&quot; height=&quot;150&quot; alt=&quot;(Request winner) Harley Quinn (Last day to enter!) by Prywinko&quot; src=&quot;https://images-wixmp-ed30a86b8c4ca887773594c2.wixmp.com/intermediary/f/cf296ba5-0d5a-4ac6-b534-9ad3df9de58f/dcydogq-bb91bfbd-0819-42f0-a7d4-1e5a02d42b4a.jpg/v1/fit/w_150,h_150,q_70,strp/_request_winner__harley_quinn__last_day_to_enter___by_prywinko_dcydogq-150.jpg&quot; data-src=&quot;https://images-wixmp-ed30a86b8c4ca887773594c2.wixmp.com/intermediary/f/cf296ba5-0d5a-4ac6-b534-9ad3df9de58f/dcydogq-bb91bfbd-0819-42f0-a7d4-1e5a02d42b4a.jpg/v1/fit/w_150,h_150,q_70,strp/_request_winner__harley_quinn__last_day_to_enter___by_prywinko_dcydogq-150.jpg&quot; srcset=&quot;https://images-wixmp-ed30a86b8c4ca887773594c2.wixmp.com/intermediary/f/cf296ba5-0d5a-4ac6-b534-9ad3df9de58f/dcydogq-bb91bfbd-0819-42f0-a7d4-1e5a02d42b4a.jpg/v1/fit/w_150,h_150,q_70,strp/_request_winner__harley_quinn__last_day_to_enter___by_prywinko_dcydogq-150.jpg 100w,https://images-wixmp-ed30a86b8c4ca887773594c2.wixmp.com/intermediary/f/cf296ba5-0d5a-4ac6-b534-9ad3df9de58f/dcydogq-bb91bfbd-0819-42f0-a7d4-1e5a02d42b4a.jpg/v1/crop/w_167,h_250,x_0,y_0,scl_0.167,q_70,strp/_request_winner__harley_quinn__last_day_to_enter___by_prywinko_dcydogq-250t.jpg 167w,https://images-wixmp-ed30a86b8c4ca887773594c2.wixmp.com/intermediary/f/cf296ba5-0d5a-4ac6-b534-9ad3df9de58f/dcydogq-bb91bfbd-0819-42f0-a7d4-1e5a02d42b4a.jpg/v1/fill/w_233,h_350,q_70,strp/_request_winner__harley_quinn__last_day_to_enter___by_prywinko_dcydogq-350t.jpg 233w,https://images-wixmp-ed30a86b8c4ca887773594c2.wixmp.com/intermediary/f/cf296ba5-0d5a-4ac6-b534-9ad3df9de58f/dcydogq-bb91bfbd-0819-42f0-a7d4-1e5a02d42b4a.jpg/v1/crop/w_267,h_400,x_0,y_0,scl_0.267,q_70,strp/_request_winner__harley_quinn__last_day_to_enter___by_prywinko_dcydogq-400t.jpg 267w,https://images-wixmp-ed30a86b8c4ca887773594c2.wixmp.com/intermediary/f/cf296ba5-0d5a-4ac6-b534-9ad3df9de58f/dcydogq-bb91bfbd-0819-42f0-a7d4-1e5a02d42b4a.jpg/v1/fill/w_730,h_1095,q_70,strp/_request_winner__harley_quinn__last_day_to_enter___by_prywinko_dcydogq-pre.jpg 730w&quot; sizes=&quot;100px&quot;&gt;&lt;/a&gt;&lt;/span&gt;&lt;!-- ^TTT --&gt;&lt;!-- TTT$ --&gt;&lt;/span&gt;&lt;span class=&quot;shadow-holder&quot; data-embed-type=&quot;deviation&quot; data-embed-id=&quot;782679148&quot; data-embed-format=&quot;thumb&quot;&gt;&lt;span class=&quot;shadow mild&quot; &gt;&lt;a class=&quot;thumb&quot; href=&quot;https://www.deviantart.com/prywinko/art/Albedo-January-Patreon-Reward-782679148&quot; title=&quot;Albedo (January Patreon Reward) by Prywinko, Jan 25, 2019 in Fan Art &amp;gt; Manga &amp;amp; Anime &amp;gt; Digital &amp;gt; Movies &amp;amp; TV&quot;data-super-img=&quot;https://images-wixmp-ed30a86b8c4ca887773594c2.wixmp.com/intermediary/f/cf296ba5-0d5a-4ac6-b534-9ad3df9de58f/dcxzj3g-98112018-01b8-4030-9f57-c58734caa598.jpg/v1/fill/w_730,h_1095,q_70,strp/albedo__january_patreon_reward__by_prywinko_dcxzj3g-pre.jpg&quot; data-super-width=&quot;730&quot; data-super-height=&quot;1095&quot; data-super-transparent=&quot;false&quot; data-super-alt=&quot;Albedo (January Patreon Reward) by Prywinko&quot; data-super-full-img=&quot;https://images-wixmp-ed30a86b8c4ca887773594c2.wixmp.com/intermediary/f/cf296ba5-0d5a-4ac6-b534-9ad3df9de58f/dcxzj3g-98112018-01b8-4030-9f57-c58734caa598.jpg&quot; data-super-full-width=&quot;1000&quot; data-super-full-height=&quot;1500&quot;        data-sigil=&quot;thumb&quot;&gt;
        &lt;i&gt;&lt;/i&gt;&lt;img   width=&quot;100&quot; height=&quot;150&quot; alt=&quot;Albedo (January Patreon Reward) by Prywinko&quot; src=&quot;https://images-wixmp-ed30a86b8c4ca887773594c2.wixmp.com/intermediary/f/cf296ba5-0d5a-4ac6-b534-9ad3df9de58f/dcxzj3g-98112018-01b8-4030-9f57-c58734caa598.jpg/v1/fit/w_150,h_150,q_70,strp/albedo__january_patreon_reward__by_prywinko_dcxzj3g-150.jpg&quot; data-src=&quot;https://images-wixmp-ed30a86b8c4ca887773594c2.wixmp.com/intermediary/f/cf296ba5-0d5a-4ac6-b534-9ad3df9de58f/dcxzj3g-98112018-01b8-4030-9f57-c58734caa598.jpg/v1/fit/w_150,h_150,q_70,strp/albedo__january_patreon_reward__by_prywinko_dcxzj3g-150.jpg&quot; srcset=&quot;https://images-wixmp-ed30a86b8c4ca887773594c2.wixmp.com/intermediary/f/cf296ba5-0d5a-4ac6-b534-9ad3df9de58f/dcxzj3g-98112018-01b8-4030-9f57-c58734caa598.jpg/v1/fit/w_150,h_150,q_70,strp/albedo__january_patreon_reward__by_prywinko_dcxzj3g-150.jpg 100w,https://images-wixmp-ed30a86b8c4ca887773594c2.wixmp.com/intermediary/f/cf296ba5-0d5a-4ac6-b534-9ad3df9de58f/dcxzj3g-98112018-01b8-4030-9f57-c58734caa598.jpg/v1/crop/w_167,h_250,x_0,y_0,scl_0.167,q_70,strp/albedo__january_patreon_reward__by_prywinko_dcxzj3g-250t.jpg 167w,https://images-wixmp-ed30a86b8c4ca887773594c2.wixmp.com/intermediary/f/cf296ba5-0d5a-4ac6-b534-9ad3df9de58f/dcxzj3g-98112018-01b8-4030-9f57-c58734caa598.jpg/v1/fill/w_233,h_350,q_70,strp/albedo__january_patreon_reward__by_prywinko_dcxzj3g-350t.jpg 233w,https://images-wixmp-ed30a86b8c4ca887773594c2.wixmp.com/intermediary/f/cf296ba5-0d5a-4ac6-b534-9ad3df9de58f/dcxzj3g-98112018-01b8-4030-9f57-c58734caa598.jpg/v1/crop/w_267,h_400,x_0,y_0,scl_0.267,q_70,strp/albedo__january_patreon_reward__by_prywinko_dcxzj3g-400t.jpg 267w,https://images-wixmp-ed30a86b8c4ca887773594c2.wixmp.com/intermediary/f/cf296ba5-0d5a-4ac6-b534-9ad3df9de58f/dcxzj3g-98112018-01b8-4030-9f57-c58734caa598.jpg/v1/fill/w_730,h_1095,q_70,strp/albedo__january_patreon_reward__by_prywinko_dcxzj3g-pre.jpg 730w&quot; sizes=&quot;100px&quot;&gt;&lt;/a&gt;&lt;/span&gt;&lt;!-- ^TTT --&gt;&lt;!-- TTT$ --&gt;&lt;/span&gt;&lt;span class=&quot;shadow-holder&quot; data-embed-type=&quot;deviation&quot; data-embed-id=&quot;785929357&quot; data-embed-format=&quot;thumb&quot;&gt;&lt;span class=&quot;shadow mild&quot; &gt;&lt;a class=&quot;thumb ismature&quot; href=&quot;https://www.deviantart.com/prywinko/art/Sword-Maiden-785929357&quot; title=&quot;Sword Maiden by Prywinko, Feb 17, 2019 in Fan Art &amp;gt; Manga &amp;amp; Anime &amp;gt; Digital &amp;gt; Movies &amp;amp; TV&quot;data-super-img=&quot;https://images-wixmp-ed30a86b8c4ca887773594c2.wixmp.com/intermediary/f/cf296ba5-0d5a-4ac6-b534-9ad3df9de58f/dczx6z1-cfc0e769-8c4f-4469-a51a-1a8a4fc2371b.jpg&quot; data-super-width=&quot;669&quot; data-super-height=&quot;1000&quot; data-super-transparent=&quot;false&quot; data-super-alt=&quot;Sword Maiden by Prywinko&quot; data-super-full-img=&quot;https://images-wixmp-ed30a86b8c4ca887773594c2.wixmp.com/intermediary/f/cf296ba5-0d5a-4ac6-b534-9ad3df9de58f/dczx6z1-cfc0e769-8c4f-4469-a51a-1a8a4fc2371b.jpg&quot; data-super-full-width=&quot;669&quot; data-super-full-height=&quot;1000&quot;        data-sigil=&quot;thumb&quot;&gt;
                &lt;div class=&quot;thumb_agegate&quot;&gt;
            &lt;div class=&quot;agegate&quot;&gt;
                &lt;div class=&quot;nogo icon-blocked&quot;&gt;&lt;/div&gt;
                &lt;h1&gt;Mature Content&lt;/h1&gt;
            &lt;/div&gt;
        &lt;/div&gt;
        &lt;i&gt;&lt;/i&gt;&lt;img   width=&quot;100&quot; height=&quot;150&quot; alt=&quot;Sword Maiden by Prywinko&quot; src=&quot;https://images-wixmp-ed30a86b8c4ca887773594c2.wixmp.com/intermediary/f/cf296ba5-0d5a-4ac6-b534-9ad3df9de58f/dczx6z1-cfc0e769-8c4f-4469-a51a-1a8a4fc2371b.jpg/v1/fit/w_150,h_150,q_70,strp/sword_maiden_by_prywinko_dczx6z1-150.jpg&quot; data-src=&quot;https://images-wixmp-ed30a86b8c4ca887773594c2.wixmp.com/intermediary/f/cf296ba5-0d5a-4ac6-b534-9ad3df9de58f/dczx6z1-cfc0e769-8c4f-4469-a51a-1a8a4fc2371b.jpg/v1/fit/w_150,h_150,q_70,strp/sword_maiden_by_prywinko_dczx6z1-150.jpg&quot; srcset=&quot;https://images-wixmp-ed30a86b8c4ca887773594c2.wixmp.com/intermediary/f/cf296ba5-0d5a-4ac6-b534-9ad3df9de58f/dczx6z1-cfc0e769-8c4f-4469-a51a-1a8a4fc2371b.jpg/v1/fit/w_150,h_150,q_70,strp/sword_maiden_by_prywinko_dczx6z1-150.jpg 100w,https://images-wixmp-ed30a86b8c4ca887773594c2.wixmp.com/intermediary/f/cf296ba5-0d5a-4ac6-b534-9ad3df9de58f/dczx6z1-cfc0e769-8c4f-4469-a51a-1a8a4fc2371b.jpg/v1/fill/w_167,h_250,q_70,strp/sword_maiden_by_prywinko_dczx6z1-250t.jpg 167w,https://images-wixmp-ed30a86b8c4ca887773594c2.wixmp.com/intermediary/f/cf296ba5-0d5a-4ac6-b534-9ad3df9de58f/dczx6z1-cfc0e769-8c4f-4469-a51a-1a8a4fc2371b.jpg/v1/fill/w_234,h_350,q_70,strp/sword_maiden_by_prywinko_dczx6z1-350t.jpg 234w,https://images-wixmp-ed30a86b8c4ca887773594c2.wixmp.com/intermediary/f/cf296ba5-0d5a-4ac6-b534-9ad3df9de58f/dczx6z1-cfc0e769-8c4f-4469-a51a-1a8a4fc2371b.jpg/v1/crop/w_268,h_400,x_0,y_0,scl_0.40059790732436,q_70,strp/sword_maiden_by_prywinko_dczx6z1-400t.jpg 268w,https://images-wixmp-ed30a86b8c4ca887773594c2.wixmp.com/intermediary/f/cf296ba5-0d5a-4ac6-b534-9ad3df9de58f/dczx6z1-cfc0e769-8c4f-4469-a51a-1a8a4fc2371b.jpg 669w&quot; sizes=&quot;100px&quot;&gt;&lt;/a&gt;&lt;/span&gt;&lt;!-- ^TTT --&gt;&lt;!-- TTT$ --&gt;&lt;/span&gt;&lt;br /&gt;&lt;/b&gt;&lt;br /&gt;&lt;div align=&quot;left&quot;&gt;Use reference, textures, magic&lt;a href=&quot;https://www.deviantart.com/jerikuto/art/SpongeBob-Magic-Love-431218163&quot; class=&quot;emoticon&quot; data-embed-type=&quot;emoticon&quot; data-embed-id=&quot;431218163&quot; data-embed-profile=&quot;deviation&quot;&gt;&lt;img src=&quot;https://orig00.deviantart.net/928b/f/2014/032/1/8/spongebob__magic_love__by_jerikuto-d74qi2b.gif&quot; alt=&quot;SpongeBob (Magic Love)&quot; style=&quot;width:50px;height:50px&quot;&gt;&lt;/a&gt;&amp;nbsp;(leather texture,&amp;nbsp;pendant, lance)&lt;/div&gt;&lt;/div&gt;&lt;br /&gt;&lt;div&gt;&lt;img src=&quot;https://t00.deviantart.net/mQKjxADYZF3L-f3MtwlPxhYfweI=/300x200/filters:fixed_height(100,100):origin()/pre00/015f/th/pre/f/2019/050/7/4/kassandra_wallpaper_by_prywinko-dd05va4.jpg&quot; alt=&quot;thumbnail&quot; /&gt;&lt;/div&gt;</description>            </item>
                    <item>
                <title>TOYHOUSE CODES / toyhou.se invite / toy house code</title>
                <link>https://my-little-p0ny.deviantart.com/journal/TOYHOUSE-CODES-toyhou-se-invite-toy-house-code-786304524</link>
                <guid isPermaLink="true">https://my-little-p0ny.deviantart.com/journal/TOYHOUSE-CODES-toyhou-se-invite-toy-house-code-786304524</guid>
                <pubDate>Tue, 19 Feb 2019 02:34:02 PST</pubDate>
                        <media:title type="plain">TOYHOUSE CODES / toyhou.se invite / toy house code</media:title>
        <media:keywords></media:keywords>
                        <media:rating>nonadult</media:rating>
                <media:category label="Personal">journals/personal</media:category>
        <media:credit role="author" scheme="urn:ebu">MY-LITTLE-P0NY</media:credit>
        <media:credit role="author" scheme="urn:ebu">https://a.deviantart.net/avatars/m/y/my-little-p0ny.png?2</media:credit>
        <media:copyright url="https://my-little-p0ny.deviantart.com">Copyright 2019 MY-LITTLE-P0NY</media:copyright>            <media:description type="html"></media:description>        

        <media:content url="https://my-little-p0ny.deviantart.com/journal/TOYHOUSE-CODES-toyhou-se-invite-toy-house-code-786304524" medium="document" />
        <media:text type="html">:icontheunseen-tplz: :icontheunseen-oplz: :icontheunseen-yplz: &lt;br /&gt;:icontheunseen-hplz: :icontheunseen-oplz: :icontheunseen-uplz: :icontheunseen-splz: :icontheunseen-eplz:&lt;br /&gt;:icontheunseen-cplz: :icontheunseen-oplz: :icontheunseen-dplz: :icontheunseen-eplz: :icontheunseen-splz:&lt;br /&gt;&lt;br /&gt;I have a lot of Toyhouse codes for sale!&lt;br /&gt;Price is 300 points for one code!&lt;br /&gt;&lt;br /&gt;If you want to get a code, please do this:&lt;br /&gt;&amp;#10084;&amp;#65039;&amp;#8205; &amp;#10148; Send me 300 points via donation widget on my page&lt;br /&gt;&lt;br /&gt;&amp;#10084;&amp;#65039;&amp;#8205; &amp;#10148; Include a message in your donation:&lt;br /&gt;&lt;br /&gt;&quot;FOR TOYHOUSE CODE&quot;&amp;#10084;&amp;#65039;&amp;#8205; &amp;#10148; I&#039;ll send you a code via note after getting yo</media:text>            
            <description></description>            </item>
                    <item>
                <title>#1649 Abstract BB - Zodiac Libra</title>
                <link>https://griffsnuff.deviantart.com/art/1649-Abstract-BB-Zodiac-Libra-786230181</link>
                <guid isPermaLink="true">https://griffsnuff.deviantart.com/art/1649-Abstract-BB-Zodiac-Libra-786230181</guid>
                <pubDate>Mon, 18 Feb 2019 13:49:04 PST</pubDate>
                        <media:title type="plain">#1649 Abstract BB - Zodiac Libra</media:title>
        <media:keywords></media:keywords>
                        <media:rating>nonadult</media:rating>
                <media:category label="Other">digitalart/paintings/other</media:category>
        <media:credit role="author" scheme="urn:ebu">griffsnuff</media:credit>
        <media:credit role="author" scheme="urn:ebu">https://a.deviantart.net/avatars/g/r/griffsnuff.gif?12</media:credit>
        <media:copyright url="https://griffsnuff.deviantart.com">Copyright 2019 griffsnuff</media:copyright>            <media:description type="html">&lt;img src=&quot;https://e.deviantart.net/emoticons/l/la.gif&quot; alt=&quot;La la la la&quot; style=&quot;width: 19px; height: 19px;&quot; data-embed-type=&quot;emoticon&quot; data-embed-id=&quot;577&quot;&gt;&lt;span&gt;&amp;nbsp;Doing the Zodiacs in Titan form!&amp;nbsp;&lt;/span&gt;&lt;br /&gt;&lt;br /&gt;&lt;b&gt;Rules for&amp;nbsp;flatsales&lt;/b&gt;&lt;br /&gt;&lt;img src=&quot;https://e.deviantart.net/emoticons/b/bulletgreen.gif&quot; alt=&quot;Bullet; Green&quot; style=&quot;width: 10px; height: 10px;&quot; data-embed-type=&quot;emoticon&quot; data-embed-id=&quot;209&quot;&gt;&lt;span&gt;&amp;nbsp;Paypal only!&lt;/span&gt;&lt;br /&gt;&lt;img src=&quot;https://e.deviantart.net/emoticons/b/bulletred.gif&quot; alt=&quot;Bullet; Red&quot; style=&quot;width: 10px; height: 10px;&quot; data-embed-type=&quot;emoticon&quot; data-embed-id=&quot;210&quot;&gt;&lt;span&gt;&amp;nbsp;First come first serve&lt;/span&gt;&lt;br /&gt;&lt;img src=&quot;https://e.deviantart.net/emoticons/b/bulletred.gif&quot; alt=&quot;Bullet; Red&quot; style=&quot;width: 10px; height: 10px;&quot; data-embed-type=&quot;emoticon&quot; data-embed-id=&quot;210&quot;&gt;&lt;span&gt;&amp;nbsp;Do not claim unless you have the full amount asked for.&lt;/span&gt;&lt;br /&gt;&lt;img src=&quot;https://e.deviantart.net/emoticons/b/bulletred.gif&quot; alt=&quot;Bullet; Red&quot; style=&quot;width: 10px; height: 10px;&quot; data-embed-type=&quot;emoticon&quot; data-embed-id=&quot;210&quot;&gt;&lt;span&gt;&amp;nbsp;Payment due after claiming it or it will be resold.&lt;/span&gt;&lt;br /&gt;&lt;br /&gt;&lt;b&gt;$200 PAID&lt;/b&gt;&lt;br /&gt;&lt;br /&gt;&lt;b&gt;Information&lt;/b&gt;&lt;br /&gt;&lt;span&gt;Griffian: Bagbean ( Titan form)&lt;/span&gt;&lt;br /&gt;&lt;span&gt;Subtype: Abstract&lt;/span&gt;&lt;br /&gt;&lt;span&gt;Status: Charmed, Blessed&lt;/span&gt;&lt;br /&gt;&lt;span&gt;Mutations: Glow&amp;nbsp; - Double limb, Soulsick, Zip limb&lt;/span&gt;&lt;br /&gt;&lt;span&gt;Owner:&amp;nbsp;&lt;/span&gt;&lt;a href=&quot;https://www.deviantart.com/cluttercluster&quot;&gt;ClutterCluster&lt;/a&gt;&lt;span&gt;&lt;/span&gt;</media:description>            <media:thumbnail url="https://t00.deviantart.net/avI7-0j5oeaHozxIJxDDoWDjd_U=/fit-in/150x150/filters:no_upscale():origin()/pre00/86c7/th/pre/f/2019/049/e/e/libra_by_griffsnuff-dd03n39.png" height="94" width="150"/>            <media:thumbnail url="https://t00.deviantart.net/H9S3kSo07IHZJ45sYGm5CWcgbDc=/fit-in/300x900/filters:no_upscale():origin()/pre00/86c7/th/pre/f/2019/049/e/e/libra_by_griffsnuff-dd03n39.png" height="187" width="300"/>            <media:thumbnail url="https://t00.deviantart.net/YZpNhYFbvXSSBI4JEhhPxgf_PBM=/300x200/filters:fixed_height(100,100):origin()/pre00/86c7/th/pre/f/2019/049/e/e/libra_by_griffsnuff-dd03n39.png" height="187" width="300"/>            <media:content url="https://pre00.deviantart.net/86c7/th/pre/f/2019/049/e/e/libra_by_griffsnuff-dd03n39.png" height="706" width="1132" medium="image"/>            
            <description>&lt;img src=&quot;https://e.deviantart.net/emoticons/l/la.gif&quot; alt=&quot;La la la la&quot; style=&quot;width: 19px; height: 19px;&quot; data-embed-type=&quot;emoticon&quot; data-embed-id=&quot;577&quot;&gt;&lt;span&gt;&amp;nbsp;Doing the Zodiacs in Titan form!&amp;nbsp;&lt;/span&gt;&lt;br /&gt;&lt;br /&gt;&lt;b&gt;Rules for&amp;nbsp;flatsales&lt;/b&gt;&lt;br /&gt;&lt;img src=&quot;https://e.deviantart.net/emoticons/b/bulletgreen.gif&quot; alt=&quot;Bullet; Green&quot; style=&quot;width: 10px; height: 10px;&quot; data-embed-type=&quot;emoticon&quot; data-embed-id=&quot;209&quot;&gt;&lt;span&gt;&amp;nbsp;Paypal only!&lt;/span&gt;&lt;br /&gt;&lt;img src=&quot;https://e.deviantart.net/emoticons/b/bulletred.gif&quot; alt=&quot;Bullet; Red&quot; style=&quot;width: 10px; height: 10px;&quot; data-embed-type=&quot;emoticon&quot; data-embed-id=&quot;210&quot;&gt;&lt;span&gt;&amp;nbsp;First come first serve&lt;/span&gt;&lt;br /&gt;&lt;img src=&quot;https://e.deviantart.net/emoticons/b/bulletred.gif&quot; alt=&quot;Bullet; Red&quot; style=&quot;width: 10px; height: 10px;&quot; data-embed-type=&quot;emoticon&quot; data-embed-id=&quot;210&quot;&gt;&lt;span&gt;&amp;nbsp;Do not claim unless you have the full amount asked for.&lt;/span&gt;&lt;br /&gt;&lt;img src=&quot;https://e.deviantart.net/emoticons/b/bulletred.gif&quot; alt=&quot;Bullet; Red&quot; style=&quot;width: 10px; height: 10px;&quot; data-embed-type=&quot;emoticon&quot; data-embed-id=&quot;210&quot;&gt;&lt;span&gt;&amp;nbsp;Payment due after claiming it or it will be resold.&lt;/span&gt;&lt;br /&gt;&lt;br /&gt;&lt;b&gt;$200 PAID&lt;/b&gt;&lt;br /&gt;&lt;br /&gt;&lt;b&gt;Information&lt;/b&gt;&lt;br /&gt;&lt;span&gt;Griffian: Bagbean ( Titan form)&lt;/span&gt;&lt;br /&gt;&lt;span&gt;Subtype: Abstract&lt;/span&gt;&lt;br /&gt;&lt;span&gt;Status: Charmed, Blessed&lt;/span&gt;&lt;br /&gt;&lt;span&gt;Mutations: Glow&amp;nbsp; - Double limb, Soulsick, Zip limb&lt;/span&gt;&lt;br /&gt;&lt;span&gt;Owner:&amp;nbsp;&lt;/span&gt;&lt;a href=&quot;https://www.deviantart.com/cluttercluster&quot;&gt;ClutterCluster&lt;/a&gt;&lt;span&gt;&lt;/span&gt;&lt;br /&gt;&lt;div&gt;&lt;img src=&quot;https://t00.deviantart.net/YZpNhYFbvXSSBI4JEhhPxgf_PBM=/300x200/filters:fixed_height(100,100):origin()/pre00/86c7/th/pre/f/2019/049/e/e/libra_by_griffsnuff-dd03n39.png&quot; alt=&quot;thumbnail&quot; /&gt;&lt;/div&gt;</description>            </item>
                    <item>
                <title>[MMD DL]Fantasy Tree Stage</title>
                <link>https://unluckycandyfox.deviantart.com/art/MMD-DL-Fantasy-Tree-Stage-786266293</link>
                <guid isPermaLink="true">https://unluckycandyfox.deviantart.com/art/MMD-DL-Fantasy-Tree-Stage-786266293</guid>
                <pubDate>Mon, 18 Feb 2019 18:29:07 PST</pubDate>
                        <media:title type="plain">[MMD DL]Fantasy Tree Stage</media:title>
        <media:keywords></media:keywords>
                        <media:rating>nonadult</media:rating>
                <media:category label="3D Models">resources/3dmodels</media:category>
        <media:credit role="author" scheme="urn:ebu">UnluckyCandyFox</media:credit>
        <media:credit role="author" scheme="urn:ebu">https://a.deviantart.net/avatars/u/n/unluckycandyfox.png?11</media:credit>
        <media:copyright url="https://unluckycandyfox.deviantart.com">Copyright 2019 UnluckyCandyFox</media:copyright>            <media:description type="html">&lt;span&gt;&amp;#9830; RULES &amp;#9830;&amp;nbsp;&lt;/span&gt;&lt;br /&gt;&lt;span&gt;Redistribute - &amp;#10008;&lt;/span&gt;&lt;br /&gt;&lt;span&gt;Selling - &amp;#10008;&lt;br /&gt;&lt;/span&gt;other allow /maybe/&lt;br /&gt;&lt;br /&gt;&lt;span&gt;&amp;#9830; CREDIT &amp;#9830;&amp;nbsp;&lt;/span&gt;&lt;br /&gt;&lt;br /&gt;&lt;span&gt;3claws&lt;/span&gt;&lt;br /&gt;&lt;br /&gt;&lt;span&gt;&amp;#9830; SOURCE &amp;#9830;&amp;nbsp;&lt;/span&gt;&lt;br /&gt;&lt;br /&gt;&lt;span&gt;DanceOn game rip&lt;/span&gt;&lt;br /&gt;&lt;br /&gt;&lt;span&gt;&amp;#9830; OTHER &amp;#9830;&lt;/span&gt;&lt;br /&gt;nothing...</media:description>            <media:thumbnail url="https://t00.deviantart.net/1VMU8NlPz6LARtTgu-dfaT3dy44=/fit-in/150x150/filters:no_upscale():origin()/pre00/6e8f/th/pre/i/2019/049/f/7/_mmd_dl_fantasy_tree_stage_by_unluckycandyfox-dd04eyd.png" height="82" width="150"/>            <media:thumbnail url="https://t00.deviantart.net/GpYyG05yYaK1tymMVuQKZ_lF1IA=/fit-in/300x900/filters:no_upscale():origin()/pre00/6e8f/th/pre/i/2019/049/f/7/_mmd_dl_fantasy_tree_stage_by_unluckycandyfox-dd04eyd.png" height="164" width="300"/>            <media:thumbnail url="https://t00.deviantart.net/k5Nb40ZLqYWQpNInrL7hYDamXmU=/300x200/filters:fixed_height(100,100):origin()/pre00/6e8f/th/pre/i/2019/049/f/7/_mmd_dl_fantasy_tree_stage_by_unluckycandyfox-dd04eyd.png" height="164" width="300"/>            <media:content url="https://img00.deviantart.net/f7ad/i/2019/049/f/7/_mmd_dl_fantasy_tree_stage_by_unluckycandyfox-dd04eyd.png" height="1400" width="2560"/>            
            <description>&lt;span&gt;&amp;#9830; RULES &amp;#9830;&amp;nbsp;&lt;/span&gt;&lt;br /&gt;&lt;span&gt;Redistribute - &amp;#10008;&lt;/span&gt;&lt;br /&gt;&lt;span&gt;Selling - &amp;#10008;&lt;br /&gt;&lt;/span&gt;other allow /maybe/&lt;br /&gt;&lt;br /&gt;&lt;span&gt;&amp;#9830; CREDIT &amp;#9830;&amp;nbsp;&lt;/span&gt;&lt;br /&gt;&lt;br /&gt;&lt;span&gt;3claws&lt;/span&gt;&lt;br /&gt;&lt;br /&gt;&lt;span&gt;&amp;#9830; SOURCE &amp;#9830;&amp;nbsp;&lt;/span&gt;&lt;br /&gt;&lt;br /&gt;&lt;span&gt;DanceOn game rip&lt;/span&gt;&lt;br /&gt;&lt;br /&gt;&lt;span&gt;&amp;#9830; OTHER &amp;#9830;&lt;/span&gt;&lt;br /&gt;nothing...&lt;br /&gt;&lt;div&gt;&lt;img src=&quot;https://img00.deviantart.net/f7ad/i/2019/049/f/7/_mmd_dl_fantasy_tree_stage_by_unluckycandyfox-dd04eyd.png&quot; alt=&quot;thumbnail&quot; /&gt;&lt;/div&gt;</description>            </item>
                    <item>
                <title>The Magic Woman</title>
                <link>https://artofdanphotography.deviantart.com/art/The-Magic-Woman-786223681</link>
                <guid isPermaLink="true">https://artofdanphotography.deviantart.com/art/The-Magic-Woman-786223681</guid>
                <pubDate>Mon, 18 Feb 2019 13:01:32 PST</pubDate>
                        <media:title type="plain">The Magic Woman</media:title>
        <media:keywords></media:keywords>
                        <media:rating>adult</media:rating>
                <media:category label="Artistic Nude">photography/people/nude</media:category>
        <media:credit role="author" scheme="urn:ebu">ArtofdanPhotography</media:credit>
        <media:credit role="author" scheme="urn:ebu">https://a.deviantart.net/avatars/a/r/artofdanphotography.jpg?4</media:credit>
        <media:copyright url="https://artofdanphotography.deviantart.com">Copyright 2019 ArtofdanPhotography</media:copyright>            <media:description type="html">&lt;div&gt;thank you - Katya Clover&lt;/div&gt;&lt;div&gt;&lt;br /&gt;&lt;/div&gt;&lt;div&gt;&lt;div&gt;&lt;div&gt;&lt;div&gt;&lt;span&gt;&lt;span&gt;&lt;a class=&quot;external&quot; href=&quot;https://www.deviantart.com/users/outgoing?https://artofdanworld.com/&quot;&gt;artofdanworld.com/&lt;/a&gt;&lt;/span&gt;&lt;/span&gt;&lt;/div&gt;&lt;/div&gt;&lt;/div&gt;&lt;/div&gt;</media:description>            <media:thumbnail url="https://t00.deviantart.net/ttZC-OLTLaLobSdFJnOefobh9KI=/fit-in/150x150/filters:no_upscale():origin()/pre00/400c/th/pre/i/2019/049/5/0/the_magic_woman_by_artofdanphotography-dd03i2p.jpg" height="100" width="150"/>            <media:thumbnail url="https://t00.deviantart.net/LbBrY1ohvoKBavgUlgl8r7YKsf4=/fit-in/300x900/filters:no_upscale():origin()/pre00/400c/th/pre/i/2019/049/5/0/the_magic_woman_by_artofdanphotography-dd03i2p.jpg" height="200" width="300"/>            <media:thumbnail url="https://t00.deviantart.net/dGwkvRxulBseaX1Cmm2GiWxLHlM=/300x200/filters:fixed_height(100,100):origin()/pre00/400c/th/pre/i/2019/049/5/0/the_magic_woman_by_artofdanphotography-dd03i2p.jpg" height="200" width="300"/>            <media:content url="https://img00.deviantart.net/5c25/i/2019/049/5/0/the_magic_woman_by_artofdanphotography-dd03i2p.jpg" height="683" width="1024" medium="image"/>            
            <description>&lt;div&gt;thank you - Katya Clover&lt;/div&gt;&lt;div&gt;&lt;br /&gt;&lt;/div&gt;&lt;div&gt;&lt;div&gt;&lt;div&gt;&lt;div&gt;&lt;span&gt;&lt;span&gt;&lt;a class=&quot;external&quot; href=&quot;https://www.deviantart.com/users/outgoing?https://artofdanworld.com/&quot;&gt;artofdanworld.com/&lt;/a&gt;&lt;/span&gt;&lt;/span&gt;&lt;/div&gt;&lt;/div&gt;&lt;/div&gt;&lt;/div&gt;&lt;br /&gt;&lt;div&gt;&lt;img src=&quot;https://t00.deviantart.net/dGwkvRxulBseaX1Cmm2GiWxLHlM=/300x200/filters:fixed_height(100,100):origin()/pre00/400c/th/pre/i/2019/049/5/0/the_magic_woman_by_artofdanphotography-dd03i2p.jpg&quot; alt=&quot;thumbnail&quot; /&gt;&lt;/div&gt;</description>            </item>
                    <item>
                <title>The Recruit- pg 417</title>
                <link>https://arualmeow.deviantart.com/art/The-Recruit-pg-417-786229475</link>
                <guid isPermaLink="true">https://arualmeow.deviantart.com/art/The-Recruit-pg-417-786229475</guid>
                <pubDate>Mon, 18 Feb 2019 13:45:54 PST</pubDate>
                        <media:title type="plain">The Recruit- pg 417</media:title>
        <media:keywords></media:keywords>
                        <media:rating>nonadult</media:rating>
                <media:category label="Pages">cartoons/digital/comics/pages</media:category>
        <media:credit role="author" scheme="urn:ebu">ArualMeow</media:credit>
        <media:credit role="author" scheme="urn:ebu">https://a.deviantart.net/avatars/a/r/arualmeow.png?10</media:credit>
        <media:copyright url="https://arualmeow.deviantart.com">Copyright 2019 ArualMeow</media:copyright>            <media:description type="html">&lt;span&gt;P&lt;/span&gt;&lt;span&gt;revious-&amp;nbsp; &lt;a href=&quot;https://www.deviantart.com/arualmeow/art/The-Recruit-pg-416-785623517&quot;&gt;The Recruit- pg 416&lt;/a&gt;&lt;br /&gt;&lt;/span&gt;&lt;br /&gt;&lt;span&gt;Next- February 21st! Or now on Patreon / Premium content&amp;nbsp;&amp;nbsp;&lt;a class=&quot;external&quot; href=&quot;https://www.deviantart.com/users/outgoing?https://www.patreon.com/ArualMeow&quot;&gt;www.patreon.com/ArualMeow&lt;/a&gt;&amp;nbsp;&lt;/span&gt;&lt;br /&gt;&lt;br /&gt;&lt;span&gt;First-&amp;nbsp;&lt;/span&gt;&lt;a href=&quot;https://hollymist.deviantart.com/art/CE-The-Recruit-379845260&quot;&gt;.:CE:. The Recruit&lt;/a&gt;&lt;br /&gt;&lt;br /&gt;&lt;span&gt;---&lt;/span&gt;&lt;br /&gt;&lt;br /&gt;&lt;span&gt;The Recruit discord-&amp;nbsp;&lt;/span&gt;&lt;a class=&quot;external&quot; href=&quot;https://www.deviantart.com/users/outgoing?https://discord.gg/DNNvsuS&quot;&gt;discord.gg/DNNvsuS&lt;/a&gt;&lt;span&gt;&amp;nbsp; &amp;nbsp;come join the party&amp;nbsp;&lt;img src=&quot;https://e.deviantart.net/emoticons/b/biggrin.gif&quot; alt=&quot;:D (Big Grin)&quot; style=&quot;width: 15px; height: 15px;&quot; data-embed-type=&quot;emoticon&quot; data-embed-id=&quot;366&quot;&gt;&lt;/span&gt;&lt;br /&gt;&lt;span&gt;--&amp;nbsp;&lt;br /&gt;&lt;br /&gt;(Premium content includes page 418, don&#039;t buy it if you&#039;re a patron!&amp;nbsp;&lt;img src=&quot;https://e.deviantart.net/emoticons/h/heart.gif&quot; alt=&quot;Heart&quot; style=&quot;width: 15px; height: 13px;&quot; data-embed-type=&quot;emoticon&quot; data-embed-id=&quot;357&quot;&gt;)&lt;br /&gt;&lt;br /&gt;--&lt;br /&gt;&lt;br /&gt;&lt;br /&gt;h e&lt;/span&gt;</media:description>            <media:thumbnail url="https://t00.deviantart.net/qqTngz2zrLnb2irItHySvw3W0wc=/fit-in/150x150/filters:no_upscale():origin()/pre00/5619/th/pre/f/2019/049/a/a/417_by_arualmeow-dd03mjn.png" height="150" width="98"/>            <media:thumbnail url="https://t00.deviantart.net/dVVf8b0l-XXxvSIbmJ7uq0SYQls=/fit-in/300x900/filters:no_upscale():origin()/pre00/5619/th/pre/f/2019/049/a/a/417_by_arualmeow-dd03mjn.png" height="458" width="300"/>            <media:thumbnail url="https://t00.deviantart.net/yeNWVJrnkKGNTuPiD1OJly6imdM=/300x200/filters:fixed_height(100,100):origin()/pre00/5619/th/pre/f/2019/049/a/a/417_by_arualmeow-dd03mjn.png" height="200" width="131"/>            <media:content url="https://pre00.deviantart.net/5619/th/pre/f/2019/049/a/a/417_by_arualmeow-dd03mjn.png" height="1104" width="724" medium="image"/>            
            <description>&lt;span&gt;P&lt;/span&gt;&lt;span&gt;revious-&amp;nbsp; &lt;a href=&quot;https://www.deviantart.com/arualmeow/art/The-Recruit-pg-416-785623517&quot;&gt;The Recruit- pg 416&lt;/a&gt;&lt;br /&gt;&lt;/span&gt;&lt;br /&gt;&lt;span&gt;Next- February 21st! Or now on Patreon / Premium content&amp;nbsp;&amp;nbsp;&lt;a class=&quot;external&quot; href=&quot;https://www.deviantart.com/users/outgoing?https://www.patreon.com/ArualMeow&quot;&gt;www.patreon.com/ArualMeow&lt;/a&gt;&amp;nbsp;&lt;/span&gt;&lt;br /&gt;&lt;br /&gt;&lt;span&gt;First-&amp;nbsp;&lt;/span&gt;&lt;a href=&quot;https://hollymist.deviantart.com/art/CE-The-Recruit-379845260&quot;&gt;.:CE:. The Recruit&lt;/a&gt;&lt;br /&gt;&lt;br /&gt;&lt;span&gt;---&lt;/span&gt;&lt;br /&gt;&lt;br /&gt;&lt;span&gt;The Recruit discord-&amp;nbsp;&lt;/span&gt;&lt;a class=&quot;external&quot; href=&quot;https://www.deviantart.com/users/outgoing?https://discord.gg/DNNvsuS&quot;&gt;discord.gg/DNNvsuS&lt;/a&gt;&lt;span&gt;&amp;nbsp; &amp;nbsp;come join the party&amp;nbsp;&lt;img src=&quot;https://e.deviantart.net/emoticons/b/biggrin.gif&quot; alt=&quot;:D (Big Grin)&quot; style=&quot;width: 15px; height: 15px;&quot; data-embed-type=&quot;emoticon&quot; data-embed-id=&quot;366&quot;&gt;&lt;/span&gt;&lt;br /&gt;&lt;span&gt;--&amp;nbsp;&lt;br /&gt;&lt;br /&gt;(Premium content includes page 418, don&#039;t buy it if you&#039;re a patron!&amp;nbsp;&lt;img src=&quot;https://e.deviantart.net/emoticons/h/heart.gif&quot; alt=&quot;Heart&quot; style=&quot;width: 15px; height: 13px;&quot; data-embed-type=&quot;emoticon&quot; data-embed-id=&quot;357&quot;&gt;)&lt;br /&gt;&lt;br /&gt;--&lt;br /&gt;&lt;br /&gt;&lt;br /&gt;h e&lt;/span&gt;&lt;br /&gt;&lt;div&gt;&lt;img src=&quot;https://t00.deviantart.net/yeNWVJrnkKGNTuPiD1OJly6imdM=/300x200/filters:fixed_height(100,100):origin()/pre00/5619/th/pre/f/2019/049/a/a/417_by_arualmeow-dd03mjn.png&quot; alt=&quot;thumbnail&quot; /&gt;&lt;/div&gt;</description>            </item>
                    <item>
                <title>Fall In Amsterdam by Leonid Afremov</title>
                <link>https://leonidafremov.deviantart.com/art/Fall-In-Amsterdam-by-Leonid-Afremov-786192457</link>
                <guid isPermaLink="true">https://leonidafremov.deviantart.com/art/Fall-In-Amsterdam-by-Leonid-Afremov-786192457</guid>
                <pubDate>Mon, 18 Feb 2019 14:00:06 PST</pubDate>
                        <media:title type="plain">Fall In Amsterdam by Leonid Afremov</media:title>
        <media:keywords></media:keywords>
                        <media:rating>nonadult</media:rating>
                <media:category label="Landscapes &amp; Scenery">traditional/paintings/landscapes</media:category>
        <media:credit role="author" scheme="urn:ebu">Leonidafremov</media:credit>
        <media:credit role="author" scheme="urn:ebu">https://a.deviantart.net/avatars/l/e/leonidafremov.jpg?6</media:credit>
        <media:copyright url="https://leonidafremov.deviantart.com">Copyright 2019 Leonidafremov</media:copyright>            <media:description type="html">This is an oil painting on canvas by Leonid Afremov made using a palette knife only.&lt;br /&gt;&lt;br /&gt;You can view and purchase any painting here -&amp;nbsp;&lt;a href=&quot;https://www.deviantart.com/users/outgoing?https://afremov.com/fall-in-amsterdam.html?bid=6817&amp;amp;partner=13939&quot;&gt;&lt;a class=&quot;external&quot; href=&quot;https://www.deviantart.com/users/outgoing?https://afremov.com/fall-in-amsterdam.html?bid=6817&amp;amp;partner=13939&quot;&gt;afremov.com/fall-in-amsterdam.&amp;hellip;&lt;/a&gt;&lt;/a&gt;&lt;br /&gt;&lt;br /&gt;Use 15% discount coupon - GeraSU15&lt;br /&gt;&lt;br /&gt;You can learn more about the artist here -&amp;nbsp;&lt;a href=&quot;https://www.deviantart.com/users/outgoing?https://afremov.com/Leonid-Afremov-bio.html?bid=1&amp;amp;partner=13939&quot;&gt;&lt;a class=&quot;external&quot; href=&quot;https://www.deviantart.com/users/outgoing?https://afremov.com/Leonid-Afremov-bio.html?bid=1&amp;amp;partner=13939&quot;&gt;afremov.com/Leonid-Afremov-bio&amp;hellip;&lt;/a&gt;&lt;/a&gt;</media:description>            <media:thumbnail url="https://t00.deviantart.net/Qxz1b1tNdSiSPK7uM1QG_r4O6zY=/fit-in/150x150/filters:no_upscale():origin()/pre00/6de5/th/pre/i/2019/049/9/3/fall_in_amsterdam_by_leonid_afremov_by_leonidafremov-dd02tzd.jpg" height="150" width="125"/>            <media:thumbnail url="https://t00.deviantart.net/KV_EykpKVQpVAYF4BkostQ1v6T4=/fit-in/300x900/filters:no_upscale():origin()/pre00/6de5/th/pre/i/2019/049/9/3/fall_in_amsterdam_by_leonid_afremov_by_leonidafremov-dd02tzd.jpg" height="360" width="300"/>            <media:thumbnail url="https://t00.deviantart.net/UHHYIfrfCVYrB23YCFKjkCqAp-8=/300x200/filters:fixed_height(100,100):origin()/pre00/6de5/th/pre/i/2019/049/9/3/fall_in_amsterdam_by_leonid_afremov_by_leonidafremov-dd02tzd.jpg" height="200" width="167"/>            <media:content url="https://img00.deviantart.net/1199/i/2019/049/9/3/fall_in_amsterdam_by_leonid_afremov_by_leonidafremov-dd02tzd.jpg" height="720" width="600" medium="image"/>            
            <description>This is an oil painting on canvas by Leonid Afremov made using a palette knife only.&lt;br /&gt;&lt;br /&gt;You can view and purchase any painting here -&amp;nbsp;&lt;a href=&quot;https://www.deviantart.com/users/outgoing?https://afremov.com/fall-in-amsterdam.html?bid=6817&amp;amp;partner=13939&quot;&gt;&lt;a class=&quot;external&quot; href=&quot;https://www.deviantart.com/users/outgoing?https://afremov.com/fall-in-amsterdam.html?bid=6817&amp;amp;partner=13939&quot;&gt;afremov.com/fall-in-amsterdam.&amp;hellip;&lt;/a&gt;&lt;/a&gt;&lt;br /&gt;&lt;br /&gt;Use 15% discount coupon - GeraSU15&lt;br /&gt;&lt;br /&gt;You can learn more about the artist here -&amp;nbsp;&lt;a href=&quot;https://www.deviantart.com/users/outgoing?https://afremov.com/Leonid-Afremov-bio.html?bid=1&amp;amp;partner=13939&quot;&gt;&lt;a class=&quot;external&quot; href=&quot;https://www.deviantart.com/users/outgoing?https://afremov.com/Leonid-Afremov-bio.html?bid=1&amp;amp;partner=13939&quot;&gt;afremov.com/Leonid-Afremov-bio&amp;hellip;&lt;/a&gt;&lt;/a&gt;&lt;br /&gt;&lt;div&gt;&lt;img src=&quot;https://t00.deviantart.net/UHHYIfrfCVYrB23YCFKjkCqAp-8=/300x200/filters:fixed_height(100,100):origin()/pre00/6de5/th/pre/i/2019/049/9/3/fall_in_amsterdam_by_leonid_afremov_by_leonidafremov-dd02tzd.jpg&quot; alt=&quot;thumbnail&quot; /&gt;&lt;/div&gt;</description>            </item>
                    <item>
                <title>Monsters and Maidens - Bokoblin Business</title>
                <link>https://heartgear.deviantart.com/art/Monsters-and-Maidens-Bokoblin-Business-749584810</link>
                <guid isPermaLink="true">https://heartgear.deviantart.com/art/Monsters-and-Maidens-Bokoblin-Business-749584810</guid>
                <pubDate>Mon, 18 Feb 2019 14:00:04 PST</pubDate>
                        <media:title type="plain">Monsters and Maidens - Bokoblin Business</media:title>
        <media:keywords></media:keywords>
                        <media:rating>nonadult</media:rating>
                <media:category label="Pin-up">digitalart/paintings/people/pinup</media:category>
        <media:credit role="author" scheme="urn:ebu">HeartGear</media:credit>
        <media:credit role="author" scheme="urn:ebu">https://a.deviantart.net/avatars/h/e/heartgear.gif?7</media:credit>
        <media:copyright url="https://heartgear.deviantart.com">Copyright 2019 HeartGear</media:copyright>
            <media:community>
                <media:tags>@DefaultDamsel</media:tags>
            </media:community>            <media:description type="html">&lt;span&gt;Here we have a Bokoblin getting a little *too* fresh with the princess.&amp;nbsp; &amp;nbsp;Do you think he knows what he has?&amp;nbsp; &amp;nbsp;Or does he just see something tasty for dinner??&amp;nbsp; &amp;nbsp;I&#039;m not sure which fate is worse (Just kidding it&#039;s the dinner one please don&#039;t eat heeeeeeeer T^T )&lt;br /&gt;&lt;br /&gt;This was for the Monsters and Maidens stream&amp;nbsp;&amp;nbsp;&lt;/span&gt;&lt;span&gt;(&amp;#65417;&amp;#180;&amp;#12526;`)&amp;#65417;*: &amp;#65381;&amp;#65439;&lt;/span&gt;&lt;span&gt;.&amp;nbsp; &amp;nbsp;&lt;br /&gt;I do like some high fantasy stuff cuz it gives me an excuse to draw some fun monsters!&amp;nbsp; &amp;nbsp;Bokoblins have especially cool eyes, the colors are just wild.&lt;br /&gt;&lt;br /&gt;Let&#039;s hope Link doesn&#039;t take a hundred years to rescue her&amp;nbsp;&lt;/span&gt;&lt;span&gt;o(&amp;gt;&amp;#969;&amp;lt;)o&lt;br /&gt;&lt;br /&gt;&lt;/span&gt;&lt;span&gt;Thanks for stopping by!&amp;nbsp;&lt;/span&gt;&lt;span&gt;(&amp;#180;&amp;#65377;&amp;#8226; &amp;#7509; &amp;#8226;&amp;#65377;`) &amp;#9825;&lt;br /&gt;&lt;/span&gt;&lt;span&gt;- Heart&lt;br /&gt;&lt;br /&gt;&lt;br /&gt;+++++++++Obligatory Patreon Plug+++++++++++&lt;/span&gt;&lt;i&gt;&lt;br /&gt;This is a&amp;nbsp;&lt;b&gt;Patreon Sponsored Illustration&lt;/b&gt;&lt;br /&gt;&lt;br /&gt;If you join at the $5 level you get&lt;br /&gt;&amp;nbsp;-All un-released patron exclusive art full rez&lt;br /&gt;&lt;br /&gt;&lt;a class=&quot;external&quot; href=&quot;https://www.deviantart.com/users/outgoing?https://www.patreon.com/heartgear&quot;&gt;&lt;b&gt;CLICK HERE TO JOIN&lt;/b&gt;&lt;/a&gt;&lt;br /&gt;&lt;br /&gt;&lt;/i&gt;&lt;i&gt;We will be releasing lo-res versions of Patron exclusive art every Monday at 5p EST.&lt;/i&gt;</media:description>            <media:thumbnail url="https://t00.deviantart.net/ddgz1KG592wBuZz8aRqRzMnwCgM=/fit-in/150x150/filters:no_upscale():origin()/pre00/403a/th/pre/f/2019/043/b/c/monsters_and_maidens___bokoblin_business_by_heartgear-dcea7ca.jpg" height="140" width="150"/>            <media:thumbnail url="https://t00.deviantart.net/E_wsc7i7XeQLrzGRP4z9qcNdlVE=/fit-in/300x900/filters:no_upscale():origin()/pre00/403a/th/pre/f/2019/043/b/c/monsters_and_maidens___bokoblin_business_by_heartgear-dcea7ca.jpg" height="281" width="300"/>            <media:thumbnail url="https://t00.deviantart.net/aWv4Y6yJtk4fX9VFmJyV6kdIV20=/300x200/filters:fixed_height(100,100):origin()/pre00/403a/th/pre/f/2019/043/b/c/monsters_and_maidens___bokoblin_business_by_heartgear-dcea7ca.jpg" height="200" width="214"/>            <media:content url="https://orig00.deviantart.net/a7c2/f/2019/043/b/c/monsters_and_maidens___bokoblin_business_by_heartgear-dcea7ca.jpg" height="692" width="739" medium="image"/>            
            <description>&lt;span&gt;Here we have a Bokoblin getting a little *too* fresh with the princess.&amp;nbsp; &amp;nbsp;Do you think he knows what he has?&amp;nbsp; &amp;nbsp;Or does he just see something tasty for dinner??&amp;nbsp; &amp;nbsp;I&#039;m not sure which fate is worse (Just kidding it&#039;s the dinner one please don&#039;t eat heeeeeeeer T^T )&lt;br /&gt;&lt;br /&gt;This was for the Monsters and Maidens stream&amp;nbsp;&amp;nbsp;&lt;/span&gt;&lt;span&gt;(&amp;#65417;&amp;#180;&amp;#12526;`)&amp;#65417;*: &amp;#65381;&amp;#65439;&lt;/span&gt;&lt;span&gt;.&amp;nbsp; &amp;nbsp;&lt;br /&gt;I do like some high fantasy stuff cuz it gives me an excuse to draw some fun monsters!&amp;nbsp; &amp;nbsp;Bokoblins have especially cool eyes, the colors are just wild.&lt;br /&gt;&lt;br /&gt;Let&#039;s hope Link doesn&#039;t take a hundred years to rescue her&amp;nbsp;&lt;/span&gt;&lt;span&gt;o(&amp;gt;&amp;#969;&amp;lt;)o&lt;br /&gt;&lt;br /&gt;&lt;/span&gt;&lt;span&gt;Thanks for stopping by!&amp;nbsp;&lt;/span&gt;&lt;span&gt;(&amp;#180;&amp;#65377;&amp;#8226; &amp;#7509; &amp;#8226;&amp;#65377;`) &amp;#9825;&lt;br /&gt;&lt;/span&gt;&lt;span&gt;- Heart&lt;br /&gt;&lt;br /&gt;&lt;br /&gt;+++++++++Obligatory Patreon Plug+++++++++++&lt;/span&gt;&lt;i&gt;&lt;br /&gt;This is a&amp;nbsp;&lt;b&gt;Patreon Sponsored Illustration&lt;/b&gt;&lt;br /&gt;&lt;br /&gt;If you join at the $5 level you get&lt;br /&gt;&amp;nbsp;-All un-released patron exclusive art full rez&lt;br /&gt;&lt;br /&gt;&lt;a class=&quot;external&quot; href=&quot;https://www.deviantart.com/users/outgoing?https://www.patreon.com/heartgear&quot;&gt;&lt;b&gt;CLICK HERE TO JOIN&lt;/b&gt;&lt;/a&gt;&lt;br /&gt;&lt;br /&gt;&lt;/i&gt;&lt;i&gt;We will be releasing lo-res versions of Patron exclusive art every Monday at 5p EST.&lt;/i&gt;&lt;br /&gt;&lt;div&gt;&lt;img src=&quot;https://t00.deviantart.net/aWv4Y6yJtk4fX9VFmJyV6kdIV20=/300x200/filters:fixed_height(100,100):origin()/pre00/403a/th/pre/f/2019/043/b/c/monsters_and_maidens___bokoblin_business_by_heartgear-dcea7ca.jpg&quot; alt=&quot;thumbnail&quot; /&gt;&lt;/div&gt;</description>            </item>
                    <item>
                <title>Luna Land Holiday Special part 1</title>
                <link>https://doublewbrothers.deviantart.com/art/Luna-Land-Holiday-Special-part-1-786226863</link>
                <guid isPermaLink="true">https://doublewbrothers.deviantart.com/art/Luna-Land-Holiday-Special-part-1-786226863</guid>
                <pubDate>Mon, 18 Feb 2019 13:28:30 PST</pubDate>
                        <media:title type="plain">Luna Land Holiday Special part 1</media:title>
        <media:keywords></media:keywords>
                        <media:rating>nonadult</media:rating>
                <media:category label="Movies &amp; TV">fanart/cartoons/digital/movies</media:category>
        <media:credit role="author" scheme="urn:ebu">doubleWbrothers</media:credit>
        <media:credit role="author" scheme="urn:ebu">https://a.deviantart.net/avatars/d/o/doublewbrothers.jpg?5</media:credit>
        <media:copyright url="https://doublewbrothers.deviantart.com">Copyright 2019 doubleWbrothers</media:copyright>            <media:description type="html">&lt;div&gt;The first part for a (rather late) Holiday special.&lt;/div&gt;&lt;div&gt;&lt;br /&gt;&lt;/div&gt;&lt;div&gt;Part 2: &lt;a href=&quot;https://www.deviantart.com/doublewbrothers/art/Luna-Land-Holiday-Special-part-2-786227646?ga_submit_new=10%3A1550525501&quot;&gt;www.deviantart.com/doublewbrot&amp;hellip;&lt;/a&gt;&lt;br /&gt;&lt;/div&gt;&lt;div&gt;&lt;br /&gt;&lt;/div&gt;&lt;div&gt;An appreciation of all our Patrons.&lt;/div&gt;&lt;div&gt;&lt;br /&gt;&lt;/div&gt;&lt;div&gt;Part two will be up shortly.&lt;/div&gt;&lt;div&gt;&lt;br /&gt;&lt;/div&gt;&lt;div&gt;&lt;br /&gt;&lt;/div&gt;&lt;div&gt;Our Patreon: &lt;a class=&quot;external&quot; href=&quot;https://www.deviantart.com/users/outgoing?https://www.patreon.com/doublewbrothers&quot;&gt;www.patreon.com/doublewbrother&amp;#8230;&lt;/a&gt;&lt;div&gt;&lt;br /&gt;&lt;/div&gt;&lt;div&gt;Also visit the Luna Land discord if you dare: &lt;span&gt;&lt;a class=&quot;external&quot; href=&quot;https://www.deviantart.com/users/outgoing?https://discord.gg/PtY6vTD&quot;&gt;discord.gg/PtY6vTD&lt;/a&gt;&lt;/span&gt;&lt;/div&gt;&lt;/div&gt;</media:description>            <media:thumbnail url="https://t00.deviantart.net/778S3QnAUTklyin9RsdarBB9Si8=/fit-in/150x150/filters:no_upscale():origin()/pre00/b012/th/pre/i/2019/049/2/6/luna_land_holiday_special_part_1_by_doublewbrothers-dd03kj3.jpg" height="150" width="6"/>            <media:thumbnail url="https://t00.deviantart.net/fKstBbqxAczfJAYyzYwtVKkQhJw=/fit-in/300x900/filters:no_upscale():origin()/pre00/b012/th/pre/i/2019/049/2/6/luna_land_holiday_special_part_1_by_doublewbrothers-dd03kj3.jpg" height="900" width="35"/>            <media:thumbnail url="https://t00.deviantart.net/ZBG_HlCEEWvfU6i3tMXg2PPt1Pk=/300x200/filters:fixed_height(100,100):origin()/pre00/b012/th/pre/i/2019/049/2/6/luna_land_holiday_special_part_1_by_doublewbrothers-dd03kj3.jpg" height="201" width="100"/>            <media:content url="https://pre00.deviantart.net/b012/th/pre/i/2019/049/2/6/luna_land_holiday_special_part_1_by_doublewbrothers-dd03kj3.jpg" height="3577" width="137" medium="image"/>            
            <description>&lt;div&gt;The first part for a (rather late) Holiday special.&lt;/div&gt;&lt;div&gt;&lt;br /&gt;&lt;/div&gt;&lt;div&gt;Part 2: &lt;a href=&quot;https://www.deviantart.com/doublewbrothers/art/Luna-Land-Holiday-Special-part-2-786227646?ga_submit_new=10%3A1550525501&quot;&gt;www.deviantart.com/doublewbrot&amp;hellip;&lt;/a&gt;&lt;br /&gt;&lt;/div&gt;&lt;div&gt;&lt;br /&gt;&lt;/div&gt;&lt;div&gt;An appreciation of all our Patrons.&lt;/div&gt;&lt;div&gt;&lt;br /&gt;&lt;/div&gt;&lt;div&gt;Part two will be up shortly.&lt;/div&gt;&lt;div&gt;&lt;br /&gt;&lt;/div&gt;&lt;div&gt;&lt;br /&gt;&lt;/div&gt;&lt;div&gt;Our Patreon: &lt;a class=&quot;external&quot; href=&quot;https://www.deviantart.com/users/outgoing?https://www.patreon.com/doublewbrothers&quot;&gt;www.patreon.com/doublewbrother&amp;#8230;&lt;/a&gt;&lt;div&gt;&lt;br /&gt;&lt;/div&gt;&lt;div&gt;Also visit the Luna Land discord if you dare: &lt;span&gt;&lt;a class=&quot;external&quot; href=&quot;https://www.deviantart.com/users/outgoing?https://discord.gg/PtY6vTD&quot;&gt;discord.gg/PtY6vTD&lt;/a&gt;&lt;/span&gt;&lt;/div&gt;&lt;/div&gt;&lt;br /&gt;&lt;div&gt;&lt;img src=&quot;https://t00.deviantart.net/ZBG_HlCEEWvfU6i3tMXg2PPt1Pk=/300x200/filters:fixed_height(100,100):origin()/pre00/b012/th/pre/i/2019/049/2/6/luna_land_holiday_special_part_1_by_doublewbrothers-dd03kj3.jpg&quot; alt=&quot;thumbnail&quot; /&gt;&lt;/div&gt;</description>            </item>
                    <item>
                <title>Spider Payment for tytonoctis</title>
                <link>https://lupisvuipes.deviantart.com/art/Spider-Payment-for-tytonoctis-786274734</link>
                <guid isPermaLink="true">https://lupisvuipes.deviantart.com/art/Spider-Payment-for-tytonoctis-786274734</guid>
                <pubDate>Mon, 18 Feb 2019 19:37:49 PST</pubDate>
                        <media:title type="plain">Spider Payment for tytonoctis</media:title>
        <media:keywords></media:keywords>
                        <media:rating>nonadult</media:rating>
                <media:category label="Animals">digitalart/paintings/animals</media:category>
        <media:credit role="author" scheme="urn:ebu">lUPISVUIPES</media:credit>
        <media:credit role="author" scheme="urn:ebu">https://a.deviantart.net/avatars/l/u/lupisvuipes.gif?10</media:credit>
        <media:copyright url="https://lupisvuipes.deviantart.com">Copyright 2019 lUPISVUIPES</media:copyright>            <media:description type="html">This is payment for &lt;a target=&quot;_self&quot; href=&quot;https://www.deviantart.com/tytonoctis&quot; &gt;&lt;img class=&quot;avatar&quot; width=&quot;50&quot; height=&quot;50&quot; src=&quot;https://a.deviantart.net/avatars/t/y/tytonoctis.gif?12&quot; alt=&quot;:icontytonoctis:&quot; title=&quot;TytoNoctis&quot; /&gt;&lt;/a&gt; for doing a certain amount of frames in my color artist group for my show Home Grown Dogs! Thanks so much for helping me out! This was super fun!&amp;nbsp;</media:description>            <media:thumbnail url="https://t00.deviantart.net/HbVqwnRGULrqfpEwIbSPn7nFbWU=/fit-in/150x150/filters:no_upscale():origin()/pre00/4b22/th/pre/f/2019/049/c/4/spider_payment_for_tytonoctis_by_lupisvuipes-dd04lgu.png" height="129" width="150"/>            <media:thumbnail url="https://t00.deviantart.net/DHtrdMBRISny26q-93pTG2-1SMI=/fit-in/300x900/filters:no_upscale():origin()/pre00/4b22/th/pre/f/2019/049/c/4/spider_payment_for_tytonoctis_by_lupisvuipes-dd04lgu.png" height="259" width="300"/>            <media:thumbnail url="https://t00.deviantart.net/TM8WBIiXwoIWtnoTNA2Y5vEjYCQ=/300x200/filters:fixed_height(100,100):origin()/pre00/4b22/th/pre/f/2019/049/c/4/spider_payment_for_tytonoctis_by_lupisvuipes-dd04lgu.png" height="200" width="232"/>            <media:content url="https://orig00.deviantart.net/48b0/f/2019/049/c/4/spider_payment_for_tytonoctis_by_lupisvuipes-dd04lgu.png" height="742" width="861" medium="image"/>            
            <description>This is payment for &lt;a target=&quot;_self&quot; href=&quot;https://www.deviantart.com/tytonoctis&quot; &gt;&lt;img class=&quot;avatar&quot; width=&quot;50&quot; height=&quot;50&quot; src=&quot;https://a.deviantart.net/avatars/t/y/tytonoctis.gif?12&quot; alt=&quot;:icontytonoctis:&quot; title=&quot;TytoNoctis&quot; /&gt;&lt;/a&gt; for doing a certain amount of frames in my color artist group for my show Home Grown Dogs! Thanks so much for helping me out! This was super fun!&amp;nbsp;&lt;br /&gt;&lt;div&gt;&lt;img src=&quot;https://t00.deviantart.net/TM8WBIiXwoIWtnoTNA2Y5vEjYCQ=/300x200/filters:fixed_height(100,100):origin()/pre00/4b22/th/pre/f/2019/049/c/4/spider_payment_for_tytonoctis_by_lupisvuipes-dd04lgu.png&quot; alt=&quot;thumbnail&quot; /&gt;&lt;/div&gt;</description>            </item>
                    <item>
                <title>Samurai Mune</title>
                <link>https://montag451.deviantart.com/art/Samurai-Mune-786268760</link>
                <guid isPermaLink="true">https://montag451.deviantart.com/art/Samurai-Mune-786268760</guid>
                <pubDate>Mon, 18 Feb 2019 18:49:53 PST</pubDate>
                        <media:title type="plain">Samurai Mune</media:title>
        <media:keywords></media:keywords>
                        <media:rating>nonadult</media:rating>
                <media:category label="People">digitalart/photomanip/people</media:category>
        <media:credit role="author" scheme="urn:ebu">montag451</media:credit>
        <media:credit role="author" scheme="urn:ebu">https://a.deviantart.net/avatars/m/o/montag451.jpg?6</media:credit>
        <media:copyright url="https://montag451.deviantart.com">Copyright 2019 montag451</media:copyright>            <media:description type="html">Created with Dynamic Auto Painter X64 Pro 6 from a public domain image at Pixabay, post-processing done with IrfanView and PSP Pro 2019 Ultimate; applying the Joaquin HD - Bold style to the original image with DAP, I found the finished piece to be most intriguing and titled it for the Word Pictures Series...enjoy! &lt;img src=&quot;https://e.deviantart.net/emoticons/s/smile.gif&quot; width=&quot;15&quot; height=&quot;15&quot; alt=&quot;:-)&quot; data-embed-type=&quot;emoticon&quot; data-embed-id=&quot;392&quot; title=&quot;:-) (Smile)&quot;/&gt;</media:description>            <media:thumbnail url="https://t00.deviantart.net/mzWMzxgMWXwnN44fOUNEMvgSjxg=/fit-in/150x150/filters:no_upscale():origin()/pre00/c3e5/th/pre/f/2019/049/a/0/samurai_mune_by_montag451-dd04guw.jpg" height="139" width="150"/>            <media:thumbnail url="https://t00.deviantart.net/z8kW4esKkN6wqraWY3ZOAWC8WTU=/fit-in/300x900/filters:no_upscale():origin()/pre00/c3e5/th/pre/f/2019/049/a/0/samurai_mune_by_montag451-dd04guw.jpg" height="278" width="300"/>            <media:thumbnail url="https://t00.deviantart.net/fZJFRKQczXhG7qn_LtmP-tPeOpw=/300x200/filters:fixed_height(100,100):origin()/pre00/c3e5/th/pre/f/2019/049/a/0/samurai_mune_by_montag451-dd04guw.jpg" height="200" width="216"/>            <media:content url="https://pre00.deviantart.net/c3e5/th/pre/f/2019/049/a/0/samurai_mune_by_montag451-dd04guw.jpg" height="861" width="928" medium="image"/>            
            <description>Created with Dynamic Auto Painter X64 Pro 6 from a public domain image at Pixabay, post-processing done with IrfanView and PSP Pro 2019 Ultimate; applying the Joaquin HD - Bold style to the original image with DAP, I found the finished piece to be most intriguing and titled it for the Word Pictures Series...enjoy! &lt;img src=&quot;https://e.deviantart.net/emoticons/s/smile.gif&quot; width=&quot;15&quot; height=&quot;15&quot; alt=&quot;:-)&quot; data-embed-type=&quot;emoticon&quot; data-embed-id=&quot;392&quot; title=&quot;:-) (Smile)&quot;/&gt;&lt;br /&gt;&lt;div&gt;&lt;img src=&quot;https://t00.deviantart.net/fZJFRKQczXhG7qn_LtmP-tPeOpw=/300x200/filters:fixed_height(100,100):origin()/pre00/c3e5/th/pre/f/2019/049/a/0/samurai_mune_by_montag451-dd04guw.jpg&quot; alt=&quot;thumbnail&quot; /&gt;&lt;/div&gt;</description>            </item>
                    <item>
                <title>Luna Land Holiday Special part 2</title>
                <link>https://doublewbrothers.deviantart.com/art/Luna-Land-Holiday-Special-part-2-786227646</link>
                <guid isPermaLink="true">https://doublewbrothers.deviantart.com/art/Luna-Land-Holiday-Special-part-2-786227646</guid>
                <pubDate>Mon, 18 Feb 2019 13:31:41 PST</pubDate>
                        <media:title type="plain">Luna Land Holiday Special part 2</media:title>
        <media:keywords></media:keywords>
                        <media:rating>nonadult</media:rating>
                <media:category label="Movies &amp; TV">fanart/cartoons/digital/movies</media:category>
        <media:credit role="author" scheme="urn:ebu">doubleWbrothers</media:credit>
        <media:credit role="author" scheme="urn:ebu">https://a.deviantart.net/avatars/d/o/doublewbrothers.jpg?5</media:credit>
        <media:copyright url="https://doublewbrothers.deviantart.com">Copyright 2019 doubleWbrothers</media:copyright>            <media:description type="html">&lt;div&gt;Part1: &lt;a href=&quot;https://www.deviantart.com/doublewbrothers/art/Luna-Land-Holiday-Special-part-1-786226863&quot;&gt;www.deviantart.com/doublewbrot&amp;hellip;&lt;/a&gt;&lt;br /&gt;&lt;/div&gt;&lt;div&gt;&lt;br /&gt;&lt;/div&gt;&lt;div&gt;And ofc the second part.&lt;/div&gt;&lt;div&gt;&lt;br /&gt;&lt;/div&gt;&lt;div&gt;Thanks for all the support!&lt;/div&gt;&lt;div&gt;&lt;br /&gt;&lt;/div&gt;&lt;div&gt;... sure was time that we uploaded something again.&lt;/div&gt;&lt;div&gt;&lt;br /&gt;&lt;/div&gt;&lt;div&gt;&lt;br /&gt;&lt;/div&gt;&lt;div&gt;Our Patreon: &lt;a class=&quot;external&quot; href=&quot;https://www.deviantart.com/users/outgoing?https://www.patreon.com/doublewbrothers&quot;&gt;www.patreon.com/doublewbrother&amp;#8230;&lt;/a&gt;&lt;div&gt;&lt;br /&gt;&lt;/div&gt;&lt;div&gt;Also visit the Luna Land discord if you dare: &lt;span&gt;&lt;a class=&quot;external&quot; href=&quot;https://www.deviantart.com/users/outgoing?https://discord.gg/PtY6vTD&quot;&gt;discord.gg/PtY6vTD&lt;/a&gt;&lt;/span&gt;&lt;/div&gt;&lt;/div&gt;</media:description>            <media:thumbnail url="https://t00.deviantart.net/-4enFe-5J7EOeq6b-x6I6uhAkzA=/fit-in/150x150/filters:no_upscale():origin()/pre00/b88f/th/pre/i/2019/049/2/8/luna_land_holiday_special_part_2_by_doublewbrothers-dd03l4u.jpg" height="150" width="4"/>            <media:thumbnail url="https://t00.deviantart.net/sdkei_NgOxBRwCB9BzKx-L3kj8A=/fit-in/300x900/filters:no_upscale():origin()/pre00/b88f/th/pre/i/2019/049/2/8/luna_land_holiday_special_part_2_by_doublewbrothers-dd03l4u.jpg" height="900" width="26"/>            <media:thumbnail url="https://t00.deviantart.net/vbeXSUZm5zOT9Sd3Qv49KE8onO0=/300x200/filters:fixed_height(100,100):origin()/pre00/b88f/th/pre/i/2019/049/2/8/luna_land_holiday_special_part_2_by_doublewbrothers-dd03l4u.jpg" height="201" width="100"/>            <media:content url="https://pre00.deviantart.net/b88f/th/pre/i/2019/049/2/8/luna_land_holiday_special_part_2_by_doublewbrothers-dd03l4u.jpg" height="3577" width="102" medium="image"/>            
            <description>&lt;div&gt;Part1: &lt;a href=&quot;https://www.deviantart.com/doublewbrothers/art/Luna-Land-Holiday-Special-part-1-786226863&quot;&gt;www.deviantart.com/doublewbrot&amp;hellip;&lt;/a&gt;&lt;br /&gt;&lt;/div&gt;&lt;div&gt;&lt;br /&gt;&lt;/div&gt;&lt;div&gt;And ofc the second part.&lt;/div&gt;&lt;div&gt;&lt;br /&gt;&lt;/div&gt;&lt;div&gt;Thanks for all the support!&lt;/div&gt;&lt;div&gt;&lt;br /&gt;&lt;/div&gt;&lt;div&gt;... sure was time that we uploaded something again.&lt;/div&gt;&lt;div&gt;&lt;br /&gt;&lt;/div&gt;&lt;div&gt;&lt;br /&gt;&lt;/div&gt;&lt;div&gt;Our Patreon: &lt;a class=&quot;external&quot; href=&quot;https://www.deviantart.com/users/outgoing?https://www.patreon.com/doublewbrothers&quot;&gt;www.patreon.com/doublewbrother&amp;#8230;&lt;/a&gt;&lt;div&gt;&lt;br /&gt;&lt;/div&gt;&lt;div&gt;Also visit the Luna Land discord if you dare: &lt;span&gt;&lt;a class=&quot;external&quot; href=&quot;https://www.deviantart.com/users/outgoing?https://discord.gg/PtY6vTD&quot;&gt;discord.gg/PtY6vTD&lt;/a&gt;&lt;/span&gt;&lt;/div&gt;&lt;/div&gt;&lt;br /&gt;&lt;div&gt;&lt;img src=&quot;https://t00.deviantart.net/vbeXSUZm5zOT9Sd3Qv49KE8onO0=/300x200/filters:fixed_height(100,100):origin()/pre00/b88f/th/pre/i/2019/049/2/8/luna_land_holiday_special_part_2_by_doublewbrothers-dd03l4u.jpg&quot; alt=&quot;thumbnail&quot; /&gt;&lt;/div&gt;</description>            </item>
                    <item>
                <title>The rendez vous</title>
                <link>https://pascalcampion.deviantart.com/art/The-rendez-vous-786288180</link>
                <guid isPermaLink="true">https://pascalcampion.deviantart.com/art/The-rendez-vous-786288180</guid>
                <pubDate>Mon, 18 Feb 2019 22:06:44 PST</pubDate>
                        <media:title type="plain">The rendez vous</media:title>
        <media:keywords></media:keywords>
                        <media:rating>nonadult</media:rating>
                <media:category label="Storybook">digitalart/paintings/illustrations/storybook</media:category>
        <media:credit role="author" scheme="urn:ebu">PascalCampion</media:credit>
        <media:credit role="author" scheme="urn:ebu">https://a.deviantart.net/avatars/p/a/pascalcampion.jpg?4</media:credit>
        <media:copyright url="https://pascalcampion.deviantart.com">Copyright 2019 PascalCampion</media:copyright>            <media:description type="html">The rendez vous.&lt;br /&gt;&lt;a class=&quot;discoverytag&quot; href=&quot;https://www.deviantart.com/tag/pascalcampion&quot; data-canonical-tag=&quot;pascalcampion&quot;&gt;#pascalcampion&lt;/a&gt;</media:description>            <media:thumbnail url="https://t00.deviantart.net/ozvAKLxvZOZ1-BC5yqkChH3K6JM=/fit-in/150x150/filters:no_upscale():origin()/pre00/cbfb/th/pre/f/2019/049/9/5/4723_06rdc_by_pascalcampion-dd04vuc.jpg" height="150" width="93"/>            <media:thumbnail url="https://t00.deviantart.net/wbxSpL9hpwKdfKLbDDsaHi9Nx6o=/fit-in/300x900/filters:no_upscale():origin()/pre00/cbfb/th/pre/f/2019/049/9/5/4723_06rdc_by_pascalcampion-dd04vuc.jpg" height="484" width="300"/>            <media:thumbnail url="https://t00.deviantart.net/qPZEahTWd4JprEgHpygzMaCEO3Y=/300x200/filters:fixed_height(100,100):origin()/pre00/cbfb/th/pre/f/2019/049/9/5/4723_06rdc_by_pascalcampion-dd04vuc.jpg" height="200" width="124"/>            <media:content url="https://pre00.deviantart.net/cbfb/th/pre/f/2019/049/9/5/4723_06rdc_by_pascalcampion-dd04vuc.jpg" height="1135" width="704" medium="image"/>            
            <description>The rendez vous.&lt;br /&gt;&lt;a class=&quot;discoverytag&quot; href=&quot;https://www.deviantart.com/tag/pascalcampion&quot; data-canonical-tag=&quot;pascalcampion&quot;&gt;#pascalcampion&lt;/a&gt;&lt;br /&gt;&lt;div&gt;&lt;img src=&quot;https://t00.deviantart.net/qPZEahTWd4JprEgHpygzMaCEO3Y=/300x200/filters:fixed_height(100,100):origin()/pre00/cbfb/th/pre/f/2019/049/9/5/4723_06rdc_by_pascalcampion-dd04vuc.jpg&quot; alt=&quot;thumbnail&quot; /&gt;&lt;/div&gt;</description>            </item>
                    <item>
                <title>Dead or Alive - Lovely Kokoro</title>
                <link>https://sabishikukage.deviantart.com/art/Dead-or-Alive-Lovely-Kokoro-786326840</link>
                <guid isPermaLink="true">https://sabishikukage.deviantart.com/art/Dead-or-Alive-Lovely-Kokoro-786326840</guid>
                <pubDate>Tue, 19 Feb 2019 07:41:35 PST</pubDate>
                        <media:title type="plain">Dead or Alive - Lovely Kokoro</media:title>
        <media:keywords></media:keywords>
                        <media:rating>nonadult</media:rating>
                <media:category label="Female">digitalart/3d/characters/female</media:category>
        <media:credit role="author" scheme="urn:ebu">SabishikuKage</media:credit>
        <media:credit role="author" scheme="urn:ebu">https://a.deviantart.net/avatars/s/a/sabishikukage.jpg?5</media:credit>
        <media:copyright url="https://sabishikukage.deviantart.com">Copyright 2019 SabishikuKage</media:copyright>            <media:description type="html">&lt;span&gt;&amp;#8226;&lt;/span&gt;&lt;b&gt;&amp;nbsp;&lt;/b&gt;&lt;span&gt;I do not own anything;&lt;/span&gt;&lt;b&gt;&amp;nbsp;model belongs to: Tecmo Koei.&lt;/b&gt;&lt;i&gt;&lt;u&gt;&lt;br /&gt;&lt;/u&gt;&lt;/i&gt;&lt;b&gt;&lt;br /&gt;&lt;br /&gt;BASIC INFORMATION:&lt;/b&gt;&lt;br /&gt;&lt;br /&gt;&lt;span&gt;&amp;#8226; Model ported by:&amp;nbsp;&lt;/span&gt;&lt;b&gt;&lt;span class=&quot;username-with-symbol u&quot;&gt;&lt;a class=&quot;u regular username&quot; href=&quot;https://www.deviantart.com/rolance&quot;&gt;rolance&lt;/a&gt;&lt;span class=&quot;user-symbol regular&quot; data-quicktip-text=&quot;&quot; data-show-tooltip=&quot;&quot; data-gruser-type=&quot;regular&quot;&gt;&lt;/span&gt;&lt;/span&gt;&amp;nbsp;&lt;/b&gt;&lt;br /&gt;&lt;br /&gt;&amp;#8226; Body pose made by: &lt;b&gt;&lt;span class=&quot;username-with-symbol u&quot;&gt;&lt;a class=&quot;u premium username&quot; href=&quot;https://www.deviantart.com/shadowninjamaster&quot;&gt;ShadowNinjaMaster&lt;/a&gt;&lt;span class=&quot;user-symbol premium&quot; data-quicktip-text=&quot;Core Member&quot; data-show-tooltip=&quot;1&quot; data-gruser-type=&quot;premium&quot;&gt;&lt;/span&gt;&lt;/span&gt; &lt;/b&gt;(her face and hair posed by me).&lt;br /&gt;&lt;br /&gt;&lt;span&gt;&amp;#8226;&amp;nbsp;Programs used:&amp;nbsp;&lt;/span&gt;&lt;i&gt;&lt;br /&gt;&lt;/i&gt;&lt;br /&gt;&lt;b&gt;&amp;nbsp; &amp;nbsp;&amp;nbsp;&amp;nbsp; &amp;nbsp;&amp;nbsp;&amp;nbsp; &amp;nbsp;&amp;nbsp;1. XPS 11.8&lt;br /&gt;&amp;nbsp; &amp;nbsp;&amp;nbsp;&amp;nbsp; &amp;nbsp;&amp;nbsp;&amp;nbsp; &amp;nbsp;&amp;nbsp;2. 3DS max 2013&amp;nbsp;&lt;br /&gt;&amp;nbsp; &amp;nbsp;&amp;nbsp;&amp;nbsp; &amp;nbsp;&amp;nbsp;&amp;nbsp; &amp;nbsp;&amp;nbsp;3. Photoshop CS6&lt;/b&gt;&lt;br /&gt;&lt;br /&gt;&lt;b&gt;Please, have some respect and:&lt;/b&gt;&lt;br /&gt;&lt;br /&gt;&lt;span&gt;&amp;nbsp; &amp;nbsp;&amp;nbsp;&amp;nbsp; &amp;nbsp;&amp;nbsp;&amp;nbsp; &amp;nbsp;&amp;nbsp;- Don&#039;t re-upload it on your own profile.&lt;/span&gt;&lt;br /&gt;&lt;br /&gt;&lt;span&gt;&amp;nbsp; &amp;nbsp;&amp;nbsp;&amp;nbsp; &amp;nbsp;&amp;nbsp;&amp;nbsp; &amp;nbsp;&amp;nbsp;- I don&#039;t mind to share&amp;nbsp;&lt;/span&gt;&lt;u&gt;&lt;b&gt;link&lt;/b&gt;&lt;/u&gt;&lt;span&gt;&amp;nbsp;to this render on other websites.&lt;/span&gt;&lt;br /&gt;&lt;br /&gt;&lt;span&gt;&amp;nbsp; &amp;nbsp;&amp;nbsp;&amp;nbsp; &amp;nbsp;&amp;nbsp;&amp;nbsp; &amp;nbsp;&amp;nbsp;- Don&#039;t sell it for points or money.&lt;/span&gt;&lt;br /&gt;&lt;br /&gt;&lt;span&gt;&amp;nbsp; &amp;nbsp;&amp;nbsp;&amp;nbsp; &amp;nbsp;&amp;nbsp;&amp;nbsp; &amp;nbsp; - Don&#039;t ask me about model.&lt;/span&gt;&lt;br /&gt;&lt;br /&gt;&lt;span&gt;&amp;nbsp; &amp;nbsp;&amp;nbsp;&amp;nbsp; &amp;nbsp;&amp;nbsp;&amp;nbsp; &amp;nbsp; - I don&#039;t deal with any website to sell my arts. If you see any of my works on websites selling arts as posters for money, know it&#039;s illegal and I am not taking any money.&lt;/span&gt;&lt;br /&gt;&lt;br /&gt;&lt;span&gt;&amp;nbsp; &amp;nbsp;&amp;nbsp;&amp;nbsp; &amp;nbsp;&amp;nbsp;&amp;nbsp; &amp;nbsp;&amp;nbsp;-&amp;nbsp;If you want to&amp;nbsp;raise objections&amp;nbsp;then feel free and write comment below. I have been opening for CONSTRUCTIVE&amp;nbsp;critical remarks, there is no space for harassing or hate speech towards me or others.&lt;br /&gt;&lt;br /&gt;&lt;b&gt;Extra information:&lt;/b&gt;&lt;br /&gt;&lt;br /&gt;&amp;nbsp; &amp;nbsp;&amp;nbsp;&amp;nbsp; &amp;nbsp;&amp;nbsp;&amp;nbsp; &amp;nbsp; - I uploaded .jpg file which is lower quality than .png to load image faster for users with slower internet connection.&lt;br /&gt;&amp;nbsp; &amp;nbsp;&amp;nbsp;&amp;nbsp; &amp;nbsp;&amp;nbsp;&amp;nbsp; &amp;nbsp; - Image you can purchase for 600 points without logo and with better quality.&lt;/span&gt;</media:description>            <media:thumbnail url="https://t00.deviantart.net/VpZBFX-MEmne7Lnr_V3j1iHl0co=/fit-in/150x150/filters:no_upscale():origin()/pre00/47bd/th/pre/f/2019/050/b/c/dead_or_alive___lovely_kokoro_by_sabishikukage-dd05po8.jpg" height="150" width="150"/>            <media:thumbnail url="https://t00.deviantart.net/P44ejtv_-20DSiT1Vfk1LXdVhP0=/fit-in/300x900/filters:no_upscale():origin()/pre00/47bd/th/pre/f/2019/050/b/c/dead_or_alive___lovely_kokoro_by_sabishikukage-dd05po8.jpg" height="300" width="300"/>            <media:thumbnail url="https://t00.deviantart.net/sCLvrahO76b-aW35yHTbAyveXrs=/300x200/filters:fixed_height(100,100):origin()/pre00/47bd/th/pre/f/2019/050/b/c/dead_or_alive___lovely_kokoro_by_sabishikukage-dd05po8.jpg" height="200" width="200"/>            <media:content url="https://pre00.deviantart.net/47bd/th/pre/f/2019/050/b/c/dead_or_alive___lovely_kokoro_by_sabishikukage-dd05po8.jpg" height="894" width="894" medium="image"/>            
            <description>&lt;span&gt;&amp;#8226;&lt;/span&gt;&lt;b&gt;&amp;nbsp;&lt;/b&gt;&lt;span&gt;I do not own anything;&lt;/span&gt;&lt;b&gt;&amp;nbsp;model belongs to: Tecmo Koei.&lt;/b&gt;&lt;i&gt;&lt;u&gt;&lt;br /&gt;&lt;/u&gt;&lt;/i&gt;&lt;b&gt;&lt;br /&gt;&lt;br /&gt;BASIC INFORMATION:&lt;/b&gt;&lt;br /&gt;&lt;br /&gt;&lt;span&gt;&amp;#8226; Model ported by:&amp;nbsp;&lt;/span&gt;&lt;b&gt;&lt;span class=&quot;username-with-symbol u&quot;&gt;&lt;a class=&quot;u regular username&quot; href=&quot;https://www.deviantart.com/rolance&quot;&gt;rolance&lt;/a&gt;&lt;span class=&quot;user-symbol regular&quot; data-quicktip-text=&quot;&quot; data-show-tooltip=&quot;&quot; data-gruser-type=&quot;regular&quot;&gt;&lt;/span&gt;&lt;/span&gt;&amp;nbsp;&lt;/b&gt;&lt;br /&gt;&lt;br /&gt;&amp;#8226; Body pose made by: &lt;b&gt;&lt;span class=&quot;username-with-symbol u&quot;&gt;&lt;a class=&quot;u premium username&quot; href=&quot;https://www.deviantart.com/shadowninjamaster&quot;&gt;ShadowNinjaMaster&lt;/a&gt;&lt;span class=&quot;user-symbol premium&quot; data-quicktip-text=&quot;Core Member&quot; data-show-tooltip=&quot;1&quot; data-gruser-type=&quot;premium&quot;&gt;&lt;/span&gt;&lt;/span&gt; &lt;/b&gt;(her face and hair posed by me).&lt;br /&gt;&lt;br /&gt;&lt;span&gt;&amp;#8226;&amp;nbsp;Programs used:&amp;nbsp;&lt;/span&gt;&lt;i&gt;&lt;br /&gt;&lt;/i&gt;&lt;br /&gt;&lt;b&gt;&amp;nbsp; &amp;nbsp;&amp;nbsp;&amp;nbsp; &amp;nbsp;&amp;nbsp;&amp;nbsp; &amp;nbsp;&amp;nbsp;1. XPS 11.8&lt;br /&gt;&amp;nbsp; &amp;nbsp;&amp;nbsp;&amp;nbsp; &amp;nbsp;&amp;nbsp;&amp;nbsp; &amp;nbsp;&amp;nbsp;2. 3DS max 2013&amp;nbsp;&lt;br /&gt;&amp;nbsp; &amp;nbsp;&amp;nbsp;&amp;nbsp; &amp;nbsp;&amp;nbsp;&amp;nbsp; &amp;nbsp;&amp;nbsp;3. Photoshop CS6&lt;/b&gt;&lt;br /&gt;&lt;br /&gt;&lt;b&gt;Please, have some respect and:&lt;/b&gt;&lt;br /&gt;&lt;br /&gt;&lt;span&gt;&amp;nbsp; &amp;nbsp;&amp;nbsp;&amp;nbsp; &amp;nbsp;&amp;nbsp;&amp;nbsp; &amp;nbsp;&amp;nbsp;- Don&#039;t re-upload it on your own profile.&lt;/span&gt;&lt;br /&gt;&lt;br /&gt;&lt;span&gt;&amp;nbsp; &amp;nbsp;&amp;nbsp;&amp;nbsp; &amp;nbsp;&amp;nbsp;&amp;nbsp; &amp;nbsp;&amp;nbsp;- I don&#039;t mind to share&amp;nbsp;&lt;/span&gt;&lt;u&gt;&lt;b&gt;link&lt;/b&gt;&lt;/u&gt;&lt;span&gt;&amp;nbsp;to this render on other websites.&lt;/span&gt;&lt;br /&gt;&lt;br /&gt;&lt;span&gt;&amp;nbsp; &amp;nbsp;&amp;nbsp;&amp;nbsp; &amp;nbsp;&amp;nbsp;&amp;nbsp; &amp;nbsp;&amp;nbsp;- Don&#039;t sell it for points or money.&lt;/span&gt;&lt;br /&gt;&lt;br /&gt;&lt;span&gt;&amp;nbsp; &amp;nbsp;&amp;nbsp;&amp;nbsp; &amp;nbsp;&amp;nbsp;&amp;nbsp; &amp;nbsp; - Don&#039;t ask me about model.&lt;/span&gt;&lt;br /&gt;&lt;br /&gt;&lt;span&gt;&amp;nbsp; &amp;nbsp;&amp;nbsp;&amp;nbsp; &amp;nbsp;&amp;nbsp;&amp;nbsp; &amp;nbsp; - I don&#039;t deal with any website to sell my arts. If you see any of my works on websites selling arts as posters for money, know it&#039;s illegal and I am not taking any money.&lt;/span&gt;&lt;br /&gt;&lt;br /&gt;&lt;span&gt;&amp;nbsp; &amp;nbsp;&amp;nbsp;&amp;nbsp; &amp;nbsp;&amp;nbsp;&amp;nbsp; &amp;nbsp;&amp;nbsp;-&amp;nbsp;If you want to&amp;nbsp;raise objections&amp;nbsp;then feel free and write comment below. I have been opening for CONSTRUCTIVE&amp;nbsp;critical remarks, there is no space for harassing or hate speech towards me or others.&lt;br /&gt;&lt;br /&gt;&lt;b&gt;Extra information:&lt;/b&gt;&lt;br /&gt;&lt;br /&gt;&amp;nbsp; &amp;nbsp;&amp;nbsp;&amp;nbsp; &amp;nbsp;&amp;nbsp;&amp;nbsp; &amp;nbsp; - I uploaded .jpg file which is lower quality than .png to load image faster for users with slower internet connection.&lt;br /&gt;&amp;nbsp; &amp;nbsp;&amp;nbsp;&amp;nbsp; &amp;nbsp;&amp;nbsp;&amp;nbsp; &amp;nbsp; - Image you can purchase for 600 points without logo and with better quality.&lt;/span&gt;&lt;br /&gt;&lt;div&gt;&lt;img src=&quot;https://t00.deviantart.net/sCLvrahO76b-aW35yHTbAyveXrs=/300x200/filters:fixed_height(100,100):origin()/pre00/47bd/th/pre/f/2019/050/b/c/dead_or_alive___lovely_kokoro_by_sabishikukage-dd05po8.jpg&quot; alt=&quot;thumbnail&quot; /&gt;&lt;/div&gt;</description>            </item>
                    <item>
                <title>BG Year 1 - 104</title>
                <link>https://seriojainc.deviantart.com/art/BG-Year-1-104-786226929</link>
                <guid isPermaLink="true">https://seriojainc.deviantart.com/art/BG-Year-1-104-786226929</guid>
                <pubDate>Mon, 18 Feb 2019 13:24:02 PST</pubDate>
                        <media:title type="plain">BG Year 1 - 104</media:title>
        <media:keywords></media:keywords>
                        <media:rating>adult</media:rating>
                <media:category label="Mixed Media">cartoons/traditional/cartoons/mixedmedia</media:category>
        <media:credit role="author" scheme="urn:ebu">SeriojaInc</media:credit>
        <media:credit role="author" scheme="urn:ebu">https://a.deviantart.net/avatars/s/e/seriojainc.png?7</media:credit>
        <media:copyright url="https://seriojainc.deviantart.com">Copyright 2019 SeriojaInc</media:copyright>            <media:description type="html">&lt;span&gt;Aqua.&amp;nbsp;&lt;/span&gt;&lt;span&gt;Fan-requested content from BannaGalactic.com (2012-2013)&lt;/span&gt;&lt;br /&gt;&lt;br /&gt;&lt;span&gt;Artwork by SeriojaInc&lt;/span&gt;</media:description>            <media:thumbnail url="https://t00.deviantart.net/OA9o3L4NhoFqHetFi-mONGyi788=/fit-in/150x150/filters:no_upscale():origin()/pre00/9ee5/th/pre/i/2019/049/8/9/bg_year_1___104_by_seriojainc-dd03kkx.jpg" height="150" width="116"/>            <media:thumbnail url="https://t00.deviantart.net/1A7xO-tyM8GF62XTDmpouD16-rM=/fit-in/300x900/filters:no_upscale():origin()/pre00/9ee5/th/pre/i/2019/049/8/9/bg_year_1___104_by_seriojainc-dd03kkx.jpg" height="388" width="300"/>            <media:thumbnail url="https://t00.deviantart.net/YfFv9AAK4Tm5iEn2zkXBE8_6YnU=/300x200/filters:fixed_height(100,100):origin()/pre00/9ee5/th/pre/i/2019/049/8/9/bg_year_1___104_by_seriojainc-dd03kkx.jpg" height="200" width="155"/>            <media:content url="https://pre00.deviantart.net/9ee5/th/pre/i/2019/049/8/9/bg_year_1___104_by_seriojainc-dd03kkx.jpg" height="1017" width="786" medium="image"/>            
            <description>&lt;span&gt;Aqua.&amp;nbsp;&lt;/span&gt;&lt;span&gt;Fan-requested content from BannaGalactic.com (2012-2013)&lt;/span&gt;&lt;br /&gt;&lt;br /&gt;&lt;span&gt;Artwork by SeriojaInc&lt;/span&gt;&lt;br /&gt;&lt;div&gt;&lt;img src=&quot;https://t00.deviantart.net/YfFv9AAK4Tm5iEn2zkXBE8_6YnU=/300x200/filters:fixed_height(100,100):origin()/pre00/9ee5/th/pre/i/2019/049/8/9/bg_year_1___104_by_seriojainc-dd03kkx.jpg&quot; alt=&quot;thumbnail&quot; /&gt;&lt;/div&gt;</description>            </item>
                    <item>
                <title>Angel(KOF)Corrin</title>
                <link>https://raydango.deviantart.com/art/Angel-KOF-Corrin-786247362</link>
                <guid isPermaLink="true">https://raydango.deviantart.com/art/Angel-KOF-Corrin-786247362</guid>
                <pubDate>Mon, 18 Feb 2019 15:54:22 PST</pubDate>
                        <media:title type="plain">Angel(KOF)Corrin</media:title>
        <media:keywords></media:keywords>
                        <media:rating>nonadult</media:rating>
                <media:category label="Games">fanart/digital/drawings/games</media:category>
        <media:credit role="author" scheme="urn:ebu">RayDango</media:credit>
        <media:credit role="author" scheme="urn:ebu">https://a.deviantart.net/avatars/r/a/raydango.jpg?5</media:credit>
        <media:copyright url="https://raydango.deviantart.com">Copyright 2019 RayDango</media:copyright>            <media:description type="html">Corrin with Angel&#039;s outfit from The King of Fighters series.&lt;br /&gt;&lt;br /&gt;Fire Emblem x KOF?&lt;br /&gt;&lt;br /&gt;&lt;br /&gt;Nah.</media:description>            <media:thumbnail url="https://t00.deviantart.net/x0OniGpFrlY1ipaGj2CL1eAWtKg=/fit-in/150x150/filters:no_upscale():origin()/pre00/b536/th/pre/f/2019/049/7/9/angel_kof_corrin_by_raydango-dd040ci.png" height="150" width="113"/>            <media:thumbnail url="https://t00.deviantart.net/qZYyH4u6Eutt3cRtqyuQcJZjw6o=/fit-in/300x900/filters:no_upscale():origin()/pre00/b536/th/pre/f/2019/049/7/9/angel_kof_corrin_by_raydango-dd040ci.png" height="396" width="300"/>            <media:thumbnail url="https://t00.deviantart.net/mCYEs7xLraRZ0ahp-r_CLA0pV88=/300x200/filters:fixed_height(100,100):origin()/pre00/b536/th/pre/f/2019/049/7/9/angel_kof_corrin_by_raydango-dd040ci.png" height="200" width="151"/>            <media:content url="https://pre00.deviantart.net/b536/th/pre/f/2019/049/7/9/angel_kof_corrin_by_raydango-dd040ci.png" height="1028" width="778" medium="image"/>            
            <description>Corrin with Angel&#039;s outfit from The King of Fighters series.&lt;br /&gt;&lt;br /&gt;Fire Emblem x KOF?&lt;br /&gt;&lt;br /&gt;&lt;br /&gt;Nah.&lt;br /&gt;&lt;div&gt;&lt;img src=&quot;https://t00.deviantart.net/mCYEs7xLraRZ0ahp-r_CLA0pV88=/300x200/filters:fixed_height(100,100):origin()/pre00/b536/th/pre/f/2019/049/7/9/angel_kof_corrin_by_raydango-dd040ci.png&quot; alt=&quot;thumbnail&quot; /&gt;&lt;/div&gt;</description>            </item>
                    <item>
                <title>Beautiful Eyes</title>
                <link>https://makiskan.deviantart.com/art/Beautiful-Eyes-786231391</link>
                <guid isPermaLink="true">https://makiskan.deviantart.com/art/Beautiful-Eyes-786231391</guid>
                <pubDate>Mon, 18 Feb 2019 13:59:22 PST</pubDate>
                        <media:title type="plain">Beautiful Eyes</media:title>
        <media:keywords></media:keywords>
                        <media:rating>nonadult</media:rating>
                <media:category label="Animals &amp; Plants">digitalart/photomanip/animalsplants</media:category>
        <media:credit role="author" scheme="urn:ebu">makiskan</media:credit>
        <media:credit role="author" scheme="urn:ebu">https://a.deviantart.net/avatars/m/a/makiskan.gif?3</media:credit>
        <media:copyright url="https://makiskan.deviantart.com">Copyright 2019 makiskan</media:copyright>             <creativeCommons:license>http://creativecommons.org/licenses/by-nc-nd/3.0/</creativeCommons:license>
                <media:description type="html">&lt;span&gt;This picture has been treated with a different image programs should be turned into painting.&lt;/span&gt;&lt;br /&gt;&lt;br /&gt;&lt;span&gt;Please! Before download add to your favorites!&lt;/span&gt;&lt;br /&gt;&lt;strong&gt;Please!&amp;nbsp;&lt;/strong&gt;&lt;strong&gt;Before download add to your favorites!&lt;br /&gt;If you like my works +watch me for more resources.&lt;/strong&gt;&lt;br /&gt;&lt;span&gt;Thank you.&lt;/span&gt;&lt;br /&gt;&lt;span&gt;Enjoy!&lt;/span&gt;&lt;br /&gt;&lt;br /&gt;&lt;span&gt;Many thanks to all the photographers and artists who have their works for free. Without the permission of artists to use their works, I will not design my graphics.&lt;/span&gt;</media:description>            <media:thumbnail url="https://t00.deviantart.net/dFC7a5iaWG_9tl1v_F5cHeHleEs=/fit-in/150x150/filters:no_upscale():origin()/pre00/1cfc/th/pre/i/2019/049/9/a/beautiful_eyes_by_makiskan-dd03o0v.jpg" height="115" width="150"/>            <media:thumbnail url="https://t00.deviantart.net/I36jxC_Y6xhPLsbtEzahT8Cn6QM=/fit-in/300x900/filters:no_upscale():origin()/pre00/1cfc/th/pre/i/2019/049/9/a/beautiful_eyes_by_makiskan-dd03o0v.jpg" height="230" width="300"/>            <media:thumbnail url="https://t00.deviantart.net/ItYpd9cMLOoEo9a3n9tl7HB_y84=/300x200/filters:fixed_height(100,100):origin()/pre00/1cfc/th/pre/i/2019/049/9/a/beautiful_eyes_by_makiskan-dd03o0v.jpg" height="200" width="261"/>            <media:content url="https://pre00.deviantart.net/1cfc/th/pre/i/2019/049/9/a/beautiful_eyes_by_makiskan-dd03o0v.jpg" height="783" width="1021" medium="image"/>            
            <description>&lt;span&gt;This picture has been treated with a different image programs should be turned into painting.&lt;/span&gt;&lt;br /&gt;&lt;br /&gt;&lt;span&gt;Please! Before download add to your favorites!&lt;/span&gt;&lt;br /&gt;&lt;strong&gt;Please!&amp;nbsp;&lt;/strong&gt;&lt;strong&gt;Before download add to your favorites!&lt;br /&gt;If you like my works +watch me for more resources.&lt;/strong&gt;&lt;br /&gt;&lt;span&gt;Thank you.&lt;/span&gt;&lt;br /&gt;&lt;span&gt;Enjoy!&lt;/span&gt;&lt;br /&gt;&lt;br /&gt;&lt;span&gt;Many thanks to all the photographers and artists who have their works for free. Without the permission of artists to use their works, I will not design my graphics.&lt;/span&gt;&lt;br /&gt;&lt;div&gt;&lt;img src=&quot;https://t00.deviantart.net/ItYpd9cMLOoEo9a3n9tl7HB_y84=/300x200/filters:fixed_height(100,100):origin()/pre00/1cfc/th/pre/i/2019/049/9/a/beautiful_eyes_by_makiskan-dd03o0v.jpg&quot; alt=&quot;thumbnail&quot; /&gt;&lt;/div&gt;</description>            </item>
                    <item>
                <title>[Happy Birthday] Inflame ( VRChat )</title>
                <link>https://elwenz.deviantart.com/art/Happy-Birthday-Inflame-VRChat-786222890</link>
                <guid isPermaLink="true">https://elwenz.deviantart.com/art/Happy-Birthday-Inflame-VRChat-786222890</guid>
                <pubDate>Mon, 18 Feb 2019 13:00:05 PST</pubDate>
                        <media:title type="plain">[Happy Birthday] Inflame ( VRChat )</media:title>
        <media:keywords></media:keywords>
                        <media:rating>nonadult</media:rating>
                <media:category label="Games">fanart/digital/drawings/games</media:category>
        <media:credit role="author" scheme="urn:ebu">Elwenz</media:credit>
        <media:credit role="author" scheme="urn:ebu">https://a.deviantart.net/avatars/e/l/elwenz.gif?10</media:credit>
        <media:copyright url="https://elwenz.deviantart.com">Copyright 2019 Elwenz</media:copyright>            <media:description type="html">&lt;div&gt;Hello everyone !! &lt;br /&gt;&lt;/div&gt;&lt;div&gt;It&#039;s been a while ! &lt;br /&gt;&lt;/div&gt;&lt;div&gt;&lt;br /&gt;&lt;/div&gt;&lt;div&gt;I&#039;m sorry QwQ been super busy... And still busy ! trying to finish quickly commissions and raffle prize... Q-Q Sorry for taking so long !! I keep falling sick, and getting no motivation hhhhh T-T &lt;br /&gt;&lt;/div&gt;&lt;div&gt;&lt;br /&gt;&lt;/div&gt;&lt;div&gt;That&#039;s a drawing i made quickly for a VRChat friend birthday in january ! &lt;img src=&quot;https://e.deviantart.net/emoticons/s/smile.gif&quot; width=&quot;15&quot; height=&quot;15&quot; alt=&quot;:)&quot; data-embed-type=&quot;emoticon&quot; data-embed-id=&quot;391&quot; title=&quot;:) (Smile)&quot;/&gt; &lt;br /&gt;&lt;/div&gt;&lt;div&gt;&lt;br /&gt;&lt;/div&gt;&lt;div&gt;&lt;br /&gt;&lt;/div&gt;</media:description>            <media:thumbnail url="https://t00.deviantart.net/-jB06iTQ8uHRB75BcNHg6jsgfa4=/fit-in/150x150/filters:no_upscale():origin()/pre00/2e40/th/pre/i/2019/049/4/5/_happy_birthday__inflame___vrchat___by_elwenz-dd03hgq.png" height="98" width="150"/>            <media:thumbnail url="https://t00.deviantart.net/4MpruBLS9jLqTonv2EF-y7ABF-o=/fit-in/300x900/filters:no_upscale():origin()/pre00/2e40/th/pre/i/2019/049/4/5/_happy_birthday__inflame___vrchat___by_elwenz-dd03hgq.png" height="195" width="300"/>            <media:thumbnail url="https://t00.deviantart.net/4cJkE3MJv1KsQVZtLXKHMG-z4zQ=/300x200/filters:fixed_height(100,100):origin()/pre00/2e40/th/pre/i/2019/049/4/5/_happy_birthday__inflame___vrchat___by_elwenz-dd03hgq.png" height="195" width="300"/>            <media:content url="https://pre00.deviantart.net/2e40/th/pre/i/2019/049/4/5/_happy_birthday__inflame___vrchat___by_elwenz-dd03hgq.png" height="721" width="1109" medium="image"/>            
            <description>&lt;div&gt;Hello everyone !! &lt;br /&gt;&lt;/div&gt;&lt;div&gt;It&#039;s been a while ! &lt;br /&gt;&lt;/div&gt;&lt;div&gt;&lt;br /&gt;&lt;/div&gt;&lt;div&gt;I&#039;m sorry QwQ been super busy... And still busy ! trying to finish quickly commissions and raffle prize... Q-Q Sorry for taking so long !! I keep falling sick, and getting no motivation hhhhh T-T &lt;br /&gt;&lt;/div&gt;&lt;div&gt;&lt;br /&gt;&lt;/div&gt;&lt;div&gt;That&#039;s a drawing i made quickly for a VRChat friend birthday in january ! &lt;img src=&quot;https://e.deviantart.net/emoticons/s/smile.gif&quot; width=&quot;15&quot; height=&quot;15&quot; alt=&quot;:)&quot; data-embed-type=&quot;emoticon&quot; data-embed-id=&quot;391&quot; title=&quot;:) (Smile)&quot;/&gt; &lt;br /&gt;&lt;/div&gt;&lt;div&gt;&lt;br /&gt;&lt;/div&gt;&lt;div&gt;&lt;br /&gt;&lt;/div&gt;&lt;br /&gt;&lt;div&gt;&lt;img src=&quot;https://t00.deviantart.net/4cJkE3MJv1KsQVZtLXKHMG-z4zQ=/300x200/filters:fixed_height(100,100):origin()/pre00/2e40/th/pre/i/2019/049/4/5/_happy_birthday__inflame___vrchat___by_elwenz-dd03hgq.png&quot; alt=&quot;thumbnail&quot; /&gt;&lt;/div&gt;</description>            </item>
                    <item>
                <title>Naeru in the final battle-comm</title>
                <link>https://xdtopsu01.deviantart.com/art/Naeru-in-the-final-battle-comm-786258601</link>
                <guid isPermaLink="true">https://xdtopsu01.deviantart.com/art/Naeru-in-the-final-battle-comm-786258601</guid>
                <pubDate>Mon, 18 Feb 2019 17:19:21 PST</pubDate>
                        <media:title type="plain">Naeru in the final battle-comm</media:title>
        <media:keywords></media:keywords>
                        <media:rating>nonadult</media:rating>
                <media:category label="Pin-up">digitalart/paintings/people/pinup</media:category>
        <media:credit role="author" scheme="urn:ebu">xdtopsu01</media:credit>
        <media:credit role="author" scheme="urn:ebu">https://a.deviantart.net/avatars/x/d/xdtopsu01.jpg?12</media:credit>
        <media:copyright url="https://xdtopsu01.deviantart.com">Copyright 2019 xdtopsu01</media:copyright>            <media:description type="html">&lt;p&gt;A commission&amp;nbsp;MrolasN&lt;br /&gt;&lt;/p&gt;&lt;div&gt;&lt;div&gt;-&lt;b&gt;Suport me on&lt;/b&gt;&amp;nbsp;&lt;a class=&quot;external&quot; href=&quot;https://www.deviantart.com/users/outgoing?https://www.patreon.com/xdtopsu01&quot;&gt;PATREON&lt;/a&gt;&amp;#8212;-visit my patreon&amp;#8211;PSD-HD-&amp;nbsp;&lt;b&gt;version patreon nfsw-&lt;/b&gt;&lt;/div&gt;&lt;ul&gt;&lt;li&gt;-&lt;b&gt;Follow me on&lt;/b&gt;&amp;nbsp;&amp;nbsp;&lt;a class=&quot;external&quot; href=&quot;https://www.deviantart.com/users/outgoing?https://www.deviantart.com/users/outgoing?http://t.umblr.com/redirect?z=http%3A%2F%2Fwww.deviantart.com%2Fusers%2Foutgoing%3Fhttps%3A%2F%2Fwww.facebook.com%2FXDtopsu%2F%3Fref%3Daymt_homepage_panel&amp;amp;t=MWMxNmNmYTdlZTZmY2RkMWI0ZjlkYmZkMzY0YTRkMjRiNjM5ZDhjZSxVVGR5TFdjQw%3D%3D&amp;amp;b=t%3AgPLhsqYFAYAvJ5ivNE6TEQ&amp;amp;m=1&quot;&gt;FACEBOOK&lt;/a&gt;&lt;br /&gt;&lt;/li&gt;&lt;li&gt;&lt;b&gt;-Follow me on&amp;nbsp;&lt;a class=&quot;external&quot; href=&quot;https://www.deviantart.com/users/outgoing?http://topsu01.tumblr.com/&quot;&gt;TUMBLR&lt;/a&gt;&lt;/b&gt;&lt;br /&gt;&lt;/li&gt;&lt;li&gt;Instagram!&lt;a class=&quot;external&quot; href=&quot;https://www.deviantart.com/users/outgoing?https://www.instagram.com/xdtopsu/&quot;&gt;www.instagram.com/xdtopsu/&lt;/a&gt;&lt;/li&gt;&lt;li&gt;please support me in patreon to continue uploading art with quality&amp;nbsp;&lt;/li&gt;&lt;/ul&gt;&lt;/div&gt;</media:description>            <media:thumbnail url="https://t00.deviantart.net/oR42TGHyS6okPfSxfyi8gbvDLYk=/fit-in/150x150/filters:no_upscale():origin()/pre00/1737/th/pre/f/2019/049/7/6/naeru_in_the_final_battle_comm_by_xdtopsu01-dd0490p.jpg" height="150" width="73"/>            <media:thumbnail url="https://t00.deviantart.net/55fxPNZ-a7jJvoqYe12Ugk3djTk=/fit-in/300x900/filters:no_upscale():origin()/pre00/1737/th/pre/f/2019/049/7/6/naeru_in_the_final_battle_comm_by_xdtopsu01-dd0490p.jpg" height="617" width="300"/>            <media:thumbnail url="https://t00.deviantart.net/YfU3Th5fBHKWlb86dJJKMVnOMtU=/300x200/filters:fixed_height(100,100):origin()/pre00/1737/th/pre/f/2019/049/7/6/naeru_in_the_final_battle_comm_by_xdtopsu01-dd0490p.jpg" height="201" width="100"/>            <media:content url="https://pre00.deviantart.net/1737/th/pre/f/2019/049/7/6/naeru_in_the_final_battle_comm_by_xdtopsu01-dd0490p.jpg" height="1282" width="623" medium="image"/>            
            <description>&lt;p&gt;A commission&amp;nbsp;MrolasN&lt;br /&gt;&lt;/p&gt;&lt;div&gt;&lt;div&gt;-&lt;b&gt;Suport me on&lt;/b&gt;&amp;nbsp;&lt;a class=&quot;external&quot; href=&quot;https://www.deviantart.com/users/outgoing?https://www.patreon.com/xdtopsu01&quot;&gt;PATREON&lt;/a&gt;&amp;#8212;-visit my patreon&amp;#8211;PSD-HD-&amp;nbsp;&lt;b&gt;version patreon nfsw-&lt;/b&gt;&lt;/div&gt;&lt;ul&gt;&lt;li&gt;-&lt;b&gt;Follow me on&lt;/b&gt;&amp;nbsp;&amp;nbsp;&lt;a class=&quot;external&quot; href=&quot;https://www.deviantart.com/users/outgoing?https://www.deviantart.com/users/outgoing?http://t.umblr.com/redirect?z=http%3A%2F%2Fwww.deviantart.com%2Fusers%2Foutgoing%3Fhttps%3A%2F%2Fwww.facebook.com%2FXDtopsu%2F%3Fref%3Daymt_homepage_panel&amp;amp;t=MWMxNmNmYTdlZTZmY2RkMWI0ZjlkYmZkMzY0YTRkMjRiNjM5ZDhjZSxVVGR5TFdjQw%3D%3D&amp;amp;b=t%3AgPLhsqYFAYAvJ5ivNE6TEQ&amp;amp;m=1&quot;&gt;FACEBOOK&lt;/a&gt;&lt;br /&gt;&lt;/li&gt;&lt;li&gt;&lt;b&gt;-Follow me on&amp;nbsp;&lt;a class=&quot;external&quot; href=&quot;https://www.deviantart.com/users/outgoing?http://topsu01.tumblr.com/&quot;&gt;TUMBLR&lt;/a&gt;&lt;/b&gt;&lt;br /&gt;&lt;/li&gt;&lt;li&gt;Instagram!&lt;a class=&quot;external&quot; href=&quot;https://www.deviantart.com/users/outgoing?https://www.instagram.com/xdtopsu/&quot;&gt;www.instagram.com/xdtopsu/&lt;/a&gt;&lt;/li&gt;&lt;li&gt;please support me in patreon to continue uploading art with quality&amp;nbsp;&lt;/li&gt;&lt;/ul&gt;&lt;/div&gt;&lt;br /&gt;&lt;div&gt;&lt;img src=&quot;https://t00.deviantart.net/YfU3Th5fBHKWlb86dJJKMVnOMtU=/300x200/filters:fixed_height(100,100):origin()/pre00/1737/th/pre/f/2019/049/7/6/naeru_in_the_final_battle_comm_by_xdtopsu01-dd0490p.jpg&quot; alt=&quot;thumbnail&quot; /&gt;&lt;/div&gt;</description>            </item>
                    <item>
                <title>Pure pony</title>
                <link>https://yakovlev-vad.deviantart.com/art/Pure-pony-786350260</link>
                <guid isPermaLink="true">https://yakovlev-vad.deviantart.com/art/Pure-pony-786350260</guid>
                <pubDate>Tue, 19 Feb 2019 10:57:33 PST</pubDate>
                        <media:title type="plain">Pure pony</media:title>
        <media:keywords></media:keywords>
                        <media:rating>nonadult</media:rating>
                <media:category label="Movies &amp; TV">fanart/digital/drawings/movies</media:category>
        <media:credit role="author" scheme="urn:ebu">Yakovlev-vad</media:credit>
        <media:credit role="author" scheme="urn:ebu">https://a.deviantart.net/avatars/y/a/yakovlev-vad.jpg?9</media:credit>
        <media:copyright url="https://yakovlev-vad.deviantart.com">Copyright 2019 Yakovlev-vad</media:copyright>            <media:description type="html">&lt;div&gt;&lt;div&gt;&lt;span&gt;Apple-flavored shampoo mmmmmmmm... nice &amp;gt;w&amp;lt;&lt;/span&gt;&lt;/div&gt;&lt;/div&gt;&lt;div&gt;&lt;div&gt;&lt;br /&gt;Little pic just by mood)&amp;nbsp;&lt;/div&gt;&lt;/div&gt;</media:description>            <media:thumbnail url="https://t00.deviantart.net/JGegE2w0AeFRqrgP7zRSFoZS5GE=/fit-in/150x150/filters:no_upscale():origin()/pre00/afab/th/pre/i/2019/050/f/3/pure_pony_by_yakovlev_vad-dd067qs.png" height="150" width="107"/>            <media:thumbnail url="https://t00.deviantart.net/3syvMvAC-OAgVShNex_H0b-s9kw=/fit-in/300x900/filters:no_upscale():origin()/pre00/afab/th/pre/i/2019/050/f/3/pure_pony_by_yakovlev_vad-dd067qs.png" height="419" width="300"/>            <media:thumbnail url="https://t00.deviantart.net/ilGwTVPGbZNL_kO4VIFMKWYzPkY=/300x200/filters:fixed_height(100,100):origin()/pre00/afab/th/pre/i/2019/050/f/3/pure_pony_by_yakovlev_vad-dd067qs.png" height="200" width="143"/>            <media:content url="https://pre00.deviantart.net/afab/th/pre/i/2019/050/f/3/pure_pony_by_yakovlev_vad-dd067qs.png" height="1056" width="757" medium="image"/>            
            <description>&lt;div&gt;&lt;div&gt;&lt;span&gt;Apple-flavored shampoo mmmmmmmm... nice &amp;gt;w&amp;lt;&lt;/span&gt;&lt;/div&gt;&lt;/div&gt;&lt;div&gt;&lt;div&gt;&lt;br /&gt;Little pic just by mood)&amp;nbsp;&lt;/div&gt;&lt;/div&gt;&lt;br /&gt;&lt;div&gt;&lt;img src=&quot;https://t00.deviantart.net/ilGwTVPGbZNL_kO4VIFMKWYzPkY=/300x200/filters:fixed_height(100,100):origin()/pre00/afab/th/pre/i/2019/050/f/3/pure_pony_by_yakovlev_vad-dd067qs.png&quot; alt=&quot;thumbnail&quot; /&gt;&lt;/div&gt;</description>            </item>
                    <item>
                <title>Doki Doki LC - Monika Portrait (2019)</title>
                <link>https://chocomiru02.deviantart.com/art/Doki-Doki-LC-Monika-Portrait-2019-786247193</link>
                <guid isPermaLink="true">https://chocomiru02.deviantart.com/art/Doki-Doki-LC-Monika-Portrait-2019-786247193</guid>
                <pubDate>Mon, 18 Feb 2019 15:53:45 PST</pubDate>
                        <media:title type="plain">Doki Doki LC - Monika Portrait (2019)</media:title>
        <media:keywords></media:keywords>
                        <media:rating>nonadult</media:rating>
                <media:category label="Games">fanart/manga/digital/games</media:category>
        <media:credit role="author" scheme="urn:ebu">chocomiru02</media:credit>
        <media:credit role="author" scheme="urn:ebu">https://a.deviantart.net/avatars/c/h/chocomiru02.png?3</media:credit>
        <media:copyright url="https://chocomiru02.deviantart.com">Copyright 2019 chocomiru02</media:copyright>            <media:description type="html">New Monika art! You can find more art on my Twitter!&amp;nbsp;&lt;a class=&quot;external&quot; href=&quot;https://www.deviantart.com/users/outgoing?https://twitter.com/chocomiru02&quot;&gt;twitter.com/chocomiru02&lt;/a&gt;&lt;br /&gt;Patreon helps me make more art! If you enjoy my work, please consider supporting me here!&amp;nbsp;&lt;a class=&quot;external&quot; href=&quot;https://www.deviantart.com/users/outgoing?https://www.patreon.com/chocomiru&quot;&gt;www.patreon.com/chocomiru&lt;/a&gt;&lt;br /&gt;&lt;span&gt;Tutorials, SpeedPaints, Animations and more on my Youtube Channel!&amp;nbsp;&lt;/span&gt;&lt;span&gt;&lt;a href=&quot;https://www.deviantart.com/users/outgoing?https://www.youtube.com/c/Chocomiru&quot;&gt;&lt;/a&gt;&lt;a class=&quot;external&quot; href=&quot;https://www.deviantart.com/users/outgoing?https://www.youtube.com/c/Chocomiru&quot;&gt;www.youtube.com/c/Chocomiru&lt;/a&gt;&lt;/span&gt;&lt;br /&gt;&lt;span&gt;You can support me on ko-fi here!&amp;nbsp;&lt;/span&gt;&lt;a class=&quot;external&quot; href=&quot;https://www.deviantart.com/users/outgoing?https://ko-fi.com/chocomiru&quot;&gt;ko-fi.com/chocomiru&lt;/a&gt;</media:description>            <media:thumbnail url="https://t00.deviantart.net/DKthh-N5FUxAq5oC9GqhLVAkmWY=/fit-in/150x150/filters:no_upscale():origin()/pre00/ae7b/th/pre/f/2019/049/6/2/6224555b221842d1f2383d5d0cee9d74-dd0407t.png" height="149" width="150"/>            <media:thumbnail url="https://t00.deviantart.net/xNiWu_-XB67hDKM1Uyyndxz2Hy8=/fit-in/300x900/filters:no_upscale():origin()/pre00/ae7b/th/pre/f/2019/049/6/2/6224555b221842d1f2383d5d0cee9d74-dd0407t.png" height="299" width="300"/>            <media:thumbnail url="https://t00.deviantart.net/0ylWYnchCg5_XJ8-rra-Ja3_UBo=/300x200/filters:fixed_height(100,100):origin()/pre00/ae7b/th/pre/f/2019/049/6/2/6224555b221842d1f2383d5d0cee9d74-dd0407t.png" height="200" width="201"/>            <media:content url="https://orig00.deviantart.net/8834/f/2019/049/6/2/6224555b221842d1f2383d5d0cee9d74-dd0407t.png" height="505" width="507" medium="image"/>            
            <description>New Monika art! You can find more art on my Twitter!&amp;nbsp;&lt;a class=&quot;external&quot; href=&quot;https://www.deviantart.com/users/outgoing?https://twitter.com/chocomiru02&quot;&gt;twitter.com/chocomiru02&lt;/a&gt;&lt;br /&gt;Patreon helps me make more art! If you enjoy my work, please consider supporting me here!&amp;nbsp;&lt;a class=&quot;external&quot; href=&quot;https://www.deviantart.com/users/outgoing?https://www.patreon.com/chocomiru&quot;&gt;www.patreon.com/chocomiru&lt;/a&gt;&lt;br /&gt;&lt;span&gt;Tutorials, SpeedPaints, Animations and more on my Youtube Channel!&amp;nbsp;&lt;/span&gt;&lt;span&gt;&lt;a href=&quot;https://www.deviantart.com/users/outgoing?https://www.youtube.com/c/Chocomiru&quot;&gt;&lt;/a&gt;&lt;a class=&quot;external&quot; href=&quot;https://www.deviantart.com/users/outgoing?https://www.youtube.com/c/Chocomiru&quot;&gt;www.youtube.com/c/Chocomiru&lt;/a&gt;&lt;/span&gt;&lt;br /&gt;&lt;span&gt;You can support me on ko-fi here!&amp;nbsp;&lt;/span&gt;&lt;a class=&quot;external&quot; href=&quot;https://www.deviantart.com/users/outgoing?https://ko-fi.com/chocomiru&quot;&gt;ko-fi.com/chocomiru&lt;/a&gt;&lt;br /&gt;&lt;div&gt;&lt;img src=&quot;https://t00.deviantart.net/0ylWYnchCg5_XJ8-rra-Ja3_UBo=/300x200/filters:fixed_height(100,100):origin()/pre00/ae7b/th/pre/f/2019/049/6/2/6224555b221842d1f2383d5d0cee9d74-dd0407t.png&quot; alt=&quot;thumbnail&quot; /&gt;&lt;/div&gt;</description>            </item>
                    <item>
                <title>Animal Crossing</title>
                <link>https://suikuzu.deviantart.com/art/Animal-Crossing-786252308</link>
                <guid isPermaLink="true">https://suikuzu.deviantart.com/art/Animal-Crossing-786252308</guid>
                <pubDate>Mon, 18 Feb 2019 16:31:31 PST</pubDate>
                        <media:title type="plain">Animal Crossing</media:title>
        <media:keywords></media:keywords>
                        <media:rating>nonadult</media:rating>
                <media:category label="Games">fanart/digital/drawings/games</media:category>
        <media:credit role="author" scheme="urn:ebu">suikuzu</media:credit>
        <media:credit role="author" scheme="urn:ebu">https://a.deviantart.net/avatars/s/u/suikuzu.png?2</media:credit>
        <media:copyright url="https://suikuzu.deviantart.com">Copyright 2019 suikuzu</media:copyright>            <media:description type="html">Just a little life sign &lt;img src=&quot;https://e.deviantart.net/emoticons/s/smile.gif&quot; width=&quot;15&quot; height=&quot;15&quot; alt=&quot;:)&quot; data-embed-type=&quot;emoticon&quot; data-embed-id=&quot;391&quot; title=&quot;:) (Smile)&quot;/&gt;</media:description>            <media:thumbnail url="https://t00.deviantart.net/GoIfUtpnMntWBrINPs_fM8LH22Y=/fit-in/150x150/filters:no_upscale():origin()/pre00/4699/th/pre/f/2019/049/a/3/animal_crossing_by_suikuzu-dd0445w.jpg" height="105" width="150"/>            <media:thumbnail url="https://t00.deviantart.net/CGH6Ql3YZ8ibD7M0Qafdqf53w0E=/fit-in/300x900/filters:no_upscale():origin()/pre00/4699/th/pre/f/2019/049/a/3/animal_crossing_by_suikuzu-dd0445w.jpg" height="209" width="300"/>            <media:thumbnail url="https://t00.deviantart.net/LkLPhRv3fHO5IvF0UpCU5vpe58c=/300x200/filters:fixed_height(100,100):origin()/pre00/4699/th/pre/f/2019/049/a/3/animal_crossing_by_suikuzu-dd0445w.jpg" height="200" width="287"/>            <media:content url="https://pre00.deviantart.net/4699/th/pre/f/2019/049/a/3/animal_crossing_by_suikuzu-dd0445w.jpg" height="747" width="1070" medium="image"/>            
            <description>Just a little life sign &lt;img src=&quot;https://e.deviantart.net/emoticons/s/smile.gif&quot; width=&quot;15&quot; height=&quot;15&quot; alt=&quot;:)&quot; data-embed-type=&quot;emoticon&quot; data-embed-id=&quot;391&quot; title=&quot;:) (Smile)&quot;/&gt;&lt;br /&gt;&lt;div&gt;&lt;img src=&quot;https://t00.deviantart.net/LkLPhRv3fHO5IvF0UpCU5vpe58c=/300x200/filters:fixed_height(100,100):origin()/pre00/4699/th/pre/f/2019/049/a/3/animal_crossing_by_suikuzu-dd0445w.jpg&quot; alt=&quot;thumbnail&quot; /&gt;&lt;/div&gt;</description>            </item>
                    <item>
                <title>Waking up</title>
                <link>https://luigiix.deviantart.com/art/Waking-up-784768277</link>
                <guid isPermaLink="true">https://luigiix.deviantart.com/art/Waking-up-784768277</guid>
                <pubDate>Mon, 18 Feb 2019 16:53:29 PST</pubDate>
                        <media:title type="plain">Waking up</media:title>
        <media:keywords></media:keywords>
                        <media:rating>nonadult</media:rating>
                <media:category label="Fantasy">digitalart/paintings/fantasy</media:category>
        <media:credit role="author" scheme="urn:ebu">luigiix</media:credit>
        <media:credit role="author" scheme="urn:ebu">https://a.deviantart.net/avatars/l/u/luigiix.jpg?11</media:credit>
        <media:copyright url="https://luigiix.deviantart.com">Copyright 2019 luigiix</media:copyright>            <media:description type="html">&lt;div&gt;Commission &lt;img src=&quot;https://e.deviantart.net/emoticons/s/smile.gif&quot; width=&quot;15&quot; height=&quot;15&quot; alt=&quot;:)&quot; data-embed-type=&quot;emoticon&quot; data-embed-id=&quot;391&quot; title=&quot;:) (Smile)&quot;/&gt;&lt;/div&gt;&lt;div&gt;&lt;br /&gt;&lt;/div&gt;&lt;div&gt;Art by &lt;span class=&quot;username-with-symbol u&quot;&gt;&lt;a class=&quot;u regular username&quot; href=&quot;https://www.deviantart.com/luigiix&quot;&gt;luigiix&lt;/a&gt;&lt;span class=&quot;user-symbol regular&quot; data-quicktip-text=&quot;&quot; data-show-tooltip=&quot;&quot; data-gruser-type=&quot;regular&quot;&gt;&lt;/span&gt;&lt;/span&gt;&lt;br /&gt;&lt;/div&gt;</media:description>            <media:thumbnail url="https://t00.deviantart.net/JlxMYfOeCgKK-aKLmf03qBy3xu0=/fit-in/150x150/filters:no_upscale():origin()/pre00/3a9f/th/pre/f/2019/049/a/4/waking_up_by_luigiix-dcz8b2t.png" height="149" width="150"/>            <media:thumbnail url="https://t00.deviantart.net/WE3m3Ls2UM4QFf7ybej6YOHwobw=/fit-in/300x900/filters:no_upscale():origin()/pre00/3a9f/th/pre/f/2019/049/a/4/waking_up_by_luigiix-dcz8b2t.png" height="298" width="300"/>            <media:thumbnail url="https://t00.deviantart.net/-ztaEpO2cm1NdnVbA4TbyVcDQB4=/300x200/filters:fixed_height(100,100):origin()/pre00/3a9f/th/pre/f/2019/049/a/4/waking_up_by_luigiix-dcz8b2t.png" height="200" width="202"/>            <media:content url="https://pre00.deviantart.net/3a9f/th/pre/f/2019/049/a/4/waking_up_by_luigiix-dcz8b2t.png" height="890" width="898" medium="image"/>            
            <description>&lt;div&gt;Commission &lt;img src=&quot;https://e.deviantart.net/emoticons/s/smile.gif&quot; width=&quot;15&quot; height=&quot;15&quot; alt=&quot;:)&quot; data-embed-type=&quot;emoticon&quot; data-embed-id=&quot;391&quot; title=&quot;:) (Smile)&quot;/&gt;&lt;/div&gt;&lt;div&gt;&lt;br /&gt;&lt;/div&gt;&lt;div&gt;Art by &lt;span class=&quot;username-with-symbol u&quot;&gt;&lt;a class=&quot;u regular username&quot; href=&quot;https://www.deviantart.com/luigiix&quot;&gt;luigiix&lt;/a&gt;&lt;span class=&quot;user-symbol regular&quot; data-quicktip-text=&quot;&quot; data-show-tooltip=&quot;&quot; data-gruser-type=&quot;regular&quot;&gt;&lt;/span&gt;&lt;/span&gt;&lt;br /&gt;&lt;/div&gt;&lt;br /&gt;&lt;div&gt;&lt;img src=&quot;https://t00.deviantart.net/-ztaEpO2cm1NdnVbA4TbyVcDQB4=/300x200/filters:fixed_height(100,100):origin()/pre00/3a9f/th/pre/f/2019/049/a/4/waking_up_by_luigiix-dcz8b2t.png&quot; alt=&quot;thumbnail&quot; /&gt;&lt;/div&gt;</description>            </item>
                    <item>
                <title>#1650 Abstract BB - Zodiac Sagittarius</title>
                <link>https://griffsnuff.deviantart.com/art/1650-Abstract-BB-Zodiac-Sagittarius-786247075</link>
                <guid isPermaLink="true">https://griffsnuff.deviantart.com/art/1650-Abstract-BB-Zodiac-Sagittarius-786247075</guid>
                <pubDate>Mon, 18 Feb 2019 15:46:46 PST</pubDate>
                        <media:title type="plain">#1650 Abstract BB - Zodiac Sagittarius</media:title>
        <media:keywords></media:keywords>
                        <media:rating>nonadult</media:rating>
                <media:category label="Other">digitalart/paintings/other</media:category>
        <media:credit role="author" scheme="urn:ebu">griffsnuff</media:credit>
        <media:credit role="author" scheme="urn:ebu">https://a.deviantart.net/avatars/g/r/griffsnuff.gif?12</media:credit>
        <media:copyright url="https://griffsnuff.deviantart.com">Copyright 2019 griffsnuff</media:copyright>            <media:description type="html">&lt;img src=&quot;https://e.deviantart.net/emoticons/l/la.gif&quot; alt=&quot;La la la la&quot; style=&quot;width: 19px; height: 19px;&quot; data-embed-type=&quot;emoticon&quot; data-embed-id=&quot;577&quot;&gt;&lt;span&gt;&amp;nbsp;Doing the Zodiacs in Titan form!&amp;nbsp;&lt;/span&gt;&lt;br /&gt;&lt;br /&gt;&lt;b&gt;Rules for&amp;nbsp;flatsales&lt;/b&gt;&lt;br /&gt;&lt;img src=&quot;https://e.deviantart.net/emoticons/b/bulletgreen.gif&quot; alt=&quot;Bullet; Green&quot; style=&quot;width: 10px; height: 10px;&quot; data-embed-type=&quot;emoticon&quot; data-embed-id=&quot;209&quot;&gt;&lt;span&gt;&amp;nbsp;Paypal only!&lt;/span&gt;&lt;br /&gt;&lt;img src=&quot;https://e.deviantart.net/emoticons/b/bulletred.gif&quot; alt=&quot;Bullet; Red&quot; style=&quot;width: 10px; height: 10px;&quot; data-embed-type=&quot;emoticon&quot; data-embed-id=&quot;210&quot;&gt;&lt;span&gt;&amp;nbsp;First come first serve&lt;/span&gt;&lt;br /&gt;&lt;img src=&quot;https://e.deviantart.net/emoticons/b/bulletred.gif&quot; alt=&quot;Bullet; Red&quot; style=&quot;width: 10px; height: 10px;&quot; data-embed-type=&quot;emoticon&quot; data-embed-id=&quot;210&quot;&gt;&lt;span&gt;&amp;nbsp;Do not claim unless you have the full amount asked for.&lt;/span&gt;&lt;br /&gt;&lt;img src=&quot;https://e.deviantart.net/emoticons/b/bulletred.gif&quot; alt=&quot;Bullet; Red&quot; style=&quot;width: 10px; height: 10px;&quot; data-embed-type=&quot;emoticon&quot; data-embed-id=&quot;210&quot;&gt;&lt;span&gt;&amp;nbsp;Payment due after claiming it or it will be resold.&lt;/span&gt;&lt;br /&gt;&lt;br /&gt;&lt;b&gt;$200 PAID&lt;/b&gt;&lt;br /&gt;&lt;br /&gt;&lt;b&gt;Information&lt;/b&gt;&lt;br /&gt;&lt;span&gt;Griffian: Bagbean ( Titan form)&lt;/span&gt;&lt;br /&gt;&lt;span&gt;Subtype: Abstract&lt;/span&gt;&lt;br /&gt;&lt;span&gt;Status: Magical, Blessed&lt;/span&gt;&lt;br /&gt;&lt;span&gt;Mutations: Glow&amp;nbsp; - Coat cover , Aura sprout&lt;/span&gt;&lt;br /&gt;&lt;span&gt;Owner:&amp;nbsp;&lt;/span&gt;&lt;a href=&quot;https://www.deviantart.com/kateagriff&quot;&gt;kateagriff&lt;/a&gt;&lt;span&gt;&lt;/span&gt;</media:description>            <media:thumbnail url="https://t00.deviantart.net/1WfPVFCbzJjzfJ4WsQuqkfxC-1w=/fit-in/150x150/filters:no_upscale():origin()/pre00/4534/th/pre/f/2019/049/a/5/saggitarious_by_griffsnuff-dd0404j.png" height="103" width="150"/>            <media:thumbnail url="https://t00.deviantart.net/t1VcgJSapbGUpAvwv7LvY_PfHwE=/fit-in/300x900/filters:no_upscale():origin()/pre00/4534/th/pre/f/2019/049/a/5/saggitarious_by_griffsnuff-dd0404j.png" height="206" width="300"/>            <media:thumbnail url="https://t00.deviantart.net/4vrfUZ9PXnTRu57cebQBv_UKov8=/300x200/filters:fixed_height(100,100):origin()/pre00/4534/th/pre/f/2019/049/a/5/saggitarious_by_griffsnuff-dd0404j.png" height="200" width="292"/>            <media:content url="https://pre00.deviantart.net/4534/th/pre/f/2019/049/a/5/saggitarious_by_griffsnuff-dd0404j.png" height="740" width="1080" medium="image"/>            
            <description>&lt;img src=&quot;https://e.deviantart.net/emoticons/l/la.gif&quot; alt=&quot;La la la la&quot; style=&quot;width: 19px; height: 19px;&quot; data-embed-type=&quot;emoticon&quot; data-embed-id=&quot;577&quot;&gt;&lt;span&gt;&amp;nbsp;Doing the Zodiacs in Titan form!&amp;nbsp;&lt;/span&gt;&lt;br /&gt;&lt;br /&gt;&lt;b&gt;Rules for&amp;nbsp;flatsales&lt;/b&gt;&lt;br /&gt;&lt;img src=&quot;https://e.deviantart.net/emoticons/b/bulletgreen.gif&quot; alt=&quot;Bullet; Green&quot; style=&quot;width: 10px; height: 10px;&quot; data-embed-type=&quot;emoticon&quot; data-embed-id=&quot;209&quot;&gt;&lt;span&gt;&amp;nbsp;Paypal only!&lt;/span&gt;&lt;br /&gt;&lt;img src=&quot;https://e.deviantart.net/emoticons/b/bulletred.gif&quot; alt=&quot;Bullet; Red&quot; style=&quot;width: 10px; height: 10px;&quot; data-embed-type=&quot;emoticon&quot; data-embed-id=&quot;210&quot;&gt;&lt;span&gt;&amp;nbsp;First come first serve&lt;/span&gt;&lt;br /&gt;&lt;img src=&quot;https://e.deviantart.net/emoticons/b/bulletred.gif&quot; alt=&quot;Bullet; Red&quot; style=&quot;width: 10px; height: 10px;&quot; data-embed-type=&quot;emoticon&quot; data-embed-id=&quot;210&quot;&gt;&lt;span&gt;&amp;nbsp;Do not claim unless you have the full amount asked for.&lt;/span&gt;&lt;br /&gt;&lt;img src=&quot;https://e.deviantart.net/emoticons/b/bulletred.gif&quot; alt=&quot;Bullet; Red&quot; style=&quot;width: 10px; height: 10px;&quot; data-embed-type=&quot;emoticon&quot; data-embed-id=&quot;210&quot;&gt;&lt;span&gt;&amp;nbsp;Payment due after claiming it or it will be resold.&lt;/span&gt;&lt;br /&gt;&lt;br /&gt;&lt;b&gt;$200 PAID&lt;/b&gt;&lt;br /&gt;&lt;br /&gt;&lt;b&gt;Information&lt;/b&gt;&lt;br /&gt;&lt;span&gt;Griffian: Bagbean ( Titan form)&lt;/span&gt;&lt;br /&gt;&lt;span&gt;Subtype: Abstract&lt;/span&gt;&lt;br /&gt;&lt;span&gt;Status: Magical, Blessed&lt;/span&gt;&lt;br /&gt;&lt;span&gt;Mutations: Glow&amp;nbsp; - Coat cover , Aura sprout&lt;/span&gt;&lt;br /&gt;&lt;span&gt;Owner:&amp;nbsp;&lt;/span&gt;&lt;a href=&quot;https://www.deviantart.com/kateagriff&quot;&gt;kateagriff&lt;/a&gt;&lt;span&gt;&lt;/span&gt;&lt;br /&gt;&lt;div&gt;&lt;img src=&quot;https://t00.deviantart.net/4vrfUZ9PXnTRu57cebQBv_UKov8=/300x200/filters:fixed_height(100,100):origin()/pre00/4534/th/pre/f/2019/049/a/5/saggitarious_by_griffsnuff-dd0404j.png&quot; alt=&quot;thumbnail&quot; /&gt;&lt;/div&gt;</description>            </item>
                    <item>
                <title>#1651 Abstract BB - Zodiac Aquarius</title>
                <link>https://griffsnuff.deviantart.com/art/1651-Abstract-BB-Zodiac-Aquarius-786255376</link>
                <guid isPermaLink="true">https://griffsnuff.deviantart.com/art/1651-Abstract-BB-Zodiac-Aquarius-786255376</guid>
                <pubDate>Mon, 18 Feb 2019 16:52:09 PST</pubDate>
                        <media:title type="plain">#1651 Abstract BB - Zodiac Aquarius</media:title>
        <media:keywords></media:keywords>
                        <media:rating>nonadult</media:rating>
                <media:category label="Other">digitalart/paintings/other</media:category>
        <media:credit role="author" scheme="urn:ebu">griffsnuff</media:credit>
        <media:credit role="author" scheme="urn:ebu">https://a.deviantart.net/avatars/g/r/griffsnuff.gif?12</media:credit>
        <media:copyright url="https://griffsnuff.deviantart.com">Copyright 2019 griffsnuff</media:copyright>            <media:description type="html">&lt;img src=&quot;https://e.deviantart.net/emoticons/l/la.gif&quot; alt=&quot;La la la la&quot; style=&quot;width: 19px; height: 19px;&quot; data-embed-type=&quot;emoticon&quot; data-embed-id=&quot;577&quot;&gt;&lt;span&gt;&amp;nbsp;Doing the Zodiacs in Titan form!&amp;nbsp;&lt;/span&gt;&lt;br /&gt;&lt;br /&gt;&lt;b&gt;Rules for&amp;nbsp;flatsales&lt;/b&gt;&lt;br /&gt;&lt;img src=&quot;https://e.deviantart.net/emoticons/b/bulletgreen.gif&quot; alt=&quot;Bullet; Green&quot; style=&quot;width: 10px; height: 10px;&quot; data-embed-type=&quot;emoticon&quot; data-embed-id=&quot;209&quot;&gt;&lt;span&gt;&amp;nbsp;Paypal only!&lt;/span&gt;&lt;br /&gt;&lt;img src=&quot;https://e.deviantart.net/emoticons/b/bulletred.gif&quot; alt=&quot;Bullet; Red&quot; style=&quot;width: 10px; height: 10px;&quot; data-embed-type=&quot;emoticon&quot; data-embed-id=&quot;210&quot;&gt;&lt;span&gt;&amp;nbsp;First come first serve&lt;/span&gt;&lt;br /&gt;&lt;img src=&quot;https://e.deviantart.net/emoticons/b/bulletred.gif&quot; alt=&quot;Bullet; Red&quot; style=&quot;width: 10px; height: 10px;&quot; data-embed-type=&quot;emoticon&quot; data-embed-id=&quot;210&quot;&gt;&lt;span&gt;&amp;nbsp;Do not claim unless you have the full amount asked for.&lt;/span&gt;&lt;br /&gt;&lt;img src=&quot;https://e.deviantart.net/emoticons/b/bulletred.gif&quot; alt=&quot;Bullet; Red&quot; style=&quot;width: 10px; height: 10px;&quot; data-embed-type=&quot;emoticon&quot; data-embed-id=&quot;210&quot;&gt;&lt;span&gt;&amp;nbsp;Payment due after claiming it or it will be resold.&lt;/span&gt;&lt;br /&gt;&lt;br /&gt;&lt;b&gt;$200 PAID&lt;/b&gt;&lt;br /&gt;&lt;br /&gt;&lt;b&gt;Information&lt;/b&gt;&lt;br /&gt;&lt;span&gt;Griffian: Bagbean ( Titan form)&lt;/span&gt;&lt;br /&gt;&lt;span&gt;Subtype: Abstract&lt;/span&gt;&lt;br /&gt;&lt;span&gt;Status: Gifted, Blessed&lt;/span&gt;&lt;br /&gt;&lt;span&gt;Mutations: Glow&amp;nbsp; - Aura sprout,&amp;nbsp; , Different tail&lt;/span&gt;&lt;br /&gt;&lt;span&gt;Owner:&amp;nbsp;&lt;/span&gt;&lt;a href=&quot;https://www.deviantart.com/senswii&quot;&gt;Senswii&lt;/a&gt;&lt;span&gt;&lt;/span&gt;</media:description>            <media:thumbnail url="https://t00.deviantart.net/HpN0s2iV39tj2ewmRQx3REq0KFI=/fit-in/150x150/filters:no_upscale():origin()/pre00/d7e4/th/pre/f/2019/049/2/4/bagbean_72_by_griffsnuff-dd046j4.png" height="79" width="150"/>            <media:thumbnail url="https://t00.deviantart.net/1jzWfrm_lqixCRzmYyt0B7LqNM0=/fit-in/300x900/filters:no_upscale():origin()/pre00/d7e4/th/pre/f/2019/049/2/4/bagbean_72_by_griffsnuff-dd046j4.png" height="158" width="300"/>            <media:thumbnail url="https://t00.deviantart.net/ckWvaOaCiFifr6fpVSQnMsnM9pA=/300x200/filters:fixed_height(100,100):origin()/pre00/d7e4/th/pre/f/2019/049/2/4/bagbean_72_by_griffsnuff-dd046j4.png" height="158" width="300"/>            <media:content url="https://pre00.deviantart.net/d7e4/th/pre/f/2019/049/2/4/bagbean_72_by_griffsnuff-dd046j4.png" height="648" width="1232" medium="image"/>            
            <description>&lt;img src=&quot;https://e.deviantart.net/emoticons/l/la.gif&quot; alt=&quot;La la la la&quot; style=&quot;width: 19px; height: 19px;&quot; data-embed-type=&quot;emoticon&quot; data-embed-id=&quot;577&quot;&gt;&lt;span&gt;&amp;nbsp;Doing the Zodiacs in Titan form!&amp;nbsp;&lt;/span&gt;&lt;br /&gt;&lt;br /&gt;&lt;b&gt;Rules for&amp;nbsp;flatsales&lt;/b&gt;&lt;br /&gt;&lt;img src=&quot;https://e.deviantart.net/emoticons/b/bulletgreen.gif&quot; alt=&quot;Bullet; Green&quot; style=&quot;width: 10px; height: 10px;&quot; data-embed-type=&quot;emoticon&quot; data-embed-id=&quot;209&quot;&gt;&lt;span&gt;&amp;nbsp;Paypal only!&lt;/span&gt;&lt;br /&gt;&lt;img src=&quot;https://e.deviantart.net/emoticons/b/bulletred.gif&quot; alt=&quot;Bullet; Red&quot; style=&quot;width: 10px; height: 10px;&quot; data-embed-type=&quot;emoticon&quot; data-embed-id=&quot;210&quot;&gt;&lt;span&gt;&amp;nbsp;First come first serve&lt;/span&gt;&lt;br /&gt;&lt;img src=&quot;https://e.deviantart.net/emoticons/b/bulletred.gif&quot; alt=&quot;Bullet; Red&quot; style=&quot;width: 10px; height: 10px;&quot; data-embed-type=&quot;emoticon&quot; data-embed-id=&quot;210&quot;&gt;&lt;span&gt;&amp;nbsp;Do not claim unless you have the full amount asked for.&lt;/span&gt;&lt;br /&gt;&lt;img src=&quot;https://e.deviantart.net/emoticons/b/bulletred.gif&quot; alt=&quot;Bullet; Red&quot; style=&quot;width: 10px; height: 10px;&quot; data-embed-type=&quot;emoticon&quot; data-embed-id=&quot;210&quot;&gt;&lt;span&gt;&amp;nbsp;Payment due after claiming it or it will be resold.&lt;/span&gt;&lt;br /&gt;&lt;br /&gt;&lt;b&gt;$200 PAID&lt;/b&gt;&lt;br /&gt;&lt;br /&gt;&lt;b&gt;Information&lt;/b&gt;&lt;br /&gt;&lt;span&gt;Griffian: Bagbean ( Titan form)&lt;/span&gt;&lt;br /&gt;&lt;span&gt;Subtype: Abstract&lt;/span&gt;&lt;br /&gt;&lt;span&gt;Status: Gifted, Blessed&lt;/span&gt;&lt;br /&gt;&lt;span&gt;Mutations: Glow&amp;nbsp; - Aura sprout,&amp;nbsp; , Different tail&lt;/span&gt;&lt;br /&gt;&lt;span&gt;Owner:&amp;nbsp;&lt;/span&gt;&lt;a href=&quot;https://www.deviantart.com/senswii&quot;&gt;Senswii&lt;/a&gt;&lt;span&gt;&lt;/span&gt;&lt;br /&gt;&lt;div&gt;&lt;img src=&quot;https://t00.deviantart.net/ckWvaOaCiFifr6fpVSQnMsnM9pA=/300x200/filters:fixed_height(100,100):origin()/pre00/d7e4/th/pre/f/2019/049/2/4/bagbean_72_by_griffsnuff-dd046j4.png&quot; alt=&quot;thumbnail&quot; /&gt;&lt;/div&gt;</description>            </item>
            </channel>
</rss>