<?xml version="1.0" encoding="utf-8"?>
<rss version="2.0" xmlns:media="http://search.yahoo.com/mrss/" xmlns:atom="http://www.w3.org/2005/Atom" xmlns:creativeCommons="http://backend.userland.com/creativeCommonsRssModule">
    <channel>
        <title>DeviantArt: Daily Deviations</title>
        <link>https://www.deviantart.com/daily-deviations</link>
        <description>DeviantArt RSS for Daily Deviations</description>
        <language>en-us</language>
        <copyright>Copyright 2019, DeviantArt.com</copyright>
        <pubDate>Sat, 23 Feb 2019 10:40:08 PST</pubDate>

        <generator>DeviantArt.com</generator>
        <docs>http://blogs.law.harvard.edu/tech/rss</docs>
        <atom:icon>https://st.deviantart.net/minish/touch-icons/android-192.png</atom:icon>
        <atom:link type="application/rss+xml" rel="self" href="https://backend.deviantart.com/rss.xml?q=special%3Add+startts%3A2019-02-23&amp;type=deviation" />
        <atom:link rel="previous" href="https://backend.deviantart.com/rss.xml?q=special%3Add+startts%3A2019-02-22&amp;type=deviation" />
                    <item>
                <title>105</title>
                <link>https://afterthenonsequitur.deviantart.com/art/105-783786953</link>
                <guid isPermaLink="true">https://afterthenonsequitur.deviantart.com/art/105-783786953</guid>
                <pubDate>Fri, 01 Feb 2019 17:44:10 PST</pubDate>
                        <media:title type="plain">105</media:title>
        <media:keywords></media:keywords>
                        <media:rating>nonadult</media:rating>
                <media:category label="Free Verse">literature/poetry/romantic/other/open</media:category>
        <media:credit role="author" scheme="urn:ebu">AfterTheNonSequitur</media:credit>
        <media:credit role="author" scheme="urn:ebu">https://a.deviantart.net/avatars/a/f/afterthenonsequitur.gif?7</media:credit>
        <media:copyright url="https://afterthenonsequitur.deviantart.com">Copyright 2019 AfterTheNonSequitur</media:copyright>            <media:description type="html">&lt;div&gt;Love was a country&lt;/div&gt;&lt;div&gt;I couldn&#039;t defend&lt;br /&gt;&lt;/div&gt;</media:description>        

        <media:content url="https://afterthenonsequitur.deviantart.com/art/105-783786953" medium="document" />
        <media:text type="html">I see flashes of who we were, are, could have been&lt;br /&gt;As though reflected in the windows of passing metro trains.&lt;br /&gt;&lt;br /&gt;You cannot tell me you love me in your own language,&lt;br /&gt;a language too serious for people like us,&lt;br /&gt;but I see it in your every movement.&lt;br /&gt;I am not so reticent.&lt;br /&gt;I take my heart from my sleeve and pin it to yours.&lt;br /&gt;&lt;br /&gt;Chasms pass between us, and doubts circle like wolves,&lt;br /&gt;and we build our bridges and we light our fires,&lt;br /&gt;but I would consume the moon&lt;br /&gt;if it meant you would howl only for me.&lt;br /&gt;&lt;br /&gt;Why are we here? My love?</media:text>            
            <description>&lt;div&gt;Love was a country&lt;/div&gt;&lt;div&gt;I couldn&#039;t defend&lt;br /&gt;&lt;/div&gt;</description>            </item>
                    <item>
                <title>Aela the Huntress from Skyrim</title>
                <link>https://aprilgloriacosplay.deviantart.com/art/Aela-the-Huntress-from-Skyrim-770696913</link>
                <guid isPermaLink="true">https://aprilgloriacosplay.deviantart.com/art/Aela-the-Huntress-from-Skyrim-770696913</guid>
                <pubDate>Wed, 31 Oct 2018 17:16:13 PDT</pubDate>
                        <media:title type="plain">Aela the Huntress from Skyrim</media:title>
        <media:keywords></media:keywords>
                        <media:rating>nonadult</media:rating>
                <media:category label="Cosplay &amp; Role-Playing">artisan/costumes/costumes/cosplay</media:category>
        <media:credit role="author" scheme="urn:ebu">aprilgloriacosplay</media:credit>
        <media:credit role="author" scheme="urn:ebu">https://a.deviantart.net/avatars/a/p/aprilgloriacosplay.jpg?6</media:credit>
        <media:copyright url="https://aprilgloriacosplay.deviantart.com">Copyright 2018-2019 aprilgloriacosplay</media:copyright>            <media:description type="html">Aela the Huntress costume by April Gloria&lt;br /&gt;www.facebook.com/aprilgloriacosplay&lt;br /&gt;www.instagram.com/_aprilgloria</media:description>            <media:thumbnail url="https://t00.deviantart.net/BF9g2DCRbMvu80fM9pSjqnPe7DE=/fit-in/150x150/filters:no_upscale():origin()/pre00/8f0b/th/pre/i/2018/304/8/5/aela_the_huntress_from_skyrim_by_aprilgloriacosplay-dcqupjl.jpg" height="150" width="100"/>            <media:thumbnail url="https://t00.deviantart.net/5B8ERaF1t4GBnJBPvlczjCRJ2CQ=/fit-in/300x900/filters:no_upscale():origin()/pre00/8f0b/th/pre/i/2018/304/8/5/aela_the_huntress_from_skyrim_by_aprilgloriacosplay-dcqupjl.jpg" height="450" width="300"/>            <media:thumbnail url="https://t00.deviantart.net/x_8lk-TaVLAr4o92_3mbISvi-zo=/300x200/filters:fixed_height(100,100):origin()/pre00/8f0b/th/pre/i/2018/304/8/5/aela_the_huntress_from_skyrim_by_aprilgloriacosplay-dcqupjl.jpg" height="200" width="133"/>            <media:content url="https://pre00.deviantart.net/8f0b/th/pre/i/2018/304/8/5/aela_the_huntress_from_skyrim_by_aprilgloriacosplay-dcqupjl.jpg" height="1095" width="730" medium="image"/>            
            <description>Aela the Huntress costume by April Gloria&lt;br /&gt;www.facebook.com/aprilgloriacosplay&lt;br /&gt;www.instagram.com/_aprilgloria&lt;br /&gt;&lt;div&gt;&lt;img src=&quot;https://t00.deviantart.net/x_8lk-TaVLAr4o92_3mbISvi-zo=/300x200/filters:fixed_height(100,100):origin()/pre00/8f0b/th/pre/i/2018/304/8/5/aela_the_huntress_from_skyrim_by_aprilgloriacosplay-dcqupjl.jpg&quot; alt=&quot;thumbnail&quot; /&gt;&lt;/div&gt;</description>            </item>
                    <item>
                <title>Encounter</title>
                <link>https://nigreda.deviantart.com/art/Encounter-761802511</link>
                <guid isPermaLink="true">https://nigreda.deviantart.com/art/Encounter-761802511</guid>
                <pubDate>Thu, 30 Aug 2018 07:52:00 PDT</pubDate>
                        <media:title type="plain">Encounter</media:title>
        <media:keywords></media:keywords>
                        <media:rating>nonadult</media:rating>
                <media:category label="Fantasy">digitalart/paintings/fantasy</media:category>
        <media:credit role="author" scheme="urn:ebu">Nigreda</media:credit>
        <media:credit role="author" scheme="urn:ebu">https://a.deviantart.net/avatars/n/i/nigreda.jpg?6</media:credit>
        <media:copyright url="https://nigreda.deviantart.com">Copyright 2018-2019 Nigreda</media:copyright>             <creativeCommons:license>http://creativecommons.org/licenses/by-nc-nd/3.0/</creativeCommons:license>
                <media:description type="html">&lt;div&gt;A hot sunny day, a deep lush forest and a rare elusive questing beast that lives among the trees. Hope you enjoy!&lt;/div&gt;&lt;div&gt;&lt;br /&gt;&lt;/div&gt;&lt;div&gt;&lt;div&gt;Screensaver version available here:&lt;/div&gt;&lt;div&gt;&lt;br /&gt;&lt;/div&gt;&lt;div&gt;&lt;span&gt;&lt;b&gt;&lt;a class=&quot;external&quot; href=&quot;https://www.deviantart.com/users/outgoing?https://www.artstation.com/artwork/dzPV3&quot;&gt;Screen Saver Version&lt;/a&gt;&lt;/b&gt;&lt;/span&gt;&lt;/div&gt;&lt;div&gt;&lt;br /&gt;&lt;/div&gt;&lt;div&gt;Feel free to check out my other work!&lt;/div&gt;&lt;div&gt;&lt;br /&gt;&lt;/div&gt;&lt;div&gt;&amp;nbsp; &lt;span class=&quot;shadow-holder&quot; data-embed-type=&quot;deviation&quot; data-embed-id=&quot;760337196&quot; data-embed-format=&quot;thumb&quot;&gt;&lt;span class=&quot;shadow mild&quot; &gt;&lt;a class=&quot;thumb hasprint&quot; href=&quot;https://www.deviantart.com/nigreda/art/Dragon-760337196&quot; title=&quot;Dragon by Nigreda, Aug 20, 2018 in Digital Art &amp;gt; Drawings &amp;amp; Paintings &amp;gt; Fantasy&quot;data-super-img=&quot;https://pre00.deviantart.net/4e21/th/pre/i/2018/232/2/e/dragon_by_nigreda-dckonxo.jpg&quot; data-super-width=&quot;1095&quot; data-super-height=&quot;730&quot; data-super-transparent=&quot;false&quot; data-super-alt=&quot;Dragon by Nigreda&quot; data-super-full-img=&quot;https://img00.deviantart.net/496f/i/2018/232/2/e/dragon_by_nigreda-dckonxo.jpg&quot; data-super-full-width=&quot;1280&quot; data-super-full-height=&quot;853&quot;        data-sigil=&quot;thumb&quot;&gt;
        &lt;i&gt;&lt;/i&gt;&lt;img   width=&quot;150&quot; height=&quot;100&quot; alt=&quot;Dragon by Nigreda&quot; src=&quot;https://t00.deviantart.net/6ElY-ahJWB0so3U_O_slUu6fPXg=/fit-in/150x150/filters:no_upscale():origin()/pre00/4e21/th/pre/i/2018/232/2/e/dragon_by_nigreda-dckonxo.jpg&quot; data-src=&quot;https://t00.deviantart.net/6ElY-ahJWB0so3U_O_slUu6fPXg=/fit-in/150x150/filters:no_upscale():origin()/pre00/4e21/th/pre/i/2018/232/2/e/dragon_by_nigreda-dckonxo.jpg&quot; srcset=&quot;https://t00.deviantart.net/6ElY-ahJWB0so3U_O_slUu6fPXg=/fit-in/150x150/filters:no_upscale():origin()/pre00/4e21/th/pre/i/2018/232/2/e/dragon_by_nigreda-dckonxo.jpg 150w,https://t00.deviantart.net/pX8W5K8BqL0uVZW0BTQMzGuiZRs=/fit-in/500x250/filters:fixed_height(100,100):origin()/pre00/4e21/th/pre/i/2018/232/2/e/dragon_by_nigreda-dckonxo.jpg 375w,https://t00.deviantart.net/51f42qrpyUPvr28Lutkm8wkHsWI=/fit-in/700x350/filters:fixed_height(100,100):origin()/pre00/4e21/th/pre/i/2018/232/2/e/dragon_by_nigreda-dckonxo.jpg 525w,https://t00.deviantart.net/vnIWB5eMnBxkECAZcW3jC_XEyg8=/fit-in/800x400/filters:fixed_height(100,100):origin()/pre00/4e21/th/pre/i/2018/232/2/e/dragon_by_nigreda-dckonxo.jpg 600w,https://pre00.deviantart.net/4e21/th/pre/i/2018/232/2/e/dragon_by_nigreda-dckonxo.jpg 1095w&quot; sizes=&quot;150px&quot;&gt;&lt;/a&gt;&lt;/span&gt;&lt;!-- ^TTT --&gt;&lt;!-- TTT$ --&gt;&lt;/span&gt; &lt;br /&gt;&lt;/div&gt;&lt;div&gt;&lt;br /&gt;&lt;/div&gt;&lt;div&gt;&lt;p&gt;&lt;span&gt;&lt;i&gt;&lt;a class=&quot;external&quot; href=&quot;https://www.deviantart.com/users/outgoing?http://sallygottschalk.com/&quot;&gt;The Art of Sally Gottschalk&lt;/a&gt; &lt;/i&gt;&lt;/span&gt;&lt;br /&gt;&lt;br /&gt;&lt;span&gt;&lt;i&gt;&lt;a class=&quot;external&quot; href=&quot;https://www.deviantart.com/users/outgoing?http://society6.com/nigreda&quot;&gt;Society6 Shop&lt;/a&gt;&lt;/i&gt;&lt;/span&gt;&lt;br /&gt;&lt;br /&gt;&lt;span&gt;&lt;i&gt;&lt;a class=&quot;external&quot; href=&quot;https://www.deviantart.com/users/outgoing?https://www.facebook.com/pages/The-Art-of-Sally-Gottschalk/680955021994208&quot;&gt;Facebook&lt;/a&gt;&lt;/i&gt;&lt;/span&gt;&lt;/p&gt;&lt;/div&gt;&lt;/div&gt;</media:description>            <media:thumbnail url="https://t00.deviantart.net/xbeacLMQ6ArdlCH_H0v76k7WSyI=/fit-in/150x150/filters:no_upscale():origin()/pre00/3b6d/th/pre/i/2018/242/1/b/encounter_by_nigreda-dclk2kv.jpg" height="100" width="150"/>            <media:thumbnail url="https://t00.deviantart.net/kLgGkSgYtzRcblY_W2YPOARVxCc=/fit-in/300x900/filters:no_upscale():origin()/pre00/3b6d/th/pre/i/2018/242/1/b/encounter_by_nigreda-dclk2kv.jpg" height="200" width="300"/>            <media:thumbnail url="https://t00.deviantart.net/jgYFdlLXOJKfYwqqHR9Zi_khOQg=/300x200/filters:fixed_height(100,100):origin()/pre00/3b6d/th/pre/i/2018/242/1/b/encounter_by_nigreda-dclk2kv.jpg" height="200" width="300"/>            <media:content url="https://pre00.deviantart.net/3b6d/th/pre/i/2018/242/1/b/encounter_by_nigreda-dclk2kv.jpg" height="730" width="1095" medium="image"/>            
            <description>&lt;div&gt;A hot sunny day, a deep lush forest and a rare elusive questing beast that lives among the trees. Hope you enjoy!&lt;/div&gt;&lt;div&gt;&lt;br /&gt;&lt;/div&gt;&lt;div&gt;&lt;div&gt;Screensaver version available here:&lt;/div&gt;&lt;div&gt;&lt;br /&gt;&lt;/div&gt;&lt;div&gt;&lt;span&gt;&lt;b&gt;&lt;a class=&quot;external&quot; href=&quot;https://www.deviantart.com/users/outgoing?https://www.artstation.com/artwork/dzPV3&quot;&gt;Screen Saver Version&lt;/a&gt;&lt;/b&gt;&lt;/span&gt;&lt;/div&gt;&lt;div&gt;&lt;br /&gt;&lt;/div&gt;&lt;div&gt;Feel free to check out my other work!&lt;/div&gt;&lt;div&gt;&lt;br /&gt;&lt;/div&gt;&lt;div&gt;&amp;nbsp; &lt;span class=&quot;shadow-holder&quot; data-embed-type=&quot;deviation&quot; data-embed-id=&quot;760337196&quot; data-embed-format=&quot;thumb&quot;&gt;&lt;span class=&quot;shadow mild&quot; &gt;&lt;a class=&quot;thumb hasprint&quot; href=&quot;https://www.deviantart.com/nigreda/art/Dragon-760337196&quot; title=&quot;Dragon by Nigreda, Aug 20, 2018 in Digital Art &amp;gt; Drawings &amp;amp; Paintings &amp;gt; Fantasy&quot;data-super-img=&quot;https://pre00.deviantart.net/4e21/th/pre/i/2018/232/2/e/dragon_by_nigreda-dckonxo.jpg&quot; data-super-width=&quot;1095&quot; data-super-height=&quot;730&quot; data-super-transparent=&quot;false&quot; data-super-alt=&quot;Dragon by Nigreda&quot; data-super-full-img=&quot;https://img00.deviantart.net/496f/i/2018/232/2/e/dragon_by_nigreda-dckonxo.jpg&quot; data-super-full-width=&quot;1280&quot; data-super-full-height=&quot;853&quot;        data-sigil=&quot;thumb&quot;&gt;
        &lt;i&gt;&lt;/i&gt;&lt;img   width=&quot;150&quot; height=&quot;100&quot; alt=&quot;Dragon by Nigreda&quot; src=&quot;https://t00.deviantart.net/6ElY-ahJWB0so3U_O_slUu6fPXg=/fit-in/150x150/filters:no_upscale():origin()/pre00/4e21/th/pre/i/2018/232/2/e/dragon_by_nigreda-dckonxo.jpg&quot; data-src=&quot;https://t00.deviantart.net/6ElY-ahJWB0so3U_O_slUu6fPXg=/fit-in/150x150/filters:no_upscale():origin()/pre00/4e21/th/pre/i/2018/232/2/e/dragon_by_nigreda-dckonxo.jpg&quot; srcset=&quot;https://t00.deviantart.net/6ElY-ahJWB0so3U_O_slUu6fPXg=/fit-in/150x150/filters:no_upscale():origin()/pre00/4e21/th/pre/i/2018/232/2/e/dragon_by_nigreda-dckonxo.jpg 150w,https://t00.deviantart.net/pX8W5K8BqL0uVZW0BTQMzGuiZRs=/fit-in/500x250/filters:fixed_height(100,100):origin()/pre00/4e21/th/pre/i/2018/232/2/e/dragon_by_nigreda-dckonxo.jpg 375w,https://t00.deviantart.net/51f42qrpyUPvr28Lutkm8wkHsWI=/fit-in/700x350/filters:fixed_height(100,100):origin()/pre00/4e21/th/pre/i/2018/232/2/e/dragon_by_nigreda-dckonxo.jpg 525w,https://t00.deviantart.net/vnIWB5eMnBxkECAZcW3jC_XEyg8=/fit-in/800x400/filters:fixed_height(100,100):origin()/pre00/4e21/th/pre/i/2018/232/2/e/dragon_by_nigreda-dckonxo.jpg 600w,https://pre00.deviantart.net/4e21/th/pre/i/2018/232/2/e/dragon_by_nigreda-dckonxo.jpg 1095w&quot; sizes=&quot;150px&quot;&gt;&lt;/a&gt;&lt;/span&gt;&lt;!-- ^TTT --&gt;&lt;!-- TTT$ --&gt;&lt;/span&gt; &lt;br /&gt;&lt;/div&gt;&lt;div&gt;&lt;br /&gt;&lt;/div&gt;&lt;div&gt;&lt;p&gt;&lt;span&gt;&lt;i&gt;&lt;a class=&quot;external&quot; href=&quot;https://www.deviantart.com/users/outgoing?http://sallygottschalk.com/&quot;&gt;The Art of Sally Gottschalk&lt;/a&gt; &lt;/i&gt;&lt;/span&gt;&lt;br /&gt;&lt;br /&gt;&lt;span&gt;&lt;i&gt;&lt;a class=&quot;external&quot; href=&quot;https://www.deviantart.com/users/outgoing?http://society6.com/nigreda&quot;&gt;Society6 Shop&lt;/a&gt;&lt;/i&gt;&lt;/span&gt;&lt;br /&gt;&lt;br /&gt;&lt;span&gt;&lt;i&gt;&lt;a class=&quot;external&quot; href=&quot;https://www.deviantart.com/users/outgoing?https://www.facebook.com/pages/The-Art-of-Sally-Gottschalk/680955021994208&quot;&gt;Facebook&lt;/a&gt;&lt;/i&gt;&lt;/span&gt;&lt;/p&gt;&lt;/div&gt;&lt;/div&gt;&lt;br /&gt;&lt;div&gt;&lt;img src=&quot;https://t00.deviantart.net/jgYFdlLXOJKfYwqqHR9Zi_khOQg=/300x200/filters:fixed_height(100,100):origin()/pre00/3b6d/th/pre/i/2018/242/1/b/encounter_by_nigreda-dclk2kv.jpg&quot; alt=&quot;thumbnail&quot; /&gt;&lt;/div&gt;</description>            </item>
                    <item>
                <title>Hiyoribo appears</title>
                <link>https://1oshuart.deviantart.com/art/Hiyoribo-appears-769964116</link>
                <guid isPermaLink="true">https://1oshuart.deviantart.com/art/Hiyoribo-appears-769964116</guid>
                <pubDate>Fri, 26 Oct 2018 14:56:53 PDT</pubDate>
                        <media:title type="plain">Hiyoribo appears</media:title>
        <media:keywords></media:keywords>
                        <media:rating>nonadult</media:rating>
                <media:category label="Fantasy">digitalart/paintings/fantasy</media:category>
        <media:credit role="author" scheme="urn:ebu">1oshuart</media:credit>
        <media:credit role="author" scheme="urn:ebu">https://a.deviantart.net/avatars/1/o/1oshuart.jpg?12</media:credit>
        <media:copyright url="https://1oshuart.deviantart.com">Copyright 2018-2019 1oshuart</media:copyright>            <media:description type="html">keyframe art for the challenge in artstation&amp;nbsp;</media:description>            <media:thumbnail url="https://t00.deviantart.net/omqj5hXz2dcyywEZkh4BqtkDwGE=/fit-in/150x150/filters:no_upscale():origin()/pre00/ef2d/th/pre/i/2018/299/f/c/hiyoribo_appears_by_1oshuart-dcqf044.jpg" height="71" width="150"/>            <media:thumbnail url="https://t00.deviantart.net/H1BETPKwCVVQ9pde-PWrSMqk9CE=/fit-in/300x900/filters:no_upscale():origin()/pre00/ef2d/th/pre/i/2018/299/f/c/hiyoribo_appears_by_1oshuart-dcqf044.jpg" height="143" width="300"/>            <media:thumbnail url="https://t00.deviantart.net/f6xbGHLRE-8PbZb3OiayaMcjJ7M=/300x200/filters:fixed_height(100,100):origin()/pre00/ef2d/th/pre/i/2018/299/f/c/hiyoribo_appears_by_1oshuart-dcqf044.jpg" height="143" width="300"/>            <media:content url="https://pre00.deviantart.net/ef2d/th/pre/i/2018/299/f/c/hiyoribo_appears_by_1oshuart-dcqf044.jpg" height="616" width="1297" medium="image"/>            
            <description>keyframe art for the challenge in artstation&amp;nbsp;&lt;br /&gt;&lt;div&gt;&lt;img src=&quot;https://t00.deviantart.net/f6xbGHLRE-8PbZb3OiayaMcjJ7M=/300x200/filters:fixed_height(100,100):origin()/pre00/ef2d/th/pre/i/2018/299/f/c/hiyoribo_appears_by_1oshuart-dcqf044.jpg&quot; alt=&quot;thumbnail&quot; /&gt;&lt;/div&gt;</description>            </item>
                    <item>
                <title>Desolation</title>
                <link>https://sheridansart.deviantart.com/art/Desolation-749225267</link>
                <guid isPermaLink="true">https://sheridansart.deviantart.com/art/Desolation-749225267</guid>
                <pubDate>Mon, 11 Jun 2018 00:49:57 PDT</pubDate>
                        <media:title type="plain">Desolation</media:title>
        <media:keywords></media:keywords>
                        <media:rating>nonadult</media:rating>
                <media:category label="Expressive">photography/people/expressive</media:category>
        <media:credit role="author" scheme="urn:ebu">SheridansArt</media:credit>
        <media:credit role="author" scheme="urn:ebu">https://a.deviantart.net/avatars/s/h/sheridansart.jpg?5</media:credit>
        <media:copyright url="https://sheridansart.deviantart.com">Copyright 2018-2019 SheridansArt</media:copyright>            <media:description type="html">&lt;span&gt;&lt;span&gt;&quot;Desolation&quot; - &quot;Arcadia&quot; series (2017)&lt;br /&gt; &lt;br /&gt; Model - Issam &lt;br /&gt; Armor - &lt;a class=&quot;external&quot; href=&quot;https://www.deviantart.com/users/outgoing?https://www.facebook.com/mytholonstore/&quot;&gt;Mytholon&lt;/a&gt;&lt;br /&gt; Photography - &lt;a class=&quot;external&quot; href=&quot;https://www.deviantart.com/users/outgoing?https://www.facebook.com/Sheridans.Art/&quot;&gt;Sheridan&#039;s Art&lt;/a&gt;&lt;/span&gt;&lt;/span&gt;</media:description>            <media:thumbnail url="https://t00.deviantart.net/8mzv8MlFUg1h2DXHC3hwFJakJek=/fit-in/150x150/filters:no_upscale():origin()/pre00/2616/th/pre/i/2018/162/0/f/desolation_by_sheridansart-dce2hwz.jpg" height="150" width="100"/>            <media:thumbnail url="https://t00.deviantart.net/lelmuq2b2zk_dltkWso_KUcsH3Y=/fit-in/300x900/filters:no_upscale():origin()/pre00/2616/th/pre/i/2018/162/0/f/desolation_by_sheridansart-dce2hwz.jpg" height="450" width="300"/>            <media:thumbnail url="https://t00.deviantart.net/ZyNIsdtKsrUpVL_kTPw0C3RWaYc=/300x200/filters:fixed_height(100,100):origin()/pre00/2616/th/pre/i/2018/162/0/f/desolation_by_sheridansart-dce2hwz.jpg" height="200" width="133"/>            <media:content url="https://pre00.deviantart.net/2616/th/pre/i/2018/162/0/f/desolation_by_sheridansart-dce2hwz.jpg" height="1095" width="730" medium="image"/>            
            <description>&lt;span&gt;&lt;span&gt;&quot;Desolation&quot; - &quot;Arcadia&quot; series (2017)&lt;br /&gt; &lt;br /&gt; Model - Issam &lt;br /&gt; Armor - &lt;a class=&quot;external&quot; href=&quot;https://www.deviantart.com/users/outgoing?https://www.facebook.com/mytholonstore/&quot;&gt;Mytholon&lt;/a&gt;&lt;br /&gt; Photography - &lt;a class=&quot;external&quot; href=&quot;https://www.deviantart.com/users/outgoing?https://www.facebook.com/Sheridans.Art/&quot;&gt;Sheridan&#039;s Art&lt;/a&gt;&lt;/span&gt;&lt;/span&gt;&lt;br /&gt;&lt;div&gt;&lt;img src=&quot;https://t00.deviantart.net/ZyNIsdtKsrUpVL_kTPw0C3RWaYc=/300x200/filters:fixed_height(100,100):origin()/pre00/2616/th/pre/i/2018/162/0/f/desolation_by_sheridansart-dce2hwz.jpg&quot; alt=&quot;thumbnail&quot; /&gt;&lt;/div&gt;</description>            </item>
                    <item>
                <title>Survivors</title>
                <link>https://yar0.deviantart.com/art/Survivors-784991832</link>
                <guid isPermaLink="true">https://yar0.deviantart.com/art/Survivors-784991832</guid>
                <pubDate>Sun, 10 Feb 2019 00:18:06 PST</pubDate>
                        <media:title type="plain">Survivors</media:title>
        <media:keywords></media:keywords>
                        <media:rating>nonadult</media:rating>
                <media:category label="Sci-Fi">digitalart/paintings/scifi</media:category>
        <media:credit role="author" scheme="urn:ebu">yar0</media:credit>
        <media:credit role="author" scheme="urn:ebu">https://a.deviantart.net/avatars/y/a/yar0.jpg?5</media:credit>
        <media:copyright url="https://yar0.deviantart.com">Copyright 2019 yar0</media:copyright>            <media:description type="html"></media:description>            <media:thumbnail url="https://t00.deviantart.net/E0FBJRKZ9ei0OCv35xYIxAlYoXA=/fit-in/150x150/filters:no_upscale():origin()/pre00/9ef6/th/pre/i/2019/041/1/2/survivors_by_yar0-dczd3ko.jpg" height="150" width="109"/>            <media:thumbnail url="https://t00.deviantart.net/lsW_Qe0fL8xB_wEL_Cin78BS2Gc=/fit-in/300x900/filters:no_upscale():origin()/pre00/9ef6/th/pre/i/2019/041/1/2/survivors_by_yar0-dczd3ko.jpg" height="412" width="300"/>            <media:thumbnail url="https://t00.deviantart.net/zDPjWC6T1V5KqTewKmx4UtcKQ1s=/300x200/filters:fixed_height(100,100):origin()/pre00/9ef6/th/pre/i/2019/041/1/2/survivors_by_yar0-dczd3ko.jpg" height="200" width="145"/>            <media:content url="https://pre00.deviantart.net/9ef6/th/pre/i/2019/041/1/2/survivors_by_yar0-dczd3ko.jpg" height="1048" width="762" medium="image"/>            
            <description>&lt;br /&gt;&lt;div&gt;&lt;img src=&quot;https://t00.deviantart.net/zDPjWC6T1V5KqTewKmx4UtcKQ1s=/300x200/filters:fixed_height(100,100):origin()/pre00/9ef6/th/pre/i/2019/041/1/2/survivors_by_yar0-dczd3ko.jpg&quot; alt=&quot;thumbnail&quot; /&gt;&lt;/div&gt;</description>            </item>
                    <item>
                <title>Starlight and Twilight</title>
                <link>https://orbitalswan.deviantart.com/art/Starlight-and-Twilight-782395469</link>
                <guid isPermaLink="true">https://orbitalswan.deviantart.com/art/Starlight-and-Twilight-782395469</guid>
                <pubDate>Wed, 23 Jan 2019 04:54:10 PST</pubDate>
                        <media:title type="plain">Starlight and Twilight</media:title>
        <media:keywords></media:keywords>
                        <media:rating>nonadult</media:rating>
                <media:category label="Drawings">manga/digital/drawings</media:category>
        <media:credit role="author" scheme="urn:ebu">Orbitalswan</media:credit>
        <media:credit role="author" scheme="urn:ebu">https://a.deviantart.net/avatars/o/r/orbitalswan.gif?8</media:credit>
        <media:copyright url="https://orbitalswan.deviantart.com">Copyright 2019 Orbitalswan</media:copyright>            <media:description type="html">Oh my gosh!!!! Thankyou so much for the Daily Deviation on this piece! I&#039;m 10/10 speechless &lt;a target=&quot;_self&quot; href=&quot;https://www.deviantart.com/blushplz&quot; &gt;&lt;img class=&quot;avatar&quot; width=&quot;50&quot; height=&quot;50&quot; src=&quot;https://a.deviantart.net/avatars/b/l/blushplz.gif&quot; alt=&quot;:iconblushplz:&quot; title=&quot;BlushPlz&quot; /&gt;&lt;/a&gt;&lt;br /&gt;&lt;br /&gt;Drew fanart of Jennillustrations Twin ocs, Starlight and Twilight! They are so gorgeous and working on this killed my art block so yay!!&lt;br /&gt;Do you guys like it? I feel my colouring style maturing ^_^&lt;br /&gt;&lt;br /&gt; &lt;p align=&quot;center&quot;&gt;&lt;span&gt;&lt;a target=&quot;_self&quot; href=&quot;https://www.deviantart.com/princessbow1plz&quot; &gt;&lt;img class=&quot;avatar&quot; width=&quot;50&quot; height=&quot;50&quot; src=&quot;https://a.deviantart.net/avatars/p/r/princessbow1plz.png?5&quot; alt=&quot;:iconprincessbow1plz:&quot; title=&quot;PrincessBow1plz&quot; /&gt;&lt;/a&gt;&lt;a target=&quot;_self&quot; href=&quot;https://www.deviantart.com/princessbow2plz&quot; &gt;&lt;img class=&quot;avatar&quot; width=&quot;50&quot; height=&quot;50&quot; src=&quot;https://a.deviantart.net/avatars/p/r/princessbow2plz.png?4&quot; alt=&quot;:iconprincessbow2plz:&quot; title=&quot;PrincessBow2plz&quot; /&gt;&lt;/a&gt;&lt;a target=&quot;_self&quot; href=&quot;https://www.deviantart.com/princessbow3plz&quot; &gt;&lt;img class=&quot;avatar&quot; width=&quot;50&quot; height=&quot;50&quot; src=&quot;https://a.deviantart.net/avatars/p/r/princessbow3plz.png?4&quot; alt=&quot;:iconprincessbow3plz:&quot; title=&quot;PrincessBow3plz&quot; /&gt;&lt;/a&gt;&lt;a target=&quot;_self&quot; href=&quot;https://www.deviantart.com/princessbow4plz&quot; &gt;&lt;img class=&quot;avatar&quot; width=&quot;50&quot; height=&quot;50&quot; src=&quot;https://a.deviantart.net/avatars/p/r/princessbow4plz.png?4&quot; alt=&quot;:iconprincessbow4plz:&quot; title=&quot;PrincessBow4plz&quot; /&gt;&lt;/a&gt;&lt;a target=&quot;_self&quot; href=&quot;https://www.deviantart.com/princessbow5plz&quot; &gt;&lt;img class=&quot;avatar&quot; width=&quot;50&quot; height=&quot;50&quot; src=&quot;https://a.deviantart.net/avatars/p/r/princessbow5plz.png?4&quot; alt=&quot;:iconprincessbow5plz:&quot; title=&quot;PrincessBow5plz&quot; /&gt;&lt;/a&gt;&lt;a target=&quot;_self&quot; href=&quot;https://www.deviantart.com/princessbow6plz&quot; &gt;&lt;img class=&quot;avatar&quot; width=&quot;50&quot; height=&quot;50&quot; src=&quot;https://a.deviantart.net/avatars/p/r/princessbow6plz.png?4&quot; alt=&quot;:iconprincessbow6plz:&quot; title=&quot;PrincessBow6plz&quot; /&gt;&lt;/a&gt;&lt;a target=&quot;_self&quot; href=&quot;https://www.deviantart.com/princessbow7plz&quot; &gt;&lt;img class=&quot;avatar&quot; width=&quot;50&quot; height=&quot;50&quot; src=&quot;https://a.deviantart.net/avatars/p/r/princessbow7plz.png?5&quot; alt=&quot;:iconprincessbow7plz:&quot; title=&quot;PrincessBow7plz&quot; /&gt;&lt;/a&gt;&lt;/span&gt;&lt;/p&gt; &lt;p align=&quot;center&quot;&gt;&lt;span&gt;&lt;b&gt;&lt;a target=&quot;_self&quot; href=&quot;https://www.deviantart.com/rose5plz&quot; &gt;&lt;img class=&quot;avatar&quot; width=&quot;50&quot; height=&quot;50&quot; src=&quot;https://a.deviantart.net/avatars/r/o/rose5plz.png?4&quot; alt=&quot;:iconrose5plz:&quot; title=&quot;rose5plz&quot; /&gt;&lt;/a&gt;&lt;a target=&quot;_self&quot; href=&quot;https://www.deviantart.com/rose6plz&quot; &gt;&lt;img class=&quot;avatar&quot; width=&quot;50&quot; height=&quot;50&quot; src=&quot;https://a.deviantart.net/avatars/r/o/rose6plz.png?4&quot; alt=&quot;:iconrose6plz:&quot; title=&quot;rose6plz&quot; /&gt;&lt;/a&gt;&lt;a target=&quot;_self&quot; href=&quot;https://www.deviantart.com/rose7plz&quot; &gt;&lt;img class=&quot;avatar&quot; width=&quot;50&quot; height=&quot;50&quot; src=&quot;https://a.deviantart.net/avatars/r/o/rose7plz.png?4&quot; alt=&quot;:iconrose7plz:&quot; title=&quot;rose7plz&quot; /&gt;&lt;/a&gt;&amp;nbsp;&lt;/b&gt;&lt;a class=&quot;external&quot; href=&quot;https://www.deviantart.com/users/outgoing?http://www.patreon.com/orbitalswan&quot;&gt;&lt;span&gt;&lt;b&gt;PATREON&lt;/b&gt;&lt;/span&gt;&lt;/a&gt;&lt;b&gt;&amp;nbsp;&amp;nbsp;&lt;/b&gt;&lt;a class=&quot;external&quot; href=&quot;https://www.deviantart.com/users/outgoing?http://www.instagram.com/orbitalswan&quot;&gt;&lt;span&gt;&lt;b&gt;INSTAGRAM&lt;/b&gt;&lt;/span&gt;&lt;/a&gt;&lt;b&gt;&amp;nbsp;&amp;nbsp;&lt;/b&gt;&lt;a class=&quot;external&quot; href=&quot;https://www.deviantart.com/users/outgoing?http://www.orbitalswan.storenvy.com/&quot;&gt;&lt;span&gt;&lt;b&gt;ONLINE STORE&lt;/b&gt;&lt;/span&gt;&lt;/a&gt;&lt;b&gt;&amp;nbsp;&amp;nbsp;&lt;/b&gt;&lt;a class=&quot;external&quot; href=&quot;https://www.deviantart.com/users/outgoing?http://www.twitter.com/orbitalswan&quot;&gt;&lt;span&gt;&lt;b&gt;TWITTER&lt;/b&gt;&lt;/span&gt;&lt;/a&gt;&lt;b&gt;&amp;nbsp;&amp;nbsp;&lt;/b&gt;&lt;a class=&quot;external&quot; href=&quot;https://www.deviantart.com/users/outgoing?http://www.artstation.com/orbitalswan&quot;&gt;&lt;span&gt;&lt;b&gt;ART STATION&lt;/b&gt;&lt;/span&gt;&lt;/a&gt;&lt;b&gt;&amp;nbsp; &lt;a target=&quot;_self&quot; href=&quot;https://www.deviantart.com/rose-2plz&quot; &gt;&lt;img class=&quot;avatar&quot; width=&quot;50&quot; height=&quot;50&quot; src=&quot;https://a.deviantart.net/avatars/r/o/rose-2plz.png?4&quot; alt=&quot;:iconrose-2plz:&quot; title=&quot;rose-2plz&quot; /&gt;&lt;/a&gt;&lt;a target=&quot;_self&quot; href=&quot;https://www.deviantart.com/rose3plz&quot; &gt;&lt;img class=&quot;avatar&quot; width=&quot;50&quot; height=&quot;50&quot; src=&quot;https://a.deviantart.net/avatars/r/o/rose3plz.png?4&quot; alt=&quot;:iconrose3plz:&quot; title=&quot;rose3plz&quot; /&gt;&lt;/a&gt;&lt;a target=&quot;_self&quot; href=&quot;https://www.deviantart.com/rose4plz&quot; &gt;&lt;img class=&quot;avatar&quot; width=&quot;50&quot; height=&quot;50&quot; src=&quot;https://a.deviantart.net/avatars/r/o/rose4plz.png?4&quot; alt=&quot;:iconrose4plz:&quot; title=&quot;rose4plz&quot; /&gt;&lt;/a&gt;&lt;br /&gt;Commissions: OPEN&lt;br /&gt;Art Trades: MUTUALS ONLY&lt;br /&gt;Requests: NO&lt;/b&gt;&lt;/span&gt;&lt;/p&gt;</media:description>            <media:thumbnail url="https://t00.deviantart.net/4-FDViPJYCu9mADdRMak-cVqFdA=/fit-in/150x150/filters:no_upscale():origin()/pre00/aeac/th/pre/i/2019/023/e/d/starlight_and_twilight_by_orbitalswan-dcxtg7h.jpg" height="150" width="147"/>            <media:thumbnail url="https://t00.deviantart.net/m1OHfTLsXl8iqRBoqkeYbVhU4G4=/fit-in/300x900/filters:no_upscale():origin()/pre00/aeac/th/pre/i/2019/023/e/d/starlight_and_twilight_by_orbitalswan-dcxtg7h.jpg" height="307" width="300"/>            <media:thumbnail url="https://t00.deviantart.net/G3Zd5FriWQ3y4bZpGBDBlfBquCQ=/300x200/filters:fixed_height(100,100):origin()/pre00/aeac/th/pre/i/2019/023/e/d/starlight_and_twilight_by_orbitalswan-dcxtg7h.jpg" height="200" width="195"/>            <media:content url="https://pre00.deviantart.net/aeac/th/pre/i/2019/023/e/d/starlight_and_twilight_by_orbitalswan-dcxtg7h.jpg" height="904" width="884" medium="image"/>            
            <description>Oh my gosh!!!! Thankyou so much for the Daily Deviation on this piece! I&#039;m 10/10 speechless &lt;a target=&quot;_self&quot; href=&quot;https://www.deviantart.com/blushplz&quot; &gt;&lt;img class=&quot;avatar&quot; width=&quot;50&quot; height=&quot;50&quot; src=&quot;https://a.deviantart.net/avatars/b/l/blushplz.gif&quot; alt=&quot;:iconblushplz:&quot; title=&quot;BlushPlz&quot; /&gt;&lt;/a&gt;&lt;br /&gt;&lt;br /&gt;Drew fanart of Jennillustrations Twin ocs, Starlight and Twilight! They are so gorgeous and working on this killed my art block so yay!!&lt;br /&gt;Do you guys like it? I feel my colouring style maturing ^_^&lt;br /&gt;&lt;br /&gt; &lt;p align=&quot;center&quot;&gt;&lt;span&gt;&lt;a target=&quot;_self&quot; href=&quot;https://www.deviantart.com/princessbow1plz&quot; &gt;&lt;img class=&quot;avatar&quot; width=&quot;50&quot; height=&quot;50&quot; src=&quot;https://a.deviantart.net/avatars/p/r/princessbow1plz.png?5&quot; alt=&quot;:iconprincessbow1plz:&quot; title=&quot;PrincessBow1plz&quot; /&gt;&lt;/a&gt;&lt;a target=&quot;_self&quot; href=&quot;https://www.deviantart.com/princessbow2plz&quot; &gt;&lt;img class=&quot;avatar&quot; width=&quot;50&quot; height=&quot;50&quot; src=&quot;https://a.deviantart.net/avatars/p/r/princessbow2plz.png?4&quot; alt=&quot;:iconprincessbow2plz:&quot; title=&quot;PrincessBow2plz&quot; /&gt;&lt;/a&gt;&lt;a target=&quot;_self&quot; href=&quot;https://www.deviantart.com/princessbow3plz&quot; &gt;&lt;img class=&quot;avatar&quot; width=&quot;50&quot; height=&quot;50&quot; src=&quot;https://a.deviantart.net/avatars/p/r/princessbow3plz.png?4&quot; alt=&quot;:iconprincessbow3plz:&quot; title=&quot;PrincessBow3plz&quot; /&gt;&lt;/a&gt;&lt;a target=&quot;_self&quot; href=&quot;https://www.deviantart.com/princessbow4plz&quot; &gt;&lt;img class=&quot;avatar&quot; width=&quot;50&quot; height=&quot;50&quot; src=&quot;https://a.deviantart.net/avatars/p/r/princessbow4plz.png?4&quot; alt=&quot;:iconprincessbow4plz:&quot; title=&quot;PrincessBow4plz&quot; /&gt;&lt;/a&gt;&lt;a target=&quot;_self&quot; href=&quot;https://www.deviantart.com/princessbow5plz&quot; &gt;&lt;img class=&quot;avatar&quot; width=&quot;50&quot; height=&quot;50&quot; src=&quot;https://a.deviantart.net/avatars/p/r/princessbow5plz.png?4&quot; alt=&quot;:iconprincessbow5plz:&quot; title=&quot;PrincessBow5plz&quot; /&gt;&lt;/a&gt;&lt;a target=&quot;_self&quot; href=&quot;https://www.deviantart.com/princessbow6plz&quot; &gt;&lt;img class=&quot;avatar&quot; width=&quot;50&quot; height=&quot;50&quot; src=&quot;https://a.deviantart.net/avatars/p/r/princessbow6plz.png?4&quot; alt=&quot;:iconprincessbow6plz:&quot; title=&quot;PrincessBow6plz&quot; /&gt;&lt;/a&gt;&lt;a target=&quot;_self&quot; href=&quot;https://www.deviantart.com/princessbow7plz&quot; &gt;&lt;img class=&quot;avatar&quot; width=&quot;50&quot; height=&quot;50&quot; src=&quot;https://a.deviantart.net/avatars/p/r/princessbow7plz.png?5&quot; alt=&quot;:iconprincessbow7plz:&quot; title=&quot;PrincessBow7plz&quot; /&gt;&lt;/a&gt;&lt;/span&gt;&lt;/p&gt; &lt;p align=&quot;center&quot;&gt;&lt;span&gt;&lt;b&gt;&lt;a target=&quot;_self&quot; href=&quot;https://www.deviantart.com/rose5plz&quot; &gt;&lt;img class=&quot;avatar&quot; width=&quot;50&quot; height=&quot;50&quot; src=&quot;https://a.deviantart.net/avatars/r/o/rose5plz.png?4&quot; alt=&quot;:iconrose5plz:&quot; title=&quot;rose5plz&quot; /&gt;&lt;/a&gt;&lt;a target=&quot;_self&quot; href=&quot;https://www.deviantart.com/rose6plz&quot; &gt;&lt;img class=&quot;avatar&quot; width=&quot;50&quot; height=&quot;50&quot; src=&quot;https://a.deviantart.net/avatars/r/o/rose6plz.png?4&quot; alt=&quot;:iconrose6plz:&quot; title=&quot;rose6plz&quot; /&gt;&lt;/a&gt;&lt;a target=&quot;_self&quot; href=&quot;https://www.deviantart.com/rose7plz&quot; &gt;&lt;img class=&quot;avatar&quot; width=&quot;50&quot; height=&quot;50&quot; src=&quot;https://a.deviantart.net/avatars/r/o/rose7plz.png?4&quot; alt=&quot;:iconrose7plz:&quot; title=&quot;rose7plz&quot; /&gt;&lt;/a&gt;&amp;nbsp;&lt;/b&gt;&lt;a class=&quot;external&quot; href=&quot;https://www.deviantart.com/users/outgoing?http://www.patreon.com/orbitalswan&quot;&gt;&lt;span&gt;&lt;b&gt;PATREON&lt;/b&gt;&lt;/span&gt;&lt;/a&gt;&lt;b&gt;&amp;nbsp;&amp;nbsp;&lt;/b&gt;&lt;a class=&quot;external&quot; href=&quot;https://www.deviantart.com/users/outgoing?http://www.instagram.com/orbitalswan&quot;&gt;&lt;span&gt;&lt;b&gt;INSTAGRAM&lt;/b&gt;&lt;/span&gt;&lt;/a&gt;&lt;b&gt;&amp;nbsp;&amp;nbsp;&lt;/b&gt;&lt;a class=&quot;external&quot; href=&quot;https://www.deviantart.com/users/outgoing?http://www.orbitalswan.storenvy.com/&quot;&gt;&lt;span&gt;&lt;b&gt;ONLINE STORE&lt;/b&gt;&lt;/span&gt;&lt;/a&gt;&lt;b&gt;&amp;nbsp;&amp;nbsp;&lt;/b&gt;&lt;a class=&quot;external&quot; href=&quot;https://www.deviantart.com/users/outgoing?http://www.twitter.com/orbitalswan&quot;&gt;&lt;span&gt;&lt;b&gt;TWITTER&lt;/b&gt;&lt;/span&gt;&lt;/a&gt;&lt;b&gt;&amp;nbsp;&amp;nbsp;&lt;/b&gt;&lt;a class=&quot;external&quot; href=&quot;https://www.deviantart.com/users/outgoing?http://www.artstation.com/orbitalswan&quot;&gt;&lt;span&gt;&lt;b&gt;ART STATION&lt;/b&gt;&lt;/span&gt;&lt;/a&gt;&lt;b&gt;&amp;nbsp; &lt;a target=&quot;_self&quot; href=&quot;https://www.deviantart.com/rose-2plz&quot; &gt;&lt;img class=&quot;avatar&quot; width=&quot;50&quot; height=&quot;50&quot; src=&quot;https://a.deviantart.net/avatars/r/o/rose-2plz.png?4&quot; alt=&quot;:iconrose-2plz:&quot; title=&quot;rose-2plz&quot; /&gt;&lt;/a&gt;&lt;a target=&quot;_self&quot; href=&quot;https://www.deviantart.com/rose3plz&quot; &gt;&lt;img class=&quot;avatar&quot; width=&quot;50&quot; height=&quot;50&quot; src=&quot;https://a.deviantart.net/avatars/r/o/rose3plz.png?4&quot; alt=&quot;:iconrose3plz:&quot; title=&quot;rose3plz&quot; /&gt;&lt;/a&gt;&lt;a target=&quot;_self&quot; href=&quot;https://www.deviantart.com/rose4plz&quot; &gt;&lt;img class=&quot;avatar&quot; width=&quot;50&quot; height=&quot;50&quot; src=&quot;https://a.deviantart.net/avatars/r/o/rose4plz.png?4&quot; alt=&quot;:iconrose4plz:&quot; title=&quot;rose4plz&quot; /&gt;&lt;/a&gt;&lt;br /&gt;Commissions: OPEN&lt;br /&gt;Art Trades: MUTUALS ONLY&lt;br /&gt;Requests: NO&lt;/b&gt;&lt;/span&gt;&lt;/p&gt;&lt;br /&gt;&lt;div&gt;&lt;img src=&quot;https://t00.deviantart.net/G3Zd5FriWQ3y4bZpGBDBlfBquCQ=/300x200/filters:fixed_height(100,100):origin()/pre00/aeac/th/pre/i/2019/023/e/d/starlight_and_twilight_by_orbitalswan-dcxtg7h.jpg&quot; alt=&quot;thumbnail&quot; /&gt;&lt;/div&gt;</description>            </item>
                    <item>
                <title>Game Over</title>
                <link>https://viceberly.deviantart.com/art/Game-Over-774468451</link>
                <guid isPermaLink="true">https://viceberly.deviantart.com/art/Game-Over-774468451</guid>
                <pubDate>Wed, 28 Nov 2018 06:51:33 PST</pubDate>
                        <media:title type="plain">Game Over</media:title>
        <media:keywords></media:keywords>
                        <media:rating>nonadult</media:rating>
                <media:category label="Raw Fractals">digitalart/fractals/rawfractal</media:category>
        <media:credit role="author" scheme="urn:ebu">VicEberly</media:credit>
        <media:credit role="author" scheme="urn:ebu">https://a.deviantart.net/avatars/v/i/viceberly.jpg?5</media:credit>
        <media:copyright url="https://viceberly.deviantart.com">Copyright 2018-2019 VicEberly</media:copyright>            <media:description type="html">&lt;div&gt;&lt;img src=&quot;https://e.deviantart.net/emoticons/m/music.gif&quot; width=&quot;15&quot; height=&quot;15&quot; alt=&quot;:music:&quot; data-embed-type=&quot;emoticon&quot; data-embed-id=&quot;265&quot; title=&quot;Music&quot;/&gt; &lt;a class=&quot;external&quot; href=&quot;https://www.deviantart.com/users/outgoing?https://www.youtube.com/watch?v=Hjlu3K-VnGM&quot;&gt;[&lt;small&gt;the Bob Welch-era&lt;/small&gt;] Fleetwood Mac: &lt;i&gt;Miles Away&lt;/i&gt;&lt;/a&gt;&lt;/div&gt;&lt;div&gt;&lt;br /&gt;&lt;/div&gt;&lt;div&gt;&lt;small&gt;&amp;#169; Vic Eberly&lt;br /&gt;&lt;/small&gt;&lt;/div&gt;&lt;div&gt;&lt;small&gt;Created using Ultra Fractal&lt;/small&gt;&lt;/div&gt;&lt;div&gt;&lt;small&gt;&lt;br /&gt;&lt;/small&gt;&lt;/div&gt;&lt;div&gt;&lt;small&gt;&lt;br /&gt;&lt;/small&gt;&lt;/div&gt;&lt;div&gt;Edit: Thank you, &lt;span class=&quot;username-with-symbol u&quot;&gt;&lt;a class=&quot;u volunteer username&quot; href=&quot;https://www.deviantart.com/c-91&quot;&gt;C-91&lt;/a&gt;&lt;span class=&quot;user-symbol volunteer&quot; data-quicktip-text=&quot;Volunteer&quot; data-show-tooltip=&quot;1&quot; data-gruser-type=&quot;volunteer&quot;&gt;&lt;/span&gt;&lt;/span&gt;, for featuring this image as a DD!&lt;/div&gt;&lt;div&gt;&lt;br /&gt;&lt;/div&gt;&lt;div&gt;&lt;br /&gt;&lt;/div&gt;</media:description>            <media:thumbnail url="https://t00.deviantart.net/qnVvQN4NenA32Uj7Kq4qh0skO_Y=/fit-in/150x150/filters:no_upscale():origin()/pre00/9459/th/pre/f/2018/332/2/4/game_over_by_viceberly-dct3joj.jpg" height="150" width="150"/>            <media:thumbnail url="https://t00.deviantart.net/OKWi-jFFlj5TrX6nqbUeu3eTmkU=/fit-in/300x900/filters:no_upscale():origin()/pre00/9459/th/pre/f/2018/332/2/4/game_over_by_viceberly-dct3joj.jpg" height="300" width="300"/>            <media:thumbnail url="https://t00.deviantart.net/6hfyBPlpRPovhAVi0nzBsH9PFaw=/300x200/filters:fixed_height(100,100):origin()/pre00/9459/th/pre/f/2018/332/2/4/game_over_by_viceberly-dct3joj.jpg" height="200" width="200"/>            <media:content url="https://orig00.deviantart.net/f92c/f/2018/332/2/4/game_over_by_viceberly-dct3joj.jpg" height="850" width="850" medium="image"/>            
            <description>&lt;div&gt;&lt;img src=&quot;https://e.deviantart.net/emoticons/m/music.gif&quot; width=&quot;15&quot; height=&quot;15&quot; alt=&quot;:music:&quot; data-embed-type=&quot;emoticon&quot; data-embed-id=&quot;265&quot; title=&quot;Music&quot;/&gt; &lt;a class=&quot;external&quot; href=&quot;https://www.deviantart.com/users/outgoing?https://www.youtube.com/watch?v=Hjlu3K-VnGM&quot;&gt;[&lt;small&gt;the Bob Welch-era&lt;/small&gt;] Fleetwood Mac: &lt;i&gt;Miles Away&lt;/i&gt;&lt;/a&gt;&lt;/div&gt;&lt;div&gt;&lt;br /&gt;&lt;/div&gt;&lt;div&gt;&lt;small&gt;&amp;#169; Vic Eberly&lt;br /&gt;&lt;/small&gt;&lt;/div&gt;&lt;div&gt;&lt;small&gt;Created using Ultra Fractal&lt;/small&gt;&lt;/div&gt;&lt;div&gt;&lt;small&gt;&lt;br /&gt;&lt;/small&gt;&lt;/div&gt;&lt;div&gt;&lt;small&gt;&lt;br /&gt;&lt;/small&gt;&lt;/div&gt;&lt;div&gt;Edit: Thank you, &lt;span class=&quot;username-with-symbol u&quot;&gt;&lt;a class=&quot;u volunteer username&quot; href=&quot;https://www.deviantart.com/c-91&quot;&gt;C-91&lt;/a&gt;&lt;span class=&quot;user-symbol volunteer&quot; data-quicktip-text=&quot;Volunteer&quot; data-show-tooltip=&quot;1&quot; data-gruser-type=&quot;volunteer&quot;&gt;&lt;/span&gt;&lt;/span&gt;, for featuring this image as a DD!&lt;/div&gt;&lt;div&gt;&lt;br /&gt;&lt;/div&gt;&lt;div&gt;&lt;br /&gt;&lt;/div&gt;&lt;br /&gt;&lt;div&gt;&lt;img src=&quot;https://t00.deviantart.net/6hfyBPlpRPovhAVi0nzBsH9PFaw=/300x200/filters:fixed_height(100,100):origin()/pre00/9459/th/pre/f/2018/332/2/4/game_over_by_viceberly-dct3joj.jpg&quot; alt=&quot;thumbnail&quot; /&gt;&lt;/div&gt;</description>            </item>
                    <item>
                <title>Alice</title>
                <link>https://toshi13go.deviantart.com/art/Alice-783851400</link>
                <guid isPermaLink="true">https://toshi13go.deviantart.com/art/Alice-783851400</guid>
                <pubDate>Sat, 02 Feb 2019 06:16:45 PST</pubDate>
                        <media:title type="plain">Alice</media:title>
        <media:keywords></media:keywords>
                        <media:rating>nonadult</media:rating>
                <media:category label="Fantasy">digitalart/paintings/fantasy</media:category>
        <media:credit role="author" scheme="urn:ebu">toshi13go</media:credit>
        <media:credit role="author" scheme="urn:ebu">https://a.deviantart.net/avatars/t/o/toshi13go.jpg?7</media:credit>
        <media:copyright url="https://toshi13go.deviantart.com">Copyright 2019 toshi13go</media:copyright>            <media:description type="html">Actually a piece I started years ago but only recently decided to bring to a finish! I hope you like it! : &amp;gt;&lt;br /&gt;&lt;br /&gt;&lt;br /&gt;&lt;br /&gt;&lt;span&gt;I am currently available for commissions and work!&amp;nbsp; If you are interested or would like more details please leave me a note or send me a mail at: satoshi.kamanaka @ gmail.com&lt;/span&gt;</media:description>            <media:thumbnail url="https://t00.deviantart.net/xud33B06wMMLDCVoaKyQM4LVT8M=/fit-in/150x150/filters:no_upscale():origin()/pre00/d4bf/th/pre/i/2019/033/2/2/alice_by_toshi13go-dcyonm0.jpg" height="150" width="97"/>            <media:thumbnail url="https://t00.deviantart.net/hnV3lvwBLiMwl6v2hU_DSHhIAKM=/fit-in/300x900/filters:no_upscale():origin()/pre00/d4bf/th/pre/i/2019/033/2/2/alice_by_toshi13go-dcyonm0.jpg" height="463" width="300"/>            <media:thumbnail url="https://t00.deviantart.net/vn3pOtaYUKx-dual_Uu0ARW-NtM=/300x200/filters:fixed_height(100,100):origin()/pre00/d4bf/th/pre/i/2019/033/2/2/alice_by_toshi13go-dcyonm0.jpg" height="200" width="130"/>            <media:content url="https://pre00.deviantart.net/d4bf/th/pre/i/2019/033/2/2/alice_by_toshi13go-dcyonm0.jpg" height="1110" width="720" medium="image"/>            
            <description>Actually a piece I started years ago but only recently decided to bring to a finish! I hope you like it! : &amp;gt;&lt;br /&gt;&lt;br /&gt;&lt;br /&gt;&lt;br /&gt;&lt;span&gt;I am currently available for commissions and work!&amp;nbsp; If you are interested or would like more details please leave me a note or send me a mail at: satoshi.kamanaka @ gmail.com&lt;/span&gt;&lt;br /&gt;&lt;div&gt;&lt;img src=&quot;https://t00.deviantart.net/vn3pOtaYUKx-dual_Uu0ARW-NtM=/300x200/filters:fixed_height(100,100):origin()/pre00/d4bf/th/pre/i/2019/033/2/2/alice_by_toshi13go-dcyonm0.jpg&quot; alt=&quot;thumbnail&quot; /&gt;&lt;/div&gt;</description>            </item>
                    <item>
                <title>Hello</title>
                <link>https://strooitje.deviantart.com/art/Hello-740517759</link>
                <guid isPermaLink="true">https://strooitje.deviantart.com/art/Hello-740517759</guid>
                <pubDate>Sun, 15 Apr 2018 05:50:58 PDT</pubDate>
                        <media:title type="plain">Hello</media:title>
        <media:keywords></media:keywords>
                        <media:rating>adult</media:rating>
                <media:category label="Portraits &amp; Figures">traditional/drawings/portraits</media:category>
        <media:credit role="author" scheme="urn:ebu">Strooitje</media:credit>
        <media:credit role="author" scheme="urn:ebu">https://a.deviantart.net/avatars/s/t/strooitje.png?13</media:credit>
        <media:copyright url="https://strooitje.deviantart.com">Copyright 2018-2019 Strooitje</media:copyright>            <media:description type="html">&lt;span&gt;It&#039;s a holiday, so no live drawing class, so instead i used the time to draw some reference pictures&lt;/span&gt;&lt;br /&gt;&lt;span&gt;I found this on pinterest:&amp;nbsp;&lt;/span&gt;&lt;span&gt;Original photography: Curl by&amp;nbsp;&lt;/span&gt;&lt;a class=&quot;external&quot; href=&quot;https://www.deviantart.com/users/outgoing?https://modelsociety.com/Photographer/Mick-Waghorne&quot;&gt;Mick Waghorne&lt;/a&gt;&lt;span&gt;&lt;br /&gt;&lt;a class=&quot;external&quot; href=&quot;https://www.deviantart.com/users/outgoing?https://modelsociety.com/category-galleries-galleryview-imagedetail.aspx?id=24196&quot;&gt;modelsociety.com/category-gall&amp;hellip;&lt;/a&gt;&lt;br /&gt;&lt;br /&gt;&lt;/span&gt;</media:description>            <media:thumbnail url="https://t00.deviantart.net/4kmzVJaZsxeeRsng-RgisD9hkQQ=/fit-in/150x150/filters:no_upscale():origin()/pre00/69e9/th/pre/i/2019/023/8/f/hello_by_strooitje-dc8vv5r.jpg" height="116" width="150"/>            <media:thumbnail url="https://t00.deviantart.net/jmq5n4GygBhem2C_NZ8AARhn0W0=/fit-in/300x900/filters:no_upscale():origin()/pre00/69e9/th/pre/i/2019/023/8/f/hello_by_strooitje-dc8vv5r.jpg" height="232" width="300"/>            <media:thumbnail url="https://t00.deviantart.net/WpVhtDmAuxjNXCKgbiWmXZKWnaY=/300x200/filters:fixed_height(100,100):origin()/pre00/69e9/th/pre/i/2019/023/8/f/hello_by_strooitje-dc8vv5r.jpg" height="200" width="259"/>            <media:content url="https://pre00.deviantart.net/69e9/th/pre/i/2019/023/8/f/hello_by_strooitje-dc8vv5r.jpg" height="785" width="1018" medium="image"/>            
            <description>&lt;span&gt;It&#039;s a holiday, so no live drawing class, so instead i used the time to draw some reference pictures&lt;/span&gt;&lt;br /&gt;&lt;span&gt;I found this on pinterest:&amp;nbsp;&lt;/span&gt;&lt;span&gt;Original photography: Curl by&amp;nbsp;&lt;/span&gt;&lt;a class=&quot;external&quot; href=&quot;https://www.deviantart.com/users/outgoing?https://modelsociety.com/Photographer/Mick-Waghorne&quot;&gt;Mick Waghorne&lt;/a&gt;&lt;span&gt;&lt;br /&gt;&lt;a class=&quot;external&quot; href=&quot;https://www.deviantart.com/users/outgoing?https://modelsociety.com/category-galleries-galleryview-imagedetail.aspx?id=24196&quot;&gt;modelsociety.com/category-gall&amp;hellip;&lt;/a&gt;&lt;br /&gt;&lt;br /&gt;&lt;/span&gt;&lt;br /&gt;&lt;div&gt;&lt;img src=&quot;https://t00.deviantart.net/WpVhtDmAuxjNXCKgbiWmXZKWnaY=/300x200/filters:fixed_height(100,100):origin()/pre00/69e9/th/pre/i/2019/023/8/f/hello_by_strooitje-dc8vv5r.jpg&quot; alt=&quot;thumbnail&quot; /&gt;&lt;/div&gt;</description>            </item>
                    <item>
                <title>Wolves</title>
                <link>https://mish-a-man.deviantart.com/art/Wolves-783294817</link>
                <guid isPermaLink="true">https://mish-a-man.deviantart.com/art/Wolves-783294817</guid>
                <pubDate>Tue, 29 Jan 2019 10:24:12 PST</pubDate>
                        <media:title type="plain">Wolves</media:title>
        <media:keywords></media:keywords>
                        <media:rating>nonadult</media:rating>
                <media:category label="Fantasy">digitalart/photomanip/fantasy</media:category>
        <media:credit role="author" scheme="urn:ebu">Mish-A-Man</media:credit>
        <media:credit role="author" scheme="urn:ebu">https://a.deviantart.net/avatars/m/i/mish-a-man.jpg?6</media:credit>
        <media:copyright url="https://mish-a-man.deviantart.com">Copyright 2019 Mish-A-Man</media:copyright>            <media:description type="html">&lt;span&gt;A bit out of what I usually do.&lt;br /&gt;&lt;br /&gt;First inspired by:&lt;/span&gt;&lt;br /&gt;&lt;span&gt;&quot;I&#039;ve been running through the jungle&lt;/span&gt;&lt;br /&gt;&lt;span&gt;I&#039;ve been running with the wolves&lt;/span&gt;&lt;br /&gt;&lt;span&gt;To get to you&quot;&lt;/span&gt;&lt;br /&gt;&lt;br /&gt;&lt;span&gt;but then I continued by these words:&lt;/span&gt;&lt;br /&gt;&lt;span&gt;&quot;No one&#039;s going to take me alive&lt;/span&gt;&lt;br /&gt;&lt;span&gt;Time has come to make things right&lt;/span&gt;&lt;br /&gt;&lt;span&gt;You and I must fight for our rights&lt;/span&gt;&lt;br /&gt;&lt;span&gt;You and I must fight to survive&quot;&lt;/span&gt;&lt;br /&gt;&lt;span&gt;song lyrics by Muse - Knights of Cydonia&lt;br /&gt;&lt;br /&gt;&lt;/span&gt;&lt;span&gt;Large wallpaper size here:&amp;nbsp;&lt;/span&gt;&lt;a class=&quot;external&quot; href=&quot;https://www.deviantart.com/users/outgoing?http://www.wallpapers.wpgallery.com/digital-art/manipulations/wolves-170.htm?fbclid=IwAR2VCAypElLuEWMzdGmBctvsMzxvx-oBXlxeBZMAzuX4-0lRAUh_9qkb5yc&quot;&gt;&lt;span&gt;http://&lt;/span&gt;&lt;span&gt;&lt;/span&gt;&lt;span&gt;www.wallpapers.wpgallery.co&lt;/span&gt;&lt;span&gt;&lt;/span&gt;&lt;span&gt;m/digital-art/&lt;/span&gt;&lt;span&gt;&lt;/span&gt;&lt;span&gt;manipulations/&lt;/span&gt;&lt;span&gt;&lt;/span&gt;wolves-170.htm&lt;/a&gt;&lt;br /&gt;&lt;br /&gt;&lt;span&gt;Resources:&lt;/span&gt;&lt;br /&gt;&lt;span&gt;Woman and man:&amp;nbsp;&lt;/span&gt;&lt;a href=&quot;https://www.deviantart.com/daestock/art/Danse-Macabre-4-362891512&quot;&gt;&lt;a href=&quot;https://www.deviantart.com/daestock/art/Danse-Macabre-4-362891512&quot;&gt;www.deviantart.com/daestock/ar&amp;hellip;&lt;/a&gt;&lt;/a&gt;&lt;span&gt;&amp;nbsp;&lt;/span&gt;&lt;br /&gt;&lt;span&gt;Wolf 1:&amp;nbsp;&lt;/span&gt;&lt;a href=&quot;https://www.deviantart.com/users/outgoing?https://www.123rf.com/stock-photo/36559934.html&quot;&gt;&lt;a class=&quot;external&quot; href=&quot;https://www.deviantart.com/users/outgoing?https://www.123rf.com/stock-photo/36559934.html&quot;&gt;www.123rf.com/stock-photo/3655&amp;hellip;&lt;/a&gt;&lt;/a&gt;&lt;span&gt;&amp;nbsp;&lt;/span&gt;&lt;br /&gt;&lt;span&gt;Wolf 2:&amp;nbsp;&lt;/span&gt;&lt;a href=&quot;https://www.deviantart.com/users/outgoing?https://www.123rf.com/stock-photo/35403730.html&quot;&gt;&lt;a class=&quot;external&quot; href=&quot;https://www.deviantart.com/users/outgoing?https://www.123rf.com/stock-photo/35403730.html&quot;&gt;www.123rf.com/stock-photo/3540&amp;hellip;&lt;/a&gt;&lt;/a&gt;&lt;span&gt;&amp;nbsp;&lt;br /&gt;Wolf 3:&amp;nbsp;&lt;a class=&quot;external&quot; href=&quot;https://www.deviantart.com/users/outgoing?https://www.123rf.com/photo_16818766_gray-eurasian-wolf-canis-lupus-.html&quot;&gt;www.123rf.com/photo_16818766_g&amp;hellip;&lt;/a&gt;&lt;br /&gt;Leafs:&amp;nbsp;&lt;a class=&quot;external&quot; href=&quot;https://www.deviantart.com/users/outgoing?https://www.123rf.com/photo_41571723_green-leaves-isolated-on-white.html&quot;&gt;www.123rf.com/photo_41571723_g&amp;hellip;&lt;/a&gt;&lt;br /&gt;Leafs 2:&amp;nbsp;&lt;a class=&quot;external&quot; href=&quot;https://www.deviantart.com/users/outgoing?https://www.123rf.com/photo_55697998_green-citrus-leaves-isolated-on-white.html&quot;&gt;www.123rf.com/photo_55697998_g&amp;hellip;&lt;/a&gt;&lt;br /&gt;Iron Suit:&amp;nbsp;&lt;a class=&quot;external&quot; href=&quot;https://www.deviantart.com/users/outgoing?https://www.123rf.com/photo_71332963_stock-illustration-full-medieval-iron-suit-isolated-on-a-white-background-3d-illustration.html&quot;&gt;www.123rf.com/photo_71332963_s&amp;hellip;&lt;/a&gt;&lt;br /&gt;&lt;/span&gt;Background 1:&amp;nbsp;&lt;a class=&quot;external&quot; href=&quot;https://www.deviantart.com/users/outgoing?https://www.123rf.com/stock-photo/11059387.html&quot;&gt;www.123rf.com/stock-photo/1105&amp;hellip;&lt;/a&gt;&lt;br /&gt;Background 2:&amp;nbsp;&lt;a class=&quot;external&quot; href=&quot;https://www.deviantart.com/users/outgoing?https://www.123rf.com/photo_13482724_waterfall-in-erawan-national-park-kanchanaburi-thailand.html&quot;&gt;www.123rf.com/photo_13482724_w&amp;hellip;&lt;/a&gt;&lt;br /&gt;Background 3:&amp;nbsp;&lt;a class=&quot;external&quot; href=&quot;https://www.deviantart.com/users/outgoing?https://www.123rf.com/photo_5276364_spring-in-the-forest.html&quot;&gt;www.123rf.com/photo_5276364_sp&amp;hellip;&lt;/a&gt;&lt;br /&gt;Background 4:&amp;nbsp;&lt;a class=&quot;external&quot; href=&quot;https://www.deviantart.com/users/outgoing?https://www.123rf.com/photo_38668866_forest-of-nepal.html&quot;&gt;www.123rf.com/photo_38668866_f&amp;hellip;&lt;/a&gt;&lt;br /&gt;Background 5:&amp;nbsp;&lt;a class=&quot;external&quot; href=&quot;https://www.deviantart.com/users/outgoing?https://www.123rf.com/photo_9420967_beautiful-waterfall-cascades-in-erawan-kanachanburi-thailand.html&quot;&gt;www.123rf.com/photo_9420967_be&amp;hellip;&lt;/a&gt;&lt;br /&gt;Water texture:&amp;nbsp;&lt;a class=&quot;external&quot; href=&quot;https://www.deviantart.com/users/outgoing?https://www.123rf.com/photo_37599260_ocean-water-background.html&quot;&gt;www.123rf.com/photo_37599260_o&amp;hellip;&lt;/a&gt;&lt;br /&gt;&lt;br /&gt;&lt;span&gt;Follow me on Instagram:&amp;nbsp;&lt;/span&gt;&lt;a href=&quot;https://www.deviantart.com/users/outgoing?https://www.instagram.com/mish_a_man/&quot;&gt;&lt;a class=&quot;external&quot; href=&quot;https://www.deviantart.com/users/outgoing?https://www.instagram.com/mish_a_man/&quot;&gt;www.instagram.com/mish_a_man/&lt;/a&gt;&lt;/a&gt;&lt;span&gt;&amp;nbsp;and on facebook:&amp;nbsp;&lt;/span&gt;&lt;a href=&quot;https://www.deviantart.com/users/outgoing?https://www.facebook.com/profile.php?id=1779740862&quot;&gt;&lt;a class=&quot;external&quot; href=&quot;https://www.deviantart.com/users/outgoing?https://www.facebook.com/profile.php?id=1779740862&quot;&gt;www.facebook.com/profile.php?i&amp;hellip;&lt;/a&gt;&lt;/a&gt;</media:description>            <media:thumbnail url="https://t00.deviantart.net/4h0nGJQlKnvt1bI8gc3he7V54E4=/fit-in/150x150/filters:no_upscale():origin()/pre00/f758/th/pre/i/2019/029/a/0/wolves_by_mish_a_man-dcycq5d.jpg" height="94" width="150"/>            <media:thumbnail url="https://t00.deviantart.net/2mWdcYUe2Zl6Z0W1tG5PTrX8-mI=/fit-in/300x900/filters:no_upscale():origin()/pre00/f758/th/pre/i/2019/029/a/0/wolves_by_mish_a_man-dcycq5d.jpg" height="188" width="300"/>            <media:thumbnail url="https://t00.deviantart.net/_Df9f5wWovYok6hfSBVDwl1pcFs=/300x200/filters:fixed_height(100,100):origin()/pre00/f758/th/pre/i/2019/029/a/0/wolves_by_mish_a_man-dcycq5d.jpg" height="188" width="300"/>            <media:content url="https://pre00.deviantart.net/f758/th/pre/i/2019/029/a/0/wolves_by_mish_a_man-dcycq5d.jpg" height="707" width="1131" medium="image"/>            
            <description>&lt;span&gt;A bit out of what I usually do.&lt;br /&gt;&lt;br /&gt;First inspired by:&lt;/span&gt;&lt;br /&gt;&lt;span&gt;&quot;I&#039;ve been running through the jungle&lt;/span&gt;&lt;br /&gt;&lt;span&gt;I&#039;ve been running with the wolves&lt;/span&gt;&lt;br /&gt;&lt;span&gt;To get to you&quot;&lt;/span&gt;&lt;br /&gt;&lt;br /&gt;&lt;span&gt;but then I continued by these words:&lt;/span&gt;&lt;br /&gt;&lt;span&gt;&quot;No one&#039;s going to take me alive&lt;/span&gt;&lt;br /&gt;&lt;span&gt;Time has come to make things right&lt;/span&gt;&lt;br /&gt;&lt;span&gt;You and I must fight for our rights&lt;/span&gt;&lt;br /&gt;&lt;span&gt;You and I must fight to survive&quot;&lt;/span&gt;&lt;br /&gt;&lt;span&gt;song lyrics by Muse - Knights of Cydonia&lt;br /&gt;&lt;br /&gt;&lt;/span&gt;&lt;span&gt;Large wallpaper size here:&amp;nbsp;&lt;/span&gt;&lt;a class=&quot;external&quot; href=&quot;https://www.deviantart.com/users/outgoing?http://www.wallpapers.wpgallery.com/digital-art/manipulations/wolves-170.htm?fbclid=IwAR2VCAypElLuEWMzdGmBctvsMzxvx-oBXlxeBZMAzuX4-0lRAUh_9qkb5yc&quot;&gt;&lt;span&gt;http://&lt;/span&gt;&lt;span&gt;&lt;/span&gt;&lt;span&gt;www.wallpapers.wpgallery.co&lt;/span&gt;&lt;span&gt;&lt;/span&gt;&lt;span&gt;m/digital-art/&lt;/span&gt;&lt;span&gt;&lt;/span&gt;&lt;span&gt;manipulations/&lt;/span&gt;&lt;span&gt;&lt;/span&gt;wolves-170.htm&lt;/a&gt;&lt;br /&gt;&lt;br /&gt;&lt;span&gt;Resources:&lt;/span&gt;&lt;br /&gt;&lt;span&gt;Woman and man:&amp;nbsp;&lt;/span&gt;&lt;a href=&quot;https://www.deviantart.com/daestock/art/Danse-Macabre-4-362891512&quot;&gt;&lt;a href=&quot;https://www.deviantart.com/daestock/art/Danse-Macabre-4-362891512&quot;&gt;www.deviantart.com/daestock/ar&amp;hellip;&lt;/a&gt;&lt;/a&gt;&lt;span&gt;&amp;nbsp;&lt;/span&gt;&lt;br /&gt;&lt;span&gt;Wolf 1:&amp;nbsp;&lt;/span&gt;&lt;a href=&quot;https://www.deviantart.com/users/outgoing?https://www.123rf.com/stock-photo/36559934.html&quot;&gt;&lt;a class=&quot;external&quot; href=&quot;https://www.deviantart.com/users/outgoing?https://www.123rf.com/stock-photo/36559934.html&quot;&gt;www.123rf.com/stock-photo/3655&amp;hellip;&lt;/a&gt;&lt;/a&gt;&lt;span&gt;&amp;nbsp;&lt;/span&gt;&lt;br /&gt;&lt;span&gt;Wolf 2:&amp;nbsp;&lt;/span&gt;&lt;a href=&quot;https://www.deviantart.com/users/outgoing?https://www.123rf.com/stock-photo/35403730.html&quot;&gt;&lt;a class=&quot;external&quot; href=&quot;https://www.deviantart.com/users/outgoing?https://www.123rf.com/stock-photo/35403730.html&quot;&gt;www.123rf.com/stock-photo/3540&amp;hellip;&lt;/a&gt;&lt;/a&gt;&lt;span&gt;&amp;nbsp;&lt;br /&gt;Wolf 3:&amp;nbsp;&lt;a class=&quot;external&quot; href=&quot;https://www.deviantart.com/users/outgoing?https://www.123rf.com/photo_16818766_gray-eurasian-wolf-canis-lupus-.html&quot;&gt;www.123rf.com/photo_16818766_g&amp;hellip;&lt;/a&gt;&lt;br /&gt;Leafs:&amp;nbsp;&lt;a class=&quot;external&quot; href=&quot;https://www.deviantart.com/users/outgoing?https://www.123rf.com/photo_41571723_green-leaves-isolated-on-white.html&quot;&gt;www.123rf.com/photo_41571723_g&amp;hellip;&lt;/a&gt;&lt;br /&gt;Leafs 2:&amp;nbsp;&lt;a class=&quot;external&quot; href=&quot;https://www.deviantart.com/users/outgoing?https://www.123rf.com/photo_55697998_green-citrus-leaves-isolated-on-white.html&quot;&gt;www.123rf.com/photo_55697998_g&amp;hellip;&lt;/a&gt;&lt;br /&gt;Iron Suit:&amp;nbsp;&lt;a class=&quot;external&quot; href=&quot;https://www.deviantart.com/users/outgoing?https://www.123rf.com/photo_71332963_stock-illustration-full-medieval-iron-suit-isolated-on-a-white-background-3d-illustration.html&quot;&gt;www.123rf.com/photo_71332963_s&amp;hellip;&lt;/a&gt;&lt;br /&gt;&lt;/span&gt;Background 1:&amp;nbsp;&lt;a class=&quot;external&quot; href=&quot;https://www.deviantart.com/users/outgoing?https://www.123rf.com/stock-photo/11059387.html&quot;&gt;www.123rf.com/stock-photo/1105&amp;hellip;&lt;/a&gt;&lt;br /&gt;Background 2:&amp;nbsp;&lt;a class=&quot;external&quot; href=&quot;https://www.deviantart.com/users/outgoing?https://www.123rf.com/photo_13482724_waterfall-in-erawan-national-park-kanchanaburi-thailand.html&quot;&gt;www.123rf.com/photo_13482724_w&amp;hellip;&lt;/a&gt;&lt;br /&gt;Background 3:&amp;nbsp;&lt;a class=&quot;external&quot; href=&quot;https://www.deviantart.com/users/outgoing?https://www.123rf.com/photo_5276364_spring-in-the-forest.html&quot;&gt;www.123rf.com/photo_5276364_sp&amp;hellip;&lt;/a&gt;&lt;br /&gt;Background 4:&amp;nbsp;&lt;a class=&quot;external&quot; href=&quot;https://www.deviantart.com/users/outgoing?https://www.123rf.com/photo_38668866_forest-of-nepal.html&quot;&gt;www.123rf.com/photo_38668866_f&amp;hellip;&lt;/a&gt;&lt;br /&gt;Background 5:&amp;nbsp;&lt;a class=&quot;external&quot; href=&quot;https://www.deviantart.com/users/outgoing?https://www.123rf.com/photo_9420967_beautiful-waterfall-cascades-in-erawan-kanachanburi-thailand.html&quot;&gt;www.123rf.com/photo_9420967_be&amp;hellip;&lt;/a&gt;&lt;br /&gt;Water texture:&amp;nbsp;&lt;a class=&quot;external&quot; href=&quot;https://www.deviantart.com/users/outgoing?https://www.123rf.com/photo_37599260_ocean-water-background.html&quot;&gt;www.123rf.com/photo_37599260_o&amp;hellip;&lt;/a&gt;&lt;br /&gt;&lt;br /&gt;&lt;span&gt;Follow me on Instagram:&amp;nbsp;&lt;/span&gt;&lt;a href=&quot;https://www.deviantart.com/users/outgoing?https://www.instagram.com/mish_a_man/&quot;&gt;&lt;a class=&quot;external&quot; href=&quot;https://www.deviantart.com/users/outgoing?https://www.instagram.com/mish_a_man/&quot;&gt;www.instagram.com/mish_a_man/&lt;/a&gt;&lt;/a&gt;&lt;span&gt;&amp;nbsp;and on facebook:&amp;nbsp;&lt;/span&gt;&lt;a href=&quot;https://www.deviantart.com/users/outgoing?https://www.facebook.com/profile.php?id=1779740862&quot;&gt;&lt;a class=&quot;external&quot; href=&quot;https://www.deviantart.com/users/outgoing?https://www.facebook.com/profile.php?id=1779740862&quot;&gt;www.facebook.com/profile.php?i&amp;hellip;&lt;/a&gt;&lt;/a&gt;&lt;br /&gt;&lt;div&gt;&lt;img src=&quot;https://t00.deviantart.net/_Df9f5wWovYok6hfSBVDwl1pcFs=/300x200/filters:fixed_height(100,100):origin()/pre00/f758/th/pre/i/2019/029/a/0/wolves_by_mish_a_man-dcycq5d.jpg&quot; alt=&quot;thumbnail&quot; /&gt;&lt;/div&gt;</description>            </item>
                    <item>
                <title>Bladerunner figurine</title>
                <link>https://kazooartdolls.deviantart.com/art/Bladerunner-figurine-769636117</link>
                <guid isPermaLink="true">https://kazooartdolls.deviantart.com/art/Bladerunner-figurine-769636117</guid>
                <pubDate>Wed, 24 Oct 2018 04:14:24 PDT</pubDate>
                        <media:title type="plain">Bladerunner figurine</media:title>
        <media:keywords></media:keywords>
                        <media:rating>nonadult</media:rating>
                <media:category label="Original Artist Dolls">artisan/customdolls/originaldolls</media:category>
        <media:credit role="author" scheme="urn:ebu">KazooArtdolls</media:credit>
        <media:credit role="author" scheme="urn:ebu">https://a.deviantart.net/avatars/k/a/kazooartdolls.jpg?3</media:credit>
        <media:copyright url="https://kazooartdolls.deviantart.com">Copyright 2018-2019 KazooArtdolls</media:copyright>            <media:description type="html">&lt;span&gt;Another custom, which some were afraid to do, because it seemed to them that it is impossible to carve a creature that stands on the blades of knives &lt;img src=&quot;https://e.deviantart.net/emoticons/letters/=p.gif&quot; width=&quot;15&quot; height=&quot;15&quot; alt=&quot;:P&quot; data-embed-type=&quot;emoticon&quot; data-embed-id=&quot;395&quot; title=&quot;:P (Lick)&quot;/&gt; And yet I succeeded &lt;img src=&quot;https://e.deviantart.net/emoticons/letters/=p.gif&quot; width=&quot;15&quot; height=&quot;15&quot; alt=&quot;:P&quot; data-embed-type=&quot;emoticon&quot; data-embed-id=&quot;395&quot; title=&quot;:P (Lick)&quot;/&gt; This is a kind of demonic greyhound who has knives instead of feet.&lt;/span&gt;&lt;span&gt;&amp;nbsp;F&lt;/span&gt;&lt;span&gt;igurine not posable.&lt;/span&gt;&lt;div&gt;&lt;br /&gt;&lt;/div&gt;&lt;div&gt;To see more check out my Instagram:&lt;br /&gt;&lt;a class=&quot;external&quot; href=&quot;https://www.deviantart.com/users/outgoing?https://www.instagram.com/kazoo_artdolls/&quot;&gt;www.instagram.com/kazoo_artdol&amp;hellip;&lt;/a&gt;&lt;br /&gt;&lt;br /&gt;And Etsy store:&lt;br /&gt;&lt;a class=&quot;external&quot; href=&quot;https://www.deviantart.com/users/outgoing?https://www.etsy.com/shop/KazooArtDolls&quot;&gt;www.etsy.com/shop/KazooArtDoll&amp;hellip;&lt;/a&gt;&lt;br /&gt;&lt;br /&gt;OPEN FOR COMMISSIONS!&lt;br /&gt;&lt;br /&gt;&lt;div&gt;&lt;span&gt;&lt;br /&gt;&lt;/span&gt;&lt;/div&gt;&lt;/div&gt;</media:description>            <media:thumbnail url="https://t00.deviantart.net/o0IlaMeJMTbOdtveyUw_4F1MwdM=/fit-in/150x150/filters:no_upscale():origin()/pre00/7f5a/th/pre/i/2018/297/7/1/bladerunner_figurine_by_kazooartdolls-dcq7z11.jpg" height="100" width="150"/>            <media:thumbnail url="https://t00.deviantart.net/5LvW_PNxz6urN7FbgVOmCJdLdWI=/fit-in/300x900/filters:no_upscale():origin()/pre00/7f5a/th/pre/i/2018/297/7/1/bladerunner_figurine_by_kazooartdolls-dcq7z11.jpg" height="200" width="300"/>            <media:thumbnail url="https://t00.deviantart.net/lXq6Or8yx6akntFd-3gyAEfiR7o=/300x200/filters:fixed_height(100,100):origin()/pre00/7f5a/th/pre/i/2018/297/7/1/bladerunner_figurine_by_kazooartdolls-dcq7z11.jpg" height="200" width="300"/>            <media:content url="https://img00.deviantart.net/05cf/i/2018/297/7/1/bladerunner_figurine_by_kazooartdolls-dcq7z11.jpg" height="681" width="1024" medium="image"/>            
            <description>&lt;span&gt;Another custom, which some were afraid to do, because it seemed to them that it is impossible to carve a creature that stands on the blades of knives &lt;img src=&quot;https://e.deviantart.net/emoticons/letters/=p.gif&quot; width=&quot;15&quot; height=&quot;15&quot; alt=&quot;:P&quot; data-embed-type=&quot;emoticon&quot; data-embed-id=&quot;395&quot; title=&quot;:P (Lick)&quot;/&gt; And yet I succeeded &lt;img src=&quot;https://e.deviantart.net/emoticons/letters/=p.gif&quot; width=&quot;15&quot; height=&quot;15&quot; alt=&quot;:P&quot; data-embed-type=&quot;emoticon&quot; data-embed-id=&quot;395&quot; title=&quot;:P (Lick)&quot;/&gt; This is a kind of demonic greyhound who has knives instead of feet.&lt;/span&gt;&lt;span&gt;&amp;nbsp;F&lt;/span&gt;&lt;span&gt;igurine not posable.&lt;/span&gt;&lt;div&gt;&lt;br /&gt;&lt;/div&gt;&lt;div&gt;To see more check out my Instagram:&lt;br /&gt;&lt;a class=&quot;external&quot; href=&quot;https://www.deviantart.com/users/outgoing?https://www.instagram.com/kazoo_artdolls/&quot;&gt;www.instagram.com/kazoo_artdol&amp;hellip;&lt;/a&gt;&lt;br /&gt;&lt;br /&gt;And Etsy store:&lt;br /&gt;&lt;a class=&quot;external&quot; href=&quot;https://www.deviantart.com/users/outgoing?https://www.etsy.com/shop/KazooArtDolls&quot;&gt;www.etsy.com/shop/KazooArtDoll&amp;hellip;&lt;/a&gt;&lt;br /&gt;&lt;br /&gt;OPEN FOR COMMISSIONS!&lt;br /&gt;&lt;br /&gt;&lt;div&gt;&lt;span&gt;&lt;br /&gt;&lt;/span&gt;&lt;/div&gt;&lt;/div&gt;&lt;br /&gt;&lt;div&gt;&lt;img src=&quot;https://t00.deviantart.net/lXq6Or8yx6akntFd-3gyAEfiR7o=/300x200/filters:fixed_height(100,100):origin()/pre00/7f5a/th/pre/i/2018/297/7/1/bladerunner_figurine_by_kazooartdolls-dcq7z11.jpg&quot; alt=&quot;thumbnail&quot; /&gt;&lt;/div&gt;</description>            </item>
                    <item>
                <title>The Real Ninja Turtle, Err, Tortoise</title>
                <link>https://damir-g-martin.deviantart.com/art/The-Real-Ninja-Turtle-Err-Tortoise-784221917</link>
                <guid isPermaLink="true">https://damir-g-martin.deviantart.com/art/The-Real-Ninja-Turtle-Err-Tortoise-784221917</guid>
                <pubDate>Mon, 04 Feb 2019 15:21:56 PST</pubDate>
                        <media:title type="plain">The Real Ninja Turtle, Err, Tortoise</media:title>
        <media:keywords></media:keywords>
                        <media:rating>nonadult</media:rating>
                <media:category label="Animals &amp; Creatures">digitalart/3d/characters/creatures</media:category>
        <media:credit role="author" scheme="urn:ebu">damir-g-martin</media:credit>
        <media:credit role="author" scheme="urn:ebu">https://a.deviantart.net/avatars/d/a/damir-g-martin.jpg?2</media:credit>
        <media:copyright url="https://damir-g-martin.deviantart.com">Copyright 2019 damir-g-martin</media:copyright>            <media:description type="html">&lt;span&gt;Real ninja turtle. It&#039;s real, this is not a joke.&amp;nbsp;&lt;/span&gt;&lt;a class=&quot;external&quot; href=&quot;https://www.deviantart.com/users/outgoing?https://web.facebook.com/hashtag/pokerface?source=feed_text&amp;amp;epa=HASHTAG&quot;&gt;&lt;span&gt;&lt;span&gt;#&lt;/span&gt;&lt;span&gt;pokerface&lt;/span&gt;&lt;/span&gt;&lt;/a&gt;&lt;br /&gt;&lt;span&gt;Tortoise model Sculpted in Zbrush, rendered in 3DS Max, Corona renderer.&lt;br /&gt;&lt;br /&gt;The turtle is actually tortoise, more specifically, Hermann&#039;s tortoise.&amp;nbsp;&lt;br /&gt;I built this 3d model in Zbrush. Everything is hand sculpted and hand painted, meaning I wasn&#039;t using any phototextures or scanned alpha brushes in the process.&lt;br /&gt;&lt;br /&gt;&lt;br /&gt;&lt;br /&gt;Tortoise model is available on my gumroad page. &lt;br /&gt;I don&#039;t want to post links but if anyone is interested, google damir g martin and gumroad.&amp;nbsp;&lt;br /&gt;&lt;br /&gt;&lt;br /&gt;&lt;/span&gt;</media:description>            <media:thumbnail url="https://t00.deviantart.net/DVLqJC5alI6AWjnBaxDlt1-BS_k=/fit-in/150x150/filters:no_upscale():origin()/pre00/3a7b/th/pre/i/2019/036/b/b/the_real_ninja_turtle__err__tortoise_by_damir_g_martin-dcywli5.jpg" height="150" width="128"/>            <media:thumbnail url="https://t00.deviantart.net/Ri3WmFcxT8Tio3Ij93C04RN14qI=/fit-in/300x900/filters:no_upscale():origin()/pre00/3a7b/th/pre/i/2019/036/b/b/the_real_ninja_turtle__err__tortoise_by_damir_g_martin-dcywli5.jpg" height="352" width="300"/>            <media:thumbnail url="https://t00.deviantart.net/_DnNVncV7t-VGKVlKcq1cgit_wg=/300x200/filters:fixed_height(100,100):origin()/pre00/3a7b/th/pre/i/2019/036/b/b/the_real_ninja_turtle__err__tortoise_by_damir_g_martin-dcywli5.jpg" height="200" width="170"/>            <media:content url="https://pre00.deviantart.net/3a7b/th/pre/i/2019/036/b/b/the_real_ninja_turtle__err__tortoise_by_damir_g_martin-dcywli5.jpg" height="969" width="825" medium="image"/>            
            <description>&lt;span&gt;Real ninja turtle. It&#039;s real, this is not a joke.&amp;nbsp;&lt;/span&gt;&lt;a class=&quot;external&quot; href=&quot;https://www.deviantart.com/users/outgoing?https://web.facebook.com/hashtag/pokerface?source=feed_text&amp;amp;epa=HASHTAG&quot;&gt;&lt;span&gt;&lt;span&gt;#&lt;/span&gt;&lt;span&gt;pokerface&lt;/span&gt;&lt;/span&gt;&lt;/a&gt;&lt;br /&gt;&lt;span&gt;Tortoise model Sculpted in Zbrush, rendered in 3DS Max, Corona renderer.&lt;br /&gt;&lt;br /&gt;The turtle is actually tortoise, more specifically, Hermann&#039;s tortoise.&amp;nbsp;&lt;br /&gt;I built this 3d model in Zbrush. Everything is hand sculpted and hand painted, meaning I wasn&#039;t using any phototextures or scanned alpha brushes in the process.&lt;br /&gt;&lt;br /&gt;&lt;br /&gt;&lt;br /&gt;Tortoise model is available on my gumroad page. &lt;br /&gt;I don&#039;t want to post links but if anyone is interested, google damir g martin and gumroad.&amp;nbsp;&lt;br /&gt;&lt;br /&gt;&lt;br /&gt;&lt;/span&gt;&lt;br /&gt;&lt;div&gt;&lt;img src=&quot;https://t00.deviantart.net/_DnNVncV7t-VGKVlKcq1cgit_wg=/300x200/filters:fixed_height(100,100):origin()/pre00/3a7b/th/pre/i/2019/036/b/b/the_real_ninja_turtle__err__tortoise_by_damir_g_martin-dcywli5.jpg&quot; alt=&quot;thumbnail&quot; /&gt;&lt;/div&gt;</description>            </item>
                    <item>
                <title>Jiji</title>
                <link>https://theartistjulian.deviantart.com/art/Jiji-758519791</link>
                <guid isPermaLink="true">https://theartistjulian.deviantart.com/art/Jiji-758519791</guid>
                <pubDate>Wed, 08 Aug 2018 15:42:12 PDT</pubDate>
                        <media:title type="plain">Jiji</media:title>
        <media:keywords></media:keywords>
                        <media:rating>nonadult</media:rating>
                <media:category label="Non-Isometric">digitalart/pixelart/scenes/noniso</media:category>
        <media:credit role="author" scheme="urn:ebu">theartistjulian</media:credit>
        <media:credit role="author" scheme="urn:ebu">https://a.deviantart.net/avatars/t/h/theartistjulian.gif?3</media:credit>
        <media:copyright url="https://theartistjulian.deviantart.com">Copyright 2018-2019 theartistjulian</media:copyright>            <media:description type="html"></media:description>            <media:thumbnail url="https://t00.deviantart.net/ccwqm8Biva8_3kXLculyci5ea2A=/fit-in/150x150/filters:no_upscale():origin()/pre00/5e19/th/pre/f/2018/220/0/e/pet_pd_twitter_safe_by_theartistjulian-dcjlpm7.png" height="150" width="150"/>            <media:thumbnail url="https://t00.deviantart.net/fmPr-BCkYigX6x0Qlhx7H6g9KNU=/fit-in/300x900/filters:no_upscale():origin()/pre00/5e19/th/pre/f/2018/220/0/e/pet_pd_twitter_safe_by_theartistjulian-dcjlpm7.png" height="300" width="300"/>            <media:thumbnail url="https://t00.deviantart.net/Ia4fm0kc8Bs3uzkO1dmYnc8Jf-4=/300x200/filters:fixed_height(100,100):origin()/pre00/5e19/th/pre/f/2018/220/0/e/pet_pd_twitter_safe_by_theartistjulian-dcjlpm7.png" height="200" width="200"/>            <media:content url="https://orig00.deviantart.net/7dde/f/2018/220/0/e/pet_pd_twitter_safe_by_theartistjulian-dcjlpm7.png" height="510" width="510" medium="image"/>            
            <description>&lt;br /&gt;&lt;div&gt;&lt;img src=&quot;https://t00.deviantart.net/Ia4fm0kc8Bs3uzkO1dmYnc8Jf-4=/300x200/filters:fixed_height(100,100):origin()/pre00/5e19/th/pre/f/2018/220/0/e/pet_pd_twitter_safe_by_theartistjulian-dcjlpm7.png&quot; alt=&quot;thumbnail&quot; /&gt;&lt;/div&gt;</description>            </item>
                    <item>
                <title>Brandeis</title>
                <link>https://kiwus1drew.deviantart.com/art/Brandeis-786643969</link>
                <guid isPermaLink="true">https://kiwus1drew.deviantart.com/art/Brandeis-786643969</guid>
                <pubDate>Thu, 21 Feb 2019 13:15:04 PST</pubDate>
                        <media:title type="plain">Brandeis</media:title>
        <media:keywords></media:keywords>
                        <media:rating>nonadult</media:rating>
                <media:category label="Windows 10">customization/skins/windows/win10</media:category>
        <media:credit role="author" scheme="urn:ebu">Kiwus1drew</media:credit>
        <media:credit role="author" scheme="urn:ebu">https://a.deviantart.net/avatars/k/i/kiwus1drew.png?3</media:credit>
        <media:copyright url="https://kiwus1drew.deviantart.com">Copyright 2019 Kiwus1drew</media:copyright>            <media:description type="html">&lt;div align=&quot;left&quot;&gt;Break out the patcher... &lt;br /&gt;&lt;/div&gt;&lt;div align=&quot;left&quot;&gt;Decided to make a new base theme because new year and all that, thus this took a while after the screenshot.&lt;/div&gt;&lt;div align=&quot;left&quot;&gt;Hoping to do a dark version.&lt;br /&gt;&lt;/div&gt;&lt;div align=&quot;left&quot;&gt;&lt;br /&gt;&lt;/div&gt;&lt;div align=&quot;left&quot;&gt;Supported builds: 1703,1709,1803,1809.&lt;br /&gt;&lt;br /&gt;To determine what build you&#039;re on, run &#039;winver&#039; from the start menu.&lt;/div&gt;&lt;div align=&quot;left&quot;&gt;&lt;br /&gt;&lt;/div&gt;&lt;div align=&quot;left&quot;&gt;&lt;br /&gt;&lt;b&gt;How to&lt;/b&gt;:&lt;br /&gt;&lt;br /&gt;1.&lt;a class=&quot;external&quot; href=&quot;https://www.deviantart.com/users/outgoing?https://www.howtogeek.com/howto/windows-vista/using-windows-vista-system-restore/&quot;&gt;Create a system restore point!!!&lt;/a&gt;&lt;/div&gt;&lt;div align=&quot;left&quot;&gt;&lt;br /&gt;2.Patch your system using ultraUXThemePatcher: &lt;a class=&quot;external&quot; href=&quot;https://www.deviantart.com/users/outgoing?https://www.syssel.net/hoefs/software_uxtheme.php?lang=en&quot;&gt;www.syssel.net/hoefs/software_&amp;hellip;&lt;/a&gt;&lt;br /&gt;&lt;br /&gt;&lt;i&gt;Sometimes the patcher may fail to patch your system. Uninstall it and take ownership of the following files in C:\Windows\System32&lt;br /&gt;uxtheme.dll, UXInit.dll and themeui.dll. You may use this: &lt;a class=&quot;external&quot; href=&quot;https://www.deviantart.com/users/outgoing?https://www.howtogeek.com/howto/windows-vista/add-take-ownership-to-explorer-right-click-menu-in-vista/&quot;&gt;www.howtogeek.com/howto/window&amp;hellip;&lt;/a&gt;&lt;br /&gt;Install the patcher again&lt;/i&gt;&lt;/div&gt;&lt;div align=&quot;left&quot;&gt;&lt;br /&gt;&lt;/div&gt;&lt;div align=&quot;left&quot;&gt;3.Copy contents in the theme folder to C:\Windows\Resources\Themes&lt;br /&gt;&lt;br /&gt;4.Select and apply theme from &lt;i&gt;Personalization&lt;/i&gt;.&lt;/div&gt;&lt;div align=&quot;left&quot;&gt;&lt;br /&gt;&lt;/div&gt;&lt;div align=&quot;left&quot;&gt;&lt;i&gt;&lt;b&gt;Note:&lt;/b&gt; Switch to default theme and uninstall patcher before major Windows 10 update.&lt;br /&gt;&lt;/i&gt;&lt;/div&gt;&lt;div align=&quot;left&quot;&gt;&lt;i&gt;&lt;br /&gt;&lt;/i&gt;&lt;/div&gt;&lt;div align=&quot;left&quot;&gt;&lt;br /&gt;&lt;b&gt;Tweaks &amp;amp; Tools:&lt;/b&gt;&lt;br /&gt;&lt;br /&gt;Install OldNewExplorer to remove the ribbon.&lt;br /&gt;&lt;a class=&quot;external&quot; href=&quot;https://www.deviantart.com/users/outgoing?https://msfn.org/board/topic/170375-oldnewexplorer-118/&quot;&gt;msfn.org/board/topic/170375-ol&amp;hellip;&lt;/a&gt;&lt;br /&gt;&lt;/div&gt;&lt;div align=&quot;left&quot;&gt;Configuration&lt;br /&gt;&lt;a class=&quot;external&quot; href=&quot;https://www.deviantart.com/users/outgoing?https://imgur.com/a/4vTQzDk&quot;&gt;imgur.com/a/4vTQzDk&lt;/a&gt;&lt;br /&gt;&lt;br /&gt;Install Blank it for a cleaner address bar&lt;br /&gt;&lt;a href=&quot;http://fav.me/dbnc5q5&quot;&gt;fav.me/dbnc5q5&lt;/a&gt;&lt;/div&gt;&lt;div align=&quot;left&quot;&gt;&lt;br /&gt;You may disable immersive context menus and apply other cool tweaks using Winaero Tweaker&lt;br /&gt;&lt;a class=&quot;external&quot; href=&quot;https://www.deviantart.com/users/outgoing?https://winaero.com/&quot;&gt;winaero.com/&lt;/a&gt;&lt;br /&gt;&lt;br /&gt;Hide icons on taskbar buttons and title bars. &lt;br /&gt;&lt;a href=&quot;https://www.deviantart.com/niivu/art/TBarIconBlanker-760553889&quot;&gt;www.deviantart.com/niivu/art/T&amp;hellip;&lt;/a&gt;&lt;/div&gt;&lt;div align=&quot;left&quot;&gt;&lt;br /&gt;&lt;/div&gt;&lt;div align=&quot;left&quot;&gt;Make icons blank: &lt;a href=&quot;https://sta.sh/0tg652chkg9&quot;&gt;Blank Icon &lt;br /&gt;&lt;/a&gt;&lt;/div&gt;&lt;div align=&quot;left&quot;&gt;&lt;a class=&quot;external&quot; href=&quot;https://www.deviantart.com/users/outgoing?http://www.door2windows.com/customizergod/&quot;&gt;Customizergod&lt;/a&gt;&lt;/div&gt;&lt;div align=&quot;left&quot;&gt;&lt;br /&gt;&lt;/div&gt;&lt;div align=&quot;left&quot;&gt;Taskbar &amp;amp; Start Menu:&amp;nbsp; &lt;a class=&quot;external&quot; href=&quot;https://www.deviantart.com/users/outgoing?https://www.startisback.com/&quot;&gt;www.startisback.com/&lt;/a&gt;&lt;/div&gt;&lt;div align=&quot;left&quot;&gt;&lt;br /&gt;&lt;/div&gt;&lt;div align=&quot;left&quot;&gt;Clock: &lt;a class=&quot;external&quot; href=&quot;https://www.deviantart.com/users/outgoing?https://github.com/White-Tiger/T-Clock&quot;&gt;github.com/White-Tiger/T-Clock&lt;/a&gt;&lt;/div&gt;&lt;div align=&quot;left&quot;&gt;&lt;br /&gt;&lt;/div&gt;&lt;div align=&quot;left&quot;&gt;Wall: &lt;a class=&quot;external&quot; href=&quot;https://www.deviantart.com/users/outgoing?https://unsplash.com/photos/GpBtG5aFHB0&quot;&gt;Tracey Hocking&lt;/a&gt;&lt;br /&gt;&lt;/div&gt;&lt;div align=&quot;left&quot;&gt;&lt;br /&gt;&lt;/div&gt;&lt;div align=&quot;left&quot;&gt;Use Alt + Shift + P and Alt + P to toggle the details pane and preview pane respectively&lt;br /&gt;&lt;/div&gt;&lt;div align=&quot;left&quot;&gt;&lt;br /&gt;&lt;/div&gt;&lt;div align=&quot;left&quot;&gt;&lt;b&gt;&lt;br /&gt;&lt;/b&gt;&lt;/div&gt;&lt;div align=&quot;left&quot;&gt;&lt;b&gt;Credit and Inspiration:&lt;/b&gt;&lt;/div&gt;&lt;div align=&quot;left&quot;&gt;&lt;br /&gt;&lt;/div&gt;&lt;div align=&quot;left&quot;&gt;&lt;span class=&quot;username-with-symbol u&quot;&gt;&lt;a class=&quot;u volunteer username&quot; href=&quot;https://www.deviantart.com/niivu&quot;&gt;niivu&lt;/a&gt;&lt;span class=&quot;user-symbol volunteer&quot; data-quicktip-text=&quot;Volunteer&quot; data-show-tooltip=&quot;1&quot; data-gruser-type=&quot;volunteer&quot;&gt;&lt;/span&gt;&lt;/span&gt;, &lt;span class=&quot;username-with-symbol u&quot;&gt;&lt;a class=&quot;u regular username&quot; href=&quot;https://www.deviantart.com/lukaskokoska&quot;&gt;LukasKokoska&lt;/a&gt;&lt;span class=&quot;user-symbol regular&quot; data-quicktip-text=&quot;&quot; data-show-tooltip=&quot;&quot; data-gruser-type=&quot;regular&quot;&gt;&lt;/span&gt;&lt;/span&gt;, &lt;span class=&quot;username-with-symbol u&quot;&gt;&lt;a class=&quot;u premium username&quot; href=&quot;https://www.deviantart.com/dpcdpc11&quot;&gt;dpcdpc11&lt;/a&gt;&lt;span class=&quot;user-symbol premium&quot; data-quicktip-text=&quot;Core Member&quot; data-show-tooltip=&quot;1&quot; data-gruser-type=&quot;premium&quot;&gt;&lt;/span&gt;&lt;/span&gt;, &lt;span class=&quot;username-with-symbol u&quot;&gt;&lt;a class=&quot;u regular username&quot; href=&quot;https://www.deviantart.com/mangosango&quot;&gt;mangosango&lt;/a&gt;&lt;span class=&quot;user-symbol regular&quot; data-quicktip-text=&quot;&quot; data-show-tooltip=&quot;&quot; data-gruser-type=&quot;regular&quot;&gt;&lt;/span&gt;&lt;/span&gt;&amp;nbsp;&lt;br /&gt;&lt;/div&gt;&lt;div align=&quot;left&quot;&gt;&lt;br /&gt;&lt;/div&gt;&lt;div align=&quot;left&quot;&gt;&lt;br /&gt;&lt;/div&gt;&lt;div align=&quot;left&quot;&gt;&lt;br /&gt;&lt;/div&gt;&lt;div align=&quot;left&quot;&gt;&lt;br /&gt;&lt;/div&gt;&lt;div align=&quot;left&quot;&gt;&lt;br /&gt;&lt;/div&gt;&lt;div align=&quot;left&quot;&gt;Enjoy!&lt;/div&gt;&lt;div align=&quot;left&quot;&gt;&lt;br /&gt;&lt;/div&gt;</media:description>            <media:thumbnail url="https://t00.deviantart.net/mbb9N8xGvGbKA66Sd-shYEPUFms=/fit-in/150x150/filters:no_upscale():origin()/pre00/2c50/th/pre/i/2019/052/f/e/brandeis_by_kiwus1drew-dd0cidd.png" height="150" width="133"/>            <media:thumbnail url="https://t00.deviantart.net/bMesBGE8D4dfWCN0RQ8IGFTdFqM=/fit-in/300x900/filters:no_upscale():origin()/pre00/2c50/th/pre/i/2019/052/f/e/brandeis_by_kiwus1drew-dd0cidd.png" height="338" width="300"/>            <media:thumbnail url="https://t00.deviantart.net/zLedrcqBX-KlZDEnxq8t_4kyvH4=/300x200/filters:fixed_height(100,100):origin()/pre00/2c50/th/pre/i/2019/052/f/e/brandeis_by_kiwus1drew-dd0cidd.png" height="200" width="178"/>            <media:content url="https://img00.deviantart.net/5302/i/2019/052/f/e/brandeis_by_kiwus1drew-dd0cidd.png" height="2160" width="1920"/>            
            <description>&lt;div align=&quot;left&quot;&gt;Break out the patcher... &lt;br /&gt;&lt;/div&gt;&lt;div align=&quot;left&quot;&gt;Decided to make a new base theme because new year and all that, thus this took a while after the screenshot.&lt;/div&gt;&lt;div align=&quot;left&quot;&gt;Hoping to do a dark version.&lt;br /&gt;&lt;/div&gt;&lt;div align=&quot;left&quot;&gt;&lt;br /&gt;&lt;/div&gt;&lt;div align=&quot;left&quot;&gt;Supported builds: 1703,1709,1803,1809.&lt;br /&gt;&lt;br /&gt;To determine what build you&#039;re on, run &#039;winver&#039; from the start menu.&lt;/div&gt;&lt;div align=&quot;left&quot;&gt;&lt;br /&gt;&lt;/div&gt;&lt;div align=&quot;left&quot;&gt;&lt;br /&gt;&lt;b&gt;How to&lt;/b&gt;:&lt;br /&gt;&lt;br /&gt;1.&lt;a class=&quot;external&quot; href=&quot;https://www.deviantart.com/users/outgoing?https://www.howtogeek.com/howto/windows-vista/using-windows-vista-system-restore/&quot;&gt;Create a system restore point!!!&lt;/a&gt;&lt;/div&gt;&lt;div align=&quot;left&quot;&gt;&lt;br /&gt;2.Patch your system using ultraUXThemePatcher: &lt;a class=&quot;external&quot; href=&quot;https://www.deviantart.com/users/outgoing?https://www.syssel.net/hoefs/software_uxtheme.php?lang=en&quot;&gt;www.syssel.net/hoefs/software_&amp;hellip;&lt;/a&gt;&lt;br /&gt;&lt;br /&gt;&lt;i&gt;Sometimes the patcher may fail to patch your system. Uninstall it and take ownership of the following files in C:\Windows\System32&lt;br /&gt;uxtheme.dll, UXInit.dll and themeui.dll. You may use this: &lt;a class=&quot;external&quot; href=&quot;https://www.deviantart.com/users/outgoing?https://www.howtogeek.com/howto/windows-vista/add-take-ownership-to-explorer-right-click-menu-in-vista/&quot;&gt;www.howtogeek.com/howto/window&amp;hellip;&lt;/a&gt;&lt;br /&gt;Install the patcher again&lt;/i&gt;&lt;/div&gt;&lt;div align=&quot;left&quot;&gt;&lt;br /&gt;&lt;/div&gt;&lt;div align=&quot;left&quot;&gt;3.Copy contents in the theme folder to C:\Windows\Resources\Themes&lt;br /&gt;&lt;br /&gt;4.Select and apply theme from &lt;i&gt;Personalization&lt;/i&gt;.&lt;/div&gt;&lt;div align=&quot;left&quot;&gt;&lt;br /&gt;&lt;/div&gt;&lt;div align=&quot;left&quot;&gt;&lt;i&gt;&lt;b&gt;Note:&lt;/b&gt; Switch to default theme and uninstall patcher before major Windows 10 update.&lt;br /&gt;&lt;/i&gt;&lt;/div&gt;&lt;div align=&quot;left&quot;&gt;&lt;i&gt;&lt;br /&gt;&lt;/i&gt;&lt;/div&gt;&lt;div align=&quot;left&quot;&gt;&lt;br /&gt;&lt;b&gt;Tweaks &amp;amp; Tools:&lt;/b&gt;&lt;br /&gt;&lt;br /&gt;Install OldNewExplorer to remove the ribbon.&lt;br /&gt;&lt;a class=&quot;external&quot; href=&quot;https://www.deviantart.com/users/outgoing?https://msfn.org/board/topic/170375-oldnewexplorer-118/&quot;&gt;msfn.org/board/topic/170375-ol&amp;hellip;&lt;/a&gt;&lt;br /&gt;&lt;/div&gt;&lt;div align=&quot;left&quot;&gt;Configuration&lt;br /&gt;&lt;a class=&quot;external&quot; href=&quot;https://www.deviantart.com/users/outgoing?https://imgur.com/a/4vTQzDk&quot;&gt;imgur.com/a/4vTQzDk&lt;/a&gt;&lt;br /&gt;&lt;br /&gt;Install Blank it for a cleaner address bar&lt;br /&gt;&lt;a href=&quot;http://fav.me/dbnc5q5&quot;&gt;fav.me/dbnc5q5&lt;/a&gt;&lt;/div&gt;&lt;div align=&quot;left&quot;&gt;&lt;br /&gt;You may disable immersive context menus and apply other cool tweaks using Winaero Tweaker&lt;br /&gt;&lt;a class=&quot;external&quot; href=&quot;https://www.deviantart.com/users/outgoing?https://winaero.com/&quot;&gt;winaero.com/&lt;/a&gt;&lt;br /&gt;&lt;br /&gt;Hide icons on taskbar buttons and title bars. &lt;br /&gt;&lt;a href=&quot;https://www.deviantart.com/niivu/art/TBarIconBlanker-760553889&quot;&gt;www.deviantart.com/niivu/art/T&amp;hellip;&lt;/a&gt;&lt;/div&gt;&lt;div align=&quot;left&quot;&gt;&lt;br /&gt;&lt;/div&gt;&lt;div align=&quot;left&quot;&gt;Make icons blank: &lt;a href=&quot;https://sta.sh/0tg652chkg9&quot;&gt;Blank Icon &lt;br /&gt;&lt;/a&gt;&lt;/div&gt;&lt;div align=&quot;left&quot;&gt;&lt;a class=&quot;external&quot; href=&quot;https://www.deviantart.com/users/outgoing?http://www.door2windows.com/customizergod/&quot;&gt;Customizergod&lt;/a&gt;&lt;/div&gt;&lt;div align=&quot;left&quot;&gt;&lt;br /&gt;&lt;/div&gt;&lt;div align=&quot;left&quot;&gt;Taskbar &amp;amp; Start Menu:&amp;nbsp; &lt;a class=&quot;external&quot; href=&quot;https://www.deviantart.com/users/outgoing?https://www.startisback.com/&quot;&gt;www.startisback.com/&lt;/a&gt;&lt;/div&gt;&lt;div align=&quot;left&quot;&gt;&lt;br /&gt;&lt;/div&gt;&lt;div align=&quot;left&quot;&gt;Clock: &lt;a class=&quot;external&quot; href=&quot;https://www.deviantart.com/users/outgoing?https://github.com/White-Tiger/T-Clock&quot;&gt;github.com/White-Tiger/T-Clock&lt;/a&gt;&lt;/div&gt;&lt;div align=&quot;left&quot;&gt;&lt;br /&gt;&lt;/div&gt;&lt;div align=&quot;left&quot;&gt;Wall: &lt;a class=&quot;external&quot; href=&quot;https://www.deviantart.com/users/outgoing?https://unsplash.com/photos/GpBtG5aFHB0&quot;&gt;Tracey Hocking&lt;/a&gt;&lt;br /&gt;&lt;/div&gt;&lt;div align=&quot;left&quot;&gt;&lt;br /&gt;&lt;/div&gt;&lt;div align=&quot;left&quot;&gt;Use Alt + Shift + P and Alt + P to toggle the details pane and preview pane respectively&lt;br /&gt;&lt;/div&gt;&lt;div align=&quot;left&quot;&gt;&lt;br /&gt;&lt;/div&gt;&lt;div align=&quot;left&quot;&gt;&lt;b&gt;&lt;br /&gt;&lt;/b&gt;&lt;/div&gt;&lt;div align=&quot;left&quot;&gt;&lt;b&gt;Credit and Inspiration:&lt;/b&gt;&lt;/div&gt;&lt;div align=&quot;left&quot;&gt;&lt;br /&gt;&lt;/div&gt;&lt;div align=&quot;left&quot;&gt;&lt;span class=&quot;username-with-symbol u&quot;&gt;&lt;a class=&quot;u volunteer username&quot; href=&quot;https://www.deviantart.com/niivu&quot;&gt;niivu&lt;/a&gt;&lt;span class=&quot;user-symbol volunteer&quot; data-quicktip-text=&quot;Volunteer&quot; data-show-tooltip=&quot;1&quot; data-gruser-type=&quot;volunteer&quot;&gt;&lt;/span&gt;&lt;/span&gt;, &lt;span class=&quot;username-with-symbol u&quot;&gt;&lt;a class=&quot;u regular username&quot; href=&quot;https://www.deviantart.com/lukaskokoska&quot;&gt;LukasKokoska&lt;/a&gt;&lt;span class=&quot;user-symbol regular&quot; data-quicktip-text=&quot;&quot; data-show-tooltip=&quot;&quot; data-gruser-type=&quot;regular&quot;&gt;&lt;/span&gt;&lt;/span&gt;, &lt;span class=&quot;username-with-symbol u&quot;&gt;&lt;a class=&quot;u premium username&quot; href=&quot;https://www.deviantart.com/dpcdpc11&quot;&gt;dpcdpc11&lt;/a&gt;&lt;span class=&quot;user-symbol premium&quot; data-quicktip-text=&quot;Core Member&quot; data-show-tooltip=&quot;1&quot; data-gruser-type=&quot;premium&quot;&gt;&lt;/span&gt;&lt;/span&gt;, &lt;span class=&quot;username-with-symbol u&quot;&gt;&lt;a class=&quot;u regular username&quot; href=&quot;https://www.deviantart.com/mangosango&quot;&gt;mangosango&lt;/a&gt;&lt;span class=&quot;user-symbol regular&quot; data-quicktip-text=&quot;&quot; data-show-tooltip=&quot;&quot; data-gruser-type=&quot;regular&quot;&gt;&lt;/span&gt;&lt;/span&gt;&amp;nbsp;&lt;br /&gt;&lt;/div&gt;&lt;div align=&quot;left&quot;&gt;&lt;br /&gt;&lt;/div&gt;&lt;div align=&quot;left&quot;&gt;&lt;br /&gt;&lt;/div&gt;&lt;div align=&quot;left&quot;&gt;&lt;br /&gt;&lt;/div&gt;&lt;div align=&quot;left&quot;&gt;&lt;br /&gt;&lt;/div&gt;&lt;div align=&quot;left&quot;&gt;&lt;br /&gt;&lt;/div&gt;&lt;div align=&quot;left&quot;&gt;Enjoy!&lt;/div&gt;&lt;div align=&quot;left&quot;&gt;&lt;br /&gt;&lt;/div&gt;&lt;br /&gt;&lt;div&gt;&lt;img src=&quot;https://img00.deviantart.net/5302/i/2019/052/f/e/brandeis_by_kiwus1drew-dd0cidd.png&quot; alt=&quot;thumbnail&quot; /&gt;&lt;/div&gt;</description>            </item>
                    <item>
                <title>Devine</title>
                <link>https://tzr.deviantart.com/art/Devine-752073505</link>
                <guid isPermaLink="true">https://tzr.deviantart.com/art/Devine-752073505</guid>
                <pubDate>Fri, 29 Jun 2018 06:52:22 PDT</pubDate>
                        <media:title type="plain">Devine</media:title>
        <media:keywords></media:keywords>
                        <media:rating>nonadult</media:rating>
                <media:category label="Glamour Portraits">photography/people/glamour</media:category>
        <media:credit role="author" scheme="urn:ebu">TzR</media:credit>
        <media:credit role="author" scheme="urn:ebu">https://a.deviantart.net/avatars/t/z/tzr.jpg?5</media:credit>
        <media:copyright url="https://tzr.deviantart.com">Copyright 2018-2019 TzR</media:copyright>            <media:description type="html"></media:description>            <media:thumbnail url="https://t00.deviantart.net/B2fVLzTxwZ19FlS6bfrw7CrSarw=/fit-in/150x150/filters:no_upscale():origin()/pre00/b5cc/th/pre/i/2018/180/4/c/devine_by_tzr-dcfrjmp.jpg" height="150" width="100"/>            <media:thumbnail url="https://t00.deviantart.net/DlxpqS65s2R5dy9kOl3m5E3cF9k=/fit-in/300x900/filters:no_upscale():origin()/pre00/b5cc/th/pre/i/2018/180/4/c/devine_by_tzr-dcfrjmp.jpg" height="450" width="300"/>            <media:thumbnail url="https://t00.deviantart.net/gZnYSRcMfv6mKgrLU5ATTKJSdIg=/300x200/filters:fixed_height(100,100):origin()/pre00/b5cc/th/pre/i/2018/180/4/c/devine_by_tzr-dcfrjmp.jpg" height="200" width="133"/>            <media:content url="https://pre00.deviantart.net/b5cc/th/pre/i/2018/180/4/c/devine_by_tzr-dcfrjmp.jpg" height="1095" width="730" medium="image"/>            
            <description>&lt;br /&gt;&lt;div&gt;&lt;img src=&quot;https://t00.deviantart.net/gZnYSRcMfv6mKgrLU5ATTKJSdIg=/300x200/filters:fixed_height(100,100):origin()/pre00/b5cc/th/pre/i/2018/180/4/c/devine_by_tzr-dcfrjmp.jpg&quot; alt=&quot;thumbnail&quot; /&gt;&lt;/div&gt;</description>            </item>
            </channel>
</rss>