<?xml version="1.0" encoding="utf-8"?>
<rss version="2.0" xmlns:media="http://search.yahoo.com/mrss/" xmlns:atom="http://www.w3.org/2005/Atom" xmlns:creativeCommons="http://backend.userland.com/creativeCommonsRssModule">
    <channel>
        <title>DeviantArt: Newest Tag:berserk tag:oc</title>
        <link>https://www.deviantart.com/newest/?q=tag%3Aberserk+tag%3Aoc</link>
        <description>DeviantArt RSS for Newest Tag:berserk tag:oc</description>
        <language>en-us</language>
        <copyright>Copyright 2019, DeviantArt.com</copyright>
        <pubDate>Sun, 13 Jan 2019 11:30:00 PST</pubDate>

        <generator>DeviantArt.com</generator>
        <docs>http://blogs.law.harvard.edu/tech/rss</docs>
        <atom:icon>https://st.deviantart.net/minish/touch-icons/android-192.png</atom:icon>
        <atom:link type="application/rss+xml" rel="self" href="https://backend.deviantart.com/rss.xml?type=deviation&amp;q=tag%3Aberserk+tag%3Aoc&amp;order=5" />
        <atom:link rel="next" href="https://backend.deviantart.com/rss.xml?type=deviation&amp;q=tag%3Aberserk+tag%3Aoc&amp;order=5&amp;offset=60" />
        <item>
            <title>2018 Summary of Art</title>
            <link>https://july-monmon.deviantart.com/art/2018-Summary-of-Art-779079355</link>
            <guid isPermaLink="true">https://july-monmon.deviantart.com/art/2018-Summary-of-Art-779079355</guid>
            <pubDate>Mon, 31 Dec 2018 12:08:08 PST</pubDate>
            <media:title type="plain">2018 Summary of Art</media:title>
            <media:keywords></media:keywords>
            <media:rating>nonadult</media:rating>
            <media:category label="Movies &amp; TV">fanart/digital/drawings/movies</media:category>
            <media:credit role="author" scheme="urn:ebu">July-MonMon</media:credit>
            <media:credit role="author" scheme="urn:ebu">https://a.deviantart.net/avatars/j/u/july-monmon.gif?13</media:credit>
            <media:copyright url="https://july-monmon.deviantart.com">Copyright 2018-2019 July-MonMon</media:copyright>            <media:description type="html">Template:&amp;nbsp;&lt;a href=&quot;https://www.deviantart.com/dustbunnythumper/art/2018-Summary-of-Art-BLANK-775001715&quot;&gt;www.deviantart.com/dustbunnyth&amp;hellip;&lt;/a&gt;&lt;br /&gt;&lt;br /&gt;This was a good year for me ^^ thank you all for supporting me, have a happy new year!&lt;br /&gt;&lt;br /&gt;there are some drawings that are not in my DA, I must update it as soon as possible XD&amp;nbsp;&lt;a href=&quot;https://www.deviantart.com/july-monmon/art/Miku-pixel-animation-712169495&quot; class=&quot;emoticon&quot; data-embed-type=&quot;emoticon&quot; data-embed-id=&quot;712169495&quot; data-embed-profile=&quot;deviation&quot;&gt;&lt;img src=&quot;https://orig00.deviantart.net/8974/f/2017/301/6/8/miku_pixel_animation_by_july_monmon-dbs09hz.gif&quot; alt=&quot;Miku-pixel-animation&quot; style=&quot;width:50px;height:50px&quot;&gt;&lt;/a&gt;&amp;nbsp;</media:description>            <media:thumbnail url="https://t00.deviantart.net/TN6a34lvDyNfjRUoWEOca-ZN1bs=/fit-in/150x150/filters:no_upscale():origin()/pre00/846d/th/pre/f/2018/365/e/3/e38ff2fb7d861fb22061300ca2f920c9-dcvudh7.png" height="150" width="107"/>            <media:thumbnail url="https://t00.deviantart.net/kY1N3nf2jTW9oAO2OdRG2fb0sck=/fit-in/300x900/filters:no_upscale():origin()/pre00/846d/th/pre/f/2018/365/e/3/e38ff2fb7d861fb22061300ca2f920c9-dcvudh7.png" height="421" width="300"/>            <media:thumbnail url="https://t00.deviantart.net/Xc-GN3lLEAzecGvgauT_SOzXVZY=/300x200/filters:fixed_height(100,100):origin()/pre00/846d/th/pre/f/2018/365/e/3/e38ff2fb7d861fb22061300ca2f920c9-dcvudh7.png" height="200" width="143"/>            <media:content url="https://pre00.deviantart.net/846d/th/pre/f/2018/365/e/3/e38ff2fb7d861fb22061300ca2f920c9-dcvudh7.png" height="1059" width="755" medium="image"/>
            <description>Template:&amp;nbsp;&lt;a href=&quot;https://www.deviantart.com/dustbunnythumper/art/2018-Summary-of-Art-BLANK-775001715&quot;&gt;www.deviantart.com/dustbunnyth&amp;hellip;&lt;/a&gt;&lt;br /&gt;&lt;br /&gt;This was a good year for me ^^ thank you all for supporting me, have a happy new year!&lt;br /&gt;&lt;br /&gt;there are some drawings that are not in my DA, I must update it as soon as possible XD&amp;nbsp;&lt;a href=&quot;https://www.deviantart.com/july-monmon/art/Miku-pixel-animation-712169495&quot; class=&quot;emoticon&quot; data-embed-type=&quot;emoticon&quot; data-embed-id=&quot;712169495&quot; data-embed-profile=&quot;deviation&quot;&gt;&lt;img src=&quot;https://orig00.deviantart.net/8974/f/2017/301/6/8/miku_pixel_animation_by_july_monmon-dbs09hz.gif&quot; alt=&quot;Miku-pixel-animation&quot; style=&quot;width:50px;height:50px&quot;&gt;&lt;/a&gt;&amp;nbsp;&lt;br /&gt;&lt;div&gt;&lt;img src=&quot;https://t00.deviantart.net/Xc-GN3lLEAzecGvgauT_SOzXVZY=/300x200/filters:fixed_height(100,100):origin()/pre00/846d/th/pre/f/2018/365/e/3/e38ff2fb7d861fb22061300ca2f920c9-dcvudh7.png&quot; alt=&quot;thumbnail&quot; /&gt;&lt;/div&gt;</description>            </item>
        <item>
            <title>Three Sketch Cards of the Characters</title>
            <link>https://pharaohfaro.deviantart.com/art/Three-Sketch-Cards-of-the-Characters-775066448</link>
            <guid isPermaLink="true">https://pharaohfaro.deviantart.com/art/Three-Sketch-Cards-of-the-Characters-775066448</guid>
            <pubDate>Sun, 02 Dec 2018 12:17:01 PST</pubDate>
            <media:title type="plain">Three Sketch Cards of the Characters</media:title>
            <media:keywords></media:keywords>
            <media:rating>nonadult</media:rating>
            <media:category label="Drawings">cartoons/digital/cartoons/drawings</media:category>
            <media:credit role="author" scheme="urn:ebu">PharaohFaro</media:credit>
            <media:credit role="author" scheme="urn:ebu">https://a.deviantart.net/avatars/p/h/pharaohfaro.gif?13</media:credit>
            <media:copyright url="https://pharaohfaro.deviantart.com">Copyright 2018-2019 PharaohFaro</media:copyright>            <media:description type="html">Floki I Leive-&amp;nbsp;Heggan,&amp;nbsp;mage&lt;br /&gt;Zalazar Dar &quot;Dusk&amp;nbsp;Warg&quot; -&amp;nbsp;Northern human,&amp;nbsp;Berserk&lt;br /&gt;Shiciri Nightrun &quot;Queen Night&quot; -&amp;nbsp;Drow ( darck elf ), assassin</media:description>            <media:thumbnail url="https://t00.deviantart.net/rMlpIMIvQMOae92l5oDdo1rcrk4=/fit-in/150x150/filters:no_upscale():origin()/pre00/d734/th/pre/f/2018/336/3/b/three_sketch_cards_of_the_characters_by_pharaohfaro-dctgd3k.png" height="96" width="150"/>            <media:thumbnail url="https://t00.deviantart.net/9ke4qJlLQQS0IUYSm80eVlG4Imo=/fit-in/300x900/filters:no_upscale():origin()/pre00/d734/th/pre/f/2018/336/3/b/three_sketch_cards_of_the_characters_by_pharaohfaro-dctgd3k.png" height="191" width="300"/>            <media:thumbnail url="https://t00.deviantart.net/aZlmy81BM97VEJ2dW0zulKrO3Vc=/300x200/filters:fixed_height(100,100):origin()/pre00/d734/th/pre/f/2018/336/3/b/three_sketch_cards_of_the_characters_by_pharaohfaro-dctgd3k.png" height="191" width="300"/>            <media:content url="https://pre00.deviantart.net/d734/th/pre/f/2018/336/3/b/three_sketch_cards_of_the_characters_by_pharaohfaro-dctgd3k.png" height="713" width="1120" medium="image"/>
            <description>Floki I Leive-&amp;nbsp;Heggan,&amp;nbsp;mage&lt;br /&gt;Zalazar Dar &quot;Dusk&amp;nbsp;Warg&quot; -&amp;nbsp;Northern human,&amp;nbsp;Berserk&lt;br /&gt;Shiciri Nightrun &quot;Queen Night&quot; -&amp;nbsp;Drow ( darck elf ), assassin&lt;br /&gt;&lt;div&gt;&lt;img src=&quot;https://t00.deviantart.net/aZlmy81BM97VEJ2dW0zulKrO3Vc=/300x200/filters:fixed_height(100,100):origin()/pre00/d734/th/pre/f/2018/336/3/b/three_sketch_cards_of_the_characters_by_pharaohfaro-dctgd3k.png&quot; alt=&quot;thumbnail&quot; /&gt;&lt;/div&gt;</description>            </item>
        <item>
            <title>:{Creepypasta Pixel Doll}: Berserk (full)</title>
            <link>https://skylerspark.deviantart.com/art/Creepypasta-Pixel-Doll-Berserk-full-773714789</link>
            <guid isPermaLink="true">https://skylerspark.deviantart.com/art/Creepypasta-Pixel-Doll-Berserk-full-773714789</guid>
            <pubDate>Thu, 22 Nov 2018 16:52:41 PST</pubDate>
            <media:title type="plain">:{Creepypasta Pixel Doll}: Berserk (full)</media:title>
            <media:keywords></media:keywords>
            <media:rating>nonadult</media:rating>
            <media:category label="Isometric">digitalart/pixelart/characters/iso</media:category>
            <media:credit role="author" scheme="urn:ebu">SkylerSpark</media:credit>
            <media:credit role="author" scheme="urn:ebu">https://a.deviantart.net/avatars/s/k/skylerspark.png?7</media:credit>
            <media:copyright url="https://skylerspark.deviantart.com">Copyright 2018-2019 SkylerSpark</media:copyright>            <media:description type="html">This is my personal Creepypasta OC (if I was a pasta)&lt;br /&gt;Full Pixel Doll view point, with and without her sweatshirt. Keep in mind that the description isn&#039;t a full fledged on bio, it&#039;s just a &#039;short&#039; description&amp;nbsp;for minor things.&lt;br /&gt;&lt;br /&gt;&lt;br /&gt;&lt;br /&gt;Short Description~&lt;br /&gt;&lt;br /&gt;Proxy Name: Berserk&lt;br /&gt;Gender: Female&lt;br /&gt;Accessories:&lt;br /&gt;-Dark gray hoodie&lt;br /&gt;-Black tank top&lt;br /&gt;-Sky blue skinny jeans&lt;br /&gt;-Black knee-high boots&lt;br /&gt;-Black fingerless biker gloves&lt;br /&gt;Weapon:&lt;br /&gt;-Sledgehammer (preferred)&lt;br /&gt;&lt;br /&gt;&lt;br /&gt;&lt;br /&gt;&lt;br /&gt;&lt;br /&gt;&lt;br /&gt;Art &lt;span class=&quot;username-with-symbol u&quot;&gt;&lt;a class=&quot;u regular username&quot; href=&quot;https://www.deviantart.com/skylerspark&quot;&gt;SkylerSpark&lt;/a&gt;&lt;span class=&quot;user-symbol regular&quot; data-quicktip-text=&quot;&quot; data-show-tooltip=&quot;&quot; data-gruser-type=&quot;regular&quot;&gt;&lt;/span&gt;&lt;/span&gt;&lt;br /&gt;Lineart&amp;nbsp;&lt;span class=&quot;username-with-symbol u&quot;&gt;&lt;a class=&quot;u regular username&quot; href=&quot;https://www.deviantart.com/quasiii&quot;&gt;Quasiii&lt;/a&gt;&lt;span class=&quot;user-symbol regular&quot; data-quicktip-text=&quot;&quot; data-show-tooltip=&quot;&quot; data-gruser-type=&quot;regular&quot;&gt;&lt;/span&gt;&lt;/span&gt;&amp;nbsp;&lt;br /&gt;&lt;br /&gt;&lt;br /&gt;Other Link:&lt;br /&gt;&lt;a href=&quot;https://www.deviantart.com/skylerspark/art/Creepypasta-Pixel-Doll-Berserk-773712182&quot;&gt;:{Creepypasta Pixel Doll}: Berserk&lt;/a&gt;</media:description>            <media:thumbnail url="https://t00.deviantart.net/ig9kJT_TvL4IP7FF2QTKRVW_RpM=/fit-in/150x150/filters:no_upscale():origin()/pre00/a796/th/pre/f/2018/326/d/8/d8504f07c50658247d621c223bee36ec-dcsne5h.png" height="150" width="89"/>            <media:thumbnail url="https://orig00.deviantart.net/03fa/f/2018/326/d/8/d8504f07c50658247d621c223bee36ec-dcsne5h.png" height="249" width="148"/>            <media:thumbnail url="https://t00.deviantart.net/_Wh0_wbI_JWNp_HB6UW1RvTupjk=/300x200/filters:fixed_height(100,100):origin()/pre00/a796/th/pre/f/2018/326/d/8/d8504f07c50658247d621c223bee36ec-dcsne5h.png" height="200" width="119"/>            <media:content url="https://orig00.deviantart.net/03fa/f/2018/326/d/8/d8504f07c50658247d621c223bee36ec-dcsne5h.png" height="249" width="148" medium="image"/>
            <description>This is my personal Creepypasta OC (if I was a pasta)&lt;br /&gt;Full Pixel Doll view point, with and without her sweatshirt. Keep in mind that the description isn&#039;t a full fledged on bio, it&#039;s just a &#039;short&#039; description&amp;nbsp;for minor things.&lt;br /&gt;&lt;br /&gt;&lt;br /&gt;&lt;br /&gt;Short Description~&lt;br /&gt;&lt;br /&gt;Proxy Name: Berserk&lt;br /&gt;Gender: Female&lt;br /&gt;Accessories:&lt;br /&gt;-Dark gray hoodie&lt;br /&gt;-Black tank top&lt;br /&gt;-Sky blue skinny jeans&lt;br /&gt;-Black knee-high boots&lt;br /&gt;-Black fingerless biker gloves&lt;br /&gt;Weapon:&lt;br /&gt;-Sledgehammer (preferred)&lt;br /&gt;&lt;br /&gt;&lt;br /&gt;&lt;br /&gt;&lt;br /&gt;&lt;br /&gt;&lt;br /&gt;Art &lt;span class=&quot;username-with-symbol u&quot;&gt;&lt;a class=&quot;u regular username&quot; href=&quot;https://www.deviantart.com/skylerspark&quot;&gt;SkylerSpark&lt;/a&gt;&lt;span class=&quot;user-symbol regular&quot; data-quicktip-text=&quot;&quot; data-show-tooltip=&quot;&quot; data-gruser-type=&quot;regular&quot;&gt;&lt;/span&gt;&lt;/span&gt;&lt;br /&gt;Lineart&amp;nbsp;&lt;span class=&quot;username-with-symbol u&quot;&gt;&lt;a class=&quot;u regular username&quot; href=&quot;https://www.deviantart.com/quasiii&quot;&gt;Quasiii&lt;/a&gt;&lt;span class=&quot;user-symbol regular&quot; data-quicktip-text=&quot;&quot; data-show-tooltip=&quot;&quot; data-gruser-type=&quot;regular&quot;&gt;&lt;/span&gt;&lt;/span&gt;&amp;nbsp;&lt;br /&gt;&lt;br /&gt;&lt;br /&gt;Other Link:&lt;br /&gt;&lt;a href=&quot;https://www.deviantart.com/skylerspark/art/Creepypasta-Pixel-Doll-Berserk-773712182&quot;&gt;:{Creepypasta Pixel Doll}: Berserk&lt;/a&gt;&lt;br /&gt;&lt;div&gt;&lt;img src=&quot;https://t00.deviantart.net/_Wh0_wbI_JWNp_HB6UW1RvTupjk=/300x200/filters:fixed_height(100,100):origin()/pre00/a796/th/pre/f/2018/326/d/8/d8504f07c50658247d621c223bee36ec-dcsne5h.png&quot; alt=&quot;thumbnail&quot; /&gt;&lt;/div&gt;</description>            </item>
        <item>
            <title>:{Creepypasta Pixel Doll}: Berserk</title>
            <link>https://skylerspark.deviantart.com/art/Creepypasta-Pixel-Doll-Berserk-773712182</link>
            <guid isPermaLink="true">https://skylerspark.deviantart.com/art/Creepypasta-Pixel-Doll-Berserk-773712182</guid>
            <pubDate>Thu, 22 Nov 2018 16:36:22 PST</pubDate>
            <media:title type="plain">:{Creepypasta Pixel Doll}: Berserk</media:title>
            <media:keywords></media:keywords>
            <media:rating>nonadult</media:rating>
            <media:category label="Isometric">digitalart/pixelart/characters/iso</media:category>
            <media:credit role="author" scheme="urn:ebu">SkylerSpark</media:credit>
            <media:credit role="author" scheme="urn:ebu">https://a.deviantart.net/avatars/s/k/skylerspark.png?7</media:credit>
            <media:copyright url="https://skylerspark.deviantart.com">Copyright 2018-2019 SkylerSpark</media:copyright>            <media:description type="html">&lt;span&gt;&lt;strong&gt;&quot;Psycho Teddy&quot;&lt;br /&gt;&lt;br /&gt;&lt;br /&gt;&lt;/strong&gt;Psycho Teddy!&lt;br /&gt;&lt;br /&gt;Oh my teddy, you&#039;re so bouncy.&lt;br /&gt;Lovely little cutie,&lt;br /&gt;wont you cuddle me, cuddle me, cuddle me, cuddle me?&lt;br /&gt;Oh my teddy, you&#039;re so bouncy&lt;br /&gt;Lovely little cutie,&lt;br /&gt;wont you follow me, follow me, follow me, follow me?&lt;br /&gt;&lt;br /&gt;&lt;br /&gt;Oh my teddy, you&#039;re so bouncy.&lt;br /&gt;Lovely little cutie,&lt;br /&gt;wont you cuddle me, cuddle me, cuddle me, cuddle me?&lt;br /&gt;Oh my teddy, you&#039;re so bouncy.&lt;br /&gt;Lovely little cutie,&lt;br /&gt;wont you follow me, follow me, follow me?&lt;br /&gt;&lt;br /&gt;Just squeeze me&lt;br /&gt;&lt;br /&gt;Do you really really really really want to?&lt;br /&gt;Do you really really really really want to?&lt;br /&gt;Do you really really really really want to?&lt;br /&gt;&lt;br /&gt;I&#039;m a psycho, psycho teddy.&lt;br /&gt;&lt;br /&gt;Do you really really really really want to?&lt;br /&gt;Do you really really really really want to?&lt;br /&gt;Do you really really really really want to?&lt;br /&gt;&lt;br /&gt;I&#039;m a psycho, psycho teddy..&lt;br /&gt;&lt;br /&gt;Psycho AAH! Psycho BLAAH! Psycho BLEH!&lt;br /&gt;PsyCAH BLEH! Psycho BLAAH! AAH! BLEEH! HOOHOO!&lt;br /&gt;Psycho OOH! Psycho BLEH! Psycho BLEH BLEH AAH!&lt;br /&gt;Psycho BLEH! Psyc-BLEH! Psycho BLEH!&lt;br /&gt;&lt;br /&gt;Psycho Teddy!&lt;br /&gt;&lt;br /&gt;Oh my teddy, you&#039;re so bouncy.&lt;br /&gt;Lovely little cutie,&lt;br /&gt;wont you cuddle me, cuddle me, cuddle me, cuddle me?&lt;br /&gt;Oh my teddy, you&#039;re so bouncy.&lt;br /&gt;Lovely little cutie,&lt;br /&gt;wont you follow me, follow me, follow me?&lt;br /&gt;&lt;br /&gt;Oh my teddy, you&#039;re so bouncy.&lt;br /&gt;Lovely little cutie,&lt;br /&gt;wont you cuddle me, cuddle me, cuddle me, cuddle me?&lt;br /&gt;Oh my teddy, you&#039;re so bouncy.&lt;br /&gt;Lovely little cutie, wont you follow me, follow me, follow me?&lt;br /&gt;&lt;br /&gt;Psycho Teddy!&lt;br /&gt;&lt;br /&gt;Do you really really really really want to?&lt;br /&gt;Do you really really really really want to?&lt;br /&gt;Do you really really really really want to?&lt;br /&gt;&lt;br /&gt;I&#039;m a psycho, psycho teddy.&lt;br /&gt;&lt;br /&gt;Do you really really really really want to?&lt;br /&gt;Do you really really really really want to?&lt;br /&gt;Do you really really really really want to?&lt;br /&gt;&lt;br /&gt;I&#039;m a psycho, psycho teddy..&lt;br /&gt;&lt;br /&gt;Psycho AAH! Psycho BLAAH! Psycho BLEH!&lt;br /&gt;PsyCAH BLEH! Psycho BLAAH! AAH! BLEEH! HOOHOO!&lt;br /&gt;Psycho OOH! Psycho BLEH! Psycho BLEH BLEH AAH!&lt;br /&gt;Psycho BLEH! Psyc-BLEH! Psycho BLEH!&lt;br /&gt;&lt;br /&gt;Lovely little cutie,&lt;br /&gt;wont you cuddle me, cuddle me, cuddle me, cuddle me?&lt;br /&gt;Oh my teddy, you&#039;re so bouncy.&lt;br /&gt;Lovely little cutie,&lt;br /&gt;wont you follow me, follow me, follow me?&lt;br /&gt;&lt;br /&gt;Oh my teddy, you&#039;re so bouncy.&lt;br /&gt;Lovely little cutie,&lt;br /&gt;wont you cuddle me, cuddle me, cuddle me, cuddle me?&lt;br /&gt;Oh my teddy, you&#039;re so bouncy.&lt;br /&gt;Lovely little cutie, &lt;br /&gt;wont you follow me, follow me, follow me?&lt;br /&gt;&lt;br /&gt;&lt;br /&gt;Psyco Teddy!&lt;br /&gt;&lt;br /&gt;Do you really really really really want to?&lt;br /&gt;Do you really really really really want to?&lt;br /&gt;Do you really really really really want to?&lt;br /&gt;&lt;br /&gt;I&#039;m a psycho, psycho teddy.&lt;br /&gt;&lt;br /&gt;Do you really really really really want to?&lt;br /&gt;Do you really really really really want to?&lt;br /&gt;Do you really really really really want to?&lt;br /&gt;&lt;br /&gt;Psycho AAH! Psycho BLAAH! Psycho BLEH!&lt;br /&gt;PsyCAH BLEH! Psycho BLAAH! AAH! BLEEH! HOOHOO!&lt;br /&gt;Psycho OOH! Psycho BLEH! Psycho BLEH BLEH AAH!&lt;br /&gt;Psycho BLEH! Psyc-BLEH! Psycho BLEH!&lt;br /&gt;&lt;br /&gt;Psycho Teddy!&lt;br /&gt;&lt;br /&gt;Psyco Teddy!&lt;br /&gt;Psy-Psy-Psycho Teddy!&lt;br /&gt;Psyco teddy!&lt;br /&gt;Psy! Psy-Psyco Teddy!&lt;br /&gt;Psyco Teddy!&lt;br /&gt;Psy-Psy-Psycho Teddy!&lt;br /&gt;Psycho Teddy!&lt;br /&gt;Psy-Psy-Psy-Psy-Psy-Psycho Teddy!&lt;/span&gt;&lt;br /&gt;&lt;br /&gt;&lt;br /&gt;&lt;br /&gt;&lt;br /&gt;&lt;br /&gt;&lt;br /&gt;&lt;br /&gt;Art &lt;span class=&quot;username-with-symbol u&quot;&gt;&lt;a class=&quot;u regular username&quot; href=&quot;https://www.deviantart.com/skylerspark&quot;&gt;SkylerSpark&lt;/a&gt;&lt;span class=&quot;user-symbol regular&quot; data-quicktip-text=&quot;&quot; data-show-tooltip=&quot;&quot; data-gruser-type=&quot;regular&quot;&gt;&lt;/span&gt;&lt;/span&gt;&lt;br /&gt;Lineart&amp;nbsp;&lt;span class=&quot;username-with-symbol u&quot;&gt;&lt;a class=&quot;u regular username&quot; href=&quot;https://www.deviantart.com/quasiii&quot;&gt;Quasiii&lt;/a&gt;&lt;span class=&quot;user-symbol regular&quot; data-quicktip-text=&quot;&quot; data-show-tooltip=&quot;&quot; data-gruser-type=&quot;regular&quot;&gt;&lt;/span&gt;&lt;/span&gt;&amp;nbsp;&lt;br /&gt;&lt;br /&gt;&lt;br /&gt;Other Link:&lt;br /&gt;&lt;a href=&quot;https://www.deviantart.com/skylerspark/art/Creepypasta-Pixel-Doll-Berserk-full-773714789&quot;&gt;:{Creepypasta Pixel Doll}: Berserk (full)&lt;/a&gt;</media:description>            <media:thumbnail url="https://t00.deviantart.net/HigU4kS8Xh3pkQ8HQk9PKnbFAJ4=/fit-in/150x150/filters:no_upscale():origin()/pre00/1df8/th/pre/f/2018/326/e/8/e801ec3770774333dfc9b6d899a14f77-dcsnc52.png" height="102" width="150"/>            <media:thumbnail url="https://t00.deviantart.net/5Bm5mt67FdNz6CdMFdxPoP-T1No=/fit-in/300x900/filters:no_upscale():origin()/pre00/1df8/th/pre/f/2018/326/e/8/e801ec3770774333dfc9b6d899a14f77-dcsnc52.png" height="204" width="300"/>            <media:thumbnail url="https://t00.deviantart.net/42D-Ow8m2pKGcxi9YpQpd0r3Vnw=/300x200/filters:fixed_height(100,100):origin()/pre00/1df8/th/pre/f/2018/326/e/8/e801ec3770774333dfc9b6d899a14f77-dcsnc52.png" height="200" width="294"/>            <media:content url="https://orig00.deviantart.net/aab8/f/2018/326/e/8/e801ec3770774333dfc9b6d899a14f77-dcsnc52.png" height="241" width="354" medium="image"/>
            <description>&lt;span&gt;&lt;strong&gt;&quot;Psycho Teddy&quot;&lt;br /&gt;&lt;br /&gt;&lt;br /&gt;&lt;/strong&gt;Psycho Teddy!&lt;br /&gt;&lt;br /&gt;Oh my teddy, you&#039;re so bouncy.&lt;br /&gt;Lovely little cutie,&lt;br /&gt;wont you cuddle me, cuddle me, cuddle me, cuddle me?&lt;br /&gt;Oh my teddy, you&#039;re so bouncy&lt;br /&gt;Lovely little cutie,&lt;br /&gt;wont you follow me, follow me, follow me, follow me?&lt;br /&gt;&lt;br /&gt;&lt;br /&gt;Oh my teddy, you&#039;re so bouncy.&lt;br /&gt;Lovely little cutie,&lt;br /&gt;wont you cuddle me, cuddle me, cuddle me, cuddle me?&lt;br /&gt;Oh my teddy, you&#039;re so bouncy.&lt;br /&gt;Lovely little cutie,&lt;br /&gt;wont you follow me, follow me, follow me?&lt;br /&gt;&lt;br /&gt;Just squeeze me&lt;br /&gt;&lt;br /&gt;Do you really really really really want to?&lt;br /&gt;Do you really really really really want to?&lt;br /&gt;Do you really really really really want to?&lt;br /&gt;&lt;br /&gt;I&#039;m a psycho, psycho teddy.&lt;br /&gt;&lt;br /&gt;Do you really really really really want to?&lt;br /&gt;Do you really really really really want to?&lt;br /&gt;Do you really really really really want to?&lt;br /&gt;&lt;br /&gt;I&#039;m a psycho, psycho teddy..&lt;br /&gt;&lt;br /&gt;Psycho AAH! Psycho BLAAH! Psycho BLEH!&lt;br /&gt;PsyCAH BLEH! Psycho BLAAH! AAH! BLEEH! HOOHOO!&lt;br /&gt;Psycho OOH! Psycho BLEH! Psycho BLEH BLEH AAH!&lt;br /&gt;Psycho BLEH! Psyc-BLEH! Psycho BLEH!&lt;br /&gt;&lt;br /&gt;Psycho Teddy!&lt;br /&gt;&lt;br /&gt;Oh my teddy, you&#039;re so bouncy.&lt;br /&gt;Lovely little cutie,&lt;br /&gt;wont you cuddle me, cuddle me, cuddle me, cuddle me?&lt;br /&gt;Oh my teddy, you&#039;re so bouncy.&lt;br /&gt;Lovely little cutie,&lt;br /&gt;wont you follow me, follow me, follow me?&lt;br /&gt;&lt;br /&gt;Oh my teddy, you&#039;re so bouncy.&lt;br /&gt;Lovely little cutie,&lt;br /&gt;wont you cuddle me, cuddle me, cuddle me, cuddle me?&lt;br /&gt;Oh my teddy, you&#039;re so bouncy.&lt;br /&gt;Lovely little cutie, wont you follow me, follow me, follow me?&lt;br /&gt;&lt;br /&gt;Psycho Teddy!&lt;br /&gt;&lt;br /&gt;Do you really really really really want to?&lt;br /&gt;Do you really really really really want to?&lt;br /&gt;Do you really really really really want to?&lt;br /&gt;&lt;br /&gt;I&#039;m a psycho, psycho teddy.&lt;br /&gt;&lt;br /&gt;Do you really really really really want to?&lt;br /&gt;Do you really really really really want to?&lt;br /&gt;Do you really really really really want to?&lt;br /&gt;&lt;br /&gt;I&#039;m a psycho, psycho teddy..&lt;br /&gt;&lt;br /&gt;Psycho AAH! Psycho BLAAH! Psycho BLEH!&lt;br /&gt;PsyCAH BLEH! Psycho BLAAH! AAH! BLEEH! HOOHOO!&lt;br /&gt;Psycho OOH! Psycho BLEH! Psycho BLEH BLEH AAH!&lt;br /&gt;Psycho BLEH! Psyc-BLEH! Psycho BLEH!&lt;br /&gt;&lt;br /&gt;Lovely little cutie,&lt;br /&gt;wont you cuddle me, cuddle me, cuddle me, cuddle me?&lt;br /&gt;Oh my teddy, you&#039;re so bouncy.&lt;br /&gt;Lovely little cutie,&lt;br /&gt;wont you follow me, follow me, follow me?&lt;br /&gt;&lt;br /&gt;Oh my teddy, you&#039;re so bouncy.&lt;br /&gt;Lovely little cutie,&lt;br /&gt;wont you cuddle me, cuddle me, cuddle me, cuddle me?&lt;br /&gt;Oh my teddy, you&#039;re so bouncy.&lt;br /&gt;Lovely little cutie, &lt;br /&gt;wont you follow me, follow me, follow me?&lt;br /&gt;&lt;br /&gt;&lt;br /&gt;Psyco Teddy!&lt;br /&gt;&lt;br /&gt;Do you really really really really want to?&lt;br /&gt;Do you really really really really want to?&lt;br /&gt;Do you really really really really want to?&lt;br /&gt;&lt;br /&gt;I&#039;m a psycho, psycho teddy.&lt;br /&gt;&lt;br /&gt;Do you really really really really want to?&lt;br /&gt;Do you really really really really want to?&lt;br /&gt;Do you really really really really want to?&lt;br /&gt;&lt;br /&gt;Psycho AAH! Psycho BLAAH! Psycho BLEH!&lt;br /&gt;PsyCAH BLEH! Psycho BLAAH! AAH! BLEEH! HOOHOO!&lt;br /&gt;Psycho OOH! Psycho BLEH! Psycho BLEH BLEH AAH!&lt;br /&gt;Psycho BLEH! Psyc-BLEH! Psycho BLEH!&lt;br /&gt;&lt;br /&gt;Psycho Teddy!&lt;br /&gt;&lt;br /&gt;Psyco Teddy!&lt;br /&gt;Psy-Psy-Psycho Teddy!&lt;br /&gt;Psyco teddy!&lt;br /&gt;Psy! Psy-Psyco Teddy!&lt;br /&gt;Psyco Teddy!&lt;br /&gt;Psy-Psy-Psycho Teddy!&lt;br /&gt;Psycho Teddy!&lt;br /&gt;Psy-Psy-Psy-Psy-Psy-Psycho Teddy!&lt;/span&gt;&lt;br /&gt;&lt;br /&gt;&lt;br /&gt;&lt;br /&gt;&lt;br /&gt;&lt;br /&gt;&lt;br /&gt;&lt;br /&gt;Art &lt;span class=&quot;username-with-symbol u&quot;&gt;&lt;a class=&quot;u regular username&quot; href=&quot;https://www.deviantart.com/skylerspark&quot;&gt;SkylerSpark&lt;/a&gt;&lt;span class=&quot;user-symbol regular&quot; data-quicktip-text=&quot;&quot; data-show-tooltip=&quot;&quot; data-gruser-type=&quot;regular&quot;&gt;&lt;/span&gt;&lt;/span&gt;&lt;br /&gt;Lineart&amp;nbsp;&lt;span class=&quot;username-with-symbol u&quot;&gt;&lt;a class=&quot;u regular username&quot; href=&quot;https://www.deviantart.com/quasiii&quot;&gt;Quasiii&lt;/a&gt;&lt;span class=&quot;user-symbol regular&quot; data-quicktip-text=&quot;&quot; data-show-tooltip=&quot;&quot; data-gruser-type=&quot;regular&quot;&gt;&lt;/span&gt;&lt;/span&gt;&amp;nbsp;&lt;br /&gt;&lt;br /&gt;&lt;br /&gt;Other Link:&lt;br /&gt;&lt;a href=&quot;https://www.deviantart.com/skylerspark/art/Creepypasta-Pixel-Doll-Berserk-full-773714789&quot;&gt;:{Creepypasta Pixel Doll}: Berserk (full)&lt;/a&gt;&lt;br /&gt;&lt;div&gt;&lt;img src=&quot;https://t00.deviantart.net/42D-Ow8m2pKGcxi9YpQpd0r3Vnw=/300x200/filters:fixed_height(100,100):origin()/pre00/1df8/th/pre/f/2018/326/e/8/e801ec3770774333dfc9b6d899a14f77-dcsnc52.png&quot; alt=&quot;thumbnail&quot; /&gt;&lt;/div&gt;</description>            </item>
        <item>
            <title>OC : fight back!?</title>
            <link>https://kefron.deviantart.com/art/OC-fight-back-772179831</link>
            <guid isPermaLink="true">https://kefron.deviantart.com/art/OC-fight-back-772179831</guid>
            <pubDate>Sun, 11 Nov 2018 10:33:56 PST</pubDate>
            <media:title type="plain">OC : fight back!?</media:title>
            <media:keywords></media:keywords>
            <media:rating>nonadult</media:rating>
            <media:category label="Paintings">manga/digital/paintings</media:category>
            <media:credit role="author" scheme="urn:ebu">kefron</media:credit>
            <media:credit role="author" scheme="urn:ebu">https://a.deviantart.net/avatars/k/e/kefron.png?5</media:credit>
            <media:copyright url="https://kefron.deviantart.com">Copyright 2018-2019 kefron</media:copyright>            <media:description type="html">Redraw this: &lt;a href=&quot;https://www.deviantart.com/kefron/art/OC-Ready-to-Berserk-385465838&quot;&gt;www.deviantart.com/kefron/art/&amp;hellip;&lt;/a&gt;&lt;br /&gt;enjoy &lt;img src=&quot;https://e.deviantart.net/emoticons/s/smile.gif&quot; width=&quot;15&quot; height=&quot;15&quot; alt=&quot;:)&quot; data-embed-type=&quot;emoticon&quot; data-embed-id=&quot;391&quot; title=&quot;:) (Smile)&quot;/&gt;</media:description>            <media:thumbnail url="https://t00.deviantart.net/hyJLEtzTHOTW24K7pB8mPwUVft4=/fit-in/150x150/filters:no_upscale():origin()/pre00/a256/th/pre/i/2018/315/5/c/oc___fight_back___by_kefron-dcrqhrr.jpg" height="150" width="113"/>            <media:thumbnail url="https://t00.deviantart.net/ZQzX_5jDVL_MC_EXjk37Yxf3uFo=/fit-in/300x900/filters:no_upscale():origin()/pre00/a256/th/pre/i/2018/315/5/c/oc___fight_back___by_kefron-dcrqhrr.jpg" height="400" width="300"/>            <media:thumbnail url="https://t00.deviantart.net/zlSqU7OCmvFClneSSFVMTLRROwo=/300x200/filters:fixed_height(100,100):origin()/pre00/a256/th/pre/i/2018/315/5/c/oc___fight_back___by_kefron-dcrqhrr.jpg" height="200" width="150"/>            <media:content url="https://pre00.deviantart.net/a256/th/pre/i/2018/315/5/c/oc___fight_back___by_kefron-dcrqhrr.jpg" height="1032" width="774" medium="image"/>
            <description>Redraw this: &lt;a href=&quot;https://www.deviantart.com/kefron/art/OC-Ready-to-Berserk-385465838&quot;&gt;www.deviantart.com/kefron/art/&amp;hellip;&lt;/a&gt;&lt;br /&gt;enjoy &lt;img src=&quot;https://e.deviantart.net/emoticons/s/smile.gif&quot; width=&quot;15&quot; height=&quot;15&quot; alt=&quot;:)&quot; data-embed-type=&quot;emoticon&quot; data-embed-id=&quot;391&quot; title=&quot;:) (Smile)&quot;/&gt;&lt;br /&gt;&lt;div&gt;&lt;img src=&quot;https://t00.deviantart.net/zlSqU7OCmvFClneSSFVMTLRROwo=/300x200/filters:fixed_height(100,100):origin()/pre00/a256/th/pre/i/2018/315/5/c/oc___fight_back___by_kefron-dcrqhrr.jpg&quot; alt=&quot;thumbnail&quot; /&gt;&lt;/div&gt;</description>            </item>
        <item>
            <title>berserker</title>
            <link>https://demgaster.deviantart.com/art/berserker-771952056</link>
            <guid isPermaLink="true">https://demgaster.deviantart.com/art/berserker-771952056</guid>
            <pubDate>Fri, 09 Nov 2018 18:42:01 PST</pubDate>
            <media:title type="plain">berserker</media:title>
            <media:keywords></media:keywords>
            <media:rating>nonadult</media:rating>
            <media:category label="Other">digitalart/paintings/other</media:category>
            <media:credit role="author" scheme="urn:ebu">Demgaster</media:credit>
            <media:credit role="author" scheme="urn:ebu">https://a.deviantart.net/avatars/d/e/demgaster.png?10</media:credit>
            <media:copyright url="https://demgaster.deviantart.com">Copyright 2018-2019 Demgaster</media:copyright>            <media:description type="html">COMMON TIER&lt;br /&gt;&lt;br /&gt;gud hands not gaster&lt;br /&gt;&lt;br /&gt;techsters&amp;nbsp;by me</media:description>            <media:thumbnail url="https://t00.deviantart.net/N_yp_JRJNnsyUTqcceZR53OqKs4=/fit-in/150x150/filters:no_upscale():origin()/pre00/686c/th/pre/f/2018/313/8/7/berserker_by_demdemdme2-dcrlm0o.png" height="150" width="90"/>            <media:thumbnail url="https://t00.deviantart.net/8gAjm6LP0vY9N-1kMKJxfJlVunA=/fit-in/300x900/filters:no_upscale():origin()/pre00/686c/th/pre/f/2018/313/8/7/berserker_by_demdemdme2-dcrlm0o.png" height="500" width="300"/>            <media:thumbnail url="https://t00.deviantart.net/jTUo_K95XpdFvaINGGyY32ZLxDY=/300x200/filters:fixed_height(100,100):origin()/pre00/686c/th/pre/f/2018/313/8/7/berserker_by_demdemdme2-dcrlm0o.png" height="200" width="120"/>            <media:content url="https://pre00.deviantart.net/686c/th/pre/f/2018/313/8/7/berserker_by_demdemdme2-dcrlm0o.png" height="1154" width="692" medium="image"/>
            <description>COMMON TIER&lt;br /&gt;&lt;br /&gt;gud hands not gaster&lt;br /&gt;&lt;br /&gt;techsters&amp;nbsp;by me&lt;br /&gt;&lt;div&gt;&lt;img src=&quot;https://t00.deviantart.net/jTUo_K95XpdFvaINGGyY32ZLxDY=/300x200/filters:fixed_height(100,100):origin()/pre00/686c/th/pre/f/2018/313/8/7/berserker_by_demdemdme2-dcrlm0o.png&quot; alt=&quot;thumbnail&quot; /&gt;&lt;/div&gt;</description>            </item>
        <item>
            <title>Berserk</title>
            <link>https://xxhot-mindsxx85.deviantart.com/art/Berserk-757548119</link>
            <guid isPermaLink="true">https://xxhot-mindsxx85.deviantart.com/art/Berserk-757548119</guid>
            <pubDate>Wed, 26 Sep 2018 18:04:11 PDT</pubDate>
            <media:title type="plain">Berserk</media:title>
            <media:keywords></media:keywords>
            <media:rating>nonadult</media:rating>
            <media:category label="People">traditional/drawings/people</media:category>
            <media:credit role="author" scheme="urn:ebu">Xxhot-mindsxX85</media:credit>
            <media:credit role="author" scheme="urn:ebu">https://a.deviantart.net/avatars/x/x/xxhot-mindsxx85.gif?2</media:credit>
            <media:copyright url="https://xxhot-mindsxx85.deviantart.com">Copyright 2018-2019 Xxhot-mindsxX85</media:copyright>            <media:description type="html">&lt;div&gt;Anatacia having a moment because sometimes violence is the answer (in her eyes)&lt;/div&gt;&lt;div&gt;&lt;br /&gt;&lt;/div&gt;&lt;div&gt;+done with copics, prismacolor markers, spectrum noir markers all on mix media paper&lt;br /&gt;&lt;/div&gt;</media:description>            <media:thumbnail url="https://t00.deviantart.net/tHOmHpOmC1z6Mc6OQj4ZHhWwzGM=/fit-in/150x150/filters:no_upscale():origin()/pre00/993a/th/pre/i/2018/214/b/3/berserk_by_xxhot_mindsxx85-dcj0vvb.jpg" height="150" width="90"/>            <media:thumbnail url="https://t00.deviantart.net/6Ze0U2jEmnLNML_J-jyTrUXnhHU=/fit-in/300x900/filters:no_upscale():origin()/pre00/993a/th/pre/i/2018/214/b/3/berserk_by_xxhot_mindsxx85-dcj0vvb.jpg" height="501" width="300"/>            <media:thumbnail url="https://t00.deviantart.net/lVXanpUGc-okBx1xOZUu_W_s-xg=/300x200/filters:fixed_height(100,100):origin()/pre00/993a/th/pre/i/2018/214/b/3/berserk_by_xxhot_mindsxx85-dcj0vvb.jpg" height="200" width="120"/>            <media:content url="https://pre00.deviantart.net/993a/th/pre/i/2018/214/b/3/berserk_by_xxhot_mindsxx85-dcj0vvb.jpg" height="1156" width="691" medium="image"/>
            <description>&lt;div&gt;Anatacia having a moment because sometimes violence is the answer (in her eyes)&lt;/div&gt;&lt;div&gt;&lt;br /&gt;&lt;/div&gt;&lt;div&gt;+done with copics, prismacolor markers, spectrum noir markers all on mix media paper&lt;br /&gt;&lt;/div&gt;&lt;br /&gt;&lt;div&gt;&lt;img src=&quot;https://t00.deviantart.net/lVXanpUGc-okBx1xOZUu_W_s-xg=/300x200/filters:fixed_height(100,100):origin()/pre00/993a/th/pre/i/2018/214/b/3/berserk_by_xxhot_mindsxx85-dcj0vvb.jpg&quot; alt=&quot;thumbnail&quot; /&gt;&lt;/div&gt;</description>            </item>
        <item>
            <title>Scared of painting this tbh</title>
            <link>https://clarkecollins.deviantart.com/art/Scared-of-painting-this-tbh-764496381</link>
            <guid isPermaLink="true">https://clarkecollins.deviantart.com/art/Scared-of-painting-this-tbh-764496381</guid>
            <pubDate>Tue, 18 Sep 2018 07:15:30 PDT</pubDate>
            <media:title type="plain">Scared of painting this tbh</media:title>
            <media:keywords></media:keywords>
            <media:rating>nonadult</media:rating>
            <media:category label="Fantasy">digitalart/paintings/fantasy</media:category>
            <media:credit role="author" scheme="urn:ebu">ClarkeCollins</media:credit>
            <media:credit role="author" scheme="urn:ebu">https://a.deviantart.net/avatars/c/l/clarkecollins.jpg?7</media:credit>
            <media:copyright url="https://clarkecollins.deviantart.com">Copyright 2018-2019 ClarkeCollins</media:copyright>            <media:description type="html">Finally some personal art.&lt;br /&gt;&lt;br /&gt;I&#039;m more active on ig @babiduckling</media:description>            <media:thumbnail url="https://t00.deviantart.net/EClHFMWPIMZevabR6sxIzIGKPqo=/fit-in/150x150/filters:no_upscale():origin()/pre00/fcb6/th/pre/i/2018/261/8/f/scared_of_painting_this_tbh_by_clarkecollins-dcn5t6l.jpg" height="150" width="84"/>            <media:thumbnail url="https://t00.deviantart.net/-moCobT3rnm5kyfHgnnrMG0LyT0=/fit-in/300x900/filters:no_upscale():origin()/pre00/fcb6/th/pre/i/2018/261/8/f/scared_of_painting_this_tbh_by_clarkecollins-dcn5t6l.jpg" height="533" width="300"/>            <media:thumbnail url="https://t00.deviantart.net/L1XY6Npt8QFc2Vq-3qcQ0gLnWBU=/300x200/filters:fixed_height(100,100):origin()/pre00/fcb6/th/pre/i/2018/261/8/f/scared_of_painting_this_tbh_by_clarkecollins-dcn5t6l.jpg" height="200" width="113"/>            <media:content url="https://pre00.deviantart.net/fcb6/th/pre/i/2018/261/8/f/scared_of_painting_this_tbh_by_clarkecollins-dcn5t6l.jpg" height="1192" width="670" medium="image"/>
            <description>Finally some personal art.&lt;br /&gt;&lt;br /&gt;I&#039;m more active on ig @babiduckling&lt;br /&gt;&lt;div&gt;&lt;img src=&quot;https://t00.deviantart.net/L1XY6Npt8QFc2Vq-3qcQ0gLnWBU=/300x200/filters:fixed_height(100,100):origin()/pre00/fcb6/th/pre/i/2018/261/8/f/scared_of_painting_this_tbh_by_clarkecollins-dcn5t6l.jpg&quot; alt=&quot;thumbnail&quot; /&gt;&lt;/div&gt;</description>            </item>
        <item>
            <title>Foksigurd (WIP)</title>
            <link>https://inoki-the-fox.deviantart.com/art/Foksigurd-WIP-763589299</link>
            <guid isPermaLink="true">https://inoki-the-fox.deviantart.com/art/Foksigurd-WIP-763589299</guid>
            <pubDate>Tue, 11 Sep 2018 14:48:23 PDT</pubDate>
            <media:title type="plain">Foksigurd (WIP)</media:title>
            <media:keywords></media:keywords>
            <media:rating>nonadult</media:rating>
            <media:category label="Animals">anthro/traditional/drawings/animals</media:category>
            <media:credit role="author" scheme="urn:ebu">Inoki-the-fox</media:credit>
            <media:credit role="author" scheme="urn:ebu">https://a.deviantart.net/avatars/i/n/inoki-the-fox.png?6</media:credit>
            <media:copyright url="https://inoki-the-fox.deviantart.com">Copyright 2018-2019 Inoki-the-fox</media:copyright>            <media:description type="html">Foksigurd Blodmakur belongs to &lt;a target=&quot;_self&quot; href=&quot;https://www.deviantart.com/patchkatz&quot; &gt;&lt;img class=&quot;avatar&quot; width=&quot;50&quot; height=&quot;50&quot; src=&quot;https://a.deviantart.net/avatars/p/a/patchkatz.png?10&quot; alt=&quot;:iconpatchkatz:&quot; title=&quot;PatchKatz&quot; /&gt;&lt;/a&gt;&lt;br /&gt;&lt;br /&gt;I don&amp;#8217;t often post Works in Progress... but I thought this one was kind of worth it. Also I wanted to ask &lt;span class=&quot;username-with-symbol u&quot;&gt;&lt;a class=&quot;u regular username&quot; href=&quot;https://www.deviantart.com/patchkatz&quot;&gt;PatchKatz&lt;/a&gt;&lt;span class=&quot;user-symbol regular&quot; data-quicktip-text=&quot;&quot; data-show-tooltip=&quot;&quot; data-gruser-type=&quot;regular&quot;&gt;&lt;/span&gt;&lt;/span&gt; if the character was looking alright. :3 I tried to give him a more savage, more cruel sort of look but maybe I didn&amp;#8217;t make him as chaotic looking as he should be?&lt;br /&gt;&lt;br /&gt;I must have redone this sketch a few times and each time fixing and editing and erasing to redraw parts and pieces. I got really invested in this xD so much fun but also I really wanted to get the character just right and whatnot. &lt;br /&gt;&lt;br /&gt;I&amp;#8217;m not sure yet if I&amp;#8217;ll color traditionally or digitally. That&amp;#8217;s yet to be seen but I&amp;#8217;ll be up to inking it real soon... after a get a little more feedback on this particular sketch.</media:description>            <media:thumbnail url="https://t00.deviantart.net/AM0irGEjk_gqGQuhy0kPH4rvCU0=/fit-in/150x150/filters:no_upscale():origin()/pre00/6d2b/th/pre/i/2018/254/6/f/foksigurd__wip__by_inoki_the_fox-dcmmd9v.jpg" height="150" width="114"/>            <media:thumbnail url="https://t00.deviantart.net/43o8MRFFEAPj0NMUqc9AjzxdD0E=/fit-in/300x900/filters:no_upscale():origin()/pre00/6d2b/th/pre/i/2018/254/6/f/foksigurd__wip__by_inoki_the_fox-dcmmd9v.jpg" height="393" width="300"/>            <media:thumbnail url="https://t00.deviantart.net/8L_vcaUnmFVz7riJ4vPbv3eSDLY=/300x200/filters:fixed_height(100,100):origin()/pre00/6d2b/th/pre/i/2018/254/6/f/foksigurd__wip__by_inoki_the_fox-dcmmd9v.jpg" height="200" width="153"/>            <media:content url="https://img00.deviantart.net/650d/i/2018/254/6/f/foksigurd__wip__by_inoki_the_fox-dcmmd9v.jpg" height="787" width="600" medium="image"/>
            <description>Foksigurd Blodmakur belongs to &lt;a target=&quot;_self&quot; href=&quot;https://www.deviantart.com/patchkatz&quot; &gt;&lt;img class=&quot;avatar&quot; width=&quot;50&quot; height=&quot;50&quot; src=&quot;https://a.deviantart.net/avatars/p/a/patchkatz.png?10&quot; alt=&quot;:iconpatchkatz:&quot; title=&quot;PatchKatz&quot; /&gt;&lt;/a&gt;&lt;br /&gt;&lt;br /&gt;I don&amp;#8217;t often post Works in Progress... but I thought this one was kind of worth it. Also I wanted to ask &lt;span class=&quot;username-with-symbol u&quot;&gt;&lt;a class=&quot;u regular username&quot; href=&quot;https://www.deviantart.com/patchkatz&quot;&gt;PatchKatz&lt;/a&gt;&lt;span class=&quot;user-symbol regular&quot; data-quicktip-text=&quot;&quot; data-show-tooltip=&quot;&quot; data-gruser-type=&quot;regular&quot;&gt;&lt;/span&gt;&lt;/span&gt; if the character was looking alright. :3 I tried to give him a more savage, more cruel sort of look but maybe I didn&amp;#8217;t make him as chaotic looking as he should be?&lt;br /&gt;&lt;br /&gt;I must have redone this sketch a few times and each time fixing and editing and erasing to redraw parts and pieces. I got really invested in this xD so much fun but also I really wanted to get the character just right and whatnot. &lt;br /&gt;&lt;br /&gt;I&amp;#8217;m not sure yet if I&amp;#8217;ll color traditionally or digitally. That&amp;#8217;s yet to be seen but I&amp;#8217;ll be up to inking it real soon... after a get a little more feedback on this particular sketch.&lt;br /&gt;&lt;div&gt;&lt;img src=&quot;https://t00.deviantart.net/8L_vcaUnmFVz7riJ4vPbv3eSDLY=/300x200/filters:fixed_height(100,100):origin()/pre00/6d2b/th/pre/i/2018/254/6/f/foksigurd__wip__by_inoki_the_fox-dcmmd9v.jpg&quot; alt=&quot;thumbnail&quot; /&gt;&lt;/div&gt;</description>            </item>
        <item>
            <title>A Character in 3 styles</title>
            <link>https://ertrandmue.deviantart.com/art/A-Character-in-3-styles-760591890</link>
            <guid isPermaLink="true">https://ertrandmue.deviantart.com/art/A-Character-in-3-styles-760591890</guid>
            <pubDate>Wed, 22 Aug 2018 03:29:44 PDT</pubDate>
            <media:title type="plain">A Character in 3 styles</media:title>
            <media:keywords></media:keywords>
            <media:rating>nonadult</media:rating>
            <media:category label="Open Format">digitalart/paintings/people/openformat</media:category>
            <media:credit role="author" scheme="urn:ebu">Ertrandmue</media:credit>
            <media:credit role="author" scheme="urn:ebu">https://a.deviantart.net/avatars/e/r/ertrandmue.png?2</media:credit>
            <media:copyright url="https://ertrandmue.deviantart.com">Copyright 2018-2019 Ertrandmue</media:copyright>            <media:description type="html">Hey, everyone! It&#039;s been ages since I last posted but I&#039;ve got a little bit of a break again! Anyway, here is a drawing of an original character for a story I want to work on in 3 different styles: Song of the Sea, Berserk (Something I&#039;ve been interested in as of late), and One Piece! I&#039;m very happy with how this turned out!&amp;nbsp;&lt;br /&gt;&lt;br /&gt;Hope you enjoy this and further pieces to come!&lt;br /&gt;&lt;br /&gt;And I must say it is thanks to &lt;a target=&quot;_self&quot; href=&quot;https://www.deviantart.com/finni-nf&quot; &gt;&lt;img class=&quot;avatar&quot; width=&quot;50&quot; height=&quot;50&quot; src=&quot;https://a.deviantart.net/avatars/f/i/finni-nf.gif?8&quot; alt=&quot;:iconfinni-nf:&quot; title=&quot;Finni-NF&quot; /&gt;&lt;/a&gt; that I got this completed, since she collaborated with me to complete this work :&amp;gt;</media:description>            <media:thumbnail url="https://t00.deviantart.net/GW0jLhUyPkEoql19nX3UGm2qlwc=/fit-in/150x150/filters:no_upscale():origin()/pre00/4515/th/pre/i/2018/238/b/a/a_character_in_3_styles_by_ertrandmue-dcku4gi.png" height="129" width="150"/>            <media:thumbnail url="https://t00.deviantart.net/dFq7eI-zw9Ui04iHAx6TpQ5cH2A=/fit-in/300x900/filters:no_upscale():origin()/pre00/4515/th/pre/i/2018/238/b/a/a_character_in_3_styles_by_ertrandmue-dcku4gi.png" height="258" width="300"/>            <media:thumbnail url="https://t00.deviantart.net/YY3GQR7u7QdIaoqWj5i0q4eU3Dg=/300x200/filters:fixed_height(100,100):origin()/pre00/4515/th/pre/i/2018/238/b/a/a_character_in_3_styles_by_ertrandmue-dcku4gi.png" height="200" width="233"/>            <media:content url="https://pre00.deviantart.net/4515/th/pre/i/2018/238/b/a/a_character_in_3_styles_by_ertrandmue-dcku4gi.png" height="828" width="965" medium="image"/>
            <description>Hey, everyone! It&#039;s been ages since I last posted but I&#039;ve got a little bit of a break again! Anyway, here is a drawing of an original character for a story I want to work on in 3 different styles: Song of the Sea, Berserk (Something I&#039;ve been interested in as of late), and One Piece! I&#039;m very happy with how this turned out!&amp;nbsp;&lt;br /&gt;&lt;br /&gt;Hope you enjoy this and further pieces to come!&lt;br /&gt;&lt;br /&gt;And I must say it is thanks to &lt;a target=&quot;_self&quot; href=&quot;https://www.deviantart.com/finni-nf&quot; &gt;&lt;img class=&quot;avatar&quot; width=&quot;50&quot; height=&quot;50&quot; src=&quot;https://a.deviantart.net/avatars/f/i/finni-nf.gif?8&quot; alt=&quot;:iconfinni-nf:&quot; title=&quot;Finni-NF&quot; /&gt;&lt;/a&gt; that I got this completed, since she collaborated with me to complete this work :&amp;gt;&lt;br /&gt;&lt;div&gt;&lt;img src=&quot;https://t00.deviantart.net/YY3GQR7u7QdIaoqWj5i0q4eU3Dg=/300x200/filters:fixed_height(100,100):origin()/pre00/4515/th/pre/i/2018/238/b/a/a_character_in_3_styles_by_ertrandmue-dcku4gi.png&quot; alt=&quot;thumbnail&quot; /&gt;&lt;/div&gt;</description>            </item>
        <item>
            <title>Guts Walk animation (MUGEN)</title>
            <link>https://artistropeadope.deviantart.com/art/Guts-Walk-animation-MUGEN-760494780</link>
            <guid isPermaLink="true">https://artistropeadope.deviantart.com/art/Guts-Walk-animation-MUGEN-760494780</guid>
            <pubDate>Tue, 21 Aug 2018 11:40:20 PDT</pubDate>
            <media:title type="plain">Guts Walk animation (MUGEN)</media:title>
            <media:keywords></media:keywords>
            <media:rating>nonadult</media:rating>
            <media:category label="Animation">digitalart/animation</media:category>
            <media:credit role="author" scheme="urn:ebu">artistropeadope</media:credit>
            <media:credit role="author" scheme="urn:ebu">https://a.deviantart.net/avatars/a/r/artistropeadope.jpg?2</media:credit>
            <media:copyright url="https://artistropeadope.deviantart.com">Copyright 2018-2019 artistropeadope</media:copyright>            <media:description type="html">Something bothers me about this walking animation. &lt;br /&gt;&lt;br /&gt;-This gif has been downscaled to %30. The original sprites are hd (1000+ pixels per frame).&lt;br /&gt;-Find me on youtube to see hd version.</media:description>            <media:thumbnail url="https://t00.deviantart.net/YUw8SDW7i3zw-voigblo1TwRlE0=/fit-in/150x150/filters:no_upscale():origin()/pre00/f42f/th/pre/f/2018/233/4/6/guts_walk_animation__mugen__by_artistropeadope-dcks1j0.png" height="150" width="105"/>            <media:thumbnail url="https://t00.deviantart.net/kyeIq3NxjXS2CnqtuB2OfBojO2Y=/fit-in/300x900/filters:no_upscale():origin()/pre00/f42f/th/pre/f/2018/233/4/6/guts_walk_animation__mugen__by_artistropeadope-dcks1j0.png" height="427" width="300"/>            <media:thumbnail url="https://t00.deviantart.net/Hg8IjOZnizQbZ88KM7CS4Z_AFtk=/300x200/filters:fixed_height(100,100):origin()/pre00/f42f/th/pre/f/2018/233/4/6/guts_walk_animation__mugen__by_artistropeadope-dcks1j0.png" height="200" width="140"/>            <media:content url="https://orig00.deviantart.net/17e0/f/2018/233/4/6/guts_walk_animation__mugen__by_artistropeadope-dcks1j0.png" height="571" width="401" medium="image"/>
            <description>Something bothers me about this walking animation. &lt;br /&gt;&lt;br /&gt;-This gif has been downscaled to %30. The original sprites are hd (1000+ pixels per frame).&lt;br /&gt;-Find me on youtube to see hd version.&lt;br /&gt;&lt;div&gt;&lt;img src=&quot;https://t00.deviantart.net/Hg8IjOZnizQbZ88KM7CS4Z_AFtk=/300x200/filters:fixed_height(100,100):origin()/pre00/f42f/th/pre/f/2018/233/4/6/guts_walk_animation__mugen__by_artistropeadope-dcks1j0.png&quot; alt=&quot;thumbnail&quot; /&gt;&lt;/div&gt;</description>            </item>
        <item>
            <title>Binoka</title>
            <link>https://alexjirachi.deviantart.com/art/Binoka-759129210</link>
            <guid isPermaLink="true">https://alexjirachi.deviantart.com/art/Binoka-759129210</guid>
            <pubDate>Sun, 12 Aug 2018 15:04:45 PDT</pubDate>
            <media:title type="plain">Binoka</media:title>
            <media:keywords></media:keywords>
            <media:rating>nonadult</media:rating>
            <media:category label="Other">traditional/drawings/other</media:category>
            <media:credit role="author" scheme="urn:ebu">AlexJirachi</media:credit>
            <media:credit role="author" scheme="urn:ebu">https://a.deviantart.net/avatars/a/l/alexjirachi.jpg?1</media:credit>
            <media:copyright url="https://alexjirachi.deviantart.com">Copyright 2018-2019 AlexJirachi</media:copyright>            <media:description type="html">&lt;b&gt;Age: 15&lt;br /&gt;&lt;/b&gt;&lt;b&gt;Gender:&amp;nbsp;&lt;/b&gt;Female&lt;br /&gt;&lt;b&gt;Height:&amp;nbsp;&lt;/b&gt;&lt;span&gt;164 cm (5&#039;4&quot;)&lt;/span&gt;&lt;br /&gt;&lt;b&gt;Weight&amp;nbsp;&lt;/b&gt;48 kg (106 lb)&lt;br /&gt;&lt;b&gt;B-W-H: 150-50-85&lt;/b&gt;&lt;br /&gt;Abilities: Super Strength (&lt;span&gt;capable of holding very heavy objects and landing powerful punches)&lt;/span&gt;, Attractive, Frenzied State&lt;br /&gt;Weakness:&amp;nbsp;&lt;span&gt;Nyctophobia, Being Alone, Going Berserk&lt;br /&gt;&lt;/span&gt;&lt;span&gt;Binoka is the main protagonist of&amp;nbsp;Rose Burst&lt;/span&gt;</media:description>            <media:thumbnail url="https://t00.deviantart.net/G2xY_R49kteLubuEg3koUfCvFzI=/fit-in/150x150/filters:no_upscale():origin()/pre00/8d05/th/pre/i/2018/224/2/8/binoka_by_alexjirachi-dcjyrui.jpg" height="113" width="150"/>            <media:thumbnail url="https://t00.deviantart.net/GPwErwIKqmMwykoWWnJqkmKu3Qg=/fit-in/300x900/filters:no_upscale():origin()/pre00/8d05/th/pre/i/2018/224/2/8/binoka_by_alexjirachi-dcjyrui.jpg" height="225" width="300"/>            <media:thumbnail url="https://t00.deviantart.net/Pfsz0QsVY8Du28_NgJkS1REyFUE=/300x200/filters:fixed_height(100,100):origin()/pre00/8d05/th/pre/i/2018/224/2/8/binoka_by_alexjirachi-dcjyrui.jpg" height="200" width="267"/>            <media:content url="https://img00.deviantart.net/b1d8/i/2018/224/2/8/binoka_by_alexjirachi-dcjyrui.jpg" height="768" width="1024" medium="image"/>
            <description>&lt;b&gt;Age: 15&lt;br /&gt;&lt;/b&gt;&lt;b&gt;Gender:&amp;nbsp;&lt;/b&gt;Female&lt;br /&gt;&lt;b&gt;Height:&amp;nbsp;&lt;/b&gt;&lt;span&gt;164 cm (5&#039;4&quot;)&lt;/span&gt;&lt;br /&gt;&lt;b&gt;Weight&amp;nbsp;&lt;/b&gt;48 kg (106 lb)&lt;br /&gt;&lt;b&gt;B-W-H: 150-50-85&lt;/b&gt;&lt;br /&gt;Abilities: Super Strength (&lt;span&gt;capable of holding very heavy objects and landing powerful punches)&lt;/span&gt;, Attractive, Frenzied State&lt;br /&gt;Weakness:&amp;nbsp;&lt;span&gt;Nyctophobia, Being Alone, Going Berserk&lt;br /&gt;&lt;/span&gt;&lt;span&gt;Binoka is the main protagonist of&amp;nbsp;Rose Burst&lt;/span&gt;&lt;br /&gt;&lt;div&gt;&lt;img src=&quot;https://t00.deviantart.net/Pfsz0QsVY8Du28_NgJkS1REyFUE=/300x200/filters:fixed_height(100,100):origin()/pre00/8d05/th/pre/i/2018/224/2/8/binoka_by_alexjirachi-dcjyrui.jpg&quot; alt=&quot;thumbnail&quot; /&gt;&lt;/div&gt;</description>            </item>
        <item>
            <title>Berserk cosplay</title>
            <link>https://amijou.deviantart.com/art/Berserk-cosplay-756202010</link>
            <guid isPermaLink="true">https://amijou.deviantart.com/art/Berserk-cosplay-756202010</guid>
            <pubDate>Wed, 25 Jul 2018 04:29:36 PDT</pubDate>
            <media:title type="plain">Berserk cosplay</media:title>
            <media:keywords></media:keywords>
            <media:rating>nonadult</media:rating>
            <media:category label="People">digitalart/photomanip/people</media:category>
            <media:credit role="author" scheme="urn:ebu">amijou</media:credit>
            <media:credit role="author" scheme="urn:ebu">https://a.deviantart.net/avatars/a/m/amijou.png?4</media:credit>
            <media:copyright url="https://amijou.deviantart.com">Copyright 2018-2019 amijou</media:copyright>            <media:description type="html">Lately there is absolutely no inspiration and it is necessary to draw friends in the images of their favorite characters.&amp;nbsp;&lt;span&gt;&amp;#661;&lt;/span&gt;&lt;span&gt;&amp;#9573;&amp;#65103;&amp;#9573;&lt;/span&gt;&lt;span&gt;&amp;#660;&lt;/span&gt;</media:description>            <media:thumbnail url="https://t00.deviantart.net/iibsbBPsErSfVyun6vqa3xXrEeY=/fit-in/150x150/filters:no_upscale():origin()/pre00/0734/th/pre/i/2018/206/4/d/berserk_cosplay_by_amijou-dci817e.png" height="100" width="150"/>            <media:thumbnail url="https://t00.deviantart.net/i3jtgFa4PL1fu8Zv8ZI_bAm0kl4=/fit-in/300x900/filters:no_upscale():origin()/pre00/0734/th/pre/i/2018/206/4/d/berserk_cosplay_by_amijou-dci817e.png" height="200" width="300"/>            <media:thumbnail url="https://t00.deviantart.net/08hkpg_LQ4thqnZlCvcjF-kj5ho=/300x200/filters:fixed_height(100,100):origin()/pre00/0734/th/pre/i/2018/206/4/d/berserk_cosplay_by_amijou-dci817e.png" height="200" width="300"/>            <media:content url="https://img00.deviantart.net/6d95/i/2018/206/4/d/berserk_cosplay_by_amijou-dci817e.png" height="601" width="900" medium="image"/>
            <description>Lately there is absolutely no inspiration and it is necessary to draw friends in the images of their favorite characters.&amp;nbsp;&lt;span&gt;&amp;#661;&lt;/span&gt;&lt;span&gt;&amp;#9573;&amp;#65103;&amp;#9573;&lt;/span&gt;&lt;span&gt;&amp;#660;&lt;/span&gt;&lt;br /&gt;&lt;div&gt;&lt;img src=&quot;https://t00.deviantart.net/08hkpg_LQ4thqnZlCvcjF-kj5ho=/300x200/filters:fixed_height(100,100):origin()/pre00/0734/th/pre/i/2018/206/4/d/berserk_cosplay_by_amijou-dci817e.png&quot; alt=&quot;thumbnail&quot; /&gt;&lt;/div&gt;</description>            </item>
        <item>
            <title>Warrior</title>
            <link>https://demiom.deviantart.com/art/Warrior-754133752</link>
            <guid isPermaLink="true">https://demiom.deviantart.com/art/Warrior-754133752</guid>
            <pubDate>Thu, 12 Jul 2018 02:42:49 PDT</pubDate>
            <media:title type="plain">Warrior</media:title>
            <media:keywords></media:keywords>
            <media:rating>nonadult</media:rating>
            <media:category label="Portraits">digitalart/paintings/people/portraits</media:category>
            <media:credit role="author" scheme="urn:ebu">Demiom</media:credit>
            <media:credit role="author" scheme="urn:ebu">https://a.deviantart.net/avatars/d/e/demiom.jpg?2</media:credit>
            <media:copyright url="https://demiom.deviantart.com">Copyright 2018-2019 Demiom</media:copyright>            <media:description type="html">&lt;div&gt;&lt;span&gt;&lt;span&gt;_________________________&lt;br /&gt;&lt;/span&gt;&lt;/span&gt;&lt;/div&gt;&lt;div&gt;&lt;span&gt;&lt;span&gt;~~ My instagram : blueshooter_art&lt;br /&gt;&lt;/span&gt;&lt;/span&gt;&lt;/div&gt;&lt;span&gt;&lt;span&gt;~~ My VK : vk.com/blueshooter&lt;/span&gt;&lt;/span&gt;</media:description>            <media:thumbnail url="https://t00.deviantart.net/ZGOEE7VvwT-Bx_dG5of6-WYuVbk=/fit-in/150x150/filters:no_upscale():origin()/pre00/aeee/th/pre/i/2018/193/a/c/warrior_by_demiom-dcgzpbs.png" height="84" width="150"/>            <media:thumbnail url="https://t00.deviantart.net/i583_cB1QMG9yr0EqRpqcPeRbMM=/fit-in/300x900/filters:no_upscale():origin()/pre00/aeee/th/pre/i/2018/193/a/c/warrior_by_demiom-dcgzpbs.png" height="169" width="300"/>            <media:thumbnail url="https://t00.deviantart.net/F5KDXVaZ_p0mzxuvYD_OGtaSOMY=/300x200/filters:fixed_height(100,100):origin()/pre00/aeee/th/pre/i/2018/193/a/c/warrior_by_demiom-dcgzpbs.png" height="169" width="300"/>            <media:content url="https://img00.deviantart.net/1415/i/2018/193/a/c/warrior_by_demiom-dcgzpbs.png" height="576" width="1024" medium="image"/>
            <description>&lt;div&gt;&lt;span&gt;&lt;span&gt;_________________________&lt;br /&gt;&lt;/span&gt;&lt;/span&gt;&lt;/div&gt;&lt;div&gt;&lt;span&gt;&lt;span&gt;~~ My instagram : blueshooter_art&lt;br /&gt;&lt;/span&gt;&lt;/span&gt;&lt;/div&gt;&lt;span&gt;&lt;span&gt;~~ My VK : vk.com/blueshooter&lt;/span&gt;&lt;/span&gt;&lt;br /&gt;&lt;div&gt;&lt;img src=&quot;https://t00.deviantart.net/F5KDXVaZ_p0mzxuvYD_OGtaSOMY=/300x200/filters:fixed_height(100,100):origin()/pre00/aeee/th/pre/i/2018/193/a/c/warrior_by_demiom-dcgzpbs.png&quot; alt=&quot;thumbnail&quot; /&gt;&lt;/div&gt;</description>            </item>
        <item>
            <title>Grimmheim - Summer of Manga Oneshot</title>
            <link>https://nananekoxx.deviantart.com/art/Grimmheim-Summer-of-Manga-Oneshot-753849116</link>
            <guid isPermaLink="true">https://nananekoxx.deviantart.com/art/Grimmheim-Summer-of-Manga-Oneshot-753849116</guid>
            <pubDate>Tue, 10 Jul 2018 09:32:46 PDT</pubDate>
            <media:title type="plain">Grimmheim - Summer of Manga Oneshot</media:title>
            <media:keywords></media:keywords>
            <media:rating>nonadult</media:rating>
            <media:category label="Drawings">manga/digital/drawings</media:category>
            <media:credit role="author" scheme="urn:ebu">NanaNekoxX</media:credit>
            <media:credit role="author" scheme="urn:ebu">https://a.deviantart.net/avatars/n/a/nananekoxx.jpg?9</media:credit>
            <media:copyright url="https://nananekoxx.deviantart.com">Copyright 2018-2019 NanaNekoxX</media:copyright>            <media:description type="html">&lt;div&gt;Hello dear Deviants!&lt;/div&gt;&lt;div&gt;My deviantArt is pretty much dead, but if ANYONE is still around, I am proud to announce you something:&lt;/div&gt;&lt;div&gt;&lt;br /&gt;&lt;/div&gt;&lt;div&gt;My short story &quot;Grimmheim&quot;, a historical-fantasy comic featuring Joan of Arc / Jeanne d&amp;#180;Arc, has been published! &lt;a target=&quot;_self&quot; href=&quot;https://www.deviantart.com/awwwplz&quot; &gt;&lt;img class=&quot;avatar&quot; width=&quot;50&quot; height=&quot;50&quot; src=&quot;https://a.deviantart.net/avatars/a/w/awwwplz.gif&quot; alt=&quot;:iconawwwplz:&quot; title=&quot;awwwplz&quot; /&gt;&lt;/a&gt;&lt;/div&gt;&lt;div&gt;It&amp;#180;s available in the digital shonen manga anthology Saturday AM! Inside of the 89th issue (CRAZY &lt;a target=&quot;_self&quot; href=&quot;https://www.deviantart.com/dizzyplz&quot; &gt;&lt;img class=&quot;avatar&quot; width=&quot;50&quot; height=&quot;50&quot; src=&quot;https://a.deviantart.net/avatars/d/i/dizzyplz.gif?1&quot; alt=&quot;:icondizzyplz:&quot; title=&quot;dizzyplz&quot; /&gt;&lt;/a&gt; ), you can read my little short story, as well as another kick-ass one, &quot;D.I.D&quot; by the one and only Frae! &lt;a target=&quot;_self&quot; href=&quot;https://www.deviantart.com/planningplz&quot; &gt;&lt;img class=&quot;avatar&quot; width=&quot;50&quot; height=&quot;50&quot; src=&quot;https://a.deviantart.net/avatars/p/l/planningplz.gif?1&quot; alt=&quot;:iconplanningplz:&quot; title=&quot;planningplz&quot; /&gt;&lt;/a&gt; The stories are part of the current Summer of Manga event!&lt;/div&gt;&lt;div&gt;&lt;br /&gt;&lt;/div&gt;&lt;div&gt;So, if you&amp;#180;re interested, give it a try! &amp;gt;0&amp;lt; &lt;br /&gt;&lt;/div&gt;&lt;div&gt;&lt;br /&gt;&lt;/div&gt;&lt;div&gt;Link:&lt;/div&gt;&lt;div&gt;&lt;a class=&quot;external&quot; href=&quot;https://www.deviantart.com/users/outgoing?http://www.saturday-am.com/issues/satam89&quot;&gt;www.saturday-am.com/issues/sat&amp;hellip;&lt;/a&gt;&lt;/div&gt;&lt;div&gt;Download it for FREE!!&lt;/div&gt;&lt;div&gt;&lt;br /&gt;&lt;/div&gt;&lt;div&gt;Also, follow me on my instagram&lt;/div&gt;&lt;div&gt;&lt;a class=&quot;external&quot; href=&quot;https://www.deviantart.com/users/outgoing?https://instagram.com/grimmheim&quot;&gt;instagram.com/grimmheim&lt;/a&gt;&lt;br /&gt;&lt;/div&gt;&lt;div&gt;&lt;br /&gt;&lt;/div&gt;</media:description>            <media:thumbnail url="https://t00.deviantart.net/1yCU2YXEV-6kFGqZUKjTzpnhflw=/fit-in/150x150/filters:no_upscale():origin()/pre00/a550/th/pre/i/2018/191/2/1/grimmheim___summer_of_manga_oneshot_by_nananekoxx-dcgtlp8.jpg" height="150" width="107"/>            <media:thumbnail url="https://t00.deviantart.net/v9Qpicwfy3ZYwqZo9VX_M88Xoag=/fit-in/300x900/filters:no_upscale():origin()/pre00/a550/th/pre/i/2018/191/2/1/grimmheim___summer_of_manga_oneshot_by_nananekoxx-dcgtlp8.jpg" height="421" width="300"/>            <media:thumbnail url="https://t00.deviantart.net/Oxvp-NGAVZQzuDiTTQTbr6GeCcE=/300x200/filters:fixed_height(100,100):origin()/pre00/a550/th/pre/i/2018/191/2/1/grimmheim___summer_of_manga_oneshot_by_nananekoxx-dcgtlp8.jpg" height="200" width="142"/>            <media:content url="https://pre00.deviantart.net/a550/th/pre/i/2018/191/2/1/grimmheim___summer_of_manga_oneshot_by_nananekoxx-dcgtlp8.jpg" height="1059" width="754" medium="image"/>
            <description>&lt;div&gt;Hello dear Deviants!&lt;/div&gt;&lt;div&gt;My deviantArt is pretty much dead, but if ANYONE is still around, I am proud to announce you something:&lt;/div&gt;&lt;div&gt;&lt;br /&gt;&lt;/div&gt;&lt;div&gt;My short story &quot;Grimmheim&quot;, a historical-fantasy comic featuring Joan of Arc / Jeanne d&amp;#180;Arc, has been published! &lt;a target=&quot;_self&quot; href=&quot;https://www.deviantart.com/awwwplz&quot; &gt;&lt;img class=&quot;avatar&quot; width=&quot;50&quot; height=&quot;50&quot; src=&quot;https://a.deviantart.net/avatars/a/w/awwwplz.gif&quot; alt=&quot;:iconawwwplz:&quot; title=&quot;awwwplz&quot; /&gt;&lt;/a&gt;&lt;/div&gt;&lt;div&gt;It&amp;#180;s available in the digital shonen manga anthology Saturday AM! Inside of the 89th issue (CRAZY &lt;a target=&quot;_self&quot; href=&quot;https://www.deviantart.com/dizzyplz&quot; &gt;&lt;img class=&quot;avatar&quot; width=&quot;50&quot; height=&quot;50&quot; src=&quot;https://a.deviantart.net/avatars/d/i/dizzyplz.gif?1&quot; alt=&quot;:icondizzyplz:&quot; title=&quot;dizzyplz&quot; /&gt;&lt;/a&gt; ), you can read my little short story, as well as another kick-ass one, &quot;D.I.D&quot; by the one and only Frae! &lt;a target=&quot;_self&quot; href=&quot;https://www.deviantart.com/planningplz&quot; &gt;&lt;img class=&quot;avatar&quot; width=&quot;50&quot; height=&quot;50&quot; src=&quot;https://a.deviantart.net/avatars/p/l/planningplz.gif?1&quot; alt=&quot;:iconplanningplz:&quot; title=&quot;planningplz&quot; /&gt;&lt;/a&gt; The stories are part of the current Summer of Manga event!&lt;/div&gt;&lt;div&gt;&lt;br /&gt;&lt;/div&gt;&lt;div&gt;So, if you&amp;#180;re interested, give it a try! &amp;gt;0&amp;lt; &lt;br /&gt;&lt;/div&gt;&lt;div&gt;&lt;br /&gt;&lt;/div&gt;&lt;div&gt;Link:&lt;/div&gt;&lt;div&gt;&lt;a class=&quot;external&quot; href=&quot;https://www.deviantart.com/users/outgoing?http://www.saturday-am.com/issues/satam89&quot;&gt;www.saturday-am.com/issues/sat&amp;hellip;&lt;/a&gt;&lt;/div&gt;&lt;div&gt;Download it for FREE!!&lt;/div&gt;&lt;div&gt;&lt;br /&gt;&lt;/div&gt;&lt;div&gt;Also, follow me on my instagram&lt;/div&gt;&lt;div&gt;&lt;a class=&quot;external&quot; href=&quot;https://www.deviantart.com/users/outgoing?https://instagram.com/grimmheim&quot;&gt;instagram.com/grimmheim&lt;/a&gt;&lt;br /&gt;&lt;/div&gt;&lt;div&gt;&lt;br /&gt;&lt;/div&gt;&lt;br /&gt;&lt;div&gt;&lt;img src=&quot;https://t00.deviantart.net/Oxvp-NGAVZQzuDiTTQTbr6GeCcE=/300x200/filters:fixed_height(100,100):origin()/pre00/a550/th/pre/i/2018/191/2/1/grimmheim___summer_of_manga_oneshot_by_nananekoxx-dcgtlp8.jpg&quot; alt=&quot;thumbnail&quot; /&gt;&lt;/div&gt;</description>            </item>
        <item>
            <title>So put your grasses on.....</title>
            <link>https://rocketbunny99.deviantart.com/art/So-put-your-grasses-on-753172032</link>
            <guid isPermaLink="true">https://rocketbunny99.deviantart.com/art/So-put-your-grasses-on-753172032</guid>
            <pubDate>Fri, 06 Jul 2018 01:39:44 PDT</pubDate>
            <media:title type="plain">So put your grasses on.....</media:title>
            <media:keywords></media:keywords>
            <media:rating>nonadult</media:rating>
            <media:category label="Drawings">cartoons/traditional/cartoons/drawings</media:category>
            <media:credit role="author" scheme="urn:ebu">RocketBunny99</media:credit>
            <media:credit role="author" scheme="urn:ebu">https://a.deviantart.net/avatars/r/o/rocketbunny99.png?1</media:credit>
            <media:copyright url="https://rocketbunny99.deviantart.com">Copyright 2018-2019 RocketBunny99</media:copyright>            <media:description type="html">Nothing will be wong.....unless it gets animated in CGI.&lt;br /&gt;&lt;br /&gt;&lt;br /&gt;&lt;br /&gt;Mixels &amp;#169; Cartoon Network and LEGO&lt;br /&gt;Berserk &amp;#169; Kentaro Miura&lt;br /&gt;Griffyn &amp;#169; me</media:description>            <media:thumbnail url="https://t00.deviantart.net/eABhmR8R3Lfa_v1yPmi4y4nWSNI=/fit-in/150x150/filters:no_upscale():origin()/pre00/a641/th/pre/i/2018/187/0/a/so_put_your_grasses_on______by_rocketbunny99-dcgf39c.jpg" height="150" width="72"/>            <media:thumbnail url="https://t00.deviantart.net/GsuwEGXNCN19ip0goUUHP6SQsrA=/fit-in/300x900/filters:no_upscale():origin()/pre00/a641/th/pre/i/2018/187/0/a/so_put_your_grasses_on______by_rocketbunny99-dcgf39c.jpg" height="625" width="300"/>            <media:thumbnail url="https://t00.deviantart.net/EuGbhuavoRI5lozubGjRKTOht5U=/300x200/filters:fixed_height(100,100):origin()/pre00/a641/th/pre/i/2018/187/0/a/so_put_your_grasses_on______by_rocketbunny99-dcgf39c.jpg" height="201" width="100"/>            <media:content url="https://pre00.deviantart.net/a641/th/pre/i/2018/187/0/a/so_put_your_grasses_on______by_rocketbunny99-dcgf39c.jpg" height="1290" width="619" medium="image"/>
            <description>Nothing will be wong.....unless it gets animated in CGI.&lt;br /&gt;&lt;br /&gt;&lt;br /&gt;&lt;br /&gt;Mixels &amp;#169; Cartoon Network and LEGO&lt;br /&gt;Berserk &amp;#169; Kentaro Miura&lt;br /&gt;Griffyn &amp;#169; me&lt;br /&gt;&lt;div&gt;&lt;img src=&quot;https://t00.deviantart.net/EuGbhuavoRI5lozubGjRKTOht5U=/300x200/filters:fixed_height(100,100):origin()/pre00/a641/th/pre/i/2018/187/0/a/so_put_your_grasses_on______by_rocketbunny99-dcgf39c.jpg&quot; alt=&quot;thumbnail&quot; /&gt;&lt;/div&gt;</description>            </item>
        <item>
            <title>Maydrium From my original series (Carriers)</title>
            <link>https://xxloronlewxx.deviantart.com/art/Maydrium-From-my-original-series-Carriers-747927592</link>
            <guid isPermaLink="true">https://xxloronlewxx.deviantart.com/art/Maydrium-From-my-original-series-Carriers-747927592</guid>
            <pubDate>Sat, 02 Jun 2018 18:10:27 PDT</pubDate>
            <media:title type="plain">Maydrium From my original series (Carriers)</media:title>
            <media:keywords></media:keywords>
            <media:rating>nonadult</media:rating>
            <media:category label="Paintings">manga/digital/paintings</media:category>
            <media:credit role="author" scheme="urn:ebu">xXLoronLewXx</media:credit>
            <media:credit role="author" scheme="urn:ebu">https://a.deviantart.net/avatars/x/x/xxloronlewxx.jpg?13</media:credit>
            <media:copyright url="https://xxloronlewxx.deviantart.com">Copyright 2018-2019 xXLoronLewXx</media:copyright>            <media:description type="html">Lady Maydrium. Assila&#039;s older sister from my original dark fantasy series, &quot;Carriers.&quot; known for her beauty Maydrium (May-Jree-Um) Is the more elegant, and has class unlike her barbaric sister Assila&amp;nbsp; &amp;nbsp;&lt;br /&gt;&lt;br /&gt;Music I listened to when making this picture: Berserk Forces 2&lt;br /&gt;&lt;br /&gt;The hardest part of this picture was the hair. her red locks gave me a lot of problems.</media:description>            <media:thumbnail url="https://t00.deviantart.net/cmYGFAjbWCDmuD8D141IK-SBFrI=/fit-in/150x150/filters:no_upscale():origin()/pre00/38d2/th/pre/i/2018/153/1/b/maydrium_from_my_original_series__carriers__by_thegreatkobayashi-dcdaomg.png" height="84" width="150"/>            <media:thumbnail url="https://t00.deviantart.net/IwC-BCKfNUXs92RzJ69MvqulQ_c=/fit-in/300x900/filters:no_upscale():origin()/pre00/38d2/th/pre/i/2018/153/1/b/maydrium_from_my_original_series__carriers__by_thegreatkobayashi-dcdaomg.png" height="169" width="300"/>            <media:thumbnail url="https://t00.deviantart.net/mEH4fpVw0qwaNerPIFumkWBIwSs=/300x200/filters:fixed_height(100,100):origin()/pre00/38d2/th/pre/i/2018/153/1/b/maydrium_from_my_original_series__carriers__by_thegreatkobayashi-dcdaomg.png" height="169" width="300"/>            <media:content url="https://pre00.deviantart.net/38d2/th/pre/i/2018/153/1/b/maydrium_from_my_original_series__carriers__by_thegreatkobayashi-dcdaomg.png" height="670" width="1192" medium="image"/>
            <description>Lady Maydrium. Assila&#039;s older sister from my original dark fantasy series, &quot;Carriers.&quot; known for her beauty Maydrium (May-Jree-Um) Is the more elegant, and has class unlike her barbaric sister Assila&amp;nbsp; &amp;nbsp;&lt;br /&gt;&lt;br /&gt;Music I listened to when making this picture: Berserk Forces 2&lt;br /&gt;&lt;br /&gt;The hardest part of this picture was the hair. her red locks gave me a lot of problems.&lt;br /&gt;&lt;div&gt;&lt;img src=&quot;https://t00.deviantart.net/mEH4fpVw0qwaNerPIFumkWBIwSs=/300x200/filters:fixed_height(100,100):origin()/pre00/38d2/th/pre/i/2018/153/1/b/maydrium_from_my_original_series__carriers__by_thegreatkobayashi-dcdaomg.png&quot; alt=&quot;thumbnail&quot; /&gt;&lt;/div&gt;</description>            </item>
        <item>
            <title>Assila from my original story (Carriers)</title>
            <link>https://xxloronlewxx.deviantart.com/art/Assila-from-my-original-story-Carriers-747915877</link>
            <guid isPermaLink="true">https://xxloronlewxx.deviantart.com/art/Assila-from-my-original-story-Carriers-747915877</guid>
            <pubDate>Sat, 02 Jun 2018 16:43:02 PDT</pubDate>
            <media:title type="plain">Assila from my original story (Carriers)</media:title>
            <media:keywords></media:keywords>
            <media:rating>nonadult</media:rating>
            <media:category label="Paintings">manga/digital/paintings</media:category>
            <media:credit role="author" scheme="urn:ebu">xXLoronLewXx</media:credit>
            <media:credit role="author" scheme="urn:ebu">https://a.deviantart.net/avatars/x/x/xxloronlewxx.jpg?13</media:credit>
            <media:copyright url="https://xxloronlewxx.deviantart.com">Copyright 2018-2019 xXLoronLewXx</media:copyright>            <media:description type="html">A colored in picture of Assila from my original series Carriers.&lt;br /&gt;&lt;br /&gt;Carriers is my adult series. If you like the anime Berserk or the game God Of War. you&#039;ll love this series. Its full of blood, gore, action, nudity, Demon slicing and dicing, adult humor, and much more.&lt;br /&gt;From Fauns, harpies to giants if its dark fantasy. its in Carriers.&lt;br /&gt;&lt;br /&gt;This piece took me 2 days to finish</media:description>            <media:thumbnail url="https://t00.deviantart.net/Emkpb5cnM_mt-nNNI98eLB89isQ=/fit-in/150x150/filters:no_upscale():origin()/pre00/e17e/th/pre/i/2018/153/8/5/assila_from_my_original_story__carriers__by_thegreatkobayashi-dcdafl1.png" height="84" width="150"/>            <media:thumbnail url="https://t00.deviantart.net/TsK1yiujxdHt-w31bLaLpsZbFSk=/fit-in/300x900/filters:no_upscale():origin()/pre00/e17e/th/pre/i/2018/153/8/5/assila_from_my_original_story__carriers__by_thegreatkobayashi-dcdafl1.png" height="169" width="300"/>            <media:thumbnail url="https://t00.deviantart.net/hhyzVucl6gzdIAWGXbpnUWosy5k=/300x200/filters:fixed_height(100,100):origin()/pre00/e17e/th/pre/i/2018/153/8/5/assila_from_my_original_story__carriers__by_thegreatkobayashi-dcdafl1.png" height="169" width="300"/>            <media:content url="https://pre00.deviantart.net/e17e/th/pre/i/2018/153/8/5/assila_from_my_original_story__carriers__by_thegreatkobayashi-dcdafl1.png" height="670" width="1192" medium="image"/>
            <description>A colored in picture of Assila from my original series Carriers.&lt;br /&gt;&lt;br /&gt;Carriers is my adult series. If you like the anime Berserk or the game God Of War. you&#039;ll love this series. Its full of blood, gore, action, nudity, Demon slicing and dicing, adult humor, and much more.&lt;br /&gt;From Fauns, harpies to giants if its dark fantasy. its in Carriers.&lt;br /&gt;&lt;br /&gt;This piece took me 2 days to finish&lt;br /&gt;&lt;div&gt;&lt;img src=&quot;https://t00.deviantart.net/hhyzVucl6gzdIAWGXbpnUWosy5k=/300x200/filters:fixed_height(100,100):origin()/pre00/e17e/th/pre/i/2018/153/8/5/assila_from_my_original_story__carriers__by_thegreatkobayashi-dcdafl1.png&quot; alt=&quot;thumbnail&quot; /&gt;&lt;/div&gt;</description>            </item>
        <item>
            <title>Despacito The Character Yeah</title>
            <link>https://liquid-logemouseter.deviantart.com/art/Despacito-The-Character-Yeah-744358945</link>
            <guid isPermaLink="true">https://liquid-logemouseter.deviantart.com/art/Despacito-The-Character-Yeah-744358945</guid>
            <pubDate>Thu, 10 May 2018 13:24:31 PDT</pubDate>
            <media:title type="plain">Despacito The Character Yeah</media:title>
            <media:keywords></media:keywords>
            <media:rating>nonadult</media:rating>
            <media:category label="Pin-up">digitalart/paintings/people/pinup</media:category>
            <media:credit role="author" scheme="urn:ebu">LIQUID-LOGEMOUSETER</media:credit>
            <media:credit role="author" scheme="urn:ebu">https://a.deviantart.net/avatars/l/i/liquid-logemouseter.png?1</media:credit>
            <media:copyright url="https://liquid-logemouseter.deviantart.com">Copyright 2018-2019 LIQUID-LOGEMOUSETER</media:copyright>            <media:description type="html">this isb the best anime and manga character eva and if u think otherwise then no</media:description>            <media:thumbnail url="https://t00.deviantart.net/sueHln-WlRqwlk7I9ED2uqQI3p8=/fit-in/150x150/filters:no_upscale():origin()/pre00/b2c7/th/pre/i/2018/130/3/a/despacito_the_character_yeah_by_liquid_logemouseter-dcb671d.png" height="84" width="150"/>            <media:thumbnail url="https://t00.deviantart.net/_tot4VG5igG_0mWPKPCibH6z4Qc=/fit-in/300x900/filters:no_upscale():origin()/pre00/b2c7/th/pre/i/2018/130/3/a/despacito_the_character_yeah_by_liquid_logemouseter-dcb671d.png" height="169" width="300"/>            <media:thumbnail url="https://t00.deviantart.net/CUmGlykaPtXk_wCKzARTV_ysnXE=/300x200/filters:fixed_height(100,100):origin()/pre00/b2c7/th/pre/i/2018/130/3/a/despacito_the_character_yeah_by_liquid_logemouseter-dcb671d.png" height="169" width="300"/>            <media:content url="https://img00.deviantart.net/be58/i/2018/130/3/a/despacito_the_character_yeah_by_liquid_logemouseter-dcb671d.png" height="576" width="1024" medium="image"/>
            <description>this isb the best anime and manga character eva and if u think otherwise then no&lt;br /&gt;&lt;div&gt;&lt;img src=&quot;https://t00.deviantart.net/CUmGlykaPtXk_wCKzARTV_ysnXE=/300x200/filters:fixed_height(100,100):origin()/pre00/b2c7/th/pre/i/2018/130/3/a/despacito_the_character_yeah_by_liquid_logemouseter-dcb671d.png&quot; alt=&quot;thumbnail&quot; /&gt;&lt;/div&gt;</description>            </item>
        <item>
            <title>Fluff boi</title>
            <link>https://sorcerii.deviantart.com/art/Fluff-boi-741639959</link>
            <guid isPermaLink="true">https://sorcerii.deviantart.com/art/Fluff-boi-741639959</guid>
            <pubDate>Sun, 22 Apr 2018 12:24:25 PDT</pubDate>
            <media:title type="plain">Fluff boi</media:title>
            <media:keywords></media:keywords>
            <media:rating>nonadult</media:rating>
            <media:category label="Other">darelated/deviousfun/other</media:category>
            <media:credit role="author" scheme="urn:ebu">Sorcerii</media:credit>
            <media:credit role="author" scheme="urn:ebu">https://a.deviantart.net/avatars/s/o/sorcerii.jpg?2</media:credit>
            <media:copyright url="https://sorcerii.deviantart.com">Copyright 2018-2019 Sorcerii</media:copyright>            <media:description type="html">&lt;sup&gt; haha i finally got to the point to draw this oc,, my lovely boi &amp;lt;3 &lt;/sup&gt;&lt;br /&gt;&lt;br /&gt;&lt;sup&gt; negativity is a ass, screw you negativity &amp;gt;:&#039;c &lt;/sup&gt;&lt;br /&gt;&lt;br /&gt;&lt;sup&gt; Oh yeah also ignore the red blob head thingy whatever,, thats my persona lol xD &lt;/sup&gt;&lt;br /&gt;&lt;br /&gt;&lt;sup&gt; small fact I could give about this fella is that he is like a stuff toy! for animal he&#039;s based is kinda uhhh,, unknown lol,, he is a mix i guess? ;3; &lt;/sup&gt;&lt;br /&gt;&lt;br /&gt;&lt;sup&gt; two moods: normal and berserk ;3 &lt;/sup&gt;&lt;br /&gt;&lt;br /&gt;&lt;sup&gt; ocs: meee including the art ;v &lt;/sup&gt;</media:description>            <media:thumbnail url="https://t00.deviantart.net/w8zhVJw3BDS-0StM_zqlM_fazDQ=/fit-in/150x150/filters:no_upscale():origin()/pre00/29d1/th/pre/i/2018/112/3/3/fluff_boi_by_sorcerii-dc9jx1z.jpg" height="150" width="150"/>            <media:thumbnail url="https://t00.deviantart.net/CRzhrdevYEjbq33YcSnPelBoed0=/fit-in/300x900/filters:no_upscale():origin()/pre00/29d1/th/pre/i/2018/112/3/3/fluff_boi_by_sorcerii-dc9jx1z.jpg" height="300" width="300"/>            <media:thumbnail url="https://t00.deviantart.net/nhy_fzvwEEQJgFJBWLOlL-ozSAc=/300x200/filters:fixed_height(100,100):origin()/pre00/29d1/th/pre/i/2018/112/3/3/fluff_boi_by_sorcerii-dc9jx1z.jpg" height="200" width="200"/>            <media:content url="https://pre00.deviantart.net/29d1/th/pre/i/2018/112/3/3/fluff_boi_by_sorcerii-dc9jx1z.jpg" height="894" width="894" medium="image"/>
            <description>&lt;sup&gt; haha i finally got to the point to draw this oc,, my lovely boi &amp;lt;3 &lt;/sup&gt;&lt;br /&gt;&lt;br /&gt;&lt;sup&gt; negativity is a ass, screw you negativity &amp;gt;:&#039;c &lt;/sup&gt;&lt;br /&gt;&lt;br /&gt;&lt;sup&gt; Oh yeah also ignore the red blob head thingy whatever,, thats my persona lol xD &lt;/sup&gt;&lt;br /&gt;&lt;br /&gt;&lt;sup&gt; small fact I could give about this fella is that he is like a stuff toy! for animal he&#039;s based is kinda uhhh,, unknown lol,, he is a mix i guess? ;3; &lt;/sup&gt;&lt;br /&gt;&lt;br /&gt;&lt;sup&gt; two moods: normal and berserk ;3 &lt;/sup&gt;&lt;br /&gt;&lt;br /&gt;&lt;sup&gt; ocs: meee including the art ;v &lt;/sup&gt;&lt;br /&gt;&lt;div&gt;&lt;img src=&quot;https://t00.deviantart.net/nhy_fzvwEEQJgFJBWLOlL-ozSAc=/300x200/filters:fixed_height(100,100):origin()/pre00/29d1/th/pre/i/2018/112/3/3/fluff_boi_by_sorcerii-dc9jx1z.jpg&quot; alt=&quot;thumbnail&quot; /&gt;&lt;/div&gt;</description>            </item>
        <item>
            <title>RP doodle dump: Berserkers</title>
            <link>https://trixiefox.deviantart.com/art/RP-doodle-dump-Berserkers-740485806</link>
            <guid isPermaLink="true">https://trixiefox.deviantart.com/art/RP-doodle-dump-Berserkers-740485806</guid>
            <pubDate>Sat, 14 Apr 2018 23:19:17 PDT</pubDate>
            <media:title type="plain">RP doodle dump: Berserkers</media:title>
            <media:keywords></media:keywords>
            <media:rating>nonadult</media:rating>
            <media:category label="Paintings">cartoons/digital/cartoons/paintings</media:category>
            <media:credit role="author" scheme="urn:ebu">TrixieFox</media:credit>
            <media:credit role="author" scheme="urn:ebu">https://a.deviantart.net/avatars/t/r/trixiefox.gif?2</media:credit>
            <media:copyright url="https://trixiefox.deviantart.com">Copyright 2018-2019 TrixieFox</media:copyright>            <media:description type="html">More RP scenes form a game i have been playing with &lt;a target=&quot;_self&quot; href=&quot;https://shadow-of-destiny.deviantart.com/&quot; &gt;&lt;img class=&quot;avatar&quot; width=&quot;50&quot; height=&quot;50&quot; src=&quot;https://a.deviantart.net/avatars/s/h/shadow-of-destiny.png?13&quot; alt=&quot;:iconshadow-of-destiny:&quot; title=&quot;Shadow-of-Destiny&quot; /&gt;&lt;/a&gt; Tried a new shading trick in color. i think it looks pretty nifty so far.&lt;br /&gt;&lt;br /&gt;The characters here are:&lt;br /&gt;Dr.Donnie (upper right corner)&lt;br /&gt;Siv (the small irken with the helmet)&lt;br /&gt;&lt;br /&gt;Shadow&#039;s characters here are:&lt;br /&gt;Chase (the one pressed up against the glass)&lt;br /&gt;Switch: (the one spooked by the pak legs)&lt;br /&gt;Zaza: (the one who wont just sit still and take his medicine)</media:description>            <media:thumbnail url="https://t00.deviantart.net/OR8AaZMaDrcdNMkii8vDPZnH9mI=/fit-in/150x150/filters:no_upscale():origin()/pre00/c48d/th/pre/i/2018/104/5/0/rp_doodle_dump__berserkers_by_trixiefox-dc8v6i6.jpg" height="150" width="114"/>            <media:thumbnail url="https://t00.deviantart.net/R721AszKZqZ26yQHwkXhnrEzl_o=/fit-in/300x900/filters:no_upscale():origin()/pre00/c48d/th/pre/i/2018/104/5/0/rp_doodle_dump__berserkers_by_trixiefox-dc8v6i6.jpg" height="395" width="300"/>            <media:thumbnail url="https://t00.deviantart.net/VQLV52MKmtNmOVswkwmHeQr1980=/300x200/filters:fixed_height(100,100):origin()/pre00/c48d/th/pre/i/2018/104/5/0/rp_doodle_dump__berserkers_by_trixiefox-dc8v6i6.jpg" height="200" width="152"/>            <media:content url="https://pre00.deviantart.net/c48d/th/pre/i/2018/104/5/0/rp_doodle_dump__berserkers_by_trixiefox-dc8v6i6.jpg" height="1026" width="779" medium="image"/>
            <description>More RP scenes form a game i have been playing with &lt;a target=&quot;_self&quot; href=&quot;https://shadow-of-destiny.deviantart.com/&quot; &gt;&lt;img class=&quot;avatar&quot; width=&quot;50&quot; height=&quot;50&quot; src=&quot;https://a.deviantart.net/avatars/s/h/shadow-of-destiny.png?13&quot; alt=&quot;:iconshadow-of-destiny:&quot; title=&quot;Shadow-of-Destiny&quot; /&gt;&lt;/a&gt; Tried a new shading trick in color. i think it looks pretty nifty so far.&lt;br /&gt;&lt;br /&gt;The characters here are:&lt;br /&gt;Dr.Donnie (upper right corner)&lt;br /&gt;Siv (the small irken with the helmet)&lt;br /&gt;&lt;br /&gt;Shadow&#039;s characters here are:&lt;br /&gt;Chase (the one pressed up against the glass)&lt;br /&gt;Switch: (the one spooked by the pak legs)&lt;br /&gt;Zaza: (the one who wont just sit still and take his medicine)&lt;br /&gt;&lt;div&gt;&lt;img src=&quot;https://t00.deviantart.net/VQLV52MKmtNmOVswkwmHeQr1980=/300x200/filters:fixed_height(100,100):origin()/pre00/c48d/th/pre/i/2018/104/5/0/rp_doodle_dump__berserkers_by_trixiefox-dc8v6i6.jpg&quot; alt=&quot;thumbnail&quot; /&gt;&lt;/div&gt;</description>            </item>
        <item>
            <title>Barbarian vs Berserk</title>
            <link>https://laughterlover.deviantart.com/art/Barbarian-vs-Berserk-739666473</link>
            <guid isPermaLink="true">https://laughterlover.deviantart.com/art/Barbarian-vs-Berserk-739666473</guid>
            <pubDate>Mon, 09 Apr 2018 15:26:34 PDT</pubDate>
            <media:title type="plain">Barbarian vs Berserk</media:title>
            <media:keywords></media:keywords>
            <media:rating>nonadult</media:rating>
            <media:category label="Drawings">cartoons/digital/cartoons/drawings</media:category>
            <media:credit role="author" scheme="urn:ebu">LaughterLover</media:credit>
            <media:credit role="author" scheme="urn:ebu">https://a.deviantart.net/avatars/l/a/laughterlover.gif?6</media:credit>
            <media:copyright url="https://laughterlover.deviantart.com">Copyright 2018-2019 LaughterLover</media:copyright>            <media:description type="html">Yay! My first fighting piece for the group &lt;a target=&quot;_self&quot; href=&quot;https://porter-express.deviantart.com/&quot; &gt;&lt;img class=&quot;avatar group&quot; width=&quot;100&quot; height=&quot;50&quot; src=&quot;https://a.deviantart.net/avatars/p/o/porter-express.png?4&quot; alt=&quot;:iconporter-express:&quot; title=&quot;Porter-Express&quot; /&gt;&lt;/a&gt; featuring Griff from &lt;a target=&quot;_self&quot; href=&quot;https://gafagear.deviantart.com/&quot; &gt;&lt;img class=&quot;avatar&quot; width=&quot;50&quot; height=&quot;50&quot; src=&quot;https://a.deviantart.net/avatars/g/a/gafagear.gif?11&quot; alt=&quot;:icongafagear:&quot; title=&quot;Gafagear&quot; /&gt;&lt;/a&gt;&lt;br /&gt;Hope you like it! It was so much fun!</media:description>            <media:thumbnail url="https://t00.deviantart.net/XGJqW8PlQQliacn_LxyaTndShT8=/fit-in/150x150/filters:no_upscale():origin()/pre00/b98b/th/pre/i/2018/099/9/6/barbarian_vs_berserk_by_laughterlover-dc8dmax.png" height="150" width="120"/>            <media:thumbnail url="https://t00.deviantart.net/_nY_fJ3-Zuet4lGUl4uTMTyrjnI=/fit-in/300x900/filters:no_upscale():origin()/pre00/b98b/th/pre/i/2018/099/9/6/barbarian_vs_berserk_by_laughterlover-dc8dmax.png" height="375" width="300"/>            <media:thumbnail url="https://t00.deviantart.net/K6gG-Uu_LzUk4HNBjeOolOnQv3g=/300x200/filters:fixed_height(100,100):origin()/pre00/b98b/th/pre/i/2018/099/9/6/barbarian_vs_berserk_by_laughterlover-dc8dmax.png" height="200" width="160"/>            <media:content url="https://pre00.deviantart.net/b98b/th/pre/i/2018/099/9/6/barbarian_vs_berserk_by_laughterlover-dc8dmax.png" height="1000" width="800" medium="image"/>
            <description>Yay! My first fighting piece for the group &lt;a target=&quot;_self&quot; href=&quot;https://porter-express.deviantart.com/&quot; &gt;&lt;img class=&quot;avatar group&quot; width=&quot;100&quot; height=&quot;50&quot; src=&quot;https://a.deviantart.net/avatars/p/o/porter-express.png?4&quot; alt=&quot;:iconporter-express:&quot; title=&quot;Porter-Express&quot; /&gt;&lt;/a&gt; featuring Griff from &lt;a target=&quot;_self&quot; href=&quot;https://gafagear.deviantart.com/&quot; &gt;&lt;img class=&quot;avatar&quot; width=&quot;50&quot; height=&quot;50&quot; src=&quot;https://a.deviantart.net/avatars/g/a/gafagear.gif?11&quot; alt=&quot;:icongafagear:&quot; title=&quot;Gafagear&quot; /&gt;&lt;/a&gt;&lt;br /&gt;Hope you like it! It was so much fun!&lt;br /&gt;&lt;div&gt;&lt;img src=&quot;https://t00.deviantart.net/K6gG-Uu_LzUk4HNBjeOolOnQv3g=/300x200/filters:fixed_height(100,100):origin()/pre00/b98b/th/pre/i/2018/099/9/6/barbarian_vs_berserk_by_laughterlover-dc8dmax.png&quot; alt=&quot;thumbnail&quot; /&gt;&lt;/div&gt;</description>            </item>
        <item>
            <title>8-Bit Ver. 2</title>
            <link>https://cloudcuckooman.deviantart.com/art/8-Bit-Ver-2-739645168</link>
            <guid isPermaLink="true">https://cloudcuckooman.deviantart.com/art/8-Bit-Ver-2-739645168</guid>
            <pubDate>Mon, 09 Apr 2018 13:13:09 PDT</pubDate>
            <media:title type="plain">8-Bit Ver. 2</media:title>
            <media:keywords></media:keywords>
            <media:rating>nonadult</media:rating>
            <media:category label="Fantasy">digitalart/paintings/people/fantasy</media:category>
            <media:credit role="author" scheme="urn:ebu">Cloudcuckooman</media:credit>
            <media:credit role="author" scheme="urn:ebu">https://a.deviantart.net/avatars/c/l/cloudcuckooman.jpg?3</media:credit>
            <media:copyright url="https://cloudcuckooman.deviantart.com">Copyright 2018-2019 Cloudcuckooman</media:copyright>            <media:description type="html">Well ladies and gentlemen, I can safely say out of all&lt;br /&gt;the changes I made to my OC&#039;s since the first profiles,&lt;br /&gt;8-Bit was the one that had the most changes given to&lt;br /&gt;her in terms of backstory and development.&lt;br /&gt;&lt;br /&gt;Here&#039;s a rough idea of her backstory:&lt;br /&gt;&lt;br /&gt;A new genetic engineering institute was erected in Richmond Virginia.&lt;br /&gt;The institute was called &quot;Project Darwin&quot;.&amp;nbsp; It was established and staffed &lt;br /&gt;by scientists who would represent&amp;nbsp;their ethnic backgrounds as anything but &lt;br /&gt;European (these stories will have an odd way of tackling race if I haven&#039;t &lt;br /&gt;said that before). Asian, African, Hispanic, even Native American, they all joined&amp;nbsp;&lt;br /&gt;collaborated in order to fend off a recurring threat. That same threat&lt;br /&gt;was a tribe of ogreish savages dubbed the Skull Face who would feast&lt;br /&gt;on the people that weren&#039;t like them and destroy any civilization that &lt;br /&gt;didn&#039;t conform to their beliefs. The frequent terrorizing made their attempts&lt;br /&gt;more desperate by the day, until the scientists agreed on one solution: splice&lt;br /&gt;the genes of their offspring with dangerous predators.&lt;br /&gt;&lt;br /&gt; Unfortunately, 8-Bit was one of their earlier experiments and as a baby,&lt;br /&gt; couldn&#039;t cope with the rapid changes her body was receiving after being&lt;br /&gt; fused with a baby Great White Shark. Not only did she experience new&lt;br /&gt;urges and an extreme boost in growth and strength, the memories of&lt;br /&gt;the shark pup of being taken away from her family ran through baby&lt;br /&gt;8-Bit&#039;s head like a frantic highway after smelling blood. These dangerous&lt;br /&gt;situations&amp;nbsp;caused her to&amp;nbsp;create more problems than the institution could&lt;br /&gt;afford. Causing the scientists, including one that was her own mother,&lt;br /&gt; to reject her.&lt;br /&gt;&lt;br /&gt;After being drugged into sedation, 8-Bit was dumped into a nearby&lt;br /&gt;landfill, where she was left for dead. She stayed there for three&lt;br /&gt;days before a previously poor man who just got out the gutter&lt;br /&gt;he once&amp;nbsp;lived in, sympathized with the baby he saw wallowing&lt;br /&gt;in garbage and decided to take her in. Eventually, the baby&lt;br /&gt;grew up with a pair of two loving fathers who do their best&lt;br /&gt;to keep her shark like instincts in check. So, far, playing video&lt;br /&gt;games seemed to be the best solution in calming her down.&lt;br /&gt;Wait, wouldn&#039;t video games encourage violence in kids?&lt;br /&gt;Apparently not if we&#039;re talking a young human/shark hybrid.&lt;br /&gt;Show&#039;s what people with zero gaming experience know.&lt;br /&gt;&lt;br /&gt;Thank you for reading and viewing my new 8-Bit profile.&lt;br /&gt;Have yourselves a good day and I hope Passover and&lt;br /&gt;Good Friday treated you all well (and whatever Islamic&lt;br /&gt;holiday can be compared to the two. We&#039;re all religious&lt;br /&gt;cousins after all.)&lt;br /&gt;&lt;br /&gt;Character and art by me.&lt;br /&gt;Drawn with Clip Studio Paint.</media:description>            <media:thumbnail url="https://t00.deviantart.net/pb7o_zLZZp6Ui6amP5KnwlhwpnQ=/fit-in/150x150/filters:no_upscale():origin()/pre00/0851/th/pre/i/2018/099/4/a/8_bit_ver__2_by_cloudcuckooman-dc8d5v4.jpg" height="150" width="117"/>            <media:thumbnail url="https://t00.deviantart.net/kD4ajYHeG67ZZvlIAN9FxfIEljU=/fit-in/300x900/filters:no_upscale():origin()/pre00/0851/th/pre/i/2018/099/4/a/8_bit_ver__2_by_cloudcuckooman-dc8d5v4.jpg" height="386" width="300"/>            <media:thumbnail url="https://t00.deviantart.net/c-YBhCF50TRHKkoUJwP6kaHqn1w=/300x200/filters:fixed_height(100,100):origin()/pre00/0851/th/pre/i/2018/099/4/a/8_bit_ver__2_by_cloudcuckooman-dc8d5v4.jpg" height="200" width="156"/>            <media:content url="https://pre00.deviantart.net/0851/th/pre/i/2018/099/4/a/8_bit_ver__2_by_cloudcuckooman-dc8d5v4.jpg" height="1014" width="788" medium="image"/>
            <description>Well ladies and gentlemen, I can safely say out of all&lt;br /&gt;the changes I made to my OC&#039;s since the first profiles,&lt;br /&gt;8-Bit was the one that had the most changes given to&lt;br /&gt;her in terms of backstory and development.&lt;br /&gt;&lt;br /&gt;Here&#039;s a rough idea of her backstory:&lt;br /&gt;&lt;br /&gt;A new genetic engineering institute was erected in Richmond Virginia.&lt;br /&gt;The institute was called &quot;Project Darwin&quot;.&amp;nbsp; It was established and staffed &lt;br /&gt;by scientists who would represent&amp;nbsp;their ethnic backgrounds as anything but &lt;br /&gt;European (these stories will have an odd way of tackling race if I haven&#039;t &lt;br /&gt;said that before). Asian, African, Hispanic, even Native American, they all joined&amp;nbsp;&lt;br /&gt;collaborated in order to fend off a recurring threat. That same threat&lt;br /&gt;was a tribe of ogreish savages dubbed the Skull Face who would feast&lt;br /&gt;on the people that weren&#039;t like them and destroy any civilization that &lt;br /&gt;didn&#039;t conform to their beliefs. The frequent terrorizing made their attempts&lt;br /&gt;more desperate by the day, until the scientists agreed on one solution: splice&lt;br /&gt;the genes of their offspring with dangerous predators.&lt;br /&gt;&lt;br /&gt; Unfortunately, 8-Bit was one of their earlier experiments and as a baby,&lt;br /&gt; couldn&#039;t cope with the rapid changes her body was receiving after being&lt;br /&gt; fused with a baby Great White Shark. Not only did she experience new&lt;br /&gt;urges and an extreme boost in growth and strength, the memories of&lt;br /&gt;the shark pup of being taken away from her family ran through baby&lt;br /&gt;8-Bit&#039;s head like a frantic highway after smelling blood. These dangerous&lt;br /&gt;situations&amp;nbsp;caused her to&amp;nbsp;create more problems than the institution could&lt;br /&gt;afford. Causing the scientists, including one that was her own mother,&lt;br /&gt; to reject her.&lt;br /&gt;&lt;br /&gt;After being drugged into sedation, 8-Bit was dumped into a nearby&lt;br /&gt;landfill, where she was left for dead. She stayed there for three&lt;br /&gt;days before a previously poor man who just got out the gutter&lt;br /&gt;he once&amp;nbsp;lived in, sympathized with the baby he saw wallowing&lt;br /&gt;in garbage and decided to take her in. Eventually, the baby&lt;br /&gt;grew up with a pair of two loving fathers who do their best&lt;br /&gt;to keep her shark like instincts in check. So, far, playing video&lt;br /&gt;games seemed to be the best solution in calming her down.&lt;br /&gt;Wait, wouldn&#039;t video games encourage violence in kids?&lt;br /&gt;Apparently not if we&#039;re talking a young human/shark hybrid.&lt;br /&gt;Show&#039;s what people with zero gaming experience know.&lt;br /&gt;&lt;br /&gt;Thank you for reading and viewing my new 8-Bit profile.&lt;br /&gt;Have yourselves a good day and I hope Passover and&lt;br /&gt;Good Friday treated you all well (and whatever Islamic&lt;br /&gt;holiday can be compared to the two. We&#039;re all religious&lt;br /&gt;cousins after all.)&lt;br /&gt;&lt;br /&gt;Character and art by me.&lt;br /&gt;Drawn with Clip Studio Paint.&lt;br /&gt;&lt;div&gt;&lt;img src=&quot;https://t00.deviantart.net/c-YBhCF50TRHKkoUJwP6kaHqn1w=/300x200/filters:fixed_height(100,100):origin()/pre00/0851/th/pre/i/2018/099/4/a/8_bit_ver__2_by_cloudcuckooman-dc8d5v4.jpg&quot; alt=&quot;thumbnail&quot; /&gt;&lt;/div&gt;</description>            </item>
        <item>
            <title>Berserk Bev - Fantasy Fighting</title>
            <link>https://laughterlover.deviantart.com/art/Berserk-Bev-Fantasy-Fighting-739389213</link>
            <guid isPermaLink="true">https://laughterlover.deviantart.com/art/Berserk-Bev-Fantasy-Fighting-739389213</guid>
            <pubDate>Sat, 07 Apr 2018 20:58:13 PDT</pubDate>
            <media:title type="plain">Berserk Bev - Fantasy Fighting</media:title>
            <media:keywords></media:keywords>
            <media:rating>nonadult</media:rating>
            <media:category label="Drawings">cartoons/digital/cartoons/drawings</media:category>
            <media:credit role="author" scheme="urn:ebu">LaughterLover</media:credit>
            <media:credit role="author" scheme="urn:ebu">https://a.deviantart.net/avatars/l/a/laughterlover.gif?6</media:credit>
            <media:copyright url="https://laughterlover.deviantart.com">Copyright 2018-2019 LaughterLover</media:copyright>            <media:description type="html">Yay! I haven&#039;t drawn anything of Beverly or PorterExpress in a long time and I&#039;m happy to do so again. So this is for the group &lt;a target=&quot;_self&quot; href=&quot;https://porter-express.deviantart.com/&quot; &gt;&lt;img class=&quot;avatar group&quot; width=&quot;100&quot; height=&quot;50&quot; src=&quot;https://a.deviantart.net/avatars/p/o/porter-express.png?4&quot; alt=&quot;:iconporter-express:&quot; title=&quot;Porter-Express&quot; /&gt;&lt;/a&gt; that I joined some time ago and right now, the theme they have going on is Fantasy and fighting where basically members pick what their characters would be like in a fantasy settings and then fight for sport.&lt;br /&gt;&lt;br /&gt;Ooh, I&#039;m so excited to fight people! Enjoy</media:description>            <media:thumbnail url="https://t00.deviantart.net/N_zN3O3BOUEoo19BpG449ZMZwN8=/fit-in/150x150/filters:no_upscale():origin()/pre00/00af/th/pre/i/2018/097/a/8/berserk_bev___fantasy_fighting_by_laughterlover-dc87od9.png" height="150" width="150"/>            <media:thumbnail url="https://t00.deviantart.net/vmEUXptXUA5hWDNLlg0KRwq3FWs=/fit-in/300x900/filters:no_upscale():origin()/pre00/00af/th/pre/i/2018/097/a/8/berserk_bev___fantasy_fighting_by_laughterlover-dc87od9.png" height="300" width="300"/>            <media:thumbnail url="https://t00.deviantart.net/9iwv8Km3fbG-mAPU9cfb_lD83sU=/300x200/filters:fixed_height(100,100):origin()/pre00/00af/th/pre/i/2018/097/a/8/berserk_bev___fantasy_fighting_by_laughterlover-dc87od9.png" height="200" width="200"/>            <media:content url="https://pre00.deviantart.net/00af/th/pre/i/2018/097/a/8/berserk_bev___fantasy_fighting_by_laughterlover-dc87od9.png" height="894" width="894" medium="image"/>
            <description>Yay! I haven&#039;t drawn anything of Beverly or PorterExpress in a long time and I&#039;m happy to do so again. So this is for the group &lt;a target=&quot;_self&quot; href=&quot;https://porter-express.deviantart.com/&quot; &gt;&lt;img class=&quot;avatar group&quot; width=&quot;100&quot; height=&quot;50&quot; src=&quot;https://a.deviantart.net/avatars/p/o/porter-express.png?4&quot; alt=&quot;:iconporter-express:&quot; title=&quot;Porter-Express&quot; /&gt;&lt;/a&gt; that I joined some time ago and right now, the theme they have going on is Fantasy and fighting where basically members pick what their characters would be like in a fantasy settings and then fight for sport.&lt;br /&gt;&lt;br /&gt;Ooh, I&#039;m so excited to fight people! Enjoy&lt;br /&gt;&lt;div&gt;&lt;img src=&quot;https://t00.deviantart.net/9iwv8Km3fbG-mAPU9cfb_lD83sU=/300x200/filters:fixed_height(100,100):origin()/pre00/00af/th/pre/i/2018/097/a/8/berserk_bev___fantasy_fighting_by_laughterlover-dc87od9.png&quot; alt=&quot;thumbnail&quot; /&gt;&lt;/div&gt;</description>            </item>
        <item>
            <title>2018 Summary of Art</title>
            <link>https://newbie102.deviantart.com/art/2018-Summary-of-Art-779072551</link>
            <guid isPermaLink="true">https://newbie102.deviantart.com/art/2018-Summary-of-Art-779072551</guid>
            <pubDate>Mon, 31 Dec 2018 11:18:45 PST</pubDate>
            <media:title type="plain">2018 Summary of Art</media:title>
            <media:keywords></media:keywords>
            <media:rating>adult</media:rating>
            <media:category label="Other">digitalart/paintings/other</media:category>
            <media:credit role="author" scheme="urn:ebu">newbie102</media:credit>
            <media:credit role="author" scheme="urn:ebu">https://a.deviantart.net/avatars/n/e/newbie102.jpg?3</media:credit>
            <media:copyright url="https://newbie102.deviantart.com">Copyright 2018-2019 newbie102</media:copyright>            <media:description type="html">Template is from&amp;nbsp;&lt;a href=&quot;https://www.deviantart.com/dustbunnythumper/art/2018-Summary-of-Art-BLANK-775001715&quot;&gt;www.deviantart.com/dustbunnyth&amp;hellip;&lt;/a&gt; Cechek them out if you want to use it as well &lt;img src=&quot;https://e.deviantart.net/emoticons/b/biggrin.gif&quot; width=&quot;15&quot; height=&quot;15&quot; alt=&quot;:D&quot; data-embed-type=&quot;emoticon&quot; data-embed-id=&quot;366&quot; title=&quot;:D (Big Grin)&quot;/&gt;&lt;br /&gt;&lt;br /&gt;Another year, another art summary. I particularly Like&amp;nbsp;&lt;span&gt;Feb, May, Jun and Oct pieces. That gem was the hardest I think, trying to get all those inner shapes to look like it has refraction lol.&lt;/span&gt;</media:description>            <media:thumbnail url="https://t00.deviantart.net/cP6MDLdJ-nCrXKsn8hZTbt2u96Q=/fit-in/150x150/filters:no_upscale():origin()/pre00/301b/th/pre/i/2018/365/e/6/2018_summary_of_art_by_newbie102-dcvu887.png" height="150" width="107"/>            <media:thumbnail url="https://t00.deviantart.net/OWPJV_upjQt10D6Vny2MHlMrihU=/fit-in/300x900/filters:no_upscale():origin()/pre00/301b/th/pre/i/2018/365/e/6/2018_summary_of_art_by_newbie102-dcvu887.png" height="421" width="300"/>            <media:thumbnail url="https://t00.deviantart.net/Z9pFuwYSDu4UzrLG-mUhQRvKVW0=/300x200/filters:fixed_height(100,100):origin()/pre00/301b/th/pre/i/2018/365/e/6/2018_summary_of_art_by_newbie102-dcvu887.png" height="200" width="143"/>            <media:content url="https://pre00.deviantart.net/301b/th/pre/i/2018/365/e/6/2018_summary_of_art_by_newbie102-dcvu887.png" height="1059" width="755" medium="image"/>
            <description>Template is from&amp;nbsp;&lt;a href=&quot;https://www.deviantart.com/dustbunnythumper/art/2018-Summary-of-Art-BLANK-775001715&quot;&gt;www.deviantart.com/dustbunnyth&amp;hellip;&lt;/a&gt; Cechek them out if you want to use it as well &lt;img src=&quot;https://e.deviantart.net/emoticons/b/biggrin.gif&quot; width=&quot;15&quot; height=&quot;15&quot; alt=&quot;:D&quot; data-embed-type=&quot;emoticon&quot; data-embed-id=&quot;366&quot; title=&quot;:D (Big Grin)&quot;/&gt;&lt;br /&gt;&lt;br /&gt;Another year, another art summary. I particularly Like&amp;nbsp;&lt;span&gt;Feb, May, Jun and Oct pieces. That gem was the hardest I think, trying to get all those inner shapes to look like it has refraction lol.&lt;/span&gt;&lt;br /&gt;&lt;div&gt;&lt;img src=&quot;https://t00.deviantart.net/Z9pFuwYSDu4UzrLG-mUhQRvKVW0=/300x200/filters:fixed_height(100,100):origin()/pre00/301b/th/pre/i/2018/365/e/6/2018_summary_of_art_by_newbie102-dcvu887.png&quot; alt=&quot;thumbnail&quot; /&gt;&lt;/div&gt;</description>            </item>
        <item>
            <title>Incredible Hulk-like Oni Girl Kushi</title>
            <link>https://jonwii.deviantart.com/art/Incredible-Hulk-like-Oni-Girl-Kushi-739663596</link>
            <guid isPermaLink="true">https://jonwii.deviantart.com/art/Incredible-Hulk-like-Oni-Girl-Kushi-739663596</guid>
            <pubDate>Mon, 09 Apr 2018 15:02:24 PDT</pubDate>
            <media:title type="plain">Incredible Hulk-like Oni Girl Kushi</media:title>
            <media:keywords></media:keywords>
            <media:rating>adult</media:rating>
            <media:category label="Drawings">manga/traditional/drawings</media:category>
            <media:credit role="author" scheme="urn:ebu">jonwii</media:credit>
            <media:credit role="author" scheme="urn:ebu">https://a.deviantart.net/avatars/j/o/jonwii.jpg?1</media:credit>
            <media:copyright url="https://jonwii.deviantart.com">Copyright 2018-2019 jonwii</media:copyright>            <media:description type="html">Here&amp;#8217;s a concept art of my Webcomic OC: Kushi the elastic Oni Girl in her new form: Incredible Hulk-like Oni Girl Form.&lt;br /&gt;&lt;br /&gt;And I did a tryout on &lt;span class=&quot;username-with-symbol u&quot;&gt;&lt;a class=&quot;u premium username&quot; href=&quot;https://gettar82.deviantart.com&quot;&gt;Gettar82&lt;/a&gt;&lt;span class=&quot;user-symbol premium&quot; data-quicktip-text=&quot;Core Member&quot; data-show-tooltip=&quot;1&quot; data-gruser-type=&quot;premium&quot;&gt;&lt;/span&gt;&lt;/span&gt; aka &lt;a target=&quot;_self&quot; href=&quot;https://gettar82.deviantart.com/&quot; &gt;&lt;img class=&quot;avatar&quot; width=&quot;50&quot; height=&quot;50&quot; src=&quot;https://a.deviantart.net/avatars/g/e/gettar82.jpg?1&quot; alt=&quot;:icongettar82:&quot; title=&quot;Gettar82&quot; /&gt;&lt;/a&gt; art style.&lt;br /&gt;&lt;br /&gt;Ciel Robin aka Stretching Saga is create, own, &amp;amp; belong to &lt;span class=&quot;username-with-symbol u&quot;&gt;&lt;a class=&quot;u regular username&quot; href=&quot;https://jonwii.deviantart.com&quot;&gt;jonwii&lt;/a&gt;&lt;span class=&quot;user-symbol regular&quot; data-quicktip-text=&quot;&quot; data-show-tooltip=&quot;&quot; data-gruser-type=&quot;regular&quot;&gt;&lt;/span&gt;&lt;/span&gt;, Partner, Deviantart, &amp;amp; Facebook</media:description>            <media:thumbnail url="https://t00.deviantart.net/ZUtdzTjBUhThQgkAnS0gbTU1xMo=/fit-in/150x150/filters:no_upscale():origin()/pre00/528d/th/pre/i/2018/099/a/4/incredible_hulk_like_oni_girl_kushi_by_jonwii-dc8dk30.jpg" height="150" width="113"/>            <media:thumbnail url="https://t00.deviantart.net/VAnnOVlwoAwBwXjuDuLiPEFDq5k=/fit-in/300x900/filters:no_upscale():origin()/pre00/528d/th/pre/i/2018/099/a/4/incredible_hulk_like_oni_girl_kushi_by_jonwii-dc8dk30.jpg" height="400" width="300"/>            <media:thumbnail url="https://t00.deviantart.net/OxnGuMjYOjXc-vUaaba0IjvCmVQ=/300x200/filters:fixed_height(100,100):origin()/pre00/528d/th/pre/i/2018/099/a/4/incredible_hulk_like_oni_girl_kushi_by_jonwii-dc8dk30.jpg" height="200" width="150"/>            <media:content url="https://pre00.deviantart.net/528d/th/pre/i/2018/099/a/4/incredible_hulk_like_oni_girl_kushi_by_jonwii-dc8dk30.jpg" height="1032" width="774" medium="image"/>
            <description>Here&amp;#8217;s a concept art of my Webcomic OC: Kushi the elastic Oni Girl in her new form: Incredible Hulk-like Oni Girl Form.&lt;br /&gt;&lt;br /&gt;And I did a tryout on &lt;span class=&quot;username-with-symbol u&quot;&gt;&lt;a class=&quot;u premium username&quot; href=&quot;https://gettar82.deviantart.com&quot;&gt;Gettar82&lt;/a&gt;&lt;span class=&quot;user-symbol premium&quot; data-quicktip-text=&quot;Core Member&quot; data-show-tooltip=&quot;1&quot; data-gruser-type=&quot;premium&quot;&gt;&lt;/span&gt;&lt;/span&gt; aka &lt;a target=&quot;_self&quot; href=&quot;https://gettar82.deviantart.com/&quot; &gt;&lt;img class=&quot;avatar&quot; width=&quot;50&quot; height=&quot;50&quot; src=&quot;https://a.deviantart.net/avatars/g/e/gettar82.jpg?1&quot; alt=&quot;:icongettar82:&quot; title=&quot;Gettar82&quot; /&gt;&lt;/a&gt; art style.&lt;br /&gt;&lt;br /&gt;Ciel Robin aka Stretching Saga is create, own, &amp;amp; belong to &lt;span class=&quot;username-with-symbol u&quot;&gt;&lt;a class=&quot;u regular username&quot; href=&quot;https://jonwii.deviantart.com&quot;&gt;jonwii&lt;/a&gt;&lt;span class=&quot;user-symbol regular&quot; data-quicktip-text=&quot;&quot; data-show-tooltip=&quot;&quot; data-gruser-type=&quot;regular&quot;&gt;&lt;/span&gt;&lt;/span&gt;, Partner, Deviantart, &amp;amp; Facebook&lt;br /&gt;&lt;div&gt;&lt;img src=&quot;https://t00.deviantart.net/OxnGuMjYOjXc-vUaaba0IjvCmVQ=/300x200/filters:fixed_height(100,100):origin()/pre00/528d/th/pre/i/2018/099/a/4/incredible_hulk_like_oni_girl_kushi_by_jonwii-dc8dk30.jpg&quot; alt=&quot;thumbnail&quot; /&gt;&lt;/div&gt;</description>            </item>
        <item>
            <title>Berserker-Guy the Minion-Hog (Edgy OC)</title>
            <link>https://edgyberserkoc.deviantart.com/art/Berserker-Guy-the-Minion-Hog-Edgy-OC-736861915</link>
            <guid isPermaLink="true">https://edgyberserkoc.deviantart.com/art/Berserker-Guy-the-Minion-Hog-Edgy-OC-736861915</guid>
            <pubDate>Fri, 23 Mar 2018 10:56:45 PDT</pubDate>
            <media:title type="plain">Berserker-Guy the Minion-Hog (Edgy OC)</media:title>
            <media:keywords></media:keywords>
            <media:rating>nonadult</media:rating>
            <media:category label="Games">fanart/digital/drawings/games</media:category>
            <media:credit role="author" scheme="urn:ebu">edgyberserkoc</media:credit>
            <media:credit role="author" scheme="urn:ebu">https://a.deviantart.net/avatars/e/d/edgyberserkoc.png?1</media:credit>
            <media:copyright url="https://edgyberserkoc.deviantart.com">Copyright 2018-2019 edgyberserkoc</media:copyright>            <media:description type="html"></media:description>            <media:thumbnail url="https://t00.deviantart.net/adQ_9Ir5rcQ7iH6vowiddCFNoLY=/fit-in/150x150/filters:no_upscale():origin()/pre00/804e/th/pre/f/2018/082/7/1/berserker_guy_the_minion_hog__edgy_oc__by_edgyberserkoc-dc6piaj.png" height="150" width="112"/>            <media:thumbnail url="https://t00.deviantart.net/PVu78_zKScNUvwlO_RsmewYs2JM=/fit-in/300x900/filters:no_upscale():origin()/pre00/804e/th/pre/f/2018/082/7/1/berserker_guy_the_minion_hog__edgy_oc__by_edgyberserkoc-dc6piaj.png" height="400" width="300"/>            <media:thumbnail url="https://t00.deviantart.net/NvwqvPHdv9JkMO1IAnD8BqYuV1s=/300x200/filters:fixed_height(100,100):origin()/pre00/804e/th/pre/f/2018/082/7/1/berserker_guy_the_minion_hog__edgy_oc__by_edgyberserkoc-dc6piaj.png" height="200" width="150"/>            <media:content url="https://pre00.deviantart.net/804e/th/pre/f/2018/082/7/1/berserker_guy_the_minion_hog__edgy_oc__by_edgyberserkoc-dc6piaj.png" height="1032" width="774" medium="image"/>
            <description>&lt;br /&gt;&lt;div&gt;&lt;img src=&quot;https://t00.deviantart.net/NvwqvPHdv9JkMO1IAnD8BqYuV1s=/300x200/filters:fixed_height(100,100):origin()/pre00/804e/th/pre/f/2018/082/7/1/berserker_guy_the_minion_hog__edgy_oc__by_edgyberserkoc-dc6piaj.png&quot; alt=&quot;thumbnail&quot; /&gt;&lt;/div&gt;</description>            </item>
        <item>
            <title>Auster Farman</title>
            <link>https://totalfantasy.deviantart.com/art/Auster-Farman-736083539</link>
            <guid isPermaLink="true">https://totalfantasy.deviantart.com/art/Auster-Farman-736083539</guid>
            <pubDate>Sun, 18 Mar 2018 08:41:25 PDT</pubDate>
            <media:title type="plain">Auster Farman</media:title>
            <media:keywords></media:keywords>
            <media:rating>nonadult</media:rating>
            <media:category label="Drawings">manga/traditional/drawings</media:category>
            <media:credit role="author" scheme="urn:ebu">TotalFantasy</media:credit>
            <media:credit role="author" scheme="urn:ebu">https://a.deviantart.net/avatars/t/o/totalfantasy.png?7</media:credit>
            <media:copyright url="https://totalfantasy.deviantart.com">Copyright 2018-2019 TotalFantasy</media:copyright>            <media:description type="html">&lt;span&gt;Formerly of the Holy Purple Rhino Knights, he fled with the others at the end of the failed Defense of Doldrey and gathered what friends he had and created his own band of Mercenaries known as the &quot;&lt;/span&gt;&lt;span&gt;Felfall&quot;.&lt;/span&gt;</media:description>            <media:thumbnail url="https://t00.deviantart.net/cKoDfawqI7P1XC2ns7laQ3i4ACg=/fit-in/150x150/filters:no_upscale():origin()/pre00/e8bd/th/pre/i/2018/077/e/0/auster_farman_by_totalfantasy-dc68toz.png" height="150" width="104"/>            <media:thumbnail url="https://t00.deviantart.net/JRhRdrnZ35o5fX_XoTrpdnU5wp4=/fit-in/300x900/filters:no_upscale():origin()/pre00/e8bd/th/pre/i/2018/077/e/0/auster_farman_by_totalfantasy-dc68toz.png" height="431" width="300"/>            <media:thumbnail url="https://t00.deviantart.net/_BIHyC1wJrnJSzAm3H5ADOSx4FQ=/300x200/filters:fixed_height(100,100):origin()/pre00/e8bd/th/pre/i/2018/077/e/0/auster_farman_by_totalfantasy-dc68toz.png" height="200" width="139"/>            <media:content url="https://pre00.deviantart.net/e8bd/th/pre/i/2018/077/e/0/auster_farman_by_totalfantasy-dc68toz.png" height="1072" width="746" medium="image"/>
            <description>&lt;span&gt;Formerly of the Holy Purple Rhino Knights, he fled with the others at the end of the failed Defense of Doldrey and gathered what friends he had and created his own band of Mercenaries known as the &quot;&lt;/span&gt;&lt;span&gt;Felfall&quot;.&lt;/span&gt;&lt;br /&gt;&lt;div&gt;&lt;img src=&quot;https://t00.deviantart.net/_BIHyC1wJrnJSzAm3H5ADOSx4FQ=/300x200/filters:fixed_height(100,100):origin()/pre00/e8bd/th/pre/i/2018/077/e/0/auster_farman_by_totalfantasy-dc68toz.png&quot; alt=&quot;thumbnail&quot; /&gt;&lt;/div&gt;</description>            </item>
        <item>
            <title>Sup&#039; Gnomie?</title>
            <link>https://alauniira.deviantart.com/art/Sup-Gnomie-734322185</link>
            <guid isPermaLink="true">https://alauniira.deviantart.com/art/Sup-Gnomie-734322185</guid>
            <pubDate>Wed, 07 Mar 2018 05:52:30 PST</pubDate>
            <media:title type="plain">Sup&#039; Gnomie?</media:title>
            <media:keywords></media:keywords>
            <media:rating>nonadult</media:rating>
            <media:category label="Strips">cartoons/digital/comics/strips</media:category>
            <media:credit role="author" scheme="urn:ebu">Alauniira</media:credit>
            <media:credit role="author" scheme="urn:ebu">https://a.deviantart.net/avatars/a/l/alauniira.png?8</media:credit>
            <media:copyright url="https://alauniira.deviantart.com">Copyright 2018-2019 Alauniira</media:copyright>            <media:description type="html">A gnome joins our D&amp;amp;dgroup.....oh boy...&lt;br /&gt;I just had to doodle SOMETHING</media:description>            <media:thumbnail url="https://t00.deviantart.net/ZLvfwxZPo-_9kyJFuuNLyvLfCfk=/fit-in/150x150/filters:no_upscale():origin()/pre00/b540/th/pre/f/2018/066/d/0/sup__gnomie__by_alauniira-dc572mh.png" height="28" width="150"/>            <media:thumbnail url="https://t00.deviantart.net/cIbTCqO9nvwt8g7NXL3xkgzJQ4A=/fit-in/300x900/filters:no_upscale():origin()/pre00/b540/th/pre/f/2018/066/d/0/sup__gnomie__by_alauniira-dc572mh.png" height="57" width="300"/>            <media:thumbnail url="https://t00.deviantart.net/qk_iMGUijso19LkzyybAMF4JBW0=/300x200/filters:fixed_height(100,100):origin()/pre00/b540/th/pre/f/2018/066/d/0/sup__gnomie__by_alauniira-dc572mh.png" height="100" width="302"/>            <media:content url="https://pre00.deviantart.net/b540/th/pre/f/2018/066/d/0/sup__gnomie__by_alauniira-dc572mh.png" height="389" width="2055" medium="image"/>
            <description>A gnome joins our D&amp;amp;dgroup.....oh boy...&lt;br /&gt;I just had to doodle SOMETHING&lt;br /&gt;&lt;div&gt;&lt;img src=&quot;https://t00.deviantart.net/qk_iMGUijso19LkzyybAMF4JBW0=/300x200/filters:fixed_height(100,100):origin()/pre00/b540/th/pre/f/2018/066/d/0/sup__gnomie__by_alauniira-dc572mh.png&quot; alt=&quot;thumbnail&quot; /&gt;&lt;/div&gt;</description>            </item>
        <item>
            <title>Frenzied Rage</title>
            <link>https://alauniira.deviantart.com/art/Frenzied-Rage-729592796</link>
            <guid isPermaLink="true">https://alauniira.deviantart.com/art/Frenzied-Rage-729592796</guid>
            <pubDate>Tue, 06 Feb 2018 14:52:04 PST</pubDate>
            <media:title type="plain">Frenzied Rage</media:title>
            <media:keywords></media:keywords>
            <media:rating>nonadult</media:rating>
            <media:category label="Fantasy">digitalart/paintings/fantasy</media:category>
            <media:credit role="author" scheme="urn:ebu">Alauniira</media:credit>
            <media:credit role="author" scheme="urn:ebu">https://a.deviantart.net/avatars/a/l/alauniira.png?8</media:credit>
            <media:copyright url="https://alauniira.deviantart.com">Copyright 2018-2019 Alauniira</media:copyright>            <media:description type="html">Aidan is a happy bug most of the times. Not during battle....&lt;br /&gt;Drow OC, from our DnD roleplay.</media:description>            <media:thumbnail url="https://t00.deviantart.net/RFmhiRI18s4ZBAV7IyQbGNq6PeU=/fit-in/150x150/filters:no_upscale():origin()/pre00/040a/th/pre/i/2018/037/2/a/frenzied_rage_by_alauniira-dc2dpek.png" height="118" width="150"/>            <media:thumbnail url="https://t00.deviantart.net/6jhCJwtzCnbG74U1eDnM7c13WMg=/fit-in/300x900/filters:no_upscale():origin()/pre00/040a/th/pre/i/2018/037/2/a/frenzied_rage_by_alauniira-dc2dpek.png" height="235" width="300"/>            <media:thumbnail url="https://t00.deviantart.net/DkmaQEvV0OQ09pKknDYdjL7dVJ4=/300x200/filters:fixed_height(100,100):origin()/pre00/040a/th/pre/i/2018/037/2/a/frenzied_rage_by_alauniira-dc2dpek.png" height="200" width="255"/>            <media:content url="https://pre00.deviantart.net/040a/th/pre/i/2018/037/2/a/frenzied_rage_by_alauniira-dc2dpek.png" height="791" width="1010" medium="image"/>
            <description>Aidan is a happy bug most of the times. Not during battle....&lt;br /&gt;Drow OC, from our DnD roleplay.&lt;br /&gt;&lt;div&gt;&lt;img src=&quot;https://t00.deviantart.net/DkmaQEvV0OQ09pKknDYdjL7dVJ4=/300x200/filters:fixed_height(100,100):origin()/pre00/040a/th/pre/i/2018/037/2/a/frenzied_rage_by_alauniira-dc2dpek.png&quot; alt=&quot;thumbnail&quot; /&gt;&lt;/div&gt;</description>            </item>
        <item>
            <title>Commission: OC Oso</title>
            <link>https://ozkh.deviantart.com/art/Commission-OC-Oso-726853283</link>
            <guid isPermaLink="true">https://ozkh.deviantart.com/art/Commission-OC-Oso-726853283</guid>
            <pubDate>Sun, 21 Jan 2018 14:03:51 PST</pubDate>
            <media:title type="plain">Commission: OC Oso</media:title>
            <media:keywords></media:keywords>
            <media:rating>nonadult</media:rating>
            <media:category label="Fantasy">digitalart/paintings/people/fantasy</media:category>
            <media:credit role="author" scheme="urn:ebu">ozkh</media:credit>
            <media:credit role="author" scheme="urn:ebu">https://a.deviantart.net/avatars/o/z/ozkh.jpg?1</media:credit>
            <media:copyright url="https://ozkh.deviantart.com">Copyright 2018-2019 ozkh</media:copyright>            <media:description type="html">Commission for a fan of Berserk. &lt;br /&gt;Tried to break Miura&#039;s art style but I couldn&#039;t figure out so I had to improvise a bit and this is the result. &lt;br /&gt;If you&#039;re interested in getting your OC or another character drawn by me, send me a note.</media:description>            <media:thumbnail url="https://t00.deviantart.net/GvMKZi8LcGCSmk0uthkH9zIibZU=/fit-in/150x150/filters:no_upscale():origin()/pre00/30bf/th/pre/i/2018/021/e/2/commission__oc_oso_by_ozkh-dc0qzkz.png" height="150" width="75"/>            <media:thumbnail url="https://t00.deviantart.net/G9BGY4ZaXEjnBFNyfFA55OcncyM=/fit-in/300x900/filters:no_upscale():origin()/pre00/30bf/th/pre/i/2018/021/e/2/commission__oc_oso_by_ozkh-dc0qzkz.png" height="600" width="300"/>            <media:thumbnail url="https://t00.deviantart.net/oCm7G18X3Xk2wYUsA8XPU2VEQsE=/300x200/filters:fixed_height(100,100):origin()/pre00/30bf/th/pre/i/2018/021/e/2/commission__oc_oso_by_ozkh-dc0qzkz.png" height="200" width="100"/>            <media:content url="https://pre00.deviantart.net/30bf/th/pre/i/2018/021/e/2/commission__oc_oso_by_ozkh-dc0qzkz.png" height="1264" width="632" medium="image"/>
            <description>Commission for a fan of Berserk. &lt;br /&gt;Tried to break Miura&#039;s art style but I couldn&#039;t figure out so I had to improvise a bit and this is the result. &lt;br /&gt;If you&#039;re interested in getting your OC or another character drawn by me, send me a note.&lt;br /&gt;&lt;div&gt;&lt;img src=&quot;https://t00.deviantart.net/oCm7G18X3Xk2wYUsA8XPU2VEQsE=/300x200/filters:fixed_height(100,100):origin()/pre00/30bf/th/pre/i/2018/021/e/2/commission__oc_oso_by_ozkh-dc0qzkz.png&quot; alt=&quot;thumbnail&quot; /&gt;&lt;/div&gt;</description>            </item>
        <item>
            <title>Practise</title>
            <link>https://zakurarain.deviantart.com/art/Practise-724770632</link>
            <guid isPermaLink="true">https://zakurarain.deviantart.com/art/Practise-724770632</guid>
            <pubDate>Tue, 09 Jan 2018 18:27:42 PST</pubDate>
            <media:title type="plain">Practise</media:title>
            <media:keywords></media:keywords>
            <media:rating>nonadult</media:rating>
            <media:category label="Conceptual">digitalart/paintings/illustrations/conceptual</media:category>
            <media:credit role="author" scheme="urn:ebu">ZakuraRain</media:credit>
            <media:credit role="author" scheme="urn:ebu">https://a.deviantart.net/avatars/z/a/zakurarain.png?2</media:credit>
            <media:copyright url="https://zakurarain.deviantart.com">Copyright 2018-2019 ZakuraRain</media:copyright>            <media:description type="html">&lt;span&gt;Follow me on&amp;nbsp;&lt;/span&gt;&lt;br /&gt;&lt;br /&gt;&lt;a class=&quot;external&quot; href=&quot;https://www.deviantart.com/users/outgoing?https://www.facebook.com/ZakuraRain-1013682475332619/&quot;&gt;Facebook&lt;/a&gt;&lt;span&gt;&amp;nbsp; &amp;nbsp;&amp;nbsp;&lt;/span&gt;&lt;a class=&quot;external&quot; href=&quot;https://www.deviantart.com/users/outgoing?http://zakurarain.tumblr.com/&quot;&gt;Tumblr&lt;/a&gt;&lt;span&gt;&amp;nbsp; &amp;nbsp;&lt;/span&gt;&lt;a class=&quot;external&quot; href=&quot;https://www.deviantart.com/users/outgoing?https://www.instagram.com/zakura_rain/&quot;&gt;Instagram&lt;/a&gt;&lt;span&gt;&amp;nbsp; &amp;nbsp;&amp;nbsp;&lt;/span&gt;&lt;a class=&quot;external&quot; href=&quot;https://www.deviantart.com/users/outgoing?https://www.paigeeworld.com/u/Zakurarain&quot;&gt;Paigeeworld&lt;/a&gt;&lt;span&gt;&amp;nbsp;&amp;nbsp;&lt;/span&gt;&lt;a class=&quot;external&quot; href=&quot;https://www.deviantart.com/users/outgoing?https://www.artstation.com/artist/wongyinyi&quot;&gt;Artstation&lt;/a&gt;&lt;span&gt;&amp;nbsp;&amp;nbsp;&lt;/span&gt;&lt;a class=&quot;external&quot; href=&quot;https://www.deviantart.com/users/outgoing?https://drawcrowd.com/zakurarain&quot;&gt;Drawcrowd&lt;/a&gt;&lt;span&gt;&amp;nbsp;&amp;nbsp;&lt;/span&gt;&lt;a class=&quot;external&quot; href=&quot;https://www.deviantart.com/users/outgoing?http://www.pixiv.net/whitecube/user/16315032&quot;&gt;Pixiv&lt;/a&gt;&lt;span&gt;&amp;nbsp;&amp;nbsp;&lt;/span&gt;&lt;br /&gt;&lt;br /&gt;&lt;a class=&quot;external&quot; href=&quot;https://www.deviantart.com/users/outgoing?https://www.youtube.com/channel/UCFI6cp9FPw6T7QmeFIea-NQ&quot;&gt;Youtube&lt;/a&gt;&lt;br /&gt;&lt;br /&gt;&lt;span&gt;&lt;a target=&quot;_self&quot; href=&quot;https://donotuseplz.deviantart.com/&quot; &gt;&lt;img class=&quot;avatar&quot; width=&quot;50&quot; height=&quot;50&quot; src=&quot;https://a.deviantart.net/avatars/d/o/donotuseplz.gif?2&quot; alt=&quot;:icondonotuseplz:&quot; title=&quot;DoNotUsePlz&quot; /&gt;&lt;/a&gt;&lt;a target=&quot;_self&quot; href=&quot;https://myartplz.deviantart.com/&quot; &gt;&lt;img class=&quot;avatar&quot; width=&quot;50&quot; height=&quot;50&quot; src=&quot;https://a.deviantart.net/avatars/m/y/myartplz.gif?2&quot; alt=&quot;:iconmyartplz:&quot; title=&quot;MyArtPlz&quot; /&gt;&lt;/a&gt;&lt;/span&gt;&lt;br /&gt;&lt;p&gt;&lt;span&gt;OC Hell Angel outfit based on Guts from manga/anime Berserk.&lt;br /&gt;&lt;/span&gt;&lt;br /&gt;Currently having 30% off for all commission!&lt;br /&gt;Here are the links to the info you need if you&#039;re interested! ^^&lt;br /&gt;&lt;/p&gt;&lt;div&gt;&lt;div&gt;&lt;p&gt;&lt;a href=&quot;https://zakurarain.deviantart.com/journal/Semi-Realistic-Painting-Commission-OPEN-639873785&quot;&gt;Semi realistic Commission (OPEN)&lt;/a&gt;&lt;br /&gt;&lt;a href=&quot;https://zakurarain.deviantart.com/journal/Anime-style-Commission-OPEN-631659049&quot;&gt;Anime style Commission (OPEN)&lt;/a&gt;&lt;/p&gt;&lt;/div&gt;&lt;/div&gt;</media:description>            <media:thumbnail url="https://t00.deviantart.net/ROv-oNWigKAekY3M7dVUq3ks4I0=/fit-in/150x150/filters:no_upscale():origin()/pre00/cffc/th/pre/i/2018/009/6/f/practise_by_zakurarain-dbziclk.jpg" height="150" width="106"/>            <media:thumbnail url="https://t00.deviantart.net/9rLlCFHA_iC0Am1xZlZyQ1CSM2o=/fit-in/300x900/filters:no_upscale():origin()/pre00/cffc/th/pre/i/2018/009/6/f/practise_by_zakurarain-dbziclk.jpg" height="424" width="300"/>            <media:thumbnail url="https://t00.deviantart.net/ppopiVW9U-8bz4o0PJM1DJs2Has=/300x200/filters:fixed_height(100,100):origin()/pre00/cffc/th/pre/i/2018/009/6/f/practise_by_zakurarain-dbziclk.jpg" height="200" width="141"/>            <media:content url="https://pre00.deviantart.net/cffc/th/pre/i/2018/009/6/f/practise_by_zakurarain-dbziclk.jpg" height="1063" width="751" medium="image"/>
            <description>&lt;span&gt;Follow me on&amp;nbsp;&lt;/span&gt;&lt;br /&gt;&lt;br /&gt;&lt;a class=&quot;external&quot; href=&quot;https://www.deviantart.com/users/outgoing?https://www.facebook.com/ZakuraRain-1013682475332619/&quot;&gt;Facebook&lt;/a&gt;&lt;span&gt;&amp;nbsp; &amp;nbsp;&amp;nbsp;&lt;/span&gt;&lt;a class=&quot;external&quot; href=&quot;https://www.deviantart.com/users/outgoing?http://zakurarain.tumblr.com/&quot;&gt;Tumblr&lt;/a&gt;&lt;span&gt;&amp;nbsp; &amp;nbsp;&lt;/span&gt;&lt;a class=&quot;external&quot; href=&quot;https://www.deviantart.com/users/outgoing?https://www.instagram.com/zakura_rain/&quot;&gt;Instagram&lt;/a&gt;&lt;span&gt;&amp;nbsp; &amp;nbsp;&amp;nbsp;&lt;/span&gt;&lt;a class=&quot;external&quot; href=&quot;https://www.deviantart.com/users/outgoing?https://www.paigeeworld.com/u/Zakurarain&quot;&gt;Paigeeworld&lt;/a&gt;&lt;span&gt;&amp;nbsp;&amp;nbsp;&lt;/span&gt;&lt;a class=&quot;external&quot; href=&quot;https://www.deviantart.com/users/outgoing?https://www.artstation.com/artist/wongyinyi&quot;&gt;Artstation&lt;/a&gt;&lt;span&gt;&amp;nbsp;&amp;nbsp;&lt;/span&gt;&lt;a class=&quot;external&quot; href=&quot;https://www.deviantart.com/users/outgoing?https://drawcrowd.com/zakurarain&quot;&gt;Drawcrowd&lt;/a&gt;&lt;span&gt;&amp;nbsp;&amp;nbsp;&lt;/span&gt;&lt;a class=&quot;external&quot; href=&quot;https://www.deviantart.com/users/outgoing?http://www.pixiv.net/whitecube/user/16315032&quot;&gt;Pixiv&lt;/a&gt;&lt;span&gt;&amp;nbsp;&amp;nbsp;&lt;/span&gt;&lt;br /&gt;&lt;br /&gt;&lt;a class=&quot;external&quot; href=&quot;https://www.deviantart.com/users/outgoing?https://www.youtube.com/channel/UCFI6cp9FPw6T7QmeFIea-NQ&quot;&gt;Youtube&lt;/a&gt;&lt;br /&gt;&lt;br /&gt;&lt;span&gt;&lt;a target=&quot;_self&quot; href=&quot;https://donotuseplz.deviantart.com/&quot; &gt;&lt;img class=&quot;avatar&quot; width=&quot;50&quot; height=&quot;50&quot; src=&quot;https://a.deviantart.net/avatars/d/o/donotuseplz.gif?2&quot; alt=&quot;:icondonotuseplz:&quot; title=&quot;DoNotUsePlz&quot; /&gt;&lt;/a&gt;&lt;a target=&quot;_self&quot; href=&quot;https://myartplz.deviantart.com/&quot; &gt;&lt;img class=&quot;avatar&quot; width=&quot;50&quot; height=&quot;50&quot; src=&quot;https://a.deviantart.net/avatars/m/y/myartplz.gif?2&quot; alt=&quot;:iconmyartplz:&quot; title=&quot;MyArtPlz&quot; /&gt;&lt;/a&gt;&lt;/span&gt;&lt;br /&gt;&lt;p&gt;&lt;span&gt;OC Hell Angel outfit based on Guts from manga/anime Berserk.&lt;br /&gt;&lt;/span&gt;&lt;br /&gt;Currently having 30% off for all commission!&lt;br /&gt;Here are the links to the info you need if you&#039;re interested! ^^&lt;br /&gt;&lt;/p&gt;&lt;div&gt;&lt;div&gt;&lt;p&gt;&lt;a href=&quot;https://zakurarain.deviantart.com/journal/Semi-Realistic-Painting-Commission-OPEN-639873785&quot;&gt;Semi realistic Commission (OPEN)&lt;/a&gt;&lt;br /&gt;&lt;a href=&quot;https://zakurarain.deviantart.com/journal/Anime-style-Commission-OPEN-631659049&quot;&gt;Anime style Commission (OPEN)&lt;/a&gt;&lt;/p&gt;&lt;/div&gt;&lt;/div&gt;&lt;br /&gt;&lt;div&gt;&lt;img src=&quot;https://t00.deviantart.net/ppopiVW9U-8bz4o0PJM1DJs2Has=/300x200/filters:fixed_height(100,100):origin()/pre00/cffc/th/pre/i/2018/009/6/f/practise_by_zakurarain-dbziclk.jpg&quot; alt=&quot;thumbnail&quot; /&gt;&lt;/div&gt;</description>            </item>
        <item>
            <title>Fat Tessis - Berserk Costume Obese Edition</title>
            <link>https://plumpchu.deviantart.com/art/Fat-Tessis-Berserk-Costume-Obese-Edition-714524344</link>
            <guid isPermaLink="true">https://plumpchu.deviantart.com/art/Fat-Tessis-Berserk-Costume-Obese-Edition-714524344</guid>
            <pubDate>Sat, 11 Nov 2017 06:16:40 PST</pubDate>
            <media:title type="plain">Fat Tessis - Berserk Costume Obese Edition</media:title>
            <media:keywords></media:keywords>
            <media:rating>nonadult</media:rating>
            <media:category label="Drawings">manga/digital/drawings</media:category>
            <media:credit role="author" scheme="urn:ebu">Plumpchu</media:credit>
            <media:credit role="author" scheme="urn:ebu">https://a.deviantart.net/avatars/p/l/plumpchu.jpg?13</media:credit>
            <media:copyright url="https://plumpchu.deviantart.com">Copyright 2017-2019 Plumpchu</media:copyright>            <media:description type="html">Commission for &lt;a target=&quot;_self&quot; href=&quot;https://blastshieldbuddy.deviantart.com/&quot; &gt;&lt;img class=&quot;avatar&quot; width=&quot;50&quot; height=&quot;50&quot; src=&quot;https://a.deviantart.net/avatars/b/l/blastshieldbuddy.jpg?1&quot; alt=&quot;:iconblastshieldbuddy:&quot; title=&quot;BlastShieldBuddy&quot; /&gt;&lt;/a&gt;&lt;br /&gt;of the ever-so-thicc Tessis, which belongs to BlastshieldBuddy (His OC)!&amp;nbsp; :&amp;gt;&amp;nbsp;&lt;br /&gt;&lt;br /&gt;&lt;br /&gt;Load of fun to come back to Tessis again, she&#039;s always a lot of wobbly joy to revisit!&lt;br /&gt;And what better way to revisit her, than to see her dressed in a Halloween costume! :3&lt;br /&gt;&lt;br /&gt;But, the spooks are not done yet, more to come very very soon!&amp;nbsp;&lt;br /&gt;&lt;br /&gt;More Tessis here:&lt;br /&gt;&lt;span class=&quot;shadow-holder&quot; data-embed-type=&quot;deviation&quot; data-embed-id=&quot;664527469&quot; data-embed-format=&quot;thumb&quot;&gt;&lt;span class=&quot;shadow mild&quot; &gt;&lt;a class=&quot;thumb&quot; href=&quot;https://plumpchu.deviantart.com/art/Fat-Tessis-Returns-664527469&quot; title=&quot;Fat Tessis Returns! by Plumpchu, Feb 19, 2017 in Manga &amp;amp; Anime &amp;gt; Digital Media &amp;gt; Drawings&quot;data-super-img=&quot;https://pre00.deviantart.net/9cd4/th/pre/i/2017/050/b/e/fat_tessis_returns__by_plumpchu-dazn4od.jpg&quot; data-super-width=&quot;805&quot; data-super-height=&quot;993&quot; data-super-transparent=&quot;false&quot; data-super-alt=&quot;Fat Tessis Returns! by Plumpchu&quot; data-super-full-img=&quot;https://img00.deviantart.net/a0ae/i/2017/050/b/e/fat_tessis_returns__by_plumpchu-dazn4od.jpg&quot; data-super-full-width=&quot;1024&quot; data-super-full-height=&quot;1263&quot;        data-sigil=&quot;thumb&quot;&gt;
            &lt;i&gt;&lt;/i&gt;&lt;img   width=&quot;122&quot; height=&quot;150&quot; alt=&quot;Fat Tessis Returns! by Plumpchu&quot; src=&quot;https://t00.deviantart.net/1fEM2PQzh5yYjJAQW4iZv11QVrQ=/fit-in/150x150/filters:no_upscale():origin()/pre00/9cd4/th/pre/i/2017/050/b/e/fat_tessis_returns__by_plumpchu-dazn4od.jpg&quot; data-src=&quot;https://t00.deviantart.net/1fEM2PQzh5yYjJAQW4iZv11QVrQ=/fit-in/150x150/filters:no_upscale():origin()/pre00/9cd4/th/pre/i/2017/050/b/e/fat_tessis_returns__by_plumpchu-dazn4od.jpg&quot; srcset=&quot;https://t00.deviantart.net/1fEM2PQzh5yYjJAQW4iZv11QVrQ=/fit-in/150x150/filters:no_upscale():origin()/pre00/9cd4/th/pre/i/2017/050/b/e/fat_tessis_returns__by_plumpchu-dazn4od.jpg 122w,https://t00.deviantart.net/xQ6rgmwQZhrKYJcu00XvBmXQwjw=/fit-in/700x350/filters:fixed_height(100,100):origin()/pre00/9cd4/th/pre/i/2017/050/b/e/fat_tessis_returns__by_plumpchu-dazn4od.jpg 284w,https://t00.deviantart.net/o4yS2xIr6eRn_1kkBAHQ79CoibM=/fit-in/800x400/filters:fixed_height(100,100):origin()/pre00/9cd4/th/pre/i/2017/050/b/e/fat_tessis_returns__by_plumpchu-dazn4od.jpg 324w,https://pre00.deviantart.net/9cd4/th/pre/i/2017/050/b/e/fat_tessis_returns__by_plumpchu-dazn4od.jpg 805w&quot; sizes=&quot;122px&quot;&gt;&lt;/a&gt;&lt;/span&gt;&lt;!-- ^TTT --&gt;&lt;!-- TTT$ --&gt;&lt;/span&gt;&lt;br /&gt;&lt;span class=&quot;shadow-holder&quot; data-embed-type=&quot;deviation&quot; data-embed-id=&quot;615283115&quot; data-embed-format=&quot;thumb&quot;&gt;&lt;span class=&quot;shadow mild&quot; &gt;&lt;a class=&quot;thumb&quot; href=&quot;https://plumpchu.deviantart.com/art/Plump-Tessis-615283115&quot; title=&quot;Plump Tessis by Plumpchu, Jun 14, 2016 in Manga &amp;amp; Anime &amp;gt; Digital Media &amp;gt; Drawings&quot;data-super-img=&quot;https://pre00.deviantart.net/d49f/th/pre/i/2016/166/c/1/plump_tessis_by_plumpchu-da6bnhn.png&quot; data-super-width=&quot;753&quot; data-super-height=&quot;1061&quot; data-super-transparent=&quot;true&quot; data-super-alt=&quot;Plump Tessis by Plumpchu&quot; data-super-full-img=&quot;https://img00.deviantart.net/5860/i/2016/166/c/1/plump_tessis_by_plumpchu-da6bnhn.png&quot; data-super-full-width=&quot;1024&quot; data-super-full-height=&quot;1443&quot;        data-sigil=&quot;thumb&quot;&gt;
            &lt;i&gt;&lt;/i&gt;&lt;img   width=&quot;106&quot; height=&quot;150&quot; alt=&quot;Plump Tessis by Plumpchu&quot; src=&quot;https://t00.deviantart.net/5fLqfDvPGenSsMf6KetoARcBQik=/fit-in/150x150/filters:no_upscale():origin()/pre00/d49f/th/pre/i/2016/166/c/1/plump_tessis_by_plumpchu-da6bnhn.png&quot; data-src=&quot;https://t00.deviantart.net/5fLqfDvPGenSsMf6KetoARcBQik=/fit-in/150x150/filters:no_upscale():origin()/pre00/d49f/th/pre/i/2016/166/c/1/plump_tessis_by_plumpchu-da6bnhn.png&quot; srcset=&quot;https://t00.deviantart.net/5fLqfDvPGenSsMf6KetoARcBQik=/fit-in/150x150/filters:no_upscale():origin()/pre00/d49f/th/pre/i/2016/166/c/1/plump_tessis_by_plumpchu-da6bnhn.png 106w,https://t00.deviantart.net/RUlX-dbz72N3eDDSVfPtBFE9m_g=/fit-in/700x350/filters:fixed_height(100,100):origin()/pre00/d49f/th/pre/i/2016/166/c/1/plump_tessis_by_plumpchu-da6bnhn.png 248w,https://t00.deviantart.net/6wti6eGbiwnAYpo0j6jPPMu-EfU=/fit-in/800x400/filters:fixed_height(100,100):origin()/pre00/d49f/th/pre/i/2016/166/c/1/plump_tessis_by_plumpchu-da6bnhn.png 284w,https://pre00.deviantart.net/d49f/th/pre/i/2016/166/c/1/plump_tessis_by_plumpchu-da6bnhn.png 753w&quot; sizes=&quot;106px&quot;&gt;&lt;/a&gt;&lt;/span&gt;&lt;!-- ^TTT --&gt;&lt;!-- TTT$ --&gt;&lt;/span&gt;&lt;br /&gt;&lt;span class=&quot;shadow-holder&quot; data-embed-type=&quot;deviation&quot; data-embed-id=&quot;689224374&quot; data-embed-format=&quot;thumb&quot;&gt;&lt;span class=&quot;shadow mild&quot; &gt;&lt;a class=&quot;thumb&quot; href=&quot;https://plumpchu.deviantart.com/art/Fat-Tessis-Butt-Struggles-of-a-Lifeguard-689224374&quot; title=&quot;Fat Tessis - Butt Struggles of a Lifeguard by Plumpchu, Jun 28, 2017 in Manga &amp;amp; Anime &amp;gt; Digital Media &amp;gt; Drawings&quot;data-super-img=&quot;https://img00.deviantart.net/be91/i/2017/179/d/7/fat_tessis___butt_struggles_of_a_lifeguard_by_plumpchu-dbecgxi.jpg&quot; data-super-width=&quot;800&quot; data-super-height=&quot;793&quot; data-super-transparent=&quot;false&quot; data-super-alt=&quot;Fat Tessis - Butt Struggles of a Lifeguard by Plumpchu&quot; data-super-full-img=&quot;https://img00.deviantart.net/be91/i/2017/179/d/7/fat_tessis___butt_struggles_of_a_lifeguard_by_plumpchu-dbecgxi.jpg&quot; data-super-full-width=&quot;800&quot; data-super-full-height=&quot;793&quot;        data-sigil=&quot;thumb&quot;&gt;
            &lt;i&gt;&lt;/i&gt;&lt;img   width=&quot;150&quot; height=&quot;149&quot; alt=&quot;Fat Tessis - Butt Struggles of a Lifeguard by Plumpchu&quot; src=&quot;https://t00.deviantart.net/5rjrLmBtTySHzVBykLYp2nvkao4=/fit-in/150x150/filters:no_upscale():origin()/pre00/41db/th/pre/i/2017/179/d/7/fat_tessis___butt_struggles_of_a_lifeguard_by_plumpchu-dbecgxi.jpg&quot; data-src=&quot;https://t00.deviantart.net/5rjrLmBtTySHzVBykLYp2nvkao4=/fit-in/150x150/filters:no_upscale():origin()/pre00/41db/th/pre/i/2017/179/d/7/fat_tessis___butt_struggles_of_a_lifeguard_by_plumpchu-dbecgxi.jpg&quot; srcset=&quot;https://t00.deviantart.net/5rjrLmBtTySHzVBykLYp2nvkao4=/fit-in/150x150/filters:no_upscale():origin()/pre00/41db/th/pre/i/2017/179/d/7/fat_tessis___butt_struggles_of_a_lifeguard_by_plumpchu-dbecgxi.jpg 150w,https://t00.deviantart.net/8ujk9dmJstbge0zGrNyi6i1HE-o=/fit-in/700x350/filters:fixed_height(100,100):origin()/pre00/41db/th/pre/i/2017/179/d/7/fat_tessis___butt_struggles_of_a_lifeguard_by_plumpchu-dbecgxi.jpg 353w,https://t00.deviantart.net/ttOMVM91Kqh64l7kSUpxmRu1Z0w=/fit-in/800x400/filters:fixed_height(100,100):origin()/pre00/41db/th/pre/i/2017/179/d/7/fat_tessis___butt_struggles_of_a_lifeguard_by_plumpchu-dbecgxi.jpg 404w,https://img00.deviantart.net/be91/i/2017/179/d/7/fat_tessis___butt_struggles_of_a_lifeguard_by_plumpchu-dbecgxi.jpg 800w&quot; sizes=&quot;150px&quot;&gt;&lt;/a&gt;&lt;/span&gt;&lt;!-- ^TTT --&gt;&lt;!-- TTT$ --&gt;&lt;/span&gt;&lt;br /&gt;&lt;span class=&quot;shadow-holder&quot; data-embed-type=&quot;deviation&quot; data-embed-id=&quot;640913756&quot; data-embed-format=&quot;thumb&quot;&gt;&lt;span class=&quot;shadow mild&quot; &gt;&lt;a class=&quot;thumb&quot; href=&quot;https://plumpchu.deviantart.com/art/Too-Fat-for-Pants-640913756&quot; title=&quot;Too Fat for Pants! by Plumpchu, Oct 18, 2016 in Manga &amp;amp; Anime &amp;gt; Digital Media &amp;gt; Drawings&quot;data-super-img=&quot;https://img00.deviantart.net/c960/i/2016/292/b/7/too_fat_for_pants__by_plumpchu-dall07w.png&quot; data-super-width=&quot;900&quot; data-super-height=&quot;887&quot; data-super-transparent=&quot;false&quot; data-super-alt=&quot;Too Fat for Pants! by Plumpchu&quot; data-super-full-img=&quot;https://img00.deviantart.net/c960/i/2016/292/b/7/too_fat_for_pants__by_plumpchu-dall07w.png&quot; data-super-full-width=&quot;900&quot; data-super-full-height=&quot;887&quot;        data-sigil=&quot;thumb&quot;&gt;
            &lt;i&gt;&lt;/i&gt;&lt;img   width=&quot;150&quot; height=&quot;148&quot; alt=&quot;Too Fat for Pants! by Plumpchu&quot; src=&quot;https://t00.deviantart.net/QNamx1LJH4QPoQXi1dLufAYlZVQ=/fit-in/150x150/filters:no_upscale():origin()/pre00/d67d/th/pre/i/2016/292/b/7/too_fat_for_pants__by_plumpchu-dall07w.png&quot; data-src=&quot;https://t00.deviantart.net/QNamx1LJH4QPoQXi1dLufAYlZVQ=/fit-in/150x150/filters:no_upscale():origin()/pre00/d67d/th/pre/i/2016/292/b/7/too_fat_for_pants__by_plumpchu-dall07w.png&quot; srcset=&quot;https://t00.deviantart.net/QNamx1LJH4QPoQXi1dLufAYlZVQ=/fit-in/150x150/filters:no_upscale():origin()/pre00/d67d/th/pre/i/2016/292/b/7/too_fat_for_pants__by_plumpchu-dall07w.png 150w,https://t00.deviantart.net/ZGVaHkMhpSuJhNIbPPqESDSP3HE=/fit-in/700x350/filters:fixed_height(100,100):origin()/pre00/d67d/th/pre/i/2016/292/b/7/too_fat_for_pants__by_plumpchu-dall07w.png 355w,https://t00.deviantart.net/CUMjDGsJJOdR-kRWtcp7XCTxYFc=/fit-in/800x400/filters:fixed_height(100,100):origin()/pre00/d67d/th/pre/i/2016/292/b/7/too_fat_for_pants__by_plumpchu-dall07w.png 406w,https://img00.deviantart.net/c960/i/2016/292/b/7/too_fat_for_pants__by_plumpchu-dall07w.png 900w&quot; sizes=&quot;150px&quot;&gt;&lt;/a&gt;&lt;/span&gt;&lt;!-- ^TTT --&gt;&lt;!-- TTT$ --&gt;&lt;/span&gt;&lt;br /&gt;&lt;span class=&quot;shadow-holder&quot; data-embed-type=&quot;deviation&quot; data-embed-id=&quot;668669215&quot; data-embed-format=&quot;thumb&quot;&gt;&lt;span class=&quot;shadow mild&quot; &gt;&lt;a class=&quot;thumb&quot; href=&quot;https://plumpchu.deviantart.com/art/Plump-Butt-Tessis-668669215&quot; title=&quot;Plump Butt Tessis by Plumpchu, Mar 12, 2017 in Manga &amp;amp; Anime &amp;gt; Digital Media &amp;gt; Drawings&quot;data-super-img=&quot;https://pre00.deviantart.net/206c/th/pre/i/2017/071/7/e/plump_butt_tessis_by_plumpchu-db23wgv.jpg&quot; data-super-width=&quot;1017&quot; data-super-height=&quot;786&quot; data-super-transparent=&quot;false&quot; data-super-alt=&quot;Plump Butt Tessis by Plumpchu&quot; data-super-full-img=&quot;https://img00.deviantart.net/a78c/i/2017/071/7/e/plump_butt_tessis_by_plumpchu-db23wgv.jpg&quot; data-super-full-width=&quot;1024&quot; data-super-full-height=&quot;791&quot;        data-sigil=&quot;thumb&quot;&gt;
            &lt;i&gt;&lt;/i&gt;&lt;img   width=&quot;150&quot; height=&quot;116&quot; alt=&quot;Plump Butt Tessis by Plumpchu&quot; src=&quot;https://t00.deviantart.net/9VID6rEbxWunETjjuuSYb92ADb0=/fit-in/150x150/filters:no_upscale():origin()/pre00/206c/th/pre/i/2017/071/7/e/plump_butt_tessis_by_plumpchu-db23wgv.jpg&quot; data-src=&quot;https://t00.deviantart.net/9VID6rEbxWunETjjuuSYb92ADb0=/fit-in/150x150/filters:no_upscale():origin()/pre00/206c/th/pre/i/2017/071/7/e/plump_butt_tessis_by_plumpchu-db23wgv.jpg&quot; srcset=&quot;https://t00.deviantart.net/9VID6rEbxWunETjjuuSYb92ADb0=/fit-in/150x150/filters:no_upscale():origin()/pre00/206c/th/pre/i/2017/071/7/e/plump_butt_tessis_by_plumpchu-db23wgv.jpg 150w,https://t00.deviantart.net/0QHM-Rr9cApWIYrVtSD1_Oc9P48=/fit-in/700x350/filters:fixed_height(100,100):origin()/pre00/206c/th/pre/i/2017/071/7/e/plump_butt_tessis_by_plumpchu-db23wgv.jpg 453w,https://t00.deviantart.net/fT8NMOlUMzCkQDKCv2HRslvi7BM=/fit-in/800x400/filters:fixed_height(100,100):origin()/pre00/206c/th/pre/i/2017/071/7/e/plump_butt_tessis_by_plumpchu-db23wgv.jpg 518w,https://pre00.deviantart.net/206c/th/pre/i/2017/071/7/e/plump_butt_tessis_by_plumpchu-db23wgv.jpg 1017w&quot; sizes=&quot;150px&quot;&gt;&lt;/a&gt;&lt;/span&gt;&lt;!-- ^TTT --&gt;&lt;!-- TTT$ --&gt;&lt;/span&gt;&lt;br /&gt;&lt;br /&gt;Also, I am open for commissions.&lt;br /&gt;If you wish to know more, check out my commission journal!&lt;br /&gt;&lt;span class=&quot;shadow-holder&quot; data-embed-type=&quot;deviation&quot; data-embed-id=&quot;712262952&quot; data-embed-format=&quot;thumb&quot;&gt;&lt;span class=&quot;shadow mild&quot; &gt;&lt;a href=&quot;https://plumpchu.deviantart.com/journal/Plumpchu-is-OPEN-for-Commissions-712262952&quot; data-sigil=&quot;thumb&quot; class=&quot;thumb lit&quot; onmouseover=&quot;if (window.LitBox) LitBox.hover(this, true)&quot; onmouseout=&quot;if (window.LitBox) LitBox.out(this)&quot;&gt;&lt;i&gt;&lt;/i&gt;&lt;img class=&quot;lit journal&quot; src=&quot;https://st.deviantart.net/minish/gruzecontrol/icons/journal.gif?2&quot;&gt;&lt;span class=&quot;wrap&quot; style=&quot;width: 150px&quot;&gt;&lt;q&gt;
            &lt;strong&gt;Plumpchu is OPEN for Commissions!&lt;/strong&gt;&lt;b&gt;Plumpchu Commissions are back! :&amp;gt;&lt;/b&gt;&lt;br /&gt;&lt;i&gt;Let&#039;s draw some fatties! :3&lt;br /&gt;&lt;/i&gt;&lt;br /&gt;&lt;i&gt;Interested in commissioning me? Send me a Note, or e-mail me at plumpchu@gmail.com!&lt;/i&gt;&lt;br /&gt;&lt;b&gt;Cartoony Style!:&lt;br /&gt;&lt;/b&gt;35$ USD per character&lt;br /&gt;&lt;img src=&quot;https://t00.deviantart.net/qx3DTaFZrXGMoaYP9hgWlyQD15w=/fit-in/300x900/filters:no_upscale():origin()/pre00/28ba/th/pre/i/2016/324/1/9/princess_peach_the_fat_wife_by_plumpchu-da1m0cr.png&quot;class=&quot;gr-shrink thumb-in-thumb &quot;&gt;&lt;img src=&quot;https://t00.deviantart.net/1gLjuuF41k1gYpfSNx1y7K4Q4cA=/fit-in/300x900/filters:no_upscale():origin()/pre00/fc7f/th/pre/i/2016/122/2/a/muffet_the_muffin_by_plumpchu-da13bfv.png&quot;class=&quot;gr-shrink thumb-in-thumb &quot;&gt;&lt;img src=&quot;https://t00.deviantart.net/HP20FS0Si3hVpsGdRxDlEg_74wQ=/fit-in/300x900/filters:no_upscale():origin()/pre00/e23d/th/pre/i/2017/133/c/7/fat_hilda___pokemon_obese_edition_by_plumpchu-db939fe.jpg&quot;class=&quot;gr-shrink thumb-in-thumb &quot;&gt;&lt;img src=&quot;https://t00.deviantart.net/43DLIIXJlis5GrslNrhtBSu9XIY=/fit-in/300x900/filters:no_upscale():origin()/pre00/f1f0/th/pre/i/2017/143/9/2/fat_clover___a_passion_for_patties___totally_spies_by_plumpchu-db6jrlo.png&quot;class=&quot;gr-shrink thumb-in-thumb &quot;&gt;&lt;img src=&quot;https://t00.deviantart.net/j6Co_9hfiBrrPbelztE1kHSRxLg=/fit-in/300x900/filters:no_upscale():origin()/pre00/e588/th/pre/i/2017/303/b/3/fat_usagi___sailor_moon_obese_edition_by_plumpchu-dbs7xq1.jpg&quot;class=&quot;gr-shrink thumb-in-thumb &quot;&gt;&lt;br /&gt;&lt;b&gt;Painterly Style!:&lt;br /&gt;&lt;/b&gt;35$ USD per character&lt;br /&gt;&lt;img src=&quot;https://t00.deviantart.net/tKvJIPn0rNm0I--gfWN3IpiWzjc=/fit-in/300x900/filters:no_upscale():origin()/pre00/3d36/th/pre/i/2017/074/4/9/fat_d_va___overwatch_plumps_by_plumpchu-dau3il8.jpg&quot;class=&quot;gr-shrink thumb-in-thumb &quot;&gt;&lt;img src=&quot;https://t00.deviantart.net/j3nuBG8JH2uWbyKZ4jf9OYDYMH0=/fit-in/300x900/filters:no_upscale():origin()/pre00/d95d/th/pre/i/2017/019/7/a/fat_d_va_ii___overwatch_plumps_by_plumpchu-davziab.jpg&quot;class=&quot;gr-shrink thumb-in-thumb &quot;&gt;&lt;img src=&quot;https://t00.deviantart.net/62Seljun09lZRAG6kYhTGmvOGd0=/fit-in/300x900/filters:no_upscale():origin()/pre00/4f4c/th/pre/i/2016/350/9/c/fat_mario_princess_trio__peach_rosalina_and_daisy_by_plumpchu-darv3et.jpg&quot;class=&quot;gr-shrink thumb-in-thumb &quot;&gt;&lt;br /&gt;&lt;b&gt;I draw:&lt;/b&gt;&lt;br /&gt;- Humans, anthro, furry, monsters, anything!&amp;nbsp;&lt;br /&gt;- Any gender!&lt;br /&gt;- Any size, but preferably chubby or bigger. You can go as&amp;nbsp;&lt;b&gt;fat&lt;/b&gt;&amp;nbsp;as you want! &amp;lt;3&lt;br /&gt;- Fan art and OCs/original characters&lt;br /&gt;- Blueberry/Inflation&lt;br /&gt;-&amp;nbsp;&lt;b&gt;Many kinks, unless I&#039;m uncomfortable with it.&lt;/b&gt;&lt;br /&gt;&amp;nbsp;&lt;br /&gt;All payments are done through&amp;nbsp;&lt;b&gt;Paypal&lt;/b&gt;&amp;nbsp;and I only accept USD as currency.&lt;/q&gt;&lt;/span&gt;&lt;/a&gt;&lt;/span&gt;&lt;!-- ^TTT --&gt;&lt;!-- TTT$ --&gt;&lt;/span&gt;</media:description>            <media:thumbnail url="https://t00.deviantart.net/c3b5toX1oj8AkK3K_bvhwD1Zreg=/fit-in/150x150/filters:no_upscale():origin()/pre00/5035/th/pre/i/2017/315/3/d/fat_tessis___berserk_costume_obese_edition_by_plumpchu-dbteqig.jpg" height="150" width="123"/>            <media:thumbnail url="https://t00.deviantart.net/2vVuWwTXhXZFpSSbqiWw45AddRg=/fit-in/300x900/filters:no_upscale():origin()/pre00/5035/th/pre/i/2017/315/3/d/fat_tessis___berserk_costume_obese_edition_by_plumpchu-dbteqig.jpg" height="365" width="300"/>            <media:thumbnail url="https://t00.deviantart.net/fsKeg1OXduG__Cab8pPAvLuFQWU=/300x200/filters:fixed_height(100,100):origin()/pre00/5035/th/pre/i/2017/315/3/d/fat_tessis___berserk_costume_obese_edition_by_plumpchu-dbteqig.jpg" height="200" width="165"/>            <media:content url="https://pre00.deviantart.net/5035/th/pre/i/2017/315/3/d/fat_tessis___berserk_costume_obese_edition_by_plumpchu-dbteqig.jpg" height="985" width="811" medium="image"/>
            <description>Commission for &lt;a target=&quot;_self&quot; href=&quot;https://blastshieldbuddy.deviantart.com/&quot; &gt;&lt;img class=&quot;avatar&quot; width=&quot;50&quot; height=&quot;50&quot; src=&quot;https://a.deviantart.net/avatars/b/l/blastshieldbuddy.jpg?1&quot; alt=&quot;:iconblastshieldbuddy:&quot; title=&quot;BlastShieldBuddy&quot; /&gt;&lt;/a&gt;&lt;br /&gt;of the ever-so-thicc Tessis, which belongs to BlastshieldBuddy (His OC)!&amp;nbsp; :&amp;gt;&amp;nbsp;&lt;br /&gt;&lt;br /&gt;&lt;br /&gt;Load of fun to come back to Tessis again, she&#039;s always a lot of wobbly joy to revisit!&lt;br /&gt;And what better way to revisit her, than to see her dressed in a Halloween costume! :3&lt;br /&gt;&lt;br /&gt;But, the spooks are not done yet, more to come very very soon!&amp;nbsp;&lt;br /&gt;&lt;br /&gt;More Tessis here:&lt;br /&gt;&lt;span class=&quot;shadow-holder&quot; data-embed-type=&quot;deviation&quot; data-embed-id=&quot;664527469&quot; data-embed-format=&quot;thumb&quot;&gt;&lt;span class=&quot;shadow mild&quot; &gt;&lt;a class=&quot;thumb&quot; href=&quot;https://plumpchu.deviantart.com/art/Fat-Tessis-Returns-664527469&quot; title=&quot;Fat Tessis Returns! by Plumpchu, Feb 19, 2017 in Manga &amp;amp; Anime &amp;gt; Digital Media &amp;gt; Drawings&quot;data-super-img=&quot;https://pre00.deviantart.net/9cd4/th/pre/i/2017/050/b/e/fat_tessis_returns__by_plumpchu-dazn4od.jpg&quot; data-super-width=&quot;805&quot; data-super-height=&quot;993&quot; data-super-transparent=&quot;false&quot; data-super-alt=&quot;Fat Tessis Returns! by Plumpchu&quot; data-super-full-img=&quot;https://img00.deviantart.net/a0ae/i/2017/050/b/e/fat_tessis_returns__by_plumpchu-dazn4od.jpg&quot; data-super-full-width=&quot;1024&quot; data-super-full-height=&quot;1263&quot;        data-sigil=&quot;thumb&quot;&gt;
                &lt;i&gt;&lt;/i&gt;&lt;img   width=&quot;122&quot; height=&quot;150&quot; alt=&quot;Fat Tessis Returns! by Plumpchu&quot; src=&quot;https://t00.deviantart.net/1fEM2PQzh5yYjJAQW4iZv11QVrQ=/fit-in/150x150/filters:no_upscale():origin()/pre00/9cd4/th/pre/i/2017/050/b/e/fat_tessis_returns__by_plumpchu-dazn4od.jpg&quot; data-src=&quot;https://t00.deviantart.net/1fEM2PQzh5yYjJAQW4iZv11QVrQ=/fit-in/150x150/filters:no_upscale():origin()/pre00/9cd4/th/pre/i/2017/050/b/e/fat_tessis_returns__by_plumpchu-dazn4od.jpg&quot; srcset=&quot;https://t00.deviantart.net/1fEM2PQzh5yYjJAQW4iZv11QVrQ=/fit-in/150x150/filters:no_upscale():origin()/pre00/9cd4/th/pre/i/2017/050/b/e/fat_tessis_returns__by_plumpchu-dazn4od.jpg 122w,https://t00.deviantart.net/xQ6rgmwQZhrKYJcu00XvBmXQwjw=/fit-in/700x350/filters:fixed_height(100,100):origin()/pre00/9cd4/th/pre/i/2017/050/b/e/fat_tessis_returns__by_plumpchu-dazn4od.jpg 284w,https://t00.deviantart.net/o4yS2xIr6eRn_1kkBAHQ79CoibM=/fit-in/800x400/filters:fixed_height(100,100):origin()/pre00/9cd4/th/pre/i/2017/050/b/e/fat_tessis_returns__by_plumpchu-dazn4od.jpg 324w,https://pre00.deviantart.net/9cd4/th/pre/i/2017/050/b/e/fat_tessis_returns__by_plumpchu-dazn4od.jpg 805w&quot; sizes=&quot;122px&quot;&gt;&lt;/a&gt;&lt;/span&gt;&lt;!-- ^TTT --&gt;&lt;!-- TTT$ --&gt;&lt;/span&gt;&lt;br /&gt;&lt;span class=&quot;shadow-holder&quot; data-embed-type=&quot;deviation&quot; data-embed-id=&quot;615283115&quot; data-embed-format=&quot;thumb&quot;&gt;&lt;span class=&quot;shadow mild&quot; &gt;&lt;a class=&quot;thumb&quot; href=&quot;https://plumpchu.deviantart.com/art/Plump-Tessis-615283115&quot; title=&quot;Plump Tessis by Plumpchu, Jun 14, 2016 in Manga &amp;amp; Anime &amp;gt; Digital Media &amp;gt; Drawings&quot;data-super-img=&quot;https://pre00.deviantart.net/d49f/th/pre/i/2016/166/c/1/plump_tessis_by_plumpchu-da6bnhn.png&quot; data-super-width=&quot;753&quot; data-super-height=&quot;1061&quot; data-super-transparent=&quot;true&quot; data-super-alt=&quot;Plump Tessis by Plumpchu&quot; data-super-full-img=&quot;https://img00.deviantart.net/5860/i/2016/166/c/1/plump_tessis_by_plumpchu-da6bnhn.png&quot; data-super-full-width=&quot;1024&quot; data-super-full-height=&quot;1443&quot;        data-sigil=&quot;thumb&quot;&gt;
                &lt;i&gt;&lt;/i&gt;&lt;img   width=&quot;106&quot; height=&quot;150&quot; alt=&quot;Plump Tessis by Plumpchu&quot; src=&quot;https://t00.deviantart.net/5fLqfDvPGenSsMf6KetoARcBQik=/fit-in/150x150/filters:no_upscale():origin()/pre00/d49f/th/pre/i/2016/166/c/1/plump_tessis_by_plumpchu-da6bnhn.png&quot; data-src=&quot;https://t00.deviantart.net/5fLqfDvPGenSsMf6KetoARcBQik=/fit-in/150x150/filters:no_upscale():origin()/pre00/d49f/th/pre/i/2016/166/c/1/plump_tessis_by_plumpchu-da6bnhn.png&quot; srcset=&quot;https://t00.deviantart.net/5fLqfDvPGenSsMf6KetoARcBQik=/fit-in/150x150/filters:no_upscale():origin()/pre00/d49f/th/pre/i/2016/166/c/1/plump_tessis_by_plumpchu-da6bnhn.png 106w,https://t00.deviantart.net/RUlX-dbz72N3eDDSVfPtBFE9m_g=/fit-in/700x350/filters:fixed_height(100,100):origin()/pre00/d49f/th/pre/i/2016/166/c/1/plump_tessis_by_plumpchu-da6bnhn.png 248w,https://t00.deviantart.net/6wti6eGbiwnAYpo0j6jPPMu-EfU=/fit-in/800x400/filters:fixed_height(100,100):origin()/pre00/d49f/th/pre/i/2016/166/c/1/plump_tessis_by_plumpchu-da6bnhn.png 284w,https://pre00.deviantart.net/d49f/th/pre/i/2016/166/c/1/plump_tessis_by_plumpchu-da6bnhn.png 753w&quot; sizes=&quot;106px&quot;&gt;&lt;/a&gt;&lt;/span&gt;&lt;!-- ^TTT --&gt;&lt;!-- TTT$ --&gt;&lt;/span&gt;&lt;br /&gt;&lt;span class=&quot;shadow-holder&quot; data-embed-type=&quot;deviation&quot; data-embed-id=&quot;689224374&quot; data-embed-format=&quot;thumb&quot;&gt;&lt;span class=&quot;shadow mild&quot; &gt;&lt;a class=&quot;thumb&quot; href=&quot;https://plumpchu.deviantart.com/art/Fat-Tessis-Butt-Struggles-of-a-Lifeguard-689224374&quot; title=&quot;Fat Tessis - Butt Struggles of a Lifeguard by Plumpchu, Jun 28, 2017 in Manga &amp;amp; Anime &amp;gt; Digital Media &amp;gt; Drawings&quot;data-super-img=&quot;https://img00.deviantart.net/be91/i/2017/179/d/7/fat_tessis___butt_struggles_of_a_lifeguard_by_plumpchu-dbecgxi.jpg&quot; data-super-width=&quot;800&quot; data-super-height=&quot;793&quot; data-super-transparent=&quot;false&quot; data-super-alt=&quot;Fat Tessis - Butt Struggles of a Lifeguard by Plumpchu&quot; data-super-full-img=&quot;https://img00.deviantart.net/be91/i/2017/179/d/7/fat_tessis___butt_struggles_of_a_lifeguard_by_plumpchu-dbecgxi.jpg&quot; data-super-full-width=&quot;800&quot; data-super-full-height=&quot;793&quot;        data-sigil=&quot;thumb&quot;&gt;
                &lt;i&gt;&lt;/i&gt;&lt;img   width=&quot;150&quot; height=&quot;149&quot; alt=&quot;Fat Tessis - Butt Struggles of a Lifeguard by Plumpchu&quot; src=&quot;https://t00.deviantart.net/5rjrLmBtTySHzVBykLYp2nvkao4=/fit-in/150x150/filters:no_upscale():origin()/pre00/41db/th/pre/i/2017/179/d/7/fat_tessis___butt_struggles_of_a_lifeguard_by_plumpchu-dbecgxi.jpg&quot; data-src=&quot;https://t00.deviantart.net/5rjrLmBtTySHzVBykLYp2nvkao4=/fit-in/150x150/filters:no_upscale():origin()/pre00/41db/th/pre/i/2017/179/d/7/fat_tessis___butt_struggles_of_a_lifeguard_by_plumpchu-dbecgxi.jpg&quot; srcset=&quot;https://t00.deviantart.net/5rjrLmBtTySHzVBykLYp2nvkao4=/fit-in/150x150/filters:no_upscale():origin()/pre00/41db/th/pre/i/2017/179/d/7/fat_tessis___butt_struggles_of_a_lifeguard_by_plumpchu-dbecgxi.jpg 150w,https://t00.deviantart.net/8ujk9dmJstbge0zGrNyi6i1HE-o=/fit-in/700x350/filters:fixed_height(100,100):origin()/pre00/41db/th/pre/i/2017/179/d/7/fat_tessis___butt_struggles_of_a_lifeguard_by_plumpchu-dbecgxi.jpg 353w,https://t00.deviantart.net/ttOMVM91Kqh64l7kSUpxmRu1Z0w=/fit-in/800x400/filters:fixed_height(100,100):origin()/pre00/41db/th/pre/i/2017/179/d/7/fat_tessis___butt_struggles_of_a_lifeguard_by_plumpchu-dbecgxi.jpg 404w,https://img00.deviantart.net/be91/i/2017/179/d/7/fat_tessis___butt_struggles_of_a_lifeguard_by_plumpchu-dbecgxi.jpg 800w&quot; sizes=&quot;150px&quot;&gt;&lt;/a&gt;&lt;/span&gt;&lt;!-- ^TTT --&gt;&lt;!-- TTT$ --&gt;&lt;/span&gt;&lt;br /&gt;&lt;span class=&quot;shadow-holder&quot; data-embed-type=&quot;deviation&quot; data-embed-id=&quot;640913756&quot; data-embed-format=&quot;thumb&quot;&gt;&lt;span class=&quot;shadow mild&quot; &gt;&lt;a class=&quot;thumb&quot; href=&quot;https://plumpchu.deviantart.com/art/Too-Fat-for-Pants-640913756&quot; title=&quot;Too Fat for Pants! by Plumpchu, Oct 18, 2016 in Manga &amp;amp; Anime &amp;gt; Digital Media &amp;gt; Drawings&quot;data-super-img=&quot;https://img00.deviantart.net/c960/i/2016/292/b/7/too_fat_for_pants__by_plumpchu-dall07w.png&quot; data-super-width=&quot;900&quot; data-super-height=&quot;887&quot; data-super-transparent=&quot;false&quot; data-super-alt=&quot;Too Fat for Pants! by Plumpchu&quot; data-super-full-img=&quot;https://img00.deviantart.net/c960/i/2016/292/b/7/too_fat_for_pants__by_plumpchu-dall07w.png&quot; data-super-full-width=&quot;900&quot; data-super-full-height=&quot;887&quot;        data-sigil=&quot;thumb&quot;&gt;
                &lt;i&gt;&lt;/i&gt;&lt;img   width=&quot;150&quot; height=&quot;148&quot; alt=&quot;Too Fat for Pants! by Plumpchu&quot; src=&quot;https://t00.deviantart.net/QNamx1LJH4QPoQXi1dLufAYlZVQ=/fit-in/150x150/filters:no_upscale():origin()/pre00/d67d/th/pre/i/2016/292/b/7/too_fat_for_pants__by_plumpchu-dall07w.png&quot; data-src=&quot;https://t00.deviantart.net/QNamx1LJH4QPoQXi1dLufAYlZVQ=/fit-in/150x150/filters:no_upscale():origin()/pre00/d67d/th/pre/i/2016/292/b/7/too_fat_for_pants__by_plumpchu-dall07w.png&quot; srcset=&quot;https://t00.deviantart.net/QNamx1LJH4QPoQXi1dLufAYlZVQ=/fit-in/150x150/filters:no_upscale():origin()/pre00/d67d/th/pre/i/2016/292/b/7/too_fat_for_pants__by_plumpchu-dall07w.png 150w,https://t00.deviantart.net/ZGVaHkMhpSuJhNIbPPqESDSP3HE=/fit-in/700x350/filters:fixed_height(100,100):origin()/pre00/d67d/th/pre/i/2016/292/b/7/too_fat_for_pants__by_plumpchu-dall07w.png 355w,https://t00.deviantart.net/CUMjDGsJJOdR-kRWtcp7XCTxYFc=/fit-in/800x400/filters:fixed_height(100,100):origin()/pre00/d67d/th/pre/i/2016/292/b/7/too_fat_for_pants__by_plumpchu-dall07w.png 406w,https://img00.deviantart.net/c960/i/2016/292/b/7/too_fat_for_pants__by_plumpchu-dall07w.png 900w&quot; sizes=&quot;150px&quot;&gt;&lt;/a&gt;&lt;/span&gt;&lt;!-- ^TTT --&gt;&lt;!-- TTT$ --&gt;&lt;/span&gt;&lt;br /&gt;&lt;span class=&quot;shadow-holder&quot; data-embed-type=&quot;deviation&quot; data-embed-id=&quot;668669215&quot; data-embed-format=&quot;thumb&quot;&gt;&lt;span class=&quot;shadow mild&quot; &gt;&lt;a class=&quot;thumb&quot; href=&quot;https://plumpchu.deviantart.com/art/Plump-Butt-Tessis-668669215&quot; title=&quot;Plump Butt Tessis by Plumpchu, Mar 12, 2017 in Manga &amp;amp; Anime &amp;gt; Digital Media &amp;gt; Drawings&quot;data-super-img=&quot;https://pre00.deviantart.net/206c/th/pre/i/2017/071/7/e/plump_butt_tessis_by_plumpchu-db23wgv.jpg&quot; data-super-width=&quot;1017&quot; data-super-height=&quot;786&quot; data-super-transparent=&quot;false&quot; data-super-alt=&quot;Plump Butt Tessis by Plumpchu&quot; data-super-full-img=&quot;https://img00.deviantart.net/a78c/i/2017/071/7/e/plump_butt_tessis_by_plumpchu-db23wgv.jpg&quot; data-super-full-width=&quot;1024&quot; data-super-full-height=&quot;791&quot;        data-sigil=&quot;thumb&quot;&gt;
                &lt;i&gt;&lt;/i&gt;&lt;img   width=&quot;150&quot; height=&quot;116&quot; alt=&quot;Plump Butt Tessis by Plumpchu&quot; src=&quot;https://t00.deviantart.net/9VID6rEbxWunETjjuuSYb92ADb0=/fit-in/150x150/filters:no_upscale():origin()/pre00/206c/th/pre/i/2017/071/7/e/plump_butt_tessis_by_plumpchu-db23wgv.jpg&quot; data-src=&quot;https://t00.deviantart.net/9VID6rEbxWunETjjuuSYb92ADb0=/fit-in/150x150/filters:no_upscale():origin()/pre00/206c/th/pre/i/2017/071/7/e/plump_butt_tessis_by_plumpchu-db23wgv.jpg&quot; srcset=&quot;https://t00.deviantart.net/9VID6rEbxWunETjjuuSYb92ADb0=/fit-in/150x150/filters:no_upscale():origin()/pre00/206c/th/pre/i/2017/071/7/e/plump_butt_tessis_by_plumpchu-db23wgv.jpg 150w,https://t00.deviantart.net/0QHM-Rr9cApWIYrVtSD1_Oc9P48=/fit-in/700x350/filters:fixed_height(100,100):origin()/pre00/206c/th/pre/i/2017/071/7/e/plump_butt_tessis_by_plumpchu-db23wgv.jpg 453w,https://t00.deviantart.net/fT8NMOlUMzCkQDKCv2HRslvi7BM=/fit-in/800x400/filters:fixed_height(100,100):origin()/pre00/206c/th/pre/i/2017/071/7/e/plump_butt_tessis_by_plumpchu-db23wgv.jpg 518w,https://pre00.deviantart.net/206c/th/pre/i/2017/071/7/e/plump_butt_tessis_by_plumpchu-db23wgv.jpg 1017w&quot; sizes=&quot;150px&quot;&gt;&lt;/a&gt;&lt;/span&gt;&lt;!-- ^TTT --&gt;&lt;!-- TTT$ --&gt;&lt;/span&gt;&lt;br /&gt;&lt;br /&gt;Also, I am open for commissions.&lt;br /&gt;If you wish to know more, check out my commission journal!&lt;br /&gt;&lt;span class=&quot;shadow-holder&quot; data-embed-type=&quot;deviation&quot; data-embed-id=&quot;712262952&quot; data-embed-format=&quot;thumb&quot;&gt;&lt;span class=&quot;shadow mild&quot; &gt;&lt;a href=&quot;https://plumpchu.deviantart.com/journal/Plumpchu-is-OPEN-for-Commissions-712262952&quot; data-sigil=&quot;thumb&quot; class=&quot;thumb lit&quot; onmouseover=&quot;if (window.LitBox) LitBox.hover(this, true)&quot; onmouseout=&quot;if (window.LitBox) LitBox.out(this)&quot;&gt;&lt;i&gt;&lt;/i&gt;&lt;img class=&quot;lit journal&quot; src=&quot;https://st.deviantart.net/minish/gruzecontrol/icons/journal.gif?2&quot;&gt;&lt;span class=&quot;wrap&quot; style=&quot;width: 150px&quot;&gt;&lt;q&gt;
                &lt;strong&gt;Plumpchu is OPEN for Commissions!&lt;/strong&gt;&lt;b&gt;Plumpchu Commissions are back! :&amp;gt;&lt;/b&gt;&lt;br /&gt;&lt;i&gt;Let&#039;s draw some fatties! :3&lt;br /&gt;&lt;/i&gt;&lt;br /&gt;&lt;i&gt;Interested in commissioning me? Send me a Note, or e-mail me at plumpchu@gmail.com!&lt;/i&gt;&lt;br /&gt;&lt;b&gt;Cartoony Style!:&lt;br /&gt;&lt;/b&gt;35$ USD per character&lt;br /&gt;&lt;img src=&quot;https://t00.deviantart.net/qx3DTaFZrXGMoaYP9hgWlyQD15w=/fit-in/300x900/filters:no_upscale():origin()/pre00/28ba/th/pre/i/2016/324/1/9/princess_peach_the_fat_wife_by_plumpchu-da1m0cr.png&quot;class=&quot;gr-shrink thumb-in-thumb &quot;&gt;&lt;img src=&quot;https://t00.deviantart.net/1gLjuuF41k1gYpfSNx1y7K4Q4cA=/fit-in/300x900/filters:no_upscale():origin()/pre00/fc7f/th/pre/i/2016/122/2/a/muffet_the_muffin_by_plumpchu-da13bfv.png&quot;class=&quot;gr-shrink thumb-in-thumb &quot;&gt;&lt;img src=&quot;https://t00.deviantart.net/HP20FS0Si3hVpsGdRxDlEg_74wQ=/fit-in/300x900/filters:no_upscale():origin()/pre00/e23d/th/pre/i/2017/133/c/7/fat_hilda___pokemon_obese_edition_by_plumpchu-db939fe.jpg&quot;class=&quot;gr-shrink thumb-in-thumb &quot;&gt;&lt;img src=&quot;https://t00.deviantart.net/43DLIIXJlis5GrslNrhtBSu9XIY=/fit-in/300x900/filters:no_upscale():origin()/pre00/f1f0/th/pre/i/2017/143/9/2/fat_clover___a_passion_for_patties___totally_spies_by_plumpchu-db6jrlo.png&quot;class=&quot;gr-shrink thumb-in-thumb &quot;&gt;&lt;img src=&quot;https://t00.deviantart.net/j6Co_9hfiBrrPbelztE1kHSRxLg=/fit-in/300x900/filters:no_upscale():origin()/pre00/e588/th/pre/i/2017/303/b/3/fat_usagi___sailor_moon_obese_edition_by_plumpchu-dbs7xq1.jpg&quot;class=&quot;gr-shrink thumb-in-thumb &quot;&gt;&lt;br /&gt;&lt;b&gt;Painterly Style!:&lt;br /&gt;&lt;/b&gt;35$ USD per character&lt;br /&gt;&lt;img src=&quot;https://t00.deviantart.net/tKvJIPn0rNm0I--gfWN3IpiWzjc=/fit-in/300x900/filters:no_upscale():origin()/pre00/3d36/th/pre/i/2017/074/4/9/fat_d_va___overwatch_plumps_by_plumpchu-dau3il8.jpg&quot;class=&quot;gr-shrink thumb-in-thumb &quot;&gt;&lt;img src=&quot;https://t00.deviantart.net/j3nuBG8JH2uWbyKZ4jf9OYDYMH0=/fit-in/300x900/filters:no_upscale():origin()/pre00/d95d/th/pre/i/2017/019/7/a/fat_d_va_ii___overwatch_plumps_by_plumpchu-davziab.jpg&quot;class=&quot;gr-shrink thumb-in-thumb &quot;&gt;&lt;img src=&quot;https://t00.deviantart.net/62Seljun09lZRAG6kYhTGmvOGd0=/fit-in/300x900/filters:no_upscale():origin()/pre00/4f4c/th/pre/i/2016/350/9/c/fat_mario_princess_trio__peach_rosalina_and_daisy_by_plumpchu-darv3et.jpg&quot;class=&quot;gr-shrink thumb-in-thumb &quot;&gt;&lt;br /&gt;&lt;b&gt;I draw:&lt;/b&gt;&lt;br /&gt;- Humans, anthro, furry, monsters, anything!&amp;nbsp;&lt;br /&gt;- Any gender!&lt;br /&gt;- Any size, but preferably chubby or bigger. You can go as&amp;nbsp;&lt;b&gt;fat&lt;/b&gt;&amp;nbsp;as you want! &amp;lt;3&lt;br /&gt;- Fan art and OCs/original characters&lt;br /&gt;- Blueberry/Inflation&lt;br /&gt;-&amp;nbsp;&lt;b&gt;Many kinks, unless I&#039;m uncomfortable with it.&lt;/b&gt;&lt;br /&gt;&amp;nbsp;&lt;br /&gt;All payments are done through&amp;nbsp;&lt;b&gt;Paypal&lt;/b&gt;&amp;nbsp;and I only accept USD as currency.&lt;/q&gt;&lt;/span&gt;&lt;/a&gt;&lt;/span&gt;&lt;!-- ^TTT --&gt;&lt;!-- TTT$ --&gt;&lt;/span&gt;&lt;br /&gt;&lt;div&gt;&lt;img src=&quot;https://t00.deviantart.net/fsKeg1OXduG__Cab8pPAvLuFQWU=/300x200/filters:fixed_height(100,100):origin()/pre00/5035/th/pre/i/2017/315/3/d/fat_tessis___berserk_costume_obese_edition_by_plumpchu-dbteqig.jpg&quot; alt=&quot;thumbnail&quot; /&gt;&lt;/div&gt;</description>            </item>
        <item>
            <title>Gatsu</title>
            <link>https://kurumii-chan.deviantart.com/art/Gatsu-712541562</link>
            <guid isPermaLink="true">https://kurumii-chan.deviantart.com/art/Gatsu-712541562</guid>
            <pubDate>Mon, 30 Oct 2017 15:48:55 PDT</pubDate>
            <media:title type="plain">Gatsu</media:title>
            <media:keywords></media:keywords>
            <media:rating>nonadult</media:rating>
            <media:category label="Fantasy">traditional/mixedmedia/fantasy</media:category>
            <media:credit role="author" scheme="urn:ebu">Kurumii-chan</media:credit>
            <media:credit role="author" scheme="urn:ebu">https://a.deviantart.net/avatars/k/u/kurumii-chan.gif?15</media:credit>
            <media:copyright url="https://kurumii-chan.deviantart.com">Copyright 2017-2019 Kurumii-chan</media:copyright>            <media:description type="html">Happy Halloween, Cunts!&amp;nbsp;&lt;br /&gt;DONT YOU DARE using rthis as a tattoo motiv...I swear, I skin you alive....&lt;br /&gt;&lt;br /&gt;EDIT: Change the eyes, becus no angry guts has normal eyes, thanks to le bf &amp;gt;///&amp;lt;</media:description>            <media:thumbnail url="https://t00.deviantart.net/MryVWrUUgEuosj7IAslP5TLpjHE=/fit-in/150x150/filters:no_upscale():origin()/pre00/2f03/th/pre/f/2017/304/e/4/gatsu_by_kurumii_chan-dbs88l6.jpg" height="150" width="132"/>            <media:thumbnail url="https://t00.deviantart.net/SHaOPkqNe5EK93SHNbp6oJl1Sw4=/fit-in/300x900/filters:no_upscale():origin()/pre00/2f03/th/pre/f/2017/304/e/4/gatsu_by_kurumii_chan-dbs88l6.jpg" height="342" width="300"/>            <media:thumbnail url="https://t00.deviantart.net/UnGLN0vZ4fn_Uj1tv0InK6EFl2Y=/300x200/filters:fixed_height(100,100):origin()/pre00/2f03/th/pre/f/2017/304/e/4/gatsu_by_kurumii_chan-dbs88l6.jpg" height="200" width="176"/>            <media:content url="https://pre00.deviantart.net/2f03/th/pre/f/2017/304/e/4/gatsu_by_kurumii_chan-dbs88l6.jpg" height="954" width="838" medium="image"/>
            <description>Happy Halloween, Cunts!&amp;nbsp;&lt;br /&gt;DONT YOU DARE using rthis as a tattoo motiv...I swear, I skin you alive....&lt;br /&gt;&lt;br /&gt;EDIT: Change the eyes, becus no angry guts has normal eyes, thanks to le bf &amp;gt;///&amp;lt;&lt;br /&gt;&lt;div&gt;&lt;img src=&quot;https://t00.deviantart.net/UnGLN0vZ4fn_Uj1tv0InK6EFl2Y=/300x200/filters:fixed_height(100,100):origin()/pre00/2f03/th/pre/f/2017/304/e/4/gatsu_by_kurumii_chan-dbs88l6.jpg&quot; alt=&quot;thumbnail&quot; /&gt;&lt;/div&gt;</description>            </item>
        <item>
            <title>centaur</title>
            <link>https://madfantom.deviantart.com/art/centaur-712327797</link>
            <guid isPermaLink="true">https://madfantom.deviantart.com/art/centaur-712327797</guid>
            <pubDate>Sun, 29 Oct 2017 12:12:22 PDT</pubDate>
            <media:title type="plain">centaur</media:title>
            <media:keywords></media:keywords>
            <media:rating>nonadult</media:rating>
            <media:category label="Other">traditional/other</media:category>
            <media:credit role="author" scheme="urn:ebu">MadFantom</media:credit>
            <media:credit role="author" scheme="urn:ebu">https://a.deviantart.net/avatars/m/a/madfantom.png?2</media:credit>
            <media:copyright url="https://madfantom.deviantart.com">Copyright 2017-2019 MadFantom</media:copyright>            <media:description type="html"></media:description>            <media:thumbnail url="https://t00.deviantart.net/vU5dbSVSuu9DXektqEFCv-wTO_w=/fit-in/150x150/filters:no_upscale():origin()/pre00/b027/th/pre/i/2017/302/7/8/centaur_by_madfantom-dbs3nn9.jpg" height="150" width="104"/>            <media:thumbnail url="https://t00.deviantart.net/7Q6unyXgkOvKfZgGJC5Pm5YUG_g=/fit-in/300x900/filters:no_upscale():origin()/pre00/b027/th/pre/i/2017/302/7/8/centaur_by_madfantom-dbs3nn9.jpg" height="432" width="300"/>            <media:thumbnail url="https://t00.deviantart.net/EyIwxq4PC_Ogk7wfmEY6-ROwxDQ=/300x200/filters:fixed_height(100,100):origin()/pre00/b027/th/pre/i/2017/302/7/8/centaur_by_madfantom-dbs3nn9.jpg" height="200" width="139"/>            <media:content url="https://pre00.deviantart.net/b027/th/pre/i/2017/302/7/8/centaur_by_madfantom-dbs3nn9.jpg" height="1073" width="744" medium="image"/>
            <description>&lt;br /&gt;&lt;div&gt;&lt;img src=&quot;https://t00.deviantart.net/EyIwxq4PC_Ogk7wfmEY6-ROwxDQ=/300x200/filters:fixed_height(100,100):origin()/pre00/b027/th/pre/i/2017/302/7/8/centaur_by_madfantom-dbs3nn9.jpg&quot; alt=&quot;thumbnail&quot; /&gt;&lt;/div&gt;</description>            </item>
        <item>
            <title>S&#039;avoir, c&#039;est se souvenir</title>
            <link>https://ny-noxxia.deviantart.com/art/S-avoir-c-est-se-souvenir-712160579</link>
            <guid isPermaLink="true">https://ny-noxxia.deviantart.com/art/S-avoir-c-est-se-souvenir-712160579</guid>
            <pubDate>Sat, 28 Oct 2017 14:02:27 PDT</pubDate>
            <media:title type="plain">S&#039;avoir, c&#039;est se souvenir</media:title>
            <media:keywords></media:keywords>
            <media:rating>nonadult</media:rating>
            <media:category label="Games">fanart/digital/drawings/games</media:category>
            <media:credit role="author" scheme="urn:ebu">Ny-Noxxia</media:credit>
            <media:credit role="author" scheme="urn:ebu">https://a.deviantart.net/avatars/n/y/ny-noxxia.jpg?2</media:credit>
            <media:copyright url="https://ny-noxxia.deviantart.com">Copyright 2017-2019 Ny-Noxxia</media:copyright>            <media:description type="html">Third oc, half brother of the red haired Ankaa. I really like him! For now at least... And I mainly like to torture him with mental breakdowns. Sorry Ocs, you are my therapy ^-^! Or I just like to make you suffer, you choose!</media:description>            <media:thumbnail url="https://t00.deviantart.net/lXTcrlBJbtrRe4jimb9tbho_ITI=/fit-in/150x150/filters:no_upscale():origin()/pre00/b6a5/th/pre/i/2017/301/a/6/s_avoir__c_est_se_souvenir_by_ny_noxxia-dbs02mb.jpg" height="150" width="119"/>            <media:thumbnail url="https://t00.deviantart.net/VFX72CJA_xSm4gEzdYBVJCR1OLM=/fit-in/300x900/filters:no_upscale():origin()/pre00/b6a5/th/pre/i/2017/301/a/6/s_avoir__c_est_se_souvenir_by_ny_noxxia-dbs02mb.jpg" height="380" width="300"/>            <media:thumbnail url="https://t00.deviantart.net/5lFggNlE5l9hr4dzksqz4-MUrsQ=/300x200/filters:fixed_height(100,100):origin()/pre00/b6a5/th/pre/i/2017/301/a/6/s_avoir__c_est_se_souvenir_by_ny_noxxia-dbs02mb.jpg" height="200" width="158"/>            <media:content url="https://pre00.deviantart.net/b6a5/th/pre/i/2017/301/a/6/s_avoir__c_est_se_souvenir_by_ny_noxxia-dbs02mb.jpg" height="1006" width="795" medium="image"/>
            <description>Third oc, half brother of the red haired Ankaa. I really like him! For now at least... And I mainly like to torture him with mental breakdowns. Sorry Ocs, you are my therapy ^-^! Or I just like to make you suffer, you choose!&lt;br /&gt;&lt;div&gt;&lt;img src=&quot;https://t00.deviantart.net/5lFggNlE5l9hr4dzksqz4-MUrsQ=/300x200/filters:fixed_height(100,100):origin()/pre00/b6a5/th/pre/i/2017/301/a/6/s_avoir__c_est_se_souvenir_by_ny_noxxia-dbs02mb.jpg&quot; alt=&quot;thumbnail&quot; /&gt;&lt;/div&gt;</description>            </item>
        <item>
            <title>Berserk (Puck rage edition)</title>
            <link>https://kurumii-chan.deviantart.com/art/Berserk-Puck-rage-edition-709052552</link>
            <guid isPermaLink="true">https://kurumii-chan.deviantart.com/art/Berserk-Puck-rage-edition-709052552</guid>
            <pubDate>Tue, 10 Oct 2017 11:16:47 PDT</pubDate>
            <media:title type="plain">Berserk (Puck rage edition)</media:title>
            <media:keywords></media:keywords>
            <media:rating>nonadult</media:rating>
            <media:category label="Fantasy">traditional/mixedmedia/fantasy</media:category>
            <media:credit role="author" scheme="urn:ebu">Kurumii-chan</media:credit>
            <media:credit role="author" scheme="urn:ebu">https://a.deviantart.net/avatars/k/u/kurumii-chan.gif?15</media:credit>
            <media:copyright url="https://kurumii-chan.deviantart.com">Copyright 2017-2019 Kurumii-chan</media:copyright>            <media:description type="html">I DONT WANT TO TALK, IM ASHAMED X////X&lt;br /&gt;Its Gatttsu and my Berserk OC Oona.&amp;nbsp;&lt;br /&gt;INSPIRING SONG OVER HERE:&amp;nbsp;&amp;nbsp;&lt;a class=&quot;external&quot; href=&quot;https://www.deviantart.com/users/outgoing?https://www.youtube.com/watch?v=823yuWz0lto&quot;&gt;www.youtube.com/watch?v=823yuW&amp;hellip;&lt;/a&gt;&lt;br /&gt;&lt;br /&gt;Kurumii-chan OUT!&amp;nbsp;</media:description>            <media:thumbnail url="https://t00.deviantart.net/3soxXtmybNQqr3xPuQmMwDRvsbM=/fit-in/150x150/filters:no_upscale():origin()/pre00/0054/th/pre/f/2017/297/7/e/berserk_by_kurumii_chan-dbq5gg8.jpg" height="150" width="126"/>            <media:thumbnail url="https://t00.deviantart.net/ZoQ9FHMAA-0x7neD-20XuxuT02A=/fit-in/300x900/filters:no_upscale():origin()/pre00/0054/th/pre/f/2017/297/7/e/berserk_by_kurumii_chan-dbq5gg8.jpg" height="356" width="300"/>            <media:thumbnail url="https://t00.deviantart.net/jY-PWJNgnymagABlgUCCRCvPFwA=/300x200/filters:fixed_height(100,100):origin()/pre00/0054/th/pre/f/2017/297/7/e/berserk_by_kurumii_chan-dbq5gg8.jpg" height="200" width="168"/>            <media:content url="https://pre00.deviantart.net/0054/th/pre/f/2017/297/7/e/berserk_by_kurumii_chan-dbq5gg8.jpg" height="974" width="820" medium="image"/>
            <description>I DONT WANT TO TALK, IM ASHAMED X////X&lt;br /&gt;Its Gatttsu and my Berserk OC Oona.&amp;nbsp;&lt;br /&gt;INSPIRING SONG OVER HERE:&amp;nbsp;&amp;nbsp;&lt;a class=&quot;external&quot; href=&quot;https://www.deviantart.com/users/outgoing?https://www.youtube.com/watch?v=823yuWz0lto&quot;&gt;www.youtube.com/watch?v=823yuW&amp;hellip;&lt;/a&gt;&lt;br /&gt;&lt;br /&gt;Kurumii-chan OUT!&amp;nbsp;&lt;br /&gt;&lt;div&gt;&lt;img src=&quot;https://t00.deviantart.net/jY-PWJNgnymagABlgUCCRCvPFwA=/300x200/filters:fixed_height(100,100):origin()/pre00/0054/th/pre/f/2017/297/7/e/berserk_by_kurumii_chan-dbq5gg8.jpg&quot; alt=&quot;thumbnail&quot; /&gt;&lt;/div&gt;</description>            </item>
        <item>
            <title>Present for le BF</title>
            <link>https://kurumii-chan.deviantart.com/art/Present-for-le-BF-708707056</link>
            <guid isPermaLink="true">https://kurumii-chan.deviantart.com/art/Present-for-le-BF-708707056</guid>
            <pubDate>Sun, 08 Oct 2017 12:54:10 PDT</pubDate>
            <media:title type="plain">Present for le BF</media:title>
            <media:keywords></media:keywords>
            <media:rating>nonadult</media:rating>
            <media:category label="Fantasy">traditional/mixedmedia/fantasy</media:category>
            <media:credit role="author" scheme="urn:ebu">Kurumii-chan</media:credit>
            <media:credit role="author" scheme="urn:ebu">https://a.deviantart.net/avatars/k/u/kurumii-chan.gif?15</media:credit>
            <media:copyright url="https://kurumii-chan.deviantart.com">Copyright 2017-2019 Kurumii-chan</media:copyright>            <media:description type="html">This picture is for my best friend &lt;a target=&quot;_self&quot; href=&quot;https://paulette14498.deviantart.com/&quot; &gt;&lt;img class=&quot;avatar&quot; width=&quot;50&quot; height=&quot;50&quot; src=&quot;https://a.deviantart.net/avatars/p/a/paulette14498.gif?5&quot; alt=&quot;:iconpaulette14498:&quot; title=&quot;Paulette14498&quot; /&gt;&lt;/a&gt;&lt;br /&gt;Its femto aka Griffith from Berserk and her OC, and I hope you like it sweety&amp;nbsp;&lt;a href=&quot;https://dottypurrs.deviantart.com/art/berserk-gif-casca-554021414&quot; class=&quot;emoticon&quot; data-embed-type=&quot;emoticon&quot; data-embed-id=&quot;554021414&quot; data-embed-profile=&quot;deviation&quot;&gt;&lt;img src=&quot;https://orig00.deviantart.net/0504/f/2015/227/3/d/berserk_gif_casca_by_dottypurrs-d95ulnq.gif&quot; alt=&quot;berserk gif casca&quot; style=&quot;width:50px;height:50px&quot;&gt;&lt;/a&gt;&amp;nbsp;&lt;br /&gt;Its her fault that I have a huge Berserk flash, which will kill me sooner or later because I really want to draw so much shit about it&amp;nbsp;&lt;a href=&quot;https://dottypurrs2.deviantart.com/art/berserk-gif-behelit-563820968&quot; class=&quot;emoticon&quot; data-embed-type=&quot;emoticon&quot; data-embed-id=&quot;563820968&quot; data-embed-profile=&quot;deviation&quot;&gt;&lt;img src=&quot;https://orig00.deviantart.net/319e/f/2015/275/1/8/berserk_gif_behelit_by_dottypurrs2-d9bon1k.gif&quot; alt=&quot;berserk gif behelit&quot; style=&quot;width:50px;height:50px&quot;&gt;&lt;/a&gt;&amp;nbsp;</media:description>            <media:thumbnail url="https://t00.deviantart.net/8py2NNyzFlEsCjRKJJTWO_katNc=/fit-in/150x150/filters:no_upscale():origin()/pre00/2955/th/pre/f/2017/281/c/6/c6b9c2bb5d07222484c336ce65e33f87-dbpy1v4.png" height="150" width="102"/>            <media:thumbnail url="https://t00.deviantart.net/88GqCDbMv3a8uuFTcERiZ8ejeno=/fit-in/300x900/filters:no_upscale():origin()/pre00/2955/th/pre/f/2017/281/c/6/c6b9c2bb5d07222484c336ce65e33f87-dbpy1v4.png" height="442" width="300"/>            <media:thumbnail url="https://t00.deviantart.net/DJgNH48_gBdkwaHDN9U1nxEMZrM=/300x200/filters:fixed_height(100,100):origin()/pre00/2955/th/pre/f/2017/281/c/6/c6b9c2bb5d07222484c336ce65e33f87-dbpy1v4.png" height="200" width="136"/>            <media:content url="https://pre00.deviantart.net/2955/th/pre/f/2017/281/c/6/c6b9c2bb5d07222484c336ce65e33f87-dbpy1v4.png" height="1085" width="736" medium="image"/>
            <description>This picture is for my best friend &lt;a target=&quot;_self&quot; href=&quot;https://paulette14498.deviantart.com/&quot; &gt;&lt;img class=&quot;avatar&quot; width=&quot;50&quot; height=&quot;50&quot; src=&quot;https://a.deviantart.net/avatars/p/a/paulette14498.gif?5&quot; alt=&quot;:iconpaulette14498:&quot; title=&quot;Paulette14498&quot; /&gt;&lt;/a&gt;&lt;br /&gt;Its femto aka Griffith from Berserk and her OC, and I hope you like it sweety&amp;nbsp;&lt;a href=&quot;https://dottypurrs.deviantart.com/art/berserk-gif-casca-554021414&quot; class=&quot;emoticon&quot; data-embed-type=&quot;emoticon&quot; data-embed-id=&quot;554021414&quot; data-embed-profile=&quot;deviation&quot;&gt;&lt;img src=&quot;https://orig00.deviantart.net/0504/f/2015/227/3/d/berserk_gif_casca_by_dottypurrs-d95ulnq.gif&quot; alt=&quot;berserk gif casca&quot; style=&quot;width:50px;height:50px&quot;&gt;&lt;/a&gt;&amp;nbsp;&lt;br /&gt;Its her fault that I have a huge Berserk flash, which will kill me sooner or later because I really want to draw so much shit about it&amp;nbsp;&lt;a href=&quot;https://dottypurrs2.deviantart.com/art/berserk-gif-behelit-563820968&quot; class=&quot;emoticon&quot; data-embed-type=&quot;emoticon&quot; data-embed-id=&quot;563820968&quot; data-embed-profile=&quot;deviation&quot;&gt;&lt;img src=&quot;https://orig00.deviantart.net/319e/f/2015/275/1/8/berserk_gif_behelit_by_dottypurrs2-d9bon1k.gif&quot; alt=&quot;berserk gif behelit&quot; style=&quot;width:50px;height:50px&quot;&gt;&lt;/a&gt;&amp;nbsp;&lt;br /&gt;&lt;div&gt;&lt;img src=&quot;https://t00.deviantart.net/DJgNH48_gBdkwaHDN9U1nxEMZrM=/300x200/filters:fixed_height(100,100):origin()/pre00/2955/th/pre/f/2017/281/c/6/c6b9c2bb5d07222484c336ce65e33f87-dbpy1v4.png&quot; alt=&quot;thumbnail&quot; /&gt;&lt;/div&gt;</description>            </item>
        <item>
            <title>Layne</title>
            <link>https://zerohope2survive.deviantart.com/art/Layne-708204984</link>
            <guid isPermaLink="true">https://zerohope2survive.deviantart.com/art/Layne-708204984</guid>
            <pubDate>Thu, 05 Oct 2017 20:18:56 PDT</pubDate>
            <media:title type="plain">Layne</media:title>
            <media:keywords></media:keywords>
            <media:rating>nonadult</media:rating>
            <media:category label="Other">digitalart/paintings/other</media:category>
            <media:credit role="author" scheme="urn:ebu">Zerohope2survive</media:credit>
            <media:credit role="author" scheme="urn:ebu">https://a.deviantart.net/avatars/z/e/zerohope2survive.gif?6</media:credit>
            <media:copyright url="https://zerohope2survive.deviantart.com">Copyright 2017-2019 Zerohope2survive</media:copyright>            <media:description type="html">My Berserk OC. Yeah, I have one. Four actually, so sue me. I have an OC for everything.&amp;nbsp;</media:description>            <media:thumbnail url="https://t00.deviantart.net/ULup-oflUDLVPADML4KpfuO2r54=/fit-in/150x150/filters:no_upscale():origin()/pre00/ab76/th/pre/i/2017/278/2/d/layne_by_zerohope2survive-dbpnago.png" height="92" width="150"/>            <media:thumbnail url="https://t00.deviantart.net/mtKsn0uutHXajnPaiNyqXo3s1y8=/fit-in/300x900/filters:no_upscale():origin()/pre00/ab76/th/pre/i/2017/278/2/d/layne_by_zerohope2survive-dbpnago.png" height="185" width="300"/>            <media:thumbnail url="https://t00.deviantart.net/dWvjWc9zR_YWKetiaGEJhF-oLTY=/300x200/filters:fixed_height(100,100):origin()/pre00/ab76/th/pre/i/2017/278/2/d/layne_by_zerohope2survive-dbpnago.png" height="185" width="300"/>            <media:content url="https://img00.deviantart.net/c6b3/i/2017/278/2/d/layne_by_zerohope2survive-dbpnago.png" height="631" width="1024" medium="image"/>
            <description>My Berserk OC. Yeah, I have one. Four actually, so sue me. I have an OC for everything.&amp;nbsp;&lt;br /&gt;&lt;div&gt;&lt;img src=&quot;https://t00.deviantart.net/dWvjWc9zR_YWKetiaGEJhF-oLTY=/300x200/filters:fixed_height(100,100):origin()/pre00/ab76/th/pre/i/2017/278/2/d/layne_by_zerohope2survive-dbpnago.png&quot; alt=&quot;thumbnail&quot; /&gt;&lt;/div&gt;</description>            </item>
        <item>
            <title>Cephalopod Dot Matrix</title>
            <link>https://darkchapel666.deviantart.com/art/Cephalopod-Dot-Matrix-704260609</link>
            <guid isPermaLink="true">https://darkchapel666.deviantart.com/art/Cephalopod-Dot-Matrix-704260609</guid>
            <pubDate>Thu, 14 Sep 2017 03:34:26 PDT</pubDate>
            <media:title type="plain">Cephalopod Dot Matrix</media:title>
            <media:keywords></media:keywords>
            <media:rating>nonadult</media:rating>
            <media:category label="Drawings">manga/digital/drawings</media:category>
            <media:credit role="author" scheme="urn:ebu">darkchapel666</media:credit>
            <media:credit role="author" scheme="urn:ebu">https://a.deviantart.net/avatars/d/a/darkchapel666.gif?8</media:credit>
            <media:copyright url="https://darkchapel666.deviantart.com">Copyright 2017-2019 darkchapel666</media:copyright>            <media:description type="html">The Decisive Blow : A staple attack amongst battle mangas and giant robot animes. It is necessary for our hero to strike a cool pose while looking away from the explosion.&lt;br /&gt;For after all, cool guys don&#039;t look at explosions.&lt;br /&gt;&lt;a target=&quot;_self&quot; href=&quot;https://explodeplz.deviantart.com/&quot; &gt;&lt;img class=&quot;avatar&quot; width=&quot;50&quot; height=&quot;50&quot; src=&quot;https://a.deviantart.net/avatars/e/x/explodeplz.gif?1&quot; alt=&quot;:iconexplodeplz:&quot; title=&quot;explodeplz&quot; /&gt;&lt;/a&gt;&lt;br /&gt;&lt;br /&gt;I was also going for a very Mignola-esque inspired background hence the random tentacles.&lt;br /&gt;&lt;a target=&quot;_self&quot; href=&quot;https://tentacleplz.deviantart.com/&quot; &gt;&lt;img class=&quot;avatar&quot; width=&quot;50&quot; height=&quot;50&quot; src=&quot;https://a.deviantart.net/avatars/t/e/tentacleplz.gif?1&quot; alt=&quot;:icontentacleplz:&quot; title=&quot;TentaclePlz&quot; /&gt;&lt;/a&gt;&lt;br /&gt;&lt;br /&gt;3of 3 of his request:&lt;br /&gt;Max:&lt;br /&gt;&lt;a href=&quot;https://luke-crowe.deviantart.com/favourites/73809193/Max&quot;&gt;luke-crowe.deviantart.com/favo&amp;hellip;&lt;/a&gt;</media:description>            <media:thumbnail url="https://t00.deviantart.net/H207CLvVLPX49zXFMIGQwvnNepA=/fit-in/150x150/filters:no_upscale():origin()/pre00/46f9/th/pre/i/2017/256/7/7/cephalopod_dot_matrix_by_darkchapel666-dbnaqyp.jpg" height="150" width="116"/>            <media:thumbnail url="https://t00.deviantart.net/kZAbP-iZxivd-nlR3yEhKOt-a20=/fit-in/300x900/filters:no_upscale():origin()/pre00/46f9/th/pre/i/2017/256/7/7/cephalopod_dot_matrix_by_darkchapel666-dbnaqyp.jpg" height="388" width="300"/>            <media:thumbnail url="https://t00.deviantart.net/9bQ64P5gh8W9NKWzem2i41QXsyc=/300x200/filters:fixed_height(100,100):origin()/pre00/46f9/th/pre/i/2017/256/7/7/cephalopod_dot_matrix_by_darkchapel666-dbnaqyp.jpg" height="200" width="155"/>            <media:content url="https://pre00.deviantart.net/46f9/th/pre/i/2017/256/7/7/cephalopod_dot_matrix_by_darkchapel666-dbnaqyp.jpg" height="1016" width="786" medium="image"/>
            <description>The Decisive Blow : A staple attack amongst battle mangas and giant robot animes. It is necessary for our hero to strike a cool pose while looking away from the explosion.&lt;br /&gt;For after all, cool guys don&#039;t look at explosions.&lt;br /&gt;&lt;a target=&quot;_self&quot; href=&quot;https://explodeplz.deviantart.com/&quot; &gt;&lt;img class=&quot;avatar&quot; width=&quot;50&quot; height=&quot;50&quot; src=&quot;https://a.deviantart.net/avatars/e/x/explodeplz.gif?1&quot; alt=&quot;:iconexplodeplz:&quot; title=&quot;explodeplz&quot; /&gt;&lt;/a&gt;&lt;br /&gt;&lt;br /&gt;I was also going for a very Mignola-esque inspired background hence the random tentacles.&lt;br /&gt;&lt;a target=&quot;_self&quot; href=&quot;https://tentacleplz.deviantart.com/&quot; &gt;&lt;img class=&quot;avatar&quot; width=&quot;50&quot; height=&quot;50&quot; src=&quot;https://a.deviantart.net/avatars/t/e/tentacleplz.gif?1&quot; alt=&quot;:icontentacleplz:&quot; title=&quot;TentaclePlz&quot; /&gt;&lt;/a&gt;&lt;br /&gt;&lt;br /&gt;3of 3 of his request:&lt;br /&gt;Max:&lt;br /&gt;&lt;a href=&quot;https://luke-crowe.deviantart.com/favourites/73809193/Max&quot;&gt;luke-crowe.deviantart.com/favo&amp;hellip;&lt;/a&gt;&lt;br /&gt;&lt;div&gt;&lt;img src=&quot;https://t00.deviantart.net/9bQ64P5gh8W9NKWzem2i41QXsyc=/300x200/filters:fixed_height(100,100):origin()/pre00/46f9/th/pre/i/2017/256/7/7/cephalopod_dot_matrix_by_darkchapel666-dbnaqyp.jpg&quot; alt=&quot;thumbnail&quot; /&gt;&lt;/div&gt;</description>            </item>
        <item>
            <title>To Valhalla!</title>
            <link>https://dementedpirate.deviantart.com/art/To-Valhalla-702174614</link>
            <guid isPermaLink="true">https://dementedpirate.deviantart.com/art/To-Valhalla-702174614</guid>
            <pubDate>Fri, 01 Sep 2017 13:48:50 PDT</pubDate>
            <media:title type="plain">To Valhalla!</media:title>
            <media:keywords></media:keywords>
            <media:rating>nonadult</media:rating>
            <media:category label="Fantasy">digitalart/paintings/fantasy</media:category>
            <media:credit role="author" scheme="urn:ebu">DementedPirate</media:credit>
            <media:credit role="author" scheme="urn:ebu">https://a.deviantart.net/avatars/d/e/dementedpirate.jpg?9</media:credit>
            <media:copyright url="https://dementedpirate.deviantart.com">Copyright 2017-2019 DementedPirate</media:copyright>            <media:description type="html">Same OC as before.&lt;br /&gt;&lt;br /&gt;Made a crappy speedpaint as well, but lost the first clip. Oh well!&lt;br /&gt;&lt;br /&gt;&lt;a class=&quot;external&quot; href=&quot;https://www.deviantart.com/users/outgoing?https://youtu.be/-SNZANMNV0Y&quot;&gt;youtu.be/-SNZANMNV0Y&lt;/a&gt;</media:description>            <media:thumbnail url="https://t00.deviantart.net/GUSjF5SiDb8kxPn_9q5OqwVkV4U=/fit-in/150x150/filters:no_upscale():origin()/pre00/9ce4/th/pre/i/2017/244/c/c/to_valhalla__by_dementedpirate-dbm21ee.jpg" height="150" width="106"/>            <media:thumbnail url="https://t00.deviantart.net/2Q84gWNqNg9vrtSq6PL60dP12M8=/fit-in/300x900/filters:no_upscale():origin()/pre00/9ce4/th/pre/i/2017/244/c/c/to_valhalla__by_dementedpirate-dbm21ee.jpg" height="424" width="300"/>            <media:thumbnail url="https://t00.deviantart.net/LCmfdfQDklRGUQGnvusdf6VGO3w=/300x200/filters:fixed_height(100,100):origin()/pre00/9ce4/th/pre/i/2017/244/c/c/to_valhalla__by_dementedpirate-dbm21ee.jpg" height="200" width="141"/>            <media:content url="https://pre00.deviantart.net/9ce4/th/pre/i/2017/244/c/c/to_valhalla__by_dementedpirate-dbm21ee.jpg" height="1063" width="751" medium="image"/>
            <description>Same OC as before.&lt;br /&gt;&lt;br /&gt;Made a crappy speedpaint as well, but lost the first clip. Oh well!&lt;br /&gt;&lt;br /&gt;&lt;a class=&quot;external&quot; href=&quot;https://www.deviantart.com/users/outgoing?https://youtu.be/-SNZANMNV0Y&quot;&gt;youtu.be/-SNZANMNV0Y&lt;/a&gt;&lt;br /&gt;&lt;div&gt;&lt;img src=&quot;https://t00.deviantart.net/LCmfdfQDklRGUQGnvusdf6VGO3w=/300x200/filters:fixed_height(100,100):origin()/pre00/9ce4/th/pre/i/2017/244/c/c/to_valhalla__by_dementedpirate-dbm21ee.jpg&quot; alt=&quot;thumbnail&quot; /&gt;&lt;/div&gt;</description>            </item>
        <item>
            <title>[ ANNIE ]</title>
            <link>https://see-breeze.deviantart.com/art/ANNIE-697312497</link>
            <guid isPermaLink="true">https://see-breeze.deviantart.com/art/ANNIE-697312497</guid>
            <pubDate>Mon, 07 Aug 2017 01:19:44 PDT</pubDate>
            <media:title type="plain">[ ANNIE ]</media:title>
            <media:keywords></media:keywords>
            <media:rating>nonadult</media:rating>
            <media:category label="Drawings">manga/digital/drawings</media:category>
            <media:credit role="author" scheme="urn:ebu">See-Breeze</media:credit>
            <media:credit role="author" scheme="urn:ebu">https://a.deviantart.net/avatars/s/e/see-breeze.png?6</media:credit>
            <media:copyright url="https://see-breeze.deviantart.com">Copyright 2017-2019 See-Breeze</media:copyright>            <media:description type="html">&lt;span&gt;&lt;div align=&quot;center&quot;&gt;&lt;b&gt;&lt;br /&gt;Very late birthday gift for &lt;a target=&quot;_self&quot; href=&quot;https://gazpins.deviantart.com/&quot; &gt;&lt;img class=&quot;avatar&quot; width=&quot;50&quot; height=&quot;50&quot; src=&quot;https://a.deviantart.net/avatars/g/a/gazpins.png?3&quot; alt=&quot;:icongazpins:&quot; title=&quot;Gazpins&quot; /&gt;&lt;/a&gt;&lt;br /&gt;His OC, Annie, dressed as Guts from Berserk&lt;br /&gt;&lt;br /&gt;&lt;span&gt;// &lt;a href=&quot;https://see-breeze.deviantart.com/journal/COMMISSION-INFORMATION-676580287&quot;&gt;Commission Information&lt;/a&gt; // &lt;a href=&quot;https://see-breeze.deviantart.com/&quot;&gt;DeviantART&lt;/a&gt; // &lt;a class=&quot;external&quot; href=&quot;https://www.deviantart.com/users/outgoing?https://www.weasyl.com/~seebreeze&quot;&gt; Weasyl &lt;/a&gt; // &lt;a class=&quot;external&quot; href=&quot;https://www.deviantart.com/users/outgoing?http://see-breezeart.tumblr.com/&quot;&gt;Tumblr&lt;/a&gt; // &lt;a class=&quot;external&quot; href=&quot;https://www.deviantart.com/users/outgoing?http://www.redbubble.com/people/smurfyexe?ref=account-nav-dropdown&amp;amp;asc=u&quot;&gt;RedBubble&lt;/a&gt; //&lt;/span&gt;&lt;span&gt;&lt;/span&gt;&lt;span&gt;&lt;/span&gt;&lt;span&gt;&lt;/span&gt;&lt;span&gt;&lt;/span&gt;&lt;/b&gt;&lt;/div&gt;&lt;/span&gt;</media:description>            <media:thumbnail url="https://t00.deviantart.net/O4HchWHFNZT50hnPiW5e7LcQBL0=/fit-in/150x150/filters:no_upscale():origin()/pre00/1e6a/th/pre/f/2017/219/4/7/__annie___by_see_breeze-dbj5trl.png" height="150" width="105"/>            <media:thumbnail url="https://t00.deviantart.net/ueGCeCCvtcwZ67UaJUSBvHfOi2I=/fit-in/300x900/filters:no_upscale():origin()/pre00/1e6a/th/pre/f/2017/219/4/7/__annie___by_see_breeze-dbj5trl.png" height="429" width="300"/>            <media:thumbnail url="https://t00.deviantart.net/C9Bhlz2-5IG-3z-M4r7JES4rsxQ=/300x200/filters:fixed_height(100,100):origin()/pre00/1e6a/th/pre/f/2017/219/4/7/__annie___by_see_breeze-dbj5trl.png" height="200" width="140"/>            <media:content url="https://orig00.deviantart.net/68f5/f/2017/219/4/7/__annie___by_see_breeze-dbj5trl.png" height="1000" width="700" medium="image"/>
            <description>&lt;span&gt;&lt;div align=&quot;center&quot;&gt;&lt;b&gt;&lt;br /&gt;Very late birthday gift for &lt;a target=&quot;_self&quot; href=&quot;https://gazpins.deviantart.com/&quot; &gt;&lt;img class=&quot;avatar&quot; width=&quot;50&quot; height=&quot;50&quot; src=&quot;https://a.deviantart.net/avatars/g/a/gazpins.png?3&quot; alt=&quot;:icongazpins:&quot; title=&quot;Gazpins&quot; /&gt;&lt;/a&gt;&lt;br /&gt;His OC, Annie, dressed as Guts from Berserk&lt;br /&gt;&lt;br /&gt;&lt;span&gt;// &lt;a href=&quot;https://see-breeze.deviantart.com/journal/COMMISSION-INFORMATION-676580287&quot;&gt;Commission Information&lt;/a&gt; // &lt;a href=&quot;https://see-breeze.deviantart.com/&quot;&gt;DeviantART&lt;/a&gt; // &lt;a class=&quot;external&quot; href=&quot;https://www.deviantart.com/users/outgoing?https://www.weasyl.com/~seebreeze&quot;&gt; Weasyl &lt;/a&gt; // &lt;a class=&quot;external&quot; href=&quot;https://www.deviantart.com/users/outgoing?http://see-breezeart.tumblr.com/&quot;&gt;Tumblr&lt;/a&gt; // &lt;a class=&quot;external&quot; href=&quot;https://www.deviantart.com/users/outgoing?http://www.redbubble.com/people/smurfyexe?ref=account-nav-dropdown&amp;amp;asc=u&quot;&gt;RedBubble&lt;/a&gt; //&lt;/span&gt;&lt;span&gt;&lt;/span&gt;&lt;span&gt;&lt;/span&gt;&lt;span&gt;&lt;/span&gt;&lt;span&gt;&lt;/span&gt;&lt;/b&gt;&lt;/div&gt;&lt;/span&gt;&lt;br /&gt;&lt;div&gt;&lt;img src=&quot;https://t00.deviantart.net/C9Bhlz2-5IG-3z-M4r7JES4rsxQ=/300x200/filters:fixed_height(100,100):origin()/pre00/1e6a/th/pre/f/2017/219/4/7/__annie___by_see_breeze-dbj5trl.png&quot; alt=&quot;thumbnail&quot; /&gt;&lt;/div&gt;</description>            </item>
        <item>
            <title>RWBY X Berserk!M!Reader: Berserked Hunter part 5</title>
            <link>https://bigboxuk.deviantart.com/art/RWBY-X-Berserk-M-Reader-Berserked-Hunter-part-5-693895717</link>
            <guid isPermaLink="true">https://bigboxuk.deviantart.com/art/RWBY-X-Berserk-M-Reader-Berserked-Hunter-part-5-693895717</guid>
            <pubDate>Mon, 24 Jul 2017 07:19:02 PDT</pubDate>
            <media:title type="plain">RWBY X Berserk!M!Reader: Berserked Hunter part 5</media:title>
            <media:keywords></media:keywords>
            <media:rating>nonadult</media:rating>
            <media:category label="Fantasy">literature/fanfiction/fantasy</media:category>
            <media:credit role="author" scheme="urn:ebu">BigBoxUK</media:credit>
            <media:credit role="author" scheme="urn:ebu">https://a.deviantart.net/avatars/b/i/bigboxuk.jpg?2</media:credit>
            <media:copyright url="https://bigboxuk.deviantart.com">Copyright 2017-2019 BigBoxUK</media:copyright>            <media:description type="html">Part 5 finally out! Sorry about the delay, I was slacking all weekend. And sorry if it seemed a bit rushed towards the end, I found it a bit difficult to find a way to fit the reader into this part of Volume 1. On the bright side, I managed to fit in another character related to you, the reader, and fit a certain Berserk item that will advance your story...</media:description>

            <media:content url="https://bigboxuk.deviantart.com/art/RWBY-X-Berserk-M-Reader-Berserked-Hunter-part-5-693895717" medium="document" />
            <media:text type="html">Finally! End of the semester!&lt;br /&gt;&lt;br /&gt;&quot;So guys, it&#039;s the weekend.&quot; pointed out Casca. &quot;Anything special?&quot; She asked, as we walked out of our last class of the semester.&lt;br /&gt;&quot;Well, I hear the city is setting up decorations for the Vytal festival.&quot; said Fumiko.&lt;br /&gt;&quot;Ah, right.&quot; said Griffith. &quot;The transfer students are arriving today aren&#039;t they?&quot;&lt;br /&gt;&quot;Indeed they are.&quot; said Casca. &quot;You wanna try and spy on them?&quot;&lt;br /&gt;&quot;Why would we wanna do that?&quot; I asked.&lt;br /&gt;&lt;br /&gt;&quot;To gain the upper hand in the tournament, of course!&quot; exclaimed Weiss who popped up next to Casca&#039;s side. &quot;It seems like you and me both have similar minds! Y&#039;know, I invited my team to go out into Vale to &#039;see t</media:text>            <media:thumbnail url="https://t00.deviantart.net/0F9qCBwB-eCbg27XGKg249ZtPd0=/fit-in/300x900/filters:no_upscale():origin()/pre00/104a/th/pre/f/2017/207/b/b/rwby_x_berserk_m_reader__berserked_hunter_part_5_by_bigboxuk-dbh4ld1.jpg" height="188" width="300"/>            <media:thumbnail url="https://t00.deviantart.net/fz6v5n3rdt6ncfzVi6bnT7ZQGdM=/fit-in/150x150/filters:no_upscale():origin()/pre00/104a/th/pre/f/2017/207/b/b/rwby_x_berserk_m_reader__berserked_hunter_part_5_by_bigboxuk-dbh4ld1.jpg" height="94" width="150"/>            <media:thumbnail url="https://t00.deviantart.net/gdRQoXqs4-vLcxJKXhbuOLIV4lw=/300x200/filters:fixed_height(100,100):origin()/pre00/104a/th/pre/f/2017/207/b/b/rwby_x_berserk_m_reader__berserked_hunter_part_5_by_bigboxuk-dbh4ld1.jpg" height="188" width="300"/>
            <description>Part 5 finally out! Sorry about the delay, I was slacking all weekend. And sorry if it seemed a bit rushed towards the end, I found it a bit difficult to find a way to fit the reader into this part of Volume 1. On the bright side, I managed to fit in another character related to you, the reader, and fit a certain Berserk item that will advance your story...&lt;br /&gt;&lt;div&gt;&lt;img src=&quot;https://t00.deviantart.net/gdRQoXqs4-vLcxJKXhbuOLIV4lw=/300x200/filters:fixed_height(100,100):origin()/pre00/104a/th/pre/f/2017/207/b/b/rwby_x_berserk_m_reader__berserked_hunter_part_5_by_bigboxuk-dbh4ld1.jpg&quot; alt=&quot;thumbnail&quot; /&gt;&lt;/div&gt;</description>            </item>
        <item>
            <title>RWBY x Berserk!M!Reader!: The Berserked Huntsman</title>
            <link>https://bigboxuk.deviantart.com/art/RWBY-x-Berserk-M-Reader-The-Berserked-Huntsman-693345008</link>
            <guid isPermaLink="true">https://bigboxuk.deviantart.com/art/RWBY-x-Berserk-M-Reader-The-Berserked-Huntsman-693345008</guid>
            <pubDate>Tue, 18 Jul 2017 13:09:59 PDT</pubDate>
            <media:title type="plain">RWBY x Berserk!M!Reader!: The Berserked Huntsman</media:title>
            <media:keywords></media:keywords>
            <media:rating>nonadult</media:rating>
            <media:category label="Fantasy">literature/fanfiction/fantasy</media:category>
            <media:credit role="author" scheme="urn:ebu">BigBoxUK</media:credit>
            <media:credit role="author" scheme="urn:ebu">https://a.deviantart.net/avatars/b/i/bigboxuk.jpg?2</media:credit>
            <media:copyright url="https://bigboxuk.deviantart.com">Copyright 2017-2019 BigBoxUK</media:copyright>            <media:description type="html">Right now, this story has no specific character for the love interest of the story. It will result as a matter of personal choice, but feel free to ask which character. I might consider the most favoured character, however right now, it may come down to personal choice.&lt;br /&gt;&lt;br /&gt;And one last thing, thanks for reading!</media:description>

            <media:content url="https://bigboxuk.deviantart.com/art/RWBY-x-Berserk-M-Reader-The-Berserked-Huntsman-693345008" medium="document" />
            <media:text type="html">*(f/n) POV*&lt;br /&gt;&lt;br /&gt;Among dozens of other teenagers, I looked out the window of the Bullhead as I watched Beacon academy grow larger as we travelled closer to the landing pad. A large grin emerged on my face, a grin so large my mouth was hurting. For most, you wouldn&#039;t grin this much for going to a school, but this school in particular, deserved to be smiled upon by those who enter. For Beacon, getting a place for the initiation exam was hard, VERY hard. So it&#039;s only normal that I would be happy about this. As the Bullhead stopped moving and began to hover, I swept my (h/c) hair back (Only for it to fall back into place), rotated my shoulders to loo</media:text>            <media:thumbnail url="https://t00.deviantart.net/8AA61mzz2tp6WlY3l0AhUUP30ZA=/fit-in/300x900/filters:no_upscale():origin()/pre00/77ca/th/pre/f/2017/207/9/b/rwby_x_berserk_m_reader___the_berserked_huntsman_by_bigboxuk-dbgssfk.jpg" height="188" width="300"/>            <media:thumbnail url="https://t00.deviantart.net/xJHahutbkX8J1GbOWfL5ENqULc0=/fit-in/150x150/filters:no_upscale():origin()/pre00/77ca/th/pre/f/2017/207/9/b/rwby_x_berserk_m_reader___the_berserked_huntsman_by_bigboxuk-dbgssfk.jpg" height="94" width="150"/>            <media:thumbnail url="https://t00.deviantart.net/TJjVmyobhuYkRbLpWFrVQDaRPxw=/300x200/filters:fixed_height(100,100):origin()/pre00/77ca/th/pre/f/2017/207/9/b/rwby_x_berserk_m_reader___the_berserked_huntsman_by_bigboxuk-dbgssfk.jpg" height="188" width="300"/>
            <description>Right now, this story has no specific character for the love interest of the story. It will result as a matter of personal choice, but feel free to ask which character. I might consider the most favoured character, however right now, it may come down to personal choice.&lt;br /&gt;&lt;br /&gt;And one last thing, thanks for reading!&lt;br /&gt;&lt;div&gt;&lt;img src=&quot;https://t00.deviantart.net/TJjVmyobhuYkRbLpWFrVQDaRPxw=/300x200/filters:fixed_height(100,100):origin()/pre00/77ca/th/pre/f/2017/207/9/b/rwby_x_berserk_m_reader___the_berserked_huntsman_by_bigboxuk-dbgssfk.jpg&quot; alt=&quot;thumbnail&quot; /&gt;&lt;/div&gt;</description>            </item>
        <item>
            <title>Fortuna de un Campeon</title>
            <link>https://yunaxd.deviantart.com/art/Fortuna-de-un-Campeon-692530872</link>
            <guid isPermaLink="true">https://yunaxd.deviantart.com/art/Fortuna-de-un-Campeon-692530872</guid>
            <pubDate>Fri, 14 Jul 2017 12:43:48 PDT</pubDate>
            <media:title type="plain">Fortuna de un Campeon</media:title>
            <media:keywords></media:keywords>
            <media:rating>nonadult</media:rating>
            <media:category label="Fantasy">digitalart/paintings/fantasy</media:category>
            <media:credit role="author" scheme="urn:ebu">YunaXD</media:credit>
            <media:credit role="author" scheme="urn:ebu">https://a.deviantart.net/avatars/y/u/yunaxd.png?8</media:credit>
            <media:copyright url="https://yunaxd.deviantart.com">Copyright 2017-2019 YunaXD</media:copyright>             <creativeCommons:license>http://creativecommons.org/licenses/by-nd/3.0/</creativeCommons:license>
            <media:description type="html">&lt;span&gt;T&amp;#237;tulo: Fortuna de un Campe&amp;#243;n&lt;/span&gt;&lt;br /&gt;&lt;span&gt;Comisi&amp;#243;n hecha durante abril del 2017 para&amp;nbsp;&lt;/span&gt;&lt;a class=&quot;external&quot; href=&quot;https://www.deviantart.com/users/outgoing?https://www.facebook.com/RelatosDeCreacion/?fref=mentions&quot;&gt;Relatos de Creaci&amp;#243;n&lt;/a&gt;&lt;span&gt;&amp;nbsp;como parte de la expansi&amp;#243;n 2.AO Ambiciones Ocultas, disponible como carta de frecuencia legendaria, obtenible v&amp;#237;a sobres.&lt;br /&gt;&lt;br /&gt;La campeona del Reino del Sol enfrent&amp;#225;ndose a un salvaje del Reino del Lobo Blanco.&lt;br /&gt;&lt;br /&gt;Materiales: Tableta digitalizadora, Photoshop.&lt;br /&gt;&lt;br /&gt;&amp;#161;Saludos!&lt;/span&gt;</media:description>            <media:thumbnail url="https://t00.deviantart.net/TFuoPJw5g0gg4MILM1j7i9LvJto=/fit-in/150x150/filters:no_upscale():origin()/pre00/758f/th/pre/i/2017/195/7/e/fortuna_de_un_campeon_by_yunaxd-dbgbc8o.png" height="150" width="133"/>            <media:thumbnail url="https://t00.deviantart.net/Lv6XAMr7gVDBpLzz9jDgLVRvpXc=/fit-in/300x900/filters:no_upscale():origin()/pre00/758f/th/pre/i/2017/195/7/e/fortuna_de_un_campeon_by_yunaxd-dbgbc8o.png" height="339" width="300"/>            <media:thumbnail url="https://t00.deviantart.net/OZhD5lUUAE_jgBQJ4PYukGAAWvA=/300x200/filters:fixed_height(100,100):origin()/pre00/758f/th/pre/i/2017/195/7/e/fortuna_de_un_campeon_by_yunaxd-dbgbc8o.png" height="200" width="177"/>            <media:content url="https://pre00.deviantart.net/758f/th/pre/i/2017/195/7/e/fortuna_de_un_campeon_by_yunaxd-dbgbc8o.png" height="950" width="841" medium="image"/>
            <description>&lt;span&gt;T&amp;#237;tulo: Fortuna de un Campe&amp;#243;n&lt;/span&gt;&lt;br /&gt;&lt;span&gt;Comisi&amp;#243;n hecha durante abril del 2017 para&amp;nbsp;&lt;/span&gt;&lt;a class=&quot;external&quot; href=&quot;https://www.deviantart.com/users/outgoing?https://www.facebook.com/RelatosDeCreacion/?fref=mentions&quot;&gt;Relatos de Creaci&amp;#243;n&lt;/a&gt;&lt;span&gt;&amp;nbsp;como parte de la expansi&amp;#243;n 2.AO Ambiciones Ocultas, disponible como carta de frecuencia legendaria, obtenible v&amp;#237;a sobres.&lt;br /&gt;&lt;br /&gt;La campeona del Reino del Sol enfrent&amp;#225;ndose a un salvaje del Reino del Lobo Blanco.&lt;br /&gt;&lt;br /&gt;Materiales: Tableta digitalizadora, Photoshop.&lt;br /&gt;&lt;br /&gt;&amp;#161;Saludos!&lt;/span&gt;&lt;br /&gt;&lt;div&gt;&lt;img src=&quot;https://t00.deviantart.net/OZhD5lUUAE_jgBQJ4PYukGAAWvA=/300x200/filters:fixed_height(100,100):origin()/pre00/758f/th/pre/i/2017/195/7/e/fortuna_de_un_campeon_by_yunaxd-dbgbc8o.png&quot; alt=&quot;thumbnail&quot; /&gt;&lt;/div&gt;</description>            </item>
        <item>
            <title>Raven Swordsman</title>
            <link>https://gr00hn.deviantart.com/art/Raven-Swordsman-690412153</link>
            <guid isPermaLink="true">https://gr00hn.deviantart.com/art/Raven-Swordsman-690412153</guid>
            <pubDate>Tue, 04 Jul 2017 06:10:14 PDT</pubDate>
            <media:title type="plain">Raven Swordsman</media:title>
            <media:keywords></media:keywords>
            <media:rating>nonadult</media:rating>
            <media:category label="People">digitalart/vector/people</media:category>
            <media:credit role="author" scheme="urn:ebu">gr00hn</media:credit>
            <media:credit role="author" scheme="urn:ebu">https://a.deviantart.net/avatars/g/r/gr00hn.png?2</media:credit>
            <media:copyright url="https://gr00hn.deviantart.com">Copyright 2017-2019 gr00hn</media:copyright>            <media:description type="html">Berserk-inspired sketch I made of my OC in ESO, will probably never finish it but might as well post it.</media:description>            <media:thumbnail url="https://t00.deviantart.net/Mdtgww8_lbk1vGwBlx8gTB-gu1g=/fit-in/150x150/filters:no_upscale():origin()/pre00/5e0c/th/pre/f/2017/185/1/c/raven_swordsman_by_gr00hn-dbf1xfd.png" height="150" width="150"/>            <media:thumbnail url="https://t00.deviantart.net/0zff5nObP9ZhNEKyv1WaHX1rc4g=/fit-in/300x900/filters:no_upscale():origin()/pre00/5e0c/th/pre/f/2017/185/1/c/raven_swordsman_by_gr00hn-dbf1xfd.png" height="300" width="300"/>            <media:thumbnail url="https://t00.deviantart.net/cCyrbEUsyekYRhlE0Zii3-dVUIA=/300x200/filters:fixed_height(100,100):origin()/pre00/5e0c/th/pre/f/2017/185/1/c/raven_swordsman_by_gr00hn-dbf1xfd.png" height="200" width="200"/>            <media:content url="https://pre00.deviantart.net/5e0c/th/pre/f/2017/185/1/c/raven_swordsman_by_gr00hn-dbf1xfd.png" height="894" width="894" medium="image"/>
            <description>Berserk-inspired sketch I made of my OC in ESO, will probably never finish it but might as well post it.&lt;br /&gt;&lt;div&gt;&lt;img src=&quot;https://t00.deviantart.net/cCyrbEUsyekYRhlE0Zii3-dVUIA=/300x200/filters:fixed_height(100,100):origin()/pre00/5e0c/th/pre/f/2017/185/1/c/raven_swordsman_by_gr00hn-dbf1xfd.png&quot; alt=&quot;thumbnail&quot; /&gt;&lt;/div&gt;</description>            </item>
        <item>
            <title>[CE] Blood Moon</title>
            <link>https://abluecorridor.deviantart.com/art/CE-Blood-Moon-688965378</link>
            <guid isPermaLink="true">https://abluecorridor.deviantart.com/art/CE-Blood-Moon-688965378</guid>
            <pubDate>Tue, 27 Jun 2017 00:46:14 PDT</pubDate>
            <media:title type="plain">[CE] Blood Moon</media:title>
            <media:keywords></media:keywords>
            <media:rating>nonadult</media:rating>
            <media:category label="Fantasy">digitalart/paintings/fantasy</media:category>
            <media:credit role="author" scheme="urn:ebu">abluecorridor</media:credit>
            <media:credit role="author" scheme="urn:ebu">https://a.deviantart.net/avatars/a/b/abluecorridor.png?10</media:credit>
            <media:copyright url="https://abluecorridor.deviantart.com">Copyright 2017-2019 abluecorridor</media:copyright>            <media:description type="html">Click download for full size!&lt;br /&gt;&lt;br /&gt;&lt;a target=&quot;_self&quot; href=&quot;http://akashatheforsaken.deviantart.com/&quot; &gt;&lt;img class=&quot;avatar&quot; width=&quot;50&quot; height=&quot;50&quot; src=&quot;http://a.deviantart.net/avatars/a/k/akashatheforsaken.png?12&quot; alt=&quot;:iconakashatheforsaken:&quot; title=&quot;AkashaTheForsaken&quot; /&gt;&lt;/a&gt;&#039;s tengu OC, Darius! &lt;br /&gt;hey buddy you managed to have all of my favorite things (monster boys, demons, and crows) together in 1 oc how&#039;d you manage to do that. naturally, I had to draw him. and even more naturally I had to draw him going beserk in full demon mode because that&#039;s quality content right there&amp;nbsp;&lt;span&gt;&amp;#128076;&lt;/span&gt;&lt;span&gt;&amp;#128076;&lt;/span&gt;&lt;span&gt;&amp;#128076;&lt;/span&gt;&lt;span&gt;&amp;#128076;&lt;/span&gt;&lt;span&gt;&amp;#128076;&lt;br /&gt;&lt;br /&gt;&lt;/span&gt;&lt;b&gt;random notes:&lt;/b&gt;&lt;br /&gt;-I really liked what you said about the out of control shadow powers so I tried to draw that out in this piece! especially the shadow spears. I hope this was along the lines of what you were imagining :3c&lt;br /&gt;-I saw that one of his inspirations was Ulquiorra so i,, , , , totally was thinking of the hollow world when doing the bg //shot. pls enjoy the freaky moons and ominous black background uvu&lt;br /&gt;-since Darius is also inspired by howl, I also went for a more birdlike look for the feathers and fluff!&lt;br /&gt;-I was originally going to go for a more complex outfit for him, but really wanted to show off all the feathers he had on, so here&#039;s a simple skirt thing :&#039;)&lt;br /&gt;&lt;br /&gt;Thanks for taking the time to answer my 7586398279547 questions about your oc! regardless of the outcome of the contest, I hope you continue to write and draw about your babies. and if ur ever looking for character interactions or to just chat about OCs, hmu uvu&lt;br /&gt;&lt;br /&gt;-favorited the contest journal&lt;br /&gt;-&lt;a href=&quot;http://abluecorridor.deviantart.com/journal/obligatory-contest-ad-688967475&quot;&gt;journal shared here&lt;/a&gt;</media:description>            <media:thumbnail url="https://t00.deviantart.net/lI42j79UiboDezMFb4m1rJEmctk=/fit-in/150x150/filters:no_upscale():origin()/pre00/6c17/th/pre/i/2017/178/a/0/_ce__blood_moon_by_abluecorridor-dbe6x36.png" height="120" width="150"/>            <media:thumbnail url="https://t00.deviantart.net/wad-NQAGE7tVXyzGr7rQ5D1ykos=/fit-in/300x900/filters:no_upscale():origin()/pre00/6c17/th/pre/i/2017/178/a/0/_ce__blood_moon_by_abluecorridor-dbe6x36.png" height="240" width="300"/>            <media:thumbnail url="https://t00.deviantart.net/odRW9bEFPka-q5stwpjYsm8gyhg=/300x200/filters:fixed_height(100,100):origin()/pre00/6c17/th/pre/i/2017/178/a/0/_ce__blood_moon_by_abluecorridor-dbe6x36.png" height="200" width="250"/>            <media:content url="https://pre00.deviantart.net/6c17/th/pre/i/2017/178/a/0/_ce__blood_moon_by_abluecorridor-dbe6x36.png" height="800" width="1000" medium="image"/>
            <description>Click download for full size!&lt;br /&gt;&lt;br /&gt;&lt;a target=&quot;_self&quot; href=&quot;http://akashatheforsaken.deviantart.com/&quot; &gt;&lt;img class=&quot;avatar&quot; width=&quot;50&quot; height=&quot;50&quot; src=&quot;http://a.deviantart.net/avatars/a/k/akashatheforsaken.png?12&quot; alt=&quot;:iconakashatheforsaken:&quot; title=&quot;AkashaTheForsaken&quot; /&gt;&lt;/a&gt;&#039;s tengu OC, Darius! &lt;br /&gt;hey buddy you managed to have all of my favorite things (monster boys, demons, and crows) together in 1 oc how&#039;d you manage to do that. naturally, I had to draw him. and even more naturally I had to draw him going beserk in full demon mode because that&#039;s quality content right there&amp;nbsp;&lt;span&gt;&amp;#128076;&lt;/span&gt;&lt;span&gt;&amp;#128076;&lt;/span&gt;&lt;span&gt;&amp;#128076;&lt;/span&gt;&lt;span&gt;&amp;#128076;&lt;/span&gt;&lt;span&gt;&amp;#128076;&lt;br /&gt;&lt;br /&gt;&lt;/span&gt;&lt;b&gt;random notes:&lt;/b&gt;&lt;br /&gt;-I really liked what you said about the out of control shadow powers so I tried to draw that out in this piece! especially the shadow spears. I hope this was along the lines of what you were imagining :3c&lt;br /&gt;-I saw that one of his inspirations was Ulquiorra so i,, , , , totally was thinking of the hollow world when doing the bg //shot. pls enjoy the freaky moons and ominous black background uvu&lt;br /&gt;-since Darius is also inspired by howl, I also went for a more birdlike look for the feathers and fluff!&lt;br /&gt;-I was originally going to go for a more complex outfit for him, but really wanted to show off all the feathers he had on, so here&#039;s a simple skirt thing :&#039;)&lt;br /&gt;&lt;br /&gt;Thanks for taking the time to answer my 7586398279547 questions about your oc! regardless of the outcome of the contest, I hope you continue to write and draw about your babies. and if ur ever looking for character interactions or to just chat about OCs, hmu uvu&lt;br /&gt;&lt;br /&gt;-favorited the contest journal&lt;br /&gt;-&lt;a href=&quot;http://abluecorridor.deviantart.com/journal/obligatory-contest-ad-688967475&quot;&gt;journal shared here&lt;/a&gt;&lt;br /&gt;&lt;div&gt;&lt;img src=&quot;https://t00.deviantart.net/odRW9bEFPka-q5stwpjYsm8gyhg=/300x200/filters:fixed_height(100,100):origin()/pre00/6c17/th/pre/i/2017/178/a/0/_ce__blood_moon_by_abluecorridor-dbe6x36.png&quot; alt=&quot;thumbnail&quot; /&gt;&lt;/div&gt;</description>            </item>
        <item>
            <title>Tobias Ref Sheet - Redesign+Berserk Form</title>
            <link>https://tawnysoup.deviantart.com/art/Tobias-Ref-Sheet-Redesign-Berserk-Form-686021414</link>
            <guid isPermaLink="true">https://tawnysoup.deviantart.com/art/Tobias-Ref-Sheet-Redesign-Berserk-Form-686021414</guid>
            <pubDate>Mon, 12 Jun 2017 10:04:15 PDT</pubDate>
            <media:title type="plain">Tobias Ref Sheet - Redesign+Berserk Form</media:title>
            <media:keywords></media:keywords>
            <media:rating>nonadult</media:rating>
            <media:category label="Drawings">cartoons/digital/cartoons/drawings</media:category>
            <media:credit role="author" scheme="urn:ebu">TawnySoup</media:credit>
            <media:credit role="author" scheme="urn:ebu">https://a.deviantart.net/avatars/t/a/tawnysoup.gif?2</media:credit>
            <media:copyright url="https://tawnysoup.deviantart.com">Copyright 2017-2019 TawnySoup</media:copyright>
            <media:community>
                <media:tags>@TawnySoup</media:tags>
            </media:community>            <media:description type="html">I won 2 starbeans at the Beango!!! So I decided to get my head down and give Tobias a proper redesign with the mutations I wanted most - long fur and different tail. I also used the Skull Bean I bought at the Carnival to give him a Berserk form I was planning on!!! Now he&#039;s a BEAST!!! I&#039;ll hopefully be planning a story around this! And while I was at it, I fiddled with his colour design a little (and traded someone for a Body Dye Potion so I could do so). I also have a Whap custom on the way, which I want to involve with him too!!! So lots of things planned, very excited! And much more pleased with this design than the last 2 8w8 He&#039;s of course not approved quite yet but as soon as the body dye potion is transferred then I&#039;ll go to get him confirmed!&lt;br /&gt;&lt;br /&gt;&lt;h2&gt;&lt;b&gt;&lt;i&gt;PLEASE USE THIS REF SHEET WHEN DRAWING TOBIAS!!!&lt;/i&gt;&lt;/b&gt;&lt;/h2&gt;&lt;br /&gt;ALL ITEMS USED:&lt;br /&gt;&lt;span class=&quot;shadow-holder&quot; data-embed-type=&quot;deviation&quot; data-embed-id=&quot;613687075&quot; data-embed-format=&quot;thumb&quot;&gt;&lt;span class=&quot;shadow mild&quot; &gt;&lt;a class=&quot;thumb&quot; href=&quot;https://griffsnuff.deviantart.com/art/Star-bean-613687075&quot; title=&quot;Star bean by griffsnuff, Jun 6, 2016 in Digital Art &amp;gt; Drawings &amp;amp; Paintings &amp;gt; Other&quot;data-super-img=&quot;https://orig06.deviantart.net/f2bb/f/2016/158/f/6/f684360c7148b71f519b6a828e1e6d42-da5dfz7.png&quot; data-super-width=&quot;50&quot; data-super-height=&quot;50&quot; data-super-transparent=&quot;true&quot; data-super-alt=&quot;Star bean by griffsnuff&quot; data-super-full-img=&quot;https://orig06.deviantart.net/f2bb/f/2016/158/f/6/f684360c7148b71f519b6a828e1e6d42-da5dfz7.png&quot; data-super-full-width=&quot;50&quot; data-super-full-height=&quot;50&quot;        data-sigil=&quot;thumb&quot;&gt;
            &lt;i&gt;&lt;/i&gt;&lt;img   width=&quot;50&quot; height=&quot;50&quot; alt=&quot;Star bean by griffsnuff&quot; src=&quot;https://orig06.deviantart.net/f2bb/f/2016/158/f/6/f684360c7148b71f519b6a828e1e6d42-da5dfz7.png&quot; data-src=&quot;https://orig06.deviantart.net/f2bb/f/2016/158/f/6/f684360c7148b71f519b6a828e1e6d42-da5dfz7.png&quot; srcset=&quot;https://orig06.deviantart.net/f2bb/f/2016/158/f/6/f684360c7148b71f519b6a828e1e6d42-da5dfz7.png 50w&quot; sizes=&quot;50px&quot;&gt;&lt;/a&gt;&lt;/span&gt;&lt;!-- ^TTT --&gt;&lt;!-- TTT$ --&gt;&lt;/span&gt;x2&amp;nbsp;&lt;span class=&quot;shadow-holder&quot; data-embed-type=&quot;deviation&quot; data-embed-id=&quot;640086746&quot; data-embed-format=&quot;thumb&quot;&gt;&lt;span class=&quot;shadow mild&quot; &gt;&lt;a class=&quot;thumb&quot; href=&quot;https://griffsnuff.deviantart.com/art/Skull-bean-640086746&quot; title=&quot;Skull bean by griffsnuff, Oct 15, 2016 in Digital Art &amp;gt; Drawings &amp;amp; Paintings &amp;gt; Other&quot;data-super-img=&quot;https://orig13.deviantart.net/8d1b/f/2016/288/1/a/1a40b47529706bebe5b4bc3d34d79537-dal3a3e.png&quot; data-super-width=&quot;50&quot; data-super-height=&quot;50&quot; data-super-transparent=&quot;true&quot; data-super-alt=&quot;Skull bean by griffsnuff&quot; data-super-full-img=&quot;https://orig13.deviantart.net/8d1b/f/2016/288/1/a/1a40b47529706bebe5b4bc3d34d79537-dal3a3e.png&quot; data-super-full-width=&quot;50&quot; data-super-full-height=&quot;50&quot;        data-sigil=&quot;thumb&quot;&gt;
            &lt;i&gt;&lt;/i&gt;&lt;img   width=&quot;50&quot; height=&quot;50&quot; alt=&quot;Skull bean by griffsnuff&quot; src=&quot;https://orig13.deviantart.net/8d1b/f/2016/288/1/a/1a40b47529706bebe5b4bc3d34d79537-dal3a3e.png&quot; data-src=&quot;https://orig13.deviantart.net/8d1b/f/2016/288/1/a/1a40b47529706bebe5b4bc3d34d79537-dal3a3e.png&quot; srcset=&quot;https://orig13.deviantart.net/8d1b/f/2016/288/1/a/1a40b47529706bebe5b4bc3d34d79537-dal3a3e.png 50w&quot; sizes=&quot;50px&quot;&gt;&lt;/a&gt;&lt;/span&gt;&lt;!-- ^TTT --&gt;&lt;!-- TTT$ --&gt;&lt;/span&gt;x1&lt;br /&gt;&lt;strike&gt;Body Dye Potion x1&lt;/strike&gt;&amp;nbsp;&lt;span class=&quot;shadow-holder&quot; data-embed-type=&quot;deviation&quot; data-embed-id=&quot;640082889&quot; data-embed-format=&quot;thumb&quot;&gt;&lt;span class=&quot;shadow mild&quot; &gt;&lt;a class=&quot;thumb&quot; href=&quot;https://griffsnuff.deviantart.com/art/Dye-bean-640082889&quot; title=&quot;Dye bean by griffsnuff, Oct 14, 2016 in Digital Art &amp;gt; Drawings &amp;amp; Paintings &amp;gt; Other&quot;data-super-img=&quot;https://orig04.deviantart.net/1b1e/f/2016/288/3/b/3b5ebc32a529d6fb12e704af4f49ad6c-dal3749.png&quot; data-super-width=&quot;50&quot; data-super-height=&quot;50&quot; data-super-transparent=&quot;true&quot; data-super-alt=&quot;Dye bean by griffsnuff&quot; data-super-full-img=&quot;https://orig04.deviantart.net/1b1e/f/2016/288/3/b/3b5ebc32a529d6fb12e704af4f49ad6c-dal3749.png&quot; data-super-full-width=&quot;50&quot; data-super-full-height=&quot;50&quot;        data-sigil=&quot;thumb&quot;&gt;
            &lt;i&gt;&lt;/i&gt;&lt;img   width=&quot;50&quot; height=&quot;50&quot; alt=&quot;Dye bean by griffsnuff&quot; src=&quot;https://orig04.deviantart.net/1b1e/f/2016/288/3/b/3b5ebc32a529d6fb12e704af4f49ad6c-dal3749.png&quot; data-src=&quot;https://orig04.deviantart.net/1b1e/f/2016/288/3/b/3b5ebc32a529d6fb12e704af4f49ad6c-dal3749.png&quot; srcset=&quot;https://orig04.deviantart.net/1b1e/f/2016/288/3/b/3b5ebc32a529d6fb12e704af4f49ad6c-dal3749.png 50w&quot; sizes=&quot;50px&quot;&gt;&lt;/a&gt;&lt;/span&gt;&lt;!-- ^TTT --&gt;&lt;!-- TTT$ --&gt;&lt;/span&gt;x1&lt;br /&gt;&lt;br /&gt;PEAS EARNED (once this design is approved):&lt;br /&gt;&lt;span class=&quot;shadow-holder&quot; data-embed-type=&quot;deviation&quot; data-embed-id=&quot;624187845&quot; data-embed-format=&quot;thumb&quot;&gt;&lt;span class=&quot;shadow mild&quot; &gt;&lt;a class=&quot;thumb&quot; href=&quot;https://griffsnuff.deviantart.com/art/Pea-624187845&quot; title=&quot;Pea by griffsnuff, Jul 27, 2016 in Digital Art &amp;gt; Drawings &amp;amp; Paintings &amp;gt; Other&quot;data-super-img=&quot;https://orig12.deviantart.net/e09b/f/2016/208/e/b/ebf9598570e355a7200102ef5408c40d-dabmif9.png&quot; data-super-width=&quot;50&quot; data-super-height=&quot;50&quot; data-super-transparent=&quot;true&quot; data-super-alt=&quot;Pea by griffsnuff&quot; data-super-full-img=&quot;https://orig12.deviantart.net/e09b/f/2016/208/e/b/ebf9598570e355a7200102ef5408c40d-dabmif9.png&quot; data-super-full-width=&quot;50&quot; data-super-full-height=&quot;50&quot;        data-sigil=&quot;thumb&quot;&gt;
            &lt;i&gt;&lt;/i&gt;&lt;img   width=&quot;50&quot; height=&quot;50&quot; alt=&quot;Pea by griffsnuff&quot; src=&quot;https://orig12.deviantart.net/e09b/f/2016/208/e/b/ebf9598570e355a7200102ef5408c40d-dabmif9.png&quot; data-src=&quot;https://orig12.deviantart.net/e09b/f/2016/208/e/b/ebf9598570e355a7200102ef5408c40d-dabmif9.png&quot; srcset=&quot;https://orig12.deviantart.net/e09b/f/2016/208/e/b/ebf9598570e355a7200102ef5408c40d-dabmif9.png 50w&quot; sizes=&quot;50px&quot;&gt;&lt;/a&gt;&lt;/span&gt;&lt;!-- ^TTT --&gt;&lt;!-- TTT$ --&gt;&lt;/span&gt;x09&lt;br /&gt;(not counting shading since it&#039;s very minimal)&lt;br /&gt;&lt;br /&gt;---&lt;br /&gt;&lt;br /&gt;Art/character Tobias belongs to me.&lt;br /&gt;Bagbeans Species/original design (before my edits, see masterlist entry -&amp;nbsp;&lt;a href=&quot;http://fav.me/daj5dnx&quot;&gt;206 - Wolverine&lt;/a&gt;&amp;nbsp;) belongs to &lt;span class=&quot;username-with-symbol u&quot;&gt;&lt;a class=&quot;u senior username&quot; href=&quot;https://griffsnuff.deviantart.com&quot;&gt;griffsnuff&lt;/a&gt;&lt;span class=&quot;user-symbol senior&quot; data-quicktip-text=&quot;Senior Member&quot; data-show-tooltip=&quot;1&quot; data-gruser-type=&quot;senior&quot;&gt;&lt;/span&gt;&lt;/span&gt;&lt;br /&gt;Made with Paint Tool SAI.&lt;br /&gt;Please do not trace/repost/etc.</media:description>            <media:thumbnail url="https://t00.deviantart.net/n20qFJPxlQ_GAAY7HEV5mIylNkQ=/fit-in/150x150/filters:no_upscale():origin()/pre00/46fa/th/pre/f/2017/163/a/e/tobias_ref_sheet___redesign_berserk_form_by_taiintysoup-dbcftie.png" height="150" width="133"/>            <media:thumbnail url="https://t00.deviantart.net/zwSjGWvTivTAzeQYQk0q2HPK40Q=/fit-in/300x900/filters:no_upscale():origin()/pre00/46fa/th/pre/f/2017/163/a/e/tobias_ref_sheet___redesign_berserk_form_by_taiintysoup-dbcftie.png" height="337" width="300"/>            <media:thumbnail url="https://t00.deviantart.net/vOhC064cjHkmJilDuNAjZknN9w0=/300x200/filters:fixed_height(100,100):origin()/pre00/46fa/th/pre/f/2017/163/a/e/tobias_ref_sheet___redesign_berserk_form_by_taiintysoup-dbcftie.png" height="200" width="178"/>            <media:content url="https://pre00.deviantart.net/46fa/th/pre/f/2017/163/a/e/tobias_ref_sheet___redesign_berserk_form_by_taiintysoup-dbcftie.png" height="948" width="843" medium="image"/>
            <description>I won 2 starbeans at the Beango!!! So I decided to get my head down and give Tobias a proper redesign with the mutations I wanted most - long fur and different tail. I also used the Skull Bean I bought at the Carnival to give him a Berserk form I was planning on!!! Now he&#039;s a BEAST!!! I&#039;ll hopefully be planning a story around this! And while I was at it, I fiddled with his colour design a little (and traded someone for a Body Dye Potion so I could do so). I also have a Whap custom on the way, which I want to involve with him too!!! So lots of things planned, very excited! And much more pleased with this design than the last 2 8w8 He&#039;s of course not approved quite yet but as soon as the body dye potion is transferred then I&#039;ll go to get him confirmed!&lt;br /&gt;&lt;br /&gt;&lt;h2&gt;&lt;b&gt;&lt;i&gt;PLEASE USE THIS REF SHEET WHEN DRAWING TOBIAS!!!&lt;/i&gt;&lt;/b&gt;&lt;/h2&gt;&lt;br /&gt;ALL ITEMS USED:&lt;br /&gt;&lt;span class=&quot;shadow-holder&quot; data-embed-type=&quot;deviation&quot; data-embed-id=&quot;613687075&quot; data-embed-format=&quot;thumb&quot;&gt;&lt;span class=&quot;shadow mild&quot; &gt;&lt;a class=&quot;thumb&quot; href=&quot;https://griffsnuff.deviantart.com/art/Star-bean-613687075&quot; title=&quot;Star bean by griffsnuff, Jun 6, 2016 in Digital Art &amp;gt; Drawings &amp;amp; Paintings &amp;gt; Other&quot;data-super-img=&quot;https://orig06.deviantart.net/f2bb/f/2016/158/f/6/f684360c7148b71f519b6a828e1e6d42-da5dfz7.png&quot; data-super-width=&quot;50&quot; data-super-height=&quot;50&quot; data-super-transparent=&quot;true&quot; data-super-alt=&quot;Star bean by griffsnuff&quot; data-super-full-img=&quot;https://orig06.deviantart.net/f2bb/f/2016/158/f/6/f684360c7148b71f519b6a828e1e6d42-da5dfz7.png&quot; data-super-full-width=&quot;50&quot; data-super-full-height=&quot;50&quot;        data-sigil=&quot;thumb&quot;&gt;
                &lt;i&gt;&lt;/i&gt;&lt;img   width=&quot;50&quot; height=&quot;50&quot; alt=&quot;Star bean by griffsnuff&quot; src=&quot;https://orig06.deviantart.net/f2bb/f/2016/158/f/6/f684360c7148b71f519b6a828e1e6d42-da5dfz7.png&quot; data-src=&quot;https://orig06.deviantart.net/f2bb/f/2016/158/f/6/f684360c7148b71f519b6a828e1e6d42-da5dfz7.png&quot; srcset=&quot;https://orig06.deviantart.net/f2bb/f/2016/158/f/6/f684360c7148b71f519b6a828e1e6d42-da5dfz7.png 50w&quot; sizes=&quot;50px&quot;&gt;&lt;/a&gt;&lt;/span&gt;&lt;!-- ^TTT --&gt;&lt;!-- TTT$ --&gt;&lt;/span&gt;x2&amp;nbsp;&lt;span class=&quot;shadow-holder&quot; data-embed-type=&quot;deviation&quot; data-embed-id=&quot;640086746&quot; data-embed-format=&quot;thumb&quot;&gt;&lt;span class=&quot;shadow mild&quot; &gt;&lt;a class=&quot;thumb&quot; href=&quot;https://griffsnuff.deviantart.com/art/Skull-bean-640086746&quot; title=&quot;Skull bean by griffsnuff, Oct 15, 2016 in Digital Art &amp;gt; Drawings &amp;amp; Paintings &amp;gt; Other&quot;data-super-img=&quot;https://orig13.deviantart.net/8d1b/f/2016/288/1/a/1a40b47529706bebe5b4bc3d34d79537-dal3a3e.png&quot; data-super-width=&quot;50&quot; data-super-height=&quot;50&quot; data-super-transparent=&quot;true&quot; data-super-alt=&quot;Skull bean by griffsnuff&quot; data-super-full-img=&quot;https://orig13.deviantart.net/8d1b/f/2016/288/1/a/1a40b47529706bebe5b4bc3d34d79537-dal3a3e.png&quot; data-super-full-width=&quot;50&quot; data-super-full-height=&quot;50&quot;        data-sigil=&quot;thumb&quot;&gt;
                &lt;i&gt;&lt;/i&gt;&lt;img   width=&quot;50&quot; height=&quot;50&quot; alt=&quot;Skull bean by griffsnuff&quot; src=&quot;https://orig13.deviantart.net/8d1b/f/2016/288/1/a/1a40b47529706bebe5b4bc3d34d79537-dal3a3e.png&quot; data-src=&quot;https://orig13.deviantart.net/8d1b/f/2016/288/1/a/1a40b47529706bebe5b4bc3d34d79537-dal3a3e.png&quot; srcset=&quot;https://orig13.deviantart.net/8d1b/f/2016/288/1/a/1a40b47529706bebe5b4bc3d34d79537-dal3a3e.png 50w&quot; sizes=&quot;50px&quot;&gt;&lt;/a&gt;&lt;/span&gt;&lt;!-- ^TTT --&gt;&lt;!-- TTT$ --&gt;&lt;/span&gt;x1&lt;br /&gt;&lt;strike&gt;Body Dye Potion x1&lt;/strike&gt;&amp;nbsp;&lt;span class=&quot;shadow-holder&quot; data-embed-type=&quot;deviation&quot; data-embed-id=&quot;640082889&quot; data-embed-format=&quot;thumb&quot;&gt;&lt;span class=&quot;shadow mild&quot; &gt;&lt;a class=&quot;thumb&quot; href=&quot;https://griffsnuff.deviantart.com/art/Dye-bean-640082889&quot; title=&quot;Dye bean by griffsnuff, Oct 14, 2016 in Digital Art &amp;gt; Drawings &amp;amp; Paintings &amp;gt; Other&quot;data-super-img=&quot;https://orig04.deviantart.net/1b1e/f/2016/288/3/b/3b5ebc32a529d6fb12e704af4f49ad6c-dal3749.png&quot; data-super-width=&quot;50&quot; data-super-height=&quot;50&quot; data-super-transparent=&quot;true&quot; data-super-alt=&quot;Dye bean by griffsnuff&quot; data-super-full-img=&quot;https://orig04.deviantart.net/1b1e/f/2016/288/3/b/3b5ebc32a529d6fb12e704af4f49ad6c-dal3749.png&quot; data-super-full-width=&quot;50&quot; data-super-full-height=&quot;50&quot;        data-sigil=&quot;thumb&quot;&gt;
                &lt;i&gt;&lt;/i&gt;&lt;img   width=&quot;50&quot; height=&quot;50&quot; alt=&quot;Dye bean by griffsnuff&quot; src=&quot;https://orig04.deviantart.net/1b1e/f/2016/288/3/b/3b5ebc32a529d6fb12e704af4f49ad6c-dal3749.png&quot; data-src=&quot;https://orig04.deviantart.net/1b1e/f/2016/288/3/b/3b5ebc32a529d6fb12e704af4f49ad6c-dal3749.png&quot; srcset=&quot;https://orig04.deviantart.net/1b1e/f/2016/288/3/b/3b5ebc32a529d6fb12e704af4f49ad6c-dal3749.png 50w&quot; sizes=&quot;50px&quot;&gt;&lt;/a&gt;&lt;/span&gt;&lt;!-- ^TTT --&gt;&lt;!-- TTT$ --&gt;&lt;/span&gt;x1&lt;br /&gt;&lt;br /&gt;PEAS EARNED (once this design is approved):&lt;br /&gt;&lt;span class=&quot;shadow-holder&quot; data-embed-type=&quot;deviation&quot; data-embed-id=&quot;624187845&quot; data-embed-format=&quot;thumb&quot;&gt;&lt;span class=&quot;shadow mild&quot; &gt;&lt;a class=&quot;thumb&quot; href=&quot;https://griffsnuff.deviantart.com/art/Pea-624187845&quot; title=&quot;Pea by griffsnuff, Jul 27, 2016 in Digital Art &amp;gt; Drawings &amp;amp; Paintings &amp;gt; Other&quot;data-super-img=&quot;https://orig12.deviantart.net/e09b/f/2016/208/e/b/ebf9598570e355a7200102ef5408c40d-dabmif9.png&quot; data-super-width=&quot;50&quot; data-super-height=&quot;50&quot; data-super-transparent=&quot;true&quot; data-super-alt=&quot;Pea by griffsnuff&quot; data-super-full-img=&quot;https://orig12.deviantart.net/e09b/f/2016/208/e/b/ebf9598570e355a7200102ef5408c40d-dabmif9.png&quot; data-super-full-width=&quot;50&quot; data-super-full-height=&quot;50&quot;        data-sigil=&quot;thumb&quot;&gt;
                &lt;i&gt;&lt;/i&gt;&lt;img   width=&quot;50&quot; height=&quot;50&quot; alt=&quot;Pea by griffsnuff&quot; src=&quot;https://orig12.deviantart.net/e09b/f/2016/208/e/b/ebf9598570e355a7200102ef5408c40d-dabmif9.png&quot; data-src=&quot;https://orig12.deviantart.net/e09b/f/2016/208/e/b/ebf9598570e355a7200102ef5408c40d-dabmif9.png&quot; srcset=&quot;https://orig12.deviantart.net/e09b/f/2016/208/e/b/ebf9598570e355a7200102ef5408c40d-dabmif9.png 50w&quot; sizes=&quot;50px&quot;&gt;&lt;/a&gt;&lt;/span&gt;&lt;!-- ^TTT --&gt;&lt;!-- TTT$ --&gt;&lt;/span&gt;x09&lt;br /&gt;(not counting shading since it&#039;s very minimal)&lt;br /&gt;&lt;br /&gt;---&lt;br /&gt;&lt;br /&gt;Art/character Tobias belongs to me.&lt;br /&gt;Bagbeans Species/original design (before my edits, see masterlist entry -&amp;nbsp;&lt;a href=&quot;http://fav.me/daj5dnx&quot;&gt;206 - Wolverine&lt;/a&gt;&amp;nbsp;) belongs to &lt;span class=&quot;username-with-symbol u&quot;&gt;&lt;a class=&quot;u senior username&quot; href=&quot;https://griffsnuff.deviantart.com&quot;&gt;griffsnuff&lt;/a&gt;&lt;span class=&quot;user-symbol senior&quot; data-quicktip-text=&quot;Senior Member&quot; data-show-tooltip=&quot;1&quot; data-gruser-type=&quot;senior&quot;&gt;&lt;/span&gt;&lt;/span&gt;&lt;br /&gt;Made with Paint Tool SAI.&lt;br /&gt;Please do not trace/repost/etc.&lt;br /&gt;&lt;div&gt;&lt;img src=&quot;https://t00.deviantart.net/vOhC064cjHkmJilDuNAjZknN9w0=/300x200/filters:fixed_height(100,100):origin()/pre00/46fa/th/pre/f/2017/163/a/e/tobias_ref_sheet___redesign_berserk_form_by_taiintysoup-dbcftie.png&quot; alt=&quot;thumbnail&quot; /&gt;&lt;/div&gt;</description>            </item>
        <item>
            <title>Commission Swordsman</title>
            <link>https://i-lon.deviantart.com/art/Commission-Swordsman-684550963</link>
            <guid isPermaLink="true">https://i-lon.deviantart.com/art/Commission-Swordsman-684550963</guid>
            <pubDate>Sun, 04 Jun 2017 15:24:38 PDT</pubDate>
            <media:title type="plain">Commission Swordsman</media:title>
            <media:keywords></media:keywords>
            <media:rating>nonadult</media:rating>
            <media:category label="Fantasy">digitalart/paintings/people/fantasy</media:category>
            <media:credit role="author" scheme="urn:ebu">I-lon</media:credit>
            <media:credit role="author" scheme="urn:ebu">https://a.deviantart.net/avatars/i/_/i-lon.jpg?3</media:credit>
            <media:copyright url="https://i-lon.deviantart.com">Copyright 2017-2019 I-lon</media:copyright>            <media:description type="html">&lt;p&gt;Finished commission from a client via&lt;a class=&quot;external&quot; href=&quot;https://www.deviantart.com/users/outgoing?https://artistsnclients.com/slots/16046-custom-character&quot;&gt; Artists&amp;amp;Clients.&lt;/a&gt;&lt;/p&gt;&lt;p&gt;This is their OC, who&amp;#8217;s based on Guts from Berserker.&lt;/p&gt;&lt;p&gt;Was super fun to paint and the client was amazing, so many references provided &amp;lt;3&lt;/p&gt;</media:description>            <media:thumbnail url="https://t00.deviantart.net/2AAXtrUMdonBy2i6xVjonMy62B4=/fit-in/150x150/filters:no_upscale():origin()/pre00/ebca/th/pre/i/2017/155/4/d/commission_swordsman_by_i_lon-dbbkawj.png" height="150" width="111"/>            <media:thumbnail url="https://t00.deviantart.net/fuyOyQV_CIrKqfOiLob53NpLhkc=/fit-in/300x900/filters:no_upscale():origin()/pre00/ebca/th/pre/i/2017/155/4/d/commission_swordsman_by_i_lon-dbbkawj.png" height="407" width="300"/>            <media:thumbnail url="https://t00.deviantart.net/QyUlpcNGoSI7u0x16ohyl2irtOE=/300x200/filters:fixed_height(100,100):origin()/pre00/ebca/th/pre/i/2017/155/4/d/commission_swordsman_by_i_lon-dbbkawj.png" height="200" width="148"/>            <media:content url="https://pre00.deviantart.net/ebca/th/pre/i/2017/155/4/d/commission_swordsman_by_i_lon-dbbkawj.png" height="1041" width="768" medium="image"/>
            <description>&lt;p&gt;Finished commission from a client via&lt;a class=&quot;external&quot; href=&quot;https://www.deviantart.com/users/outgoing?https://artistsnclients.com/slots/16046-custom-character&quot;&gt; Artists&amp;amp;Clients.&lt;/a&gt;&lt;/p&gt;&lt;p&gt;This is their OC, who&amp;#8217;s based on Guts from Berserker.&lt;/p&gt;&lt;p&gt;Was super fun to paint and the client was amazing, so many references provided &amp;lt;3&lt;/p&gt;&lt;br /&gt;&lt;div&gt;&lt;img src=&quot;https://t00.deviantart.net/QyUlpcNGoSI7u0x16ohyl2irtOE=/300x200/filters:fixed_height(100,100):origin()/pre00/ebca/th/pre/i/2017/155/4/d/commission_swordsman_by_i_lon-dbbkawj.png&quot; alt=&quot;thumbnail&quot; /&gt;&lt;/div&gt;</description>            </item>
        <item>
            <title>Codename: Statyk - Dawn of Justice - Chapter 8</title>
            <link>https://mctaylis.deviantart.com/art/Codename-Statyk-Dawn-of-Justice-Chapter-8-673315283</link>
            <guid isPermaLink="true">https://mctaylis.deviantart.com/art/Codename-Statyk-Dawn-of-Justice-Chapter-8-673315283</guid>
            <pubDate>Sat, 08 Apr 2017 07:40:29 PDT</pubDate>
            <media:title type="plain">Codename: Statyk - Dawn of Justice - Chapter 8</media:title>
            <media:keywords></media:keywords>
            <media:rating>adult</media:rating>
            <media:category label="Sci-Fi">literature/fanfiction/scifi</media:category>
            <media:credit role="author" scheme="urn:ebu">McTaylis</media:credit>
            <media:credit role="author" scheme="urn:ebu">https://a.deviantart.net/avatars/m/c/mctaylis.png?11</media:credit>
            <media:copyright url="https://mctaylis.deviantart.com">Copyright 2017-2019 McTaylis</media:copyright>
            <media:community>
                <media:tags>@mctaylis</media:tags>
            </media:community>            <media:description type="html">Another whole chapter for the big black dragon, finally facing Archangel and getting ready for a strong fight.&lt;br /&gt;&lt;br /&gt;&lt;small&gt;Note: Flagged as mature for blood/violence.&lt;br /&gt;---&lt;br /&gt;More chapters: &lt;a href=&quot;https://mctaylis.deviantart.com/gallery/51715363/Codename-Statyk-Dawn-of-Justice&quot;&gt;mctaylis.deviantart.com/galler&amp;hellip;&lt;/a&gt;&lt;br /&gt;---&lt;br /&gt;Written by &lt;span class=&quot;username-with-symbol u&quot;&gt;&lt;a class=&quot;u regular username&quot; href=&quot;https://demron1992.deviantart.com&quot;&gt;Demron1992&lt;/a&gt;&lt;span class=&quot;user-symbol regular&quot; data-quicktip-text=&quot;&quot; data-show-tooltip=&quot;&quot; data-gruser-type=&quot;regular&quot;&gt;&lt;/span&gt;&lt;/span&gt; &lt;br /&gt;With characters and ideas by &lt;span class=&quot;username-with-symbol u&quot;&gt;&lt;a class=&quot;u beta username&quot; href=&quot;https://mctaylis.deviantart.com&quot;&gt;McTaylis&lt;/a&gt;&lt;span class=&quot;user-symbol beta&quot; data-quicktip-text=&quot;Beta Tester&quot; data-show-tooltip=&quot;1&quot; data-gruser-type=&quot;beta&quot;&gt;&lt;/span&gt;&lt;/span&gt; &lt;br /&gt;Edited by &lt;span class=&quot;username-with-symbol u&quot;&gt;&lt;a class=&quot;u regular username&quot; href=&quot;https://kujjles.deviantart.com&quot;&gt;Kujjles&lt;/a&gt;&lt;span class=&quot;user-symbol regular&quot; data-quicktip-text=&quot;&quot; data-show-tooltip=&quot;&quot; data-gruser-type=&quot;regular&quot;&gt;&lt;/span&gt;&lt;/span&gt;&amp;nbsp;&lt;/small&gt;</media:description>

            <media:content url="https://mctaylis.deviantart.com/art/Codename-Statyk-Dawn-of-Justice-Chapter-8-673315283" medium="document" />
            <media:text type="html">Chapter 8 - Ramparts&lt;br /&gt;&lt;br /&gt;A cold wind blew over the bleak landscape stretched before Draeter, searching and twisting its way through countless long forgotten tombstones, bearing the whispering echos of a thousand tears, wept by countless bereaved scalies over hundreds of years. The weathered state of the stones left much up to imagination in terms of their owner, each covered in thick grass left to reclaim the burial, though some happened to have a flickering candle left on them. The weather was particularly sporadic; a once blue sky was now cloud-covered, drizzling, and windy.&lt;br /&gt;&lt;br /&gt;&amp;#8220;A simple weather change won&#039;t stop me from getting the inform</media:text>
            <description>Another whole chapter for the big black dragon, finally facing Archangel and getting ready for a strong fight.&lt;br /&gt;&lt;br /&gt;&lt;small&gt;Note: Flagged as mature for blood/violence.&lt;br /&gt;---&lt;br /&gt;More chapters: &lt;a href=&quot;https://mctaylis.deviantart.com/gallery/51715363/Codename-Statyk-Dawn-of-Justice&quot;&gt;mctaylis.deviantart.com/galler&amp;hellip;&lt;/a&gt;&lt;br /&gt;---&lt;br /&gt;Written by &lt;span class=&quot;username-with-symbol u&quot;&gt;&lt;a class=&quot;u regular username&quot; href=&quot;https://demron1992.deviantart.com&quot;&gt;Demron1992&lt;/a&gt;&lt;span class=&quot;user-symbol regular&quot; data-quicktip-text=&quot;&quot; data-show-tooltip=&quot;&quot; data-gruser-type=&quot;regular&quot;&gt;&lt;/span&gt;&lt;/span&gt; &lt;br /&gt;With characters and ideas by &lt;span class=&quot;username-with-symbol u&quot;&gt;&lt;a class=&quot;u beta username&quot; href=&quot;https://mctaylis.deviantart.com&quot;&gt;McTaylis&lt;/a&gt;&lt;span class=&quot;user-symbol beta&quot; data-quicktip-text=&quot;Beta Tester&quot; data-show-tooltip=&quot;1&quot; data-gruser-type=&quot;beta&quot;&gt;&lt;/span&gt;&lt;/span&gt; &lt;br /&gt;Edited by &lt;span class=&quot;username-with-symbol u&quot;&gt;&lt;a class=&quot;u regular username&quot; href=&quot;https://kujjles.deviantart.com&quot;&gt;Kujjles&lt;/a&gt;&lt;span class=&quot;user-symbol regular&quot; data-quicktip-text=&quot;&quot; data-show-tooltip=&quot;&quot; data-gruser-type=&quot;regular&quot;&gt;&lt;/span&gt;&lt;/span&gt;&amp;nbsp;&lt;/small&gt;</description>            </item>
        <item>
            <title>Alternative Beast Of Darkness</title>
            <link>https://dalmoreellie.deviantart.com/art/Alternative-Beast-Of-Darkness-671361345</link>
            <guid isPermaLink="true">https://dalmoreellie.deviantart.com/art/Alternative-Beast-Of-Darkness-671361345</guid>
            <pubDate>Mon, 27 Mar 2017 06:07:15 PDT</pubDate>
            <media:title type="plain">Alternative Beast Of Darkness</media:title>
            <media:keywords></media:keywords>
            <media:rating>nonadult</media:rating>
            <media:category label="Books &amp; Novels">fanart/digital/drawings/books</media:category>
            <media:credit role="author" scheme="urn:ebu">DalmoreEllie</media:credit>
            <media:credit role="author" scheme="urn:ebu">https://a.deviantart.net/avatars/d/a/dalmoreellie.png?12</media:credit>
            <media:copyright url="https://dalmoreellie.deviantart.com">Copyright 2017-2019 DalmoreEllie</media:copyright>            <media:description type="html">Original artist:&amp;nbsp;&lt;a href=&quot;https://nefillim.deviantart.com/&quot;&gt;Nefillim&lt;/a&gt;&lt;br /&gt;&lt;br /&gt;This is another version of the Berserker armor if the Beast of Darkness looked diffrent &lt;img src=&quot;https://e.deviantart.net/emoticons/s/smile.gif&quot; width=&quot;15&quot; height=&quot;15&quot; alt=&quot;:)&quot; data-embed-type=&quot;emoticon&quot; data-embed-id=&quot;391&quot; title=&quot;:) (Smile)&quot;/&gt;</media:description>            <media:thumbnail url="https://t00.deviantart.net/z8t9Lb77BBS12LwLSVePWlc-PBk=/fit-in/150x150/filters:no_upscale():origin()/pre00/0e12/th/pre/i/2017/086/f/0/alternative_beast_of_darkness_by_dalmoreellie-db3plq9.png" height="113" width="150"/>            <media:thumbnail url="https://t00.deviantart.net/3x9eYhMGyM38nUgdPI0etO4m4eU=/fit-in/300x900/filters:no_upscale():origin()/pre00/0e12/th/pre/i/2017/086/f/0/alternative_beast_of_darkness_by_dalmoreellie-db3plq9.png" height="226" width="300"/>            <media:thumbnail url="https://t00.deviantart.net/R4aB9e8XpPJC04XIxcAx8Oytfi0=/300x200/filters:fixed_height(100,100):origin()/pre00/0e12/th/pre/i/2017/086/f/0/alternative_beast_of_darkness_by_dalmoreellie-db3plq9.png" height="200" width="265"/>            <media:content url="https://img00.deviantart.net/a106/i/2017/086/f/0/alternative_beast_of_darkness_by_dalmoreellie-db3plq9.png" height="771" width="1024" medium="image"/>
            <description>Original artist:&amp;nbsp;&lt;a href=&quot;https://nefillim.deviantart.com/&quot;&gt;Nefillim&lt;/a&gt;&lt;br /&gt;&lt;br /&gt;This is another version of the Berserker armor if the Beast of Darkness looked diffrent &lt;img src=&quot;https://e.deviantart.net/emoticons/s/smile.gif&quot; width=&quot;15&quot; height=&quot;15&quot; alt=&quot;:)&quot; data-embed-type=&quot;emoticon&quot; data-embed-id=&quot;391&quot; title=&quot;:) (Smile)&quot;/&gt;&lt;br /&gt;&lt;div&gt;&lt;img src=&quot;https://t00.deviantart.net/R4aB9e8XpPJC04XIxcAx8Oytfi0=/300x200/filters:fixed_height(100,100):origin()/pre00/0e12/th/pre/i/2017/086/f/0/alternative_beast_of_darkness_by_dalmoreellie-db3plq9.png&quot; alt=&quot;thumbnail&quot; /&gt;&lt;/div&gt;</description>            </item>
        <item>
            <title>[MMD] Berserk</title>
            <link>https://chifar.deviantart.com/art/MMD-Berserk-669859099</link>
            <guid isPermaLink="true">https://chifar.deviantart.com/art/MMD-Berserk-669859099</guid>
            <pubDate>Sun, 19 Mar 2017 03:48:05 PDT</pubDate>
            <media:title type="plain">[MMD] Berserk</media:title>
            <media:keywords></media:keywords>
            <media:rating>nonadult</media:rating>
            <media:category label="3D">manga/digital/3d</media:category>
            <media:credit role="author" scheme="urn:ebu">Chifar</media:credit>
            <media:credit role="author" scheme="urn:ebu">https://a.deviantart.net/avatars/c/h/chifar.png?12</media:credit>
            <media:copyright url="https://chifar.deviantart.com">Copyright 2017-2019 Chifar</media:copyright>            <media:description type="html">OC\Model by&amp;nbsp;&lt;a class=&quot;external&quot; href=&quot;https://www.deviantart.com/users/outgoing?http://vk.com/bychifar&quot;&gt;Chifar (me)&lt;/a&gt;&lt;br /&gt;&amp;#1041;&amp;#1080;&amp;#1086;&amp;#1075;&amp;#1088;&amp;#1072;&amp;#1092;&amp;#1080;&amp;#1102; &amp;#1084;&amp;#1086;&amp;#1078;&amp;#1085;&amp;#1086; &amp;#1087;&amp;#1086;&amp;#1089;&amp;#1084;&amp;#1086;&amp;#1090;&amp;#1088;&amp;#1077;&amp;#1090;&amp;#1100; &amp;#1074; &amp;#1075;&amp;#1088;&amp;#1091;&amp;#1087;&amp;#1087;&amp;#1077;. &amp;#1057;&amp;#1077;&amp;#1081;&amp;#1095;&amp;#1072;&amp;#1089; &amp;#1103; &amp;#1085;&amp;#1077; &amp;#1074; &amp;#1089;&amp;#1086;&amp;#1089;&amp;#1090;&amp;#1086;&amp;#1103;&amp;#1085;&amp;#1080;&amp;#1080; &amp;#1077;&amp;#1077; &amp;#1087;&amp;#1080;&amp;#1089;&amp;#1072;&amp;#1090;&amp;#1100;.</media:description>            <media:thumbnail url="https://t00.deviantart.net/MNtIwqbYwHhHC5OQ7ga_BfZv9yQ=/fit-in/150x150/filters:no_upscale():origin()/pre00/ccd7/th/pre/i/2017/078/6/f/_mmd__berserk_by_chifar-db2tel7.png" height="90" width="150"/>            <media:thumbnail url="https://t00.deviantart.net/DYkDi0_mw8CSAyUTYDl1joIONJk=/fit-in/300x900/filters:no_upscale():origin()/pre00/ccd7/th/pre/i/2017/078/6/f/_mmd__berserk_by_chifar-db2tel7.png" height="180" width="300"/>            <media:thumbnail url="https://t00.deviantart.net/qOyFrgT1C-16WkmZex6TmSF2V_4=/300x200/filters:fixed_height(100,100):origin()/pre00/ccd7/th/pre/i/2017/078/6/f/_mmd__berserk_by_chifar-db2tel7.png" height="180" width="300"/>            <media:content url="https://img00.deviantart.net/4c2b/i/2017/078/6/f/_mmd__berserk_by_chifar-db2tel7.png" height="614" width="1024" medium="image"/>
            <description>OC\Model by&amp;nbsp;&lt;a class=&quot;external&quot; href=&quot;https://www.deviantart.com/users/outgoing?http://vk.com/bychifar&quot;&gt;Chifar (me)&lt;/a&gt;&lt;br /&gt;&amp;#1041;&amp;#1080;&amp;#1086;&amp;#1075;&amp;#1088;&amp;#1072;&amp;#1092;&amp;#1080;&amp;#1102; &amp;#1084;&amp;#1086;&amp;#1078;&amp;#1085;&amp;#1086; &amp;#1087;&amp;#1086;&amp;#1089;&amp;#1084;&amp;#1086;&amp;#1090;&amp;#1088;&amp;#1077;&amp;#1090;&amp;#1100; &amp;#1074; &amp;#1075;&amp;#1088;&amp;#1091;&amp;#1087;&amp;#1087;&amp;#1077;. &amp;#1057;&amp;#1077;&amp;#1081;&amp;#1095;&amp;#1072;&amp;#1089; &amp;#1103; &amp;#1085;&amp;#1077; &amp;#1074; &amp;#1089;&amp;#1086;&amp;#1089;&amp;#1090;&amp;#1086;&amp;#1103;&amp;#1085;&amp;#1080;&amp;#1080; &amp;#1077;&amp;#1077; &amp;#1087;&amp;#1080;&amp;#1089;&amp;#1072;&amp;#1090;&amp;#1100;.&lt;br /&gt;&lt;div&gt;&lt;img src=&quot;https://t00.deviantart.net/qOyFrgT1C-16WkmZex6TmSF2V_4=/300x200/filters:fixed_height(100,100):origin()/pre00/ccd7/th/pre/i/2017/078/6/f/_mmd__berserk_by_chifar-db2tel7.png&quot; alt=&quot;thumbnail&quot; /&gt;&lt;/div&gt;</description>            </item>
        <item>
            <title>038-365 Two Sides of the Same Coin.</title>
            <link>https://krch2r.deviantart.com/art/038-365-Two-Sides-of-the-Same-Coin-662143774</link>
            <guid isPermaLink="true">https://krch2r.deviantart.com/art/038-365-Two-Sides-of-the-Same-Coin-662143774</guid>
            <pubDate>Tue, 07 Feb 2017 11:29:24 PST</pubDate>
            <media:title type="plain">038-365 Two Sides of the Same Coin.</media:title>
            <media:keywords></media:keywords>
            <media:rating>nonadult</media:rating>
            <media:category label="Other">fanart/manga/digital/other</media:category>
            <media:credit role="author" scheme="urn:ebu">KRCH2R</media:credit>
            <media:credit role="author" scheme="urn:ebu">https://a.deviantart.net/avatars/k/r/krch2r.jpg?4</media:credit>
            <media:copyright url="https://krch2r.deviantart.com">Copyright 2017-2019 KRCH2R</media:copyright>            <media:description type="html">038-365 Two Sides of the Same Coin.&lt;br /&gt;&lt;br /&gt;I drawn a request from a friend who roleplays Yukiteru Amano when he wins the Future Dairy War to become a god of time and space then happens to obtain Neon Genesis Evangelion Powers until after months of RP: He changed for the better and worst in terms of crossover powers to Tokyo Ghoul and Berserk into two in violent proportions.. As a Friend. I indulged some art for him: albiet not entirely my best work.</media:description>            <media:thumbnail url="https://t00.deviantart.net/DJng20QIOqIYK1t3a8ahsb9K8h0=/fit-in/150x150/filters:no_upscale():origin()/pre00/0311/th/pre/i/2017/038/c/5/038_365_two_sides_of_the_same_coin__by_the_role_player-day81em.jpg" height="94" width="150"/>            <media:thumbnail url="https://t00.deviantart.net/r8gd4v4hXr5ixv46_aakM68qb7o=/fit-in/300x900/filters:no_upscale():origin()/pre00/0311/th/pre/i/2017/038/c/5/038_365_two_sides_of_the_same_coin__by_the_role_player-day81em.jpg" height="188" width="300"/>            <media:thumbnail url="https://t00.deviantart.net/GIGXLhG9iMyUfUW0ApdUbna3XyM=/300x200/filters:fixed_height(100,100):origin()/pre00/0311/th/pre/i/2017/038/c/5/038_365_two_sides_of_the_same_coin__by_the_role_player-day81em.jpg" height="188" width="300"/>            <media:content url="https://img00.deviantart.net/8631/i/2017/038/c/5/038_365_two_sides_of_the_same_coin__by_the_role_player-day81em.jpg" height="640" width="1024" medium="image"/>
            <description>038-365 Two Sides of the Same Coin.&lt;br /&gt;&lt;br /&gt;I drawn a request from a friend who roleplays Yukiteru Amano when he wins the Future Dairy War to become a god of time and space then happens to obtain Neon Genesis Evangelion Powers until after months of RP: He changed for the better and worst in terms of crossover powers to Tokyo Ghoul and Berserk into two in violent proportions.. As a Friend. I indulged some art for him: albiet not entirely my best work.&lt;br /&gt;&lt;div&gt;&lt;img src=&quot;https://t00.deviantart.net/GIGXLhG9iMyUfUW0ApdUbna3XyM=/300x200/filters:fixed_height(100,100):origin()/pre00/0311/th/pre/i/2017/038/c/5/038_365_two_sides_of_the_same_coin__by_the_role_player-day81em.jpg&quot; alt=&quot;thumbnail&quot; /&gt;&lt;/div&gt;</description>            </item>
        <item>
            <title>BEWARE THE GINGERBREAD BOI</title>
            <link>https://a7xsparx.deviantart.com/art/BEWARE-THE-GINGERBREAD-BOI-662025375</link>
            <guid isPermaLink="true">https://a7xsparx.deviantart.com/art/BEWARE-THE-GINGERBREAD-BOI-662025375</guid>
            <pubDate>Mon, 06 Feb 2017 18:12:48 PST</pubDate>
            <media:title type="plain">BEWARE THE GINGERBREAD BOI</media:title>
            <media:keywords></media:keywords>
            <media:rating>nonadult</media:rating>
            <media:category label="Drawings">cartoons/traditional/cartoons/drawings</media:category>
            <media:credit role="author" scheme="urn:ebu">A7XSparx</media:credit>
            <media:credit role="author" scheme="urn:ebu">https://a.deviantart.net/avatars/a/7/a7xsparx.png?10</media:credit>
            <media:copyright url="https://a7xsparx.deviantart.com">Copyright 2017-2019 A7XSparx</media:copyright>            <media:description type="html">&lt;i&gt;&quot;wow crash bandicoot has changed a lot&quot;&lt;/i&gt; --Gummy 2k17&lt;br /&gt;&lt;br /&gt;&lt;a target=&quot;_self&quot; href=&quot;https://crashplz.deviantart.com/&quot; &gt;&lt;img class=&quot;avatar&quot; width=&quot;50&quot; height=&quot;50&quot; src=&quot;https://a.deviantart.net/avatars/c/r/crashplz.jpg&quot; alt=&quot;:iconcrashplz:&quot; title=&quot;CrashPlz&quot; /&gt;&lt;/a&gt;&lt;a target=&quot;_self&quot; href=&quot;https://crashplz.deviantart.com/&quot; &gt;&lt;img class=&quot;avatar&quot; width=&quot;50&quot; height=&quot;50&quot; src=&quot;https://a.deviantart.net/avatars/c/r/crashplz.jpg&quot; alt=&quot;:iconcrashplz:&quot; title=&quot;CrashPlz&quot; /&gt;&lt;/a&gt;&lt;a target=&quot;_self&quot; href=&quot;https://crashplz.deviantart.com/&quot; &gt;&lt;img class=&quot;avatar&quot; width=&quot;50&quot; height=&quot;50&quot; src=&quot;https://a.deviantart.net/avatars/c/r/crashplz.jpg&quot; alt=&quot;:iconcrashplz:&quot; title=&quot;CrashPlz&quot; /&gt;&lt;/a&gt;&lt;a target=&quot;_self&quot; href=&quot;https://crashplz.deviantart.com/&quot; &gt;&lt;img class=&quot;avatar&quot; width=&quot;50&quot; height=&quot;50&quot; src=&quot;https://a.deviantart.net/avatars/c/r/crashplz.jpg&quot; alt=&quot;:iconcrashplz:&quot; title=&quot;CrashPlz&quot; /&gt;&lt;/a&gt;&lt;a target=&quot;_self&quot; href=&quot;https://crashplz.deviantart.com/&quot; &gt;&lt;img class=&quot;avatar&quot; width=&quot;50&quot; height=&quot;50&quot; src=&quot;https://a.deviantart.net/avatars/c/r/crashplz.jpg&quot; alt=&quot;:iconcrashplz:&quot; title=&quot;CrashPlz&quot; /&gt;&lt;/a&gt;&lt;a target=&quot;_self&quot; href=&quot;https://crashplz.deviantart.com/&quot; &gt;&lt;img class=&quot;avatar&quot; width=&quot;50&quot; height=&quot;50&quot; src=&quot;https://a.deviantart.net/avatars/c/r/crashplz.jpg&quot; alt=&quot;:iconcrashplz:&quot; title=&quot;CrashPlz&quot; /&gt;&lt;/a&gt;&lt;a target=&quot;_self&quot; href=&quot;https://crashplz.deviantart.com/&quot; &gt;&lt;img class=&quot;avatar&quot; width=&quot;50&quot; height=&quot;50&quot; src=&quot;https://a.deviantart.net/avatars/c/r/crashplz.jpg&quot; alt=&quot;:iconcrashplz:&quot; title=&quot;CrashPlz&quot; /&gt;&lt;/a&gt;&lt;a target=&quot;_self&quot; href=&quot;https://crashplz.deviantart.com/&quot; &gt;&lt;img class=&quot;avatar&quot; width=&quot;50&quot; height=&quot;50&quot; src=&quot;https://a.deviantart.net/avatars/c/r/crashplz.jpg&quot; alt=&quot;:iconcrashplz:&quot; title=&quot;CrashPlz&quot; /&gt;&lt;/a&gt;&lt;a target=&quot;_self&quot; href=&quot;https://crashplz.deviantart.com/&quot; &gt;&lt;img class=&quot;avatar&quot; width=&quot;50&quot; height=&quot;50&quot; src=&quot;https://a.deviantart.net/avatars/c/r/crashplz.jpg&quot; alt=&quot;:iconcrashplz:&quot; title=&quot;CrashPlz&quot; /&gt;&lt;/a&gt;&lt;a target=&quot;_self&quot; href=&quot;https://crashplz.deviantart.com/&quot; &gt;&lt;img class=&quot;avatar&quot; width=&quot;50&quot; height=&quot;50&quot; src=&quot;https://a.deviantart.net/avatars/c/r/crashplz.jpg&quot; alt=&quot;:iconcrashplz:&quot; title=&quot;CrashPlz&quot; /&gt;&lt;/a&gt;&lt;a target=&quot;_self&quot; href=&quot;https://crashplz.deviantart.com/&quot; &gt;&lt;img class=&quot;avatar&quot; width=&quot;50&quot; height=&quot;50&quot; src=&quot;https://a.deviantart.net/avatars/c/r/crashplz.jpg&quot; alt=&quot;:iconcrashplz:&quot; title=&quot;CrashPlz&quot; /&gt;&lt;/a&gt;&lt;a target=&quot;_self&quot; href=&quot;https://crashplz.deviantart.com/&quot; &gt;&lt;img class=&quot;avatar&quot; width=&quot;50&quot; height=&quot;50&quot; src=&quot;https://a.deviantart.net/avatars/c/r/crashplz.jpg&quot; alt=&quot;:iconcrashplz:&quot; title=&quot;CrashPlz&quot; /&gt;&lt;/a&gt;&lt;small&gt;hello darkness my old friend&lt;/small&gt;&lt;br /&gt;&lt;br /&gt;&lt;br /&gt;&lt;br /&gt;I was helping a customer at work today at the cash register, and one of the items appeared on the screen as &quot;SHOPKINS TOP TRUMP&quot;&lt;br /&gt;&lt;br /&gt;......&lt;br /&gt;&lt;i&gt;&lt;b&gt;SHOPKINS TOP TRUMP&lt;/b&gt;&lt;/i&gt;&lt;br /&gt;??????????????????????????????????????????&lt;br /&gt;&lt;br /&gt;I guess it&#039;s not as bad as &quot;TURTLE STRETCH BRA&quot; but it definitely confused me for a solid minute&amp;nbsp;&lt;br /&gt;&lt;img src=&quot;https://e.deviantart.net/emoticons/l/laughing.gif&quot; width=&quot;15&quot; height=&quot;15&quot; alt=&quot;:laughing:&quot; data-embed-type=&quot;emoticon&quot; data-embed-id=&quot;336&quot; title=&quot;Laughing&quot;/&gt;&lt;img src=&quot;https://e.deviantart.net/emoticons/l/laughing.gif&quot; width=&quot;15&quot; height=&quot;15&quot; alt=&quot;:laughing:&quot; data-embed-type=&quot;emoticon&quot; data-embed-id=&quot;336&quot; title=&quot;Laughing&quot;/&gt;&lt;img src=&quot;https://e.deviantart.net/emoticons/l/laughing.gif&quot; width=&quot;15&quot; height=&quot;15&quot; alt=&quot;:laughing:&quot; data-embed-type=&quot;emoticon&quot; data-embed-id=&quot;336&quot; title=&quot;Laughing&quot;/&gt;</media:description>            <media:thumbnail url="https://t00.deviantart.net/yiS6Av33sZrtmp9FfZ3auNUzwHQ=/fit-in/150x150/filters:no_upscale():origin()/pre00/7998/th/pre/i/2017/037/7/6/beware_the_gingerbread_boi_by_a7xsparx-day5i1r.png" height="107" width="150"/>            <media:thumbnail url="https://t00.deviantart.net/lytOLFJhNBjVLykbhG8V63olzvQ=/fit-in/300x900/filters:no_upscale():origin()/pre00/7998/th/pre/i/2017/037/7/6/beware_the_gingerbread_boi_by_a7xsparx-day5i1r.png" height="214" width="300"/>            <media:thumbnail url="https://t00.deviantart.net/ITpEWAITjL22--DEKHtNAF0M-K8=/300x200/filters:fixed_height(100,100):origin()/pre00/7998/th/pre/i/2017/037/7/6/beware_the_gingerbread_boi_by_a7xsparx-day5i1r.png" height="200" width="280"/>            <media:content url="https://img00.deviantart.net/4ef9/i/2017/037/7/6/beware_the_gingerbread_boi_by_a7xsparx-day5i1r.png" height="731" width="1024" medium="image"/>
            <description>&lt;i&gt;&quot;wow crash bandicoot has changed a lot&quot;&lt;/i&gt; --Gummy 2k17&lt;br /&gt;&lt;br /&gt;&lt;a target=&quot;_self&quot; href=&quot;https://crashplz.deviantart.com/&quot; &gt;&lt;img class=&quot;avatar&quot; width=&quot;50&quot; height=&quot;50&quot; src=&quot;https://a.deviantart.net/avatars/c/r/crashplz.jpg&quot; alt=&quot;:iconcrashplz:&quot; title=&quot;CrashPlz&quot; /&gt;&lt;/a&gt;&lt;a target=&quot;_self&quot; href=&quot;https://crashplz.deviantart.com/&quot; &gt;&lt;img class=&quot;avatar&quot; width=&quot;50&quot; height=&quot;50&quot; src=&quot;https://a.deviantart.net/avatars/c/r/crashplz.jpg&quot; alt=&quot;:iconcrashplz:&quot; title=&quot;CrashPlz&quot; /&gt;&lt;/a&gt;&lt;a target=&quot;_self&quot; href=&quot;https://crashplz.deviantart.com/&quot; &gt;&lt;img class=&quot;avatar&quot; width=&quot;50&quot; height=&quot;50&quot; src=&quot;https://a.deviantart.net/avatars/c/r/crashplz.jpg&quot; alt=&quot;:iconcrashplz:&quot; title=&quot;CrashPlz&quot; /&gt;&lt;/a&gt;&lt;a target=&quot;_self&quot; href=&quot;https://crashplz.deviantart.com/&quot; &gt;&lt;img class=&quot;avatar&quot; width=&quot;50&quot; height=&quot;50&quot; src=&quot;https://a.deviantart.net/avatars/c/r/crashplz.jpg&quot; alt=&quot;:iconcrashplz:&quot; title=&quot;CrashPlz&quot; /&gt;&lt;/a&gt;&lt;a target=&quot;_self&quot; href=&quot;https://crashplz.deviantart.com/&quot; &gt;&lt;img class=&quot;avatar&quot; width=&quot;50&quot; height=&quot;50&quot; src=&quot;https://a.deviantart.net/avatars/c/r/crashplz.jpg&quot; alt=&quot;:iconcrashplz:&quot; title=&quot;CrashPlz&quot; /&gt;&lt;/a&gt;&lt;a target=&quot;_self&quot; href=&quot;https://crashplz.deviantart.com/&quot; &gt;&lt;img class=&quot;avatar&quot; width=&quot;50&quot; height=&quot;50&quot; src=&quot;https://a.deviantart.net/avatars/c/r/crashplz.jpg&quot; alt=&quot;:iconcrashplz:&quot; title=&quot;CrashPlz&quot; /&gt;&lt;/a&gt;&lt;a target=&quot;_self&quot; href=&quot;https://crashplz.deviantart.com/&quot; &gt;&lt;img class=&quot;avatar&quot; width=&quot;50&quot; height=&quot;50&quot; src=&quot;https://a.deviantart.net/avatars/c/r/crashplz.jpg&quot; alt=&quot;:iconcrashplz:&quot; title=&quot;CrashPlz&quot; /&gt;&lt;/a&gt;&lt;a target=&quot;_self&quot; href=&quot;https://crashplz.deviantart.com/&quot; &gt;&lt;img class=&quot;avatar&quot; width=&quot;50&quot; height=&quot;50&quot; src=&quot;https://a.deviantart.net/avatars/c/r/crashplz.jpg&quot; alt=&quot;:iconcrashplz:&quot; title=&quot;CrashPlz&quot; /&gt;&lt;/a&gt;&lt;a target=&quot;_self&quot; href=&quot;https://crashplz.deviantart.com/&quot; &gt;&lt;img class=&quot;avatar&quot; width=&quot;50&quot; height=&quot;50&quot; src=&quot;https://a.deviantart.net/avatars/c/r/crashplz.jpg&quot; alt=&quot;:iconcrashplz:&quot; title=&quot;CrashPlz&quot; /&gt;&lt;/a&gt;&lt;a target=&quot;_self&quot; href=&quot;https://crashplz.deviantart.com/&quot; &gt;&lt;img class=&quot;avatar&quot; width=&quot;50&quot; height=&quot;50&quot; src=&quot;https://a.deviantart.net/avatars/c/r/crashplz.jpg&quot; alt=&quot;:iconcrashplz:&quot; title=&quot;CrashPlz&quot; /&gt;&lt;/a&gt;&lt;a target=&quot;_self&quot; href=&quot;https://crashplz.deviantart.com/&quot; &gt;&lt;img class=&quot;avatar&quot; width=&quot;50&quot; height=&quot;50&quot; src=&quot;https://a.deviantart.net/avatars/c/r/crashplz.jpg&quot; alt=&quot;:iconcrashplz:&quot; title=&quot;CrashPlz&quot; /&gt;&lt;/a&gt;&lt;a target=&quot;_self&quot; href=&quot;https://crashplz.deviantart.com/&quot; &gt;&lt;img class=&quot;avatar&quot; width=&quot;50&quot; height=&quot;50&quot; src=&quot;https://a.deviantart.net/avatars/c/r/crashplz.jpg&quot; alt=&quot;:iconcrashplz:&quot; title=&quot;CrashPlz&quot; /&gt;&lt;/a&gt;&lt;small&gt;hello darkness my old friend&lt;/small&gt;&lt;br /&gt;&lt;br /&gt;&lt;br /&gt;&lt;br /&gt;I was helping a customer at work today at the cash register, and one of the items appeared on the screen as &quot;SHOPKINS TOP TRUMP&quot;&lt;br /&gt;&lt;br /&gt;......&lt;br /&gt;&lt;i&gt;&lt;b&gt;SHOPKINS TOP TRUMP&lt;/b&gt;&lt;/i&gt;&lt;br /&gt;??????????????????????????????????????????&lt;br /&gt;&lt;br /&gt;I guess it&#039;s not as bad as &quot;TURTLE STRETCH BRA&quot; but it definitely confused me for a solid minute&amp;nbsp;&lt;br /&gt;&lt;img src=&quot;https://e.deviantart.net/emoticons/l/laughing.gif&quot; width=&quot;15&quot; height=&quot;15&quot; alt=&quot;:laughing:&quot; data-embed-type=&quot;emoticon&quot; data-embed-id=&quot;336&quot; title=&quot;Laughing&quot;/&gt;&lt;img src=&quot;https://e.deviantart.net/emoticons/l/laughing.gif&quot; width=&quot;15&quot; height=&quot;15&quot; alt=&quot;:laughing:&quot; data-embed-type=&quot;emoticon&quot; data-embed-id=&quot;336&quot; title=&quot;Laughing&quot;/&gt;&lt;img src=&quot;https://e.deviantart.net/emoticons/l/laughing.gif&quot; width=&quot;15&quot; height=&quot;15&quot; alt=&quot;:laughing:&quot; data-embed-type=&quot;emoticon&quot; data-embed-id=&quot;336&quot; title=&quot;Laughing&quot;/&gt;&lt;br /&gt;&lt;div&gt;&lt;img src=&quot;https://t00.deviantart.net/ITpEWAITjL22--DEKHtNAF0M-K8=/300x200/filters:fixed_height(100,100):origin()/pre00/7998/th/pre/i/2017/037/7/6/beware_the_gingerbread_boi_by_a7xsparx-day5i1r.png&quot; alt=&quot;thumbnail&quot; /&gt;&lt;/div&gt;</description>            </item>
        <item>
            <title>When someone tries to kidnap Alicia</title>
            <link>https://theunlikelyhuman.deviantart.com/art/When-someone-tries-to-kidnap-Alicia-661417717</link>
            <guid isPermaLink="true">https://theunlikelyhuman.deviantart.com/art/When-someone-tries-to-kidnap-Alicia-661417717</guid>
            <pubDate>Fri, 03 Feb 2017 20:18:51 PST</pubDate>
            <media:title type="plain">When someone tries to kidnap Alicia</media:title>
            <media:keywords></media:keywords>
            <media:rating>nonadult</media:rating>
            <media:category label="Drawings">cartoons/digital/cartoons/drawings</media:category>
            <media:credit role="author" scheme="urn:ebu">TheUnlikelyHuman</media:credit>
            <media:credit role="author" scheme="urn:ebu">https://a.deviantart.net/avatars/t/h/theunlikelyhuman.png?4</media:credit>
            <media:copyright url="https://theunlikelyhuman.deviantart.com">Copyright 2017-2019 TheUnlikelyHuman</media:copyright>            <media:description type="html">Dash: Take my child will ya? RIP AND TEAR YOUR GUTS!!! RIP AND F*CKING TEAR!!!! GET READY FOR THE CLAWS IN YOUR CHEST!!!&lt;br /&gt;&lt;br /&gt;Yeah, forgot the tail sadly. But still he will get ultra pissed if you steal his daughter, and a lot more than if you steal Clause.&lt;br /&gt;&lt;br /&gt;Alicia - Me and &lt;a target=&quot;_self&quot; href=&quot;https://heavenstarfell.deviantart.com/&quot; &gt;&lt;img class=&quot;avatar&quot; width=&quot;50&quot; height=&quot;50&quot; src=&quot;https://a.deviantart.net/avatars/h/e/heavenstarfell.jpg?2&quot; alt=&quot;:iconheavenstarfell:&quot; title=&quot;HeavenStarFell&quot; /&gt;&lt;/a&gt;&lt;br /&gt;Dash and Artwork - Me</media:description>            <media:thumbnail url="https://t00.deviantart.net/IcGt7ajYN9wqLCocQ-iC8OCPXbw=/fit-in/150x150/filters:no_upscale():origin()/pre00/f683/th/pre/i/2017/034/4/9/when_someone_tries_to_kidnap_alicia_by_theunlikelyhuman-daxsh6d.png" height="113" width="150"/>            <media:thumbnail url="https://t00.deviantart.net/pYEGkhzQHmN7fVUISPacxaRB9NE=/fit-in/300x900/filters:no_upscale():origin()/pre00/f683/th/pre/i/2017/034/4/9/when_someone_tries_to_kidnap_alicia_by_theunlikelyhuman-daxsh6d.png" height="225" width="300"/>            <media:thumbnail url="https://t00.deviantart.net/89MwVeUbvWrsUdnEJVEtKvdV63g=/300x200/filters:fixed_height(100,100):origin()/pre00/f683/th/pre/i/2017/034/4/9/when_someone_tries_to_kidnap_alicia_by_theunlikelyhuman-daxsh6d.png" height="200" width="267"/>            <media:content url="https://img00.deviantart.net/1910/i/2017/034/4/9/when_someone_tries_to_kidnap_alicia_by_theunlikelyhuman-daxsh6d.png" height="768" width="1024" medium="image"/>
            <description>Dash: Take my child will ya? RIP AND TEAR YOUR GUTS!!! RIP AND F*CKING TEAR!!!! GET READY FOR THE CLAWS IN YOUR CHEST!!!&lt;br /&gt;&lt;br /&gt;Yeah, forgot the tail sadly. But still he will get ultra pissed if you steal his daughter, and a lot more than if you steal Clause.&lt;br /&gt;&lt;br /&gt;Alicia - Me and &lt;a target=&quot;_self&quot; href=&quot;https://heavenstarfell.deviantart.com/&quot; &gt;&lt;img class=&quot;avatar&quot; width=&quot;50&quot; height=&quot;50&quot; src=&quot;https://a.deviantart.net/avatars/h/e/heavenstarfell.jpg?2&quot; alt=&quot;:iconheavenstarfell:&quot; title=&quot;HeavenStarFell&quot; /&gt;&lt;/a&gt;&lt;br /&gt;Dash and Artwork - Me&lt;br /&gt;&lt;div&gt;&lt;img src=&quot;https://t00.deviantart.net/89MwVeUbvWrsUdnEJVEtKvdV63g=/300x200/filters:fixed_height(100,100):origin()/pre00/f683/th/pre/i/2017/034/4/9/when_someone_tries_to_kidnap_alicia_by_theunlikelyhuman-daxsh6d.png&quot; alt=&quot;thumbnail&quot; /&gt;&lt;/div&gt;</description>            </item>
        <item>
            <title>Smol blank</title>
            <link>https://green-marshmallow.deviantart.com/art/Smol-blank-658503136</link>
            <guid isPermaLink="true">https://green-marshmallow.deviantart.com/art/Smol-blank-658503136</guid>
            <pubDate>Fri, 20 Jan 2017 00:49:27 PST</pubDate>
            <media:title type="plain">Smol blank</media:title>
            <media:keywords></media:keywords>
            <media:rating>nonadult</media:rating>
            <media:category label="Scraps">scraps</media:category>
            <media:credit role="author" scheme="urn:ebu">green-marshmallow</media:credit>
            <media:credit role="author" scheme="urn:ebu">https://a.deviantart.net/avatars/g/r/green-marshmallow.jpg?2</media:credit>
            <media:copyright url="https://green-marshmallow.deviantart.com">Copyright 2017-2019 green-marshmallow</media:copyright>            <media:description type="html">Oc Blank who&#039;s hair will change *-*....a lot</media:description>            <media:thumbnail url="https://t00.deviantart.net/hs2ILheCn5yGB9zX_et3mhTbLPY=/fit-in/150x150/filters:no_upscale():origin()/pre00/c71c/th/pre/f/2017/020/6/6/smol_blank_by_green_marshmallow-daw209s.png" height="150" width="150"/>            <media:thumbnail url="https://t00.deviantart.net/vKj4UqUudEMXdeJMFaiUsl80k6w=/fit-in/300x900/filters:no_upscale():origin()/pre00/c71c/th/pre/f/2017/020/6/6/smol_blank_by_green_marshmallow-daw209s.png" height="300" width="300"/>            <media:thumbnail url="https://t00.deviantart.net/0wbhRiL1rQWrHw8SzScG7l7ShYc=/300x200/filters:fixed_height(100,100):origin()/pre00/c71c/th/pre/f/2017/020/6/6/smol_blank_by_green_marshmallow-daw209s.png" height="200" width="200"/>            <media:content url="https://pre00.deviantart.net/c71c/th/pre/f/2017/020/6/6/smol_blank_by_green_marshmallow-daw209s.png" height="894" width="894" medium="image"/>
            <description>Oc Blank who&#039;s hair will change *-*....a lot&lt;br /&gt;&lt;div&gt;&lt;img src=&quot;https://t00.deviantart.net/0wbhRiL1rQWrHw8SzScG7l7ShYc=/300x200/filters:fixed_height(100,100):origin()/pre00/c71c/th/pre/f/2017/020/6/6/smol_blank_by_green_marshmallow-daw209s.png&quot; alt=&quot;thumbnail&quot; /&gt;&lt;/div&gt;</description>            </item>
    </channel>
</rss>