<?xml version="1.0" encoding="utf-8"?>
<rss version="2.0" xmlns:media="http://search.yahoo.com/mrss/" xmlns:atom="http://www.w3.org/2005/Atom" xmlns:creativeCommons="http://backend.userland.com/creativeCommonsRssModule">
    <channel>
        <title>DeviantArt: Newest</title>
        <link>https://www.deviantart.com/newest/</link>
        <description>DeviantArt RSS for Newest</description>
        <language>en-us</language>
        <copyright>Copyright 2019, DeviantArt.com</copyright>
        <pubDate>Mon, 25 Feb 2019 11:44:15 PST</pubDate>

        <generator>DeviantArt.com</generator>
        <docs>http://blogs.law.harvard.edu/tech/rss</docs>
        <atom:icon>https://st.deviantart.net/minish/touch-icons/android-192.png</atom:icon>
        <atom:link type="application/rss+xml" rel="self" href="https://backend.deviantart.com/rss.xml?type=deviation&amp;order=5" />
        <atom:link rel="next" href="https://backend.deviantart.com/rss.xml?type=deviation&amp;order=5&amp;offset=60" />
                    <item>
                <title>Mysims Kingdom page 73</title>
                <link>https://kattinx.deviantart.com/art/Mysims-Kingdom-page-73-787221318</link>
                <guid isPermaLink="true">https://kattinx.deviantart.com/art/Mysims-Kingdom-page-73-787221318</guid>
                <pubDate>Mon, 25 Feb 2019 11:44:12 PST</pubDate>
                        <media:title type="plain">Mysims Kingdom page 73</media:title>
        <media:keywords></media:keywords>
                        <media:rating>nonadult</media:rating>
                <media:category label="Pages">cartoons/digital/comics/pages</media:category>
        <media:credit role="author" scheme="urn:ebu">Kattinx</media:credit>
        <media:credit role="author" scheme="urn:ebu">https://a.deviantart.net/avatars/k/a/kattinx.png?7</media:credit>
        <media:copyright url="https://kattinx.deviantart.com">Copyright 2019 Kattinx</media:copyright>            <media:description type="html">&lt;p&gt;&lt;span&gt;&lt;a href=&quot;https://www.deviantart.com/kattinx/art/Mysims-Kingdom-page-72-784494734&quot;&gt;Page 72&lt;/a&gt; &amp;lt;-Previous&amp;nbsp;&lt;a href=&quot;https://www.deviantart.com/tuftsy/art/Crowned-Peridot-527800981&quot; class=&quot;emoticon&quot; data-embed-type=&quot;emoticon&quot; data-embed-id=&quot;527800981&quot; data-embed-profile=&quot;deviation&quot;&gt;&lt;img src=&quot;https://images-wixmp-ed30a86b8c4ca887773594c2.wixmp.com/intermediary/f/a3173e12-9b52-4b5e-a2d1-d8c08eb22d7c/d8q8lud-ec05cbd9-b18b-4b51-b147-be98639dcf21.png&quot; alt=&quot;Crowned Peridot&quot; style=&quot;width:10px;height:13px&quot;&gt;&lt;/a&gt;&amp;nbsp;&lt;/span&gt;Next-&amp;gt;&lt;i&gt;coming soon&lt;/i&gt;&lt;hr/&gt; Backgrounds is a pain&amp;nbsp;&lt;/p&gt;</media:description>            <media:thumbnail url="https://t00.deviantart.net/B_m34xix3e1gtUMJ9dJkO38VNOY=/fit-in/150x150/filters:no_upscale():origin()/pre00/8eaa/th/pre/i/2019/056/f/0/mysims_kingdom_page_73_by_kattinx-dd0ovuu.png" height="150" width="108"/>            <media:thumbnail url="https://t00.deviantart.net/WIyc8bg7dl4oKfDQUQSLZdEAa8A=/fit-in/300x900/filters:no_upscale():origin()/pre00/8eaa/th/pre/i/2019/056/f/0/mysims_kingdom_page_73_by_kattinx-dd0ovuu.png" height="415" width="300"/>            <media:thumbnail url="https://t00.deviantart.net/bLHHr2lyAbrRYY1hhn2PNFav_o4=/300x200/filters:fixed_height(100,100):origin()/pre00/8eaa/th/pre/i/2019/056/f/0/mysims_kingdom_page_73_by_kattinx-dd0ovuu.png" height="200" width="144"/>            <media:content url="https://pre00.deviantart.net/8eaa/th/pre/i/2019/056/f/0/mysims_kingdom_page_73_by_kattinx-dd0ovuu.png" height="1052" width="759" medium="image"/>            
            <description>&lt;p&gt;&lt;span&gt;&lt;a href=&quot;https://www.deviantart.com/kattinx/art/Mysims-Kingdom-page-72-784494734&quot;&gt;Page 72&lt;/a&gt; &amp;lt;-Previous&amp;nbsp;&lt;a href=&quot;https://www.deviantart.com/tuftsy/art/Crowned-Peridot-527800981&quot; class=&quot;emoticon&quot; data-embed-type=&quot;emoticon&quot; data-embed-id=&quot;527800981&quot; data-embed-profile=&quot;deviation&quot;&gt;&lt;img src=&quot;https://images-wixmp-ed30a86b8c4ca887773594c2.wixmp.com/intermediary/f/a3173e12-9b52-4b5e-a2d1-d8c08eb22d7c/d8q8lud-ec05cbd9-b18b-4b51-b147-be98639dcf21.png&quot; alt=&quot;Crowned Peridot&quot; style=&quot;width:10px;height:13px&quot;&gt;&lt;/a&gt;&amp;nbsp;&lt;/span&gt;Next-&amp;gt;&lt;i&gt;coming soon&lt;/i&gt;&lt;hr/&gt; Backgrounds is a pain&amp;nbsp;&lt;/p&gt;&lt;br /&gt;&lt;div&gt;&lt;img src=&quot;https://t00.deviantart.net/bLHHr2lyAbrRYY1hhn2PNFav_o4=/300x200/filters:fixed_height(100,100):origin()/pre00/8eaa/th/pre/i/2019/056/f/0/mysims_kingdom_page_73_by_kattinx-dd0ovuu.png&quot; alt=&quot;thumbnail&quot; /&gt;&lt;/div&gt;</description>            </item>
                    <item>
                <title>A Self Portrait of My Girlfriend</title>
                <link>https://fortnermations.deviantart.com/art/A-Self-Portrait-of-My-Girlfriend-787221536</link>
                <guid isPermaLink="true">https://fortnermations.deviantart.com/art/A-Self-Portrait-of-My-Girlfriend-787221536</guid>
                <pubDate>Mon, 25 Feb 2019 11:44:10 PST</pubDate>
                        <media:title type="plain">A Self Portrait of My Girlfriend</media:title>
        <media:keywords></media:keywords>
                        <media:rating>nonadult</media:rating>
                <media:category label="Movies &amp; TV">fanart/traditional/drawings/movies</media:category>
        <media:credit role="author" scheme="urn:ebu">Fortnermations</media:credit>
        <media:credit role="author" scheme="urn:ebu">https://a.deviantart.net/avatars/f/o/fortnermations.png?9</media:credit>
        <media:copyright url="https://fortnermations.deviantart.com">Copyright 2019 Fortnermations</media:copyright>            <media:description type="html">Today, I drew a picture of my girlfriend, Sunset Shimmer! I drew her with a Sharpie and Prismacolor Markers.&lt;br /&gt;&lt;br /&gt;Sunset Shimmer &amp;#169; Hasbro</media:description>            <media:thumbnail url="https://t00.deviantart.net/y7_q5BEztUjRNvi4MT5PelbsI2E=/fit-in/150x150/filters:no_upscale():origin()/pre00/7510/th/pre/i/2019/056/f/3/a_self_portrait_of_my_girlfriend_by_fortnermations-dd0ow0w.jpg" height="113" width="150"/>            <media:thumbnail url="https://t00.deviantart.net/Yo8jZF6FmLSH5LpRajCUtKDRo8A=/fit-in/300x900/filters:no_upscale():origin()/pre00/7510/th/pre/i/2019/056/f/3/a_self_portrait_of_my_girlfriend_by_fortnermations-dd0ow0w.jpg" height="225" width="300"/>            <media:thumbnail url="https://t00.deviantart.net/pZ045K5T3kw1DU-_-PD15j1C0pM=/300x200/filters:fixed_height(100,100):origin()/pre00/7510/th/pre/i/2019/056/f/3/a_self_portrait_of_my_girlfriend_by_fortnermations-dd0ow0w.jpg" height="200" width="267"/>            <media:content url="https://pre00.deviantart.net/7510/th/pre/i/2019/056/f/3/a_self_portrait_of_my_girlfriend_by_fortnermations-dd0ow0w.jpg" height="774" width="1032" medium="image"/>            
            <description>Today, I drew a picture of my girlfriend, Sunset Shimmer! I drew her with a Sharpie and Prismacolor Markers.&lt;br /&gt;&lt;br /&gt;Sunset Shimmer &amp;#169; Hasbro&lt;br /&gt;&lt;div&gt;&lt;img src=&quot;https://t00.deviantart.net/pZ045K5T3kw1DU-_-PD15j1C0pM=/300x200/filters:fixed_height(100,100):origin()/pre00/7510/th/pre/i/2019/056/f/3/a_self_portrait_of_my_girlfriend_by_fortnermations-dd0ow0w.jpg&quot; alt=&quot;thumbnail&quot; /&gt;&lt;/div&gt;</description>            </item>
                    <item>
                <title>Bd C</title>
                <link>https://darthcestual.deviantart.com/art/Bd-C-787221488</link>
                <guid isPermaLink="true">https://darthcestual.deviantart.com/art/Bd-C-787221488</guid>
                <pubDate>Mon, 25 Feb 2019 11:44:09 PST</pubDate>
                        <media:title type="plain">Bd C</media:title>
        <media:keywords></media:keywords>
                        <media:rating>nonadult</media:rating>
                <media:category label="Characters, Animals &amp; Monsters">designs/gameart/gameconcepts/characters</media:category>
        <media:credit role="author" scheme="urn:ebu">darthcestual</media:credit>
        <media:credit role="author" scheme="urn:ebu">https://a.deviantart.net/avatars/d/a/darthcestual.jpg?5</media:credit>
        <media:copyright url="https://darthcestual.deviantart.com">Copyright 2019 darthcestual</media:copyright>            <media:description type="html"></media:description>            <media:thumbnail url="https://t00.deviantart.net/Va-vyacs8U69MzAJHFlxBB99kYc=/fit-in/150x150/filters:no_upscale():origin()/pre00/dec1/th/pre/i/2019/056/3/9/bd_c_by_darthcestual-dd0ovzk.png" height="107" width="150"/>            <media:thumbnail url="https://t00.deviantart.net/AQyd_yu3C9LYxLu01-y_vB4XIH4=/fit-in/300x900/filters:no_upscale():origin()/pre00/dec1/th/pre/i/2019/056/3/9/bd_c_by_darthcestual-dd0ovzk.png" height="214" width="300"/>            <media:thumbnail url="https://t00.deviantart.net/HnOveW7T2XW2OhxaQl5hd9UTjfw=/300x200/filters:fixed_height(100,100):origin()/pre00/dec1/th/pre/i/2019/056/3/9/bd_c_by_darthcestual-dd0ovzk.png" height="200" width="280"/>            <media:content url="https://img00.deviantart.net/9537/i/2019/056/3/9/bd_c_by_darthcestual-dd0ovzk.png" height="731" width="1024" medium="image"/>            
            <description>&lt;br /&gt;&lt;div&gt;&lt;img src=&quot;https://t00.deviantart.net/HnOveW7T2XW2OhxaQl5hd9UTjfw=/300x200/filters:fixed_height(100,100):origin()/pre00/dec1/th/pre/i/2019/056/3/9/bd_c_by_darthcestual-dd0ovzk.png&quot; alt=&quot;thumbnail&quot; /&gt;&lt;/div&gt;</description>            </item>
                    <item>
                <title>Free HD Screen Module</title>
                <link>https://majdrab.deviantart.com/art/Free-HD-Screen-Module-787221489</link>
                <guid isPermaLink="true">https://majdrab.deviantart.com/art/Free-HD-Screen-Module-787221489</guid>
                <pubDate>Mon, 25 Feb 2019 11:44:08 PST</pubDate>
                        <media:title type="plain">Free HD Screen Module</media:title>
        <media:keywords></media:keywords>
                        <media:rating>nonadult</media:rating>
                <media:category label="Flat">resources/textures/flat</media:category>
        <media:credit role="author" scheme="urn:ebu">Majdrab</media:credit>
        <media:credit role="author" scheme="urn:ebu">https://a.deviantart.net/avatars/m/a/majdrab.png?9</media:credit>
        <media:copyright url="https://majdrab.deviantart.com">Copyright 2019 Majdrab</media:copyright>             <creativeCommons:license>http://creativecommons.org/licenses/by-nc-nd/3.0/</creativeCommons:license>
                <media:description type="html">&lt;span&gt;Use it for anything like Twitch, etc...&lt;/span&gt;</media:description>            <media:thumbnail url="https://t00.deviantart.net/fAG76ZfnjEZh99KJxCZJamwqZVA=/fit-in/150x150/filters:no_upscale():origin()/pre00/5e1d/th/pre/f/2019/056/f/f/free_hd_screen_module_by_majdrab-dd0ovzl.png" height="79" width="150"/>            <media:thumbnail url="https://t00.deviantart.net/txnsD2o21U2pvxa2p8976taC_K4=/fit-in/300x900/filters:no_upscale():origin()/pre00/5e1d/th/pre/f/2019/056/f/f/free_hd_screen_module_by_majdrab-dd0ovzl.png" height="159" width="300"/>            <media:thumbnail url="https://t00.deviantart.net/JOADZhPA2lcYWUYt6FsJcSFElek=/300x200/filters:fixed_height(100,100):origin()/pre00/5e1d/th/pre/f/2019/056/f/f/free_hd_screen_module_by_majdrab-dd0ovzl.png" height="159" width="300"/>            <media:content url="https://pre00.deviantart.net/5e1d/th/pre/f/2019/056/f/f/free_hd_screen_module_by_majdrab-dd0ovzl.png" height="651" width="1228" medium="image"/>            
            <description>&lt;span&gt;Use it for anything like Twitch, etc...&lt;/span&gt;&lt;br /&gt;&lt;div&gt;&lt;img src=&quot;https://t00.deviantart.net/JOADZhPA2lcYWUYt6FsJcSFElek=/300x200/filters:fixed_height(100,100):origin()/pre00/5e1d/th/pre/f/2019/056/f/f/free_hd_screen_module_by_majdrab-dd0ovzl.png&quot; alt=&quot;thumbnail&quot; /&gt;&lt;/div&gt;</description>            </item>
                    <item>
                <title>Inktober Spell</title>
                <link>https://xpoison-stitchesx.deviantart.com/art/Inktober-Spell-787221324</link>
                <guid isPermaLink="true">https://xpoison-stitchesx.deviantart.com/art/Inktober-Spell-787221324</guid>
                <pubDate>Mon, 25 Feb 2019 11:44:07 PST</pubDate>
                        <media:title type="plain">Inktober Spell</media:title>
        <media:keywords></media:keywords>
                        <media:rating>nonadult</media:rating>
                <media:category label="Games">fanart/traditional/drawings/games</media:category>
        <media:credit role="author" scheme="urn:ebu">xPoison-StitchesX</media:credit>
        <media:credit role="author" scheme="urn:ebu">https://a.deviantart.net/avatars/x/p/xpoison-stitchesx.png?6</media:credit>
        <media:copyright url="https://xpoison-stitchesx.deviantart.com">Copyright 2019 xPoison-StitchesX</media:copyright>            <media:description type="html">Day 3</media:description>            <media:thumbnail url="https://t00.deviantart.net/soJikh2LVWB3x4YfKdgdaMKmI6w=/fit-in/150x150/filters:no_upscale():origin()/pre00/f879/th/pre/f/2019/056/1/0/10979e05d90ae0aea70324080e37b8f2-dd0ovv0.jpg" height="150" width="96"/>            <media:thumbnail url="https://t00.deviantart.net/XD4ige1nUY-tUl9Y6liy16uSrEw=/fit-in/300x900/filters:no_upscale():origin()/pre00/f879/th/pre/f/2019/056/1/0/10979e05d90ae0aea70324080e37b8f2-dd0ovv0.jpg" height="469" width="300"/>            <media:thumbnail url="https://t00.deviantart.net/VdsmzYSnpjizZ4I2ROJrHwKuxoI=/300x200/filters:fixed_height(100,100):origin()/pre00/f879/th/pre/f/2019/056/1/0/10979e05d90ae0aea70324080e37b8f2-dd0ovv0.jpg" height="200" width="128"/>            <media:content url="https://pre00.deviantart.net/f879/th/pre/f/2019/056/1/0/10979e05d90ae0aea70324080e37b8f2-dd0ovv0.jpg" height="1117" width="715" medium="image"/>            
            <description>Day 3&lt;br /&gt;&lt;div&gt;&lt;img src=&quot;https://t00.deviantart.net/VdsmzYSnpjizZ4I2ROJrHwKuxoI=/300x200/filters:fixed_height(100,100):origin()/pre00/f879/th/pre/f/2019/056/1/0/10979e05d90ae0aea70324080e37b8f2-dd0ovv0.jpg&quot; alt=&quot;thumbnail&quot; /&gt;&lt;/div&gt;</description>            </item>
                    <item>
                <title>Don&#039;t go to sleep~</title>
                <link>https://sweetie-fona.deviantart.com/art/Don-t-go-to-sleep-787221220</link>
                <guid isPermaLink="true">https://sweetie-fona.deviantart.com/art/Don-t-go-to-sleep-787221220</guid>
                <pubDate>Mon, 25 Feb 2019 11:44:06 PST</pubDate>
                        <media:title type="plain">Don&#039;t go to sleep~</media:title>
        <media:keywords></media:keywords>
                        <media:rating>nonadult</media:rating>
                <media:category label="Other">fanart/digital/drawings/other</media:category>
        <media:credit role="author" scheme="urn:ebu">Sweetie-Fona</media:credit>
        <media:credit role="author" scheme="urn:ebu">https://a.deviantart.net/avatars/s/w/sweetie-fona.jpg?13</media:credit>
        <media:copyright url="https://sweetie-fona.deviantart.com">Copyright 2019 Sweetie-Fona</media:copyright>            <media:description type="html">I said I would try some poses, and I dunno why I fell in love with Jane xd&lt;br /&gt;KISSES~</media:description>            <media:thumbnail url="https://t00.deviantart.net/O6CYkftbyRe4nErPjmTj8BHuiJY=/fit-in/150x150/filters:no_upscale():origin()/pre00/e488/th/pre/i/2019/056/e/c/don_t_go_to_sleep__by_sweetie_fona-dd0ovs4.jpg" height="150" width="143"/>            <media:thumbnail url="https://t00.deviantart.net/EDBKdCToyoxllQu2NGGYQEeamA4=/fit-in/300x900/filters:no_upscale():origin()/pre00/e488/th/pre/i/2019/056/e/c/don_t_go_to_sleep__by_sweetie_fona-dd0ovs4.jpg" height="316" width="300"/>            <media:thumbnail url="https://t00.deviantart.net/DkXAQT6KWhpvnkh_jiiO-L_H2rg=/300x200/filters:fixed_height(100,100):origin()/pre00/e488/th/pre/i/2019/056/e/c/don_t_go_to_sleep__by_sweetie_fona-dd0ovs4.jpg" height="200" width="190"/>            <media:content url="https://pre00.deviantart.net/e488/th/pre/i/2019/056/e/c/don_t_go_to_sleep__by_sweetie_fona-dd0ovs4.jpg" height="917" width="871" medium="image"/>            
            <description>I said I would try some poses, and I dunno why I fell in love with Jane xd&lt;br /&gt;KISSES~&lt;br /&gt;&lt;div&gt;&lt;img src=&quot;https://t00.deviantart.net/DkXAQT6KWhpvnkh_jiiO-L_H2rg=/300x200/filters:fixed_height(100,100):origin()/pre00/e488/th/pre/i/2019/056/e/c/don_t_go_to_sleep__by_sweetie_fona-dd0ovs4.jpg&quot; alt=&quot;thumbnail&quot; /&gt;&lt;/div&gt;</description>            </item>
                    <item>
                <title>Inked Art</title>
                <link>https://brandonlogan135.deviantart.com/art/Inked-Art-787221452</link>
                <guid isPermaLink="true">https://brandonlogan135.deviantart.com/art/Inked-Art-787221452</guid>
                <pubDate>Mon, 25 Feb 2019 11:44:02 PST</pubDate>
                        <media:title type="plain">Inked Art</media:title>
        <media:keywords></media:keywords>
                        <media:rating>nonadult</media:rating>
                <media:category label="Drawings">manga/traditional/drawings</media:category>
        <media:credit role="author" scheme="urn:ebu">brandonlogan135</media:credit>
        <media:credit role="author" scheme="urn:ebu">https://a.deviantart.net/avatars/b/r/brandonlogan135.jpg?5</media:credit>
        <media:copyright url="https://brandonlogan135.deviantart.com">Copyright 2019 brandonlogan135</media:copyright>            <media:description type="html"></media:description>            <media:thumbnail url="https://t00.deviantart.net/Q0RYa3mnMTdvJ6-_dX-K7z3BDnI=/fit-in/150x150/filters:no_upscale():origin()/pre00/2530/th/pre/i/2019/056/0/b/inked_art_by_brandonlogan135-dd0ovyk.jpg" height="106" width="150"/>            <media:thumbnail url="https://t00.deviantart.net/DLTSVPPdoo04OyXK1PMjlS-_fo8=/fit-in/300x900/filters:no_upscale():origin()/pre00/2530/th/pre/i/2019/056/0/b/inked_art_by_brandonlogan135-dd0ovyk.jpg" height="212" width="300"/>            <media:thumbnail url="https://t00.deviantart.net/1gX-5TyvkyqT5oIH9ZZT9gMaPBE=/300x200/filters:fixed_height(100,100):origin()/pre00/2530/th/pre/i/2019/056/0/b/inked_art_by_brandonlogan135-dd0ovyk.jpg" height="200" width="282"/>            <media:content url="https://pre00.deviantart.net/2530/th/pre/i/2019/056/0/b/inked_art_by_brandonlogan135-dd0ovyk.jpg" height="752" width="1063" medium="image"/>            
            <description>&lt;br /&gt;&lt;div&gt;&lt;img src=&quot;https://t00.deviantart.net/1gX-5TyvkyqT5oIH9ZZT9gMaPBE=/300x200/filters:fixed_height(100,100):origin()/pre00/2530/th/pre/i/2019/056/0/b/inked_art_by_brandonlogan135-dd0ovyk.jpg&quot; alt=&quot;thumbnail&quot; /&gt;&lt;/div&gt;</description>            </item>
                    <item>
                <title>20190115 173412</title>
                <link>https://electro-zombie901.deviantart.com/art/20190115-173412-787221375</link>
                <guid isPermaLink="true">https://electro-zombie901.deviantart.com/art/20190115-173412-787221375</guid>
                <pubDate>Mon, 25 Feb 2019 11:44:01 PST</pubDate>
                        <media:title type="plain">20190115 173412</media:title>
        <media:keywords></media:keywords>
                        <media:rating>nonadult</media:rating>
                <media:category label="Other">photography/nature/other</media:category>
        <media:credit role="author" scheme="urn:ebu">Electro-Zombie901</media:credit>
        <media:credit role="author" scheme="urn:ebu">https://a.deviantart.net/avatars/e/l/electro-zombie901.jpg?3</media:credit>
        <media:copyright url="https://electro-zombie901.deviantart.com">Copyright 2019 Electro-Zombie901</media:copyright>            <media:description type="html"></media:description>            <media:thumbnail url="https://t00.deviantart.net/Z1-8moa1Ub5URzgzA5BwCmVnsgc=/fit-in/150x150/filters:no_upscale():origin()/pre00/54d3/th/pre/f/2019/056/5/7/20190115_173412_by_electro_zombie901-dd0ovwf.jpg" height="113" width="150"/>            <media:thumbnail url="https://t00.deviantart.net/SsFEvT-V07-14wcYjiPd1IB2zX8=/fit-in/300x900/filters:no_upscale():origin()/pre00/54d3/th/pre/f/2019/056/5/7/20190115_173412_by_electro_zombie901-dd0ovwf.jpg" height="225" width="300"/>            <media:thumbnail url="https://t00.deviantart.net/ajSJiGSUeEo1BUav3GrynACrGhY=/300x200/filters:fixed_height(100,100):origin()/pre00/54d3/th/pre/f/2019/056/5/7/20190115_173412_by_electro_zombie901-dd0ovwf.jpg" height="200" width="267"/>            <media:content url="https://pre00.deviantart.net/54d3/th/pre/f/2019/056/5/7/20190115_173412_by_electro_zombie901-dd0ovwf.jpg" height="774" width="1032" medium="image"/>            
            <description>&lt;br /&gt;&lt;div&gt;&lt;img src=&quot;https://t00.deviantart.net/ajSJiGSUeEo1BUav3GrynACrGhY=/300x200/filters:fixed_height(100,100):origin()/pre00/54d3/th/pre/f/2019/056/5/7/20190115_173412_by_electro_zombie901-dd0ovwf.jpg&quot; alt=&quot;thumbnail&quot; /&gt;&lt;/div&gt;</description>            </item>
                    <item>
                <title>Daily Drawing  Back to Work</title>
                <link>https://neidal.deviantart.com/art/Daily-Drawing-Back-to-Work-787221431</link>
                <guid isPermaLink="true">https://neidal.deviantart.com/art/Daily-Drawing-Back-to-Work-787221431</guid>
                <pubDate>Mon, 25 Feb 2019 11:44:01 PST</pubDate>
                        <media:title type="plain">Daily Drawing  Back to Work</media:title>
        <media:keywords></media:keywords>
                        <media:rating>nonadult</media:rating>
                <media:category label="Drawings">manga/digital/drawings</media:category>
        <media:credit role="author" scheme="urn:ebu">Neidal</media:credit>
        <media:credit role="author" scheme="urn:ebu">https://a.deviantart.net/avatars/n/e/neidal.jpg?4</media:credit>
        <media:copyright url="https://neidal.deviantart.com">Copyright 2019 Neidal</media:copyright>            <media:description type="html">I didn&#039;t have much inspiration today. But I&#039;m back !&lt;br /&gt;&lt;br /&gt;Enjoy !</media:description>            <media:thumbnail url="https://t00.deviantart.net/W1a4x2ItyNsyMJiaFrZYOAJe55Y=/fit-in/150x150/filters:no_upscale():origin()/pre00/e1ec/th/pre/f/2019/056/d/e/daily_drawing__back_to_work_by_neidal-dd0ovxz.jpg" height="150" width="129"/>            <media:thumbnail url="https://t00.deviantart.net/37gA4xFDUhGuJqYce9oBVCdZJew=/fit-in/300x900/filters:no_upscale():origin()/pre00/e1ec/th/pre/f/2019/056/d/e/daily_drawing__back_to_work_by_neidal-dd0ovxz.jpg" height="350" width="300"/>            <media:thumbnail url="https://t00.deviantart.net/hKVLfv-AXJy7MJiG_3tlFKkhgvQ=/300x200/filters:fixed_height(100,100):origin()/pre00/e1ec/th/pre/f/2019/056/d/e/daily_drawing__back_to_work_by_neidal-dd0ovxz.jpg" height="200" width="171"/>            <media:content url="https://pre00.deviantart.net/e1ec/th/pre/f/2019/056/d/e/daily_drawing__back_to_work_by_neidal-dd0ovxz.jpg" height="966" width="828" medium="image"/>            
            <description>I didn&#039;t have much inspiration today. But I&#039;m back !&lt;br /&gt;&lt;br /&gt;Enjoy !&lt;br /&gt;&lt;div&gt;&lt;img src=&quot;https://t00.deviantart.net/hKVLfv-AXJy7MJiG_3tlFKkhgvQ=/300x200/filters:fixed_height(100,100):origin()/pre00/e1ec/th/pre/f/2019/056/d/e/daily_drawing__back_to_work_by_neidal-dd0ovxz.jpg&quot; alt=&quot;thumbnail&quot; /&gt;&lt;/div&gt;</description>            </item>
                    <item>
                <title>Minecraft Story Mode Characters!</title>
                <link>https://koriileigh.deviantart.com/art/Minecraft-Story-Mode-Characters-787221408</link>
                <guid isPermaLink="true">https://koriileigh.deviantart.com/art/Minecraft-Story-Mode-Characters-787221408</guid>
                <pubDate>Mon, 25 Feb 2019 11:43:59 PST</pubDate>
                        <media:title type="plain">Minecraft Story Mode Characters!</media:title>
        <media:keywords></media:keywords>
                        <media:rating>nonadult</media:rating>
                <media:category label="Other">digitalart/paintings/other</media:category>
        <media:credit role="author" scheme="urn:ebu">KoriiLeigh</media:credit>
        <media:credit role="author" scheme="urn:ebu">https://a.deviantart.net/avatars/k/o/koriileigh.png?6</media:credit>
        <media:copyright url="https://koriileigh.deviantart.com">Copyright 2019 KoriiLeigh</media:copyright>            <media:description type="html">Speedpaint: &lt;a href=&quot;https://www.deviantart.com/users/outgoing?https://youtu.be/RmcTA9glYz4&quot;&gt;&lt;a class=&quot;external&quot; href=&quot;https://www.deviantart.com/users/outgoing?https://youtu.be/RmcTA9glYz4&quot;&gt;youtu.be/RmcTA9glYz4&lt;/a&gt;&lt;/a&gt;</media:description>            <media:thumbnail url="https://t00.deviantart.net/_hTwHSl2zrlv3ZmtLyyfj2O4IGg=/fit-in/150x150/filters:no_upscale():origin()/pre00/259d/th/pre/f/2019/056/8/a/final_picture_by_koriileigh-dd0ovxc.png" height="108" width="150"/>            <media:thumbnail url="https://t00.deviantart.net/lN4BtZQ0b9SUAtujss8WUDt01ao=/fit-in/300x900/filters:no_upscale():origin()/pre00/259d/th/pre/f/2019/056/8/a/final_picture_by_koriileigh-dd0ovxc.png" height="217" width="300"/>            <media:thumbnail url="https://t00.deviantart.net/VAyztVe0tf6Q4tGDRI4wwmTsi5Y=/300x200/filters:fixed_height(100,100):origin()/pre00/259d/th/pre/f/2019/056/8/a/final_picture_by_koriileigh-dd0ovxc.png" height="200" width="277"/>            <media:content url="https://orig00.deviantart.net/2c6d/f/2019/056/8/a/final_picture_by_koriileigh-dd0ovxc.png" height="720" width="996" medium="image"/>            
            <description>Speedpaint: &lt;a href=&quot;https://www.deviantart.com/users/outgoing?https://youtu.be/RmcTA9glYz4&quot;&gt;&lt;a class=&quot;external&quot; href=&quot;https://www.deviantart.com/users/outgoing?https://youtu.be/RmcTA9glYz4&quot;&gt;youtu.be/RmcTA9glYz4&lt;/a&gt;&lt;/a&gt;&lt;br /&gt;&lt;div&gt;&lt;img src=&quot;https://t00.deviantart.net/VAyztVe0tf6Q4tGDRI4wwmTsi5Y=/300x200/filters:fixed_height(100,100):origin()/pre00/259d/th/pre/f/2019/056/8/a/final_picture_by_koriileigh-dd0ovxc.png&quot; alt=&quot;thumbnail&quot; /&gt;&lt;/div&gt;</description>            </item>
                    <item>
                <title>/Is the she-lion/Commission</title>
                <link>https://winelys-11.deviantart.com/art/Is-the-she-lion-Commission-787221422</link>
                <guid isPermaLink="true">https://winelys-11.deviantart.com/art/Is-the-she-lion-Commission-787221422</guid>
                <pubDate>Mon, 25 Feb 2019 11:43:58 PST</pubDate>
                        <media:title type="plain">/Is the she-lion/Commission</media:title>
        <media:keywords></media:keywords>
                        <media:rating>nonadult</media:rating>
                <media:category label="Animals">digitalart/paintings/animals</media:category>
        <media:credit role="author" scheme="urn:ebu">Winelys-11</media:credit>
        <media:credit role="author" scheme="urn:ebu">https://a.deviantart.net/avatars/w/i/winelys-11.jpg?13</media:credit>
        <media:copyright url="https://winelys-11.deviantart.com">Copyright 2019 Winelys-11</media:copyright>            <media:description type="html">&lt;div align=&quot;center&quot;&gt;&lt;span class=&quot;username-with-symbol u&quot;&gt;&lt;a class=&quot;u premium username&quot; href=&quot;https://www.deviantart.com/jomadis&quot;&gt;Jomadis&lt;/a&gt;&lt;span class=&quot;user-symbol premium&quot; data-quicktip-text=&quot;Core Member&quot; data-show-tooltip=&quot;1&quot; data-gruser-type=&quot;premium&quot;&gt;&lt;/span&gt;&lt;/span&gt;&lt;/div&gt;</media:description>            <media:thumbnail url="https://t00.deviantart.net/_dC23K6K5pL82KHXYvObXS3yNbw=/fit-in/150x150/filters:no_upscale():origin()/pre00/ee68/th/pre/f/2019/056/b/f/11317364_rmqshwxwqa6jtgl_by_winelys_11-dd0ovxq.png" height="150" width="133"/>            <media:thumbnail url="https://t00.deviantart.net/hIugGWSKfEDy8zWWWZn4o97TVVQ=/fit-in/300x900/filters:no_upscale():origin()/pre00/ee68/th/pre/f/2019/056/b/f/11317364_rmqshwxwqa6jtgl_by_winelys_11-dd0ovxq.png" height="338" width="300"/>            <media:thumbnail url="https://t00.deviantart.net/nKS7nHPKfqFYaYYvf3mutSuJw2k=/300x200/filters:fixed_height(100,100):origin()/pre00/ee68/th/pre/f/2019/056/b/f/11317364_rmqshwxwqa6jtgl_by_winelys_11-dd0ovxq.png" height="200" width="178"/>            <media:content url="https://orig00.deviantart.net/eb52/f/2019/056/b/f/11317364_rmqshwxwqa6jtgl_by_winelys_11-dd0ovxq.png" height="900" width="800" medium="image"/>            
            <description>&lt;div align=&quot;center&quot;&gt;&lt;span class=&quot;username-with-symbol u&quot;&gt;&lt;a class=&quot;u premium username&quot; href=&quot;https://www.deviantart.com/jomadis&quot;&gt;Jomadis&lt;/a&gt;&lt;span class=&quot;user-symbol premium&quot; data-quicktip-text=&quot;Core Member&quot; data-show-tooltip=&quot;1&quot; data-gruser-type=&quot;premium&quot;&gt;&lt;/span&gt;&lt;/span&gt;&lt;/div&gt;&lt;br /&gt;&lt;div&gt;&lt;img src=&quot;https://t00.deviantart.net/nKS7nHPKfqFYaYYvf3mutSuJw2k=/300x200/filters:fixed_height(100,100):origin()/pre00/ee68/th/pre/f/2019/056/b/f/11317364_rmqshwxwqa6jtgl_by_winelys_11-dd0ovxq.png&quot; alt=&quot;thumbnail&quot; /&gt;&lt;/div&gt;</description>            </item>
                    <item>
                <title>Team South Heroes</title>
                <link>https://primrose-rachel.deviantart.com/art/Team-South-Heroes-787221016</link>
                <guid isPermaLink="true">https://primrose-rachel.deviantart.com/art/Team-South-Heroes-787221016</guid>
                <pubDate>Mon, 25 Feb 2019 11:43:57 PST</pubDate>
                        <media:title type="plain">Team South Heroes</media:title>
        <media:keywords></media:keywords>
                        <media:rating>nonadult</media:rating>
                <media:category label="Games">fanart/digital/drawings/games</media:category>
        <media:credit role="author" scheme="urn:ebu">Primrose-Rachel</media:credit>
        <media:credit role="author" scheme="urn:ebu">https://a.deviantart.net/avatars/p/r/primrose-rachel.jpg?15</media:credit>
        <media:copyright url="https://primrose-rachel.deviantart.com">Copyright 2019 Primrose-Rachel</media:copyright>            <media:description type="html">My sonic fancharacters!!</media:description>            <media:thumbnail url="https://t00.deviantart.net/OgEwxVbzb1AQ-y1RO5iiJBFfgWw=/fit-in/150x150/filters:no_upscale():origin()/pre00/b443/th/pre/i/2019/056/8/f/team_south_heroes_by_primrose_rachel-dd0ovmg.jpg" height="111" width="150"/>            <media:thumbnail url="https://t00.deviantart.net/XybjXAc8FZoS1EDhrLViWHOhzWc=/fit-in/300x900/filters:no_upscale():origin()/pre00/b443/th/pre/i/2019/056/8/f/team_south_heroes_by_primrose_rachel-dd0ovmg.jpg" height="222" width="300"/>            <media:thumbnail url="https://t00.deviantart.net/H0nYbeq_Y8CG7gwtKPBp2eeEr2U=/300x200/filters:fixed_height(100,100):origin()/pre00/b443/th/pre/i/2019/056/8/f/team_south_heroes_by_primrose_rachel-dd0ovmg.jpg" height="200" width="270"/>            <media:content url="https://img00.deviantart.net/dded/i/2019/056/8/f/team_south_heroes_by_primrose_rachel-dd0ovmg.jpg" height="667" width="900" medium="image"/>            
            <description>My sonic fancharacters!!&lt;br /&gt;&lt;div&gt;&lt;img src=&quot;https://t00.deviantart.net/H0nYbeq_Y8CG7gwtKPBp2eeEr2U=/300x200/filters:fixed_height(100,100):origin()/pre00/b443/th/pre/i/2019/056/8/f/team_south_heroes_by_primrose_rachel-dd0ovmg.jpg&quot; alt=&quot;thumbnail&quot; /&gt;&lt;/div&gt;</description>            </item>
                    <item>
                <title>Rimuru Tempest :Food:</title>
                <link>https://thelast-stardust.deviantart.com/art/Rimuru-Tempest-Food-787220456</link>
                <guid isPermaLink="true">https://thelast-stardust.deviantart.com/art/Rimuru-Tempest-Food-787220456</guid>
                <pubDate>Mon, 25 Feb 2019 11:43:57 PST</pubDate>
                        <media:title type="plain">Rimuru Tempest :Food:</media:title>
        <media:keywords></media:keywords>
                        <media:rating>nonadult</media:rating>
                <media:category label="Movies &amp; TV">fanart/digital/drawings/movies</media:category>
        <media:credit role="author" scheme="urn:ebu">TheLast-Stardust</media:credit>
        <media:credit role="author" scheme="urn:ebu">https://a.deviantart.net/avatars/t/h/thelast-stardust.gif?5</media:credit>
        <media:copyright url="https://thelast-stardust.deviantart.com">Copyright 2019 TheLast-Stardust</media:copyright>            <media:description type="html">I have been so dead on here lately, I have had zero inspiration but it has not stopped me from watching anime. I recently got into That time I got reincarnated as a slime and I have to say at first I wasn&#039;t hooked but I slowly fell in love with it. Honestly Rimuru is adorable and I just love the development of the characters throughout the show, I really do just love where it&#039;s going!&amp;nbsp;&lt;br /&gt;&lt;br /&gt;Anyways this is some of my first piece of Fanart so I hope you enjoy~&amp;nbsp;&lt;br /&gt;&lt;br /&gt;Art (C) &lt;span class=&quot;username-with-symbol u&quot;&gt;&lt;a class=&quot;u regular username&quot; href=&quot;https://www.deviantart.com/thelast-stardust&quot;&gt;TheLast-Stardust&lt;/a&gt;&lt;span class=&quot;user-symbol regular&quot; data-quicktip-text=&quot;&quot; data-show-tooltip=&quot;&quot; data-gruser-type=&quot;regular&quot;&gt;&lt;/span&gt;&lt;/span&gt;&amp;nbsp;&lt;br /&gt;Rimuru Tempest (C) Fuse</media:description>            <media:thumbnail url="https://t00.deviantart.net/biZ40prgtbhiwI0nn6Vt-AYFo8Y=/fit-in/150x150/filters:no_upscale():origin()/pre00/3a64/th/pre/f/2019/056/1/b/rimiuru1_by_thelast_stardust-dd0ov6w.png" height="130" width="150"/>            <media:thumbnail url="https://t00.deviantart.net/bzU2uILAf_pm6Dtzn7SYGRM5284=/fit-in/300x900/filters:no_upscale():origin()/pre00/3a64/th/pre/f/2019/056/1/b/rimiuru1_by_thelast_stardust-dd0ov6w.png" height="261" width="300"/>            <media:thumbnail url="https://t00.deviantart.net/5UmUbKikqWXsXOAa-tM-tk7cyz8=/300x200/filters:fixed_height(100,100):origin()/pre00/3a64/th/pre/f/2019/056/1/b/rimiuru1_by_thelast_stardust-dd0ov6w.png" height="200" width="230"/>            <media:content url="https://pre00.deviantart.net/3a64/th/pre/f/2019/056/1/b/rimiuru1_by_thelast_stardust-dd0ov6w.png" height="833" width="959" medium="image"/>            
            <description>I have been so dead on here lately, I have had zero inspiration but it has not stopped me from watching anime. I recently got into That time I got reincarnated as a slime and I have to say at first I wasn&#039;t hooked but I slowly fell in love with it. Honestly Rimuru is adorable and I just love the development of the characters throughout the show, I really do just love where it&#039;s going!&amp;nbsp;&lt;br /&gt;&lt;br /&gt;Anyways this is some of my first piece of Fanart so I hope you enjoy~&amp;nbsp;&lt;br /&gt;&lt;br /&gt;Art (C) &lt;span class=&quot;username-with-symbol u&quot;&gt;&lt;a class=&quot;u regular username&quot; href=&quot;https://www.deviantart.com/thelast-stardust&quot;&gt;TheLast-Stardust&lt;/a&gt;&lt;span class=&quot;user-symbol regular&quot; data-quicktip-text=&quot;&quot; data-show-tooltip=&quot;&quot; data-gruser-type=&quot;regular&quot;&gt;&lt;/span&gt;&lt;/span&gt;&amp;nbsp;&lt;br /&gt;Rimuru Tempest (C) Fuse&lt;br /&gt;&lt;div&gt;&lt;img src=&quot;https://t00.deviantart.net/5UmUbKikqWXsXOAa-tM-tk7cyz8=/300x200/filters:fixed_height(100,100):origin()/pre00/3a64/th/pre/f/2019/056/1/b/rimiuru1_by_thelast_stardust-dd0ov6w.png&quot; alt=&quot;thumbnail&quot; /&gt;&lt;/div&gt;</description>            </item>
                    <item>
                <title>space cadet</title>
                <link>https://evolentis.deviantart.com/art/space-cadet-787221377</link>
                <guid isPermaLink="true">https://evolentis.deviantart.com/art/space-cadet-787221377</guid>
                <pubDate>Mon, 25 Feb 2019 11:43:53 PST</pubDate>
                        <media:title type="plain">space cadet</media:title>
        <media:keywords></media:keywords>
                        <media:rating>nonadult</media:rating>
                <media:category label="Other">digitalart/paintings/other</media:category>
        <media:credit role="author" scheme="urn:ebu">Evolentis</media:credit>
        <media:credit role="author" scheme="urn:ebu">https://a.deviantart.net/avatars/e/v/evolentis.png?14</media:credit>
        <media:copyright url="https://evolentis.deviantart.com">Copyright 2019 Evolentis</media:copyright>            <media:description type="html">inspo:&amp;nbsp;&lt;a class=&quot;external&quot; href=&quot;https://www.deviantart.com/users/outgoing?https://www.youtube.com/watch?v=8fK1kA9Q-3Y&quot;&gt;www.youtube.com/watch?v=8fK1kA&amp;hellip;&lt;/a&gt;&lt;br /&gt;oc: lukas&lt;br /&gt;&lt;br /&gt;i died for like 2394720 years but i think im back</media:description>            <media:thumbnail url="https://t00.deviantart.net/SqDfY65fFKnmTKjek3DmRXnS8Lc=/fit-in/150x150/filters:no_upscale():origin()/pre00/a882/th/pre/f/2019/056/6/3/space_cadet_by_evolentis-dd0ovwh.png" height="150" width="150"/>            <media:thumbnail url="https://t00.deviantart.net/caxPJ6Buf6Gub-DXsgkcmBjWjjo=/fit-in/300x900/filters:no_upscale():origin()/pre00/a882/th/pre/f/2019/056/6/3/space_cadet_by_evolentis-dd0ovwh.png" height="300" width="300"/>            <media:thumbnail url="https://t00.deviantart.net/0uXlJPzRnyS9G5aJffgni69b0cU=/300x200/filters:fixed_height(100,100):origin()/pre00/a882/th/pre/f/2019/056/6/3/space_cadet_by_evolentis-dd0ovwh.png" height="200" width="200"/>            <media:content url="https://pre00.deviantart.net/a882/th/pre/f/2019/056/6/3/space_cadet_by_evolentis-dd0ovwh.png" height="894" width="894" medium="image"/>            
            <description>inspo:&amp;nbsp;&lt;a class=&quot;external&quot; href=&quot;https://www.deviantart.com/users/outgoing?https://www.youtube.com/watch?v=8fK1kA9Q-3Y&quot;&gt;www.youtube.com/watch?v=8fK1kA&amp;hellip;&lt;/a&gt;&lt;br /&gt;oc: lukas&lt;br /&gt;&lt;br /&gt;i died for like 2394720 years but i think im back&lt;br /&gt;&lt;div&gt;&lt;img src=&quot;https://t00.deviantart.net/0uXlJPzRnyS9G5aJffgni69b0cU=/300x200/filters:fixed_height(100,100):origin()/pre00/a882/th/pre/f/2019/056/6/3/space_cadet_by_evolentis-dd0ovwh.png&quot; alt=&quot;thumbnail&quot; /&gt;&lt;/div&gt;</description>            </item>
                    <item>
                <title>Daddy And Baby Girl~</title>
                <link>https://bigweenie2004.deviantart.com/art/Daddy-And-Baby-Girl-787221308</link>
                <guid isPermaLink="true">https://bigweenie2004.deviantart.com/art/Daddy-And-Baby-Girl-787221308</guid>
                <pubDate>Mon, 25 Feb 2019 11:43:53 PST</pubDate>
                        <media:title type="plain">Daddy And Baby Girl~</media:title>
        <media:keywords></media:keywords>
                        <media:rating>nonadult</media:rating>
                <media:category label="Other">digitalart/paintings/other</media:category>
        <media:credit role="author" scheme="urn:ebu">BIGWEENIE2004</media:credit>
        <media:credit role="author" scheme="urn:ebu">https://a.deviantart.net/avatars/b/i/bigweenie2004.png?5</media:credit>
        <media:copyright url="https://bigweenie2004.deviantart.com">Copyright 2019 BIGWEENIE2004</media:copyright>            <media:description type="html">Trinko and trista being all cuddley~</media:description>            <media:thumbnail url="https://t00.deviantart.net/w1pKjgv-ZJxUr2ndFgRFJnj8K4k=/fit-in/150x150/filters:no_upscale():origin()/pre00/b940/th/pre/i/2019/056/6/c/daddy_and_baby_girl__by_bigweenie2004-dd0ovuk.png" height="150" width="143"/>            <media:thumbnail url="https://t00.deviantart.net/t0ZELoJoz0oz7-3DKDHLaIsLM70=/fit-in/300x900/filters:no_upscale():origin()/pre00/b940/th/pre/i/2019/056/6/c/daddy_and_baby_girl__by_bigweenie2004-dd0ovuk.png" height="315" width="300"/>            <media:thumbnail url="https://t00.deviantart.net/XvQh-3IKznSyy6ZBKfTeDFJe-Nw=/300x200/filters:fixed_height(100,100):origin()/pre00/b940/th/pre/i/2019/056/6/c/daddy_and_baby_girl__by_bigweenie2004-dd0ovuk.png" height="200" width="190"/>            <media:content url="https://pre00.deviantart.net/b940/th/pre/i/2019/056/6/c/daddy_and_baby_girl__by_bigweenie2004-dd0ovuk.png" height="916" width="872" medium="image"/>            
            <description>Trinko and trista being all cuddley~&lt;br /&gt;&lt;div&gt;&lt;img src=&quot;https://t00.deviantart.net/XvQh-3IKznSyy6ZBKfTeDFJe-Nw=/300x200/filters:fixed_height(100,100):origin()/pre00/b940/th/pre/i/2019/056/6/c/daddy_and_baby_girl__by_bigweenie2004-dd0ovuk.png&quot; alt=&quot;thumbnail&quot; /&gt;&lt;/div&gt;</description>            </item>
                    <item>
                <title>20190225 142229</title>
                <link>https://lovecatdog.deviantart.com/art/20190225-142229-787221481</link>
                <guid isPermaLink="true">https://lovecatdog.deviantart.com/art/20190225-142229-787221481</guid>
                <pubDate>Mon, 25 Feb 2019 11:43:52 PST</pubDate>
                        <media:title type="plain">20190225 142229</media:title>
        <media:keywords></media:keywords>
                        <media:rating>nonadult</media:rating>
                <media:category label="Invertebrates">photography/nature/insects</media:category>
        <media:credit role="author" scheme="urn:ebu">lovecatdog</media:credit>
        <media:credit role="author" scheme="urn:ebu">https://a.deviantart.net/avatars/default.gif</media:credit>
        <media:copyright url="https://lovecatdog.deviantart.com">Copyright 2019 lovecatdog</media:copyright>            <media:description type="html"></media:description>            <media:thumbnail url="https://t00.deviantart.net/gHO_tV4QAA47TGuHlJgz7amLkZE=/fit-in/150x150/filters:no_upscale():origin()/pre00/f5d8/th/pre/i/2019/056/e/9/20190225_142229_by_lovecatdog-dd0ovzd.jpg" height="150" width="113"/>            <media:thumbnail url="https://t00.deviantart.net/tXAIS1018wJTKF5seffx04-VBTs=/fit-in/300x900/filters:no_upscale():origin()/pre00/f5d8/th/pre/i/2019/056/e/9/20190225_142229_by_lovecatdog-dd0ovzd.jpg" height="400" width="300"/>            <media:thumbnail url="https://t00.deviantart.net/nYuyGWICELBFtC_VIFAvvx51xqI=/300x200/filters:fixed_height(100,100):origin()/pre00/f5d8/th/pre/i/2019/056/e/9/20190225_142229_by_lovecatdog-dd0ovzd.jpg" height="200" width="150"/>            <media:content url="https://pre00.deviantart.net/f5d8/th/pre/i/2019/056/e/9/20190225_142229_by_lovecatdog-dd0ovzd.jpg" height="1032" width="774" medium="image"/>            
            <description>&lt;br /&gt;&lt;div&gt;&lt;img src=&quot;https://t00.deviantart.net/nYuyGWICELBFtC_VIFAvvx51xqI=/300x200/filters:fixed_height(100,100):origin()/pre00/f5d8/th/pre/i/2019/056/e/9/20190225_142229_by_lovecatdog-dd0ovzd.jpg&quot; alt=&quot;thumbnail&quot; /&gt;&lt;/div&gt;</description>            </item>
                    <item>
                <title>Black Vegetto</title>
                <link>https://xxisconeproxx.deviantart.com/art/Black-Vegetto-787221019</link>
                <guid isPermaLink="true">https://xxisconeproxx.deviantart.com/art/Black-Vegetto-787221019</guid>
                <pubDate>Mon, 25 Feb 2019 11:43:52 PST</pubDate>
                        <media:title type="plain">Black Vegetto</media:title>
        <media:keywords></media:keywords>
                        <media:rating>nonadult</media:rating>
                <media:category label="Non-Isometric">digitalart/pixelart/characters/noniso</media:category>
        <media:credit role="author" scheme="urn:ebu">xXIsConeProXx</media:credit>
        <media:credit role="author" scheme="urn:ebu">https://a.deviantart.net/avatars/x/x/xxisconeproxx.png?4</media:credit>
        <media:copyright url="https://xxisconeproxx.deviantart.com">Copyright 2019 xXIsConeProXx</media:copyright>            <media:description type="html">Esta es mi version de black vegito, bastante facil de hacer y muy buena es (ya me entro el maestro yoda (LA FUERZA CONTIGO NO ESTA)) bueno esto es todo y espero que te guste &lt;img src=&quot;https://e.deviantart.net/emoticons/s/smile.gif&quot; width=&quot;15&quot; height=&quot;15&quot; alt=&quot;:)&quot; data-embed-type=&quot;emoticon&quot; data-embed-id=&quot;391&quot; title=&quot;:) (Smile)&quot;/&gt;</media:description>            <media:thumbnail url="https://orig00.deviantart.net/aecd/f/2019/056/a/8/black_vegetto_by_xxisconeproxx-dd0ovmj.gif" height="67" width="34"/>            <media:thumbnail url="https://orig00.deviantart.net/aecd/f/2019/056/a/8/black_vegetto_by_xxisconeproxx-dd0ovmj.gif" height="67" width="34"/>            <media:thumbnail url="https://orig00.deviantart.net/aecd/f/2019/056/a/8/black_vegetto_by_xxisconeproxx-dd0ovmj.gif" height="67" width="34"/>            <media:content url="https://orig00.deviantart.net/aecd/f/2019/056/a/8/black_vegetto_by_xxisconeproxx-dd0ovmj.gif" height="67" width="34" medium="image"/>            
            <description>Esta es mi version de black vegito, bastante facil de hacer y muy buena es (ya me entro el maestro yoda (LA FUERZA CONTIGO NO ESTA)) bueno esto es todo y espero que te guste &lt;img src=&quot;https://e.deviantart.net/emoticons/s/smile.gif&quot; width=&quot;15&quot; height=&quot;15&quot; alt=&quot;:)&quot; data-embed-type=&quot;emoticon&quot; data-embed-id=&quot;391&quot; title=&quot;:) (Smile)&quot;/&gt;&lt;br /&gt;&lt;div&gt;&lt;img src=&quot;https://orig00.deviantart.net/aecd/f/2019/056/a/8/black_vegetto_by_xxisconeproxx-dd0ovmj.gif&quot; alt=&quot;thumbnail&quot; /&gt;&lt;/div&gt;</description>            </item>
                    <item>
                <title>20180925 194355</title>
                <link>https://electro-zombie901.deviantart.com/art/20180925-194355-787221382</link>
                <guid isPermaLink="true">https://electro-zombie901.deviantart.com/art/20180925-194355-787221382</guid>
                <pubDate>Mon, 25 Feb 2019 11:43:50 PST</pubDate>
                        <media:title type="plain">20180925 194355</media:title>
        <media:keywords></media:keywords>
                        <media:rating>nonadult</media:rating>
                <media:category label="Other">photography/nature/other</media:category>
        <media:credit role="author" scheme="urn:ebu">Electro-Zombie901</media:credit>
        <media:credit role="author" scheme="urn:ebu">https://a.deviantart.net/avatars/e/l/electro-zombie901.jpg?3</media:credit>
        <media:copyright url="https://electro-zombie901.deviantart.com">Copyright 2019 Electro-Zombie901</media:copyright>            <media:description type="html"></media:description>            <media:thumbnail url="https://t00.deviantart.net/RFzBlVoainL6dB407GISwAWRJZE=/fit-in/150x150/filters:no_upscale():origin()/pre00/7bcf/th/pre/i/2019/056/5/c/20180925_194355_by_electro_zombie901-dd0ovwm.jpg" height="113" width="150"/>            <media:thumbnail url="https://t00.deviantart.net/HKOrCBezCiPNnRCjp8Mz3XWCg9c=/fit-in/300x900/filters:no_upscale():origin()/pre00/7bcf/th/pre/i/2019/056/5/c/20180925_194355_by_electro_zombie901-dd0ovwm.jpg" height="225" width="300"/>            <media:thumbnail url="https://t00.deviantart.net/C5TC0M4Dz8NlMwOpMugCsw1hzaI=/300x200/filters:fixed_height(100,100):origin()/pre00/7bcf/th/pre/i/2019/056/5/c/20180925_194355_by_electro_zombie901-dd0ovwm.jpg" height="200" width="267"/>            <media:content url="https://img00.deviantart.net/d62b/i/2019/056/5/c/20180925_194355_by_electro_zombie901-dd0ovwm.jpg" height="768" width="1024" medium="image"/>            
            <description>&lt;br /&gt;&lt;div&gt;&lt;img src=&quot;https://t00.deviantart.net/C5TC0M4Dz8NlMwOpMugCsw1hzaI=/300x200/filters:fixed_height(100,100):origin()/pre00/7bcf/th/pre/i/2019/056/5/c/20180925_194355_by_electro_zombie901-dd0ovwm.jpg&quot; alt=&quot;thumbnail&quot; /&gt;&lt;/div&gt;</description>            </item>
                    <item>
                <title>Happy Lab</title>
                <link>https://prismacolormaven.deviantart.com/art/Happy-Lab-787221404</link>
                <guid isPermaLink="true">https://prismacolormaven.deviantart.com/art/Happy-Lab-787221404</guid>
                <pubDate>Mon, 25 Feb 2019 11:43:48 PST</pubDate>
                        <media:title type="plain">Happy Lab</media:title>
        <media:keywords></media:keywords>
                        <media:rating>nonadult</media:rating>
                <media:category label="Animals">traditional/paintings/animals</media:category>
        <media:credit role="author" scheme="urn:ebu">prismacolormaven</media:credit>
        <media:credit role="author" scheme="urn:ebu">https://a.deviantart.net/avatars/default.gif</media:credit>
        <media:copyright url="https://prismacolormaven.deviantart.com">Copyright 2019 prismacolormaven</media:copyright>            <media:description type="html"></media:description>            <media:thumbnail url="https://t00.deviantart.net/Rdqp595qKEcEh2mvVd0junADsSk=/fit-in/150x150/filters:no_upscale():origin()/pre00/b9b1/th/pre/i/2019/056/3/f/happy_lab_by_prismacolormaven-dd0ovx8.jpg" height="110" width="150"/>            <media:thumbnail url="https://t00.deviantart.net/H0bUpcc7BhtpWbB6rXeBpvMz_t0=/fit-in/300x900/filters:no_upscale():origin()/pre00/b9b1/th/pre/i/2019/056/3/f/happy_lab_by_prismacolormaven-dd0ovx8.jpg" height="220" width="300"/>            <media:thumbnail url="https://t00.deviantart.net/P0YqZKtsbYAORkaOo49qJZzN4y4=/300x200/filters:fixed_height(100,100):origin()/pre00/b9b1/th/pre/i/2019/056/3/f/happy_lab_by_prismacolormaven-dd0ovx8.jpg" height="200" width="272"/>            <media:content url="https://pre00.deviantart.net/b9b1/th/pre/i/2019/056/3/f/happy_lab_by_prismacolormaven-dd0ovx8.jpg" height="766" width="1043" medium="image"/>            
            <description>&lt;br /&gt;&lt;div&gt;&lt;img src=&quot;https://t00.deviantart.net/P0YqZKtsbYAORkaOo49qJZzN4y4=/300x200/filters:fixed_height(100,100):origin()/pre00/b9b1/th/pre/i/2019/056/3/f/happy_lab_by_prismacolormaven-dd0ovx8.jpg&quot; alt=&quot;thumbnail&quot; /&gt;&lt;/div&gt;</description>            </item>
                    <item>
                <title>Adoptables - 10 points ONLY! - OPEN</title>
                <link>https://cocasooda.deviantart.com/art/Adoptables-10-points-ONLY-OPEN-787221260</link>
                <guid isPermaLink="true">https://cocasooda.deviantart.com/art/Adoptables-10-points-ONLY-OPEN-787221260</guid>
                <pubDate>Mon, 25 Feb 2019 11:43:46 PST</pubDate>
                        <media:title type="plain">Adoptables - 10 points ONLY! - OPEN</media:title>
        <media:keywords></media:keywords>
                        <media:rating>nonadult</media:rating>
                <media:category label="Other">digitalart/paintings/other</media:category>
        <media:credit role="author" scheme="urn:ebu">CocaSooda</media:credit>
        <media:credit role="author" scheme="urn:ebu">https://a.deviantart.net/avatars/c/o/cocasooda.png?9</media:credit>
        <media:copyright url="https://cocasooda.deviantart.com">Copyright 2019 CocaSooda</media:copyright>            <media:description type="html">1 - OPEN&lt;br /&gt;2 - OPEN&lt;br /&gt;3 - OPEN&lt;br /&gt;4 - OPEN&lt;br /&gt;5 - OPEN&lt;br /&gt;6 - CLOSED&lt;br /&gt;&lt;br /&gt;do not steal,sell or trace my art Please!&lt;br /&gt;thanks!</media:description>            <media:thumbnail url="https://t00.deviantart.net/iQrXuI134vffUD0iqYQ0FctGG8Y=/fit-in/150x150/filters:no_upscale():origin()/pre00/c6bf/th/pre/i/2019/056/d/3/adoptables___10_points_only____open_by_cocasooda-dd0ovt8.png" height="113" width="150"/>            <media:thumbnail url="https://t00.deviantart.net/V9Cr-crbBeiA4fLslV4iQXE14Hw=/fit-in/300x900/filters:no_upscale():origin()/pre00/c6bf/th/pre/i/2019/056/d/3/adoptables___10_points_only____open_by_cocasooda-dd0ovt8.png" height="225" width="300"/>            <media:thumbnail url="https://t00.deviantart.net/WBmEHdD3RW_wb2gIIY7KQgyOEso=/300x200/filters:fixed_height(100,100):origin()/pre00/c6bf/th/pre/i/2019/056/d/3/adoptables___10_points_only____open_by_cocasooda-dd0ovt8.png" height="200" width="267"/>            <media:content url="https://pre00.deviantart.net/c6bf/th/pre/i/2019/056/d/3/adoptables___10_points_only____open_by_cocasooda-dd0ovt8.png" height="774" width="1032" medium="image"/>            
            <description>1 - OPEN&lt;br /&gt;2 - OPEN&lt;br /&gt;3 - OPEN&lt;br /&gt;4 - OPEN&lt;br /&gt;5 - OPEN&lt;br /&gt;6 - CLOSED&lt;br /&gt;&lt;br /&gt;do not steal,sell or trace my art Please!&lt;br /&gt;thanks!&lt;br /&gt;&lt;div&gt;&lt;img src=&quot;https://t00.deviantart.net/WBmEHdD3RW_wb2gIIY7KQgyOEso=/300x200/filters:fixed_height(100,100):origin()/pre00/c6bf/th/pre/i/2019/056/d/3/adoptables___10_points_only____open_by_cocasooda-dd0ovt8.png&quot; alt=&quot;thumbnail&quot; /&gt;&lt;/div&gt;</description>            </item>
                    <item>
                <title>Portrait of Jim Morrison</title>
                <link>https://markloder.deviantart.com/art/Portrait-of-Jim-Morrison-787221432</link>
                <guid isPermaLink="true">https://markloder.deviantart.com/art/Portrait-of-Jim-Morrison-787221432</guid>
                <pubDate>Mon, 25 Feb 2019 11:43:46 PST</pubDate>
                        <media:title type="plain">Portrait of Jim Morrison</media:title>
        <media:keywords></media:keywords>
                        <media:rating>nonadult</media:rating>
                <media:category label="People">traditional/drawings/people</media:category>
        <media:credit role="author" scheme="urn:ebu">MarkLoder</media:credit>
        <media:credit role="author" scheme="urn:ebu">https://a.deviantart.net/avatars/m/a/markloder.jpg?2</media:credit>
        <media:copyright url="https://markloder.deviantart.com">Copyright 2019 MarkLoder</media:copyright>            <media:description type="html"></media:description>            <media:thumbnail url="https://t00.deviantart.net/TBjsF371UqIgBYEJ4CeLRBsYoo8=/fit-in/150x150/filters:no_upscale():origin()/pre00/2fc1/th/pre/f/2019/056/6/d/portrait_of_jim_morrison_by_markloder-dd0ovy0.jpg" height="150" width="98"/>            <media:thumbnail url="https://t00.deviantart.net/pjPYIzG_p0ahPWhMzmL863ZhdlI=/fit-in/300x900/filters:no_upscale():origin()/pre00/2fc1/th/pre/f/2019/056/6/d/portrait_of_jim_morrison_by_markloder-dd0ovy0.jpg" height="457" width="300"/>            <media:thumbnail url="https://t00.deviantart.net/FG6F7FyY6Cj9DywG2FWaYMnbkcA=/300x200/filters:fixed_height(100,100):origin()/pre00/2fc1/th/pre/f/2019/056/6/d/portrait_of_jim_morrison_by_markloder-dd0ovy0.jpg" height="200" width="131"/>            <media:content url="https://orig00.deviantart.net/96a7/f/2019/056/6/d/portrait_of_jim_morrison_by_markloder-dd0ovy0.jpg" height="640" width="420" medium="image"/>            
            <description>&lt;br /&gt;&lt;div&gt;&lt;img src=&quot;https://t00.deviantart.net/FG6F7FyY6Cj9DywG2FWaYMnbkcA=/300x200/filters:fixed_height(100,100):origin()/pre00/2fc1/th/pre/f/2019/056/6/d/portrait_of_jim_morrison_by_markloder-dd0ovy0.jpg&quot; alt=&quot;thumbnail&quot; /&gt;&lt;/div&gt;</description>            </item>
                    <item>
                <title>Walt</title>
                <link>https://haloperidoli.deviantart.com/art/Walt-787221468</link>
                <guid isPermaLink="true">https://haloperidoli.deviantart.com/art/Walt-787221468</guid>
                <pubDate>Mon, 25 Feb 2019 11:43:45 PST</pubDate>
                        <media:title type="plain">Walt</media:title>
        <media:keywords></media:keywords>
                        <media:rating>nonadult</media:rating>
                <media:category label="Portraits">digitalart/paintings/people/portraits</media:category>
        <media:credit role="author" scheme="urn:ebu">Haloperidoli</media:credit>
        <media:credit role="author" scheme="urn:ebu">https://a.deviantart.net/avatars/h/a/haloperidoli.jpg?2</media:credit>
        <media:copyright url="https://haloperidoli.deviantart.com">Copyright 2019 Haloperidoli</media:copyright>            <media:description type="html"></media:description>            <media:thumbnail url="https://t00.deviantart.net/sdV248IQGfdcqm-AWw7x81eLCnc=/fit-in/150x150/filters:no_upscale():origin()/pre00/5ed2/th/pre/i/2019/056/b/d/walt_by_haloperidoli-dd0ovz0.png" height="150" width="150"/>            <media:thumbnail url="https://t00.deviantart.net/Xwjr9NM82OV1bFcFLxyS6RFWpFw=/fit-in/300x900/filters:no_upscale():origin()/pre00/5ed2/th/pre/i/2019/056/b/d/walt_by_haloperidoli-dd0ovz0.png" height="300" width="300"/>            <media:thumbnail url="https://t00.deviantart.net/XBemb47zjU_R5snPD4ptZS0NZ7w=/300x200/filters:fixed_height(100,100):origin()/pre00/5ed2/th/pre/i/2019/056/b/d/walt_by_haloperidoli-dd0ovz0.png" height="200" width="200"/>            <media:content url="https://pre00.deviantart.net/5ed2/th/pre/i/2019/056/b/d/walt_by_haloperidoli-dd0ovz0.png" height="894" width="894" medium="image"/>            
            <description>&lt;br /&gt;&lt;div&gt;&lt;img src=&quot;https://t00.deviantart.net/XBemb47zjU_R5snPD4ptZS0NZ7w=/300x200/filters:fixed_height(100,100):origin()/pre00/5ed2/th/pre/i/2019/056/b/d/walt_by_haloperidoli-dd0ovz0.png&quot; alt=&quot;thumbnail&quot; /&gt;&lt;/div&gt;</description>            </item>
                    <item>
                <title>DoA - Kokoro Sexy Soccer Player</title>
                <link>https://saqune.deviantart.com/art/DoA-Kokoro-Sexy-Soccer-Player-787221152</link>
                <guid isPermaLink="true">https://saqune.deviantart.com/art/DoA-Kokoro-Sexy-Soccer-Player-787221152</guid>
                <pubDate>Mon, 25 Feb 2019 11:43:43 PST</pubDate>
                        <media:title type="plain">DoA - Kokoro Sexy Soccer Player</media:title>
        <media:keywords></media:keywords>
                        <media:rating>adult</media:rating>
                <media:category label="Female">digitalart/3d/characters/female</media:category>
        <media:credit role="author" scheme="urn:ebu">saqune</media:credit>
        <media:credit role="author" scheme="urn:ebu">https://a.deviantart.net/avatars/s/a/saqune.jpg?9</media:credit>
        <media:copyright url="https://saqune.deviantart.com">Copyright 2019 saqune</media:copyright>            <media:description type="html">&lt;div&gt;Blender Cycles + MD7 &amp;gt; Photoshop&lt;/div&gt;&lt;div&gt;&lt;br /&gt;&lt;/div&gt;&lt;div&gt;Base model by:&lt;/div&gt;&lt;div&gt;&lt;a target=&quot;_self&quot; href=&quot;https://www.deviantart.com/xps-fanatic&quot; &gt;&lt;img class=&quot;avatar&quot; width=&quot;50&quot; height=&quot;50&quot; src=&quot;https://a.deviantart.net/avatars/x/p/xps-fanatic.png?1&quot; alt=&quot;:iconxps-fanatic:&quot; title=&quot;XPS-Fanatic&quot; /&gt;&lt;/a&gt;&lt;/div&gt;&lt;div&gt;&lt;br /&gt;&lt;/div&gt;&lt;div&gt;Dat grass doe...&lt;br /&gt;&lt;/div&gt;</media:description>            <media:thumbnail url="https://t00.deviantart.net/5HxAHFNHSfNRMIKqBADIgbRuXBc=/fit-in/150x150/filters:no_upscale():origin()/pre00/6156/th/pre/f/2019/056/6/b/doa___kokoro_sexy_soccer_player_by_saqune-dd0ovq8.png" height="150" width="84"/>            <media:thumbnail url="https://t00.deviantart.net/QUKuDMf8FHxeon2c9DF1VOUjysQ=/fit-in/300x900/filters:no_upscale():origin()/pre00/6156/th/pre/f/2019/056/6/b/doa___kokoro_sexy_soccer_player_by_saqune-dd0ovq8.png" height="533" width="300"/>            <media:thumbnail url="https://t00.deviantart.net/CZZrXIyXqxBoIXHdvs2ebyplTX8=/300x200/filters:fixed_height(100,100):origin()/pre00/6156/th/pre/f/2019/056/6/b/doa___kokoro_sexy_soccer_player_by_saqune-dd0ovq8.png" height="200" width="113"/>            <media:content url="https://pre00.deviantart.net/6156/th/pre/f/2019/056/6/b/doa___kokoro_sexy_soccer_player_by_saqune-dd0ovq8.png" height="1192" width="670" medium="image"/>            
            <description>&lt;div&gt;Blender Cycles + MD7 &amp;gt; Photoshop&lt;/div&gt;&lt;div&gt;&lt;br /&gt;&lt;/div&gt;&lt;div&gt;Base model by:&lt;/div&gt;&lt;div&gt;&lt;a target=&quot;_self&quot; href=&quot;https://www.deviantart.com/xps-fanatic&quot; &gt;&lt;img class=&quot;avatar&quot; width=&quot;50&quot; height=&quot;50&quot; src=&quot;https://a.deviantart.net/avatars/x/p/xps-fanatic.png?1&quot; alt=&quot;:iconxps-fanatic:&quot; title=&quot;XPS-Fanatic&quot; /&gt;&lt;/a&gt;&lt;/div&gt;&lt;div&gt;&lt;br /&gt;&lt;/div&gt;&lt;div&gt;Dat grass doe...&lt;br /&gt;&lt;/div&gt;&lt;br /&gt;&lt;div&gt;&lt;img src=&quot;https://t00.deviantart.net/CZZrXIyXqxBoIXHdvs2ebyplTX8=/300x200/filters:fixed_height(100,100):origin()/pre00/6156/th/pre/f/2019/056/6/b/doa___kokoro_sexy_soccer_player_by_saqune-dd0ovq8.png&quot; alt=&quot;thumbnail&quot; /&gt;&lt;/div&gt;</description>            </item>
                    <item>
                <title>Rusty sunset</title>
                <link>https://lewisspacebun.deviantart.com/art/Rusty-sunset-787221211</link>
                <guid isPermaLink="true">https://lewisspacebun.deviantart.com/art/Rusty-sunset-787221211</guid>
                <pubDate>Mon, 25 Feb 2019 11:43:41 PST</pubDate>
                        <media:title type="plain">Rusty sunset</media:title>
        <media:keywords></media:keywords>
                        <media:rating>nonadult</media:rating>
                <media:category label="Animals">digitalart/paintings/animals</media:category>
        <media:credit role="author" scheme="urn:ebu">LewisSpaceBun</media:credit>
        <media:credit role="author" scheme="urn:ebu">https://a.deviantart.net/avatars/l/e/lewisspacebun.png?14</media:credit>
        <media:copyright url="https://lewisspacebun.deviantart.com">Copyright 2019 LewisSpaceBun</media:copyright>            <media:description type="html">This was a quite experimental drawing, playing with a more cel-shaded style. It was drawn almost entirely in Paint Tool SAI, which isn&#039;t exactly my favourite drawing program, but I&#039;m starting to like it, and I really like how this turned out.&lt;br /&gt;The character is named Chad, and belongs to me. I really need to draw this guy more ^w^&#039;&#039;</media:description>            <media:thumbnail url="https://t00.deviantart.net/TIV6vooHQQDJouNxeubT5bCOGLA=/fit-in/150x150/filters:no_upscale():origin()/pre00/a668/th/pre/i/2019/056/a/d/rusty_sunset_by_lewisspacebun-dd0ovrv.png" height="107" width="150"/>            <media:thumbnail url="https://t00.deviantart.net/3v4xX4RzH2IXQU_3te3Txykh6cM=/fit-in/300x900/filters:no_upscale():origin()/pre00/a668/th/pre/i/2019/056/a/d/rusty_sunset_by_lewisspacebun-dd0ovrv.png" height="214" width="300"/>            <media:thumbnail url="https://t00.deviantart.net/1EreHsOfKAg19eL2Vl-_xtWWyt8=/300x200/filters:fixed_height(100,100):origin()/pre00/a668/th/pre/i/2019/056/a/d/rusty_sunset_by_lewisspacebun-dd0ovrv.png" height="200" width="280"/>            <media:content url="https://pre00.deviantart.net/a668/th/pre/i/2019/056/a/d/rusty_sunset_by_lewisspacebun-dd0ovrv.png" height="755" width="1058" medium="image"/>            
            <description>This was a quite experimental drawing, playing with a more cel-shaded style. It was drawn almost entirely in Paint Tool SAI, which isn&#039;t exactly my favourite drawing program, but I&#039;m starting to like it, and I really like how this turned out.&lt;br /&gt;The character is named Chad, and belongs to me. I really need to draw this guy more ^w^&#039;&#039;&lt;br /&gt;&lt;div&gt;&lt;img src=&quot;https://t00.deviantart.net/1EreHsOfKAg19eL2Vl-_xtWWyt8=/300x200/filters:fixed_height(100,100):origin()/pre00/a668/th/pre/i/2019/056/a/d/rusty_sunset_by_lewisspacebun-dd0ovrv.png&quot; alt=&quot;thumbnail&quot; /&gt;&lt;/div&gt;</description>            </item>
                    <item>
                <title>edit #1</title>
                <link>https://lilunholyvu.deviantart.com/art/edit-1-787221479</link>
                <guid isPermaLink="true">https://lilunholyvu.deviantart.com/art/edit-1-787221479</guid>
                <pubDate>Mon, 25 Feb 2019 11:43:40 PST</pubDate>
                        <media:title type="plain">edit #1</media:title>
        <media:keywords></media:keywords>
                        <media:rating>adult</media:rating>
                <media:category label="Other">anthro/digital/other</media:category>
        <media:credit role="author" scheme="urn:ebu">LilUnholyVU</media:credit>
        <media:credit role="author" scheme="urn:ebu">https://a.deviantart.net/avatars/l/i/lilunholyvu.jpg?2</media:credit>
        <media:copyright url="https://lilunholyvu.deviantart.com">Copyright 2019 LilUnholyVU</media:copyright>            <media:description type="html"></media:description>            <media:thumbnail url="https://t00.deviantart.net/VSN0-r8vfiwNGxXcJs4hPcRb2Fc=/fit-in/150x150/filters:no_upscale():origin()/pre00/ef97/th/pre/i/2019/056/7/f/edit__1_by_lilunholyvu-dd0ovzb.jpg" height="150" width="90"/>            <media:thumbnail url="https://t00.deviantart.net/5hlOrdnh1IjTbXXLMv-d6cubQlg=/fit-in/300x900/filters:no_upscale():origin()/pre00/ef97/th/pre/i/2019/056/7/f/edit__1_by_lilunholyvu-dd0ovzb.jpg" height="500" width="300"/>            <media:thumbnail url="https://t00.deviantart.net/K7S4ZTrt7ERbGj3gI4eHENtCAC4=/300x200/filters:fixed_height(100,100):origin()/pre00/ef97/th/pre/i/2019/056/7/f/edit__1_by_lilunholyvu-dd0ovzb.jpg" height="200" width="120"/>            <media:content url="https://img00.deviantart.net/1852/i/2019/056/7/f/edit__1_by_lilunholyvu-dd0ovzb.jpg" height="667" width="400" medium="image"/>            
            <description>&lt;br /&gt;&lt;div&gt;&lt;img src=&quot;https://t00.deviantart.net/K7S4ZTrt7ERbGj3gI4eHENtCAC4=/300x200/filters:fixed_height(100,100):origin()/pre00/ef97/th/pre/i/2019/056/7/f/edit__1_by_lilunholyvu-dd0ovzb.jpg&quot; alt=&quot;thumbnail&quot; /&gt;&lt;/div&gt;</description>            </item>
                    <item>
                <title>Demon Succubus</title>
                <link>https://shadowgoethe.deviantart.com/art/Demon-Succubus-787144778</link>
                <guid isPermaLink="true">https://shadowgoethe.deviantart.com/art/Demon-Succubus-787144778</guid>
                <pubDate>Mon, 25 Feb 2019 11:43:40 PST</pubDate>
                        <media:title type="plain">Demon Succubus</media:title>
        <media:keywords></media:keywords>
                        <media:rating>nonadult</media:rating>
                <media:category label="Fantasy">digitalart/paintings/people/fantasy</media:category>
        <media:credit role="author" scheme="urn:ebu">ShadowGoethe</media:credit>
        <media:credit role="author" scheme="urn:ebu">https://a.deviantart.net/avatars/s/h/shadowgoethe.jpg?8</media:credit>
        <media:copyright url="https://shadowgoethe.deviantart.com">Copyright 2019 ShadowGoethe</media:copyright>             <creativeCommons:license>http://creativecommons.org/licenses/by-nc-nd/3.0/</creativeCommons:license>
                <media:description type="html"></media:description>            <media:thumbnail url="https://t00.deviantart.net/UjSNAV6nzDoZI1NOfEhrtu3ymO0=/fit-in/150x150/filters:no_upscale():origin()/pre00/3722/th/pre/f/2019/056/5/f/5f142071623f391a09026b597516b7f9-dd0n8sq.png" height="150" width="114"/>            <media:thumbnail url="https://t00.deviantart.net/lDJUplPw5IZ7uHPrELDn6ILCyjY=/fit-in/300x900/filters:no_upscale():origin()/pre00/3722/th/pre/f/2019/056/5/f/5f142071623f391a09026b597516b7f9-dd0n8sq.png" height="396" width="300"/>            <media:thumbnail url="https://t00.deviantart.net/NXzi6SRWrJ92dRHs-qo4EcFU0E8=/300x200/filters:fixed_height(100,100):origin()/pre00/3722/th/pre/f/2019/056/5/f/5f142071623f391a09026b597516b7f9-dd0n8sq.png" height="200" width="152"/>            <media:content url="https://pre00.deviantart.net/3722/th/pre/f/2019/056/5/f/5f142071623f391a09026b597516b7f9-dd0n8sq.png" height="1027" width="778" medium="image"/>            
            <description>&lt;br /&gt;&lt;div&gt;&lt;img src=&quot;https://t00.deviantart.net/NXzi6SRWrJ92dRHs-qo4EcFU0E8=/300x200/filters:fixed_height(100,100):origin()/pre00/3722/th/pre/f/2019/056/5/f/5f142071623f391a09026b597516b7f9-dd0n8sq.png&quot; alt=&quot;thumbnail&quot; /&gt;&lt;/div&gt;</description>            </item>
                    <item>
                <title>BATTLE: Flex Flounder</title>
                <link>https://maskivisindex.deviantart.com/art/BATTLE-Flex-Flounder-787217409</link>
                <guid isPermaLink="true">https://maskivisindex.deviantart.com/art/BATTLE-Flex-Flounder-787217409</guid>
                <pubDate>Mon, 25 Feb 2019 11:43:40 PST</pubDate>
                        <media:title type="plain">BATTLE: Flex Flounder</media:title>
        <media:keywords></media:keywords>
                        <media:rating>nonadult</media:rating>
                <media:category label="Other">digitalart/paintings/other</media:category>
        <media:credit role="author" scheme="urn:ebu">MaskivisIndex</media:credit>
        <media:credit role="author" scheme="urn:ebu">https://a.deviantart.net/avatars/m/a/maskivisindex.png?2</media:credit>
        <media:copyright url="https://maskivisindex.deviantart.com">Copyright 2019 MaskivisIndex</media:copyright>            <media:description type="html">&lt;div align=&quot;center&quot;&gt;Graphic by&amp;nbsp;&lt;span class=&quot;username-with-symbol u&quot;&gt;&lt;a class=&quot;u regular username&quot; href=&quot;https://www.deviantart.com/aecava&quot;&gt;Aecava&lt;/a&gt;&lt;span class=&quot;user-symbol regular&quot; data-quicktip-text=&quot;&quot; data-show-tooltip=&quot;&quot; data-gruser-type=&quot;regular&quot;&gt;&lt;/span&gt;&lt;/span&gt;&lt;/div&gt;&lt;div align=&quot;center&quot;&gt;&lt;br /&gt;&lt;/div&gt;&lt;div align=&quot;center&quot;&gt;&lt;i&gt;&quot;Do you even lift!!!!&quot;&lt;/i&gt;&lt;br /&gt;&lt;span&gt;[You may only challenge this boss once a week, Weekly timer resets on Monday]&lt;/span&gt;&lt;br /&gt;&lt;br /&gt;&lt;/div&gt;&lt;div align=&quot;center&quot;&gt;BOSS: Flex Flounder&lt;/div&gt;&lt;div align=&quot;center&quot;&gt;&lt;br /&gt;&lt;/div&gt;&lt;div align=&quot;center&quot;&gt;Maximum&amp;nbsp;Moves : 5&lt;/div&gt;&lt;div align=&quot;center&quot;&gt;Element: Steel&lt;br /&gt;&lt;/div&gt;&lt;div align=&quot;center&quot;&gt;Health - Persuasion Meter: 50&lt;br /&gt;&lt;i&gt;Hint: Just attack it, talking won&#039;t work, strength is the only way this guy will listen.&lt;/i&gt;&lt;br /&gt;&lt;br /&gt;Skills will be rolled from 1-25&lt;br /&gt;General Actions will be rolled from 1-10&lt;br /&gt;&lt;/div&gt;&lt;div align=&quot;center&quot;&gt;&lt;span&gt;If you manage to hit the right skills/general actions according to the boss&#039; preferences, +5 will be applied to your move!&lt;br /&gt;&lt;/span&gt;All Social Moves will be halved.&lt;br /&gt;&lt;br /&gt;Reward: 1 Skill Gem&lt;br /&gt;Chance Drop (3 Battles Activates the chance): Aesthetic Board: Steel Body&lt;br /&gt;10 Jelly if you Lose&lt;br /&gt;&lt;br /&gt;&lt;span&gt;!REPLY TO THIS COMMENT TO PROCEED!&lt;/span&gt;&lt;br /&gt;&lt;/div&gt;</media:description>            <media:thumbnail url="https://t00.deviantart.net/4kvuyw-QbnYBizHl34xtpPyYU-I=/fit-in/150x150/filters:no_upscale():origin()/pre00/3bef/th/pre/f/2019/056/f/2/battle__flex_flounder_by_maskivisindex-dd0osu9.png" height="150" width="138"/>            <media:thumbnail url="https://t00.deviantart.net/5LS0Gtj_8zMEWcU6RmFfFe48XCs=/fit-in/300x900/filters:no_upscale():origin()/pre00/3bef/th/pre/f/2019/056/f/2/battle__flex_flounder_by_maskivisindex-dd0osu9.png" height="327" width="300"/>            <media:thumbnail url="https://t00.deviantart.net/GOxxs0UbAmHPS6hDwleGIQkhdAA=/300x200/filters:fixed_height(100,100):origin()/pre00/3bef/th/pre/f/2019/056/f/2/battle__flex_flounder_by_maskivisindex-dd0osu9.png" height="200" width="184"/>            <media:content url="https://orig00.deviantart.net/a1aa/f/2019/056/f/2/battle__flex_flounder_by_maskivisindex-dd0osu9.png" height="366" width="336" medium="image"/>            
            <description>&lt;div align=&quot;center&quot;&gt;Graphic by&amp;nbsp;&lt;span class=&quot;username-with-symbol u&quot;&gt;&lt;a class=&quot;u regular username&quot; href=&quot;https://www.deviantart.com/aecava&quot;&gt;Aecava&lt;/a&gt;&lt;span class=&quot;user-symbol regular&quot; data-quicktip-text=&quot;&quot; data-show-tooltip=&quot;&quot; data-gruser-type=&quot;regular&quot;&gt;&lt;/span&gt;&lt;/span&gt;&lt;/div&gt;&lt;div align=&quot;center&quot;&gt;&lt;br /&gt;&lt;/div&gt;&lt;div align=&quot;center&quot;&gt;&lt;i&gt;&quot;Do you even lift!!!!&quot;&lt;/i&gt;&lt;br /&gt;&lt;span&gt;[You may only challenge this boss once a week, Weekly timer resets on Monday]&lt;/span&gt;&lt;br /&gt;&lt;br /&gt;&lt;/div&gt;&lt;div align=&quot;center&quot;&gt;BOSS: Flex Flounder&lt;/div&gt;&lt;div align=&quot;center&quot;&gt;&lt;br /&gt;&lt;/div&gt;&lt;div align=&quot;center&quot;&gt;Maximum&amp;nbsp;Moves : 5&lt;/div&gt;&lt;div align=&quot;center&quot;&gt;Element: Steel&lt;br /&gt;&lt;/div&gt;&lt;div align=&quot;center&quot;&gt;Health - Persuasion Meter: 50&lt;br /&gt;&lt;i&gt;Hint: Just attack it, talking won&#039;t work, strength is the only way this guy will listen.&lt;/i&gt;&lt;br /&gt;&lt;br /&gt;Skills will be rolled from 1-25&lt;br /&gt;General Actions will be rolled from 1-10&lt;br /&gt;&lt;/div&gt;&lt;div align=&quot;center&quot;&gt;&lt;span&gt;If you manage to hit the right skills/general actions according to the boss&#039; preferences, +5 will be applied to your move!&lt;br /&gt;&lt;/span&gt;All Social Moves will be halved.&lt;br /&gt;&lt;br /&gt;Reward: 1 Skill Gem&lt;br /&gt;Chance Drop (3 Battles Activates the chance): Aesthetic Board: Steel Body&lt;br /&gt;10 Jelly if you Lose&lt;br /&gt;&lt;br /&gt;&lt;span&gt;!REPLY TO THIS COMMENT TO PROCEED!&lt;/span&gt;&lt;br /&gt;&lt;/div&gt;&lt;br /&gt;&lt;div&gt;&lt;img src=&quot;https://t00.deviantart.net/GOxxs0UbAmHPS6hDwleGIQkhdAA=/300x200/filters:fixed_height(100,100):origin()/pre00/3bef/th/pre/f/2019/056/f/2/battle__flex_flounder_by_maskivisindex-dd0osu9.png&quot; alt=&quot;thumbnail&quot; /&gt;&lt;/div&gt;</description>            </item>
                    <item>
                <title>UwU Adopts all 20 points</title>
                <link>https://princesslavenders.deviantart.com/art/UwU-Adopts-all-20-points-787221319</link>
                <guid isPermaLink="true">https://princesslavenders.deviantart.com/art/UwU-Adopts-all-20-points-787221319</guid>
                <pubDate>Mon, 25 Feb 2019 11:43:40 PST</pubDate>
                        <media:title type="plain">UwU Adopts all 20 points</media:title>
        <media:keywords></media:keywords>
                        <media:rating>nonadult</media:rating>
                <media:category label="Adoptables">darelated/deviousfun/adoptables</media:category>
        <media:credit role="author" scheme="urn:ebu">Princesslavenders</media:credit>
        <media:credit role="author" scheme="urn:ebu">https://a.deviantart.net/avatars/p/r/princesslavenders.png?5</media:credit>
        <media:copyright url="https://princesslavenders.deviantart.com">Copyright 2019 Princesslavenders</media:copyright>            <media:description type="html">base:&amp;nbsp;&lt;a href=&quot;https://www.deviantart.com/misaokaorisagura/art/A-Random-Base-112951222&quot;&gt;www.deviantart.com/misaokaoris&amp;hellip;&lt;/a&gt;&lt;br /&gt;&lt;br /&gt;1: open&lt;br /&gt;2: open&lt;br /&gt;3: open&lt;br /&gt;4: open&lt;br /&gt;5: open&lt;br /&gt;6: open&lt;br /&gt;&lt;br /&gt;&lt;span&gt;Rules:&lt;/span&gt;&lt;br /&gt;&lt;span&gt;1. Credit me first time you draw them, Don&#039;t claim original design as your own&lt;/span&gt;&lt;br /&gt;&lt;span&gt;2. If you plan to sell them please tell me&lt;/span&gt;&lt;br /&gt;&lt;span&gt;3.You can change some of the design but not all&lt;/span&gt;&lt;br /&gt;&lt;span&gt;4.Please put them to good use OwQ&lt;br /&gt;&lt;/span&gt;&lt;span&gt;5. I can put them on hold for 20 days, after 20 days unless you pay for part of the adopt, i won&#039;t hold them anymor&lt;/span&gt;</media:description>            <media:thumbnail url="https://t00.deviantart.net/fovNw1qsygbEJTaQ99GjhvkU8yw=/fit-in/150x150/filters:no_upscale():origin()/pre00/958e/th/pre/f/2019/056/2/f/uwu_adopts_all_20_points_by_princesslavenders-dd0ovuv.png" height="127" width="150"/>            <media:thumbnail url="https://t00.deviantart.net/u2_sbiuflsvQN4Je3FArM3l4jz0=/fit-in/300x900/filters:no_upscale():origin()/pre00/958e/th/pre/f/2019/056/2/f/uwu_adopts_all_20_points_by_princesslavenders-dd0ovuv.png" height="254" width="300"/>            <media:thumbnail url="https://t00.deviantart.net/9Yu3sQRug2XscCISmNXDBiruRFA=/300x200/filters:fixed_height(100,100):origin()/pre00/958e/th/pre/f/2019/056/2/f/uwu_adopts_all_20_points_by_princesslavenders-dd0ovuv.png" height="200" width="236"/>            <media:content url="https://pre00.deviantart.net/958e/th/pre/f/2019/056/2/f/uwu_adopts_all_20_points_by_princesslavenders-dd0ovuv.png" height="823" width="971" medium="image"/>            
            <description>base:&amp;nbsp;&lt;a href=&quot;https://www.deviantart.com/misaokaorisagura/art/A-Random-Base-112951222&quot;&gt;www.deviantart.com/misaokaoris&amp;hellip;&lt;/a&gt;&lt;br /&gt;&lt;br /&gt;1: open&lt;br /&gt;2: open&lt;br /&gt;3: open&lt;br /&gt;4: open&lt;br /&gt;5: open&lt;br /&gt;6: open&lt;br /&gt;&lt;br /&gt;&lt;span&gt;Rules:&lt;/span&gt;&lt;br /&gt;&lt;span&gt;1. Credit me first time you draw them, Don&#039;t claim original design as your own&lt;/span&gt;&lt;br /&gt;&lt;span&gt;2. If you plan to sell them please tell me&lt;/span&gt;&lt;br /&gt;&lt;span&gt;3.You can change some of the design but not all&lt;/span&gt;&lt;br /&gt;&lt;span&gt;4.Please put them to good use OwQ&lt;br /&gt;&lt;/span&gt;&lt;span&gt;5. I can put them on hold for 20 days, after 20 days unless you pay for part of the adopt, i won&#039;t hold them anymor&lt;/span&gt;&lt;br /&gt;&lt;div&gt;&lt;img src=&quot;https://t00.deviantart.net/9Yu3sQRug2XscCISmNXDBiruRFA=/300x200/filters:fixed_height(100,100):origin()/pre00/958e/th/pre/f/2019/056/2/f/uwu_adopts_all_20_points_by_princesslavenders-dd0ovuv.png&quot; alt=&quot;thumbnail&quot; /&gt;&lt;/div&gt;</description>            </item>
                    <item>
                <title>Some BrickButtercup  </title>
                <link>https://sarcasticgenocide.deviantart.com/art/Some-BrickButtercup-787221473</link>
                <guid isPermaLink="true">https://sarcasticgenocide.deviantart.com/art/Some-BrickButtercup-787221473</guid>
                <pubDate>Mon, 25 Feb 2019 11:43:38 PST</pubDate>
                        <media:title type="plain">Some BrickButtercup  </media:title>
        <media:keywords></media:keywords>
                        <media:rating>nonadult</media:rating>
                <media:category label="Drawings">cartoons/digital/cartoons/drawings</media:category>
        <media:credit role="author" scheme="urn:ebu">Sarcasticgenocide</media:credit>
        <media:credit role="author" scheme="urn:ebu">https://a.deviantart.net/avatars/s/a/sarcasticgenocide.jpg?5</media:credit>
        <media:copyright url="https://sarcasticgenocide.deviantart.com">Copyright 2019 Sarcasticgenocide</media:copyright>            <media:description type="html">Ghdjdhgf he&#039;s not holding her boob, I swear</media:description>            <media:thumbnail url="https://t00.deviantart.net/rLMweT8WoBEoumFjISdhM1VOC6g=/fit-in/150x150/filters:no_upscale():origin()/pre00/6afa/th/pre/i/2019/056/e/c/some_brickbuttercup___by_sarcasticgenocide-dd0ovz5.jpg" height="150" width="141"/>            <media:thumbnail url="https://t00.deviantart.net/dyCvsIkE57keYsOimeaxoWQvWLA=/fit-in/300x900/filters:no_upscale():origin()/pre00/6afa/th/pre/i/2019/056/e/c/some_brickbuttercup___by_sarcasticgenocide-dd0ovz5.jpg" height="320" width="300"/>            <media:thumbnail url="https://t00.deviantart.net/XzVDYhVgsnJKlJqeOlasYmiEyRI=/300x200/filters:fixed_height(100,100):origin()/pre00/6afa/th/pre/i/2019/056/e/c/some_brickbuttercup___by_sarcasticgenocide-dd0ovz5.jpg" height="200" width="188"/>            <media:content url="https://img00.deviantart.net/9a85/i/2019/056/e/c/some_brickbuttercup___by_sarcasticgenocide-dd0ovz5.jpg" height="639" width="600" medium="image"/>            
            <description>Ghdjdhgf he&#039;s not holding her boob, I swear&lt;br /&gt;&lt;div&gt;&lt;img src=&quot;https://t00.deviantart.net/XzVDYhVgsnJKlJqeOlasYmiEyRI=/300x200/filters:fixed_height(100,100):origin()/pre00/6afa/th/pre/i/2019/056/e/c/some_brickbuttercup___by_sarcasticgenocide-dd0ovz5.jpg&quot; alt=&quot;thumbnail&quot; /&gt;&lt;/div&gt;</description>            </item>
                    <item>
                <title>05</title>
                <link>https://honeysnaps.deviantart.com/art/05-787221436</link>
                <guid isPermaLink="true">https://honeysnaps.deviantart.com/art/05-787221436</guid>
                <pubDate>Mon, 25 Feb 2019 11:43:36 PST</pubDate>
                        <media:title type="plain">05</media:title>
        <media:keywords></media:keywords>
                        <media:rating>nonadult</media:rating>
                <media:category label="Animals">digitalart/paintings/animals</media:category>
        <media:credit role="author" scheme="urn:ebu">honeysnaps</media:credit>
        <media:credit role="author" scheme="urn:ebu">https://a.deviantart.net/avatars/h/o/honeysnaps.png?12</media:credit>
        <media:copyright url="https://honeysnaps.deviantart.com">Copyright 2019 honeysnaps</media:copyright>            <media:description type="html"></media:description>            <media:thumbnail url="https://t00.deviantart.net/lko3LBKCHU22kmokYrzjwR5idH8=/fit-in/150x150/filters:no_upscale():origin()/pre00/eded/th/pre/f/2019/056/a/9/a9675baa63ede04fe8722bc772ea6ceb-dd0ovy4.png" height="136" width="150"/>            <media:thumbnail url="https://t00.deviantart.net/ZkNSbOT4BG0nLp0FE3pZZNTwba0=/fit-in/300x900/filters:no_upscale():origin()/pre00/eded/th/pre/f/2019/056/a/9/a9675baa63ede04fe8722bc772ea6ceb-dd0ovy4.png" height="273" width="300"/>            <media:thumbnail url="https://t00.deviantart.net/LrWnBzE9pZ8CgsBIL86xK3A0e80=/300x200/filters:fixed_height(100,100):origin()/pre00/eded/th/pre/f/2019/056/a/9/a9675baa63ede04fe8722bc772ea6ceb-dd0ovy4.png" height="200" width="220"/>            <media:content url="https://orig00.deviantart.net/b2a7/f/2019/056/a/9/a9675baa63ede04fe8722bc772ea6ceb-dd0ovy4.png" height="829" width="912" medium="image"/>            
            <description>&lt;br /&gt;&lt;div&gt;&lt;img src=&quot;https://t00.deviantart.net/LrWnBzE9pZ8CgsBIL86xK3A0e80=/300x200/filters:fixed_height(100,100):origin()/pre00/eded/th/pre/f/2019/056/a/9/a9675baa63ede04fe8722bc772ea6ceb-dd0ovy4.png&quot; alt=&quot;thumbnail&quot; /&gt;&lt;/div&gt;</description>            </item>
                    <item>
                <title>Check out my Pad</title>
                <link>https://tsmith13.deviantart.com/art/Check-out-my-Pad-787221328</link>
                <guid isPermaLink="true">https://tsmith13.deviantart.com/art/Check-out-my-Pad-787221328</guid>
                <pubDate>Mon, 25 Feb 2019 11:43:34 PST</pubDate>
                        <media:title type="plain">Check out my Pad</media:title>
        <media:keywords></media:keywords>
                        <media:rating>nonadult</media:rating>
                <media:category label="Reptiles &amp; Amphibians">photography/nature/reptiles</media:category>
        <media:credit role="author" scheme="urn:ebu">TSmith13</media:credit>
        <media:credit role="author" scheme="urn:ebu">https://a.deviantart.net/avatars/t/s/tsmith13.jpg?5</media:credit>
        <media:copyright url="https://tsmith13.deviantart.com">Copyright 2019 TSmith13</media:copyright>            <media:description type="html">Just a frog... chilling in a pond during the summer</media:description>            <media:thumbnail url="https://t00.deviantart.net/Irm1ZRh_F9_-6pqyNj6lkoQa728=/fit-in/150x150/filters:no_upscale():origin()/pre00/147e/th/pre/i/2019/056/f/b/check_out_my_pad_by_tsmith13-dd0ovv4.jpg" height="100" width="150"/>            <media:thumbnail url="https://t00.deviantart.net/jxaTpX8W0Qa4mm5uH7lWxDCMwQI=/fit-in/300x900/filters:no_upscale():origin()/pre00/147e/th/pre/i/2019/056/f/b/check_out_my_pad_by_tsmith13-dd0ovv4.jpg" height="201" width="300"/>            <media:thumbnail url="https://t00.deviantart.net/NUU0UtF5z6D6IIJgZfi2ZNPJ9sE=/300x200/filters:fixed_height(100,100):origin()/pre00/147e/th/pre/i/2019/056/f/b/check_out_my_pad_by_tsmith13-dd0ovv4.jpg" height="200" width="299"/>            <media:content url="https://img00.deviantart.net/bb65/i/2019/056/f/b/check_out_my_pad_by_tsmith13-dd0ovv4.jpg" height="685" width="1024" medium="image"/>            
            <description>Just a frog... chilling in a pond during the summer&lt;br /&gt;&lt;div&gt;&lt;img src=&quot;https://t00.deviantart.net/NUU0UtF5z6D6IIJgZfi2ZNPJ9sE=/300x200/filters:fixed_height(100,100):origin()/pre00/147e/th/pre/i/2019/056/f/b/check_out_my_pad_by_tsmith13-dd0ovv4.jpg&quot; alt=&quot;thumbnail&quot; /&gt;&lt;/div&gt;</description>            </item>
                    <item>
                <title>Artemys Badge</title>
                <link>https://the-childofflames.deviantart.com/art/Artemys-Badge-787220969</link>
                <guid isPermaLink="true">https://the-childofflames.deviantart.com/art/Artemys-Badge-787220969</guid>
                <pubDate>Mon, 25 Feb 2019 11:43:33 PST</pubDate>
                        <media:title type="plain">Artemys Badge</media:title>
        <media:keywords></media:keywords>
                        <media:rating>nonadult</media:rating>
                <media:category label="Fantasy">traditional/drawings/fantasy</media:category>
        <media:credit role="author" scheme="urn:ebu">the-childofflames</media:credit>
        <media:credit role="author" scheme="urn:ebu">https://a.deviantart.net/avatars/t/h/the-childofflames.gif?8</media:credit>
        <media:copyright url="https://the-childofflames.deviantart.com">Copyright 2019 the-childofflames</media:copyright>             <creativeCommons:license>http://creativecommons.org/licenses/by-nc-nd/3.0/</creativeCommons:license>
                <media:description type="html">&lt;div align=&quot;center&quot;&gt;&lt;a href=&quot;https://www.deviantart.com/a-kid-at-heart/art/proud-418690673&quot; class=&quot;emoticon&quot; data-embed-type=&quot;emoticon&quot; data-embed-id=&quot;418690673&quot; data-embed-profile=&quot;deviation&quot;&gt;&lt;img src=&quot;https://orig00.deviantart.net/9417/f/2013/342/e/9/_proud__by_a_kid_at_heart-d6x9zsh.gif&quot; alt=&quot;:proud:&quot; style=&quot;width:39px;height:33px&quot;&gt;&lt;/a&gt;&lt;span&gt;&amp;nbsp;&amp;#10084;&amp;nbsp;&lt;/span&gt;&lt;i&gt;&lt;b&gt;Please, don&#039;t forget to favourite/comment if you like my art ! It&#039;s the best way to support me and it cost nothing !&lt;/b&gt;&lt;/i&gt;&lt;i&gt;&amp;nbsp;&lt;/i&gt;&lt;span&gt;&amp;#10084;&amp;nbsp;&lt;/span&gt;&lt;a href=&quot;https://www.deviantart.com/a-kid-at-heart/art/proud-418690673&quot; class=&quot;emoticon&quot; data-embed-type=&quot;emoticon&quot; data-embed-id=&quot;418690673&quot; data-embed-profile=&quot;deviation&quot;&gt;&lt;img src=&quot;https://orig00.deviantart.net/9417/f/2013/342/e/9/_proud__by_a_kid_at_heart-d6x9zsh.gif&quot; alt=&quot;:proud:&quot; style=&quot;width:39px;height:33px&quot;&gt;&lt;/a&gt;&lt;span&gt;&amp;nbsp;&lt;/span&gt;&lt;br /&gt;&lt;br /&gt;A traditional badge of the pretty girl Art&amp;#233;mys ~ My first time with copic markers ! I missed traditional work so much !!&lt;br /&gt;Sorry for being so distant those times, but I have to deal with a lot of problems... I&#039;m anxious all the time and I don&#039;t want to be awkward with y&#039;all&lt;/div&gt;&lt;div align=&quot;center&quot;&gt;&lt;br /&gt;&lt;span class=&quot;shadow-holder&quot; data-embed-type=&quot;deviation&quot; data-embed-id=&quot;773914620&quot; data-embed-format=&quot;thumb&quot;&gt;&lt;span class=&quot;shadow mild&quot; &gt;&lt;a class=&quot;thumb&quot; href=&quot;https://www.deviantart.com/the-childofflames/art/Happy-fire-babe-773914620&quot; title=&quot;Happy fire babe by the-childofflames, Nov 24, 2018 in Digital Art &amp;gt; Drawings &amp;amp; Paintings &amp;gt; Fantasy&quot;data-super-img=&quot;https://images-wixmp-ed30a86b8c4ca887773594c2.wixmp.com/intermediary/f/330e109c-ddb3-4432-8fdb-48efbc86e0f8/dcsrocc-64ee68a5-5d9d-420d-89fe-682ae48cfaf4.png/v1/fill/w_816,h_979,q_70,strp/happy_fire_babe_by_the_childofflames_dcsrocc-pre.jpg&quot; data-super-width=&quot;816&quot; data-super-height=&quot;979&quot; data-super-transparent=&quot;false&quot; data-super-alt=&quot;Happy fire babe by the-childofflames&quot; data-super-full-img=&quot;https://images-wixmp-ed30a86b8c4ca887773594c2.wixmp.com/intermediary/f/330e109c-ddb3-4432-8fdb-48efbc86e0f8/dcsrocc-64ee68a5-5d9d-420d-89fe-682ae48cfaf4.png/v1/fill/w_1280,h_1536,q_80,strp/happy_fire_babe_by_the_childofflames_dcsrocc-fullview.jpg&quot; data-super-full-width=&quot;1280&quot; data-super-full-height=&quot;1536&quot;        data-sigil=&quot;thumb&quot;&gt;
        &lt;i&gt;&lt;/i&gt;&lt;img   width=&quot;125&quot; height=&quot;150&quot; alt=&quot;Happy fire babe by the-childofflames&quot; src=&quot;https://images-wixmp-ed30a86b8c4ca887773594c2.wixmp.com/intermediary/f/330e109c-ddb3-4432-8fdb-48efbc86e0f8/dcsrocc-64ee68a5-5d9d-420d-89fe-682ae48cfaf4.png/v1/fit/w_150,h_150,q_70,strp/happy_fire_babe_by_the_childofflames_dcsrocc-150.jpg&quot; data-src=&quot;https://images-wixmp-ed30a86b8c4ca887773594c2.wixmp.com/intermediary/f/330e109c-ddb3-4432-8fdb-48efbc86e0f8/dcsrocc-64ee68a5-5d9d-420d-89fe-682ae48cfaf4.png/v1/fit/w_150,h_150,q_70,strp/happy_fire_babe_by_the_childofflames_dcsrocc-150.jpg&quot; srcset=&quot;https://images-wixmp-ed30a86b8c4ca887773594c2.wixmp.com/intermediary/f/330e109c-ddb3-4432-8fdb-48efbc86e0f8/dcsrocc-64ee68a5-5d9d-420d-89fe-682ae48cfaf4.png/v1/fit/w_150,h_150,q_70,strp/happy_fire_babe_by_the_childofflames_dcsrocc-150.jpg 125w,https://images-wixmp-ed30a86b8c4ca887773594c2.wixmp.com/intermediary/f/330e109c-ddb3-4432-8fdb-48efbc86e0f8/dcsrocc-64ee68a5-5d9d-420d-89fe-682ae48cfaf4.png/v1/fill/w_208,h_250,q_70,strp/happy_fire_babe_by_the_childofflames_dcsrocc-250t.jpg 208w,https://images-wixmp-ed30a86b8c4ca887773594c2.wixmp.com/intermediary/f/330e109c-ddb3-4432-8fdb-48efbc86e0f8/dcsrocc-64ee68a5-5d9d-420d-89fe-682ae48cfaf4.png/v1/fill/w_292,h_350,q_70,strp/happy_fire_babe_by_the_childofflames_dcsrocc-350t.jpg 292w,https://images-wixmp-ed30a86b8c4ca887773594c2.wixmp.com/intermediary/f/330e109c-ddb3-4432-8fdb-48efbc86e0f8/dcsrocc-64ee68a5-5d9d-420d-89fe-682ae48cfaf4.png/v1/fill/w_333,h_400,q_70,strp/happy_fire_babe_by_the_childofflames_dcsrocc-400t.jpg 333w,https://images-wixmp-ed30a86b8c4ca887773594c2.wixmp.com/intermediary/f/330e109c-ddb3-4432-8fdb-48efbc86e0f8/dcsrocc-64ee68a5-5d9d-420d-89fe-682ae48cfaf4.png/v1/fill/w_816,h_979,q_70,strp/happy_fire_babe_by_the_childofflames_dcsrocc-pre.jpg 816w&quot; sizes=&quot;125px&quot;&gt;&lt;/a&gt;&lt;/span&gt;&lt;!-- ^TTT --&gt;&lt;!-- TTT$ --&gt;&lt;/span&gt;&amp;nbsp;&amp;nbsp;&lt;span class=&quot;shadow-holder&quot; data-embed-type=&quot;deviation&quot; data-embed-id=&quot;755253372&quot; data-embed-format=&quot;thumb&quot;&gt;&lt;span class=&quot;shadow mild&quot; &gt;&lt;a class=&quot;thumb&quot; href=&quot;https://www.deviantart.com/the-childofflames/art/Artemys-Station-of-Awakening-755253372&quot; title=&quot;Artemys - Station of Awakening by the-childofflames, Jul 19, 2018 in Digital Art &amp;gt; Drawings &amp;amp; Paintings &amp;gt; Fantasy&quot;data-super-img=&quot;https://images-wixmp-ed30a86b8c4ca887773594c2.wixmp.com/intermediary/f/330e109c-ddb3-4432-8fdb-48efbc86e0f8/dchnp8c-72027961-82f6-43ed-903b-9baa5c323ebf.png/v1/fill/w_893,h_895,q_70,strp/artemys___station_of_awakening_by_the_childofflames_dchnp8c-pre.jpg&quot; data-super-width=&quot;893&quot; data-super-height=&quot;895&quot; data-super-transparent=&quot;false&quot; data-super-alt=&quot;Artemys - Station of Awakening by the-childofflames&quot; data-super-full-img=&quot;https://images-wixmp-ed30a86b8c4ca887773594c2.wixmp.com/intermediary/f/330e109c-ddb3-4432-8fdb-48efbc86e0f8/dchnp8c-72027961-82f6-43ed-903b-9baa5c323ebf.png/v1/fill/w_1024,h_1026,q_80,strp/artemys___station_of_awakening_by_the_childofflames_dchnp8c-fullview.jpg&quot; data-super-full-width=&quot;1024&quot; data-super-full-height=&quot;1026&quot;        data-sigil=&quot;thumb&quot;&gt;
        &lt;i&gt;&lt;/i&gt;&lt;img   width=&quot;150&quot; height=&quot;150&quot; alt=&quot;Artemys - Station of Awakening by the-childofflames&quot; src=&quot;https://images-wixmp-ed30a86b8c4ca887773594c2.wixmp.com/intermediary/f/330e109c-ddb3-4432-8fdb-48efbc86e0f8/dchnp8c-72027961-82f6-43ed-903b-9baa5c323ebf.png/v1/fit/w_150,h_150,q_70,strp/artemys___station_of_awakening_by_the_childofflames_dchnp8c-150.jpg&quot; data-src=&quot;https://images-wixmp-ed30a86b8c4ca887773594c2.wixmp.com/intermediary/f/330e109c-ddb3-4432-8fdb-48efbc86e0f8/dchnp8c-72027961-82f6-43ed-903b-9baa5c323ebf.png/v1/fit/w_150,h_150,q_70,strp/artemys___station_of_awakening_by_the_childofflames_dchnp8c-150.jpg&quot; srcset=&quot;https://images-wixmp-ed30a86b8c4ca887773594c2.wixmp.com/intermediary/f/330e109c-ddb3-4432-8fdb-48efbc86e0f8/dchnp8c-72027961-82f6-43ed-903b-9baa5c323ebf.png/v1/fit/w_150,h_150,q_70,strp/artemys___station_of_awakening_by_the_childofflames_dchnp8c-150.jpg 150w,https://images-wixmp-ed30a86b8c4ca887773594c2.wixmp.com/intermediary/f/330e109c-ddb3-4432-8fdb-48efbc86e0f8/dchnp8c-72027961-82f6-43ed-903b-9baa5c323ebf.png/v1/fill/w_250,h_250,q_70,strp/artemys___station_of_awakening_by_the_childofflames_dchnp8c-250t.jpg 250w,https://images-wixmp-ed30a86b8c4ca887773594c2.wixmp.com/intermediary/f/330e109c-ddb3-4432-8fdb-48efbc86e0f8/dchnp8c-72027961-82f6-43ed-903b-9baa5c323ebf.png/v1/fill/w_349,h_350,q_70,strp/artemys___station_of_awakening_by_the_childofflames_dchnp8c-350t.jpg 349w,https://images-wixmp-ed30a86b8c4ca887773594c2.wixmp.com/intermediary/f/330e109c-ddb3-4432-8fdb-48efbc86e0f8/dchnp8c-72027961-82f6-43ed-903b-9baa5c323ebf.png/v1/fill/w_399,h_400,q_70,strp/artemys___station_of_awakening_by_the_childofflames_dchnp8c-400t.jpg 399w,https://images-wixmp-ed30a86b8c4ca887773594c2.wixmp.com/intermediary/f/330e109c-ddb3-4432-8fdb-48efbc86e0f8/dchnp8c-72027961-82f6-43ed-903b-9baa5c323ebf.png/v1/fill/w_893,h_895,q_70,strp/artemys___station_of_awakening_by_the_childofflames_dchnp8c-pre.jpg 893w&quot; sizes=&quot;150px&quot;&gt;&lt;/a&gt;&lt;/span&gt;&lt;!-- ^TTT --&gt;&lt;!-- TTT$ --&gt;&lt;/span&gt;&amp;nbsp;&lt;br /&gt;&lt;/div&gt;&lt;div align=&quot;center&quot;&gt;&lt;br /&gt;&lt;div align=&quot;center&quot;&gt;&lt;u&gt;Character(s)&lt;/u&gt;&amp;nbsp;: Artemys&lt;br /&gt;&lt;/div&gt;&lt;b&gt;&amp;nbsp;&lt;/b&gt;&lt;b&gt;&lt;div align=&quot;center&quot;&gt;&lt;b&gt;&lt;i&gt;Art, characters and Emelta&amp;nbsp;&lt;/i&gt;&lt;/b&gt;&lt;b&gt;&amp;#169; Me (&lt;span class=&quot;username-with-symbol u&quot;&gt;&lt;a class=&quot;u premium username&quot; href=&quot;https://www.deviantart.com/the-childofflames&quot;&gt;the-childofflames&lt;/a&gt;&lt;span class=&quot;user-symbol premium&quot; data-quicktip-text=&quot;Core Member&quot; data-show-tooltip=&quot;1&quot; data-gruser-type=&quot;premium&quot;&gt;&lt;/span&gt;&lt;/span&gt;)&lt;/b&gt;&lt;/div&gt;&lt;/b&gt;&lt;/div&gt;</media:description>            <media:thumbnail url="https://t00.deviantart.net/4dS_3wVzmRayaxtoK2ia9Z85T0I=/fit-in/150x150/filters:no_upscale():origin()/pre00/f8eb/th/pre/f/2019/056/6/4/artemys_badge_by_the_childofflames-dd0ovl5.png" height="137" width="150"/>            <media:thumbnail url="https://t00.deviantart.net/tjXI7iBMVRA91L8aa6t2UoqalwI=/fit-in/300x900/filters:no_upscale():origin()/pre00/f8eb/th/pre/f/2019/056/6/4/artemys_badge_by_the_childofflames-dd0ovl5.png" height="275" width="300"/>            <media:thumbnail url="https://t00.deviantart.net/LPjt9fRE7WTstNBcpAzKKEvnioY=/300x200/filters:fixed_height(100,100):origin()/pre00/f8eb/th/pre/f/2019/056/6/4/artemys_badge_by_the_childofflames-dd0ovl5.png" height="200" width="218"/>            <media:content url="https://orig00.deviantart.net/f605/f/2019/056/6/4/artemys_badge_by_the_childofflames-dd0ovl5.png" height="719" width="785" medium="image"/>            
            <description>&lt;div align=&quot;center&quot;&gt;&lt;a href=&quot;https://www.deviantart.com/a-kid-at-heart/art/proud-418690673&quot; class=&quot;emoticon&quot; data-embed-type=&quot;emoticon&quot; data-embed-id=&quot;418690673&quot; data-embed-profile=&quot;deviation&quot;&gt;&lt;img src=&quot;https://orig00.deviantart.net/9417/f/2013/342/e/9/_proud__by_a_kid_at_heart-d6x9zsh.gif&quot; alt=&quot;:proud:&quot; style=&quot;width:39px;height:33px&quot;&gt;&lt;/a&gt;&lt;span&gt;&amp;nbsp;&amp;#10084;&amp;nbsp;&lt;/span&gt;&lt;i&gt;&lt;b&gt;Please, don&#039;t forget to favourite/comment if you like my art ! It&#039;s the best way to support me and it cost nothing !&lt;/b&gt;&lt;/i&gt;&lt;i&gt;&amp;nbsp;&lt;/i&gt;&lt;span&gt;&amp;#10084;&amp;nbsp;&lt;/span&gt;&lt;a href=&quot;https://www.deviantart.com/a-kid-at-heart/art/proud-418690673&quot; class=&quot;emoticon&quot; data-embed-type=&quot;emoticon&quot; data-embed-id=&quot;418690673&quot; data-embed-profile=&quot;deviation&quot;&gt;&lt;img src=&quot;https://orig00.deviantart.net/9417/f/2013/342/e/9/_proud__by_a_kid_at_heart-d6x9zsh.gif&quot; alt=&quot;:proud:&quot; style=&quot;width:39px;height:33px&quot;&gt;&lt;/a&gt;&lt;span&gt;&amp;nbsp;&lt;/span&gt;&lt;br /&gt;&lt;br /&gt;A traditional badge of the pretty girl Art&amp;#233;mys ~ My first time with copic markers ! I missed traditional work so much !!&lt;br /&gt;Sorry for being so distant those times, but I have to deal with a lot of problems... I&#039;m anxious all the time and I don&#039;t want to be awkward with y&#039;all&lt;/div&gt;&lt;div align=&quot;center&quot;&gt;&lt;br /&gt;&lt;span class=&quot;shadow-holder&quot; data-embed-type=&quot;deviation&quot; data-embed-id=&quot;773914620&quot; data-embed-format=&quot;thumb&quot;&gt;&lt;span class=&quot;shadow mild&quot; &gt;&lt;a class=&quot;thumb&quot; href=&quot;https://www.deviantart.com/the-childofflames/art/Happy-fire-babe-773914620&quot; title=&quot;Happy fire babe by the-childofflames, Nov 24, 2018 in Digital Art &amp;gt; Drawings &amp;amp; Paintings &amp;gt; Fantasy&quot;data-super-img=&quot;https://images-wixmp-ed30a86b8c4ca887773594c2.wixmp.com/intermediary/f/330e109c-ddb3-4432-8fdb-48efbc86e0f8/dcsrocc-64ee68a5-5d9d-420d-89fe-682ae48cfaf4.png/v1/fill/w_816,h_979,q_70,strp/happy_fire_babe_by_the_childofflames_dcsrocc-pre.jpg&quot; data-super-width=&quot;816&quot; data-super-height=&quot;979&quot; data-super-transparent=&quot;false&quot; data-super-alt=&quot;Happy fire babe by the-childofflames&quot; data-super-full-img=&quot;https://images-wixmp-ed30a86b8c4ca887773594c2.wixmp.com/intermediary/f/330e109c-ddb3-4432-8fdb-48efbc86e0f8/dcsrocc-64ee68a5-5d9d-420d-89fe-682ae48cfaf4.png/v1/fill/w_1280,h_1536,q_80,strp/happy_fire_babe_by_the_childofflames_dcsrocc-fullview.jpg&quot; data-super-full-width=&quot;1280&quot; data-super-full-height=&quot;1536&quot;        data-sigil=&quot;thumb&quot;&gt;
        &lt;i&gt;&lt;/i&gt;&lt;img   width=&quot;125&quot; height=&quot;150&quot; alt=&quot;Happy fire babe by the-childofflames&quot; src=&quot;https://images-wixmp-ed30a86b8c4ca887773594c2.wixmp.com/intermediary/f/330e109c-ddb3-4432-8fdb-48efbc86e0f8/dcsrocc-64ee68a5-5d9d-420d-89fe-682ae48cfaf4.png/v1/fit/w_150,h_150,q_70,strp/happy_fire_babe_by_the_childofflames_dcsrocc-150.jpg&quot; data-src=&quot;https://images-wixmp-ed30a86b8c4ca887773594c2.wixmp.com/intermediary/f/330e109c-ddb3-4432-8fdb-48efbc86e0f8/dcsrocc-64ee68a5-5d9d-420d-89fe-682ae48cfaf4.png/v1/fit/w_150,h_150,q_70,strp/happy_fire_babe_by_the_childofflames_dcsrocc-150.jpg&quot; srcset=&quot;https://images-wixmp-ed30a86b8c4ca887773594c2.wixmp.com/intermediary/f/330e109c-ddb3-4432-8fdb-48efbc86e0f8/dcsrocc-64ee68a5-5d9d-420d-89fe-682ae48cfaf4.png/v1/fit/w_150,h_150,q_70,strp/happy_fire_babe_by_the_childofflames_dcsrocc-150.jpg 125w,https://images-wixmp-ed30a86b8c4ca887773594c2.wixmp.com/intermediary/f/330e109c-ddb3-4432-8fdb-48efbc86e0f8/dcsrocc-64ee68a5-5d9d-420d-89fe-682ae48cfaf4.png/v1/fill/w_208,h_250,q_70,strp/happy_fire_babe_by_the_childofflames_dcsrocc-250t.jpg 208w,https://images-wixmp-ed30a86b8c4ca887773594c2.wixmp.com/intermediary/f/330e109c-ddb3-4432-8fdb-48efbc86e0f8/dcsrocc-64ee68a5-5d9d-420d-89fe-682ae48cfaf4.png/v1/fill/w_292,h_350,q_70,strp/happy_fire_babe_by_the_childofflames_dcsrocc-350t.jpg 292w,https://images-wixmp-ed30a86b8c4ca887773594c2.wixmp.com/intermediary/f/330e109c-ddb3-4432-8fdb-48efbc86e0f8/dcsrocc-64ee68a5-5d9d-420d-89fe-682ae48cfaf4.png/v1/fill/w_333,h_400,q_70,strp/happy_fire_babe_by_the_childofflames_dcsrocc-400t.jpg 333w,https://images-wixmp-ed30a86b8c4ca887773594c2.wixmp.com/intermediary/f/330e109c-ddb3-4432-8fdb-48efbc86e0f8/dcsrocc-64ee68a5-5d9d-420d-89fe-682ae48cfaf4.png/v1/fill/w_816,h_979,q_70,strp/happy_fire_babe_by_the_childofflames_dcsrocc-pre.jpg 816w&quot; sizes=&quot;125px&quot;&gt;&lt;/a&gt;&lt;/span&gt;&lt;!-- ^TTT --&gt;&lt;!-- TTT$ --&gt;&lt;/span&gt;&amp;nbsp;&amp;nbsp;&lt;span class=&quot;shadow-holder&quot; data-embed-type=&quot;deviation&quot; data-embed-id=&quot;755253372&quot; data-embed-format=&quot;thumb&quot;&gt;&lt;span class=&quot;shadow mild&quot; &gt;&lt;a class=&quot;thumb&quot; href=&quot;https://www.deviantart.com/the-childofflames/art/Artemys-Station-of-Awakening-755253372&quot; title=&quot;Artemys - Station of Awakening by the-childofflames, Jul 19, 2018 in Digital Art &amp;gt; Drawings &amp;amp; Paintings &amp;gt; Fantasy&quot;data-super-img=&quot;https://images-wixmp-ed30a86b8c4ca887773594c2.wixmp.com/intermediary/f/330e109c-ddb3-4432-8fdb-48efbc86e0f8/dchnp8c-72027961-82f6-43ed-903b-9baa5c323ebf.png/v1/fill/w_893,h_895,q_70,strp/artemys___station_of_awakening_by_the_childofflames_dchnp8c-pre.jpg&quot; data-super-width=&quot;893&quot; data-super-height=&quot;895&quot; data-super-transparent=&quot;false&quot; data-super-alt=&quot;Artemys - Station of Awakening by the-childofflames&quot; data-super-full-img=&quot;https://images-wixmp-ed30a86b8c4ca887773594c2.wixmp.com/intermediary/f/330e109c-ddb3-4432-8fdb-48efbc86e0f8/dchnp8c-72027961-82f6-43ed-903b-9baa5c323ebf.png/v1/fill/w_1024,h_1026,q_80,strp/artemys___station_of_awakening_by_the_childofflames_dchnp8c-fullview.jpg&quot; data-super-full-width=&quot;1024&quot; data-super-full-height=&quot;1026&quot;        data-sigil=&quot;thumb&quot;&gt;
        &lt;i&gt;&lt;/i&gt;&lt;img   width=&quot;150&quot; height=&quot;150&quot; alt=&quot;Artemys - Station of Awakening by the-childofflames&quot; src=&quot;https://images-wixmp-ed30a86b8c4ca887773594c2.wixmp.com/intermediary/f/330e109c-ddb3-4432-8fdb-48efbc86e0f8/dchnp8c-72027961-82f6-43ed-903b-9baa5c323ebf.png/v1/fit/w_150,h_150,q_70,strp/artemys___station_of_awakening_by_the_childofflames_dchnp8c-150.jpg&quot; data-src=&quot;https://images-wixmp-ed30a86b8c4ca887773594c2.wixmp.com/intermediary/f/330e109c-ddb3-4432-8fdb-48efbc86e0f8/dchnp8c-72027961-82f6-43ed-903b-9baa5c323ebf.png/v1/fit/w_150,h_150,q_70,strp/artemys___station_of_awakening_by_the_childofflames_dchnp8c-150.jpg&quot; srcset=&quot;https://images-wixmp-ed30a86b8c4ca887773594c2.wixmp.com/intermediary/f/330e109c-ddb3-4432-8fdb-48efbc86e0f8/dchnp8c-72027961-82f6-43ed-903b-9baa5c323ebf.png/v1/fit/w_150,h_150,q_70,strp/artemys___station_of_awakening_by_the_childofflames_dchnp8c-150.jpg 150w,https://images-wixmp-ed30a86b8c4ca887773594c2.wixmp.com/intermediary/f/330e109c-ddb3-4432-8fdb-48efbc86e0f8/dchnp8c-72027961-82f6-43ed-903b-9baa5c323ebf.png/v1/fill/w_250,h_250,q_70,strp/artemys___station_of_awakening_by_the_childofflames_dchnp8c-250t.jpg 250w,https://images-wixmp-ed30a86b8c4ca887773594c2.wixmp.com/intermediary/f/330e109c-ddb3-4432-8fdb-48efbc86e0f8/dchnp8c-72027961-82f6-43ed-903b-9baa5c323ebf.png/v1/fill/w_349,h_350,q_70,strp/artemys___station_of_awakening_by_the_childofflames_dchnp8c-350t.jpg 349w,https://images-wixmp-ed30a86b8c4ca887773594c2.wixmp.com/intermediary/f/330e109c-ddb3-4432-8fdb-48efbc86e0f8/dchnp8c-72027961-82f6-43ed-903b-9baa5c323ebf.png/v1/fill/w_399,h_400,q_70,strp/artemys___station_of_awakening_by_the_childofflames_dchnp8c-400t.jpg 399w,https://images-wixmp-ed30a86b8c4ca887773594c2.wixmp.com/intermediary/f/330e109c-ddb3-4432-8fdb-48efbc86e0f8/dchnp8c-72027961-82f6-43ed-903b-9baa5c323ebf.png/v1/fill/w_893,h_895,q_70,strp/artemys___station_of_awakening_by_the_childofflames_dchnp8c-pre.jpg 893w&quot; sizes=&quot;150px&quot;&gt;&lt;/a&gt;&lt;/span&gt;&lt;!-- ^TTT --&gt;&lt;!-- TTT$ --&gt;&lt;/span&gt;&amp;nbsp;&lt;br /&gt;&lt;/div&gt;&lt;div align=&quot;center&quot;&gt;&lt;br /&gt;&lt;div align=&quot;center&quot;&gt;&lt;u&gt;Character(s)&lt;/u&gt;&amp;nbsp;: Artemys&lt;br /&gt;&lt;/div&gt;&lt;b&gt;&amp;nbsp;&lt;/b&gt;&lt;b&gt;&lt;div align=&quot;center&quot;&gt;&lt;b&gt;&lt;i&gt;Art, characters and Emelta&amp;nbsp;&lt;/i&gt;&lt;/b&gt;&lt;b&gt;&amp;#169; Me (&lt;span class=&quot;username-with-symbol u&quot;&gt;&lt;a class=&quot;u premium username&quot; href=&quot;https://www.deviantart.com/the-childofflames&quot;&gt;the-childofflames&lt;/a&gt;&lt;span class=&quot;user-symbol premium&quot; data-quicktip-text=&quot;Core Member&quot; data-show-tooltip=&quot;1&quot; data-gruser-type=&quot;premium&quot;&gt;&lt;/span&gt;&lt;/span&gt;)&lt;/b&gt;&lt;/div&gt;&lt;/b&gt;&lt;/div&gt;&lt;br /&gt;&lt;div&gt;&lt;img src=&quot;https://t00.deviantart.net/LPjt9fRE7WTstNBcpAzKKEvnioY=/300x200/filters:fixed_height(100,100):origin()/pre00/f8eb/th/pre/f/2019/056/6/4/artemys_badge_by_the_childofflames-dd0ovl5.png&quot; alt=&quot;thumbnail&quot; /&gt;&lt;/div&gt;</description>            </item>
                    <item>
                <title>A dangerous heart...</title>
                <link>https://thefunnyspider.deviantart.com/art/A-dangerous-heart-787221331</link>
                <guid isPermaLink="true">https://thefunnyspider.deviantart.com/art/A-dangerous-heart-787221331</guid>
                <pubDate>Mon, 25 Feb 2019 11:43:28 PST</pubDate>
                        <media:title type="plain">A dangerous heart...</media:title>
        <media:keywords></media:keywords>
                        <media:rating>nonadult</media:rating>
                <media:category label="Flowers, Trees &amp; Plants">photography/nature/flora</media:category>
        <media:credit role="author" scheme="urn:ebu">TheFunnySpider</media:credit>
        <media:credit role="author" scheme="urn:ebu">https://a.deviantart.net/avatars/t/h/thefunnyspider.gif?1</media:credit>
        <media:copyright url="https://thefunnyspider.deviantart.com">Copyright 2019 TheFunnySpider</media:copyright>            <media:description type="html">&lt;a target=&quot;_self&quot; href=&quot;https://www.deviantart.com/faveandcomment1plz&quot; &gt;&lt;img class=&quot;avatar&quot; width=&quot;50&quot; height=&quot;50&quot; src=&quot;https://a.deviantart.net/avatars/f/a/faveandcomment1plz.gif?1&quot; alt=&quot;:iconfaveandcomment1plz:&quot; title=&quot;faveandcomment1plz&quot; /&gt;&lt;/a&gt;&lt;a target=&quot;_self&quot; href=&quot;https://www.deviantart.com/faveandcomment2plz&quot; &gt;&lt;img class=&quot;avatar&quot; width=&quot;50&quot; height=&quot;50&quot; src=&quot;https://a.deviantart.net/avatars/f/a/faveandcomment2plz.gif?1&quot; alt=&quot;:iconfaveandcomment2plz:&quot; title=&quot;faveandcomment2plz&quot; /&gt;&lt;/a&gt;&lt;br /&gt;&lt;b&gt;If you fave this photo, it would make me very happy if you also leave a comment.&lt;br /&gt;Comments keep my motivation up to post more in the future, thank you.&lt;br /&gt;&lt;br /&gt;If you want to see more photos, then show me that in the comment section!&lt;/b&gt;&lt;br /&gt;&lt;br /&gt;Please take a look at my Gallery if you like my work.&lt;br /&gt;&lt;br /&gt;&lt;b&gt;You are NOT allowed to use my artwork/photos in any form, to edit them or to post them on other websites!!&lt;/b&gt;&lt;br /&gt;&lt;a target=&quot;_self&quot; href=&quot;https://www.deviantart.com/donotusemyart1plz&quot; &gt;&lt;img class=&quot;avatar&quot; width=&quot;50&quot; height=&quot;50&quot; src=&quot;https://a.deviantart.net/avatars/d/o/donotusemyart1plz.gif?5&quot; alt=&quot;:icondonotusemyart1plz:&quot; title=&quot;donotusemyart1plz&quot; /&gt;&lt;/a&gt;&lt;a target=&quot;_self&quot; href=&quot;https://www.deviantart.com/donotusemyart2plz&quot; &gt;&lt;img class=&quot;avatar&quot; width=&quot;50&quot; height=&quot;50&quot; src=&quot;https://a.deviantart.net/avatars/d/o/donotusemyart2plz.gif?5&quot; alt=&quot;:icondonotusemyart2plz:&quot; title=&quot;donotusemyart2plz&quot; /&gt;&lt;/a&gt; &lt;a target=&quot;_self&quot; href=&quot;https://www.deviantart.com/donotuseplz&quot; &gt;&lt;img class=&quot;avatar&quot; width=&quot;50&quot; height=&quot;50&quot; src=&quot;https://a.deviantart.net/avatars/d/o/donotuseplz.gif?2&quot; alt=&quot;:icondonotuseplz:&quot; title=&quot;DoNotUsePlz&quot; /&gt;&lt;/a&gt;&lt;a target=&quot;_self&quot; href=&quot;https://www.deviantart.com/myartplz&quot; &gt;&lt;img class=&quot;avatar&quot; width=&quot;50&quot; height=&quot;50&quot; src=&quot;https://a.deviantart.net/avatars/m/y/myartplz.gif?2&quot; alt=&quot;:iconmyartplz:&quot; title=&quot;MyArtPlz&quot; /&gt;&lt;/a&gt;&lt;a target=&quot;_self&quot; href=&quot;https://www.deviantart.com/nouseplz&quot; &gt;&lt;img class=&quot;avatar group&quot; width=&quot;100&quot; height=&quot;50&quot; src=&quot;https://a.deviantart.net/avatars/n/o/nouseplz.gif?1&quot; alt=&quot;:iconnouseplz:&quot; title=&quot;NoUsePlz&quot; /&gt;&lt;/a&gt;&lt;br /&gt;&lt;div&gt;___________________________________________________________________________________________&lt;/div&gt;&lt;div&gt;&lt;br /&gt;&lt;/div&gt;&lt;div&gt;Me and my mom have been visiting a nice, botanic garden in Hannover Cit.&lt;/div&gt;&lt;div&gt;&lt;br /&gt;&lt;/div&gt;&lt;div&gt;They also got these greenhouses there in which you can find orchids and cacti and here you can see one of the latter.&lt;/div&gt;&lt;div&gt;&lt;br /&gt;&lt;/div&gt;&lt;div&gt;Looks like a heart, doesn&#039;t it? A pretty dangerous heart &lt;img src=&quot;https://e.deviantart.net/emoticons/w/wink.gif&quot; width=&quot;15&quot; height=&quot;15&quot; alt=&quot;;)&quot; data-embed-type=&quot;emoticon&quot; data-embed-id=&quot;387&quot; title=&quot;;) (Wink)&quot;/&gt;&lt;br /&gt;&lt;/div&gt;</media:description>            <media:thumbnail url="https://t00.deviantart.net/EL5yTbjXtnmmIRsJ5oK0B5ZN5_A=/fit-in/150x150/filters:no_upscale():origin()/pre00/5dcd/th/pre/i/2019/056/9/9/a_dangerous_heart____by_thefunnyspider-dd0ovv7.jpg" height="113" width="150"/>            <media:thumbnail url="https://t00.deviantart.net/RHnkdllrDPg-01nrNAuVYnxvEJk=/fit-in/300x900/filters:no_upscale():origin()/pre00/5dcd/th/pre/i/2019/056/9/9/a_dangerous_heart____by_thefunnyspider-dd0ovv7.jpg" height="225" width="300"/>            <media:thumbnail url="https://t00.deviantart.net/PRG_0g_sam_2nuVkBGIqbULl87M=/300x200/filters:fixed_height(100,100):origin()/pre00/5dcd/th/pre/i/2019/056/9/9/a_dangerous_heart____by_thefunnyspider-dd0ovv7.jpg" height="200" width="267"/>            <media:content url="https://img00.deviantart.net/1cf2/i/2019/056/9/9/a_dangerous_heart____by_thefunnyspider-dd0ovv7.jpg" height="600" width="800" medium="image"/>            
            <description>&lt;a target=&quot;_self&quot; href=&quot;https://www.deviantart.com/faveandcomment1plz&quot; &gt;&lt;img class=&quot;avatar&quot; width=&quot;50&quot; height=&quot;50&quot; src=&quot;https://a.deviantart.net/avatars/f/a/faveandcomment1plz.gif?1&quot; alt=&quot;:iconfaveandcomment1plz:&quot; title=&quot;faveandcomment1plz&quot; /&gt;&lt;/a&gt;&lt;a target=&quot;_self&quot; href=&quot;https://www.deviantart.com/faveandcomment2plz&quot; &gt;&lt;img class=&quot;avatar&quot; width=&quot;50&quot; height=&quot;50&quot; src=&quot;https://a.deviantart.net/avatars/f/a/faveandcomment2plz.gif?1&quot; alt=&quot;:iconfaveandcomment2plz:&quot; title=&quot;faveandcomment2plz&quot; /&gt;&lt;/a&gt;&lt;br /&gt;&lt;b&gt;If you fave this photo, it would make me very happy if you also leave a comment.&lt;br /&gt;Comments keep my motivation up to post more in the future, thank you.&lt;br /&gt;&lt;br /&gt;If you want to see more photos, then show me that in the comment section!&lt;/b&gt;&lt;br /&gt;&lt;br /&gt;Please take a look at my Gallery if you like my work.&lt;br /&gt;&lt;br /&gt;&lt;b&gt;You are NOT allowed to use my artwork/photos in any form, to edit them or to post them on other websites!!&lt;/b&gt;&lt;br /&gt;&lt;a target=&quot;_self&quot; href=&quot;https://www.deviantart.com/donotusemyart1plz&quot; &gt;&lt;img class=&quot;avatar&quot; width=&quot;50&quot; height=&quot;50&quot; src=&quot;https://a.deviantart.net/avatars/d/o/donotusemyart1plz.gif?5&quot; alt=&quot;:icondonotusemyart1plz:&quot; title=&quot;donotusemyart1plz&quot; /&gt;&lt;/a&gt;&lt;a target=&quot;_self&quot; href=&quot;https://www.deviantart.com/donotusemyart2plz&quot; &gt;&lt;img class=&quot;avatar&quot; width=&quot;50&quot; height=&quot;50&quot; src=&quot;https://a.deviantart.net/avatars/d/o/donotusemyart2plz.gif?5&quot; alt=&quot;:icondonotusemyart2plz:&quot; title=&quot;donotusemyart2plz&quot; /&gt;&lt;/a&gt; &lt;a target=&quot;_self&quot; href=&quot;https://www.deviantart.com/donotuseplz&quot; &gt;&lt;img class=&quot;avatar&quot; width=&quot;50&quot; height=&quot;50&quot; src=&quot;https://a.deviantart.net/avatars/d/o/donotuseplz.gif?2&quot; alt=&quot;:icondonotuseplz:&quot; title=&quot;DoNotUsePlz&quot; /&gt;&lt;/a&gt;&lt;a target=&quot;_self&quot; href=&quot;https://www.deviantart.com/myartplz&quot; &gt;&lt;img class=&quot;avatar&quot; width=&quot;50&quot; height=&quot;50&quot; src=&quot;https://a.deviantart.net/avatars/m/y/myartplz.gif?2&quot; alt=&quot;:iconmyartplz:&quot; title=&quot;MyArtPlz&quot; /&gt;&lt;/a&gt;&lt;a target=&quot;_self&quot; href=&quot;https://www.deviantart.com/nouseplz&quot; &gt;&lt;img class=&quot;avatar group&quot; width=&quot;100&quot; height=&quot;50&quot; src=&quot;https://a.deviantart.net/avatars/n/o/nouseplz.gif?1&quot; alt=&quot;:iconnouseplz:&quot; title=&quot;NoUsePlz&quot; /&gt;&lt;/a&gt;&lt;br /&gt;&lt;div&gt;___________________________________________________________________________________________&lt;/div&gt;&lt;div&gt;&lt;br /&gt;&lt;/div&gt;&lt;div&gt;Me and my mom have been visiting a nice, botanic garden in Hannover Cit.&lt;/div&gt;&lt;div&gt;&lt;br /&gt;&lt;/div&gt;&lt;div&gt;They also got these greenhouses there in which you can find orchids and cacti and here you can see one of the latter.&lt;/div&gt;&lt;div&gt;&lt;br /&gt;&lt;/div&gt;&lt;div&gt;Looks like a heart, doesn&#039;t it? A pretty dangerous heart &lt;img src=&quot;https://e.deviantart.net/emoticons/w/wink.gif&quot; width=&quot;15&quot; height=&quot;15&quot; alt=&quot;;)&quot; data-embed-type=&quot;emoticon&quot; data-embed-id=&quot;387&quot; title=&quot;;) (Wink)&quot;/&gt;&lt;br /&gt;&lt;/div&gt;&lt;br /&gt;&lt;div&gt;&lt;img src=&quot;https://t00.deviantart.net/PRG_0g_sam_2nuVkBGIqbULl87M=/300x200/filters:fixed_height(100,100):origin()/pre00/5dcd/th/pre/i/2019/056/9/9/a_dangerous_heart____by_thefunnyspider-dd0ovv7.jpg&quot; alt=&quot;thumbnail&quot; /&gt;&lt;/div&gt;</description>            </item>
                    <item>
                <title>Iscariot</title>
                <link>https://karron.deviantart.com/art/Iscariot-787221316</link>
                <guid isPermaLink="true">https://karron.deviantart.com/art/Iscariot-787221316</guid>
                <pubDate>Mon, 25 Feb 2019 11:43:28 PST</pubDate>
                        <media:title type="plain">Iscariot</media:title>
        <media:keywords></media:keywords>
                        <media:rating>nonadult</media:rating>
                <media:category label="Abstract">digitalart/paintings/abstract</media:category>
        <media:credit role="author" scheme="urn:ebu">karron</media:credit>
        <media:credit role="author" scheme="urn:ebu">https://a.deviantart.net/avatars/k/a/karron.jpg?5</media:credit>
        <media:copyright url="https://karron.deviantart.com">Copyright 2019 karron</media:copyright>            <media:description type="html"></media:description>            <media:thumbnail url="https://t00.deviantart.net/T5vHRghG8LA0t1WDsroIbZg7VX4=/fit-in/150x150/filters:no_upscale():origin()/pre00/5237/th/pre/i/2019/056/1/4/iscariot_by_karron-dd0ovus.jpg" height="150" width="101"/>            <media:thumbnail url="https://t00.deviantart.net/qefR8HV54Lio6jtpaZUEVh185vo=/fit-in/300x900/filters:no_upscale():origin()/pre00/5237/th/pre/i/2019/056/1/4/iscariot_by_karron-dd0ovus.jpg" height="445" width="300"/>            <media:thumbnail url="https://t00.deviantart.net/eSGNQdLR4bnRAWOqkJeatfNiB1s=/300x200/filters:fixed_height(100,100):origin()/pre00/5237/th/pre/i/2019/056/1/4/iscariot_by_karron-dd0ovus.jpg" height="200" width="135"/>            <media:content url="https://pre00.deviantart.net/5237/th/pre/i/2019/056/1/4/iscariot_by_karron-dd0ovus.jpg" height="1089" width="734" medium="image"/>            
            <description>&lt;br /&gt;&lt;div&gt;&lt;img src=&quot;https://t00.deviantart.net/eSGNQdLR4bnRAWOqkJeatfNiB1s=/300x200/filters:fixed_height(100,100):origin()/pre00/5237/th/pre/i/2019/056/1/4/iscariot_by_karron-dd0ovus.jpg&quot; alt=&quot;thumbnail&quot; /&gt;&lt;/div&gt;</description>            </item>
                    <item>
                <title>Untitled</title>
                <link>https://stormtime.deviantart.com/art/Untitled-787221297</link>
                <guid isPermaLink="true">https://stormtime.deviantart.com/art/Untitled-787221297</guid>
                <pubDate>Mon, 25 Feb 2019 11:43:28 PST</pubDate>
                        <media:title type="plain">Untitled</media:title>
        <media:keywords></media:keywords>
                        <media:rating>nonadult</media:rating>
                <media:category label="Animals">digitalart/paintings/animals</media:category>
        <media:credit role="author" scheme="urn:ebu">stormtime</media:credit>
        <media:credit role="author" scheme="urn:ebu">https://a.deviantart.net/avatars/s/t/stormtime.png?2</media:credit>
        <media:copyright url="https://stormtime.deviantart.com">Copyright 2019 stormtime</media:copyright>            <media:description type="html">Info Coming Soon</media:description>            <media:thumbnail url="https://t00.deviantart.net/WHjc3arK9UizTqKVu6FG_NRa8Ss=/fit-in/150x150/filters:no_upscale():origin()/pre00/617f/th/pre/i/2019/056/f/5/untitled_by_stormtime-dd0ovu9.png" height="113" width="150"/>            <media:thumbnail url="https://t00.deviantart.net/ZbxOJ3XxFonzB0Xk_eHsgaVlTss=/fit-in/300x900/filters:no_upscale():origin()/pre00/617f/th/pre/i/2019/056/f/5/untitled_by_stormtime-dd0ovu9.png" height="225" width="300"/>            <media:thumbnail url="https://t00.deviantart.net/4NmqxkThxmICToxvX8O2q0dGyLU=/300x200/filters:fixed_height(100,100):origin()/pre00/617f/th/pre/i/2019/056/f/5/untitled_by_stormtime-dd0ovu9.png" height="200" width="267"/>            <media:content url="https://img00.deviantart.net/b826/i/2019/056/f/5/untitled_by_stormtime-dd0ovu9.png" height="768" width="1024" medium="image"/>            
            <description>Info Coming Soon&lt;br /&gt;&lt;div&gt;&lt;img src=&quot;https://t00.deviantart.net/4NmqxkThxmICToxvX8O2q0dGyLU=/300x200/filters:fixed_height(100,100):origin()/pre00/617f/th/pre/i/2019/056/f/5/untitled_by_stormtime-dd0ovu9.png&quot; alt=&quot;thumbnail&quot; /&gt;&lt;/div&gt;</description>            </item>
                    <item>
                <title>[Ma-Junior] Set Price | Sale | Open</title>
                <link>https://12gb.deviantart.com/art/Ma-Junior-Set-Price-Sale-Open-787221126</link>
                <guid isPermaLink="true">https://12gb.deviantart.com/art/Ma-Junior-Set-Price-Sale-Open-787221126</guid>
                <pubDate>Mon, 25 Feb 2019 11:43:27 PST</pubDate>
                        <media:title type="plain">[Ma-Junior] Set Price | Sale | Open</media:title>
        <media:keywords></media:keywords>
                        <media:rating>nonadult</media:rating>
                <media:category label="Adoptables">darelated/deviousfun/adoptables</media:category>
        <media:credit role="author" scheme="urn:ebu">12GB</media:credit>
        <media:credit role="author" scheme="urn:ebu">https://a.deviantart.net/avatars/1/2/12gb.png?6</media:credit>
        <media:copyright url="https://12gb.deviantart.com">Copyright 2019 12GB</media:copyright>            <media:description type="html">&lt;b&gt;$4 each! &lt;strike&gt;$6 each &lt;/strike&gt;&lt;br /&gt;&lt;/b&gt;USD/Paypal Only!&lt;br /&gt;Not taking points at this time!&lt;br /&gt;&lt;br /&gt;1. Open&lt;br /&gt;2. Open&lt;br /&gt;3. Open&lt;br /&gt;4. Open&lt;br /&gt;5. Open&lt;br /&gt;6. Open&lt;br /&gt;7. Open&lt;br /&gt;8. Open&lt;br /&gt;&lt;br /&gt;Please follow our&amp;nbsp;&lt;a href=&quot;https://sta.sh/02f2fxkqah3u&quot;&gt;Adoptable TOS&lt;/a&gt;!&lt;br /&gt;&lt;br /&gt;Basic Rules:&lt;br /&gt;- Do not buy if you do not have the funds.&amp;nbsp;&lt;br /&gt;- Once bought you must credit me for the design, do not claim as yours.&lt;br /&gt;- You may not resell for more than what you paid.&lt;br /&gt;- Original art may not be altered in any way.&amp;nbsp;&lt;br /&gt;- You may not make them into a species!&lt;br /&gt;- You can change things, but not to the point of it being a completely new design. It must be recognizable!&lt;br /&gt;- No holds, you must pay within 24 hours or you will lose claim.&amp;nbsp;&lt;br /&gt;&lt;br /&gt;Design and Edits (c) 12GB/Ma-Junior&lt;br /&gt;Base (c)&amp;nbsp;&lt;span class=&quot;username-with-symbol u&quot;&gt;&lt;a class=&quot;u regular username&quot; href=&quot;https://www.deviantart.com/vertege&quot;&gt;vertege&lt;/a&gt;&lt;span class=&quot;user-symbol regular&quot; data-quicktip-text=&quot;&quot; data-show-tooltip=&quot;&quot; data-gruser-type=&quot;regular&quot;&gt;&lt;/span&gt;&lt;/span&gt;</media:description>            <media:thumbnail url="https://t00.deviantart.net/wethalvySkVS27uS2VXMENOdAO4=/fit-in/150x150/filters:no_upscale():origin()/pre00/0d05/th/pre/f/2019/056/6/7/left_overs_by_12gb-dd0ovpi.png" height="128" width="150"/>            <media:thumbnail url="https://t00.deviantart.net/fjUNiKnu6I7CJAfzc0AIgKC6ZRg=/fit-in/300x900/filters:no_upscale():origin()/pre00/0d05/th/pre/f/2019/056/6/7/left_overs_by_12gb-dd0ovpi.png" height="256" width="300"/>            <media:thumbnail url="https://t00.deviantart.net/zSnRXC-ppLruqpGo_ibO_PMwdlQ=/300x200/filters:fixed_height(100,100):origin()/pre00/0d05/th/pre/f/2019/056/6/7/left_overs_by_12gb-dd0ovpi.png" height="200" width="235"/>            <media:content url="https://orig00.deviantart.net/b84c/f/2019/056/6/7/left_overs_by_12gb-dd0ovpi.png" height="814" width="955" medium="image"/>            
            <description>&lt;b&gt;$4 each! &lt;strike&gt;$6 each &lt;/strike&gt;&lt;br /&gt;&lt;/b&gt;USD/Paypal Only!&lt;br /&gt;Not taking points at this time!&lt;br /&gt;&lt;br /&gt;1. Open&lt;br /&gt;2. Open&lt;br /&gt;3. Open&lt;br /&gt;4. Open&lt;br /&gt;5. Open&lt;br /&gt;6. Open&lt;br /&gt;7. Open&lt;br /&gt;8. Open&lt;br /&gt;&lt;br /&gt;Please follow our&amp;nbsp;&lt;a href=&quot;https://sta.sh/02f2fxkqah3u&quot;&gt;Adoptable TOS&lt;/a&gt;!&lt;br /&gt;&lt;br /&gt;Basic Rules:&lt;br /&gt;- Do not buy if you do not have the funds.&amp;nbsp;&lt;br /&gt;- Once bought you must credit me for the design, do not claim as yours.&lt;br /&gt;- You may not resell for more than what you paid.&lt;br /&gt;- Original art may not be altered in any way.&amp;nbsp;&lt;br /&gt;- You may not make them into a species!&lt;br /&gt;- You can change things, but not to the point of it being a completely new design. It must be recognizable!&lt;br /&gt;- No holds, you must pay within 24 hours or you will lose claim.&amp;nbsp;&lt;br /&gt;&lt;br /&gt;Design and Edits (c) 12GB/Ma-Junior&lt;br /&gt;Base (c)&amp;nbsp;&lt;span class=&quot;username-with-symbol u&quot;&gt;&lt;a class=&quot;u regular username&quot; href=&quot;https://www.deviantart.com/vertege&quot;&gt;vertege&lt;/a&gt;&lt;span class=&quot;user-symbol regular&quot; data-quicktip-text=&quot;&quot; data-show-tooltip=&quot;&quot; data-gruser-type=&quot;regular&quot;&gt;&lt;/span&gt;&lt;/span&gt;&lt;br /&gt;&lt;div&gt;&lt;img src=&quot;https://t00.deviantart.net/zSnRXC-ppLruqpGo_ibO_PMwdlQ=/300x200/filters:fixed_height(100,100):origin()/pre00/0d05/th/pre/f/2019/056/6/7/left_overs_by_12gb-dd0ovpi.png&quot; alt=&quot;thumbnail&quot; /&gt;&lt;/div&gt;</description>            </item>
                    <item>
                <title>Elephant.</title>
                <link>https://diegorobredo.deviantart.com/art/Elephant-787221454</link>
                <guid isPermaLink="true">https://diegorobredo.deviantart.com/art/Elephant-787221454</guid>
                <pubDate>Mon, 25 Feb 2019 11:43:27 PST</pubDate>
                        <media:title type="plain">Elephant.</media:title>
        <media:keywords></media:keywords>
                        <media:rating>nonadult</media:rating>
                <media:category label="Fantasy">traditional/drawings/fantasy</media:category>
        <media:credit role="author" scheme="urn:ebu">DiegoRobredo</media:credit>
        <media:credit role="author" scheme="urn:ebu">https://a.deviantart.net/avatars/d/i/diegorobredo.jpg?5</media:credit>
        <media:copyright url="https://diegorobredo.deviantart.com">Copyright 2019 DiegoRobredo</media:copyright>            <media:description type="html"></media:description>            <media:thumbnail url="https://t00.deviantart.net/4twu6LnAeYbjrooFZAaf7xiI46A=/fit-in/150x150/filters:no_upscale():origin()/pre00/209c/th/pre/i/2019/056/c/5/elephant__by_diegorobredo-dd0ovym.jpg" height="150" width="150"/>            <media:thumbnail url="https://t00.deviantart.net/uyxtBWLy15GPVWCVNVR7tEzME9c=/fit-in/300x900/filters:no_upscale():origin()/pre00/209c/th/pre/i/2019/056/c/5/elephant__by_diegorobredo-dd0ovym.jpg" height="300" width="300"/>            <media:thumbnail url="https://t00.deviantart.net/-2P8pfKxY0QoB0lZl9wv-a98wzQ=/300x200/filters:fixed_height(100,100):origin()/pre00/209c/th/pre/i/2019/056/c/5/elephant__by_diegorobredo-dd0ovym.jpg" height="200" width="200"/>            <media:content url="https://pre00.deviantart.net/209c/th/pre/i/2019/056/c/5/elephant__by_diegorobredo-dd0ovym.jpg" height="894" width="894" medium="image"/>            
            <description>&lt;br /&gt;&lt;div&gt;&lt;img src=&quot;https://t00.deviantart.net/-2P8pfKxY0QoB0lZl9wv-a98wzQ=/300x200/filters:fixed_height(100,100):origin()/pre00/209c/th/pre/i/2019/056/c/5/elephant__by_diegorobredo-dd0ovym.jpg&quot; alt=&quot;thumbnail&quot; /&gt;&lt;/div&gt;</description>            </item>
                    <item>
                <title>lucille + baltazar</title>
                <link>https://sheepyshy.deviantart.com/art/lucille-baltazar-787220936</link>
                <guid isPermaLink="true">https://sheepyshy.deviantart.com/art/lucille-baltazar-787220936</guid>
                <pubDate>Mon, 25 Feb 2019 11:43:25 PST</pubDate>
                        <media:title type="plain">lucille + baltazar</media:title>
        <media:keywords></media:keywords>
                        <media:rating>nonadult</media:rating>
                <media:category label="Animals">anthro/digital/drawings/animals</media:category>
        <media:credit role="author" scheme="urn:ebu">sheepyshy</media:credit>
        <media:credit role="author" scheme="urn:ebu">https://a.deviantart.net/avatars/s/h/sheepyshy.gif?4</media:credit>
        <media:copyright url="https://sheepyshy.deviantart.com">Copyright 2019 sheepyshy</media:copyright>            <media:description type="html">these are two little clown ocs i came up with . lucille [left] a meadow jumping mouse from france who works as a solemn pierrot . and baltazar [right] a swedish vallhund dog who works as a clown . they both work together in a travelling circus in the uk and other parts of europe .</media:description>            <media:thumbnail url="https://t00.deviantart.net/T5Od5tROmc7GDt6ShKFxzDf4YZM=/fit-in/150x150/filters:no_upscale():origin()/pre00/16ad/th/pre/i/2019/056/1/c/lucille___baltazar_by_sheepyshy-dd0ovk8.png" height="100" width="150"/>            <media:thumbnail url="https://t00.deviantart.net/Q9NttbFTPNeuaMbOcBhvNeUo6dI=/fit-in/300x900/filters:no_upscale():origin()/pre00/16ad/th/pre/i/2019/056/1/c/lucille___baltazar_by_sheepyshy-dd0ovk8.png" height="200" width="300"/>            <media:thumbnail url="https://t00.deviantart.net/Q3TwB3HfoZdk5PTpT4hHTKhkoLw=/300x200/filters:fixed_height(100,100):origin()/pre00/16ad/th/pre/i/2019/056/1/c/lucille___baltazar_by_sheepyshy-dd0ovk8.png" height="200" width="300"/>            <media:content url="https://pre00.deviantart.net/16ad/th/pre/i/2019/056/1/c/lucille___baltazar_by_sheepyshy-dd0ovk8.png" height="730" width="1095" medium="image"/>            
            <description>these are two little clown ocs i came up with . lucille [left] a meadow jumping mouse from france who works as a solemn pierrot . and baltazar [right] a swedish vallhund dog who works as a clown . they both work together in a travelling circus in the uk and other parts of europe .&lt;br /&gt;&lt;div&gt;&lt;img src=&quot;https://t00.deviantart.net/Q3TwB3HfoZdk5PTpT4hHTKhkoLw=/300x200/filters:fixed_height(100,100):origin()/pre00/16ad/th/pre/i/2019/056/1/c/lucille___baltazar_by_sheepyshy-dd0ovk8.png&quot; alt=&quot;thumbnail&quot; /&gt;&lt;/div&gt;</description>            </item>
                    <item>
                <title>on the other side of amadeus</title>
                <link>https://awesomecupcakee.deviantart.com/art/on-the-other-side-of-amadeus-787221144</link>
                <guid isPermaLink="true">https://awesomecupcakee.deviantart.com/art/on-the-other-side-of-amadeus-787221144</guid>
                <pubDate>Mon, 25 Feb 2019 11:43:23 PST</pubDate>
                        <media:title type="plain">on the other side of amadeus</media:title>
        <media:keywords></media:keywords>
                        <media:rating>nonadult</media:rating>
                <media:category label="Games">fanart/manga/digital/games</media:category>
        <media:credit role="author" scheme="urn:ebu">AwesomeCupcakee</media:credit>
        <media:credit role="author" scheme="urn:ebu">https://a.deviantart.net/avatars/a/w/awesomecupcakee.png?4</media:credit>
        <media:copyright url="https://awesomecupcakee.deviantart.com">Copyright 2019 AwesomeCupcakee</media:copyright>            <media:description type="html">cute lil doodle of kurisu&lt;br /&gt;originally drew on october 19th 2018</media:description>            <media:thumbnail url="https://t00.deviantart.net/zPKZ6e3oSj5-aFs3taP36g2rNGU=/fit-in/150x150/filters:no_upscale():origin()/pre00/7e47/th/pre/i/2019/056/c/7/on_the_other_side_of_amadeus_by_awesomecupcakee-dd0ovq0.png" height="75" width="150"/>            <media:thumbnail url="https://t00.deviantart.net/T9S3rb62RgTcOs-h41KevOJhANg=/fit-in/300x900/filters:no_upscale():origin()/pre00/7e47/th/pre/i/2019/056/c/7/on_the_other_side_of_amadeus_by_awesomecupcakee-dd0ovq0.png" height="150" width="300"/>            <media:thumbnail url="https://t00.deviantart.net/v2-rARlS_VfnqvswYukRIbcGSmQ=/300x200/filters:fixed_height(100,100):origin()/pre00/7e47/th/pre/i/2019/056/c/7/on_the_other_side_of_amadeus_by_awesomecupcakee-dd0ovq0.png" height="150" width="300"/>            <media:content url="https://img00.deviantart.net/f126/i/2019/056/c/7/on_the_other_side_of_amadeus_by_awesomecupcakee-dd0ovq0.png" height="450" width="900" medium="image"/>            
            <description>cute lil doodle of kurisu&lt;br /&gt;originally drew on october 19th 2018&lt;br /&gt;&lt;div&gt;&lt;img src=&quot;https://t00.deviantart.net/v2-rARlS_VfnqvswYukRIbcGSmQ=/300x200/filters:fixed_height(100,100):origin()/pre00/7e47/th/pre/i/2019/056/c/7/on_the_other_side_of_amadeus_by_awesomecupcakee-dd0ovq0.png&quot; alt=&quot;thumbnail&quot; /&gt;&lt;/div&gt;</description>            </item>
                    <item>
                <title>Dogs will be dogs</title>
                <link>https://liokkamillie.deviantart.com/art/Dogs-will-be-dogs-787215630</link>
                <guid isPermaLink="true">https://liokkamillie.deviantart.com/art/Dogs-will-be-dogs-787215630</guid>
                <pubDate>Mon, 25 Feb 2019 11:43:23 PST</pubDate>
                        <media:title type="plain">Dogs will be dogs</media:title>
        <media:keywords></media:keywords>
                        <media:rating>nonadult</media:rating>
                <media:category label="Animals">digitalart/paintings/animals</media:category>
        <media:credit role="author" scheme="urn:ebu">LiokkaMillie</media:credit>
        <media:credit role="author" scheme="urn:ebu">https://a.deviantart.net/avatars/l/i/liokkamillie.jpg?14</media:credit>
        <media:copyright url="https://liokkamillie.deviantart.com">Copyright 2019 LiokkaMillie</media:copyright>            <media:description type="html">Please stop eating my rope&lt;br /&gt;please&lt;br /&gt;I paid good money for that I need it to make my tent&lt;br /&gt;Not all of us can flop down and sleep covered in mud and leaves</media:description>            <media:thumbnail url="https://t00.deviantart.net/YOOrYs4177TpjzvisQRQ7D5lfjI=/fit-in/150x150/filters:no_upscale():origin()/pre00/84e3/th/pre/i/2019/056/1/1/dogs_will_be_dogs_by_liokkamillie-dd0orgu.png" height="104" width="150"/>            <media:thumbnail url="https://t00.deviantart.net/junDTyKETi3LZwZifIL-3Iul4kE=/fit-in/300x900/filters:no_upscale():origin()/pre00/84e3/th/pre/i/2019/056/1/1/dogs_will_be_dogs_by_liokkamillie-dd0orgu.png" height="208" width="300"/>            <media:thumbnail url="https://t00.deviantart.net/suW0GWBCIzAudaE34c3rNk4VXs8=/300x200/filters:fixed_height(100,100):origin()/pre00/84e3/th/pre/i/2019/056/1/1/dogs_will_be_dogs_by_liokkamillie-dd0orgu.png" height="200" width="289"/>            <media:content url="https://img00.deviantart.net/a8bf/i/2019/056/1/1/dogs_will_be_dogs_by_liokkamillie-dd0orgu.png" height="624" width="900" medium="image"/>            
            <description>Please stop eating my rope&lt;br /&gt;please&lt;br /&gt;I paid good money for that I need it to make my tent&lt;br /&gt;Not all of us can flop down and sleep covered in mud and leaves&lt;br /&gt;&lt;div&gt;&lt;img src=&quot;https://t00.deviantart.net/suW0GWBCIzAudaE34c3rNk4VXs8=/300x200/filters:fixed_height(100,100):origin()/pre00/84e3/th/pre/i/2019/056/1/1/dogs_will_be_dogs_by_liokkamillie-dd0orgu.png&quot; alt=&quot;thumbnail&quot; /&gt;&lt;/div&gt;</description>            </item>
                    <item>
                <title>MYO #2448</title>
                <link>https://dainty-dictionary.deviantart.com/art/MYO-2448-787214444</link>
                <guid isPermaLink="true">https://dainty-dictionary.deviantart.com/art/MYO-2448-787214444</guid>
                <pubDate>Mon, 25 Feb 2019 11:43:20 PST</pubDate>
                        <media:title type="plain">MYO #2448</media:title>
        <media:keywords></media:keywords>
                        <media:rating>nonadult</media:rating>
                <media:category label="Adoptables">darelated/deviousfun/adoptables</media:category>
        <media:credit role="author" scheme="urn:ebu">Dainty-Dictionary</media:credit>
        <media:credit role="author" scheme="urn:ebu">https://a.deviantart.net/avatars/d/a/dainty-dictionary.png?4</media:credit>
        <media:copyright url="https://dainty-dictionary.deviantart.com">Copyright 2019 Dainty-Dictionary</media:copyright>            <media:description type="html">Original Owner: &lt;span class=&quot;username-with-symbol u&quot;&gt;&lt;a class=&quot;u beta username&quot; href=&quot;https://www.deviantart.com/goddess-of-buttsecks&quot;&gt;Goddess-of-BUTTSECKS&lt;/a&gt;&lt;span class=&quot;user-symbol beta&quot; data-quicktip-text=&quot;Beta Tester&quot; data-show-tooltip=&quot;1&quot; data-gruser-type=&quot;beta&quot;&gt;&lt;/span&gt;&lt;/span&gt;&lt;br /&gt;&lt;br /&gt;&lt;a target=&quot;_self&quot; href=&quot;https://www.deviantart.com/darling-dainties&quot; &gt;&lt;img class=&quot;avatar group&quot; width=&quot;100&quot; height=&quot;50&quot; src=&quot;https://a.deviantart.net/avatars/d/a/darling-dainties.gif?3&quot; alt=&quot;:icondarling-dainties:&quot; title=&quot;Darling-Dainties&quot; /&gt;&lt;/a&gt;</media:description>            <media:thumbnail url="https://t00.deviantart.net/de27Ac3Im5zIAWiM-OoLhTfDGBE=/fit-in/150x150/filters:no_upscale():origin()/pre00/40c4/th/pre/f/2019/056/5/1/myo__2448_by_dainty_dictionary-dd0oqjw.png" height="150" width="104"/>            <media:thumbnail url="https://t00.deviantart.net/dWRC0QNG40owl9elmTVmpwtMx3A=/fit-in/300x900/filters:no_upscale():origin()/pre00/40c4/th/pre/f/2019/056/5/1/myo__2448_by_dainty_dictionary-dd0oqjw.png" height="432" width="300"/>            <media:thumbnail url="https://t00.deviantart.net/pREnKTEdwSuly-IXEZD__Upt24Q=/300x200/filters:fixed_height(100,100):origin()/pre00/40c4/th/pre/f/2019/056/5/1/myo__2448_by_dainty_dictionary-dd0oqjw.png" height="200" width="139"/>            <media:content url="https://orig00.deviantart.net/f327/f/2019/056/5/1/myo__2448_by_dainty_dictionary-dd0oqjw.png" height="1073" width="745" medium="image"/>            
            <description>Original Owner: &lt;span class=&quot;username-with-symbol u&quot;&gt;&lt;a class=&quot;u beta username&quot; href=&quot;https://www.deviantart.com/goddess-of-buttsecks&quot;&gt;Goddess-of-BUTTSECKS&lt;/a&gt;&lt;span class=&quot;user-symbol beta&quot; data-quicktip-text=&quot;Beta Tester&quot; data-show-tooltip=&quot;1&quot; data-gruser-type=&quot;beta&quot;&gt;&lt;/span&gt;&lt;/span&gt;&lt;br /&gt;&lt;br /&gt;&lt;a target=&quot;_self&quot; href=&quot;https://www.deviantart.com/darling-dainties&quot; &gt;&lt;img class=&quot;avatar group&quot; width=&quot;100&quot; height=&quot;50&quot; src=&quot;https://a.deviantart.net/avatars/d/a/darling-dainties.gif?3&quot; alt=&quot;:icondarling-dainties:&quot; title=&quot;Darling-Dainties&quot; /&gt;&lt;/a&gt;&lt;br /&gt;&lt;div&gt;&lt;img src=&quot;https://t00.deviantart.net/pREnKTEdwSuly-IXEZD__Upt24Q=/300x200/filters:fixed_height(100,100):origin()/pre00/40c4/th/pre/f/2019/056/5/1/myo__2448_by_dainty_dictionary-dd0oqjw.png&quot; alt=&quot;thumbnail&quot; /&gt;&lt;/div&gt;</description>            </item>
                    <item>
                <title>Philadelphia </title>
                <link>https://octoberchic.deviantart.com/art/Philadelphia-787221442</link>
                <guid isPermaLink="true">https://octoberchic.deviantart.com/art/Philadelphia-787221442</guid>
                <pubDate>Mon, 25 Feb 2019 11:43:19 PST</pubDate>
                        <media:title type="plain">Philadelphia </media:title>
        <media:keywords></media:keywords>
                        <media:rating>nonadult</media:rating>
                <media:category label="Cityscapes &amp; Skylines">photography/civilization/cityscape</media:category>
        <media:credit role="author" scheme="urn:ebu">OctoberChic</media:credit>
        <media:credit role="author" scheme="urn:ebu">https://a.deviantart.net/avatars/o/c/octoberchic.png?6</media:credit>
        <media:copyright url="https://octoberchic.deviantart.com">Copyright 2019 OctoberChic</media:copyright>             <creativeCommons:license>http://creativecommons.org/licenses/by-nd/3.0/</creativeCommons:license>
                <media:description type="html"></media:description>            <media:thumbnail url="https://t00.deviantart.net/LQi268EKRmkA1wvUMoasDtiuL3k=/fit-in/150x150/filters:no_upscale():origin()/pre00/57a4/th/pre/i/2019/056/4/2/philadelphia__by_octoberchic-dd0ovya.jpg" height="100" width="150"/>            <media:thumbnail url="https://t00.deviantart.net/GvMeKv9pqDt00li5_5h9CMWJypc=/fit-in/300x900/filters:no_upscale():origin()/pre00/57a4/th/pre/i/2019/056/4/2/philadelphia__by_octoberchic-dd0ovya.jpg" height="200" width="300"/>            <media:thumbnail url="https://t00.deviantart.net/tia1Sl6yiZZaYzN0s5Lqlxn2O-c=/300x200/filters:fixed_height(100,100):origin()/pre00/57a4/th/pre/i/2019/056/4/2/philadelphia__by_octoberchic-dd0ovya.jpg" height="200" width="300"/>            <media:content url="https://pre00.deviantart.net/57a4/th/pre/i/2019/056/4/2/philadelphia__by_octoberchic-dd0ovya.jpg" height="730" width="1095" medium="image"/>            
            <description>&lt;br /&gt;&lt;div&gt;&lt;img src=&quot;https://t00.deviantart.net/tia1Sl6yiZZaYzN0s5Lqlxn2O-c=/300x200/filters:fixed_height(100,100):origin()/pre00/57a4/th/pre/i/2019/056/4/2/philadelphia__by_octoberchic-dd0ovya.jpg&quot; alt=&quot;thumbnail&quot; /&gt;&lt;/div&gt;</description>            </item>
                    <item>
                <title>Space Interaction</title>
                <link>https://carcinogen75.deviantart.com/art/Space-Interaction-787221315</link>
                <guid isPermaLink="true">https://carcinogen75.deviantart.com/art/Space-Interaction-787221315</guid>
                <pubDate>Mon, 25 Feb 2019 11:43:16 PST</pubDate>
                        <media:title type="plain">Space Interaction</media:title>
        <media:keywords></media:keywords>
                        <media:rating>nonadult</media:rating>
                <media:category label="Abstract">digitalart/vector/abstract</media:category>
        <media:credit role="author" scheme="urn:ebu">carcinogen75</media:credit>
        <media:credit role="author" scheme="urn:ebu">https://a.deviantart.net/avatars/c/a/carcinogen75.jpg?4</media:credit>
        <media:copyright url="https://carcinogen75.deviantart.com">Copyright 2019 carcinogen75</media:copyright>            <media:description type="html">Original demo&amp;nbsp;&lt;a class=&quot;external&quot; href=&quot;https://www.deviantart.com/users/outgoing?https://vk.cc/95QVqm&quot;&gt;vk.cc/95QVqm&lt;/a&gt;</media:description>            <media:thumbnail url="https://t00.deviantart.net/2bqPi-EJOKT7_MgfxRY6V8FSumk=/fit-in/150x150/filters:no_upscale():origin()/pre00/b57b/th/pre/i/2019/056/1/0/space_interaction_by_carcinogen75-dd0ovur.png" height="150" width="150"/>            <media:thumbnail url="https://t00.deviantart.net/Z-nyvk9OKiqAOt9DF7luO0dc7_I=/fit-in/300x900/filters:no_upscale():origin()/pre00/b57b/th/pre/i/2019/056/1/0/space_interaction_by_carcinogen75-dd0ovur.png" height="300" width="300"/>            <media:thumbnail url="https://t00.deviantart.net/QYgTwjMQDnk64_EYcJrsogDbuMw=/300x200/filters:fixed_height(100,100):origin()/pre00/b57b/th/pre/i/2019/056/1/0/space_interaction_by_carcinogen75-dd0ovur.png" height="200" width="200"/>            <media:content url="https://pre00.deviantart.net/b57b/th/pre/i/2019/056/1/0/space_interaction_by_carcinogen75-dd0ovur.png" height="894" width="894" medium="image"/>            
            <description>Original demo&amp;nbsp;&lt;a class=&quot;external&quot; href=&quot;https://www.deviantart.com/users/outgoing?https://vk.cc/95QVqm&quot;&gt;vk.cc/95QVqm&lt;/a&gt;&lt;br /&gt;&lt;div&gt;&lt;img src=&quot;https://t00.deviantart.net/QYgTwjMQDnk64_EYcJrsogDbuMw=/300x200/filters:fixed_height(100,100):origin()/pre00/b57b/th/pre/i/2019/056/1/0/space_interaction_by_carcinogen75-dd0ovur.png&quot; alt=&quot;thumbnail&quot; /&gt;&lt;/div&gt;</description>            </item>
                    <item>
                <title>Faboulus Kuku</title>
                <link>https://thebrushfox.deviantart.com/art/Faboulus-Kuku-787221255</link>
                <guid isPermaLink="true">https://thebrushfox.deviantart.com/art/Faboulus-Kuku-787221255</guid>
                <pubDate>Mon, 25 Feb 2019 11:43:16 PST</pubDate>
                        <media:title type="plain">Faboulus Kuku</media:title>
        <media:keywords></media:keywords>
                        <media:rating>nonadult</media:rating>
                <media:category label="Fantasy">digitalart/paintings/fantasy</media:category>
        <media:credit role="author" scheme="urn:ebu">TheBrushFox</media:credit>
        <media:credit role="author" scheme="urn:ebu">https://a.deviantart.net/avatars/t/h/thebrushfox.gif?12</media:credit>
        <media:copyright url="https://thebrushfox.deviantart.com">Copyright 2019 TheBrushFox</media:copyright>            <media:description type="html">&lt;b&gt;VII - The Show Must Go On&lt;/b&gt;&lt;br /&gt;&lt;blockquote&gt;Training a kukuri to be a show stopper and crowd favorite is a long process. Not all have the temperament to handle it and stand the gaze of a crowd.&lt;br /&gt;&lt;i&gt;&amp;#176;&amp;nbsp;Draw or write about your handler training their kukuri to be a show Kukuri. (Anything from running through agility tracks, or showing in front of a crowd or judge)&lt;/i&gt;&lt;/blockquote&gt;Kukuri Training:&amp;nbsp;&lt;a href=&quot;https://www.deviantart.com/kuku-ri/art/Senegal-7016-780867266&quot;&gt;www.deviantart.com/kuku-ri/art&amp;hellip;&lt;/a&gt;</media:description>            <media:thumbnail url="https://t00.deviantart.net/jAV-g-lGEvKvrvK-Fyyc9aZqFdw=/fit-in/150x150/filters:no_upscale():origin()/pre00/529a/th/pre/f/2019/056/d/5/faboulus_kuku_by_thebrushfox-dd0ovt3.png" height="106" width="150"/>            <media:thumbnail url="https://t00.deviantart.net/_6Y6ySM0DxLKTGONjyJ9QPFXOds=/fit-in/300x900/filters:no_upscale():origin()/pre00/529a/th/pre/f/2019/056/d/5/faboulus_kuku_by_thebrushfox-dd0ovt3.png" height="212" width="300"/>            <media:thumbnail url="https://t00.deviantart.net/rBUXQ6uPzMjXhOOVRGcXxYPbbY4=/300x200/filters:fixed_height(100,100):origin()/pre00/529a/th/pre/f/2019/056/d/5/faboulus_kuku_by_thebrushfox-dd0ovt3.png" height="200" width="283"/>            <media:content url="https://pre00.deviantart.net/529a/th/pre/f/2019/056/d/5/faboulus_kuku_by_thebrushfox-dd0ovt3.png" height="752" width="1063" medium="image"/>            
            <description>&lt;b&gt;VII - The Show Must Go On&lt;/b&gt;&lt;br /&gt;&lt;blockquote&gt;Training a kukuri to be a show stopper and crowd favorite is a long process. Not all have the temperament to handle it and stand the gaze of a crowd.&lt;br /&gt;&lt;i&gt;&amp;#176;&amp;nbsp;Draw or write about your handler training their kukuri to be a show Kukuri. (Anything from running through agility tracks, or showing in front of a crowd or judge)&lt;/i&gt;&lt;/blockquote&gt;Kukuri Training:&amp;nbsp;&lt;a href=&quot;https://www.deviantart.com/kuku-ri/art/Senegal-7016-780867266&quot;&gt;www.deviantart.com/kuku-ri/art&amp;hellip;&lt;/a&gt;&lt;br /&gt;&lt;div&gt;&lt;img src=&quot;https://t00.deviantart.net/rBUXQ6uPzMjXhOOVRGcXxYPbbY4=/300x200/filters:fixed_height(100,100):origin()/pre00/529a/th/pre/f/2019/056/d/5/faboulus_kuku_by_thebrushfox-dd0ovt3.png&quot; alt=&quot;thumbnail&quot; /&gt;&lt;/div&gt;</description>            </item>
                    <item>
                <title>#8 - Thunder Cloud</title>
                <link>https://catorbz-collection.deviantart.com/art/8-Thunder-Cloud-787221141</link>
                <guid isPermaLink="true">https://catorbz-collection.deviantart.com/art/8-Thunder-Cloud-787221141</guid>
                <pubDate>Mon, 25 Feb 2019 11:43:15 PST</pubDate>
                        <media:title type="plain">#8 - Thunder Cloud</media:title>
        <media:keywords></media:keywords>
                        <media:rating>nonadult</media:rating>
                <media:category label="Adoptables">darelated/deviousfun/adoptables</media:category>
        <media:credit role="author" scheme="urn:ebu">Catorbz-Collection</media:credit>
        <media:credit role="author" scheme="urn:ebu">https://a.deviantart.net/avatars/c/a/catorbz-collection.gif?4</media:credit>
        <media:copyright url="https://catorbz-collection.deviantart.com">Copyright 2019 Catorbz-Collection</media:copyright>            <media:description type="html">&lt;div align=&quot;center&quot;&gt;Owner: &lt;span class=&quot;username-with-symbol u&quot;&gt;&lt;a class=&quot;u premium username&quot; href=&quot;https://www.deviantart.com/boxheadrave&quot;&gt;BoxHeadRave&lt;/a&gt;&lt;span class=&quot;user-symbol premium&quot; data-quicktip-text=&quot;Core Member&quot; data-show-tooltip=&quot;1&quot; data-gruser-type=&quot;premium&quot;&gt;&lt;/span&gt;&lt;/span&gt;&lt;br /&gt;Mutations: -&lt;br /&gt;Magic: Summon Storm Clouds&lt;br /&gt;&lt;br /&gt;Designer: &lt;span class=&quot;username-with-symbol u&quot;&gt;&lt;a class=&quot;u premium username&quot; href=&quot;https://www.deviantart.com/dank-hank&quot;&gt;DANK-HANK&lt;/a&gt;&lt;span class=&quot;user-symbol premium&quot; data-quicktip-text=&quot;Core Member&quot; data-show-tooltip=&quot;1&quot; data-gruser-type=&quot;premium&quot;&gt;&lt;/span&gt;&lt;/span&gt;&lt;br /&gt;&lt;br /&gt;&lt;a target=&quot;_self&quot; href=&quot;https://www.deviantart.com/catorbit&quot; &gt;&lt;img class=&quot;avatar group&quot; width=&quot;100&quot; height=&quot;50&quot; src=&quot;https://a.deviantart.net/avatars/c/a/catorbit.png?1&quot; alt=&quot;:iconcatorbit:&quot; title=&quot;Catorbit&quot; /&gt;&lt;/a&gt;&lt;br /&gt;Please don&#039;t comment under this deviation unless ownership changes&lt;br /&gt;trials will be tracked for you&lt;/div&gt;</media:description>            <media:thumbnail url="https://t00.deviantart.net/gRYI0DrwCmLXEscAHYRCSbs_0M8=/fit-in/150x150/filters:no_upscale():origin()/pre00/f87b/th/pre/i/2019/056/7/2/_8___thunder_cloud_by_catorbz_collection-dd0ovpx.png" height="122" width="150"/>            <media:thumbnail url="https://t00.deviantart.net/WMnIYMQJXB3aOJnLe7PofVMF-BI=/fit-in/300x900/filters:no_upscale():origin()/pre00/f87b/th/pre/i/2019/056/7/2/_8___thunder_cloud_by_catorbz_collection-dd0ovpx.png" height="245" width="300"/>            <media:thumbnail url="https://t00.deviantart.net/-EOEcSmBke-HeE4xJ5C-rSLsNH4=/300x200/filters:fixed_height(100,100):origin()/pre00/f87b/th/pre/i/2019/056/7/2/_8___thunder_cloud_by_catorbz_collection-dd0ovpx.png" height="200" width="245"/>            <media:content url="https://img00.deviantart.net/f454/i/2019/056/7/2/_8___thunder_cloud_by_catorbz_collection-dd0ovpx.png" height="490" width="600" medium="image"/>            
            <description>&lt;div align=&quot;center&quot;&gt;Owner: &lt;span class=&quot;username-with-symbol u&quot;&gt;&lt;a class=&quot;u premium username&quot; href=&quot;https://www.deviantart.com/boxheadrave&quot;&gt;BoxHeadRave&lt;/a&gt;&lt;span class=&quot;user-symbol premium&quot; data-quicktip-text=&quot;Core Member&quot; data-show-tooltip=&quot;1&quot; data-gruser-type=&quot;premium&quot;&gt;&lt;/span&gt;&lt;/span&gt;&lt;br /&gt;Mutations: -&lt;br /&gt;Magic: Summon Storm Clouds&lt;br /&gt;&lt;br /&gt;Designer: &lt;span class=&quot;username-with-symbol u&quot;&gt;&lt;a class=&quot;u premium username&quot; href=&quot;https://www.deviantart.com/dank-hank&quot;&gt;DANK-HANK&lt;/a&gt;&lt;span class=&quot;user-symbol premium&quot; data-quicktip-text=&quot;Core Member&quot; data-show-tooltip=&quot;1&quot; data-gruser-type=&quot;premium&quot;&gt;&lt;/span&gt;&lt;/span&gt;&lt;br /&gt;&lt;br /&gt;&lt;a target=&quot;_self&quot; href=&quot;https://www.deviantart.com/catorbit&quot; &gt;&lt;img class=&quot;avatar group&quot; width=&quot;100&quot; height=&quot;50&quot; src=&quot;https://a.deviantart.net/avatars/c/a/catorbit.png?1&quot; alt=&quot;:iconcatorbit:&quot; title=&quot;Catorbit&quot; /&gt;&lt;/a&gt;&lt;br /&gt;Please don&#039;t comment under this deviation unless ownership changes&lt;br /&gt;trials will be tracked for you&lt;/div&gt;&lt;br /&gt;&lt;div&gt;&lt;img src=&quot;https://t00.deviantart.net/-EOEcSmBke-HeE4xJ5C-rSLsNH4=/300x200/filters:fixed_height(100,100):origin()/pre00/f87b/th/pre/i/2019/056/7/2/_8___thunder_cloud_by_catorbz_collection-dd0ovpx.png&quot; alt=&quot;thumbnail&quot; /&gt;&lt;/div&gt;</description>            </item>
                    <item>
                <title>Dungeons and dragon-girls</title>
                <link>https://thalarionyr.deviantart.com/art/Dungeons-and-dragon-girls-787220398</link>
                <guid isPermaLink="true">https://thalarionyr.deviantart.com/art/Dungeons-and-dragon-girls-787220398</guid>
                <pubDate>Mon, 25 Feb 2019 11:43:13 PST</pubDate>
                        <media:title type="plain">Dungeons and dragon-girls</media:title>
        <media:keywords></media:keywords>
                        <media:rating>adult</media:rating>
                <media:category label="Drawings">manga/digital/drawings</media:category>
        <media:credit role="author" scheme="urn:ebu">Thalarionyr</media:credit>
        <media:credit role="author" scheme="urn:ebu">https://a.deviantart.net/avatars/t/h/thalarionyr.jpg?10</media:credit>
        <media:copyright url="https://thalarionyr.deviantart.com">Copyright 2019 Thalarionyr</media:copyright>            <media:description type="html">&lt;div&gt;Another of the rewards my patrons got in past months, featuring the dragons Tiki and Nowi from the Fire Emblem franchise. &lt;img src=&quot;https://e.deviantart.net/emoticons/n/nod.gif&quot; alt=&quot;Nod&quot; style=&quot;width: 15px; height: 15px;&quot; data-embed-type=&quot;emoticon&quot; data-embed-id=&quot;334&quot;&gt; &lt;br /&gt;&lt;/div&gt;&lt;div&gt;&lt;br /&gt;&lt;/div&gt;&lt;div&gt;-----------------------------------------------------------------------------------------------&lt;br /&gt;&lt;br /&gt;For commissions and such, go here:&amp;nbsp;&lt;a href=&quot;http://fav.me/daygw38&quot;&gt;fav.me/daygw38&lt;/a&gt;&lt;br /&gt;&lt;br /&gt;You can also support me on my Patreon:&amp;nbsp;&lt;a class=&quot;external&quot; href=&quot;https://www.deviantart.com/users/outgoing?https://www.patreon.com/thalarionyr&quot;&gt;www.patreon.com/thalarionyr&lt;/a&gt;&lt;/div&gt;</media:description>            <media:thumbnail url="https://t00.deviantart.net/rz8TIrjTcMJcPhfA-4_rdMg0fn4=/fit-in/150x150/filters:no_upscale():origin()/pre00/49d7/th/pre/i/2019/056/2/4/dungeons_and_dragon_girls_by_thalarionyr-dd0ov5a.jpg" height="150" width="97"/>            <media:thumbnail url="https://t00.deviantart.net/gfrLxpEpRH2W7YJeqwnIZcmI4ws=/fit-in/300x900/filters:no_upscale():origin()/pre00/49d7/th/pre/i/2019/056/2/4/dungeons_and_dragon_girls_by_thalarionyr-dd0ov5a.jpg" height="466" width="300"/>            <media:thumbnail url="https://t00.deviantart.net/1m4iTSEaYwPc9pDXpotxy1h4iEU=/300x200/filters:fixed_height(100,100):origin()/pre00/49d7/th/pre/i/2019/056/2/4/dungeons_and_dragon_girls_by_thalarionyr-dd0ov5a.jpg" height="200" width="129"/>            <media:content url="https://pre00.deviantart.net/49d7/th/pre/i/2019/056/2/4/dungeons_and_dragon_girls_by_thalarionyr-dd0ov5a.jpg" height="1114" width="717" medium="image"/>            
            <description>&lt;div&gt;Another of the rewards my patrons got in past months, featuring the dragons Tiki and Nowi from the Fire Emblem franchise. &lt;img src=&quot;https://e.deviantart.net/emoticons/n/nod.gif&quot; alt=&quot;Nod&quot; style=&quot;width: 15px; height: 15px;&quot; data-embed-type=&quot;emoticon&quot; data-embed-id=&quot;334&quot;&gt; &lt;br /&gt;&lt;/div&gt;&lt;div&gt;&lt;br /&gt;&lt;/div&gt;&lt;div&gt;-----------------------------------------------------------------------------------------------&lt;br /&gt;&lt;br /&gt;For commissions and such, go here:&amp;nbsp;&lt;a href=&quot;http://fav.me/daygw38&quot;&gt;fav.me/daygw38&lt;/a&gt;&lt;br /&gt;&lt;br /&gt;You can also support me on my Patreon:&amp;nbsp;&lt;a class=&quot;external&quot; href=&quot;https://www.deviantart.com/users/outgoing?https://www.patreon.com/thalarionyr&quot;&gt;www.patreon.com/thalarionyr&lt;/a&gt;&lt;/div&gt;&lt;br /&gt;&lt;div&gt;&lt;img src=&quot;https://t00.deviantart.net/1m4iTSEaYwPc9pDXpotxy1h4iEU=/300x200/filters:fixed_height(100,100):origin()/pre00/49d7/th/pre/i/2019/056/2/4/dungeons_and_dragon_girls_by_thalarionyr-dd0ov5a.jpg&quot; alt=&quot;thumbnail&quot; /&gt;&lt;/div&gt;</description>            </item>
                    <item>
                <title>Madeleine Dupont</title>
                <link>https://recopp101.deviantart.com/art/Madeleine-Dupont-787221405</link>
                <guid isPermaLink="true">https://recopp101.deviantart.com/art/Madeleine-Dupont-787221405</guid>
                <pubDate>Mon, 25 Feb 2019 11:43:11 PST</pubDate>
                        <media:title type="plain">Madeleine Dupont</media:title>
        <media:keywords></media:keywords>
                        <media:rating>nonadult</media:rating>
                <media:category label="Other">photography/people/other</media:category>
        <media:credit role="author" scheme="urn:ebu">Recopp101</media:credit>
        <media:credit role="author" scheme="urn:ebu">https://a.deviantart.net/avatars/default.gif</media:credit>
        <media:copyright url="https://recopp101.deviantart.com">Copyright 2019 Recopp101</media:copyright>             <creativeCommons:license>http://creativecommons.org/licenses/by-nc-nd/3.0/</creativeCommons:license>
                <media:description type="html">&lt;div&gt;Madeleine Dupont.&lt;/div&gt;&lt;div&gt;31-year-old Curling Player from Denmark.&lt;/div&gt;</media:description>            <media:thumbnail url="https://t00.deviantart.net/rzY7VBR-YYX4O7xw1g1YE_8uXL0=/fit-in/150x150/filters:no_upscale():origin()/pre00/1138/th/pre/f/2019/056/9/a/madeleine_dupont_by_recopp101-dd0ovx9.png" height="107" width="150"/>            <media:thumbnail url="https://t00.deviantart.net/Igh2QVnuLaqR_kurv4OFPIe2tg8=/fit-in/300x900/filters:no_upscale():origin()/pre00/1138/th/pre/f/2019/056/9/a/madeleine_dupont_by_recopp101-dd0ovx9.png" height="215" width="300"/>            <media:thumbnail url="https://t00.deviantart.net/ioMb_Y3gYobLiQa1I8pHZ685faA=/300x200/filters:fixed_height(100,100):origin()/pre00/1138/th/pre/f/2019/056/9/a/madeleine_dupont_by_recopp101-dd0ovx9.png" height="200" width="279"/>            <media:content url="https://pre00.deviantart.net/1138/th/pre/f/2019/056/9/a/madeleine_dupont_by_recopp101-dd0ovx9.png" height="757" width="1056" medium="image"/>            
            <description>&lt;div&gt;Madeleine Dupont.&lt;/div&gt;&lt;div&gt;31-year-old Curling Player from Denmark.&lt;/div&gt;&lt;br /&gt;&lt;div&gt;&lt;img src=&quot;https://t00.deviantart.net/ioMb_Y3gYobLiQa1I8pHZ685faA=/300x200/filters:fixed_height(100,100):origin()/pre00/1138/th/pre/f/2019/056/9/a/madeleine_dupont_by_recopp101-dd0ovx9.png&quot; alt=&quot;thumbnail&quot; /&gt;&lt;/div&gt;</description>            </item>
                    <item>
                <title>PudgyWudgy</title>
                <link>https://jotehbunny.deviantart.com/art/PudgyWudgy-787220924</link>
                <guid isPermaLink="true">https://jotehbunny.deviantart.com/art/PudgyWudgy-787220924</guid>
                <pubDate>Mon, 25 Feb 2019 11:43:10 PST</pubDate>
                        <media:title type="plain">PudgyWudgy</media:title>
        <media:keywords></media:keywords>
                        <media:rating>nonadult</media:rating>
                <media:category label="Fantasy">traditional/drawings/fantasy</media:category>
        <media:credit role="author" scheme="urn:ebu">JoTehBunny</media:credit>
        <media:credit role="author" scheme="urn:ebu">https://a.deviantart.net/avatars/j/o/jotehbunny.gif?3</media:credit>
        <media:copyright url="https://jotehbunny.deviantart.com">Copyright 2019 JoTehBunny</media:copyright>            <media:description type="html">Little fun doodles of &lt;span class=&quot;username-with-symbol u&quot;&gt;&lt;a class=&quot;u premium username&quot; href=&quot;https://www.deviantart.com/themiles&quot;&gt;TheMiles&lt;/a&gt;&lt;span class=&quot;user-symbol premium&quot; data-quicktip-text=&quot;Core Member&quot; data-show-tooltip=&quot;1&quot; data-gruser-type=&quot;premium&quot;&gt;&lt;/span&gt;&lt;/span&gt;&#039; cutiepie&amp;nbsp;kuku&amp;nbsp;&lt;a href=&quot;https://www.deviantart.com/kuku-ri/art/Shoemowetochawcawe-3818-704543248&quot;&gt;Shoemowetochawcawe 3818&lt;/a&gt;.&lt;br /&gt;Hope you like it! ^^&lt;br /&gt;&lt;a target=&quot;_self&quot; href=&quot;https://www.deviantart.com/kukuri-arpg&quot; &gt;&lt;img class=&quot;avatar group&quot; width=&quot;100&quot; height=&quot;50&quot; src=&quot;https://a.deviantart.net/avatars/k/u/kukuri-arpg.gif?3&quot; alt=&quot;:iconkukuri-arpg:&quot; title=&quot;Kukuri-arpg&quot; /&gt;&lt;/a&gt;</media:description>            <media:thumbnail url="https://t00.deviantart.net/VtyLS66BdSRcjpX5cVWL1LY6b4E=/fit-in/150x150/filters:no_upscale():origin()/pre00/5112/th/pre/i/2019/056/f/4/pudgywudgy_by_jotehbunny-dd0ovjw.jpg" height="112" width="150"/>            <media:thumbnail url="https://t00.deviantart.net/EQJizRmeXFMCSfEhL-iWguMa_x4=/fit-in/300x900/filters:no_upscale():origin()/pre00/5112/th/pre/i/2019/056/f/4/pudgywudgy_by_jotehbunny-dd0ovjw.jpg" height="224" width="300"/>            <media:thumbnail url="https://t00.deviantart.net/0Lj0-uLVQKSkLPrh0S9dnQZbSno=/300x200/filters:fixed_height(100,100):origin()/pre00/5112/th/pre/i/2019/056/f/4/pudgywudgy_by_jotehbunny-dd0ovjw.jpg" height="200" width="268"/>            <media:content url="https://pre00.deviantart.net/5112/th/pre/i/2019/056/f/4/pudgywudgy_by_jotehbunny-dd0ovjw.jpg" height="772" width="1034" medium="image"/>            
            <description>Little fun doodles of &lt;span class=&quot;username-with-symbol u&quot;&gt;&lt;a class=&quot;u premium username&quot; href=&quot;https://www.deviantart.com/themiles&quot;&gt;TheMiles&lt;/a&gt;&lt;span class=&quot;user-symbol premium&quot; data-quicktip-text=&quot;Core Member&quot; data-show-tooltip=&quot;1&quot; data-gruser-type=&quot;premium&quot;&gt;&lt;/span&gt;&lt;/span&gt;&#039; cutiepie&amp;nbsp;kuku&amp;nbsp;&lt;a href=&quot;https://www.deviantart.com/kuku-ri/art/Shoemowetochawcawe-3818-704543248&quot;&gt;Shoemowetochawcawe 3818&lt;/a&gt;.&lt;br /&gt;Hope you like it! ^^&lt;br /&gt;&lt;a target=&quot;_self&quot; href=&quot;https://www.deviantart.com/kukuri-arpg&quot; &gt;&lt;img class=&quot;avatar group&quot; width=&quot;100&quot; height=&quot;50&quot; src=&quot;https://a.deviantart.net/avatars/k/u/kukuri-arpg.gif?3&quot; alt=&quot;:iconkukuri-arpg:&quot; title=&quot;Kukuri-arpg&quot; /&gt;&lt;/a&gt;&lt;br /&gt;&lt;div&gt;&lt;img src=&quot;https://t00.deviantart.net/0Lj0-uLVQKSkLPrh0S9dnQZbSno=/300x200/filters:fixed_height(100,100):origin()/pre00/5112/th/pre/i/2019/056/f/4/pudgywudgy_by_jotehbunny-dd0ovjw.jpg&quot; alt=&quot;thumbnail&quot; /&gt;&lt;/div&gt;</description>            </item>
                    <item>
                <title>Draw this in your style, Challenge</title>
                <link>https://spirithell9.deviantart.com/art/Draw-this-in-your-style-Challenge-787220901</link>
                <guid isPermaLink="true">https://spirithell9.deviantart.com/art/Draw-this-in-your-style-Challenge-787220901</guid>
                <pubDate>Mon, 25 Feb 2019 11:43:09 PST</pubDate>
                        <media:title type="plain">Draw this in your style, Challenge</media:title>
        <media:keywords></media:keywords>
                        <media:rating>nonadult</media:rating>
                <media:category label="Drawings">manga/digital/drawings</media:category>
        <media:credit role="author" scheme="urn:ebu">spirithell9</media:credit>
        <media:credit role="author" scheme="urn:ebu">https://a.deviantart.net/avatars/s/p/spirithell9.jpg?7</media:credit>
        <media:copyright url="https://spirithell9.deviantart.com">Copyright 2019 spirithell9</media:copyright>            <media:description type="html">This was a fun challenge. &amp;#128522;</media:description>            <media:thumbnail url="https://t00.deviantart.net/RAgZkuq-dJA4C2XO4Kno4QNct0M=/fit-in/150x150/filters:no_upscale():origin()/pre00/2cf3/th/pre/f/2019/056/f/b/draw_this_in_your_style__challenge_by_spirithell9-dd0ovj9.png" height="150" width="134"/>            <media:thumbnail url="https://t00.deviantart.net/2L7EniP_iWR1fKRCFvU3NejCT0g=/fit-in/300x900/filters:no_upscale():origin()/pre00/2cf3/th/pre/f/2019/056/f/b/draw_this_in_your_style__challenge_by_spirithell9-dd0ovj9.png" height="336" width="300"/>            <media:thumbnail url="https://t00.deviantart.net/7OPxkmgB-oRWftyP4W-0eM5zXi0=/300x200/filters:fixed_height(100,100):origin()/pre00/2cf3/th/pre/f/2019/056/f/b/draw_this_in_your_style__challenge_by_spirithell9-dd0ovj9.png" height="200" width="178"/>            <media:content url="https://orig00.deviantart.net/3d2d/f/2019/056/f/b/draw_this_in_your_style__challenge_by_spirithell9-dd0ovj9.png" height="945" width="843" medium="image"/>            
            <description>This was a fun challenge. &amp;#128522;&lt;br /&gt;&lt;div&gt;&lt;img src=&quot;https://t00.deviantart.net/7OPxkmgB-oRWftyP4W-0eM5zXi0=/300x200/filters:fixed_height(100,100):origin()/pre00/2cf3/th/pre/f/2019/056/f/b/draw_this_in_your_style__challenge_by_spirithell9-dd0ovj9.png&quot; alt=&quot;thumbnail&quot; /&gt;&lt;/div&gt;</description>            </item>
                    <item>
                <title>Old Memories</title>
                <link>https://kitsunithewolf.deviantart.com/art/Old-Memories-787221386</link>
                <guid isPermaLink="true">https://kitsunithewolf.deviantart.com/art/Old-Memories-787221386</guid>
                <pubDate>Mon, 25 Feb 2019 11:43:08 PST</pubDate>
                        <media:title type="plain">Old Memories</media:title>
        <media:keywords></media:keywords>
                        <media:rating>nonadult</media:rating>
                <media:category label="Animals">digitalart/paintings/animals</media:category>
        <media:credit role="author" scheme="urn:ebu">kitsunithewolf</media:credit>
        <media:credit role="author" scheme="urn:ebu">https://a.deviantart.net/avatars/k/i/kitsunithewolf.png?5</media:credit>
        <media:copyright url="https://kitsunithewolf.deviantart.com">Copyright 2019 kitsunithewolf</media:copyright>            <media:description type="html"></media:description>            <media:thumbnail url="https://t00.deviantart.net/DZvZ9m8Ozra3SNU8qwBwez4Reo0=/fit-in/150x150/filters:no_upscale():origin()/pre00/7fd3/th/pre/f/2019/056/0/6/old_memories_by_kitsunithewolf-dd0ovwq.png" height="150" width="150"/>            <media:thumbnail url="https://t00.deviantart.net/uOGIU4UqcFHFC9tz3LSUDQm-msU=/fit-in/300x900/filters:no_upscale():origin()/pre00/7fd3/th/pre/f/2019/056/0/6/old_memories_by_kitsunithewolf-dd0ovwq.png" height="300" width="300"/>            <media:thumbnail url="https://t00.deviantart.net/hOyRCQXe5qeJRLWOte9hRKtJ-ck=/300x200/filters:fixed_height(100,100):origin()/pre00/7fd3/th/pre/f/2019/056/0/6/old_memories_by_kitsunithewolf-dd0ovwq.png" height="200" width="200"/>            <media:content url="https://pre00.deviantart.net/7fd3/th/pre/f/2019/056/0/6/old_memories_by_kitsunithewolf-dd0ovwq.png" height="894" width="894" medium="image"/>            
            <description>&lt;br /&gt;&lt;div&gt;&lt;img src=&quot;https://t00.deviantart.net/hOyRCQXe5qeJRLWOte9hRKtJ-ck=/300x200/filters:fixed_height(100,100):origin()/pre00/7fd3/th/pre/f/2019/056/0/6/old_memories_by_kitsunithewolf-dd0ovwq.png&quot; alt=&quot;thumbnail&quot; /&gt;&lt;/div&gt;</description>            </item>
                    <item>
                <title>Empowered copy from comic</title>
                <link>https://fckhed.deviantart.com/art/Empowered-copy-from-comic-787220484</link>
                <guid isPermaLink="true">https://fckhed.deviantart.com/art/Empowered-copy-from-comic-787220484</guid>
                <pubDate>Mon, 25 Feb 2019 11:43:08 PST</pubDate>
                        <media:title type="plain">Empowered copy from comic</media:title>
        <media:keywords></media:keywords>
                        <media:rating>nonadult</media:rating>
                <media:category label="Pages">cartoons/traditional/comics/pages</media:category>
        <media:credit role="author" scheme="urn:ebu">fckhed</media:credit>
        <media:credit role="author" scheme="urn:ebu">https://a.deviantart.net/avatars/f/c/fckhed.jpg?6</media:credit>
        <media:copyright url="https://fckhed.deviantart.com">Copyright 2019 fckhed</media:copyright>            <media:description type="html">I decided to try something easy... Doh!&lt;br /&gt;So, not that easy, but at least I did some art stuff finally.&lt;br /&gt;&lt;br /&gt;The character on the left is from the comic &quot;Empowered&quot; by &lt;a href=&quot;https://www.deviantart.com/adamwarren&quot;&gt;Adam Warren&lt;/a&gt;.&lt;br /&gt;The one on the right was my attempt at watching my marker run dry.</media:description>            <media:thumbnail url="https://t00.deviantart.net/vkitlgm5EKRzFcQdidAc3viF4K8=/fit-in/150x150/filters:no_upscale():origin()/pre00/7c24/th/pre/i/2019/056/6/1/empowered_copy_from_comic_by_fckhed-dd0ov7o.jpg" height="101" width="150"/>            <media:thumbnail url="https://t00.deviantart.net/vUMdEk2ZQgPfnPo9gMYC_TTyX6k=/fit-in/300x900/filters:no_upscale():origin()/pre00/7c24/th/pre/i/2019/056/6/1/empowered_copy_from_comic_by_fckhed-dd0ov7o.jpg" height="202" width="300"/>            <media:thumbnail url="https://t00.deviantart.net/AuF5UIqGwA68ern0HTZdAvrw23k=/300x200/filters:fixed_height(100,100):origin()/pre00/7c24/th/pre/i/2019/056/6/1/empowered_copy_from_comic_by_fckhed-dd0ov7o.jpg" height="200" width="297"/>            <media:content url="https://pre00.deviantart.net/7c24/th/pre/i/2019/056/6/1/empowered_copy_from_comic_by_fckhed-dd0ov7o.jpg" height="733" width="1090" medium="image"/>            
            <description>I decided to try something easy... Doh!&lt;br /&gt;So, not that easy, but at least I did some art stuff finally.&lt;br /&gt;&lt;br /&gt;The character on the left is from the comic &quot;Empowered&quot; by &lt;a href=&quot;https://www.deviantart.com/adamwarren&quot;&gt;Adam Warren&lt;/a&gt;.&lt;br /&gt;The one on the right was my attempt at watching my marker run dry.&lt;br /&gt;&lt;div&gt;&lt;img src=&quot;https://t00.deviantart.net/AuF5UIqGwA68ern0HTZdAvrw23k=/300x200/filters:fixed_height(100,100):origin()/pre00/7c24/th/pre/i/2019/056/6/1/empowered_copy_from_comic_by_fckhed-dd0ov7o.jpg&quot; alt=&quot;thumbnail&quot; /&gt;&lt;/div&gt;</description>            </item>
                    <item>
                <title>Emi Lufi - Modern and 1996</title>
                <link>https://mrrussellgro.deviantart.com/art/Emi-Lufi-Modern-and-1996-787220554</link>
                <guid isPermaLink="true">https://mrrussellgro.deviantart.com/art/Emi-Lufi-Modern-and-1996-787220554</guid>
                <pubDate>Mon, 25 Feb 2019 11:43:07 PST</pubDate>
                        <media:title type="plain">Emi Lufi - Modern and 1996</media:title>
        <media:keywords></media:keywords>
                        <media:rating>nonadult</media:rating>
                <media:category label="Drawings">manga/digital/drawings</media:category>
        <media:credit role="author" scheme="urn:ebu">MrRussellgro</media:credit>
        <media:credit role="author" scheme="urn:ebu">https://a.deviantart.net/avatars/m/r/mrrussellgro.jpg?3</media:credit>
        <media:copyright url="https://mrrussellgro.deviantart.com">Copyright 2019 MrRussellgro</media:copyright>            <media:description type="html">This is my sexy gunner Emi Lufi in her modern style (back when I drew her in 2017) and how she&#039;d look like in 1996.&lt;br /&gt;I am planning on doing more of these with my other characters. &lt;img src=&quot;https://e.deviantart.net/emoticons/s/smile.gif&quot; width=&quot;15&quot; height=&quot;15&quot; alt=&quot;:)&quot; data-embed-type=&quot;emoticon&quot; data-embed-id=&quot;391&quot; title=&quot;:) (Smile)&quot;/&gt;</media:description>            <media:thumbnail url="https://t00.deviantart.net/4soUdlnTbmdMITyz471OiHE19ms=/fit-in/150x150/filters:no_upscale():origin()/pre00/fd4b/th/pre/i/2019/056/f/3/emi_lufi___modern_and_1996_by_mrrussellgro-dd0ov9m.png" height="150" width="142"/>            <media:thumbnail url="https://t00.deviantart.net/XfcDaqa6uWoorpROBY4z4FiEsGI=/fit-in/300x900/filters:no_upscale():origin()/pre00/fd4b/th/pre/i/2019/056/f/3/emi_lufi___modern_and_1996_by_mrrussellgro-dd0ov9m.png" height="318" width="300"/>            <media:thumbnail url="https://t00.deviantart.net/AQY3E0BPZr4zqs0hMR6Q_34wSs0=/300x200/filters:fixed_height(100,100):origin()/pre00/fd4b/th/pre/i/2019/056/f/3/emi_lufi___modern_and_1996_by_mrrussellgro-dd0ov9m.png" height="200" width="189"/>            <media:content url="https://pre00.deviantart.net/fd4b/th/pre/i/2019/056/f/3/emi_lufi___modern_and_1996_by_mrrussellgro-dd0ov9m.png" height="920" width="869" medium="image"/>            
            <description>This is my sexy gunner Emi Lufi in her modern style (back when I drew her in 2017) and how she&#039;d look like in 1996.&lt;br /&gt;I am planning on doing more of these with my other characters. &lt;img src=&quot;https://e.deviantart.net/emoticons/s/smile.gif&quot; width=&quot;15&quot; height=&quot;15&quot; alt=&quot;:)&quot; data-embed-type=&quot;emoticon&quot; data-embed-id=&quot;391&quot; title=&quot;:) (Smile)&quot;/&gt;&lt;br /&gt;&lt;div&gt;&lt;img src=&quot;https://t00.deviantart.net/AQY3E0BPZr4zqs0hMR6Q_34wSs0=/300x200/filters:fixed_height(100,100):origin()/pre00/fd4b/th/pre/i/2019/056/f/3/emi_lufi___modern_and_1996_by_mrrussellgro-dd0ov9m.png&quot; alt=&quot;thumbnail&quot; /&gt;&lt;/div&gt;</description>            </item>
                    <item>
                <title>((OPEN)) 10 point adopts</title>
                <link>https://muttpilot.deviantart.com/art/OPEN-10-point-adopts-787220579</link>
                <guid isPermaLink="true">https://muttpilot.deviantart.com/art/OPEN-10-point-adopts-787220579</guid>
                <pubDate>Mon, 25 Feb 2019 11:43:04 PST</pubDate>
                        <media:title type="plain">((OPEN)) 10 point adopts</media:title>
        <media:keywords></media:keywords>
                        <media:rating>nonadult</media:rating>
                <media:category label="Adoptables">darelated/deviousfun/adoptables</media:category>
        <media:credit role="author" scheme="urn:ebu">muttpilot</media:credit>
        <media:credit role="author" scheme="urn:ebu">https://a.deviantart.net/avatars/m/u/muttpilot.gif?6</media:credit>
        <media:copyright url="https://muttpilot.deviantart.com">Copyright 2019 muttpilot</media:copyright>            <media:description type="html">;w; idk who will buy this,, but i designed some kids and they need good homes! i really like 5 and 2 fghds ;o;&lt;br /&gt;&lt;br /&gt;1-- 10 points&lt;br /&gt;&lt;br /&gt;2-- 10 points&lt;br /&gt;&lt;br /&gt;3-- 10 points&lt;br /&gt;&lt;br /&gt;4-- 10 points&lt;br /&gt;&lt;br /&gt;5-- 10 points&lt;br /&gt;&lt;br /&gt;6-- 10 points&lt;br /&gt;&lt;br /&gt;7-- 10 points&lt;br /&gt;&lt;br /&gt;8-- 10 points&lt;br /&gt;&lt;br /&gt;9-- 15 points ------ &lt;b&gt;if ya want a custom just tell me the gender/species/any other info and link a base&lt;/b&gt;&lt;br /&gt;&lt;br /&gt;&lt;br /&gt;&lt;br /&gt;base by @/kiwiai</media:description>            <media:thumbnail url="https://t00.deviantart.net/dm-Sr4dYguYICmcV4QzBIXcKL0A=/fit-in/150x150/filters:no_upscale():origin()/pre00/0c94/th/pre/f/2019/056/1/5/__open___10_point_adopts_by_muttpilot-dd0ovab.png" height="150" width="150"/>            <media:thumbnail url="https://t00.deviantart.net/iFGrF3ePUiaiVEjX2ZKVnJJY0UA=/fit-in/300x900/filters:no_upscale():origin()/pre00/0c94/th/pre/f/2019/056/1/5/__open___10_point_adopts_by_muttpilot-dd0ovab.png" height="300" width="300"/>            <media:thumbnail url="https://t00.deviantart.net/R6-WE_jG_FNP36vCxPisULuPZOU=/300x200/filters:fixed_height(100,100):origin()/pre00/0c94/th/pre/f/2019/056/1/5/__open___10_point_adopts_by_muttpilot-dd0ovab.png" height="200" width="200"/>            <media:content url="https://orig00.deviantart.net/9610/f/2019/056/1/5/__open___10_point_adopts_by_muttpilot-dd0ovab.png" height="800" width="800" medium="image"/>            
            <description>;w; idk who will buy this,, but i designed some kids and they need good homes! i really like 5 and 2 fghds ;o;&lt;br /&gt;&lt;br /&gt;1-- 10 points&lt;br /&gt;&lt;br /&gt;2-- 10 points&lt;br /&gt;&lt;br /&gt;3-- 10 points&lt;br /&gt;&lt;br /&gt;4-- 10 points&lt;br /&gt;&lt;br /&gt;5-- 10 points&lt;br /&gt;&lt;br /&gt;6-- 10 points&lt;br /&gt;&lt;br /&gt;7-- 10 points&lt;br /&gt;&lt;br /&gt;8-- 10 points&lt;br /&gt;&lt;br /&gt;9-- 15 points ------ &lt;b&gt;if ya want a custom just tell me the gender/species/any other info and link a base&lt;/b&gt;&lt;br /&gt;&lt;br /&gt;&lt;br /&gt;&lt;br /&gt;base by @/kiwiai&lt;br /&gt;&lt;div&gt;&lt;img src=&quot;https://t00.deviantart.net/R6-WE_jG_FNP36vCxPisULuPZOU=/300x200/filters:fixed_height(100,100):origin()/pre00/0c94/th/pre/f/2019/056/1/5/__open___10_point_adopts_by_muttpilot-dd0ovab.png&quot; alt=&quot;thumbnail&quot; /&gt;&lt;/div&gt;</description>            </item>
                    <item>
                <title>30 feet under (water testing)</title>
                <link>https://faronbermudaofficial.deviantart.com/art/30-feet-under-water-testing-787221355</link>
                <guid isPermaLink="true">https://faronbermudaofficial.deviantart.com/art/30-feet-under-water-testing-787221355</guid>
                <pubDate>Mon, 25 Feb 2019 11:43:04 PST</pubDate>
                        <media:title type="plain">30 feet under (water testing)</media:title>
        <media:keywords></media:keywords>
                        <media:rating>nonadult</media:rating>
                <media:category label="Drawings">cartoons/digital/cartoons/drawings</media:category>
        <media:credit role="author" scheme="urn:ebu">FaronBermudaOFFICIAL</media:credit>
        <media:credit role="author" scheme="urn:ebu">https://a.deviantart.net/avatars/f/a/faronbermudaofficial.png?13</media:credit>
        <media:copyright url="https://faronbermudaofficial.deviantart.com">Copyright 2019 FaronBermudaOFFICIAL</media:copyright>            <media:description type="html">Got some new brushes and tried out drawing water for the first time.</media:description>            <media:thumbnail url="https://t00.deviantart.net/nKaVJjLhQCnAIdOWiUhBW3o41uA=/fit-in/150x150/filters:no_upscale():origin()/pre00/3c82/th/pre/f/2019/056/0/f/30_feet_under__water_testing__by_faronbermudaofficial-dd0ovvv.png" height="150" width="85"/>            <media:thumbnail url="https://t00.deviantart.net/krxzdUY9-aW7FVxm-foJhbrm594=/fit-in/300x900/filters:no_upscale():origin()/pre00/3c82/th/pre/f/2019/056/0/f/30_feet_under__water_testing__by_faronbermudaofficial-dd0ovvv.png" height="529" width="300"/>            <media:thumbnail url="https://t00.deviantart.net/Zmn_xVnXOldRxeJNeki1xz6ow3Q=/300x200/filters:fixed_height(100,100):origin()/pre00/3c82/th/pre/f/2019/056/0/f/30_feet_under__water_testing__by_faronbermudaofficial-dd0ovvv.png" height="200" width="113"/>            <media:content url="https://orig00.deviantart.net/d5cf/f/2019/056/0/f/30_feet_under__water_testing__by_faronbermudaofficial-dd0ovvv.png" height="654" width="371" medium="image"/>            
            <description>Got some new brushes and tried out drawing water for the first time.&lt;br /&gt;&lt;div&gt;&lt;img src=&quot;https://t00.deviantart.net/Zmn_xVnXOldRxeJNeki1xz6ow3Q=/300x200/filters:fixed_height(100,100):origin()/pre00/3c82/th/pre/f/2019/056/0/f/30_feet_under__water_testing__by_faronbermudaofficial-dd0ovvv.png&quot; alt=&quot;thumbnail&quot; /&gt;&lt;/div&gt;</description>            </item>
                    <item>
                <title>Inque and Ten In Pool Stadium</title>
                <link>https://josuethegreat.deviantart.com/art/Inque-and-Ten-In-Pool-Stadium-787221240</link>
                <guid isPermaLink="true">https://josuethegreat.deviantart.com/art/Inque-and-Ten-In-Pool-Stadium-787221240</guid>
                <pubDate>Mon, 25 Feb 2019 11:43:02 PST</pubDate>
                        <media:title type="plain">Inque and Ten In Pool Stadium</media:title>
        <media:keywords></media:keywords>
                        <media:rating>nonadult</media:rating>
                <media:category label="Other">digitalart/photomanip/other</media:category>
        <media:credit role="author" scheme="urn:ebu">josuethegreat</media:credit>
        <media:credit role="author" scheme="urn:ebu">https://a.deviantart.net/avatars/j/o/josuethegreat.jpg?8</media:credit>
        <media:copyright url="https://josuethegreat.deviantart.com">Copyright 2019 josuethegreat</media:copyright>            <media:description type="html">&lt;div&gt;Ten Watching Inque Splash Down Into the Water. And We Won.&lt;/div&gt;&lt;div&gt;Inque Is WaterProof power.&lt;br /&gt;&lt;/div&gt;</media:description>            <media:thumbnail url="https://t00.deviantart.net/TmuhWsxhj4kqTfR8nfUigG8j7k0=/fit-in/150x150/filters:no_upscale():origin()/pre00/b7ce/th/pre/f/2019/056/9/6/inque_and_ten_in_pool_stadium_by_josuethegreat-dd0ovso.jpg" height="114" width="150"/>            <media:thumbnail url="https://t00.deviantart.net/gLuf5bhHOBDAgRCbMz_azsVp2f4=/fit-in/300x900/filters:no_upscale():origin()/pre00/b7ce/th/pre/f/2019/056/9/6/inque_and_ten_in_pool_stadium_by_josuethegreat-dd0ovso.jpg" height="229" width="300"/>            <media:thumbnail url="https://t00.deviantart.net/9Qyx3jHGOFsEdzi4utvBlO6nfYA=/300x200/filters:fixed_height(100,100):origin()/pre00/b7ce/th/pre/f/2019/056/9/6/inque_and_ten_in_pool_stadium_by_josuethegreat-dd0ovso.jpg" height="200" width="262"/>            <media:content url="https://orig00.deviantart.net/924e/f/2019/056/9/6/inque_and_ten_in_pool_stadium_by_josuethegreat-dd0ovso.jpg" height="454" width="595" medium="image"/>            
            <description>&lt;div&gt;Ten Watching Inque Splash Down Into the Water. And We Won.&lt;/div&gt;&lt;div&gt;Inque Is WaterProof power.&lt;br /&gt;&lt;/div&gt;&lt;br /&gt;&lt;div&gt;&lt;img src=&quot;https://t00.deviantart.net/9Qyx3jHGOFsEdzi4utvBlO6nfYA=/300x200/filters:fixed_height(100,100):origin()/pre00/b7ce/th/pre/f/2019/056/9/6/inque_and_ten_in_pool_stadium_by_josuethegreat-dd0ovso.jpg&quot; alt=&quot;thumbnail&quot; /&gt;&lt;/div&gt;</description>            </item>
                    <item>
                <title>Mannequin 12</title>
                <link>https://nilfgaad.deviantart.com/art/Mannequin-12-787221362</link>
                <guid isPermaLink="true">https://nilfgaad.deviantart.com/art/Mannequin-12-787221362</guid>
                <pubDate>Mon, 25 Feb 2019 11:43:01 PST</pubDate>
                        <media:title type="plain">Mannequin 12</media:title>
        <media:keywords></media:keywords>
                        <media:rating>nonadult</media:rating>
                <media:category label="Dolls and Figures">photography/still/figures</media:category>
        <media:credit role="author" scheme="urn:ebu">nilfgaad</media:credit>
        <media:credit role="author" scheme="urn:ebu">https://a.deviantart.net/avatars/n/i/nilfgaad.gif?1</media:credit>
        <media:copyright url="https://nilfgaad.deviantart.com">Copyright 2019 nilfgaad</media:copyright>            <media:description type="html"></media:description>            <media:thumbnail url="https://t00.deviantart.net/QU8OP71dmax94HGJotTNpQGbhe8=/fit-in/150x150/filters:no_upscale():origin()/pre00/4ee8/th/pre/f/2019/056/f/a/mannequin_12_by_nilfgaad-dd0ovw2.jpg" height="150" width="100"/>            <media:thumbnail url="https://t00.deviantart.net/Q2uih2LHjH_KH4X0QtHrXR5SyzU=/fit-in/300x900/filters:no_upscale():origin()/pre00/4ee8/th/pre/f/2019/056/f/a/mannequin_12_by_nilfgaad-dd0ovw2.jpg" height="450" width="300"/>            <media:thumbnail url="https://t00.deviantart.net/INGyVUUi_wepg6a13vG6EGB9F20=/300x200/filters:fixed_height(100,100):origin()/pre00/4ee8/th/pre/f/2019/056/f/a/mannequin_12_by_nilfgaad-dd0ovw2.jpg" height="200" width="133"/>            <media:content url="https://pre00.deviantart.net/4ee8/th/pre/f/2019/056/f/a/mannequin_12_by_nilfgaad-dd0ovw2.jpg" height="1095" width="730" medium="image"/>            
            <description>&lt;br /&gt;&lt;div&gt;&lt;img src=&quot;https://t00.deviantart.net/INGyVUUi_wepg6a13vG6EGB9F20=/300x200/filters:fixed_height(100,100):origin()/pre00/4ee8/th/pre/f/2019/056/f/a/mannequin_12_by_nilfgaad-dd0ovw2.jpg&quot; alt=&quot;thumbnail&quot; /&gt;&lt;/div&gt;</description>            </item>
                    <item>
                <title>White Flower Island</title>
                <link>https://naturmanly.deviantart.com/art/White-Flower-Island-787221352</link>
                <guid isPermaLink="true">https://naturmanly.deviantart.com/art/White-Flower-Island-787221352</guid>
                <pubDate>Mon, 25 Feb 2019 11:43:01 PST</pubDate>
                        <media:title type="plain">White Flower Island</media:title>
        <media:keywords></media:keywords>
                        <media:rating>nonadult</media:rating>
                <media:category label="Landscapes">photography/nature/landscapes</media:category>
        <media:credit role="author" scheme="urn:ebu">naturmanly</media:credit>
        <media:credit role="author" scheme="urn:ebu">https://a.deviantart.net/avatars/n/a/naturmanly.jpg?6</media:credit>
        <media:copyright url="https://naturmanly.deviantart.com">Copyright 2019 naturmanly</media:copyright>            <media:description type="html"></media:description>            <media:thumbnail url="https://t00.deviantart.net/xsaMzvb4nlSbkJH_Um0-65f3rWg=/fit-in/150x150/filters:no_upscale():origin()/pre00/ddc4/th/pre/i/2019/056/1/e/white_flower_island_by_naturmanly-dd0ovvs.jpg" height="84" width="150"/>            <media:thumbnail url="https://t00.deviantart.net/sFimHHRuAnQ0xJStiU8NzOObzYk=/fit-in/300x900/filters:no_upscale():origin()/pre00/ddc4/th/pre/i/2019/056/1/e/white_flower_island_by_naturmanly-dd0ovvs.jpg" height="169" width="300"/>            <media:thumbnail url="https://t00.deviantart.net/hMO6PeeHK3EhXJs65FbOBQViNIQ=/300x200/filters:fixed_height(100,100):origin()/pre00/ddc4/th/pre/i/2019/056/1/e/white_flower_island_by_naturmanly-dd0ovvs.jpg" height="169" width="300"/>            <media:content url="https://pre00.deviantart.net/ddc4/th/pre/i/2019/056/1/e/white_flower_island_by_naturmanly-dd0ovvs.jpg" height="670" width="1192" medium="image"/>            
            <description>&lt;br /&gt;&lt;div&gt;&lt;img src=&quot;https://t00.deviantart.net/hMO6PeeHK3EhXJs65FbOBQViNIQ=/300x200/filters:fixed_height(100,100):origin()/pre00/ddc4/th/pre/i/2019/056/1/e/white_flower_island_by_naturmanly-dd0ovvs.jpg&quot; alt=&quot;thumbnail&quot; /&gt;&lt;/div&gt;</description>            </item>
                    <item>
                <title>Doggymon</title>
                <link>https://englandhalifax.deviantart.com/art/Doggymon-787221366</link>
                <guid isPermaLink="true">https://englandhalifax.deviantart.com/art/Doggymon-787221366</guid>
                <pubDate>Mon, 25 Feb 2019 11:43:01 PST</pubDate>
                        <media:title type="plain">Doggymon</media:title>
        <media:keywords></media:keywords>
                        <media:rating>nonadult</media:rating>
                <media:category label="Movies &amp; TV">fanart/manga/digital/movies</media:category>
        <media:credit role="author" scheme="urn:ebu">englandhalifax</media:credit>
        <media:credit role="author" scheme="urn:ebu">https://a.deviantart.net/avatars/e/n/englandhalifax.gif?13</media:credit>
        <media:copyright url="https://englandhalifax.deviantart.com">Copyright 2019 englandhalifax</media:copyright>            <media:description type="html">Doggymon</media:description>            <media:thumbnail url="https://t00.deviantart.net/0eaW2bbr5cPDn0xr6nF77ky_guE=/fit-in/150x150/filters:no_upscale():origin()/pre00/9ba3/th/pre/f/2019/056/c/f/doggymon_by_englandhalifax-dd0ovw6.png" height="150" width="150"/>            <media:thumbnail url="https://orig00.deviantart.net/51c2/f/2019/056/c/f/doggymon_by_englandhalifax-dd0ovw6.png" height="190" width="190"/>            <media:thumbnail url="https://orig00.deviantart.net/51c2/f/2019/056/c/f/doggymon_by_englandhalifax-dd0ovw6.png" height="190" width="190"/>            <media:content url="https://orig00.deviantart.net/51c2/f/2019/056/c/f/doggymon_by_englandhalifax-dd0ovw6.png" height="190" width="190" medium="image"/>            
            <description>Doggymon&lt;br /&gt;&lt;div&gt;&lt;img src=&quot;https://orig00.deviantart.net/51c2/f/2019/056/c/f/doggymon_by_englandhalifax-dd0ovw6.png&quot; alt=&quot;thumbnail&quot; /&gt;&lt;/div&gt;</description>            </item>
                    <item>
                <title>Potara God [Vegito Male Reader] Part 2</title>
                <link>https://demonsupersaiyan.deviantart.com/art/Potara-God-Vegito-Male-Reader-Part-2-787220744</link>
                <guid isPermaLink="true">https://demonsupersaiyan.deviantart.com/art/Potara-God-Vegito-Male-Reader-Part-2-787220744</guid>
                <pubDate>Mon, 25 Feb 2019 11:42:59 PST</pubDate>
                        <media:title type="plain">Potara God [Vegito Male Reader] Part 2</media:title>
        <media:keywords></media:keywords>
                        <media:rating>nonadult</media:rating>
                <media:category label="Romance">literature/fanfiction/romance</media:category>
        <media:credit role="author" scheme="urn:ebu">DemonSuperSaiyan</media:credit>
        <media:credit role="author" scheme="urn:ebu">https://a.deviantart.net/avatars/d/e/demonsupersaiyan.jpg?2</media:credit>
        <media:copyright url="https://demonsupersaiyan.deviantart.com">Copyright 2019 DemonSuperSaiyan</media:copyright>            <media:description type="html"></media:description>        

        <media:content url="https://demonsupersaiyan.deviantart.com/art/Potara-God-Vegito-Male-Reader-Part-2-787220744" medium="document" />
        <media:text type="html">Your P.O.V&lt;br /&gt;&lt;br /&gt;Goku and I are training until we both hear King Kai shout.&lt;br /&gt;&lt;br /&gt;King Kai: NOOO!! THIS CAN&#039;T BE!!&lt;br /&gt;&lt;br /&gt;We stopped training and looked at King Kai.&lt;br /&gt;&lt;br /&gt;Goku: Did something happen?&lt;br /&gt;&lt;br /&gt;King Kai: B-B-Beerus h-he i-i-is c-c-coming.&lt;br /&gt;&lt;br /&gt;&#039;Who is Beerus and why is King Kai afraid of him.&lt;br /&gt;&lt;br /&gt;Goku: Who is Beerus?&lt;br /&gt;&lt;br /&gt;King Kai: Beerus is the God of Destruction!&lt;br /&gt;&lt;br /&gt;&#039;God of Destruction! Then that means he&#039;s strong!!&#039;&lt;br /&gt;&lt;br /&gt;Goku: Is he strong?&lt;br /&gt;&lt;br /&gt;King Kai: Yes, and don&#039;t fight him Goku he is way out of your league!!&lt;br /&gt;&lt;br /&gt;Goku: Seriously!! Now I&#039;m more excited to fight him!&lt;br /&gt;&lt;br /&gt;Y/N: Me too.&lt;br /&gt;&lt;br /&gt;King Kai: You saiyans and your thirst to become stronger.&lt;br /&gt;&lt;br /&gt;Just then King Kai looked into th</media:text>            
            <description></description>            </item>
            </channel>
</rss>