<?xml version="1.0" encoding="utf-8"?>
<rss version="2.0" xmlns:media="http://search.yahoo.com/mrss/" xmlns:atom="http://www.w3.org/2005/Atom" xmlns:creativeCommons="http://backend.userland.com/creativeCommonsRssModule">
    <channel>
        <title>DeviantArt: Daily Deviations</title>
        <link>https://www.deviantart.com/daily-deviations</link>
        <description>DeviantArt RSS for Daily Deviations</description>
        <language>en-us</language>
        <copyright>Copyright 2019, DeviantArt.com</copyright>
        <pubDate>Tue, 19 Feb 2019 11:45:13 PST</pubDate>

        <generator>DeviantArt.com</generator>
        <docs>http://blogs.law.harvard.edu/tech/rss</docs>
        <atom:icon>https://st.deviantart.net/minish/touch-icons/android-192.png</atom:icon>
        <atom:link type="application/rss+xml" rel="self" href="https://backend.deviantart.com/rss.xml?q=special%3Add+startts%3A2019-02-19&amp;type=deviation" />
        <atom:link rel="previous" href="https://backend.deviantart.com/rss.xml?q=special%3Add+startts%3A2019-02-18&amp;type=deviation" />
                    <item>
                <title>Sailor moon - Sailor Neptune</title>
                <link>https://kikolondon.deviantart.com/art/Sailor-moon-Sailor-Neptune-688760011</link>
                <guid isPermaLink="true">https://kikolondon.deviantart.com/art/Sailor-moon-Sailor-Neptune-688760011</guid>
                <pubDate>Mon, 26 Jun 2017 00:36:50 PDT</pubDate>
                        <media:title type="plain">Sailor moon - Sailor Neptune</media:title>
        <media:keywords></media:keywords>
                        <media:rating>nonadult</media:rating>
                <media:category label="Cosplay">photography/people/cosplay</media:category>
        <media:credit role="author" scheme="urn:ebu">KikoLondon</media:credit>
        <media:credit role="author" scheme="urn:ebu">https://a.deviantart.net/avatars/k/i/kikolondon.png?7</media:credit>
        <media:copyright url="https://kikolondon.deviantart.com">Copyright 2017-2019 KikoLondon</media:copyright>            <media:description type="html">Photo by &lt;a target=&quot;_self&quot; href=&quot;http://ashitaro.deviantart.com/&quot; &gt;&lt;img class=&quot;avatar&quot; width=&quot;50&quot; height=&quot;50&quot; src=&quot;http://a.deviantart.net/avatars/a/s/ashitaro.jpg?5&quot; alt=&quot;:iconashitaro:&quot; title=&quot;Ashitaro&quot; /&gt;&lt;/a&gt;&amp;nbsp;</media:description>            <media:thumbnail url="https://t00.deviantart.net/Y897jaZT9d0DG5RmqzJKNXHyCtM=/fit-in/150x150/filters:no_upscale():origin()/pre00/91f6/th/pre/f/2017/177/c/b/sailor_moon___sailor_neptune_by_kikolondon-dbe2imj.jpg" height="150" width="100"/>            <media:thumbnail url="https://t00.deviantart.net/3JDJGaJtO1ooJMWgVVF8zN4GKYI=/fit-in/300x900/filters:no_upscale():origin()/pre00/91f6/th/pre/f/2017/177/c/b/sailor_moon___sailor_neptune_by_kikolondon-dbe2imj.jpg" height="450" width="300"/>            <media:thumbnail url="https://t00.deviantart.net/oHTUHrpicXCF5STcWoqmIYWrp9k=/300x200/filters:fixed_height(100,100):origin()/pre00/91f6/th/pre/f/2017/177/c/b/sailor_moon___sailor_neptune_by_kikolondon-dbe2imj.jpg" height="200" width="133"/>            <media:content url="https://pre00.deviantart.net/91f6/th/pre/f/2017/177/c/b/sailor_moon___sailor_neptune_by_kikolondon-dbe2imj.jpg" height="1095" width="730" medium="image"/>            
            <description>Photo by &lt;a target=&quot;_self&quot; href=&quot;http://ashitaro.deviantart.com/&quot; &gt;&lt;img class=&quot;avatar&quot; width=&quot;50&quot; height=&quot;50&quot; src=&quot;http://a.deviantart.net/avatars/a/s/ashitaro.jpg?5&quot; alt=&quot;:iconashitaro:&quot; title=&quot;Ashitaro&quot; /&gt;&lt;/a&gt;&amp;nbsp;&lt;br /&gt;&lt;div&gt;&lt;img src=&quot;https://t00.deviantart.net/oHTUHrpicXCF5STcWoqmIYWrp9k=/300x200/filters:fixed_height(100,100):origin()/pre00/91f6/th/pre/f/2017/177/c/b/sailor_moon___sailor_neptune_by_kikolondon-dbe2imj.jpg&quot; alt=&quot;thumbnail&quot; /&gt;&lt;/div&gt;</description>            </item>
                    <item>
                <title>$ | io</title>
                <link>https://yeorin.deviantart.com/art/io-783012425</link>
                <guid isPermaLink="true">https://yeorin.deviantart.com/art/io-783012425</guid>
                <pubDate>Sun, 27 Jan 2019 11:52:02 PST</pubDate>
                        <media:title type="plain">$ | io</media:title>
        <media:keywords></media:keywords>
                        <media:rating>nonadult</media:rating>
                <media:category label="Drawings">manga/digital/drawings</media:category>
        <media:credit role="author" scheme="urn:ebu">yeorin</media:credit>
        <media:credit role="author" scheme="urn:ebu">https://a.deviantart.net/avatars/y/e/yeorin.gif?13</media:credit>
        <media:copyright url="https://yeorin.deviantart.com">Copyright 2019 yeorin</media:copyright>            <media:description type="html">&lt;small&gt;&lt;p align=&quot;center&quot;&gt; uwaa so many small details;; i hope i havent forgot anything&lt;br /&gt;im so glad ive recorded this one too cause i really liked the result. i hope you do, too&lt;br /&gt;&lt;br /&gt;speedpaint:&amp;nbsp;&lt;a class=&quot;external&quot; href=&quot;https://www.deviantart.com/users/outgoing?https://youtu.be/jZMUz7MQgOg&quot;&gt;youtu.be/jZMUz7MQgOg&lt;/a&gt;&lt;br /&gt;oc design + closed species belongs to &lt;span class=&quot;username-with-symbol u&quot;&gt;&lt;a class=&quot;u premium username&quot; href=&quot;https://www.deviantart.com/polariiss&quot;&gt;Polariiss&lt;/a&gt;&lt;span class=&quot;user-symbol premium&quot; data-quicktip-text=&quot;Core Member&quot; data-show-tooltip=&quot;1&quot; data-gruser-type=&quot;premium&quot;&gt;&lt;/span&gt;&lt;/span&gt;&amp;nbsp;&lt;/p&gt;&lt;/small&gt;</media:description>            <media:thumbnail url="https://t00.deviantart.net/DufQ4oHf7FBuHTlH1xsb-U-7DLM=/fit-in/150x150/filters:no_upscale():origin()/pre00/a82a/th/pre/f/2019/027/a/8/____io_by_yeorin-dcy6o95.png" height="150" width="142"/>            <media:thumbnail url="https://t00.deviantart.net/63twnFj8m-0eKFegBN7oasOOCSo=/fit-in/300x900/filters:no_upscale():origin()/pre00/a82a/th/pre/f/2019/027/a/8/____io_by_yeorin-dcy6o95.png" height="318" width="300"/>            <media:thumbnail url="https://t00.deviantart.net/vtdb6DanbKMo8ta6c-7KTk4vQZU=/300x200/filters:fixed_height(100,100):origin()/pre00/a82a/th/pre/f/2019/027/a/8/____io_by_yeorin-dcy6o95.png" height="200" width="189"/>            <media:content url="https://orig00.deviantart.net/ddea/f/2019/027/a/8/____io_by_yeorin-dcy6o95.png" height="720" width="680" medium="image"/>            
            <description>&lt;small&gt;&lt;p align=&quot;center&quot;&gt; uwaa so many small details;; i hope i havent forgot anything&lt;br /&gt;im so glad ive recorded this one too cause i really liked the result. i hope you do, too&lt;br /&gt;&lt;br /&gt;speedpaint:&amp;nbsp;&lt;a class=&quot;external&quot; href=&quot;https://www.deviantart.com/users/outgoing?https://youtu.be/jZMUz7MQgOg&quot;&gt;youtu.be/jZMUz7MQgOg&lt;/a&gt;&lt;br /&gt;oc design + closed species belongs to &lt;span class=&quot;username-with-symbol u&quot;&gt;&lt;a class=&quot;u premium username&quot; href=&quot;https://www.deviantart.com/polariiss&quot;&gt;Polariiss&lt;/a&gt;&lt;span class=&quot;user-symbol premium&quot; data-quicktip-text=&quot;Core Member&quot; data-show-tooltip=&quot;1&quot; data-gruser-type=&quot;premium&quot;&gt;&lt;/span&gt;&lt;/span&gt;&amp;nbsp;&lt;/p&gt;&lt;/small&gt;&lt;br /&gt;&lt;div&gt;&lt;img src=&quot;https://t00.deviantart.net/vtdb6DanbKMo8ta6c-7KTk4vQZU=/300x200/filters:fixed_height(100,100):origin()/pre00/a82a/th/pre/f/2019/027/a/8/____io_by_yeorin-dcy6o95.png&quot; alt=&quot;thumbnail&quot; /&gt;&lt;/div&gt;</description>            </item>
                    <item>
                <title>Knight paintup 2</title>
                <link>https://raymondminnaar.deviantart.com/art/Knight-paintup-2-785358571</link>
                <guid isPermaLink="true">https://raymondminnaar.deviantart.com/art/Knight-paintup-2-785358571</guid>
                <pubDate>Tue, 12 Feb 2019 13:14:11 PST</pubDate>
                        <media:title type="plain">Knight paintup 2</media:title>
        <media:keywords></media:keywords>
                        <media:rating>nonadult</media:rating>
                <media:category label="Fantasy">digitalart/paintings/fantasy</media:category>
        <media:credit role="author" scheme="urn:ebu">RaymondMinnaar</media:credit>
        <media:credit role="author" scheme="urn:ebu">https://a.deviantart.net/avatars/r/a/raymondminnaar.jpg?9</media:credit>
        <media:copyright url="https://raymondminnaar.deviantart.com">Copyright 2019 RaymondMinnaar</media:copyright>            <media:description type="html">Backlog of old artwork</media:description>            <media:thumbnail url="https://t00.deviantart.net/dHDeaNZkAU9t6K-DUhXJ-a64yJo=/fit-in/150x150/filters:no_upscale():origin()/pre00/17f5/th/pre/i/2019/043/5/1/knight_paintup_2_by_raymondminnaar-dczkyjv.jpg" height="150" width="146"/>            <media:thumbnail url="https://t00.deviantart.net/v9l8pfwYP9e7z4l_DdgLfxVGspY=/fit-in/300x900/filters:no_upscale():origin()/pre00/17f5/th/pre/i/2019/043/5/1/knight_paintup_2_by_raymondminnaar-dczkyjv.jpg" height="307" width="300"/>            <media:thumbnail url="https://t00.deviantart.net/Z4oOqJ5jtxmutEZIy517q3qJRhI=/300x200/filters:fixed_height(100,100):origin()/pre00/17f5/th/pre/i/2019/043/5/1/knight_paintup_2_by_raymondminnaar-dczkyjv.jpg" height="200" width="195"/>            <media:content url="https://pre00.deviantart.net/17f5/th/pre/i/2019/043/5/1/knight_paintup_2_by_raymondminnaar-dczkyjv.jpg" height="905" width="883" medium="image"/>            
            <description>Backlog of old artwork&lt;br /&gt;&lt;div&gt;&lt;img src=&quot;https://t00.deviantart.net/Z4oOqJ5jtxmutEZIy517q3qJRhI=/300x200/filters:fixed_height(100,100):origin()/pre00/17f5/th/pre/i/2019/043/5/1/knight_paintup_2_by_raymondminnaar-dczkyjv.jpg&quot; alt=&quot;thumbnail&quot; /&gt;&lt;/div&gt;</description>            </item>
                    <item>
                <title>Portrait of Eleven</title>
                <link>https://lizapoly.deviantart.com/art/Portrait-of-Eleven-782109386</link>
                <guid isPermaLink="true">https://lizapoly.deviantart.com/art/Portrait-of-Eleven-782109386</guid>
                <pubDate>Mon, 21 Jan 2019 07:00:06 PST</pubDate>
                        <media:title type="plain">Portrait of Eleven</media:title>
        <media:keywords></media:keywords>
                        <media:rating>nonadult</media:rating>
                <media:category label="Portraits &amp; Figures">traditional/drawings/portraits</media:category>
        <media:credit role="author" scheme="urn:ebu">Lizapoly</media:credit>
        <media:credit role="author" scheme="urn:ebu">https://a.deviantart.net/avatars/l/i/lizapoly.jpg?5</media:credit>
        <media:copyright url="https://lizapoly.deviantart.com">Copyright 2019 Lizapoly</media:copyright>            <media:description type="html">Pastel pencils on pastel paper</media:description>            <media:thumbnail url="https://t00.deviantart.net/z-qdSpA7QqHYLtZTXC4IIoV3w3A=/fit-in/150x150/filters:no_upscale():origin()/pre00/8197/th/pre/i/2019/021/9/0/portrait_of_eleven_by_lizapoly-dcxnbgq.jpg" height="150" width="150"/>            <media:thumbnail url="https://t00.deviantart.net/Dl7ycPckSG-hkDRwj2RAWBL-ddM=/fit-in/300x900/filters:no_upscale():origin()/pre00/8197/th/pre/i/2019/021/9/0/portrait_of_eleven_by_lizapoly-dcxnbgq.jpg" height="300" width="300"/>            <media:thumbnail url="https://t00.deviantart.net/otT10vkksCLfGHXVPUa4T9XMeEo=/300x200/filters:fixed_height(100,100):origin()/pre00/8197/th/pre/i/2019/021/9/0/portrait_of_eleven_by_lizapoly-dcxnbgq.jpg" height="200" width="200"/>            <media:content url="https://pre00.deviantart.net/8197/th/pre/i/2019/021/9/0/portrait_of_eleven_by_lizapoly-dcxnbgq.jpg" height="895" width="893" medium="image"/>            
            <description>Pastel pencils on pastel paper&lt;br /&gt;&lt;div&gt;&lt;img src=&quot;https://t00.deviantart.net/otT10vkksCLfGHXVPUa4T9XMeEo=/300x200/filters:fixed_height(100,100):origin()/pre00/8197/th/pre/i/2019/021/9/0/portrait_of_eleven_by_lizapoly-dcxnbgq.jpg&quot; alt=&quot;thumbnail&quot; /&gt;&lt;/div&gt;</description>            </item>
                    <item>
                <title>never have i ever</title>
                <link>https://007-seriously-serial.deviantart.com/art/never-have-i-ever-781956346</link>
                <guid isPermaLink="true">https://007-seriously-serial.deviantart.com/art/never-have-i-ever-781956346</guid>
                <pubDate>Sun, 20 Jan 2019 08:05:24 PST</pubDate>
                        <media:title type="plain">never have i ever</media:title>
        <media:keywords></media:keywords>
                        <media:rating>nonadult</media:rating>
                <media:category label="Free Verse">literature/poetry/general/open</media:category>
        <media:credit role="author" scheme="urn:ebu">007-seriously-serial</media:credit>
        <media:credit role="author" scheme="urn:ebu">https://a.deviantart.net/avatars/0/0/007-seriously-serial.jpg?5</media:credit>
        <media:copyright url="https://007-seriously-serial.deviantart.com">Copyright 2019 007-seriously-serial</media:copyright>            <media:description type="html"></media:description>        

        <media:content url="https://007-seriously-serial.deviantart.com/art/never-have-i-ever-781956346" medium="document" />
        <media:text type="html">I never&lt;br /&gt;stand in the door way, &lt;br /&gt;lay in my allotment of sheets,&lt;br /&gt;look across the chew of greens and cutlery,&lt;br /&gt;staring very long. these moments bear me up &lt;br /&gt;through very long &lt;br /&gt;days and the sting of our own hot &lt;br /&gt;words. on the nights the sun goes &lt;br /&gt;down on us.</media:text>            
            <description></description>            </item>
                    <item>
                <title>Mirena</title>
                <link>https://amaranta-g.deviantart.com/art/Mirena-782241363</link>
                <guid isPermaLink="true">https://amaranta-g.deviantart.com/art/Mirena-782241363</guid>
                <pubDate>Tue, 22 Jan 2019 01:31:48 PST</pubDate>
                        <media:title type="plain">Mirena</media:title>
        <media:keywords></media:keywords>
                        <media:rating>nonadult</media:rating>
                <media:category label="People">digitalart/photomanip/people</media:category>
        <media:credit role="author" scheme="urn:ebu">Amaranta-G</media:credit>
        <media:credit role="author" scheme="urn:ebu">https://a.deviantart.net/avatars/a/m/amaranta-g.jpg?3</media:credit>
        <media:copyright url="https://amaranta-g.deviantart.com">Copyright 2019 Amaranta-G</media:copyright>             <creativeCommons:license>http://creativecommons.org/licenses/by-nc-nd/3.0/</creativeCommons:license>
                <media:description type="html">&lt;div align=&quot;center&quot;&gt;&lt;b&gt;OMG!&amp;nbsp;&lt;img src=&quot;https://e.deviantart.net/emoticons/o/omg.gif&quot; alt=&quot;OMG&quot; style=&quot;width: 15px; height: 15px;&quot; data-embed-type=&quot;emoticon&quot; data-embed-id=&quot;231&quot;&gt;&amp;nbsp;I received the biggest surprise today&amp;nbsp;&lt;img src=&quot;https://e.deviantart.net/emoticons/b/biggrin.gif&quot; alt=&quot;:D (Big Grin)&quot; style=&quot;width: 15px; height: 15px;&quot; data-embed-type=&quot;emoticon&quot; data-embed-id=&quot;366&quot;&gt;&amp;nbsp;Many thanks to &lt;a target=&quot;_self&quot; href=&quot;https://www.deviantart.com/placidanemia&quot; &gt;&lt;img class=&quot;avatar&quot; width=&quot;50&quot; height=&quot;50&quot; src=&quot;https://a.deviantart.net/avatars/p/l/placidanemia.jpg?5&quot; alt=&quot;:iconplacidanemia:&quot; title=&quot;PlacidAnemia&quot; /&gt;&lt;/a&gt; and &lt;a target=&quot;_self&quot; href=&quot;https://www.deviantart.com/gejda&quot; &gt;&lt;img class=&quot;avatar&quot; width=&quot;50&quot; height=&quot;50&quot; src=&quot;https://a.deviantart.net/avatars/g/e/gejda.png?13&quot; alt=&quot;:icongejda:&quot; title=&quot;Gejda&quot; /&gt;&lt;/a&gt; for this unexpected DD!!&amp;nbsp;&lt;img src=&quot;https://e.deviantart.net/emoticons/h/happybounce.gif&quot; alt=&quot;:happybounce:&quot; style=&quot;width: 17px; height: 23px;&quot; data-embed-type=&quot;emoticon&quot; data-embed-id=&quot;599&quot;&gt;&amp;nbsp;&amp;nbsp;&lt;br /&gt;&lt;br /&gt;&lt;br /&gt;&lt;img src=&quot;https://e.deviantart.net/emoticons/b/bulletblue.gif&quot; alt=&quot;Bullet; Blue&quot; style=&quot;width: 10px; height: 10px;&quot; data-embed-type=&quot;emoticon&quot; data-embed-id=&quot;211&quot;&gt;&amp;nbsp;&lt;img src=&quot;https://e.deviantart.net/emoticons/b/bulletblue.gif&quot; alt=&quot;Bullet; Blue&quot; style=&quot;width: 10px; height: 10px;&quot; data-embed-type=&quot;emoticon&quot; data-embed-id=&quot;211&quot;&gt;&amp;nbsp;&lt;img src=&quot;https://e.deviantart.net/emoticons/b/bulletblue.gif&quot; alt=&quot;Bullet; Blue&quot; style=&quot;width: 10px; height: 10px;&quot; data-embed-type=&quot;emoticon&quot; data-embed-id=&quot;211&quot;&gt;&amp;nbsp;&lt;img src=&quot;https://e.deviantart.net/emoticons/b/bulletblue.gif&quot; alt=&quot;Bullet; Blue&quot; style=&quot;width: 10px; height: 10px;&quot; data-embed-type=&quot;emoticon&quot; data-embed-id=&quot;211&quot;&gt;&amp;nbsp;&lt;img src=&quot;https://e.deviantart.net/emoticons/b/bulletblue.gif&quot; alt=&quot;Bullet; Blue&quot; style=&quot;width: 10px; height: 10px;&quot; data-embed-type=&quot;emoticon&quot; data-embed-id=&quot;211&quot;&gt;&amp;nbsp;&lt;img src=&quot;https://e.deviantart.net/emoticons/b/bulletblue.gif&quot; alt=&quot;Bullet; Blue&quot; style=&quot;width: 10px; height: 10px;&quot; data-embed-type=&quot;emoticon&quot; data-embed-id=&quot;211&quot;&gt;&amp;nbsp;&lt;br /&gt;&lt;br /&gt;I also want to thank &lt;a target=&quot;_self&quot; href=&quot;https://www.deviantart.com/rameexgfx&quot; &gt;&lt;img class=&quot;avatar&quot; width=&quot;50&quot; height=&quot;50&quot; src=&quot;https://a.deviantart.net/avatars/r/a/rameexgfx.gif?2&quot; alt=&quot;:iconrameexgfx:&quot; title=&quot;rameexgfx&quot; /&gt;&lt;/a&gt; for the fantastic interview he has given me for SDTutorials.&amp;nbsp;If you have interest, you can see it here:&amp;nbsp;&lt;a class=&quot;external&quot; href=&quot;https://www.deviantart.com/users/outgoing?https://sdtuts.com/interview-with-digital-artist-amaranta-gonzalez/&quot;&gt;sdtuts.com/interview-with-digi&amp;hellip;&lt;/a&gt; and if not, you can simply take a look through the page where there are really interesting things&amp;nbsp;&lt;img src=&quot;https://e.deviantart.net/emoticons/b/biggrin.gif&quot; alt=&quot;:D (Big Grin)&quot; style=&quot;width: 15px; height: 15px;&quot; data-embed-type=&quot;emoticon&quot; data-embed-id=&quot;366&quot;&gt;&amp;nbsp;&lt;br /&gt;&lt;br /&gt;&lt;br /&gt;&lt;img src=&quot;https://e.deviantart.net/emoticons/b/bulletblue.gif&quot; alt=&quot;Bullet; Blue&quot; style=&quot;width: 10px; height: 10px;&quot; data-embed-type=&quot;emoticon&quot; data-embed-id=&quot;211&quot;&gt;&amp;nbsp;&lt;img src=&quot;https://e.deviantart.net/emoticons/b/bulletblue.gif&quot; alt=&quot;Bullet; Blue&quot; style=&quot;width: 10px; height: 10px;&quot; data-embed-type=&quot;emoticon&quot; data-embed-id=&quot;211&quot;&gt;&amp;nbsp;&lt;img src=&quot;https://e.deviantart.net/emoticons/b/bulletblue.gif&quot; alt=&quot;Bullet; Blue&quot; style=&quot;width: 10px; height: 10px;&quot; data-embed-type=&quot;emoticon&quot; data-embed-id=&quot;211&quot;&gt;&amp;nbsp;&lt;img src=&quot;https://e.deviantart.net/emoticons/b/bulletblue.gif&quot; alt=&quot;Bullet; Blue&quot; style=&quot;width: 10px; height: 10px;&quot; data-embed-type=&quot;emoticon&quot; data-embed-id=&quot;211&quot;&gt;&amp;nbsp;&lt;img src=&quot;https://e.deviantart.net/emoticons/b/bulletblue.gif&quot; alt=&quot;Bullet; Blue&quot; style=&quot;width: 10px; height: 10px;&quot; data-embed-type=&quot;emoticon&quot; data-embed-id=&quot;211&quot;&gt;&amp;nbsp;&lt;img src=&quot;https://e.deviantart.net/emoticons/b/bulletblue.gif&quot; alt=&quot;Bullet; Blue&quot; style=&quot;width: 10px; height: 10px;&quot; data-embed-type=&quot;emoticon&quot; data-embed-id=&quot;211&quot;&gt;&amp;nbsp;&lt;br /&gt;&lt;br /&gt;&lt;br /&gt;Credits:&lt;/b&gt;&lt;br /&gt;&lt;br /&gt;&lt;a href=&quot;http://fav.me/dckmf4x&quot;&gt;fav.me/dckmf4x&lt;/a&gt; by &lt;a target=&quot;_self&quot; href=&quot;https://www.deviantart.com/silenceinsilver&quot; &gt;&lt;img class=&quot;avatar&quot; width=&quot;50&quot; height=&quot;50&quot; src=&quot;https://a.deviantart.net/avatars/s/i/silenceinsilver.jpg?5&quot; alt=&quot;:iconsilenceinsilver:&quot; title=&quot;SilenceInSilver&quot; /&gt;&lt;/a&gt;;&amp;nbsp;&lt;a href=&quot;http://fav.me/dc9tv8a&quot;&gt;fav.me/dc9tv8a&lt;/a&gt; by &lt;a target=&quot;_self&quot; href=&quot;https://www.deviantart.com/jean52&quot; &gt;&lt;img class=&quot;avatar&quot; width=&quot;50&quot; height=&quot;50&quot; src=&quot;https://a.deviantart.net/avatars/j/e/jean52.jpg?6&quot; alt=&quot;:iconjean52:&quot; title=&quot;Jean52&quot; /&gt;&lt;/a&gt;&lt;br /&gt;&lt;br /&gt;&lt;br /&gt;&lt;b&gt;The rest is painted and my own resources.&lt;/b&gt;&lt;br /&gt;&lt;br /&gt;&lt;br /&gt;&lt;br /&gt;&lt;div align=&quot;left&quot;&gt;&lt;i&gt;&amp;#169; Amaranta-G.&lt;br /&gt;&lt;br /&gt;My work doesn&#039;t belong to the public domain, don&#039;t claim my work as your own. &amp;nbsp;&lt;br /&gt;It can not be reproduced, copied, edited, transmitted or sold without my express permission.&lt;br /&gt;&lt;span&gt;Registered and protected by copyrighted.com, author&#039;s number:&amp;nbsp;&lt;/span&gt;&lt;span&gt;LdJZ7yQjgMJvMh6d&lt;/span&gt;&lt;/i&gt;&lt;br /&gt;&lt;br /&gt;&lt;a class=&quot;external&quot; href=&quot;https://www.deviantart.com/users/outgoing?https://www.facebook.com/AmarantaG.Designs/&quot;&gt;Facebook&lt;/a&gt;&lt;br /&gt;&lt;br /&gt;&lt;a class=&quot;external&quot; href=&quot;https://www.deviantart.com/users/outgoing?https://www.instagram.com/amarantagdesings&quot;&gt;Instagram&lt;/a&gt;&lt;br /&gt;&lt;br /&gt;&lt;a class=&quot;external&quot; href=&quot;https://www.deviantart.com/users/outgoing?https://www.artstation.com/amaranta-g&quot;&gt;ArtStation&lt;/a&gt;&lt;/div&gt;&lt;/div&gt;</media:description>            <media:thumbnail url="https://t00.deviantart.net/qZYaoJ4QVddNJ9AWmGDBkV0ND1E=/fit-in/150x150/filters:no_upscale():origin()/pre00/9a01/th/pre/i/2019/022/4/1/mirena_by_amaranta_g-dcxq5ar.jpg" height="117" width="150"/>            <media:thumbnail url="https://t00.deviantart.net/GQJ5VPSyXAXSuapXE386X05a6k4=/fit-in/300x900/filters:no_upscale():origin()/pre00/9a01/th/pre/i/2019/022/4/1/mirena_by_amaranta_g-dcxq5ar.jpg" height="234" width="300"/>            <media:thumbnail url="https://t00.deviantart.net/jnm5kWzc4B_C2GzmM3b1o1hMlBc=/300x200/filters:fixed_height(100,100):origin()/pre00/9a01/th/pre/i/2019/022/4/1/mirena_by_amaranta_g-dcxq5ar.jpg" height="200" width="257"/>            <media:content url="https://pre00.deviantart.net/9a01/th/pre/i/2019/022/4/1/mirena_by_amaranta_g-dcxq5ar.jpg" height="789" width="1012" medium="image"/>            
            <description>&lt;div align=&quot;center&quot;&gt;&lt;b&gt;OMG!&amp;nbsp;&lt;img src=&quot;https://e.deviantart.net/emoticons/o/omg.gif&quot; alt=&quot;OMG&quot; style=&quot;width: 15px; height: 15px;&quot; data-embed-type=&quot;emoticon&quot; data-embed-id=&quot;231&quot;&gt;&amp;nbsp;I received the biggest surprise today&amp;nbsp;&lt;img src=&quot;https://e.deviantart.net/emoticons/b/biggrin.gif&quot; alt=&quot;:D (Big Grin)&quot; style=&quot;width: 15px; height: 15px;&quot; data-embed-type=&quot;emoticon&quot; data-embed-id=&quot;366&quot;&gt;&amp;nbsp;Many thanks to &lt;a target=&quot;_self&quot; href=&quot;https://www.deviantart.com/placidanemia&quot; &gt;&lt;img class=&quot;avatar&quot; width=&quot;50&quot; height=&quot;50&quot; src=&quot;https://a.deviantart.net/avatars/p/l/placidanemia.jpg?5&quot; alt=&quot;:iconplacidanemia:&quot; title=&quot;PlacidAnemia&quot; /&gt;&lt;/a&gt; and &lt;a target=&quot;_self&quot; href=&quot;https://www.deviantart.com/gejda&quot; &gt;&lt;img class=&quot;avatar&quot; width=&quot;50&quot; height=&quot;50&quot; src=&quot;https://a.deviantart.net/avatars/g/e/gejda.png?13&quot; alt=&quot;:icongejda:&quot; title=&quot;Gejda&quot; /&gt;&lt;/a&gt; for this unexpected DD!!&amp;nbsp;&lt;img src=&quot;https://e.deviantart.net/emoticons/h/happybounce.gif&quot; alt=&quot;:happybounce:&quot; style=&quot;width: 17px; height: 23px;&quot; data-embed-type=&quot;emoticon&quot; data-embed-id=&quot;599&quot;&gt;&amp;nbsp;&amp;nbsp;&lt;br /&gt;&lt;br /&gt;&lt;br /&gt;&lt;img src=&quot;https://e.deviantart.net/emoticons/b/bulletblue.gif&quot; alt=&quot;Bullet; Blue&quot; style=&quot;width: 10px; height: 10px;&quot; data-embed-type=&quot;emoticon&quot; data-embed-id=&quot;211&quot;&gt;&amp;nbsp;&lt;img src=&quot;https://e.deviantart.net/emoticons/b/bulletblue.gif&quot; alt=&quot;Bullet; Blue&quot; style=&quot;width: 10px; height: 10px;&quot; data-embed-type=&quot;emoticon&quot; data-embed-id=&quot;211&quot;&gt;&amp;nbsp;&lt;img src=&quot;https://e.deviantart.net/emoticons/b/bulletblue.gif&quot; alt=&quot;Bullet; Blue&quot; style=&quot;width: 10px; height: 10px;&quot; data-embed-type=&quot;emoticon&quot; data-embed-id=&quot;211&quot;&gt;&amp;nbsp;&lt;img src=&quot;https://e.deviantart.net/emoticons/b/bulletblue.gif&quot; alt=&quot;Bullet; Blue&quot; style=&quot;width: 10px; height: 10px;&quot; data-embed-type=&quot;emoticon&quot; data-embed-id=&quot;211&quot;&gt;&amp;nbsp;&lt;img src=&quot;https://e.deviantart.net/emoticons/b/bulletblue.gif&quot; alt=&quot;Bullet; Blue&quot; style=&quot;width: 10px; height: 10px;&quot; data-embed-type=&quot;emoticon&quot; data-embed-id=&quot;211&quot;&gt;&amp;nbsp;&lt;img src=&quot;https://e.deviantart.net/emoticons/b/bulletblue.gif&quot; alt=&quot;Bullet; Blue&quot; style=&quot;width: 10px; height: 10px;&quot; data-embed-type=&quot;emoticon&quot; data-embed-id=&quot;211&quot;&gt;&amp;nbsp;&lt;br /&gt;&lt;br /&gt;I also want to thank &lt;a target=&quot;_self&quot; href=&quot;https://www.deviantart.com/rameexgfx&quot; &gt;&lt;img class=&quot;avatar&quot; width=&quot;50&quot; height=&quot;50&quot; src=&quot;https://a.deviantart.net/avatars/r/a/rameexgfx.gif?2&quot; alt=&quot;:iconrameexgfx:&quot; title=&quot;rameexgfx&quot; /&gt;&lt;/a&gt; for the fantastic interview he has given me for SDTutorials.&amp;nbsp;If you have interest, you can see it here:&amp;nbsp;&lt;a class=&quot;external&quot; href=&quot;https://www.deviantart.com/users/outgoing?https://sdtuts.com/interview-with-digital-artist-amaranta-gonzalez/&quot;&gt;sdtuts.com/interview-with-digi&amp;hellip;&lt;/a&gt; and if not, you can simply take a look through the page where there are really interesting things&amp;nbsp;&lt;img src=&quot;https://e.deviantart.net/emoticons/b/biggrin.gif&quot; alt=&quot;:D (Big Grin)&quot; style=&quot;width: 15px; height: 15px;&quot; data-embed-type=&quot;emoticon&quot; data-embed-id=&quot;366&quot;&gt;&amp;nbsp;&lt;br /&gt;&lt;br /&gt;&lt;br /&gt;&lt;img src=&quot;https://e.deviantart.net/emoticons/b/bulletblue.gif&quot; alt=&quot;Bullet; Blue&quot; style=&quot;width: 10px; height: 10px;&quot; data-embed-type=&quot;emoticon&quot; data-embed-id=&quot;211&quot;&gt;&amp;nbsp;&lt;img src=&quot;https://e.deviantart.net/emoticons/b/bulletblue.gif&quot; alt=&quot;Bullet; Blue&quot; style=&quot;width: 10px; height: 10px;&quot; data-embed-type=&quot;emoticon&quot; data-embed-id=&quot;211&quot;&gt;&amp;nbsp;&lt;img src=&quot;https://e.deviantart.net/emoticons/b/bulletblue.gif&quot; alt=&quot;Bullet; Blue&quot; style=&quot;width: 10px; height: 10px;&quot; data-embed-type=&quot;emoticon&quot; data-embed-id=&quot;211&quot;&gt;&amp;nbsp;&lt;img src=&quot;https://e.deviantart.net/emoticons/b/bulletblue.gif&quot; alt=&quot;Bullet; Blue&quot; style=&quot;width: 10px; height: 10px;&quot; data-embed-type=&quot;emoticon&quot; data-embed-id=&quot;211&quot;&gt;&amp;nbsp;&lt;img src=&quot;https://e.deviantart.net/emoticons/b/bulletblue.gif&quot; alt=&quot;Bullet; Blue&quot; style=&quot;width: 10px; height: 10px;&quot; data-embed-type=&quot;emoticon&quot; data-embed-id=&quot;211&quot;&gt;&amp;nbsp;&lt;img src=&quot;https://e.deviantart.net/emoticons/b/bulletblue.gif&quot; alt=&quot;Bullet; Blue&quot; style=&quot;width: 10px; height: 10px;&quot; data-embed-type=&quot;emoticon&quot; data-embed-id=&quot;211&quot;&gt;&amp;nbsp;&lt;br /&gt;&lt;br /&gt;&lt;br /&gt;Credits:&lt;/b&gt;&lt;br /&gt;&lt;br /&gt;&lt;a href=&quot;http://fav.me/dckmf4x&quot;&gt;fav.me/dckmf4x&lt;/a&gt; by &lt;a target=&quot;_self&quot; href=&quot;https://www.deviantart.com/silenceinsilver&quot; &gt;&lt;img class=&quot;avatar&quot; width=&quot;50&quot; height=&quot;50&quot; src=&quot;https://a.deviantart.net/avatars/s/i/silenceinsilver.jpg?5&quot; alt=&quot;:iconsilenceinsilver:&quot; title=&quot;SilenceInSilver&quot; /&gt;&lt;/a&gt;;&amp;nbsp;&lt;a href=&quot;http://fav.me/dc9tv8a&quot;&gt;fav.me/dc9tv8a&lt;/a&gt; by &lt;a target=&quot;_self&quot; href=&quot;https://www.deviantart.com/jean52&quot; &gt;&lt;img class=&quot;avatar&quot; width=&quot;50&quot; height=&quot;50&quot; src=&quot;https://a.deviantart.net/avatars/j/e/jean52.jpg?6&quot; alt=&quot;:iconjean52:&quot; title=&quot;Jean52&quot; /&gt;&lt;/a&gt;&lt;br /&gt;&lt;br /&gt;&lt;br /&gt;&lt;b&gt;The rest is painted and my own resources.&lt;/b&gt;&lt;br /&gt;&lt;br /&gt;&lt;br /&gt;&lt;br /&gt;&lt;div align=&quot;left&quot;&gt;&lt;i&gt;&amp;#169; Amaranta-G.&lt;br /&gt;&lt;br /&gt;My work doesn&#039;t belong to the public domain, don&#039;t claim my work as your own. &amp;nbsp;&lt;br /&gt;It can not be reproduced, copied, edited, transmitted or sold without my express permission.&lt;br /&gt;&lt;span&gt;Registered and protected by copyrighted.com, author&#039;s number:&amp;nbsp;&lt;/span&gt;&lt;span&gt;LdJZ7yQjgMJvMh6d&lt;/span&gt;&lt;/i&gt;&lt;br /&gt;&lt;br /&gt;&lt;a class=&quot;external&quot; href=&quot;https://www.deviantart.com/users/outgoing?https://www.facebook.com/AmarantaG.Designs/&quot;&gt;Facebook&lt;/a&gt;&lt;br /&gt;&lt;br /&gt;&lt;a class=&quot;external&quot; href=&quot;https://www.deviantart.com/users/outgoing?https://www.instagram.com/amarantagdesings&quot;&gt;Instagram&lt;/a&gt;&lt;br /&gt;&lt;br /&gt;&lt;a class=&quot;external&quot; href=&quot;https://www.deviantart.com/users/outgoing?https://www.artstation.com/amaranta-g&quot;&gt;ArtStation&lt;/a&gt;&lt;/div&gt;&lt;/div&gt;&lt;br /&gt;&lt;div&gt;&lt;img src=&quot;https://t00.deviantart.net/jnm5kWzc4B_C2GzmM3b1o1hMlBc=/300x200/filters:fixed_height(100,100):origin()/pre00/9a01/th/pre/i/2019/022/4/1/mirena_by_amaranta_g-dcxq5ar.jpg&quot; alt=&quot;thumbnail&quot; /&gt;&lt;/div&gt;</description>            </item>
                    <item>
                <title>Land Under the Flames concept - Hated Mountain</title>
                <link>https://darkmechanic.deviantart.com/art/Land-Under-the-Flames-concept-Hated-Mountain-783131931</link>
                <guid isPermaLink="true">https://darkmechanic.deviantart.com/art/Land-Under-the-Flames-concept-Hated-Mountain-783131931</guid>
                <pubDate>Mon, 28 Jan 2019 06:58:25 PST</pubDate>
                        <media:title type="plain">Land Under the Flames concept - Hated Mountain</media:title>
        <media:keywords></media:keywords>
                        <media:rating>nonadult</media:rating>
                <media:category label="Fantasy">digitalart/mixedmed/fantasy</media:category>
        <media:credit role="author" scheme="urn:ebu">DarkMechanic</media:credit>
        <media:credit role="author" scheme="urn:ebu">https://a.deviantart.net/avatars/d/a/darkmechanic.jpg?8</media:credit>
        <media:copyright url="https://darkmechanic.deviantart.com">Copyright 2019 DarkMechanic</media:copyright>
            <media:community>
                <media:tags>@DarkMechanic</media:tags>
            </media:community>            <media:description type="html">&lt;span&gt;I worked as a concept artist for the Land Under the Flames RPG, working on a &#039;Volcano-Punk&#039; theme, which was a pretty enjoyable job.&lt;br /&gt;&lt;br /&gt;&lt;/span&gt;(Just looking at this again now, I could of filled the front of the snake in with black, probably would of been a more effective image!)&lt;br /&gt;&lt;br /&gt;&lt;span&gt;The Kickstarter is now &lt;/span&gt;finished, but for those interested in knowing more, and&amp;nbsp;want to be involved in the next crowdfunding campaign, we have a discord - &lt;a class=&quot;external&quot; href=&quot;https://www.deviantart.com/users/outgoing?https://discord.gg/TDcn2e&quot;&gt;discord.gg/TDcn2e&lt;/a&gt; and a Twitter - &lt;a class=&quot;external&quot; href=&quot;https://www.deviantart.com/users/outgoing?https://twitter.com/landunderflames&quot;&gt;twitter.com/landunderflames&lt;/a&gt;</media:description>            <media:thumbnail url="https://t00.deviantart.net/ofDOZ6KKzuwCvvE0ttFjxFFLs6w=/fit-in/150x150/filters:no_upscale():origin()/pre00/da39/th/pre/i/2019/028/1/7/land_under_the_flames_concept___hated_mountain_by_darkmechanic-dcy98gr.jpg" height="106" width="150"/>            <media:thumbnail url="https://t00.deviantart.net/6jKdT5IuUWzMALuWuaBJWDdmtYA=/fit-in/300x900/filters:no_upscale():origin()/pre00/da39/th/pre/i/2019/028/1/7/land_under_the_flames_concept___hated_mountain_by_darkmechanic-dcy98gr.jpg" height="212" width="300"/>            <media:thumbnail url="https://t00.deviantart.net/W47Ckmd3H82O8_59F4UVrGdhLP8=/300x200/filters:fixed_height(100,100):origin()/pre00/da39/th/pre/i/2019/028/1/7/land_under_the_flames_concept___hated_mountain_by_darkmechanic-dcy98gr.jpg" height="200" width="283"/>            <media:content url="https://pre00.deviantart.net/da39/th/pre/i/2019/028/1/7/land_under_the_flames_concept___hated_mountain_by_darkmechanic-dcy98gr.jpg" height="752" width="1063" medium="image"/>            
            <description>&lt;span&gt;I worked as a concept artist for the Land Under the Flames RPG, working on a &#039;Volcano-Punk&#039; theme, which was a pretty enjoyable job.&lt;br /&gt;&lt;br /&gt;&lt;/span&gt;(Just looking at this again now, I could of filled the front of the snake in with black, probably would of been a more effective image!)&lt;br /&gt;&lt;br /&gt;&lt;span&gt;The Kickstarter is now &lt;/span&gt;finished, but for those interested in knowing more, and&amp;nbsp;want to be involved in the next crowdfunding campaign, we have a discord - &lt;a class=&quot;external&quot; href=&quot;https://www.deviantart.com/users/outgoing?https://discord.gg/TDcn2e&quot;&gt;discord.gg/TDcn2e&lt;/a&gt; and a Twitter - &lt;a class=&quot;external&quot; href=&quot;https://www.deviantart.com/users/outgoing?https://twitter.com/landunderflames&quot;&gt;twitter.com/landunderflames&lt;/a&gt;&lt;br /&gt;&lt;div&gt;&lt;img src=&quot;https://t00.deviantart.net/W47Ckmd3H82O8_59F4UVrGdhLP8=/300x200/filters:fixed_height(100,100):origin()/pre00/da39/th/pre/i/2019/028/1/7/land_under_the_flames_concept___hated_mountain_by_darkmechanic-dcy98gr.jpg&quot; alt=&quot;thumbnail&quot; /&gt;&lt;/div&gt;</description>            </item>
                    <item>
                <title>Traveling Friend</title>
                <link>https://zagiir.deviantart.com/art/Traveling-Friend-783676234</link>
                <guid isPermaLink="true">https://zagiir.deviantart.com/art/Traveling-Friend-783676234</guid>
                <pubDate>Sat, 02 Feb 2019 03:53:27 PST</pubDate>
                        <media:title type="plain">Traveling Friend</media:title>
        <media:keywords></media:keywords>
                        <media:rating>nonadult</media:rating>
                <media:category label="Fantasy">digitalart/paintings/fantasy</media:category>
        <media:credit role="author" scheme="urn:ebu">zagiir</media:credit>
        <media:credit role="author" scheme="urn:ebu">https://a.deviantart.net/avatars/z/a/zagiir.gif?5</media:credit>
        <media:copyright url="https://zagiir.deviantart.com">Copyright 2019 zagiir</media:copyright>            <media:description type="html">&lt;div align=&quot;center&quot;&gt;Art trade with &lt;span class=&quot;username-with-symbol u&quot;&gt;&lt;a class=&quot;u beta username&quot; href=&quot;https://www.deviantart.com/eskoniss&quot;&gt;Eskoniss&lt;/a&gt;&lt;span class=&quot;user-symbol beta&quot; data-quicktip-text=&quot;Beta Tester&quot; data-show-tooltip=&quot;1&quot; data-gruser-type=&quot;beta&quot;&gt;&lt;/span&gt;&lt;/span&gt;&amp;nbsp;&lt;br /&gt;Their part here &amp;lt;3&lt;br /&gt;&lt;span class=&quot;shadow-holder&quot; data-embed-type=&quot;deviation&quot; data-embed-id=&quot;783523490&quot; data-embed-format=&quot;thumb&quot;&gt;&lt;span class=&quot;shadow mild&quot; &gt;&lt;a class=&quot;thumb&quot; href=&quot;https://www.deviantart.com/eskoniss/art/Zagiir-art-trade-783523490&quot; title=&quot;Zagiir (art trade) by Eskoniss, Jan 30, 2019 in Digital Art &amp;gt; Drawings &amp;amp; Paintings &amp;gt; Fantasy&quot;data-super-img=&quot;https://images-wixmp-ed30a86b8c4ca887773594c2.wixmp.com/intermediary/f/f7bbe938-7147-45dc-a8a5-5e1cbb1ba8f0/dcyhmle-e60fc95f-e619-48e9-9db0-2d741168062d.png/v1/fill/w_1063,h_752,q_70,strp/zagiir__art_trade__by_eskoniss_dcyhmle-pre.jpg&quot; data-super-width=&quot;1063&quot; data-super-height=&quot;752&quot; data-super-transparent=&quot;false&quot; data-super-alt=&quot;Zagiir (art trade) by Eskoniss&quot; data-super-full-img=&quot;https://images-wixmp-ed30a86b8c4ca887773594c2.wixmp.com/intermediary/f/f7bbe938-7147-45dc-a8a5-5e1cbb1ba8f0/dcyhmle-e60fc95f-e619-48e9-9db0-2d741168062d.png/v1/fill/w_1280,h_906,q_80,strp/zagiir__art_trade__by_eskoniss_dcyhmle-fullview.jpg&quot; data-super-full-width=&quot;1280&quot; data-super-full-height=&quot;906&quot;        data-sigil=&quot;thumb&quot;&gt;
        &lt;i&gt;&lt;/i&gt;&lt;img   width=&quot;150&quot; height=&quot;106&quot; alt=&quot;Zagiir (art trade) by Eskoniss&quot; src=&quot;https://images-wixmp-ed30a86b8c4ca887773594c2.wixmp.com/intermediary/f/f7bbe938-7147-45dc-a8a5-5e1cbb1ba8f0/dcyhmle-e60fc95f-e619-48e9-9db0-2d741168062d.png/v1/fit/w_150,h_150,q_70,strp/zagiir__art_trade__by_eskoniss_dcyhmle-150.jpg&quot; data-src=&quot;https://images-wixmp-ed30a86b8c4ca887773594c2.wixmp.com/intermediary/f/f7bbe938-7147-45dc-a8a5-5e1cbb1ba8f0/dcyhmle-e60fc95f-e619-48e9-9db0-2d741168062d.png/v1/fit/w_150,h_150,q_70,strp/zagiir__art_trade__by_eskoniss_dcyhmle-150.jpg&quot; srcset=&quot;https://images-wixmp-ed30a86b8c4ca887773594c2.wixmp.com/intermediary/f/f7bbe938-7147-45dc-a8a5-5e1cbb1ba8f0/dcyhmle-e60fc95f-e619-48e9-9db0-2d741168062d.png/v1/fit/w_150,h_150,q_70,strp/zagiir__art_trade__by_eskoniss_dcyhmle-150.jpg 150w,https://images-wixmp-ed30a86b8c4ca887773594c2.wixmp.com/intermediary/f/f7bbe938-7147-45dc-a8a5-5e1cbb1ba8f0/dcyhmle-e60fc95f-e619-48e9-9db0-2d741168062d.png/v1/fill/w_354,h_250,q_70,strp/zagiir__art_trade__by_eskoniss_dcyhmle-250t.jpg 353w,https://images-wixmp-ed30a86b8c4ca887773594c2.wixmp.com/intermediary/f/f7bbe938-7147-45dc-a8a5-5e1cbb1ba8f0/dcyhmle-e60fc95f-e619-48e9-9db0-2d741168062d.png/v1/fill/w_495,h_350,q_70,strp/zagiir__art_trade__by_eskoniss_dcyhmle-350t.jpg 494w,https://images-wixmp-ed30a86b8c4ca887773594c2.wixmp.com/intermediary/f/f7bbe938-7147-45dc-a8a5-5e1cbb1ba8f0/dcyhmle-e60fc95f-e619-48e9-9db0-2d741168062d.png/v1/fill/w_566,h_400,q_70,strp/zagiir__art_trade__by_eskoniss_dcyhmle-400t.jpg 565w,https://images-wixmp-ed30a86b8c4ca887773594c2.wixmp.com/intermediary/f/f7bbe938-7147-45dc-a8a5-5e1cbb1ba8f0/dcyhmle-e60fc95f-e619-48e9-9db0-2d741168062d.png/v1/fill/w_1063,h_752,q_70,strp/zagiir__art_trade__by_eskoniss_dcyhmle-pre.jpg 1063w&quot; sizes=&quot;150px&quot;&gt;&lt;/a&gt;&lt;/span&gt;&lt;!-- ^TTT --&gt;&lt;!-- TTT$ --&gt;&lt;/span&gt;&lt;br /&gt;&lt;br /&gt;&lt;br /&gt;(That bird is actually zagiir&#039;s pet &amp;lt;3 Will explain more later ;v; )&lt;br /&gt;&lt;br /&gt;Art &amp;#169; &lt;a target=&quot;_self&quot; href=&quot;https://www.deviantart.com/zagiir&quot; &gt;&lt;img class=&quot;avatar&quot; width=&quot;50&quot; height=&quot;50&quot; src=&quot;https://a.deviantart.net/avatars/z/a/zagiir.png?1&quot; alt=&quot;:iconzagiir:&quot; title=&quot;zagiir&quot; /&gt;&lt;/a&gt;&lt;br /&gt;Character &amp;#169; &lt;a target=&quot;_self&quot; href=&quot;https://www.deviantart.com/eskoniss&quot; &gt;&lt;img class=&quot;avatar&quot; width=&quot;50&quot; height=&quot;50&quot; src=&quot;https://a.deviantart.net/avatars/e/s/eskoniss.gif?9&quot; alt=&quot;:iconeskoniss:&quot; title=&quot;Eskoniss&quot; /&gt;&lt;/a&gt;&lt;br /&gt;&lt;a target=&quot;_self&quot; href=&quot;https://www.deviantart.com/donotuseplz&quot; &gt;&lt;img class=&quot;avatar&quot; width=&quot;50&quot; height=&quot;50&quot; src=&quot;https://a.deviantart.net/avatars/d/o/donotuseplz.gif?2&quot; alt=&quot;:icondonotuseplz:&quot; title=&quot;DoNotUsePlz&quot; /&gt;&lt;/a&gt;&lt;a target=&quot;_self&quot; href=&quot;https://www.deviantart.com/myartplz&quot; &gt;&lt;img class=&quot;avatar&quot; width=&quot;50&quot; height=&quot;50&quot; src=&quot;https://a.deviantart.net/avatars/m/y/myartplz.gif?2&quot; alt=&quot;:iconmyartplz:&quot; title=&quot;MyArtPlz&quot; /&gt;&lt;/a&gt;&lt;br /&gt;&lt;sub&gt;Unless you are the owner of this character.&lt;/sub&gt;&lt;br /&gt;&lt;br /&gt;&lt;br /&gt;&lt;/div&gt;</media:description>            <media:thumbnail url="https://t00.deviantart.net/eXGj4Ba3V1gOcd0bO_LYBg3ownI=/fit-in/150x150/filters:no_upscale():origin()/pre00/46b3/th/pre/i/2019/033/7/9/traveling_friend_by_zagiir-dcykwga.png" height="103" width="150"/>            <media:thumbnail url="https://t00.deviantart.net/JkDxajZRLMVWHp_8UXwXTBDBsG0=/fit-in/300x900/filters:no_upscale():origin()/pre00/46b3/th/pre/i/2019/033/7/9/traveling_friend_by_zagiir-dcykwga.png" height="205" width="300"/>            <media:thumbnail url="https://t00.deviantart.net/X5g15hpe-A7UaXD0u-rI3_ZmF-o=/300x200/filters:fixed_height(100,100):origin()/pre00/46b3/th/pre/i/2019/033/7/9/traveling_friend_by_zagiir-dcykwga.png" height="200" width="292"/>            <media:content url="https://img00.deviantart.net/47b4/i/2019/033/7/9/traveling_friend_by_zagiir-dcykwga.png" height="701" width="1024" medium="image"/>            
            <description>&lt;div align=&quot;center&quot;&gt;Art trade with &lt;span class=&quot;username-with-symbol u&quot;&gt;&lt;a class=&quot;u beta username&quot; href=&quot;https://www.deviantart.com/eskoniss&quot;&gt;Eskoniss&lt;/a&gt;&lt;span class=&quot;user-symbol beta&quot; data-quicktip-text=&quot;Beta Tester&quot; data-show-tooltip=&quot;1&quot; data-gruser-type=&quot;beta&quot;&gt;&lt;/span&gt;&lt;/span&gt;&amp;nbsp;&lt;br /&gt;Their part here &amp;lt;3&lt;br /&gt;&lt;span class=&quot;shadow-holder&quot; data-embed-type=&quot;deviation&quot; data-embed-id=&quot;783523490&quot; data-embed-format=&quot;thumb&quot;&gt;&lt;span class=&quot;shadow mild&quot; &gt;&lt;a class=&quot;thumb&quot; href=&quot;https://www.deviantart.com/eskoniss/art/Zagiir-art-trade-783523490&quot; title=&quot;Zagiir (art trade) by Eskoniss, Jan 30, 2019 in Digital Art &amp;gt; Drawings &amp;amp; Paintings &amp;gt; Fantasy&quot;data-super-img=&quot;https://images-wixmp-ed30a86b8c4ca887773594c2.wixmp.com/intermediary/f/f7bbe938-7147-45dc-a8a5-5e1cbb1ba8f0/dcyhmle-e60fc95f-e619-48e9-9db0-2d741168062d.png/v1/fill/w_1063,h_752,q_70,strp/zagiir__art_trade__by_eskoniss_dcyhmle-pre.jpg&quot; data-super-width=&quot;1063&quot; data-super-height=&quot;752&quot; data-super-transparent=&quot;false&quot; data-super-alt=&quot;Zagiir (art trade) by Eskoniss&quot; data-super-full-img=&quot;https://images-wixmp-ed30a86b8c4ca887773594c2.wixmp.com/intermediary/f/f7bbe938-7147-45dc-a8a5-5e1cbb1ba8f0/dcyhmle-e60fc95f-e619-48e9-9db0-2d741168062d.png/v1/fill/w_1280,h_906,q_80,strp/zagiir__art_trade__by_eskoniss_dcyhmle-fullview.jpg&quot; data-super-full-width=&quot;1280&quot; data-super-full-height=&quot;906&quot;        data-sigil=&quot;thumb&quot;&gt;
        &lt;i&gt;&lt;/i&gt;&lt;img   width=&quot;150&quot; height=&quot;106&quot; alt=&quot;Zagiir (art trade) by Eskoniss&quot; src=&quot;https://images-wixmp-ed30a86b8c4ca887773594c2.wixmp.com/intermediary/f/f7bbe938-7147-45dc-a8a5-5e1cbb1ba8f0/dcyhmle-e60fc95f-e619-48e9-9db0-2d741168062d.png/v1/fit/w_150,h_150,q_70,strp/zagiir__art_trade__by_eskoniss_dcyhmle-150.jpg&quot; data-src=&quot;https://images-wixmp-ed30a86b8c4ca887773594c2.wixmp.com/intermediary/f/f7bbe938-7147-45dc-a8a5-5e1cbb1ba8f0/dcyhmle-e60fc95f-e619-48e9-9db0-2d741168062d.png/v1/fit/w_150,h_150,q_70,strp/zagiir__art_trade__by_eskoniss_dcyhmle-150.jpg&quot; srcset=&quot;https://images-wixmp-ed30a86b8c4ca887773594c2.wixmp.com/intermediary/f/f7bbe938-7147-45dc-a8a5-5e1cbb1ba8f0/dcyhmle-e60fc95f-e619-48e9-9db0-2d741168062d.png/v1/fit/w_150,h_150,q_70,strp/zagiir__art_trade__by_eskoniss_dcyhmle-150.jpg 150w,https://images-wixmp-ed30a86b8c4ca887773594c2.wixmp.com/intermediary/f/f7bbe938-7147-45dc-a8a5-5e1cbb1ba8f0/dcyhmle-e60fc95f-e619-48e9-9db0-2d741168062d.png/v1/fill/w_354,h_250,q_70,strp/zagiir__art_trade__by_eskoniss_dcyhmle-250t.jpg 353w,https://images-wixmp-ed30a86b8c4ca887773594c2.wixmp.com/intermediary/f/f7bbe938-7147-45dc-a8a5-5e1cbb1ba8f0/dcyhmle-e60fc95f-e619-48e9-9db0-2d741168062d.png/v1/fill/w_495,h_350,q_70,strp/zagiir__art_trade__by_eskoniss_dcyhmle-350t.jpg 494w,https://images-wixmp-ed30a86b8c4ca887773594c2.wixmp.com/intermediary/f/f7bbe938-7147-45dc-a8a5-5e1cbb1ba8f0/dcyhmle-e60fc95f-e619-48e9-9db0-2d741168062d.png/v1/fill/w_566,h_400,q_70,strp/zagiir__art_trade__by_eskoniss_dcyhmle-400t.jpg 565w,https://images-wixmp-ed30a86b8c4ca887773594c2.wixmp.com/intermediary/f/f7bbe938-7147-45dc-a8a5-5e1cbb1ba8f0/dcyhmle-e60fc95f-e619-48e9-9db0-2d741168062d.png/v1/fill/w_1063,h_752,q_70,strp/zagiir__art_trade__by_eskoniss_dcyhmle-pre.jpg 1063w&quot; sizes=&quot;150px&quot;&gt;&lt;/a&gt;&lt;/span&gt;&lt;!-- ^TTT --&gt;&lt;!-- TTT$ --&gt;&lt;/span&gt;&lt;br /&gt;&lt;br /&gt;&lt;br /&gt;(That bird is actually zagiir&#039;s pet &amp;lt;3 Will explain more later ;v; )&lt;br /&gt;&lt;br /&gt;Art &amp;#169; &lt;a target=&quot;_self&quot; href=&quot;https://www.deviantart.com/zagiir&quot; &gt;&lt;img class=&quot;avatar&quot; width=&quot;50&quot; height=&quot;50&quot; src=&quot;https://a.deviantart.net/avatars/z/a/zagiir.png?1&quot; alt=&quot;:iconzagiir:&quot; title=&quot;zagiir&quot; /&gt;&lt;/a&gt;&lt;br /&gt;Character &amp;#169; &lt;a target=&quot;_self&quot; href=&quot;https://www.deviantart.com/eskoniss&quot; &gt;&lt;img class=&quot;avatar&quot; width=&quot;50&quot; height=&quot;50&quot; src=&quot;https://a.deviantart.net/avatars/e/s/eskoniss.gif?9&quot; alt=&quot;:iconeskoniss:&quot; title=&quot;Eskoniss&quot; /&gt;&lt;/a&gt;&lt;br /&gt;&lt;a target=&quot;_self&quot; href=&quot;https://www.deviantart.com/donotuseplz&quot; &gt;&lt;img class=&quot;avatar&quot; width=&quot;50&quot; height=&quot;50&quot; src=&quot;https://a.deviantart.net/avatars/d/o/donotuseplz.gif?2&quot; alt=&quot;:icondonotuseplz:&quot; title=&quot;DoNotUsePlz&quot; /&gt;&lt;/a&gt;&lt;a target=&quot;_self&quot; href=&quot;https://www.deviantart.com/myartplz&quot; &gt;&lt;img class=&quot;avatar&quot; width=&quot;50&quot; height=&quot;50&quot; src=&quot;https://a.deviantart.net/avatars/m/y/myartplz.gif?2&quot; alt=&quot;:iconmyartplz:&quot; title=&quot;MyArtPlz&quot; /&gt;&lt;/a&gt;&lt;br /&gt;&lt;sub&gt;Unless you are the owner of this character.&lt;/sub&gt;&lt;br /&gt;&lt;br /&gt;&lt;br /&gt;&lt;/div&gt;&lt;br /&gt;&lt;div&gt;&lt;img src=&quot;https://t00.deviantart.net/X5g15hpe-A7UaXD0u-rI3_ZmF-o=/300x200/filters:fixed_height(100,100):origin()/pre00/46b3/th/pre/i/2019/033/7/9/traveling_friend_by_zagiir-dcykwga.png&quot; alt=&quot;thumbnail&quot; /&gt;&lt;/div&gt;</description>            </item>
                    <item>
                <title>The Wolf</title>
                <link>https://catswire.deviantart.com/art/The-Wolf-784607962</link>
                <guid isPermaLink="true">https://catswire.deviantart.com/art/The-Wolf-784607962</guid>
                <pubDate>Thu, 07 Feb 2019 10:16:59 PST</pubDate>
                        <media:title type="plain">The Wolf</media:title>
        <media:keywords></media:keywords>
                        <media:rating>nonadult</media:rating>
                <media:category label="Necklaces &amp; Pendants">artisan/jewelry/necklaces</media:category>
        <media:credit role="author" scheme="urn:ebu">CatsWire</media:credit>
        <media:credit role="author" scheme="urn:ebu">https://a.deviantart.net/avatars/c/a/catswire.jpg?5</media:credit>
        <media:copyright url="https://catswire.deviantart.com">Copyright 2019 CatsWire</media:copyright>            <media:description type="html">I have no idea where this design came from. Originally it was all about using the lampwork bead from a small pendant I had just ripped up, then there were suddenly eye sockets and ears. Even then I didn&#039;t know what it would end up as.&lt;br /&gt;Maybe I was inspired by watching Yonderland at that time, with its wonderful people and creatures!</media:description>            <media:thumbnail url="https://t00.deviantart.net/Djo7TndqjdP1-1hT_RMXDYa-pJM=/fit-in/150x150/filters:no_upscale():origin()/pre00/e469/th/pre/i/2019/038/5/b/the_wolf_by_catswire-dcz4vdm.jpg" height="150" width="150"/>            <media:thumbnail url="https://t00.deviantart.net/lmx2FJ6bA_9UZXQG-Pb2UuiYbMI=/fit-in/300x900/filters:no_upscale():origin()/pre00/e469/th/pre/i/2019/038/5/b/the_wolf_by_catswire-dcz4vdm.jpg" height="300" width="300"/>            <media:thumbnail url="https://t00.deviantart.net/ONgDnbydkFicZFRyZq7IHT5z6cQ=/300x200/filters:fixed_height(100,100):origin()/pre00/e469/th/pre/i/2019/038/5/b/the_wolf_by_catswire-dcz4vdm.jpg" height="200" width="200"/>            <media:content url="https://pre00.deviantart.net/e469/th/pre/i/2019/038/5/b/the_wolf_by_catswire-dcz4vdm.jpg" height="894" width="894" medium="image"/>            
            <description>I have no idea where this design came from. Originally it was all about using the lampwork bead from a small pendant I had just ripped up, then there were suddenly eye sockets and ears. Even then I didn&#039;t know what it would end up as.&lt;br /&gt;Maybe I was inspired by watching Yonderland at that time, with its wonderful people and creatures!&lt;br /&gt;&lt;div&gt;&lt;img src=&quot;https://t00.deviantart.net/ONgDnbydkFicZFRyZq7IHT5z6cQ=/300x200/filters:fixed_height(100,100):origin()/pre00/e469/th/pre/i/2019/038/5/b/the_wolf_by_catswire-dcz4vdm.jpg&quot; alt=&quot;thumbnail&quot; /&gt;&lt;/div&gt;</description>            </item>
                    <item>
                <title>GodSlayer Ares</title>
                <link>https://stuharrington.deviantart.com/art/GodSlayer-Ares-775479398</link>
                <guid isPermaLink="true">https://stuharrington.deviantart.com/art/GodSlayer-Ares-775479398</guid>
                <pubDate>Wed, 05 Dec 2018 10:15:46 PST</pubDate>
                        <media:title type="plain">GodSlayer Ares</media:title>
        <media:keywords></media:keywords>
                        <media:rating>nonadult</media:rating>
                <media:category label="Fantasy">digitalart/paintings/fantasy</media:category>
        <media:credit role="author" scheme="urn:ebu">StuHarrington</media:credit>
        <media:credit role="author" scheme="urn:ebu">https://a.deviantart.net/avatars/s/t/stuharrington.jpg?5</media:credit>
        <media:copyright url="https://stuharrington.deviantart.com">Copyright 2018-2019 StuHarrington</media:copyright>            <media:description type="html">On a journey to claim unbridled power, power to rule all the gods, Ares was consumed by his lust for strength becoming the very monster he set out to destroy...&lt;br /&gt;New painting for Smite!&amp;nbsp; This is Ares&#039; T5 skin splash and also doubles as the final scene in the cinematic reveal!&amp;nbsp;&amp;nbsp;&lt;br /&gt;The Lore Cinematic was a blast to work on you guys can check it out here!&lt;br /&gt;&lt;a class=&quot;external&quot; href=&quot;https://www.deviantart.com/users/outgoing?https://www.youtube.com/watch?v=FEi79hc4feo&quot;&gt;www.youtube.com/watch?v=FEi79h&amp;hellip;&lt;/a&gt;&lt;br /&gt;&lt;br /&gt;Also if you want to see some alt versions and my original concept art for the skin, find them here on my ArtStation&lt;br /&gt;&lt;a class=&quot;external&quot; href=&quot;https://www.deviantart.com/users/outgoing?https://www.artstation.com/stuharrington&quot;&gt;www.artstation.com/stuharringt&amp;hellip;&lt;/a&gt;&lt;br /&gt;&lt;br /&gt;&lt;a class=&quot;external&quot; href=&quot;https://www.deviantart.com/users/outgoing?https://www.instagram.com/stuharrington/&quot;&gt;www.instagram.com/stuharringto&amp;hellip;&lt;/a&gt;&lt;br /&gt;I&#039;m also here :3</media:description>            <media:thumbnail url="https://t00.deviantart.net/RS76egFX4QUwVGqgvBOjjHfMVkw=/fit-in/150x150/filters:no_upscale():origin()/pre00/22c0/th/pre/f/2018/339/c/2/godslayer_ares_by_stuartstudios-dctp7qe.jpg" height="84" width="150"/>            <media:thumbnail url="https://t00.deviantart.net/1g8q_90KNMr3igmGLs0Pl-9NL6g=/fit-in/300x900/filters:no_upscale():origin()/pre00/22c0/th/pre/f/2018/339/c/2/godslayer_ares_by_stuartstudios-dctp7qe.jpg" height="169" width="300"/>            <media:thumbnail url="https://t00.deviantart.net/LulIZbI2bFNY8ZhlXd7aAJoXahc=/300x200/filters:fixed_height(100,100):origin()/pre00/22c0/th/pre/f/2018/339/c/2/godslayer_ares_by_stuartstudios-dctp7qe.jpg" height="169" width="300"/>            <media:content url="https://pre00.deviantart.net/22c0/th/pre/f/2018/339/c/2/godslayer_ares_by_stuartstudios-dctp7qe.jpg" height="670" width="1192" medium="image"/>            
            <description>On a journey to claim unbridled power, power to rule all the gods, Ares was consumed by his lust for strength becoming the very monster he set out to destroy...&lt;br /&gt;New painting for Smite!&amp;nbsp; This is Ares&#039; T5 skin splash and also doubles as the final scene in the cinematic reveal!&amp;nbsp;&amp;nbsp;&lt;br /&gt;The Lore Cinematic was a blast to work on you guys can check it out here!&lt;br /&gt;&lt;a class=&quot;external&quot; href=&quot;https://www.deviantart.com/users/outgoing?https://www.youtube.com/watch?v=FEi79hc4feo&quot;&gt;www.youtube.com/watch?v=FEi79h&amp;hellip;&lt;/a&gt;&lt;br /&gt;&lt;br /&gt;Also if you want to see some alt versions and my original concept art for the skin, find them here on my ArtStation&lt;br /&gt;&lt;a class=&quot;external&quot; href=&quot;https://www.deviantart.com/users/outgoing?https://www.artstation.com/stuharrington&quot;&gt;www.artstation.com/stuharringt&amp;hellip;&lt;/a&gt;&lt;br /&gt;&lt;br /&gt;&lt;a class=&quot;external&quot; href=&quot;https://www.deviantart.com/users/outgoing?https://www.instagram.com/stuharrington/&quot;&gt;www.instagram.com/stuharringto&amp;hellip;&lt;/a&gt;&lt;br /&gt;I&#039;m also here :3&lt;br /&gt;&lt;div&gt;&lt;img src=&quot;https://t00.deviantart.net/LulIZbI2bFNY8ZhlXd7aAJoXahc=/300x200/filters:fixed_height(100,100):origin()/pre00/22c0/th/pre/f/2018/339/c/2/godslayer_ares_by_stuartstudios-dctp7qe.jpg&quot; alt=&quot;thumbnail&quot; /&gt;&lt;/div&gt;</description>            </item>
                    <item>
                <title>National Geographic - One Strange Rock</title>
                <link>https://daroz.deviantart.com/art/National-Geographic-One-Strange-Rock-738955652</link>
                <guid isPermaLink="true">https://daroz.deviantart.com/art/National-Geographic-One-Strange-Rock-738955652</guid>
                <pubDate>Thu, 05 Apr 2018 04:59:33 PDT</pubDate>
                        <media:title type="plain">National Geographic - One Strange Rock</media:title>
        <media:keywords></media:keywords>
                        <media:rating>nonadult</media:rating>
                <media:category label="Landscapes &amp; Scenery">digitalart/paintings/landscapes</media:category>
        <media:credit role="author" scheme="urn:ebu">daRoz</media:credit>
        <media:credit role="author" scheme="urn:ebu">https://a.deviantart.net/avatars/d/a/daroz.jpg?11</media:credit>
        <media:copyright url="https://daroz.deviantart.com">Copyright 2018-2019 daRoz</media:copyright>            <media:description type="html">&lt;p&gt;&lt;a class=&quot;external&quot; href=&quot;https://www.deviantart.com/users/outgoing?https://instagram.com/darekzabrocki&quot;&gt;&lt;b&gt;Instagram---&amp;gt;&amp;gt;&amp;gt;&amp;gt;&amp;gt;&amp;gt; &lt;/b&gt;&lt;/a&gt;&lt;b&gt;&lt;b&gt;&lt;a href=&quot;https://www.deviantart.com/users/outgoing?https://www.instagram.com/darekzabrocki&quot;&gt;&lt;a class=&quot;external&quot; href=&quot;https://www.deviantart.com/users/outgoing?https://www.instagram.com/darekzabrocki&quot;&gt;www.instagram.com/darekzabrock&amp;hellip;&lt;/a&gt;&lt;/a&gt; &lt;br /&gt;Facebook---&amp;gt;&amp;gt;&amp;gt;&amp;gt;&amp;gt;&amp;gt; &lt;a href=&quot;https://www.deviantart.com/users/outgoing?https://www.facebook.com/darek.zabrocki91&quot;&gt;&lt;a class=&quot;external&quot; href=&quot;https://www.deviantart.com/users/outgoing?https://www.facebook.com/darek.zabrocki91&quot;&gt;www.facebook.com/darek.zabrock&amp;hellip;&lt;/a&gt;&lt;/a&gt;&lt;br /&gt;Twitter---&amp;gt;&amp;gt;&amp;gt;&amp;gt;&amp;gt;&amp;gt; &lt;a class=&quot;external&quot; href=&quot;https://www.deviantart.com/users/outgoing?https://twitter.com/darekzabrocki&quot;&gt;twitter.com/darekzabrocki&lt;/a&gt;&lt;/b&gt;&lt;/b&gt;&lt;/p&gt; &lt;p&gt;Project: One Strange Rock (National Geographic) &lt;br /&gt;Client: Framestore/National Geographic &lt;br /&gt;Director: Neil Scholes&lt;/p&gt; &lt;p&gt;Last year I had a chance to help framestore push the look for brand new National Geographic&#039;s documentary on the beginnings of our planet. I was designing different sequences showing how the moon, earth and life on earth was created. I learned a lot and deepend my science knowledge, such a fun and educative project! &lt;/p&gt;</media:description>            <media:thumbnail url="https://t00.deviantart.net/SnA8DU5_LEPjulxLfxtSIj3fTR8=/fit-in/150x150/filters:no_upscale():origin()/pre00/20db/th/pre/i/2018/095/9/c/national_geographic___one_strange_rock_by_daroz-dc7ydtw.jpg" height="75" width="150"/>            <media:thumbnail url="https://t00.deviantart.net/U2GfM95sVLledS_cyXO0jGV_C8o=/fit-in/300x900/filters:no_upscale():origin()/pre00/20db/th/pre/i/2018/095/9/c/national_geographic___one_strange_rock_by_daroz-dc7ydtw.jpg" height="150" width="300"/>            <media:thumbnail url="https://t00.deviantart.net/0a0IxbrbNscWHnc4Sh9qNI95T4o=/300x200/filters:fixed_height(100,100):origin()/pre00/20db/th/pre/i/2018/095/9/c/national_geographic___one_strange_rock_by_daroz-dc7ydtw.jpg" height="150" width="300"/>            <media:content url="https://pre00.deviantart.net/20db/th/pre/i/2018/095/9/c/national_geographic___one_strange_rock_by_daroz-dc7ydtw.jpg" height="632" width="1264" medium="image"/>            
            <description>&lt;p&gt;&lt;a class=&quot;external&quot; href=&quot;https://www.deviantart.com/users/outgoing?https://instagram.com/darekzabrocki&quot;&gt;&lt;b&gt;Instagram---&amp;gt;&amp;gt;&amp;gt;&amp;gt;&amp;gt;&amp;gt; &lt;/b&gt;&lt;/a&gt;&lt;b&gt;&lt;b&gt;&lt;a href=&quot;https://www.deviantart.com/users/outgoing?https://www.instagram.com/darekzabrocki&quot;&gt;&lt;a class=&quot;external&quot; href=&quot;https://www.deviantart.com/users/outgoing?https://www.instagram.com/darekzabrocki&quot;&gt;www.instagram.com/darekzabrock&amp;hellip;&lt;/a&gt;&lt;/a&gt; &lt;br /&gt;Facebook---&amp;gt;&amp;gt;&amp;gt;&amp;gt;&amp;gt;&amp;gt; &lt;a href=&quot;https://www.deviantart.com/users/outgoing?https://www.facebook.com/darek.zabrocki91&quot;&gt;&lt;a class=&quot;external&quot; href=&quot;https://www.deviantart.com/users/outgoing?https://www.facebook.com/darek.zabrocki91&quot;&gt;www.facebook.com/darek.zabrock&amp;hellip;&lt;/a&gt;&lt;/a&gt;&lt;br /&gt;Twitter---&amp;gt;&amp;gt;&amp;gt;&amp;gt;&amp;gt;&amp;gt; &lt;a class=&quot;external&quot; href=&quot;https://www.deviantart.com/users/outgoing?https://twitter.com/darekzabrocki&quot;&gt;twitter.com/darekzabrocki&lt;/a&gt;&lt;/b&gt;&lt;/b&gt;&lt;/p&gt; &lt;p&gt;Project: One Strange Rock (National Geographic) &lt;br /&gt;Client: Framestore/National Geographic &lt;br /&gt;Director: Neil Scholes&lt;/p&gt; &lt;p&gt;Last year I had a chance to help framestore push the look for brand new National Geographic&#039;s documentary on the beginnings of our planet. I was designing different sequences showing how the moon, earth and life on earth was created. I learned a lot and deepend my science knowledge, such a fun and educative project! &lt;/p&gt;&lt;br /&gt;&lt;div&gt;&lt;img src=&quot;https://t00.deviantart.net/0a0IxbrbNscWHnc4Sh9qNI95T4o=/300x200/filters:fixed_height(100,100):origin()/pre00/20db/th/pre/i/2018/095/9/c/national_geographic___one_strange_rock_by_daroz-dc7ydtw.jpg&quot; alt=&quot;thumbnail&quot; /&gt;&lt;/div&gt;</description>            </item>
                    <item>
                <title>Grimlock</title>
                <link>https://thedurrrrian.deviantart.com/art/Grimlock-783558891</link>
                <guid isPermaLink="true">https://thedurrrrian.deviantart.com/art/Grimlock-783558891</guid>
                <pubDate>Thu, 31 Jan 2019 06:27:40 PST</pubDate>
                        <media:title type="plain">Grimlock</media:title>
        <media:keywords></media:keywords>
                        <media:rating>nonadult</media:rating>
                <media:category label="Movies &amp; TV">fanart/digital/painting/movies</media:category>
        <media:credit role="author" scheme="urn:ebu">theDURRRRIAN</media:credit>
        <media:credit role="author" scheme="urn:ebu">https://a.deviantart.net/avatars/t/h/thedurrrrian.jpg?5</media:credit>
        <media:copyright url="https://thedurrrrian.deviantart.com">Copyright 2019 theDURRRRIAN</media:copyright>            <media:description type="html">Done as a gift for Serafleur&#039;s brother. Tried getting that G1 feel that brings back our childhood memories</media:description>            <media:thumbnail url="https://t00.deviantart.net/CyEHuuE-hnNP_22cWIIiSTgXJ_0=/fit-in/150x150/filters:no_upscale():origin()/pre00/0a23/th/pre/i/2019/031/5/b/grimlock_by_thedurrrrian-dcyidwr.jpg" height="150" width="106"/>            <media:thumbnail url="https://t00.deviantart.net/-RQR9HfoU4RXD7oLb1Fa-frUV-s=/fit-in/300x900/filters:no_upscale():origin()/pre00/0a23/th/pre/i/2019/031/5/b/grimlock_by_thedurrrrian-dcyidwr.jpg" height="424" width="300"/>            <media:thumbnail url="https://t00.deviantart.net/YrCBTa8YT7kp5MXTN8WWuUNIYo4=/300x200/filters:fixed_height(100,100):origin()/pre00/0a23/th/pre/i/2019/031/5/b/grimlock_by_thedurrrrian-dcyidwr.jpg" height="200" width="141"/>            <media:content url="https://pre00.deviantart.net/0a23/th/pre/i/2019/031/5/b/grimlock_by_thedurrrrian-dcyidwr.jpg" height="1063" width="752" medium="image"/>            
            <description>Done as a gift for Serafleur&#039;s brother. Tried getting that G1 feel that brings back our childhood memories&lt;br /&gt;&lt;div&gt;&lt;img src=&quot;https://t00.deviantart.net/YrCBTa8YT7kp5MXTN8WWuUNIYo4=/300x200/filters:fixed_height(100,100):origin()/pre00/0a23/th/pre/i/2019/031/5/b/grimlock_by_thedurrrrian-dcyidwr.jpg&quot; alt=&quot;thumbnail&quot; /&gt;&lt;/div&gt;</description>            </item>
                    <item>
                <title>Pewter Badger Skull Pendant</title>
                <link>https://psydrache.deviantart.com/art/Pewter-Badger-Skull-Pendant-782384347</link>
                <guid isPermaLink="true">https://psydrache.deviantart.com/art/Pewter-Badger-Skull-Pendant-782384347</guid>
                <pubDate>Wed, 23 Jan 2019 01:49:06 PST</pubDate>
                        <media:title type="plain">Pewter Badger Skull Pendant</media:title>
        <media:keywords></media:keywords>
                        <media:rating>nonadult</media:rating>
                <media:category label="Metal Work">artisan/metalwork</media:category>
        <media:credit role="author" scheme="urn:ebu">Psydrache</media:credit>
        <media:credit role="author" scheme="urn:ebu">https://a.deviantart.net/avatars/p/s/psydrache.gif?1</media:credit>
        <media:copyright url="https://psydrache.deviantart.com">Copyright 2019 Psydrache</media:copyright>            <media:description type="html">Totally forget about this one! &lt;br /&gt;&lt;br /&gt;It&#039;s a cast of a 3D print of a badger skull and my first work with a (lousy) 3D printed object. I think I will do more, but it&#039;s so expensive to let print someone such little objects.&lt;br /&gt;&lt;br /&gt;Sadly the mold broke after a few casts so I can&#039;t do more, but I have some left. Ask CHF 30.- (about 30 USD) for one and I ship worldwide. Just send me a note.</media:description>            <media:thumbnail url="https://t00.deviantart.net/_uyW3XG9fzDfKbCCZDjYexZn2BE=/fit-in/150x150/filters:no_upscale():origin()/pre00/4c75/th/pre/i/2019/023/5/f/pewter_badger_skull_pendant_by_psydrache-dcxt7mj.jpg" height="125" width="150"/>            <media:thumbnail url="https://t00.deviantart.net/pqqbPayUa-zbXCkXTEOtekVaa68=/fit-in/300x900/filters:no_upscale():origin()/pre00/4c75/th/pre/i/2019/023/5/f/pewter_badger_skull_pendant_by_psydrache-dcxt7mj.jpg" height="250" width="300"/>            <media:thumbnail url="https://t00.deviantart.net/JnW0zsLkoKBVa4HPx5JCuB1k63E=/300x200/filters:fixed_height(100,100):origin()/pre00/4c75/th/pre/i/2019/023/5/f/pewter_badger_skull_pendant_by_psydrache-dcxt7mj.jpg" height="200" width="240"/>            <media:content url="https://img00.deviantart.net/5f8a/i/2019/023/5/f/pewter_badger_skull_pendant_by_psydrache-dcxt7mj.jpg" height="667" width="800" medium="image"/>            
            <description>Totally forget about this one! &lt;br /&gt;&lt;br /&gt;It&#039;s a cast of a 3D print of a badger skull and my first work with a (lousy) 3D printed object. I think I will do more, but it&#039;s so expensive to let print someone such little objects.&lt;br /&gt;&lt;br /&gt;Sadly the mold broke after a few casts so I can&#039;t do more, but I have some left. Ask CHF 30.- (about 30 USD) for one and I ship worldwide. Just send me a note.&lt;br /&gt;&lt;div&gt;&lt;img src=&quot;https://t00.deviantart.net/JnW0zsLkoKBVa4HPx5JCuB1k63E=/300x200/filters:fixed_height(100,100):origin()/pre00/4c75/th/pre/i/2019/023/5/f/pewter_badger_skull_pendant_by_psydrache-dcxt7mj.jpg&quot; alt=&quot;thumbnail&quot; /&gt;&lt;/div&gt;</description>            </item>
                    <item>
                <title>Glupsch</title>
                <link>https://schmiegel.deviantart.com/art/Glupsch-785076214</link>
                <guid isPermaLink="true">https://schmiegel.deviantart.com/art/Glupsch-785076214</guid>
                <pubDate>Sun, 10 Feb 2019 13:23:50 PST</pubDate>
                        <media:title type="plain">Glupsch</media:title>
        <media:keywords></media:keywords>
                        <media:rating>nonadult</media:rating>
                <media:category label="Fractal Manipulations">digitalart/fractals/manipulations</media:category>
        <media:credit role="author" scheme="urn:ebu">Schmiegel</media:credit>
        <media:credit role="author" scheme="urn:ebu">https://a.deviantart.net/avatars/s/c/schmiegel.png?6</media:credit>
        <media:copyright url="https://schmiegel.deviantart.com">Copyright 2019 Schmiegel</media:copyright>            <media:description type="html">Hmm - someone had to do it &lt;img src=&quot;https://e.deviantart.net/emoticons/s/smile.gif&quot; width=&quot;15&quot; height=&quot;15&quot; alt=&quot;:)&quot; data-embed-type=&quot;emoticon&quot; data-embed-id=&quot;391&quot; title=&quot;:) (Smile)&quot;/&gt;&lt;br /&gt;&lt;br /&gt;Eye by:&amp;nbsp;&lt;br /&gt;&lt;a class=&quot;external&quot; href=&quot;https://www.deviantart.com/users/outgoing?https://pixabay.com/de/auge-iris-schauen-sehen-pupille-492262/&quot;&gt;pixabay.com/de/auge-iris-schau&amp;hellip;&lt;/a&gt;</media:description>            <media:thumbnail url="https://t00.deviantart.net/unaNus8JpvX9VSPuQbncY34qlVM=/fit-in/150x150/filters:no_upscale():origin()/pre00/eedb/th/pre/f/2019/042/3/2/glupsch_by_schmiegel-dczewom.jpg" height="84" width="150"/>            <media:thumbnail url="https://t00.deviantart.net/7Rs8diwagzG-LxrK-J0blFmj8fg=/fit-in/300x900/filters:no_upscale():origin()/pre00/eedb/th/pre/f/2019/042/3/2/glupsch_by_schmiegel-dczewom.jpg" height="169" width="300"/>            <media:thumbnail url="https://t00.deviantart.net/jXpytLRrwCQ2AkQVbpvXcp14KyU=/300x200/filters:fixed_height(100,100):origin()/pre00/eedb/th/pre/f/2019/042/3/2/glupsch_by_schmiegel-dczewom.jpg" height="169" width="300"/>            <media:content url="https://pre00.deviantart.net/eedb/th/pre/f/2019/042/3/2/glupsch_by_schmiegel-dczewom.jpg" height="670" width="1192" medium="image"/>            
            <description>Hmm - someone had to do it &lt;img src=&quot;https://e.deviantart.net/emoticons/s/smile.gif&quot; width=&quot;15&quot; height=&quot;15&quot; alt=&quot;:)&quot; data-embed-type=&quot;emoticon&quot; data-embed-id=&quot;391&quot; title=&quot;:) (Smile)&quot;/&gt;&lt;br /&gt;&lt;br /&gt;Eye by:&amp;nbsp;&lt;br /&gt;&lt;a class=&quot;external&quot; href=&quot;https://www.deviantart.com/users/outgoing?https://pixabay.com/de/auge-iris-schauen-sehen-pupille-492262/&quot;&gt;pixabay.com/de/auge-iris-schau&amp;hellip;&lt;/a&gt;&lt;br /&gt;&lt;div&gt;&lt;img src=&quot;https://t00.deviantart.net/jXpytLRrwCQ2AkQVbpvXcp14KyU=/300x200/filters:fixed_height(100,100):origin()/pre00/eedb/th/pre/f/2019/042/3/2/glupsch_by_schmiegel-dczewom.jpg&quot; alt=&quot;thumbnail&quot; /&gt;&lt;/div&gt;</description>            </item>
            </channel>
</rss>