<?xml version="1.0" encoding="utf-8"?>
<rss version="2.0" xmlns:media="http://search.yahoo.com/mrss/" xmlns:atom="http://www.w3.org/2005/Atom" xmlns:creativeCommons="http://backend.userland.com/creativeCommonsRssModule">
    <channel>
        <title>DeviantArt: Newest</title>
        <link>https://www.deviantart.com/newest/</link>
        <description>DeviantArt RSS for Newest</description>
        <language>en-us</language>
        <copyright>Copyright 2019, DeviantArt.com</copyright>
        <pubDate>Tue, 19 Feb 2019 12:32:21 PST</pubDate>

        <generator>DeviantArt.com</generator>
        <docs>http://blogs.law.harvard.edu/tech/rss</docs>
        <atom:icon>https://st.deviantart.net/minish/touch-icons/android-192.png</atom:icon>
        <atom:link type="application/rss+xml" rel="self" href="https://backend.deviantart.com/rss.xml?type=deviation&amp;order=5" />
        <atom:link rel="next" href="https://backend.deviantart.com/rss.xml?type=deviation&amp;order=5&amp;offset=60" />
                    <item>
                <title>trade</title>
                <link>https://salty-salmon.deviantart.com/art/trade-786362767</link>
                <guid isPermaLink="true">https://salty-salmon.deviantart.com/art/trade-786362767</guid>
                <pubDate>Tue, 19 Feb 2019 12:32:20 PST</pubDate>
                        <media:title type="plain">trade</media:title>
        <media:keywords></media:keywords>
                        <media:rating>nonadult</media:rating>
                <media:category label="Other">anthro/digital/other</media:category>
        <media:credit role="author" scheme="urn:ebu">salty-salmon</media:credit>
        <media:credit role="author" scheme="urn:ebu">https://a.deviantart.net/avatars/s/a/salty-salmon.jpg?3</media:credit>
        <media:copyright url="https://salty-salmon.deviantart.com">Copyright 2019 salty-salmon</media:copyright>            <media:description type="html"></media:description>            <media:thumbnail url="https://t00.deviantart.net/Q4_kAXX3PSMVerRsgJIfOw-Y2Dg=/fit-in/150x150/filters:no_upscale():origin()/pre00/7c62/th/pre/f/2019/050/3/9/trade_by_salty_salmon-dd06he7.png" height="150" width="91"/>            <media:thumbnail url="https://t00.deviantart.net/q2LZhGrBIK27LsRMDm7esLfYgBM=/fit-in/300x900/filters:no_upscale():origin()/pre00/7c62/th/pre/f/2019/050/3/9/trade_by_salty_salmon-dd06he7.png" height="494" width="300"/>            <media:thumbnail url="https://t00.deviantart.net/fX39OyzgW65yVrLdKMJ_ZarefhE=/300x200/filters:fixed_height(100,100):origin()/pre00/7c62/th/pre/f/2019/050/3/9/trade_by_salty_salmon-dd06he7.png" height="200" width="121"/>            <media:content url="https://pre00.deviantart.net/7c62/th/pre/f/2019/050/3/9/trade_by_salty_salmon-dd06he7.png" height="1148" width="696" medium="image"/>            
            <description>&lt;br /&gt;&lt;div&gt;&lt;img src=&quot;https://t00.deviantart.net/fX39OyzgW65yVrLdKMJ_ZarefhE=/300x200/filters:fixed_height(100,100):origin()/pre00/7c62/th/pre/f/2019/050/3/9/trade_by_salty_salmon-dd06he7.png&quot; alt=&quot;thumbnail&quot; /&gt;&lt;/div&gt;</description>            </item>
                    <item>
                <title>Big Wings ~Gift~</title>
                <link>https://salemdrawsshit.deviantart.com/art/Big-Wings-Gift-786363027</link>
                <guid isPermaLink="true">https://salemdrawsshit.deviantart.com/art/Big-Wings-Gift-786363027</guid>
                <pubDate>Tue, 19 Feb 2019 12:32:19 PST</pubDate>
                        <media:title type="plain">Big Wings ~Gift~</media:title>
        <media:keywords></media:keywords>
                        <media:rating>nonadult</media:rating>
                <media:category label="Animals">digitalart/paintings/animals</media:category>
        <media:credit role="author" scheme="urn:ebu">SalemDrawsShit</media:credit>
        <media:credit role="author" scheme="urn:ebu">https://a.deviantart.net/avatars/s/a/salemdrawsshit.jpg?4</media:credit>
        <media:copyright url="https://salemdrawsshit.deviantart.com">Copyright 2019 SalemDrawsShit</media:copyright>            <media:description type="html">Art belongs to Me&lt;br /&gt;OC belongs to &lt;span class=&quot;username-with-symbol u&quot;&gt;&lt;a class=&quot;u regular username&quot; href=&quot;https://www.deviantart.com/anotherbronyartist&quot;&gt;anotherbronyartist&lt;/a&gt;&lt;span class=&quot;user-symbol regular&quot; data-quicktip-text=&quot;&quot; data-show-tooltip=&quot;&quot; data-gruser-type=&quot;regular&quot;&gt;&lt;/span&gt;&lt;/span&gt; on IG</media:description>            <media:thumbnail url="https://t00.deviantart.net/aBp0-7fppkfZW-Nqj_SvQzzMINA=/fit-in/150x150/filters:no_upscale():origin()/pre00/7a25/th/pre/i/2019/050/5/d/big_wings__gift__by_salemdrawsshit-dd06hlf.jpg" height="150" width="150"/>            <media:thumbnail url="https://t00.deviantart.net/iR6LKFvbX5Odr8zKhcgXakDeDKM=/fit-in/300x900/filters:no_upscale():origin()/pre00/7a25/th/pre/i/2019/050/5/d/big_wings__gift__by_salemdrawsshit-dd06hlf.jpg" height="300" width="300"/>            <media:thumbnail url="https://t00.deviantart.net/OXwKTYtY7y1thZOrsd20DOtivyE=/300x200/filters:fixed_height(100,100):origin()/pre00/7a25/th/pre/i/2019/050/5/d/big_wings__gift__by_salemdrawsshit-dd06hlf.jpg" height="200" width="200"/>            <media:content url="https://pre00.deviantart.net/7a25/th/pre/i/2019/050/5/d/big_wings__gift__by_salemdrawsshit-dd06hlf.jpg" height="894" width="894" medium="image"/>            
            <description>Art belongs to Me&lt;br /&gt;OC belongs to &lt;span class=&quot;username-with-symbol u&quot;&gt;&lt;a class=&quot;u regular username&quot; href=&quot;https://www.deviantart.com/anotherbronyartist&quot;&gt;anotherbronyartist&lt;/a&gt;&lt;span class=&quot;user-symbol regular&quot; data-quicktip-text=&quot;&quot; data-show-tooltip=&quot;&quot; data-gruser-type=&quot;regular&quot;&gt;&lt;/span&gt;&lt;/span&gt; on IG&lt;br /&gt;&lt;div&gt;&lt;img src=&quot;https://t00.deviantart.net/OXwKTYtY7y1thZOrsd20DOtivyE=/300x200/filters:fixed_height(100,100):origin()/pre00/7a25/th/pre/i/2019/050/5/d/big_wings__gift__by_salemdrawsshit-dd06hlf.jpg&quot; alt=&quot;thumbnail&quot; /&gt;&lt;/div&gt;</description>            </item>
                    <item>
                <title>Deku</title>
                <link>https://n0xati.deviantart.com/art/Deku-786346301</link>
                <guid isPermaLink="true">https://n0xati.deviantart.com/art/Deku-786346301</guid>
                <pubDate>Tue, 19 Feb 2019 12:32:15 PST</pubDate>
                        <media:title type="plain">Deku</media:title>
        <media:keywords></media:keywords>
                        <media:rating>nonadult</media:rating>
                <media:category label="Movies &amp; TV">fanart/manga/traditional/movies</media:category>
        <media:credit role="author" scheme="urn:ebu">N0XATI</media:credit>
        <media:credit role="author" scheme="urn:ebu">https://a.deviantart.net/avatars/n/0/n0xati.jpg</media:credit>
        <media:copyright url="https://n0xati.deviantart.com">Copyright 2019 N0XATI</media:copyright>             <creativeCommons:license>http://creativecommons.org/licenses/by-nc-nd/3.0/</creativeCommons:license>
                <media:description type="html">I drew it on 7x10 Watercolor Canson paper for the Inktober 2018!</media:description>            <media:thumbnail url="https://t00.deviantart.net/wB4LU7CvvAqIzU79-kImzjy8nuo=/fit-in/150x150/filters:no_upscale():origin()/pre00/e65e/th/pre/i/2019/050/6/5/deku_by_n0xati-dd064ot.jpg" height="150" width="116"/>            <media:thumbnail url="https://t00.deviantart.net/S0ln_QvCwKrwA-RebXNboWsDSH4=/fit-in/300x900/filters:no_upscale():origin()/pre00/e65e/th/pre/i/2019/050/6/5/deku_by_n0xati-dd064ot.jpg" height="388" width="300"/>            <media:thumbnail url="https://t00.deviantart.net/RgzrHuZSOWAvq00slNRhvB6x2qA=/300x200/filters:fixed_height(100,100):origin()/pre00/e65e/th/pre/i/2019/050/6/5/deku_by_n0xati-dd064ot.jpg" height="200" width="155"/>            <media:content url="https://pre00.deviantart.net/e65e/th/pre/i/2019/050/6/5/deku_by_n0xati-dd064ot.jpg" height="1017" width="786" medium="image"/>            
            <description>I drew it on 7x10 Watercolor Canson paper for the Inktober 2018!&lt;br /&gt;&lt;div&gt;&lt;img src=&quot;https://t00.deviantart.net/RgzrHuZSOWAvq00slNRhvB6x2qA=/300x200/filters:fixed_height(100,100):origin()/pre00/e65e/th/pre/i/2019/050/6/5/deku_by_n0xati-dd064ot.jpg&quot; alt=&quot;thumbnail&quot; /&gt;&lt;/div&gt;</description>            </item>
                    <item>
                <title>Baby-Angels-2 (2)</title>
                <link>https://marymichela.deviantart.com/art/Baby-Angels-2-2-786362285</link>
                <guid isPermaLink="true">https://marymichela.deviantart.com/art/Baby-Angels-2-2-786362285</guid>
                <pubDate>Tue, 19 Feb 2019 12:32:15 PST</pubDate>
                        <media:title type="plain">Baby-Angels-2 (2)</media:title>
        <media:keywords></media:keywords>
                        <media:rating>nonadult</media:rating>
                <media:category label="People">traditional/drawings/people</media:category>
        <media:credit role="author" scheme="urn:ebu">marymichela</media:credit>
        <media:credit role="author" scheme="urn:ebu">https://a.deviantart.net/avatars/m/a/marymichela.jpg?2</media:credit>
        <media:copyright url="https://marymichela.deviantart.com">Copyright 2019 marymichela</media:copyright>            <media:description type="html">ritratto di bambina</media:description>            <media:thumbnail url="https://t00.deviantart.net/jiqyFhUBepU_FFNMSafQywR9nTU=/fit-in/150x150/filters:no_upscale():origin()/pre00/c734/th/pre/f/2019/050/c/1/c19ec45697e23a121b3a1acb797a8319-dd06h0t.jpg" height="150" width="113"/>            <media:thumbnail url="https://t00.deviantart.net/S1kpKWauItsmZf41TLwnOMLM5hQ=/fit-in/300x900/filters:no_upscale():origin()/pre00/c734/th/pre/f/2019/050/c/1/c19ec45697e23a121b3a1acb797a8319-dd06h0t.jpg" height="400" width="300"/>            <media:thumbnail url="https://t00.deviantart.net/p6zS9Dx4ewJcHd2BfWCdMUdHnYs=/300x200/filters:fixed_height(100,100):origin()/pre00/c734/th/pre/f/2019/050/c/1/c19ec45697e23a121b3a1acb797a8319-dd06h0t.jpg" height="200" width="150"/>            <media:content url="https://pre00.deviantart.net/c734/th/pre/f/2019/050/c/1/c19ec45697e23a121b3a1acb797a8319-dd06h0t.jpg" height="1032" width="774" medium="image"/>            
            <description>ritratto di bambina&lt;br /&gt;&lt;div&gt;&lt;img src=&quot;https://t00.deviantart.net/p6zS9Dx4ewJcHd2BfWCdMUdHnYs=/300x200/filters:fixed_height(100,100):origin()/pre00/c734/th/pre/f/2019/050/c/1/c19ec45697e23a121b3a1acb797a8319-dd06h0t.jpg&quot; alt=&quot;thumbnail&quot; /&gt;&lt;/div&gt;</description>            </item>
                    <item>
                <title>Boucle Unicorn Import N259</title>
                <link>https://tigressdesign.deviantart.com/art/Boucle-Unicorn-Import-N259-786344314</link>
                <guid isPermaLink="true">https://tigressdesign.deviantart.com/art/Boucle-Unicorn-Import-N259-786344314</guid>
                <pubDate>Tue, 19 Feb 2019 12:32:15 PST</pubDate>
                        <media:title type="plain">Boucle Unicorn Import N259</media:title>
        <media:keywords></media:keywords>
                        <media:rating>nonadult</media:rating>
                <media:category label="Animals">digitalart/paintings/animals</media:category>
        <media:credit role="author" scheme="urn:ebu">TigressDesign</media:credit>
        <media:credit role="author" scheme="urn:ebu">https://a.deviantart.net/avatars/t/i/tigressdesign.png?9</media:credit>
        <media:copyright url="https://tigressdesign.deviantart.com">Copyright 2019 TigressDesign</media:copyright>            <media:description type="html">&lt;b&gt;Imported to &lt;span class=&quot;username-with-symbol u&quot;&gt;&lt;a class=&quot;u regular username&quot; href=&quot;https://www.deviantart.com/bloodwolfshowl&quot;&gt;BloodWolfsHowl&lt;/a&gt;&lt;span class=&quot;user-symbol regular&quot; data-quicktip-text=&quot;&quot; data-show-tooltip=&quot;&quot; data-gruser-type=&quot;regular&quot;&gt;&lt;/span&gt;&lt;/span&gt; for F422 Wizard Reward&lt;/b&gt;&lt;br /&gt;&lt;br /&gt;&lt;b&gt;Name:&lt;/b&gt; Dracaris &lt;i&gt;Can be changed&lt;/i&gt;&lt;br /&gt;&lt;b&gt;Age:&lt;/b&gt; &lt;i&gt;Decided by owner&lt;/i&gt;&lt;br /&gt;&lt;b&gt;Height:&lt;/b&gt; 17 hh&lt;br /&gt;&lt;b&gt;Breed:&lt;/b&gt; Boucle Unicorn&lt;br /&gt;&lt;b&gt;Birthstone:&lt;/b&gt; Kunzite&lt;br /&gt;&lt;b&gt;Gender:&lt;/b&gt;&amp;nbsp;Mare&lt;br /&gt;&lt;b&gt;Colour:&lt;/b&gt; Silver Noir Sabino Rabicano Tatouage with Reverse Brindle (Rapunzel)&lt;br /&gt;&lt;b&gt;Genotype:&lt;/b&gt; &lt;i&gt;Ee/aa/ZZ&lt;/i&gt;&lt;i&gt;/SbSb&lt;/i&gt;&lt;i&gt;/RbRb/nTa/(R)&lt;br /&gt;&lt;br /&gt;Designed by &lt;span class=&quot;username-with-symbol u&quot;&gt;&lt;a class=&quot;u regular username&quot; href=&quot;https://www.deviantart.com/bloodwolfshowl&quot;&gt;BloodWolfsHowl&lt;/a&gt;&lt;span class=&quot;user-symbol regular&quot; data-quicktip-text=&quot;&quot; data-show-tooltip=&quot;&quot; data-gruser-type=&quot;regular&quot;&gt;&lt;/span&gt;&lt;/span&gt;&lt;/i&gt;</media:description>            <media:thumbnail url="https://t00.deviantart.net/AmzcIByFlNFfVJNB-i1TgmGsE34=/fit-in/150x150/filters:no_upscale():origin()/pre00/a107/th/pre/i/2019/050/7/f/boucle_unicorn_import_n259_by_tigressdesign-dd0635m.png" height="104" width="150"/>            <media:thumbnail url="https://t00.deviantart.net/SEdfzBLp5gJT47lmteE75Ji8r18=/fit-in/300x900/filters:no_upscale():origin()/pre00/a107/th/pre/i/2019/050/7/f/boucle_unicorn_import_n259_by_tigressdesign-dd0635m.png" height="208" width="300"/>            <media:thumbnail url="https://t00.deviantart.net/p_3MLCOt6nDaveT0a8wfNY7HmRs=/300x200/filters:fixed_height(100,100):origin()/pre00/a107/th/pre/i/2019/050/7/f/boucle_unicorn_import_n259_by_tigressdesign-dd0635m.png" height="200" width="288"/>            <media:content url="https://pre00.deviantart.net/a107/th/pre/i/2019/050/7/f/boucle_unicorn_import_n259_by_tigressdesign-dd0635m.png" height="744" width="1073" medium="image"/>            
            <description>&lt;b&gt;Imported to &lt;span class=&quot;username-with-symbol u&quot;&gt;&lt;a class=&quot;u regular username&quot; href=&quot;https://www.deviantart.com/bloodwolfshowl&quot;&gt;BloodWolfsHowl&lt;/a&gt;&lt;span class=&quot;user-symbol regular&quot; data-quicktip-text=&quot;&quot; data-show-tooltip=&quot;&quot; data-gruser-type=&quot;regular&quot;&gt;&lt;/span&gt;&lt;/span&gt; for F422 Wizard Reward&lt;/b&gt;&lt;br /&gt;&lt;br /&gt;&lt;b&gt;Name:&lt;/b&gt; Dracaris &lt;i&gt;Can be changed&lt;/i&gt;&lt;br /&gt;&lt;b&gt;Age:&lt;/b&gt; &lt;i&gt;Decided by owner&lt;/i&gt;&lt;br /&gt;&lt;b&gt;Height:&lt;/b&gt; 17 hh&lt;br /&gt;&lt;b&gt;Breed:&lt;/b&gt; Boucle Unicorn&lt;br /&gt;&lt;b&gt;Birthstone:&lt;/b&gt; Kunzite&lt;br /&gt;&lt;b&gt;Gender:&lt;/b&gt;&amp;nbsp;Mare&lt;br /&gt;&lt;b&gt;Colour:&lt;/b&gt; Silver Noir Sabino Rabicano Tatouage with Reverse Brindle (Rapunzel)&lt;br /&gt;&lt;b&gt;Genotype:&lt;/b&gt; &lt;i&gt;Ee/aa/ZZ&lt;/i&gt;&lt;i&gt;/SbSb&lt;/i&gt;&lt;i&gt;/RbRb/nTa/(R)&lt;br /&gt;&lt;br /&gt;Designed by &lt;span class=&quot;username-with-symbol u&quot;&gt;&lt;a class=&quot;u regular username&quot; href=&quot;https://www.deviantart.com/bloodwolfshowl&quot;&gt;BloodWolfsHowl&lt;/a&gt;&lt;span class=&quot;user-symbol regular&quot; data-quicktip-text=&quot;&quot; data-show-tooltip=&quot;&quot; data-gruser-type=&quot;regular&quot;&gt;&lt;/span&gt;&lt;/span&gt;&lt;/i&gt;&lt;br /&gt;&lt;div&gt;&lt;img src=&quot;https://t00.deviantart.net/p_3MLCOt6nDaveT0a8wfNY7HmRs=/300x200/filters:fixed_height(100,100):origin()/pre00/a107/th/pre/i/2019/050/7/f/boucle_unicorn_import_n259_by_tigressdesign-dd0635m.png&quot; alt=&quot;thumbnail&quot; /&gt;&lt;/div&gt;</description>            </item>
                    <item>
                <title>moved to nata-liar</title>
                <link>https://silvery-artwork.deviantart.com/art/moved-to-nata-liar-786362663</link>
                <guid isPermaLink="true">https://silvery-artwork.deviantart.com/art/moved-to-nata-liar-786362663</guid>
                <pubDate>Tue, 19 Feb 2019 12:32:15 PST</pubDate>
                        <media:title type="plain">moved to nata-liar</media:title>
        <media:keywords></media:keywords>
                        <media:rating>nonadult</media:rating>
                <media:category label="Portraits">digitalart/paintings/people/portraits</media:category>
        <media:credit role="author" scheme="urn:ebu">Silvery-Artwork</media:credit>
        <media:credit role="author" scheme="urn:ebu">https://a.deviantart.net/avatars/s/i/silvery-artwork.png?9</media:credit>
        <media:copyright url="https://silvery-artwork.deviantart.com">Copyright 2019 Silvery-Artwork</media:copyright>            <media:description type="html">&lt;a target=&quot;_self&quot; href=&quot;https://www.deviantart.com/nata-liar&quot; &gt;&lt;img class=&quot;avatar&quot; width=&quot;50&quot; height=&quot;50&quot; src=&quot;https://a.deviantart.net/avatars/default.gif&quot; alt=&quot;:iconnata-liar:&quot; title=&quot;nata-liar&quot; /&gt;&lt;/a&gt;&lt;br /&gt;&lt;br /&gt;moving accounts is such a pain but i just gotta do it i promise i didn&#039;t kill someone or steal art or anything&lt;br /&gt;i&#039;ll submit a few of my more recent artworks there so don&#039;t fret</media:description>            <media:thumbnail url="https://t00.deviantart.net/33Gzbck1BkPqWQgp3VWrdZJjK4U=/fit-in/150x150/filters:no_upscale():origin()/pre00/9972/th/pre/f/2019/050/4/3/aa_by_silvery_artwork-dd06hbb.png" height="103" width="150"/>            <media:thumbnail url="https://t00.deviantart.net/bTSH-eS49IwAMXEFftlmsAxkflo=/fit-in/300x900/filters:no_upscale():origin()/pre00/9972/th/pre/f/2019/050/4/3/aa_by_silvery_artwork-dd06hbb.png" height="206" width="300"/>            <media:thumbnail url="https://t00.deviantart.net/6bGKUyCrjrIc5Hvl04DhQ0449yI=/300x200/filters:fixed_height(100,100):origin()/pre00/9972/th/pre/f/2019/050/4/3/aa_by_silvery_artwork-dd06hbb.png" height="200" width="292"/>            <media:content url="https://pre00.deviantart.net/9972/th/pre/f/2019/050/4/3/aa_by_silvery_artwork-dd06hbb.png" height="740" width="1079" medium="image"/>            
            <description>&lt;a target=&quot;_self&quot; href=&quot;https://www.deviantart.com/nata-liar&quot; &gt;&lt;img class=&quot;avatar&quot; width=&quot;50&quot; height=&quot;50&quot; src=&quot;https://a.deviantart.net/avatars/default.gif&quot; alt=&quot;:iconnata-liar:&quot; title=&quot;nata-liar&quot; /&gt;&lt;/a&gt;&lt;br /&gt;&lt;br /&gt;moving accounts is such a pain but i just gotta do it i promise i didn&#039;t kill someone or steal art or anything&lt;br /&gt;i&#039;ll submit a few of my more recent artworks there so don&#039;t fret&lt;br /&gt;&lt;div&gt;&lt;img src=&quot;https://t00.deviantart.net/6bGKUyCrjrIc5Hvl04DhQ0449yI=/300x200/filters:fixed_height(100,100):origin()/pre00/9972/th/pre/f/2019/050/4/3/aa_by_silvery_artwork-dd06hbb.png&quot; alt=&quot;thumbnail&quot; /&gt;&lt;/div&gt;</description>            </item>
                    <item>
                <title>Meadow&#039;s New Friend</title>
                <link>https://hershey990.deviantart.com/art/Meadow-s-New-Friend-786360301</link>
                <guid isPermaLink="true">https://hershey990.deviantart.com/art/Meadow-s-New-Friend-786360301</guid>
                <pubDate>Tue, 19 Feb 2019 12:32:15 PST</pubDate>
                        <media:title type="plain">Meadow&#039;s New Friend</media:title>
        <media:keywords></media:keywords>
                        <media:rating>nonadult</media:rating>
                <media:category label="Drawings">cartoons/traditional/cartoons/drawings</media:category>
        <media:credit role="author" scheme="urn:ebu">hershey990</media:credit>
        <media:credit role="author" scheme="urn:ebu">https://a.deviantart.net/avatars/h/e/hershey990.png?9</media:credit>
        <media:copyright url="https://hershey990.deviantart.com">Copyright 2019 hershey990</media:copyright>            <media:description type="html">I haven&#039;t drawn Meadow in awhile so...&lt;br /&gt;&lt;br /&gt;Recently Meadow has found a new friend in the form of a boy named Marion Registine or Mars as he prefers to be called. He and Meadow met at her aunts flower shop where he ordered orchids for his aunt&#039;s birthday party and after he helped Meadow with the order, the two admittedly hit it off.</media:description>            <media:thumbnail url="https://t00.deviantart.net/sSu-5e6MplTiCVDQPf4KGUnuXIM=/fit-in/150x150/filters:no_upscale():origin()/pre00/c829/th/pre/f/2019/050/8/7/meadow_s_new_friend_by_hershey990-dd06fhp.png" height="102" width="150"/>            <media:thumbnail url="https://t00.deviantart.net/jWcvOIBXjylJIZAuFckSFnFweOY=/fit-in/300x900/filters:no_upscale():origin()/pre00/c829/th/pre/f/2019/050/8/7/meadow_s_new_friend_by_hershey990-dd06fhp.png" height="204" width="300"/>            <media:thumbnail url="https://t00.deviantart.net/gK-LMuM64yPZ1ycWWrNoO6wIiR4=/300x200/filters:fixed_height(100,100):origin()/pre00/c829/th/pre/f/2019/050/8/7/meadow_s_new_friend_by_hershey990-dd06fhp.png" height="200" width="295"/>            <media:content url="https://orig00.deviantart.net/2f61/f/2019/050/8/7/meadow_s_new_friend_by_hershey990-dd06fhp.png" height="676" width="996" medium="image"/>            
            <description>I haven&#039;t drawn Meadow in awhile so...&lt;br /&gt;&lt;br /&gt;Recently Meadow has found a new friend in the form of a boy named Marion Registine or Mars as he prefers to be called. He and Meadow met at her aunts flower shop where he ordered orchids for his aunt&#039;s birthday party and after he helped Meadow with the order, the two admittedly hit it off.&lt;br /&gt;&lt;div&gt;&lt;img src=&quot;https://t00.deviantart.net/gK-LMuM64yPZ1ycWWrNoO6wIiR4=/300x200/filters:fixed_height(100,100):origin()/pre00/c829/th/pre/f/2019/050/8/7/meadow_s_new_friend_by_hershey990-dd06fhp.png&quot; alt=&quot;thumbnail&quot; /&gt;&lt;/div&gt;</description>            </item>
                    <item>
                <title>Rich kid syndrome strikes again</title>
                <link>https://same-old-davey.deviantart.com/art/Rich-kid-syndrome-strikes-again-786350090</link>
                <guid isPermaLink="true">https://same-old-davey.deviantart.com/art/Rich-kid-syndrome-strikes-again-786350090</guid>
                <pubDate>Tue, 19 Feb 2019 12:32:14 PST</pubDate>
                        <media:title type="plain">Rich kid syndrome strikes again</media:title>
        <media:keywords></media:keywords>
                        <media:rating>nonadult</media:rating>
                <media:category label="Movies &amp; TV">fanart/digital/painting/movies</media:category>
        <media:credit role="author" scheme="urn:ebu">same-old-davey</media:credit>
        <media:credit role="author" scheme="urn:ebu">https://a.deviantart.net/avatars/s/a/same-old-davey.jpg?9</media:credit>
        <media:copyright url="https://same-old-davey.deviantart.com">Copyright 2019 same-old-davey</media:copyright>            <media:description type="html">Whenever a card shop opens up like Ali Polo&#039;s, eventually there will be someone who tries to dominate the game with the power of cash money. That someone is Edward! He wants to win not with strategy, but by simply having more cards than anyone else.</media:description>            <media:thumbnail url="https://t00.deviantart.net/fCh2thf4xNSSBvmGdM9Typjd8x0=/fit-in/150x150/filters:no_upscale():origin()/pre00/3c6a/th/pre/i/2019/050/a/2/rich_kid_syndrome_strikes_again_by_same_old_davey-dd067m2.png" height="90" width="150"/>            <media:thumbnail url="https://t00.deviantart.net/WMEiLxtfGQBgMpHRCUEVNfNlf7o=/fit-in/300x900/filters:no_upscale():origin()/pre00/3c6a/th/pre/i/2019/050/a/2/rich_kid_syndrome_strikes_again_by_same_old_davey-dd067m2.png" height="180" width="300"/>            <media:thumbnail url="https://t00.deviantart.net/sYNgSiReFqCQ8kJN9GTj76m6K1w=/300x200/filters:fixed_height(100,100):origin()/pre00/3c6a/th/pre/i/2019/050/a/2/rich_kid_syndrome_strikes_again_by_same_old_davey-dd067m2.png" height="180" width="300"/>            <media:content url="https://pre00.deviantart.net/3c6a/th/pre/i/2019/050/a/2/rich_kid_syndrome_strikes_again_by_same_old_davey-dd067m2.png" height="693" width="1153" medium="image"/>            
            <description>Whenever a card shop opens up like Ali Polo&#039;s, eventually there will be someone who tries to dominate the game with the power of cash money. That someone is Edward! He wants to win not with strategy, but by simply having more cards than anyone else.&lt;br /&gt;&lt;div&gt;&lt;img src=&quot;https://t00.deviantart.net/sYNgSiReFqCQ8kJN9GTj76m6K1w=/300x200/filters:fixed_height(100,100):origin()/pre00/3c6a/th/pre/i/2019/050/a/2/rich_kid_syndrome_strikes_again_by_same_old_davey-dd067m2.png&quot; alt=&quot;thumbnail&quot; /&gt;&lt;/div&gt;</description>            </item>
                    <item>
                <title>Boi-O-Don</title>
                <link>https://ryuketsu1022.deviantart.com/art/Boi-O-Don-786362943</link>
                <guid isPermaLink="true">https://ryuketsu1022.deviantart.com/art/Boi-O-Don-786362943</guid>
                <pubDate>Tue, 19 Feb 2019 12:32:13 PST</pubDate>
                        <media:title type="plain">Boi-O-Don</media:title>
        <media:keywords></media:keywords>
                        <media:rating>nonadult</media:rating>
                <media:category label="Portraits">digitalart/paintings/people/portraits</media:category>
        <media:credit role="author" scheme="urn:ebu">Ryuketsu1022</media:credit>
        <media:credit role="author" scheme="urn:ebu">https://a.deviantart.net/avatars/r/y/ryuketsu1022.png?13</media:credit>
        <media:copyright url="https://ryuketsu1022.deviantart.com">Copyright 2019 Ryuketsu1022</media:copyright>            <media:description type="html">I dino man mascot&amp;nbsp;</media:description>            <media:thumbnail url="https://t00.deviantart.net/pF-82MsnFmyUS9n2MkffAn-YIrQ=/fit-in/150x150/filters:no_upscale():origin()/pre00/86f9/th/pre/i/2019/050/f/c/boi_o_don_by_ryuketsu1022-dd06hj3.jpg" height="150" width="124"/>            <media:thumbnail url="https://t00.deviantart.net/r39wGv6QGCnr90BKzv73A3hg2Qs=/fit-in/300x900/filters:no_upscale():origin()/pre00/86f9/th/pre/i/2019/050/f/c/boi_o_don_by_ryuketsu1022-dd06hj3.jpg" height="364" width="300"/>            <media:thumbnail url="https://t00.deviantart.net/yarWzWKruqx4Hy7_kkj-wrmrylk=/300x200/filters:fixed_height(100,100):origin()/pre00/86f9/th/pre/i/2019/050/f/c/boi_o_don_by_ryuketsu1022-dd06hj3.jpg" height="200" width="165"/>            <media:content url="https://pre00.deviantart.net/86f9/th/pre/i/2019/050/f/c/boi_o_don_by_ryuketsu1022-dd06hj3.jpg" height="985" width="811" medium="image"/>            
            <description>I dino man mascot&amp;nbsp;&lt;br /&gt;&lt;div&gt;&lt;img src=&quot;https://t00.deviantart.net/yarWzWKruqx4Hy7_kkj-wrmrylk=/300x200/filters:fixed_height(100,100):origin()/pre00/86f9/th/pre/i/2019/050/f/c/boi_o_don_by_ryuketsu1022-dd06hj3.jpg&quot; alt=&quot;thumbnail&quot; /&gt;&lt;/div&gt;</description>            </item>
                    <item>
                <title>Ariel et Eric</title>
                <link>https://ramonawings.deviantart.com/art/Ariel-et-Eric-786362720</link>
                <guid isPermaLink="true">https://ramonawings.deviantart.com/art/Ariel-et-Eric-786362720</guid>
                <pubDate>Tue, 19 Feb 2019 12:32:13 PST</pubDate>
                        <media:title type="plain">Ariel et Eric</media:title>
        <media:keywords></media:keywords>
                        <media:rating>nonadult</media:rating>
                <media:category label="Other">photography/people/other</media:category>
        <media:credit role="author" scheme="urn:ebu">Ramonawings</media:credit>
        <media:credit role="author" scheme="urn:ebu">https://a.deviantart.net/avatars/r/a/ramonawings.jpg?4</media:credit>
        <media:copyright url="https://ramonawings.deviantart.com">Copyright 2019 Ramonawings</media:copyright>            <media:description type="html"></media:description>            <media:thumbnail url="https://t00.deviantart.net/1yGIQ6x4Q90u3IAjheVSJMjWslw=/fit-in/150x150/filters:no_upscale():origin()/pre00/9a56/th/pre/i/2019/050/4/b/ariel_et_eric_by_ramonawings-dd06hcw.jpg" height="99" width="150"/>            <media:thumbnail url="https://t00.deviantart.net/3FrdEC3Gj4TTJc2wmRw-xaAlcOg=/fit-in/300x900/filters:no_upscale():origin()/pre00/9a56/th/pre/i/2019/050/4/b/ariel_et_eric_by_ramonawings-dd06hcw.jpg" height="199" width="300"/>            <media:thumbnail url="https://t00.deviantart.net/zd0pSoY7_U3UXbpQEhTvAHuZDfg=/300x200/filters:fixed_height(100,100):origin()/pre00/9a56/th/pre/i/2019/050/4/b/ariel_et_eric_by_ramonawings-dd06hcw.jpg" height="199" width="300"/>            <media:content url="https://img00.deviantart.net/8ea5/i/2019/050/4/b/ariel_et_eric_by_ramonawings-dd06hcw.jpg" height="678" width="1024" medium="image"/>            
            <description>&lt;br /&gt;&lt;div&gt;&lt;img src=&quot;https://t00.deviantart.net/zd0pSoY7_U3UXbpQEhTvAHuZDfg=/300x200/filters:fixed_height(100,100):origin()/pre00/9a56/th/pre/i/2019/050/4/b/ariel_et_eric_by_ramonawings-dd06hcw.jpg&quot; alt=&quot;thumbnail&quot; /&gt;&lt;/div&gt;</description>            </item>
                    <item>
                <title>Daughter of Hollownest</title>
                <link>https://xlydrs.deviantart.com/art/Daughter-of-Hollownest-786362473</link>
                <guid isPermaLink="true">https://xlydrs.deviantart.com/art/Daughter-of-Hollownest-786362473</guid>
                <pubDate>Tue, 19 Feb 2019 12:32:13 PST</pubDate>
                        <media:title type="plain">Daughter of Hollownest</media:title>
        <media:keywords></media:keywords>
                        <media:rating>nonadult</media:rating>
                <media:category label="Games">fanart/digital/drawings/games</media:category>
        <media:credit role="author" scheme="urn:ebu">Xlydrs</media:credit>
        <media:credit role="author" scheme="urn:ebu">https://a.deviantart.net/avatars/x/l/xlydrs.gif?3</media:credit>
        <media:copyright url="https://xlydrs.deviantart.com">Copyright 2019 Xlydrs</media:copyright>            <media:description type="html">Hornet is probably my favorite character from Hollow Knight (honestly it&#039;s a tie between Hornet and Grimm) and since the reveal of Hollow Knight Silksong came out, it&#039;s about time I finally drew Hornet. I am absolutely rabid over Silksong. I am so unbelievably hyped for Team Cherry&#039;s next miracle.&amp;nbsp;</media:description>            <media:thumbnail url="https://t00.deviantart.net/zWQe6k2EWyuvbWneSmD_gvDgvG0=/fit-in/150x150/filters:no_upscale():origin()/pre00/051e/th/pre/i/2019/050/a/7/daughter_of_hollownest_by_xlydrs-dd06h61.jpg" height="113" width="150"/>            <media:thumbnail url="https://t00.deviantart.net/QvZYF_nEmoWgK_1LvosnHPhMal0=/fit-in/300x900/filters:no_upscale():origin()/pre00/051e/th/pre/i/2019/050/a/7/daughter_of_hollownest_by_xlydrs-dd06h61.jpg" height="225" width="300"/>            <media:thumbnail url="https://t00.deviantart.net/9z5OcETu5gMZM59BdICaxDtHkhg=/300x200/filters:fixed_height(100,100):origin()/pre00/051e/th/pre/i/2019/050/a/7/daughter_of_hollownest_by_xlydrs-dd06h61.jpg" height="200" width="267"/>            <media:content url="https://pre00.deviantart.net/051e/th/pre/i/2019/050/a/7/daughter_of_hollownest_by_xlydrs-dd06h61.jpg" height="774" width="1032" medium="image"/>            
            <description>Hornet is probably my favorite character from Hollow Knight (honestly it&#039;s a tie between Hornet and Grimm) and since the reveal of Hollow Knight Silksong came out, it&#039;s about time I finally drew Hornet. I am absolutely rabid over Silksong. I am so unbelievably hyped for Team Cherry&#039;s next miracle.&amp;nbsp;&lt;br /&gt;&lt;div&gt;&lt;img src=&quot;https://t00.deviantart.net/9z5OcETu5gMZM59BdICaxDtHkhg=/300x200/filters:fixed_height(100,100):origin()/pre00/051e/th/pre/i/2019/050/a/7/daughter_of_hollownest_by_xlydrs-dd06h61.jpg&quot; alt=&quot;thumbnail&quot; /&gt;&lt;/div&gt;</description>            </item>
                    <item>
                <title>noctis lucis caelum</title>
                <link>https://ibukijackoyama75.deviantart.com/art/noctis-lucis-caelum-786362962</link>
                <guid isPermaLink="true">https://ibukijackoyama75.deviantart.com/art/noctis-lucis-caelum-786362962</guid>
                <pubDate>Tue, 19 Feb 2019 12:32:13 PST</pubDate>
                        <media:title type="plain">noctis lucis caelum</media:title>
        <media:keywords></media:keywords>
                        <media:rating>nonadult</media:rating>
                <media:category label="Cosplay &amp; Role-Playing">artisan/costumes/costumes/cosplay</media:category>
        <media:credit role="author" scheme="urn:ebu">IbukiJackOyama75</media:credit>
        <media:credit role="author" scheme="urn:ebu">https://a.deviantart.net/avatars/i/b/ibukijackoyama75.jpg?4</media:credit>
        <media:copyright url="https://ibukijackoyama75.deviantart.com">Copyright 2019 IbukiJackOyama75</media:copyright>            <media:description type="html"></media:description>            <media:thumbnail url="https://t00.deviantart.net/YXyG2GuTW19MYYcCAUm5d4dHAss=/fit-in/150x150/filters:no_upscale():origin()/pre00/47cb/th/pre/i/2019/050/c/9/noctis_lucis_caelum_by_ibukijackoyama75-dd06hjm.jpg" height="100" width="150"/>            <media:thumbnail url="https://t00.deviantart.net/z4-4kKfZfFKGAxb7JBfgJmSyfgI=/fit-in/300x900/filters:no_upscale():origin()/pre00/47cb/th/pre/i/2019/050/c/9/noctis_lucis_caelum_by_ibukijackoyama75-dd06hjm.jpg" height="200" width="300"/>            <media:thumbnail url="https://t00.deviantart.net/_I-tF9-ycsTedLBqwoXIr7cFSyM=/300x200/filters:fixed_height(100,100):origin()/pre00/47cb/th/pre/i/2019/050/c/9/noctis_lucis_caelum_by_ibukijackoyama75-dd06hjm.jpg" height="200" width="300"/>            <media:content url="https://pre00.deviantart.net/47cb/th/pre/i/2019/050/c/9/noctis_lucis_caelum_by_ibukijackoyama75-dd06hjm.jpg" height="730" width="1095" medium="image"/>            
            <description>&lt;br /&gt;&lt;div&gt;&lt;img src=&quot;https://t00.deviantart.net/_I-tF9-ycsTedLBqwoXIr7cFSyM=/300x200/filters:fixed_height(100,100):origin()/pre00/47cb/th/pre/i/2019/050/c/9/noctis_lucis_caelum_by_ibukijackoyama75-dd06hjm.jpg&quot; alt=&quot;thumbnail&quot; /&gt;&lt;/div&gt;</description>            </item>
                    <item>
                <title>[Comm]Nestle Sandiego for Jayn1</title>
                <link>https://kurara-shikaze.deviantart.com/art/Comm-Nestle-Sandiego-for-Jayn1-786362564</link>
                <guid isPermaLink="true">https://kurara-shikaze.deviantart.com/art/Comm-Nestle-Sandiego-for-Jayn1-786362564</guid>
                <pubDate>Tue, 19 Feb 2019 12:32:11 PST</pubDate>
                        <media:title type="plain">[Comm]Nestle Sandiego for Jayn1</media:title>
        <media:keywords></media:keywords>
                        <media:rating>nonadult</media:rating>
                <media:category label="Other">traditional/mixedmedia/other</media:category>
        <media:credit role="author" scheme="urn:ebu">Kurara-Shikaze</media:credit>
        <media:credit role="author" scheme="urn:ebu">https://a.deviantart.net/avatars/k/u/kurara-shikaze.jpg?12</media:credit>
        <media:copyright url="https://kurara-shikaze.deviantart.com">Copyright 2019 Kurara-Shikaze</media:copyright>            <media:description type="html">&lt;div&gt;This one&#039;s for my dear &lt;a target=&quot;_self&quot; href=&quot;https://www.deviantart.com/jayn1&quot; &gt;&lt;img class=&quot;avatar&quot; width=&quot;50&quot; height=&quot;50&quot; src=&quot;https://a.deviantart.net/avatars/j/a/jayn1.jpg?8&quot; alt=&quot;:iconjayn1:&quot; title=&quot;Jayn1&quot; /&gt;&lt;/a&gt;&lt;/div&gt;&lt;div&gt;&lt;br /&gt;&lt;/div&gt;&lt;div&gt;I love Nestle and I should watch Carmen Sandiego&#039;s new series on netflix because she&#039;s a babe!!&lt;/div&gt;&lt;div&gt;&lt;br /&gt;&lt;/div&gt;&lt;div&gt;&lt;br /&gt;&lt;/div&gt;&lt;div&gt;Hope you enjoy the pic...I used to like the Eiffel Tower but now it only brings pain to my hand lol.&lt;/div&gt;&lt;div&gt;&lt;br /&gt;&lt;/div&gt;&lt;div&gt;&lt;br /&gt;&lt;/div&gt;&lt;div&gt;Nestle (c) &lt;span class=&quot;username-with-symbol u&quot;&gt;&lt;a class=&quot;u regular username&quot; href=&quot;https://www.deviantart.com/jayn1&quot;&gt;Jayn1&lt;/a&gt;&lt;span class=&quot;user-symbol regular&quot; data-quicktip-text=&quot;&quot; data-show-tooltip=&quot;&quot; data-gruser-type=&quot;regular&quot;&gt;&lt;/span&gt;&lt;/span&gt;&lt;br /&gt;&lt;/div&gt;</media:description>            <media:thumbnail url="https://t00.deviantart.net/fICL_smJv8E95b2hHaVmao0tjv4=/fit-in/150x150/filters:no_upscale():origin()/pre00/b88e/th/pre/i/2019/050/6/d/_comm_nestle_sandiego_for_jayn1_by_kurara_shikaze-dd06h8k.jpg" height="142" width="150"/>            <media:thumbnail url="https://t00.deviantart.net/Tbvopyv_5xTs2_TDoFP5qVw9NEw=/fit-in/300x900/filters:no_upscale():origin()/pre00/b88e/th/pre/i/2019/050/6/d/_comm_nestle_sandiego_for_jayn1_by_kurara_shikaze-dd06h8k.jpg" height="284" width="300"/>            <media:thumbnail url="https://t00.deviantart.net/f5unR-5ZrJJFMuN-64HBieqXSFU=/300x200/filters:fixed_height(100,100):origin()/pre00/b88e/th/pre/i/2019/050/6/d/_comm_nestle_sandiego_for_jayn1_by_kurara_shikaze-dd06h8k.jpg" height="200" width="211"/>            <media:content url="https://img00.deviantart.net/4d7e/i/2019/050/6/d/_comm_nestle_sandiego_for_jayn1_by_kurara_shikaze-dd06h8k.jpg" height="759" width="800" medium="image"/>            
            <description>&lt;div&gt;This one&#039;s for my dear &lt;a target=&quot;_self&quot; href=&quot;https://www.deviantart.com/jayn1&quot; &gt;&lt;img class=&quot;avatar&quot; width=&quot;50&quot; height=&quot;50&quot; src=&quot;https://a.deviantart.net/avatars/j/a/jayn1.jpg?8&quot; alt=&quot;:iconjayn1:&quot; title=&quot;Jayn1&quot; /&gt;&lt;/a&gt;&lt;/div&gt;&lt;div&gt;&lt;br /&gt;&lt;/div&gt;&lt;div&gt;I love Nestle and I should watch Carmen Sandiego&#039;s new series on netflix because she&#039;s a babe!!&lt;/div&gt;&lt;div&gt;&lt;br /&gt;&lt;/div&gt;&lt;div&gt;&lt;br /&gt;&lt;/div&gt;&lt;div&gt;Hope you enjoy the pic...I used to like the Eiffel Tower but now it only brings pain to my hand lol.&lt;/div&gt;&lt;div&gt;&lt;br /&gt;&lt;/div&gt;&lt;div&gt;&lt;br /&gt;&lt;/div&gt;&lt;div&gt;Nestle (c) &lt;span class=&quot;username-with-symbol u&quot;&gt;&lt;a class=&quot;u regular username&quot; href=&quot;https://www.deviantart.com/jayn1&quot;&gt;Jayn1&lt;/a&gt;&lt;span class=&quot;user-symbol regular&quot; data-quicktip-text=&quot;&quot; data-show-tooltip=&quot;&quot; data-gruser-type=&quot;regular&quot;&gt;&lt;/span&gt;&lt;/span&gt;&lt;br /&gt;&lt;/div&gt;&lt;br /&gt;&lt;div&gt;&lt;img src=&quot;https://t00.deviantart.net/f5unR-5ZrJJFMuN-64HBieqXSFU=/300x200/filters:fixed_height(100,100):origin()/pre00/b88e/th/pre/i/2019/050/6/d/_comm_nestle_sandiego_for_jayn1_by_kurara_shikaze-dd06h8k.jpg&quot; alt=&quot;thumbnail&quot; /&gt;&lt;/div&gt;</description>            </item>
                    <item>
                <title>Berliner Bruecke in Halle an der Saale</title>
                <link>https://alex2662011.deviantart.com/art/Berliner-Bruecke-in-Halle-an-der-Saale-786362842</link>
                <guid isPermaLink="true">https://alex2662011.deviantart.com/art/Berliner-Bruecke-in-Halle-an-der-Saale-786362842</guid>
                <pubDate>Tue, 19 Feb 2019 12:32:11 PST</pubDate>
                        <media:title type="plain">Berliner Bruecke in Halle an der Saale</media:title>
        <media:keywords></media:keywords>
                        <media:rating>nonadult</media:rating>
                <media:category label="Transportation">photography/transportation</media:category>
        <media:credit role="author" scheme="urn:ebu">Alex2662011</media:credit>
        <media:credit role="author" scheme="urn:ebu">https://a.deviantart.net/avatars/a/l/alex2662011.jpg?9</media:credit>
        <media:copyright url="https://alex2662011.deviantart.com">Copyright 2019 Alex2662011</media:copyright>            <media:description type="html"></media:description>            <media:thumbnail url="https://t00.deviantart.net/xDUPMgANA4Jw2hK9iHL_M4aqzcM=/fit-in/150x150/filters:no_upscale():origin()/pre00/187b/th/pre/f/2019/050/2/8/untitled_by_alex2662011-dd06hga.jpg" height="84" width="150"/>            <media:thumbnail url="https://t00.deviantart.net/UMBMhwYstsX-rftqRfSmh3odNsw=/fit-in/300x900/filters:no_upscale():origin()/pre00/187b/th/pre/f/2019/050/2/8/untitled_by_alex2662011-dd06hga.jpg" height="168" width="300"/>            <media:thumbnail url="https://t00.deviantart.net/MbuYDJ1CeQ9QVJfHwXq_j-CT1t8=/300x200/filters:fixed_height(100,100):origin()/pre00/187b/th/pre/f/2019/050/2/8/untitled_by_alex2662011-dd06hga.jpg" height="168" width="300"/>            <media:content url="https://pre00.deviantart.net/187b/th/pre/f/2019/050/2/8/untitled_by_alex2662011-dd06hga.jpg" height="670" width="1193" medium="image"/>            
            <description>&lt;br /&gt;&lt;div&gt;&lt;img src=&quot;https://t00.deviantart.net/MbuYDJ1CeQ9QVJfHwXq_j-CT1t8=/300x200/filters:fixed_height(100,100):origin()/pre00/187b/th/pre/f/2019/050/2/8/untitled_by_alex2662011-dd06hga.jpg&quot; alt=&quot;thumbnail&quot; /&gt;&lt;/div&gt;</description>            </item>
                    <item>
                <title>Caterpillar</title>
                <link>https://gojiracipher.deviantart.com/art/Caterpillar-786361669</link>
                <guid isPermaLink="true">https://gojiracipher.deviantart.com/art/Caterpillar-786361669</guid>
                <pubDate>Tue, 19 Feb 2019 12:32:09 PST</pubDate>
                        <media:title type="plain">Caterpillar</media:title>
        <media:keywords></media:keywords>
                        <media:rating>nonadult</media:rating>
                <media:category label="Invertebrates">photography/nature/insects</media:category>
        <media:credit role="author" scheme="urn:ebu">GojiraCipher</media:credit>
        <media:credit role="author" scheme="urn:ebu">https://a.deviantart.net/avatars/g/o/gojiracipher.jpg?6</media:credit>
        <media:copyright url="https://gojiracipher.deviantart.com">Copyright 2019 GojiraCipher</media:copyright>            <media:description type="html">&lt;div&gt;species unknown.&lt;/div&gt;&lt;div&gt;&lt;br /&gt;&lt;/div&gt;&lt;div&gt;Photo taken in Northeastern, USA&lt;br /&gt;&lt;/div&gt;</media:description>            <media:thumbnail url="https://t00.deviantart.net/mqHZlcShOCXt0fk970e8qqcqPJQ=/fit-in/150x150/filters:no_upscale():origin()/pre00/d462/th/pre/i/2019/050/9/a/caterpillar_by_gojiracipher-dd06gjp.jpg" height="113" width="150"/>            <media:thumbnail url="https://t00.deviantart.net/T0q0E7ZBttooi8JxRYYVvl07zH8=/fit-in/300x900/filters:no_upscale():origin()/pre00/d462/th/pre/i/2019/050/9/a/caterpillar_by_gojiracipher-dd06gjp.jpg" height="225" width="300"/>            <media:thumbnail url="https://t00.deviantart.net/ygfKbnUdVbjvy5ZKlk54Ihs0854=/300x200/filters:fixed_height(100,100):origin()/pre00/d462/th/pre/i/2019/050/9/a/caterpillar_by_gojiracipher-dd06gjp.jpg" height="200" width="267"/>            <media:content url="https://pre00.deviantart.net/d462/th/pre/i/2019/050/9/a/caterpillar_by_gojiracipher-dd06gjp.jpg" height="774" width="1032" medium="image"/>            
            <description>&lt;div&gt;species unknown.&lt;/div&gt;&lt;div&gt;&lt;br /&gt;&lt;/div&gt;&lt;div&gt;Photo taken in Northeastern, USA&lt;br /&gt;&lt;/div&gt;&lt;br /&gt;&lt;div&gt;&lt;img src=&quot;https://t00.deviantart.net/ygfKbnUdVbjvy5ZKlk54Ihs0854=/300x200/filters:fixed_height(100,100):origin()/pre00/d462/th/pre/i/2019/050/9/a/caterpillar_by_gojiracipher-dd06gjp.jpg&quot; alt=&quot;thumbnail&quot; /&gt;&lt;/div&gt;</description>            </item>
                    <item>
                <title>Coffe art</title>
                <link>https://exzplot.deviantart.com/art/Coffe-art-786362734</link>
                <guid isPermaLink="true">https://exzplot.deviantart.com/art/Coffe-art-786362734</guid>
                <pubDate>Tue, 19 Feb 2019 12:32:08 PST</pubDate>
                        <media:title type="plain">Coffe art</media:title>
        <media:keywords></media:keywords>
                        <media:rating>nonadult</media:rating>
                <media:category label="Objects">photography/macro/objects</media:category>
        <media:credit role="author" scheme="urn:ebu">ExzPloT</media:credit>
        <media:credit role="author" scheme="urn:ebu">https://a.deviantart.net/avatars/e/x/exzplot.jpg?8</media:credit>
        <media:copyright url="https://exzplot.deviantart.com">Copyright 2019 ExzPloT</media:copyright>            <media:description type="html"></media:description>            <media:thumbnail url="https://t00.deviantart.net/TUdi4UzVwUML3pgzgvzCOsw9giM=/fit-in/150x150/filters:no_upscale():origin()/pre00/5d57/th/pre/i/2019/050/e/d/coffe_art_by_exzplot-dd06hda.jpg" height="100" width="150"/>            <media:thumbnail url="https://t00.deviantart.net/xrfMC_tAUNwP4iJY5BIG_4zyayo=/fit-in/300x900/filters:no_upscale():origin()/pre00/5d57/th/pre/i/2019/050/e/d/coffe_art_by_exzplot-dd06hda.jpg" height="200" width="300"/>            <media:thumbnail url="https://t00.deviantart.net/TCwWMqNX8qTol8vIzoIXJZO3s-E=/300x200/filters:fixed_height(100,100):origin()/pre00/5d57/th/pre/i/2019/050/e/d/coffe_art_by_exzplot-dd06hda.jpg" height="200" width="300"/>            <media:content url="https://pre00.deviantart.net/5d57/th/pre/i/2019/050/e/d/coffe_art_by_exzplot-dd06hda.jpg" height="730" width="1095" medium="image"/>            
            <description>&lt;br /&gt;&lt;div&gt;&lt;img src=&quot;https://t00.deviantart.net/TCwWMqNX8qTol8vIzoIXJZO3s-E=/300x200/filters:fixed_height(100,100):origin()/pre00/5d57/th/pre/i/2019/050/e/d/coffe_art_by_exzplot-dd06hda.jpg&quot; alt=&quot;thumbnail&quot; /&gt;&lt;/div&gt;</description>            </item>
                    <item>
                <title>New Post</title>
                <link>https://nightshadowanimation.deviantart.com/art/New-Post-786362869</link>
                <guid isPermaLink="true">https://nightshadowanimation.deviantart.com/art/New-Post-786362869</guid>
                <pubDate>Tue, 19 Feb 2019 12:32:08 PST</pubDate>
                        <media:title type="plain">New Post</media:title>
        <media:keywords></media:keywords>
                        <media:rating>nonadult</media:rating>
                <media:category label="Other">anthro/digital/other</media:category>
        <media:credit role="author" scheme="urn:ebu">NightShadowAnimation</media:credit>
        <media:credit role="author" scheme="urn:ebu">https://a.deviantart.net/avatars/n/i/nightshadowanimation.jpg?10</media:credit>
        <media:copyright url="https://nightshadowanimation.deviantart.com">Copyright 2019 NightShadowAnimation</media:copyright>            <media:description type="html">Model By &lt;span class=&quot;username-with-symbol u&quot;&gt;&lt;a class=&quot;u regular username&quot; href=&quot;https://www.deviantart.com/evilfoxx100&quot;&gt;EvilFoxx100&lt;/a&gt;&lt;span class=&quot;user-symbol regular&quot; data-quicktip-text=&quot;&quot; data-show-tooltip=&quot;&quot; data-gruser-type=&quot;regular&quot;&gt;&lt;/span&gt;&lt;/span&gt;&amp;nbsp;</media:description>            <media:thumbnail url="https://t00.deviantart.net/V7dpSpt9d_LhuEKjBV7RKaq6dgM=/fit-in/150x150/filters:no_upscale():origin()/pre00/9e79/th/pre/f/2019/050/2/7/new_post_by_nightshadowanimation-dd06hh1.jpg" height="90" width="150"/>            <media:thumbnail url="https://t00.deviantart.net/PpcazhWsFHQ-OBC9hx9SgJrA_oY=/fit-in/300x900/filters:no_upscale():origin()/pre00/9e79/th/pre/f/2019/050/2/7/new_post_by_nightshadowanimation-dd06hh1.jpg" height="180" width="300"/>            <media:thumbnail url="https://t00.deviantart.net/cf0OvCdOVgaYOJhNg6YfINxbZ00=/300x200/filters:fixed_height(100,100):origin()/pre00/9e79/th/pre/f/2019/050/2/7/new_post_by_nightshadowanimation-dd06hh1.jpg" height="180" width="300"/>            <media:content url="https://orig00.deviantart.net/c948/f/2019/050/2/7/new_post_by_nightshadowanimation-dd06hh1.jpg" height="480" width="800" medium="image"/>            
            <description>Model By &lt;span class=&quot;username-with-symbol u&quot;&gt;&lt;a class=&quot;u regular username&quot; href=&quot;https://www.deviantart.com/evilfoxx100&quot;&gt;EvilFoxx100&lt;/a&gt;&lt;span class=&quot;user-symbol regular&quot; data-quicktip-text=&quot;&quot; data-show-tooltip=&quot;&quot; data-gruser-type=&quot;regular&quot;&gt;&lt;/span&gt;&lt;/span&gt;&amp;nbsp;&lt;br /&gt;&lt;div&gt;&lt;img src=&quot;https://t00.deviantart.net/cf0OvCdOVgaYOJhNg6YfINxbZ00=/300x200/filters:fixed_height(100,100):origin()/pre00/9e79/th/pre/f/2019/050/2/7/new_post_by_nightshadowanimation-dd06hh1.jpg&quot; alt=&quot;thumbnail&quot; /&gt;&lt;/div&gt;</description>            </item>
                    <item>
                <title>The Sky With Clouds</title>
                <link>https://novato101.deviantart.com/art/The-Sky-With-Clouds-786362547</link>
                <guid isPermaLink="true">https://novato101.deviantart.com/art/The-Sky-With-Clouds-786362547</guid>
                <pubDate>Tue, 19 Feb 2019 12:32:08 PST</pubDate>
                        <media:title type="plain">The Sky With Clouds</media:title>
        <media:keywords></media:keywords>
                        <media:rating>nonadult</media:rating>
                <media:category label="Other">fanart/traditional/drawings/other</media:category>
        <media:credit role="author" scheme="urn:ebu">novato101</media:credit>
        <media:credit role="author" scheme="urn:ebu">https://a.deviantart.net/avatars/n/o/novato101.png?1</media:credit>
        <media:copyright url="https://novato101.deviantart.com">Copyright 2019 novato101</media:copyright>            <media:description type="html">Outside the Forest there&#039;s a Sky with Clouds, That wasn&#039;t Beautiful to see.</media:description>            <media:thumbnail url="https://t00.deviantart.net/zR9-r7fQExXCT04Xv7ejdu0TeZE=/fit-in/150x150/filters:no_upscale():origin()/pre00/914c/th/pre/i/2019/050/a/0/the_sky_with_clouds_by_novato101-dd06h83.png" height="109" width="150"/>            <media:thumbnail url="https://t00.deviantart.net/4iUfbyi0Ak3c4No22kiBGG4iyhU=/fit-in/300x900/filters:no_upscale():origin()/pre00/914c/th/pre/i/2019/050/a/0/the_sky_with_clouds_by_novato101-dd06h83.png" height="217" width="300"/>            <media:thumbnail url="https://t00.deviantart.net/Bfp07X4mQvXySUa6cb3AaGzaa3k=/300x200/filters:fixed_height(100,100):origin()/pre00/914c/th/pre/i/2019/050/a/0/the_sky_with_clouds_by_novato101-dd06h83.png" height="200" width="276"/>            <media:content url="https://img00.deviantart.net/39e3/i/2019/050/a/0/the_sky_with_clouds_by_novato101-dd06h83.png" height="741" width="1024" medium="image"/>            
            <description>Outside the Forest there&#039;s a Sky with Clouds, That wasn&#039;t Beautiful to see.&lt;br /&gt;&lt;div&gt;&lt;img src=&quot;https://t00.deviantart.net/Bfp07X4mQvXySUa6cb3AaGzaa3k=/300x200/filters:fixed_height(100,100):origin()/pre00/914c/th/pre/i/2019/050/a/0/the_sky_with_clouds_by_novato101-dd06h83.png&quot; alt=&quot;thumbnail&quot; /&gt;&lt;/div&gt;</description>            </item>
                    <item>
                <title>Littleredgirl And The Rack (18)</title>
                <link>https://werewolf9k.deviantart.com/art/Littleredgirl-And-The-Rack-18-786362921</link>
                <guid isPermaLink="true">https://werewolf9k.deviantart.com/art/Littleredgirl-And-The-Rack-18-786362921</guid>
                <pubDate>Tue, 19 Feb 2019 12:32:06 PST</pubDate>
                        <media:title type="plain">Littleredgirl And The Rack (18)</media:title>
        <media:keywords></media:keywords>
                        <media:rating>adult</media:rating>
                <media:category label="Fetish Portraits">photography/people/fetish</media:category>
        <media:credit role="author" scheme="urn:ebu">werewolf9k</media:credit>
        <media:credit role="author" scheme="urn:ebu">https://a.deviantart.net/avatars/default.gif</media:credit>
        <media:copyright url="https://werewolf9k.deviantart.com">Copyright 2019 werewolf9k</media:copyright>            <media:description type="html"></media:description>            <media:thumbnail url="https://t00.deviantart.net/Xwro46hEoq2BPAKzGORU9m6Teu0=/fit-in/150x150/filters:no_upscale():origin()/pre00/849f/th/pre/i/2019/050/8/f/littleredgirl_and_the_rack__18__by_werewolf9k-dd06hih.jpg" height="150" width="84"/>            <media:thumbnail url="https://t00.deviantart.net/KYVao-FzRMeniqJK7vJBcOefg-o=/fit-in/300x900/filters:no_upscale():origin()/pre00/849f/th/pre/i/2019/050/8/f/littleredgirl_and_the_rack__18__by_werewolf9k-dd06hih.jpg" height="533" width="300"/>            <media:thumbnail url="https://t00.deviantart.net/XYNPal0Ykpdbi-yuJ6bPL_F1EjM=/300x200/filters:fixed_height(100,100):origin()/pre00/849f/th/pre/i/2019/050/8/f/littleredgirl_and_the_rack__18__by_werewolf9k-dd06hih.jpg" height="200" width="113"/>            <media:content url="https://pre00.deviantart.net/849f/th/pre/i/2019/050/8/f/littleredgirl_and_the_rack__18__by_werewolf9k-dd06hih.jpg" height="1192" width="670" medium="image"/>            
            <description>&lt;br /&gt;&lt;div&gt;&lt;img src=&quot;https://t00.deviantart.net/XYNPal0Ykpdbi-yuJ6bPL_F1EjM=/300x200/filters:fixed_height(100,100):origin()/pre00/849f/th/pre/i/2019/050/8/f/littleredgirl_and_the_rack__18__by_werewolf9k-dd06hih.jpg&quot; alt=&quot;thumbnail&quot; /&gt;&lt;/div&gt;</description>            </item>
                    <item>
                <title>Pigeon Walter (Spies In Disguise)</title>
                <link>https://clawort-animations.deviantart.com/art/Pigeon-Walter-Spies-In-Disguise-786362342</link>
                <guid isPermaLink="true">https://clawort-animations.deviantart.com/art/Pigeon-Walter-Spies-In-Disguise-786362342</guid>
                <pubDate>Tue, 19 Feb 2019 12:32:00 PST</pubDate>
                        <media:title type="plain">Pigeon Walter (Spies In Disguise)</media:title>
        <media:keywords></media:keywords>
                        <media:rating>nonadult</media:rating>
                <media:category label="Movies &amp; TV">fanart/anthro/digital/movies</media:category>
        <media:credit role="author" scheme="urn:ebu">Clawort-Animations</media:credit>
        <media:credit role="author" scheme="urn:ebu">https://a.deviantart.net/avatars/c/l/clawort-animations.png?10</media:credit>
        <media:copyright url="https://clawort-animations.deviantart.com">Copyright 2019 Clawort-Animations</media:copyright>            <media:description type="html">Decided to draw what Walter Beckett would look like if he was turned into a pigeon too!&lt;br /&gt;&lt;br /&gt;Yeah! He&#039;s telling Lance that now they are equal because they are both pigeons. Lance doesn&#039;t look very impressed though, probably because he wants to be a human spy again, but still, Walter likes his pigeon form.&lt;br /&gt;&lt;br /&gt;LOL! Can&#039;t help the fact that Pigeon!Walter looks like an orange!!! XD&lt;br /&gt;&lt;br /&gt;&lt;b&gt;PLEASE NO HATE OR I WILL BLOCK YOU!&lt;/b&gt;&lt;br /&gt;&lt;br /&gt;Favourite if you enjoy!!!&lt;br /&gt;&lt;img src=&quot;https://e.deviantart.net/emoticons/p/plusfav.gif&quot; alt=&quot;+fav&quot; style=&quot;width: 15px; height: 16px;&quot; data-embed-type=&quot;emoticon&quot; data-embed-id=&quot;194&quot;&gt;&amp;nbsp;&lt;img src=&quot;https://e.deviantart.net/emoticons/p/plusfav.gif&quot; alt=&quot;+fav&quot; style=&quot;width: 15px; height: 16px;&quot; data-embed-type=&quot;emoticon&quot; data-embed-id=&quot;194&quot;&gt;&amp;nbsp;&lt;img src=&quot;https://e.deviantart.net/emoticons/p/plusfav.gif&quot; alt=&quot;+fav&quot; style=&quot;width: 15px; height: 16px;&quot; data-embed-type=&quot;emoticon&quot; data-embed-id=&quot;194&quot;&gt;&amp;nbsp;&lt;img src=&quot;https://e.deviantart.net/emoticons/p/plusfav.gif&quot; alt=&quot;+fav&quot; style=&quot;width: 15px; height: 16px;&quot; data-embed-type=&quot;emoticon&quot; data-embed-id=&quot;194&quot;&gt;&amp;nbsp;&lt;img src=&quot;https://e.deviantart.net/emoticons/p/plusfav.gif&quot; alt=&quot;+fav&quot; style=&quot;width: 15px; height: 16px;&quot; data-embed-type=&quot;emoticon&quot; data-embed-id=&quot;194&quot;&gt;&amp;nbsp;&lt;img src=&quot;https://e.deviantart.net/emoticons/p/plusfav.gif&quot; alt=&quot;+fav&quot; style=&quot;width: 15px; height: 16px;&quot; data-embed-type=&quot;emoticon&quot; data-embed-id=&quot;194&quot;&gt;&amp;nbsp;&lt;img src=&quot;https://e.deviantart.net/emoticons/p/plusfav.gif&quot; alt=&quot;+fav&quot; style=&quot;width: 15px; height: 16px;&quot; data-embed-type=&quot;emoticon&quot; data-embed-id=&quot;194&quot;&gt;&amp;nbsp;&lt;img src=&quot;https://e.deviantart.net/emoticons/p/plusfav.gif&quot; alt=&quot;+fav&quot; style=&quot;width: 15px; height: 16px;&quot; data-embed-type=&quot;emoticon&quot; data-embed-id=&quot;194&quot;&gt;&amp;nbsp;&lt;img src=&quot;https://e.deviantart.net/emoticons/p/plusfav.gif&quot; alt=&quot;+fav&quot; style=&quot;width: 15px; height: 16px;&quot; data-embed-type=&quot;emoticon&quot; data-embed-id=&quot;194&quot;&gt;&amp;nbsp;&lt;img src=&quot;https://e.deviantart.net/emoticons/p/plusfav.gif&quot; alt=&quot;+fav&quot; style=&quot;width: 15px; height: 16px;&quot; data-embed-type=&quot;emoticon&quot; data-embed-id=&quot;194&quot;&gt;&amp;nbsp;&lt;img src=&quot;https://e.deviantart.net/emoticons/p/plusfav.gif&quot; alt=&quot;+fav&quot; style=&quot;width: 15px; height: 16px;&quot; data-embed-type=&quot;emoticon&quot; data-embed-id=&quot;194&quot;&gt;&amp;nbsp;&lt;img src=&quot;https://e.deviantart.net/emoticons/p/plusfav.gif&quot; alt=&quot;+fav&quot; style=&quot;width: 15px; height: 16px;&quot; data-embed-type=&quot;emoticon&quot; data-embed-id=&quot;194&quot;&gt;&amp;nbsp;</media:description>            <media:thumbnail url="https://t00.deviantart.net/0skUoSStseQ3kihKLmUMtkYOOfo=/fit-in/150x150/filters:no_upscale():origin()/pre00/c654/th/pre/f/2019/050/2/4/pigeon_walter__spies_in_disguise__by_clawort_animations-dd06h2e.png" height="127" width="150"/>            <media:thumbnail url="https://t00.deviantart.net/K4VqJBp6SPG6zJrpHqTRObrZc3A=/fit-in/300x900/filters:no_upscale():origin()/pre00/c654/th/pre/f/2019/050/2/4/pigeon_walter__spies_in_disguise__by_clawort_animations-dd06h2e.png" height="254" width="300"/>            <media:thumbnail url="https://t00.deviantart.net/kWVbBo3Wkz8QOMNFM5Sw03XXvfo=/300x200/filters:fixed_height(100,100):origin()/pre00/c654/th/pre/f/2019/050/2/4/pigeon_walter__spies_in_disguise__by_clawort_animations-dd06h2e.png" height="200" width="236"/>            <media:content url="https://orig00.deviantart.net/2d84/f/2019/050/2/4/pigeon_walter__spies_in_disguise__by_clawort_animations-dd06h2e.png" height="550" width="650" medium="image"/>            
            <description>Decided to draw what Walter Beckett would look like if he was turned into a pigeon too!&lt;br /&gt;&lt;br /&gt;Yeah! He&#039;s telling Lance that now they are equal because they are both pigeons. Lance doesn&#039;t look very impressed though, probably because he wants to be a human spy again, but still, Walter likes his pigeon form.&lt;br /&gt;&lt;br /&gt;LOL! Can&#039;t help the fact that Pigeon!Walter looks like an orange!!! XD&lt;br /&gt;&lt;br /&gt;&lt;b&gt;PLEASE NO HATE OR I WILL BLOCK YOU!&lt;/b&gt;&lt;br /&gt;&lt;br /&gt;Favourite if you enjoy!!!&lt;br /&gt;&lt;img src=&quot;https://e.deviantart.net/emoticons/p/plusfav.gif&quot; alt=&quot;+fav&quot; style=&quot;width: 15px; height: 16px;&quot; data-embed-type=&quot;emoticon&quot; data-embed-id=&quot;194&quot;&gt;&amp;nbsp;&lt;img src=&quot;https://e.deviantart.net/emoticons/p/plusfav.gif&quot; alt=&quot;+fav&quot; style=&quot;width: 15px; height: 16px;&quot; data-embed-type=&quot;emoticon&quot; data-embed-id=&quot;194&quot;&gt;&amp;nbsp;&lt;img src=&quot;https://e.deviantart.net/emoticons/p/plusfav.gif&quot; alt=&quot;+fav&quot; style=&quot;width: 15px; height: 16px;&quot; data-embed-type=&quot;emoticon&quot; data-embed-id=&quot;194&quot;&gt;&amp;nbsp;&lt;img src=&quot;https://e.deviantart.net/emoticons/p/plusfav.gif&quot; alt=&quot;+fav&quot; style=&quot;width: 15px; height: 16px;&quot; data-embed-type=&quot;emoticon&quot; data-embed-id=&quot;194&quot;&gt;&amp;nbsp;&lt;img src=&quot;https://e.deviantart.net/emoticons/p/plusfav.gif&quot; alt=&quot;+fav&quot; style=&quot;width: 15px; height: 16px;&quot; data-embed-type=&quot;emoticon&quot; data-embed-id=&quot;194&quot;&gt;&amp;nbsp;&lt;img src=&quot;https://e.deviantart.net/emoticons/p/plusfav.gif&quot; alt=&quot;+fav&quot; style=&quot;width: 15px; height: 16px;&quot; data-embed-type=&quot;emoticon&quot; data-embed-id=&quot;194&quot;&gt;&amp;nbsp;&lt;img src=&quot;https://e.deviantart.net/emoticons/p/plusfav.gif&quot; alt=&quot;+fav&quot; style=&quot;width: 15px; height: 16px;&quot; data-embed-type=&quot;emoticon&quot; data-embed-id=&quot;194&quot;&gt;&amp;nbsp;&lt;img src=&quot;https://e.deviantart.net/emoticons/p/plusfav.gif&quot; alt=&quot;+fav&quot; style=&quot;width: 15px; height: 16px;&quot; data-embed-type=&quot;emoticon&quot; data-embed-id=&quot;194&quot;&gt;&amp;nbsp;&lt;img src=&quot;https://e.deviantart.net/emoticons/p/plusfav.gif&quot; alt=&quot;+fav&quot; style=&quot;width: 15px; height: 16px;&quot; data-embed-type=&quot;emoticon&quot; data-embed-id=&quot;194&quot;&gt;&amp;nbsp;&lt;img src=&quot;https://e.deviantart.net/emoticons/p/plusfav.gif&quot; alt=&quot;+fav&quot; style=&quot;width: 15px; height: 16px;&quot; data-embed-type=&quot;emoticon&quot; data-embed-id=&quot;194&quot;&gt;&amp;nbsp;&lt;img src=&quot;https://e.deviantart.net/emoticons/p/plusfav.gif&quot; alt=&quot;+fav&quot; style=&quot;width: 15px; height: 16px;&quot; data-embed-type=&quot;emoticon&quot; data-embed-id=&quot;194&quot;&gt;&amp;nbsp;&lt;img src=&quot;https://e.deviantart.net/emoticons/p/plusfav.gif&quot; alt=&quot;+fav&quot; style=&quot;width: 15px; height: 16px;&quot; data-embed-type=&quot;emoticon&quot; data-embed-id=&quot;194&quot;&gt;&amp;nbsp;&lt;br /&gt;&lt;div&gt;&lt;img src=&quot;https://t00.deviantart.net/kWVbBo3Wkz8QOMNFM5Sw03XXvfo=/300x200/filters:fixed_height(100,100):origin()/pre00/c654/th/pre/f/2019/050/2/4/pigeon_walter__spies_in_disguise__by_clawort_animations-dd06h2e.png&quot; alt=&quot;thumbnail&quot; /&gt;&lt;/div&gt;</description>            </item>
                    <item>
                <title>Scary demon (sketch)</title>
                <link>https://khelixx.deviantart.com/art/Scary-demon-sketch-786362804</link>
                <guid isPermaLink="true">https://khelixx.deviantart.com/art/Scary-demon-sketch-786362804</guid>
                <pubDate>Tue, 19 Feb 2019 12:31:59 PST</pubDate>
                        <media:title type="plain">Scary demon (sketch)</media:title>
        <media:keywords></media:keywords>
                        <media:rating>nonadult</media:rating>
                <media:category label="Fantasy">digitalart/paintings/people/fantasy</media:category>
        <media:credit role="author" scheme="urn:ebu">Khelixx</media:credit>
        <media:credit role="author" scheme="urn:ebu">https://a.deviantart.net/avatars/k/h/khelixx.png?5</media:credit>
        <media:copyright url="https://khelixx.deviantart.com">Copyright 2019 Khelixx</media:copyright>            <media:description type="html"></media:description>            <media:thumbnail url="https://t00.deviantart.net/7wmoxLpPvKLj_f6rLq2drOc6xsU=/fit-in/150x150/filters:no_upscale():origin()/pre00/b34d/th/pre/f/2019/050/2/c/succubus_by_khelixx-dd06hf8.png" height="113" width="150"/>            <media:thumbnail url="https://t00.deviantart.net/TYGXVNvNPVl-B1x9LzMZbZndklA=/fit-in/300x900/filters:no_upscale():origin()/pre00/b34d/th/pre/f/2019/050/2/c/succubus_by_khelixx-dd06hf8.png" height="225" width="300"/>            <media:thumbnail url="https://t00.deviantart.net/TXHaBQEeX4GqayC10p6xlCWueS4=/300x200/filters:fixed_height(100,100):origin()/pre00/b34d/th/pre/f/2019/050/2/c/succubus_by_khelixx-dd06hf8.png" height="200" width="267"/>            <media:content url="https://pre00.deviantart.net/b34d/th/pre/f/2019/050/2/c/succubus_by_khelixx-dd06hf8.png" height="774" width="1032" medium="image"/>            
            <description>&lt;br /&gt;&lt;div&gt;&lt;img src=&quot;https://t00.deviantart.net/TXHaBQEeX4GqayC10p6xlCWueS4=/300x200/filters:fixed_height(100,100):origin()/pre00/b34d/th/pre/f/2019/050/2/c/succubus_by_khelixx-dd06hf8.png&quot; alt=&quot;thumbnail&quot; /&gt;&lt;/div&gt;</description>            </item>
                    <item>
                <title>Deceit x Virgil?</title>
                <link>https://minemaster30.deviantart.com/art/Deceit-x-Virgil-786362898</link>
                <guid isPermaLink="true">https://minemaster30.deviantart.com/art/Deceit-x-Virgil-786362898</guid>
                <pubDate>Tue, 19 Feb 2019 12:31:58 PST</pubDate>
                        <media:title type="plain">Deceit x Virgil?</media:title>
        <media:keywords></media:keywords>
                        <media:rating>nonadult</media:rating>
                <media:category label="Other">fanart/traditional/drawings/other</media:category>
        <media:credit role="author" scheme="urn:ebu">Minemaster30</media:credit>
        <media:credit role="author" scheme="urn:ebu">https://a.deviantart.net/avatars/m/i/minemaster30.jpg?2</media:credit>
        <media:copyright url="https://minemaster30.deviantart.com">Copyright 2019 Minemaster30</media:copyright>            <media:description type="html">I don&#039;t know. XD</media:description>            <media:thumbnail url="https://t00.deviantart.net/APttJEo1k0OnqiIxMZlJuvCgFcY=/fit-in/150x150/filters:no_upscale():origin()/pre00/fe41/th/pre/f/2019/050/7/d/deceit_x_virgil_by_minemaster30-dd06hhu.jpg" height="150" width="124"/>            <media:thumbnail url="https://t00.deviantart.net/Qh7h_zld6ohiyYpx4Ys3pr6Ezj8=/fit-in/300x900/filters:no_upscale():origin()/pre00/fe41/th/pre/f/2019/050/7/d/deceit_x_virgil_by_minemaster30-dd06hhu.jpg" height="363" width="300"/>            <media:thumbnail url="https://t00.deviantart.net/ny6R5lMG5LTE1w7YrzuuCi3Kg4g=/300x200/filters:fixed_height(100,100):origin()/pre00/fe41/th/pre/f/2019/050/7/d/deceit_x_virgil_by_minemaster30-dd06hhu.jpg" height="200" width="165"/>            <media:content url="https://orig00.deviantart.net/b3e6/f/2019/050/7/d/deceit_x_virgil_by_minemaster30-dd06hhu.jpg" height="979" width="809" medium="image"/>            
            <description>I don&#039;t know. XD&lt;br /&gt;&lt;div&gt;&lt;img src=&quot;https://t00.deviantart.net/ny6R5lMG5LTE1w7YrzuuCi3Kg4g=/300x200/filters:fixed_height(100,100):origin()/pre00/fe41/th/pre/f/2019/050/7/d/deceit_x_virgil_by_minemaster30-dd06hhu.jpg&quot; alt=&quot;thumbnail&quot; /&gt;&lt;/div&gt;</description>            </item>
                    <item>
                <title>Deal?</title>
                <link>https://rivears.deviantart.com/art/Deal-786359778</link>
                <guid isPermaLink="true">https://rivears.deviantart.com/art/Deal-786359778</guid>
                <pubDate>Tue, 19 Feb 2019 12:31:58 PST</pubDate>
                        <media:title type="plain">Deal?</media:title>
        <media:keywords></media:keywords>
                        <media:rating>nonadult</media:rating>
                <media:category label="Other">photography/people/other</media:category>
        <media:credit role="author" scheme="urn:ebu">Rivears</media:credit>
        <media:credit role="author" scheme="urn:ebu">https://a.deviantart.net/avatars/r/i/rivears.jpg?2</media:credit>
        <media:copyright url="https://rivears.deviantart.com">Copyright 2019 Rivears</media:copyright>            <media:description type="html">&lt;div&gt;My name is Brian. I have recently turned 24. This is my story.&lt;br /&gt;&lt;/div&gt;&lt;div&gt;&lt;br /&gt;&lt;/div&gt;&lt;div&gt;I knew I shouldn&#039;t have trusted those guys but hey, desperate times call for desperate measures. It wasn&#039;t a big amount and I was late only by 2 days. I told her I would pay her back as soon as I can with interest even. She said it would be fine.&lt;/div&gt;&lt;div&gt;&lt;br /&gt;&lt;/div&gt;&lt;div&gt;Yesterday night, while I was sleeping, they broke the back door. I woke up only to be hit on the head and lose my consciousness for a brief moment. Well, at least it felt like it.&lt;/div&gt;&lt;div&gt;&lt;br /&gt;&lt;/div&gt;&lt;div&gt;I woke up in an unknown room with the door locked. Just as I approached it, the guard had begun to unlock it - took him quite a few seconds.&lt;/div&gt;&lt;div&gt;&lt;br /&gt;&lt;/div&gt;&lt;div&gt;-You are coming with me.&lt;/div&gt;&lt;div&gt;&lt;br /&gt;&lt;/div&gt;&lt;div&gt;I followed the guard as I had no intention to quarrel with that massive headache I&#039;ve got due to last night&#039;s knockout. &lt;br /&gt;&lt;/div&gt;&lt;div&gt;&lt;br /&gt;&lt;/div&gt;&lt;div&gt;He led me to a room with a table in the middle. While I sat down he cuffed my hands to a metal attachment so I couldn&#039;t leave the table. I felt helpless, cuffed to the table like that with shackles around my bare feet. Several guards watched while I was waiting for their boss. In about 15 minutes, she entered the room.&lt;/div&gt;&lt;div&gt;&lt;br /&gt;&lt;/div&gt;&lt;div&gt;-I told you I don&#039;t tolerate lateness.&lt;/div&gt;&lt;div&gt;&lt;br /&gt;&lt;/div&gt;&lt;div&gt;As I was trying to explain myself, she hit me in the face, letting me know it&#039;s not my turn to talk.&lt;/div&gt;&lt;div&gt;&lt;br /&gt;&lt;/div&gt;&lt;div&gt;-Spare me your lies, I couldn&#039;t care less. Even if you had the money we would have kidnapped you. I had my eyes on you the very first time we met. Young, well built and handsome. I want a pet like you. You are mine now.&lt;/div&gt;&lt;div&gt;&lt;br /&gt;&lt;/div&gt;&lt;div&gt;She waved to one of the guards who unlocked the cuffs from the table only to put more chains on. &lt;br /&gt;&lt;/div&gt;&lt;div&gt;&lt;br /&gt;&lt;/div&gt;&lt;div&gt;-Take him through the process.&lt;br /&gt;&lt;/div&gt;</media:description>            <media:thumbnail url="https://t00.deviantart.net/zLegYfaOJjzaXSiFpif42Y5V-_E=/fit-in/150x150/filters:no_upscale():origin()/pre00/0065/th/pre/f/2019/050/6/4/deal__by_rivears-dd06f36.jpg" height="102" width="150"/>            <media:thumbnail url="https://t00.deviantart.net/2LXP-McZ_TyRsu1shXQ9BnykaQY=/fit-in/300x900/filters:no_upscale():origin()/pre00/0065/th/pre/f/2019/050/6/4/deal__by_rivears-dd06f36.jpg" height="203" width="300"/>            <media:thumbnail url="https://t00.deviantart.net/ZCNJ4wHq-hwyf-dKB7dZ9hdMSOo=/300x200/filters:fixed_height(100,100):origin()/pre00/0065/th/pre/f/2019/050/6/4/deal__by_rivears-dd06f36.jpg" height="200" width="295"/>            <media:content url="https://orig00.deviantart.net/3479/f/2019/050/6/4/deal__by_rivears-dd06f36.jpg" height="556" width="820" medium="image"/>            
            <description>&lt;div&gt;My name is Brian. I have recently turned 24. This is my story.&lt;br /&gt;&lt;/div&gt;&lt;div&gt;&lt;br /&gt;&lt;/div&gt;&lt;div&gt;I knew I shouldn&#039;t have trusted those guys but hey, desperate times call for desperate measures. It wasn&#039;t a big amount and I was late only by 2 days. I told her I would pay her back as soon as I can with interest even. She said it would be fine.&lt;/div&gt;&lt;div&gt;&lt;br /&gt;&lt;/div&gt;&lt;div&gt;Yesterday night, while I was sleeping, they broke the back door. I woke up only to be hit on the head and lose my consciousness for a brief moment. Well, at least it felt like it.&lt;/div&gt;&lt;div&gt;&lt;br /&gt;&lt;/div&gt;&lt;div&gt;I woke up in an unknown room with the door locked. Just as I approached it, the guard had begun to unlock it - took him quite a few seconds.&lt;/div&gt;&lt;div&gt;&lt;br /&gt;&lt;/div&gt;&lt;div&gt;-You are coming with me.&lt;/div&gt;&lt;div&gt;&lt;br /&gt;&lt;/div&gt;&lt;div&gt;I followed the guard as I had no intention to quarrel with that massive headache I&#039;ve got due to last night&#039;s knockout. &lt;br /&gt;&lt;/div&gt;&lt;div&gt;&lt;br /&gt;&lt;/div&gt;&lt;div&gt;He led me to a room with a table in the middle. While I sat down he cuffed my hands to a metal attachment so I couldn&#039;t leave the table. I felt helpless, cuffed to the table like that with shackles around my bare feet. Several guards watched while I was waiting for their boss. In about 15 minutes, she entered the room.&lt;/div&gt;&lt;div&gt;&lt;br /&gt;&lt;/div&gt;&lt;div&gt;-I told you I don&#039;t tolerate lateness.&lt;/div&gt;&lt;div&gt;&lt;br /&gt;&lt;/div&gt;&lt;div&gt;As I was trying to explain myself, she hit me in the face, letting me know it&#039;s not my turn to talk.&lt;/div&gt;&lt;div&gt;&lt;br /&gt;&lt;/div&gt;&lt;div&gt;-Spare me your lies, I couldn&#039;t care less. Even if you had the money we would have kidnapped you. I had my eyes on you the very first time we met. Young, well built and handsome. I want a pet like you. You are mine now.&lt;/div&gt;&lt;div&gt;&lt;br /&gt;&lt;/div&gt;&lt;div&gt;She waved to one of the guards who unlocked the cuffs from the table only to put more chains on. &lt;br /&gt;&lt;/div&gt;&lt;div&gt;&lt;br /&gt;&lt;/div&gt;&lt;div&gt;-Take him through the process.&lt;br /&gt;&lt;/div&gt;&lt;br /&gt;&lt;div&gt;&lt;img src=&quot;https://t00.deviantart.net/ZCNJ4wHq-hwyf-dKB7dZ9hdMSOo=/300x200/filters:fixed_height(100,100):origin()/pre00/0065/th/pre/f/2019/050/6/4/deal__by_rivears-dd06f36.jpg&quot; alt=&quot;thumbnail&quot; /&gt;&lt;/div&gt;</description>            </item>
                    <item>
                <title>ShipCity</title>
                <link>https://artemiro.deviantart.com/art/ShipCity-786362534</link>
                <guid isPermaLink="true">https://artemiro.deviantart.com/art/ShipCity-786362534</guid>
                <pubDate>Tue, 19 Feb 2019 12:31:57 PST</pubDate>
                        <media:title type="plain">ShipCity</media:title>
        <media:keywords></media:keywords>
                        <media:rating>nonadult</media:rating>
                <media:category label="Abstract">traditional/drawings/abstract</media:category>
        <media:credit role="author" scheme="urn:ebu">ArteMiro</media:credit>
        <media:credit role="author" scheme="urn:ebu">https://a.deviantart.net/avatars/default.gif</media:credit>
        <media:copyright url="https://artemiro.deviantart.com">Copyright 2019 ArteMiro</media:copyright>            <media:description type="html"></media:description>            <media:thumbnail url="https://t00.deviantart.net/B0QcdeZE08mzu8qrd8OwKqWm9VE=/fit-in/150x150/filters:no_upscale():origin()/pre00/4414/th/pre/f/2019/050/5/9/598fc7200fe222c0bb2a4d976ab6e72b-dd06h7q.jpg" height="122" width="150"/>            <media:thumbnail url="https://t00.deviantart.net/0nWXGUP5xNJ4FH4RhvF31KAluyg=/fit-in/300x900/filters:no_upscale():origin()/pre00/4414/th/pre/f/2019/050/5/9/598fc7200fe222c0bb2a4d976ab6e72b-dd06h7q.jpg" height="244" width="300"/>            <media:thumbnail url="https://t00.deviantart.net/7h6qFwCnJIAlU_c_Kwg0LyURNUU=/300x200/filters:fixed_height(100,100):origin()/pre00/4414/th/pre/f/2019/050/5/9/598fc7200fe222c0bb2a4d976ab6e72b-dd06h7q.jpg" height="200" width="246"/>            <media:content url="https://pre00.deviantart.net/4414/th/pre/f/2019/050/5/9/598fc7200fe222c0bb2a4d976ab6e72b-dd06h7q.jpg" height="807" width="991" medium="image"/>            
            <description>&lt;br /&gt;&lt;div&gt;&lt;img src=&quot;https://t00.deviantart.net/7h6qFwCnJIAlU_c_Kwg0LyURNUU=/300x200/filters:fixed_height(100,100):origin()/pre00/4414/th/pre/f/2019/050/5/9/598fc7200fe222c0bb2a4d976ab6e72b-dd06h7q.jpg&quot; alt=&quot;thumbnail&quot; /&gt;&lt;/div&gt;</description>            </item>
                    <item>
                <title>Littleredgirl And The Rack (17)</title>
                <link>https://werewolf9k.deviantart.com/art/Littleredgirl-And-The-Rack-17-786362876</link>
                <guid isPermaLink="true">https://werewolf9k.deviantart.com/art/Littleredgirl-And-The-Rack-17-786362876</guid>
                <pubDate>Tue, 19 Feb 2019 12:31:55 PST</pubDate>
                        <media:title type="plain">Littleredgirl And The Rack (17)</media:title>
        <media:keywords></media:keywords>
                        <media:rating>adult</media:rating>
                <media:category label="Fetish Portraits">photography/people/fetish</media:category>
        <media:credit role="author" scheme="urn:ebu">werewolf9k</media:credit>
        <media:credit role="author" scheme="urn:ebu">https://a.deviantart.net/avatars/default.gif</media:credit>
        <media:copyright url="https://werewolf9k.deviantart.com">Copyright 2019 werewolf9k</media:copyright>            <media:description type="html"></media:description>            <media:thumbnail url="https://t00.deviantart.net/Bh45vACrkFHCq1VDgrKaNFyTKqc=/fit-in/150x150/filters:no_upscale():origin()/pre00/051d/th/pre/i/2019/050/9/a/littleredgirl_and_the_rack__17__by_werewolf9k-dd06hh8.jpg" height="150" width="84"/>            <media:thumbnail url="https://t00.deviantart.net/a5UHx3rnESHHopTc11rO-naaG34=/fit-in/300x900/filters:no_upscale():origin()/pre00/051d/th/pre/i/2019/050/9/a/littleredgirl_and_the_rack__17__by_werewolf9k-dd06hh8.jpg" height="533" width="300"/>            <media:thumbnail url="https://t00.deviantart.net/ELOXrYVt0tEHoP-U1QadJRpdNxk=/300x200/filters:fixed_height(100,100):origin()/pre00/051d/th/pre/i/2019/050/9/a/littleredgirl_and_the_rack__17__by_werewolf9k-dd06hh8.jpg" height="200" width="113"/>            <media:content url="https://pre00.deviantart.net/051d/th/pre/i/2019/050/9/a/littleredgirl_and_the_rack__17__by_werewolf9k-dd06hh8.jpg" height="1192" width="670" medium="image"/>            
            <description>&lt;br /&gt;&lt;div&gt;&lt;img src=&quot;https://t00.deviantart.net/ELOXrYVt0tEHoP-U1QadJRpdNxk=/300x200/filters:fixed_height(100,100):origin()/pre00/051d/th/pre/i/2019/050/9/a/littleredgirl_and_the_rack__17__by_werewolf9k-dd06hh8.jpg&quot; alt=&quot;thumbnail&quot; /&gt;&lt;/div&gt;</description>            </item>
                    <item>
                <title>Total DramaRama Unnamed Girl (My Style)</title>
                <link>https://dinaleena2000.deviantart.com/art/Total-DramaRama-Unnamed-Girl-My-Style-786357879</link>
                <guid isPermaLink="true">https://dinaleena2000.deviantart.com/art/Total-DramaRama-Unnamed-Girl-My-Style-786357879</guid>
                <pubDate>Tue, 19 Feb 2019 12:31:54 PST</pubDate>
                        <media:title type="plain">Total DramaRama Unnamed Girl (My Style)</media:title>
        <media:keywords></media:keywords>
                        <media:rating>nonadult</media:rating>
                <media:category label="Drawings">cartoons/digital/cartoons/drawings</media:category>
        <media:credit role="author" scheme="urn:ebu">DinaLeena2000</media:credit>
        <media:credit role="author" scheme="urn:ebu">https://a.deviantart.net/avatars/d/i/dinaleena2000.jpg?4</media:credit>
        <media:copyright url="https://dinaleena2000.deviantart.com">Copyright 2019 DinaLeena2000</media:copyright>            <media:description type="html">So, here&#039;s a little idea that came up to my mind lately...I decided to draw this unnamed girl from Total DramaRama in my style and just like Cody Lake, I hope we can see another cameo of her soon. Along with a speaking role. And if I could give her a name, I would call her either Marcy or Evie. What would you name her?&amp;nbsp;&lt;br /&gt;&lt;br /&gt;This girl belongs to Fresh TV/Teletoon&amp;nbsp;&lt;br /&gt;&lt;br /&gt;Enjoy!</media:description>            <media:thumbnail url="https://t00.deviantart.net/V4zMpM-fOo6_yjihZ7gdPCujZcQ=/fit-in/150x150/filters:no_upscale():origin()/pre00/810c/th/pre/i/2019/050/8/f/total_dramarama_unnamed_girl__my_style__by_dinaleena2000-dd06dmf.jpg" height="150" width="112"/>            <media:thumbnail url="https://t00.deviantart.net/PE8ru3Bxvqr-5kCmNs-HzoRCLhA=/fit-in/300x900/filters:no_upscale():origin()/pre00/810c/th/pre/i/2019/050/8/f/total_dramarama_unnamed_girl__my_style__by_dinaleena2000-dd06dmf.jpg" height="400" width="300"/>            <media:thumbnail url="https://t00.deviantart.net/cCwrz4JIwWBDSagx-sLWle5UdKk=/300x200/filters:fixed_height(100,100):origin()/pre00/810c/th/pre/i/2019/050/8/f/total_dramarama_unnamed_girl__my_style__by_dinaleena2000-dd06dmf.jpg" height="200" width="150"/>            <media:content url="https://pre00.deviantart.net/810c/th/pre/i/2019/050/8/f/total_dramarama_unnamed_girl__my_style__by_dinaleena2000-dd06dmf.jpg" height="1032" width="774" medium="image"/>            
            <description>So, here&#039;s a little idea that came up to my mind lately...I decided to draw this unnamed girl from Total DramaRama in my style and just like Cody Lake, I hope we can see another cameo of her soon. Along with a speaking role. And if I could give her a name, I would call her either Marcy or Evie. What would you name her?&amp;nbsp;&lt;br /&gt;&lt;br /&gt;This girl belongs to Fresh TV/Teletoon&amp;nbsp;&lt;br /&gt;&lt;br /&gt;Enjoy!&lt;br /&gt;&lt;div&gt;&lt;img src=&quot;https://t00.deviantart.net/cCwrz4JIwWBDSagx-sLWle5UdKk=/300x200/filters:fixed_height(100,100):origin()/pre00/810c/th/pre/i/2019/050/8/f/total_dramarama_unnamed_girl__my_style__by_dinaleena2000-dd06dmf.jpg&quot; alt=&quot;thumbnail&quot; /&gt;&lt;/div&gt;</description>            </item>
                    <item>
                <title>Thorondor</title>
                <link>https://madlore.deviantart.com/art/Thorondor-786362798</link>
                <guid isPermaLink="true">https://madlore.deviantart.com/art/Thorondor-786362798</guid>
                <pubDate>Tue, 19 Feb 2019 12:31:52 PST</pubDate>
                        <media:title type="plain">Thorondor</media:title>
        <media:keywords></media:keywords>
                        <media:rating>nonadult</media:rating>
                <media:category label="Books &amp; Novels">fanart/digital/drawings/books</media:category>
        <media:credit role="author" scheme="urn:ebu">Madlore</media:credit>
        <media:credit role="author" scheme="urn:ebu">https://a.deviantart.net/avatars/m/a/madlore.jpg?10</media:credit>
        <media:copyright url="https://madlore.deviantart.com">Copyright 2019 Madlore</media:copyright>            <media:description type="html"></media:description>            <media:thumbnail url="https://t00.deviantart.net/9y0Tzagl-K-B-Bf-dHvzZ7rSSxU=/fit-in/150x150/filters:no_upscale():origin()/pre00/0252/th/pre/i/2019/050/2/8/thorondor_by_madlore-dd06hf2.jpg" height="150" width="106"/>            <media:thumbnail url="https://t00.deviantart.net/vxaIWDEw9RN7I6lMQms17qQnX6o=/fit-in/300x900/filters:no_upscale():origin()/pre00/0252/th/pre/i/2019/050/2/8/thorondor_by_madlore-dd06hf2.jpg" height="424" width="300"/>            <media:thumbnail url="https://t00.deviantart.net/kGnJk9SfQ0rUFRqvhzKotNjUwXA=/300x200/filters:fixed_height(100,100):origin()/pre00/0252/th/pre/i/2019/050/2/8/thorondor_by_madlore-dd06hf2.jpg" height="200" width="141"/>            <media:content url="https://pre00.deviantart.net/0252/th/pre/i/2019/050/2/8/thorondor_by_madlore-dd06hf2.jpg" height="1063" width="751" medium="image"/>            
            <description>&lt;br /&gt;&lt;div&gt;&lt;img src=&quot;https://t00.deviantart.net/kGnJk9SfQ0rUFRqvhzKotNjUwXA=/300x200/filters:fixed_height(100,100):origin()/pre00/0252/th/pre/i/2019/050/2/8/thorondor_by_madlore-dd06hf2.jpg&quot; alt=&quot;thumbnail&quot; /&gt;&lt;/div&gt;</description>            </item>
                    <item>
                <title>kangaroo man and new sheepland</title>
                <link>https://agoldspirit.deviantart.com/art/kangaroo-man-and-new-sheepland-786362889</link>
                <guid isPermaLink="true">https://agoldspirit.deviantart.com/art/kangaroo-man-and-new-sheepland-786362889</guid>
                <pubDate>Tue, 19 Feb 2019 12:31:52 PST</pubDate>
                        <media:title type="plain">kangaroo man and new sheepland</media:title>
        <media:keywords></media:keywords>
                        <media:rating>nonadult</media:rating>
                <media:category label="Other">digitalart/paintings/other</media:category>
        <media:credit role="author" scheme="urn:ebu">AGoldspirit</media:credit>
        <media:credit role="author" scheme="urn:ebu">https://a.deviantart.net/avatars/a/g/agoldspirit.png?15</media:credit>
        <media:copyright url="https://agoldspirit.deviantart.com">Copyright 2019 AGoldspirit</media:copyright>            <media:description type="html">yes</media:description>            <media:thumbnail url="https://t00.deviantart.net/lEUVJ1vXFfl6Lt3DQ5YvoTUTbnI=/fit-in/150x150/filters:no_upscale():origin()/pre00/fbe8/th/pre/f/2019/050/d/6/660af0ed_1729_4188_967f_58f61ba2ff73_by_agoldspirit-dd06hhl.png" height="150" width="118"/>            <media:thumbnail url="https://t00.deviantart.net/HJqECAMAw2OYg5AUgqqYScWuMrc=/fit-in/300x900/filters:no_upscale():origin()/pre00/fbe8/th/pre/f/2019/050/d/6/660af0ed_1729_4188_967f_58f61ba2ff73_by_agoldspirit-dd06hhl.png" height="382" width="300"/>            <media:thumbnail url="https://t00.deviantart.net/WdS-4iPXhMILal0gleLOQmBvt-k=/300x200/filters:fixed_height(100,100):origin()/pre00/fbe8/th/pre/f/2019/050/d/6/660af0ed_1729_4188_967f_58f61ba2ff73_by_agoldspirit-dd06hhl.png" height="200" width="157"/>            <media:content url="https://orig00.deviantart.net/bca8/f/2019/050/d/6/660af0ed_1729_4188_967f_58f61ba2ff73_by_agoldspirit-dd06hhl.png" height="913" width="717" medium="image"/>            
            <description>yes&lt;br /&gt;&lt;div&gt;&lt;img src=&quot;https://t00.deviantart.net/WdS-4iPXhMILal0gleLOQmBvt-k=/300x200/filters:fixed_height(100,100):origin()/pre00/fbe8/th/pre/f/2019/050/d/6/660af0ed_1729_4188_967f_58f61ba2ff73_by_agoldspirit-dd06hhl.png&quot; alt=&quot;thumbnail&quot; /&gt;&lt;/div&gt;</description>            </item>
                    <item>
                <title>Surveillance Spider - FebsterMix</title>
                <link>https://moeberguine.deviantart.com/art/Surveillance-Spider-FebsterMix-786361794</link>
                <guid isPermaLink="true">https://moeberguine.deviantart.com/art/Surveillance-Spider-FebsterMix-786361794</guid>
                <pubDate>Tue, 19 Feb 2019 12:31:51 PST</pubDate>
                        <media:title type="plain">Surveillance Spider - FebsterMix</media:title>
        <media:keywords></media:keywords>
                        <media:rating>nonadult</media:rating>
                <media:category label="Fantasy">digitalart/paintings/fantasy</media:category>
        <media:credit role="author" scheme="urn:ebu">Moeberguine</media:credit>
        <media:credit role="author" scheme="urn:ebu">https://a.deviantart.net/avatars/m/o/moeberguine.png?11</media:credit>
        <media:copyright url="https://moeberguine.deviantart.com">Copyright 2019 Moeberguine</media:copyright>            <media:description type="html">As a side-effect of the terraforming in Flintstem Factory, the nearby spiders evolved to become more urbanised and mechanical. Along with increased durability and stealth, these arachnids can now record and play back anything they see, as well as display it on a big screen should they hook themselves up via their pointy tail.</media:description>            <media:thumbnail url="https://t00.deviantart.net/bp-fUkm001OyJjD3tSBDIgx8azg=/fit-in/150x150/filters:no_upscale():origin()/pre00/150a/th/pre/f/2019/050/3/7/surveillance_spider___febstermix_by_moeberguine-dd06gn6.png" height="142" width="150"/>            <media:thumbnail url="https://t00.deviantart.net/sh2F5qj17qze2DgcXxiDjNee6qo=/fit-in/300x900/filters:no_upscale():origin()/pre00/150a/th/pre/f/2019/050/3/7/surveillance_spider___febstermix_by_moeberguine-dd06gn6.png" height="285" width="300"/>            <media:thumbnail url="https://t00.deviantart.net/0_ewd00j22ZaWifGVjjoYtIVaCI=/300x200/filters:fixed_height(100,100):origin()/pre00/150a/th/pre/f/2019/050/3/7/surveillance_spider___febstermix_by_moeberguine-dd06gn6.png" height="200" width="211"/>            <media:content url="https://pre00.deviantart.net/150a/th/pre/f/2019/050/3/7/surveillance_spider___febstermix_by_moeberguine-dd06gn6.png" height="871" width="917" medium="image"/>            
            <description>As a side-effect of the terraforming in Flintstem Factory, the nearby spiders evolved to become more urbanised and mechanical. Along with increased durability and stealth, these arachnids can now record and play back anything they see, as well as display it on a big screen should they hook themselves up via their pointy tail.&lt;br /&gt;&lt;div&gt;&lt;img src=&quot;https://t00.deviantart.net/0_ewd00j22ZaWifGVjjoYtIVaCI=/300x200/filters:fixed_height(100,100):origin()/pre00/150a/th/pre/f/2019/050/3/7/surveillance_spider___febstermix_by_moeberguine-dd06gn6.png&quot; alt=&quot;thumbnail&quot; /&gt;&lt;/div&gt;</description>            </item>
                    <item>
                <title>Marjakimara</title>
                <link>https://kebabpekonirulla.deviantart.com/art/Marjakimara-786362850</link>
                <guid isPermaLink="true">https://kebabpekonirulla.deviantart.com/art/Marjakimara-786362850</guid>
                <pubDate>Tue, 19 Feb 2019 12:31:50 PST</pubDate>
                        <media:title type="plain">Marjakimara</media:title>
        <media:keywords></media:keywords>
                        <media:rating>nonadult</media:rating>
                <media:category label="Other">digitalart/paintings/other</media:category>
        <media:credit role="author" scheme="urn:ebu">KebabPekoniRulla</media:credit>
        <media:credit role="author" scheme="urn:ebu">https://a.deviantart.net/avatars/k/e/kebabpekonirulla.png?9</media:credit>
        <media:copyright url="https://kebabpekonirulla.deviantart.com">Copyright 2019 KebabPekoniRulla</media:copyright>            <media:description type="html">Tea kukuri number one is done &amp;#180;v`/&lt;br /&gt;&lt;br /&gt;&lt;span class=&quot;shadow-holder&quot; data-embed-type=&quot;deviation&quot; data-embed-id=&quot;647914102&quot; data-embed-format=&quot;thumb&quot;&gt;&lt;span class=&quot;shadow mild&quot; &gt;&lt;a class=&quot;thumb&quot; href=&quot;https://www.deviantart.com/kuku-ri/art/Marjapiirakka-1002-647914102&quot; title=&quot;Marjapiirakka 1002 by Kuku-ri, Nov 26, 2016 in Digital Art &amp;gt; Drawings &amp;amp; Paintings &amp;gt; Fantasy&quot;data-super-img=&quot;https://images-wixmp-ed30a86b8c4ca887773594c2.wixmp.com/intermediary/f/b270d26f-24db-4b18-9f7b-ca5435d8ccdb/dapr1py-d02c5e40-458f-4e7b-808f-d07a0dc88cd1.png/v1/fill/w_1130,h_707,q_70,strp/marjapiirakka_1002_by_kuku_ri_dapr1py-pre.jpg&quot; data-super-width=&quot;1130&quot; data-super-height=&quot;707&quot; data-super-transparent=&quot;false&quot; data-super-alt=&quot;Marjapiirakka 1002 by Kuku-ri&quot; data-super-full-img=&quot;https://images-wixmp-ed30a86b8c4ca887773594c2.wixmp.com/intermediary/f/b270d26f-24db-4b18-9f7b-ca5435d8ccdb/dapr1py-d02c5e40-458f-4e7b-808f-d07a0dc88cd1.png&quot; data-super-full-width=&quot;2821&quot; data-super-full-height=&quot;1766&quot;        data-sigil=&quot;thumb&quot;&gt;
        &lt;i&gt;&lt;/i&gt;&lt;img   width=&quot;150&quot; height=&quot;94&quot; alt=&quot;Marjapiirakka 1002 by Kuku-ri&quot; src=&quot;https://images-wixmp-ed30a86b8c4ca887773594c2.wixmp.com/intermediary/f/b270d26f-24db-4b18-9f7b-ca5435d8ccdb/dapr1py-d02c5e40-458f-4e7b-808f-d07a0dc88cd1.png/v1/fit/w_150,h_150,q_70,strp/marjapiirakka_1002_by_kuku_ri_dapr1py-150.jpg&quot; data-src=&quot;https://images-wixmp-ed30a86b8c4ca887773594c2.wixmp.com/intermediary/f/b270d26f-24db-4b18-9f7b-ca5435d8ccdb/dapr1py-d02c5e40-458f-4e7b-808f-d07a0dc88cd1.png/v1/fit/w_150,h_150,q_70,strp/marjapiirakka_1002_by_kuku_ri_dapr1py-150.jpg&quot; srcset=&quot;https://images-wixmp-ed30a86b8c4ca887773594c2.wixmp.com/intermediary/f/b270d26f-24db-4b18-9f7b-ca5435d8ccdb/dapr1py-d02c5e40-458f-4e7b-808f-d07a0dc88cd1.png/v1/fit/w_150,h_150,q_70,strp/marjapiirakka_1002_by_kuku_ri_dapr1py-150.jpg 150w,https://images-wixmp-ed30a86b8c4ca887773594c2.wixmp.com/intermediary/f/b270d26f-24db-4b18-9f7b-ca5435d8ccdb/dapr1py-d02c5e40-458f-4e7b-808f-d07a0dc88cd1.png/v1/fill/w_399,h_250,q_70,strp/marjapiirakka_1002_by_kuku_ri_dapr1py-250t.jpg 399w,https://images-wixmp-ed30a86b8c4ca887773594c2.wixmp.com/intermediary/f/b270d26f-24db-4b18-9f7b-ca5435d8ccdb/dapr1py-d02c5e40-458f-4e7b-808f-d07a0dc88cd1.png/v1/fill/w_559,h_350,q_70,strp/marjapiirakka_1002_by_kuku_ri_dapr1py-350t.jpg 559w,https://images-wixmp-ed30a86b8c4ca887773594c2.wixmp.com/intermediary/f/b270d26f-24db-4b18-9f7b-ca5435d8ccdb/dapr1py-d02c5e40-458f-4e7b-808f-d07a0dc88cd1.png/v1/fill/w_639,h_400,q_70,strp/marjapiirakka_1002_by_kuku_ri_dapr1py-400t.jpg 639w,https://images-wixmp-ed30a86b8c4ca887773594c2.wixmp.com/intermediary/f/b270d26f-24db-4b18-9f7b-ca5435d8ccdb/dapr1py-d02c5e40-458f-4e7b-808f-d07a0dc88cd1.png/v1/fill/w_1130,h_707,q_70,strp/marjapiirakka_1002_by_kuku_ri_dapr1py-pre.jpg 1130w&quot; sizes=&quot;150px&quot;&gt;&lt;/a&gt;&lt;/span&gt;&lt;!-- ^TTT --&gt;&lt;!-- TTT$ --&gt;&lt;/span&gt;&amp;nbsp;&lt;span class=&quot;username-with-symbol u&quot;&gt;&lt;a class=&quot;u premium username&quot; href=&quot;https://www.deviantart.com/crashfurs&quot;&gt;Crashfurs&lt;/a&gt;&lt;span class=&quot;user-symbol premium&quot; data-quicktip-text=&quot;Core Member&quot; data-show-tooltip=&quot;1&quot; data-gruser-type=&quot;premium&quot;&gt;&lt;/span&gt;&lt;/span&gt;&amp;nbsp;&lt;br /&gt;&lt;br /&gt;&lt;span class=&quot;shadow-holder&quot; data-embed-type=&quot;deviation&quot; data-embed-id=&quot;784437251&quot; data-embed-format=&quot;thumb&quot;&gt;&lt;span class=&quot;shadow mild&quot; &gt;&lt;a class=&quot;thumb&quot; href=&quot;https://www.deviantart.com/kebabpekonirulla/art/Brew-or-brew-not-There-is-no-steep-YKH-taken-784437251&quot; title=&quot;Brew or brew not. There is no steep - YKH - taken by KebabPekoniRulla, Feb 6, 2019 in Digital Art &amp;gt; Drawings &amp;amp; Paintings &amp;gt; Other&quot;data-super-img=&quot;https://images-wixmp-ed30a86b8c4ca887773594c2.wixmp.com/intermediary/f/e75d8ffd-1cb8-45ea-b7ff-be142b5eb91d/dcz17nn-08e0084a-b67e-46f2-95ef-269bb2678581.png/v1/fill/w_800,h_614,q_80,strp/brew_or_brew_not__there_is_no_steep___ykh___taken_by_kebabpekonirulla_dcz17nn-fullview.jpg&quot; data-super-width=&quot;800&quot; data-super-height=&quot;614&quot; data-super-transparent=&quot;false&quot; data-super-alt=&quot;Brew or brew not. There is no steep - YKH - taken by KebabPekoniRulla&quot; data-super-full-img=&quot;https://images-wixmp-ed30a86b8c4ca887773594c2.wixmp.com/intermediary/f/e75d8ffd-1cb8-45ea-b7ff-be142b5eb91d/dcz17nn-08e0084a-b67e-46f2-95ef-269bb2678581.png/v1/fill/w_800,h_614,q_80,strp/brew_or_brew_not__there_is_no_steep___ykh___taken_by_kebabpekonirulla_dcz17nn-fullview.jpg&quot; data-super-full-width=&quot;800&quot; data-super-full-height=&quot;614&quot;        data-sigil=&quot;thumb&quot;&gt;
        &lt;i&gt;&lt;/i&gt;&lt;img   width=&quot;150&quot; height=&quot;115&quot; alt=&quot;Brew or brew not. There is no steep - YKH - taken by KebabPekoniRulla&quot; src=&quot;https://images-wixmp-ed30a86b8c4ca887773594c2.wixmp.com/intermediary/f/e75d8ffd-1cb8-45ea-b7ff-be142b5eb91d/dcz17nn-08e0084a-b67e-46f2-95ef-269bb2678581.png/v1/fit/w_150,h_150,q_70,strp/brew_or_brew_not__there_is_no_steep___ykh___taken_by_kebabpekonirulla_dcz17nn-150.jpg&quot; data-src=&quot;https://images-wixmp-ed30a86b8c4ca887773594c2.wixmp.com/intermediary/f/e75d8ffd-1cb8-45ea-b7ff-be142b5eb91d/dcz17nn-08e0084a-b67e-46f2-95ef-269bb2678581.png/v1/fit/w_150,h_150,q_70,strp/brew_or_brew_not__there_is_no_steep___ykh___taken_by_kebabpekonirulla_dcz17nn-150.jpg&quot; srcset=&quot;https://images-wixmp-ed30a86b8c4ca887773594c2.wixmp.com/intermediary/f/e75d8ffd-1cb8-45ea-b7ff-be142b5eb91d/dcz17nn-08e0084a-b67e-46f2-95ef-269bb2678581.png/v1/fit/w_150,h_150,q_70,strp/brew_or_brew_not__there_is_no_steep___ykh___taken_by_kebabpekonirulla_dcz17nn-150.jpg 150w,https://images-wixmp-ed30a86b8c4ca887773594c2.wixmp.com/intermediary/f/e75d8ffd-1cb8-45ea-b7ff-be142b5eb91d/dcz17nn-08e0084a-b67e-46f2-95ef-269bb2678581.png/v1/fill/w_326,h_250,q_70,strp/brew_or_brew_not__there_is_no_steep___ykh___taken_by_kebabpekonirulla_dcz17nn-250t.jpg 326w,https://images-wixmp-ed30a86b8c4ca887773594c2.wixmp.com/intermediary/f/e75d8ffd-1cb8-45ea-b7ff-be142b5eb91d/dcz17nn-08e0084a-b67e-46f2-95ef-269bb2678581.png/v1/fill/w_456,h_350,q_70,strp/brew_or_brew_not__there_is_no_steep___ykh___taken_by_kebabpekonirulla_dcz17nn-350t.jpg 456w,https://images-wixmp-ed30a86b8c4ca887773594c2.wixmp.com/intermediary/f/e75d8ffd-1cb8-45ea-b7ff-be142b5eb91d/dcz17nn-08e0084a-b67e-46f2-95ef-269bb2678581.png/v1/fill/w_522,h_400,q_70,strp/brew_or_brew_not__there_is_no_steep___ykh___taken_by_kebabpekonirulla_dcz17nn-400t.jpg 521w,https://images-wixmp-ed30a86b8c4ca887773594c2.wixmp.com/intermediary/f/e75d8ffd-1cb8-45ea-b7ff-be142b5eb91d/dcz17nn-08e0084a-b67e-46f2-95ef-269bb2678581.png/v1/fill/w_800,h_614,q_80,strp/brew_or_brew_not__there_is_no_steep___ykh___taken_by_kebabpekonirulla_dcz17nn-fullview.jpg 800w&quot; sizes=&quot;150px&quot;&gt;&lt;/a&gt;&lt;/span&gt;&lt;!-- ^TTT --&gt;&lt;!-- TTT$ --&gt;&lt;/span&gt;&amp;nbsp;&amp;lt;&amp;lt;</media:description>            <media:thumbnail url="https://t00.deviantart.net/6BuN8b6I-O7CglDZnuKZ5qo28rw=/fit-in/150x150/filters:no_upscale():origin()/pre00/d024/th/pre/f/2019/050/a/d/adcf6b033df9bee67654ae03fe64b696-dd06hgi.png" height="125" width="150"/>            <media:thumbnail url="https://t00.deviantart.net/kIuk4CXm5nhguUTFQ0qbX92mJfg=/fit-in/300x900/filters:no_upscale():origin()/pre00/d024/th/pre/f/2019/050/a/d/adcf6b033df9bee67654ae03fe64b696-dd06hgi.png" height="251" width="300"/>            <media:thumbnail url="https://t00.deviantart.net/vdpnXcvC2ZbOEw51oaN49_19gY0=/300x200/filters:fixed_height(100,100):origin()/pre00/d024/th/pre/f/2019/050/a/d/adcf6b033df9bee67654ae03fe64b696-dd06hgi.png" height="200" width="240"/>            <media:content url="https://orig00.deviantart.net/bbcf/f/2019/050/a/d/adcf6b033df9bee67654ae03fe64b696-dd06hgi.png" height="668" width="800" medium="image"/>            
            <description>Tea kukuri number one is done &amp;#180;v`/&lt;br /&gt;&lt;br /&gt;&lt;span class=&quot;shadow-holder&quot; data-embed-type=&quot;deviation&quot; data-embed-id=&quot;647914102&quot; data-embed-format=&quot;thumb&quot;&gt;&lt;span class=&quot;shadow mild&quot; &gt;&lt;a class=&quot;thumb&quot; href=&quot;https://www.deviantart.com/kuku-ri/art/Marjapiirakka-1002-647914102&quot; title=&quot;Marjapiirakka 1002 by Kuku-ri, Nov 26, 2016 in Digital Art &amp;gt; Drawings &amp;amp; Paintings &amp;gt; Fantasy&quot;data-super-img=&quot;https://images-wixmp-ed30a86b8c4ca887773594c2.wixmp.com/intermediary/f/b270d26f-24db-4b18-9f7b-ca5435d8ccdb/dapr1py-d02c5e40-458f-4e7b-808f-d07a0dc88cd1.png/v1/fill/w_1130,h_707,q_70,strp/marjapiirakka_1002_by_kuku_ri_dapr1py-pre.jpg&quot; data-super-width=&quot;1130&quot; data-super-height=&quot;707&quot; data-super-transparent=&quot;false&quot; data-super-alt=&quot;Marjapiirakka 1002 by Kuku-ri&quot; data-super-full-img=&quot;https://images-wixmp-ed30a86b8c4ca887773594c2.wixmp.com/intermediary/f/b270d26f-24db-4b18-9f7b-ca5435d8ccdb/dapr1py-d02c5e40-458f-4e7b-808f-d07a0dc88cd1.png&quot; data-super-full-width=&quot;2821&quot; data-super-full-height=&quot;1766&quot;        data-sigil=&quot;thumb&quot;&gt;
        &lt;i&gt;&lt;/i&gt;&lt;img   width=&quot;150&quot; height=&quot;94&quot; alt=&quot;Marjapiirakka 1002 by Kuku-ri&quot; src=&quot;https://images-wixmp-ed30a86b8c4ca887773594c2.wixmp.com/intermediary/f/b270d26f-24db-4b18-9f7b-ca5435d8ccdb/dapr1py-d02c5e40-458f-4e7b-808f-d07a0dc88cd1.png/v1/fit/w_150,h_150,q_70,strp/marjapiirakka_1002_by_kuku_ri_dapr1py-150.jpg&quot; data-src=&quot;https://images-wixmp-ed30a86b8c4ca887773594c2.wixmp.com/intermediary/f/b270d26f-24db-4b18-9f7b-ca5435d8ccdb/dapr1py-d02c5e40-458f-4e7b-808f-d07a0dc88cd1.png/v1/fit/w_150,h_150,q_70,strp/marjapiirakka_1002_by_kuku_ri_dapr1py-150.jpg&quot; srcset=&quot;https://images-wixmp-ed30a86b8c4ca887773594c2.wixmp.com/intermediary/f/b270d26f-24db-4b18-9f7b-ca5435d8ccdb/dapr1py-d02c5e40-458f-4e7b-808f-d07a0dc88cd1.png/v1/fit/w_150,h_150,q_70,strp/marjapiirakka_1002_by_kuku_ri_dapr1py-150.jpg 150w,https://images-wixmp-ed30a86b8c4ca887773594c2.wixmp.com/intermediary/f/b270d26f-24db-4b18-9f7b-ca5435d8ccdb/dapr1py-d02c5e40-458f-4e7b-808f-d07a0dc88cd1.png/v1/fill/w_399,h_250,q_70,strp/marjapiirakka_1002_by_kuku_ri_dapr1py-250t.jpg 399w,https://images-wixmp-ed30a86b8c4ca887773594c2.wixmp.com/intermediary/f/b270d26f-24db-4b18-9f7b-ca5435d8ccdb/dapr1py-d02c5e40-458f-4e7b-808f-d07a0dc88cd1.png/v1/fill/w_559,h_350,q_70,strp/marjapiirakka_1002_by_kuku_ri_dapr1py-350t.jpg 559w,https://images-wixmp-ed30a86b8c4ca887773594c2.wixmp.com/intermediary/f/b270d26f-24db-4b18-9f7b-ca5435d8ccdb/dapr1py-d02c5e40-458f-4e7b-808f-d07a0dc88cd1.png/v1/fill/w_639,h_400,q_70,strp/marjapiirakka_1002_by_kuku_ri_dapr1py-400t.jpg 639w,https://images-wixmp-ed30a86b8c4ca887773594c2.wixmp.com/intermediary/f/b270d26f-24db-4b18-9f7b-ca5435d8ccdb/dapr1py-d02c5e40-458f-4e7b-808f-d07a0dc88cd1.png/v1/fill/w_1130,h_707,q_70,strp/marjapiirakka_1002_by_kuku_ri_dapr1py-pre.jpg 1130w&quot; sizes=&quot;150px&quot;&gt;&lt;/a&gt;&lt;/span&gt;&lt;!-- ^TTT --&gt;&lt;!-- TTT$ --&gt;&lt;/span&gt;&amp;nbsp;&lt;span class=&quot;username-with-symbol u&quot;&gt;&lt;a class=&quot;u premium username&quot; href=&quot;https://www.deviantart.com/crashfurs&quot;&gt;Crashfurs&lt;/a&gt;&lt;span class=&quot;user-symbol premium&quot; data-quicktip-text=&quot;Core Member&quot; data-show-tooltip=&quot;1&quot; data-gruser-type=&quot;premium&quot;&gt;&lt;/span&gt;&lt;/span&gt;&amp;nbsp;&lt;br /&gt;&lt;br /&gt;&lt;span class=&quot;shadow-holder&quot; data-embed-type=&quot;deviation&quot; data-embed-id=&quot;784437251&quot; data-embed-format=&quot;thumb&quot;&gt;&lt;span class=&quot;shadow mild&quot; &gt;&lt;a class=&quot;thumb&quot; href=&quot;https://www.deviantart.com/kebabpekonirulla/art/Brew-or-brew-not-There-is-no-steep-YKH-taken-784437251&quot; title=&quot;Brew or brew not. There is no steep - YKH - taken by KebabPekoniRulla, Feb 6, 2019 in Digital Art &amp;gt; Drawings &amp;amp; Paintings &amp;gt; Other&quot;data-super-img=&quot;https://images-wixmp-ed30a86b8c4ca887773594c2.wixmp.com/intermediary/f/e75d8ffd-1cb8-45ea-b7ff-be142b5eb91d/dcz17nn-08e0084a-b67e-46f2-95ef-269bb2678581.png/v1/fill/w_800,h_614,q_80,strp/brew_or_brew_not__there_is_no_steep___ykh___taken_by_kebabpekonirulla_dcz17nn-fullview.jpg&quot; data-super-width=&quot;800&quot; data-super-height=&quot;614&quot; data-super-transparent=&quot;false&quot; data-super-alt=&quot;Brew or brew not. There is no steep - YKH - taken by KebabPekoniRulla&quot; data-super-full-img=&quot;https://images-wixmp-ed30a86b8c4ca887773594c2.wixmp.com/intermediary/f/e75d8ffd-1cb8-45ea-b7ff-be142b5eb91d/dcz17nn-08e0084a-b67e-46f2-95ef-269bb2678581.png/v1/fill/w_800,h_614,q_80,strp/brew_or_brew_not__there_is_no_steep___ykh___taken_by_kebabpekonirulla_dcz17nn-fullview.jpg&quot; data-super-full-width=&quot;800&quot; data-super-full-height=&quot;614&quot;        data-sigil=&quot;thumb&quot;&gt;
        &lt;i&gt;&lt;/i&gt;&lt;img   width=&quot;150&quot; height=&quot;115&quot; alt=&quot;Brew or brew not. There is no steep - YKH - taken by KebabPekoniRulla&quot; src=&quot;https://images-wixmp-ed30a86b8c4ca887773594c2.wixmp.com/intermediary/f/e75d8ffd-1cb8-45ea-b7ff-be142b5eb91d/dcz17nn-08e0084a-b67e-46f2-95ef-269bb2678581.png/v1/fit/w_150,h_150,q_70,strp/brew_or_brew_not__there_is_no_steep___ykh___taken_by_kebabpekonirulla_dcz17nn-150.jpg&quot; data-src=&quot;https://images-wixmp-ed30a86b8c4ca887773594c2.wixmp.com/intermediary/f/e75d8ffd-1cb8-45ea-b7ff-be142b5eb91d/dcz17nn-08e0084a-b67e-46f2-95ef-269bb2678581.png/v1/fit/w_150,h_150,q_70,strp/brew_or_brew_not__there_is_no_steep___ykh___taken_by_kebabpekonirulla_dcz17nn-150.jpg&quot; srcset=&quot;https://images-wixmp-ed30a86b8c4ca887773594c2.wixmp.com/intermediary/f/e75d8ffd-1cb8-45ea-b7ff-be142b5eb91d/dcz17nn-08e0084a-b67e-46f2-95ef-269bb2678581.png/v1/fit/w_150,h_150,q_70,strp/brew_or_brew_not__there_is_no_steep___ykh___taken_by_kebabpekonirulla_dcz17nn-150.jpg 150w,https://images-wixmp-ed30a86b8c4ca887773594c2.wixmp.com/intermediary/f/e75d8ffd-1cb8-45ea-b7ff-be142b5eb91d/dcz17nn-08e0084a-b67e-46f2-95ef-269bb2678581.png/v1/fill/w_326,h_250,q_70,strp/brew_or_brew_not__there_is_no_steep___ykh___taken_by_kebabpekonirulla_dcz17nn-250t.jpg 326w,https://images-wixmp-ed30a86b8c4ca887773594c2.wixmp.com/intermediary/f/e75d8ffd-1cb8-45ea-b7ff-be142b5eb91d/dcz17nn-08e0084a-b67e-46f2-95ef-269bb2678581.png/v1/fill/w_456,h_350,q_70,strp/brew_or_brew_not__there_is_no_steep___ykh___taken_by_kebabpekonirulla_dcz17nn-350t.jpg 456w,https://images-wixmp-ed30a86b8c4ca887773594c2.wixmp.com/intermediary/f/e75d8ffd-1cb8-45ea-b7ff-be142b5eb91d/dcz17nn-08e0084a-b67e-46f2-95ef-269bb2678581.png/v1/fill/w_522,h_400,q_70,strp/brew_or_brew_not__there_is_no_steep___ykh___taken_by_kebabpekonirulla_dcz17nn-400t.jpg 521w,https://images-wixmp-ed30a86b8c4ca887773594c2.wixmp.com/intermediary/f/e75d8ffd-1cb8-45ea-b7ff-be142b5eb91d/dcz17nn-08e0084a-b67e-46f2-95ef-269bb2678581.png/v1/fill/w_800,h_614,q_80,strp/brew_or_brew_not__there_is_no_steep___ykh___taken_by_kebabpekonirulla_dcz17nn-fullview.jpg 800w&quot; sizes=&quot;150px&quot;&gt;&lt;/a&gt;&lt;/span&gt;&lt;!-- ^TTT --&gt;&lt;!-- TTT$ --&gt;&lt;/span&gt;&amp;nbsp;&amp;lt;&amp;lt;&lt;br /&gt;&lt;div&gt;&lt;img src=&quot;https://t00.deviantart.net/vdpnXcvC2ZbOEw51oaN49_19gY0=/300x200/filters:fixed_height(100,100):origin()/pre00/d024/th/pre/f/2019/050/a/d/adcf6b033df9bee67654ae03fe64b696-dd06hgi.png&quot; alt=&quot;thumbnail&quot; /&gt;&lt;/div&gt;</description>            </item>
                    <item>
                <title>OC Lyren</title>
                <link>https://jkinaru.deviantart.com/art/OC-Lyren-786362735</link>
                <guid isPermaLink="true">https://jkinaru.deviantart.com/art/OC-Lyren-786362735</guid>
                <pubDate>Tue, 19 Feb 2019 12:31:50 PST</pubDate>
                        <media:title type="plain">OC Lyren</media:title>
        <media:keywords></media:keywords>
                        <media:rating>nonadult</media:rating>
                <media:category label="Conceptual">digitalart/paintings/illustrations/conceptual</media:category>
        <media:credit role="author" scheme="urn:ebu">jkinaru</media:credit>
        <media:credit role="author" scheme="urn:ebu">https://a.deviantart.net/avatars/default.gif</media:credit>
        <media:copyright url="https://jkinaru.deviantart.com">Copyright 2019 jkinaru</media:copyright>            <media:description type="html">sip</media:description>            <media:thumbnail url="https://t00.deviantart.net/Dnau2uIShM0x8eH5D-Fw5fLcyU8=/fit-in/150x150/filters:no_upscale():origin()/pre00/627f/th/pre/f/2019/050/a/d/oc_lyren_by_jkinaru-dd06hdb.jpg" height="128" width="150"/>            <media:thumbnail url="https://t00.deviantart.net/IumQqKdPo6k57LmeggQfTvNpmc4=/fit-in/300x900/filters:no_upscale():origin()/pre00/627f/th/pre/f/2019/050/a/d/oc_lyren_by_jkinaru-dd06hdb.jpg" height="255" width="300"/>            <media:thumbnail url="https://t00.deviantart.net/njBzu5XTVP1jejmLBs46E6Wi7j8=/300x200/filters:fixed_height(100,100):origin()/pre00/627f/th/pre/f/2019/050/a/d/oc_lyren_by_jkinaru-dd06hdb.jpg" height="200" width="235"/>            <media:content url="https://pre00.deviantart.net/627f/th/pre/f/2019/050/a/d/oc_lyren_by_jkinaru-dd06hdb.jpg" height="825" width="969" medium="image"/>            
            <description>sip&lt;br /&gt;&lt;div&gt;&lt;img src=&quot;https://t00.deviantart.net/njBzu5XTVP1jejmLBs46E6Wi7j8=/300x200/filters:fixed_height(100,100):origin()/pre00/627f/th/pre/f/2019/050/a/d/oc_lyren_by_jkinaru-dd06hdb.jpg&quot; alt=&quot;thumbnail&quot; /&gt;&lt;/div&gt;</description>            </item>
                    <item>
                <title>Can&#039;t Stop The Top [Megaman] (Art Trade)</title>
                <link>https://doughnutdoggie.deviantart.com/art/Can-t-Stop-The-Top-Megaman-Art-Trade-786362799</link>
                <guid isPermaLink="true">https://doughnutdoggie.deviantart.com/art/Can-t-Stop-The-Top-Megaman-Art-Trade-786362799</guid>
                <pubDate>Tue, 19 Feb 2019 12:31:50 PST</pubDate>
                        <media:title type="plain">Can&#039;t Stop The Top [Megaman] (Art Trade)</media:title>
        <media:keywords></media:keywords>
                        <media:rating>nonadult</media:rating>
                <media:category label="Drawings">manga/traditional/drawings</media:category>
        <media:credit role="author" scheme="urn:ebu">DoughnutDoggie</media:credit>
        <media:credit role="author" scheme="urn:ebu">https://a.deviantart.net/avatars/d/o/doughnutdoggie.png?7</media:credit>
        <media:copyright url="https://doughnutdoggie.deviantart.com">Copyright 2019 DoughnutDoggie</media:copyright>            <media:description type="html">Art trade with &lt;span class=&quot;username-with-symbol u&quot;&gt;&lt;a class=&quot;u regular username&quot; href=&quot;https://www.deviantart.com/scrappaper16&quot;&gt;ScrapPaper16&lt;/a&gt;&lt;span class=&quot;user-symbol regular&quot; data-quicktip-text=&quot;&quot; data-show-tooltip=&quot;&quot; data-gruser-type=&quot;regular&quot;&gt;&lt;/span&gt;&lt;/span&gt;&amp;nbsp;&lt;br /&gt;&lt;br /&gt;&lt;br /&gt;I had lots of fun making this!!!</media:description>            <media:thumbnail url="https://t00.deviantart.net/5MDW2AzP9qUPF2bYHyVQIhWMEFg=/fit-in/150x150/filters:no_upscale():origin()/pre00/3df7/th/pre/f/2019/050/e/1/can_t_stop_the_top__megaman___art_trade__by_doughnutdoggie-dd06hf3.jpg" height="150" width="113"/>            <media:thumbnail url="https://t00.deviantart.net/ayMmvq1rbRX1kO1FQ3XYnL8FmUI=/fit-in/300x900/filters:no_upscale():origin()/pre00/3df7/th/pre/f/2019/050/e/1/can_t_stop_the_top__megaman___art_trade__by_doughnutdoggie-dd06hf3.jpg" height="400" width="300"/>            <media:thumbnail url="https://t00.deviantart.net/LAUJOOYb0ahf8ysgoFW-b-Mn6RM=/300x200/filters:fixed_height(100,100):origin()/pre00/3df7/th/pre/f/2019/050/e/1/can_t_stop_the_top__megaman___art_trade__by_doughnutdoggie-dd06hf3.jpg" height="200" width="150"/>            <media:content url="https://orig00.deviantart.net/eb78/f/2019/050/e/1/can_t_stop_the_top__megaman___art_trade__by_doughnutdoggie-dd06hf3.jpg" height="960" width="720" medium="image"/>            
            <description>Art trade with &lt;span class=&quot;username-with-symbol u&quot;&gt;&lt;a class=&quot;u regular username&quot; href=&quot;https://www.deviantart.com/scrappaper16&quot;&gt;ScrapPaper16&lt;/a&gt;&lt;span class=&quot;user-symbol regular&quot; data-quicktip-text=&quot;&quot; data-show-tooltip=&quot;&quot; data-gruser-type=&quot;regular&quot;&gt;&lt;/span&gt;&lt;/span&gt;&amp;nbsp;&lt;br /&gt;&lt;br /&gt;&lt;br /&gt;I had lots of fun making this!!!&lt;br /&gt;&lt;div&gt;&lt;img src=&quot;https://t00.deviantart.net/LAUJOOYb0ahf8ysgoFW-b-Mn6RM=/300x200/filters:fixed_height(100,100):origin()/pre00/3df7/th/pre/f/2019/050/e/1/can_t_stop_the_top__megaman___art_trade__by_doughnutdoggie-dd06hf3.jpg&quot; alt=&quot;thumbnail&quot; /&gt;&lt;/div&gt;</description>            </item>
                    <item>
                <title>Come what may</title>
                <link>https://aquaiights.deviantart.com/art/Come-what-may-786362634</link>
                <guid isPermaLink="true">https://aquaiights.deviantart.com/art/Come-what-may-786362634</guid>
                <pubDate>Tue, 19 Feb 2019 12:31:49 PST</pubDate>
                        <media:title type="plain">Come what may</media:title>
        <media:keywords></media:keywords>
                        <media:rating>nonadult</media:rating>
                <media:category label="Fantasy">digitalart/paintings/fantasy</media:category>
        <media:credit role="author" scheme="urn:ebu">aquaIights</media:credit>
        <media:credit role="author" scheme="urn:ebu">https://a.deviantart.net/avatars/a/q/aquaiights.gif?10</media:credit>
        <media:copyright url="https://aquaiights.deviantart.com">Copyright 2019 aquaIights</media:copyright>            <media:description type="html">art trade with someone on amino!!</media:description>            <media:thumbnail url="https://t00.deviantart.net/lHGlguPlZervDd5lAjyBcLstypA=/fit-in/150x150/filters:no_upscale():origin()/pre00/606c/th/pre/f/2019/050/2/4/24aa7776f2ca5e552bce0dea02b83b09-dd06hai.png" height="150" width="112"/>            <media:thumbnail url="https://t00.deviantart.net/0eisRcnY_PlvWWBGc06OXmNGYQM=/fit-in/300x900/filters:no_upscale():origin()/pre00/606c/th/pre/f/2019/050/2/4/24aa7776f2ca5e552bce0dea02b83b09-dd06hai.png" height="404" width="300"/>            <media:thumbnail url="https://t00.deviantart.net/JYzxbtO_c7_NxudSBXY3wv8GLBA=/300x200/filters:fixed_height(100,100):origin()/pre00/606c/th/pre/f/2019/050/2/4/24aa7776f2ca5e552bce0dea02b83b09-dd06hai.png" height="200" width="149"/>            <media:content url="https://orig00.deviantart.net/59ad/f/2019/050/2/4/24aa7776f2ca5e552bce0dea02b83b09-dd06hai.png" height="900" width="669" medium="image"/>            
            <description>art trade with someone on amino!!&lt;br /&gt;&lt;div&gt;&lt;img src=&quot;https://t00.deviantart.net/JYzxbtO_c7_NxudSBXY3wv8GLBA=/300x200/filters:fixed_height(100,100):origin()/pre00/606c/th/pre/f/2019/050/2/4/24aa7776f2ca5e552bce0dea02b83b09-dd06hai.png&quot; alt=&quot;thumbnail&quot; /&gt;&lt;/div&gt;</description>            </item>
                    <item>
                <title>Chase in the Woods Part Two</title>
                <link>https://neonneodragon.deviantart.com/art/Chase-in-the-Woods-Part-Two-786362524</link>
                <guid isPermaLink="true">https://neonneodragon.deviantart.com/art/Chase-in-the-Woods-Part-Two-786362524</guid>
                <pubDate>Tue, 19 Feb 2019 12:31:49 PST</pubDate>
                        <media:title type="plain">Chase in the Woods Part Two</media:title>
        <media:keywords></media:keywords>
                        <media:rating>nonadult</media:rating>
                <media:category label="Strips">cartoons/digital/comics/strips</media:category>
        <media:credit role="author" scheme="urn:ebu">NeonNeoDragon</media:credit>
        <media:credit role="author" scheme="urn:ebu">https://a.deviantart.net/avatars/n/e/neonneodragon.png</media:credit>
        <media:copyright url="https://neonneodragon.deviantart.com">Copyright 2019 NeonNeoDragon</media:copyright>            <media:description type="html">1: Coffee +8AP&lt;br /&gt; &amp;nbsp; &amp;nbsp;Emberli+8AP&lt;br /&gt;2:Coffee +11AP&lt;br /&gt; &amp;nbsp; &amp;nbsp;Emberli +10AP&lt;br /&gt;3X&lt;br /&gt;4:Emberli +8AP&lt;br /&gt;5:Emberli +7AP&lt;br /&gt;6:Emberli +11AP&lt;br /&gt; &amp;nbsp; &amp;nbsp;Coffee &amp;nbsp;+11AP&lt;br /&gt;&lt;br /&gt;Total: Coffee+19AP&lt;br /&gt; &amp;nbsp; &amp;nbsp; &amp;nbsp; &amp;nbsp; &amp;nbsp; &amp;nbsp;Emberli +44AP</media:description>            <media:thumbnail url="https://t00.deviantart.net/Qavqbpk0qnAdYtXmrqou1QHAQ-0=/fit-in/150x150/filters:no_upscale():origin()/pre00/597c/th/pre/i/2019/050/2/1/chase_in_the_woods_part_two_by_neonneodragon-dd06h7g.png" height="150" width="32"/>            <media:thumbnail url="https://t00.deviantart.net/FB9APkw_0ix1uPq59-q2Tj4BYWo=/fit-in/300x900/filters:no_upscale():origin()/pre00/597c/th/pre/i/2019/050/2/1/chase_in_the_woods_part_two_by_neonneodragon-dd06h7g.png" height="900" width="193"/>            <media:thumbnail url="https://t00.deviantart.net/XY3Erhh08mUroJfOXv-X8MuijLI=/300x200/filters:fixed_height(100,100):origin()/pre00/597c/th/pre/i/2019/050/2/1/chase_in_the_woods_part_two_by_neonneodragon-dd06h7g.png" height="201" width="100"/>            <media:content url="https://pre00.deviantart.net/597c/th/pre/i/2019/050/2/1/chase_in_the_woods_part_two_by_neonneodragon-dd06h7g.png" height="1932" width="414" medium="image"/>            
            <description>1: Coffee +8AP&lt;br /&gt; &amp;nbsp; &amp;nbsp;Emberli+8AP&lt;br /&gt;2:Coffee +11AP&lt;br /&gt; &amp;nbsp; &amp;nbsp;Emberli +10AP&lt;br /&gt;3X&lt;br /&gt;4:Emberli +8AP&lt;br /&gt;5:Emberli +7AP&lt;br /&gt;6:Emberli +11AP&lt;br /&gt; &amp;nbsp; &amp;nbsp;Coffee &amp;nbsp;+11AP&lt;br /&gt;&lt;br /&gt;Total: Coffee+19AP&lt;br /&gt; &amp;nbsp; &amp;nbsp; &amp;nbsp; &amp;nbsp; &amp;nbsp; &amp;nbsp;Emberli +44AP&lt;br /&gt;&lt;div&gt;&lt;img src=&quot;https://t00.deviantart.net/XY3Erhh08mUroJfOXv-X8MuijLI=/300x200/filters:fixed_height(100,100):origin()/pre00/597c/th/pre/i/2019/050/2/1/chase_in_the_woods_part_two_by_neonneodragon-dd06h7g.png&quot; alt=&quot;thumbnail&quot; /&gt;&lt;/div&gt;</description>            </item>
                    <item>
                <title>Foxy Fumi</title>
                <link>https://sophiablackmoon.deviantart.com/art/Foxy-Fumi-786362748</link>
                <guid isPermaLink="true">https://sophiablackmoon.deviantart.com/art/Foxy-Fumi-786362748</guid>
                <pubDate>Tue, 19 Feb 2019 12:31:45 PST</pubDate>
                        <media:title type="plain">Foxy Fumi</media:title>
        <media:keywords></media:keywords>
                        <media:rating>nonadult</media:rating>
                <media:category label="Fantasy">digitalart/paintings/fantasy</media:category>
        <media:credit role="author" scheme="urn:ebu">SophiaBlackmoon</media:credit>
        <media:credit role="author" scheme="urn:ebu">https://a.deviantart.net/avatars/s/o/sophiablackmoon.png?5</media:credit>
        <media:copyright url="https://sophiablackmoon.deviantart.com">Copyright 2019 SophiaBlackmoon</media:copyright>            <media:description type="html">THIS CUTIE!!!!! is mine&lt;br /&gt;&lt;br /&gt;more info soon~&lt;br /&gt;&lt;br /&gt;Art/design by&amp;nbsp;&lt;span class=&quot;username-with-symbol u&quot;&gt;&lt;a class=&quot;u premium username&quot; href=&quot;https://www.deviantart.com/tessary&quot;&gt;tessary&lt;/a&gt;&lt;span class=&quot;user-symbol premium&quot; data-quicktip-text=&quot;Core Member&quot; data-show-tooltip=&quot;1&quot; data-gruser-type=&quot;premium&quot;&gt;&lt;/span&gt;&lt;/span&gt;&lt;br /&gt;Species by fumi-lex!&lt;br /&gt;Belongs to me!&lt;span&gt;&lt;/span&gt;</media:description>            <media:thumbnail url="https://t00.deviantart.net/rgbScL6YeKVNW2LRGe3oDqpvqiI=/fit-in/150x150/filters:no_upscale():origin()/pre00/7918/th/pre/f/2019/050/f/1/painted_brute_fumi_233_by_lex_dex_da6ie8g_fullview_by_sophiablackmoon-dd06hdo.png" height="150" width="146"/>            <media:thumbnail url="https://t00.deviantart.net/fEPLu71oJOwd_MgVnKDK2mPp2KQ=/fit-in/300x900/filters:no_upscale():origin()/pre00/7918/th/pre/f/2019/050/f/1/painted_brute_fumi_233_by_lex_dex_da6ie8g_fullview_by_sophiablackmoon-dd06hdo.png" height="308" width="300"/>            <media:thumbnail url="https://t00.deviantart.net/tOEmwKNUaR6VqXDy4SkDdXk3gPw=/300x200/filters:fixed_height(100,100):origin()/pre00/7918/th/pre/f/2019/050/f/1/painted_brute_fumi_233_by_lex_dex_da6ie8g_fullview_by_sophiablackmoon-dd06hdo.png" height="200" width="195"/>            <media:content url="https://orig00.deviantart.net/de43/f/2019/050/f/1/painted_brute_fumi_233_by_lex_dex_da6ie8g_fullview_by_sophiablackmoon-dd06hdo.png" height="411" width="400" medium="image"/>            
            <description>THIS CUTIE!!!!! is mine&lt;br /&gt;&lt;br /&gt;more info soon~&lt;br /&gt;&lt;br /&gt;Art/design by&amp;nbsp;&lt;span class=&quot;username-with-symbol u&quot;&gt;&lt;a class=&quot;u premium username&quot; href=&quot;https://www.deviantart.com/tessary&quot;&gt;tessary&lt;/a&gt;&lt;span class=&quot;user-symbol premium&quot; data-quicktip-text=&quot;Core Member&quot; data-show-tooltip=&quot;1&quot; data-gruser-type=&quot;premium&quot;&gt;&lt;/span&gt;&lt;/span&gt;&lt;br /&gt;Species by fumi-lex!&lt;br /&gt;Belongs to me!&lt;span&gt;&lt;/span&gt;&lt;br /&gt;&lt;div&gt;&lt;img src=&quot;https://t00.deviantart.net/tOEmwKNUaR6VqXDy4SkDdXk3gPw=/300x200/filters:fixed_height(100,100):origin()/pre00/7918/th/pre/f/2019/050/f/1/painted_brute_fumi_233_by_lex_dex_da6ie8g_fullview_by_sophiablackmoon-dd06hdo.png&quot; alt=&quot;thumbnail&quot; /&gt;&lt;/div&gt;</description>            </item>
                    <item>
                <title>Eyes  </title>
                <link>https://erickjaq3.deviantart.com/art/Eyes-786362948</link>
                <guid isPermaLink="true">https://erickjaq3.deviantart.com/art/Eyes-786362948</guid>
                <pubDate>Tue, 19 Feb 2019 12:31:44 PST</pubDate>
                        <media:title type="plain">Eyes  </media:title>
        <media:keywords></media:keywords>
                        <media:rating>nonadult</media:rating>
                <media:category label="Other">fanart/digital/other</media:category>
        <media:credit role="author" scheme="urn:ebu">Erickjaq3</media:credit>
        <media:credit role="author" scheme="urn:ebu">https://a.deviantart.net/avatars/e/r/erickjaq3.jpg?9</media:credit>
        <media:copyright url="https://erickjaq3.deviantart.com">Copyright 2019 Erickjaq3</media:copyright>            <media:description type="html">EYES EYES EYES EYES &lt;img src=&quot;https://e.deviantart.net/emoticons/s/smile.gif&quot; width=&quot;15&quot; height=&quot;15&quot; alt=&quot;:)&quot; data-embed-type=&quot;emoticon&quot; data-embed-id=&quot;391&quot; title=&quot;:) (Smile)&quot;/&gt; &lt;img src=&quot;https://e.deviantart.net/emoticons/s/smile.gif&quot; width=&quot;15&quot; height=&quot;15&quot; alt=&quot;:)&quot; data-embed-type=&quot;emoticon&quot; data-embed-id=&quot;391&quot; title=&quot;:) (Smile)&quot;/&gt;</media:description>            <media:thumbnail url="https://t00.deviantart.net/Q2t_phUjAW65fLIDwlumaHbNuRU=/fit-in/150x150/filters:no_upscale():origin()/pre00/3239/th/pre/i/2019/050/0/e/eyes___by_erickjaq3-dd06hj8.jpg" height="150" width="150"/>            <media:thumbnail url="https://t00.deviantart.net/hlqp04Tuvu9OwLcdhHdNJur3ZEM=/fit-in/300x900/filters:no_upscale():origin()/pre00/3239/th/pre/i/2019/050/0/e/eyes___by_erickjaq3-dd06hj8.jpg" height="300" width="300"/>            <media:thumbnail url="https://t00.deviantart.net/8HM5RClQxuTyV7qzGlW2cuV8_eE=/300x200/filters:fixed_height(100,100):origin()/pre00/3239/th/pre/i/2019/050/0/e/eyes___by_erickjaq3-dd06hj8.jpg" height="200" width="200"/>            <media:content url="https://img00.deviantart.net/b5fc/i/2019/050/0/e/eyes___by_erickjaq3-dd06hj8.jpg" height="600" width="600" medium="image"/>            
            <description>EYES EYES EYES EYES &lt;img src=&quot;https://e.deviantart.net/emoticons/s/smile.gif&quot; width=&quot;15&quot; height=&quot;15&quot; alt=&quot;:)&quot; data-embed-type=&quot;emoticon&quot; data-embed-id=&quot;391&quot; title=&quot;:) (Smile)&quot;/&gt; &lt;img src=&quot;https://e.deviantart.net/emoticons/s/smile.gif&quot; width=&quot;15&quot; height=&quot;15&quot; alt=&quot;:)&quot; data-embed-type=&quot;emoticon&quot; data-embed-id=&quot;391&quot; title=&quot;:) (Smile)&quot;/&gt;&lt;br /&gt;&lt;div&gt;&lt;img src=&quot;https://t00.deviantart.net/8HM5RClQxuTyV7qzGlW2cuV8_eE=/300x200/filters:fixed_height(100,100):origin()/pre00/3239/th/pre/i/2019/050/0/e/eyes___by_erickjaq3-dd06hj8.jpg&quot; alt=&quot;thumbnail&quot; /&gt;&lt;/div&gt;</description>            </item>
                    <item>
                <title>Sorcerer</title>
                <link>https://cartoontriper.deviantart.com/art/Sorcerer-786362680</link>
                <guid isPermaLink="true">https://cartoontriper.deviantart.com/art/Sorcerer-786362680</guid>
                <pubDate>Tue, 19 Feb 2019 12:31:43 PST</pubDate>
                        <media:title type="plain">Sorcerer</media:title>
        <media:keywords></media:keywords>
                        <media:rating>nonadult</media:rating>
                <media:category label="Games">fanart/cartoons/traditional/games</media:category>
        <media:credit role="author" scheme="urn:ebu">Cartoontriper</media:credit>
        <media:credit role="author" scheme="urn:ebu">https://a.deviantart.net/avatars/c/a/cartoontriper.jpg?6</media:credit>
        <media:copyright url="https://cartoontriper.deviantart.com">Copyright 2019 Cartoontriper</media:copyright>            <media:description type="html">From Gauntlet: Dark Legacy</media:description>            <media:thumbnail url="https://t00.deviantart.net/kxH7y8tP7l3SIvK4wv-nI0k9H3Q=/fit-in/150x150/filters:no_upscale():origin()/pre00/748a/th/pre/i/2019/050/7/c/sorcerer_by_cartoontriper-dd06hbs.jpg" height="150" width="135"/>            <media:thumbnail url="https://t00.deviantart.net/g3TaZ2Z6gsVreK8a7_ZfXGSqyVI=/fit-in/300x900/filters:no_upscale():origin()/pre00/748a/th/pre/i/2019/050/7/c/sorcerer_by_cartoontriper-dd06hbs.jpg" height="334" width="300"/>            <media:thumbnail url="https://t00.deviantart.net/iKxhAmNcmQ3zOo5eIy_XPe1InPI=/300x200/filters:fixed_height(100,100):origin()/pre00/748a/th/pre/i/2019/050/7/c/sorcerer_by_cartoontriper-dd06hbs.jpg" height="200" width="180"/>            <media:content url="https://pre00.deviantart.net/748a/th/pre/i/2019/050/7/c/sorcerer_by_cartoontriper-dd06hbs.jpg" height="943" width="847" medium="image"/>            
            <description>From Gauntlet: Dark Legacy&lt;br /&gt;&lt;div&gt;&lt;img src=&quot;https://t00.deviantart.net/iKxhAmNcmQ3zOo5eIy_XPe1InPI=/300x200/filters:fixed_height(100,100):origin()/pre00/748a/th/pre/i/2019/050/7/c/sorcerer_by_cartoontriper-dd06hbs.jpg&quot; alt=&quot;thumbnail&quot; /&gt;&lt;/div&gt;</description>            </item>
                    <item>
                <title>Machine</title>
                <link>https://augustus99.deviantart.com/art/Machine-786362805</link>
                <guid isPermaLink="true">https://augustus99.deviantart.com/art/Machine-786362805</guid>
                <pubDate>Tue, 19 Feb 2019 12:31:42 PST</pubDate>
                        <media:title type="plain">Machine</media:title>
        <media:keywords></media:keywords>
                        <media:rating>adult</media:rating>
                <media:category label="Female">digitalart/3d/characters/female</media:category>
        <media:credit role="author" scheme="urn:ebu">augustus99</media:credit>
        <media:credit role="author" scheme="urn:ebu">https://a.deviantart.net/avatars/a/u/augustus99.png?9</media:credit>
        <media:copyright url="https://augustus99.deviantart.com">Copyright 2019 augustus99</media:copyright>            <media:description type="html">&lt;span&gt;Using the Genesis 8 female and a bunch of iray stuff.&lt;/span&gt;</media:description>            <media:thumbnail url="https://t00.deviantart.net/hUmduBZDSfzujxslGq9dY26P2JY=/fit-in/150x150/filters:no_upscale():origin()/pre00/783a/th/pre/i/2019/050/5/4/machine_by_augustus99-dd06hf9.jpg" height="115" width="150"/>            <media:thumbnail url="https://t00.deviantart.net/8HwTlmdgvU2DRurmbqjXpxCCtVA=/fit-in/300x900/filters:no_upscale():origin()/pre00/783a/th/pre/i/2019/050/5/4/machine_by_augustus99-dd06hf9.jpg" height="231" width="300"/>            <media:thumbnail url="https://t00.deviantart.net/EQyOwteB2FeLyT9gAA3C3Wp6s_o=/300x200/filters:fixed_height(100,100):origin()/pre00/783a/th/pre/i/2019/050/5/4/machine_by_augustus99-dd06hf9.jpg" height="200" width="260"/>            <media:content url="https://pre00.deviantart.net/783a/th/pre/i/2019/050/5/4/machine_by_augustus99-dd06hf9.jpg" height="784" width="1019" medium="image"/>            
            <description>&lt;span&gt;Using the Genesis 8 female and a bunch of iray stuff.&lt;/span&gt;&lt;br /&gt;&lt;div&gt;&lt;img src=&quot;https://t00.deviantart.net/EQyOwteB2FeLyT9gAA3C3Wp6s_o=/300x200/filters:fixed_height(100,100):origin()/pre00/783a/th/pre/i/2019/050/5/4/machine_by_augustus99-dd06hf9.jpg&quot; alt=&quot;thumbnail&quot; /&gt;&lt;/div&gt;</description>            </item>
                    <item>
                <title>Littleredgirl And The Rack (16)</title>
                <link>https://werewolf9k.deviantart.com/art/Littleredgirl-And-The-Rack-16-786362820</link>
                <guid isPermaLink="true">https://werewolf9k.deviantart.com/art/Littleredgirl-And-The-Rack-16-786362820</guid>
                <pubDate>Tue, 19 Feb 2019 12:31:41 PST</pubDate>
                        <media:title type="plain">Littleredgirl And The Rack (16)</media:title>
        <media:keywords></media:keywords>
                        <media:rating>adult</media:rating>
                <media:category label="Fetish Portraits">photography/people/fetish</media:category>
        <media:credit role="author" scheme="urn:ebu">werewolf9k</media:credit>
        <media:credit role="author" scheme="urn:ebu">https://a.deviantart.net/avatars/default.gif</media:credit>
        <media:copyright url="https://werewolf9k.deviantart.com">Copyright 2019 werewolf9k</media:copyright>            <media:description type="html"></media:description>            <media:thumbnail url="https://t00.deviantart.net/wxyROKEE71A2uYCmjObj-vtVBl0=/fit-in/150x150/filters:no_upscale():origin()/pre00/fce5/th/pre/i/2019/050/2/2/littleredgirl_and_the_rack__16__by_werewolf9k-dd06hfo.jpg" height="150" width="84"/>            <media:thumbnail url="https://t00.deviantart.net/Msqbnzu78bKBZj5-zEJs7Mgg_S4=/fit-in/300x900/filters:no_upscale():origin()/pre00/fce5/th/pre/i/2019/050/2/2/littleredgirl_and_the_rack__16__by_werewolf9k-dd06hfo.jpg" height="533" width="300"/>            <media:thumbnail url="https://t00.deviantart.net/eLAuRcVcYuZk6NacsPoKhkAVPC8=/300x200/filters:fixed_height(100,100):origin()/pre00/fce5/th/pre/i/2019/050/2/2/littleredgirl_and_the_rack__16__by_werewolf9k-dd06hfo.jpg" height="200" width="113"/>            <media:content url="https://pre00.deviantart.net/fce5/th/pre/i/2019/050/2/2/littleredgirl_and_the_rack__16__by_werewolf9k-dd06hfo.jpg" height="1192" width="670" medium="image"/>            
            <description>&lt;br /&gt;&lt;div&gt;&lt;img src=&quot;https://t00.deviantart.net/eLAuRcVcYuZk6NacsPoKhkAVPC8=/300x200/filters:fixed_height(100,100):origin()/pre00/fce5/th/pre/i/2019/050/2/2/littleredgirl_and_the_rack__16__by_werewolf9k-dd06hfo.jpg&quot; alt=&quot;thumbnail&quot; /&gt;&lt;/div&gt;</description>            </item>
                    <item>
                <title>Frisha + Arukemidis</title>
                <link>https://super-flint.deviantart.com/art/Frisha-Arukemidis-786362884</link>
                <guid isPermaLink="true">https://super-flint.deviantart.com/art/Frisha-Arukemidis-786362884</guid>
                <pubDate>Tue, 19 Feb 2019 12:31:40 PST</pubDate>
                        <media:title type="plain">Frisha + Arukemidis</media:title>
        <media:keywords></media:keywords>
                        <media:rating>nonadult</media:rating>
                <media:category label="Open Format">digitalart/paintings/people/openformat</media:category>
        <media:credit role="author" scheme="urn:ebu">Super-Flint</media:credit>
        <media:credit role="author" scheme="urn:ebu">https://a.deviantart.net/avatars/s/u/super-flint.png?10</media:credit>
        <media:copyright url="https://super-flint.deviantart.com">Copyright 2019 Super-Flint</media:copyright>            <media:description type="html"></media:description>            <media:thumbnail url="https://t00.deviantart.net/Ll3u4_-X3TEzcq0gBgkbhNnY3uw=/fit-in/150x150/filters:no_upscale():origin()/pre00/a029/th/pre/i/2019/050/5/e/frisha___arukemidis_by_super_flint-dd06hhg.png" height="121" width="150"/>            <media:thumbnail url="https://t00.deviantart.net/zvMiIxVCSac7m6UR2vy3tcQMIAw=/fit-in/300x900/filters:no_upscale():origin()/pre00/a029/th/pre/i/2019/050/5/e/frisha___arukemidis_by_super_flint-dd06hhg.png" height="241" width="300"/>            <media:thumbnail url="https://t00.deviantart.net/naomTsHZFP1B0fuVwFhz4xKolSA=/300x200/filters:fixed_height(100,100):origin()/pre00/a029/th/pre/i/2019/050/5/e/frisha___arukemidis_by_super_flint-dd06hhg.png" height="200" width="248"/>            <media:content url="https://pre00.deviantart.net/a029/th/pre/i/2019/050/5/e/frisha___arukemidis_by_super_flint-dd06hhg.png" height="802" width="997" medium="image"/>            
            <description>&lt;br /&gt;&lt;div&gt;&lt;img src=&quot;https://t00.deviantart.net/naomTsHZFP1B0fuVwFhz4xKolSA=/300x200/filters:fixed_height(100,100):origin()/pre00/a029/th/pre/i/2019/050/5/e/frisha___arukemidis_by_super_flint-dd06hhg.png&quot; alt=&quot;thumbnail&quot; /&gt;&lt;/div&gt;</description>            </item>
                    <item>
                <title>Hey . MAYDAY</title>
                <link>https://runsaeyoung.deviantart.com/art/Hey-MAYDAY-786362736</link>
                <guid isPermaLink="true">https://runsaeyoung.deviantart.com/art/Hey-MAYDAY-786362736</guid>
                <pubDate>Tue, 19 Feb 2019 12:31:39 PST</pubDate>
                        <media:title type="plain">Hey . MAYDAY</media:title>
        <media:keywords></media:keywords>
                        <media:rating>nonadult</media:rating>
                <media:category label="Fantasy">digitalart/paintings/fantasy</media:category>
        <media:credit role="author" scheme="urn:ebu">RunSaeyoung</media:credit>
        <media:credit role="author" scheme="urn:ebu">https://a.deviantart.net/avatars/r/u/runsaeyoung.png?7</media:credit>
        <media:copyright url="https://runsaeyoung.deviantart.com">Copyright 2019 RunSaeyoung</media:copyright>            <media:description type="html">&lt;span&gt;&amp;nbsp;&lt;/span&gt;&lt;div align=&quot;center&quot;&gt;Ghost Rule OC Sketch . 29.01.2019&lt;/div&gt;</media:description>            <media:thumbnail url="https://t00.deviantart.net/42azHFXLFFpK5FYHqDRw8KG_F0Q=/fit-in/150x150/filters:no_upscale():origin()/pre00/29ba/th/pre/f/2019/050/8/f/hey___mayday_by_runsaeyoung-dd06hdc.jpg" height="150" width="104"/>            <media:thumbnail url="https://t00.deviantart.net/YLLXRt0_2RvUWdG_UeE5NVwsCB8=/fit-in/300x900/filters:no_upscale():origin()/pre00/29ba/th/pre/f/2019/050/8/f/hey___mayday_by_runsaeyoung-dd06hdc.jpg" height="435" width="300"/>            <media:thumbnail url="https://t00.deviantart.net/MU1uFfRO3I1iopiJfLxiOkbLDrU=/300x200/filters:fixed_height(100,100):origin()/pre00/29ba/th/pre/f/2019/050/8/f/hey___mayday_by_runsaeyoung-dd06hdc.jpg" height="200" width="138"/>            <media:content url="https://pre00.deviantart.net/29ba/th/pre/f/2019/050/8/f/hey___mayday_by_runsaeyoung-dd06hdc.jpg" height="1076" width="743" medium="image"/>            
            <description>&lt;span&gt;&amp;nbsp;&lt;/span&gt;&lt;div align=&quot;center&quot;&gt;Ghost Rule OC Sketch . 29.01.2019&lt;/div&gt;&lt;br /&gt;&lt;div&gt;&lt;img src=&quot;https://t00.deviantart.net/MU1uFfRO3I1iopiJfLxiOkbLDrU=/300x200/filters:fixed_height(100,100):origin()/pre00/29ba/th/pre/f/2019/050/8/f/hey___mayday_by_runsaeyoung-dd06hdc.jpg&quot; alt=&quot;thumbnail&quot; /&gt;&lt;/div&gt;</description>            </item>
                    <item>
                <title>Abandon window factory</title>
                <link>https://urbanexploringbfg.deviantart.com/art/Abandon-window-factory-786362813</link>
                <guid isPermaLink="true">https://urbanexploringbfg.deviantart.com/art/Abandon-window-factory-786362813</guid>
                <pubDate>Tue, 19 Feb 2019 12:31:38 PST</pubDate>
                        <media:title type="plain">Abandon window factory</media:title>
        <media:keywords></media:keywords>
                        <media:rating>nonadult</media:rating>
                <media:category label="Urbex">photography/civilization/urbanex</media:category>
        <media:credit role="author" scheme="urn:ebu">UrbanExploringBFG</media:credit>
        <media:credit role="author" scheme="urn:ebu">https://a.deviantart.net/avatars/u/r/urbanexploringbfg.jpg?2</media:credit>
        <media:copyright url="https://urbanexploringbfg.deviantart.com">Copyright 2019 UrbanExploringBFG</media:copyright>            <media:description type="html"></media:description>            <media:thumbnail url="https://t00.deviantart.net/vSavxb_zaxDWVRMhljKrsrQdk_s=/fit-in/150x150/filters:no_upscale():origin()/pre00/c448/th/pre/i/2019/050/5/7/abandon_window_factory_by_urbanexploringbfg-dd06hfh.jpg" height="113" width="150"/>            <media:thumbnail url="https://t00.deviantart.net/s0FSWzcr6usxCGRjoXl9IWS7RZg=/fit-in/300x900/filters:no_upscale():origin()/pre00/c448/th/pre/i/2019/050/5/7/abandon_window_factory_by_urbanexploringbfg-dd06hfh.jpg" height="225" width="300"/>            <media:thumbnail url="https://t00.deviantart.net/6HsFKRIlAOpRw2YVrZLK4RPAiIs=/300x200/filters:fixed_height(100,100):origin()/pre00/c448/th/pre/i/2019/050/5/7/abandon_window_factory_by_urbanexploringbfg-dd06hfh.jpg" height="200" width="267"/>            <media:content url="https://img00.deviantart.net/afe7/i/2019/050/5/7/abandon_window_factory_by_urbanexploringbfg-dd06hfh.jpg" height="768" width="1024" medium="image"/>            
            <description>&lt;br /&gt;&lt;div&gt;&lt;img src=&quot;https://t00.deviantart.net/6HsFKRIlAOpRw2YVrZLK4RPAiIs=/300x200/filters:fixed_height(100,100):origin()/pre00/c448/th/pre/i/2019/050/5/7/abandon_window_factory_by_urbanexploringbfg-dd06hfh.jpg&quot; alt=&quot;thumbnail&quot; /&gt;&lt;/div&gt;</description>            </item>
                    <item>
                <title>Dragon sketch</title>
                <link>https://slauer.deviantart.com/art/Dragon-sketch-786362861</link>
                <guid isPermaLink="true">https://slauer.deviantart.com/art/Dragon-sketch-786362861</guid>
                <pubDate>Tue, 19 Feb 2019 12:31:35 PST</pubDate>
                        <media:title type="plain">Dragon sketch</media:title>
        <media:keywords></media:keywords>
                        <media:rating>nonadult</media:rating>
                <media:category label="Fantasy">digitalart/paintings/fantasy</media:category>
        <media:credit role="author" scheme="urn:ebu">Slauer</media:credit>
        <media:credit role="author" scheme="urn:ebu">https://a.deviantart.net/avatars/s/l/slauer.jpg?5</media:credit>
        <media:copyright url="https://slauer.deviantart.com">Copyright 2019 Slauer</media:copyright>            <media:description type="html">&lt;div&gt;&lt;br /&gt;&lt;/div&gt;&lt;div&gt;&lt;span&gt;This is a work in progress &lt;img src=&quot;https://e.deviantart.net/emoticons/s/smile.gif&quot; width=&quot;15&quot; height=&quot;15&quot; alt=&quot;:)&quot; data-embed-type=&quot;emoticon&quot; data-embed-id=&quot;391&quot; title=&quot;:) (Smile)&quot;/&gt; I do not post too much recently because I try to get through some courses that are designed to improove my art fundamentals &lt;img src=&quot;https://e.deviantart.net/emoticons/b/biggrin.gif&quot; width=&quot;15&quot; height=&quot;15&quot; alt=&quot;:D&quot; data-embed-type=&quot;emoticon&quot; data-embed-id=&quot;366&quot; title=&quot;:D (Big Grin)&quot;/&gt; anyway I hope you guys like it &lt;img src=&quot;https://e.deviantart.net/emoticons/w/wink.gif&quot; width=&quot;15&quot; height=&quot;15&quot; alt=&quot;;)&quot; data-embed-type=&quot;emoticon&quot; data-embed-id=&quot;387&quot; title=&quot;;) (Wink)&quot;/&gt;&lt;/span&gt;&lt;br /&gt;&lt;/div&gt;</media:description>            <media:thumbnail url="https://t00.deviantart.net/qbVCfdllfKj9rMCvQ640xBMZHGE=/fit-in/150x150/filters:no_upscale():origin()/pre00/957f/th/pre/i/2019/050/0/2/dragon_sketch_by_slauer-dd06hgt.jpg" height="150" width="150"/>            <media:thumbnail url="https://t00.deviantart.net/A1r7tIFQt8qQ49k4yA0xL3Fy6H0=/fit-in/300x900/filters:no_upscale():origin()/pre00/957f/th/pre/i/2019/050/0/2/dragon_sketch_by_slauer-dd06hgt.jpg" height="300" width="300"/>            <media:thumbnail url="https://t00.deviantart.net/tk-ZUNj9MYewjJZVWDUZhDYvPxc=/300x200/filters:fixed_height(100,100):origin()/pre00/957f/th/pre/i/2019/050/0/2/dragon_sketch_by_slauer-dd06hgt.jpg" height="200" width="200"/>            <media:content url="https://pre00.deviantart.net/957f/th/pre/i/2019/050/0/2/dragon_sketch_by_slauer-dd06hgt.jpg" height="894" width="894" medium="image"/>            
            <description>&lt;div&gt;&lt;br /&gt;&lt;/div&gt;&lt;div&gt;&lt;span&gt;This is a work in progress &lt;img src=&quot;https://e.deviantart.net/emoticons/s/smile.gif&quot; width=&quot;15&quot; height=&quot;15&quot; alt=&quot;:)&quot; data-embed-type=&quot;emoticon&quot; data-embed-id=&quot;391&quot; title=&quot;:) (Smile)&quot;/&gt; I do not post too much recently because I try to get through some courses that are designed to improove my art fundamentals &lt;img src=&quot;https://e.deviantart.net/emoticons/b/biggrin.gif&quot; width=&quot;15&quot; height=&quot;15&quot; alt=&quot;:D&quot; data-embed-type=&quot;emoticon&quot; data-embed-id=&quot;366&quot; title=&quot;:D (Big Grin)&quot;/&gt; anyway I hope you guys like it &lt;img src=&quot;https://e.deviantart.net/emoticons/w/wink.gif&quot; width=&quot;15&quot; height=&quot;15&quot; alt=&quot;;)&quot; data-embed-type=&quot;emoticon&quot; data-embed-id=&quot;387&quot; title=&quot;;) (Wink)&quot;/&gt;&lt;/span&gt;&lt;br /&gt;&lt;/div&gt;&lt;br /&gt;&lt;div&gt;&lt;img src=&quot;https://t00.deviantart.net/tk-ZUNj9MYewjJZVWDUZhDYvPxc=/300x200/filters:fixed_height(100,100):origin()/pre00/957f/th/pre/i/2019/050/0/2/dragon_sketch_by_slauer-dd06hgt.jpg&quot; alt=&quot;thumbnail&quot; /&gt;&lt;/div&gt;</description>            </item>
                    <item>
                <title>Tf2 gem au - medic</title>
                <link>https://classy-corpse.deviantart.com/art/Tf2-gem-au-medic-786362490</link>
                <guid isPermaLink="true">https://classy-corpse.deviantart.com/art/Tf2-gem-au-medic-786362490</guid>
                <pubDate>Tue, 19 Feb 2019 12:31:35 PST</pubDate>
                        <media:title type="plain">Tf2 gem au - medic</media:title>
        <media:keywords></media:keywords>
                        <media:rating>nonadult</media:rating>
                <media:category label="Other">fanart/cartoons/digital/other</media:category>
        <media:credit role="author" scheme="urn:ebu">Classy-Corpse</media:credit>
        <media:credit role="author" scheme="urn:ebu">https://a.deviantart.net/avatars/c/l/classy-corpse.jpg?11</media:credit>
        <media:copyright url="https://classy-corpse.deviantart.com">Copyright 2019 Classy-Corpse</media:copyright>            <media:description type="html">The medic is bloodstone and his weapon is a bonesaw</media:description>            <media:thumbnail url="https://t00.deviantart.net/nlxRnFsU4yclOGxmU6YQdmliDkM=/fit-in/150x150/filters:no_upscale():origin()/pre00/b10e/th/pre/i/2019/050/c/3/tf2_gem_au___medic_by_classy_corpse-dd06h6i.png" height="150" width="84"/>            <media:thumbnail url="https://t00.deviantart.net/rLSSinYYtVh0-m6ZdUhxVhRcVAo=/fit-in/300x900/filters:no_upscale():origin()/pre00/b10e/th/pre/i/2019/050/c/3/tf2_gem_au___medic_by_classy_corpse-dd06h6i.png" height="533" width="300"/>            <media:thumbnail url="https://t00.deviantart.net/uxhWbh-AFEaQ8IkE0fvbjIqLtwE=/300x200/filters:fixed_height(100,100):origin()/pre00/b10e/th/pre/i/2019/050/c/3/tf2_gem_au___medic_by_classy_corpse-dd06h6i.png" height="200" width="113"/>            <media:content url="https://img00.deviantart.net/4272/i/2019/050/c/3/tf2_gem_au___medic_by_classy_corpse-dd06h6i.png" height="1067" width="600" medium="image"/>            
            <description>The medic is bloodstone and his weapon is a bonesaw&lt;br /&gt;&lt;div&gt;&lt;img src=&quot;https://t00.deviantart.net/uxhWbh-AFEaQ8IkE0fvbjIqLtwE=/300x200/filters:fixed_height(100,100):origin()/pre00/b10e/th/pre/i/2019/050/c/3/tf2_gem_au___medic_by_classy_corpse-dd06h6i.png&quot; alt=&quot;thumbnail&quot; /&gt;&lt;/div&gt;</description>            </item>
                    <item>
                <title>Soda Can</title>
                <link>https://murninatair.deviantart.com/art/Soda-Can-786362859</link>
                <guid isPermaLink="true">https://murninatair.deviantart.com/art/Soda-Can-786362859</guid>
                <pubDate>Tue, 19 Feb 2019 12:31:32 PST</pubDate>
                        <media:title type="plain">Soda Can</media:title>
        <media:keywords></media:keywords>
                        <media:rating>nonadult</media:rating>
                <media:category label="Animals">anthro/digital/drawings/animals</media:category>
        <media:credit role="author" scheme="urn:ebu">Murninatair</media:credit>
        <media:credit role="author" scheme="urn:ebu">https://a.deviantart.net/avatars/m/u/murninatair.png?15</media:credit>
        <media:copyright url="https://murninatair.deviantart.com">Copyright 2019 Murninatair</media:copyright>            <media:description type="html">She&#039;s big and she&#039;s evil.</media:description>            <media:thumbnail url="https://t00.deviantart.net/WpFr15EQvwjraMokB2gIWZsjskM=/fit-in/150x150/filters:no_upscale():origin()/pre00/93d0/th/pre/f/2019/050/5/b/soda_can_by_murninatair-dd06hgr.png" height="150" width="148"/>            <media:thumbnail url="https://t00.deviantart.net/bN57z47c5oJ59Ly7pFZKp8871js=/fit-in/300x900/filters:no_upscale():origin()/pre00/93d0/th/pre/f/2019/050/5/b/soda_can_by_murninatair-dd06hgr.png" height="303" width="300"/>            <media:thumbnail url="https://t00.deviantart.net/QW6TekzdigJF5I3g8vv96W4Vo0E=/300x200/filters:fixed_height(100,100):origin()/pre00/93d0/th/pre/f/2019/050/5/b/soda_can_by_murninatair-dd06hgr.png" height="200" width="198"/>            <media:content url="https://orig00.deviantart.net/9617/f/2019/050/5/b/soda_can_by_murninatair-dd06hgr.png" height="588" width="582" medium="image"/>            
            <description>She&#039;s big and she&#039;s evil.&lt;br /&gt;&lt;div&gt;&lt;img src=&quot;https://t00.deviantart.net/QW6TekzdigJF5I3g8vv96W4Vo0E=/300x200/filters:fixed_height(100,100):origin()/pre00/93d0/th/pre/f/2019/050/5/b/soda_can_by_murninatair-dd06hgr.png&quot; alt=&quot;thumbnail&quot; /&gt;&lt;/div&gt;</description>            </item>
                    <item>
                <title>MLP [YCH] What&#039;s in your potion?</title>
                <link>https://darkshadowww.deviantart.com/art/MLP-YCH-What-s-in-your-potion-786362693</link>
                <guid isPermaLink="true">https://darkshadowww.deviantart.com/art/MLP-YCH-What-s-in-your-potion-786362693</guid>
                <pubDate>Tue, 19 Feb 2019 12:31:31 PST</pubDate>
                        <media:title type="plain">MLP [YCH] What&#039;s in your potion?</media:title>
        <media:keywords></media:keywords>
                        <media:rating>nonadult</media:rating>
                <media:category label="Other">fanart/digital/other</media:category>
        <media:credit role="author" scheme="urn:ebu">DarkShadowww</media:credit>
        <media:credit role="author" scheme="urn:ebu">https://a.deviantart.net/avatars/d/a/darkshadowww.gif?12</media:credit>
        <media:copyright url="https://darkshadowww.deviantart.com">Copyright 2019 DarkShadowww</media:copyright>            <media:description type="html">For &lt;a target=&quot;_self&quot; href=&quot;https://www.deviantart.com/casually-dead&quot; &gt;&lt;img class=&quot;avatar&quot; width=&quot;50&quot; height=&quot;50&quot; src=&quot;https://a.deviantart.net/avatars/c/a/casually-dead.gif?8&quot; alt=&quot;:iconcasually-dead:&quot; title=&quot;casually-dead&quot; /&gt;&lt;/a&gt;&lt;br /&gt;&lt;br /&gt;Hope you like it!</media:description>            <media:thumbnail url="https://t00.deviantart.net/4LS-zV_XvmCXm6_F8WzImG5TUuA=/fit-in/150x150/filters:no_upscale():origin()/pre00/f211/th/pre/f/2019/050/d/4/mlp__ych__what_s_in_your_potion__by_darkshadowww-dd06hc5.png" height="150" width="137"/>            <media:thumbnail url="https://t00.deviantart.net/rBIYThAObYqbiW6XZ097b_lNWHc=/fit-in/300x900/filters:no_upscale():origin()/pre00/f211/th/pre/f/2019/050/d/4/mlp__ych__what_s_in_your_potion__by_darkshadowww-dd06hc5.png" height="328" width="300"/>            <media:thumbnail url="https://t00.deviantart.net/AL99bGaMqvHOp1fnLMascqJTzyM=/300x200/filters:fixed_height(100,100):origin()/pre00/f211/th/pre/f/2019/050/d/4/mlp__ych__what_s_in_your_potion__by_darkshadowww-dd06hc5.png" height="200" width="183"/>            <media:content url="https://pre00.deviantart.net/f211/th/pre/f/2019/050/d/4/mlp__ych__what_s_in_your_potion__by_darkshadowww-dd06hc5.png" height="935" width="854" medium="image"/>            
            <description>For &lt;a target=&quot;_self&quot; href=&quot;https://www.deviantart.com/casually-dead&quot; &gt;&lt;img class=&quot;avatar&quot; width=&quot;50&quot; height=&quot;50&quot; src=&quot;https://a.deviantart.net/avatars/c/a/casually-dead.gif?8&quot; alt=&quot;:iconcasually-dead:&quot; title=&quot;casually-dead&quot; /&gt;&lt;/a&gt;&lt;br /&gt;&lt;br /&gt;Hope you like it!&lt;br /&gt;&lt;div&gt;&lt;img src=&quot;https://t00.deviantart.net/AL99bGaMqvHOp1fnLMascqJTzyM=/300x200/filters:fixed_height(100,100):origin()/pre00/f211/th/pre/f/2019/050/d/4/mlp__ych__what_s_in_your_potion__by_darkshadowww-dd06hc5.png&quot; alt=&quot;thumbnail&quot; /&gt;&lt;/div&gt;</description>            </item>
                    <item>
                <title>out of luck</title>
                <link>https://evcatastrophe.deviantart.com/art/out-of-luck-786362705</link>
                <guid isPermaLink="true">https://evcatastrophe.deviantart.com/art/out-of-luck-786362705</guid>
                <pubDate>Tue, 19 Feb 2019 12:31:31 PST</pubDate>
                        <media:title type="plain">out of luck</media:title>
        <media:keywords></media:keywords>
                        <media:rating>nonadult</media:rating>
                <media:category label="Open Format">digitalart/paintings/people/openformat</media:category>
        <media:credit role="author" scheme="urn:ebu">Evcatastrophe</media:credit>
        <media:credit role="author" scheme="urn:ebu">https://a.deviantart.net/avatars/e/v/evcatastrophe.gif</media:credit>
        <media:copyright url="https://evcatastrophe.deviantart.com">Copyright 2019 Evcatastrophe</media:copyright>            <media:description type="html">mess&amp;nbsp;&lt;span&gt;&amp;#9829;&lt;/span&gt;</media:description>            <media:thumbnail url="https://t00.deviantart.net/0qEjUhkwL0Q1EWkAyq2cVt4yAzU=/fit-in/150x150/filters:no_upscale():origin()/pre00/8d25/th/pre/i/2019/050/1/d/out_of_luck_by_evcatastrophe-dd06hch.png" height="126" width="150"/>            <media:thumbnail url="https://t00.deviantart.net/PjcKAiuOn1Dngohqm8hLQp82lTQ=/fit-in/300x900/filters:no_upscale():origin()/pre00/8d25/th/pre/i/2019/050/1/d/out_of_luck_by_evcatastrophe-dd06hch.png" height="253" width="300"/>            <media:thumbnail url="https://t00.deviantart.net/I0jYNjFhEVEjQJz8dV3yO1EzAzo=/300x200/filters:fixed_height(100,100):origin()/pre00/8d25/th/pre/i/2019/050/1/d/out_of_luck_by_evcatastrophe-dd06hch.png" height="200" width="237"/>            <media:content url="https://pre00.deviantart.net/8d25/th/pre/i/2019/050/1/d/out_of_luck_by_evcatastrophe-dd06hch.png" height="820" width="974" medium="image"/>            
            <description>mess&amp;nbsp;&lt;span&gt;&amp;#9829;&lt;/span&gt;&lt;br /&gt;&lt;div&gt;&lt;img src=&quot;https://t00.deviantart.net/I0jYNjFhEVEjQJz8dV3yO1EzAzo=/300x200/filters:fixed_height(100,100):origin()/pre00/8d25/th/pre/i/2019/050/1/d/out_of_luck_by_evcatastrophe-dd06hch.png&quot; alt=&quot;thumbnail&quot; /&gt;&lt;/div&gt;</description>            </item>
                    <item>
                <title>3d21cc31-60bd-46fc-8774-b736d1a8ea1f</title>
                <link>https://star-dust-witch.deviantart.com/art/3d21cc31-60bd-46fc-8774-b736d1a8ea1f-786362621</link>
                <guid isPermaLink="true">https://star-dust-witch.deviantart.com/art/3d21cc31-60bd-46fc-8774-b736d1a8ea1f-786362621</guid>
                <pubDate>Tue, 19 Feb 2019 12:31:30 PST</pubDate>
                        <media:title type="plain">3d21cc31-60bd-46fc-8774-b736d1a8ea1f</media:title>
        <media:keywords></media:keywords>
                        <media:rating>nonadult</media:rating>
                <media:category label="Drawings">manga/digital/drawings</media:category>
        <media:credit role="author" scheme="urn:ebu">Star-dust-witch</media:credit>
        <media:credit role="author" scheme="urn:ebu">https://a.deviantart.net/avatars/s/t/star-dust-witch.jpg?2</media:credit>
        <media:copyright url="https://star-dust-witch.deviantart.com">Copyright 2019 Star-dust-witch</media:copyright>            <media:description type="html">Dabi from BNHA&lt;br /&gt;first sketch using Procreate&amp;nbsp;&lt;br /&gt;(do not repost)</media:description>            <media:thumbnail url="https://t00.deviantart.net/5TtHOpsPz7QQ5fDzXTQbRiHoipM=/fit-in/150x150/filters:no_upscale():origin()/pre00/50f1/th/pre/i/2019/050/5/8/3d21cc31_60bd_46fc_8774_b736d1a8ea1f_by_star_dust_witch-dd06ha5.jpg" height="150" width="149"/>            <media:thumbnail url="https://t00.deviantart.net/nq5UxHwMVnNm0UyG8Vn-PSRZ82E=/fit-in/300x900/filters:no_upscale():origin()/pre00/50f1/th/pre/i/2019/050/5/8/3d21cc31_60bd_46fc_8774_b736d1a8ea1f_by_star_dust_witch-dd06ha5.jpg" height="301" width="300"/>            <media:thumbnail url="https://t00.deviantart.net/Qhuuek2NM8S_A7J1cb1uNGPsKzw=/300x200/filters:fixed_height(100,100):origin()/pre00/50f1/th/pre/i/2019/050/5/8/3d21cc31_60bd_46fc_8774_b736d1a8ea1f_by_star_dust_witch-dd06ha5.jpg" height="200" width="199"/>            <media:content url="https://pre00.deviantart.net/50f1/th/pre/i/2019/050/5/8/3d21cc31_60bd_46fc_8774_b736d1a8ea1f_by_star_dust_witch-dd06ha5.jpg" height="896" width="892" medium="image"/>            
            <description>Dabi from BNHA&lt;br /&gt;first sketch using Procreate&amp;nbsp;&lt;br /&gt;(do not repost)&lt;br /&gt;&lt;div&gt;&lt;img src=&quot;https://t00.deviantart.net/Qhuuek2NM8S_A7J1cb1uNGPsKzw=/300x200/filters:fixed_height(100,100):origin()/pre00/50f1/th/pre/i/2019/050/5/8/3d21cc31_60bd_46fc_8774_b736d1a8ea1f_by_star_dust_witch-dd06ha5.jpg&quot; alt=&quot;thumbnail&quot; /&gt;&lt;/div&gt;</description>            </item>
                    <item>
                <title>[C] Sanada</title>
                <link>https://whelsey.deviantart.com/art/C-Sanada-786362868</link>
                <guid isPermaLink="true">https://whelsey.deviantart.com/art/C-Sanada-786362868</guid>
                <pubDate>Tue, 19 Feb 2019 12:31:26 PST</pubDate>
                        <media:title type="plain">[C] Sanada</media:title>
        <media:keywords></media:keywords>
                        <media:rating>nonadult</media:rating>
                <media:category label="Fantasy">digitalart/paintings/fantasy</media:category>
        <media:credit role="author" scheme="urn:ebu">Whelsey</media:credit>
        <media:credit role="author" scheme="urn:ebu">https://a.deviantart.net/avatars/w/h/whelsey.png?7</media:credit>
        <media:copyright url="https://whelsey.deviantart.com">Copyright 2019 Whelsey</media:copyright>            <media:description type="html">Commission for someone on Discord</media:description>            <media:thumbnail url="https://t00.deviantart.net/JzgLgpc-5pcMTMjN5y4k4CCdT2E=/fit-in/150x150/filters:no_upscale():origin()/pre00/af6b/th/pre/f/2019/050/5/2/_c__sanada_by_whelsey-dd06hh0.png" height="150" width="150"/>            <media:thumbnail url="https://t00.deviantart.net/9it-Hc7KJ-1WDv8NzAiFx7-XRxE=/fit-in/300x900/filters:no_upscale():origin()/pre00/af6b/th/pre/f/2019/050/5/2/_c__sanada_by_whelsey-dd06hh0.png" height="300" width="300"/>            <media:thumbnail url="https://t00.deviantart.net/wXmG0wclTzI487gac8YpYpe-Nbo=/300x200/filters:fixed_height(100,100):origin()/pre00/af6b/th/pre/f/2019/050/5/2/_c__sanada_by_whelsey-dd06hh0.png" height="200" width="200"/>            <media:content url="https://pre00.deviantart.net/af6b/th/pre/f/2019/050/5/2/_c__sanada_by_whelsey-dd06hh0.png" height="894" width="894" medium="image"/>            
            <description>Commission for someone on Discord&lt;br /&gt;&lt;div&gt;&lt;img src=&quot;https://t00.deviantart.net/wXmG0wclTzI487gac8YpYpe-Nbo=/300x200/filters:fixed_height(100,100):origin()/pre00/af6b/th/pre/f/2019/050/5/2/_c__sanada_by_whelsey-dd06hh0.png&quot; alt=&quot;thumbnail&quot; /&gt;&lt;/div&gt;</description>            </item>
                    <item>
                <title>#1 Aquaman</title>
                <link>https://waliamrut.deviantart.com/art/1-Aquaman-786362579</link>
                <guid isPermaLink="true">https://waliamrut.deviantart.com/art/1-Aquaman-786362579</guid>
                <pubDate>Tue, 19 Feb 2019 12:31:25 PST</pubDate>
                        <media:title type="plain">#1 Aquaman</media:title>
        <media:keywords></media:keywords>
                        <media:rating>nonadult</media:rating>
                <media:category label="Movies &amp; TV">fanart/cartoons/digital/movies</media:category>
        <media:credit role="author" scheme="urn:ebu">WALIamrut</media:credit>
        <media:credit role="author" scheme="urn:ebu">https://a.deviantart.net/avatars/default.gif</media:credit>
        <media:copyright url="https://waliamrut.deviantart.com">Copyright 2019 WALIamrut</media:copyright>            <media:description type="html">First sketch on illustrator draw. Can somebody please improve it a bit..</media:description>            <media:thumbnail url="https://t00.deviantart.net/-izLEGwmqVgU-Sa-n91rIbhoPTA=/fit-in/150x150/filters:no_upscale():origin()/pre00/2052/th/pre/i/2019/050/4/6/_1_aquaman_by_waliamrut-dd06h8z.png" height="94" width="150"/>            <media:thumbnail url="https://t00.deviantart.net/aB_lt46vB-2Odhq1Ww96JuNXURY=/fit-in/300x900/filters:no_upscale():origin()/pre00/2052/th/pre/i/2019/050/4/6/_1_aquaman_by_waliamrut-dd06h8z.png" height="188" width="300"/>            <media:thumbnail url="https://t00.deviantart.net/Ejk-9tWVNfY_K8R0E2tYqoZnSR8=/300x200/filters:fixed_height(100,100):origin()/pre00/2052/th/pre/i/2019/050/4/6/_1_aquaman_by_waliamrut-dd06h8z.png" height="188" width="300"/>            <media:content url="https://pre00.deviantart.net/2052/th/pre/i/2019/050/4/6/_1_aquaman_by_waliamrut-dd06h8z.png" height="707" width="1131" medium="image"/>            
            <description>First sketch on illustrator draw. Can somebody please improve it a bit..&lt;br /&gt;&lt;div&gt;&lt;img src=&quot;https://t00.deviantart.net/Ejk-9tWVNfY_K8R0E2tYqoZnSR8=/300x200/filters:fixed_height(100,100):origin()/pre00/2052/th/pre/i/2019/050/4/6/_1_aquaman_by_waliamrut-dd06h8z.png&quot; alt=&quot;thumbnail&quot; /&gt;&lt;/div&gt;</description>            </item>
                    <item>
                <title>noctis lucis caelum</title>
                <link>https://ibukijackoyama75.deviantart.com/art/noctis-lucis-caelum-786362837</link>
                <guid isPermaLink="true">https://ibukijackoyama75.deviantart.com/art/noctis-lucis-caelum-786362837</guid>
                <pubDate>Tue, 19 Feb 2019 12:31:25 PST</pubDate>
                        <media:title type="plain">noctis lucis caelum</media:title>
        <media:keywords></media:keywords>
                        <media:rating>nonadult</media:rating>
                <media:category label="Cosplay &amp; Role-Playing">artisan/costumes/costumes/cosplay</media:category>
        <media:credit role="author" scheme="urn:ebu">IbukiJackOyama75</media:credit>
        <media:credit role="author" scheme="urn:ebu">https://a.deviantart.net/avatars/i/b/ibukijackoyama75.jpg?4</media:credit>
        <media:copyright url="https://ibukijackoyama75.deviantart.com">Copyright 2019 IbukiJackOyama75</media:copyright>            <media:description type="html"></media:description>            <media:thumbnail url="https://t00.deviantart.net/SSoWXRudG-2El8SXpRzwdKHd7kg=/fit-in/150x150/filters:no_upscale():origin()/pre00/4932/th/pre/i/2019/050/4/f/noctis_lucis_caelum_by_ibukijackoyama75-dd06hg5.jpg" height="150" width="100"/>            <media:thumbnail url="https://t00.deviantart.net/dfxHb2sSsZOLYdThqtHLp0pAEHg=/fit-in/300x900/filters:no_upscale():origin()/pre00/4932/th/pre/i/2019/050/4/f/noctis_lucis_caelum_by_ibukijackoyama75-dd06hg5.jpg" height="450" width="300"/>            <media:thumbnail url="https://t00.deviantart.net/R0s8MjM0Dp2vaMa2QtJaCgHhYVs=/300x200/filters:fixed_height(100,100):origin()/pre00/4932/th/pre/i/2019/050/4/f/noctis_lucis_caelum_by_ibukijackoyama75-dd06hg5.jpg" height="200" width="133"/>            <media:content url="https://pre00.deviantart.net/4932/th/pre/i/2019/050/4/f/noctis_lucis_caelum_by_ibukijackoyama75-dd06hg5.jpg" height="1094" width="730" medium="image"/>            
            <description>&lt;br /&gt;&lt;div&gt;&lt;img src=&quot;https://t00.deviantart.net/R0s8MjM0Dp2vaMa2QtJaCgHhYVs=/300x200/filters:fixed_height(100,100):origin()/pre00/4932/th/pre/i/2019/050/4/f/noctis_lucis_caelum_by_ibukijackoyama75-dd06hg5.jpg&quot; alt=&quot;thumbnail&quot; /&gt;&lt;/div&gt;</description>            </item>
                    <item>
                <title>Dragon Pillow - by Greeb</title>
                <link>https://reefurwolf.deviantart.com/art/Dragon-Pillow-by-Greeb-786362465</link>
                <guid isPermaLink="true">https://reefurwolf.deviantart.com/art/Dragon-Pillow-by-Greeb-786362465</guid>
                <pubDate>Tue, 19 Feb 2019 12:31:25 PST</pubDate>
                        <media:title type="plain">Dragon Pillow - by Greeb</media:title>
        <media:keywords></media:keywords>
                        <media:rating>nonadult</media:rating>
                <media:category label="Portraits">anthro/digital/drawings/portraits</media:category>
        <media:credit role="author" scheme="urn:ebu">ReeFurWolf</media:credit>
        <media:credit role="author" scheme="urn:ebu">https://a.deviantart.net/avatars/r/e/reefurwolf.png?6</media:credit>
        <media:copyright url="https://reefurwolf.deviantart.com">Copyright 2019 ReeFurWolf</media:copyright>            <media:description type="html">Just a wolf hugging his dragon friend in a field, what more could I ask for on a perfect day!&lt;br /&gt;&lt;br /&gt;Art and Greeb belong to &lt;a target=&quot;_self&quot; href=&quot;https://www.deviantart.com/greebrus&quot; &gt;&lt;img class=&quot;avatar&quot; width=&quot;50&quot; height=&quot;50&quot; src=&quot;https://a.deviantart.net/avatars/g/r/greebrus.png?9&quot; alt=&quot;:icongreebrus:&quot; title=&quot;GreebRus&quot; /&gt;&lt;/a&gt;&lt;span class=&quot;username-with-symbol u&quot;&gt;&lt;a class=&quot;u regular username&quot; href=&quot;https://www.deviantart.com/greebrus&quot;&gt;GreebRus&lt;/a&gt;&lt;span class=&quot;user-symbol regular&quot; data-quicktip-text=&quot;&quot; data-show-tooltip=&quot;&quot; data-gruser-type=&quot;regular&quot;&gt;&lt;/span&gt;&lt;/span&gt;&amp;nbsp;&lt;br /&gt;&lt;br /&gt;ReeFur Wolf belongs to me</media:description>            <media:thumbnail url="https://t00.deviantart.net/bBQWt-J9UwjYbLBbUHqzWhd8l4k=/fit-in/150x150/filters:no_upscale():origin()/pre00/89eb/th/pre/f/2019/050/c/9/dragon_pillow___by_greeb_by_reefurwolf-dd06h5t.png" height="150" width="105"/>            <media:thumbnail url="https://t00.deviantart.net/8X_VGdguEIaY6j4-uvSU31W20uc=/fit-in/300x900/filters:no_upscale():origin()/pre00/89eb/th/pre/f/2019/050/c/9/dragon_pillow___by_greeb_by_reefurwolf-dd06h5t.png" height="429" width="300"/>            <media:thumbnail url="https://t00.deviantart.net/FTtODtZY9gvXGUjIMazvjuU0WvE=/300x200/filters:fixed_height(100,100):origin()/pre00/89eb/th/pre/f/2019/050/c/9/dragon_pillow___by_greeb_by_reefurwolf-dd06h5t.png" height="200" width="140"/>            <media:content url="https://orig00.deviantart.net/a528/f/2019/050/c/9/dragon_pillow___by_greeb_by_reefurwolf-dd06h5t.png" height="1000" width="700" medium="image"/>            
            <description>Just a wolf hugging his dragon friend in a field, what more could I ask for on a perfect day!&lt;br /&gt;&lt;br /&gt;Art and Greeb belong to &lt;a target=&quot;_self&quot; href=&quot;https://www.deviantart.com/greebrus&quot; &gt;&lt;img class=&quot;avatar&quot; width=&quot;50&quot; height=&quot;50&quot; src=&quot;https://a.deviantart.net/avatars/g/r/greebrus.png?9&quot; alt=&quot;:icongreebrus:&quot; title=&quot;GreebRus&quot; /&gt;&lt;/a&gt;&lt;span class=&quot;username-with-symbol u&quot;&gt;&lt;a class=&quot;u regular username&quot; href=&quot;https://www.deviantart.com/greebrus&quot;&gt;GreebRus&lt;/a&gt;&lt;span class=&quot;user-symbol regular&quot; data-quicktip-text=&quot;&quot; data-show-tooltip=&quot;&quot; data-gruser-type=&quot;regular&quot;&gt;&lt;/span&gt;&lt;/span&gt;&amp;nbsp;&lt;br /&gt;&lt;br /&gt;ReeFur Wolf belongs to me&lt;br /&gt;&lt;div&gt;&lt;img src=&quot;https://t00.deviantart.net/FTtODtZY9gvXGUjIMazvjuU0WvE=/300x200/filters:fixed_height(100,100):origin()/pre00/89eb/th/pre/f/2019/050/c/9/dragon_pillow___by_greeb_by_reefurwolf-dd06h5t.png&quot; alt=&quot;thumbnail&quot; /&gt;&lt;/div&gt;</description>            </item>
                    <item>
                <title>Littleredgirl And The Rack (15)</title>
                <link>https://werewolf9k.deviantart.com/art/Littleredgirl-And-The-Rack-15-786362788</link>
                <guid isPermaLink="true">https://werewolf9k.deviantart.com/art/Littleredgirl-And-The-Rack-15-786362788</guid>
                <pubDate>Tue, 19 Feb 2019 12:31:24 PST</pubDate>
                        <media:title type="plain">Littleredgirl And The Rack (15)</media:title>
        <media:keywords></media:keywords>
                        <media:rating>adult</media:rating>
                <media:category label="Fetish Portraits">photography/people/fetish</media:category>
        <media:credit role="author" scheme="urn:ebu">werewolf9k</media:credit>
        <media:credit role="author" scheme="urn:ebu">https://a.deviantart.net/avatars/default.gif</media:credit>
        <media:copyright url="https://werewolf9k.deviantart.com">Copyright 2019 werewolf9k</media:copyright>            <media:description type="html"></media:description>            <media:thumbnail url="https://t00.deviantart.net/BJSdq2NLkNcKQA-LkkEqQ6CrEg4=/fit-in/150x150/filters:no_upscale():origin()/pre00/b4bb/th/pre/i/2019/050/c/4/littleredgirl_and_the_rack__15__by_werewolf9k-dd06hes.jpg" height="150" width="84"/>            <media:thumbnail url="https://t00.deviantart.net/4jkHqq6UPXl0W0TfRD-oJGtuV_Q=/fit-in/300x900/filters:no_upscale():origin()/pre00/b4bb/th/pre/i/2019/050/c/4/littleredgirl_and_the_rack__15__by_werewolf9k-dd06hes.jpg" height="533" width="300"/>            <media:thumbnail url="https://t00.deviantart.net/xdgFsp2mE2s5Yf39K7nDCXdoXtw=/300x200/filters:fixed_height(100,100):origin()/pre00/b4bb/th/pre/i/2019/050/c/4/littleredgirl_and_the_rack__15__by_werewolf9k-dd06hes.jpg" height="200" width="113"/>            <media:content url="https://pre00.deviantart.net/b4bb/th/pre/i/2019/050/c/4/littleredgirl_and_the_rack__15__by_werewolf9k-dd06hes.jpg" height="1192" width="670" medium="image"/>            
            <description>&lt;br /&gt;&lt;div&gt;&lt;img src=&quot;https://t00.deviantart.net/xdgFsp2mE2s5Yf39K7nDCXdoXtw=/300x200/filters:fixed_height(100,100):origin()/pre00/b4bb/th/pre/i/2019/050/c/4/littleredgirl_and_the_rack__15__by_werewolf9k-dd06hes.jpg&quot; alt=&quot;thumbnail&quot; /&gt;&lt;/div&gt;</description>            </item>
                    <item>
                <title>Angel Cake in a Blue Long Flow Dress</title>
                <link>https://rosalinahi5pizza.deviantart.com/art/Angel-Cake-in-a-Blue-Long-Flow-Dress-786362881</link>
                <guid isPermaLink="true">https://rosalinahi5pizza.deviantart.com/art/Angel-Cake-in-a-Blue-Long-Flow-Dress-786362881</guid>
                <pubDate>Tue, 19 Feb 2019 12:31:21 PST</pubDate>
                        <media:title type="plain">Angel Cake in a Blue Long Flow Dress</media:title>
        <media:keywords></media:keywords>
                        <media:rating>nonadult</media:rating>
                <media:category label="Games">fanart/manga/digital/games</media:category>
        <media:credit role="author" scheme="urn:ebu">rosalinahi5pizza</media:credit>
        <media:credit role="author" scheme="urn:ebu">https://a.deviantart.net/avatars/r/o/rosalinahi5pizza.png?9</media:credit>
        <media:copyright url="https://rosalinahi5pizza.deviantart.com">Copyright 2019 rosalinahi5pizza</media:copyright>            <media:description type="html"></media:description>            <media:thumbnail url="https://t00.deviantart.net/2txQPezHJJHAnjsuqEFKzjtM2gY=/fit-in/150x150/filters:no_upscale():origin()/pre00/949b/th/pre/i/2019/050/4/3/angel_cake_in_a_blue_long_flow_dress_by_rosalinahi5pizza-dd06hhd.png" height="150" width="119"/>            <media:thumbnail url="https://t00.deviantart.net/QYWqDEeBtA8ulNOSVwX0DsEq1jI=/fit-in/300x900/filters:no_upscale():origin()/pre00/949b/th/pre/i/2019/050/4/3/angel_cake_in_a_blue_long_flow_dress_by_rosalinahi5pizza-dd06hhd.png" height="378" width="300"/>            <media:thumbnail url="https://t00.deviantart.net/NUN5OaQ8iMWaT3Ep3-c8UFEanP8=/300x200/filters:fixed_height(100,100):origin()/pre00/949b/th/pre/i/2019/050/4/3/angel_cake_in_a_blue_long_flow_dress_by_rosalinahi5pizza-dd06hhd.png" height="200" width="159"/>            <media:content url="https://pre00.deviantart.net/949b/th/pre/i/2019/050/4/3/angel_cake_in_a_blue_long_flow_dress_by_rosalinahi5pizza-dd06hhd.png" height="1003" width="796" medium="image"/>            
            <description>&lt;br /&gt;&lt;div&gt;&lt;img src=&quot;https://t00.deviantart.net/NUN5OaQ8iMWaT3Ep3-c8UFEanP8=/300x200/filters:fixed_height(100,100):origin()/pre00/949b/th/pre/i/2019/050/4/3/angel_cake_in_a_blue_long_flow_dress_by_rosalinahi5pizza-dd06hhd.png&quot; alt=&quot;thumbnail&quot; /&gt;&lt;/div&gt;</description>            </item>
                    <item>
                <title>Boucle Unicorn Import N258</title>
                <link>https://tigressdesign.deviantart.com/art/Boucle-Unicorn-Import-N258-786343579</link>
                <guid isPermaLink="true">https://tigressdesign.deviantart.com/art/Boucle-Unicorn-Import-N258-786343579</guid>
                <pubDate>Tue, 19 Feb 2019 12:31:20 PST</pubDate>
                        <media:title type="plain">Boucle Unicorn Import N258</media:title>
        <media:keywords></media:keywords>
                        <media:rating>nonadult</media:rating>
                <media:category label="Animals">digitalart/paintings/animals</media:category>
        <media:credit role="author" scheme="urn:ebu">TigressDesign</media:credit>
        <media:credit role="author" scheme="urn:ebu">https://a.deviantart.net/avatars/t/i/tigressdesign.png?9</media:credit>
        <media:copyright url="https://tigressdesign.deviantart.com">Copyright 2019 TigressDesign</media:copyright>            <media:description type="html">&lt;b&gt;Imported to &lt;span class=&quot;username-with-symbol u&quot;&gt;&lt;a class=&quot;u beta username&quot; href=&quot;https://www.deviantart.com/tsonianfieldsranch&quot;&gt;TsonianFieldsRanch&lt;/a&gt;&lt;span class=&quot;user-symbol beta&quot; data-quicktip-text=&quot;Beta Tester&quot; data-show-tooltip=&quot;1&quot; data-gruser-type=&quot;beta&quot;&gt;&lt;/span&gt;&lt;/span&gt; for D110 Archmage Reward&lt;/b&gt;&lt;br /&gt;&lt;br /&gt;&lt;b&gt;Name:&lt;/b&gt; Boof&amp;nbsp;&lt;i&gt;Can be changed&lt;/i&gt;&lt;br /&gt;&lt;b&gt;Age:&lt;/b&gt; &lt;i&gt;Decided by owner&lt;/i&gt;&lt;br /&gt;&lt;b&gt;Height:&lt;/b&gt; 18 hh&lt;br /&gt;&lt;b&gt;Breed:&lt;/b&gt; Boucle Unicorn&lt;br /&gt;&lt;b&gt;Birthstone:&lt;/b&gt; Titanite&lt;br /&gt;&lt;b&gt;Gender:&lt;/b&gt; Stallion&lt;br /&gt;&lt;b&gt;Colour:&lt;/b&gt;&amp;nbsp;Champagne Fange Fe&amp;#233;rie (Chou)&lt;br /&gt;&lt;b&gt;Genotype:&lt;/b&gt; &lt;i&gt;Ee/aa/ChCh/FgFg/nFr/(C)&lt;/i&gt;&lt;br /&gt;&lt;br /&gt;Design by &lt;span class=&quot;username-with-symbol u&quot;&gt;&lt;a class=&quot;u beta username&quot; href=&quot;https://www.deviantart.com/tsonianfieldsranch&quot;&gt;TsonianFieldsRanch&lt;/a&gt;&lt;span class=&quot;user-symbol beta&quot; data-quicktip-text=&quot;Beta Tester&quot; data-show-tooltip=&quot;1&quot; data-gruser-type=&quot;beta&quot;&gt;&lt;/span&gt;&lt;/span&gt;</media:description>            <media:thumbnail url="https://t00.deviantart.net/92VwPuFQzfT-WD4no7-g9_2eN5s=/fit-in/150x150/filters:no_upscale():origin()/pre00/dbd4/th/pre/i/2019/050/7/e/boucle_unicorn_import_n258_by_tigressdesign-dd062l7.png" height="104" width="150"/>            <media:thumbnail url="https://t00.deviantart.net/fLdvdZ6rm7lVAjOa-klyBYxyYxk=/fit-in/300x900/filters:no_upscale():origin()/pre00/dbd4/th/pre/i/2019/050/7/e/boucle_unicorn_import_n258_by_tigressdesign-dd062l7.png" height="208" width="300"/>            <media:thumbnail url="https://t00.deviantart.net/HYTqWH0hOwr3cv7ecbSBtymkL1Q=/300x200/filters:fixed_height(100,100):origin()/pre00/dbd4/th/pre/i/2019/050/7/e/boucle_unicorn_import_n258_by_tigressdesign-dd062l7.png" height="200" width="288"/>            <media:content url="https://pre00.deviantart.net/dbd4/th/pre/i/2019/050/7/e/boucle_unicorn_import_n258_by_tigressdesign-dd062l7.png" height="744" width="1073" medium="image"/>            
            <description>&lt;b&gt;Imported to &lt;span class=&quot;username-with-symbol u&quot;&gt;&lt;a class=&quot;u beta username&quot; href=&quot;https://www.deviantart.com/tsonianfieldsranch&quot;&gt;TsonianFieldsRanch&lt;/a&gt;&lt;span class=&quot;user-symbol beta&quot; data-quicktip-text=&quot;Beta Tester&quot; data-show-tooltip=&quot;1&quot; data-gruser-type=&quot;beta&quot;&gt;&lt;/span&gt;&lt;/span&gt; for D110 Archmage Reward&lt;/b&gt;&lt;br /&gt;&lt;br /&gt;&lt;b&gt;Name:&lt;/b&gt; Boof&amp;nbsp;&lt;i&gt;Can be changed&lt;/i&gt;&lt;br /&gt;&lt;b&gt;Age:&lt;/b&gt; &lt;i&gt;Decided by owner&lt;/i&gt;&lt;br /&gt;&lt;b&gt;Height:&lt;/b&gt; 18 hh&lt;br /&gt;&lt;b&gt;Breed:&lt;/b&gt; Boucle Unicorn&lt;br /&gt;&lt;b&gt;Birthstone:&lt;/b&gt; Titanite&lt;br /&gt;&lt;b&gt;Gender:&lt;/b&gt; Stallion&lt;br /&gt;&lt;b&gt;Colour:&lt;/b&gt;&amp;nbsp;Champagne Fange Fe&amp;#233;rie (Chou)&lt;br /&gt;&lt;b&gt;Genotype:&lt;/b&gt; &lt;i&gt;Ee/aa/ChCh/FgFg/nFr/(C)&lt;/i&gt;&lt;br /&gt;&lt;br /&gt;Design by &lt;span class=&quot;username-with-symbol u&quot;&gt;&lt;a class=&quot;u beta username&quot; href=&quot;https://www.deviantart.com/tsonianfieldsranch&quot;&gt;TsonianFieldsRanch&lt;/a&gt;&lt;span class=&quot;user-symbol beta&quot; data-quicktip-text=&quot;Beta Tester&quot; data-show-tooltip=&quot;1&quot; data-gruser-type=&quot;beta&quot;&gt;&lt;/span&gt;&lt;/span&gt;&lt;br /&gt;&lt;div&gt;&lt;img src=&quot;https://t00.deviantart.net/HYTqWH0hOwr3cv7ecbSBtymkL1Q=/300x200/filters:fixed_height(100,100):origin()/pre00/dbd4/th/pre/i/2019/050/7/e/boucle_unicorn_import_n258_by_tigressdesign-dd062l7.png&quot; alt=&quot;thumbnail&quot; /&gt;&lt;/div&gt;</description>            </item>
                    <item>
                <title>Carp Line Work</title>
                <link>https://chrsnorbt.deviantart.com/art/Carp-Line-Work-786362814</link>
                <guid isPermaLink="true">https://chrsnorbt.deviantart.com/art/Carp-Line-Work-786362814</guid>
                <pubDate>Tue, 19 Feb 2019 12:31:19 PST</pubDate>
                        <media:title type="plain">Carp Line Work</media:title>
        <media:keywords></media:keywords>
                        <media:rating>nonadult</media:rating>
                <media:category label="Animals">traditional/drawings/animals</media:category>
        <media:credit role="author" scheme="urn:ebu">chrsnorbt</media:credit>
        <media:credit role="author" scheme="urn:ebu">https://a.deviantart.net/avatars/c/h/chrsnorbt.jpg?3</media:credit>
        <media:copyright url="https://chrsnorbt.deviantart.com">Copyright 2019 chrsnorbt</media:copyright>            <media:description type="html"></media:description>            <media:thumbnail url="https://t00.deviantart.net/uGQ2Hr3nOPzb62GZgDuIAOpIKa0=/fit-in/150x150/filters:no_upscale():origin()/pre00/b67b/th/pre/f/2019/050/c/2/carp_line_work_by_chrsnorbt-dd06hfi.jpg" height="111" width="150"/>            <media:thumbnail url="https://t00.deviantart.net/kZQYQs0OrWL7qVj_nBOXaQyj5EE=/fit-in/300x900/filters:no_upscale():origin()/pre00/b67b/th/pre/f/2019/050/c/2/carp_line_work_by_chrsnorbt-dd06hfi.jpg" height="221" width="300"/>            <media:thumbnail url="https://t00.deviantart.net/3v8xoiUIa5RWYdvq2bXcAHNVyOY=/300x200/filters:fixed_height(100,100):origin()/pre00/b67b/th/pre/f/2019/050/c/2/carp_line_work_by_chrsnorbt-dd06hfi.jpg" height="200" width="271"/>            <media:content url="https://orig00.deviantart.net/46d9/f/2019/050/c/2/carp_line_work_by_chrsnorbt-dd06hfi.jpg" height="442" width="600" medium="image"/>            
            <description>&lt;br /&gt;&lt;div&gt;&lt;img src=&quot;https://t00.deviantart.net/3v8xoiUIa5RWYdvq2bXcAHNVyOY=/300x200/filters:fixed_height(100,100):origin()/pre00/b67b/th/pre/f/2019/050/c/2/carp_line_work_by_chrsnorbt-dd06hfi.jpg&quot; alt=&quot;thumbnail&quot; /&gt;&lt;/div&gt;</description>            </item>
                    <item>
                <title>Bioshock Wip</title>
                <link>https://manemaftw.deviantart.com/art/Bioshock-Wip-786362829</link>
                <guid isPermaLink="true">https://manemaftw.deviantart.com/art/Bioshock-Wip-786362829</guid>
                <pubDate>Tue, 19 Feb 2019 12:31:19 PST</pubDate>
                        <media:title type="plain">Bioshock Wip</media:title>
        <media:keywords></media:keywords>
                        <media:rating>nonadult</media:rating>
                <media:category label="Portraits">digitalart/paintings/people/portraits</media:category>
        <media:credit role="author" scheme="urn:ebu">ManemaFTW</media:credit>
        <media:credit role="author" scheme="urn:ebu">https://a.deviantart.net/avatars/m/a/manemaftw.jpg?5</media:credit>
        <media:copyright url="https://manemaftw.deviantart.com">Copyright 2019 ManemaFTW</media:copyright>            <media:description type="html"></media:description>            <media:thumbnail url="https://t00.deviantart.net/sQGtfYOGWy8-naw2rMnyVLor2DU=/fit-in/150x150/filters:no_upscale():origin()/pre00/79a9/th/pre/f/2019/050/0/e/bioshock_wip_by_manemaftw-dd06hfx.jpg" height="150" width="107"/>            <media:thumbnail url="https://t00.deviantart.net/vZc1fGGCK6Uw1x37dpks9x_gtjY=/fit-in/300x900/filters:no_upscale():origin()/pre00/79a9/th/pre/f/2019/050/0/e/bioshock_wip_by_manemaftw-dd06hfx.jpg" height="420" width="300"/>            <media:thumbnail url="https://t00.deviantart.net/f0z3RT0dT7YGwIwlJ6E83FFYA9Q=/300x200/filters:fixed_height(100,100):origin()/pre00/79a9/th/pre/f/2019/050/0/e/bioshock_wip_by_manemaftw-dd06hfx.jpg" height="200" width="143"/>            <media:content url="https://pre00.deviantart.net/79a9/th/pre/f/2019/050/0/e/bioshock_wip_by_manemaftw-dd06hfx.jpg" height="1058" width="755" medium="image"/>            
            <description>&lt;br /&gt;&lt;div&gt;&lt;img src=&quot;https://t00.deviantart.net/f0z3RT0dT7YGwIwlJ6E83FFYA9Q=/300x200/filters:fixed_height(100,100):origin()/pre00/79a9/th/pre/f/2019/050/0/e/bioshock_wip_by_manemaftw-dd06hfx.jpg&quot; alt=&quot;thumbnail&quot; /&gt;&lt;/div&gt;</description>            </item>
            </channel>
</rss>